
Processing Bin2_HNElEl_90.C...
[AnalysisInputs::SetMCSF] Get MC SF from /home/jskim/Documents/trilepton_13TeV/DiLepton/data/v8-0-7.32/MCSF.txt
[AnalysisInputs::SetMCSF] sample : VVV
[AnalysisInputs::SetMCSF] => MCSF = 1, MCSF_err = 0.5
[AnalysisInputs::SetMCSF] sample : WWW
[AnalysisInputs::SetMCSF] => MCSF = 1, MCSF_err = 0.5
[AnalysisInputs::SetMCSF] sample : WWZ
[AnalysisInputs::SetMCSF] => MCSF = 1, MCSF_err = 0.5
[AnalysisInputs::SetMCSF] sample : WZZ
[AnalysisInputs::SetMCSF] => MCSF = 1, MCSF_err = 0.5
[AnalysisInputs::SetMCSF] sample : ZZZ
[AnalysisInputs::SetMCSF] => MCSF = 1, MCSF_err = 0.5
[AnalysisInputs::SetMCSF] sample : ttV
[AnalysisInputs::SetMCSF] => MCSF = 1, MCSF_err = 0.5
[AnalysisInputs::SetMCSF] sample : ttW
[AnalysisInputs::SetMCSF] => MCSF = 1, MCSF_err = 0.5
[AnalysisInputs::SetMCSF] sample : ttZ
[AnalysisInputs::SetMCSF] => MCSF = 1, MCSF_err = 0.5
[AnalysisInputs::SetMCSF] sample : ttH_nonbb
[AnalysisInputs::SetMCSF] => MCSF = 1, MCSF_err = 0.5
[AnalysisInputs::SetMCSF] sample : top
[AnalysisInputs::SetMCSF] => MCSF = 1, MCSF_err = 0.5
[AnalysisInputs::SetMCSF] sample : WZTo3LNu_powheg
[AnalysisInputs::SetMCSF] => MCSF = 0.990529, MCSF_err = 0.0659614
[AnalysisInputs::SetMCSF] sample : ZGto2LG
[AnalysisInputs::SetMCSF] => MCSF = 0.779045, MCSF_err = 0.182441
[AnalysisInputs::SetMCSF] sample : ZZTo4L_powheg
[AnalysisInputs::SetMCSF] => MCSF = 0.93079, MCSF_err = 0.110885
[AnalysisInputs::SetMCSF] sample : ggZZto2e2mu
[AnalysisInputs::SetMCSF] => MCSF = 0.93079, MCSF_err = 0.110885
[AnalysisInputs::SetMCSF] sample : ggZZto2e2nu
[AnalysisInputs::SetMCSF] => MCSF = 0.93079, MCSF_err = 0.110885
[AnalysisInputs::SetMCSF] sample : ggZZto2e2tau
[AnalysisInputs::SetMCSF] => MCSF = 0.93079, MCSF_err = 0.110885
[AnalysisInputs::SetMCSF] sample : ggZZto2mu2nu
[AnalysisInputs::SetMCSF] => MCSF = 0.93079, MCSF_err = 0.110885
[AnalysisInputs::SetMCSF] sample : ggZZto2mu2tau
[AnalysisInputs::SetMCSF] => MCSF = 0.93079, MCSF_err = 0.110885
[AnalysisInputs::SetMCSF] sample : ggZZto4e
[AnalysisInputs::SetMCSF] => MCSF = 0.93079, MCSF_err = 0.110885
[AnalysisInputs::SetMCSF] sample : ggZZto4mu
[AnalysisInputs::SetMCSF] => MCSF = 0.93079, MCSF_err = 0.110885
[AnalysisInputs::SetMCSF] sample : ggZZto4tau
[AnalysisInputs::SetMCSF] => MCSF = 0.93079, MCSF_err = 0.110885
[AnalysisInputs::SetCalculatedSysts] Get Systematics from /home/jskim/Documents/trilepton_13TeV/DiLepton/data/v8-0-7.32/Syst.txt
[AnalysisInputs::SetCalculatedSysts] source : Luminosity
[AnalysisInputs::SetCalculatedSysts] => % sysematic = 0.025
[AnalysisInputs::SetCalculatedSysts] source : FakeLooseID
[AnalysisInputs::SetCalculatedSysts] => % sysematic = 0.3
[AnalysisInputs::SetCalculatedSysts] source : ChrageFlipSyst
[AnalysisInputs::SetCalculatedSysts] => % sysematic = 0.21
[CutRangeInfo::ReadCutCard] Get Cutcard from /home/jskim/Documents/trilepton_13TeV/DiLepton/data/v8-0-7.32/CutOpCard/OPTIMIZED_171021_ElEl_HighMass_Bin2/HNElEl_90.txt
prompt_tau21_syst = 0.560694
signal_tau21_syst = 0.0229467
Central	6.67833	1.84611	0.650025
_MuonEn_up	7.15742	1.84611	0.650025
_MuonEn_down	6.754	1.84611	0.650025
_MuonIDSF_up	6.7733	1.84611	0.650025
_MuonIDSF_down	6.67385	1.84611	0.650025
_ElectronEn_up	6.78791	1.84611	0.650025
_ElectronEn_down	6.70893	1.84611	0.650025
_ElectronIDSF_up	7.04531	1.84611	0.650025
_ElectronIDSF_down	6.42569	1.84611	0.650025
_TriggerSF_up	6.75956	1.84611	0.650025
_TriggerSF_down	6.75503	1.84611	0.650025
_PU_up	6.57594	1.84611	0.650025
_PU_down	6.87085	1.84611	0.650025
_JetEn_up	6.68263	1.84611	0.650025
_JetEn_down	6.70127	1.84611	0.650025
_JetRes_up	6.63464	1.84611	0.650025
_JetRes_down	6.6473	1.84611	0.650025
_Unclustered_up	6.87765	1.84611	0.650025
_Unclustered_down	6.79066	1.84611	0.650025
_BTagSFEff_up	6.68111	1.84611	0.650025
_BTagSFEff_down	6.83682	1.84611	0.650025
_BTagSFMiss_up	6.73697	1.84611	0.650025
_BTagSFMiss_down	6.72168	1.84611	0.650025
_JetMass_up	6.98488	1.84611	0.650025
_JetMass_down	6.63998	1.84611	0.650025
_JetMassRes_up	7.04879	1.84611	0.650025
_JetMassRes_down	6.81979	1.84611	0.650025

################ Sources ################
Source	SystTotal	SystPrompt	SystFake	Signal
Stat 15.86 21.00  21.07  5.43  50.11
Lumi 1.82  2.50 -  -  2.50
PDF  -  -  -  -  2.50
MuonPt  3.74 5.14  -  -  0.00
MuonID  0.73 1.01  -  -  0.00
ElectronE  0.88 1.20  -  -  0.00
ElectronID  3.43 4.72  -  -  4.63
Trigger  0.86 1.18  -  -  0.15
PU  1.68 2.31  -  -  0.55
JES  0.18 0.25  -  -  0.00
JER  0.41 0.57  -  -  0.00
Uncl  1.76 2.42  -  -  0.00
BEff  1.22 1.68  -  -  0.00
BMiss  0.56 0.77  -  -  0.00
JMS  2.38 3.27  -  -  0.00
JMR  3.06 4.20  -  -  0.00
Tau21 6.11  8.40 -  -  7.21
MCNorm 7.69  10.57 -  -  -
Fake 6.04  -  30.00 - -
CF 1.49  -  -  21.00 -
Total Systematic 13.68 16.86  30.00  21.00  5.85

Total Background	9.174
- Prompt	6.678
- Fake	1.846
- CF	0.650

####### Result #######
Signal Eff	0.000067
9.174466 1.210014
0.318385 1.509622
