
Processing HNMuMu_700.C...
[AnalysisInputs::SetMCSF] Get MC SF from /home/jskim/Documents/trilepton_13TeV/DiLepton/data/v8-0-7.36/MCSF.txt
[AnalysisInputs::SetMCSF] sample : VVV
[AnalysisInputs::SetMCSF] => MCSF = 1, MCSF_err = 0.5
[AnalysisInputs::SetMCSF] sample : WWW
[AnalysisInputs::SetMCSF] => MCSF = 1, MCSF_err = 0.5
[AnalysisInputs::SetMCSF] sample : WWZ
[AnalysisInputs::SetMCSF] => MCSF = 1, MCSF_err = 0.5
[AnalysisInputs::SetMCSF] sample : WZZ
[AnalysisInputs::SetMCSF] => MCSF = 1, MCSF_err = 0.5
[AnalysisInputs::SetMCSF] sample : ZZZ
[AnalysisInputs::SetMCSF] => MCSF = 1, MCSF_err = 0.5
[AnalysisInputs::SetMCSF] sample : ttV
[AnalysisInputs::SetMCSF] => MCSF = 1, MCSF_err = 0.5
[AnalysisInputs::SetMCSF] sample : ttW
[AnalysisInputs::SetMCSF] => MCSF = 1, MCSF_err = 0.5
[AnalysisInputs::SetMCSF] sample : ttZ
[AnalysisInputs::SetMCSF] => MCSF = 1, MCSF_err = 0.5
[AnalysisInputs::SetMCSF] sample : ttH_nonbb
[AnalysisInputs::SetMCSF] => MCSF = 1, MCSF_err = 0.5
[AnalysisInputs::SetMCSF] sample : top
[AnalysisInputs::SetMCSF] => MCSF = 1, MCSF_err = 0.5
[AnalysisInputs::SetMCSF] sample : WZTo3LNu_powheg
[AnalysisInputs::SetMCSF] => MCSF = 1.00165, MCSF_err = 0.0888561
[AnalysisInputs::SetMCSF] sample : ZGto2LG
[AnalysisInputs::SetMCSF] => MCSF = 0.794861, MCSF_err = 0.155181
[AnalysisInputs::SetMCSF] sample : ZZTo4L_powheg
[AnalysisInputs::SetMCSF] => MCSF = 0.926685, MCSF_err = 0.102827
[AnalysisInputs::SetMCSF] sample : ggZZto2e2mu
[AnalysisInputs::SetMCSF] => MCSF = 0.926685, MCSF_err = 0.102827
[AnalysisInputs::SetMCSF] sample : ggZZto2e2nu
[AnalysisInputs::SetMCSF] => MCSF = 0.926685, MCSF_err = 0.102827
[AnalysisInputs::SetMCSF] sample : ggZZto2e2tau
[AnalysisInputs::SetMCSF] => MCSF = 0.926685, MCSF_err = 0.102827
[AnalysisInputs::SetMCSF] sample : ggZZto2mu2nu
[AnalysisInputs::SetMCSF] => MCSF = 0.926685, MCSF_err = 0.102827
[AnalysisInputs::SetMCSF] sample : ggZZto2mu2tau
[AnalysisInputs::SetMCSF] => MCSF = 0.926685, MCSF_err = 0.102827
[AnalysisInputs::SetMCSF] sample : ggZZto4e
[AnalysisInputs::SetMCSF] => MCSF = 0.926685, MCSF_err = 0.102827
[AnalysisInputs::SetMCSF] sample : ggZZto4mu
[AnalysisInputs::SetMCSF] => MCSF = 0.926685, MCSF_err = 0.102827
[AnalysisInputs::SetMCSF] sample : ggZZto4tau
[AnalysisInputs::SetMCSF] => MCSF = 0.926685, MCSF_err = 0.102827
[AnalysisInputs::SetCalculatedSysts] Get Systematics from /home/jskim/Documents/trilepton_13TeV/DiLepton/data/v8-0-7.36/Syst.txt
[AnalysisInputs::SetCalculatedSysts] source : Luminosity
[AnalysisInputs::SetCalculatedSysts] => % sysematic = 0.025
[AnalysisInputs::SetCalculatedSysts] source : FakeLooseID
[AnalysisInputs::SetCalculatedSysts] => % sysematic = 0.3
[AnalysisInputs::SetCalculatedSysts] source : ChrageFlipSyst
[AnalysisInputs::SetCalculatedSysts] => % sysematic = 0.21
[CutRangeInfo::ReadCutCard] Get Cutcard from /home/jskim/Documents/trilepton_13TeV/DiLepton/data/v8-0-7.36/CutOpCard/OPTIMIZED_171107_MuMu_HighMass/HNMuMu_700.txt
prompt_tau21_syst = 0
signal_tau21_syst = 0
Central	0.693647	0	0
_MuonEn_up	0.932433	0	0
_MuonEn_down	0.710383	0	0
_MuonIDSF_up	0.721242	0	0
_MuonIDSF_down	0.667721	0	0
_ElectronEn_up	0.680698	0	0
_ElectronEn_down	0.689032	0	0
_ElectronIDSF_up	0.683334	0	0
_ElectronIDSF_down	0.694869	0	0
_TriggerSF_up	0.702865	0	0
_TriggerSF_down	0.692334	0	0
_PU_up	0.702728	0	0
_PU_down	0.680247	0	0
_JetEn_up	0.815365	0	0
_JetEn_down	0.88192	0	0
_JetRes_up	0.861157	0	0
_JetRes_down	0.705297	0	0
_Unclustered_up	0.70339	0	0
_Unclustered_down	0.718226	0	0
_BTagSFEff_up	0.692418	0	0
_BTagSFEff_down	0.69618	0	0
_BTagSFMiss_up	0.691502	0	0
_BTagSFMiss_down	0.69615	0	0
_JetMass_up	0.690667	0	0
_JetMass_down	0.692334	0	0
_JetMassRes_up	0.689999	0	0
_JetMassRes_down	0.697992	0	0

################ Sources ################
Source	SystTotal	SystPrompt	SystFake	Signal
Stat 23.75 23.75  -nan  -nan  1.55
Lumi 2.50  2.50 -  -  2.50
PDF  -  -  -  -  8.53
MuonPt  24.40 24.40  -  -  4.76
MuonID  3.86 3.86  -  -  3.41
ElectronE  1.40 1.40  -  -  0.20
ElectronID  1.06 1.06  -  -  0.01
Trigger  0.95 0.95  -  -  0.24
PU  1.65 1.65  -  -  0.53
JES  22.85 22.85  -  -  0.80
JER  17.12 17.12  -  -  0.63
Uncl  2.70 2.70  -  -  0.46
BEff  0.29 0.29  -  -  0.43
BMiss  0.34 0.34  -  -  0.63
JMS  0.33 0.33  -  -  0.25
JMR  0.58 0.58  -  -  0.25
Tau21 0.00  0.00 -  -  0.00
MCNorm 15.15  15.15 -  -  -
Fake 0.00  -  -nan - -
CF 0.00  -  -  -nan -
Total Systematic 40.94 40.94  -nan  -nan  10.75

Total Background	0.694
- Prompt	0.694
- Fake	0.000
- CF	0.000

####### Result #######
Signal Eff	0.098433
0.693647 1.473295
0.085590 1.108639
