
Processing HNElEl_80.C...
[AnalysisInputs::SetMCSF] Get MC SF from /home/jskim/Documents/trilepton_13TeV/DiLepton/data/v8-0-7.32/MCSF.txt
[AnalysisInputs::SetMCSF] sample : VVV
[AnalysisInputs::SetMCSF] => MCSF = 1, MCSF_err = 0.5
[AnalysisInputs::SetMCSF] sample : WWW
[AnalysisInputs::SetMCSF] => MCSF = 1, MCSF_err = 0.5
[AnalysisInputs::SetMCSF] sample : WWZ
[AnalysisInputs::SetMCSF] => MCSF = 1, MCSF_err = 0.5
[AnalysisInputs::SetMCSF] sample : WZZ
[AnalysisInputs::SetMCSF] => MCSF = 1, MCSF_err = 0.5
[AnalysisInputs::SetMCSF] sample : ZZZ
[AnalysisInputs::SetMCSF] => MCSF = 1, MCSF_err = 0.5
[AnalysisInputs::SetMCSF] sample : ttV
[AnalysisInputs::SetMCSF] => MCSF = 1, MCSF_err = 0.5
[AnalysisInputs::SetMCSF] sample : ttW
[AnalysisInputs::SetMCSF] => MCSF = 1, MCSF_err = 0.5
[AnalysisInputs::SetMCSF] sample : ttZ
[AnalysisInputs::SetMCSF] => MCSF = 1, MCSF_err = 0.5
[AnalysisInputs::SetMCSF] sample : ttH_nonbb
[AnalysisInputs::SetMCSF] => MCSF = 1, MCSF_err = 0.5
[AnalysisInputs::SetMCSF] sample : top
[AnalysisInputs::SetMCSF] => MCSF = 1, MCSF_err = 0.5
[AnalysisInputs::SetMCSF] sample : WZTo3LNu_powheg
[AnalysisInputs::SetMCSF] => MCSF = 0.988021, MCSF_err = 0.0652167
[AnalysisInputs::SetMCSF] sample : ZGto2LG
[AnalysisInputs::SetMCSF] => MCSF = 0.83069, MCSF_err = 0.174719
[AnalysisInputs::SetMCSF] sample : ZZTo4L_powheg
[AnalysisInputs::SetMCSF] => MCSF = 0.94117, MCSF_err = 0.105665
[AnalysisInputs::SetMCSF] sample : ggZZto2e2mu
[AnalysisInputs::SetMCSF] => MCSF = 0.94117, MCSF_err = 0.105665
[AnalysisInputs::SetMCSF] sample : ggZZto2e2nu
[AnalysisInputs::SetMCSF] => MCSF = 0.94117, MCSF_err = 0.105665
[AnalysisInputs::SetMCSF] sample : ggZZto2e2tau
[AnalysisInputs::SetMCSF] => MCSF = 0.94117, MCSF_err = 0.105665
[AnalysisInputs::SetMCSF] sample : ggZZto2mu2nu
[AnalysisInputs::SetMCSF] => MCSF = 0.94117, MCSF_err = 0.105665
[AnalysisInputs::SetMCSF] sample : ggZZto2mu2tau
[AnalysisInputs::SetMCSF] => MCSF = 0.94117, MCSF_err = 0.105665
[AnalysisInputs::SetMCSF] sample : ggZZto4e
[AnalysisInputs::SetMCSF] => MCSF = 0.94117, MCSF_err = 0.105665
[AnalysisInputs::SetMCSF] sample : ggZZto4mu
[AnalysisInputs::SetMCSF] => MCSF = 0.94117, MCSF_err = 0.105665
[AnalysisInputs::SetMCSF] sample : ggZZto4tau
[AnalysisInputs::SetMCSF] => MCSF = 0.94117, MCSF_err = 0.105665
[AnalysisInputs::SetCalculatedSysts] Get Systematics from /home/jskim/Documents/trilepton_13TeV/DiLepton/data/v8-0-7.32/Syst.txt
[AnalysisInputs::SetCalculatedSysts] source : Luminosity
[AnalysisInputs::SetCalculatedSysts] => % sysematic = 0.025
[AnalysisInputs::SetCalculatedSysts] source : FakeLooseID
[AnalysisInputs::SetCalculatedSysts] => % sysematic = 0.3
[AnalysisInputs::SetCalculatedSysts] source : ChrageFlipSyst
[AnalysisInputs::SetCalculatedSysts] => % sysematic = 0.21
[CutRangeInfo::ReadCutCard] Get Cutcard from /home/jskim/Documents/trilepton_13TeV/DiLepton/data/v8-0-7.32/CutOpCard/UseNonSkim/OPTIMIZED_171021_ElEl_LowMass/HNElEl_80.txt
Central	16.2501	18.6221	1.64848
_MuonEn_up	16.2955	18.6221	1.64848
_MuonEn_down	16.3115	18.6221	1.64848
_MuonIDSF_up	16.2998	18.6221	1.64848
_MuonIDSF_down	16.267	18.6221	1.64848
_ElectronEn_up	16.1077	18.6221	1.64848
_ElectronEn_down	16.7917	18.6221	1.64848
_ElectronIDSF_up	16.6471	18.6221	1.64848
_ElectronIDSF_down	16.0996	18.6221	1.64848
_TriggerSF_up	16.2542	18.6221	1.64848
_TriggerSF_down	15.9933	18.6221	1.64848
_PU_up	15.719	18.6221	1.64848
_PU_down	17.0258	18.6221	1.64848
_JetEn_up	17.5791	18.6221	1.64848
_JetEn_down	17.7768	18.6221	1.64848
_JetRes_up	16.2697	18.6221	1.64848
_JetRes_down	16.9103	18.6221	1.64848
_Unclustered_up	17.5897	18.6221	1.64848
_Unclustered_down	19.1654	18.6221	1.64848
_BTagSFEff_up	16.2064	18.6221	1.64848
_BTagSFEff_down	16.2739	18.6221	1.64848
_BTagSFMiss_up	16.1653	18.6221	1.64848
_BTagSFMiss_down	16.4476	18.6221	1.64848
_JetMass_up	16.376	18.6221	1.64848
_JetMass_down	16.3146	18.6221	1.64848
_JetMassRes_up	16.2881	18.6221	1.64848
_JetMassRes_down	16.2914	18.6221	1.64848

################ Sources ################
Source	SystTotal	SystPrompt	SystFake	Signal
Stat 11.72 24.77  7.79  1.00  6.17
Lumi 1.11  2.50 -  -  2.50
PDF  -  -  -  -  8.96
MuonPt  0.15 0.33  -  -  2.62
MuonID  0.10 0.23  -  -  1.12
ElectronE  1.08 2.44  -  -  0.95
ElectronID  0.82 1.85  -  -  1.73
Trigger  0.50 1.12  -  -  1.46
PU  1.82 4.09  -  -  4.45
JES  3.92 8.81  -  -  6.54
JER  1.28 2.87  -  -  1.00
Uncl  6.21 13.96  -  -  1.87
BEff  0.10 0.22  -  -  0.17
BMiss  0.42 0.94  -  -  0.97
JMS  0.27 0.62  -  -  1.62
JMR  0.11 0.24  -  -  1.29
MCNorm 1.44  3.25 -  -  -
Fake 15.30  -  30.00 - -
CF 0.95  -  -  21.00 -
Total Systematic 17.28 18.07  30.00  21.00  13.15

Total Background	36.521
- Prompt	16.250
- Fake	18.622
- CF	1.648

####### Result #######
Signal Eff	0.004413
36.520710 1.209
167.962 1.145
