
Processing Bin2_HNMuMu_125.C...
[AnalysisInputs::SetMCSF] Get MC SF from /home/jskim/Documents/trilepton_13TeV/DiLepton/data/v8-0-7.32/MCSF.txt
[AnalysisInputs::SetMCSF] sample : VVV
[AnalysisInputs::SetMCSF] => MCSF = 1, MCSF_err = 0.5
[AnalysisInputs::SetMCSF] sample : WWW
[AnalysisInputs::SetMCSF] => MCSF = 1, MCSF_err = 0.5
[AnalysisInputs::SetMCSF] sample : WWZ
[AnalysisInputs::SetMCSF] => MCSF = 1, MCSF_err = 0.5
[AnalysisInputs::SetMCSF] sample : WZZ
[AnalysisInputs::SetMCSF] => MCSF = 1, MCSF_err = 0.5
[AnalysisInputs::SetMCSF] sample : ZZZ
[AnalysisInputs::SetMCSF] => MCSF = 1, MCSF_err = 0.5
[AnalysisInputs::SetMCSF] sample : ttV
[AnalysisInputs::SetMCSF] => MCSF = 1, MCSF_err = 0.5
[AnalysisInputs::SetMCSF] sample : ttW
[AnalysisInputs::SetMCSF] => MCSF = 1, MCSF_err = 0.5
[AnalysisInputs::SetMCSF] sample : ttZ
[AnalysisInputs::SetMCSF] => MCSF = 1, MCSF_err = 0.5
[AnalysisInputs::SetMCSF] sample : ttH_nonbb
[AnalysisInputs::SetMCSF] => MCSF = 1, MCSF_err = 0.5
[AnalysisInputs::SetMCSF] sample : top
[AnalysisInputs::SetMCSF] => MCSF = 1, MCSF_err = 0.5
[AnalysisInputs::SetMCSF] sample : WZTo3LNu_powheg
[AnalysisInputs::SetMCSF] => MCSF = 0.988021, MCSF_err = 0.0652167
[AnalysisInputs::SetMCSF] sample : ZGto2LG
[AnalysisInputs::SetMCSF] => MCSF = 0.83069, MCSF_err = 0.174719
[AnalysisInputs::SetMCSF] sample : ZZTo4L_powheg
[AnalysisInputs::SetMCSF] => MCSF = 0.94117, MCSF_err = 0.105665
[AnalysisInputs::SetMCSF] sample : ggZZto2e2mu
[AnalysisInputs::SetMCSF] => MCSF = 0.94117, MCSF_err = 0.105665
[AnalysisInputs::SetMCSF] sample : ggZZto2e2nu
[AnalysisInputs::SetMCSF] => MCSF = 0.94117, MCSF_err = 0.105665
[AnalysisInputs::SetMCSF] sample : ggZZto2e2tau
[AnalysisInputs::SetMCSF] => MCSF = 0.94117, MCSF_err = 0.105665
[AnalysisInputs::SetMCSF] sample : ggZZto2mu2nu
[AnalysisInputs::SetMCSF] => MCSF = 0.94117, MCSF_err = 0.105665
[AnalysisInputs::SetMCSF] sample : ggZZto2mu2tau
[AnalysisInputs::SetMCSF] => MCSF = 0.94117, MCSF_err = 0.105665
[AnalysisInputs::SetMCSF] sample : ggZZto4e
[AnalysisInputs::SetMCSF] => MCSF = 0.94117, MCSF_err = 0.105665
[AnalysisInputs::SetMCSF] sample : ggZZto4mu
[AnalysisInputs::SetMCSF] => MCSF = 0.94117, MCSF_err = 0.105665
[AnalysisInputs::SetMCSF] sample : ggZZto4tau
[AnalysisInputs::SetMCSF] => MCSF = 0.94117, MCSF_err = 0.105665
[AnalysisInputs::SetCalculatedSysts] Get Systematics from /home/jskim/Documents/trilepton_13TeV/DiLepton/data/v8-0-7.32/Syst.txt
[AnalysisInputs::SetCalculatedSysts] source : Luminosity
[AnalysisInputs::SetCalculatedSysts] => % sysematic = 0.025
[AnalysisInputs::SetCalculatedSysts] source : FakeLooseID
[AnalysisInputs::SetCalculatedSysts] => % sysematic = 0.3
[AnalysisInputs::SetCalculatedSysts] source : ChrageFlipSyst
[AnalysisInputs::SetCalculatedSysts] => % sysematic = 0.21
[CutRangeInfo::ReadCutCard] Get Cutcard from /home/jskim/Documents/trilepton_13TeV/DiLepton/data/v8-0-7.32/CutOpCard/UseNonSkim/OPTIMIZED_171021_MuMu_HighMass_Bin2/HNMuMu_125.txt
Central	12.4307	2.48081	0
_MuonEn_up	12.4245	2.48081	0
_MuonEn_down	12.4845	2.48081	0
_MuonIDSF_up	12.5101	2.48081	0
_MuonIDSF_down	12.3522	2.48081	0
_ElectronEn_up	12.5725	2.48081	0
_ElectronEn_down	12.4308	2.48081	0
_ElectronIDSF_up	12.3479	2.48081	0
_ElectronIDSF_down	12.4535	2.48081	0
_TriggerSF_up	12.5418	2.48081	0
_TriggerSF_down	12.4631	2.48081	0
_PU_up	11.9864	2.48081	0
_PU_down	12.8737	2.48081	0
_JetEn_up	12.3515	2.48081	0
_JetEn_down	12.4351	2.48081	0
_JetRes_up	12.5165	2.48081	0
_JetRes_down	12.4575	2.48081	0
_Unclustered_up	12.4273	2.48081	0
_Unclustered_down	12.6051	2.48081	0
_BTagSFEff_up	12.2316	2.48081	0
_BTagSFEff_down	12.5685	2.48081	0
_BTagSFMiss_up	12.4087	2.48081	0
_BTagSFMiss_down	12.5687	2.48081	0
_JetMass_up	12.4239	2.48081	0
_JetMass_down	12.4607	2.48081	0
_JetMassRes_up	12.582	2.48081	0
_JetMassRes_down	12.3012	2.48081	0

################ Sources ################
Source	SystTotal	SystPrompt	SystFake	Signal
Stat 13.19 15.32  19.68  -nan  10.88
Lumi 2.08  2.50 -  -  2.50
PDF  -  -  -  -  3.00
MuonPt  0.26 0.31  -  -  2.62
MuonID  0.53 0.64  -  -  1.07
ElectronE  0.67 0.81  -  -  1.10
ElectronID  0.41 0.49  -  -  1.17
Trigger  0.55 0.66  -  -  1.29
PU  2.97 3.57  -  -  1.34
JES  0.38 0.45  -  -  1.96
JER  0.43 0.51  -  -  1.16
Uncl  0.83 0.99  -  -  0.95
BEff  1.15 1.38  -  -  0.00
BMiss  0.66 0.79  -  -  1.37
JMS  0.15 0.17  -  -  2.13
JMR  0.94 1.13  -  -  1.17
MCNorm 15.76  18.90 -  -  -
Fake 4.99  -  30.00 - -
CF 0.00  -  -  -nan -
Total Systematic 17.07 19.58  30.00  -nan  6.57

Total Background	14.912
- Prompt	12.431
- Fake	2.481
- CF	0.000

####### Result #######
Signal Eff	0.001943
14.911529 1.216
1.465 1.127
