
Processing Bin2_HNMuMu_500.C...
[AnalysisInputs::SetMCSF] Get MC SF from /home/jskim/Documents/trilepton_13TeV/DiLepton/data/v8-0-7.32/MCSF.txt
[AnalysisInputs::SetMCSF] sample : VVV
[AnalysisInputs::SetMCSF] => MCSF = 1, MCSF_err = 0.5
[AnalysisInputs::SetMCSF] sample : WWW
[AnalysisInputs::SetMCSF] => MCSF = 1, MCSF_err = 0.5
[AnalysisInputs::SetMCSF] sample : WWZ
[AnalysisInputs::SetMCSF] => MCSF = 1, MCSF_err = 0.5
[AnalysisInputs::SetMCSF] sample : WZZ
[AnalysisInputs::SetMCSF] => MCSF = 1, MCSF_err = 0.5
[AnalysisInputs::SetMCSF] sample : ZZZ
[AnalysisInputs::SetMCSF] => MCSF = 1, MCSF_err = 0.5
[AnalysisInputs::SetMCSF] sample : ttV
[AnalysisInputs::SetMCSF] => MCSF = 1, MCSF_err = 0.5
[AnalysisInputs::SetMCSF] sample : ttW
[AnalysisInputs::SetMCSF] => MCSF = 1, MCSF_err = 0.5
[AnalysisInputs::SetMCSF] sample : ttZ
[AnalysisInputs::SetMCSF] => MCSF = 1, MCSF_err = 0.5
[AnalysisInputs::SetMCSF] sample : ttH_nonbb
[AnalysisInputs::SetMCSF] => MCSF = 1, MCSF_err = 0.5
[AnalysisInputs::SetMCSF] sample : top
[AnalysisInputs::SetMCSF] => MCSF = 1, MCSF_err = 0.5
[AnalysisInputs::SetMCSF] sample : WZTo3LNu_powheg
[AnalysisInputs::SetMCSF] => MCSF = 0.988021, MCSF_err = 0.0652167
[AnalysisInputs::SetMCSF] sample : ZGto2LG
[AnalysisInputs::SetMCSF] => MCSF = 0.83069, MCSF_err = 0.174719
[AnalysisInputs::SetMCSF] sample : ZZTo4L_powheg
[AnalysisInputs::SetMCSF] => MCSF = 0.94117, MCSF_err = 0.105665
[AnalysisInputs::SetMCSF] sample : ggZZto2e2mu
[AnalysisInputs::SetMCSF] => MCSF = 0.94117, MCSF_err = 0.105665
[AnalysisInputs::SetMCSF] sample : ggZZto2e2nu
[AnalysisInputs::SetMCSF] => MCSF = 0.94117, MCSF_err = 0.105665
[AnalysisInputs::SetMCSF] sample : ggZZto2e2tau
[AnalysisInputs::SetMCSF] => MCSF = 0.94117, MCSF_err = 0.105665
[AnalysisInputs::SetMCSF] sample : ggZZto2mu2nu
[AnalysisInputs::SetMCSF] => MCSF = 0.94117, MCSF_err = 0.105665
[AnalysisInputs::SetMCSF] sample : ggZZto2mu2tau
[AnalysisInputs::SetMCSF] => MCSF = 0.94117, MCSF_err = 0.105665
[AnalysisInputs::SetMCSF] sample : ggZZto4e
[AnalysisInputs::SetMCSF] => MCSF = 0.94117, MCSF_err = 0.105665
[AnalysisInputs::SetMCSF] sample : ggZZto4mu
[AnalysisInputs::SetMCSF] => MCSF = 0.94117, MCSF_err = 0.105665
[AnalysisInputs::SetMCSF] sample : ggZZto4tau
[AnalysisInputs::SetMCSF] => MCSF = 0.94117, MCSF_err = 0.105665
[AnalysisInputs::SetCalculatedSysts] Get Systematics from /home/jskim/Documents/trilepton_13TeV/DiLepton/data/v8-0-7.32/Syst.txt
[AnalysisInputs::SetCalculatedSysts] source : Luminosity
[AnalysisInputs::SetCalculatedSysts] => % sysematic = 0.025
[AnalysisInputs::SetCalculatedSysts] source : FakeLooseID
[AnalysisInputs::SetCalculatedSysts] => % sysematic = 0.3
[AnalysisInputs::SetCalculatedSysts] source : ChrageFlipSyst
[AnalysisInputs::SetCalculatedSysts] => % sysematic = 0.21
[CutRangeInfo::ReadCutCard] Get Cutcard from /home/jskim/Documents/trilepton_13TeV/DiLepton/data/v8-0-7.32/CutOpCard/UseNonSkim/OPTIMIZED_171021_MuMu_HighMass_Bin2/HNMuMu_500.txt
Central	1.74533	0.0609104	0
_MuonEn_up	2.13048	0.0609104	0
_MuonEn_down	1.7065	0.0609104	0
_MuonIDSF_up	1.81727	0.0609104	0
_MuonIDSF_down	1.81716	0.0609104	0
_ElectronEn_up	1.80982	0.0609104	0
_ElectronEn_down	1.80859	0.0609104	0
_ElectronIDSF_up	1.71832	0.0609104	0
_ElectronIDSF_down	1.8162	0.0609104	0
_TriggerSF_up	1.81145	0.0609104	0
_TriggerSF_down	1.8204	0.0609104	0
_PU_up	1.81036	0.0609104	0
_PU_down	1.78945	0.0609104	0
_JetEn_up	1.85906	0.0609104	0
_JetEn_down	1.79798	0.0609104	0
_JetRes_up	1.7781	0.0609104	0
_JetRes_down	1.82623	0.0609104	0
_Unclustered_up	1.80461	0.0609104	0
_Unclustered_down	1.82059	0.0609104	0
_BTagSFEff_up	1.8152	0.0609104	0
_BTagSFEff_down	1.81764	0.0609104	0
_BTagSFMiss_up	1.7682	0.0609104	0
_BTagSFMiss_down	1.81433	0.0609104	0
_JetMass_up	1.81999	0.0609104	0
_JetMass_down	1.81366	0.0609104	0
_JetMassRes_up	1.81531	0.0609104	0
_JetMassRes_down	1.79883	0.0609104	0

################ Sources ################
Source	SystTotal	SystPrompt	SystFake	Signal
Stat 15.03 15.16  100.03  -nan  1.07
Lumi 2.42  2.50 -  -  2.50
PDF  -  -  -  -  3.00
MuonPt  15.15 15.68  -  -  1.87
MuonID  3.98 4.12  -  -  0.15
ElectronE  3.54 3.66  -  -  0.07
ElectronID  2.97 3.07  -  -  0.19
Trigger  3.92 4.05  -  -  0.02
PU  3.08 3.18  -  -  0.77
JES  4.91 5.08  -  -  0.07
JER  3.42 3.54  -  -  0.06
Uncl  3.75 3.88  -  -  0.14
BEff  3.94 4.07  -  -  0.36
BMiss  2.85 2.95  -  -  0.78
JMS  3.96 4.10  -  -  0.09
JMR  3.45 3.57  -  -  0.25
MCNorm 19.70  20.38 -  -  -
Fake 1.01  -  30.00 - -
CF 0.00  -  -  -nan -
Total Systematic 28.06 29.02  30.00  -nan  4.50

Total Background	1.806
- Prompt	1.745
- Fake	0.061
- CF	0.000

####### Result #######
Signal Eff	0.244512
1.806242 1.318
0.808 1.046
