
Processing Bin2_HNMuMu_150.C...
[AnalysisInputs::SetMCSF] Get MC SF from /home/jskim/Documents/trilepton_13TeV/DiLepton/data/v8-0-7.32/MCSF.txt
[AnalysisInputs::SetMCSF] sample : VVV
[AnalysisInputs::SetMCSF] => MCSF = 1, MCSF_err = 0.5
[AnalysisInputs::SetMCSF] sample : WWW
[AnalysisInputs::SetMCSF] => MCSF = 1, MCSF_err = 0.5
[AnalysisInputs::SetMCSF] sample : WWZ
[AnalysisInputs::SetMCSF] => MCSF = 1, MCSF_err = 0.5
[AnalysisInputs::SetMCSF] sample : WZZ
[AnalysisInputs::SetMCSF] => MCSF = 1, MCSF_err = 0.5
[AnalysisInputs::SetMCSF] sample : ZZZ
[AnalysisInputs::SetMCSF] => MCSF = 1, MCSF_err = 0.5
[AnalysisInputs::SetMCSF] sample : ttV
[AnalysisInputs::SetMCSF] => MCSF = 1, MCSF_err = 0.5
[AnalysisInputs::SetMCSF] sample : ttW
[AnalysisInputs::SetMCSF] => MCSF = 1, MCSF_err = 0.5
[AnalysisInputs::SetMCSF] sample : ttZ
[AnalysisInputs::SetMCSF] => MCSF = 1, MCSF_err = 0.5
[AnalysisInputs::SetMCSF] sample : ttH_nonbb
[AnalysisInputs::SetMCSF] => MCSF = 1, MCSF_err = 0.5
[AnalysisInputs::SetMCSF] sample : top
[AnalysisInputs::SetMCSF] => MCSF = 1, MCSF_err = 0.5
[AnalysisInputs::SetMCSF] sample : WZTo3LNu_powheg
[AnalysisInputs::SetMCSF] => MCSF = 0.988021, MCSF_err = 0.0652167
[AnalysisInputs::SetMCSF] sample : ZGto2LG
[AnalysisInputs::SetMCSF] => MCSF = 0.83069, MCSF_err = 0.174719
[AnalysisInputs::SetMCSF] sample : ZZTo4L_powheg
[AnalysisInputs::SetMCSF] => MCSF = 0.94117, MCSF_err = 0.105665
[AnalysisInputs::SetMCSF] sample : ggZZto2e2mu
[AnalysisInputs::SetMCSF] => MCSF = 0.94117, MCSF_err = 0.105665
[AnalysisInputs::SetMCSF] sample : ggZZto2e2nu
[AnalysisInputs::SetMCSF] => MCSF = 0.94117, MCSF_err = 0.105665
[AnalysisInputs::SetMCSF] sample : ggZZto2e2tau
[AnalysisInputs::SetMCSF] => MCSF = 0.94117, MCSF_err = 0.105665
[AnalysisInputs::SetMCSF] sample : ggZZto2mu2nu
[AnalysisInputs::SetMCSF] => MCSF = 0.94117, MCSF_err = 0.105665
[AnalysisInputs::SetMCSF] sample : ggZZto2mu2tau
[AnalysisInputs::SetMCSF] => MCSF = 0.94117, MCSF_err = 0.105665
[AnalysisInputs::SetMCSF] sample : ggZZto4e
[AnalysisInputs::SetMCSF] => MCSF = 0.94117, MCSF_err = 0.105665
[AnalysisInputs::SetMCSF] sample : ggZZto4mu
[AnalysisInputs::SetMCSF] => MCSF = 0.94117, MCSF_err = 0.105665
[AnalysisInputs::SetMCSF] sample : ggZZto4tau
[AnalysisInputs::SetMCSF] => MCSF = 0.94117, MCSF_err = 0.105665
[AnalysisInputs::SetCalculatedSysts] Get Systematics from /home/jskim/Documents/trilepton_13TeV/DiLepton/data/v8-0-7.32/Syst.txt
[AnalysisInputs::SetCalculatedSysts] source : Luminosity
[AnalysisInputs::SetCalculatedSysts] => % sysematic = 0.025
[AnalysisInputs::SetCalculatedSysts] source : FakeLooseID
[AnalysisInputs::SetCalculatedSysts] => % sysematic = 0.3
[AnalysisInputs::SetCalculatedSysts] source : ChrageFlipSyst
[AnalysisInputs::SetCalculatedSysts] => % sysematic = 0.21
[CutRangeInfo::ReadCutCard] Get Cutcard from /home/jskim/Documents/trilepton_13TeV/DiLepton/data/v8-0-7.32/CutOpCard/UseNonSkim/OPTIMIZED_171021_MuMu_HighMass_Bin2/HNMuMu_150.txt
Central	12.7132	2.15426	0
_MuonEn_up	12.7122	2.15426	0
_MuonEn_down	12.7972	2.15426	0
_MuonIDSF_up	12.8183	2.15426	0
_MuonIDSF_down	12.6721	2.15426	0
_ElectronEn_up	12.8905	2.15426	0
_ElectronEn_down	12.7664	2.15426	0
_ElectronIDSF_up	12.6367	2.15426	0
_ElectronIDSF_down	12.7821	2.15426	0
_TriggerSF_up	12.8105	2.15426	0
_TriggerSF_down	12.7445	2.15426	0
_PU_up	12.3901	2.15426	0
_PU_down	13.1004	2.15426	0
_JetEn_up	12.6824	2.15426	0
_JetEn_down	12.76	2.15426	0
_JetRes_up	12.8523	2.15426	0
_JetRes_down	12.779	2.15426	0
_Unclustered_up	12.7468	2.15426	0
_Unclustered_down	12.8785	2.15426	0
_BTagSFEff_up	12.5703	2.15426	0
_BTagSFEff_down	12.8863	2.15426	0
_BTagSFMiss_up	12.7447	2.15426	0
_BTagSFMiss_down	12.8376	2.15426	0
_JetMass_up	12.7493	2.15426	0
_JetMass_down	12.7805	2.15426	0
_JetMassRes_up	12.9051	2.15426	0
_JetMassRes_down	12.6208	2.15426	0

################ Sources ################
Source	SystTotal	SystPrompt	SystFake	Signal
Stat 11.34 12.75  21.36  -nan  5.89
Lumi 2.14  2.50 -  -  2.50
PDF  -  -  -  -  3.00
MuonPt  0.40 0.47  -  -  1.01
MuonID  0.54 0.63  -  -  0.52
ElectronE  0.88 1.03  -  -  0.63
ElectronID  0.49 0.57  -  -  0.30
Trigger  0.49 0.57  -  -  1.00
PU  2.40 2.80  -  -  1.15
JES  0.27 0.31  -  -  0.50
JER  0.73 0.86  -  -  0.33
Uncl  0.80 0.94  -  -  0.87
BEff  1.07 1.25  -  -  0.31
BMiss  0.61 0.71  -  -  0.97
JMS  0.36 0.42  -  -  1.25
JMR  1.01 1.18  -  -  1.30
MCNorm 14.92  17.44 -  -  -
Fake 4.35  -  30.00 - -
CF 0.00  -  -  -nan -
Total Systematic 16.04 18.06  30.00  -nan  4.98

Total Background	14.867
- Prompt	12.713
- Fake	2.154
- CF	0.000

####### Result #######
Signal Eff	0.006292
14.867455 1.196
2.315 1.077
