
Processing Bin2_HNMuMu_400.C...
[AnalysisInputs::SetMCSF] Get MC SF from /home/jskim/Documents/trilepton_13TeV/DiLepton/data/v8-0-7.32/MCSF.txt
[AnalysisInputs::SetMCSF] sample : VVV
[AnalysisInputs::SetMCSF] => MCSF = 1, MCSF_err = 0.5
[AnalysisInputs::SetMCSF] sample : WWW
[AnalysisInputs::SetMCSF] => MCSF = 1, MCSF_err = 0.5
[AnalysisInputs::SetMCSF] sample : WWZ
[AnalysisInputs::SetMCSF] => MCSF = 1, MCSF_err = 0.5
[AnalysisInputs::SetMCSF] sample : WZZ
[AnalysisInputs::SetMCSF] => MCSF = 1, MCSF_err = 0.5
[AnalysisInputs::SetMCSF] sample : ZZZ
[AnalysisInputs::SetMCSF] => MCSF = 1, MCSF_err = 0.5
[AnalysisInputs::SetMCSF] sample : ttV
[AnalysisInputs::SetMCSF] => MCSF = 1, MCSF_err = 0.5
[AnalysisInputs::SetMCSF] sample : ttW
[AnalysisInputs::SetMCSF] => MCSF = 1, MCSF_err = 0.5
[AnalysisInputs::SetMCSF] sample : ttZ
[AnalysisInputs::SetMCSF] => MCSF = 1, MCSF_err = 0.5
[AnalysisInputs::SetMCSF] sample : ttH_nonbb
[AnalysisInputs::SetMCSF] => MCSF = 1, MCSF_err = 0.5
[AnalysisInputs::SetMCSF] sample : top
[AnalysisInputs::SetMCSF] => MCSF = 1, MCSF_err = 0.5
[AnalysisInputs::SetMCSF] sample : WZTo3LNu_powheg
[AnalysisInputs::SetMCSF] => MCSF = 0.988021, MCSF_err = 0.0652167
[AnalysisInputs::SetMCSF] sample : ZGto2LG
[AnalysisInputs::SetMCSF] => MCSF = 0.83069, MCSF_err = 0.174719
[AnalysisInputs::SetMCSF] sample : ZZTo4L_powheg
[AnalysisInputs::SetMCSF] => MCSF = 0.94117, MCSF_err = 0.105665
[AnalysisInputs::SetMCSF] sample : ggZZto2e2mu
[AnalysisInputs::SetMCSF] => MCSF = 0.94117, MCSF_err = 0.105665
[AnalysisInputs::SetMCSF] sample : ggZZto2e2nu
[AnalysisInputs::SetMCSF] => MCSF = 0.94117, MCSF_err = 0.105665
[AnalysisInputs::SetMCSF] sample : ggZZto2e2tau
[AnalysisInputs::SetMCSF] => MCSF = 0.94117, MCSF_err = 0.105665
[AnalysisInputs::SetMCSF] sample : ggZZto2mu2nu
[AnalysisInputs::SetMCSF] => MCSF = 0.94117, MCSF_err = 0.105665
[AnalysisInputs::SetMCSF] sample : ggZZto2mu2tau
[AnalysisInputs::SetMCSF] => MCSF = 0.94117, MCSF_err = 0.105665
[AnalysisInputs::SetMCSF] sample : ggZZto4e
[AnalysisInputs::SetMCSF] => MCSF = 0.94117, MCSF_err = 0.105665
[AnalysisInputs::SetMCSF] sample : ggZZto4mu
[AnalysisInputs::SetMCSF] => MCSF = 0.94117, MCSF_err = 0.105665
[AnalysisInputs::SetMCSF] sample : ggZZto4tau
[AnalysisInputs::SetMCSF] => MCSF = 0.94117, MCSF_err = 0.105665
[AnalysisInputs::SetCalculatedSysts] Get Systematics from /home/jskim/Documents/trilepton_13TeV/DiLepton/data/v8-0-7.32/Syst.txt
[AnalysisInputs::SetCalculatedSysts] source : Luminosity
[AnalysisInputs::SetCalculatedSysts] => % sysematic = 0.025
[AnalysisInputs::SetCalculatedSysts] source : FakeLooseID
[AnalysisInputs::SetCalculatedSysts] => % sysematic = 0.3
[AnalysisInputs::SetCalculatedSysts] source : ChrageFlipSyst
[AnalysisInputs::SetCalculatedSysts] => % sysematic = 0.21
[CutRangeInfo::ReadCutCard] Get Cutcard from /home/jskim/Documents/trilepton_13TeV/DiLepton/data/v8-0-7.32/CutOpCard/UseNonSkim/OPTIMIZED_171021_MuMu_HighMass_Bin2/HNMuMu_400.txt
Central	2.07887	0.0609104	0
_MuonEn_up	2.43188	0.0609104	0
_MuonEn_down	2.04195	0.0609104	0
_MuonIDSF_up	2.15806	0.0609104	0
_MuonIDSF_down	2.14614	0.0609104	0
_ElectronEn_up	2.14774	0.0609104	0
_ElectronEn_down	2.13999	0.0609104	0
_ElectronIDSF_up	2.07052	0.0609104	0
_ElectronIDSF_down	2.1549	0.0609104	0
_TriggerSF_up	2.1452	0.0609104	0
_TriggerSF_down	2.16101	0.0609104	0
_PU_up	2.13584	0.0609104	0
_PU_down	2.14051	0.0609104	0
_JetEn_up	2.10032	0.0609104	0
_JetEn_down	2.1357	0.0609104	0
_JetRes_up	2.11897	0.0609104	0
_JetRes_down	2.16177	0.0609104	0
_Unclustered_up	2.13915	0.0609104	0
_Unclustered_down	2.15515	0.0609104	0
_BTagSFEff_up	2.14667	0.0609104	0
_BTagSFEff_down	2.16449	0.0609104	0
_BTagSFMiss_up	2.10417	0.0609104	0
_BTagSFMiss_down	2.14581	0.0609104	0
_JetMass_up	2.11554	0.0609104	0
_JetMass_down	2.15613	0.0609104	0
_JetMassRes_up	2.14871	0.0609104	0
_JetMassRes_down	2.11199	0.0609104	0

################ Sources ################
Source	SystTotal	SystPrompt	SystFake	Signal
Stat 14.04 14.15  100.03  -nan  1.22
Lumi 2.43  2.50 -  -  2.50
PDF  -  -  -  -  3.00
MuonPt  11.73 12.07  -  -  4.37
MuonID  3.43 3.53  -  -  0.06
ElectronE  3.04 3.13  -  -  0.08
ElectronID  2.53 2.60  -  -  0.09
Trigger  3.49 3.59  -  -  0.09
PU  2.77 2.85  -  -  0.82
JES  2.01 2.07  -  -  0.17
JER  3.04 3.13  -  -  0.14
Uncl  3.21 3.31  -  -  0.03
BEff  3.61 3.71  -  -  0.26
BMiss  2.36 2.43  -  -  0.47
JMS  2.83 2.91  -  -  0.19
JMR  2.55 2.63  -  -  0.21
MCNorm 20.44  21.04 -  -  -
Fake 0.85  -  30.00 - -
CF 0.00  -  -  -nan -
Total Systematic 25.81 26.55  30.00  -nan  5.96

Total Background	2.140
- Prompt	2.079
- Fake	0.061
- CF	0.000

####### Result #######
Signal Eff	0.156181
2.139784 1.294
1.227 1.061
