
Processing Bin2_HNMuMu_200.C...
[AnalysisInputs::SetMCSF] Get MC SF from /home/jskim/Documents/trilepton_13TeV/DiLepton/data/v8-0-7.32/MCSF.txt
[AnalysisInputs::SetMCSF] sample : VVV
[AnalysisInputs::SetMCSF] => MCSF = 1, MCSF_err = 0.5
[AnalysisInputs::SetMCSF] sample : WWW
[AnalysisInputs::SetMCSF] => MCSF = 1, MCSF_err = 0.5
[AnalysisInputs::SetMCSF] sample : WWZ
[AnalysisInputs::SetMCSF] => MCSF = 1, MCSF_err = 0.5
[AnalysisInputs::SetMCSF] sample : WZZ
[AnalysisInputs::SetMCSF] => MCSF = 1, MCSF_err = 0.5
[AnalysisInputs::SetMCSF] sample : ZZZ
[AnalysisInputs::SetMCSF] => MCSF = 1, MCSF_err = 0.5
[AnalysisInputs::SetMCSF] sample : ttV
[AnalysisInputs::SetMCSF] => MCSF = 1, MCSF_err = 0.5
[AnalysisInputs::SetMCSF] sample : ttW
[AnalysisInputs::SetMCSF] => MCSF = 1, MCSF_err = 0.5
[AnalysisInputs::SetMCSF] sample : ttZ
[AnalysisInputs::SetMCSF] => MCSF = 1, MCSF_err = 0.5
[AnalysisInputs::SetMCSF] sample : ttH_nonbb
[AnalysisInputs::SetMCSF] => MCSF = 1, MCSF_err = 0.5
[AnalysisInputs::SetMCSF] sample : top
[AnalysisInputs::SetMCSF] => MCSF = 1, MCSF_err = 0.5
[AnalysisInputs::SetMCSF] sample : WZTo3LNu_powheg
[AnalysisInputs::SetMCSF] => MCSF = 0.988021, MCSF_err = 0.0652167
[AnalysisInputs::SetMCSF] sample : ZGto2LG
[AnalysisInputs::SetMCSF] => MCSF = 0.83069, MCSF_err = 0.174719
[AnalysisInputs::SetMCSF] sample : ZZTo4L_powheg
[AnalysisInputs::SetMCSF] => MCSF = 0.94117, MCSF_err = 0.105665
[AnalysisInputs::SetMCSF] sample : ggZZto2e2mu
[AnalysisInputs::SetMCSF] => MCSF = 0.94117, MCSF_err = 0.105665
[AnalysisInputs::SetMCSF] sample : ggZZto2e2nu
[AnalysisInputs::SetMCSF] => MCSF = 0.94117, MCSF_err = 0.105665
[AnalysisInputs::SetMCSF] sample : ggZZto2e2tau
[AnalysisInputs::SetMCSF] => MCSF = 0.94117, MCSF_err = 0.105665
[AnalysisInputs::SetMCSF] sample : ggZZto2mu2nu
[AnalysisInputs::SetMCSF] => MCSF = 0.94117, MCSF_err = 0.105665
[AnalysisInputs::SetMCSF] sample : ggZZto2mu2tau
[AnalysisInputs::SetMCSF] => MCSF = 0.94117, MCSF_err = 0.105665
[AnalysisInputs::SetMCSF] sample : ggZZto4e
[AnalysisInputs::SetMCSF] => MCSF = 0.94117, MCSF_err = 0.105665
[AnalysisInputs::SetMCSF] sample : ggZZto4mu
[AnalysisInputs::SetMCSF] => MCSF = 0.94117, MCSF_err = 0.105665
[AnalysisInputs::SetMCSF] sample : ggZZto4tau
[AnalysisInputs::SetMCSF] => MCSF = 0.94117, MCSF_err = 0.105665
[AnalysisInputs::SetCalculatedSysts] Get Systematics from /home/jskim/Documents/trilepton_13TeV/DiLepton/data/v8-0-7.32/Syst.txt
[AnalysisInputs::SetCalculatedSysts] source : Luminosity
[AnalysisInputs::SetCalculatedSysts] => % sysematic = 0.025
[AnalysisInputs::SetCalculatedSysts] source : FakeLooseID
[AnalysisInputs::SetCalculatedSysts] => % sysematic = 0.3
[AnalysisInputs::SetCalculatedSysts] source : ChrageFlipSyst
[AnalysisInputs::SetCalculatedSysts] => % sysematic = 0.21
[CutRangeInfo::ReadCutCard] Get Cutcard from /home/jskim/Documents/trilepton_13TeV/DiLepton/data/v8-0-7.32/CutOpCard/UseNonSkim/OPTIMIZED_171021_MuMu_HighMass_Bin2/HNMuMu_200.txt
Central	8.27138	0.543648	0
_MuonEn_up	8.28863	0.543648	0
_MuonEn_down	7.78665	0.543648	0
_MuonIDSF_up	8.37253	0.543648	0
_MuonIDSF_down	8.23152	0.543648	0
_ElectronEn_up	8.40645	0.543648	0
_ElectronEn_down	8.36216	0.543648	0
_ElectronIDSF_up	8.16633	0.543648	0
_ElectronIDSF_down	8.34522	0.543648	0
_TriggerSF_up	8.35157	0.543648	0
_TriggerSF_down	8.31797	0.543648	0
_PU_up	8.03765	0.543648	0
_PU_down	8.60177	0.543648	0
_JetEn_up	8.25715	0.543648	0
_JetEn_down	8.30815	0.543648	0
_JetRes_up	8.31969	0.543648	0
_JetRes_down	8.33008	0.543648	0
_Unclustered_up	8.27651	0.543648	0
_Unclustered_down	8.41699	0.543648	0
_BTagSFEff_up	8.26894	0.543648	0
_BTagSFEff_down	8.41921	0.543648	0
_BTagSFMiss_up	8.41152	0.543648	0
_BTagSFMiss_down	8.36457	0.543648	0
_JetMass_up	8.34418	0.543648	0
_JetMass_down	8.3841	0.543648	0
_JetMassRes_up	8.37161	0.543648	0
_JetMassRes_down	8.25243	0.543648	0

################ Sources ################
Source	SystTotal	SystPrompt	SystFake	Signal
Stat 14.20 15.00  30.61  -nan  3.45
Lumi 2.35  2.50 -  -  2.50
PDF  -  -  -  -  3.00
MuonPt  3.89 4.15  -  -  1.22
MuonID  0.87 0.93  -  -  0.41
ElectronE  1.31 1.39  -  -  0.50
ElectronID  1.03 1.10  -  -  0.33
Trigger  0.74 0.79  -  -  0.30
PU  3.25 3.46  -  -  1.08
JES  0.32 0.34  -  -  0.52
JER  0.61 0.65  -  -  0.20
Uncl  1.17 1.25  -  -  0.37
BEff  1.19 1.26  -  -  0.60
BMiss  1.35 1.44  -  -  0.21
JMS  1.08 1.15  -  -  0.49
JMR  0.82 0.87  -  -  0.45
MCNorm 16.68  17.77 -  -  -
Fake 1.85  -  30.00 - -
CF 0.00  -  -  -nan -
Total Systematic 17.99 19.07  30.00  -nan  4.45

Total Background	8.815
- Prompt	8.271
- Fake	0.544
- CF	0.000

####### Result #######
Signal Eff	0.021456
8.815032 1.229
2.330 1.056
