
Processing HNMuEl_1200.C...
[AnalysisInputs::SetMCSF] Get MC SF from /home/jskim/Documents/trilepton_13TeV/DiLepton/data/v8-0-7.32/MCSF.txt
[AnalysisInputs::SetMCSF] sample : VVV
[AnalysisInputs::SetMCSF] => MCSF = 1, MCSF_err = 0.5
[AnalysisInputs::SetMCSF] sample : WWW
[AnalysisInputs::SetMCSF] => MCSF = 1, MCSF_err = 0.5
[AnalysisInputs::SetMCSF] sample : WWZ
[AnalysisInputs::SetMCSF] => MCSF = 1, MCSF_err = 0.5
[AnalysisInputs::SetMCSF] sample : WZZ
[AnalysisInputs::SetMCSF] => MCSF = 1, MCSF_err = 0.5
[AnalysisInputs::SetMCSF] sample : ZZZ
[AnalysisInputs::SetMCSF] => MCSF = 1, MCSF_err = 0.5
[AnalysisInputs::SetMCSF] sample : ttV
[AnalysisInputs::SetMCSF] => MCSF = 1, MCSF_err = 0.5
[AnalysisInputs::SetMCSF] sample : ttW
[AnalysisInputs::SetMCSF] => MCSF = 1, MCSF_err = 0.5
[AnalysisInputs::SetMCSF] sample : ttZ
[AnalysisInputs::SetMCSF] => MCSF = 1, MCSF_err = 0.5
[AnalysisInputs::SetMCSF] sample : ttH_nonbb
[AnalysisInputs::SetMCSF] => MCSF = 1, MCSF_err = 0.5
[AnalysisInputs::SetMCSF] sample : top
[AnalysisInputs::SetMCSF] => MCSF = 1, MCSF_err = 0.5
[AnalysisInputs::SetMCSF] sample : WZTo3LNu_powheg
[AnalysisInputs::SetMCSF] => MCSF = 0.990529, MCSF_err = 0.0659614
[AnalysisInputs::SetMCSF] sample : ZGto2LG
[AnalysisInputs::SetMCSF] => MCSF = 0.779045, MCSF_err = 0.182441
[AnalysisInputs::SetMCSF] sample : ZZTo4L_powheg
[AnalysisInputs::SetMCSF] => MCSF = 0.93079, MCSF_err = 0.110885
[AnalysisInputs::SetMCSF] sample : ggZZto2e2mu
[AnalysisInputs::SetMCSF] => MCSF = 0.93079, MCSF_err = 0.110885
[AnalysisInputs::SetMCSF] sample : ggZZto2e2nu
[AnalysisInputs::SetMCSF] => MCSF = 0.93079, MCSF_err = 0.110885
[AnalysisInputs::SetMCSF] sample : ggZZto2e2tau
[AnalysisInputs::SetMCSF] => MCSF = 0.93079, MCSF_err = 0.110885
[AnalysisInputs::SetMCSF] sample : ggZZto2mu2nu
[AnalysisInputs::SetMCSF] => MCSF = 0.93079, MCSF_err = 0.110885
[AnalysisInputs::SetMCSF] sample : ggZZto2mu2tau
[AnalysisInputs::SetMCSF] => MCSF = 0.93079, MCSF_err = 0.110885
[AnalysisInputs::SetMCSF] sample : ggZZto4e
[AnalysisInputs::SetMCSF] => MCSF = 0.93079, MCSF_err = 0.110885
[AnalysisInputs::SetMCSF] sample : ggZZto4mu
[AnalysisInputs::SetMCSF] => MCSF = 0.93079, MCSF_err = 0.110885
[AnalysisInputs::SetMCSF] sample : ggZZto4tau
[AnalysisInputs::SetMCSF] => MCSF = 0.93079, MCSF_err = 0.110885
[AnalysisInputs::SetCalculatedSysts] Get Systematics from /home/jskim/Documents/trilepton_13TeV/DiLepton/data/v8-0-7.32/Syst.txt
[AnalysisInputs::SetCalculatedSysts] source : Luminosity
[AnalysisInputs::SetCalculatedSysts] => % sysematic = 0.025
[AnalysisInputs::SetCalculatedSysts] source : FakeLooseID
[AnalysisInputs::SetCalculatedSysts] => % sysematic = 0.3
[AnalysisInputs::SetCalculatedSysts] source : ChrageFlipSyst
[AnalysisInputs::SetCalculatedSysts] => % sysematic = 0.21
[CutRangeInfo::ReadCutCard] Get Cutcard from /home/jskim/Documents/trilepton_13TeV/DiLepton/data/v8-0-7.32/CutOpCard/OPTIMIZED_171030_MuEl/HNMuEl_1200.txt
prompt_tau21_syst = 0
signal_tau21_syst = 0
Central	1.97021	0.268281	0
_MuonEn_up	2.16598	0.268281	0
_MuonEn_down	1.83978	0.268281	0
_MuonIDSF_up	2.01862	0.268281	0
_MuonIDSF_down	1.93468	0.268281	0
_ElectronEn_up	2.0161	0.268281	0
_ElectronEn_down	1.9653	0.268281	0
_ElectronIDSF_up	2.01827	0.268281	0
_ElectronIDSF_down	1.92709	0.268281	0
_TriggerSF_up	1.97731	0.268281	0
_TriggerSF_down	1.97192	0.268281	0
_PU_up	2.06919	0.268281	0
_PU_down	1.86868	0.268281	0
_JetEn_up	1.818	0.268281	0
_JetEn_down	1.91632	0.268281	0
_JetRes_up	1.97365	0.268281	0
_JetRes_down	1.96534	0.268281	0
_Unclustered_up	1.9262	0.268281	0
_Unclustered_down	1.88774	0.268281	0
_BTagSFEff_up	1.95797	0.268281	0
_BTagSFEff_down	1.98955	0.268281	0
_BTagSFMiss_up	1.97095	0.268281	0
_BTagSFMiss_down	1.97949	0.268281	0
_JetMass_up	1.97204	0.268281	0
_JetMass_down	1.97692	0.268281	0
_JetMassRes_up	1.98116	0.268281	0
_JetMassRes_down	1.97851	0.268281	0

################ Sources ################
Source	SystTotal	SystPrompt	SystFake	Signal
Stat 44.40 49.96  50.98  -nan  1.74
Lumi 2.20  2.50 -  -  2.50
PDF  -  -  -  -  8.53
MuonPt  7.43 8.44  -  -  3.05
MuonID  1.90 2.15  -  -  1.98
ElectronE  1.46 1.66  -  -  0.47
ElectronID  2.04 2.32  -  -  1.92
Trigger  0.23 0.26  -  -  0.10
PU  4.48 5.09  -  -  0.09
JES  5.10 5.80  -  -  2.29
JER  0.19 0.21  -  -  1.01
Uncl  2.95 3.36  -  -  0.24
BEff  0.72 0.82  -  -  0.47
BMiss  0.29 0.33  -  -  0.51
JMS  0.22 0.25  -  -  0.36
JMR  0.43 0.49  -  -  0.02
Tau21 0.00  0.00 -  -  0.00
MCNorm 6.73  7.65 -  -  -
Fake 3.60  -  30.00 - -
CF 0.00  -  -  -nan -
Total Systematic 13.56 14.86  30.00  -nan  10.15

Total Background	2.238
- Prompt	1.970
- Fake	0.268
- CF	0.000

####### Result #######
Signal Eff	0.044353
2.238494 1.464235
0.002948 1.103006
