
Processing HNMuEl_100.C...
[AnalysisInputs::SetMCSF] Get MC SF from /home/jskim/Documents/trilepton_13TeV/DiLepton/data/v8-0-7.32/MCSF.txt
[AnalysisInputs::SetMCSF] sample : VVV
[AnalysisInputs::SetMCSF] => MCSF = 1, MCSF_err = 0.5
[AnalysisInputs::SetMCSF] sample : WWW
[AnalysisInputs::SetMCSF] => MCSF = 1, MCSF_err = 0.5
[AnalysisInputs::SetMCSF] sample : WWZ
[AnalysisInputs::SetMCSF] => MCSF = 1, MCSF_err = 0.5
[AnalysisInputs::SetMCSF] sample : WZZ
[AnalysisInputs::SetMCSF] => MCSF = 1, MCSF_err = 0.5
[AnalysisInputs::SetMCSF] sample : ZZZ
[AnalysisInputs::SetMCSF] => MCSF = 1, MCSF_err = 0.5
[AnalysisInputs::SetMCSF] sample : ttV
[AnalysisInputs::SetMCSF] => MCSF = 1, MCSF_err = 0.5
[AnalysisInputs::SetMCSF] sample : ttW
[AnalysisInputs::SetMCSF] => MCSF = 1, MCSF_err = 0.5
[AnalysisInputs::SetMCSF] sample : ttZ
[AnalysisInputs::SetMCSF] => MCSF = 1, MCSF_err = 0.5
[AnalysisInputs::SetMCSF] sample : ttH_nonbb
[AnalysisInputs::SetMCSF] => MCSF = 1, MCSF_err = 0.5
[AnalysisInputs::SetMCSF] sample : top
[AnalysisInputs::SetMCSF] => MCSF = 1, MCSF_err = 0.5
[AnalysisInputs::SetMCSF] sample : WZTo3LNu_powheg
[AnalysisInputs::SetMCSF] => MCSF = 0.990529, MCSF_err = 0.0659614
[AnalysisInputs::SetMCSF] sample : ZGto2LG
[AnalysisInputs::SetMCSF] => MCSF = 0.779045, MCSF_err = 0.182441
[AnalysisInputs::SetMCSF] sample : ZZTo4L_powheg
[AnalysisInputs::SetMCSF] => MCSF = 0.93079, MCSF_err = 0.110885
[AnalysisInputs::SetMCSF] sample : ggZZto2e2mu
[AnalysisInputs::SetMCSF] => MCSF = 0.93079, MCSF_err = 0.110885
[AnalysisInputs::SetMCSF] sample : ggZZto2e2nu
[AnalysisInputs::SetMCSF] => MCSF = 0.93079, MCSF_err = 0.110885
[AnalysisInputs::SetMCSF] sample : ggZZto2e2tau
[AnalysisInputs::SetMCSF] => MCSF = 0.93079, MCSF_err = 0.110885
[AnalysisInputs::SetMCSF] sample : ggZZto2mu2nu
[AnalysisInputs::SetMCSF] => MCSF = 0.93079, MCSF_err = 0.110885
[AnalysisInputs::SetMCSF] sample : ggZZto2mu2tau
[AnalysisInputs::SetMCSF] => MCSF = 0.93079, MCSF_err = 0.110885
[AnalysisInputs::SetMCSF] sample : ggZZto4e
[AnalysisInputs::SetMCSF] => MCSF = 0.93079, MCSF_err = 0.110885
[AnalysisInputs::SetMCSF] sample : ggZZto4mu
[AnalysisInputs::SetMCSF] => MCSF = 0.93079, MCSF_err = 0.110885
[AnalysisInputs::SetMCSF] sample : ggZZto4tau
[AnalysisInputs::SetMCSF] => MCSF = 0.93079, MCSF_err = 0.110885
[AnalysisInputs::SetCalculatedSysts] Get Systematics from /home/jskim/Documents/trilepton_13TeV/DiLepton/data/v8-0-7.32/Syst.txt
[AnalysisInputs::SetCalculatedSysts] source : Luminosity
[AnalysisInputs::SetCalculatedSysts] => % sysematic = 0.025
[AnalysisInputs::SetCalculatedSysts] source : FakeLooseID
[AnalysisInputs::SetCalculatedSysts] => % sysematic = 0.3
[AnalysisInputs::SetCalculatedSysts] source : ChrageFlipSyst
[AnalysisInputs::SetCalculatedSysts] => % sysematic = 0.21
[CutRangeInfo::ReadCutCard] Get Cutcard from /home/jskim/Documents/trilepton_13TeV/DiLepton/data/v8-0-7.32/CutOpCard/OPTIMIZED_171030_MuEl/HNMuEl_100.txt
prompt_tau21_syst = 0
signal_tau21_syst = 0
Central	27.7432	12.0966	0
_MuonEn_up	27.7301	12.0966	0
_MuonEn_down	27.4312	12.0966	0
_MuonIDSF_up	28.9982	12.0966	0
_MuonIDSF_down	26.9492	12.0966	0
_ElectronEn_up	28.3459	12.0966	0
_ElectronEn_down	27.6099	12.0966	0
_ElectronIDSF_up	28.299	12.0966	0
_ElectronIDSF_down	26.996	12.0966	0
_TriggerSF_up	27.6513	12.0966	0
_TriggerSF_down	27.7159	12.0966	0
_PU_up	26.5085	12.0966	0
_PU_down	27.9748	12.0966	0
_JetEn_up	31.3719	12.0966	0
_JetEn_down	21.9799	12.0966	0
_JetRes_up	24.0394	12.0966	0
_JetRes_down	29.1237	12.0966	0
_Unclustered_up	26.0629	12.0966	0
_Unclustered_down	25.806	12.0966	0
_BTagSFEff_up	27.5928	12.0966	0
_BTagSFEff_down	27.7399	12.0966	0
_BTagSFMiss_up	27.5931	12.0966	0
_BTagSFMiss_down	27.6989	12.0966	0
_JetMass_up	27.7297	12.0966	0
_JetMass_down	27.6493	12.0966	0
_JetMassRes_up	27.6175	12.0966	0
_JetMassRes_down	27.598	12.0966	0

################ Sources ################
Source	SystTotal	SystPrompt	SystFake	Signal
Stat 11.62 16.29  8.26  -nan  2.72
Lumi 1.74  2.50 -  -  2.50
PDF  -  -  -  -  8.53
MuonPt  0.55 0.80  -  -  0.88
MuonID  2.64 3.79  -  -  3.62
ElectronE  1.10 1.57  -  -  1.16
ElectronID  1.65 2.37  -  -  2.07
Trigger  0.17 0.24  -  -  0.30
PU  2.23 3.20  -  -  2.58
JES  12.09 17.36  -  -  0.45
JER  7.02 10.07  -  -  2.45
Uncl  4.55 6.54  -  -  3.85
BEff  0.27 0.38  -  -  0.40
BMiss  0.28 0.40  -  -  0.84
JMS  0.17 0.24  -  -  0.11
JMR  0.34 0.49  -  -  0.33
Tau21 0.00  0.00 -  -  0.00
MCNorm 2.99  4.30 -  -  -
Fake 9.11  -  30.00 - -
CF 0.00  -  -  -nan -
Total Systematic 18.10 22.46  30.00  -nan  11.28

Total Background	39.840
- Prompt	27.743
- Fake	12.097
- CF	0.000

####### Result #######
Signal Eff	0.013174
39.839826 1.215039
36.114589 1.116054
