
Processing HNMuEl_500.C...
[AnalysisInputs::SetMCSF] Get MC SF from /home/jskim/Documents/trilepton_13TeV/DiLepton/data/v8-0-7.32/MCSF.txt
[AnalysisInputs::SetMCSF] sample : VVV
[AnalysisInputs::SetMCSF] => MCSF = 1, MCSF_err = 0.5
[AnalysisInputs::SetMCSF] sample : WWW
[AnalysisInputs::SetMCSF] => MCSF = 1, MCSF_err = 0.5
[AnalysisInputs::SetMCSF] sample : WWZ
[AnalysisInputs::SetMCSF] => MCSF = 1, MCSF_err = 0.5
[AnalysisInputs::SetMCSF] sample : WZZ
[AnalysisInputs::SetMCSF] => MCSF = 1, MCSF_err = 0.5
[AnalysisInputs::SetMCSF] sample : ZZZ
[AnalysisInputs::SetMCSF] => MCSF = 1, MCSF_err = 0.5
[AnalysisInputs::SetMCSF] sample : ttV
[AnalysisInputs::SetMCSF] => MCSF = 1, MCSF_err = 0.5
[AnalysisInputs::SetMCSF] sample : ttW
[AnalysisInputs::SetMCSF] => MCSF = 1, MCSF_err = 0.5
[AnalysisInputs::SetMCSF] sample : ttZ
[AnalysisInputs::SetMCSF] => MCSF = 1, MCSF_err = 0.5
[AnalysisInputs::SetMCSF] sample : ttH_nonbb
[AnalysisInputs::SetMCSF] => MCSF = 1, MCSF_err = 0.5
[AnalysisInputs::SetMCSF] sample : top
[AnalysisInputs::SetMCSF] => MCSF = 1, MCSF_err = 0.5
[AnalysisInputs::SetMCSF] sample : WZTo3LNu_powheg
[AnalysisInputs::SetMCSF] => MCSF = 0.990529, MCSF_err = 0.0659614
[AnalysisInputs::SetMCSF] sample : ZGto2LG
[AnalysisInputs::SetMCSF] => MCSF = 0.779045, MCSF_err = 0.182441
[AnalysisInputs::SetMCSF] sample : ZZTo4L_powheg
[AnalysisInputs::SetMCSF] => MCSF = 0.93079, MCSF_err = 0.110885
[AnalysisInputs::SetMCSF] sample : ggZZto2e2mu
[AnalysisInputs::SetMCSF] => MCSF = 0.93079, MCSF_err = 0.110885
[AnalysisInputs::SetMCSF] sample : ggZZto2e2nu
[AnalysisInputs::SetMCSF] => MCSF = 0.93079, MCSF_err = 0.110885
[AnalysisInputs::SetMCSF] sample : ggZZto2e2tau
[AnalysisInputs::SetMCSF] => MCSF = 0.93079, MCSF_err = 0.110885
[AnalysisInputs::SetMCSF] sample : ggZZto2mu2nu
[AnalysisInputs::SetMCSF] => MCSF = 0.93079, MCSF_err = 0.110885
[AnalysisInputs::SetMCSF] sample : ggZZto2mu2tau
[AnalysisInputs::SetMCSF] => MCSF = 0.93079, MCSF_err = 0.110885
[AnalysisInputs::SetMCSF] sample : ggZZto4e
[AnalysisInputs::SetMCSF] => MCSF = 0.93079, MCSF_err = 0.110885
[AnalysisInputs::SetMCSF] sample : ggZZto4mu
[AnalysisInputs::SetMCSF] => MCSF = 0.93079, MCSF_err = 0.110885
[AnalysisInputs::SetMCSF] sample : ggZZto4tau
[AnalysisInputs::SetMCSF] => MCSF = 0.93079, MCSF_err = 0.110885
[AnalysisInputs::SetCalculatedSysts] Get Systematics from /home/jskim/Documents/trilepton_13TeV/DiLepton/data/v8-0-7.32/Syst.txt
[AnalysisInputs::SetCalculatedSysts] source : Luminosity
[AnalysisInputs::SetCalculatedSysts] => % sysematic = 0.025
[AnalysisInputs::SetCalculatedSysts] source : FakeLooseID
[AnalysisInputs::SetCalculatedSysts] => % sysematic = 0.3
[AnalysisInputs::SetCalculatedSysts] source : ChrageFlipSyst
[AnalysisInputs::SetCalculatedSysts] => % sysematic = 0.21
[CutRangeInfo::ReadCutCard] Get Cutcard from /home/jskim/Documents/trilepton_13TeV/DiLepton/data/v8-0-7.32/CutOpCard/OPTIMIZED_171030_MuEl/HNMuEl_500.txt
prompt_tau21_syst = 0
signal_tau21_syst = 0
Central	5.02234	0.461585	0
_MuonEn_up	4.58508	0.461585	0
_MuonEn_down	4.70449	0.461585	0
_MuonIDSF_up	5.14536	0.461585	0
_MuonIDSF_down	4.92137	0.461585	0
_ElectronEn_up	5.0451	0.461585	0
_ElectronEn_down	4.88054	0.461585	0
_ElectronIDSF_up	5.13701	0.461585	0
_ElectronIDSF_down	4.91282	0.461585	0
_TriggerSF_up	5.03459	0.461585	0
_TriggerSF_down	5.02699	0.461585	0
_PU_up	5.11573	0.461585	0
_PU_down	4.90149	0.461585	0
_JetEn_up	4.95755	0.461585	0
_JetEn_down	5.08703	0.461585	0
_JetRes_up	4.04375	0.461585	0
_JetRes_down	4.99776	0.461585	0
_Unclustered_up	4.04339	0.461585	0
_Unclustered_down	4.87706	0.461585	0
_BTagSFEff_up	4.93126	0.461585	0
_BTagSFEff_down	5.05979	0.461585	0
_BTagSFMiss_up	5.01662	0.461585	0
_BTagSFMiss_down	5.03515	0.461585	0
_JetMass_up	5.02739	0.461585	0
_JetMass_down	5.06152	0.461585	0
_JetMassRes_up	5.04589	0.461585	0
_JetMassRes_down	5.02657	0.461585	0

################ Sources ################
Source	SystTotal	SystPrompt	SystFake	Signal
Stat 26.48 28.70  38.64  -nan  1.14
Lumi 2.29  2.50 -  -  2.50
PDF  -  -  -  -  8.53
MuonPt  6.97 7.61  -  -  2.59
MuonID  2.05 2.24  -  -  2.10
ElectronE  1.85 2.02  -  -  0.45
ElectronID  2.04 2.23  -  -  2.06
Trigger  0.17 0.18  -  -  0.36
PU  1.97 2.15  -  -  0.79
JES  1.18 1.29  -  -  0.66
JER  12.62 13.78  -  -  0.40
Uncl  12.76 13.93  -  -  0.45
BEff  1.27 1.39  -  -  0.37
BMiss  0.18 0.20  -  -  0.38
JMS  0.51 0.56  -  -  0.20
JMR  0.31 0.34  -  -  0.29
Tau21 0.00  0.00 -  -  0.00
MCNorm 8.24  8.99 -  -  -
Fake 2.53  -  30.00 - -
CF 0.00  -  -  -nan -
Total Systematic 21.66 23.49  30.00  -nan  9.82

Total Background	5.484
- Prompt	5.022
- Fake	0.462
- CF	0.000

####### Result #######
Signal Eff	0.091433
5.483929 1.342145
0.296462 1.098895
