
Processing HNMuEl_90.C...
[AnalysisInputs::SetMCSF] Get MC SF from /home/jskim/Documents/trilepton_13TeV/DiLepton/data/v8-0-7.32/MCSF.txt
[AnalysisInputs::SetMCSF] sample : VVV
[AnalysisInputs::SetMCSF] => MCSF = 1, MCSF_err = 0.5
[AnalysisInputs::SetMCSF] sample : WWW
[AnalysisInputs::SetMCSF] => MCSF = 1, MCSF_err = 0.5
[AnalysisInputs::SetMCSF] sample : WWZ
[AnalysisInputs::SetMCSF] => MCSF = 1, MCSF_err = 0.5
[AnalysisInputs::SetMCSF] sample : WZZ
[AnalysisInputs::SetMCSF] => MCSF = 1, MCSF_err = 0.5
[AnalysisInputs::SetMCSF] sample : ZZZ
[AnalysisInputs::SetMCSF] => MCSF = 1, MCSF_err = 0.5
[AnalysisInputs::SetMCSF] sample : ttV
[AnalysisInputs::SetMCSF] => MCSF = 1, MCSF_err = 0.5
[AnalysisInputs::SetMCSF] sample : ttW
[AnalysisInputs::SetMCSF] => MCSF = 1, MCSF_err = 0.5
[AnalysisInputs::SetMCSF] sample : ttZ
[AnalysisInputs::SetMCSF] => MCSF = 1, MCSF_err = 0.5
[AnalysisInputs::SetMCSF] sample : ttH_nonbb
[AnalysisInputs::SetMCSF] => MCSF = 1, MCSF_err = 0.5
[AnalysisInputs::SetMCSF] sample : top
[AnalysisInputs::SetMCSF] => MCSF = 1, MCSF_err = 0.5
[AnalysisInputs::SetMCSF] sample : WZTo3LNu_powheg
[AnalysisInputs::SetMCSF] => MCSF = 0.990529, MCSF_err = 0.0659614
[AnalysisInputs::SetMCSF] sample : ZGto2LG
[AnalysisInputs::SetMCSF] => MCSF = 0.779045, MCSF_err = 0.182441
[AnalysisInputs::SetMCSF] sample : ZZTo4L_powheg
[AnalysisInputs::SetMCSF] => MCSF = 0.93079, MCSF_err = 0.110885
[AnalysisInputs::SetMCSF] sample : ggZZto2e2mu
[AnalysisInputs::SetMCSF] => MCSF = 0.93079, MCSF_err = 0.110885
[AnalysisInputs::SetMCSF] sample : ggZZto2e2nu
[AnalysisInputs::SetMCSF] => MCSF = 0.93079, MCSF_err = 0.110885
[AnalysisInputs::SetMCSF] sample : ggZZto2e2tau
[AnalysisInputs::SetMCSF] => MCSF = 0.93079, MCSF_err = 0.110885
[AnalysisInputs::SetMCSF] sample : ggZZto2mu2nu
[AnalysisInputs::SetMCSF] => MCSF = 0.93079, MCSF_err = 0.110885
[AnalysisInputs::SetMCSF] sample : ggZZto2mu2tau
[AnalysisInputs::SetMCSF] => MCSF = 0.93079, MCSF_err = 0.110885
[AnalysisInputs::SetMCSF] sample : ggZZto4e
[AnalysisInputs::SetMCSF] => MCSF = 0.93079, MCSF_err = 0.110885
[AnalysisInputs::SetMCSF] sample : ggZZto4mu
[AnalysisInputs::SetMCSF] => MCSF = 0.93079, MCSF_err = 0.110885
[AnalysisInputs::SetMCSF] sample : ggZZto4tau
[AnalysisInputs::SetMCSF] => MCSF = 0.93079, MCSF_err = 0.110885
[AnalysisInputs::SetCalculatedSysts] Get Systematics from /home/jskim/Documents/trilepton_13TeV/DiLepton/data/v8-0-7.32/Syst.txt
[AnalysisInputs::SetCalculatedSysts] source : Luminosity
[AnalysisInputs::SetCalculatedSysts] => % sysematic = 0.025
[AnalysisInputs::SetCalculatedSysts] source : FakeLooseID
[AnalysisInputs::SetCalculatedSysts] => % sysematic = 0.3
[AnalysisInputs::SetCalculatedSysts] source : ChrageFlipSyst
[AnalysisInputs::SetCalculatedSysts] => % sysematic = 0.21
[CutRangeInfo::ReadCutCard] Get Cutcard from /home/jskim/Documents/trilepton_13TeV/DiLepton/data/v8-0-7.32/CutOpCard/OPTIMIZED_171030_MuEl/HNMuEl_90.txt
prompt_tau21_syst = 0
signal_tau21_syst = 0
Central	38.1403	25.97	0
_MuonEn_up	37.009	25.97	0
_MuonEn_down	37.493	25.97	0
_MuonIDSF_up	39.2898	25.97	0
_MuonIDSF_down	36.2817	25.97	0
_ElectronEn_up	37.4126	25.97	0
_ElectronEn_down	37.6808	25.97	0
_ElectronIDSF_up	38.604	25.97	0
_ElectronIDSF_down	37.1431	25.97	0
_TriggerSF_up	37.8522	25.97	0
_TriggerSF_down	37.7716	25.97	0
_PU_up	36.0023	25.97	0
_PU_down	38.472	25.97	0
_JetEn_up	41.7686	25.97	0
_JetEn_down	33.2008	25.97	0
_JetRes_up	34.8897	25.97	0
_JetRes_down	37.3996	25.97	0
_Unclustered_up	36.1804	25.97	0
_Unclustered_down	37.5038	25.97	0
_BTagSFEff_up	37.7219	25.97	0
_BTagSFEff_down	37.8714	25.97	0
_BTagSFMiss_up	37.7311	25.97	0
_BTagSFMiss_down	38.2156	25.97	0
_JetMass_up	37.7342	25.97	0
_JetMass_down	37.7958	25.97	0
_JetMassRes_up	37.8109	25.97	0
_JetMassRes_down	37.7131	25.97	0

################ Sources ################
Source	SystTotal	SystPrompt	SystFake	Signal
Stat 8.86 14.20  6.54  -nan  4.58
Lumi 1.49  2.50 -  -  2.50
PDF  -  -  -  -  8.53
MuonPt  1.44 2.42  -  -  0.61
MuonID  2.41 4.05  -  -  3.90
ElectronE  0.95 1.60  -  -  1.47
ElectronID  1.21 2.04  -  -  2.30
Trigger  0.52 0.87  -  -  0.37
PU  2.39 4.01  -  -  2.76
JES  6.76 11.36  -  -  4.41
JER  3.68 6.18  -  -  1.76
Uncl  2.27 3.82  -  -  5.41
BEff  0.55 0.92  -  -  1.04
BMiss  0.46 0.77  -  -  0.21
JMS  0.59 0.99  -  -  0.69
JMR  0.59 1.00  -  -  0.39
Tau21 0.00  0.00 -  -  0.00
MCNorm 2.01  3.38 -  -  -
Fake 12.15  -  30.00 - -
CF 0.00  -  -  -nan -
Total Systematic 15.35 15.77  30.00  -nan  12.78

Total Background	64.110
- Prompt	38.140
- Fake	25.970
- CF	0.000

####### Result #######
Signal Eff	0.005033
64.110259 1.177247
25.332495 1.135727
