
Processing Bin2_HNMuEl_150.C...
[AnalysisInputs::SetMCSF] Get MC SF from /home/jskim/Documents/trilepton_13TeV/DiLepton/data/v8-0-7.32/MCSF.txt
[AnalysisInputs::SetMCSF] sample : VVV
[AnalysisInputs::SetMCSF] => MCSF = 1, MCSF_err = 0.5
[AnalysisInputs::SetMCSF] sample : WWW
[AnalysisInputs::SetMCSF] => MCSF = 1, MCSF_err = 0.5
[AnalysisInputs::SetMCSF] sample : WWZ
[AnalysisInputs::SetMCSF] => MCSF = 1, MCSF_err = 0.5
[AnalysisInputs::SetMCSF] sample : WZZ
[AnalysisInputs::SetMCSF] => MCSF = 1, MCSF_err = 0.5
[AnalysisInputs::SetMCSF] sample : ZZZ
[AnalysisInputs::SetMCSF] => MCSF = 1, MCSF_err = 0.5
[AnalysisInputs::SetMCSF] sample : ttV
[AnalysisInputs::SetMCSF] => MCSF = 1, MCSF_err = 0.5
[AnalysisInputs::SetMCSF] sample : ttW
[AnalysisInputs::SetMCSF] => MCSF = 1, MCSF_err = 0.5
[AnalysisInputs::SetMCSF] sample : ttZ
[AnalysisInputs::SetMCSF] => MCSF = 1, MCSF_err = 0.5
[AnalysisInputs::SetMCSF] sample : ttH_nonbb
[AnalysisInputs::SetMCSF] => MCSF = 1, MCSF_err = 0.5
[AnalysisInputs::SetMCSF] sample : top
[AnalysisInputs::SetMCSF] => MCSF = 1, MCSF_err = 0.5
[AnalysisInputs::SetMCSF] sample : WZTo3LNu_powheg
[AnalysisInputs::SetMCSF] => MCSF = 0.9878, MCSF_err = 0.0890059
[AnalysisInputs::SetMCSF] sample : ZGto2LG
[AnalysisInputs::SetMCSF] => MCSF = 0.771776, MCSF_err = 0.152815
[AnalysisInputs::SetMCSF] sample : ZZTo4L_powheg
[AnalysisInputs::SetMCSF] => MCSF = 0.929269, MCSF_err = 0.103637
[AnalysisInputs::SetMCSF] sample : ggZZto2e2mu
[AnalysisInputs::SetMCSF] => MCSF = 0.929269, MCSF_err = 0.103637
[AnalysisInputs::SetMCSF] sample : ggZZto2e2nu
[AnalysisInputs::SetMCSF] => MCSF = 0.929269, MCSF_err = 0.103637
[AnalysisInputs::SetMCSF] sample : ggZZto2e2tau
[AnalysisInputs::SetMCSF] => MCSF = 0.929269, MCSF_err = 0.103637
[AnalysisInputs::SetMCSF] sample : ggZZto2mu2nu
[AnalysisInputs::SetMCSF] => MCSF = 0.929269, MCSF_err = 0.103637
[AnalysisInputs::SetMCSF] sample : ggZZto2mu2tau
[AnalysisInputs::SetMCSF] => MCSF = 0.929269, MCSF_err = 0.103637
[AnalysisInputs::SetMCSF] sample : ggZZto4e
[AnalysisInputs::SetMCSF] => MCSF = 0.929269, MCSF_err = 0.103637
[AnalysisInputs::SetMCSF] sample : ggZZto4mu
[AnalysisInputs::SetMCSF] => MCSF = 0.929269, MCSF_err = 0.103637
[AnalysisInputs::SetMCSF] sample : ggZZto4tau
[AnalysisInputs::SetMCSF] => MCSF = 0.929269, MCSF_err = 0.103637
[AnalysisInputs::SetCalculatedSysts] Get Systematics from /home/jskim/Documents/trilepton_13TeV/DiLepton/data/v8-0-7.32/Syst.txt
[AnalysisInputs::SetCalculatedSysts] source : Luminosity
[AnalysisInputs::SetCalculatedSysts] => % sysematic = 0.025
[AnalysisInputs::SetCalculatedSysts] source : FakeLooseID
[AnalysisInputs::SetCalculatedSysts] => % sysematic = 0.3
[AnalysisInputs::SetCalculatedSysts] source : ChrageFlipSyst
[AnalysisInputs::SetCalculatedSysts] => % sysematic = 0.21
[CutRangeInfo::ReadCutCard] Get Cutcard from /home/jskim/Documents/trilepton_13TeV/DiLepton/data/v8-0-7.32/CutOpCard/OPTIMIZED_171108_MuEl_HighMass_Bin2/HNMuEl_150.txt
prompt_tau21_syst = 0.056464
signal_tau21_syst = 0.0469867
Central	0.683671	0.285947	0
_MuonEn_up	0.685908	0.285947	0
_MuonEn_down	0.671805	0.285947	0
_MuonIDSF_up	0.673571	0.285947	0
_MuonIDSF_down	0.713938	0.285947	0
_ElectronEn_up	0.686611	0.285947	0
_ElectronEn_down	0.679951	0.285947	0
_ElectronIDSF_up	0.69622	0.285947	0
_ElectronIDSF_down	0.673764	0.285947	0
_TriggerSF_up	0.68051	0.285947	0
_TriggerSF_down	0.689927	0.285947	0
_PU_up	0.641513	0.285947	0
_PU_down	0.741576	0.285947	0
_JetEn_up	0.676535	0.285947	0
_JetEn_down	0.694446	0.285947	0
_JetRes_up	0.693871	0.285947	0
_JetRes_down	0.68861	0.285947	0
_Unclustered_up	0.766841	0.285947	0
_Unclustered_down	0.687288	0.285947	0
_BTagSFEff_up	0.683612	0.285947	0
_BTagSFEff_down	0.687173	0.285947	0
_BTagSFMiss_up	0.688399	0.285947	0
_BTagSFMiss_down	0.734918	0.285947	0
_JetMass_up	0.819472	0.285947	0
_JetMass_down	0.675969	0.285947	0
_JetMassRes_up	0.647219	0.285947	0
_JetMassRes_down	0.765658	0.285947	0

################ Sources ################
Source	SystTotal	SystPrompt	SystFake	Signal
Stat 18.98 20.06  42.92  -nan  7.72
Lumi 1.76  2.50 -  -  2.50
PDF  -  -  -  -  8.53
MuonPt  0.88 1.25  -  -  1.07
MuonID  2.33 3.30  -  -  2.81
ElectronE  0.35 0.49  -  -  0.05
ElectronID  1.17 1.65  -  -  1.98
Trigger  0.51 0.72  -  -  0.67
PU  5.22 7.41  -  -  3.50
JES  0.94 1.34  -  -  1.56
JER  0.83 1.17  -  -  1.32
Uncl  6.07 8.61  -  -  0.72
BEff  0.26 0.36  -  -  0.67
BMiss  3.75 5.32  -  -  0.85
JMS  9.92 14.07  -  -  0.51
JMR  6.54 9.28  -  -  0.59
Tau21 5.82  8.26 -  -  7.21
MCNorm 17.39  24.67 -  -  -
Fake 8.85  -  30.00 - -
CF 0.00  -  -  -nan -
Total Systematic 25.43 33.82  30.00  -nan  10.54

Total Background	0.970
- Prompt	0.684
- Fake	0.286
- CF	0.000

####### Result #######
Signal Eff	0.001733
0.969618 1.317332
0.651941 1.149184
