
Processing Bin2_HNMuEl_700.C...
[AnalysisInputs::SetMCSF] Get MC SF from /home/jskim/Documents/trilepton_13TeV/DiLepton/data/v8-0-7.32/MCSF.txt
[AnalysisInputs::SetMCSF] sample : VVV
[AnalysisInputs::SetMCSF] => MCSF = 1, MCSF_err = 0.5
[AnalysisInputs::SetMCSF] sample : WWW
[AnalysisInputs::SetMCSF] => MCSF = 1, MCSF_err = 0.5
[AnalysisInputs::SetMCSF] sample : WWZ
[AnalysisInputs::SetMCSF] => MCSF = 1, MCSF_err = 0.5
[AnalysisInputs::SetMCSF] sample : WZZ
[AnalysisInputs::SetMCSF] => MCSF = 1, MCSF_err = 0.5
[AnalysisInputs::SetMCSF] sample : ZZZ
[AnalysisInputs::SetMCSF] => MCSF = 1, MCSF_err = 0.5
[AnalysisInputs::SetMCSF] sample : ttV
[AnalysisInputs::SetMCSF] => MCSF = 1, MCSF_err = 0.5
[AnalysisInputs::SetMCSF] sample : ttW
[AnalysisInputs::SetMCSF] => MCSF = 1, MCSF_err = 0.5
[AnalysisInputs::SetMCSF] sample : ttZ
[AnalysisInputs::SetMCSF] => MCSF = 1, MCSF_err = 0.5
[AnalysisInputs::SetMCSF] sample : ttH_nonbb
[AnalysisInputs::SetMCSF] => MCSF = 1, MCSF_err = 0.5
[AnalysisInputs::SetMCSF] sample : top
[AnalysisInputs::SetMCSF] => MCSF = 1, MCSF_err = 0.5
[AnalysisInputs::SetMCSF] sample : WZTo3LNu_powheg
[AnalysisInputs::SetMCSF] => MCSF = 0.9878, MCSF_err = 0.0890059
[AnalysisInputs::SetMCSF] sample : ZGto2LG
[AnalysisInputs::SetMCSF] => MCSF = 0.771776, MCSF_err = 0.152815
[AnalysisInputs::SetMCSF] sample : ZZTo4L_powheg
[AnalysisInputs::SetMCSF] => MCSF = 0.929269, MCSF_err = 0.103637
[AnalysisInputs::SetMCSF] sample : ggZZto2e2mu
[AnalysisInputs::SetMCSF] => MCSF = 0.929269, MCSF_err = 0.103637
[AnalysisInputs::SetMCSF] sample : ggZZto2e2nu
[AnalysisInputs::SetMCSF] => MCSF = 0.929269, MCSF_err = 0.103637
[AnalysisInputs::SetMCSF] sample : ggZZto2e2tau
[AnalysisInputs::SetMCSF] => MCSF = 0.929269, MCSF_err = 0.103637
[AnalysisInputs::SetMCSF] sample : ggZZto2mu2nu
[AnalysisInputs::SetMCSF] => MCSF = 0.929269, MCSF_err = 0.103637
[AnalysisInputs::SetMCSF] sample : ggZZto2mu2tau
[AnalysisInputs::SetMCSF] => MCSF = 0.929269, MCSF_err = 0.103637
[AnalysisInputs::SetMCSF] sample : ggZZto4e
[AnalysisInputs::SetMCSF] => MCSF = 0.929269, MCSF_err = 0.103637
[AnalysisInputs::SetMCSF] sample : ggZZto4mu
[AnalysisInputs::SetMCSF] => MCSF = 0.929269, MCSF_err = 0.103637
[AnalysisInputs::SetMCSF] sample : ggZZto4tau
[AnalysisInputs::SetMCSF] => MCSF = 0.929269, MCSF_err = 0.103637
[AnalysisInputs::SetCalculatedSysts] Get Systematics from /home/jskim/Documents/trilepton_13TeV/DiLepton/data/v8-0-7.32/Syst.txt
[AnalysisInputs::SetCalculatedSysts] source : Luminosity
[AnalysisInputs::SetCalculatedSysts] => % sysematic = 0.025
[AnalysisInputs::SetCalculatedSysts] source : FakeLooseID
[AnalysisInputs::SetCalculatedSysts] => % sysematic = 0.3
[AnalysisInputs::SetCalculatedSysts] source : ChrageFlipSyst
[AnalysisInputs::SetCalculatedSysts] => % sysematic = 0.21
[CutRangeInfo::ReadCutCard] Get Cutcard from /home/jskim/Documents/trilepton_13TeV/DiLepton/data/v8-0-7.32/CutOpCard/OPTIMIZED_171108_MuEl_HighMass_Bin2/HNMuEl_700.txt
prompt_tau21_syst = 0.0254109
signal_tau21_syst = 0.0126405
Central	0.352577	0	0
_MuonEn_up	0.243033	0	0
_MuonEn_down	0.275066	0	0
_MuonIDSF_up	0.334654	0	0
_MuonIDSF_down	0.353819	0	0
_ElectronEn_up	0.416597	0	0
_ElectronEn_down	0.349767	0	0
_ElectronIDSF_up	0.352083	0	0
_ElectronIDSF_down	0.342718	0	0
_TriggerSF_up	0.349767	0	0
_TriggerSF_down	0.34748	0	0
_PU_up	0.344182	0	0
_PU_down	0.361154	0	0
_JetEn_up	0.347105	0	0
_JetEn_down	0.38338	0	0
_JetRes_up	0.274631	0	0
_JetRes_down	0.357692	0	0
_Unclustered_up	0.353097	0	0
_Unclustered_down	0.349696	0	0
_BTagSFEff_up	0.347288	0	0
_BTagSFEff_down	0.349767	0	0
_BTagSFMiss_up	0.34647	0	0
_BTagSFMiss_down	0.349767	0	0
_JetMass_up	0.347944	0	0
_JetMass_down	0.354483	0	0
_JetMassRes_up	0.353381	0	0
_JetMassRes_down	0.353045	0	0

################ Sources ################
Source	SystTotal	SystPrompt	SystFake	Signal
Stat 37.85 37.85  -nan  -nan  0.75
Lumi 2.50  2.50 -  -  2.50
PDF  -  -  -  -  8.53
MuonPt  26.91 26.91  -  -  1.96
MuonID  3.60 3.60  -  -  2.05
ElectronE  12.85 12.85  -  -  0.27
ElectronID  1.98 1.98  -  -  1.97
Trigger  1.17 1.17  -  -  0.09
PU  2.41 2.41  -  -  1.15
JES  6.27 6.27  -  -  0.24
JER  15.67 15.67  -  -  0.38
Uncl  0.59 0.59  -  -  0.09
BEff  1.20 1.20  -  -  0.41
BMiss  1.35 1.35  -  -  0.46
JMS  1.00 1.00  -  -  0.11
JMR  0.19 0.19  -  -  0.04
Tau21 7.21  7.21 -  -  7.27
MCNorm 20.29  20.29 -  -  -
Fake 0.00  -  -nan - -
CF 0.00  -  -  -nan -
Total Systematic 40.90 40.90  -nan  -nan  9.64

Total Background	0.353
- Prompt	0.353
- Fake	0.000
- CF	0.000

####### Result #######
Signal Eff	0.209370
0.352577 1.557307
0.173899 1.120969
