
Processing Bin2_HNMuEl_1000_VBF.C...
[AnalysisInputs::SetMCSF] Get MC SF from /home/jskim/Documents/trilepton_13TeV/DiLepton/data/v8-0-7.32/MCSF.txt
[AnalysisInputs::SetMCSF] sample : VVV
[AnalysisInputs::SetMCSF] => MCSF = 1, MCSF_err = 0.5
[AnalysisInputs::SetMCSF] sample : WWW
[AnalysisInputs::SetMCSF] => MCSF = 1, MCSF_err = 0.5
[AnalysisInputs::SetMCSF] sample : WWZ
[AnalysisInputs::SetMCSF] => MCSF = 1, MCSF_err = 0.5
[AnalysisInputs::SetMCSF] sample : WZZ
[AnalysisInputs::SetMCSF] => MCSF = 1, MCSF_err = 0.5
[AnalysisInputs::SetMCSF] sample : ZZZ
[AnalysisInputs::SetMCSF] => MCSF = 1, MCSF_err = 0.5
[AnalysisInputs::SetMCSF] sample : ttV
[AnalysisInputs::SetMCSF] => MCSF = 1, MCSF_err = 0.5
[AnalysisInputs::SetMCSF] sample : ttW
[AnalysisInputs::SetMCSF] => MCSF = 1, MCSF_err = 0.5
[AnalysisInputs::SetMCSF] sample : ttZ
[AnalysisInputs::SetMCSF] => MCSF = 1, MCSF_err = 0.5
[AnalysisInputs::SetMCSF] sample : ttH_nonbb
[AnalysisInputs::SetMCSF] => MCSF = 1, MCSF_err = 0.5
[AnalysisInputs::SetMCSF] sample : top
[AnalysisInputs::SetMCSF] => MCSF = 1, MCSF_err = 0.5
[AnalysisInputs::SetMCSF] sample : WZTo3LNu_powheg
[AnalysisInputs::SetMCSF] => MCSF = 0.9878, MCSF_err = 0.0890059
[AnalysisInputs::SetMCSF] sample : ZGto2LG
[AnalysisInputs::SetMCSF] => MCSF = 0.771776, MCSF_err = 0.152815
[AnalysisInputs::SetMCSF] sample : ZZTo4L_powheg
[AnalysisInputs::SetMCSF] => MCSF = 0.929269, MCSF_err = 0.103637
[AnalysisInputs::SetMCSF] sample : ggZZto2e2mu
[AnalysisInputs::SetMCSF] => MCSF = 0.929269, MCSF_err = 0.103637
[AnalysisInputs::SetMCSF] sample : ggZZto2e2nu
[AnalysisInputs::SetMCSF] => MCSF = 0.929269, MCSF_err = 0.103637
[AnalysisInputs::SetMCSF] sample : ggZZto2e2tau
[AnalysisInputs::SetMCSF] => MCSF = 0.929269, MCSF_err = 0.103637
[AnalysisInputs::SetMCSF] sample : ggZZto2mu2nu
[AnalysisInputs::SetMCSF] => MCSF = 0.929269, MCSF_err = 0.103637
[AnalysisInputs::SetMCSF] sample : ggZZto2mu2tau
[AnalysisInputs::SetMCSF] => MCSF = 0.929269, MCSF_err = 0.103637
[AnalysisInputs::SetMCSF] sample : ggZZto4e
[AnalysisInputs::SetMCSF] => MCSF = 0.929269, MCSF_err = 0.103637
[AnalysisInputs::SetMCSF] sample : ggZZto4mu
[AnalysisInputs::SetMCSF] => MCSF = 0.929269, MCSF_err = 0.103637
[AnalysisInputs::SetMCSF] sample : ggZZto4tau
[AnalysisInputs::SetMCSF] => MCSF = 0.929269, MCSF_err = 0.103637
[AnalysisInputs::SetCalculatedSysts] Get Systematics from /home/jskim/Documents/trilepton_13TeV/DiLepton/data/v8-0-7.32/Syst.txt
[AnalysisInputs::SetCalculatedSysts] source : Luminosity
[AnalysisInputs::SetCalculatedSysts] => % sysematic = 0.025
[AnalysisInputs::SetCalculatedSysts] source : FakeLooseID
[AnalysisInputs::SetCalculatedSysts] => % sysematic = 0.3
[AnalysisInputs::SetCalculatedSysts] source : ChrageFlipSyst
[AnalysisInputs::SetCalculatedSysts] => % sysematic = 0.21
[CutRangeInfo::ReadCutCard] Get Cutcard from /home/jskim/Documents/trilepton_13TeV/DiLepton/data/v8-0-7.32/CutOpCard/OPTIMIZED_171108_MuEl_HighMass_Bin2/HNMuEl_1000.txt
prompt_tau21_syst = 0.0235161
signal_tau21_syst = 0.00550838
Central	0.31591	0	0
_MuonEn_up	0.475077	0	0
_MuonEn_down	0.32257	0	0
_MuonIDSF_up	0.324182	0	0
_MuonIDSF_down	0.317183	0	0
_ElectronEn_up	0.390833	0	0
_ElectronEn_down	0.320833	0	0
_ElectronIDSF_up	0.319448	0	0
_ElectronIDSF_down	0.316508	0	0
_TriggerSF_up	0.283017	0	0
_TriggerSF_down	0.323249	0	0
_PU_up	0.303301	0	0
_PU_down	0.341873	0	0
_JetEn_up	0.41814	0	0
_JetEn_down	0.406273	0	0
_JetRes_up	0.348487	0	0
_JetRes_down	0.320833	0	0
_Unclustered_up	0.291341	0	0
_Unclustered_down	0.297123	0	0
_BTagSFEff_up	0.320833	0	0
_BTagSFEff_down	0.324219	0	0
_BTagSFMiss_up	0.32094	0	0
_BTagSFMiss_down	0.320833	0	0
_JetMass_up	0.320833	0	0
_JetMass_down	0.361535	0	0
_JetMassRes_up	0.318441	0	0
_JetMassRes_down	0.320585	0	0

################ Sources ################
Source	SystTotal	SystPrompt	SystFake	Signal
Stat 34.38 34.38  -nan  -nan  0.96
Lumi 2.50  2.50 -  -  2.50
PDF  -  -  -  -  8.53
MuonPt  35.66 35.66  -  -  0.38
MuonID  1.87 1.87  -  -  2.11
ElectronE  16.81 16.81  -  -  0.11
ElectronID  0.80 0.80  -  -  2.04
Trigger  7.54 7.54  -  -  0.01
PU  6.46 6.46  -  -  1.20
JES  30.54 30.54  -  -  0.09
JER  7.37 7.37  -  -  0.20
Uncl  6.92 6.92  -  -  0.14
BEff  2.16 2.16  -  -  0.51
BMiss  1.58 1.58  -  -  0.55
JMS  10.27 10.27  -  -  0.04
JMR  1.19 1.19  -  -  0.08
Tau21 7.44  7.44 -  -  7.26
MCNorm 24.29  24.29 -  -  -
Fake 0.00  -  -nan - -
CF 0.00  -  -  -nan -
Total Systematic 58.80 58.80  -nan  -nan  9.48

Total Background	0.316
- Prompt	0.316
- Fake	0.000
- CF	0.000

####### Result #######
Signal Eff	0.317237
0.315910 1.681098
0.075893 1.119778
