
Processing Bin2_HNMuEl_100.C...
[AnalysisInputs::SetMCSF] Get MC SF from /home/jskim/Documents/trilepton_13TeV/DiLepton/data/v8-0-7.32/MCSF.txt
[AnalysisInputs::SetMCSF] sample : VVV
[AnalysisInputs::SetMCSF] => MCSF = 1, MCSF_err = 0.5
[AnalysisInputs::SetMCSF] sample : WWW
[AnalysisInputs::SetMCSF] => MCSF = 1, MCSF_err = 0.5
[AnalysisInputs::SetMCSF] sample : WWZ
[AnalysisInputs::SetMCSF] => MCSF = 1, MCSF_err = 0.5
[AnalysisInputs::SetMCSF] sample : WZZ
[AnalysisInputs::SetMCSF] => MCSF = 1, MCSF_err = 0.5
[AnalysisInputs::SetMCSF] sample : ZZZ
[AnalysisInputs::SetMCSF] => MCSF = 1, MCSF_err = 0.5
[AnalysisInputs::SetMCSF] sample : ttV
[AnalysisInputs::SetMCSF] => MCSF = 1, MCSF_err = 0.5
[AnalysisInputs::SetMCSF] sample : ttW
[AnalysisInputs::SetMCSF] => MCSF = 1, MCSF_err = 0.5
[AnalysisInputs::SetMCSF] sample : ttZ
[AnalysisInputs::SetMCSF] => MCSF = 1, MCSF_err = 0.5
[AnalysisInputs::SetMCSF] sample : ttH_nonbb
[AnalysisInputs::SetMCSF] => MCSF = 1, MCSF_err = 0.5
[AnalysisInputs::SetMCSF] sample : top
[AnalysisInputs::SetMCSF] => MCSF = 1, MCSF_err = 0.5
[AnalysisInputs::SetMCSF] sample : WZTo3LNu_powheg
[AnalysisInputs::SetMCSF] => MCSF = 0.9878, MCSF_err = 0.0890059
[AnalysisInputs::SetMCSF] sample : ZGto2LG
[AnalysisInputs::SetMCSF] => MCSF = 0.771776, MCSF_err = 0.152815
[AnalysisInputs::SetMCSF] sample : ZZTo4L_powheg
[AnalysisInputs::SetMCSF] => MCSF = 0.929269, MCSF_err = 0.103637
[AnalysisInputs::SetMCSF] sample : ggZZto2e2mu
[AnalysisInputs::SetMCSF] => MCSF = 0.929269, MCSF_err = 0.103637
[AnalysisInputs::SetMCSF] sample : ggZZto2e2nu
[AnalysisInputs::SetMCSF] => MCSF = 0.929269, MCSF_err = 0.103637
[AnalysisInputs::SetMCSF] sample : ggZZto2e2tau
[AnalysisInputs::SetMCSF] => MCSF = 0.929269, MCSF_err = 0.103637
[AnalysisInputs::SetMCSF] sample : ggZZto2mu2nu
[AnalysisInputs::SetMCSF] => MCSF = 0.929269, MCSF_err = 0.103637
[AnalysisInputs::SetMCSF] sample : ggZZto2mu2tau
[AnalysisInputs::SetMCSF] => MCSF = 0.929269, MCSF_err = 0.103637
[AnalysisInputs::SetMCSF] sample : ggZZto4e
[AnalysisInputs::SetMCSF] => MCSF = 0.929269, MCSF_err = 0.103637
[AnalysisInputs::SetMCSF] sample : ggZZto4mu
[AnalysisInputs::SetMCSF] => MCSF = 0.929269, MCSF_err = 0.103637
[AnalysisInputs::SetMCSF] sample : ggZZto4tau
[AnalysisInputs::SetMCSF] => MCSF = 0.929269, MCSF_err = 0.103637
[AnalysisInputs::SetCalculatedSysts] Get Systematics from /home/jskim/Documents/trilepton_13TeV/DiLepton/data/v8-0-7.32/Syst.txt
[AnalysisInputs::SetCalculatedSysts] source : Luminosity
[AnalysisInputs::SetCalculatedSysts] => % sysematic = 0.025
[AnalysisInputs::SetCalculatedSysts] source : FakeLooseID
[AnalysisInputs::SetCalculatedSysts] => % sysematic = 0.3
[AnalysisInputs::SetCalculatedSysts] source : ChrageFlipSyst
[AnalysisInputs::SetCalculatedSysts] => % sysematic = 0.21
[CutRangeInfo::ReadCutCard] Get Cutcard from /home/jskim/Documents/trilepton_13TeV/DiLepton/data/v8-0-7.32/CutOpCard/OPTIMIZED_171108_MuEl_HighMass_Bin2/HNMuEl_100.txt
prompt_tau21_syst = 0.0342872
signal_tau21_syst = 0.00866237
Central	0.46978	0.502358	0
_MuonEn_up	0.459114	0.502358	0
_MuonEn_down	0.458498	0.502358	0
_MuonIDSF_up	0.480534	0.502358	0
_MuonIDSF_down	0.435553	0.502358	0
_ElectronEn_up	0.467007	0.502358	0
_ElectronEn_down	0.465609	0.502358	0
_ElectronIDSF_up	0.470352	0.502358	0
_ElectronIDSF_down	0.491214	0.502358	0
_TriggerSF_up	0.455198	0.502358	0
_TriggerSF_down	0.46272	0.502358	0
_PU_up	0.468342	0.502358	0
_PU_down	0.4	0.502358	0
_JetEn_up	0.483384	0.502358	0
_JetEn_down	0.47863	0.502358	0
_JetRes_up	0.465086	0.502358	0
_JetRes_down	0.457354	0.502358	0
_Unclustered_up	0.458633	0.502358	0
_Unclustered_down	0.4549	0.502358	0
_BTagSFEff_up	0.454528	0.502358	0
_BTagSFEff_down	0.508445	0.502358	0
_BTagSFMiss_up	0.46249	0.502358	0
_BTagSFMiss_down	0.457501	0.502358	0
_JetMass_up	0.451907	0.502358	0
_JetMass_down	0.456245	0.502358	0
_JetMassRes_up	0.462018	0.502358	0
_JetMassRes_down	0.511239	0.502358	0

################ Sources ################
Source	SystTotal	SystPrompt	SystFake	Signal
Stat 27.08 33.77  41.83  -nan  43.19
Lumi 1.21  2.50 -  -  2.50
PDF  -  -  -  -  8.53
MuonPt  1.13 2.34  -  -  0.00
MuonID  2.61 5.40  -  -  5.47
ElectronE  0.36 0.75  -  -  7.90
ElectronID  1.56 3.23  -  -  2.00
Trigger  1.18 2.44  -  -  0.00
PU  5.08 10.51  -  -  10.36
JES  1.18 2.44  -  -  6.64
JER  0.97 2.00  -  -  7.90
Uncl  1.35 2.80  -  -  11.02
BEff  3.02 6.26  -  -  0.00
BMiss  1.04 2.15  -  -  0.00
JMS  1.63 3.37  -  -  0.00
JMR  3.07 6.35  -  -  0.00
Tau21 3.53  7.30 -  -  7.21
MCNorm 6.29  13.02 -  -  -
Fake 15.50  -  30.00 - -
CF 0.00  -  -  -nan -
Total Systematic 18.92 22.45  30.00  -nan  22.59

Total Background	0.972
- Prompt	0.470
- Fake	0.502
- CF	0.000

####### Result #######
Signal Eff	0.000043
0.972138 1.330378
0.120190 1.492717
