
Processing Bin2_HNMuEl_800_VBF.C...
[AnalysisInputs::SetMCSF] Get MC SF from /home/jskim/Documents/trilepton_13TeV/DiLepton/data/v8-0-7.32/MCSF.txt
[AnalysisInputs::SetMCSF] sample : VVV
[AnalysisInputs::SetMCSF] => MCSF = 1, MCSF_err = 0.5
[AnalysisInputs::SetMCSF] sample : WWW
[AnalysisInputs::SetMCSF] => MCSF = 1, MCSF_err = 0.5
[AnalysisInputs::SetMCSF] sample : WWZ
[AnalysisInputs::SetMCSF] => MCSF = 1, MCSF_err = 0.5
[AnalysisInputs::SetMCSF] sample : WZZ
[AnalysisInputs::SetMCSF] => MCSF = 1, MCSF_err = 0.5
[AnalysisInputs::SetMCSF] sample : ZZZ
[AnalysisInputs::SetMCSF] => MCSF = 1, MCSF_err = 0.5
[AnalysisInputs::SetMCSF] sample : ttV
[AnalysisInputs::SetMCSF] => MCSF = 1, MCSF_err = 0.5
[AnalysisInputs::SetMCSF] sample : ttW
[AnalysisInputs::SetMCSF] => MCSF = 1, MCSF_err = 0.5
[AnalysisInputs::SetMCSF] sample : ttZ
[AnalysisInputs::SetMCSF] => MCSF = 1, MCSF_err = 0.5
[AnalysisInputs::SetMCSF] sample : ttH_nonbb
[AnalysisInputs::SetMCSF] => MCSF = 1, MCSF_err = 0.5
[AnalysisInputs::SetMCSF] sample : top
[AnalysisInputs::SetMCSF] => MCSF = 1, MCSF_err = 0.5
[AnalysisInputs::SetMCSF] sample : WZTo3LNu_powheg
[AnalysisInputs::SetMCSF] => MCSF = 0.9878, MCSF_err = 0.0890059
[AnalysisInputs::SetMCSF] sample : ZGto2LG
[AnalysisInputs::SetMCSF] => MCSF = 0.771776, MCSF_err = 0.152815
[AnalysisInputs::SetMCSF] sample : ZZTo4L_powheg
[AnalysisInputs::SetMCSF] => MCSF = 0.929269, MCSF_err = 0.103637
[AnalysisInputs::SetMCSF] sample : ggZZto2e2mu
[AnalysisInputs::SetMCSF] => MCSF = 0.929269, MCSF_err = 0.103637
[AnalysisInputs::SetMCSF] sample : ggZZto2e2nu
[AnalysisInputs::SetMCSF] => MCSF = 0.929269, MCSF_err = 0.103637
[AnalysisInputs::SetMCSF] sample : ggZZto2e2tau
[AnalysisInputs::SetMCSF] => MCSF = 0.929269, MCSF_err = 0.103637
[AnalysisInputs::SetMCSF] sample : ggZZto2mu2nu
[AnalysisInputs::SetMCSF] => MCSF = 0.929269, MCSF_err = 0.103637
[AnalysisInputs::SetMCSF] sample : ggZZto2mu2tau
[AnalysisInputs::SetMCSF] => MCSF = 0.929269, MCSF_err = 0.103637
[AnalysisInputs::SetMCSF] sample : ggZZto4e
[AnalysisInputs::SetMCSF] => MCSF = 0.929269, MCSF_err = 0.103637
[AnalysisInputs::SetMCSF] sample : ggZZto4mu
[AnalysisInputs::SetMCSF] => MCSF = 0.929269, MCSF_err = 0.103637
[AnalysisInputs::SetMCSF] sample : ggZZto4tau
[AnalysisInputs::SetMCSF] => MCSF = 0.929269, MCSF_err = 0.103637
[AnalysisInputs::SetCalculatedSysts] Get Systematics from /home/jskim/Documents/trilepton_13TeV/DiLepton/data/v8-0-7.32/Syst.txt
[AnalysisInputs::SetCalculatedSysts] source : Luminosity
[AnalysisInputs::SetCalculatedSysts] => % sysematic = 0.025
[AnalysisInputs::SetCalculatedSysts] source : FakeLooseID
[AnalysisInputs::SetCalculatedSysts] => % sysematic = 0.3
[AnalysisInputs::SetCalculatedSysts] source : ChrageFlipSyst
[AnalysisInputs::SetCalculatedSysts] => % sysematic = 0.21
[CutRangeInfo::ReadCutCard] Get Cutcard from /home/jskim/Documents/trilepton_13TeV/DiLepton/data/v8-0-7.32/CutOpCard/OPTIMIZED_171108_MuEl_HighMass_Bin2/HNMuEl_800.txt
prompt_tau21_syst = 0.0326816
signal_tau21_syst = 0.0116654
Central	0.449428	0	0
_MuonEn_up	0.482149	0	0
_MuonEn_down	0.334967	0	0
_MuonIDSF_up	0.466675	0	0
_MuonIDSF_down	0.456872	0	0
_ElectronEn_up	0.448548	0	0
_ElectronEn_down	0.457536	0	0
_ElectronIDSF_up	0.460332	0	0
_ElectronIDSF_down	0.445109	0	0
_TriggerSF_up	0.454351	0	0
_TriggerSF_down	0.454351	0	0
_PU_up	0.435096	0	0
_PU_down	0.479045	0	0
_JetEn_up	0.420035	0	0
_JetEn_down	0.420365	0	0
_JetRes_up	0.45907	0	0
_JetRes_down	0.450227	0	0
_Unclustered_up	0.428314	0	0
_Unclustered_down	0.423903	0	0
_BTagSFEff_up	0.451872	0	0
_BTagSFEff_down	0.454351	0	0
_BTagSFMiss_up	0.454351	0	0
_BTagSFMiss_down	0.454351	0	0
_JetMass_up	0.456744	0	0
_JetMass_down	0.49977	0	0
_JetMassRes_up	0.462195	0	0
_JetMassRes_down	0.461846	0	0

################ Sources ################
Source	SystTotal	SystPrompt	SystFake	Signal
Stat 32.74 32.74  -nan  -nan  0.82
Lumi 2.50  2.50 -  -  2.50
PDF  -  -  -  -  8.53
MuonPt  18.73 18.73  -  -  0.88
MuonID  2.96 2.96  -  -  2.01
ElectronE  1.28 1.28  -  -  0.17
ElectronID  1.85 1.85  -  -  2.08
Trigger  1.10 1.10  -  -  0.07
PU  5.18 5.18  -  -  1.04
JES  6.50 6.50  -  -  0.16
JER  1.52 1.52  -  -  0.17
Uncl  5.21 5.21  -  -  0.14
BEff  0.86 0.86  -  -  0.45
BMiss  1.10 1.10  -  -  0.50
JMS  8.00 8.00  -  -  0.06
JMR  2.80 2.80  -  -  0.05
Tau21 7.27  7.27 -  -  7.27
MCNorm 18.35  18.35 -  -  -
Fake 0.00  -  -nan - -
CF 0.00  -  -  -nan -
Total Systematic 30.56 30.56  -nan  -nan  9.48

Total Background	0.449
- Prompt	0.449
- Fake	0.000
- CF	0.000

####### Result #######
Signal Eff	0.286473
0.449428 1.447890
0.160443 1.119735
