
Processing Bin2_HNMuEl_125.C...
[AnalysisInputs::SetMCSF] Get MC SF from /home/jskim/Documents/trilepton_13TeV/DiLepton/data/v8-0-7.32/MCSF.txt
[AnalysisInputs::SetMCSF] sample : VVV
[AnalysisInputs::SetMCSF] => MCSF = 1, MCSF_err = 0.5
[AnalysisInputs::SetMCSF] sample : WWW
[AnalysisInputs::SetMCSF] => MCSF = 1, MCSF_err = 0.5
[AnalysisInputs::SetMCSF] sample : WWZ
[AnalysisInputs::SetMCSF] => MCSF = 1, MCSF_err = 0.5
[AnalysisInputs::SetMCSF] sample : WZZ
[AnalysisInputs::SetMCSF] => MCSF = 1, MCSF_err = 0.5
[AnalysisInputs::SetMCSF] sample : ZZZ
[AnalysisInputs::SetMCSF] => MCSF = 1, MCSF_err = 0.5
[AnalysisInputs::SetMCSF] sample : ttV
[AnalysisInputs::SetMCSF] => MCSF = 1, MCSF_err = 0.5
[AnalysisInputs::SetMCSF] sample : ttW
[AnalysisInputs::SetMCSF] => MCSF = 1, MCSF_err = 0.5
[AnalysisInputs::SetMCSF] sample : ttZ
[AnalysisInputs::SetMCSF] => MCSF = 1, MCSF_err = 0.5
[AnalysisInputs::SetMCSF] sample : ttH_nonbb
[AnalysisInputs::SetMCSF] => MCSF = 1, MCSF_err = 0.5
[AnalysisInputs::SetMCSF] sample : top
[AnalysisInputs::SetMCSF] => MCSF = 1, MCSF_err = 0.5
[AnalysisInputs::SetMCSF] sample : WZTo3LNu_powheg
[AnalysisInputs::SetMCSF] => MCSF = 0.9878, MCSF_err = 0.0890059
[AnalysisInputs::SetMCSF] sample : ZGto2LG
[AnalysisInputs::SetMCSF] => MCSF = 0.771776, MCSF_err = 0.152815
[AnalysisInputs::SetMCSF] sample : ZZTo4L_powheg
[AnalysisInputs::SetMCSF] => MCSF = 0.929269, MCSF_err = 0.103637
[AnalysisInputs::SetMCSF] sample : ggZZto2e2mu
[AnalysisInputs::SetMCSF] => MCSF = 0.929269, MCSF_err = 0.103637
[AnalysisInputs::SetMCSF] sample : ggZZto2e2nu
[AnalysisInputs::SetMCSF] => MCSF = 0.929269, MCSF_err = 0.103637
[AnalysisInputs::SetMCSF] sample : ggZZto2e2tau
[AnalysisInputs::SetMCSF] => MCSF = 0.929269, MCSF_err = 0.103637
[AnalysisInputs::SetMCSF] sample : ggZZto2mu2nu
[AnalysisInputs::SetMCSF] => MCSF = 0.929269, MCSF_err = 0.103637
[AnalysisInputs::SetMCSF] sample : ggZZto2mu2tau
[AnalysisInputs::SetMCSF] => MCSF = 0.929269, MCSF_err = 0.103637
[AnalysisInputs::SetMCSF] sample : ggZZto4e
[AnalysisInputs::SetMCSF] => MCSF = 0.929269, MCSF_err = 0.103637
[AnalysisInputs::SetMCSF] sample : ggZZto4mu
[AnalysisInputs::SetMCSF] => MCSF = 0.929269, MCSF_err = 0.103637
[AnalysisInputs::SetMCSF] sample : ggZZto4tau
[AnalysisInputs::SetMCSF] => MCSF = 0.929269, MCSF_err = 0.103637
[AnalysisInputs::SetCalculatedSysts] Get Systematics from /home/jskim/Documents/trilepton_13TeV/DiLepton/data/v8-0-7.32/Syst.txt
[AnalysisInputs::SetCalculatedSysts] source : Luminosity
[AnalysisInputs::SetCalculatedSysts] => % sysematic = 0.025
[AnalysisInputs::SetCalculatedSysts] source : FakeLooseID
[AnalysisInputs::SetCalculatedSysts] => % sysematic = 0.3
[AnalysisInputs::SetCalculatedSysts] source : ChrageFlipSyst
[AnalysisInputs::SetCalculatedSysts] => % sysematic = 0.21
[CutRangeInfo::ReadCutCard] Get Cutcard from /home/jskim/Documents/trilepton_13TeV/DiLepton/data/v8-0-7.32/CutOpCard/OPTIMIZED_171108_MuEl_HighMass_Bin2/HNMuEl_125.txt
prompt_tau21_syst = 0.0363264
signal_tau21_syst = 0.0277485
Central	0.489348	0.143022	0
_MuonEn_up	0.481513	0.143022	0
_MuonEn_down	0.543995	0.143022	0
_MuonIDSF_up	0.560466	0.143022	0
_MuonIDSF_down	0.477693	0.143022	0
_ElectronEn_up	0.403212	0.143022	0
_ElectronEn_down	0.543914	0.143022	0
_ElectronIDSF_up	0.492481	0.143022	0
_ElectronIDSF_down	0.477825	0.143022	0
_TriggerSF_up	0.481362	0.143022	0
_TriggerSF_down	0.486493	0.143022	0
_PU_up	0.483228	0.143022	0
_PU_down	0.421486	0.143022	0
_JetEn_up	0.473708	0.143022	0
_JetEn_down	0.506615	0.143022	0
_JetRes_up	0.489585	0.143022	0
_JetRes_down	0.481751	0.143022	0
_Unclustered_up	0.485116	0.143022	0
_Unclustered_down	0.486537	0.143022	0
_BTagSFEff_up	0.477162	0.143022	0
_BTagSFEff_down	0.490846	0.143022	0
_BTagSFMiss_up	0.484248	0.143022	0
_BTagSFMiss_down	0.559609	0.143022	0
_JetMass_up	0.554588	0.143022	0
_JetMass_down	0.496167	0.143022	0
_JetMassRes_up	0.446436	0.143022	0
_JetMassRes_down	0.484049	0.143022	0

################ Sources ################
Source	SystTotal	SystPrompt	SystFake	Signal
Stat 26.63 29.23  62.13  -nan  14.73
Lumi 1.93  2.50 -  -  2.50
PDF  -  -  -  -  8.53
MuonPt  6.17 7.98  -  -  1.13
MuonID  8.06 10.41  -  -  2.76
ElectronE  11.40 14.73  -  -  0.00
ElectronID  1.34 1.73  -  -  2.09
Trigger  0.95 1.23  -  -  0.00
PU  7.62 9.85  -  -  2.15
JES  2.61 3.37  -  -  0.34
JER  0.85 1.10  -  -  1.18
Uncl  0.57 0.73  -  -  0.00
BEff  1.37 1.77  -  -  1.16
BMiss  7.88 10.18  -  -  0.00
JMS  7.33 9.48  -  -  1.65
JMR  4.83 6.25  -  -  1.65
Tau21 5.74  7.42 -  -  7.21
MCNorm 14.03  18.14 -  -  -
Fake 6.79  -  30.00 - -
CF 0.00  -  -  -nan -
Total Systematic 26.88 33.61  30.00  -nan  10.25

Total Background	0.632
- Prompt	0.489
- Fake	0.143
- CF	0.000

####### Result #######
Signal Eff	0.000427
0.632371 1.378370
0.385011 1.193409
