
Processing Bin2_HNMuEl_1300.C...
[AnalysisInputs::SetMCSF] Get MC SF from /home/jskim/Documents/trilepton_13TeV/DiLepton/data/v8-0-7.32/MCSF.txt
[AnalysisInputs::SetMCSF] sample : VVV
[AnalysisInputs::SetMCSF] => MCSF = 1, MCSF_err = 0.5
[AnalysisInputs::SetMCSF] sample : WWW
[AnalysisInputs::SetMCSF] => MCSF = 1, MCSF_err = 0.5
[AnalysisInputs::SetMCSF] sample : WWZ
[AnalysisInputs::SetMCSF] => MCSF = 1, MCSF_err = 0.5
[AnalysisInputs::SetMCSF] sample : WZZ
[AnalysisInputs::SetMCSF] => MCSF = 1, MCSF_err = 0.5
[AnalysisInputs::SetMCSF] sample : ZZZ
[AnalysisInputs::SetMCSF] => MCSF = 1, MCSF_err = 0.5
[AnalysisInputs::SetMCSF] sample : ttV
[AnalysisInputs::SetMCSF] => MCSF = 1, MCSF_err = 0.5
[AnalysisInputs::SetMCSF] sample : ttW
[AnalysisInputs::SetMCSF] => MCSF = 1, MCSF_err = 0.5
[AnalysisInputs::SetMCSF] sample : ttZ
[AnalysisInputs::SetMCSF] => MCSF = 1, MCSF_err = 0.5
[AnalysisInputs::SetMCSF] sample : ttH_nonbb
[AnalysisInputs::SetMCSF] => MCSF = 1, MCSF_err = 0.5
[AnalysisInputs::SetMCSF] sample : top
[AnalysisInputs::SetMCSF] => MCSF = 1, MCSF_err = 0.5
[AnalysisInputs::SetMCSF] sample : WZTo3LNu_powheg
[AnalysisInputs::SetMCSF] => MCSF = 0.9878, MCSF_err = 0.0890059
[AnalysisInputs::SetMCSF] sample : ZGto2LG
[AnalysisInputs::SetMCSF] => MCSF = 0.771776, MCSF_err = 0.152815
[AnalysisInputs::SetMCSF] sample : ZZTo4L_powheg
[AnalysisInputs::SetMCSF] => MCSF = 0.929269, MCSF_err = 0.103637
[AnalysisInputs::SetMCSF] sample : ggZZto2e2mu
[AnalysisInputs::SetMCSF] => MCSF = 0.929269, MCSF_err = 0.103637
[AnalysisInputs::SetMCSF] sample : ggZZto2e2nu
[AnalysisInputs::SetMCSF] => MCSF = 0.929269, MCSF_err = 0.103637
[AnalysisInputs::SetMCSF] sample : ggZZto2e2tau
[AnalysisInputs::SetMCSF] => MCSF = 0.929269, MCSF_err = 0.103637
[AnalysisInputs::SetMCSF] sample : ggZZto2mu2nu
[AnalysisInputs::SetMCSF] => MCSF = 0.929269, MCSF_err = 0.103637
[AnalysisInputs::SetMCSF] sample : ggZZto2mu2tau
[AnalysisInputs::SetMCSF] => MCSF = 0.929269, MCSF_err = 0.103637
[AnalysisInputs::SetMCSF] sample : ggZZto4e
[AnalysisInputs::SetMCSF] => MCSF = 0.929269, MCSF_err = 0.103637
[AnalysisInputs::SetMCSF] sample : ggZZto4mu
[AnalysisInputs::SetMCSF] => MCSF = 0.929269, MCSF_err = 0.103637
[AnalysisInputs::SetMCSF] sample : ggZZto4tau
[AnalysisInputs::SetMCSF] => MCSF = 0.929269, MCSF_err = 0.103637
[AnalysisInputs::SetCalculatedSysts] Get Systematics from /home/jskim/Documents/trilepton_13TeV/DiLepton/data/v8-0-7.32/Syst.txt
[AnalysisInputs::SetCalculatedSysts] source : Luminosity
[AnalysisInputs::SetCalculatedSysts] => % sysematic = 0.025
[AnalysisInputs::SetCalculatedSysts] source : FakeLooseID
[AnalysisInputs::SetCalculatedSysts] => % sysematic = 0.3
[AnalysisInputs::SetCalculatedSysts] source : ChrageFlipSyst
[AnalysisInputs::SetCalculatedSysts] => % sysematic = 0.21
[CutRangeInfo::ReadCutCard] Get Cutcard from /home/jskim/Documents/trilepton_13TeV/DiLepton/data/v8-0-7.32/CutOpCard/OPTIMIZED_171108_MuEl_HighMass_Bin2/HNMuEl_1300.txt
prompt_tau21_syst = 0.00417033
signal_tau21_syst = 0.000820697
Central	0.0545147	0	0
_MuonEn_up	0.208476	0	0
_MuonEn_down	0.0515502	0	0
_MuonIDSF_up	0.0471372	0	0
_MuonIDSF_down	0.0533937	0	0
_ElectronEn_up	0.0545147	0	0
_ElectronEn_down	0.0545147	0	0
_ElectronIDSF_up	0.0556373	0	0
_ElectronIDSF_down	0.0533557	0	0
_TriggerSF_up	0.0545147	0	0
_TriggerSF_down	0.0522283	0	0
_PU_up	0.0525109	0	0
_PU_down	0.0576703	0	0
_JetEn_up	0.129287	0	0
_JetEn_down	0.207369	0	0
_JetRes_up	0.0572511	0	0
_JetRes_down	0.0545147	0	0
_Unclustered_up	0.129162	0	0
_Unclustered_down	0.129287	0	0
_BTagSFEff_up	0.0545147	0	0
_BTagSFEff_down	0.0545147	0	0
_BTagSFMiss_up	0.0513252	0	0
_BTagSFMiss_down	0.0545147	0	0
_JetMass_up	0.0545147	0	0
_JetMass_down	0.0491657	0	0
_JetMassRes_up	0.0515714	0	0
_JetMassRes_down	0.0491657	0	0

################ Sources ################
Source	SystTotal	SystPrompt	SystFake	Signal
Stat 27.51 27.51  -nan  -nan  0.72
Lumi 2.50  2.50 -  -  2.50
PDF  -  -  -  -  8.53
MuonPt  199.74 199.74  -  -  0.51
MuonID  9.68 9.68  -  -  2.01
ElectronE  0.00 0.00  -  -  0.11
ElectronID  2.09 2.09  -  -  2.01
Trigger  2.97 2.97  -  -  0.03
PU  4.85 4.85  -  -  1.10
JES  220.72 220.72  -  -  0.27
JER  3.55 3.55  -  -  0.09
Uncl  137.05 137.05  -  -  0.15
BEff  0.00 0.00  -  -  0.47
BMiss  4.14 4.14  -  -  0.45
JMS  6.94 6.94  -  -  0.03
JMR  7.92 7.92  -  -  0.03
Tau21 7.65  7.65 -  -  7.27
MCNorm 14.24  14.24 -  -  -
Fake 0.00  -  -nan - -
CF 0.00  -  -  -nan -
Total Systematic 328.53 328.53  -nan  -nan  9.44

Total Background	0.055
- Prompt	0.055
- Fake	0.000
- CF	0.000

####### Result #######
Signal Eff	0.254991
0.054515 4.296796
0.011287 1.119372
