
Processing Bin2_HNMuEl_300.C...
[AnalysisInputs::SetMCSF] Get MC SF from /home/jskim/Documents/trilepton_13TeV/DiLepton/data/v8-0-7.32/MCSF.txt
[AnalysisInputs::SetMCSF] sample : VVV
[AnalysisInputs::SetMCSF] => MCSF = 1, MCSF_err = 0.5
[AnalysisInputs::SetMCSF] sample : WWW
[AnalysisInputs::SetMCSF] => MCSF = 1, MCSF_err = 0.5
[AnalysisInputs::SetMCSF] sample : WWZ
[AnalysisInputs::SetMCSF] => MCSF = 1, MCSF_err = 0.5
[AnalysisInputs::SetMCSF] sample : WZZ
[AnalysisInputs::SetMCSF] => MCSF = 1, MCSF_err = 0.5
[AnalysisInputs::SetMCSF] sample : ZZZ
[AnalysisInputs::SetMCSF] => MCSF = 1, MCSF_err = 0.5
[AnalysisInputs::SetMCSF] sample : ttV
[AnalysisInputs::SetMCSF] => MCSF = 1, MCSF_err = 0.5
[AnalysisInputs::SetMCSF] sample : ttW
[AnalysisInputs::SetMCSF] => MCSF = 1, MCSF_err = 0.5
[AnalysisInputs::SetMCSF] sample : ttZ
[AnalysisInputs::SetMCSF] => MCSF = 1, MCSF_err = 0.5
[AnalysisInputs::SetMCSF] sample : ttH_nonbb
[AnalysisInputs::SetMCSF] => MCSF = 1, MCSF_err = 0.5
[AnalysisInputs::SetMCSF] sample : top
[AnalysisInputs::SetMCSF] => MCSF = 1, MCSF_err = 0.5
[AnalysisInputs::SetMCSF] sample : WZTo3LNu_powheg
[AnalysisInputs::SetMCSF] => MCSF = 0.9878, MCSF_err = 0.0890059
[AnalysisInputs::SetMCSF] sample : ZGto2LG
[AnalysisInputs::SetMCSF] => MCSF = 0.771776, MCSF_err = 0.152815
[AnalysisInputs::SetMCSF] sample : ZZTo4L_powheg
[AnalysisInputs::SetMCSF] => MCSF = 0.929269, MCSF_err = 0.103637
[AnalysisInputs::SetMCSF] sample : ggZZto2e2mu
[AnalysisInputs::SetMCSF] => MCSF = 0.929269, MCSF_err = 0.103637
[AnalysisInputs::SetMCSF] sample : ggZZto2e2nu
[AnalysisInputs::SetMCSF] => MCSF = 0.929269, MCSF_err = 0.103637
[AnalysisInputs::SetMCSF] sample : ggZZto2e2tau
[AnalysisInputs::SetMCSF] => MCSF = 0.929269, MCSF_err = 0.103637
[AnalysisInputs::SetMCSF] sample : ggZZto2mu2nu
[AnalysisInputs::SetMCSF] => MCSF = 0.929269, MCSF_err = 0.103637
[AnalysisInputs::SetMCSF] sample : ggZZto2mu2tau
[AnalysisInputs::SetMCSF] => MCSF = 0.929269, MCSF_err = 0.103637
[AnalysisInputs::SetMCSF] sample : ggZZto4e
[AnalysisInputs::SetMCSF] => MCSF = 0.929269, MCSF_err = 0.103637
[AnalysisInputs::SetMCSF] sample : ggZZto4mu
[AnalysisInputs::SetMCSF] => MCSF = 0.929269, MCSF_err = 0.103637
[AnalysisInputs::SetMCSF] sample : ggZZto4tau
[AnalysisInputs::SetMCSF] => MCSF = 0.929269, MCSF_err = 0.103637
[AnalysisInputs::SetCalculatedSysts] Get Systematics from /home/jskim/Documents/trilepton_13TeV/DiLepton/data/v8-0-7.32/Syst.txt
[AnalysisInputs::SetCalculatedSysts] source : Luminosity
[AnalysisInputs::SetCalculatedSysts] => % sysematic = 0.025
[AnalysisInputs::SetCalculatedSysts] source : FakeLooseID
[AnalysisInputs::SetCalculatedSysts] => % sysematic = 0.3
[AnalysisInputs::SetCalculatedSysts] source : ChrageFlipSyst
[AnalysisInputs::SetCalculatedSysts] => % sysematic = 0.21
[CutRangeInfo::ReadCutCard] Get Cutcard from /home/jskim/Documents/trilepton_13TeV/DiLepton/data/v8-0-7.32/CutOpCard/OPTIMIZED_171108_MuEl_HighMass_Bin2/HNMuEl_300.txt
prompt_tau21_syst = 0.0777543
signal_tau21_syst = 0.0834936
Central	1.06045	0.141461	0
_MuonEn_up	1.14191	0.141461	0
_MuonEn_down	0.957366	0.141461	0
_MuonIDSF_up	1.08375	0.141461	0
_MuonIDSF_down	1.05091	0.141461	0
_ElectronEn_up	0.982978	0.141461	0
_ElectronEn_down	1.05162	0.141461	0
_ElectronIDSF_up	1.06976	0.141461	0
_ElectronIDSF_down	1.04321	0.141461	0
_TriggerSF_up	1.01957	0.141461	0
_TriggerSF_down	1.07203	0.141461	0
_PU_up	1.02928	0.141461	0
_PU_down	1.07756	0.141461	0
_JetEn_up	0.963465	0.141461	0
_JetEn_down	1.03628	0.141461	0
_JetRes_up	1.04553	0.141461	0
_JetRes_down	1.04804	0.141461	0
_Unclustered_up	1.10238	0.141461	0
_Unclustered_down	1.10612	0.141461	0
_BTagSFEff_up	1.0534	0.141461	0
_BTagSFEff_down	1.07094	0.141461	0
_BTagSFMiss_up	0.984202	0.141461	0
_BTagSFMiss_down	1.05211	0.141461	0
_JetMass_up	1.06757	0.141461	0
_JetMass_down	1.02574	0.141461	0
_JetMassRes_up	1.05888	0.141461	0
_JetMassRes_down	1.0634	0.141461	0

################ Sources ################
Source	SystTotal	SystPrompt	SystFake	Signal
Stat 18.85 18.90  74.64  -nan  1.53
Lumi 2.21  2.50 -  -  2.50
PDF  -  -  -  -  8.53
MuonPt  7.73 8.76  -  -  0.82
MuonID  1.48 1.68  -  -  1.94
ElectronE  4.59 5.20  -  -  0.40
ElectronID  1.15 1.31  -  -  2.09
Trigger  2.50 2.83  -  -  0.17
PU  2.09 2.37  -  -  0.97
JES  5.88 6.66  -  -  0.05
JER  1.14 1.29  -  -  0.75
Uncl  3.65 4.13  -  -  0.09
BEff  0.74 0.84  -  -  0.33
BMiss  4.51 5.11  -  -  0.70
JMS  2.08 2.36  -  -  0.10
JMR  0.20 0.22  -  -  0.16
Tau21 6.47  7.33 -  -  7.26
MCNorm 21.54  24.41 -  -  -
Fake 3.53  -  30.00 - -
CF 0.00  -  -  -nan -
Total Systematic 26.31 29.56  30.00  -nan  9.49

Total Background	1.202
- Prompt	1.060
- Fake	0.141
- CF	0.000

####### Result #######
Signal Eff	0.048008
1.201908 1.323678
1.150719 1.120468
