
Processing Bin2_HNMuEl_900.C...
[AnalysisInputs::SetMCSF] Get MC SF from /home/jskim/Documents/trilepton_13TeV/DiLepton/data/v8-0-7.32/MCSF.txt
[AnalysisInputs::SetMCSF] sample : VVV
[AnalysisInputs::SetMCSF] => MCSF = 1, MCSF_err = 0.5
[AnalysisInputs::SetMCSF] sample : WWW
[AnalysisInputs::SetMCSF] => MCSF = 1, MCSF_err = 0.5
[AnalysisInputs::SetMCSF] sample : WWZ
[AnalysisInputs::SetMCSF] => MCSF = 1, MCSF_err = 0.5
[AnalysisInputs::SetMCSF] sample : WZZ
[AnalysisInputs::SetMCSF] => MCSF = 1, MCSF_err = 0.5
[AnalysisInputs::SetMCSF] sample : ZZZ
[AnalysisInputs::SetMCSF] => MCSF = 1, MCSF_err = 0.5
[AnalysisInputs::SetMCSF] sample : ttV
[AnalysisInputs::SetMCSF] => MCSF = 1, MCSF_err = 0.5
[AnalysisInputs::SetMCSF] sample : ttW
[AnalysisInputs::SetMCSF] => MCSF = 1, MCSF_err = 0.5
[AnalysisInputs::SetMCSF] sample : ttZ
[AnalysisInputs::SetMCSF] => MCSF = 1, MCSF_err = 0.5
[AnalysisInputs::SetMCSF] sample : ttH_nonbb
[AnalysisInputs::SetMCSF] => MCSF = 1, MCSF_err = 0.5
[AnalysisInputs::SetMCSF] sample : top
[AnalysisInputs::SetMCSF] => MCSF = 1, MCSF_err = 0.5
[AnalysisInputs::SetMCSF] sample : WZTo3LNu_powheg
[AnalysisInputs::SetMCSF] => MCSF = 0.9878, MCSF_err = 0.0890059
[AnalysisInputs::SetMCSF] sample : ZGto2LG
[AnalysisInputs::SetMCSF] => MCSF = 0.771776, MCSF_err = 0.152815
[AnalysisInputs::SetMCSF] sample : ZZTo4L_powheg
[AnalysisInputs::SetMCSF] => MCSF = 0.929269, MCSF_err = 0.103637
[AnalysisInputs::SetMCSF] sample : ggZZto2e2mu
[AnalysisInputs::SetMCSF] => MCSF = 0.929269, MCSF_err = 0.103637
[AnalysisInputs::SetMCSF] sample : ggZZto2e2nu
[AnalysisInputs::SetMCSF] => MCSF = 0.929269, MCSF_err = 0.103637
[AnalysisInputs::SetMCSF] sample : ggZZto2e2tau
[AnalysisInputs::SetMCSF] => MCSF = 0.929269, MCSF_err = 0.103637
[AnalysisInputs::SetMCSF] sample : ggZZto2mu2nu
[AnalysisInputs::SetMCSF] => MCSF = 0.929269, MCSF_err = 0.103637
[AnalysisInputs::SetMCSF] sample : ggZZto2mu2tau
[AnalysisInputs::SetMCSF] => MCSF = 0.929269, MCSF_err = 0.103637
[AnalysisInputs::SetMCSF] sample : ggZZto4e
[AnalysisInputs::SetMCSF] => MCSF = 0.929269, MCSF_err = 0.103637
[AnalysisInputs::SetMCSF] sample : ggZZto4mu
[AnalysisInputs::SetMCSF] => MCSF = 0.929269, MCSF_err = 0.103637
[AnalysisInputs::SetMCSF] sample : ggZZto4tau
[AnalysisInputs::SetMCSF] => MCSF = 0.929269, MCSF_err = 0.103637
[AnalysisInputs::SetCalculatedSysts] Get Systematics from /home/jskim/Documents/trilepton_13TeV/DiLepton/data/v8-0-7.32/Syst.txt
[AnalysisInputs::SetCalculatedSysts] source : Luminosity
[AnalysisInputs::SetCalculatedSysts] => % sysematic = 0.025
[AnalysisInputs::SetCalculatedSysts] source : FakeLooseID
[AnalysisInputs::SetCalculatedSysts] => % sysematic = 0.3
[AnalysisInputs::SetCalculatedSysts] source : ChrageFlipSyst
[AnalysisInputs::SetCalculatedSysts] => % sysematic = 0.21
[CutRangeInfo::ReadCutCard] Get Cutcard from /home/jskim/Documents/trilepton_13TeV/DiLepton/data/v8-0-7.32/CutOpCard/OPTIMIZED_171108_MuEl_HighMass_Bin2/HNMuEl_900.txt
prompt_tau21_syst = 0.0249455
signal_tau21_syst = 0.00513443
Central	0.335742	0	0
_MuonEn_up	0.490233	0	0
_MuonEn_down	0.337467	0	0
_MuonIDSF_up	0.338948	0	0
_MuonIDSF_down	0.336612	0	0
_ElectronEn_up	0.410665	0	0
_ElectronEn_down	0.340665	0	0
_ElectronIDSF_up	0.33964	0	0
_ElectronIDSF_down	0.335943	0	0
_TriggerSF_up	0.302849	0	0
_TriggerSF_down	0.343082	0	0
_PU_up	0.320345	0	0
_PU_down	0.36524	0	0
_JetEn_up	0.512745	0	0
_JetEn_down	0.500842	0	0
_JetRes_up	0.368319	0	0
_JetRes_down	0.340665	0	0
_Unclustered_up	0.385945	0	0
_Unclustered_down	0.391728	0	0
_BTagSFEff_up	0.340665	0	0
_BTagSFEff_down	0.344051	0	0
_BTagSFMiss_up	0.340772	0	0
_BTagSFMiss_down	0.340665	0	0
_JetMass_up	0.340665	0	0
_JetMass_down	0.376018	0	0
_JetMassRes_up	0.332888	0	0
_JetMassRes_down	0.335068	0	0

################ Sources ################
Source	SystTotal	SystPrompt	SystFake	Signal
Stat 32.48 32.48  -nan  -nan  0.69
Lumi 2.50  2.50 -  -  2.50
PDF  -  -  -  -  8.53
MuonPt  32.54 32.54  -  -  0.95
MuonID  0.70 0.70  -  -  2.04
ElectronE  15.81 15.81  -  -  0.22
ElectronID  0.82 0.82  -  -  1.97
Trigger  7.10 7.10  -  -  0.06
PU  7.01 7.01  -  -  1.23
JES  50.98 50.98  -  -  0.08
JER  6.94 6.94  -  -  0.16
Uncl  15.84 15.84  -  -  0.09
BEff  2.03 2.03  -  -  0.36
BMiss  1.48 1.48  -  -  0.46
JMS  8.55 8.55  -  -  0.06
JMR  0.62 0.62  -  -  0.03
Tau21 7.43  7.43 -  -  7.28
MCNorm 22.86  22.86 -  -  -
Fake 0.00  -  -nan - -
CF 0.00  -  -  -nan -
Total Systematic 70.50 70.50  -nan  -nan  9.48

Total Background	0.336
- Prompt	0.336
- Fake	0.000
- CF	0.000

####### Result #######
Signal Eff	0.258008
0.335742 1.776257
0.070505 1.119759
