
Processing Bin2_HNMuEl_400.C...
[AnalysisInputs::SetMCSF] Get MC SF from /home/jskim/Documents/trilepton_13TeV/DiLepton/data/v8-0-7.32/MCSF.txt
[AnalysisInputs::SetMCSF] sample : VVV
[AnalysisInputs::SetMCSF] => MCSF = 1, MCSF_err = 0.5
[AnalysisInputs::SetMCSF] sample : WWW
[AnalysisInputs::SetMCSF] => MCSF = 1, MCSF_err = 0.5
[AnalysisInputs::SetMCSF] sample : WWZ
[AnalysisInputs::SetMCSF] => MCSF = 1, MCSF_err = 0.5
[AnalysisInputs::SetMCSF] sample : WZZ
[AnalysisInputs::SetMCSF] => MCSF = 1, MCSF_err = 0.5
[AnalysisInputs::SetMCSF] sample : ZZZ
[AnalysisInputs::SetMCSF] => MCSF = 1, MCSF_err = 0.5
[AnalysisInputs::SetMCSF] sample : ttV
[AnalysisInputs::SetMCSF] => MCSF = 1, MCSF_err = 0.5
[AnalysisInputs::SetMCSF] sample : ttW
[AnalysisInputs::SetMCSF] => MCSF = 1, MCSF_err = 0.5
[AnalysisInputs::SetMCSF] sample : ttZ
[AnalysisInputs::SetMCSF] => MCSF = 1, MCSF_err = 0.5
[AnalysisInputs::SetMCSF] sample : ttH_nonbb
[AnalysisInputs::SetMCSF] => MCSF = 1, MCSF_err = 0.5
[AnalysisInputs::SetMCSF] sample : top
[AnalysisInputs::SetMCSF] => MCSF = 1, MCSF_err = 0.5
[AnalysisInputs::SetMCSF] sample : WZTo3LNu_powheg
[AnalysisInputs::SetMCSF] => MCSF = 0.9878, MCSF_err = 0.0890059
[AnalysisInputs::SetMCSF] sample : ZGto2LG
[AnalysisInputs::SetMCSF] => MCSF = 0.771776, MCSF_err = 0.152815
[AnalysisInputs::SetMCSF] sample : ZZTo4L_powheg
[AnalysisInputs::SetMCSF] => MCSF = 0.929269, MCSF_err = 0.103637
[AnalysisInputs::SetMCSF] sample : ggZZto2e2mu
[AnalysisInputs::SetMCSF] => MCSF = 0.929269, MCSF_err = 0.103637
[AnalysisInputs::SetMCSF] sample : ggZZto2e2nu
[AnalysisInputs::SetMCSF] => MCSF = 0.929269, MCSF_err = 0.103637
[AnalysisInputs::SetMCSF] sample : ggZZto2e2tau
[AnalysisInputs::SetMCSF] => MCSF = 0.929269, MCSF_err = 0.103637
[AnalysisInputs::SetMCSF] sample : ggZZto2mu2nu
[AnalysisInputs::SetMCSF] => MCSF = 0.929269, MCSF_err = 0.103637
[AnalysisInputs::SetMCSF] sample : ggZZto2mu2tau
[AnalysisInputs::SetMCSF] => MCSF = 0.929269, MCSF_err = 0.103637
[AnalysisInputs::SetMCSF] sample : ggZZto4e
[AnalysisInputs::SetMCSF] => MCSF = 0.929269, MCSF_err = 0.103637
[AnalysisInputs::SetMCSF] sample : ggZZto4mu
[AnalysisInputs::SetMCSF] => MCSF = 0.929269, MCSF_err = 0.103637
[AnalysisInputs::SetMCSF] sample : ggZZto4tau
[AnalysisInputs::SetMCSF] => MCSF = 0.929269, MCSF_err = 0.103637
[AnalysisInputs::SetCalculatedSysts] Get Systematics from /home/jskim/Documents/trilepton_13TeV/DiLepton/data/v8-0-7.32/Syst.txt
[AnalysisInputs::SetCalculatedSysts] source : Luminosity
[AnalysisInputs::SetCalculatedSysts] => % sysematic = 0.025
[AnalysisInputs::SetCalculatedSysts] source : FakeLooseID
[AnalysisInputs::SetCalculatedSysts] => % sysematic = 0.3
[AnalysisInputs::SetCalculatedSysts] source : ChrageFlipSyst
[AnalysisInputs::SetCalculatedSysts] => % sysematic = 0.21
[CutRangeInfo::ReadCutCard] Get Cutcard from /home/jskim/Documents/trilepton_13TeV/DiLepton/data/v8-0-7.32/CutOpCard/OPTIMIZED_171108_MuEl_HighMass_Bin2/HNMuEl_400.txt
prompt_tau21_syst = 0.0370552
signal_tau21_syst = 0.0434378
Central	0.510875	0	0
_MuonEn_up	0.575214	0	0
_MuonEn_down	0.561848	0	0
_MuonIDSF_up	0.516408	0	0
_MuonIDSF_down	0.496533	0	0
_ElectronEn_up	1.57453	0	0
_ElectronEn_down	0.515229	0	0
_ElectronIDSF_up	0.501524	0	0
_ElectronIDSF_down	0.491496	0	0
_TriggerSF_up	0.500129	0	0
_TriggerSF_down	0.497408	0	0
_PU_up	0.498033	0	0
_PU_down	0.505876	0	0
_JetEn_up	1.63933	0	0
_JetEn_down	0.505799	0	0
_JetRes_up	0.49795	0	0
_JetRes_down	0.485719	0	0
_Unclustered_up	0.50142	0	0
_Unclustered_down	0.509496	0	0
_BTagSFEff_up	0.489615	0	0
_BTagSFEff_down	0.504164	0	0
_BTagSFMiss_up	0.415972	0	0
_BTagSFMiss_down	0.49413	0	0
_JetMass_up	0.547358	0	0
_JetMass_down	0.486193	0	0
_JetMassRes_up	0.498999	0	0
_JetMassRes_down	0.489647	0	0

################ Sources ################
Source	SystTotal	SystPrompt	SystFake	Signal
Stat 28.24 28.24  -nan  -nan  1.24
Lumi 2.50  2.50 -  -  2.50
PDF  -  -  -  -  8.53
MuonPt  11.36 11.36  -  -  5.01
MuonID  2.13 2.13  -  -  2.17
ElectronE  147.22 147.22  -  -  0.52
ElectronID  2.98 2.98  -  -  2.17
Trigger  2.38 2.38  -  -  0.08
PU  1.91 1.91  -  -  2.03
JES  156.19 156.19  -  -  1.84
JER  3.91 3.91  -  -  2.01
Uncl  1.32 1.32  -  -  0.13
BEff  3.09 3.09  -  -  0.36
BMiss  13.34 13.34  -  -  0.53
JMS  6.10 6.10  -  -  0.22
JMR  3.37 3.37  -  -  0.11
Tau21 7.25  7.25 -  -  7.25
MCNorm 22.32  22.32 -  -  -
Fake 0.00  -  -nan - -
CF 0.00  -  -  -nan -
Total Systematic 216.87 216.87  -nan  -nan  11.22

Total Background	0.511
- Prompt	0.511
- Fake	0.000
- CF	0.000

####### Result #######
Signal Eff	0.072683
0.510875 3.187013
0.598838 1.134162
