
Processing HNMuMu_40.C...
[AnalysisInputs::SetMCSF] Get MC SF from /home/jskim/Documents/trilepton_13TeV/DiLepton/data/v8-0-7.31/MCSF.txt
[AnalysisInputs::SetMCSF] sample : VVV
[AnalysisInputs::SetMCSF] => MCSF = 1, MCSF_err = 0.5
[AnalysisInputs::SetMCSF] sample : WWW
[AnalysisInputs::SetMCSF] => MCSF = 1, MCSF_err = 0.5
[AnalysisInputs::SetMCSF] sample : WWZ
[AnalysisInputs::SetMCSF] => MCSF = 1, MCSF_err = 0.5
[AnalysisInputs::SetMCSF] sample : WZZ
[AnalysisInputs::SetMCSF] => MCSF = 1, MCSF_err = 0.5
[AnalysisInputs::SetMCSF] sample : ZZZ
[AnalysisInputs::SetMCSF] => MCSF = 1, MCSF_err = 0.5
[AnalysisInputs::SetMCSF] sample : ttV
[AnalysisInputs::SetMCSF] => MCSF = 1, MCSF_err = 0.5
[AnalysisInputs::SetMCSF] sample : ttW
[AnalysisInputs::SetMCSF] => MCSF = 1, MCSF_err = 0.5
[AnalysisInputs::SetMCSF] sample : ttZ
[AnalysisInputs::SetMCSF] => MCSF = 1, MCSF_err = 0.5
[AnalysisInputs::SetMCSF] sample : ttH_nonbb
[AnalysisInputs::SetMCSF] => MCSF = 1, MCSF_err = 0.5
[AnalysisInputs::SetMCSF] sample : top
[AnalysisInputs::SetMCSF] => MCSF = 1, MCSF_err = 0.5
[AnalysisInputs::SetMCSF] sample : WZTo3LNu_powheg
[AnalysisInputs::SetMCSF] => MCSF = 0.976142, MCSF_err = 0.0636323
[AnalysisInputs::SetMCSF] sample : ZGto2LG
[AnalysisInputs::SetMCSF] => MCSF = 0.825569, MCSF_err = 0.161879
[AnalysisInputs::SetMCSF] sample : ZZTo4L_powheg
[AnalysisInputs::SetMCSF] => MCSF = 0.922493, MCSF_err = 0.0870635
[AnalysisInputs::SetMCSF] sample : ggZZto2e2mu
[AnalysisInputs::SetMCSF] => MCSF = 0.922493, MCSF_err = 0.0870635
[AnalysisInputs::SetMCSF] sample : ggZZto2e2nu
[AnalysisInputs::SetMCSF] => MCSF = 0.922493, MCSF_err = 0.0870635
[AnalysisInputs::SetMCSF] sample : ggZZto2e2tau
[AnalysisInputs::SetMCSF] => MCSF = 0.922493, MCSF_err = 0.0870635
[AnalysisInputs::SetMCSF] sample : ggZZto2mu2nu
[AnalysisInputs::SetMCSF] => MCSF = 0.922493, MCSF_err = 0.0870635
[AnalysisInputs::SetMCSF] sample : ggZZto2mu2tau
[AnalysisInputs::SetMCSF] => MCSF = 0.922493, MCSF_err = 0.0870635
[AnalysisInputs::SetMCSF] sample : ggZZto4e
[AnalysisInputs::SetMCSF] => MCSF = 0.922493, MCSF_err = 0.0870635
[AnalysisInputs::SetMCSF] sample : ggZZto4mu
[AnalysisInputs::SetMCSF] => MCSF = 0.922493, MCSF_err = 0.0870635
[AnalysisInputs::SetMCSF] sample : ggZZto4tau
[AnalysisInputs::SetMCSF] => MCSF = 0.922493, MCSF_err = 0.0870635
[AnalysisInputs::SetCalculatedSysts] Get Systematics from /home/jskim/Documents/trilepton_13TeV/DiLepton/data/v8-0-7.31/Syst.txt
[AnalysisInputs::SetCalculatedSysts] source : Luminosity
[AnalysisInputs::SetCalculatedSysts] => % sysematic = 0.025
[AnalysisInputs::SetCalculatedSysts] source : FakeLooseID
[AnalysisInputs::SetCalculatedSysts] => % sysematic = 0.3
[AnalysisInputs::SetCalculatedSysts] source : ChrageFlipSyst
[AnalysisInputs::SetCalculatedSysts] => % sysematic = 0.21
[CutRangeInfo::ReadCutCard] Get Cutcard from /home/jskim/Documents/trilepton_13TeV/DiLepton/data/v8-0-7.31/CutOpCard/OPTIMIZED_171016_MuMu_LowMass/SecondPt15//HNMuMu_40.txt
Central	4.29284	4.21723	0
_MuonEn_up	4.29329	4.21723	0
_MuonEn_down	4.38369	4.21723	0
_MuonIDSF_up	4.21946	4.21723	0
_MuonIDSF_down	4.36956	4.21723	0
_ElectronEn_up	4.36906	4.21723	0
_ElectronEn_down	4.29958	4.21723	0
_ElectronIDSF_up	4.29297	4.21723	0
_ElectronIDSF_down	4.28978	4.21723	0
_TriggerSF_up	4.29724	4.21723	0
_TriggerSF_down	4.28322	4.21723	0
_PU_up	4.38219	4.21723	0
_PU_down	4.30677	4.21723	0
_JetEn_up	4.47348	4.21723	0
_JetEn_down	3.57465	4.21723	0
_JetRes_up	4.76798	4.21723	0
_JetRes_down	4.599	4.21723	0
_Unclustered_up	4.19945	4.21723	0
_Unclustered_down	4.42515	4.21723	0
_BTagSFEff_up	4.29176	4.21723	0
_BTagSFEff_down	4.30519	4.21723	0
_BTagSFMiss_up	4.29298	4.21723	0
_BTagSFMiss_down	4.29998	4.21723	0

################ Sources ################
Source	SystTotal	SystPrompt	SystFake	Signal
Lumi	1.26	2.50	0.00	2.50
PDF	0.00	0.00	0.00	19.20
Muon Energy Scale	0.75	1.50	0.00	0.59
Muon ID	0.88	1.75	0.00	0.45
Electron Energy Scale	0.64	1.26	0.00	0.06
Electron ID	0.03	0.05	0.00	0.84
Trigger SF	0.09	0.17	0.00	0.51
PU	0.75	1.49	0.00	0.89
Jet Energy Scale	6.15	12.20	0.00	12.82
Jet Energy Resolution	4.70	9.31	0.00	22.61
Unclustered Energy	1.35	2.67	0.00	3.02
B-tagging Eff	0.10	0.20	0.00	0.26
B-taggin Miss	0.06	0.12	0.00	0.68
MCNorm	0.81	1.60	0.00	0.00
Fake	14.87	0.00	30.00	0.00
Total Systematic	16.95	16.14	30.00	32.60

Total Background	8.51
- Prompt	4.29
- Fake	4.22
- CF	0.00

####### Result #######
8.51 1.263
2519.392 1.334
