
Processing CyclesForOptimization_MuMu_Bin2/HNMuMu_600.C...
[AnalysisInputs::SetMCSF] Get MC SF from /data8/Users/jskim/HN_dilepton_plotter/data/v8-0-7.37_PreApproval/MCSF.txt
[AnalysisInputs::SetMCSF] sample : VVV
[AnalysisInputs::SetMCSF] => MCSF = 1, MCSF_err = 0.5
[AnalysisInputs::SetMCSF] sample : WWW
[AnalysisInputs::SetMCSF] => MCSF = 1, MCSF_err = 0.5
[AnalysisInputs::SetMCSF] sample : WWZ
[AnalysisInputs::SetMCSF] => MCSF = 1, MCSF_err = 0.5
[AnalysisInputs::SetMCSF] sample : WZZ
[AnalysisInputs::SetMCSF] => MCSF = 1, MCSF_err = 0.5
[AnalysisInputs::SetMCSF] sample : ZZZ
[AnalysisInputs::SetMCSF] => MCSF = 1, MCSF_err = 0.5
[AnalysisInputs::SetMCSF] sample : ttV
[AnalysisInputs::SetMCSF] => MCSF = 1, MCSF_err = 0.5
[AnalysisInputs::SetMCSF] sample : ttW
[AnalysisInputs::SetMCSF] => MCSF = 1, MCSF_err = 0.5
[AnalysisInputs::SetMCSF] sample : ttZ
[AnalysisInputs::SetMCSF] => MCSF = 1, MCSF_err = 0.5
[AnalysisInputs::SetMCSF] sample : ttH_nonbb
[AnalysisInputs::SetMCSF] => MCSF = 1, MCSF_err = 0.5
[AnalysisInputs::SetMCSF] sample : top
[AnalysisInputs::SetMCSF] => MCSF = 1, MCSF_err = 0.5
[AnalysisInputs::SetMCSF] sample : WWTo2L2Nu_DS
[AnalysisInputs::SetMCSF] => MCSF = 1, MCSF_err = 0.5
[AnalysisInputs::SetMCSF] sample : WpWpEWK
[AnalysisInputs::SetMCSF] => MCSF = 1, MCSF_err = 0.5
[AnalysisInputs::SetMCSF] sample : WpWpQCD
[AnalysisInputs::SetMCSF] => MCSF = 1, MCSF_err = 0.5
[AnalysisInputs::SetMCSF] sample : WZTo3LNu_mllmin01
[AnalysisInputs::SetMCSF] => MCSF = 0.65, MCSF_err = 0.06
[AnalysisInputs::SetMCSF] sample : WZTo3LNu_powheg
[AnalysisInputs::SetMCSF] => MCSF = 1.05044, MCSF_err = 0.0648798
[AnalysisInputs::SetMCSF] sample : ZGto2LG
[AnalysisInputs::SetMCSF] => MCSF = 1.09954, MCSF_err = 0.076377
[AnalysisInputs::SetMCSF] sample : WGtoLNuG
[AnalysisInputs::SetMCSF] => MCSF = 1, MCSF_err = 0.076377
[AnalysisInputs::SetMCSF] sample : WGtoLNuG_weighted
[AnalysisInputs::SetMCSF] => MCSF = 1, MCSF_err = 0.076377
[AnalysisInputs::SetMCSF] sample : ZZTo4L_powheg
[AnalysisInputs::SetMCSF] => MCSF = 0.978852, MCSF_err = 0.0792882
[AnalysisInputs::SetMCSF] sample : ggZZto2e2mu
[AnalysisInputs::SetMCSF] => MCSF = 0.978852, MCSF_err = 0.0792882
[AnalysisInputs::SetMCSF] sample : ggZZto2e2nu
[AnalysisInputs::SetMCSF] => MCSF = 0.978852, MCSF_err = 0.0792882
[AnalysisInputs::SetMCSF] sample : ggZZto2e2tau
[AnalysisInputs::SetMCSF] => MCSF = 0.978852, MCSF_err = 0.0792882
[AnalysisInputs::SetMCSF] sample : ggZZto2mu2nu
[AnalysisInputs::SetMCSF] => MCSF = 0.978852, MCSF_err = 0.0792882
[AnalysisInputs::SetMCSF] sample : ggZZto2mu2tau
[AnalysisInputs::SetMCSF] => MCSF = 0.978852, MCSF_err = 0.0792882
[AnalysisInputs::SetMCSF] sample : ggZZto4e
[AnalysisInputs::SetMCSF] => MCSF = 0.978852, MCSF_err = 0.0792882
[AnalysisInputs::SetMCSF] sample : ggZZto4mu
[AnalysisInputs::SetMCSF] => MCSF = 0.978852, MCSF_err = 0.0792882
[AnalysisInputs::SetMCSF] sample : ggZZto4tau
[AnalysisInputs::SetMCSF] => MCSF = 0.978852, MCSF_err = 0.0792882
[AnalysisInputs::SetMCSF] sample : ggHtoZZ
[AnalysisInputs::SetMCSF] => MCSF = 0.978852, MCSF_err = 0.0792882
[AnalysisInputs::SetCalculatedSysts] Get Systematics from /data8/Users/jskim/HN_dilepton_plotter/data/v8-0-7.37_PreApproval/Syst.txt
[AnalysisInputs::SetCalculatedSysts] source : Luminosity
[AnalysisInputs::SetCalculatedSysts] => % sysematic = 0.025
[AnalysisInputs::SetCalculatedSysts] source : FakeLooseID
[AnalysisInputs::SetCalculatedSysts] => % sysematic = 0.3
[AnalysisInputs::SetCalculatedSysts] source : ChrageFlipSyst
[AnalysisInputs::SetCalculatedSysts] => % sysematic = 0.16
[CutRangeInfo::ReadCutCard] Get Cutcard from /data8/Users/jskim/HN_dilepton_plotter/data/v8-0-7.37_PreApproval/CutOpCard/RunDirectory/CyclesForOptimization_MuMu_Bin2/Cards//HNMuMu_600.txt

##################################################
#### TOTAL # of Loop = 3721
##################################################

[CutRangeInfo::PrintCutRangeInfo] leadingLepton_Pt_>
[CutInfo::PrintCutInfo] leadingLepton_Pt	>	140
[CutRangeInfo::PrintCutRangeInfo] ljj_|<
[CutInfo::PrintCutInfo] ljj	|<	900
[CutInfo::PrintCutInfo] ljj	|<	895
[CutInfo::PrintCutInfo] ljj	|<	890
[CutInfo::PrintCutInfo] ljj	|<	885
[CutInfo::PrintCutInfo] ljj	|<	880
[CutInfo::PrintCutInfo] ljj	|<	875
[CutInfo::PrintCutInfo] ljj	|<	870
[CutInfo::PrintCutInfo] ljj	|<	865
[CutInfo::PrintCutInfo] ljj	|<	860
[CutInfo::PrintCutInfo] ljj	|<	855
[CutInfo::PrintCutInfo] ljj	|<	850
[CutInfo::PrintCutInfo] ljj	|<	845
[CutInfo::PrintCutInfo] ljj	|<	840
[CutInfo::PrintCutInfo] ljj	|<	835
[CutInfo::PrintCutInfo] ljj	|<	830
[CutInfo::PrintCutInfo] ljj	|<	825
[CutInfo::PrintCutInfo] ljj	|<	820
[CutInfo::PrintCutInfo] ljj	|<	815
[CutInfo::PrintCutInfo] ljj	|<	810
[CutInfo::PrintCutInfo] ljj	|<	805
[CutInfo::PrintCutInfo] ljj	|<	800
[CutInfo::PrintCutInfo] ljj	|<	795
[CutInfo::PrintCutInfo] ljj	|<	790
[CutInfo::PrintCutInfo] ljj	|<	785
[CutInfo::PrintCutInfo] ljj	|<	780
[CutInfo::PrintCutInfo] ljj	|<	775
[CutInfo::PrintCutInfo] ljj	|<	770
[CutInfo::PrintCutInfo] ljj	|<	765
[CutInfo::PrintCutInfo] ljj	|<	760
[CutInfo::PrintCutInfo] ljj	|<	755
[CutInfo::PrintCutInfo] ljj	|<	750
[CutInfo::PrintCutInfo] ljj	|<	745
[CutInfo::PrintCutInfo] ljj	|<	740
[CutInfo::PrintCutInfo] ljj	|<	735
[CutInfo::PrintCutInfo] ljj	|<	730
[CutInfo::PrintCutInfo] ljj	|<	725
[CutInfo::PrintCutInfo] ljj	|<	720
[CutInfo::PrintCutInfo] ljj	|<	715
[CutInfo::PrintCutInfo] ljj	|<	710
[CutInfo::PrintCutInfo] ljj	|<	705
[CutInfo::PrintCutInfo] ljj	|<	700
[CutInfo::PrintCutInfo] ljj	|<	695
[CutInfo::PrintCutInfo] ljj	|<	690
[CutInfo::PrintCutInfo] ljj	|<	685
[CutInfo::PrintCutInfo] ljj	|<	680
[CutInfo::PrintCutInfo] ljj	|<	675
[CutInfo::PrintCutInfo] ljj	|<	670
[CutInfo::PrintCutInfo] ljj	|<	665
[CutInfo::PrintCutInfo] ljj	|<	660
[CutInfo::PrintCutInfo] ljj	|<	655
[CutInfo::PrintCutInfo] ljj	|<	650
[CutInfo::PrintCutInfo] ljj	|<	645
[CutInfo::PrintCutInfo] ljj	|<	640
[CutInfo::PrintCutInfo] ljj	|<	635
[CutInfo::PrintCutInfo] ljj	|<	630
[CutInfo::PrintCutInfo] ljj	|<	625
[CutInfo::PrintCutInfo] ljj	|<	620
[CutInfo::PrintCutInfo] ljj	|<	615
[CutInfo::PrintCutInfo] ljj	|<	610
[CutInfo::PrintCutInfo] ljj	|<	605
[CutInfo::PrintCutInfo] ljj	|<	600
[CutRangeInfo::PrintCutRangeInfo] ljj_|>
[CutInfo::PrintCutInfo] ljj	|>	300
[CutInfo::PrintCutInfo] ljj	|>	305
[CutInfo::PrintCutInfo] ljj	|>	310
[CutInfo::PrintCutInfo] ljj	|>	315
[CutInfo::PrintCutInfo] ljj	|>	320
[CutInfo::PrintCutInfo] ljj	|>	325
[CutInfo::PrintCutInfo] ljj	|>	330
[CutInfo::PrintCutInfo] ljj	|>	335
[CutInfo::PrintCutInfo] ljj	|>	340
[CutInfo::PrintCutInfo] ljj	|>	345
[CutInfo::PrintCutInfo] ljj	|>	350
[CutInfo::PrintCutInfo] ljj	|>	355
[CutInfo::PrintCutInfo] ljj	|>	360
[CutInfo::PrintCutInfo] ljj	|>	365
[CutInfo::PrintCutInfo] ljj	|>	370
[CutInfo::PrintCutInfo] ljj	|>	375
[CutInfo::PrintCutInfo] ljj	|>	380
[CutInfo::PrintCutInfo] ljj	|>	385
[CutInfo::PrintCutInfo] ljj	|>	390
[CutInfo::PrintCutInfo] ljj	|>	395
[CutInfo::PrintCutInfo] ljj	|>	400
[CutInfo::PrintCutInfo] ljj	|>	405
[CutInfo::PrintCutInfo] ljj	|>	410
[CutInfo::PrintCutInfo] ljj	|>	415
[CutInfo::PrintCutInfo] ljj	|>	420
[CutInfo::PrintCutInfo] ljj	|>	425
[CutInfo::PrintCutInfo] ljj	|>	430
[CutInfo::PrintCutInfo] ljj	|>	435
[CutInfo::PrintCutInfo] ljj	|>	440
[CutInfo::PrintCutInfo] ljj	|>	445
[CutInfo::PrintCutInfo] ljj	|>	450
[CutInfo::PrintCutInfo] ljj	|>	455
[CutInfo::PrintCutInfo] ljj	|>	460
[CutInfo::PrintCutInfo] ljj	|>	465
[CutInfo::PrintCutInfo] ljj	|>	470
[CutInfo::PrintCutInfo] ljj	|>	475
[CutInfo::PrintCutInfo] ljj	|>	480
[CutInfo::PrintCutInfo] ljj	|>	485
[CutInfo::PrintCutInfo] ljj	|>	490
[CutInfo::PrintCutInfo] ljj	|>	495
[CutInfo::PrintCutInfo] ljj	|>	500
[CutInfo::PrintCutInfo] ljj	|>	505
[CutInfo::PrintCutInfo] ljj	|>	510
[CutInfo::PrintCutInfo] ljj	|>	515
[CutInfo::PrintCutInfo] ljj	|>	520
[CutInfo::PrintCutInfo] ljj	|>	525
[CutInfo::PrintCutInfo] ljj	|>	530
[CutInfo::PrintCutInfo] ljj	|>	535
[CutInfo::PrintCutInfo] ljj	|>	540
[CutInfo::PrintCutInfo] ljj	|>	545
[CutInfo::PrintCutInfo] ljj	|>	550
[CutInfo::PrintCutInfo] ljj	|>	555
[CutInfo::PrintCutInfo] ljj	|>	560
[CutInfo::PrintCutInfo] ljj	|>	565
[CutInfo::PrintCutInfo] ljj	|>	570
[CutInfo::PrintCutInfo] ljj	|>	575
[CutInfo::PrintCutInfo] ljj	|>	580
[CutInfo::PrintCutInfo] ljj	|>	585
[CutInfo::PrintCutInfo] ljj	|>	590
[CutInfo::PrintCutInfo] ljj	|>	595
[CutInfo::PrintCutInfo] ljj	|>	600

##############################
#### OPTIMIZATION STARTED ####
##############################


!!!!!!!!!!!!!!!!!
!!!! UPDATED !!!!
!!!!!!!!!!!!!!!!!

[CutInfo::PrintCutInfo] leadingLepton_Pt	>	140
[CutInfo::PrintCutInfo] ljj	|<	900
[CutInfo::PrintCutInfo] ljj	|>	300
CF	0 +- 0
Fake	1.21086 +- 0.537054
Prompt	2.66436 +- 0.982927
=> total bkg = 3.87523
Signal	Yield	Efficiency	Efficiency@Presel	Punzi
HNMuMu_600	0.602411	0.32835	1.71305e-05	3.07518e-06
=====================================================================


!!!!!!!!!!!!!!!!!
!!!! UPDATED !!!!
!!!!!!!!!!!!!!!!!

[CutInfo::PrintCutInfo] leadingLepton_Pt	>	140
[CutInfo::PrintCutInfo] ljj	|<	895
[CutInfo::PrintCutInfo] ljj	|>	300
CF	0 +- 0
Fake	1.21086 +- 0.537054
Prompt	2.66436 +- 0.982927
=> total bkg = 3.87523
Signal	Yield	Efficiency	Efficiency@Presel	Punzi
HNMuMu_600	0.602411	0.32835	1.71305e-05	3.07518e-06
=====================================================================


!!!!!!!!!!!!!!!!!
!!!! UPDATED !!!!
!!!!!!!!!!!!!!!!!

[CutInfo::PrintCutInfo] leadingLepton_Pt	>	140
[CutInfo::PrintCutInfo] ljj	|<	890
[CutInfo::PrintCutInfo] ljj	|>	300
CF	0 +- 0
Fake	1.21086 +- 0.537054
Prompt	2.66436 +- 0.982927
=> total bkg = 3.87523
Signal	Yield	Efficiency	Efficiency@Presel	Punzi
HNMuMu_600	0.602411	0.32835	1.71305e-05	3.07518e-06
=====================================================================


!!!!!!!!!!!!!!!!!
!!!! UPDATED !!!!
!!!!!!!!!!!!!!!!!

[CutInfo::PrintCutInfo] leadingLepton_Pt	>	140
[CutInfo::PrintCutInfo] ljj	|<	885
[CutInfo::PrintCutInfo] ljj	|>	300
CF	0 +- 0
Fake	1.21086 +- 0.537054
Prompt	2.65882 +- 0.980307
=> total bkg = 3.86968
Signal	Yield	Efficiency	Efficiency@Presel	Punzi
HNMuMu_600	0.602389	0.328333	1.71299e-05	3.0773e-06
=====================================================================


!!!!!!!!!!!!!!!!!
!!!! UPDATED !!!!
!!!!!!!!!!!!!!!!!

[CutInfo::PrintCutInfo] leadingLepton_Pt	>	140
[CutInfo::PrintCutInfo] ljj	|<	850
[CutInfo::PrintCutInfo] ljj	|>	300
CF	0 +- 0
Fake	1.21134 +- 0.537152
Prompt	2.65474 +- 0.978385
=> total bkg = 3.86609
Signal	Yield	Efficiency	Efficiency@Presel	Punzi
HNMuMu_600	0.602177	0.328217	1.71238e-05	3.07773e-06
=====================================================================


!!!!!!!!!!!!!!!!!
!!!! UPDATED !!!!
!!!!!!!!!!!!!!!!!

[CutInfo::PrintCutInfo] leadingLepton_Pt	>	140
[CutInfo::PrintCutInfo] ljj	|<	845
[CutInfo::PrintCutInfo] ljj	|>	300
CF	0 +- 0
Fake	1.21151 +- 0.537186
Prompt	2.64916 +- 0.97575
=> total bkg = 3.86068
Signal	Yield	Efficiency	Efficiency@Presel	Punzi
HNMuMu_600	0.602159	0.3282	1.71233e-05	3.07983e-06
=====================================================================


!!!!!!!!!!!!!!!!!
!!!! UPDATED !!!!
!!!!!!!!!!!!!!!!!

[CutInfo::PrintCutInfo] leadingLepton_Pt	>	140
[CutInfo::PrintCutInfo] ljj	|<	840
[CutInfo::PrintCutInfo] ljj	|>	300
CF	0 +- 0
Fake	1.2113 +- 0.537142
Prompt	2.6454 +- 0.973977
=> total bkg = 3.8567
Signal	Yield	Efficiency	Efficiency@Presel	Punzi
HNMuMu_600	0.602159	0.3282	1.71233e-05	3.0814e-06
=====================================================================


!!!!!!!!!!!!!!!!!
!!!! UPDATED !!!!
!!!!!!!!!!!!!!!!!

[CutInfo::PrintCutInfo] leadingLepton_Pt	>	140
[CutInfo::PrintCutInfo] ljj	|<	835
[CutInfo::PrintCutInfo] ljj	|>	300
CF	0 +- 0
Fake	1.2113 +- 0.537142
Prompt	2.64005 +- 0.971454
=> total bkg = 3.85135
Signal	Yield	Efficiency	Efficiency@Presel	Punzi
HNMuMu_600	0.602049	0.328167	1.71202e-05	3.08299e-06
=====================================================================


!!!!!!!!!!!!!!!!!
!!!! UPDATED !!!!
!!!!!!!!!!!!!!!!!

[CutInfo::PrintCutInfo] leadingLepton_Pt	>	140
[CutInfo::PrintCutInfo] ljj	|<	830
[CutInfo::PrintCutInfo] ljj	|>	300
CF	0 +- 0
Fake	1.21168 +- 0.53722
Prompt	2.62829 +- 0.965901
=> total bkg = 3.83997
Signal	Yield	Efficiency	Efficiency@Presel	Punzi
HNMuMu_600	0.601997	0.32815	1.71187e-05	3.08737e-06
=====================================================================


!!!!!!!!!!!!!!!!!
!!!! UPDATED !!!!
!!!!!!!!!!!!!!!!!

[CutInfo::PrintCutInfo] leadingLepton_Pt	>	140
[CutInfo::PrintCutInfo] ljj	|<	735
[CutInfo::PrintCutInfo] ljj	|>	300
CF	0 +- 0
Fake	0.994881 +- 0.437708
Prompt	2.61001 +- 0.956428
=> total bkg = 3.60489
Signal	Yield	Efficiency	Efficiency@Presel	Punzi
HNMuMu_600	0.600145	0.327217	1.7066e-05	3.1548e-06
=====================================================================


!!!!!!!!!!!!!!!!!
!!!! UPDATED !!!!
!!!!!!!!!!!!!!!!!

[CutInfo::PrintCutInfo] leadingLepton_Pt	>	140
[CutInfo::PrintCutInfo] ljj	|<	725
[CutInfo::PrintCutInfo] ljj	|>	300
CF	0 +- 0
Fake	0.995238 +- 0.437781
Prompt	2.60335 +- 0.953292
=> total bkg = 3.59859
Signal	Yield	Efficiency	Efficiency@Presel	Punzi
HNMuMu_600	0.599918	0.327033	1.70596e-05	3.15641e-06
=====================================================================


!!!!!!!!!!!!!!!!!
!!!! UPDATED !!!!
!!!!!!!!!!!!!!!!!

[CutInfo::PrintCutInfo] leadingLepton_Pt	>	140
[CutInfo::PrintCutInfo] ljj	|<	720
[CutInfo::PrintCutInfo] ljj	|>	300
CF	0 +- 0
Fake	0.995238 +- 0.437781
Prompt	2.59968 +- 0.951565
=> total bkg = 3.59492
Signal	Yield	Efficiency	Efficiency@Presel	Punzi
HNMuMu_600	0.599768	0.326933	1.70553e-05	3.15722e-06
=====================================================================


!!!!!!!!!!!!!!!!!
!!!! UPDATED !!!!
!!!!!!!!!!!!!!!!!

[CutInfo::PrintCutInfo] leadingLepton_Pt	>	140
[CutInfo::PrintCutInfo] ljj	|<	710
[CutInfo::PrintCutInfo] ljj	|>	300
CF	0 +- 0
Fake	0.995238 +- 0.437781
Prompt	2.58987 +- 0.946955
=> total bkg = 3.58511
Signal	Yield	Efficiency	Efficiency@Presel	Punzi
HNMuMu_600	0.598963	0.326483	1.70324e-05	3.15727e-06
=====================================================================


!!!!!!!!!!!!!!!!!
!!!! UPDATED !!!!
!!!!!!!!!!!!!!!!!

[CutInfo::PrintCutInfo] leadingLepton_Pt	>	140
[CutInfo::PrintCutInfo] ljj	|<	705
[CutInfo::PrintCutInfo] ljj	|>	300
CF	0 +- 0
Fake	0.939024 +- 0.422707
Prompt	2.5811 +- 0.942832
=> total bkg = 3.52013
Signal	Yield	Efficiency	Efficiency@Presel	Punzi
HNMuMu_600	0.598458	0.326267	1.70181e-05	3.17461e-06
=====================================================================


!!!!!!!!!!!!!!!!!
!!!! UPDATED !!!!
!!!!!!!!!!!!!!!!!

[CutInfo::PrintCutInfo] leadingLepton_Pt	>	140
[CutInfo::PrintCutInfo] ljj	|<	695
[CutInfo::PrintCutInfo] ljj	|>	300
CF	0 +- 0
Fake	0.939252 +- 0.422752
Prompt	2.53327 +- 0.919422
=> total bkg = 3.47252
Signal	Yield	Efficiency	Efficiency@Presel	Punzi
HNMuMu_600	0.597009	0.3254	1.69769e-05	3.18862e-06
=====================================================================

####################################################
TIME STAMP : [2018/1/16 21:4:21] 100 / 3721 (2.68745 %)
####################################################
[CutInfo::PrintCutInfo] leadingLepton_Pt	>	140
[CutInfo::PrintCutInfo] ljj	|<	695
[CutInfo::PrintCutInfo] ljj	|>	300

!!!!!!!!!!!!!!!!!
!!!! UPDATED !!!!
!!!!!!!!!!!!!!!!!

[CutInfo::PrintCutInfo] leadingLepton_Pt	>	140
[CutInfo::PrintCutInfo] ljj	|<	695
[CutInfo::PrintCutInfo] ljj	|>	305
CF	0 +- 0
Fake	0.939252 +- 0.422752
Prompt	2.52555 +- 0.915801
=> total bkg = 3.4648
Signal	Yield	Efficiency	Efficiency@Presel	Punzi
HNMuMu_600	0.596961	0.325383	1.69755e-05	3.19184e-06
=====================================================================


!!!!!!!!!!!!!!!!!
!!!! UPDATED !!!!
!!!!!!!!!!!!!!!!!

[CutInfo::PrintCutInfo] leadingLepton_Pt	>	140
[CutInfo::PrintCutInfo] ljj	|<	695
[CutInfo::PrintCutInfo] ljj	|>	310
CF	0 +- 0
Fake	0.939512 +- 0.422804
Prompt	2.52201 +- 0.914142
=> total bkg = 3.46152
Signal	Yield	Efficiency	Efficiency@Presel	Punzi
HNMuMu_600	0.596866	0.325317	1.69728e-05	3.19284e-06
=====================================================================

####################################################
TIME STAMP : [2018/1/16 21:4:39] 200 / 3721 (5.3749 %)
####################################################
[CutInfo::PrintCutInfo] leadingLepton_Pt	>	140
[CutInfo::PrintCutInfo] ljj	|<	695
[CutInfo::PrintCutInfo] ljj	|>	310

!!!!!!!!!!!!!!!!!
!!!! UPDATED !!!!
!!!!!!!!!!!!!!!!!

[CutInfo::PrintCutInfo] leadingLepton_Pt	>	140
[CutInfo::PrintCutInfo] ljj	|<	695
[CutInfo::PrintCutInfo] ljj	|>	315
CF	0 +- 0
Fake	0.939512 +- 0.422804
Prompt	2.51439 +- 0.910578
=> total bkg = 3.45391
Signal	Yield	Efficiency	Efficiency@Presel	Punzi
HNMuMu_600	0.596795	0.325283	1.69708e-05	3.19589e-06
=====================================================================


!!!!!!!!!!!!!!!!!
!!!! UPDATED !!!!
!!!!!!!!!!!!!!!!!

[CutInfo::PrintCutInfo] leadingLepton_Pt	>	140
[CutInfo::PrintCutInfo] ljj	|<	695
[CutInfo::PrintCutInfo] ljj	|>	320
CF	0 +- 0
Fake	0.939603 +- 0.422822
Prompt	2.49684 +- 0.902361
=> total bkg = 3.43645
Signal	Yield	Efficiency	Efficiency@Presel	Punzi
HNMuMu_600	0.596724	0.325217	1.69688e-05	3.20341e-06
=====================================================================

####################################################
TIME STAMP : [2018/1/16 21:5:2] 300 / 3721 (8.06235 %)
####################################################
[CutInfo::PrintCutInfo] leadingLepton_Pt	>	140
[CutInfo::PrintCutInfo] ljj	|<	695
[CutInfo::PrintCutInfo] ljj	|>	320

!!!!!!!!!!!!!!!!!
!!!! UPDATED !!!!
!!!!!!!!!!!!!!!!!

[CutInfo::PrintCutInfo] leadingLepton_Pt	>	140
[CutInfo::PrintCutInfo] ljj	|<	705
[CutInfo::PrintCutInfo] ljj	|>	325
CF	0 +- 0
Fake	0.939374 +- 0.422777
Prompt	2.49862 +- 0.903507
=> total bkg = 3.438
Signal	Yield	Efficiency	Efficiency@Presel	Punzi
HNMuMu_600	0.598076	0.32605	1.70072e-05	3.20978e-06
=====================================================================


!!!!!!!!!!!!!!!!!
!!!! UPDATED !!!!
!!!!!!!!!!!!!!!!!

[CutInfo::PrintCutInfo] leadingLepton_Pt	>	140
[CutInfo::PrintCutInfo] ljj	|<	695
[CutInfo::PrintCutInfo] ljj	|>	325
CF	0 +- 0
Fake	0.939603 +- 0.422822
Prompt	2.45079 +- 0.880173
=> total bkg = 3.39039
Signal	Yield	Efficiency	Efficiency@Presel	Punzi
HNMuMu_600	0.596575	0.32515	1.69645e-05	3.22383e-06
=====================================================================

####################################################
TIME STAMP : [2018/1/16 21:5:24] 400 / 3721 (10.7498 %)
####################################################
[CutInfo::PrintCutInfo] leadingLepton_Pt	>	140
[CutInfo::PrintCutInfo] ljj	|<	695
[CutInfo::PrintCutInfo] ljj	|>	325

!!!!!!!!!!!!!!!!!
!!!! UPDATED !!!!
!!!!!!!!!!!!!!!!!

[CutInfo::PrintCutInfo] leadingLepton_Pt	>	140
[CutInfo::PrintCutInfo] ljj	|<	695
[CutInfo::PrintCutInfo] ljj	|>	330
CF	0 +- 0
Fake	0.939603 +- 0.422822
Prompt	2.44402 +- 0.877023
=> total bkg = 3.38363
Signal	Yield	Efficiency	Efficiency@Presel	Punzi
HNMuMu_600	0.596468	0.325083	1.69615e-05	3.22634e-06
=====================================================================


!!!!!!!!!!!!!!!!!
!!!! UPDATED !!!!
!!!!!!!!!!!!!!!!!

[CutInfo::PrintCutInfo] leadingLepton_Pt	>	140
[CutInfo::PrintCutInfo] ljj	|<	695
[CutInfo::PrintCutInfo] ljj	|>	335
CF	0 +- 0
Fake	0.939603 +- 0.422822
Prompt	2.42719 +- 0.869181
=> total bkg = 3.36679
Signal	Yield	Efficiency	Efficiency@Presel	Punzi
HNMuMu_600	0.596398	0.32505	1.69595e-05	3.23367e-06
=====================================================================

####################################################
TIME STAMP : [2018/1/16 21:5:47] 500 / 3721 (13.4372 %)
####################################################
[CutInfo::PrintCutInfo] leadingLepton_Pt	>	140
[CutInfo::PrintCutInfo] ljj	|<	695
[CutInfo::PrintCutInfo] ljj	|>	335

!!!!!!!!!!!!!!!!!
!!!! UPDATED !!!!
!!!!!!!!!!!!!!!!!

[CutInfo::PrintCutInfo] leadingLepton_Pt	>	140
[CutInfo::PrintCutInfo] ljj	|<	695
[CutInfo::PrintCutInfo] ljj	|>	340
CF	0 +- 0
Fake	0.939603 +- 0.422822
Prompt	2.41504 +- 0.863528
=> total bkg = 3.35464
Signal	Yield	Efficiency	Efficiency@Presel	Punzi
HNMuMu_600	0.596346	0.325	1.6958e-05	3.23897e-06
=====================================================================


!!!!!!!!!!!!!!!!!
!!!! UPDATED !!!!
!!!!!!!!!!!!!!!!!

[CutInfo::PrintCutInfo] leadingLepton_Pt	>	140
[CutInfo::PrintCutInfo] ljj	|<	725
[CutInfo::PrintCutInfo] ljj	|>	345
CF	0 +- 0
Fake	0.995588 +- 0.437852
Prompt	2.37853 +- 0.879669
=> total bkg = 3.37412
Signal	Yield	Efficiency	Efficiency@Presel	Punzi
HNMuMu_600	0.599465	0.32675	1.70467e-05	3.24051e-06
=====================================================================


!!!!!!!!!!!!!!!!!
!!!! UPDATED !!!!
!!!!!!!!!!!!!!!!!

[CutInfo::PrintCutInfo] leadingLepton_Pt	>	140
[CutInfo::PrintCutInfo] ljj	|<	720
[CutInfo::PrintCutInfo] ljj	|>	345
CF	0 +- 0
Fake	0.995588 +- 0.437852
Prompt	2.37131 +- 0.876288
=> total bkg = 3.3669
Signal	Yield	Efficiency	Efficiency@Presel	Punzi
HNMuMu_600	0.599229	0.326617	1.704e-05	3.24256e-06
=====================================================================


!!!!!!!!!!!!!!!!!
!!!! UPDATED !!!!
!!!!!!!!!!!!!!!!!

[CutInfo::PrintCutInfo] leadingLepton_Pt	>	140
[CutInfo::PrintCutInfo] ljj	|<	705
[CutInfo::PrintCutInfo] ljj	|>	345
CF	0 +- 0
Fake	0.939374 +- 0.422777
Prompt	2.35273 +- 0.867589
=> total bkg = 3.29211
Signal	Yield	Efficiency	Efficiency@Presel	Punzi
HNMuMu_600	0.597831	0.325883	1.70002e-05	3.26135e-06
=====================================================================


!!!!!!!!!!!!!!!!!
!!!! UPDATED !!!!
!!!!!!!!!!!!!!!!!

[CutInfo::PrintCutInfo] leadingLepton_Pt	>	140
[CutInfo::PrintCutInfo] ljj	|<	695
[CutInfo::PrintCutInfo] ljj	|>	345
CF	0 +- 0
Fake	0.939603 +- 0.422822
Prompt	2.3049 +- 0.844184
=> total bkg = 3.2445
Signal	Yield	Efficiency	Efficiency@Presel	Punzi
HNMuMu_600	0.596275	0.32495	1.6956e-05	3.27584e-06
=====================================================================

####################################################
TIME STAMP : [2018/1/16 21:6:10] 600 / 3721 (16.1247 %)
####################################################
[CutInfo::PrintCutInfo] leadingLepton_Pt	>	140
[CutInfo::PrintCutInfo] ljj	|<	695
[CutInfo::PrintCutInfo] ljj	|>	345

!!!!!!!!!!!!!!!!!
!!!! UPDATED !!!!
!!!!!!!!!!!!!!!!!

[CutInfo::PrintCutInfo] leadingLepton_Pt	>	140
[CutInfo::PrintCutInfo] ljj	|<	695
[CutInfo::PrintCutInfo] ljj	|>	350
CF	0 +- 0
Fake	0.939916 +- 0.422885
Prompt	2.29261 +- 0.838447
=> total bkg = 3.23252
Signal	Yield	Efficiency	Efficiency@Presel	Punzi
HNMuMu_600	0.596174	0.324917	1.69531e-05	3.28104e-06
=====================================================================

####################################################
TIME STAMP : [2018/1/16 21:6:32] 700 / 3721 (18.8121 %)
####################################################
[CutInfo::PrintCutInfo] leadingLepton_Pt	>	140
[CutInfo::PrintCutInfo] ljj	|<	695
[CutInfo::PrintCutInfo] ljj	|>	350

!!!!!!!!!!!!!!!!!
!!!! UPDATED !!!!
!!!!!!!!!!!!!!!!!

[CutInfo::PrintCutInfo] leadingLepton_Pt	>	140
[CutInfo::PrintCutInfo] ljj	|<	735
[CutInfo::PrintCutInfo] ljj	|>	355
CF	0 +- 0
Fake	0.995637 +- 0.437862
Prompt	2.18124 +- 0.84681
=> total bkg = 3.17688
Signal	Yield	Efficiency	Efficiency@Presel	Punzi
HNMuMu_600	0.599499	0.326833	1.70477e-05	3.30706e-06
=====================================================================


!!!!!!!!!!!!!!!!!
!!!! UPDATED !!!!
!!!!!!!!!!!!!!!!!

[CutInfo::PrintCutInfo] leadingLepton_Pt	>	140
[CutInfo::PrintCutInfo] ljj	|<	725
[CutInfo::PrintCutInfo] ljj	|>	355
CF	0 +- 0
Fake	0.995993 +- 0.437935
Prompt	2.17458 +- 0.843663
=> total bkg = 3.17058
Signal	Yield	Efficiency	Efficiency@Presel	Punzi
HNMuMu_600	0.599272	0.32665	1.70412e-05	3.30894e-06
=====================================================================


!!!!!!!!!!!!!!!!!
!!!! UPDATED !!!!
!!!!!!!!!!!!!!!!!

[CutInfo::PrintCutInfo] leadingLepton_Pt	>	140
[CutInfo::PrintCutInfo] ljj	|<	720
[CutInfo::PrintCutInfo] ljj	|>	355
CF	0 +- 0
Fake	0.995993 +- 0.437935
Prompt	2.16737 +- 0.840259
=> total bkg = 3.16336
Signal	Yield	Efficiency	Efficiency@Presel	Punzi
HNMuMu_600	0.599078	0.3265	1.70357e-05	3.31139e-06
=====================================================================


!!!!!!!!!!!!!!!!!
!!!! UPDATED !!!!
!!!!!!!!!!!!!!!!!

[CutInfo::PrintCutInfo] leadingLepton_Pt	>	140
[CutInfo::PrintCutInfo] ljj	|<	705
[CutInfo::PrintCutInfo] ljj	|>	355
CF	0 +- 0
Fake	0.939779 +- 0.422858
Prompt	2.14879 +- 0.831499
=> total bkg = 3.08857
Signal	Yield	Efficiency	Efficiency@Presel	Punzi
HNMuMu_600	0.597633	0.325733	1.69946e-05	3.33166e-06
=====================================================================


!!!!!!!!!!!!!!!!!
!!!! UPDATED !!!!
!!!!!!!!!!!!!!!!!

[CutInfo::PrintCutInfo] leadingLepton_Pt	>	140
[CutInfo::PrintCutInfo] ljj	|<	695
[CutInfo::PrintCutInfo] ljj	|>	355
CF	0 +- 0
Fake	0.940007 +- 0.422903
Prompt	2.10095 +- 0.807888
=> total bkg = 3.04096
Signal	Yield	Efficiency	Efficiency@Presel	Punzi
HNMuMu_600	0.596077	0.3248	1.69504e-05	3.3474e-06
=====================================================================


!!!!!!!!!!!!!!!!!
!!!! UPDATED !!!!
!!!!!!!!!!!!!!!!!

[CutInfo::PrintCutInfo] leadingLepton_Pt	>	140
[CutInfo::PrintCutInfo] ljj	|<	695
[CutInfo::PrintCutInfo] ljj	|>	360
CF	0 +- 0
Fake	0.90411 +- 0.414238
Prompt	2.09528 +- 0.805226
=> total bkg = 2.99939
Signal	Yield	Efficiency	Efficiency@Presel	Punzi
HNMuMu_600	0.595817	0.324667	1.6943e-05	3.36128e-06
=====================================================================

####################################################
TIME STAMP : [2018/1/16 21:6:55] 800 / 3721 (21.4996 %)
####################################################
[CutInfo::PrintCutInfo] leadingLepton_Pt	>	140
[CutInfo::PrintCutInfo] ljj	|<	695
[CutInfo::PrintCutInfo] ljj	|>	360

!!!!!!!!!!!!!!!!!
!!!! UPDATED !!!!
!!!!!!!!!!!!!!!!!

[CutInfo::PrintCutInfo] leadingLepton_Pt	>	140
[CutInfo::PrintCutInfo] ljj	|<	705
[CutInfo::PrintCutInfo] ljj	|>	365
CF	0 +- 0
Fake	0.904296 +- 0.414275
Prompt	2.09253 +- 0.804215
=> total bkg = 2.99683
Signal	Yield	Efficiency	Efficiency@Presel	Punzi
HNMuMu_600	0.59728	0.325533	1.69846e-05	3.37074e-06
=====================================================================


!!!!!!!!!!!!!!!!!
!!!! UPDATED !!!!
!!!!!!!!!!!!!!!!!

[CutInfo::PrintCutInfo] leadingLepton_Pt	>	140
[CutInfo::PrintCutInfo] ljj	|<	695
[CutInfo::PrintCutInfo] ljj	|>	365
CF	0 +- 0
Fake	0.904524 +- 0.414319
Prompt	2.0447 +- 0.780643
=> total bkg = 2.94922
Signal	Yield	Efficiency	Efficiency@Presel	Punzi
HNMuMu_600	0.595634	0.32455	1.69378e-05	3.38652e-06
=====================================================================


!!!!!!!!!!!!!!!!!
!!!! UPDATED !!!!
!!!!!!!!!!!!!!!!!

[CutInfo::PrintCutInfo] leadingLepton_Pt	>	140
[CutInfo::PrintCutInfo] ljj	|<	695
[CutInfo::PrintCutInfo] ljj	|>	370
CF	0 +- 0
Fake	0.904524 +- 0.414319
Prompt	2.03666 +- 0.780143
=> total bkg = 2.94118
Signal	Yield	Efficiency	Efficiency@Presel	Punzi
HNMuMu_600	0.595382	0.32445	1.69306e-05	3.38773e-06
=====================================================================

####################################################
TIME STAMP : [2018/1/16 21:7:18] 900 / 3721 (24.187 %)
####################################################
[CutInfo::PrintCutInfo] leadingLepton_Pt	>	140
[CutInfo::PrintCutInfo] ljj	|<	695
[CutInfo::PrintCutInfo] ljj	|>	370

!!!!!!!!!!!!!!!!!
!!!! UPDATED !!!!
!!!!!!!!!!!!!!!!!

[CutInfo::PrintCutInfo] leadingLepton_Pt	>	140
[CutInfo::PrintCutInfo] ljj	|<	705
[CutInfo::PrintCutInfo] ljj	|>	375
CF	0 +- 0
Fake	0.830249 +- 0.393126
Prompt	2.07295 +- 0.798285
=> total bkg = 2.9032
Signal	Yield	Efficiency	Efficiency@Presel	Punzi
HNMuMu_600	0.596749	0.3253	1.69695e-05	3.40349e-06
=====================================================================


!!!!!!!!!!!!!!!!!
!!!! UPDATED !!!!
!!!!!!!!!!!!!!!!!

[CutInfo::PrintCutInfo] leadingLepton_Pt	>	140
[CutInfo::PrintCutInfo] ljj	|<	695
[CutInfo::PrintCutInfo] ljj	|>	375
CF	0 +- 0
Fake	0.830477 +- 0.393169
Prompt	2.02512 +- 0.774726
=> total bkg = 2.85559
Signal	Yield	Efficiency	Efficiency@Presel	Punzi
HNMuMu_600	0.595054	0.3243	1.69213e-05	3.41974e-06
=====================================================================

####################################################
TIME STAMP : [2018/1/16 21:7:40] 1000 / 3721 (26.8745 %)
####################################################
[CutInfo::PrintCutInfo] leadingLepton_Pt	>	140
[CutInfo::PrintCutInfo] ljj	|<	695
[CutInfo::PrintCutInfo] ljj	|>	375

!!!!!!!!!!!!!!!!!
!!!! UPDATED !!!!
!!!!!!!!!!!!!!!!!

[CutInfo::PrintCutInfo] leadingLepton_Pt	>	140
[CutInfo::PrintCutInfo] ljj	|<	695
[CutInfo::PrintCutInfo] ljj	|>	380
CF	0 +- 0
Fake	0.833501 +- 0.393735
Prompt	2.00269 +- 0.764241
=> total bkg = 2.83619
Signal	Yield	Efficiency	Efficiency@Presel	Punzi
HNMuMu_600	0.594882	0.3242	1.69164e-05	3.42969e-06
=====================================================================

####################################################
TIME STAMP : [2018/1/16 21:8:3] 1100 / 3721 (29.5619 %)
####################################################
[CutInfo::PrintCutInfo] leadingLepton_Pt	>	140
[CutInfo::PrintCutInfo] ljj	|<	695
[CutInfo::PrintCutInfo] ljj	|>	380

!!!!!!!!!!!!!!!!!
!!!! UPDATED !!!!
!!!!!!!!!!!!!!!!!

[CutInfo::PrintCutInfo] leadingLepton_Pt	>	140
[CutInfo::PrintCutInfo] ljj	|<	705
[CutInfo::PrintCutInfo] ljj	|>	390
CF	0 +- 0
Fake	0.833103 +- 0.393659
Prompt	1.98863 +- 0.758005
=> total bkg = 2.82174
Signal	Yield	Efficiency	Efficiency@Presel	Punzi
HNMuMu_600	0.596147	0.32505	1.69524e-05	3.44456e-06
=====================================================================


!!!!!!!!!!!!!!!!!
!!!! UPDATED !!!!
!!!!!!!!!!!!!!!!!

[CutInfo::PrintCutInfo] leadingLepton_Pt	>	140
[CutInfo::PrintCutInfo] ljj	|<	695
[CutInfo::PrintCutInfo] ljj	|>	390
CF	0 +- 0
Fake	0.833494 +- 0.393734
Prompt	1.9408 +- 0.734531
=> total bkg = 2.77429
Signal	Yield	Efficiency	Efficiency@Presel	Punzi
HNMuMu_600	0.594451	0.324017	1.69041e-05	3.46116e-06
=====================================================================

####################################################
TIME STAMP : [2018/1/16 21:8:26] 1200 / 3721 (32.2494 %)
####################################################
[CutInfo::PrintCutInfo] leadingLepton_Pt	>	140
[CutInfo::PrintCutInfo] ljj	|<	695
[CutInfo::PrintCutInfo] ljj	|>	390

!!!!!!!!!!!!!!!!!
!!!! UPDATED !!!!
!!!!!!!!!!!!!!!!!

[CutInfo::PrintCutInfo] leadingLepton_Pt	>	140
[CutInfo::PrintCutInfo] ljj	|<	695
[CutInfo::PrintCutInfo] ljj	|>	395
CF	0 +- 0
Fake	0.833494 +- 0.393734
Prompt	1.9345 +- 0.731605
=> total bkg = 2.76799
Signal	Yield	Efficiency	Efficiency@Presel	Punzi
HNMuMu_600	0.594297	0.32395	1.68998e-05	3.4637e-06
=====================================================================


!!!!!!!!!!!!!!!!!
!!!! UPDATED !!!!
!!!!!!!!!!!!!!!!!

[CutInfo::PrintCutInfo] leadingLepton_Pt	>	140
[CutInfo::PrintCutInfo] ljj	|<	735
[CutInfo::PrintCutInfo] ljj	|>	400
CF	0 +- 0
Fake	0.888981 +- 0.408428
Prompt	1.8851 +- 0.735853
=> total bkg = 2.77408
Signal	Yield	Efficiency	Efficiency@Presel	Punzi
HNMuMu_600	0.598142	0.326167	1.70091e-05	3.47824e-06
=====================================================================


!!!!!!!!!!!!!!!!!
!!!! UPDATED !!!!
!!!!!!!!!!!!!!!!!

[CutInfo::PrintCutInfo] leadingLepton_Pt	>	140
[CutInfo::PrintCutInfo] ljj	|<	730
[CutInfo::PrintCutInfo] ljj	|>	400
CF	0 +- 0
Fake	0.888981 +- 0.408428
Prompt	1.87803 +- 0.732534
=> total bkg = 2.76701
Signal	Yield	Efficiency	Efficiency@Presel	Punzi
HNMuMu_600	0.597775	0.326	1.69987e-05	3.48e-06
=====================================================================


!!!!!!!!!!!!!!!!!
!!!! UPDATED !!!!
!!!!!!!!!!!!!!!!!

[CutInfo::PrintCutInfo] leadingLepton_Pt	>	140
[CutInfo::PrintCutInfo] ljj	|<	725
[CutInfo::PrintCutInfo] ljj	|>	400
CF	0 +- 0
Fake	0.889338 +- 0.408497
Prompt	1.87259 +- 0.729985
=> total bkg = 2.76193
Signal	Yield	Efficiency	Efficiency@Presel	Punzi
HNMuMu_600	0.597828	0.325933	1.70002e-05	3.48316e-06
=====================================================================


!!!!!!!!!!!!!!!!!
!!!! UPDATED !!!!
!!!!!!!!!!!!!!!!!

[CutInfo::PrintCutInfo] leadingLepton_Pt	>	140
[CutInfo::PrintCutInfo] ljj	|<	720
[CutInfo::PrintCutInfo] ljj	|>	400
CF	0 +- 0
Fake	0.889338 +- 0.408497
Prompt	1.86538 +- 0.726611
=> total bkg = 2.75471
Signal	Yield	Efficiency	Efficiency@Presel	Punzi
HNMuMu_600	0.597612	0.325767	1.6994e-05	3.48588e-06
=====================================================================


!!!!!!!!!!!!!!!!!
!!!! UPDATED !!!!
!!!!!!!!!!!!!!!!!

[CutInfo::PrintCutInfo] leadingLepton_Pt	>	140
[CutInfo::PrintCutInfo] ljj	|<	715
[CutInfo::PrintCutInfo] ljj	|>	400
CF	0 +- 0
Fake	0.889338 +- 0.408497
Prompt	1.85394 +- 0.721252
=> total bkg = 2.74328
Signal	Yield	Efficiency	Efficiency@Presel	Punzi
HNMuMu_600	0.597071	0.325467	1.69786e-05	3.48904e-06
=====================================================================


!!!!!!!!!!!!!!!!!
!!!! UPDATED !!!!
!!!!!!!!!!!!!!!!!

[CutInfo::PrintCutInfo] leadingLepton_Pt	>	140
[CutInfo::PrintCutInfo] ljj	|<	710
[CutInfo::PrintCutInfo] ljj	|>	400
CF	0 +- 0
Fake	0.889338 +- 0.408497
Prompt	1.84413 +- 0.716676
=> total bkg = 2.73347
Signal	Yield	Efficiency	Efficiency@Presel	Punzi
HNMuMu_600	0.596547	0.325183	1.69638e-05	3.49141e-06
=====================================================================


!!!!!!!!!!!!!!!!!
!!!! UPDATED !!!!
!!!!!!!!!!!!!!!!!

[CutInfo::PrintCutInfo] leadingLepton_Pt	>	140
[CutInfo::PrintCutInfo] ljj	|<	705
[CutInfo::PrintCutInfo] ljj	|>	400
CF	0 +- 0
Fake	0.833124 +- 0.393663
Prompt	1.83116 +- 0.710626
=> total bkg = 2.66429
Signal	Yield	Efficiency	Efficiency@Presel	Punzi
HNMuMu_600	0.595898	0.3249	1.69453e-05	3.5178e-06
=====================================================================


!!!!!!!!!!!!!!!!!
!!!! UPDATED !!!!
!!!!!!!!!!!!!!!!!

[CutInfo::PrintCutInfo] leadingLepton_Pt	>	140
[CutInfo::PrintCutInfo] ljj	|<	695
[CutInfo::PrintCutInfo] ljj	|>	400
CF	0 +- 0
Fake	0.833515 +- 0.393738
Prompt	1.78333 +- 0.687081
=> total bkg = 2.61684
Signal	Yield	Efficiency	Efficiency@Presel	Punzi
HNMuMu_600	0.594128	0.323817	1.6895e-05	3.53509e-06
=====================================================================

####################################################
TIME STAMP : [2018/1/16 21:8:48] 1300 / 3721 (34.9368 %)
####################################################
[CutInfo::PrintCutInfo] leadingLepton_Pt	>	140
[CutInfo::PrintCutInfo] ljj	|<	695
[CutInfo::PrintCutInfo] ljj	|>	400

!!!!!!!!!!!!!!!!!
!!!! UPDATED !!!!
!!!!!!!!!!!!!!!!!

[CutInfo::PrintCutInfo] leadingLepton_Pt	>	140
[CutInfo::PrintCutInfo] ljj	|<	705
[CutInfo::PrintCutInfo] ljj	|>	405
CF	0 +- 0
Fake	0.833305 +- 0.393698
Prompt	1.79365 +- 0.692625
=> total bkg = 2.62696
Signal	Yield	Efficiency	Efficiency@Presel	Punzi
HNMuMu_600	0.595737	0.324817	1.69407e-05	3.53845e-06
=====================================================================


!!!!!!!!!!!!!!!!!
!!!! UPDATED !!!!
!!!!!!!!!!!!!!!!!

[CutInfo::PrintCutInfo] leadingLepton_Pt	>	140
[CutInfo::PrintCutInfo] ljj	|<	695
[CutInfo::PrintCutInfo] ljj	|>	405
CF	0 +- 0
Fake	0.833697 +- 0.393772
Prompt	1.74581 +- 0.669119
=> total bkg = 2.57951
Signal	Yield	Efficiency	Efficiency@Presel	Punzi
HNMuMu_600	0.593893	0.3237	1.68883e-05	3.55552e-06
=====================================================================


!!!!!!!!!!!!!!!!!
!!!! UPDATED !!!!
!!!!!!!!!!!!!!!!!

[CutInfo::PrintCutInfo] leadingLepton_Pt	>	140
[CutInfo::PrintCutInfo] ljj	|<	735
[CutInfo::PrintCutInfo] ljj	|>	410
CF	0 +- 0
Fake	0.774979 +- 0.36943
Prompt	1.72272 +- 0.690352
=> total bkg = 2.4977
Signal	Yield	Efficiency	Efficiency@Presel	Punzi
HNMuMu_600	0.597811	0.326033	1.69997e-05	3.60509e-06
=====================================================================


!!!!!!!!!!!!!!!!!
!!!! UPDATED !!!!
!!!!!!!!!!!!!!!!!

[CutInfo::PrintCutInfo] leadingLepton_Pt	>	140
[CutInfo::PrintCutInfo] ljj	|<	730
[CutInfo::PrintCutInfo] ljj	|>	410
CF	0 +- 0
Fake	0.774979 +- 0.36943
Prompt	1.71565 +- 0.687024
=> total bkg = 2.49062
Signal	Yield	Efficiency	Efficiency@Presel	Punzi
HNMuMu_600	0.597445	0.325867	1.69893e-05	3.6072e-06
=====================================================================


!!!!!!!!!!!!!!!!!
!!!! UPDATED !!!!
!!!!!!!!!!!!!!!!!

[CutInfo::PrintCutInfo] leadingLepton_Pt	>	140
[CutInfo::PrintCutInfo] ljj	|<	725
[CutInfo::PrintCutInfo] ljj	|>	410
CF	0 +- 0
Fake	0.775336 +- 0.369497
Prompt	1.71021 +- 0.684466
=> total bkg = 2.48555
Signal	Yield	Efficiency	Efficiency@Presel	Punzi
HNMuMu_600	0.597498	0.3258	1.69908e-05	3.61069e-06
=====================================================================


!!!!!!!!!!!!!!!!!
!!!! UPDATED !!!!
!!!!!!!!!!!!!!!!!

[CutInfo::PrintCutInfo] leadingLepton_Pt	>	140
[CutInfo::PrintCutInfo] ljj	|<	720
[CutInfo::PrintCutInfo] ljj	|>	410
CF	0 +- 0
Fake	0.775336 +- 0.369497
Prompt	1.70299 +- 0.681082
=> total bkg = 2.47833
Signal	Yield	Efficiency	Efficiency@Presel	Punzi
HNMuMu_600	0.597282	0.325617	1.69846e-05	3.6138e-06
=====================================================================


!!!!!!!!!!!!!!!!!
!!!! UPDATED !!!!
!!!!!!!!!!!!!!!!!

[CutInfo::PrintCutInfo] leadingLepton_Pt	>	140
[CutInfo::PrintCutInfo] ljj	|<	715
[CutInfo::PrintCutInfo] ljj	|>	410
CF	0 +- 0
Fake	0.775336 +- 0.369497
Prompt	1.69156 +- 0.675707
=> total bkg = 2.46689
Signal	Yield	Efficiency	Efficiency@Presel	Punzi
HNMuMu_600	0.596741	0.325317	1.69692e-05	3.61755e-06
=====================================================================


!!!!!!!!!!!!!!!!!
!!!! UPDATED !!!!
!!!!!!!!!!!!!!!!!

[CutInfo::PrintCutInfo] leadingLepton_Pt	>	140
[CutInfo::PrintCutInfo] ljj	|<	710
[CutInfo::PrintCutInfo] ljj	|>	410
CF	0 +- 0
Fake	0.775336 +- 0.369497
Prompt	1.68175 +- 0.671117
=> total bkg = 2.45708
Signal	Yield	Efficiency	Efficiency@Presel	Punzi
HNMuMu_600	0.596217	0.325033	1.69544e-05	3.6204e-06
=====================================================================


!!!!!!!!!!!!!!!!!
!!!! UPDATED !!!!
!!!!!!!!!!!!!!!!!

[CutInfo::PrintCutInfo] leadingLepton_Pt	>	140
[CutInfo::PrintCutInfo] ljj	|<	705
[CutInfo::PrintCutInfo] ljj	|>	410
CF	0 +- 0
Fake	0.719122 +- 0.354658
Prompt	1.66878 +- 0.665049
=> total bkg = 2.3879
Signal	Yield	Efficiency	Efficiency@Presel	Punzi
HNMuMu_600	0.595528	0.324733	1.69348e-05	3.65001e-06
=====================================================================


!!!!!!!!!!!!!!!!!
!!!! UPDATED !!!!
!!!!!!!!!!!!!!!!!

[CutInfo::PrintCutInfo] leadingLepton_Pt	>	140
[CutInfo::PrintCutInfo] ljj	|<	695
[CutInfo::PrintCutInfo] ljj	|>	410
CF	0 +- 0
Fake	0.719513 +- 0.354729
Prompt	1.62094 +- 0.641348
=> total bkg = 2.34046
Signal	Yield	Efficiency	Efficiency@Presel	Punzi
HNMuMu_600	0.593684	0.323617	1.68823e-05	3.66967e-06
=====================================================================

####################################################
TIME STAMP : [2018/1/16 21:9:11] 1400 / 3721 (37.6243 %)
####################################################
[CutInfo::PrintCutInfo] leadingLepton_Pt	>	140
[CutInfo::PrintCutInfo] ljj	|<	695
[CutInfo::PrintCutInfo] ljj	|>	410

!!!!!!!!!!!!!!!!!
!!!! UPDATED !!!!
!!!!!!!!!!!!!!!!!

[CutInfo::PrintCutInfo] leadingLepton_Pt	>	140
[CutInfo::PrintCutInfo] ljj	|<	695
[CutInfo::PrintCutInfo] ljj	|>	415
CF	0 +- 0
Fake	0.726236 +- 0.355899
Prompt	1.61021 +- 0.636349
=> total bkg = 2.33644
Signal	Yield	Efficiency	Efficiency@Presel	Punzi
HNMuMu_600	0.593319	0.323483	1.6872e-05	3.67126e-06
=====================================================================

####################################################
TIME STAMP : [2018/1/16 21:9:33] 1500 / 3721 (40.3117 %)
####################################################
[CutInfo::PrintCutInfo] leadingLepton_Pt	>	140
[CutInfo::PrintCutInfo] ljj	|<	695
[CutInfo::PrintCutInfo] ljj	|>	415

!!!!!!!!!!!!!!!!!
!!!! UPDATED !!!!
!!!!!!!!!!!!!!!!!

[CutInfo::PrintCutInfo] leadingLepton_Pt	>	140
[CutInfo::PrintCutInfo] ljj	|<	695
[CutInfo::PrintCutInfo] ljj	|>	420
CF	0 +- 0
Fake	0.726331 +- 0.355916
Prompt	1.58658 +- 0.62536
=> total bkg = 2.31291
Signal	Yield	Efficiency	Efficiency@Presel	Punzi
HNMuMu_600	0.592998	0.323333	1.68628e-05	3.68442e-06
=====================================================================


!!!!!!!!!!!!!!!!!
!!!! UPDATED !!!!
!!!!!!!!!!!!!!!!!

[CutInfo::PrintCutInfo] leadingLepton_Pt	>	140
[CutInfo::PrintCutInfo] ljj	|<	735
[CutInfo::PrintCutInfo] ljj	|>	425
CF	0 +- 0
Fake	0.620162 +- 0.300344
Prompt	1.63125 +- 0.646407
=> total bkg = 2.25141
Signal	Yield	Efficiency	Efficiency@Presel	Punzi
HNMuMu_600	0.597282	0.3258	1.69847e-05	3.74074e-06
=====================================================================


!!!!!!!!!!!!!!!!!
!!!! UPDATED !!!!
!!!!!!!!!!!!!!!!!

[CutInfo::PrintCutInfo] leadingLepton_Pt	>	140
[CutInfo::PrintCutInfo] ljj	|<	730
[CutInfo::PrintCutInfo] ljj	|>	425
CF	0 +- 0
Fake	0.620162 +- 0.300344
Prompt	1.62417 +- 0.643103
=> total bkg = 2.24434
Signal	Yield	Efficiency	Efficiency@Presel	Punzi
HNMuMu_600	0.596916	0.325633	1.69742e-05	3.74325e-06
=====================================================================


!!!!!!!!!!!!!!!!!
!!!! UPDATED !!!!
!!!!!!!!!!!!!!!!!

[CutInfo::PrintCutInfo] leadingLepton_Pt	>	140
[CutInfo::PrintCutInfo] ljj	|<	725
[CutInfo::PrintCutInfo] ljj	|>	425
CF	0 +- 0
Fake	0.620519 +- 0.30041
Prompt	1.61874 +- 0.640565
=> total bkg = 2.23926
Signal	Yield	Efficiency	Efficiency@Presel	Punzi
HNMuMu_600	0.596968	0.325567	1.69757e-05	3.74711e-06
=====================================================================


!!!!!!!!!!!!!!!!!
!!!! UPDATED !!!!
!!!!!!!!!!!!!!!!!

[CutInfo::PrintCutInfo] leadingLepton_Pt	>	140
[CutInfo::PrintCutInfo] ljj	|<	720
[CutInfo::PrintCutInfo] ljj	|>	425
CF	0 +- 0
Fake	0.620519 +- 0.30041
Prompt	1.61152 +- 0.637207
=> total bkg = 2.23204
Signal	Yield	Efficiency	Efficiency@Presel	Punzi
HNMuMu_600	0.596717	0.325367	1.69686e-05	3.75044e-06
=====================================================================


!!!!!!!!!!!!!!!!!
!!!! UPDATED !!!!
!!!!!!!!!!!!!!!!!

[CutInfo::PrintCutInfo] leadingLepton_Pt	>	140
[CutInfo::PrintCutInfo] ljj	|<	715
[CutInfo::PrintCutInfo] ljj	|>	425
CF	0 +- 0
Fake	0.620519 +- 0.30041
Prompt	1.60009 +- 0.631873
=> total bkg = 2.2206
Signal	Yield	Efficiency	Efficiency@Presel	Punzi
HNMuMu_600	0.596175	0.325067	1.69532e-05	3.75485e-06
=====================================================================


!!!!!!!!!!!!!!!!!
!!!! UPDATED !!!!
!!!!!!!!!!!!!!!!!

[CutInfo::PrintCutInfo] leadingLepton_Pt	>	140
[CutInfo::PrintCutInfo] ljj	|<	710
[CutInfo::PrintCutInfo] ljj	|>	425
CF	0 +- 0
Fake	0.620519 +- 0.30041
Prompt	1.59027 +- 0.627321
=> total bkg = 2.21079
Signal	Yield	Efficiency	Efficiency@Presel	Punzi
HNMuMu_600	0.5956	0.324767	1.69368e-05	3.75795e-06
=====================================================================


!!!!!!!!!!!!!!!!!
!!!! UPDATED !!!!
!!!!!!!!!!!!!!!!!

[CutInfo::PrintCutInfo] leadingLepton_Pt	>	140
[CutInfo::PrintCutInfo] ljj	|<	705
[CutInfo::PrintCutInfo] ljj	|>	425
CF	0 +- 0
Fake	0.564305 +- 0.284722
Prompt	1.57731 +- 0.621304
=> total bkg = 2.14161
Signal	Yield	Efficiency	Efficiency@Presel	Punzi
HNMuMu_600	0.594911	0.324467	1.69172e-05	3.79144e-06
=====================================================================


!!!!!!!!!!!!!!!!!
!!!! UPDATED !!!!
!!!!!!!!!!!!!!!!!

[CutInfo::PrintCutInfo] leadingLepton_Pt	>	140
[CutInfo::PrintCutInfo] ljj	|<	695
[CutInfo::PrintCutInfo] ljj	|>	425
CF	0 +- 0
Fake	0.564697 +- 0.284791
Prompt	1.52947 +- 0.597703
=> total bkg = 2.09417
Signal	Yield	Efficiency	Efficiency@Presel	Punzi
HNMuMu_600	0.59287	0.323267	1.68592e-05	3.81308e-06
=====================================================================

####################################################
TIME STAMP : [2018/1/16 21:9:56] 1600 / 3721 (42.9992 %)
####################################################
[CutInfo::PrintCutInfo] leadingLepton_Pt	>	140
[CutInfo::PrintCutInfo] ljj	|<	695
[CutInfo::PrintCutInfo] ljj	|>	425

!!!!!!!!!!!!!!!!!
!!!! UPDATED !!!!
!!!!!!!!!!!!!!!!!

[CutInfo::PrintCutInfo] leadingLepton_Pt	>	140
[CutInfo::PrintCutInfo] ljj	|<	705
[CutInfo::PrintCutInfo] ljj	|>	430
CF	0 +- 0
Fake	0.519159 +- 0.273467
Prompt	1.56825 +- 0.617131
=> total bkg = 2.08741
Signal	Yield	Efficiency	Efficiency@Presel	Punzi
HNMuMu_600	0.594907	0.324383	1.69171e-05	3.8213e-06
=====================================================================


!!!!!!!!!!!!!!!!!
!!!! UPDATED !!!!
!!!!!!!!!!!!!!!!!

[CutInfo::PrintCutInfo] leadingLepton_Pt	>	140
[CutInfo::PrintCutInfo] ljj	|<	695
[CutInfo::PrintCutInfo] ljj	|>	430
CF	0 +- 0
Fake	0.51955 +- 0.273533
Prompt	1.52042 +- 0.593547
=> total bkg = 2.03997
Signal	Yield	Efficiency	Efficiency@Presel	Punzi
HNMuMu_600	0.592866	0.323183	1.68591e-05	3.84375e-06
=====================================================================


!!!!!!!!!!!!!!!!!
!!!! UPDATED !!!!
!!!!!!!!!!!!!!!!!

[CutInfo::PrintCutInfo] leadingLepton_Pt	>	140
[CutInfo::PrintCutInfo] ljj	|<	705
[CutInfo::PrintCutInfo] ljj	|>	435
CF	0 +- 0
Fake	0.445107 +- 0.250682
Prompt	1.55744 +- 0.612373
=> total bkg = 2.00255
Signal	Yield	Efficiency	Efficiency@Presel	Punzi
HNMuMu_600	0.594647	0.32425	1.69097e-05	3.86811e-06
=====================================================================


!!!!!!!!!!!!!!!!!
!!!! UPDATED !!!!
!!!!!!!!!!!!!!!!!

[CutInfo::PrintCutInfo] leadingLepton_Pt	>	140
[CutInfo::PrintCutInfo] ljj	|<	695
[CutInfo::PrintCutInfo] ljj	|>	435
CF	0 +- 0
Fake	0.445498 +- 0.250744
Prompt	1.5096 +- 0.588807
=> total bkg = 1.9551
Signal	Yield	Efficiency	Efficiency@Presel	Punzi
HNMuMu_600	0.592569	0.323033	1.68506e-05	3.8917e-06
=====================================================================

####################################################
TIME STAMP : [2018/1/16 21:10:10] 1700 / 3721 (45.6866 %)
####################################################
[CutInfo::PrintCutInfo] leadingLepton_Pt	>	140
[CutInfo::PrintCutInfo] ljj	|<	695
[CutInfo::PrintCutInfo] ljj	|>	435

!!!!!!!!!!!!!!!!!
!!!! UPDATED !!!!
!!!!!!!!!!!!!!!!!

[CutInfo::PrintCutInfo] leadingLepton_Pt	>	140
[CutInfo::PrintCutInfo] ljj	|<	695
[CutInfo::PrintCutInfo] ljj	|>	440
CF	0 +- 0
Fake	0.445574 +- 0.250756
Prompt	1.5015 +- 0.585078
=> total bkg = 1.94708
Signal	Yield	Efficiency	Efficiency@Presel	Punzi
HNMuMu_600	0.592313	0.3229	1.68434e-05	3.89622e-06
=====================================================================


!!!!!!!!!!!!!!!!!
!!!! UPDATED !!!!
!!!!!!!!!!!!!!!!!

[CutInfo::PrintCutInfo] leadingLepton_Pt	>	140
[CutInfo::PrintCutInfo] ljj	|<	685
[CutInfo::PrintCutInfo] ljj	|>	440
CF	0 +- 0
Fake	0.419181 +- 0.244184
Prompt	1.49179 +- 0.580621
=> total bkg = 1.91097
Signal	Yield	Efficiency	Efficiency@Presel	Punzi
HNMuMu_600	0.589049	0.321133	1.67505e-05	3.89719e-06
=====================================================================

####################################################
TIME STAMP : [2018/1/16 21:10:24] 1800 / 3721 (48.3741 %)
####################################################
[CutInfo::PrintCutInfo] leadingLepton_Pt	>	140
[CutInfo::PrintCutInfo] ljj	|<	685
[CutInfo::PrintCutInfo] ljj	|>	440

!!!!!!!!!!!!!!!!!
!!!! UPDATED !!!!
!!!!!!!!!!!!!!!!!

[CutInfo::PrintCutInfo] leadingLepton_Pt	>	140
[CutInfo::PrintCutInfo] ljj	|<	705
[CutInfo::PrintCutInfo] ljj	|>	445
CF	0 +- 0
Fake	0.445596 +- 0.25076
Prompt	1.49255 +- 0.581631
=> total bkg = 1.93815
Signal	Yield	Efficiency	Efficiency@Presel	Punzi
HNMuMu_600	0.594304	0.324083	1.68999e-05	3.91584e-06
=====================================================================


!!!!!!!!!!!!!!!!!
!!!! UPDATED !!!!
!!!!!!!!!!!!!!!!!

[CutInfo::PrintCutInfo] leadingLepton_Pt	>	140
[CutInfo::PrintCutInfo] ljj	|<	695
[CutInfo::PrintCutInfo] ljj	|>	445
CF	0 +- 0
Fake	0.445987 +- 0.250822
Prompt	1.44471 +- 0.558161
=> total bkg = 1.8907
Signal	Yield	Efficiency	Efficiency@Presel	Punzi
HNMuMu_600	0.592105	0.322817	1.68374e-05	3.93942e-06
=====================================================================


!!!!!!!!!!!!!!!!!
!!!! UPDATED !!!!
!!!!!!!!!!!!!!!!!

[CutInfo::PrintCutInfo] leadingLepton_Pt	>	140
[CutInfo::PrintCutInfo] ljj	|<	685
[CutInfo::PrintCutInfo] ljj	|>	445
CF	0 +- 0
Fake	0.419594 +- 0.244247
Prompt	1.435 +- 0.553736
=> total bkg = 1.8546
Signal	Yield	Efficiency	Efficiency@Presel	Punzi
HNMuMu_600	0.588768	0.321017	1.67425e-05	3.94047e-06
=====================================================================


!!!!!!!!!!!!!!!!!
!!!! UPDATED !!!!
!!!!!!!!!!!!!!!!!

[CutInfo::PrintCutInfo] leadingLepton_Pt	>	140
[CutInfo::PrintCutInfo] ljj	|<	735
[CutInfo::PrintCutInfo] ljj	|>	450
CF	0 +- 0
Fake	0.404262 +- 0.227443
Prompt	1.49383 +- 0.580635
=> total bkg = 1.89809
Signal	Yield	Efficiency	Efficiency@Presel	Punzi
HNMuMu_600	0.596535	0.3253	1.69634e-05	3.95748e-06
=====================================================================


!!!!!!!!!!!!!!!!!
!!!! UPDATED !!!!
!!!!!!!!!!!!!!!!!

[CutInfo::PrintCutInfo] leadingLepton_Pt	>	140
[CutInfo::PrintCutInfo] ljj	|<	730
[CutInfo::PrintCutInfo] ljj	|>	450
CF	0 +- 0
Fake	0.404262 +- 0.227443
Prompt	1.48675 +- 0.577375
=> total bkg = 1.89102
Signal	Yield	Efficiency	Efficiency@Presel	Punzi
HNMuMu_600	0.596146	0.325117	1.69524e-05	3.96056e-06
=====================================================================


!!!!!!!!!!!!!!!!!
!!!! UPDATED !!!!
!!!!!!!!!!!!!!!!!

[CutInfo::PrintCutInfo] leadingLepton_Pt	>	140
[CutInfo::PrintCutInfo] ljj	|<	725
[CutInfo::PrintCutInfo] ljj	|>	450
CF	0 +- 0
Fake	0.404867 +- 0.22754
Prompt	1.47518 +- 0.572044
=> total bkg = 1.88005
Signal	Yield	Efficiency	Efficiency@Presel	Punzi
HNMuMu_600	0.596176	0.325033	1.69532e-05	3.96972e-06
=====================================================================


!!!!!!!!!!!!!!!!!
!!!! UPDATED !!!!
!!!!!!!!!!!!!!!!!

[CutInfo::PrintCutInfo] leadingLepton_Pt	>	140
[CutInfo::PrintCutInfo] ljj	|<	720
[CutInfo::PrintCutInfo] ljj	|>	450
CF	0 +- 0
Fake	0.404867 +- 0.22754
Prompt	1.46797 +- 0.568736
=> total bkg = 1.87284
Signal	Yield	Efficiency	Efficiency@Presel	Punzi
HNMuMu_600	0.595925	0.324833	1.6946e-05	3.97385e-06
=====================================================================


!!!!!!!!!!!!!!!!!
!!!! UPDATED !!!!
!!!!!!!!!!!!!!!!!

[CutInfo::PrintCutInfo] leadingLepton_Pt	>	140
[CutInfo::PrintCutInfo] ljj	|<	715
[CutInfo::PrintCutInfo] ljj	|>	450
CF	0 +- 0
Fake	0.404867 +- 0.22754
Prompt	1.45653 +- 0.563482
=> total bkg = 1.8614
Signal	Yield	Efficiency	Efficiency@Presel	Punzi
HNMuMu_600	0.595335	0.324517	1.69293e-05	3.97917e-06
=====================================================================


!!!!!!!!!!!!!!!!!
!!!! UPDATED !!!!
!!!!!!!!!!!!!!!!!

[CutInfo::PrintCutInfo] leadingLepton_Pt	>	140
[CutInfo::PrintCutInfo] ljj	|<	710
[CutInfo::PrintCutInfo] ljj	|>	450
CF	0 +- 0
Fake	0.404867 +- 0.22754
Prompt	1.44672 +- 0.559002
=> total bkg = 1.85159
Signal	Yield	Efficiency	Efficiency@Presel	Punzi
HNMuMu_600	0.59476	0.324217	1.69129e-05	3.98328e-06
=====================================================================


!!!!!!!!!!!!!!!!!
!!!! UPDATED !!!!
!!!!!!!!!!!!!!!!!

[CutInfo::PrintCutInfo] leadingLepton_Pt	>	140
[CutInfo::PrintCutInfo] ljj	|<	705
[CutInfo::PrintCutInfo] ljj	|>	450
CF	0 +- 0
Fake	0.348654 +- 0.211606
Prompt	1.43376 +- 0.553081
=> total bkg = 1.78241
Signal	Yield	Efficiency	Efficiency@Presel	Punzi
HNMuMu_600	0.594067	0.3239	1.68932e-05	4.02401e-06
=====================================================================


!!!!!!!!!!!!!!!!!
!!!! UPDATED !!!!
!!!!!!!!!!!!!!!!!

[CutInfo::PrintCutInfo] leadingLepton_Pt	>	140
[CutInfo::PrintCutInfo] ljj	|<	695
[CutInfo::PrintCutInfo] ljj	|>	450
CF	0 +- 0
Fake	0.349045 +- 0.211664
Prompt	1.38592 +- 0.529677
=> total bkg = 1.73496
Signal	Yield	Efficiency	Efficiency@Presel	Punzi
HNMuMu_600	0.591846	0.322617	1.68301e-05	4.05033e-06
=====================================================================


!!!!!!!!!!!!!!!!!
!!!! UPDATED !!!!
!!!!!!!!!!!!!!!!!

[CutInfo::PrintCutInfo] leadingLepton_Pt	>	140
[CutInfo::PrintCutInfo] ljj	|<	685
[CutInfo::PrintCutInfo] ljj	|>	450
CF	0 +- 0
Fake	0.322652 +- 0.204957
Prompt	1.37621 +- 0.525285
=> total bkg = 1.69886
Signal	Yield	Efficiency	Efficiency@Presel	Punzi
HNMuMu_600	0.588468	0.3208	1.6734e-05	4.05258e-06
=====================================================================

####################################################
TIME STAMP : [2018/1/16 21:10:37] 1900 / 3721 (51.0615 %)
####################################################
[CutInfo::PrintCutInfo] leadingLepton_Pt	>	140
[CutInfo::PrintCutInfo] ljj	|<	685
[CutInfo::PrintCutInfo] ljj	|>	450

!!!!!!!!!!!!!!!!!
!!!! UPDATED !!!!
!!!!!!!!!!!!!!!!!

[CutInfo::PrintCutInfo] leadingLepton_Pt	>	140
[CutInfo::PrintCutInfo] ljj	|<	705
[CutInfo::PrintCutInfo] ljj	|>	455
CF	0 +- 0
Fake	0.291499 +- 0.195426
Prompt	1.42227 +- 0.547852
=> total bkg = 1.71377
Signal	Yield	Efficiency	Efficiency@Presel	Punzi
HNMuMu_600	0.593855	0.3238	1.68872e-05	4.06886e-06
=====================================================================


!!!!!!!!!!!!!!!!!
!!!! UPDATED !!!!
!!!!!!!!!!!!!!!!!

[CutInfo::PrintCutInfo] leadingLepton_Pt	>	140
[CutInfo::PrintCutInfo] ljj	|<	695
[CutInfo::PrintCutInfo] ljj	|>	455
CF	0 +- 0
Fake	0.291891 +- 0.195478
Prompt	1.37443 +- 0.524478
=> total bkg = 1.66632
Signal	Yield	Efficiency	Efficiency@Presel	Punzi
HNMuMu_600	0.591634	0.322517	1.6824e-05	4.09664e-06
=====================================================================


!!!!!!!!!!!!!!!!!
!!!! UPDATED !!!!
!!!!!!!!!!!!!!!!!

[CutInfo::PrintCutInfo] leadingLepton_Pt	>	140
[CutInfo::PrintCutInfo] ljj	|<	685
[CutInfo::PrintCutInfo] ljj	|>	455
CF	0 +- 0
Fake	0.265497 +- 0.188916
Prompt	1.36472 +- 0.520096
=> total bkg = 1.63022
Signal	Yield	Efficiency	Efficiency@Presel	Punzi
HNMuMu_600	0.588255	0.3207	1.6728e-05	4.09954e-06
=====================================================================


!!!!!!!!!!!!!!!!!
!!!! UPDATED !!!!
!!!!!!!!!!!!!!!!!

[CutInfo::PrintCutInfo] leadingLepton_Pt	>	140
[CutInfo::PrintCutInfo] ljj	|<	695
[CutInfo::PrintCutInfo] ljj	|>	460
CF	0 +- 0
Fake	0.292308 +- 0.195534
Prompt	1.36314 +- 0.519387
=> total bkg = 1.65545
Signal	Yield	Efficiency	Efficiency@Presel	Punzi
HNMuMu_600	0.591115	0.322283	1.68093e-05	4.10286e-06
=====================================================================


!!!!!!!!!!!!!!!!!
!!!! UPDATED !!!!
!!!!!!!!!!!!!!!!!

[CutInfo::PrintCutInfo] leadingLepton_Pt	>	140
[CutInfo::PrintCutInfo] ljj	|<	685
[CutInfo::PrintCutInfo] ljj	|>	460
CF	0 +- 0
Fake	0.265914 +- 0.188968
Prompt	1.35343 +- 0.515015
=> total bkg = 1.61935
Signal	Yield	Efficiency	Efficiency@Presel	Punzi
HNMuMu_600	0.587736	0.320467	1.67132e-05	4.10588e-06
=====================================================================

####################################################
TIME STAMP : [2018/1/16 21:10:50] 2000 / 3721 (53.749 %)
####################################################
[CutInfo::PrintCutInfo] leadingLepton_Pt	>	140
[CutInfo::PrintCutInfo] ljj	|<	685
[CutInfo::PrintCutInfo] ljj	|>	460

!!!!!!!!!!!!!!!!!
!!!! UPDATED !!!!
!!!!!!!!!!!!!!!!!

[CutInfo::PrintCutInfo] leadingLepton_Pt	>	140
[CutInfo::PrintCutInfo] ljj	|<	705
[CutInfo::PrintCutInfo] ljj	|>	465
CF	0 +- 0
Fake	0.292159 +- 0.195515
Prompt	1.30971 +- 0.522133
=> total bkg = 1.60187
Signal	Yield	Efficiency	Efficiency@Presel	Punzi
HNMuMu_600	0.593123	0.323467	1.68664e-05	4.14827e-06
=====================================================================


!!!!!!!!!!!!!!!!!
!!!! UPDATED !!!!
!!!!!!!!!!!!!!!!!

[CutInfo::PrintCutInfo] leadingLepton_Pt	>	140
[CutInfo::PrintCutInfo] ljj	|<	695
[CutInfo::PrintCutInfo] ljj	|>	465
CF	0 +- 0
Fake	0.29255 +- 0.195567
Prompt	1.26188 +- 0.498538
=> total bkg = 1.55443
Signal	Yield	Efficiency	Efficiency@Presel	Punzi
HNMuMu_600	0.590785	0.322133	1.67999e-05	4.17768e-06
=====================================================================


!!!!!!!!!!!!!!!!!
!!!! UPDATED !!!!
!!!!!!!!!!!!!!!!!

[CutInfo::PrintCutInfo] leadingLepton_Pt	>	140
[CutInfo::PrintCutInfo] ljj	|<	685
[CutInfo::PrintCutInfo] ljj	|>	465
CF	0 +- 0
Fake	0.266157 +- 0.188999
Prompt	1.25217 +- 0.494127
=> total bkg = 1.51832
Signal	Yield	Efficiency	Efficiency@Presel	Punzi
HNMuMu_600	0.587357	0.320283	1.67024e-05	4.18172e-06
=====================================================================

####################################################
TIME STAMP : [2018/1/16 21:11:3] 2100 / 3721 (56.4364 %)
####################################################
[CutInfo::PrintCutInfo] leadingLepton_Pt	>	140
[CutInfo::PrintCutInfo] ljj	|<	685
[CutInfo::PrintCutInfo] ljj	|>	465

!!!!!!!!!!!!!!!!!
!!!! UPDATED !!!!
!!!!!!!!!!!!!!!!!

[CutInfo::PrintCutInfo] leadingLepton_Pt	>	140
[CutInfo::PrintCutInfo] ljj	|<	695
[CutInfo::PrintCutInfo] ljj	|>	470
CF	0 +- 0
Fake	0.293183 +- 0.195651
Prompt	1.24265 +- 0.489805
=> total bkg = 1.53583
Signal	Yield	Efficiency	Efficiency@Presel	Punzi
HNMuMu_600	0.590415	0.321933	1.67894e-05	4.19296e-06
=====================================================================


!!!!!!!!!!!!!!!!!
!!!! UPDATED !!!!
!!!!!!!!!!!!!!!!!

[CutInfo::PrintCutInfo] leadingLepton_Pt	>	140
[CutInfo::PrintCutInfo] ljj	|<	685
[CutInfo::PrintCutInfo] ljj	|>	470
CF	0 +- 0
Fake	0.266789 +- 0.189078
Prompt	1.23293 +- 0.485411
=> total bkg = 1.49972
Signal	Yield	Efficiency	Efficiency@Presel	Punzi
HNMuMu_600	0.586987	0.320083	1.66919e-05	4.19728e-06
=====================================================================


!!!!!!!!!!!!!!!!!
!!!! UPDATED !!!!
!!!!!!!!!!!!!!!!!

[CutInfo::PrintCutInfo] leadingLepton_Pt	>	140
[CutInfo::PrintCutInfo] ljj	|<	705
[CutInfo::PrintCutInfo] ljj	|>	475
CF	0 +- 0
Fake	0.263153 +- 0.188719
Prompt	1.2726 +- 0.505198
=> total bkg = 1.53575
Signal	Yield	Efficiency	Efficiency@Presel	Punzi
HNMuMu_600	0.592286	0.3231	1.68426e-05	4.1979e-06
=====================================================================


!!!!!!!!!!!!!!!!!
!!!! UPDATED !!!!
!!!!!!!!!!!!!!!!!

[CutInfo::PrintCutInfo] leadingLepton_Pt	>	140
[CutInfo::PrintCutInfo] ljj	|<	695
[CutInfo::PrintCutInfo] ljj	|>	475
CF	0 +- 0
Fake	0.263544 +- 0.188767
Prompt	1.22476 +- 0.481697
=> total bkg = 1.48831
Signal	Yield	Efficiency	Efficiency@Presel	Punzi
HNMuMu_600	0.589858	0.321733	1.67735e-05	4.22814e-06
=====================================================================


!!!!!!!!!!!!!!!!!
!!!! UPDATED !!!!
!!!!!!!!!!!!!!!!!

[CutInfo::PrintCutInfo] leadingLepton_Pt	>	140
[CutInfo::PrintCutInfo] ljj	|<	685
[CutInfo::PrintCutInfo] ljj	|>	475
CF	0 +- 0
Fake	0.237151 +- 0.182332
Prompt	1.21505 +- 0.47732
=> total bkg = 1.4522
Signal	Yield	Efficiency	Efficiency@Presel	Punzi
HNMuMu_600	0.586431	0.319883	1.66761e-05	4.23307e-06
=====================================================================

####################################################
TIME STAMP : [2018/1/16 21:11:17] 2200 / 3721 (59.1239 %)
####################################################
[CutInfo::PrintCutInfo] leadingLepton_Pt	>	140
[CutInfo::PrintCutInfo] ljj	|<	685
[CutInfo::PrintCutInfo] ljj	|>	475

!!!!!!!!!!!!!!!!!
!!!! UPDATED !!!!
!!!!!!!!!!!!!!!!!

[CutInfo::PrintCutInfo] leadingLepton_Pt	>	140
[CutInfo::PrintCutInfo] ljj	|<	710
[CutInfo::PrintCutInfo] ljj	|>	480
CF	0 +- 0
Fake	0.320257 +- 0.204445
Prompt	1.18616 +- 0.475849
=> total bkg = 1.50642
Signal	Yield	Efficiency	Efficiency@Presel	Punzi
HNMuMu_600	0.592747	0.323267	1.68557e-05	4.23604e-06
=====================================================================


!!!!!!!!!!!!!!!!!
!!!! UPDATED !!!!
!!!!!!!!!!!!!!!!!

[CutInfo::PrintCutInfo] leadingLepton_Pt	>	140
[CutInfo::PrintCutInfo] ljj	|<	705
[CutInfo::PrintCutInfo] ljj	|>	480
CF	0 +- 0
Fake	0.264044 +- 0.188829
Prompt	1.17319 +- 0.46999
=> total bkg = 1.43724
Signal	Yield	Efficiency	Efficiency@Presel	Punzi
HNMuMu_600	0.591918	0.322883	1.68321e-05	4.28655e-06
=====================================================================


!!!!!!!!!!!!!!!!!
!!!! UPDATED !!!!
!!!!!!!!!!!!!!!!!

[CutInfo::PrintCutInfo] leadingLepton_Pt	>	140
[CutInfo::PrintCutInfo] ljj	|<	695
[CutInfo::PrintCutInfo] ljj	|>	480
CF	0 +- 0
Fake	0.264435 +- 0.188878
Prompt	1.12536 +- 0.446542
=> total bkg = 1.38979
Signal	Yield	Efficiency	Efficiency@Presel	Punzi
HNMuMu_600	0.589491	0.321517	1.67631e-05	4.31918e-06
=====================================================================


!!!!!!!!!!!!!!!!!
!!!! UPDATED !!!!
!!!!!!!!!!!!!!!!!

[CutInfo::PrintCutInfo] leadingLepton_Pt	>	140
[CutInfo::PrintCutInfo] ljj	|<	685
[CutInfo::PrintCutInfo] ljj	|>	480
CF	0 +- 0
Fake	0.238042 +- 0.182435
Prompt	1.11565 +- 0.442208
=> total bkg = 1.35369
Signal	Yield	Efficiency	Efficiency@Presel	Punzi
HNMuMu_600	0.586087	0.31965	1.66663e-05	4.32604e-06
=====================================================================


!!!!!!!!!!!!!!!!!
!!!! UPDATED !!!!
!!!!!!!!!!!!!!!!!

[CutInfo::PrintCutInfo] leadingLepton_Pt	>	140
[CutInfo::PrintCutInfo] ljj	|<	735
[CutInfo::PrintCutInfo] ljj	|>	485
CF	0 +- 0
Fake	0.215355 +- 0.160102
Prompt	1.10726 +- 0.464921
=> total bkg = 1.32262
Signal	Yield	Efficiency	Efficiency@Presel	Punzi
HNMuMu_600	0.594636	0.324383	1.69094e-05	4.40322e-06
=====================================================================


!!!!!!!!!!!!!!!!!
!!!! UPDATED !!!!
!!!!!!!!!!!!!!!!!

[CutInfo::PrintCutInfo] leadingLepton_Pt	>	140
[CutInfo::PrintCutInfo] ljj	|<	730
[CutInfo::PrintCutInfo] ljj	|>	485
CF	0 +- 0
Fake	0.215355 +- 0.160102
Prompt	1.09992 +- 0.461541
=> total bkg = 1.31528
Signal	Yield	Efficiency	Efficiency@Presel	Punzi
HNMuMu_600	0.594043	0.324133	1.68925e-05	4.40704e-06
=====================================================================


!!!!!!!!!!!!!!!!!
!!!! UPDATED !!!!
!!!!!!!!!!!!!!!!!

[CutInfo::PrintCutInfo] leadingLepton_Pt	>	140
[CutInfo::PrintCutInfo] ljj	|<	725
[CutInfo::PrintCutInfo] ljj	|>	485
CF	0 +- 0
Fake	0.215961 +- 0.160175
Prompt	1.08836 +- 0.456211
=> total bkg = 1.30432
Signal	Yield	Efficiency	Efficiency@Presel	Punzi
HNMuMu_600	0.594031	0.324017	1.68922e-05	4.41948e-06
=====================================================================


!!!!!!!!!!!!!!!!!
!!!! UPDATED !!!!
!!!!!!!!!!!!!!!!!

[CutInfo::PrintCutInfo] leadingLepton_Pt	>	140
[CutInfo::PrintCutInfo] ljj	|<	720
[CutInfo::PrintCutInfo] ljj	|>	485
CF	0 +- 0
Fake	0.215961 +- 0.160175
Prompt	1.08114 +- 0.452909
=> total bkg = 1.2971
Signal	Yield	Efficiency	Efficiency@Presel	Punzi
HNMuMu_600	0.593709	0.323783	1.6883e-05	4.42523e-06
=====================================================================


!!!!!!!!!!!!!!!!!
!!!! UPDATED !!!!
!!!!!!!!!!!!!!!!!

[CutInfo::PrintCutInfo] leadingLepton_Pt	>	140
[CutInfo::PrintCutInfo] ljj	|<	715
[CutInfo::PrintCutInfo] ljj	|>	485
CF	0 +- 0
Fake	0.216052 +- 0.160186
Prompt	1.0697 +- 0.44766
=> total bkg = 1.28576
Signal	Yield	Efficiency	Efficiency@Presel	Punzi
HNMuMu_600	0.593047	0.323433	1.68642e-05	4.43321e-06
=====================================================================


!!!!!!!!!!!!!!!!!
!!!! UPDATED !!!!
!!!!!!!!!!!!!!!!!

[CutInfo::PrintCutInfo] leadingLepton_Pt	>	140
[CutInfo::PrintCutInfo] ljj	|<	710
[CutInfo::PrintCutInfo] ljj	|>	485
CF	0 +- 0
Fake	0.216052 +- 0.160186
Prompt	1.05989 +- 0.443193
=> total bkg = 1.27594
Signal	Yield	Efficiency	Efficiency@Presel	Punzi
HNMuMu_600	0.592472	0.323133	1.68479e-05	4.44011e-06
=====================================================================


!!!!!!!!!!!!!!!!!
!!!! UPDATED !!!!
!!!!!!!!!!!!!!!!!

[CutInfo::PrintCutInfo] leadingLepton_Pt	>	140
[CutInfo::PrintCutInfo] ljj	|<	705
[CutInfo::PrintCutInfo] ljj	|>	485
CF	0 +- 0
Fake	0.159838 +- 0.143432
Prompt	1.04693 +- 0.437288
=> total bkg = 1.20677
Signal	Yield	Efficiency	Efficiency@Presel	Punzi
HNMuMu_600	0.591643	0.32275	1.68243e-05	4.50049e-06
=====================================================================


!!!!!!!!!!!!!!!!!
!!!! UPDATED !!!!
!!!!!!!!!!!!!!!!!

[CutInfo::PrintCutInfo] leadingLepton_Pt	>	140
[CutInfo::PrintCutInfo] ljj	|<	695
[CutInfo::PrintCutInfo] ljj	|>	485
CF	0 +- 0
Fake	0.16023 +- 0.143471
Prompt	0.999091 +- 0.413512
=> total bkg = 1.15932
Signal	Yield	Efficiency	Efficiency@Presel	Punzi
HNMuMu_600	0.58918	0.32135	1.67543e-05	4.54135e-06
=====================================================================

####################################################
TIME STAMP : [2018/1/16 21:11:30] 2300 / 3721 (61.8113 %)
####################################################
[CutInfo::PrintCutInfo] leadingLepton_Pt	>	140
[CutInfo::PrintCutInfo] ljj	|<	695
[CutInfo::PrintCutInfo] ljj	|>	485

!!!!!!!!!!!!!!!!!
!!!! UPDATED !!!!
!!!!!!!!!!!!!!!!!

[CutInfo::PrintCutInfo] leadingLepton_Pt	>	140
[CutInfo::PrintCutInfo] ljj	|<	685
[CutInfo::PrintCutInfo] ljj	|>	485
CF	0 +- 0
Fake	0.133836 +- 0.136699
Prompt	0.98938 +- 0.409141
=> total bkg = 1.12322
Signal	Yield	Efficiency	Efficiency@Presel	Punzi
HNMuMu_600	0.585731	0.319467	1.66562e-05	4.55273e-06
=====================================================================


!!!!!!!!!!!!!!!!!
!!!! UPDATED !!!!
!!!!!!!!!!!!!!!!!

[CutInfo::PrintCutInfo] leadingLepton_Pt	>	140
[CutInfo::PrintCutInfo] ljj	|<	695
[CutInfo::PrintCutInfo] ljj	|>	490
CF	0 +- 0
Fake	0.16023 +- 0.143471
Prompt	0.986393 +- 0.407795
=> total bkg = 1.14662
Signal	Yield	Efficiency	Efficiency@Presel	Punzi
HNMuMu_600	0.588786	0.3211	1.6743e-05	4.55412e-06
=====================================================================


!!!!!!!!!!!!!!!!!
!!!! UPDATED !!!!
!!!!!!!!!!!!!!!!!

[CutInfo::PrintCutInfo] leadingLepton_Pt	>	140
[CutInfo::PrintCutInfo] ljj	|<	685
[CutInfo::PrintCutInfo] ljj	|>	490
CF	0 +- 0
Fake	0.133836 +- 0.136699
Prompt	0.976682 +- 0.403439
=> total bkg = 1.11052
Signal	Yield	Efficiency	Efficiency@Presel	Punzi
HNMuMu_600	0.585284	0.3192	1.66435e-05	4.56544e-06
=====================================================================

####################################################
TIME STAMP : [2018/1/16 21:11:43] 2400 / 3721 (64.4988 %)
####################################################
[CutInfo::PrintCutInfo] leadingLepton_Pt	>	140
[CutInfo::PrintCutInfo] ljj	|<	685
[CutInfo::PrintCutInfo] ljj	|>	490

!!!!!!!!!!!!!!!!!
!!!! UPDATED !!!!
!!!!!!!!!!!!!!!!!

[CutInfo::PrintCutInfo] leadingLepton_Pt	>	140
[CutInfo::PrintCutInfo] ljj	|<	705
[CutInfo::PrintCutInfo] ljj	|>	495
CF	0 +- 0
Fake	0.103091 +- 0.126242
Prompt	1.02586 +- 0.427743
=> total bkg = 1.12895
Signal	Yield	Efficiency	Efficiency@Presel	Punzi
HNMuMu_600	0.590896	0.322283	1.6803e-05	4.57564e-06
=====================================================================


!!!!!!!!!!!!!!!!!
!!!! UPDATED !!!!
!!!!!!!!!!!!!!!!!

[CutInfo::PrintCutInfo] leadingLepton_Pt	>	140
[CutInfo::PrintCutInfo] ljj	|<	695
[CutInfo::PrintCutInfo] ljj	|>	495
CF	0 +- 0
Fake	0.103483 +- 0.12627
Prompt	0.978024 +- 0.404031
=> total bkg = 1.08151
Signal	Yield	Efficiency	Efficiency@Presel	Punzi
HNMuMu_600	0.58838	0.320867	1.67315e-05	4.61952e-06
=====================================================================


!!!!!!!!!!!!!!!!!
!!!! UPDATED !!!!
!!!!!!!!!!!!!!!!!

[CutInfo::PrintCutInfo] leadingLepton_Pt	>	140
[CutInfo::PrintCutInfo] ljj	|<	685
[CutInfo::PrintCutInfo] ljj	|>	495
CF	0 +- 0
Fake	0.0770891 +- 0.119652
Prompt	0.968313 +- 0.399685
=> total bkg = 1.0454
Signal	Yield	Efficiency	Efficiency@Presel	Punzi
HNMuMu_600	0.584878	0.318967	1.66319e-05	4.63241e-06
=====================================================================


!!!!!!!!!!!!!!!!!
!!!! UPDATED !!!!
!!!!!!!!!!!!!!!!!

[CutInfo::PrintCutInfo] leadingLepton_Pt	>	140
[CutInfo::PrintCutInfo] ljj	|<	695
[CutInfo::PrintCutInfo] ljj	|>	500
CF	0 +- 0
Fake	0.103814 +- 0.126294
Prompt	0.932247 +- 0.38308
=> total bkg = 1.03606
Signal	Yield	Efficiency	Efficiency@Presel	Punzi
HNMuMu_600	0.587775	0.32055	1.67143e-05	4.67629e-06
=====================================================================


!!!!!!!!!!!!!!!!!
!!!! UPDATED !!!!
!!!!!!!!!!!!!!!!!

[CutInfo::PrintCutInfo] leadingLepton_Pt	>	140
[CutInfo::PrintCutInfo] ljj	|<	685
[CutInfo::PrintCutInfo] ljj	|>	500
CF	0 +- 0
Fake	0.07742 +- 0.119671
Prompt	0.922536 +- 0.378787
=> total bkg = 0.999956
Signal	Yield	Efficiency	Efficiency@Presel	Punzi
HNMuMu_600	0.584178	0.318617	1.6612e-05	4.68995e-06
=====================================================================

####################################################
TIME STAMP : [2018/1/16 21:11:56] 2500 / 3721 (67.1862 %)
####################################################
[CutInfo::PrintCutInfo] leadingLepton_Pt	>	140
[CutInfo::PrintCutInfo] ljj	|<	685
[CutInfo::PrintCutInfo] ljj	|>	500
####################################################
TIME STAMP : [2018/1/16 21:12:9] 2600 / 3721 (69.8737 %)
####################################################
[CutInfo::PrintCutInfo] leadingLepton_Pt	>	140
[CutInfo::PrintCutInfo] ljj	|<	685
[CutInfo::PrintCutInfo] ljj	|>	500

!!!!!!!!!!!!!!!!!
!!!! UPDATED !!!!
!!!!!!!!!!!!!!!!!

[CutInfo::PrintCutInfo] leadingLepton_Pt	>	140
[CutInfo::PrintCutInfo] ljj	|<	695
[CutInfo::PrintCutInfo] ljj	|>	510
CF	0 +- 0
Fake	0.125885 +- 0.126266
Prompt	0.892815 +- 0.36571
=> total bkg = 1.0187
Signal	Yield	Efficiency	Efficiency@Presel	Punzi
HNMuMu_600	0.585866	0.319567	1.666e-05	4.69236e-06
=====================================================================


!!!!!!!!!!!!!!!!!
!!!! UPDATED !!!!
!!!!!!!!!!!!!!!!!

[CutInfo::PrintCutInfo] leadingLepton_Pt	>	140
[CutInfo::PrintCutInfo] ljj	|<	685
[CutInfo::PrintCutInfo] ljj	|>	510
CF	0 +- 0
Fake	0.0994912 +- 0.119202
Prompt	0.883104 +- 0.361477
=> total bkg = 0.982595
Signal	Yield	Efficiency	Efficiency@Presel	Punzi
HNMuMu_600	0.582169	0.3176	1.65549e-05	4.70594e-06
=====================================================================


!!!!!!!!!!!!!!!!!
!!!! UPDATED !!!!
!!!!!!!!!!!!!!!!!

[CutInfo::PrintCutInfo] leadingLepton_Pt	>	140
[CutInfo::PrintCutInfo] ljj	|<	685
[CutInfo::PrintCutInfo] ljj	|>	515
CF	0 +- 0
Fake	0.10101 +- 0.119307
Prompt	0.87123 +- 0.356388
=> total bkg = 0.97224
Signal	Yield	Efficiency	Efficiency@Presel	Punzi
HNMuMu_600	0.581575	0.317167	1.6538e-05	4.71624e-06
=====================================================================

####################################################
TIME STAMP : [2018/1/16 21:12:21] 2700 / 3721 (72.5611 %)
####################################################
[CutInfo::PrintCutInfo] leadingLepton_Pt	>	140
[CutInfo::PrintCutInfo] ljj	|<	685
[CutInfo::PrintCutInfo] ljj	|>	515

!!!!!!!!!!!!!!!!!
!!!! UPDATED !!!!
!!!!!!!!!!!!!!!!!

[CutInfo::PrintCutInfo] leadingLepton_Pt	>	140
[CutInfo::PrintCutInfo] ljj	|<	685
[CutInfo::PrintCutInfo] ljj	|>	520
CF	0 +- 0
Fake	0.102845 +- 0.119439
Prompt	0.860022 +- 0.351531
=> total bkg = 0.962867
Signal	Yield	Efficiency	Efficiency@Presel	Punzi
HNMuMu_600	0.580466	0.3165	1.65065e-05	4.72121e-06
=====================================================================


!!!!!!!!!!!!!!!!!
!!!! UPDATED !!!!
!!!!!!!!!!!!!!!!!

[CutInfo::PrintCutInfo] leadingLepton_Pt	>	140
[CutInfo::PrintCutInfo] ljj	|<	685
[CutInfo::PrintCutInfo] ljj	|>	525
CF	0 +- 0
Fake	0.103067 +- 0.119456
Prompt	0.844982 +- 0.345088
=> total bkg = 0.948049
Signal	Yield	Efficiency	Efficiency@Presel	Punzi
HNMuMu_600	0.579207	0.315767	1.64707e-05	4.7323e-06
=====================================================================

####################################################
TIME STAMP : [2018/1/16 21:12:34] 2800 / 3721 (75.2486 %)
####################################################
[CutInfo::PrintCutInfo] leadingLepton_Pt	>	140
[CutInfo::PrintCutInfo] ljj	|<	685
[CutInfo::PrintCutInfo] ljj	|>	525
####################################################
TIME STAMP : [2018/1/16 21:12:46] 2900 / 3721 (77.936 %)
####################################################
[CutInfo::PrintCutInfo] leadingLepton_Pt	>	140
[CutInfo::PrintCutInfo] ljj	|<	685
[CutInfo::PrintCutInfo] ljj	|>	525

!!!!!!!!!!!!!!!!!
!!!! UPDATED !!!!
!!!!!!!!!!!!!!!!!

[CutInfo::PrintCutInfo] leadingLepton_Pt	>	140
[CutInfo::PrintCutInfo] ljj	|<	710
[CutInfo::PrintCutInfo] ljj	|>	540
CF	0 +- 0
Fake	0.185871 +- 0.144245
Prompt	0.760679 +- 0.328947
=> total bkg = 0.946549
Signal	Yield	Efficiency	Efficiency@Presel	Punzi
HNMuMu_600	0.580066	0.316317	1.64951e-05	4.74586e-06
=====================================================================


!!!!!!!!!!!!!!!!!
!!!! UPDATED !!!!
!!!!!!!!!!!!!!!!!

[CutInfo::PrintCutInfo] leadingLepton_Pt	>	140
[CutInfo::PrintCutInfo] ljj	|<	705
[CutInfo::PrintCutInfo] ljj	|>	540
CF	0 +- 0
Fake	0.129657 +- 0.126591
Prompt	0.747715 +- 0.323224
=> total bkg = 0.877372
Signal	Yield	Efficiency	Efficiency@Presel	Punzi
HNMuMu_600	0.579024	0.315817	1.64655e-05	4.82777e-06
=====================================================================


!!!!!!!!!!!!!!!!!
!!!! UPDATED !!!!
!!!!!!!!!!!!!!!!!

[CutInfo::PrintCutInfo] leadingLepton_Pt	>	140
[CutInfo::PrintCutInfo] ljj	|<	695
[CutInfo::PrintCutInfo] ljj	|>	540
CF	0 +- 0
Fake	0.130048 +- 0.126627
Prompt	0.695392 +- 0.29748
=> total bkg = 0.825441
Signal	Yield	Efficiency	Efficiency@Presel	Punzi
HNMuMu_600	0.576034	0.31415	1.63804e-05	4.88741e-06
=====================================================================


!!!!!!!!!!!!!!!!!
!!!! UPDATED !!!!
!!!!!!!!!!!!!!!!!

[CutInfo::PrintCutInfo] leadingLepton_Pt	>	140
[CutInfo::PrintCutInfo] ljj	|<	685
[CutInfo::PrintCutInfo] ljj	|>	540
CF	0 +- 0
Fake	0.103655 +- 0.119501
Prompt	0.685682 +- 0.293291
=> total bkg = 0.789337
Signal	Yield	Efficiency	Efficiency@Presel	Punzi
HNMuMu_600	0.572016	0.312017	1.62662e-05	4.90612e-06
=====================================================================

####################################################
TIME STAMP : [2018/1/16 21:12:58] 3000 / 3721 (80.6235 %)
####################################################
[CutInfo::PrintCutInfo] leadingLepton_Pt	>	140
[CutInfo::PrintCutInfo] ljj	|<	685
[CutInfo::PrintCutInfo] ljj	|>	540

!!!!!!!!!!!!!!!!!
!!!! UPDATED !!!!
!!!!!!!!!!!!!!!!!

[CutInfo::PrintCutInfo] leadingLepton_Pt	>	140
[CutInfo::PrintCutInfo] ljj	|<	715
[CutInfo::PrintCutInfo] ljj	|>	545
CF	0 +- 0
Fake	0.0747315 +- 0.0701606
Prompt	0.742435 +- 0.320914
=> total bkg = 0.817166
Signal	Yield	Efficiency	Efficiency@Presel	Punzi
HNMuMu_600	0.578323	0.315283	1.64455e-05	4.91318e-06
=====================================================================


!!!!!!!!!!!!!!!!!
!!!! UPDATED !!!!
!!!!!!!!!!!!!!!!!

[CutInfo::PrintCutInfo] leadingLepton_Pt	>	140
[CutInfo::PrintCutInfo] ljj	|<	710
[CutInfo::PrintCutInfo] ljj	|>	545
CF	0 +- 0
Fake	0.0747315 +- 0.0701606
Prompt	0.728475 +- 0.314818
=> total bkg = 0.803206
Signal	Yield	Efficiency	Efficiency@Presel	Punzi
HNMuMu_600	0.577661	0.31495	1.64267e-05	4.93098e-06
=====================================================================


!!!!!!!!!!!!!!!!!
!!!! UPDATED !!!!
!!!!!!!!!!!!!!!!!

[CutInfo::PrintCutInfo] leadingLepton_Pt	>	140
[CutInfo::PrintCutInfo] ljj	|<	705
[CutInfo::PrintCutInfo] ljj	|>	545
CF	0 +- 0
Fake	0.0185176 +- 0.0355768
Prompt	0.715511 +- 0.309172
=> total bkg = 0.734029
Signal	Yield	Efficiency	Efficiency@Presel	Punzi
HNMuMu_600	0.576573	0.314433	1.63958e-05	5.02716e-06
=====================================================================


!!!!!!!!!!!!!!!!!
!!!! UPDATED !!!!
!!!!!!!!!!!!!!!!!

[CutInfo::PrintCutInfo] leadingLepton_Pt	>	140
[CutInfo::PrintCutInfo] ljj	|<	695
[CutInfo::PrintCutInfo] ljj	|>	545
CF	0 +- 0
Fake	0.0189092 +- 0.0355924
Prompt	0.663188 +- 0.283642
=> total bkg = 0.682098
Signal	Yield	Efficiency	Efficiency@Presel	Punzi
HNMuMu_600	0.573583	0.312767	1.63107e-05	5.10133e-06
=====================================================================


!!!!!!!!!!!!!!!!!
!!!! UPDATED !!!!
!!!!!!!!!!!!!!!!!

[CutInfo::PrintCutInfo] leadingLepton_Pt	>	140
[CutInfo::PrintCutInfo] ljj	|<	685
[CutInfo::PrintCutInfo] ljj	|>	545
CF	0 +- 0
Fake	0 +- 0
Prompt	0.653478 +- 0.279525
=> total bkg = 0.653478
Signal	Yield	Efficiency	Efficiency@Presel	Punzi
HNMuMu_600	0.569481	0.310583	1.61941e-05	5.11568e-06
=====================================================================

####################################################
TIME STAMP : [2018/1/16 21:13:11] 3100 / 3721 (83.3109 %)
####################################################
[CutInfo::PrintCutInfo] leadingLepton_Pt	>	140
[CutInfo::PrintCutInfo] ljj	|<	685
[CutInfo::PrintCutInfo] ljj	|>	545

!!!!!!!!!!!!!!!!!
!!!! UPDATED !!!!
!!!!!!!!!!!!!!!!!

[CutInfo::PrintCutInfo] leadingLepton_Pt	>	140
[CutInfo::PrintCutInfo] ljj	|<	695
[CutInfo::PrintCutInfo] ljj	|>	555
CF	0 +- 0
Fake	0.019007 +- 0.035597
Prompt	0.607822 +- 0.25804
=> total bkg = 0.626829
Signal	Yield	Efficiency	Efficiency@Presel	Punzi
HNMuMu_600	0.565459	0.30795	1.60797e-05	5.14014e-06
=====================================================================


!!!!!!!!!!!!!!!!!
!!!! UPDATED !!!!
!!!!!!!!!!!!!!!!!

[CutInfo::PrintCutInfo] leadingLepton_Pt	>	140
[CutInfo::PrintCutInfo] ljj	|<	685
[CutInfo::PrintCutInfo] ljj	|>	555
CF	0 +- 0
Fake	0 +- 0
Prompt	0.598112 +- 0.254032
=> total bkg = 0.598112
Signal	Yield	Efficiency	Efficiency@Presel	Punzi
HNMuMu_600	0.561156	0.305667	1.59573e-05	5.1557e-06
=====================================================================

####################################################
TIME STAMP : [2018/1/16 21:13:23] 3200 / 3721 (85.9984 %)
####################################################
[CutInfo::PrintCutInfo] leadingLepton_Pt	>	140
[CutInfo::PrintCutInfo] ljj	|<	685
[CutInfo::PrintCutInfo] ljj	|>	555
####################################################
TIME STAMP : [2018/1/16 21:13:35] 3300 / 3721 (88.6858 %)
####################################################
[CutInfo::PrintCutInfo] leadingLepton_Pt	>	140
[CutInfo::PrintCutInfo] ljj	|<	685
[CutInfo::PrintCutInfo] ljj	|>	555
####################################################
TIME STAMP : [2018/1/16 21:13:48] 3400 / 3721 (91.3733 %)
####################################################
[CutInfo::PrintCutInfo] leadingLepton_Pt	>	140
[CutInfo::PrintCutInfo] ljj	|<	685
[CutInfo::PrintCutInfo] ljj	|>	555

!!!!!!!!!!!!!!!!!
!!!! UPDATED !!!!
!!!!!!!!!!!!!!!!!

[CutInfo::PrintCutInfo] leadingLepton_Pt	>	140
[CutInfo::PrintCutInfo] ljj	|<	695
[CutInfo::PrintCutInfo] ljj	|>	580
CF	0 +- 0
Fake	0.0166387 +- 0.0352705
Prompt	0.374469 +- 0.170173
=> total bkg = 0.391107
Signal	Yield	Efficiency	Efficiency@Presel	Punzi
HNMuMu_600	0.512803	0.279217	1.45823e-05	5.1827e-06
=====================================================================


!!!!!!!!!!!!!!!!!
!!!! UPDATED !!!!
!!!!!!!!!!!!!!!!!

[CutInfo::PrintCutInfo] leadingLepton_Pt	>	140
[CutInfo::PrintCutInfo] ljj	|<	685
[CutInfo::PrintCutInfo] ljj	|>	580
CF	0 +- 0
Fake	0 +- 0
Prompt	0.364758 +- 0.16618
=> total bkg = 0.364758
Signal	Yield	Efficiency	Efficiency@Presel	Punzi
HNMuMu_600	0.507522	0.27645	1.44322e-05	5.20088e-06
=====================================================================

####################################################
TIME STAMP : [2018/1/16 21:14:0] 3500 / 3721 (94.0607 %)
####################################################
[CutInfo::PrintCutInfo] leadingLepton_Pt	>	140
[CutInfo::PrintCutInfo] ljj	|<	685
[CutInfo::PrintCutInfo] ljj	|>	580
####################################################
TIME STAMP : [2018/1/16 21:14:12] 3600 / 3721 (96.7482 %)
####################################################
[CutInfo::PrintCutInfo] leadingLepton_Pt	>	140
[CutInfo::PrintCutInfo] ljj	|<	685
[CutInfo::PrintCutInfo] ljj	|>	580
####################################################
TIME STAMP : [2018/1/16 21:14:24] 3700 / 3721 (99.4356 %)
####################################################
[CutInfo::PrintCutInfo] leadingLepton_Pt	>	140
[CutInfo::PrintCutInfo] ljj	|<	685
[CutInfo::PrintCutInfo] ljj	|>	580

##################
#### FINISHED ####
##################

[CutInfo::PrintCutInfo] leadingLepton_Pt	>	140
[CutInfo::PrintCutInfo] ljj	|<	685
[CutInfo::PrintCutInfo] ljj	|>	580
CF	0 +- 0
Fake	0 +- 0
Prompt	0.364758 +- 0.16618
=> total bkg = 0.364758
Signal	Yield	Efficiency	Efficiency@Presel	Punzi
HNMuMu_600	0.507522	0.27645	1.44322e-05	5.20088e-06
