
Processing Bin2_HNElEl_400.C...
[AnalysisInputs::SetMCSF] Get MC SF from /home/jskim/Documents/trilepton_13TeV/DiLepton/data/v8-0-7.32/MCSF.txt
[AnalysisInputs::SetMCSF] sample : VVV
[AnalysisInputs::SetMCSF] => MCSF = 1, MCSF_err = 0.5
[AnalysisInputs::SetMCSF] sample : WWW
[AnalysisInputs::SetMCSF] => MCSF = 1, MCSF_err = 0.5
[AnalysisInputs::SetMCSF] sample : WWZ
[AnalysisInputs::SetMCSF] => MCSF = 1, MCSF_err = 0.5
[AnalysisInputs::SetMCSF] sample : WZZ
[AnalysisInputs::SetMCSF] => MCSF = 1, MCSF_err = 0.5
[AnalysisInputs::SetMCSF] sample : ZZZ
[AnalysisInputs::SetMCSF] => MCSF = 1, MCSF_err = 0.5
[AnalysisInputs::SetMCSF] sample : ttV
[AnalysisInputs::SetMCSF] => MCSF = 1, MCSF_err = 0.5
[AnalysisInputs::SetMCSF] sample : ttW
[AnalysisInputs::SetMCSF] => MCSF = 1, MCSF_err = 0.5
[AnalysisInputs::SetMCSF] sample : ttZ
[AnalysisInputs::SetMCSF] => MCSF = 1, MCSF_err = 0.5
[AnalysisInputs::SetMCSF] sample : ttH_nonbb
[AnalysisInputs::SetMCSF] => MCSF = 1, MCSF_err = 0.5
[AnalysisInputs::SetMCSF] sample : top
[AnalysisInputs::SetMCSF] => MCSF = 1, MCSF_err = 0.5
[AnalysisInputs::SetMCSF] sample : WZTo3LNu_powheg
[AnalysisInputs::SetMCSF] => MCSF = 0.988021, MCSF_err = 0.0652167
[AnalysisInputs::SetMCSF] sample : ZGto2LG
[AnalysisInputs::SetMCSF] => MCSF = 0.83069, MCSF_err = 0.174719
[AnalysisInputs::SetMCSF] sample : ZZTo4L_powheg
[AnalysisInputs::SetMCSF] => MCSF = 0.94117, MCSF_err = 0.105665
[AnalysisInputs::SetMCSF] sample : ggZZto2e2mu
[AnalysisInputs::SetMCSF] => MCSF = 0.94117, MCSF_err = 0.105665
[AnalysisInputs::SetMCSF] sample : ggZZto2e2nu
[AnalysisInputs::SetMCSF] => MCSF = 0.94117, MCSF_err = 0.105665
[AnalysisInputs::SetMCSF] sample : ggZZto2e2tau
[AnalysisInputs::SetMCSF] => MCSF = 0.94117, MCSF_err = 0.105665
[AnalysisInputs::SetMCSF] sample : ggZZto2mu2nu
[AnalysisInputs::SetMCSF] => MCSF = 0.94117, MCSF_err = 0.105665
[AnalysisInputs::SetMCSF] sample : ggZZto2mu2tau
[AnalysisInputs::SetMCSF] => MCSF = 0.94117, MCSF_err = 0.105665
[AnalysisInputs::SetMCSF] sample : ggZZto4e
[AnalysisInputs::SetMCSF] => MCSF = 0.94117, MCSF_err = 0.105665
[AnalysisInputs::SetMCSF] sample : ggZZto4mu
[AnalysisInputs::SetMCSF] => MCSF = 0.94117, MCSF_err = 0.105665
[AnalysisInputs::SetMCSF] sample : ggZZto4tau
[AnalysisInputs::SetMCSF] => MCSF = 0.94117, MCSF_err = 0.105665
[AnalysisInputs::SetCalculatedSysts] Get Systematics from /home/jskim/Documents/trilepton_13TeV/DiLepton/data/v8-0-7.32/Syst.txt
[AnalysisInputs::SetCalculatedSysts] source : Luminosity
[AnalysisInputs::SetCalculatedSysts] => % sysematic = 0.025
[AnalysisInputs::SetCalculatedSysts] source : FakeLooseID
[AnalysisInputs::SetCalculatedSysts] => % sysematic = 0.3
[AnalysisInputs::SetCalculatedSysts] source : ChrageFlipSyst
[AnalysisInputs::SetCalculatedSysts] => % sysematic = 0.21
[CutRangeInfo::ReadCutCard] Get Cutcard from /home/jskim/Documents/trilepton_13TeV/DiLepton/data/v8-0-7.32/CutOpCard/UseNonSkim/OPTIMIZED_171021_ElEl_HighMass_Bin2/HNElEl_400.txt
Central	3.77656	0.460996	0.344376
_MuonEn_up	3.81092	0.460996	0.344376
_MuonEn_down	3.82522	0.460996	0.344376
_MuonIDSF_up	3.79441	0.460996	0.344376
_MuonIDSF_down	3.77281	0.460996	0.344376
_ElectronEn_up	3.86816	0.460996	0.344376
_ElectronEn_down	3.77258	0.460996	0.344376
_ElectronIDSF_up	3.85091	0.460996	0.344376
_ElectronIDSF_down	3.80794	0.460996	0.344376
_TriggerSF_up	3.88409	0.460996	0.344376
_TriggerSF_down	3.79985	0.460996	0.344376
_PU_up	3.83621	0.460996	0.344376
_PU_down	3.83956	0.460996	0.344376
_JetEn_up	3.83518	0.460996	0.344376
_JetEn_down	3.79796	0.460996	0.344376
_JetRes_up	3.79797	0.460996	0.344376
_JetRes_down	3.8089	0.460996	0.344376
_Unclustered_up	3.75012	0.460996	0.344376
_Unclustered_down	3.85196	0.460996	0.344376
_BTagSFEff_up	3.82123	0.460996	0.344376
_BTagSFEff_down	3.75343	0.460996	0.344376
_BTagSFMiss_up	3.79149	0.460996	0.344376
_BTagSFMiss_down	3.85207	0.460996	0.344376
_JetMass_up	3.76781	0.460996	0.344376
_JetMass_down	3.83364	0.460996	0.344376
_JetMassRes_up	3.79297	0.460996	0.344376
_JetMassRes_down	3.85294	0.460996	0.344376

################ Sources ################
Source	SystTotal	SystPrompt	SystFake	Signal
Stat 12.81 14.85  37.67  8.11  1.49
Lumi 2.06  2.50 -  -  2.50
PDF  -  -  -  -  2.50
MuonPt  0.92 1.12  -  -  0.05
MuonID  0.28 0.34  -  -  0.14
ElectronE  1.42 1.72  -  -  0.13
ElectronID  1.25 1.51  -  -  0.22
Trigger  1.70 2.06  -  -  0.20
PU  1.34 1.62  -  -  1.61
JES  0.96 1.17  -  -  0.17
JER  0.60 0.73  -  -  0.14
Uncl  1.23 1.50  -  -  0.21
BEff  0.78 0.94  -  -  0.31
BMiss  1.19 1.44  -  -  0.49
JMS  0.89 1.08  -  -  0.23
JMR  1.21 1.46  -  -  0.06
MCNorm 13.33  16.17 -  -  -
Fake 3.02  -  30.00 - -
CF 1.58  -  -  21.00 -
Total Systematic 14.39 17.07  30.00  21.00  3.96

Total Background	4.582
- Prompt	3.777
- Fake	0.461
- CF	0.344

####### Result #######
Signal Eff	0.100615
4.581927 1.193
0.767 1.042
