
Processing Bin2_HNElEl_150.C...
[AnalysisInputs::SetMCSF] Get MC SF from /home/jskim/Documents/trilepton_13TeV/DiLepton/data/v8-0-7.32/MCSF.txt
[AnalysisInputs::SetMCSF] sample : VVV
[AnalysisInputs::SetMCSF] => MCSF = 1, MCSF_err = 0.5
[AnalysisInputs::SetMCSF] sample : WWW
[AnalysisInputs::SetMCSF] => MCSF = 1, MCSF_err = 0.5
[AnalysisInputs::SetMCSF] sample : WWZ
[AnalysisInputs::SetMCSF] => MCSF = 1, MCSF_err = 0.5
[AnalysisInputs::SetMCSF] sample : WZZ
[AnalysisInputs::SetMCSF] => MCSF = 1, MCSF_err = 0.5
[AnalysisInputs::SetMCSF] sample : ZZZ
[AnalysisInputs::SetMCSF] => MCSF = 1, MCSF_err = 0.5
[AnalysisInputs::SetMCSF] sample : ttV
[AnalysisInputs::SetMCSF] => MCSF = 1, MCSF_err = 0.5
[AnalysisInputs::SetMCSF] sample : ttW
[AnalysisInputs::SetMCSF] => MCSF = 1, MCSF_err = 0.5
[AnalysisInputs::SetMCSF] sample : ttZ
[AnalysisInputs::SetMCSF] => MCSF = 1, MCSF_err = 0.5
[AnalysisInputs::SetMCSF] sample : ttH_nonbb
[AnalysisInputs::SetMCSF] => MCSF = 1, MCSF_err = 0.5
[AnalysisInputs::SetMCSF] sample : top
[AnalysisInputs::SetMCSF] => MCSF = 1, MCSF_err = 0.5
[AnalysisInputs::SetMCSF] sample : WZTo3LNu_powheg
[AnalysisInputs::SetMCSF] => MCSF = 0.988021, MCSF_err = 0.0652167
[AnalysisInputs::SetMCSF] sample : ZGto2LG
[AnalysisInputs::SetMCSF] => MCSF = 0.83069, MCSF_err = 0.174719
[AnalysisInputs::SetMCSF] sample : ZZTo4L_powheg
[AnalysisInputs::SetMCSF] => MCSF = 0.94117, MCSF_err = 0.105665
[AnalysisInputs::SetMCSF] sample : ggZZto2e2mu
[AnalysisInputs::SetMCSF] => MCSF = 0.94117, MCSF_err = 0.105665
[AnalysisInputs::SetMCSF] sample : ggZZto2e2nu
[AnalysisInputs::SetMCSF] => MCSF = 0.94117, MCSF_err = 0.105665
[AnalysisInputs::SetMCSF] sample : ggZZto2e2tau
[AnalysisInputs::SetMCSF] => MCSF = 0.94117, MCSF_err = 0.105665
[AnalysisInputs::SetMCSF] sample : ggZZto2mu2nu
[AnalysisInputs::SetMCSF] => MCSF = 0.94117, MCSF_err = 0.105665
[AnalysisInputs::SetMCSF] sample : ggZZto2mu2tau
[AnalysisInputs::SetMCSF] => MCSF = 0.94117, MCSF_err = 0.105665
[AnalysisInputs::SetMCSF] sample : ggZZto4e
[AnalysisInputs::SetMCSF] => MCSF = 0.94117, MCSF_err = 0.105665
[AnalysisInputs::SetMCSF] sample : ggZZto4mu
[AnalysisInputs::SetMCSF] => MCSF = 0.94117, MCSF_err = 0.105665
[AnalysisInputs::SetMCSF] sample : ggZZto4tau
[AnalysisInputs::SetMCSF] => MCSF = 0.94117, MCSF_err = 0.105665
[AnalysisInputs::SetCalculatedSysts] Get Systematics from /home/jskim/Documents/trilepton_13TeV/DiLepton/data/v8-0-7.32/Syst.txt
[AnalysisInputs::SetCalculatedSysts] source : Luminosity
[AnalysisInputs::SetCalculatedSysts] => % sysematic = 0.025
[AnalysisInputs::SetCalculatedSysts] source : FakeLooseID
[AnalysisInputs::SetCalculatedSysts] => % sysematic = 0.3
[AnalysisInputs::SetCalculatedSysts] source : ChrageFlipSyst
[AnalysisInputs::SetCalculatedSysts] => % sysematic = 0.21
[CutRangeInfo::ReadCutCard] Get Cutcard from /home/jskim/Documents/trilepton_13TeV/DiLepton/data/v8-0-7.32/CutOpCard/UseNonSkim/OPTIMIZED_171021_ElEl_HighMass_Bin2/HNElEl_150.txt
Central	7.42974	1.54892	0.599156
_MuonEn_up	7.5692	1.54892	0.599156
_MuonEn_down	7.50087	1.54892	0.599156
_MuonIDSF_up	7.51889	1.54892	0.599156
_MuonIDSF_down	7.50346	1.54892	0.599156
_ElectronEn_up	7.45197	1.54892	0.599156
_ElectronEn_down	7.47444	1.54892	0.599156
_ElectronIDSF_up	7.59402	1.54892	0.599156
_ElectronIDSF_down	7.51805	1.54892	0.599156
_TriggerSF_up	7.49921	1.54892	0.599156
_TriggerSF_down	7.4234	1.54892	0.599156
_PU_up	7.10961	1.54892	0.599156
_PU_down	7.82516	1.54892	0.599156
_JetEn_up	7.49439	1.54892	0.599156
_JetEn_down	7.50306	1.54892	0.599156
_JetRes_up	7.48219	1.54892	0.599156
_JetRes_down	7.29933	1.54892	0.599156
_Unclustered_up	7.42406	1.54892	0.599156
_Unclustered_down	7.61191	1.54892	0.599156
_BTagSFEff_up	7.53095	1.54892	0.599156
_BTagSFEff_down	7.51481	1.54892	0.599156
_BTagSFMiss_up	7.46019	1.54892	0.599156
_BTagSFMiss_down	7.57564	1.54892	0.599156
_JetMass_up	7.51065	1.54892	0.599156
_JetMass_down	7.46608	1.54892	0.599156
_JetMassRes_up	7.47127	1.54892	0.599156
_JetMassRes_down	7.5683	1.54892	0.599156

################ Sources ################
Source	SystTotal	SystPrompt	SystFake	Signal
Stat 13.01 16.05  23.27  5.91  8.79
Lumi 1.94  2.50 -  -  2.50
PDF  -  -  -  -  2.50
MuonPt  1.16 1.49  -  -  0.95
MuonID  0.85 1.10  -  -  2.84
ElectronE  0.37 0.48  -  -  1.44
ElectronID  1.38 1.78  -  -  0.84
Trigger  0.51 0.66  -  -  0.04
PU  3.76 4.84  -  -  4.81
JES  0.72 0.93  -  -  1.09
JER  1.04 1.34  -  -  1.54
Uncl  1.35 1.73  -  -  0.57
BEff  0.98 1.26  -  -  0.40
BMiss  1.10 1.42  -  -  1.32
JMS  0.65 0.84  -  -  1.13
JMR  1.07 1.38  -  -  2.37
MCNorm 11.19  14.43 -  -  -
Fake 4.85  -  30.00 - -
CF 1.31  -  -  21.00 -
Total Systematic 13.35 16.03  30.00  21.00  7.75

Total Background	9.578
- Prompt	7.430
- Fake	1.549
- CF	0.599

####### Result #######
Signal Eff	0.003274
9.577820 1.187
1.001 1.117
