
Processing Bin2_HNElEl_90.C...
[AnalysisInputs::SetMCSF] Get MC SF from /home/jskim/Documents/trilepton_13TeV/DiLepton/data/v8-0-7.32/MCSF.txt
[AnalysisInputs::SetMCSF] sample : VVV
[AnalysisInputs::SetMCSF] => MCSF = 1, MCSF_err = 0.5
[AnalysisInputs::SetMCSF] sample : WWW
[AnalysisInputs::SetMCSF] => MCSF = 1, MCSF_err = 0.5
[AnalysisInputs::SetMCSF] sample : WWZ
[AnalysisInputs::SetMCSF] => MCSF = 1, MCSF_err = 0.5
[AnalysisInputs::SetMCSF] sample : WZZ
[AnalysisInputs::SetMCSF] => MCSF = 1, MCSF_err = 0.5
[AnalysisInputs::SetMCSF] sample : ZZZ
[AnalysisInputs::SetMCSF] => MCSF = 1, MCSF_err = 0.5
[AnalysisInputs::SetMCSF] sample : ttV
[AnalysisInputs::SetMCSF] => MCSF = 1, MCSF_err = 0.5
[AnalysisInputs::SetMCSF] sample : ttW
[AnalysisInputs::SetMCSF] => MCSF = 1, MCSF_err = 0.5
[AnalysisInputs::SetMCSF] sample : ttZ
[AnalysisInputs::SetMCSF] => MCSF = 1, MCSF_err = 0.5
[AnalysisInputs::SetMCSF] sample : ttH_nonbb
[AnalysisInputs::SetMCSF] => MCSF = 1, MCSF_err = 0.5
[AnalysisInputs::SetMCSF] sample : top
[AnalysisInputs::SetMCSF] => MCSF = 1, MCSF_err = 0.5
[AnalysisInputs::SetMCSF] sample : WZTo3LNu_powheg
[AnalysisInputs::SetMCSF] => MCSF = 0.988021, MCSF_err = 0.0652167
[AnalysisInputs::SetMCSF] sample : ZGto2LG
[AnalysisInputs::SetMCSF] => MCSF = 0.83069, MCSF_err = 0.174719
[AnalysisInputs::SetMCSF] sample : ZZTo4L_powheg
[AnalysisInputs::SetMCSF] => MCSF = 0.94117, MCSF_err = 0.105665
[AnalysisInputs::SetMCSF] sample : ggZZto2e2mu
[AnalysisInputs::SetMCSF] => MCSF = 0.94117, MCSF_err = 0.105665
[AnalysisInputs::SetMCSF] sample : ggZZto2e2nu
[AnalysisInputs::SetMCSF] => MCSF = 0.94117, MCSF_err = 0.105665
[AnalysisInputs::SetMCSF] sample : ggZZto2e2tau
[AnalysisInputs::SetMCSF] => MCSF = 0.94117, MCSF_err = 0.105665
[AnalysisInputs::SetMCSF] sample : ggZZto2mu2nu
[AnalysisInputs::SetMCSF] => MCSF = 0.94117, MCSF_err = 0.105665
[AnalysisInputs::SetMCSF] sample : ggZZto2mu2tau
[AnalysisInputs::SetMCSF] => MCSF = 0.94117, MCSF_err = 0.105665
[AnalysisInputs::SetMCSF] sample : ggZZto4e
[AnalysisInputs::SetMCSF] => MCSF = 0.94117, MCSF_err = 0.105665
[AnalysisInputs::SetMCSF] sample : ggZZto4mu
[AnalysisInputs::SetMCSF] => MCSF = 0.94117, MCSF_err = 0.105665
[AnalysisInputs::SetMCSF] sample : ggZZto4tau
[AnalysisInputs::SetMCSF] => MCSF = 0.94117, MCSF_err = 0.105665
[AnalysisInputs::SetCalculatedSysts] Get Systematics from /home/jskim/Documents/trilepton_13TeV/DiLepton/data/v8-0-7.32/Syst.txt
[AnalysisInputs::SetCalculatedSysts] source : Luminosity
[AnalysisInputs::SetCalculatedSysts] => % sysematic = 0.025
[AnalysisInputs::SetCalculatedSysts] source : FakeLooseID
[AnalysisInputs::SetCalculatedSysts] => % sysematic = 0.3
[AnalysisInputs::SetCalculatedSysts] source : ChrageFlipSyst
[AnalysisInputs::SetCalculatedSysts] => % sysematic = 0.21
[CutRangeInfo::ReadCutCard] Get Cutcard from /home/jskim/Documents/trilepton_13TeV/DiLepton/data/v8-0-7.32/CutOpCard/UseNonSkim/OPTIMIZED_171021_ElEl_HighMass_Bin2/HNElEl_90.txt
Central	15.2688	3.42224	0.707041
_MuonEn_up	15.4289	3.42224	0.707041
_MuonEn_down	15.336	3.42224	0.707041
_MuonIDSF_up	15.6393	3.42224	0.707041
_MuonIDSF_down	15.3865	3.42224	0.707041
_ElectronEn_up	15.2861	3.42224	0.707041
_ElectronEn_down	15.3193	3.42224	0.707041
_ElectronIDSF_up	15.7767	3.42224	0.707041
_ElectronIDSF_down	15.6792	3.42224	0.707041
_TriggerSF_up	15.348	3.42224	0.707041
_TriggerSF_down	15.2337	3.42224	0.707041
_PU_up	15.1174	3.42224	0.707041
_PU_down	15.4429	3.42224	0.707041
_JetEn_up	15.3188	3.42224	0.707041
_JetEn_down	15.3741	3.42224	0.707041
_JetRes_up	15.6558	3.42224	0.707041
_JetRes_down	15.0834	3.42224	0.707041
_Unclustered_up	15.2253	3.42224	0.707041
_Unclustered_down	14.433	3.42224	0.707041
_BTagSFEff_up	15.3462	3.42224	0.707041
_BTagSFEff_down	15.4374	3.42224	0.707041
_BTagSFMiss_up	15.2683	3.42224	0.707041
_BTagSFMiss_down	15.4403	3.42224	0.707041
_JetMass_up	15.682	3.42224	0.707041
_JetMass_down	15.4062	3.42224	0.707041
_JetMassRes_up	15.6538	3.42224	0.707041
_JetMassRes_down	15.7668	3.42224	0.707041

################ Sources ################
Source	SystTotal	SystPrompt	SystFake	Signal
Stat 12.22 15.14  15.49  5.14  50.11
Lumi 1.97  2.50 -  -  2.50
PDF  -  -  -  -  2.50
MuonPt  0.63 0.80  -  -  0.00
MuonID  1.42 1.80  -  -  0.00
ElectronE  0.19 0.25  -  -  0.00
ElectronID  2.38 3.02  -  -  0.00
Trigger  0.32 0.40  -  -  0.12
PU  0.84 1.07  -  -  0.55
JES  0.42 0.54  -  -  0.00
JER  1.56 1.99  -  -  0.00
Uncl  3.05 3.88  -  -  0.00
BEff  0.68 0.86  -  -  0.00
BMiss  0.62 0.79  -  -  0.00
JMS  1.59 2.02  -  -  0.00
JMR  2.29 2.91  -  -  0.00
MCNorm 8.94  11.36 -  -  -
Fake 5.29  -  30.00 - -
CF 0.77  -  -  21.00 -
Total Systematic 11.89 13.53  30.00  21.00  3.58

Total Background	19.398
- Prompt	15.269
- Fake	3.422
- CF	0.707

####### Result #######
Signal Eff	0.000095
19.398097 1.171
0.318 1.502
