
Processing CyclesForOptimization_MuEl_Bin2/HNMuEl_400.C...
[AnalysisInputs::SetMCSF] Get MC SF from /data8/Users/jskim/HN_dilepton_plotter/data/v8-0-7.37_PreApproval/MCSF.txt
[AnalysisInputs::SetMCSF] sample : VVV
[AnalysisInputs::SetMCSF] => MCSF = 1, MCSF_err = 0.5
[AnalysisInputs::SetMCSF] sample : WWW
[AnalysisInputs::SetMCSF] => MCSF = 1, MCSF_err = 0.5
[AnalysisInputs::SetMCSF] sample : WWZ
[AnalysisInputs::SetMCSF] => MCSF = 1, MCSF_err = 0.5
[AnalysisInputs::SetMCSF] sample : WZZ
[AnalysisInputs::SetMCSF] => MCSF = 1, MCSF_err = 0.5
[AnalysisInputs::SetMCSF] sample : ZZZ
[AnalysisInputs::SetMCSF] => MCSF = 1, MCSF_err = 0.5
[AnalysisInputs::SetMCSF] sample : ttV
[AnalysisInputs::SetMCSF] => MCSF = 1, MCSF_err = 0.5
[AnalysisInputs::SetMCSF] sample : ttW
[AnalysisInputs::SetMCSF] => MCSF = 1, MCSF_err = 0.5
[AnalysisInputs::SetMCSF] sample : ttZ
[AnalysisInputs::SetMCSF] => MCSF = 1, MCSF_err = 0.5
[AnalysisInputs::SetMCSF] sample : ttH_nonbb
[AnalysisInputs::SetMCSF] => MCSF = 1, MCSF_err = 0.5
[AnalysisInputs::SetMCSF] sample : top
[AnalysisInputs::SetMCSF] => MCSF = 1, MCSF_err = 0.5
[AnalysisInputs::SetMCSF] sample : WWTo2L2Nu_DS
[AnalysisInputs::SetMCSF] => MCSF = 1, MCSF_err = 0.5
[AnalysisInputs::SetMCSF] sample : WpWpEWK
[AnalysisInputs::SetMCSF] => MCSF = 1, MCSF_err = 0.5
[AnalysisInputs::SetMCSF] sample : WpWpQCD
[AnalysisInputs::SetMCSF] => MCSF = 1, MCSF_err = 0.5
[AnalysisInputs::SetMCSF] sample : WZTo3LNu_mllmin01
[AnalysisInputs::SetMCSF] => MCSF = 0.65, MCSF_err = 0.06
[AnalysisInputs::SetMCSF] sample : WZTo3LNu_powheg
[AnalysisInputs::SetMCSF] => MCSF = 1.05044, MCSF_err = 0.0648798
[AnalysisInputs::SetMCSF] sample : ZGto2LG
[AnalysisInputs::SetMCSF] => MCSF = 1.09954, MCSF_err = 0.076377
[AnalysisInputs::SetMCSF] sample : WGtoLNuG
[AnalysisInputs::SetMCSF] => MCSF = 1, MCSF_err = 0.076377
[AnalysisInputs::SetMCSF] sample : WGtoLNuG_weighted
[AnalysisInputs::SetMCSF] => MCSF = 1, MCSF_err = 0.076377
[AnalysisInputs::SetMCSF] sample : ZZTo4L_powheg
[AnalysisInputs::SetMCSF] => MCSF = 0.978852, MCSF_err = 0.0792882
[AnalysisInputs::SetMCSF] sample : ggZZto2e2mu
[AnalysisInputs::SetMCSF] => MCSF = 0.978852, MCSF_err = 0.0792882
[AnalysisInputs::SetMCSF] sample : ggZZto2e2nu
[AnalysisInputs::SetMCSF] => MCSF = 0.978852, MCSF_err = 0.0792882
[AnalysisInputs::SetMCSF] sample : ggZZto2e2tau
[AnalysisInputs::SetMCSF] => MCSF = 0.978852, MCSF_err = 0.0792882
[AnalysisInputs::SetMCSF] sample : ggZZto2mu2nu
[AnalysisInputs::SetMCSF] => MCSF = 0.978852, MCSF_err = 0.0792882
[AnalysisInputs::SetMCSF] sample : ggZZto2mu2tau
[AnalysisInputs::SetMCSF] => MCSF = 0.978852, MCSF_err = 0.0792882
[AnalysisInputs::SetMCSF] sample : ggZZto4e
[AnalysisInputs::SetMCSF] => MCSF = 0.978852, MCSF_err = 0.0792882
[AnalysisInputs::SetMCSF] sample : ggZZto4mu
[AnalysisInputs::SetMCSF] => MCSF = 0.978852, MCSF_err = 0.0792882
[AnalysisInputs::SetMCSF] sample : ggZZto4tau
[AnalysisInputs::SetMCSF] => MCSF = 0.978852, MCSF_err = 0.0792882
[AnalysisInputs::SetMCSF] sample : ggHtoZZ
[AnalysisInputs::SetMCSF] => MCSF = 0.978852, MCSF_err = 0.0792882
[AnalysisInputs::SetCalculatedSysts] Get Systematics from /data8/Users/jskim/HN_dilepton_plotter/data/v8-0-7.37_PreApproval/Syst.txt
[AnalysisInputs::SetCalculatedSysts] source : Luminosity
[AnalysisInputs::SetCalculatedSysts] => % sysematic = 0.025
[AnalysisInputs::SetCalculatedSysts] source : FakeLooseID
[AnalysisInputs::SetCalculatedSysts] => % sysematic = 0.3
[AnalysisInputs::SetCalculatedSysts] source : ChrageFlipSyst
[AnalysisInputs::SetCalculatedSysts] => % sysematic = 0.16
[CutRangeInfo::ReadCutCard] Get Cutcard from /data8/Users/jskim/HN_dilepton_plotter/data/v8-0-7.37_PreApproval/CutOpCard/RunDirectory/CyclesForOptimization_MuEl_Bin2/Cards//HNMuEl_400.txt

##################################################
#### TOTAL # of Loop = 3721
##################################################

[CutRangeInfo::PrintCutRangeInfo] leadingLepton_Pt_>
[CutInfo::PrintCutInfo] leadingLepton_Pt	>	125
[CutRangeInfo::PrintCutRangeInfo] ljj_|<
[CutInfo::PrintCutInfo] ljj	|<	700
[CutInfo::PrintCutInfo] ljj	|<	695
[CutInfo::PrintCutInfo] ljj	|<	690
[CutInfo::PrintCutInfo] ljj	|<	685
[CutInfo::PrintCutInfo] ljj	|<	680
[CutInfo::PrintCutInfo] ljj	|<	675
[CutInfo::PrintCutInfo] ljj	|<	670
[CutInfo::PrintCutInfo] ljj	|<	665
[CutInfo::PrintCutInfo] ljj	|<	660
[CutInfo::PrintCutInfo] ljj	|<	655
[CutInfo::PrintCutInfo] ljj	|<	650
[CutInfo::PrintCutInfo] ljj	|<	645
[CutInfo::PrintCutInfo] ljj	|<	640
[CutInfo::PrintCutInfo] ljj	|<	635
[CutInfo::PrintCutInfo] ljj	|<	630
[CutInfo::PrintCutInfo] ljj	|<	625
[CutInfo::PrintCutInfo] ljj	|<	620
[CutInfo::PrintCutInfo] ljj	|<	615
[CutInfo::PrintCutInfo] ljj	|<	610
[CutInfo::PrintCutInfo] ljj	|<	605
[CutInfo::PrintCutInfo] ljj	|<	600
[CutInfo::PrintCutInfo] ljj	|<	595
[CutInfo::PrintCutInfo] ljj	|<	590
[CutInfo::PrintCutInfo] ljj	|<	585
[CutInfo::PrintCutInfo] ljj	|<	580
[CutInfo::PrintCutInfo] ljj	|<	575
[CutInfo::PrintCutInfo] ljj	|<	570
[CutInfo::PrintCutInfo] ljj	|<	565
[CutInfo::PrintCutInfo] ljj	|<	560
[CutInfo::PrintCutInfo] ljj	|<	555
[CutInfo::PrintCutInfo] ljj	|<	550
[CutInfo::PrintCutInfo] ljj	|<	545
[CutInfo::PrintCutInfo] ljj	|<	540
[CutInfo::PrintCutInfo] ljj	|<	535
[CutInfo::PrintCutInfo] ljj	|<	530
[CutInfo::PrintCutInfo] ljj	|<	525
[CutInfo::PrintCutInfo] ljj	|<	520
[CutInfo::PrintCutInfo] ljj	|<	515
[CutInfo::PrintCutInfo] ljj	|<	510
[CutInfo::PrintCutInfo] ljj	|<	505
[CutInfo::PrintCutInfo] ljj	|<	500
[CutInfo::PrintCutInfo] ljj	|<	495
[CutInfo::PrintCutInfo] ljj	|<	490
[CutInfo::PrintCutInfo] ljj	|<	485
[CutInfo::PrintCutInfo] ljj	|<	480
[CutInfo::PrintCutInfo] ljj	|<	475
[CutInfo::PrintCutInfo] ljj	|<	470
[CutInfo::PrintCutInfo] ljj	|<	465
[CutInfo::PrintCutInfo] ljj	|<	460
[CutInfo::PrintCutInfo] ljj	|<	455
[CutInfo::PrintCutInfo] ljj	|<	450
[CutInfo::PrintCutInfo] ljj	|<	445
[CutInfo::PrintCutInfo] ljj	|<	440
[CutInfo::PrintCutInfo] ljj	|<	435
[CutInfo::PrintCutInfo] ljj	|<	430
[CutInfo::PrintCutInfo] ljj	|<	425
[CutInfo::PrintCutInfo] ljj	|<	420
[CutInfo::PrintCutInfo] ljj	|<	415
[CutInfo::PrintCutInfo] ljj	|<	410
[CutInfo::PrintCutInfo] ljj	|<	405
[CutInfo::PrintCutInfo] ljj	|<	400
[CutRangeInfo::PrintCutRangeInfo] ljj_|>
[CutInfo::PrintCutInfo] ljj	|>	100
[CutInfo::PrintCutInfo] ljj	|>	105
[CutInfo::PrintCutInfo] ljj	|>	110
[CutInfo::PrintCutInfo] ljj	|>	115
[CutInfo::PrintCutInfo] ljj	|>	120
[CutInfo::PrintCutInfo] ljj	|>	125
[CutInfo::PrintCutInfo] ljj	|>	130
[CutInfo::PrintCutInfo] ljj	|>	135
[CutInfo::PrintCutInfo] ljj	|>	140
[CutInfo::PrintCutInfo] ljj	|>	145
[CutInfo::PrintCutInfo] ljj	|>	150
[CutInfo::PrintCutInfo] ljj	|>	155
[CutInfo::PrintCutInfo] ljj	|>	160
[CutInfo::PrintCutInfo] ljj	|>	165
[CutInfo::PrintCutInfo] ljj	|>	170
[CutInfo::PrintCutInfo] ljj	|>	175
[CutInfo::PrintCutInfo] ljj	|>	180
[CutInfo::PrintCutInfo] ljj	|>	185
[CutInfo::PrintCutInfo] ljj	|>	190
[CutInfo::PrintCutInfo] ljj	|>	195
[CutInfo::PrintCutInfo] ljj	|>	200
[CutInfo::PrintCutInfo] ljj	|>	205
[CutInfo::PrintCutInfo] ljj	|>	210
[CutInfo::PrintCutInfo] ljj	|>	215
[CutInfo::PrintCutInfo] ljj	|>	220
[CutInfo::PrintCutInfo] ljj	|>	225
[CutInfo::PrintCutInfo] ljj	|>	230
[CutInfo::PrintCutInfo] ljj	|>	235
[CutInfo::PrintCutInfo] ljj	|>	240
[CutInfo::PrintCutInfo] ljj	|>	245
[CutInfo::PrintCutInfo] ljj	|>	250
[CutInfo::PrintCutInfo] ljj	|>	255
[CutInfo::PrintCutInfo] ljj	|>	260
[CutInfo::PrintCutInfo] ljj	|>	265
[CutInfo::PrintCutInfo] ljj	|>	270
[CutInfo::PrintCutInfo] ljj	|>	275
[CutInfo::PrintCutInfo] ljj	|>	280
[CutInfo::PrintCutInfo] ljj	|>	285
[CutInfo::PrintCutInfo] ljj	|>	290
[CutInfo::PrintCutInfo] ljj	|>	295
[CutInfo::PrintCutInfo] ljj	|>	300
[CutInfo::PrintCutInfo] ljj	|>	305
[CutInfo::PrintCutInfo] ljj	|>	310
[CutInfo::PrintCutInfo] ljj	|>	315
[CutInfo::PrintCutInfo] ljj	|>	320
[CutInfo::PrintCutInfo] ljj	|>	325
[CutInfo::PrintCutInfo] ljj	|>	330
[CutInfo::PrintCutInfo] ljj	|>	335
[CutInfo::PrintCutInfo] ljj	|>	340
[CutInfo::PrintCutInfo] ljj	|>	345
[CutInfo::PrintCutInfo] ljj	|>	350
[CutInfo::PrintCutInfo] ljj	|>	355
[CutInfo::PrintCutInfo] ljj	|>	360
[CutInfo::PrintCutInfo] ljj	|>	365
[CutInfo::PrintCutInfo] ljj	|>	370
[CutInfo::PrintCutInfo] ljj	|>	375
[CutInfo::PrintCutInfo] ljj	|>	380
[CutInfo::PrintCutInfo] ljj	|>	385
[CutInfo::PrintCutInfo] ljj	|>	390
[CutInfo::PrintCutInfo] ljj	|>	395
[CutInfo::PrintCutInfo] ljj	|>	400
[CutRangeInfo::PrintCutRangeInfo] secondLepton_Pt_>
[CutInfo::PrintCutInfo] secondLepton_Pt	>	55

##############################
#### OPTIMIZATION STARTED ####
##############################


!!!!!!!!!!!!!!!!!
!!!! UPDATED !!!!
!!!!!!!!!!!!!!!!!

[CutInfo::PrintCutInfo] leadingLepton_Pt	>	125
[CutInfo::PrintCutInfo] ljj	|<	700
[CutInfo::PrintCutInfo] ljj	|>	100
[CutInfo::PrintCutInfo] secondLepton_Pt	>	55
CF	0 +- 0
Fake	0 +- 0
Prompt	3.47967 +- 1.41823
=> total bkg = 3.47967
Signal	Yield	Efficiency	Efficiency@Presel	Punzi
HNMuEl_400	1.08612	0.118908	2.32518e-05	2.7072e-06
=====================================================================


!!!!!!!!!!!!!!!!!
!!!! UPDATED !!!!
!!!!!!!!!!!!!!!!!

[CutInfo::PrintCutInfo] leadingLepton_Pt	>	125
[CutInfo::PrintCutInfo] ljj	|<	695
[CutInfo::PrintCutInfo] ljj	|>	100
[CutInfo::PrintCutInfo] secondLepton_Pt	>	55
CF	0 +- 0
Fake	0 +- 0
Prompt	3.47396 +- 1.41625
=> total bkg = 3.47396
Signal	Yield	Efficiency	Efficiency@Presel	Punzi
HNMuEl_400	1.08569	0.118867	2.32428e-05	2.7081e-06
=====================================================================


!!!!!!!!!!!!!!!!!
!!!! UPDATED !!!!
!!!!!!!!!!!!!!!!!

[CutInfo::PrintCutInfo] leadingLepton_Pt	>	125
[CutInfo::PrintCutInfo] ljj	|<	690
[CutInfo::PrintCutInfo] ljj	|>	100
[CutInfo::PrintCutInfo] secondLepton_Pt	>	55
CF	0 +- 0
Fake	0 +- 0
Prompt	3.38289 +- 1.40661
=> total bkg = 3.38289
Signal	Yield	Efficiency	Efficiency@Presel	Punzi
HNMuEl_400	1.08557	0.118858	2.32401e-05	2.72853e-06
=====================================================================


!!!!!!!!!!!!!!!!!
!!!! UPDATED !!!!
!!!!!!!!!!!!!!!!!

[CutInfo::PrintCutInfo] leadingLepton_Pt	>	125
[CutInfo::PrintCutInfo] ljj	|<	685
[CutInfo::PrintCutInfo] ljj	|>	100
[CutInfo::PrintCutInfo] secondLepton_Pt	>	55
CF	0 +- 0
Fake	0 +- 0
Prompt	3.37503 +- 1.40391
=> total bkg = 3.37503
Signal	Yield	Efficiency	Efficiency@Presel	Punzi
HNMuEl_400	1.08557	0.118858	2.32401e-05	2.73128e-06
=====================================================================


!!!!!!!!!!!!!!!!!
!!!! UPDATED !!!!
!!!!!!!!!!!!!!!!!

[CutInfo::PrintCutInfo] leadingLepton_Pt	>	125
[CutInfo::PrintCutInfo] ljj	|<	680
[CutInfo::PrintCutInfo] ljj	|>	100
[CutInfo::PrintCutInfo] secondLepton_Pt	>	55
CF	0 +- 0
Fake	0 +- 0
Prompt	3.37503 +- 1.40391
=> total bkg = 3.37503
Signal	Yield	Efficiency	Efficiency@Presel	Punzi
HNMuEl_400	1.08557	0.118858	2.32401e-05	2.73128e-06
=====================================================================


!!!!!!!!!!!!!!!!!
!!!! UPDATED !!!!
!!!!!!!!!!!!!!!!!

[CutInfo::PrintCutInfo] leadingLepton_Pt	>	125
[CutInfo::PrintCutInfo] ljj	|<	675
[CutInfo::PrintCutInfo] ljj	|>	100
[CutInfo::PrintCutInfo] secondLepton_Pt	>	55
CF	0 +- 0
Fake	0 +- 0
Prompt	3.37503 +- 1.40391
=> total bkg = 3.37503
Signal	Yield	Efficiency	Efficiency@Presel	Punzi
HNMuEl_400	1.08557	0.118858	2.32401e-05	2.73128e-06
=====================================================================


!!!!!!!!!!!!!!!!!
!!!! UPDATED !!!!
!!!!!!!!!!!!!!!!!

[CutInfo::PrintCutInfo] leadingLepton_Pt	>	125
[CutInfo::PrintCutInfo] ljj	|<	670
[CutInfo::PrintCutInfo] ljj	|>	100
[CutInfo::PrintCutInfo] secondLepton_Pt	>	55
CF	0 +- 0
Fake	0 +- 0
Prompt	3.36811 +- 1.40154
=> total bkg = 3.36811
Signal	Yield	Efficiency	Efficiency@Presel	Punzi
HNMuEl_400	1.08544	0.118842	2.32374e-05	2.7334e-06
=====================================================================


!!!!!!!!!!!!!!!!!
!!!! UPDATED !!!!
!!!!!!!!!!!!!!!!!

[CutInfo::PrintCutInfo] leadingLepton_Pt	>	125
[CutInfo::PrintCutInfo] ljj	|<	635
[CutInfo::PrintCutInfo] ljj	|>	100
[CutInfo::PrintCutInfo] secondLepton_Pt	>	55
CF	0 +- 0
Fake	0 +- 0
Prompt	3.38317 +- 1.39007
=> total bkg = 3.38317
Signal	Yield	Efficiency	Efficiency@Presel	Punzi
HNMuEl_400	1.08446	0.118733	2.32163e-05	2.73395e-06
=====================================================================


!!!!!!!!!!!!!!!!!
!!!! UPDATED !!!!
!!!!!!!!!!!!!!!!!

[CutInfo::PrintCutInfo] leadingLepton_Pt	>	125
[CutInfo::PrintCutInfo] ljj	|<	625
[CutInfo::PrintCutInfo] ljj	|>	100
[CutInfo::PrintCutInfo] secondLepton_Pt	>	55
CF	0 +- 0
Fake	0 +- 0
Prompt	3.37415 +- 1.387
=> total bkg = 3.37415
Signal	Yield	Efficiency	Efficiency@Presel	Punzi
HNMuEl_400	1.08421	0.118708	2.32111e-05	2.73648e-06
=====================================================================


!!!!!!!!!!!!!!!!!
!!!! UPDATED !!!!
!!!!!!!!!!!!!!!!!

[CutInfo::PrintCutInfo] leadingLepton_Pt	>	125
[CutInfo::PrintCutInfo] ljj	|<	615
[CutInfo::PrintCutInfo] ljj	|>	100
[CutInfo::PrintCutInfo] secondLepton_Pt	>	55
CF	0 +- 0
Fake	0 +- 0
Prompt	3.36598 +- 1.38423
=> total bkg = 3.36598
Signal	Yield	Efficiency	Efficiency@Presel	Punzi
HNMuEl_400	1.0837	0.118658	2.32002e-05	2.73805e-06
=====================================================================


!!!!!!!!!!!!!!!!!
!!!! UPDATED !!!!
!!!!!!!!!!!!!!!!!

[CutInfo::PrintCutInfo] leadingLepton_Pt	>	125
[CutInfo::PrintCutInfo] ljj	|<	610
[CutInfo::PrintCutInfo] ljj	|>	100
[CutInfo::PrintCutInfo] secondLepton_Pt	>	55
CF	0 +- 0
Fake	0 +- 0
Prompt	3.36014 +- 1.38226
=> total bkg = 3.36014
Signal	Yield	Efficiency	Efficiency@Presel	Punzi
HNMuEl_400	1.08382	0.11865	2.32026e-05	2.74038e-06
=====================================================================


!!!!!!!!!!!!!!!!!
!!!! UPDATED !!!!
!!!!!!!!!!!!!!!!!

[CutInfo::PrintCutInfo] leadingLepton_Pt	>	125
[CutInfo::PrintCutInfo] ljj	|<	600
[CutInfo::PrintCutInfo] ljj	|>	100
[CutInfo::PrintCutInfo] secondLepton_Pt	>	55
CF	0 +- 0
Fake	0 +- 0
Prompt	3.31568 +- 1.36684
=> total bkg = 3.31568
Signal	Yield	Efficiency	Efficiency@Presel	Punzi
HNMuEl_400	1.08357	0.118608	2.31972e-05	2.75563e-06
=====================================================================


!!!!!!!!!!!!!!!!!
!!!! UPDATED !!!!
!!!!!!!!!!!!!!!!!

[CutInfo::PrintCutInfo] leadingLepton_Pt	>	125
[CutInfo::PrintCutInfo] ljj	|<	580
[CutInfo::PrintCutInfo] ljj	|>	100
[CutInfo::PrintCutInfo] secondLepton_Pt	>	55
CF	0 +- 0
Fake	0 +- 0
Prompt	3.30277 +- 1.36254
=> total bkg = 3.30277
Signal	Yield	Efficiency	Efficiency@Presel	Punzi
HNMuEl_400	1.08273	0.118517	2.31793e-05	2.75806e-06
=====================================================================


!!!!!!!!!!!!!!!!!
!!!! UPDATED !!!!
!!!!!!!!!!!!!!!!!

[CutInfo::PrintCutInfo] leadingLepton_Pt	>	125
[CutInfo::PrintCutInfo] ljj	|<	555
[CutInfo::PrintCutInfo] ljj	|>	100
[CutInfo::PrintCutInfo] secondLepton_Pt	>	55
CF	0 +- 0
Fake	0 +- 0
Prompt	3.20387 +- 1.34997
=> total bkg = 3.20387
Signal	Yield	Efficiency	Efficiency@Presel	Punzi
HNMuEl_400	1.08091	0.118342	2.31404e-05	2.77846e-06
=====================================================================


!!!!!!!!!!!!!!!!!
!!!! UPDATED !!!!
!!!!!!!!!!!!!!!!!

[CutInfo::PrintCutInfo] leadingLepton_Pt	>	125
[CutInfo::PrintCutInfo] ljj	|<	550
[CutInfo::PrintCutInfo] ljj	|>	100
[CutInfo::PrintCutInfo] secondLepton_Pt	>	55
CF	0 +- 0
Fake	0 +- 0
Prompt	3.18381 +- 1.34337
=> total bkg = 3.18381
Signal	Yield	Efficiency	Efficiency@Presel	Punzi
HNMuEl_400	1.08091	0.118325	2.31404e-05	2.78573e-06
=====================================================================


!!!!!!!!!!!!!!!!!
!!!! UPDATED !!!!
!!!!!!!!!!!!!!!!!

[CutInfo::PrintCutInfo] leadingLepton_Pt	>	125
[CutInfo::PrintCutInfo] ljj	|<	540
[CutInfo::PrintCutInfo] ljj	|>	100
[CutInfo::PrintCutInfo] secondLepton_Pt	>	55
CF	0 +- 0
Fake	0 +- 0
Prompt	3.17436 +- 1.34028
=> total bkg = 3.17436
Signal	Yield	Efficiency	Efficiency@Presel	Punzi
HNMuEl_400	1.08036	0.118258	2.31285e-05	2.78772e-06
=====================================================================


!!!!!!!!!!!!!!!!!
!!!! UPDATED !!!!
!!!!!!!!!!!!!!!!!

[CutInfo::PrintCutInfo] leadingLepton_Pt	>	125
[CutInfo::PrintCutInfo] ljj	|<	530
[CutInfo::PrintCutInfo] ljj	|>	100
[CutInfo::PrintCutInfo] secondLepton_Pt	>	55
CF	0 +- 0
Fake	0 +- 0
Prompt	3.16123 +- 1.336
=> total bkg = 3.16123
Signal	Yield	Efficiency	Efficiency@Presel	Punzi
HNMuEl_400	1.07958	0.118183	2.31119e-05	2.79049e-06
=====================================================================


!!!!!!!!!!!!!!!!!
!!!! UPDATED !!!!
!!!!!!!!!!!!!!!!!

[CutInfo::PrintCutInfo] leadingLepton_Pt	>	125
[CutInfo::PrintCutInfo] ljj	|<	525
[CutInfo::PrintCutInfo] ljj	|>	100
[CutInfo::PrintCutInfo] secondLepton_Pt	>	55
CF	0 +- 0
Fake	0 +- 0
Prompt	3.06 +- 1.32313
=> total bkg = 3.06
Signal	Yield	Efficiency	Efficiency@Presel	Punzi
HNMuEl_400	1.07915	0.118142	2.31027e-05	2.81617e-06
=====================================================================


!!!!!!!!!!!!!!!!!
!!!! UPDATED !!!!
!!!!!!!!!!!!!!!!!

[CutInfo::PrintCutInfo] leadingLepton_Pt	>	125
[CutInfo::PrintCutInfo] ljj	|<	520
[CutInfo::PrintCutInfo] ljj	|>	100
[CutInfo::PrintCutInfo] secondLepton_Pt	>	55
CF	0 +- 0
Fake	0 +- 0
Prompt	3.04858 +- 1.31945
=> total bkg = 3.04858
Signal	Yield	Efficiency	Efficiency@Presel	Punzi
HNMuEl_400	1.07898	0.118117	2.30992e-05	2.81999e-06
=====================================================================


!!!!!!!!!!!!!!!!!
!!!! UPDATED !!!!
!!!!!!!!!!!!!!!!!

[CutInfo::PrintCutInfo] leadingLepton_Pt	>	125
[CutInfo::PrintCutInfo] ljj	|<	515
[CutInfo::PrintCutInfo] ljj	|>	100
[CutInfo::PrintCutInfo] secondLepton_Pt	>	55
CF	0 +- 0
Fake	0 +- 0
Prompt	3.04378 +- 1.31791
=> total bkg = 3.04378
Signal	Yield	Efficiency	Efficiency@Presel	Punzi
HNMuEl_400	1.07853	0.11805	2.30894e-05	2.8206e-06
=====================================================================


!!!!!!!!!!!!!!!!!
!!!! UPDATED !!!!
!!!!!!!!!!!!!!!!!

[CutInfo::PrintCutInfo] leadingLepton_Pt	>	125
[CutInfo::PrintCutInfo] ljj	|<	505
[CutInfo::PrintCutInfo] ljj	|>	100
[CutInfo::PrintCutInfo] secondLepton_Pt	>	55
CF	0 +- 0
Fake	0 +- 0
Prompt	3.03194 +- 1.31412
=> total bkg = 3.03194
Signal	Yield	Efficiency	Efficiency@Presel	Punzi
HNMuEl_400	1.07691	0.117883	2.30547e-05	2.82077e-06
=====================================================================

####################################################
TIME STAMP : [2018/1/16 21:4:49] 100 / 3721 (2.68745 %)
####################################################
[CutInfo::PrintCutInfo] leadingLepton_Pt	>	125
[CutInfo::PrintCutInfo] ljj	|<	505
[CutInfo::PrintCutInfo] ljj	|>	100
[CutInfo::PrintCutInfo] secondLepton_Pt	>	55

!!!!!!!!!!!!!!!!!
!!!! UPDATED !!!!
!!!!!!!!!!!!!!!!!

[CutInfo::PrintCutInfo] leadingLepton_Pt	>	125
[CutInfo::PrintCutInfo] ljj	|<	505
[CutInfo::PrintCutInfo] ljj	|>	105
[CutInfo::PrintCutInfo] secondLepton_Pt	>	55
CF	0 +- 0
Fake	0 +- 0
Prompt	3.03194 +- 1.31412
=> total bkg = 3.03194
Signal	Yield	Efficiency	Efficiency@Presel	Punzi
HNMuEl_400	1.07691	0.117883	2.30547e-05	2.82077e-06
=====================================================================


!!!!!!!!!!!!!!!!!
!!!! UPDATED !!!!
!!!!!!!!!!!!!!!!!

[CutInfo::PrintCutInfo] leadingLepton_Pt	>	125
[CutInfo::PrintCutInfo] ljj	|<	505
[CutInfo::PrintCutInfo] ljj	|>	110
[CutInfo::PrintCutInfo] secondLepton_Pt	>	55
CF	0 +- 0
Fake	0 +- 0
Prompt	3.03194 +- 1.31412
=> total bkg = 3.03194
Signal	Yield	Efficiency	Efficiency@Presel	Punzi
HNMuEl_400	1.07691	0.117883	2.30547e-05	2.82077e-06
=====================================================================

####################################################
TIME STAMP : [2018/1/16 21:5:10] 200 / 3721 (5.3749 %)
####################################################
[CutInfo::PrintCutInfo] leadingLepton_Pt	>	125
[CutInfo::PrintCutInfo] ljj	|<	505
[CutInfo::PrintCutInfo] ljj	|>	110
[CutInfo::PrintCutInfo] secondLepton_Pt	>	55

!!!!!!!!!!!!!!!!!
!!!! UPDATED !!!!
!!!!!!!!!!!!!!!!!

[CutInfo::PrintCutInfo] leadingLepton_Pt	>	125
[CutInfo::PrintCutInfo] ljj	|<	505
[CutInfo::PrintCutInfo] ljj	|>	115
[CutInfo::PrintCutInfo] secondLepton_Pt	>	55
CF	0 +- 0
Fake	0 +- 0
Prompt	3.03194 +- 1.31412
=> total bkg = 3.03194
Signal	Yield	Efficiency	Efficiency@Presel	Punzi
HNMuEl_400	1.07691	0.117883	2.30547e-05	2.82077e-06
=====================================================================


!!!!!!!!!!!!!!!!!
!!!! UPDATED !!!!
!!!!!!!!!!!!!!!!!

[CutInfo::PrintCutInfo] leadingLepton_Pt	>	125
[CutInfo::PrintCutInfo] ljj	|<	505
[CutInfo::PrintCutInfo] ljj	|>	120
[CutInfo::PrintCutInfo] secondLepton_Pt	>	55
CF	0 +- 0
Fake	0 +- 0
Prompt	3.03194 +- 1.31412
=> total bkg = 3.03194
Signal	Yield	Efficiency	Efficiency@Presel	Punzi
HNMuEl_400	1.07691	0.117883	2.30547e-05	2.82077e-06
=====================================================================

####################################################
TIME STAMP : [2018/1/16 21:5:31] 300 / 3721 (8.06235 %)
####################################################
[CutInfo::PrintCutInfo] leadingLepton_Pt	>	125
[CutInfo::PrintCutInfo] ljj	|<	505
[CutInfo::PrintCutInfo] ljj	|>	120
[CutInfo::PrintCutInfo] secondLepton_Pt	>	55

!!!!!!!!!!!!!!!!!
!!!! UPDATED !!!!
!!!!!!!!!!!!!!!!!

[CutInfo::PrintCutInfo] leadingLepton_Pt	>	125
[CutInfo::PrintCutInfo] ljj	|<	505
[CutInfo::PrintCutInfo] ljj	|>	125
[CutInfo::PrintCutInfo] secondLepton_Pt	>	55
CF	0 +- 0
Fake	0 +- 0
Prompt	3.03194 +- 1.31412
=> total bkg = 3.03194
Signal	Yield	Efficiency	Efficiency@Presel	Punzi
HNMuEl_400	1.07691	0.117883	2.30547e-05	2.82077e-06
=====================================================================

####################################################
TIME STAMP : [2018/1/16 21:5:53] 400 / 3721 (10.7498 %)
####################################################
[CutInfo::PrintCutInfo] leadingLepton_Pt	>	125
[CutInfo::PrintCutInfo] ljj	|<	505
[CutInfo::PrintCutInfo] ljj	|>	125
[CutInfo::PrintCutInfo] secondLepton_Pt	>	55

!!!!!!!!!!!!!!!!!
!!!! UPDATED !!!!
!!!!!!!!!!!!!!!!!

[CutInfo::PrintCutInfo] leadingLepton_Pt	>	125
[CutInfo::PrintCutInfo] ljj	|<	505
[CutInfo::PrintCutInfo] ljj	|>	130
[CutInfo::PrintCutInfo] secondLepton_Pt	>	55
CF	0 +- 0
Fake	0 +- 0
Prompt	3.03194 +- 1.31412
=> total bkg = 3.03194
Signal	Yield	Efficiency	Efficiency@Presel	Punzi
HNMuEl_400	1.07691	0.117883	2.30547e-05	2.82077e-06
=====================================================================


!!!!!!!!!!!!!!!!!
!!!! UPDATED !!!!
!!!!!!!!!!!!!!!!!

[CutInfo::PrintCutInfo] leadingLepton_Pt	>	125
[CutInfo::PrintCutInfo] ljj	|<	505
[CutInfo::PrintCutInfo] ljj	|>	135
[CutInfo::PrintCutInfo] secondLepton_Pt	>	55
CF	0 +- 0
Fake	0 +- 0
Prompt	3.03194 +- 1.31412
=> total bkg = 3.03194
Signal	Yield	Efficiency	Efficiency@Presel	Punzi
HNMuEl_400	1.07691	0.117883	2.30547e-05	2.82077e-06
=====================================================================

####################################################
TIME STAMP : [2018/1/16 21:6:14] 500 / 3721 (13.4372 %)
####################################################
[CutInfo::PrintCutInfo] leadingLepton_Pt	>	125
[CutInfo::PrintCutInfo] ljj	|<	505
[CutInfo::PrintCutInfo] ljj	|>	135
[CutInfo::PrintCutInfo] secondLepton_Pt	>	55

!!!!!!!!!!!!!!!!!
!!!! UPDATED !!!!
!!!!!!!!!!!!!!!!!

[CutInfo::PrintCutInfo] leadingLepton_Pt	>	125
[CutInfo::PrintCutInfo] ljj	|<	505
[CutInfo::PrintCutInfo] ljj	|>	140
[CutInfo::PrintCutInfo] secondLepton_Pt	>	55
CF	0 +- 0
Fake	0 +- 0
Prompt	3.03194 +- 1.31412
=> total bkg = 3.03194
Signal	Yield	Efficiency	Efficiency@Presel	Punzi
HNMuEl_400	1.07691	0.117883	2.30547e-05	2.82077e-06
=====================================================================


!!!!!!!!!!!!!!!!!
!!!! UPDATED !!!!
!!!!!!!!!!!!!!!!!

[CutInfo::PrintCutInfo] leadingLepton_Pt	>	125
[CutInfo::PrintCutInfo] ljj	|<	505
[CutInfo::PrintCutInfo] ljj	|>	145
[CutInfo::PrintCutInfo] secondLepton_Pt	>	55
CF	0 +- 0
Fake	0 +- 0
Prompt	3.03194 +- 1.31412
=> total bkg = 3.03194
Signal	Yield	Efficiency	Efficiency@Presel	Punzi
HNMuEl_400	1.07691	0.117883	2.30547e-05	2.82077e-06
=====================================================================

####################################################
TIME STAMP : [2018/1/16 21:6:35] 600 / 3721 (16.1247 %)
####################################################
[CutInfo::PrintCutInfo] leadingLepton_Pt	>	125
[CutInfo::PrintCutInfo] ljj	|<	505
[CutInfo::PrintCutInfo] ljj	|>	145
[CutInfo::PrintCutInfo] secondLepton_Pt	>	55

!!!!!!!!!!!!!!!!!
!!!! UPDATED !!!!
!!!!!!!!!!!!!!!!!

[CutInfo::PrintCutInfo] leadingLepton_Pt	>	125
[CutInfo::PrintCutInfo] ljj	|<	505
[CutInfo::PrintCutInfo] ljj	|>	150
[CutInfo::PrintCutInfo] secondLepton_Pt	>	55
CF	0 +- 0
Fake	0 +- 0
Prompt	3.03194 +- 1.31412
=> total bkg = 3.03194
Signal	Yield	Efficiency	Efficiency@Presel	Punzi
HNMuEl_400	1.07691	0.117883	2.30547e-05	2.82077e-06
=====================================================================

####################################################
TIME STAMP : [2018/1/16 21:6:56] 700 / 3721 (18.8121 %)
####################################################
[CutInfo::PrintCutInfo] leadingLepton_Pt	>	125
[CutInfo::PrintCutInfo] ljj	|<	505
[CutInfo::PrintCutInfo] ljj	|>	150
[CutInfo::PrintCutInfo] secondLepton_Pt	>	55

!!!!!!!!!!!!!!!!!
!!!! UPDATED !!!!
!!!!!!!!!!!!!!!!!

[CutInfo::PrintCutInfo] leadingLepton_Pt	>	125
[CutInfo::PrintCutInfo] ljj	|<	505
[CutInfo::PrintCutInfo] ljj	|>	155
[CutInfo::PrintCutInfo] secondLepton_Pt	>	55
CF	0 +- 0
Fake	0 +- 0
Prompt	3.03194 +- 1.31412
=> total bkg = 3.03194
Signal	Yield	Efficiency	Efficiency@Presel	Punzi
HNMuEl_400	1.07696	0.117875	2.30559e-05	2.82092e-06
=====================================================================


!!!!!!!!!!!!!!!!!
!!!! UPDATED !!!!
!!!!!!!!!!!!!!!!!

[CutInfo::PrintCutInfo] leadingLepton_Pt	>	125
[CutInfo::PrintCutInfo] ljj	|<	505
[CutInfo::PrintCutInfo] ljj	|>	160
[CutInfo::PrintCutInfo] secondLepton_Pt	>	55
CF	0 +- 0
Fake	0 +- 0
Prompt	3.03194 +- 1.31412
=> total bkg = 3.03194
Signal	Yield	Efficiency	Efficiency@Presel	Punzi
HNMuEl_400	1.07696	0.117875	2.30559e-05	2.82092e-06
=====================================================================

####################################################
TIME STAMP : [2018/1/16 21:7:17] 800 / 3721 (21.4996 %)
####################################################
[CutInfo::PrintCutInfo] leadingLepton_Pt	>	125
[CutInfo::PrintCutInfo] ljj	|<	505
[CutInfo::PrintCutInfo] ljj	|>	160
[CutInfo::PrintCutInfo] secondLepton_Pt	>	55

!!!!!!!!!!!!!!!!!
!!!! UPDATED !!!!
!!!!!!!!!!!!!!!!!

[CutInfo::PrintCutInfo] leadingLepton_Pt	>	125
[CutInfo::PrintCutInfo] ljj	|<	505
[CutInfo::PrintCutInfo] ljj	|>	165
[CutInfo::PrintCutInfo] secondLepton_Pt	>	55
CF	0 +- 0
Fake	0 +- 0
Prompt	3.03194 +- 1.31412
=> total bkg = 3.03194
Signal	Yield	Efficiency	Efficiency@Presel	Punzi
HNMuEl_400	1.07696	0.117875	2.30559e-05	2.82092e-06
=====================================================================


!!!!!!!!!!!!!!!!!
!!!! UPDATED !!!!
!!!!!!!!!!!!!!!!!

[CutInfo::PrintCutInfo] leadingLepton_Pt	>	125
[CutInfo::PrintCutInfo] ljj	|<	505
[CutInfo::PrintCutInfo] ljj	|>	170
[CutInfo::PrintCutInfo] secondLepton_Pt	>	55
CF	0 +- 0
Fake	0 +- 0
Prompt	3.03194 +- 1.31412
=> total bkg = 3.03194
Signal	Yield	Efficiency	Efficiency@Presel	Punzi
HNMuEl_400	1.07696	0.117875	2.30559e-05	2.82092e-06
=====================================================================

####################################################
TIME STAMP : [2018/1/16 21:7:39] 900 / 3721 (24.187 %)
####################################################
[CutInfo::PrintCutInfo] leadingLepton_Pt	>	125
[CutInfo::PrintCutInfo] ljj	|<	505
[CutInfo::PrintCutInfo] ljj	|>	170
[CutInfo::PrintCutInfo] secondLepton_Pt	>	55
####################################################
TIME STAMP : [2018/1/16 21:8:0] 1000 / 3721 (26.8745 %)
####################################################
[CutInfo::PrintCutInfo] leadingLepton_Pt	>	125
[CutInfo::PrintCutInfo] ljj	|<	505
[CutInfo::PrintCutInfo] ljj	|>	170
[CutInfo::PrintCutInfo] secondLepton_Pt	>	55
####################################################
TIME STAMP : [2018/1/16 21:8:21] 1100 / 3721 (29.5619 %)
####################################################
[CutInfo::PrintCutInfo] leadingLepton_Pt	>	125
[CutInfo::PrintCutInfo] ljj	|<	505
[CutInfo::PrintCutInfo] ljj	|>	170
[CutInfo::PrintCutInfo] secondLepton_Pt	>	55

!!!!!!!!!!!!!!!!!
!!!! UPDATED !!!!
!!!!!!!!!!!!!!!!!

[CutInfo::PrintCutInfo] leadingLepton_Pt	>	125
[CutInfo::PrintCutInfo] ljj	|<	520
[CutInfo::PrintCutInfo] ljj	|>	190
[CutInfo::PrintCutInfo] secondLepton_Pt	>	55
CF	0 +- 0
Fake	0 +- 0
Prompt	3.03993 +- 1.31668
=> total bkg = 3.03993
Signal	Yield	Efficiency	Efficiency@Presel	Punzi
HNMuEl_400	1.07893	0.118092	2.3098e-05	2.82308e-06
=====================================================================


!!!!!!!!!!!!!!!!!
!!!! UPDATED !!!!
!!!!!!!!!!!!!!!!!

[CutInfo::PrintCutInfo] leadingLepton_Pt	>	125
[CutInfo::PrintCutInfo] ljj	|<	515
[CutInfo::PrintCutInfo] ljj	|>	190
[CutInfo::PrintCutInfo] secondLepton_Pt	>	55
CF	0 +- 0
Fake	0 +- 0
Prompt	3.03513 +- 1.31514
=> total bkg = 3.03513
Signal	Yield	Efficiency	Efficiency@Presel	Punzi
HNMuEl_400	1.07841	0.118017	2.30869e-05	2.82352e-06
=====================================================================


!!!!!!!!!!!!!!!!!
!!!! UPDATED !!!!
!!!!!!!!!!!!!!!!!

[CutInfo::PrintCutInfo] leadingLepton_Pt	>	125
[CutInfo::PrintCutInfo] ljj	|<	505
[CutInfo::PrintCutInfo] ljj	|>	190
[CutInfo::PrintCutInfo] secondLepton_Pt	>	55
CF	0 +- 0
Fake	0 +- 0
Prompt	3.02329 +- 1.31136
=> total bkg = 3.02329
Signal	Yield	Efficiency	Efficiency@Presel	Punzi
HNMuEl_400	1.07679	0.11785	2.30522e-05	2.8237e-06
=====================================================================


!!!!!!!!!!!!!!!!!
!!!! UPDATED !!!!
!!!!!!!!!!!!!!!!!

[CutInfo::PrintCutInfo] leadingLepton_Pt	>	125
[CutInfo::PrintCutInfo] ljj	|<	505
[CutInfo::PrintCutInfo] ljj	|>	195
[CutInfo::PrintCutInfo] secondLepton_Pt	>	55
CF	0 +- 0
Fake	0 +- 0
Prompt	3.02329 +- 1.31136
=> total bkg = 3.02329
Signal	Yield	Efficiency	Efficiency@Presel	Punzi
HNMuEl_400	1.07679	0.11785	2.30522e-05	2.8237e-06
=====================================================================

####################################################
TIME STAMP : [2018/1/16 21:8:42] 1200 / 3721 (32.2494 %)
####################################################
[CutInfo::PrintCutInfo] leadingLepton_Pt	>	125
[CutInfo::PrintCutInfo] ljj	|<	505
[CutInfo::PrintCutInfo] ljj	|>	195
[CutInfo::PrintCutInfo] secondLepton_Pt	>	55

!!!!!!!!!!!!!!!!!
!!!! UPDATED !!!!
!!!!!!!!!!!!!!!!!

[CutInfo::PrintCutInfo] leadingLepton_Pt	>	125
[CutInfo::PrintCutInfo] ljj	|<	525
[CutInfo::PrintCutInfo] ljj	|>	200
[CutInfo::PrintCutInfo] secondLepton_Pt	>	55
CF	0 +- 0
Fake	0 +- 0
Prompt	3.03764 +- 1.31595
=> total bkg = 3.03764
Signal	Yield	Efficiency	Efficiency@Presel	Punzi
HNMuEl_400	1.07904	0.118108	2.31004e-05	2.82422e-06
=====================================================================


!!!!!!!!!!!!!!!!!
!!!! UPDATED !!!!
!!!!!!!!!!!!!!!!!

[CutInfo::PrintCutInfo] leadingLepton_Pt	>	125
[CutInfo::PrintCutInfo] ljj	|<	520
[CutInfo::PrintCutInfo] ljj	|>	200
[CutInfo::PrintCutInfo] secondLepton_Pt	>	55
CF	0 +- 0
Fake	0 +- 0
Prompt	3.02622 +- 1.3123
=> total bkg = 3.02622
Signal	Yield	Efficiency	Efficiency@Presel	Punzi
HNMuEl_400	1.07887	0.118083	2.30968e-05	2.82806e-06
=====================================================================


!!!!!!!!!!!!!!!!!
!!!! UPDATED !!!!
!!!!!!!!!!!!!!!!!

[CutInfo::PrintCutInfo] leadingLepton_Pt	>	125
[CutInfo::PrintCutInfo] ljj	|<	515
[CutInfo::PrintCutInfo] ljj	|>	200
[CutInfo::PrintCutInfo] secondLepton_Pt	>	55
CF	0 +- 0
Fake	0 +- 0
Prompt	3.02142 +- 1.31077
=> total bkg = 3.02142
Signal	Yield	Efficiency	Efficiency@Presel	Punzi
HNMuEl_400	1.07836	0.118008	2.30857e-05	2.8285e-06
=====================================================================


!!!!!!!!!!!!!!!!!
!!!! UPDATED !!!!
!!!!!!!!!!!!!!!!!

[CutInfo::PrintCutInfo] leadingLepton_Pt	>	125
[CutInfo::PrintCutInfo] ljj	|<	505
[CutInfo::PrintCutInfo] ljj	|>	200
[CutInfo::PrintCutInfo] secondLepton_Pt	>	55
CF	0 +- 0
Fake	0 +- 0
Prompt	3.0056 +- 1.30576
=> total bkg = 3.0056
Signal	Yield	Efficiency	Efficiency@Presel	Punzi
HNMuEl_400	1.07673	0.117842	2.30509e-05	2.83017e-06
=====================================================================

####################################################
TIME STAMP : [2018/1/16 21:9:3] 1300 / 3721 (34.9368 %)
####################################################
[CutInfo::PrintCutInfo] leadingLepton_Pt	>	125
[CutInfo::PrintCutInfo] ljj	|<	505
[CutInfo::PrintCutInfo] ljj	|>	200
[CutInfo::PrintCutInfo] secondLepton_Pt	>	55

!!!!!!!!!!!!!!!!!
!!!! UPDATED !!!!
!!!!!!!!!!!!!!!!!

[CutInfo::PrintCutInfo] leadingLepton_Pt	>	125
[CutInfo::PrintCutInfo] ljj	|<	505
[CutInfo::PrintCutInfo] ljj	|>	205
[CutInfo::PrintCutInfo] secondLepton_Pt	>	55
CF	0 +- 0
Fake	0 +- 0
Prompt	3.00273 +- 1.30489
=> total bkg = 3.00273
Signal	Yield	Efficiency	Efficiency@Presel	Punzi
HNMuEl_400	1.0765	0.117825	2.30459e-05	2.83061e-06
=====================================================================

####################################################
TIME STAMP : [2018/1/16 21:9:24] 1400 / 3721 (37.6243 %)
####################################################
[CutInfo::PrintCutInfo] leadingLepton_Pt	>	125
[CutInfo::PrintCutInfo] ljj	|<	505
[CutInfo::PrintCutInfo] ljj	|>	205
[CutInfo::PrintCutInfo] secondLepton_Pt	>	55

!!!!!!!!!!!!!!!!!
!!!! UPDATED !!!!
!!!!!!!!!!!!!!!!!

[CutInfo::PrintCutInfo] leadingLepton_Pt	>	125
[CutInfo::PrintCutInfo] ljj	|<	505
[CutInfo::PrintCutInfo] ljj	|>	215
[CutInfo::PrintCutInfo] secondLepton_Pt	>	55
CF	0 +- 0
Fake	0 +- 0
Prompt	2.99956 +- 1.30389
=> total bkg = 2.99956
Signal	Yield	Efficiency	Efficiency@Presel	Punzi
HNMuEl_400	1.07619	0.1178	2.30394e-05	2.831e-06
=====================================================================

####################################################
TIME STAMP : [2018/1/16 21:9:40] 1500 / 3721 (40.3117 %)
####################################################
[CutInfo::PrintCutInfo] leadingLepton_Pt	>	125
[CutInfo::PrintCutInfo] ljj	|<	505
[CutInfo::PrintCutInfo] ljj	|>	215
[CutInfo::PrintCutInfo] secondLepton_Pt	>	55

!!!!!!!!!!!!!!!!!
!!!! UPDATED !!!!
!!!!!!!!!!!!!!!!!

[CutInfo::PrintCutInfo] leadingLepton_Pt	>	125
[CutInfo::PrintCutInfo] ljj	|<	505
[CutInfo::PrintCutInfo] ljj	|>	220
[CutInfo::PrintCutInfo] secondLepton_Pt	>	55
CF	0 +- 0
Fake	0 +- 0
Prompt	2.99956 +- 1.30389
=> total bkg = 2.99956
Signal	Yield	Efficiency	Efficiency@Presel	Punzi
HNMuEl_400	1.07619	0.1178	2.30394e-05	2.831e-06
=====================================================================


!!!!!!!!!!!!!!!!!
!!!! UPDATED !!!!
!!!!!!!!!!!!!!!!!

[CutInfo::PrintCutInfo] leadingLepton_Pt	>	125
[CutInfo::PrintCutInfo] ljj	|<	525
[CutInfo::PrintCutInfo] ljj	|>	225
[CutInfo::PrintCutInfo] secondLepton_Pt	>	55
CF	0 +- 0
Fake	0 +- 0
Prompt	2.98459 +- 1.29857
=> total bkg = 2.98459
Signal	Yield	Efficiency	Efficiency@Presel	Punzi
HNMuEl_400	1.07833	0.118042	2.30852e-05	2.84261e-06
=====================================================================


!!!!!!!!!!!!!!!!!
!!!! UPDATED !!!!
!!!!!!!!!!!!!!!!!

[CutInfo::PrintCutInfo] leadingLepton_Pt	>	125
[CutInfo::PrintCutInfo] ljj	|<	520
[CutInfo::PrintCutInfo] ljj	|>	225
[CutInfo::PrintCutInfo] secondLepton_Pt	>	55
CF	0 +- 0
Fake	0 +- 0
Prompt	2.97317 +- 1.29498
=> total bkg = 2.97317
Signal	Yield	Efficiency	Efficiency@Presel	Punzi
HNMuEl_400	1.07817	0.118017	2.30816e-05	2.84649e-06
=====================================================================


!!!!!!!!!!!!!!!!!
!!!! UPDATED !!!!
!!!!!!!!!!!!!!!!!

[CutInfo::PrintCutInfo] leadingLepton_Pt	>	125
[CutInfo::PrintCutInfo] ljj	|<	515
[CutInfo::PrintCutInfo] ljj	|>	225
[CutInfo::PrintCutInfo] secondLepton_Pt	>	55
CF	0 +- 0
Fake	0 +- 0
Prompt	2.96837 +- 1.29348
=> total bkg = 2.96837
Signal	Yield	Efficiency	Efficiency@Presel	Punzi
HNMuEl_400	1.07765	0.117942	2.30705e-05	2.84693e-06
=====================================================================


!!!!!!!!!!!!!!!!!
!!!! UPDATED !!!!
!!!!!!!!!!!!!!!!!

[CutInfo::PrintCutInfo] leadingLepton_Pt	>	125
[CutInfo::PrintCutInfo] ljj	|<	505
[CutInfo::PrintCutInfo] ljj	|>	225
[CutInfo::PrintCutInfo] secondLepton_Pt	>	55
CF	0 +- 0
Fake	0 +- 0
Prompt	2.95256 +- 1.28857
=> total bkg = 2.95256
Signal	Yield	Efficiency	Efficiency@Presel	Punzi
HNMuEl_400	1.07602	0.117775	2.30358e-05	2.84863e-06
=====================================================================

####################################################
TIME STAMP : [2018/1/16 21:9:53] 1600 / 3721 (42.9992 %)
####################################################
[CutInfo::PrintCutInfo] leadingLepton_Pt	>	125
[CutInfo::PrintCutInfo] ljj	|<	505
[CutInfo::PrintCutInfo] ljj	|>	225
[CutInfo::PrintCutInfo] secondLepton_Pt	>	55

!!!!!!!!!!!!!!!!!
!!!! UPDATED !!!!
!!!!!!!!!!!!!!!!!

[CutInfo::PrintCutInfo] leadingLepton_Pt	>	125
[CutInfo::PrintCutInfo] ljj	|<	505
[CutInfo::PrintCutInfo] ljj	|>	230
[CutInfo::PrintCutInfo] secondLepton_Pt	>	55
CF	0 +- 0
Fake	0 +- 0
Prompt	2.95256 +- 1.28857
=> total bkg = 2.95256
Signal	Yield	Efficiency	Efficiency@Presel	Punzi
HNMuEl_400	1.07602	0.117775	2.30358e-05	2.84863e-06
=====================================================================


!!!!!!!!!!!!!!!!!
!!!! UPDATED !!!!
!!!!!!!!!!!!!!!!!

[CutInfo::PrintCutInfo] leadingLepton_Pt	>	125
[CutInfo::PrintCutInfo] ljj	|<	525
[CutInfo::PrintCutInfo] ljj	|>	235
[CutInfo::PrintCutInfo] secondLepton_Pt	>	55
CF	0 +- 0
Fake	0 +- 0
Prompt	2.92444 +- 1.29307
=> total bkg = 2.92444
Signal	Yield	Efficiency	Efficiency@Presel	Punzi
HNMuEl_400	1.07822	0.118033	2.30828e-05	2.85794e-06
=====================================================================


!!!!!!!!!!!!!!!!!
!!!! UPDATED !!!!
!!!!!!!!!!!!!!!!!

[CutInfo::PrintCutInfo] leadingLepton_Pt	>	125
[CutInfo::PrintCutInfo] ljj	|<	520
[CutInfo::PrintCutInfo] ljj	|>	235
[CutInfo::PrintCutInfo] secondLepton_Pt	>	55
CF	0 +- 0
Fake	0 +- 0
Prompt	2.91302 +- 1.2895
=> total bkg = 2.91302
Signal	Yield	Efficiency	Efficiency@Presel	Punzi
HNMuEl_400	1.07805	0.118008	2.30792e-05	2.86188e-06
=====================================================================


!!!!!!!!!!!!!!!!!
!!!! UPDATED !!!!
!!!!!!!!!!!!!!!!!

[CutInfo::PrintCutInfo] leadingLepton_Pt	>	125
[CutInfo::PrintCutInfo] ljj	|<	515
[CutInfo::PrintCutInfo] ljj	|>	235
[CutInfo::PrintCutInfo] secondLepton_Pt	>	55
CF	0 +- 0
Fake	0 +- 0
Prompt	2.90822 +- 1.28801
=> total bkg = 2.90822
Signal	Yield	Efficiency	Efficiency@Presel	Punzi
HNMuEl_400	1.07753	0.117933	2.30681e-05	2.86235e-06
=====================================================================


!!!!!!!!!!!!!!!!!
!!!! UPDATED !!!!
!!!!!!!!!!!!!!!!!

[CutInfo::PrintCutInfo] leadingLepton_Pt	>	125
[CutInfo::PrintCutInfo] ljj	|<	505
[CutInfo::PrintCutInfo] ljj	|>	235
[CutInfo::PrintCutInfo] secondLepton_Pt	>	55
CF	0 +- 0
Fake	0 +- 0
Prompt	2.89241 +- 1.28311
=> total bkg = 2.89241
Signal	Yield	Efficiency	Efficiency@Presel	Punzi
HNMuEl_400	1.07591	0.117767	2.30334e-05	2.86411e-06
=====================================================================

####################################################
TIME STAMP : [2018/1/16 21:10:6] 1700 / 3721 (45.6866 %)
####################################################
[CutInfo::PrintCutInfo] leadingLepton_Pt	>	125
[CutInfo::PrintCutInfo] ljj	|<	505
[CutInfo::PrintCutInfo] ljj	|>	235
[CutInfo::PrintCutInfo] secondLepton_Pt	>	55

!!!!!!!!!!!!!!!!!
!!!! UPDATED !!!!
!!!!!!!!!!!!!!!!!

[CutInfo::PrintCutInfo] leadingLepton_Pt	>	125
[CutInfo::PrintCutInfo] ljj	|<	475
[CutInfo::PrintCutInfo] ljj	|>	240
[CutInfo::PrintCutInfo] secondLepton_Pt	>	55
CF	0 +- 0
Fake	0.029626 +- 0.104184
Prompt	2.79743 +- 1.2709
=> total bkg = 2.82706
Signal	Yield	Efficiency	Efficiency@Presel	Punzi
HNMuEl_400	1.06933	0.117058	2.28926e-05	2.86509e-06
=====================================================================

####################################################
TIME STAMP : [2018/1/16 21:10:18] 1800 / 3721 (48.3741 %)
####################################################
[CutInfo::PrintCutInfo] leadingLepton_Pt	>	125
[CutInfo::PrintCutInfo] ljj	|<	475
[CutInfo::PrintCutInfo] ljj	|>	240
[CutInfo::PrintCutInfo] secondLepton_Pt	>	55

!!!!!!!!!!!!!!!!!
!!!! UPDATED !!!!
!!!!!!!!!!!!!!!!!

[CutInfo::PrintCutInfo] leadingLepton_Pt	>	125
[CutInfo::PrintCutInfo] ljj	|<	505
[CutInfo::PrintCutInfo] ljj	|>	245
[CutInfo::PrintCutInfo] secondLepton_Pt	>	55
CF	0 +- 0
Fake	0 +- 0
Prompt	2.88792 +- 1.28177
=> total bkg = 2.88792
Signal	Yield	Efficiency	Efficiency@Presel	Punzi
HNMuEl_400	1.07571	0.11775	2.3029e-05	2.86528e-06
=====================================================================


!!!!!!!!!!!!!!!!!
!!!! UPDATED !!!!
!!!!!!!!!!!!!!!!!

[CutInfo::PrintCutInfo] leadingLepton_Pt	>	125
[CutInfo::PrintCutInfo] ljj	|<	475
[CutInfo::PrintCutInfo] ljj	|>	245
[CutInfo::PrintCutInfo] secondLepton_Pt	>	55
CF	0 +- 0
Fake	0.0297512 +- 0.104187
Prompt	2.7931 +- 1.26958
=> total bkg = 2.82286
Signal	Yield	Efficiency	Efficiency@Presel	Punzi
HNMuEl_400	1.0692	0.11705	2.28896e-05	2.86637e-06
=====================================================================


!!!!!!!!!!!!!!!!!
!!!! UPDATED !!!!
!!!!!!!!!!!!!!!!!

[CutInfo::PrintCutInfo] leadingLepton_Pt	>	125
[CutInfo::PrintCutInfo] ljj	|<	520
[CutInfo::PrintCutInfo] ljj	|>	250
[CutInfo::PrintCutInfo] secondLepton_Pt	>	55
CF	0 +- 0
Fake	0 +- 0
Prompt	2.89834 +- 1.28497
=> total bkg = 2.89834
Signal	Yield	Efficiency	Efficiency@Presel	Punzi
HNMuEl_400	1.07785	0.117992	2.30749e-05	2.86697e-06
=====================================================================


!!!!!!!!!!!!!!!!!
!!!! UPDATED !!!!
!!!!!!!!!!!!!!!!!

[CutInfo::PrintCutInfo] leadingLepton_Pt	>	125
[CutInfo::PrintCutInfo] ljj	|<	515
[CutInfo::PrintCutInfo] ljj	|>	250
[CutInfo::PrintCutInfo] secondLepton_Pt	>	55
CF	0 +- 0
Fake	0 +- 0
Prompt	2.89354 +- 1.28348
=> total bkg = 2.89354
Signal	Yield	Efficiency	Efficiency@Presel	Punzi
HNMuEl_400	1.07733	0.117917	2.30638e-05	2.86744e-06
=====================================================================


!!!!!!!!!!!!!!!!!
!!!! UPDATED !!!!
!!!!!!!!!!!!!!!!!

[CutInfo::PrintCutInfo] leadingLepton_Pt	>	125
[CutInfo::PrintCutInfo] ljj	|<	505
[CutInfo::PrintCutInfo] ljj	|>	250
[CutInfo::PrintCutInfo] secondLepton_Pt	>	55
CF	0 +- 0
Fake	0 +- 0
Prompt	2.87773 +- 1.27861
=> total bkg = 2.87773
Signal	Yield	Efficiency	Efficiency@Presel	Punzi
HNMuEl_400	1.07571	0.11775	2.3029e-05	2.86922e-06
=====================================================================


!!!!!!!!!!!!!!!!!
!!!! UPDATED !!!!
!!!!!!!!!!!!!!!!!

[CutInfo::PrintCutInfo] leadingLepton_Pt	>	125
[CutInfo::PrintCutInfo] ljj	|<	475
[CutInfo::PrintCutInfo] ljj	|>	250
[CutInfo::PrintCutInfo] secondLepton_Pt	>	55
CF	0 +- 0
Fake	0.0305505 +- 0.104206
Prompt	2.78291 +- 1.26647
=> total bkg = 2.81346
Signal	Yield	Efficiency	Efficiency@Presel	Punzi
HNMuEl_400	1.06914	0.117042	2.28884e-05	2.87001e-06
=====================================================================

####################################################
TIME STAMP : [2018/1/16 21:10:31] 1900 / 3721 (51.0615 %)
####################################################
[CutInfo::PrintCutInfo] leadingLepton_Pt	>	125
[CutInfo::PrintCutInfo] ljj	|<	475
[CutInfo::PrintCutInfo] ljj	|>	250
[CutInfo::PrintCutInfo] secondLepton_Pt	>	55

!!!!!!!!!!!!!!!!!
!!!! UPDATED !!!!
!!!!!!!!!!!!!!!!!

[CutInfo::PrintCutInfo] leadingLepton_Pt	>	125
[CutInfo::PrintCutInfo] ljj	|<	500
[CutInfo::PrintCutInfo] ljj	|>	255
[CutInfo::PrintCutInfo] secondLepton_Pt	>	55
CF	0 +- 0
Fake	0 +- 0
Prompt	2.86843 +- 1.27576
=> total bkg = 2.86843
Signal	Yield	Efficiency	Efficiency@Presel	Punzi
HNMuEl_400	1.07497	0.117683	2.30133e-05	2.87084e-06
=====================================================================


!!!!!!!!!!!!!!!!!
!!!! UPDATED !!!!
!!!!!!!!!!!!!!!!!

[CutInfo::PrintCutInfo] leadingLepton_Pt	>	125
[CutInfo::PrintCutInfo] ljj	|<	495
[CutInfo::PrintCutInfo] ljj	|>	255
[CutInfo::PrintCutInfo] secondLepton_Pt	>	55
CF	0 +- 0
Fake	0 +- 0
Prompt	2.85861 +- 1.27277
=> total bkg = 2.85861
Signal	Yield	Efficiency	Efficiency@Presel	Punzi
HNMuEl_400	1.07407	0.117575	2.2994e-05	2.87223e-06
=====================================================================


!!!!!!!!!!!!!!!!!
!!!! UPDATED !!!!
!!!!!!!!!!!!!!!!!

[CutInfo::PrintCutInfo] leadingLepton_Pt	>	125
[CutInfo::PrintCutInfo] ljj	|<	490
[CutInfo::PrintCutInfo] ljj	|>	255
[CutInfo::PrintCutInfo] secondLepton_Pt	>	55
CF	0 +- 0
Fake	0 +- 0
Prompt	2.85256 +- 1.27093
=> total bkg = 2.85256
Signal	Yield	Efficiency	Efficiency@Presel	Punzi
HNMuEl_400	1.07331	0.117492	2.29778e-05	2.87254e-06
=====================================================================


!!!!!!!!!!!!!!!!!
!!!! UPDATED !!!!
!!!!!!!!!!!!!!!!!

[CutInfo::PrintCutInfo] leadingLepton_Pt	>	125
[CutInfo::PrintCutInfo] ljj	|<	475
[CutInfo::PrintCutInfo] ljj	|>	255
[CutInfo::PrintCutInfo] secondLepton_Pt	>	55
CF	0 +- 0
Fake	0 +- 0
Prompt	2.77623 +- 1.26445
=> total bkg = 2.77623
Signal	Yield	Efficiency	Efficiency@Presel	Punzi
HNMuEl_400	1.06864	0.117	2.28777e-05	2.88043e-06
=====================================================================


!!!!!!!!!!!!!!!!!
!!!! UPDATED !!!!
!!!!!!!!!!!!!!!!!

[CutInfo::PrintCutInfo] leadingLepton_Pt	>	125
[CutInfo::PrintCutInfo] ljj	|<	525
[CutInfo::PrintCutInfo] ljj	|>	260
[CutInfo::PrintCutInfo] secondLepton_Pt	>	55
CF	0 +- 0
Fake	0 +- 0
Prompt	2.77935 +- 1.26652
=> total bkg = 2.77935
Signal	Yield	Efficiency	Efficiency@Presel	Punzi
HNMuEl_400	1.07764	0.117983	2.30704e-05	2.90282e-06
=====================================================================


!!!!!!!!!!!!!!!!!
!!!! UPDATED !!!!
!!!!!!!!!!!!!!!!!

[CutInfo::PrintCutInfo] leadingLepton_Pt	>	125
[CutInfo::PrintCutInfo] ljj	|<	520
[CutInfo::PrintCutInfo] ljj	|>	260
[CutInfo::PrintCutInfo] secondLepton_Pt	>	55
CF	0 +- 0
Fake	0 +- 0
Prompt	2.76794 +- 1.26305
=> total bkg = 2.76794
Signal	Yield	Efficiency	Efficiency@Presel	Punzi
HNMuEl_400	1.07748	0.117958	2.30668e-05	2.90691e-06
=====================================================================


!!!!!!!!!!!!!!!!!
!!!! UPDATED !!!!
!!!!!!!!!!!!!!!!!

[CutInfo::PrintCutInfo] leadingLepton_Pt	>	125
[CutInfo::PrintCutInfo] ljj	|<	515
[CutInfo::PrintCutInfo] ljj	|>	260
[CutInfo::PrintCutInfo] secondLepton_Pt	>	55
CF	0 +- 0
Fake	0 +- 0
Prompt	2.76313 +- 1.2616
=> total bkg = 2.76313
Signal	Yield	Efficiency	Efficiency@Presel	Punzi
HNMuEl_400	1.07696	0.117883	2.30557e-05	2.90742e-06
=====================================================================


!!!!!!!!!!!!!!!!!
!!!! UPDATED !!!!
!!!!!!!!!!!!!!!!!

[CutInfo::PrintCutInfo] leadingLepton_Pt	>	125
[CutInfo::PrintCutInfo] ljj	|<	505
[CutInfo::PrintCutInfo] ljj	|>	260
[CutInfo::PrintCutInfo] secondLepton_Pt	>	55
CF	0 +- 0
Fake	0 +- 0
Prompt	2.74732 +- 1.25684
=> total bkg = 2.74732
Signal	Yield	Efficiency	Efficiency@Presel	Punzi
HNMuEl_400	1.07533	0.117717	2.3021e-05	2.90932e-06
=====================================================================


!!!!!!!!!!!!!!!!!
!!!! UPDATED !!!!
!!!!!!!!!!!!!!!!!

[CutInfo::PrintCutInfo] leadingLepton_Pt	>	125
[CutInfo::PrintCutInfo] ljj	|<	500
[CutInfo::PrintCutInfo] ljj	|>	260
[CutInfo::PrintCutInfo] secondLepton_Pt	>	55
CF	0 +- 0
Fake	0 +- 0
Prompt	2.74188 +- 1.25521
=> total bkg = 2.74188
Signal	Yield	Efficiency	Efficiency@Presel	Punzi
HNMuEl_400	1.07497	0.117683	2.30133e-05	2.91052e-06
=====================================================================


!!!!!!!!!!!!!!!!!
!!!! UPDATED !!!!
!!!!!!!!!!!!!!!!!

[CutInfo::PrintCutInfo] leadingLepton_Pt	>	125
[CutInfo::PrintCutInfo] ljj	|<	495
[CutInfo::PrintCutInfo] ljj	|>	260
[CutInfo::PrintCutInfo] secondLepton_Pt	>	55
CF	0 +- 0
Fake	0 +- 0
Prompt	2.73206 +- 1.25228
=> total bkg = 2.73206
Signal	Yield	Efficiency	Efficiency@Presel	Punzi
HNMuEl_400	1.07407	0.117575	2.2994e-05	2.91199e-06
=====================================================================


!!!!!!!!!!!!!!!!!
!!!! UPDATED !!!!
!!!!!!!!!!!!!!!!!

[CutInfo::PrintCutInfo] leadingLepton_Pt	>	125
[CutInfo::PrintCutInfo] ljj	|<	490
[CutInfo::PrintCutInfo] ljj	|>	260
[CutInfo::PrintCutInfo] secondLepton_Pt	>	55
CF	0 +- 0
Fake	0 +- 0
Prompt	2.72601 +- 1.25048
=> total bkg = 2.72601
Signal	Yield	Efficiency	Efficiency@Presel	Punzi
HNMuEl_400	1.07331	0.117492	2.29778e-05	2.91235e-06
=====================================================================


!!!!!!!!!!!!!!!!!
!!!! UPDATED !!!!
!!!!!!!!!!!!!!!!!

[CutInfo::PrintCutInfo] leadingLepton_Pt	>	125
[CutInfo::PrintCutInfo] ljj	|<	480
[CutInfo::PrintCutInfo] ljj	|>	260
[CutInfo::PrintCutInfo] secondLepton_Pt	>	55
CF	0 +- 0
Fake	0 +- 0
Prompt	2.70081 +- 1.24522
=> total bkg = 2.70081
Signal	Yield	Efficiency	Efficiency@Presel	Punzi
HNMuEl_400	1.07022	0.11715	2.29114e-05	2.91274e-06
=====================================================================


!!!!!!!!!!!!!!!!!
!!!! UPDATED !!!!
!!!!!!!!!!!!!!!!!

[CutInfo::PrintCutInfo] leadingLepton_Pt	>	125
[CutInfo::PrintCutInfo] ljj	|<	475
[CutInfo::PrintCutInfo] ljj	|>	260
[CutInfo::PrintCutInfo] secondLepton_Pt	>	55
CF	0 +- 0
Fake	0 +- 0
Prompt	2.6466 +- 1.24319
=> total bkg = 2.6466
Signal	Yield	Efficiency	Efficiency@Presel	Punzi
HNMuEl_400	1.06864	0.117	2.28777e-05	2.92221e-06
=====================================================================

####################################################
TIME STAMP : [2018/1/16 21:10:44] 2000 / 3721 (53.749 %)
####################################################
[CutInfo::PrintCutInfo] leadingLepton_Pt	>	125
[CutInfo::PrintCutInfo] ljj	|<	475
[CutInfo::PrintCutInfo] ljj	|>	260
[CutInfo::PrintCutInfo] secondLepton_Pt	>	55

!!!!!!!!!!!!!!!!!
!!!! UPDATED !!!!
!!!!!!!!!!!!!!!!!

[CutInfo::PrintCutInfo] leadingLepton_Pt	>	125
[CutInfo::PrintCutInfo] ljj	|<	475
[CutInfo::PrintCutInfo] ljj	|>	265
[CutInfo::PrintCutInfo] secondLepton_Pt	>	55
CF	0 +- 0
Fake	0 +- 0
Prompt	2.63868 +- 1.24086
=> total bkg = 2.63868
Signal	Yield	Efficiency	Efficiency@Presel	Punzi
HNMuEl_400	1.06847	0.116983	2.28741e-05	2.92496e-06
=====================================================================

####################################################
TIME STAMP : [2018/1/16 21:10:56] 2100 / 3721 (56.4364 %)
####################################################
[CutInfo::PrintCutInfo] leadingLepton_Pt	>	125
[CutInfo::PrintCutInfo] ljj	|<	475
[CutInfo::PrintCutInfo] ljj	|>	265
[CutInfo::PrintCutInfo] secondLepton_Pt	>	55

!!!!!!!!!!!!!!!!!
!!!! UPDATED !!!!
!!!!!!!!!!!!!!!!!

[CutInfo::PrintCutInfo] leadingLepton_Pt	>	125
[CutInfo::PrintCutInfo] ljj	|<	475
[CutInfo::PrintCutInfo] ljj	|>	275
[CutInfo::PrintCutInfo] secondLepton_Pt	>	55
CF	0 +- 0
Fake	0 +- 0
Prompt	2.62579 +- 1.23709
=> total bkg = 2.62579
Signal	Yield	Efficiency	Efficiency@Presel	Punzi
HNMuEl_400	1.0683	0.116942	2.28704e-05	2.92974e-06
=====================================================================

####################################################
TIME STAMP : [2018/1/16 21:11:9] 2200 / 3721 (59.1239 %)
####################################################
[CutInfo::PrintCutInfo] leadingLepton_Pt	>	125
[CutInfo::PrintCutInfo] ljj	|<	475
[CutInfo::PrintCutInfo] ljj	|>	275
[CutInfo::PrintCutInfo] secondLepton_Pt	>	55

!!!!!!!!!!!!!!!!!
!!!! UPDATED !!!!
!!!!!!!!!!!!!!!!!

[CutInfo::PrintCutInfo] leadingLepton_Pt	>	125
[CutInfo::PrintCutInfo] ljj	|<	505
[CutInfo::PrintCutInfo] ljj	|>	280
[CutInfo::PrintCutInfo] secondLepton_Pt	>	55
CF	0 +- 0
Fake	0 +- 0
Prompt	2.68932 +- 1.23914
=> total bkg = 2.68932
Signal	Yield	Efficiency	Efficiency@Presel	Punzi
HNMuEl_400	1.07482	0.11765	2.30101e-05	2.93145e-06
=====================================================================


!!!!!!!!!!!!!!!!!
!!!! UPDATED !!!!
!!!!!!!!!!!!!!!!!

[CutInfo::PrintCutInfo] leadingLepton_Pt	>	125
[CutInfo::PrintCutInfo] ljj	|<	500
[CutInfo::PrintCutInfo] ljj	|>	280
[CutInfo::PrintCutInfo] secondLepton_Pt	>	55
CF	0 +- 0
Fake	0 +- 0
Prompt	2.67866 +- 1.23603
=> total bkg = 2.67866
Signal	Yield	Efficiency	Efficiency@Presel	Punzi
HNMuEl_400	1.07429	0.1176	2.29987e-05	2.93431e-06
=====================================================================


!!!!!!!!!!!!!!!!!
!!!! UPDATED !!!!
!!!!!!!!!!!!!!!!!

[CutInfo::PrintCutInfo] leadingLepton_Pt	>	125
[CutInfo::PrintCutInfo] ljj	|<	495
[CutInfo::PrintCutInfo] ljj	|>	280
[CutInfo::PrintCutInfo] secondLepton_Pt	>	55
CF	0 +- 0
Fake	0 +- 0
Prompt	2.66884 +- 1.23318
=> total bkg = 2.66884
Signal	Yield	Efficiency	Efficiency@Presel	Punzi
HNMuEl_400	1.07352	0.117483	2.29822e-05	2.93615e-06
=====================================================================


!!!!!!!!!!!!!!!!!
!!!! UPDATED !!!!
!!!!!!!!!!!!!!!!!

[CutInfo::PrintCutInfo] leadingLepton_Pt	>	125
[CutInfo::PrintCutInfo] ljj	|<	490
[CutInfo::PrintCutInfo] ljj	|>	280
[CutInfo::PrintCutInfo] secondLepton_Pt	>	55
CF	0 +- 0
Fake	0 +- 0
Prompt	2.65421 +- 1.22896
=> total bkg = 2.65421
Signal	Yield	Efficiency	Efficiency@Presel	Punzi
HNMuEl_400	1.0727	0.117392	2.29646e-05	2.93981e-06
=====================================================================


!!!!!!!!!!!!!!!!!
!!!! UPDATED !!!!
!!!!!!!!!!!!!!!!!

[CutInfo::PrintCutInfo] leadingLepton_Pt	>	125
[CutInfo::PrintCutInfo] ljj	|<	480
[CutInfo::PrintCutInfo] ljj	|>	280
[CutInfo::PrintCutInfo] secondLepton_Pt	>	55
CF	0 +- 0
Fake	0 +- 0
Prompt	2.62902 +- 1.22386
=> total bkg = 2.62902
Signal	Yield	Efficiency	Efficiency@Presel	Punzi
HNMuEl_400	1.06954	0.117042	2.2897e-05	2.94011e-06
=====================================================================


!!!!!!!!!!!!!!!!!
!!!! UPDATED !!!!
!!!!!!!!!!!!!!!!!

[CutInfo::PrintCutInfo] leadingLepton_Pt	>	125
[CutInfo::PrintCutInfo] ljj	|<	475
[CutInfo::PrintCutInfo] ljj	|>	280
[CutInfo::PrintCutInfo] secondLepton_Pt	>	55
CF	0 +- 0
Fake	0 +- 0
Prompt	2.5748 +- 1.22185
=> total bkg = 2.5748
Signal	Yield	Efficiency	Efficiency@Presel	Punzi
HNMuEl_400	1.06797	0.116892	2.28633e-05	2.95e-06
=====================================================================


!!!!!!!!!!!!!!!!!
!!!! UPDATED !!!!
!!!!!!!!!!!!!!!!!

[CutInfo::PrintCutInfo] leadingLepton_Pt	>	125
[CutInfo::PrintCutInfo] ljj	|<	525
[CutInfo::PrintCutInfo] ljj	|>	285
[CutInfo::PrintCutInfo] secondLepton_Pt	>	55
CF	0 +- 0
Fake	0 +- 0
Prompt	2.57778 +- 1.22373
=> total bkg = 2.57778
Signal	Yield	Efficiency	Efficiency@Presel	Punzi
HNMuEl_400	1.07688	0.117892	2.30541e-05	2.97277e-06
=====================================================================


!!!!!!!!!!!!!!!!!
!!!! UPDATED !!!!
!!!!!!!!!!!!!!!!!

[CutInfo::PrintCutInfo] leadingLepton_Pt	>	125
[CutInfo::PrintCutInfo] ljj	|<	520
[CutInfo::PrintCutInfo] ljj	|>	285
[CutInfo::PrintCutInfo] secondLepton_Pt	>	55
CF	0 +- 0
Fake	0 +- 0
Prompt	2.56636 +- 1.22044
=> total bkg = 2.56636
Signal	Yield	Efficiency	Efficiency@Presel	Punzi
HNMuEl_400	1.07659	0.117858	2.30479e-05	2.97672e-06
=====================================================================


!!!!!!!!!!!!!!!!!
!!!! UPDATED !!!!
!!!!!!!!!!!!!!!!!

[CutInfo::PrintCutInfo] leadingLepton_Pt	>	125
[CutInfo::PrintCutInfo] ljj	|<	515
[CutInfo::PrintCutInfo] ljj	|>	285
[CutInfo::PrintCutInfo] secondLepton_Pt	>	55
CF	0 +- 0
Fake	0 +- 0
Prompt	2.55886 +- 1.2183
=> total bkg = 2.55886
Signal	Yield	Efficiency	Efficiency@Presel	Punzi
HNMuEl_400	1.07602	0.117775	2.30356e-05	2.97826e-06
=====================================================================


!!!!!!!!!!!!!!!!!
!!!! UPDATED !!!!
!!!!!!!!!!!!!!!!!

[CutInfo::PrintCutInfo] leadingLepton_Pt	>	125
[CutInfo::PrintCutInfo] ljj	|<	505
[CutInfo::PrintCutInfo] ljj	|>	285
[CutInfo::PrintCutInfo] secondLepton_Pt	>	55
CF	0 +- 0
Fake	0 +- 0
Prompt	2.54304 +- 1.2138
=> total bkg = 2.54304
Signal	Yield	Efficiency	Efficiency@Presel	Punzi
HNMuEl_400	1.07439	0.117608	2.30009e-05	2.98037e-06
=====================================================================


!!!!!!!!!!!!!!!!!
!!!! UPDATED !!!!
!!!!!!!!!!!!!!!!!

[CutInfo::PrintCutInfo] leadingLepton_Pt	>	125
[CutInfo::PrintCutInfo] ljj	|<	500
[CutInfo::PrintCutInfo] ljj	|>	285
[CutInfo::PrintCutInfo] secondLepton_Pt	>	55
CF	0 +- 0
Fake	0 +- 0
Prompt	2.53238 +- 1.21078
=> total bkg = 2.53238
Signal	Yield	Efficiency	Efficiency@Presel	Punzi
HNMuEl_400	1.07386	0.117558	2.29895e-05	2.98336e-06
=====================================================================


!!!!!!!!!!!!!!!!!
!!!! UPDATED !!!!
!!!!!!!!!!!!!!!!!

[CutInfo::PrintCutInfo] leadingLepton_Pt	>	125
[CutInfo::PrintCutInfo] ljj	|<	495
[CutInfo::PrintCutInfo] ljj	|>	285
[CutInfo::PrintCutInfo] secondLepton_Pt	>	55
CF	0 +- 0
Fake	0 +- 0
Prompt	2.52257 +- 1.20803
=> total bkg = 2.52257
Signal	Yield	Efficiency	Efficiency@Presel	Punzi
HNMuEl_400	1.07309	0.117442	2.29729e-05	2.98531e-06
=====================================================================

####################################################
TIME STAMP : [2018/1/16 21:11:21] 2300 / 3721 (61.8113 %)
####################################################
[CutInfo::PrintCutInfo] leadingLepton_Pt	>	125
[CutInfo::PrintCutInfo] ljj	|<	495
[CutInfo::PrintCutInfo] ljj	|>	285
[CutInfo::PrintCutInfo] secondLepton_Pt	>	55

!!!!!!!!!!!!!!!!!
!!!! UPDATED !!!!
!!!!!!!!!!!!!!!!!

[CutInfo::PrintCutInfo] leadingLepton_Pt	>	125
[CutInfo::PrintCutInfo] ljj	|<	490
[CutInfo::PrintCutInfo] ljj	|>	285
[CutInfo::PrintCutInfo] secondLepton_Pt	>	55
CF	0 +- 0
Fake	0 +- 0
Prompt	2.50794 +- 1.20394
=> total bkg = 2.50794
Signal	Yield	Efficiency	Efficiency@Presel	Punzi
HNMuEl_400	1.07227	0.11735	2.29554e-05	2.98916e-06
=====================================================================


!!!!!!!!!!!!!!!!!
!!!! UPDATED !!!!
!!!!!!!!!!!!!!!!!

[CutInfo::PrintCutInfo] leadingLepton_Pt	>	125
[CutInfo::PrintCutInfo] ljj	|<	480
[CutInfo::PrintCutInfo] ljj	|>	285
[CutInfo::PrintCutInfo] secondLepton_Pt	>	55
CF	0 +- 0
Fake	0 +- 0
Prompt	2.48274 +- 1.19902
=> total bkg = 2.48274
Signal	Yield	Efficiency	Efficiency@Presel	Punzi
HNMuEl_400	1.06911	0.117	2.28878e-05	2.98969e-06
=====================================================================


!!!!!!!!!!!!!!!!!
!!!! UPDATED !!!!
!!!!!!!!!!!!!!!!!

[CutInfo::PrintCutInfo] leadingLepton_Pt	>	125
[CutInfo::PrintCutInfo] ljj	|<	475
[CutInfo::PrintCutInfo] ljj	|>	285
[CutInfo::PrintCutInfo] secondLepton_Pt	>	55
CF	0 +- 0
Fake	0 +- 0
Prompt	2.42853 +- 1.19702
=> total bkg = 2.42853
Signal	Yield	Efficiency	Efficiency@Presel	Punzi
HNMuEl_400	1.06754	0.11685	2.28541e-05	3.00035e-06
=====================================================================


!!!!!!!!!!!!!!!!!
!!!! UPDATED !!!!
!!!!!!!!!!!!!!!!!

[CutInfo::PrintCutInfo] leadingLepton_Pt	>	125
[CutInfo::PrintCutInfo] ljj	|<	525
[CutInfo::PrintCutInfo] ljj	|>	290
[CutInfo::PrintCutInfo] secondLepton_Pt	>	55
CF	0 +- 0
Fake	0 +- 0
Prompt	2.45524 +- 1.20459
=> total bkg = 2.45524
Signal	Yield	Efficiency	Efficiency@Presel	Punzi
HNMuEl_400	1.0768	0.117867	2.30525e-05	3.01481e-06
=====================================================================


!!!!!!!!!!!!!!!!!
!!!! UPDATED !!!!
!!!!!!!!!!!!!!!!!

[CutInfo::PrintCutInfo] leadingLepton_Pt	>	125
[CutInfo::PrintCutInfo] ljj	|<	520
[CutInfo::PrintCutInfo] ljj	|>	290
[CutInfo::PrintCutInfo] secondLepton_Pt	>	55
CF	0 +- 0
Fake	0 +- 0
Prompt	2.44383 +- 1.20138
=> total bkg = 2.44383
Signal	Yield	Efficiency	Efficiency@Presel	Punzi
HNMuEl_400	1.07651	0.117833	2.30463e-05	3.01891e-06
=====================================================================


!!!!!!!!!!!!!!!!!
!!!! UPDATED !!!!
!!!!!!!!!!!!!!!!!

[CutInfo::PrintCutInfo] leadingLepton_Pt	>	125
[CutInfo::PrintCutInfo] ljj	|<	515
[CutInfo::PrintCutInfo] ljj	|>	290
[CutInfo::PrintCutInfo] secondLepton_Pt	>	55
CF	0 +- 0
Fake	0 +- 0
Prompt	2.43616 +- 1.19925
=> total bkg = 2.43616
Signal	Yield	Efficiency	Efficiency@Presel	Punzi
HNMuEl_400	1.07588	0.117742	2.30328e-05	3.02044e-06
=====================================================================


!!!!!!!!!!!!!!!!!
!!!! UPDATED !!!!
!!!!!!!!!!!!!!!!!

[CutInfo::PrintCutInfo] leadingLepton_Pt	>	125
[CutInfo::PrintCutInfo] ljj	|<	510
[CutInfo::PrintCutInfo] ljj	|>	290
[CutInfo::PrintCutInfo] secondLepton_Pt	>	55
CF	0 +- 0
Fake	0 +- 0
Prompt	2.42961 +- 1.19743
=> total bkg = 2.42961
Signal	Yield	Efficiency	Efficiency@Presel	Punzi
HNMuEl_400	1.07488	0.117633	2.30113e-05	3.02045e-06
=====================================================================


!!!!!!!!!!!!!!!!!
!!!! UPDATED !!!!
!!!!!!!!!!!!!!!!!

[CutInfo::PrintCutInfo] leadingLepton_Pt	>	125
[CutInfo::PrintCutInfo] ljj	|<	505
[CutInfo::PrintCutInfo] ljj	|>	290
[CutInfo::PrintCutInfo] secondLepton_Pt	>	55
CF	0 +- 0
Fake	0 +- 0
Prompt	2.42035 +- 1.19487
=> total bkg = 2.42035
Signal	Yield	Efficiency	Efficiency@Presel	Punzi
HNMuEl_400	1.07426	0.117575	2.2998e-05	3.0227e-06
=====================================================================


!!!!!!!!!!!!!!!!!
!!!! UPDATED !!!!
!!!!!!!!!!!!!!!!!

[CutInfo::PrintCutInfo] leadingLepton_Pt	>	125
[CutInfo::PrintCutInfo] ljj	|<	500
[CutInfo::PrintCutInfo] ljj	|>	290
[CutInfo::PrintCutInfo] secondLepton_Pt	>	55
CF	0 +- 0
Fake	0 +- 0
Prompt	2.40969 +- 1.19193
=> total bkg = 2.40969
Signal	Yield	Efficiency	Efficiency@Presel	Punzi
HNMuEl_400	1.07373	0.117525	2.29867e-05	3.02582e-06
=====================================================================


!!!!!!!!!!!!!!!!!
!!!! UPDATED !!!!
!!!!!!!!!!!!!!!!!

[CutInfo::PrintCutInfo] leadingLepton_Pt	>	125
[CutInfo::PrintCutInfo] ljj	|<	495
[CutInfo::PrintCutInfo] ljj	|>	290
[CutInfo::PrintCutInfo] secondLepton_Pt	>	55
CF	0 +- 0
Fake	0 +- 0
Prompt	2.39987 +- 1.18924
=> total bkg = 2.39987
Signal	Yield	Efficiency	Efficiency@Presel	Punzi
HNMuEl_400	1.07296	0.117408	2.29701e-05	3.02788e-06
=====================================================================


!!!!!!!!!!!!!!!!!
!!!! UPDATED !!!!
!!!!!!!!!!!!!!!!!

[CutInfo::PrintCutInfo] leadingLepton_Pt	>	125
[CutInfo::PrintCutInfo] ljj	|<	490
[CutInfo::PrintCutInfo] ljj	|>	290
[CutInfo::PrintCutInfo] secondLepton_Pt	>	55
CF	0 +- 0
Fake	0 +- 0
Prompt	2.38525 +- 1.18527
=> total bkg = 2.38525
Signal	Yield	Efficiency	Efficiency@Presel	Punzi
HNMuEl_400	1.07214	0.117317	2.29525e-05	3.0319e-06
=====================================================================


!!!!!!!!!!!!!!!!!
!!!! UPDATED !!!!
!!!!!!!!!!!!!!!!!

[CutInfo::PrintCutInfo] leadingLepton_Pt	>	125
[CutInfo::PrintCutInfo] ljj	|<	480
[CutInfo::PrintCutInfo] ljj	|>	290
[CutInfo::PrintCutInfo] secondLepton_Pt	>	55
CF	0 +- 0
Fake	0 +- 0
Prompt	2.36005 +- 1.18048
=> total bkg = 2.36005
Signal	Yield	Efficiency	Efficiency@Presel	Punzi
HNMuEl_400	1.06898	0.116967	2.2885e-05	3.03266e-06
=====================================================================


!!!!!!!!!!!!!!!!!
!!!! UPDATED !!!!
!!!!!!!!!!!!!!!!!

[CutInfo::PrintCutInfo] leadingLepton_Pt	>	125
[CutInfo::PrintCutInfo] ljj	|<	475
[CutInfo::PrintCutInfo] ljj	|>	290
[CutInfo::PrintCutInfo] secondLepton_Pt	>	55
CF	0 +- 0
Fake	0 +- 0
Prompt	2.30583 +- 1.17848
=> total bkg = 2.30583
Signal	Yield	Efficiency	Efficiency@Presel	Punzi
HNMuEl_400	1.0674	0.116817	2.28512e-05	3.04401e-06
=====================================================================

####################################################
TIME STAMP : [2018/1/16 21:11:34] 2400 / 3721 (64.4988 %)
####################################################
[CutInfo::PrintCutInfo] leadingLepton_Pt	>	125
[CutInfo::PrintCutInfo] ljj	|<	475
[CutInfo::PrintCutInfo] ljj	|>	290
[CutInfo::PrintCutInfo] secondLepton_Pt	>	55

!!!!!!!!!!!!!!!!!
!!!! UPDATED !!!!
!!!!!!!!!!!!!!!!!

[CutInfo::PrintCutInfo] leadingLepton_Pt	>	125
[CutInfo::PrintCutInfo] ljj	|<	525
[CutInfo::PrintCutInfo] ljj	|>	295
[CutInfo::PrintCutInfo] secondLepton_Pt	>	55
CF	0 +- 0
Fake	0 +- 0
Prompt	2.32769 +- 1.18848
=> total bkg = 2.32769
Signal	Yield	Efficiency	Efficiency@Presel	Punzi
HNMuEl_400	1.07632	0.117825	2.30421e-05	3.05708e-06
=====================================================================


!!!!!!!!!!!!!!!!!
!!!! UPDATED !!!!
!!!!!!!!!!!!!!!!!

[CutInfo::PrintCutInfo] leadingLepton_Pt	>	125
[CutInfo::PrintCutInfo] ljj	|<	520
[CutInfo::PrintCutInfo] ljj	|>	295
[CutInfo::PrintCutInfo] secondLepton_Pt	>	55
CF	0 +- 0
Fake	0 +- 0
Prompt	2.31628 +- 1.18534
=> total bkg = 2.31628
Signal	Yield	Efficiency	Efficiency@Presel	Punzi
HNMuEl_400	1.07603	0.117792	2.3036e-05	3.06136e-06
=====================================================================


!!!!!!!!!!!!!!!!!
!!!! UPDATED !!!!
!!!!!!!!!!!!!!!!!

[CutInfo::PrintCutInfo] leadingLepton_Pt	>	125
[CutInfo::PrintCutInfo] ljj	|<	515
[CutInfo::PrintCutInfo] ljj	|>	295
[CutInfo::PrintCutInfo] secondLepton_Pt	>	55
CF	0 +- 0
Fake	0 +- 0
Prompt	2.30861 +- 1.18324
=> total bkg = 2.30861
Signal	Yield	Efficiency	Efficiency@Presel	Punzi
HNMuEl_400	1.0754	0.1177	2.30225e-05	3.06299e-06
=====================================================================


!!!!!!!!!!!!!!!!!
!!!! UPDATED !!!!
!!!!!!!!!!!!!!!!!

[CutInfo::PrintCutInfo] leadingLepton_Pt	>	125
[CutInfo::PrintCutInfo] ljj	|<	510
[CutInfo::PrintCutInfo] ljj	|>	295
[CutInfo::PrintCutInfo] secondLepton_Pt	>	55
CF	0 +- 0
Fake	0 +- 0
Prompt	2.30206 +- 1.18146
=> total bkg = 2.30206
Signal	Yield	Efficiency	Efficiency@Presel	Punzi
HNMuEl_400	1.0744	0.117592	2.3001e-05	3.06306e-06
=====================================================================


!!!!!!!!!!!!!!!!!
!!!! UPDATED !!!!
!!!!!!!!!!!!!!!!!

[CutInfo::PrintCutInfo] leadingLepton_Pt	>	125
[CutInfo::PrintCutInfo] ljj	|<	505
[CutInfo::PrintCutInfo] ljj	|>	295
[CutInfo::PrintCutInfo] secondLepton_Pt	>	55
CF	0 +- 0
Fake	0 +- 0
Prompt	2.2928 +- 1.17895
=> total bkg = 2.2928
Signal	Yield	Efficiency	Efficiency@Presel	Punzi
HNMuEl_400	1.07378	0.117533	2.29877e-05	3.06545e-06
=====================================================================


!!!!!!!!!!!!!!!!!
!!!! UPDATED !!!!
!!!!!!!!!!!!!!!!!

[CutInfo::PrintCutInfo] leadingLepton_Pt	>	125
[CutInfo::PrintCutInfo] ljj	|<	500
[CutInfo::PrintCutInfo] ljj	|>	295
[CutInfo::PrintCutInfo] secondLepton_Pt	>	55
CF	0 +- 0
Fake	0 +- 0
Prompt	2.28214 +- 1.17607
=> total bkg = 2.28214
Signal	Yield	Efficiency	Efficiency@Presel	Punzi
HNMuEl_400	1.07325	0.117483	2.29764e-05	3.06872e-06
=====================================================================


!!!!!!!!!!!!!!!!!
!!!! UPDATED !!!!
!!!!!!!!!!!!!!!!!

[CutInfo::PrintCutInfo] leadingLepton_Pt	>	125
[CutInfo::PrintCutInfo] ljj	|<	495
[CutInfo::PrintCutInfo] ljj	|>	295
[CutInfo::PrintCutInfo] secondLepton_Pt	>	55
CF	0 +- 0
Fake	0 +- 0
Prompt	2.27232 +- 1.17344
=> total bkg = 2.27232
Signal	Yield	Efficiency	Efficiency@Presel	Punzi
HNMuEl_400	1.07248	0.117367	2.29598e-05	3.07091e-06
=====================================================================


!!!!!!!!!!!!!!!!!
!!!! UPDATED !!!!
!!!!!!!!!!!!!!!!!

[CutInfo::PrintCutInfo] leadingLepton_Pt	>	125
[CutInfo::PrintCutInfo] ljj	|<	490
[CutInfo::PrintCutInfo] ljj	|>	295
[CutInfo::PrintCutInfo] secondLepton_Pt	>	55
CF	0 +- 0
Fake	0 +- 0
Prompt	2.2577 +- 1.16955
=> total bkg = 2.2577
Signal	Yield	Efficiency	Efficiency@Presel	Punzi
HNMuEl_400	1.07165	0.117275	2.29422e-05	3.07514e-06
=====================================================================


!!!!!!!!!!!!!!!!!
!!!! UPDATED !!!!
!!!!!!!!!!!!!!!!!

[CutInfo::PrintCutInfo] leadingLepton_Pt	>	125
[CutInfo::PrintCutInfo] ljj	|<	480
[CutInfo::PrintCutInfo] ljj	|>	295
[CutInfo::PrintCutInfo] secondLepton_Pt	>	55
CF	0 +- 0
Fake	0 +- 0
Prompt	2.2325 +- 1.16485
=> total bkg = 2.2325
Signal	Yield	Efficiency	Efficiency@Presel	Punzi
HNMuEl_400	1.06844	0.116917	2.28734e-05	3.07599e-06
=====================================================================


!!!!!!!!!!!!!!!!!
!!!! UPDATED !!!!
!!!!!!!!!!!!!!!!!

[CutInfo::PrintCutInfo] leadingLepton_Pt	>	125
[CutInfo::PrintCutInfo] ljj	|<	475
[CutInfo::PrintCutInfo] ljj	|>	295
[CutInfo::PrintCutInfo] secondLepton_Pt	>	55
CF	0 +- 0
Fake	0 +- 0
Prompt	2.17828 +- 1.16286
=> total bkg = 2.17828
Signal	Yield	Efficiency	Efficiency@Presel	Punzi
HNMuEl_400	1.06686	0.116767	2.28396e-05	3.08809e-06
=====================================================================


!!!!!!!!!!!!!!!!!
!!!! UPDATED !!!!
!!!!!!!!!!!!!!!!!

[CutInfo::PrintCutInfo] leadingLepton_Pt	>	125
[CutInfo::PrintCutInfo] ljj	|<	475
[CutInfo::PrintCutInfo] ljj	|>	300
[CutInfo::PrintCutInfo] secondLepton_Pt	>	55
CF	0 +- 0
Fake	0 +- 0
Prompt	2.16565 +- 1.16077
=> total bkg = 2.16565
Signal	Yield	Efficiency	Efficiency@Presel	Punzi
HNMuEl_400	1.06662	0.116733	2.28344e-05	3.09238e-06
=====================================================================

####################################################
TIME STAMP : [2018/1/16 21:11:46] 2500 / 3721 (67.1862 %)
####################################################
[CutInfo::PrintCutInfo] leadingLepton_Pt	>	125
[CutInfo::PrintCutInfo] ljj	|<	475
[CutInfo::PrintCutInfo] ljj	|>	300
[CutInfo::PrintCutInfo] secondLepton_Pt	>	55

!!!!!!!!!!!!!!!!!
!!!! UPDATED !!!!
!!!!!!!!!!!!!!!!!

[CutInfo::PrintCutInfo] leadingLepton_Pt	>	125
[CutInfo::PrintCutInfo] ljj	|<	475
[CutInfo::PrintCutInfo] ljj	|>	305
[CutInfo::PrintCutInfo] secondLepton_Pt	>	55
CF	0 +- 0
Fake	0 +- 0
Prompt	2.15053 +- 1.15685
=> total bkg = 2.15053
Signal	Yield	Efficiency	Efficiency@Presel	Punzi
HNMuEl_400	1.06601	0.116658	2.28214e-05	3.0976e-06
=====================================================================

####################################################
TIME STAMP : [2018/1/16 21:11:58] 2600 / 3721 (69.8737 %)
####################################################
[CutInfo::PrintCutInfo] leadingLepton_Pt	>	125
[CutInfo::PrintCutInfo] ljj	|<	475
[CutInfo::PrintCutInfo] ljj	|>	305
[CutInfo::PrintCutInfo] secondLepton_Pt	>	55

!!!!!!!!!!!!!!!!!
!!!! UPDATED !!!!
!!!!!!!!!!!!!!!!!

[CutInfo::PrintCutInfo] leadingLepton_Pt	>	125
[CutInfo::PrintCutInfo] ljj	|<	475
[CutInfo::PrintCutInfo] ljj	|>	310
[CutInfo::PrintCutInfo] secondLepton_Pt	>	55
CF	0 +- 0
Fake	0 +- 0
Prompt	2.14081 +- 1.15435
=> total bkg = 2.14081
Signal	Yield	Efficiency	Efficiency@Presel	Punzi
HNMuEl_400	1.06522	0.116567	2.28045e-05	3.09979e-06
=====================================================================


!!!!!!!!!!!!!!!!!
!!!! UPDATED !!!!
!!!!!!!!!!!!!!!!!

[CutInfo::PrintCutInfo] leadingLepton_Pt	>	125
[CutInfo::PrintCutInfo] ljj	|<	495
[CutInfo::PrintCutInfo] ljj	|>	315
[CutInfo::PrintCutInfo] secondLepton_Pt	>	55
CF	0 +- 0
Fake	0 +- 0
Prompt	2.18634 +- 1.15163
=> total bkg = 2.18634
Signal	Yield	Efficiency	Efficiency@Presel	Punzi
HNMuEl_400	1.07	0.117083	2.29068e-05	3.10232e-06
=====================================================================


!!!!!!!!!!!!!!!!!
!!!! UPDATED !!!!
!!!!!!!!!!!!!!!!!

[CutInfo::PrintCutInfo] leadingLepton_Pt	>	125
[CutInfo::PrintCutInfo] ljj	|<	490
[CutInfo::PrintCutInfo] ljj	|>	315
[CutInfo::PrintCutInfo] secondLepton_Pt	>	55
CF	0 +- 0
Fake	0 +- 0
Prompt	2.17171 +- 1.14792
=> total bkg = 2.17171
Signal	Yield	Efficiency	Efficiency@Presel	Punzi
HNMuEl_400	1.06912	0.116983	2.28881e-05	3.10647e-06
=====================================================================


!!!!!!!!!!!!!!!!!
!!!! UPDATED !!!!
!!!!!!!!!!!!!!!!!

[CutInfo::PrintCutInfo] leadingLepton_Pt	>	125
[CutInfo::PrintCutInfo] ljj	|<	480
[CutInfo::PrintCutInfo] ljj	|>	315
[CutInfo::PrintCutInfo] secondLepton_Pt	>	55
CF	0 +- 0
Fake	0 +- 0
Prompt	2.14651 +- 1.14346
=> total bkg = 2.14651
Signal	Yield	Efficiency	Efficiency@Presel	Punzi
HNMuEl_400	1.06585	0.116617	2.2818e-05	3.10726e-06
=====================================================================


!!!!!!!!!!!!!!!!!
!!!! UPDATED !!!!
!!!!!!!!!!!!!!!!!

[CutInfo::PrintCutInfo] leadingLepton_Pt	>	125
[CutInfo::PrintCutInfo] ljj	|<	475
[CutInfo::PrintCutInfo] ljj	|>	315
[CutInfo::PrintCutInfo] secondLepton_Pt	>	55
CF	0 +- 0
Fake	0 +- 0
Prompt	2.08497 +- 1.13966
=> total bkg = 2.08497
Signal	Yield	Efficiency	Efficiency@Presel	Punzi
HNMuEl_400	1.06403	0.11645	2.2779e-05	3.1227e-06
=====================================================================

####################################################
TIME STAMP : [2018/1/16 21:12:10] 2700 / 3721 (72.5611 %)
####################################################
[CutInfo::PrintCutInfo] leadingLepton_Pt	>	125
[CutInfo::PrintCutInfo] ljj	|<	475
[CutInfo::PrintCutInfo] ljj	|>	315
[CutInfo::PrintCutInfo] secondLepton_Pt	>	55

!!!!!!!!!!!!!!!!!
!!!! UPDATED !!!!
!!!!!!!!!!!!!!!!!

[CutInfo::PrintCutInfo] leadingLepton_Pt	>	125
[CutInfo::PrintCutInfo] ljj	|<	475
[CutInfo::PrintCutInfo] ljj	|>	320
[CutInfo::PrintCutInfo] secondLepton_Pt	>	55
CF	0 +- 0
Fake	0 +- 0
Prompt	2.06286 +- 1.1359
=> total bkg = 2.06286
Signal	Yield	Efficiency	Efficiency@Presel	Punzi
HNMuEl_400	1.06337	0.116383	2.27648e-05	3.12996e-06
=====================================================================


!!!!!!!!!!!!!!!!!
!!!! UPDATED !!!!
!!!!!!!!!!!!!!!!!

[CutInfo::PrintCutInfo] leadingLepton_Pt	>	125
[CutInfo::PrintCutInfo] ljj	|<	495
[CutInfo::PrintCutInfo] ljj	|>	325
[CutInfo::PrintCutInfo] secondLepton_Pt	>	55
CF	0 +- 0
Fake	0 +- 0
Prompt	2.08965 +- 1.12838
=> total bkg = 2.08965
Signal	Yield	Efficiency	Efficiency@Presel	Punzi
HNMuEl_400	1.06902	0.116983	2.28857e-05	3.14363e-06
=====================================================================


!!!!!!!!!!!!!!!!!
!!!! UPDATED !!!!
!!!!!!!!!!!!!!!!!

[CutInfo::PrintCutInfo] leadingLepton_Pt	>	125
[CutInfo::PrintCutInfo] ljj	|<	490
[CutInfo::PrintCutInfo] ljj	|>	325
[CutInfo::PrintCutInfo] secondLepton_Pt	>	55
CF	0 +- 0
Fake	0 +- 0
Prompt	2.07502 +- 1.12488
=> total bkg = 2.07502
Signal	Yield	Efficiency	Efficiency@Presel	Punzi
HNMuEl_400	1.0682	0.116875	2.28683e-05	3.14806e-06
=====================================================================


!!!!!!!!!!!!!!!!!
!!!! UPDATED !!!!
!!!!!!!!!!!!!!!!!

[CutInfo::PrintCutInfo] leadingLepton_Pt	>	125
[CutInfo::PrintCutInfo] ljj	|<	480
[CutInfo::PrintCutInfo] ljj	|>	325
[CutInfo::PrintCutInfo] secondLepton_Pt	>	55
CF	0 +- 0
Fake	0 +- 0
Prompt	2.04982 +- 1.12068
=> total bkg = 2.04982
Signal	Yield	Efficiency	Efficiency@Presel	Punzi
HNMuEl_400	1.06488	0.1165	2.27971e-05	3.14884e-06
=====================================================================


!!!!!!!!!!!!!!!!!
!!!! UPDATED !!!!
!!!!!!!!!!!!!!!!!

[CutInfo::PrintCutInfo] leadingLepton_Pt	>	125
[CutInfo::PrintCutInfo] ljj	|<	475
[CutInfo::PrintCutInfo] ljj	|>	325
[CutInfo::PrintCutInfo] secondLepton_Pt	>	55
CF	0 +- 0
Fake	0 +- 0
Prompt	1.98827 +- 1.11702
=> total bkg = 1.98827
Signal	Yield	Efficiency	Efficiency@Presel	Punzi
HNMuEl_400	1.06306	0.116333	2.27582e-05	3.16511e-06
=====================================================================

####################################################
TIME STAMP : [2018/1/16 21:12:22] 2800 / 3721 (75.2486 %)
####################################################
[CutInfo::PrintCutInfo] leadingLepton_Pt	>	125
[CutInfo::PrintCutInfo] ljj	|<	475
[CutInfo::PrintCutInfo] ljj	|>	325
[CutInfo::PrintCutInfo] secondLepton_Pt	>	55

!!!!!!!!!!!!!!!!!
!!!! UPDATED !!!!
!!!!!!!!!!!!!!!!!

[CutInfo::PrintCutInfo] leadingLepton_Pt	>	125
[CutInfo::PrintCutInfo] ljj	|<	475
[CutInfo::PrintCutInfo] ljj	|>	330
[CutInfo::PrintCutInfo] secondLepton_Pt	>	55
CF	0 +- 0
Fake	0 +- 0
Prompt	1.97175 +- 1.1132
=> total bkg = 1.97175
Signal	Yield	Efficiency	Efficiency@Presel	Punzi
HNMuEl_400	1.06249	0.116275	2.2746e-05	3.17132e-06
=====================================================================

####################################################
TIME STAMP : [2018/1/16 21:12:34] 2900 / 3721 (77.936 %)
####################################################
[CutInfo::PrintCutInfo] leadingLepton_Pt	>	125
[CutInfo::PrintCutInfo] ljj	|<	475
[CutInfo::PrintCutInfo] ljj	|>	330
[CutInfo::PrintCutInfo] secondLepton_Pt	>	55

!!!!!!!!!!!!!!!!!
!!!! UPDATED !!!!
!!!!!!!!!!!!!!!!!

[CutInfo::PrintCutInfo] leadingLepton_Pt	>	125
[CutInfo::PrintCutInfo] ljj	|<	475
[CutInfo::PrintCutInfo] ljj	|>	335
[CutInfo::PrintCutInfo] secondLepton_Pt	>	55
CF	0 +- 0
Fake	0 +- 0
Prompt	1.95536 +- 1.10946
=> total bkg = 1.95536
Signal	Yield	Efficiency	Efficiency@Presel	Punzi
HNMuEl_400	1.06166	0.116192	2.27283e-05	3.17672e-06
=====================================================================


!!!!!!!!!!!!!!!!!
!!!! UPDATED !!!!
!!!!!!!!!!!!!!!!!

[CutInfo::PrintCutInfo] leadingLepton_Pt	>	125
[CutInfo::PrintCutInfo] ljj	|<	495
[CutInfo::PrintCutInfo] ljj	|>	340
[CutInfo::PrintCutInfo] secondLepton_Pt	>	55
CF	0 +- 0
Fake	0 +- 0
Prompt	1.99978 +- 1.10691
=> total bkg = 1.99978
Signal	Yield	Efficiency	Efficiency@Presel	Punzi
HNMuEl_400	1.06683	0.116775	2.28388e-05	3.17981e-06
=====================================================================


!!!!!!!!!!!!!!!!!
!!!! UPDATED !!!!
!!!!!!!!!!!!!!!!!

[CutInfo::PrintCutInfo] leadingLepton_Pt	>	125
[CutInfo::PrintCutInfo] ljj	|<	490
[CutInfo::PrintCutInfo] ljj	|>	340
[CutInfo::PrintCutInfo] secondLepton_Pt	>	55
CF	0 +- 0
Fake	0 +- 0
Prompt	1.98515 +- 1.10364
=> total bkg = 1.98515
Signal	Yield	Efficiency	Efficiency@Presel	Punzi
HNMuEl_400	1.06601	0.116667	2.28214e-05	3.18432e-06
=====================================================================


!!!!!!!!!!!!!!!!!
!!!! UPDATED !!!!
!!!!!!!!!!!!!!!!!

[CutInfo::PrintCutInfo] leadingLepton_Pt	>	125
[CutInfo::PrintCutInfo] ljj	|<	480
[CutInfo::PrintCutInfo] ljj	|>	340
[CutInfo::PrintCutInfo] secondLepton_Pt	>	55
CF	0 +- 0
Fake	0 +- 0
Prompt	1.95995 +- 1.09972
=> total bkg = 1.95995
Signal	Yield	Efficiency	Efficiency@Presel	Punzi
HNMuEl_400	1.06258	0.116275	2.27479e-05	3.18488e-06
=====================================================================


!!!!!!!!!!!!!!!!!
!!!! UPDATED !!!!
!!!!!!!!!!!!!!!!!

[CutInfo::PrintCutInfo] leadingLepton_Pt	>	125
[CutInfo::PrintCutInfo] ljj	|<	475
[CutInfo::PrintCutInfo] ljj	|>	340
[CutInfo::PrintCutInfo] secondLepton_Pt	>	55
CF	0 +- 0
Fake	0 +- 0
Prompt	1.8984 +- 1.09621
=> total bkg = 1.8984
Signal	Yield	Efficiency	Efficiency@Presel	Punzi
HNMuEl_400	1.06076	0.116108	2.27089e-05	3.20195e-06
=====================================================================

####################################################
TIME STAMP : [2018/1/16 21:12:45] 3000 / 3721 (80.6235 %)
####################################################
[CutInfo::PrintCutInfo] leadingLepton_Pt	>	125
[CutInfo::PrintCutInfo] ljj	|<	475
[CutInfo::PrintCutInfo] ljj	|>	340
[CutInfo::PrintCutInfo] secondLepton_Pt	>	55

!!!!!!!!!!!!!!!!!
!!!! UPDATED !!!!
!!!!!!!!!!!!!!!!!

[CutInfo::PrintCutInfo] leadingLepton_Pt	>	125
[CutInfo::PrintCutInfo] ljj	|<	475
[CutInfo::PrintCutInfo] ljj	|>	345
[CutInfo::PrintCutInfo] secondLepton_Pt	>	55
CF	0 +- 0
Fake	0 +- 0
Prompt	1.87391 +- 1.09247
=> total bkg = 1.87391
Signal	Yield	Efficiency	Efficiency@Presel	Punzi
HNMuEl_400	1.05927	0.115958	2.26772e-05	3.20829e-06
=====================================================================


!!!!!!!!!!!!!!!!!
!!!! UPDATED !!!!
!!!!!!!!!!!!!!!!!

[CutInfo::PrintCutInfo] leadingLepton_Pt	>	125
[CutInfo::PrintCutInfo] ljj	|<	475
[CutInfo::PrintCutInfo] ljj	|>	350
[CutInfo::PrintCutInfo] secondLepton_Pt	>	55
CF	0 +- 0
Fake	0 +- 0
Prompt	1.85731 +- 1.08895
=> total bkg = 1.85731
Signal	Yield	Efficiency	Efficiency@Presel	Punzi
HNMuEl_400	1.05757	0.115792	2.26407e-05	3.21124e-06
=====================================================================

####################################################
TIME STAMP : [2018/1/16 21:12:57] 3100 / 3721 (83.3109 %)
####################################################
[CutInfo::PrintCutInfo] leadingLepton_Pt	>	125
[CutInfo::PrintCutInfo] ljj	|<	475
[CutInfo::PrintCutInfo] ljj	|>	350
[CutInfo::PrintCutInfo] secondLepton_Pt	>	55

!!!!!!!!!!!!!!!!!
!!!! UPDATED !!!!
!!!!!!!!!!!!!!!!!

[CutInfo::PrintCutInfo] leadingLepton_Pt	>	125
[CutInfo::PrintCutInfo] ljj	|<	475
[CutInfo::PrintCutInfo] ljj	|>	355
[CutInfo::PrintCutInfo] secondLepton_Pt	>	55
CF	0 +- 0
Fake	0 +- 0
Prompt	1.83308 +- 1.08391
=> total bkg = 1.83308
Signal	Yield	Efficiency	Efficiency@Presel	Punzi
HNMuEl_400	1.05535	0.115525	2.25932e-05	3.21635e-06
=====================================================================

####################################################
TIME STAMP : [2018/1/16 21:13:9] 3200 / 3721 (85.9984 %)
####################################################
[CutInfo::PrintCutInfo] leadingLepton_Pt	>	125
[CutInfo::PrintCutInfo] ljj	|<	475
[CutInfo::PrintCutInfo] ljj	|>	355
[CutInfo::PrintCutInfo] secondLepton_Pt	>	55
####################################################
TIME STAMP : [2018/1/16 21:13:20] 3300 / 3721 (88.6858 %)
####################################################
[CutInfo::PrintCutInfo] leadingLepton_Pt	>	125
[CutInfo::PrintCutInfo] ljj	|<	475
[CutInfo::PrintCutInfo] ljj	|>	355
[CutInfo::PrintCutInfo] secondLepton_Pt	>	55
####################################################
TIME STAMP : [2018/1/16 21:13:32] 3400 / 3721 (91.3733 %)
####################################################
[CutInfo::PrintCutInfo] leadingLepton_Pt	>	125
[CutInfo::PrintCutInfo] ljj	|<	475
[CutInfo::PrintCutInfo] ljj	|>	355
[CutInfo::PrintCutInfo] secondLepton_Pt	>	55
####################################################
TIME STAMP : [2018/1/16 21:13:43] 3500 / 3721 (94.0607 %)
####################################################
[CutInfo::PrintCutInfo] leadingLepton_Pt	>	125
[CutInfo::PrintCutInfo] ljj	|<	475
[CutInfo::PrintCutInfo] ljj	|>	355
[CutInfo::PrintCutInfo] secondLepton_Pt	>	55

!!!!!!!!!!!!!!!!!
!!!! UPDATED !!!!
!!!!!!!!!!!!!!!!!

[CutInfo::PrintCutInfo] leadingLepton_Pt	>	125
[CutInfo::PrintCutInfo] ljj	|<	555
[CutInfo::PrintCutInfo] ljj	|>	385
[CutInfo::PrintCutInfo] secondLepton_Pt	>	55
CF	0 +- 0
Fake	0 +- 0
Prompt	1.55379 +- 0.96707
=> total bkg = 1.55379
Signal	Yield	Efficiency	Efficiency@Presel	Punzi
HNMuEl_400	1.01056	0.110742	2.16342e-05	3.26703e-06
=====================================================================


!!!!!!!!!!!!!!!!!
!!!! UPDATED !!!!
!!!!!!!!!!!!!!!!!

[CutInfo::PrintCutInfo] leadingLepton_Pt	>	125
[CutInfo::PrintCutInfo] ljj	|<	550
[CutInfo::PrintCutInfo] ljj	|>	385
[CutInfo::PrintCutInfo] secondLepton_Pt	>	55
CF	0 +- 0
Fake	0 +- 0
Prompt	1.53009 +- 0.960846
=> total bkg = 1.53009
Signal	Yield	Efficiency	Efficiency@Presel	Punzi
HNMuEl_400	1.00917	0.110583	2.16045e-05	3.27697e-06
=====================================================================


!!!!!!!!!!!!!!!!!
!!!! UPDATED !!!!
!!!!!!!!!!!!!!!!!

[CutInfo::PrintCutInfo] leadingLepton_Pt	>	125
[CutInfo::PrintCutInfo] ljj	|<	540
[CutInfo::PrintCutInfo] ljj	|>	385
[CutInfo::PrintCutInfo] secondLepton_Pt	>	55
CF	0 +- 0
Fake	0 +- 0
Prompt	1.50098 +- 0.953322
=> total bkg = 1.50098
Signal	Yield	Efficiency	Efficiency@Presel	Punzi
HNMuEl_400	1.00588	0.110233	2.15341e-05	3.28415e-06
=====================================================================


!!!!!!!!!!!!!!!!!
!!!! UPDATED !!!!
!!!!!!!!!!!!!!!!!

[CutInfo::PrintCutInfo] leadingLepton_Pt	>	125
[CutInfo::PrintCutInfo] ljj	|<	530
[CutInfo::PrintCutInfo] ljj	|>	385
[CutInfo::PrintCutInfo] secondLepton_Pt	>	55
CF	0 +- 0
Fake	0 +- 0
Prompt	1.47059 +- 0.945689
=> total bkg = 1.47059
Signal	Yield	Efficiency	Efficiency@Presel	Punzi
HNMuEl_400	1.00208	0.109842	2.14527e-05	3.29046e-06
=====================================================================


!!!!!!!!!!!!!!!!!
!!!! UPDATED !!!!
!!!!!!!!!!!!!!!!!

[CutInfo::PrintCutInfo] leadingLepton_Pt	>	125
[CutInfo::PrintCutInfo] ljj	|<	525
[CutInfo::PrintCutInfo] ljj	|>	385
[CutInfo::PrintCutInfo] secondLepton_Pt	>	55
CF	0 +- 0
Fake	0 +- 0
Prompt	1.36936 +- 0.934132
=> total bkg = 1.36936
Signal	Yield	Efficiency	Efficiency@Presel	Punzi
HNMuEl_400	0.999932	0.109617	2.14068e-05	3.33668e-06
=====================================================================


!!!!!!!!!!!!!!!!!
!!!! UPDATED !!!!
!!!!!!!!!!!!!!!!!

[CutInfo::PrintCutInfo] leadingLepton_Pt	>	125
[CutInfo::PrintCutInfo] ljj	|<	520
[CutInfo::PrintCutInfo] ljj	|>	385
[CutInfo::PrintCutInfo] secondLepton_Pt	>	55
CF	0 +- 0
Fake	0 +- 0
Prompt	1.34898 +- 0.929206
=> total bkg = 1.34898
Signal	Yield	Efficiency	Efficiency@Presel	Punzi
HNMuEl_400	0.998246	0.109433	2.13707e-05	3.34433e-06
=====================================================================


!!!!!!!!!!!!!!!!!
!!!! UPDATED !!!!
!!!!!!!!!!!!!!!!!

[CutInfo::PrintCutInfo] leadingLepton_Pt	>	125
[CutInfo::PrintCutInfo] ljj	|<	475
[CutInfo::PrintCutInfo] ljj	|>	385
[CutInfo::PrintCutInfo] secondLepton_Pt	>	55
CF	0 +- 0
Fake	0 +- 0
Prompt	1.52344 +- 0.693323
=> total bkg = 1.52344
Signal	Yield	Efficiency	Efficiency@Presel	Punzi
HNMuEl_400	0.975598	0.106942	2.08858e-05	3.36551e-06
=====================================================================

####################################################
TIME STAMP : [2018/1/16 21:13:55] 3600 / 3721 (96.7482 %)
####################################################
[CutInfo::PrintCutInfo] leadingLepton_Pt	>	125
[CutInfo::PrintCutInfo] ljj	|<	475
[CutInfo::PrintCutInfo] ljj	|>	385
[CutInfo::PrintCutInfo] secondLepton_Pt	>	55
####################################################
TIME STAMP : [2018/1/16 21:14:7] 3700 / 3721 (99.4356 %)
####################################################
[CutInfo::PrintCutInfo] leadingLepton_Pt	>	125
[CutInfo::PrintCutInfo] ljj	|<	475
[CutInfo::PrintCutInfo] ljj	|>	385
[CutInfo::PrintCutInfo] secondLepton_Pt	>	55

##################
#### FINISHED ####
##################

[CutInfo::PrintCutInfo] leadingLepton_Pt	>	125
[CutInfo::PrintCutInfo] ljj	|<	475
[CutInfo::PrintCutInfo] ljj	|>	385
[CutInfo::PrintCutInfo] secondLepton_Pt	>	55
CF	0 +- 0
Fake	0 +- 0
Prompt	1.52344 +- 0.693323
=> total bkg = 1.52344
Signal	Yield	Efficiency	Efficiency@Presel	Punzi
HNMuEl_400	0.975598	0.106942	2.08858e-05	3.36551e-06
