
Processing CyclesForOptimization_ElEl_Bin2/HNElEl_250.C...
[AnalysisInputs::SetMCSF] Get MC SF from /data8/Users/jskim/HN_dilepton_plotter/data/v8-0-7.37_PreApproval/MCSF.txt
[AnalysisInputs::SetMCSF] sample : VVV
[AnalysisInputs::SetMCSF] => MCSF = 1, MCSF_err = 0.5
[AnalysisInputs::SetMCSF] sample : WWW
[AnalysisInputs::SetMCSF] => MCSF = 1, MCSF_err = 0.5
[AnalysisInputs::SetMCSF] sample : WWZ
[AnalysisInputs::SetMCSF] => MCSF = 1, MCSF_err = 0.5
[AnalysisInputs::SetMCSF] sample : WZZ
[AnalysisInputs::SetMCSF] => MCSF = 1, MCSF_err = 0.5
[AnalysisInputs::SetMCSF] sample : ZZZ
[AnalysisInputs::SetMCSF] => MCSF = 1, MCSF_err = 0.5
[AnalysisInputs::SetMCSF] sample : ttV
[AnalysisInputs::SetMCSF] => MCSF = 1, MCSF_err = 0.5
[AnalysisInputs::SetMCSF] sample : ttW
[AnalysisInputs::SetMCSF] => MCSF = 1, MCSF_err = 0.5
[AnalysisInputs::SetMCSF] sample : ttZ
[AnalysisInputs::SetMCSF] => MCSF = 1, MCSF_err = 0.5
[AnalysisInputs::SetMCSF] sample : ttH_nonbb
[AnalysisInputs::SetMCSF] => MCSF = 1, MCSF_err = 0.5
[AnalysisInputs::SetMCSF] sample : top
[AnalysisInputs::SetMCSF] => MCSF = 1, MCSF_err = 0.5
[AnalysisInputs::SetMCSF] sample : WWTo2L2Nu_DS
[AnalysisInputs::SetMCSF] => MCSF = 1, MCSF_err = 0.5
[AnalysisInputs::SetMCSF] sample : WpWpEWK
[AnalysisInputs::SetMCSF] => MCSF = 1, MCSF_err = 0.5
[AnalysisInputs::SetMCSF] sample : WpWpQCD
[AnalysisInputs::SetMCSF] => MCSF = 1, MCSF_err = 0.5
[AnalysisInputs::SetMCSF] sample : WZTo3LNu_mllmin01
[AnalysisInputs::SetMCSF] => MCSF = 0.65, MCSF_err = 0.06
[AnalysisInputs::SetMCSF] sample : WZTo3LNu_powheg
[AnalysisInputs::SetMCSF] => MCSF = 1.05044, MCSF_err = 0.0648798
[AnalysisInputs::SetMCSF] sample : ZGto2LG
[AnalysisInputs::SetMCSF] => MCSF = 1.09954, MCSF_err = 0.076377
[AnalysisInputs::SetMCSF] sample : WGtoLNuG
[AnalysisInputs::SetMCSF] => MCSF = 1, MCSF_err = 0.076377
[AnalysisInputs::SetMCSF] sample : WGtoLNuG_weighted
[AnalysisInputs::SetMCSF] => MCSF = 1, MCSF_err = 0.076377
[AnalysisInputs::SetMCSF] sample : ZZTo4L_powheg
[AnalysisInputs::SetMCSF] => MCSF = 0.978852, MCSF_err = 0.0792882
[AnalysisInputs::SetMCSF] sample : ggZZto2e2mu
[AnalysisInputs::SetMCSF] => MCSF = 0.978852, MCSF_err = 0.0792882
[AnalysisInputs::SetMCSF] sample : ggZZto2e2nu
[AnalysisInputs::SetMCSF] => MCSF = 0.978852, MCSF_err = 0.0792882
[AnalysisInputs::SetMCSF] sample : ggZZto2e2tau
[AnalysisInputs::SetMCSF] => MCSF = 0.978852, MCSF_err = 0.0792882
[AnalysisInputs::SetMCSF] sample : ggZZto2mu2nu
[AnalysisInputs::SetMCSF] => MCSF = 0.978852, MCSF_err = 0.0792882
[AnalysisInputs::SetMCSF] sample : ggZZto2mu2tau
[AnalysisInputs::SetMCSF] => MCSF = 0.978852, MCSF_err = 0.0792882
[AnalysisInputs::SetMCSF] sample : ggZZto4e
[AnalysisInputs::SetMCSF] => MCSF = 0.978852, MCSF_err = 0.0792882
[AnalysisInputs::SetMCSF] sample : ggZZto4mu
[AnalysisInputs::SetMCSF] => MCSF = 0.978852, MCSF_err = 0.0792882
[AnalysisInputs::SetMCSF] sample : ggZZto4tau
[AnalysisInputs::SetMCSF] => MCSF = 0.978852, MCSF_err = 0.0792882
[AnalysisInputs::SetMCSF] sample : ggHtoZZ
[AnalysisInputs::SetMCSF] => MCSF = 0.978852, MCSF_err = 0.0792882
[AnalysisInputs::SetCalculatedSysts] Get Systematics from /data8/Users/jskim/HN_dilepton_plotter/data/v8-0-7.37_PreApproval/Syst.txt
[AnalysisInputs::SetCalculatedSysts] source : Luminosity
[AnalysisInputs::SetCalculatedSysts] => % sysematic = 0.025
[AnalysisInputs::SetCalculatedSysts] source : FakeLooseID
[AnalysisInputs::SetCalculatedSysts] => % sysematic = 0.3
[AnalysisInputs::SetCalculatedSysts] source : ChrageFlipSyst
[AnalysisInputs::SetCalculatedSysts] => % sysematic = 0.16
[CutRangeInfo::ReadCutCard] Get Cutcard from /data8/Users/jskim/HN_dilepton_plotter/data/v8-0-7.37_PreApproval/CutOpCard/RunDirectory/CyclesForOptimization_ElEl_Bin2/Cards//HNElEl_250.txt

##################################################
#### TOTAL # of Loop = 3721
##################################################

[CutRangeInfo::PrintCutRangeInfo] leadingLepton_Pt_>
[CutInfo::PrintCutInfo] leadingLepton_Pt	>	100
[CutRangeInfo::PrintCutRangeInfo] ljj_|<
[CutInfo::PrintCutInfo] ljj	|<	550
[CutInfo::PrintCutInfo] ljj	|<	545
[CutInfo::PrintCutInfo] ljj	|<	540
[CutInfo::PrintCutInfo] ljj	|<	535
[CutInfo::PrintCutInfo] ljj	|<	530
[CutInfo::PrintCutInfo] ljj	|<	525
[CutInfo::PrintCutInfo] ljj	|<	520
[CutInfo::PrintCutInfo] ljj	|<	515
[CutInfo::PrintCutInfo] ljj	|<	510
[CutInfo::PrintCutInfo] ljj	|<	505
[CutInfo::PrintCutInfo] ljj	|<	500
[CutInfo::PrintCutInfo] ljj	|<	495
[CutInfo::PrintCutInfo] ljj	|<	490
[CutInfo::PrintCutInfo] ljj	|<	485
[CutInfo::PrintCutInfo] ljj	|<	480
[CutInfo::PrintCutInfo] ljj	|<	475
[CutInfo::PrintCutInfo] ljj	|<	470
[CutInfo::PrintCutInfo] ljj	|<	465
[CutInfo::PrintCutInfo] ljj	|<	460
[CutInfo::PrintCutInfo] ljj	|<	455
[CutInfo::PrintCutInfo] ljj	|<	450
[CutInfo::PrintCutInfo] ljj	|<	445
[CutInfo::PrintCutInfo] ljj	|<	440
[CutInfo::PrintCutInfo] ljj	|<	435
[CutInfo::PrintCutInfo] ljj	|<	430
[CutInfo::PrintCutInfo] ljj	|<	425
[CutInfo::PrintCutInfo] ljj	|<	420
[CutInfo::PrintCutInfo] ljj	|<	415
[CutInfo::PrintCutInfo] ljj	|<	410
[CutInfo::PrintCutInfo] ljj	|<	405
[CutInfo::PrintCutInfo] ljj	|<	400
[CutInfo::PrintCutInfo] ljj	|<	395
[CutInfo::PrintCutInfo] ljj	|<	390
[CutInfo::PrintCutInfo] ljj	|<	385
[CutInfo::PrintCutInfo] ljj	|<	380
[CutInfo::PrintCutInfo] ljj	|<	375
[CutInfo::PrintCutInfo] ljj	|<	370
[CutInfo::PrintCutInfo] ljj	|<	365
[CutInfo::PrintCutInfo] ljj	|<	360
[CutInfo::PrintCutInfo] ljj	|<	355
[CutInfo::PrintCutInfo] ljj	|<	350
[CutInfo::PrintCutInfo] ljj	|<	345
[CutInfo::PrintCutInfo] ljj	|<	340
[CutInfo::PrintCutInfo] ljj	|<	335
[CutInfo::PrintCutInfo] ljj	|<	330
[CutInfo::PrintCutInfo] ljj	|<	325
[CutInfo::PrintCutInfo] ljj	|<	320
[CutInfo::PrintCutInfo] ljj	|<	315
[CutInfo::PrintCutInfo] ljj	|<	310
[CutInfo::PrintCutInfo] ljj	|<	305
[CutInfo::PrintCutInfo] ljj	|<	300
[CutInfo::PrintCutInfo] ljj	|<	295
[CutInfo::PrintCutInfo] ljj	|<	290
[CutInfo::PrintCutInfo] ljj	|<	285
[CutInfo::PrintCutInfo] ljj	|<	280
[CutInfo::PrintCutInfo] ljj	|<	275
[CutInfo::PrintCutInfo] ljj	|<	270
[CutInfo::PrintCutInfo] ljj	|<	265
[CutInfo::PrintCutInfo] ljj	|<	260
[CutInfo::PrintCutInfo] ljj	|<	255
[CutInfo::PrintCutInfo] ljj	|<	250
[CutRangeInfo::PrintCutRangeInfo] ljj_|>
[CutInfo::PrintCutInfo] ljj	|>	50
[CutInfo::PrintCutInfo] ljj	|>	53.3333
[CutInfo::PrintCutInfo] ljj	|>	56.6667
[CutInfo::PrintCutInfo] ljj	|>	60
[CutInfo::PrintCutInfo] ljj	|>	63.3333
[CutInfo::PrintCutInfo] ljj	|>	66.6667
[CutInfo::PrintCutInfo] ljj	|>	70
[CutInfo::PrintCutInfo] ljj	|>	73.3333
[CutInfo::PrintCutInfo] ljj	|>	76.6667
[CutInfo::PrintCutInfo] ljj	|>	80
[CutInfo::PrintCutInfo] ljj	|>	83.3333
[CutInfo::PrintCutInfo] ljj	|>	86.6667
[CutInfo::PrintCutInfo] ljj	|>	90
[CutInfo::PrintCutInfo] ljj	|>	93.3333
[CutInfo::PrintCutInfo] ljj	|>	96.6667
[CutInfo::PrintCutInfo] ljj	|>	100
[CutInfo::PrintCutInfo] ljj	|>	103.333
[CutInfo::PrintCutInfo] ljj	|>	106.667
[CutInfo::PrintCutInfo] ljj	|>	110
[CutInfo::PrintCutInfo] ljj	|>	113.333
[CutInfo::PrintCutInfo] ljj	|>	116.667
[CutInfo::PrintCutInfo] ljj	|>	120
[CutInfo::PrintCutInfo] ljj	|>	123.333
[CutInfo::PrintCutInfo] ljj	|>	126.667
[CutInfo::PrintCutInfo] ljj	|>	130
[CutInfo::PrintCutInfo] ljj	|>	133.333
[CutInfo::PrintCutInfo] ljj	|>	136.667
[CutInfo::PrintCutInfo] ljj	|>	140
[CutInfo::PrintCutInfo] ljj	|>	143.333
[CutInfo::PrintCutInfo] ljj	|>	146.667
[CutInfo::PrintCutInfo] ljj	|>	150
[CutInfo::PrintCutInfo] ljj	|>	153.333
[CutInfo::PrintCutInfo] ljj	|>	156.667
[CutInfo::PrintCutInfo] ljj	|>	160
[CutInfo::PrintCutInfo] ljj	|>	163.333
[CutInfo::PrintCutInfo] ljj	|>	166.667
[CutInfo::PrintCutInfo] ljj	|>	170
[CutInfo::PrintCutInfo] ljj	|>	173.333
[CutInfo::PrintCutInfo] ljj	|>	176.667
[CutInfo::PrintCutInfo] ljj	|>	180
[CutInfo::PrintCutInfo] ljj	|>	183.333
[CutInfo::PrintCutInfo] ljj	|>	186.667
[CutInfo::PrintCutInfo] ljj	|>	190
[CutInfo::PrintCutInfo] ljj	|>	193.333
[CutInfo::PrintCutInfo] ljj	|>	196.667
[CutInfo::PrintCutInfo] ljj	|>	200
[CutInfo::PrintCutInfo] ljj	|>	203.333
[CutInfo::PrintCutInfo] ljj	|>	206.667
[CutInfo::PrintCutInfo] ljj	|>	210
[CutInfo::PrintCutInfo] ljj	|>	213.333
[CutInfo::PrintCutInfo] ljj	|>	216.667
[CutInfo::PrintCutInfo] ljj	|>	220
[CutInfo::PrintCutInfo] ljj	|>	223.333
[CutInfo::PrintCutInfo] ljj	|>	226.667
[CutInfo::PrintCutInfo] ljj	|>	230
[CutInfo::PrintCutInfo] ljj	|>	233.333
[CutInfo::PrintCutInfo] ljj	|>	236.667
[CutInfo::PrintCutInfo] ljj	|>	240
[CutInfo::PrintCutInfo] ljj	|>	243.333
[CutInfo::PrintCutInfo] ljj	|>	246.667
[CutInfo::PrintCutInfo] ljj	|>	250
[CutRangeInfo::PrintCutRangeInfo] secondLepton_Pt_>
[CutInfo::PrintCutInfo] secondLepton_Pt	>	25

##############################
#### OPTIMIZATION STARTED ####
##############################


!!!!!!!!!!!!!!!!!
!!!! UPDATED !!!!
!!!!!!!!!!!!!!!!!

[CutInfo::PrintCutInfo] leadingLepton_Pt	>	100
[CutInfo::PrintCutInfo] ljj	|<	550
[CutInfo::PrintCutInfo] ljj	|>	50
[CutInfo::PrintCutInfo] secondLepton_Pt	>	25
CF	0.473247 +- 0.0840733
Fake	0.450361 +- 0.345812
Prompt	5.75968 +- 1.59033
=> total bkg = 6.68329
Signal	Yield	Efficiency	Efficiency@Presel	Punzi
HNElEl_250	1.17357	0.0231167	8.04531e-05	4.82237e-06
=====================================================================


!!!!!!!!!!!!!!!!!
!!!! UPDATED !!!!
!!!!!!!!!!!!!!!!!

[CutInfo::PrintCutInfo] leadingLepton_Pt	>	100
[CutInfo::PrintCutInfo] ljj	|<	535
[CutInfo::PrintCutInfo] ljj	|>	50
[CutInfo::PrintCutInfo] secondLepton_Pt	>	25
CF	0.465329 +- 0.0827918
Fake	0.446018 +- 0.345278
Prompt	5.71803 +- 1.57584
=> total bkg = 6.62938
Signal	Yield	Efficiency	Efficiency@Presel	Punzi
HNElEl_250	1.17088	0.0230833	8.02689e-05	4.83094e-06
=====================================================================


!!!!!!!!!!!!!!!!!
!!!! UPDATED !!!!
!!!!!!!!!!!!!!!!!

[CutInfo::PrintCutInfo] leadingLepton_Pt	>	100
[CutInfo::PrintCutInfo] ljj	|<	530
[CutInfo::PrintCutInfo] ljj	|>	50
[CutInfo::PrintCutInfo] secondLepton_Pt	>	25
CF	0.461692 +- 0.0821885
Fake	0.446018 +- 0.345278
Prompt	5.71129 +- 1.57354
=> total bkg = 6.619
Signal	Yield	Efficiency	Efficiency@Presel	Punzi
HNElEl_250	1.17088	0.0230833	8.02689e-05	4.83443e-06
=====================================================================


!!!!!!!!!!!!!!!!!
!!!! UPDATED !!!!
!!!!!!!!!!!!!!!!!

[CutInfo::PrintCutInfo] leadingLepton_Pt	>	100
[CutInfo::PrintCutInfo] ljj	|<	525
[CutInfo::PrintCutInfo] ljj	|>	50
[CutInfo::PrintCutInfo] secondLepton_Pt	>	25
CF	0.457176 +- 0.0814318
Fake	0.446018 +- 0.345278
Prompt	5.71129 +- 1.57354
=> total bkg = 6.61448
Signal	Yield	Efficiency	Efficiency@Presel	Punzi
HNElEl_250	1.17088	0.0230833	8.02689e-05	4.83535e-06
=====================================================================


!!!!!!!!!!!!!!!!!
!!!! UPDATED !!!!
!!!!!!!!!!!!!!!!!

[CutInfo::PrintCutInfo] leadingLepton_Pt	>	100
[CutInfo::PrintCutInfo] ljj	|<	520
[CutInfo::PrintCutInfo] ljj	|>	50
[CutInfo::PrintCutInfo] secondLepton_Pt	>	25
CF	0.456506 +- 0.081333
Fake	0.446211 +- 0.345301
Prompt	5.70432 +- 1.57117
=> total bkg = 6.60704
Signal	Yield	Efficiency	Efficiency@Presel	Punzi
HNElEl_250	1.17088	0.0230833	8.02689e-05	4.83829e-06
=====================================================================


!!!!!!!!!!!!!!!!!
!!!! UPDATED !!!!
!!!!!!!!!!!!!!!!!

[CutInfo::PrintCutInfo] leadingLepton_Pt	>	100
[CutInfo::PrintCutInfo] ljj	|<	515
[CutInfo::PrintCutInfo] ljj	|>	50
[CutInfo::PrintCutInfo] secondLepton_Pt	>	25
CF	0.456506 +- 0.081333
Fake	0.446211 +- 0.345301
Prompt	5.69828 +- 1.56911
=> total bkg = 6.60099
Signal	Yield	Efficiency	Efficiency@Presel	Punzi
HNElEl_250	1.17161	0.0230667	8.03185e-05	4.84376e-06
=====================================================================


!!!!!!!!!!!!!!!!!
!!!! UPDATED !!!!
!!!!!!!!!!!!!!!!!

[CutInfo::PrintCutInfo] leadingLepton_Pt	>	100
[CutInfo::PrintCutInfo] ljj	|<	510
[CutInfo::PrintCutInfo] ljj	|>	50
[CutInfo::PrintCutInfo] secondLepton_Pt	>	25
CF	0.456306 +- 0.0813042
Fake	0.446211 +- 0.345301
Prompt	5.69828 +- 1.56911
=> total bkg = 6.60079
Signal	Yield	Efficiency	Efficiency@Presel	Punzi
HNElEl_250	1.17161	0.0230667	8.03185e-05	4.8438e-06
=====================================================================


!!!!!!!!!!!!!!!!!
!!!! UPDATED !!!!
!!!!!!!!!!!!!!!!!

[CutInfo::PrintCutInfo] leadingLepton_Pt	>	100
[CutInfo::PrintCutInfo] ljj	|<	505
[CutInfo::PrintCutInfo] ljj	|>	50
[CutInfo::PrintCutInfo] secondLepton_Pt	>	25
CF	0.455703 +- 0.0812154
Fake	0.446211 +- 0.345301
Prompt	5.68461 +- 1.56691
=> total bkg = 6.58652
Signal	Yield	Efficiency	Efficiency@Presel	Punzi
HNElEl_250	1.17161	0.0230667	8.03185e-05	4.848e-06
=====================================================================


!!!!!!!!!!!!!!!!!
!!!! UPDATED !!!!
!!!!!!!!!!!!!!!!!

[CutInfo::PrintCutInfo] leadingLepton_Pt	>	100
[CutInfo::PrintCutInfo] ljj	|<	500
[CutInfo::PrintCutInfo] ljj	|>	50
[CutInfo::PrintCutInfo] secondLepton_Pt	>	25
CF	0.454121 +- 0.0809844
Fake	0.446211 +- 0.345301
Prompt	5.67672 +- 1.56424
=> total bkg = 6.57705
Signal	Yield	Efficiency	Efficiency@Presel	Punzi
HNElEl_250	1.17161	0.0230667	8.03185e-05	4.85156e-06
=====================================================================


!!!!!!!!!!!!!!!!!
!!!! UPDATED !!!!
!!!!!!!!!!!!!!!!!

[CutInfo::PrintCutInfo] leadingLepton_Pt	>	100
[CutInfo::PrintCutInfo] ljj	|<	495
[CutInfo::PrintCutInfo] ljj	|>	50
[CutInfo::PrintCutInfo] secondLepton_Pt	>	25
CF	0.454087 +- 0.0809795
Fake	0.446452 +- 0.345329
Prompt	5.67021 +- 1.56204
=> total bkg = 6.57075
Signal	Yield	Efficiency	Efficiency@Presel	Punzi
HNElEl_250	1.17161	0.0230667	8.03185e-05	4.85418e-06
=====================================================================


!!!!!!!!!!!!!!!!!
!!!! UPDATED !!!!
!!!!!!!!!!!!!!!!!

[CutInfo::PrintCutInfo] leadingLepton_Pt	>	100
[CutInfo::PrintCutInfo] ljj	|<	490
[CutInfo::PrintCutInfo] ljj	|>	50
[CutInfo::PrintCutInfo] secondLepton_Pt	>	25
CF	0.454087 +- 0.0809795
Fake	0.44667 +- 0.345354
Prompt	5.67021 +- 1.56204
=> total bkg = 6.57096
Signal	Yield	Efficiency	Efficiency@Presel	Punzi
HNElEl_250	1.17229	0.02305	8.03654e-05	4.85697e-06
=====================================================================


!!!!!!!!!!!!!!!!!
!!!! UPDATED !!!!
!!!!!!!!!!!!!!!!!

[CutInfo::PrintCutInfo] leadingLepton_Pt	>	100
[CutInfo::PrintCutInfo] ljj	|<	480
[CutInfo::PrintCutInfo] ljj	|>	50
[CutInfo::PrintCutInfo] secondLepton_Pt	>	25
CF	0.44868 +- 0.0801455
Fake	0.447463 +- 0.345446
Prompt	5.57399 +- 1.55017
=> total bkg = 6.47013
Signal	Yield	Efficiency	Efficiency@Presel	Punzi
HNElEl_250	1.17076	0.0230167	8.02602e-05	4.87837e-06
=====================================================================


!!!!!!!!!!!!!!!!!
!!!! UPDATED !!!!
!!!!!!!!!!!!!!!!!

[CutInfo::PrintCutInfo] leadingLepton_Pt	>	100
[CutInfo::PrintCutInfo] ljj	|<	475
[CutInfo::PrintCutInfo] ljj	|>	50
[CutInfo::PrintCutInfo] secondLepton_Pt	>	25
CF	0.447771 +- 0.0800137
Fake	0.448518 +- 0.345567
Prompt	5.5317 +- 1.53565
=> total bkg = 6.42799
Signal	Yield	Efficiency	Efficiency@Presel	Punzi
HNElEl_250	1.17076	0.0230167	8.02602e-05	4.89614e-06
=====================================================================


!!!!!!!!!!!!!!!!!
!!!! UPDATED !!!!
!!!!!!!!!!!!!!!!!

[CutInfo::PrintCutInfo] leadingLepton_Pt	>	100
[CutInfo::PrintCutInfo] ljj	|<	470
[CutInfo::PrintCutInfo] ljj	|>	50
[CutInfo::PrintCutInfo] secondLepton_Pt	>	25
CF	0.446615 +- 0.0798439
Fake	0.448607 +- 0.345578
Prompt	5.43132 +- 1.52255
=> total bkg = 6.32655
Signal	Yield	Efficiency	Efficiency@Presel	Punzi
HNElEl_250	1.17076	0.0230167	8.02602e-05	4.92555e-06
=====================================================================


!!!!!!!!!!!!!!!!!
!!!! UPDATED !!!!
!!!!!!!!!!!!!!!!!

[CutInfo::PrintCutInfo] leadingLepton_Pt	>	100
[CutInfo::PrintCutInfo] ljj	|<	465
[CutInfo::PrintCutInfo] ljj	|>	50
[CutInfo::PrintCutInfo] secondLepton_Pt	>	25
CF	0.445096 +- 0.079612
Fake	0.380381 +- 0.331178
Prompt	5.4241 +- 1.52017
=> total bkg = 6.24958
Signal	Yield	Efficiency	Efficiency@Presel	Punzi
HNElEl_250	1.17	0.023	8.02085e-05	4.94223e-06
=====================================================================


!!!!!!!!!!!!!!!!!
!!!! UPDATED !!!!
!!!!!!!!!!!!!!!!!

[CutInfo::PrintCutInfo] leadingLepton_Pt	>	100
[CutInfo::PrintCutInfo] ljj	|<	460
[CutInfo::PrintCutInfo] ljj	|>	50
[CutInfo::PrintCutInfo] secondLepton_Pt	>	25
CF	0.445022 +- 0.0796015
Fake	0.380835 +- 0.331225
Prompt	5.40772 +- 1.5148
=> total bkg = 6.23358
Signal	Yield	Efficiency	Efficiency@Presel	Punzi
HNElEl_250	1.16915	0.0229833	8.01504e-05	4.94552e-06
=====================================================================


!!!!!!!!!!!!!!!!!
!!!! UPDATED !!!!
!!!!!!!!!!!!!!!!!

[CutInfo::PrintCutInfo] leadingLepton_Pt	>	100
[CutInfo::PrintCutInfo] ljj	|<	455
[CutInfo::PrintCutInfo] ljj	|>	50
[CutInfo::PrintCutInfo] secondLepton_Pt	>	25
CF	0.430692 +- 0.077215
Fake	0.380835 +- 0.331225
Prompt	5.23229 +- 1.49729
=> total bkg = 6.04382
Signal	Yield	Efficiency	Efficiency@Presel	Punzi
HNElEl_250	1.16915	0.0229833	8.01504e-05	4.99829e-06
=====================================================================


!!!!!!!!!!!!!!!!!
!!!! UPDATED !!!!
!!!!!!!!!!!!!!!!!

[CutInfo::PrintCutInfo] leadingLepton_Pt	>	100
[CutInfo::PrintCutInfo] ljj	|<	450
[CutInfo::PrintCutInfo] ljj	|>	50
[CutInfo::PrintCutInfo] secondLepton_Pt	>	25
CF	0.426456 +- 0.0765233
Fake	0.380835 +- 0.331225
Prompt	5.21542 +- 1.49183
=> total bkg = 6.02271
Signal	Yield	Efficiency	Efficiency@Presel	Punzi
HNElEl_250	1.16915	0.0229833	8.01504e-05	5.00662e-06
=====================================================================


!!!!!!!!!!!!!!!!!
!!!! UPDATED !!!!
!!!!!!!!!!!!!!!!!

[CutInfo::PrintCutInfo] leadingLepton_Pt	>	100
[CutInfo::PrintCutInfo] ljj	|<	445
[CutInfo::PrintCutInfo] ljj	|>	50
[CutInfo::PrintCutInfo] secondLepton_Pt	>	25
CF	0.421662 +- 0.0757511
Fake	0.380835 +- 0.331225
Prompt	5.20449 +- 1.48851
=> total bkg = 6.00698
Signal	Yield	Efficiency	Efficiency@Presel	Punzi
HNElEl_250	1.16862	0.0229667	8.01136e-05	5.01006e-06
=====================================================================


!!!!!!!!!!!!!!!!!
!!!! UPDATED !!!!
!!!!!!!!!!!!!!!!!

[CutInfo::PrintCutInfo] leadingLepton_Pt	>	100
[CutInfo::PrintCutInfo] ljj	|<	425
[CutInfo::PrintCutInfo] ljj	|>	50
[CutInfo::PrintCutInfo] secondLepton_Pt	>	25
CF	0.403533 +- 0.0728346
Fake	0.381923 +- 0.331337
Prompt	5.186 +- 1.48258
=> total bkg = 5.97146
Signal	Yield	Efficiency	Efficiency@Presel	Punzi
HNElEl_250	1.16604	0.0229167	7.99366e-05	5.01094e-06
=====================================================================


!!!!!!!!!!!!!!!!!
!!!! UPDATED !!!!
!!!!!!!!!!!!!!!!!

[CutInfo::PrintCutInfo] leadingLepton_Pt	>	100
[CutInfo::PrintCutInfo] ljj	|<	420
[CutInfo::PrintCutInfo] ljj	|>	50
[CutInfo::PrintCutInfo] secondLepton_Pt	>	25
CF	0.389838 +- 0.0706178
Fake	0.384116 +- 0.331558
Prompt	5.10004 +- 1.47354
=> total bkg = 5.87399
Signal	Yield	Efficiency	Efficiency@Presel	Punzi
HNElEl_250	1.16289	0.0228667	7.97212e-05	5.02554e-06
=====================================================================


!!!!!!!!!!!!!!!!!
!!!! UPDATED !!!!
!!!!!!!!!!!!!!!!!

[CutInfo::PrintCutInfo] leadingLepton_Pt	>	100
[CutInfo::PrintCutInfo] ljj	|<	395
[CutInfo::PrintCutInfo] ljj	|>	50
[CutInfo::PrintCutInfo] secondLepton_Pt	>	25
CF	0.366112 +- 0.0668798
Fake	0.258223 +- 0.294193
Prompt	5.06678 +- 1.46302
=> total bkg = 5.69111
Signal	Yield	Efficiency	Efficiency@Presel	Punzi
HNElEl_250	1.15183	0.0226667	7.89627e-05	5.03241e-06
=====================================================================


!!!!!!!!!!!!!!!!!
!!!! UPDATED !!!!
!!!!!!!!!!!!!!!!!

[CutInfo::PrintCutInfo] leadingLepton_Pt	>	100
[CutInfo::PrintCutInfo] ljj	|<	390
[CutInfo::PrintCutInfo] ljj	|>	50
[CutInfo::PrintCutInfo] secondLepton_Pt	>	25
CF	0.364967 +- 0.0667158
Fake	0.258879 +- 0.294244
Prompt	5.05373 +- 1.45893
=> total bkg = 5.67758
Signal	Yield	Efficiency	Efficiency@Presel	Punzi
HNElEl_250	1.15183	0.0226667	7.89627e-05	5.03839e-06
=====================================================================


!!!!!!!!!!!!!!!!!
!!!! UPDATED !!!!
!!!!!!!!!!!!!!!!!

[CutInfo::PrintCutInfo] leadingLepton_Pt	>	100
[CutInfo::PrintCutInfo] ljj	|<	375
[CutInfo::PrintCutInfo] ljj	|>	50
[CutInfo::PrintCutInfo] secondLepton_Pt	>	25
CF	0.329074 +- 0.0606866
Fake	0.2096 +- 0.284781
Prompt	5.03764 +- 1.4539
=> total bkg = 5.57631
Signal	Yield	Efficiency	Efficiency@Presel	Punzi
HNElEl_250	1.14697	0.0225833	7.86295e-05	5.04602e-06
=====================================================================


!!!!!!!!!!!!!!!!!
!!!! UPDATED !!!!
!!!!!!!!!!!!!!!!!

[CutInfo::PrintCutInfo] leadingLepton_Pt	>	100
[CutInfo::PrintCutInfo] ljj	|<	370
[CutInfo::PrintCutInfo] ljj	|>	50
[CutInfo::PrintCutInfo] secondLepton_Pt	>	25
CF	0.328702 +- 0.0606343
Fake	0.2096 +- 0.284781
Prompt	4.93288 +- 1.44155
=> total bkg = 5.47118
Signal	Yield	Efficiency	Efficiency@Presel	Punzi
HNElEl_250	1.14622	0.0225667	7.85781e-05	5.07674e-06
=====================================================================


!!!!!!!!!!!!!!!!!
!!!! UPDATED !!!!
!!!!!!!!!!!!!!!!!

[CutInfo::PrintCutInfo] leadingLepton_Pt	>	100
[CutInfo::PrintCutInfo] ljj	|<	365
[CutInfo::PrintCutInfo] ljj	|>	50
[CutInfo::PrintCutInfo] secondLepton_Pt	>	25
CF	0.311865 +- 0.0576034
Fake	0.152261 +- 0.275481
Prompt	4.9214 +- 1.43801
=> total bkg = 5.38552
Signal	Yield	Efficiency	Efficiency@Presel	Punzi
HNElEl_250	1.14425	0.0225333	7.84434e-05	5.09296e-06
=====================================================================


!!!!!!!!!!!!!!!!!
!!!! UPDATED !!!!
!!!!!!!!!!!!!!!!!

[CutInfo::PrintCutInfo] leadingLepton_Pt	>	100
[CutInfo::PrintCutInfo] ljj	|<	360
[CutInfo::PrintCutInfo] ljj	|>	50
[CutInfo::PrintCutInfo] secondLepton_Pt	>	25
CF	0.301907 +- 0.0559572
Fake	0.152261 +- 0.275481
Prompt	4.83245 +- 1.42802
=> total bkg = 5.28662
Signal	Yield	Efficiency	Efficiency@Presel	Punzi
HNElEl_250	1.14425	0.0225333	7.84434e-05	5.12494e-06
=====================================================================


!!!!!!!!!!!!!!!!!
!!!! UPDATED !!!!
!!!!!!!!!!!!!!!!!

[CutInfo::PrintCutInfo] leadingLepton_Pt	>	100
[CutInfo::PrintCutInfo] ljj	|<	355
[CutInfo::PrintCutInfo] ljj	|>	50
[CutInfo::PrintCutInfo] secondLepton_Pt	>	25
CF	0.294862 +- 0.0548844
Fake	0.158142 +- 0.275737
Prompt	4.31342 +- 1.29693
=> total bkg = 4.76643
Signal	Yield	Efficiency	Efficiency@Presel	Punzi
HNElEl_250	1.1431	0.0225167	7.83641e-05	5.35926e-06
=====================================================================


!!!!!!!!!!!!!!!!!
!!!! UPDATED !!!!
!!!!!!!!!!!!!!!!!

[CutInfo::PrintCutInfo] leadingLepton_Pt	>	100
[CutInfo::PrintCutInfo] ljj	|<	350
[CutInfo::PrintCutInfo] ljj	|>	50
[CutInfo::PrintCutInfo] secondLepton_Pt	>	25
CF	0.292799 +- 0.0545858
Fake	0.158893 +- 0.275775
Prompt	4.20133 +- 1.28055
=> total bkg = 4.65302
Signal	Yield	Efficiency	Efficiency@Presel	Punzi
HNElEl_250	1.14378	0.0224833	7.84107e-05	5.40907e-06
=====================================================================


!!!!!!!!!!!!!!!!!
!!!! UPDATED !!!!
!!!!!!!!!!!!!!!!!

[CutInfo::PrintCutInfo] leadingLepton_Pt	>	100
[CutInfo::PrintCutInfo] ljj	|<	340
[CutInfo::PrintCutInfo] ljj	|>	50
[CutInfo::PrintCutInfo] secondLepton_Pt	>	25
CF	0.275002 +- 0.0516085
Fake	0.159498 +- 0.275806
Prompt	4.00686 +- 1.25649
=> total bkg = 4.44136
Signal	Yield	Efficiency	Efficiency@Presel	Punzi
HNElEl_250	1.14111	0.0224333	7.82282e-05	5.48151e-06
=====================================================================


!!!!!!!!!!!!!!!!!
!!!! UPDATED !!!!
!!!!!!!!!!!!!!!!!

[CutInfo::PrintCutInfo] leadingLepton_Pt	>	100
[CutInfo::PrintCutInfo] ljj	|<	335
[CutInfo::PrintCutInfo] ljj	|>	50
[CutInfo::PrintCutInfo] secondLepton_Pt	>	25
CF	0.264937 +- 0.0499948
Fake	0.159571 +- 0.27581
Prompt	3.98252 +- 1.24949
=> total bkg = 4.40703
Signal	Yield	Efficiency	Efficiency@Presel	Punzi
HNElEl_250	1.13838	0.0223667	7.8041e-05	5.48509e-06
=====================================================================


!!!!!!!!!!!!!!!!!
!!!! UPDATED !!!!
!!!!!!!!!!!!!!!!!

[CutInfo::PrintCutInfo] leadingLepton_Pt	>	100
[CutInfo::PrintCutInfo] ljj	|<	330
[CutInfo::PrintCutInfo] ljj	|>	50
[CutInfo::PrintCutInfo] secondLepton_Pt	>	25
CF	0.263204 +- 0.0497553
Fake	0.205072 +- 0.27481
Prompt	3.87275 +- 1.23578
=> total bkg = 4.34103
Signal	Yield	Efficiency	Efficiency@Presel	Punzi
HNElEl_250	1.13554	0.0223	7.78459e-05	5.50408e-06
=====================================================================


!!!!!!!!!!!!!!!!!
!!!! UPDATED !!!!
!!!!!!!!!!!!!!!!!

[CutInfo::PrintCutInfo] leadingLepton_Pt	>	100
[CutInfo::PrintCutInfo] ljj	|<	325
[CutInfo::PrintCutInfo] ljj	|>	50
[CutInfo::PrintCutInfo] secondLepton_Pt	>	25
CF	0.258931 +- 0.0490367
Fake	0.210827 +- 0.275173
Prompt	3.75733 +- 1.2196
=> total bkg = 4.22709
Signal	Yield	Efficiency	Efficiency@Presel	Punzi
HNElEl_250	1.13484	0.0222833	7.7798e-05	5.55185e-06
=====================================================================


!!!!!!!!!!!!!!!!!
!!!! UPDATED !!!!
!!!!!!!!!!!!!!!!!

[CutInfo::PrintCutInfo] leadingLepton_Pt	>	100
[CutInfo::PrintCutInfo] ljj	|<	315
[CutInfo::PrintCutInfo] ljj	|>	50
[CutInfo::PrintCutInfo] secondLepton_Pt	>	25
CF	0.233256 +- 0.0445907
Fake	0.213667 +- 0.275368
Prompt	3.22363 +- 1.07892
=> total bkg = 3.67055
Signal	Yield	Efficiency	Efficiency@Presel	Punzi
HNElEl_250	1.12677	0.0221167	7.72445e-05	5.83865e-06
=====================================================================


!!!!!!!!!!!!!!!!!
!!!! UPDATED !!!!
!!!!!!!!!!!!!!!!!

[CutInfo::PrintCutInfo] leadingLepton_Pt	>	100
[CutInfo::PrintCutInfo] ljj	|<	310
[CutInfo::PrintCutInfo] ljj	|>	50
[CutInfo::PrintCutInfo] secondLepton_Pt	>	25
CF	0.218116 +- 0.0421089
Fake	0.215894 +- 0.275515
Prompt	3.08864 +- 1.05722
=> total bkg = 3.52265
Signal	Yield	Efficiency	Efficiency@Presel	Punzi
HNElEl_250	1.11682	0.0219667	7.65626e-05	5.86792e-06
=====================================================================


!!!!!!!!!!!!!!!!!
!!!! UPDATED !!!!
!!!!!!!!!!!!!!!!!

[CutInfo::PrintCutInfo] leadingLepton_Pt	>	100
[CutInfo::PrintCutInfo] ljj	|<	305
[CutInfo::PrintCutInfo] ljj	|>	50
[CutInfo::PrintCutInfo] secondLepton_Pt	>	25
CF	0.216204 +- 0.0418476
Fake	0.221811 +- 0.275889
Prompt	3.0462 +- 1.04553
=> total bkg = 3.48421
Signal	Yield	Efficiency	Efficiency@Presel	Punzi
HNElEl_250	1.11306	0.0219	7.6305e-05	5.87505e-06
=====================================================================

####################################################
TIME STAMP : [2018/1/16 21:4:14] 100 / 3721 (2.68745 %)
####################################################
[CutInfo::PrintCutInfo] leadingLepton_Pt	>	100
[CutInfo::PrintCutInfo] ljj	|<	305
[CutInfo::PrintCutInfo] ljj	|>	50
[CutInfo::PrintCutInfo] secondLepton_Pt	>	25

!!!!!!!!!!!!!!!!!
!!!! UPDATED !!!!
!!!!!!!!!!!!!!!!!

[CutInfo::PrintCutInfo] leadingLepton_Pt	>	100
[CutInfo::PrintCutInfo] ljj	|<	305
[CutInfo::PrintCutInfo] ljj	|>	53.3333
[CutInfo::PrintCutInfo] secondLepton_Pt	>	25
CF	0.216204 +- 0.0418476
Fake	0.221811 +- 0.275889
Prompt	3.0462 +- 1.04553
=> total bkg = 3.48421
Signal	Yield	Efficiency	Efficiency@Presel	Punzi
HNElEl_250	1.11306	0.0219	7.6305e-05	5.87505e-06
=====================================================================


!!!!!!!!!!!!!!!!!
!!!! UPDATED !!!!
!!!!!!!!!!!!!!!!!

[CutInfo::PrintCutInfo] leadingLepton_Pt	>	100
[CutInfo::PrintCutInfo] ljj	|<	305
[CutInfo::PrintCutInfo] ljj	|>	56.6667
[CutInfo::PrintCutInfo] secondLepton_Pt	>	25
CF	0.216204 +- 0.0418476
Fake	0.221811 +- 0.275889
Prompt	3.0462 +- 1.04553
=> total bkg = 3.48421
Signal	Yield	Efficiency	Efficiency@Presel	Punzi
HNElEl_250	1.11306	0.0219	7.6305e-05	5.87505e-06
=====================================================================

####################################################
TIME STAMP : [2018/1/16 21:4:19] 200 / 3721 (5.3749 %)
####################################################
[CutInfo::PrintCutInfo] leadingLepton_Pt	>	100
[CutInfo::PrintCutInfo] ljj	|<	305
[CutInfo::PrintCutInfo] ljj	|>	56.6667
[CutInfo::PrintCutInfo] secondLepton_Pt	>	25

!!!!!!!!!!!!!!!!!
!!!! UPDATED !!!!
!!!!!!!!!!!!!!!!!

[CutInfo::PrintCutInfo] leadingLepton_Pt	>	100
[CutInfo::PrintCutInfo] ljj	|<	305
[CutInfo::PrintCutInfo] ljj	|>	60
[CutInfo::PrintCutInfo] secondLepton_Pt	>	25
CF	0.216204 +- 0.0418476
Fake	0.221811 +- 0.275889
Prompt	3.0462 +- 1.04553
=> total bkg = 3.48421
Signal	Yield	Efficiency	Efficiency@Presel	Punzi
HNElEl_250	1.11306	0.0219	7.6305e-05	5.87505e-06
=====================================================================


!!!!!!!!!!!!!!!!!
!!!! UPDATED !!!!
!!!!!!!!!!!!!!!!!

[CutInfo::PrintCutInfo] leadingLepton_Pt	>	100
[CutInfo::PrintCutInfo] ljj	|<	305
[CutInfo::PrintCutInfo] ljj	|>	63.3333
[CutInfo::PrintCutInfo] secondLepton_Pt	>	25
CF	0.216204 +- 0.0418476
Fake	0.221811 +- 0.275889
Prompt	3.0462 +- 1.04553
=> total bkg = 3.48421
Signal	Yield	Efficiency	Efficiency@Presel	Punzi
HNElEl_250	1.11306	0.0219	7.6305e-05	5.87505e-06
=====================================================================

####################################################
TIME STAMP : [2018/1/16 21:4:25] 300 / 3721 (8.06235 %)
####################################################
[CutInfo::PrintCutInfo] leadingLepton_Pt	>	100
[CutInfo::PrintCutInfo] ljj	|<	305
[CutInfo::PrintCutInfo] ljj	|>	63.3333
[CutInfo::PrintCutInfo] secondLepton_Pt	>	25

!!!!!!!!!!!!!!!!!
!!!! UPDATED !!!!
!!!!!!!!!!!!!!!!!

[CutInfo::PrintCutInfo] leadingLepton_Pt	>	100
[CutInfo::PrintCutInfo] ljj	|<	305
[CutInfo::PrintCutInfo] ljj	|>	66.6667
[CutInfo::PrintCutInfo] secondLepton_Pt	>	25
CF	0.216204 +- 0.0418476
Fake	0.221811 +- 0.275889
Prompt	3.0462 +- 1.04553
=> total bkg = 3.48421
Signal	Yield	Efficiency	Efficiency@Presel	Punzi
HNElEl_250	1.11306	0.0219	7.6305e-05	5.87505e-06
=====================================================================

####################################################
TIME STAMP : [2018/1/16 21:4:33] 400 / 3721 (10.7498 %)
####################################################
[CutInfo::PrintCutInfo] leadingLepton_Pt	>	100
[CutInfo::PrintCutInfo] ljj	|<	305
[CutInfo::PrintCutInfo] ljj	|>	66.6667
[CutInfo::PrintCutInfo] secondLepton_Pt	>	25

!!!!!!!!!!!!!!!!!
!!!! UPDATED !!!!
!!!!!!!!!!!!!!!!!

[CutInfo::PrintCutInfo] leadingLepton_Pt	>	100
[CutInfo::PrintCutInfo] ljj	|<	305
[CutInfo::PrintCutInfo] ljj	|>	70
[CutInfo::PrintCutInfo] secondLepton_Pt	>	25
CF	0.216204 +- 0.0418476
Fake	0.221811 +- 0.275889
Prompt	3.0462 +- 1.04553
=> total bkg = 3.48421
Signal	Yield	Efficiency	Efficiency@Presel	Punzi
HNElEl_250	1.11306	0.0219	7.6305e-05	5.87505e-06
=====================================================================


!!!!!!!!!!!!!!!!!
!!!! UPDATED !!!!
!!!!!!!!!!!!!!!!!

[CutInfo::PrintCutInfo] leadingLepton_Pt	>	100
[CutInfo::PrintCutInfo] ljj	|<	305
[CutInfo::PrintCutInfo] ljj	|>	73.3333
[CutInfo::PrintCutInfo] secondLepton_Pt	>	25
CF	0.216204 +- 0.0418476
Fake	0.221811 +- 0.275889
Prompt	3.0462 +- 1.04553
=> total bkg = 3.48421
Signal	Yield	Efficiency	Efficiency@Presel	Punzi
HNElEl_250	1.11306	0.0219	7.6305e-05	5.87505e-06
=====================================================================

####################################################
TIME STAMP : [2018/1/16 21:4:43] 500 / 3721 (13.4372 %)
####################################################
[CutInfo::PrintCutInfo] leadingLepton_Pt	>	100
[CutInfo::PrintCutInfo] ljj	|<	305
[CutInfo::PrintCutInfo] ljj	|>	73.3333
[CutInfo::PrintCutInfo] secondLepton_Pt	>	25

!!!!!!!!!!!!!!!!!
!!!! UPDATED !!!!
!!!!!!!!!!!!!!!!!

[CutInfo::PrintCutInfo] leadingLepton_Pt	>	100
[CutInfo::PrintCutInfo] ljj	|<	305
[CutInfo::PrintCutInfo] ljj	|>	76.6667
[CutInfo::PrintCutInfo] secondLepton_Pt	>	25
CF	0.216204 +- 0.0418476
Fake	0.221811 +- 0.275889
Prompt	3.0462 +- 1.04553
=> total bkg = 3.48421
Signal	Yield	Efficiency	Efficiency@Presel	Punzi
HNElEl_250	1.11306	0.0219	7.6305e-05	5.87505e-06
=====================================================================


!!!!!!!!!!!!!!!!!
!!!! UPDATED !!!!
!!!!!!!!!!!!!!!!!

[CutInfo::PrintCutInfo] leadingLepton_Pt	>	100
[CutInfo::PrintCutInfo] ljj	|<	305
[CutInfo::PrintCutInfo] ljj	|>	80
[CutInfo::PrintCutInfo] secondLepton_Pt	>	25
CF	0.216204 +- 0.0418476
Fake	0.221811 +- 0.275889
Prompt	3.0462 +- 1.04553
=> total bkg = 3.48421
Signal	Yield	Efficiency	Efficiency@Presel	Punzi
HNElEl_250	1.11306	0.0219	7.6305e-05	5.87505e-06
=====================================================================

####################################################
TIME STAMP : [2018/1/16 21:4:53] 600 / 3721 (16.1247 %)
####################################################
[CutInfo::PrintCutInfo] leadingLepton_Pt	>	100
[CutInfo::PrintCutInfo] ljj	|<	305
[CutInfo::PrintCutInfo] ljj	|>	80
[CutInfo::PrintCutInfo] secondLepton_Pt	>	25

!!!!!!!!!!!!!!!!!
!!!! UPDATED !!!!
!!!!!!!!!!!!!!!!!

[CutInfo::PrintCutInfo] leadingLepton_Pt	>	100
[CutInfo::PrintCutInfo] ljj	|<	305
[CutInfo::PrintCutInfo] ljj	|>	83.3333
[CutInfo::PrintCutInfo] secondLepton_Pt	>	25
CF	0.216204 +- 0.0418476
Fake	0.221811 +- 0.275889
Prompt	3.0462 +- 1.04553
=> total bkg = 3.48421
Signal	Yield	Efficiency	Efficiency@Presel	Punzi
HNElEl_250	1.11306	0.0219	7.6305e-05	5.87505e-06
=====================================================================

####################################################
TIME STAMP : [2018/1/16 21:5:2] 700 / 3721 (18.8121 %)
####################################################
[CutInfo::PrintCutInfo] leadingLepton_Pt	>	100
[CutInfo::PrintCutInfo] ljj	|<	305
[CutInfo::PrintCutInfo] ljj	|>	83.3333
[CutInfo::PrintCutInfo] secondLepton_Pt	>	25

!!!!!!!!!!!!!!!!!
!!!! UPDATED !!!!
!!!!!!!!!!!!!!!!!

[CutInfo::PrintCutInfo] leadingLepton_Pt	>	100
[CutInfo::PrintCutInfo] ljj	|<	305
[CutInfo::PrintCutInfo] ljj	|>	86.6667
[CutInfo::PrintCutInfo] secondLepton_Pt	>	25
CF	0.216204 +- 0.0418476
Fake	0.221811 +- 0.275889
Prompt	3.0462 +- 1.04553
=> total bkg = 3.48421
Signal	Yield	Efficiency	Efficiency@Presel	Punzi
HNElEl_250	1.11306	0.0219	7.6305e-05	5.87505e-06
=====================================================================


!!!!!!!!!!!!!!!!!
!!!! UPDATED !!!!
!!!!!!!!!!!!!!!!!

[CutInfo::PrintCutInfo] leadingLepton_Pt	>	100
[CutInfo::PrintCutInfo] ljj	|<	305
[CutInfo::PrintCutInfo] ljj	|>	90
[CutInfo::PrintCutInfo] secondLepton_Pt	>	25
CF	0.216204 +- 0.0418476
Fake	0.221811 +- 0.275889
Prompt	3.0462 +- 1.04553
=> total bkg = 3.48421
Signal	Yield	Efficiency	Efficiency@Presel	Punzi
HNElEl_250	1.11306	0.0219	7.6305e-05	5.87505e-06
=====================================================================

####################################################
TIME STAMP : [2018/1/16 21:5:12] 800 / 3721 (21.4996 %)
####################################################
[CutInfo::PrintCutInfo] leadingLepton_Pt	>	100
[CutInfo::PrintCutInfo] ljj	|<	305
[CutInfo::PrintCutInfo] ljj	|>	90
[CutInfo::PrintCutInfo] secondLepton_Pt	>	25

!!!!!!!!!!!!!!!!!
!!!! UPDATED !!!!
!!!!!!!!!!!!!!!!!

[CutInfo::PrintCutInfo] leadingLepton_Pt	>	100
[CutInfo::PrintCutInfo] ljj	|<	305
[CutInfo::PrintCutInfo] ljj	|>	93.3333
[CutInfo::PrintCutInfo] secondLepton_Pt	>	25
CF	0.216204 +- 0.0418476
Fake	0.221811 +- 0.275889
Prompt	3.0462 +- 1.04553
=> total bkg = 3.48421
Signal	Yield	Efficiency	Efficiency@Presel	Punzi
HNElEl_250	1.11306	0.0219	7.6305e-05	5.87505e-06
=====================================================================

####################################################
TIME STAMP : [2018/1/16 21:5:22] 900 / 3721 (24.187 %)
####################################################
[CutInfo::PrintCutInfo] leadingLepton_Pt	>	100
[CutInfo::PrintCutInfo] ljj	|<	305
[CutInfo::PrintCutInfo] ljj	|>	93.3333
[CutInfo::PrintCutInfo] secondLepton_Pt	>	25

!!!!!!!!!!!!!!!!!
!!!! UPDATED !!!!
!!!!!!!!!!!!!!!!!

[CutInfo::PrintCutInfo] leadingLepton_Pt	>	100
[CutInfo::PrintCutInfo] ljj	|<	305
[CutInfo::PrintCutInfo] ljj	|>	96.6667
[CutInfo::PrintCutInfo] secondLepton_Pt	>	25
CF	0.216204 +- 0.0418476
Fake	0.221811 +- 0.275889
Prompt	3.0462 +- 1.04553
=> total bkg = 3.48421
Signal	Yield	Efficiency	Efficiency@Presel	Punzi
HNElEl_250	1.11306	0.0219	7.6305e-05	5.87505e-06
=====================================================================


!!!!!!!!!!!!!!!!!
!!!! UPDATED !!!!
!!!!!!!!!!!!!!!!!

[CutInfo::PrintCutInfo] leadingLepton_Pt	>	100
[CutInfo::PrintCutInfo] ljj	|<	305
[CutInfo::PrintCutInfo] ljj	|>	100
[CutInfo::PrintCutInfo] secondLepton_Pt	>	25
CF	0.216204 +- 0.0418476
Fake	0.221811 +- 0.275889
Prompt	3.0462 +- 1.04553
=> total bkg = 3.48421
Signal	Yield	Efficiency	Efficiency@Presel	Punzi
HNElEl_250	1.11306	0.0219	7.6305e-05	5.87505e-06
=====================================================================

####################################################
TIME STAMP : [2018/1/16 21:5:31] 1000 / 3721 (26.8745 %)
####################################################
[CutInfo::PrintCutInfo] leadingLepton_Pt	>	100
[CutInfo::PrintCutInfo] ljj	|<	305
[CutInfo::PrintCutInfo] ljj	|>	100
[CutInfo::PrintCutInfo] secondLepton_Pt	>	25

!!!!!!!!!!!!!!!!!
!!!! UPDATED !!!!
!!!!!!!!!!!!!!!!!

[CutInfo::PrintCutInfo] leadingLepton_Pt	>	100
[CutInfo::PrintCutInfo] ljj	|<	305
[CutInfo::PrintCutInfo] ljj	|>	103.333
[CutInfo::PrintCutInfo] secondLepton_Pt	>	25
CF	0.216204 +- 0.0418476
Fake	0.221811 +- 0.275889
Prompt	3.0462 +- 1.04553
=> total bkg = 3.48421
Signal	Yield	Efficiency	Efficiency@Presel	Punzi
HNElEl_250	1.11306	0.0219	7.6305e-05	5.87505e-06
=====================================================================


!!!!!!!!!!!!!!!!!
!!!! UPDATED !!!!
!!!!!!!!!!!!!!!!!

[CutInfo::PrintCutInfo] leadingLepton_Pt	>	100
[CutInfo::PrintCutInfo] ljj	|<	305
[CutInfo::PrintCutInfo] ljj	|>	106.667
[CutInfo::PrintCutInfo] secondLepton_Pt	>	25
CF	0.216204 +- 0.0418476
Fake	0.221811 +- 0.275889
Prompt	3.0462 +- 1.04553
=> total bkg = 3.48421
Signal	Yield	Efficiency	Efficiency@Presel	Punzi
HNElEl_250	1.11306	0.0219	7.6305e-05	5.87505e-06
=====================================================================

####################################################
TIME STAMP : [2018/1/16 21:5:41] 1100 / 3721 (29.5619 %)
####################################################
[CutInfo::PrintCutInfo] leadingLepton_Pt	>	100
[CutInfo::PrintCutInfo] ljj	|<	305
[CutInfo::PrintCutInfo] ljj	|>	106.667
[CutInfo::PrintCutInfo] secondLepton_Pt	>	25

!!!!!!!!!!!!!!!!!
!!!! UPDATED !!!!
!!!!!!!!!!!!!!!!!

[CutInfo::PrintCutInfo] leadingLepton_Pt	>	100
[CutInfo::PrintCutInfo] ljj	|<	305
[CutInfo::PrintCutInfo] ljj	|>	110
[CutInfo::PrintCutInfo] secondLepton_Pt	>	25
CF	0.216173 +- 0.0418434
Fake	0.221811 +- 0.275889
Prompt	3.0462 +- 1.04553
=> total bkg = 3.48418
Signal	Yield	Efficiency	Efficiency@Presel	Punzi
HNElEl_250	1.11306	0.0219	7.6305e-05	5.87506e-06
=====================================================================

####################################################
TIME STAMP : [2018/1/16 21:5:51] 1200 / 3721 (32.2494 %)
####################################################
[CutInfo::PrintCutInfo] leadingLepton_Pt	>	100
[CutInfo::PrintCutInfo] ljj	|<	305
[CutInfo::PrintCutInfo] ljj	|>	110
[CutInfo::PrintCutInfo] secondLepton_Pt	>	25

!!!!!!!!!!!!!!!!!
!!!! UPDATED !!!!
!!!!!!!!!!!!!!!!!

[CutInfo::PrintCutInfo] leadingLepton_Pt	>	100
[CutInfo::PrintCutInfo] ljj	|<	305
[CutInfo::PrintCutInfo] ljj	|>	113.333
[CutInfo::PrintCutInfo] secondLepton_Pt	>	25
CF	0.216173 +- 0.0418434
Fake	0.221811 +- 0.275889
Prompt	3.0462 +- 1.04553
=> total bkg = 3.48418
Signal	Yield	Efficiency	Efficiency@Presel	Punzi
HNElEl_250	1.11306	0.0219	7.6305e-05	5.87506e-06
=====================================================================


!!!!!!!!!!!!!!!!!
!!!! UPDATED !!!!
!!!!!!!!!!!!!!!!!

[CutInfo::PrintCutInfo] leadingLepton_Pt	>	100
[CutInfo::PrintCutInfo] ljj	|<	305
[CutInfo::PrintCutInfo] ljj	|>	116.667
[CutInfo::PrintCutInfo] secondLepton_Pt	>	25
CF	0.216173 +- 0.0418434
Fake	0.221811 +- 0.275889
Prompt	3.0462 +- 1.04553
=> total bkg = 3.48418
Signal	Yield	Efficiency	Efficiency@Presel	Punzi
HNElEl_250	1.11306	0.0219	7.6305e-05	5.87506e-06
=====================================================================

####################################################
TIME STAMP : [2018/1/16 21:6:1] 1300 / 3721 (34.9368 %)
####################################################
[CutInfo::PrintCutInfo] leadingLepton_Pt	>	100
[CutInfo::PrintCutInfo] ljj	|<	305
[CutInfo::PrintCutInfo] ljj	|>	116.667
[CutInfo::PrintCutInfo] secondLepton_Pt	>	25

!!!!!!!!!!!!!!!!!
!!!! UPDATED !!!!
!!!!!!!!!!!!!!!!!

[CutInfo::PrintCutInfo] leadingLepton_Pt	>	100
[CutInfo::PrintCutInfo] ljj	|<	305
[CutInfo::PrintCutInfo] ljj	|>	120
[CutInfo::PrintCutInfo] secondLepton_Pt	>	25
CF	0.216173 +- 0.0418434
Fake	0.221811 +- 0.275889
Prompt	3.0462 +- 1.04553
=> total bkg = 3.48418
Signal	Yield	Efficiency	Efficiency@Presel	Punzi
HNElEl_250	1.11306	0.0219	7.6305e-05	5.87506e-06
=====================================================================


!!!!!!!!!!!!!!!!!
!!!! UPDATED !!!!
!!!!!!!!!!!!!!!!!

[CutInfo::PrintCutInfo] leadingLepton_Pt	>	100
[CutInfo::PrintCutInfo] ljj	|<	315
[CutInfo::PrintCutInfo] ljj	|>	123.333
[CutInfo::PrintCutInfo] secondLepton_Pt	>	25
CF	0.233256 +- 0.0445907
Fake	0.213667 +- 0.275368
Prompt	3.13637 +- 1.07015
=> total bkg = 3.58329
Signal	Yield	Efficiency	Efficiency@Presel	Punzi
HNElEl_250	1.12677	0.0221167	7.72445e-05	5.88267e-06
=====================================================================


!!!!!!!!!!!!!!!!!
!!!! UPDATED !!!!
!!!!!!!!!!!!!!!!!

[CutInfo::PrintCutInfo] leadingLepton_Pt	>	100
[CutInfo::PrintCutInfo] ljj	|<	310
[CutInfo::PrintCutInfo] ljj	|>	123.333
[CutInfo::PrintCutInfo] secondLepton_Pt	>	25
CF	0.218085 +- 0.0421047
Fake	0.215894 +- 0.275515
Prompt	3.00139 +- 1.04856
=> total bkg = 3.43536
Signal	Yield	Efficiency	Efficiency@Presel	Punzi
HNElEl_250	1.11682	0.0219667	7.65626e-05	5.91345e-06
=====================================================================


!!!!!!!!!!!!!!!!!
!!!! UPDATED !!!!
!!!!!!!!!!!!!!!!!

[CutInfo::PrintCutInfo] leadingLepton_Pt	>	100
[CutInfo::PrintCutInfo] ljj	|<	305
[CutInfo::PrintCutInfo] ljj	|>	123.333
[CutInfo::PrintCutInfo] secondLepton_Pt	>	25
CF	0.216173 +- 0.0418434
Fake	0.221811 +- 0.275889
Prompt	2.95894 +- 1.03697
=> total bkg = 3.39692
Signal	Yield	Efficiency	Efficiency@Presel	Punzi
HNElEl_250	1.11306	0.0219	7.6305e-05	5.92098e-06
=====================================================================

####################################################
TIME STAMP : [2018/1/16 21:6:10] 1400 / 3721 (37.6243 %)
####################################################
[CutInfo::PrintCutInfo] leadingLepton_Pt	>	100
[CutInfo::PrintCutInfo] ljj	|<	305
[CutInfo::PrintCutInfo] ljj	|>	123.333
[CutInfo::PrintCutInfo] secondLepton_Pt	>	25

!!!!!!!!!!!!!!!!!
!!!! UPDATED !!!!
!!!!!!!!!!!!!!!!!

[CutInfo::PrintCutInfo] leadingLepton_Pt	>	100
[CutInfo::PrintCutInfo] ljj	|<	305
[CutInfo::PrintCutInfo] ljj	|>	126.667
[CutInfo::PrintCutInfo] secondLepton_Pt	>	25
CF	0.216114 +- 0.0418356
Fake	0.221811 +- 0.275889
Prompt	2.95894 +- 1.03697
=> total bkg = 3.39686
Signal	Yield	Efficiency	Efficiency@Presel	Punzi
HNElEl_250	1.11306	0.0219	7.6305e-05	5.92101e-06
=====================================================================

####################################################
TIME STAMP : [2018/1/16 21:6:20] 1500 / 3721 (40.3117 %)
####################################################
[CutInfo::PrintCutInfo] leadingLepton_Pt	>	100
[CutInfo::PrintCutInfo] ljj	|<	305
[CutInfo::PrintCutInfo] ljj	|>	126.667
[CutInfo::PrintCutInfo] secondLepton_Pt	>	25

!!!!!!!!!!!!!!!!!
!!!! UPDATED !!!!
!!!!!!!!!!!!!!!!!

[CutInfo::PrintCutInfo] leadingLepton_Pt	>	100
[CutInfo::PrintCutInfo] ljj	|<	305
[CutInfo::PrintCutInfo] ljj	|>	130
[CutInfo::PrintCutInfo] secondLepton_Pt	>	25
CF	0.215877 +- 0.0418036
Fake	0.221811 +- 0.275889
Prompt	2.95894 +- 1.03697
=> total bkg = 3.39663
Signal	Yield	Efficiency	Efficiency@Presel	Punzi
HNElEl_250	1.11306	0.0219	7.6305e-05	5.92112e-06
=====================================================================


!!!!!!!!!!!!!!!!!
!!!! UPDATED !!!!
!!!!!!!!!!!!!!!!!

[CutInfo::PrintCutInfo] leadingLepton_Pt	>	100
[CutInfo::PrintCutInfo] ljj	|<	305
[CutInfo::PrintCutInfo] ljj	|>	133.333
[CutInfo::PrintCutInfo] secondLepton_Pt	>	25
CF	0.215877 +- 0.0418036
Fake	0.221811 +- 0.275889
Prompt	2.95885 +- 1.03697
=> total bkg = 3.39653
Signal	Yield	Efficiency	Efficiency@Presel	Punzi
HNElEl_250	1.11306	0.0219	7.6305e-05	5.92116e-06
=====================================================================

####################################################
TIME STAMP : [2018/1/16 21:6:30] 1600 / 3721 (42.9992 %)
####################################################
[CutInfo::PrintCutInfo] leadingLepton_Pt	>	100
[CutInfo::PrintCutInfo] ljj	|<	305
[CutInfo::PrintCutInfo] ljj	|>	133.333
[CutInfo::PrintCutInfo] secondLepton_Pt	>	25

!!!!!!!!!!!!!!!!!
!!!! UPDATED !!!!
!!!!!!!!!!!!!!!!!

[CutInfo::PrintCutInfo] leadingLepton_Pt	>	100
[CutInfo::PrintCutInfo] ljj	|<	305
[CutInfo::PrintCutInfo] ljj	|>	136.667
[CutInfo::PrintCutInfo] secondLepton_Pt	>	25
CF	0.211208 +- 0.0410031
Fake	0.222002 +- 0.275903
Prompt	2.95885 +- 1.03697
=> total bkg = 3.39206
Signal	Yield	Efficiency	Efficiency@Presel	Punzi
HNElEl_250	1.11306	0.0219	7.6305e-05	5.92317e-06
=====================================================================


!!!!!!!!!!!!!!!!!
!!!! UPDATED !!!!
!!!!!!!!!!!!!!!!!

[CutInfo::PrintCutInfo] leadingLepton_Pt	>	100
[CutInfo::PrintCutInfo] ljj	|<	305
[CutInfo::PrintCutInfo] ljj	|>	140
[CutInfo::PrintCutInfo] secondLepton_Pt	>	25
CF	0.20805 +- 0.0404669
Fake	0.222002 +- 0.275903
Prompt	2.95875 +- 1.03697
=> total bkg = 3.38881
Signal	Yield	Efficiency	Efficiency@Presel	Punzi
HNElEl_250	1.11306	0.0219	7.6305e-05	5.92464e-06
=====================================================================

####################################################
TIME STAMP : [2018/1/16 21:6:39] 1700 / 3721 (45.6866 %)
####################################################
[CutInfo::PrintCutInfo] leadingLepton_Pt	>	100
[CutInfo::PrintCutInfo] ljj	|<	305
[CutInfo::PrintCutInfo] ljj	|>	140
[CutInfo::PrintCutInfo] secondLepton_Pt	>	25

!!!!!!!!!!!!!!!!!
!!!! UPDATED !!!!
!!!!!!!!!!!!!!!!!

[CutInfo::PrintCutInfo] leadingLepton_Pt	>	100
[CutInfo::PrintCutInfo] ljj	|<	305
[CutInfo::PrintCutInfo] ljj	|>	143.333
[CutInfo::PrintCutInfo] secondLepton_Pt	>	25
CF	0.207443 +- 0.0403847
Fake	0.223732 +- 0.276025
Prompt	2.95398 +- 1.03569
=> total bkg = 3.38516
Signal	Yield	Efficiency	Efficiency@Presel	Punzi
HNElEl_250	1.11306	0.0219	7.6305e-05	5.92741e-06
=====================================================================

####################################################
TIME STAMP : [2018/1/16 21:6:49] 1800 / 3721 (48.3741 %)
####################################################
[CutInfo::PrintCutInfo] leadingLepton_Pt	>	100
[CutInfo::PrintCutInfo] ljj	|<	305
[CutInfo::PrintCutInfo] ljj	|>	143.333
[CutInfo::PrintCutInfo] secondLepton_Pt	>	25

!!!!!!!!!!!!!!!!!
!!!! UPDATED !!!!
!!!!!!!!!!!!!!!!!

[CutInfo::PrintCutInfo] leadingLepton_Pt	>	100
[CutInfo::PrintCutInfo] ljj	|<	305
[CutInfo::PrintCutInfo] ljj	|>	146.667
[CutInfo::PrintCutInfo] secondLepton_Pt	>	25
CF	0.20712 +- 0.040341
Fake	0.223687 +- 0.276022
Prompt	2.95388 +- 1.03569
=> total bkg = 3.38469
Signal	Yield	Efficiency	Efficiency@Presel	Punzi
HNElEl_250	1.11306	0.0219	7.6305e-05	5.92762e-06
=====================================================================

####################################################
TIME STAMP : [2018/1/16 21:6:59] 1900 / 3721 (51.0615 %)
####################################################
[CutInfo::PrintCutInfo] leadingLepton_Pt	>	100
[CutInfo::PrintCutInfo] ljj	|<	305
[CutInfo::PrintCutInfo] ljj	|>	146.667
[CutInfo::PrintCutInfo] secondLepton_Pt	>	25

!!!!!!!!!!!!!!!!!
!!!! UPDATED !!!!
!!!!!!!!!!!!!!!!!

[CutInfo::PrintCutInfo] leadingLepton_Pt	>	100
[CutInfo::PrintCutInfo] ljj	|<	315
[CutInfo::PrintCutInfo] ljj	|>	153.333
[CutInfo::PrintCutInfo] secondLepton_Pt	>	25
CF	0.220137 +- 0.0424181
Fake	0.240803 +- 0.276738
Prompt	2.95573 +- 1.0508
=> total bkg = 3.41667
Signal	Yield	Efficiency	Efficiency@Presel	Punzi
HNElEl_250	1.12558	0.0220833	7.71634e-05	5.96572e-06
=====================================================================


!!!!!!!!!!!!!!!!!
!!!! UPDATED !!!!
!!!!!!!!!!!!!!!!!

[CutInfo::PrintCutInfo] leadingLepton_Pt	>	100
[CutInfo::PrintCutInfo] ljj	|<	310
[CutInfo::PrintCutInfo] ljj	|>	153.333
[CutInfo::PrintCutInfo] secondLepton_Pt	>	25
CF	0.204966 +- 0.0399245
Fake	0.24303 +- 0.276904
Prompt	2.82075 +- 1.02951
=> total bkg = 3.26874
Signal	Yield	Efficiency	Efficiency@Presel	Punzi
HNElEl_250	1.11563	0.0219333	7.64815e-05	5.99946e-06
=====================================================================


!!!!!!!!!!!!!!!!!
!!!! UPDATED !!!!
!!!!!!!!!!!!!!!!!

[CutInfo::PrintCutInfo] leadingLepton_Pt	>	100
[CutInfo::PrintCutInfo] ljj	|<	305
[CutInfo::PrintCutInfo] ljj	|>	153.333
[CutInfo::PrintCutInfo] secondLepton_Pt	>	25
CF	0.203055 +- 0.039665
Fake	0.248947 +- 0.277328
Prompt	2.7783 +- 1.01819
=> total bkg = 3.2303
Signal	Yield	Efficiency	Efficiency@Presel	Punzi
HNElEl_250	1.11188	0.0218667	7.62238e-05	6.00771e-06
=====================================================================

####################################################
TIME STAMP : [2018/1/16 21:7:9] 2000 / 3721 (53.749 %)
####################################################
[CutInfo::PrintCutInfo] leadingLepton_Pt	>	100
[CutInfo::PrintCutInfo] ljj	|<	305
[CutInfo::PrintCutInfo] ljj	|>	153.333
[CutInfo::PrintCutInfo] secondLepton_Pt	>	25

!!!!!!!!!!!!!!!!!
!!!! UPDATED !!!!
!!!!!!!!!!!!!!!!!

[CutInfo::PrintCutInfo] leadingLepton_Pt	>	100
[CutInfo::PrintCutInfo] ljj	|<	315
[CutInfo::PrintCutInfo] ljj	|>	156.667
[CutInfo::PrintCutInfo] secondLepton_Pt	>	25
CF	0.220107 +- 0.0424141
Fake	0.123461 +- 0.240909
Prompt	2.95449 +- 1.05046
=> total bkg = 3.29806
Signal	Yield	Efficiency	Efficiency@Presel	Punzi
HNElEl_250	1.12558	0.0220833	7.71634e-05	6.02781e-06
=====================================================================


!!!!!!!!!!!!!!!!!
!!!! UPDATED !!!!
!!!!!!!!!!!!!!!!!

[CutInfo::PrintCutInfo] leadingLepton_Pt	>	100
[CutInfo::PrintCutInfo] ljj	|<	310
[CutInfo::PrintCutInfo] ljj	|>	156.667
[CutInfo::PrintCutInfo] secondLepton_Pt	>	25
CF	0.204936 +- 0.0399205
Fake	0.125688 +- 0.241002
Prompt	2.81951 +- 1.02918
=> total bkg = 3.15013
Signal	Yield	Efficiency	Efficiency@Presel	Punzi
HNElEl_250	1.11563	0.0219333	7.64815e-05	6.06423e-06
=====================================================================


!!!!!!!!!!!!!!!!!
!!!! UPDATED !!!!
!!!!!!!!!!!!!!!!!

[CutInfo::PrintCutInfo] leadingLepton_Pt	>	100
[CutInfo::PrintCutInfo] ljj	|<	305
[CutInfo::PrintCutInfo] ljj	|>	156.667
[CutInfo::PrintCutInfo] secondLepton_Pt	>	25
CF	0.203024 +- 0.039661
Fake	0.131605 +- 0.24123
Prompt	2.77706 +- 1.01787
=> total bkg = 3.11169
Signal	Yield	Efficiency	Efficiency@Presel	Punzi
HNElEl_250	1.11188	0.0218667	7.62238e-05	6.0734e-06
=====================================================================


!!!!!!!!!!!!!!!!!
!!!! UPDATED !!!!
!!!!!!!!!!!!!!!!!

[CutInfo::PrintCutInfo] leadingLepton_Pt	>	100
[CutInfo::PrintCutInfo] ljj	|<	305
[CutInfo::PrintCutInfo] ljj	|>	160
[CutInfo::PrintCutInfo] secondLepton_Pt	>	25
CF	0.203 +- 0.0396579
Fake	0.131792 +- 0.241239
Prompt	2.77205 +- 1.01655
=> total bkg = 3.10684
Signal	Yield	Efficiency	Efficiency@Presel	Punzi
HNElEl_250	1.11188	0.0218667	7.62238e-05	6.07705e-06
=====================================================================

####################################################
TIME STAMP : [2018/1/16 21:7:18] 2100 / 3721 (56.4364 %)
####################################################
[CutInfo::PrintCutInfo] leadingLepton_Pt	>	100
[CutInfo::PrintCutInfo] ljj	|<	305
[CutInfo::PrintCutInfo] ljj	|>	160
[CutInfo::PrintCutInfo] secondLepton_Pt	>	25

!!!!!!!!!!!!!!!!!
!!!! UPDATED !!!!
!!!!!!!!!!!!!!!!!

[CutInfo::PrintCutInfo] leadingLepton_Pt	>	100
[CutInfo::PrintCutInfo] ljj	|<	315
[CutInfo::PrintCutInfo] ljj	|>	163.333
[CutInfo::PrintCutInfo] secondLepton_Pt	>	25
CF	0.219651 +- 0.0423522
Fake	0.123648 +- 0.240917
Prompt	2.53469 +- 0.945445
=> total bkg = 2.87799
Signal	Yield	Efficiency	Efficiency@Presel	Punzi
HNElEl_250	1.12492	0.0220667	7.71182e-05	6.33945e-06
=====================================================================


!!!!!!!!!!!!!!!!!
!!!! UPDATED !!!!
!!!!!!!!!!!!!!!!!

[CutInfo::PrintCutInfo] leadingLepton_Pt	>	100
[CutInfo::PrintCutInfo] ljj	|<	310
[CutInfo::PrintCutInfo] ljj	|>	163.333
[CutInfo::PrintCutInfo] secondLepton_Pt	>	25
CF	0.204452 +- 0.0398555
Fake	0.125875 +- 0.24101
Prompt	2.3997 +- 0.923029
=> total bkg = 2.73003
Signal	Yield	Efficiency	Efficiency@Presel	Punzi
HNElEl_250	1.11498	0.0219167	7.64363e-05	6.38958e-06
=====================================================================


!!!!!!!!!!!!!!!!!
!!!! UPDATED !!!!
!!!!!!!!!!!!!!!!!

[CutInfo::PrintCutInfo] leadingLepton_Pt	>	100
[CutInfo::PrintCutInfo] ljj	|<	305
[CutInfo::PrintCutInfo] ljj	|>	163.333
[CutInfo::PrintCutInfo] secondLepton_Pt	>	25
CF	0.20254 +- 0.0395962
Fake	0.131792 +- 0.241239
Prompt	2.35726 +- 0.911267
=> total bkg = 2.69159
Signal	Yield	Efficiency	Efficiency@Presel	Punzi
HNElEl_250	1.11122	0.02185	7.61787e-05	6.40275e-06
=====================================================================


!!!!!!!!!!!!!!!!!
!!!! UPDATED !!!!
!!!!!!!!!!!!!!!!!

[CutInfo::PrintCutInfo] leadingLepton_Pt	>	100
[CutInfo::PrintCutInfo] ljj	|<	310
[CutInfo::PrintCutInfo] ljj	|>	166.667
[CutInfo::PrintCutInfo] secondLepton_Pt	>	25
CF	0.204051 +- 0.0398014
Fake	0.126097 +- 0.241021
Prompt	2.35859 +- 0.910997
=> total bkg = 2.68873
Signal	Yield	Efficiency	Efficiency@Presel	Punzi
HNElEl_250	1.11498	0.0219167	7.64363e-05	6.42642e-06
=====================================================================


!!!!!!!!!!!!!!!!!
!!!! UPDATED !!!!
!!!!!!!!!!!!!!!!!

[CutInfo::PrintCutInfo] leadingLepton_Pt	>	100
[CutInfo::PrintCutInfo] ljj	|<	305
[CutInfo::PrintCutInfo] ljj	|>	166.667
[CutInfo::PrintCutInfo] secondLepton_Pt	>	25
CF	0.202139 +- 0.0395422
Fake	0.132013 +- 0.24125
Prompt	2.31614 +- 0.899564
=> total bkg = 2.65029
Signal	Yield	Efficiency	Efficiency@Presel	Punzi
HNElEl_250	1.11122	0.02185	7.61787e-05	6.43967e-06
=====================================================================

####################################################
TIME STAMP : [2018/1/16 21:7:28] 2200 / 3721 (59.1239 %)
####################################################
[CutInfo::PrintCutInfo] leadingLepton_Pt	>	100
[CutInfo::PrintCutInfo] ljj	|<	305
[CutInfo::PrintCutInfo] ljj	|>	166.667
[CutInfo::PrintCutInfo] secondLepton_Pt	>	25

!!!!!!!!!!!!!!!!!
!!!! UPDATED !!!!
!!!!!!!!!!!!!!!!!

[CutInfo::PrintCutInfo] leadingLepton_Pt	>	100
[CutInfo::PrintCutInfo] ljj	|<	305
[CutInfo::PrintCutInfo] ljj	|>	170
[CutInfo::PrintCutInfo] secondLepton_Pt	>	25
CF	0.202058 +- 0.0395316
Fake	0.132013 +- 0.24125
Prompt	2.31069 +- 0.898126
=> total bkg = 2.64476
Signal	Yield	Efficiency	Efficiency@Presel	Punzi
HNElEl_250	1.11122	0.02185	7.61787e-05	6.44452e-06
=====================================================================

####################################################
TIME STAMP : [2018/1/16 21:7:38] 2300 / 3721 (61.8113 %)
####################################################
[CutInfo::PrintCutInfo] leadingLepton_Pt	>	100
[CutInfo::PrintCutInfo] ljj	|<	305
[CutInfo::PrintCutInfo] ljj	|>	170
[CutInfo::PrintCutInfo] secondLepton_Pt	>	25

!!!!!!!!!!!!!!!!!
!!!! UPDATED !!!!
!!!!!!!!!!!!!!!!!

[CutInfo::PrintCutInfo] leadingLepton_Pt	>	100
[CutInfo::PrintCutInfo] ljj	|<	305
[CutInfo::PrintCutInfo] ljj	|>	173.333
[CutInfo::PrintCutInfo] secondLepton_Pt	>	25
CF	0.201669 +- 0.0394791
Fake	0.133155 +- 0.241305
Prompt	2.30483 +- 0.89661
=> total bkg = 2.63965
Signal	Yield	Efficiency	Efficiency@Presel	Punzi
HNElEl_250	1.11122	0.02185	7.61787e-05	6.4492e-06
=====================================================================


!!!!!!!!!!!!!!!!!
!!!! UPDATED !!!!
!!!!!!!!!!!!!!!!!

[CutInfo::PrintCutInfo] leadingLepton_Pt	>	100
[CutInfo::PrintCutInfo] ljj	|<	305
[CutInfo::PrintCutInfo] ljj	|>	176.667
[CutInfo::PrintCutInfo] secondLepton_Pt	>	25
CF	0.196604 +- 0.0386727
Fake	0.133155 +- 0.241305
Prompt	2.29948 +- 0.895243
=> total bkg = 2.62924
Signal	Yield	Efficiency	Efficiency@Presel	Punzi
HNElEl_250	1.11047	0.0218333	7.61274e-05	6.45262e-06
=====================================================================

####################################################
TIME STAMP : [2018/1/16 21:7:47] 2400 / 3721 (64.4988 %)
####################################################
[CutInfo::PrintCutInfo] leadingLepton_Pt	>	100
[CutInfo::PrintCutInfo] ljj	|<	305
[CutInfo::PrintCutInfo] ljj	|>	176.667
[CutInfo::PrintCutInfo] secondLepton_Pt	>	25

!!!!!!!!!!!!!!!!!
!!!! UPDATED !!!!
!!!!!!!!!!!!!!!!!

[CutInfo::PrintCutInfo] leadingLepton_Pt	>	100
[CutInfo::PrintCutInfo] ljj	|<	305
[CutInfo::PrintCutInfo] ljj	|>	183.333
[CutInfo::PrintCutInfo] secondLepton_Pt	>	25
CF	0.184932 +- 0.0366561
Fake	0.142403 +- 0.241703
Prompt	2.28282 +- 0.890936
=> total bkg = 2.61015
Signal	Yield	Efficiency	Efficiency@Presel	Punzi
HNElEl_250	1.10831	0.0218	7.5979e-05	6.45618e-06
=====================================================================

####################################################
TIME STAMP : [2018/1/16 21:7:57] 2500 / 3721 (67.1862 %)
####################################################
[CutInfo::PrintCutInfo] leadingLepton_Pt	>	100
[CutInfo::PrintCutInfo] ljj	|<	305
[CutInfo::PrintCutInfo] ljj	|>	183.333
[CutInfo::PrintCutInfo] secondLepton_Pt	>	25
####################################################
TIME STAMP : [2018/1/16 21:8:7] 2600 / 3721 (69.8737 %)
####################################################
[CutInfo::PrintCutInfo] leadingLepton_Pt	>	100
[CutInfo::PrintCutInfo] ljj	|<	305
[CutInfo::PrintCutInfo] ljj	|>	183.333
[CutInfo::PrintCutInfo] secondLepton_Pt	>	25

!!!!!!!!!!!!!!!!!
!!!! UPDATED !!!!
!!!!!!!!!!!!!!!!!

[CutInfo::PrintCutInfo] leadingLepton_Pt	>	100
[CutInfo::PrintCutInfo] ljj	|<	305
[CutInfo::PrintCutInfo] ljj	|>	190
[CutInfo::PrintCutInfo] secondLepton_Pt	>	25
CF	0.183406 +- 0.0364497
Fake	0.153872 +- 0.242094
Prompt	2.26397 +- 0.886121
=> total bkg = 2.60125
Signal	Yield	Efficiency	Efficiency@Presel	Punzi
HNElEl_250	1.10831	0.0218	7.5979e-05	6.46669e-06
=====================================================================


!!!!!!!!!!!!!!!!!
!!!! UPDATED !!!!
!!!!!!!!!!!!!!!!!

[CutInfo::PrintCutInfo] leadingLepton_Pt	>	100
[CutInfo::PrintCutInfo] ljj	|<	310
[CutInfo::PrintCutInfo] ljj	|>	193.333
[CutInfo::PrintCutInfo] secondLepton_Pt	>	25
CF	0.181647 +- 0.036082
Fake	0.14852 +- 0.241848
Prompt	2.25651 +- 0.890213
=> total bkg = 2.58667
Signal	Yield	Efficiency	Efficiency@Presel	Punzi
HNElEl_250	1.11088	0.02185	7.61552e-05	6.48625e-06
=====================================================================


!!!!!!!!!!!!!!!!!
!!!! UPDATED !!!!
!!!!!!!!!!!!!!!!!

[CutInfo::PrintCutInfo] leadingLepton_Pt	>	100
[CutInfo::PrintCutInfo] ljj	|<	305
[CutInfo::PrintCutInfo] ljj	|>	193.333
[CutInfo::PrintCutInfo] secondLepton_Pt	>	25
CF	0.179735 +- 0.0358266
Fake	0.154437 +- 0.242126
Prompt	2.21406 +- 0.879435
=> total bkg = 2.54823
Signal	Yield	Efficiency	Efficiency@Presel	Punzi
HNElEl_250	1.10712	0.0217833	7.58976e-05	6.49969e-06
=====================================================================

####################################################
TIME STAMP : [2018/1/16 21:8:17] 2700 / 3721 (72.5611 %)
####################################################
[CutInfo::PrintCutInfo] leadingLepton_Pt	>	100
[CutInfo::PrintCutInfo] ljj	|<	305
[CutInfo::PrintCutInfo] ljj	|>	193.333
[CutInfo::PrintCutInfo] secondLepton_Pt	>	25

!!!!!!!!!!!!!!!!!
!!!! UPDATED !!!!
!!!!!!!!!!!!!!!!!

[CutInfo::PrintCutInfo] leadingLepton_Pt	>	100
[CutInfo::PrintCutInfo] ljj	|<	305
[CutInfo::PrintCutInfo] ljj	|>	196.667
[CutInfo::PrintCutInfo] secondLepton_Pt	>	25
CF	0.172283 +- 0.0345398
Fake	0.164382 +- 0.242622
Prompt	2.21069 +- 0.878604
=> total bkg = 2.54736
Signal	Yield	Efficiency	Efficiency@Presel	Punzi
HNElEl_250	1.10712	0.0217833	7.58976e-05	6.50105e-06
=====================================================================


!!!!!!!!!!!!!!!!!
!!!! UPDATED !!!!
!!!!!!!!!!!!!!!!!

[CutInfo::PrintCutInfo] leadingLepton_Pt	>	100
[CutInfo::PrintCutInfo] ljj	|<	315
[CutInfo::PrintCutInfo] ljj	|>	200
[CutInfo::PrintCutInfo] secondLepton_Pt	>	25
CF	0.186043 +- 0.0367637
Fake	0.0782915 +- 0.225702
Prompt	2.35112 +- 0.900155
=> total bkg = 2.61546
Signal	Yield	Efficiency	Efficiency@Presel	Punzi
HNElEl_250	1.12082	0.022	7.68371e-05	6.52032e-06
=====================================================================


!!!!!!!!!!!!!!!!!
!!!! UPDATED !!!!
!!!!!!!!!!!!!!!!!

[CutInfo::PrintCutInfo] leadingLepton_Pt	>	100
[CutInfo::PrintCutInfo] ljj	|<	310
[CutInfo::PrintCutInfo] ljj	|>	200
[CutInfo::PrintCutInfo] secondLepton_Pt	>	25
CF	0.170845 +- 0.0342414
Fake	0.0805187 +- 0.225761
Prompt	2.21614 +- 0.879411
=> total bkg = 2.4675
Signal	Yield	Efficiency	Efficiency@Presel	Punzi
HNElEl_250	1.11088	0.02185	7.61552e-05	6.5779e-06
=====================================================================


!!!!!!!!!!!!!!!!!
!!!! UPDATED !!!!
!!!!!!!!!!!!!!!!!

[CutInfo::PrintCutInfo] leadingLepton_Pt	>	100
[CutInfo::PrintCutInfo] ljj	|<	305
[CutInfo::PrintCutInfo] ljj	|>	200
[CutInfo::PrintCutInfo] secondLepton_Pt	>	25
CF	0.168933 +- 0.0339877
Fake	0.0864352 +- 0.225899
Prompt	2.17369 +- 0.868994
=> total bkg = 2.42906
Signal	Yield	Efficiency	Efficiency@Presel	Punzi
HNElEl_250	1.10712	0.0217833	7.58976e-05	6.59234e-06
=====================================================================

####################################################
TIME STAMP : [2018/1/16 21:8:26] 2800 / 3721 (75.2486 %)
####################################################
[CutInfo::PrintCutInfo] leadingLepton_Pt	>	100
[CutInfo::PrintCutInfo] ljj	|<	305
[CutInfo::PrintCutInfo] ljj	|>	200
[CutInfo::PrintCutInfo] secondLepton_Pt	>	25

!!!!!!!!!!!!!!!!!
!!!! UPDATED !!!!
!!!!!!!!!!!!!!!!!

[CutInfo::PrintCutInfo] leadingLepton_Pt	>	100
[CutInfo::PrintCutInfo] ljj	|<	315
[CutInfo::PrintCutInfo] ljj	|>	203.333
[CutInfo::PrintCutInfo] secondLepton_Pt	>	25
CF	0.178229 +- 0.0354218
Fake	0.078848 +- 0.225719
Prompt	2.25146 +- 0.888973
=> total bkg = 2.50854
Signal	Yield	Efficiency	Efficiency@Presel	Punzi
HNElEl_250	1.12002	0.0219833	7.67823e-05	6.59479e-06
=====================================================================


!!!!!!!!!!!!!!!!!
!!!! UPDATED !!!!
!!!!!!!!!!!!!!!!!

[CutInfo::PrintCutInfo] leadingLepton_Pt	>	100
[CutInfo::PrintCutInfo] ljj	|<	310
[CutInfo::PrintCutInfo] ljj	|>	203.333
[CutInfo::PrintCutInfo] secondLepton_Pt	>	25
CF	0.163031 +- 0.032889
Fake	0.0810753 +- 0.225779
Prompt	2.11648 +- 0.868482
=> total bkg = 2.36058
Signal	Yield	Efficiency	Efficiency@Presel	Punzi
HNElEl_250	1.11008	0.0218333	7.61004e-05	6.65614e-06
=====================================================================


!!!!!!!!!!!!!!!!!
!!!! UPDATED !!!!
!!!!!!!!!!!!!!!!!

[CutInfo::PrintCutInfo] leadingLepton_Pt	>	100
[CutInfo::PrintCutInfo] ljj	|<	305
[CutInfo::PrintCutInfo] ljj	|>	203.333
[CutInfo::PrintCutInfo] secondLepton_Pt	>	25
CF	0.161119 +- 0.0326365
Fake	0.0869918 +- 0.225917
Prompt	2.07403 +- 0.858286
=> total bkg = 2.32214
Signal	Yield	Efficiency	Efficiency@Presel	Punzi
HNElEl_250	1.10632	0.0217667	7.58428e-05	6.67155e-06
=====================================================================

####################################################
TIME STAMP : [2018/1/16 21:8:36] 2900 / 3721 (77.936 %)
####################################################
[CutInfo::PrintCutInfo] leadingLepton_Pt	>	100
[CutInfo::PrintCutInfo] ljj	|<	305
[CutInfo::PrintCutInfo] ljj	|>	203.333
[CutInfo::PrintCutInfo] secondLepton_Pt	>	25

!!!!!!!!!!!!!!!!!
!!!! UPDATED !!!!
!!!!!!!!!!!!!!!!!

[CutInfo::PrintCutInfo] leadingLepton_Pt	>	100
[CutInfo::PrintCutInfo] ljj	|<	305
[CutInfo::PrintCutInfo] ljj	|>	210
[CutInfo::PrintCutInfo] secondLepton_Pt	>	25
CF	0.158786 +- 0.0323262
Fake	0.0880194 +- 0.225951
Prompt	2.04975 +- 0.854306
=> total bkg = 2.29656
Signal	Yield	Efficiency	Efficiency@Presel	Punzi
HNElEl_250	1.10442	0.0217333	7.57127e-05	6.68237e-06
=====================================================================

####################################################
TIME STAMP : [2018/1/16 21:8:46] 3000 / 3721 (80.6235 %)
####################################################
[CutInfo::PrintCutInfo] leadingLepton_Pt	>	100
[CutInfo::PrintCutInfo] ljj	|<	305
[CutInfo::PrintCutInfo] ljj	|>	210
[CutInfo::PrintCutInfo] secondLepton_Pt	>	25

!!!!!!!!!!!!!!!!!
!!!! UPDATED !!!!
!!!!!!!!!!!!!!!!!

[CutInfo::PrintCutInfo] leadingLepton_Pt	>	100
[CutInfo::PrintCutInfo] ljj	|<	305
[CutInfo::PrintCutInfo] ljj	|>	213.333
[CutInfo::PrintCutInfo] secondLepton_Pt	>	25
CF	0.157623 +- 0.0321747
Fake	0.0883163 +- 0.225962
Prompt	2.0336 +- 0.850626
=> total bkg = 2.27954
Signal	Yield	Efficiency	Efficiency@Presel	Punzi
HNElEl_250	1.1035	0.0217	7.56493e-05	6.69294e-06
=====================================================================

####################################################
TIME STAMP : [2018/1/16 21:8:55] 3100 / 3721 (83.3109 %)
####################################################
[CutInfo::PrintCutInfo] leadingLepton_Pt	>	100
[CutInfo::PrintCutInfo] ljj	|<	305
[CutInfo::PrintCutInfo] ljj	|>	213.333
[CutInfo::PrintCutInfo] secondLepton_Pt	>	25

!!!!!!!!!!!!!!!!!
!!!! UPDATED !!!!
!!!!!!!!!!!!!!!!!

[CutInfo::PrintCutInfo] leadingLepton_Pt	>	100
[CutInfo::PrintCutInfo] ljj	|<	305
[CutInfo::PrintCutInfo] ljj	|>	216.667
[CutInfo::PrintCutInfo] secondLepton_Pt	>	25
CF	0.139396 +- 0.0290209
Fake	0.0886069 +- 0.225972
Prompt	2.0187 +- 0.847283
=> total bkg = 2.2467
Signal	Yield	Efficiency	Efficiency@Presel	Punzi
HNElEl_250	1.10153	0.02165	7.55148e-05	6.70815e-06
=====================================================================


!!!!!!!!!!!!!!!!!
!!!! UPDATED !!!!
!!!!!!!!!!!!!!!!!

[CutInfo::PrintCutInfo] leadingLepton_Pt	>	100
[CutInfo::PrintCutInfo] ljj	|<	315
[CutInfo::PrintCutInfo] ljj	|>	220
[CutInfo::PrintCutInfo] secondLepton_Pt	>	25
CF	0.156451 +- 0.0318167
Fake	0.0851393 +- 0.225874
Prompt	2.0028 +- 0.8553
=> total bkg = 2.24439
Signal	Yield	Efficiency	Efficiency@Presel	Punzi
HNElEl_250	1.11394	0.02185	7.63651e-05	6.77552e-06
=====================================================================


!!!!!!!!!!!!!!!!!
!!!! UPDATED !!!!
!!!!!!!!!!!!!!!!!

[CutInfo::PrintCutInfo] leadingLepton_Pt	>	100
[CutInfo::PrintCutInfo] ljj	|<	310
[CutInfo::PrintCutInfo] ljj	|>	220
[CutInfo::PrintCutInfo] secondLepton_Pt	>	25
CF	0.141253 +- 0.0292615
Fake	0.0873666 +- 0.225939
Prompt	1.86782 +- 0.835942
=> total bkg = 2.09644
Signal	Yield	Efficiency	Efficiency@Presel	Punzi
HNElEl_250	1.10399	0.0217	7.56832e-05	6.84685e-06
=====================================================================


!!!!!!!!!!!!!!!!!
!!!! UPDATED !!!!
!!!!!!!!!!!!!!!!!

[CutInfo::PrintCutInfo] leadingLepton_Pt	>	100
[CutInfo::PrintCutInfo] ljj	|<	305
[CutInfo::PrintCutInfo] ljj	|>	220
[CutInfo::PrintCutInfo] secondLepton_Pt	>	25
CF	0.139341 +- 0.0290141
Fake	0.0932831 +- 0.226093
Prompt	1.82537 +- 0.826679
=> total bkg = 2.058
Signal	Yield	Efficiency	Efficiency@Presel	Punzi
HNElEl_250	1.10023	0.0216333	7.54256e-05	6.86445e-06
=====================================================================

####################################################
TIME STAMP : [2018/1/16 21:9:5] 3200 / 3721 (85.9984 %)
####################################################
[CutInfo::PrintCutInfo] leadingLepton_Pt	>	100
[CutInfo::PrintCutInfo] ljj	|<	305
[CutInfo::PrintCutInfo] ljj	|>	220
[CutInfo::PrintCutInfo] secondLepton_Pt	>	25

!!!!!!!!!!!!!!!!!
!!!! UPDATED !!!!
!!!!!!!!!!!!!!!!!

[CutInfo::PrintCutInfo] leadingLepton_Pt	>	100
[CutInfo::PrintCutInfo] ljj	|<	330
[CutInfo::PrintCutInfo] ljj	|>	223.333
[CutInfo::PrintCutInfo] secondLepton_Pt	>	25
CF	0.175641 +- 0.0353288
Fake	0 +- 0
Prompt	2.06507 +- 0.835311
=> total bkg = 2.24071
Signal	Yield	Efficiency	Efficiency@Presel	Punzi
HNElEl_250	1.11983	0.022	7.67687e-05	6.87543e-06
=====================================================================


!!!!!!!!!!!!!!!!!
!!!! UPDATED !!!!
!!!!!!!!!!!!!!!!!

[CutInfo::PrintCutInfo] leadingLepton_Pt	>	100
[CutInfo::PrintCutInfo] ljj	|<	325
[CutInfo::PrintCutInfo] ljj	|>	223.333
[CutInfo::PrintCutInfo] secondLepton_Pt	>	25
CF	0.171216 +- 0.0345677
Fake	0 +- 0
Prompt	1.94965 +- 0.819012
=> total bkg = 2.12087
Signal	Yield	Efficiency	Efficiency@Presel	Punzi
HNElEl_250	1.11913	0.0219833	7.67209e-05	6.98272e-06
=====================================================================


!!!!!!!!!!!!!!!!!
!!!! UPDATED !!!!
!!!!!!!!!!!!!!!!!

[CutInfo::PrintCutInfo] leadingLepton_Pt	>	100
[CutInfo::PrintCutInfo] ljj	|<	320
[CutInfo::PrintCutInfo] ljj	|>	223.333
[CutInfo::PrintCutInfo] secondLepton_Pt	>	25
CF	0.164473 +- 0.0334075
Fake	0 +- 0
Prompt	1.92595 +- 0.8132
=> total bkg = 2.09042
Signal	Yield	Efficiency	Efficiency@Presel	Punzi
HNElEl_250	1.11597	0.0219333	7.65048e-05	6.99452e-06
=====================================================================


!!!!!!!!!!!!!!!!!
!!!! UPDATED !!!!
!!!!!!!!!!!!!!!!!

[CutInfo::PrintCutInfo] leadingLepton_Pt	>	100
[CutInfo::PrintCutInfo] ljj	|<	315
[CutInfo::PrintCutInfo] ljj	|>	223.333
[CutInfo::PrintCutInfo] secondLepton_Pt	>	25
CF	0.145234 +- 0.0298598
Fake	0 +- 0
Prompt	1.41242 +- 0.61307
=> total bkg = 1.55765
Signal	Yield	Efficiency	Efficiency@Presel	Punzi
HNElEl_250	1.11059	0.0218	7.61353e-05	7.74199e-06
=====================================================================


!!!!!!!!!!!!!!!!!
!!!! UPDATED !!!!
!!!!!!!!!!!!!!!!!

[CutInfo::PrintCutInfo] leadingLepton_Pt	>	100
[CutInfo::PrintCutInfo] ljj	|<	310
[CutInfo::PrintCutInfo] ljj	|>	223.333
[CutInfo::PrintCutInfo] secondLepton_Pt	>	25
CF	0.130035 +- 0.0272814
Fake	0 +- 0
Prompt	1.27743 +- 0.588475
=> total bkg = 1.40747
Signal	Yield	Efficiency	Efficiency@Presel	Punzi
HNElEl_250	1.10064	0.02165	7.54534e-05	7.8913e-06
=====================================================================


!!!!!!!!!!!!!!!!!
!!!! UPDATED !!!!
!!!!!!!!!!!!!!!!!

[CutInfo::PrintCutInfo] leadingLepton_Pt	>	100
[CutInfo::PrintCutInfo] ljj	|<	305
[CutInfo::PrintCutInfo] ljj	|>	223.333
[CutInfo::PrintCutInfo] secondLepton_Pt	>	25
CF	0.128124 +- 0.0270362
Fake	0 +- 0
Prompt	1.23499 +- 0.577088
=> total bkg = 1.36311
Signal	Yield	Efficiency	Efficiency@Presel	Punzi
HNElEl_250	1.09688	0.0215833	7.51958e-05	7.9393e-06
=====================================================================

####################################################
TIME STAMP : [2018/1/16 21:9:15] 3300 / 3721 (88.6858 %)
####################################################
[CutInfo::PrintCutInfo] leadingLepton_Pt	>	100
[CutInfo::PrintCutInfo] ljj	|<	305
[CutInfo::PrintCutInfo] ljj	|>	223.333
[CutInfo::PrintCutInfo] secondLepton_Pt	>	25
####################################################
TIME STAMP : [2018/1/16 21:9:24] 3400 / 3721 (91.3733 %)
####################################################
[CutInfo::PrintCutInfo] leadingLepton_Pt	>	100
[CutInfo::PrintCutInfo] ljj	|<	305
[CutInfo::PrintCutInfo] ljj	|>	223.333
[CutInfo::PrintCutInfo] secondLepton_Pt	>	25

!!!!!!!!!!!!!!!!!
!!!! UPDATED !!!!
!!!!!!!!!!!!!!!!!

[CutInfo::PrintCutInfo] leadingLepton_Pt	>	100
[CutInfo::PrintCutInfo] ljj	|<	310
[CutInfo::PrintCutInfo] ljj	|>	233.333
[CutInfo::PrintCutInfo] secondLepton_Pt	>	25
CF	0.112634 +- 0.0242081
Fake	0 +- 0
Prompt	1.09753 +- 0.553408
=> total bkg = 1.21017
Signal	Yield	Efficiency	Efficiency@Presel	Punzi
HNElEl_250	1.07716	0.0212	7.38437e-05	8.04448e-06
=====================================================================


!!!!!!!!!!!!!!!!!
!!!! UPDATED !!!!
!!!!!!!!!!!!!!!!!

[CutInfo::PrintCutInfo] leadingLepton_Pt	>	100
[CutInfo::PrintCutInfo] ljj	|<	305
[CutInfo::PrintCutInfo] ljj	|>	233.333
[CutInfo::PrintCutInfo] secondLepton_Pt	>	25
CF	0.110722 +- 0.023967
Fake	0 +- 0
Prompt	1.05509 +- 0.543407
=> total bkg = 1.16581
Signal	Yield	Efficiency	Efficiency@Presel	Punzi
HNElEl_250	1.0734	0.0211333	7.35861e-05	8.0987e-06
=====================================================================

####################################################
TIME STAMP : [2018/1/16 21:9:34] 3500 / 3721 (94.0607 %)
####################################################
[CutInfo::PrintCutInfo] leadingLepton_Pt	>	100
[CutInfo::PrintCutInfo] ljj	|<	305
[CutInfo::PrintCutInfo] ljj	|>	233.333
[CutInfo::PrintCutInfo] secondLepton_Pt	>	25
####################################################
TIME STAMP : [2018/1/16 21:9:43] 3600 / 3721 (96.7482 %)
####################################################
[CutInfo::PrintCutInfo] leadingLepton_Pt	>	100
[CutInfo::PrintCutInfo] ljj	|<	305
[CutInfo::PrintCutInfo] ljj	|>	233.333
[CutInfo::PrintCutInfo] secondLepton_Pt	>	25
####################################################
TIME STAMP : [2018/1/16 21:9:53] 3700 / 3721 (99.4356 %)
####################################################
[CutInfo::PrintCutInfo] leadingLepton_Pt	>	100
[CutInfo::PrintCutInfo] ljj	|<	305
[CutInfo::PrintCutInfo] ljj	|>	233.333
[CutInfo::PrintCutInfo] secondLepton_Pt	>	25

##################
#### FINISHED ####
##################

[CutInfo::PrintCutInfo] leadingLepton_Pt	>	100
[CutInfo::PrintCutInfo] ljj	|<	305
[CutInfo::PrintCutInfo] ljj	|>	233.333
[CutInfo::PrintCutInfo] secondLepton_Pt	>	25
CF	0.110722 +- 0.023967
Fake	0 +- 0
Prompt	1.05509 +- 0.543407
=> total bkg = 1.16581
Signal	Yield	Efficiency	Efficiency@Presel	Punzi
HNElEl_250	1.0734	0.0211333	7.35861e-05	8.0987e-06
