
Processing CyclesForOptimization_ElEl_Bin2/HNElEl_150.C...
[AnalysisInputs::SetMCSF] Get MC SF from /data8/Users/jskim/HN_dilepton_plotter/data/v8-0-7.37_PreApproval/MCSF.txt
[AnalysisInputs::SetMCSF] sample : VVV
[AnalysisInputs::SetMCSF] => MCSF = 1, MCSF_err = 0.5
[AnalysisInputs::SetMCSF] sample : WWW
[AnalysisInputs::SetMCSF] => MCSF = 1, MCSF_err = 0.5
[AnalysisInputs::SetMCSF] sample : WWZ
[AnalysisInputs::SetMCSF] => MCSF = 1, MCSF_err = 0.5
[AnalysisInputs::SetMCSF] sample : WZZ
[AnalysisInputs::SetMCSF] => MCSF = 1, MCSF_err = 0.5
[AnalysisInputs::SetMCSF] sample : ZZZ
[AnalysisInputs::SetMCSF] => MCSF = 1, MCSF_err = 0.5
[AnalysisInputs::SetMCSF] sample : ttV
[AnalysisInputs::SetMCSF] => MCSF = 1, MCSF_err = 0.5
[AnalysisInputs::SetMCSF] sample : ttW
[AnalysisInputs::SetMCSF] => MCSF = 1, MCSF_err = 0.5
[AnalysisInputs::SetMCSF] sample : ttZ
[AnalysisInputs::SetMCSF] => MCSF = 1, MCSF_err = 0.5
[AnalysisInputs::SetMCSF] sample : ttH_nonbb
[AnalysisInputs::SetMCSF] => MCSF = 1, MCSF_err = 0.5
[AnalysisInputs::SetMCSF] sample : top
[AnalysisInputs::SetMCSF] => MCSF = 1, MCSF_err = 0.5
[AnalysisInputs::SetMCSF] sample : WWTo2L2Nu_DS
[AnalysisInputs::SetMCSF] => MCSF = 1, MCSF_err = 0.5
[AnalysisInputs::SetMCSF] sample : WpWpEWK
[AnalysisInputs::SetMCSF] => MCSF = 1, MCSF_err = 0.5
[AnalysisInputs::SetMCSF] sample : WpWpQCD
[AnalysisInputs::SetMCSF] => MCSF = 1, MCSF_err = 0.5
[AnalysisInputs::SetMCSF] sample : WZTo3LNu_mllmin01
[AnalysisInputs::SetMCSF] => MCSF = 0.65, MCSF_err = 0.06
[AnalysisInputs::SetMCSF] sample : WZTo3LNu_powheg
[AnalysisInputs::SetMCSF] => MCSF = 1.05044, MCSF_err = 0.0648798
[AnalysisInputs::SetMCSF] sample : ZGto2LG
[AnalysisInputs::SetMCSF] => MCSF = 1.09954, MCSF_err = 0.076377
[AnalysisInputs::SetMCSF] sample : WGtoLNuG
[AnalysisInputs::SetMCSF] => MCSF = 1, MCSF_err = 0.076377
[AnalysisInputs::SetMCSF] sample : WGtoLNuG_weighted
[AnalysisInputs::SetMCSF] => MCSF = 1, MCSF_err = 0.076377
[AnalysisInputs::SetMCSF] sample : ZZTo4L_powheg
[AnalysisInputs::SetMCSF] => MCSF = 0.978852, MCSF_err = 0.0792882
[AnalysisInputs::SetMCSF] sample : ggZZto2e2mu
[AnalysisInputs::SetMCSF] => MCSF = 0.978852, MCSF_err = 0.0792882
[AnalysisInputs::SetMCSF] sample : ggZZto2e2nu
[AnalysisInputs::SetMCSF] => MCSF = 0.978852, MCSF_err = 0.0792882
[AnalysisInputs::SetMCSF] sample : ggZZto2e2tau
[AnalysisInputs::SetMCSF] => MCSF = 0.978852, MCSF_err = 0.0792882
[AnalysisInputs::SetMCSF] sample : ggZZto2mu2nu
[AnalysisInputs::SetMCSF] => MCSF = 0.978852, MCSF_err = 0.0792882
[AnalysisInputs::SetMCSF] sample : ggZZto2mu2tau
[AnalysisInputs::SetMCSF] => MCSF = 0.978852, MCSF_err = 0.0792882
[AnalysisInputs::SetMCSF] sample : ggZZto4e
[AnalysisInputs::SetMCSF] => MCSF = 0.978852, MCSF_err = 0.0792882
[AnalysisInputs::SetMCSF] sample : ggZZto4mu
[AnalysisInputs::SetMCSF] => MCSF = 0.978852, MCSF_err = 0.0792882
[AnalysisInputs::SetMCSF] sample : ggZZto4tau
[AnalysisInputs::SetMCSF] => MCSF = 0.978852, MCSF_err = 0.0792882
[AnalysisInputs::SetMCSF] sample : ggHtoZZ
[AnalysisInputs::SetMCSF] => MCSF = 0.978852, MCSF_err = 0.0792882
[AnalysisInputs::SetCalculatedSysts] Get Systematics from /data8/Users/jskim/HN_dilepton_plotter/data/v8-0-7.37_PreApproval/Syst.txt
[AnalysisInputs::SetCalculatedSysts] source : Luminosity
[AnalysisInputs::SetCalculatedSysts] => % sysematic = 0.025
[AnalysisInputs::SetCalculatedSysts] source : FakeLooseID
[AnalysisInputs::SetCalculatedSysts] => % sysematic = 0.3
[AnalysisInputs::SetCalculatedSysts] source : ChrageFlipSyst
[AnalysisInputs::SetCalculatedSysts] => % sysematic = 0.16
[CutRangeInfo::ReadCutCard] Get Cutcard from /data8/Users/jskim/HN_dilepton_plotter/data/v8-0-7.37_PreApproval/CutOpCard/RunDirectory/CyclesForOptimization_ElEl_Bin2/Cards//HNElEl_150.txt

##################################################
#### TOTAL # of Loop = 3721
##################################################

[CutRangeInfo::PrintCutRangeInfo] leadingLepton_Pt_>
[CutInfo::PrintCutInfo] leadingLepton_Pt	>	90
[CutRangeInfo::PrintCutRangeInfo] m_SubLeadljj_jjWclosest_<
[CutInfo::PrintCutInfo] m_SubLeadljj_jjWclosest	<	450
[CutInfo::PrintCutInfo] m_SubLeadljj_jjWclosest	<	445
[CutInfo::PrintCutInfo] m_SubLeadljj_jjWclosest	<	440
[CutInfo::PrintCutInfo] m_SubLeadljj_jjWclosest	<	435
[CutInfo::PrintCutInfo] m_SubLeadljj_jjWclosest	<	430
[CutInfo::PrintCutInfo] m_SubLeadljj_jjWclosest	<	425
[CutInfo::PrintCutInfo] m_SubLeadljj_jjWclosest	<	420
[CutInfo::PrintCutInfo] m_SubLeadljj_jjWclosest	<	415
[CutInfo::PrintCutInfo] m_SubLeadljj_jjWclosest	<	410
[CutInfo::PrintCutInfo] m_SubLeadljj_jjWclosest	<	405
[CutInfo::PrintCutInfo] m_SubLeadljj_jjWclosest	<	400
[CutInfo::PrintCutInfo] m_SubLeadljj_jjWclosest	<	395
[CutInfo::PrintCutInfo] m_SubLeadljj_jjWclosest	<	390
[CutInfo::PrintCutInfo] m_SubLeadljj_jjWclosest	<	385
[CutInfo::PrintCutInfo] m_SubLeadljj_jjWclosest	<	380
[CutInfo::PrintCutInfo] m_SubLeadljj_jjWclosest	<	375
[CutInfo::PrintCutInfo] m_SubLeadljj_jjWclosest	<	370
[CutInfo::PrintCutInfo] m_SubLeadljj_jjWclosest	<	365
[CutInfo::PrintCutInfo] m_SubLeadljj_jjWclosest	<	360
[CutInfo::PrintCutInfo] m_SubLeadljj_jjWclosest	<	355
[CutInfo::PrintCutInfo] m_SubLeadljj_jjWclosest	<	350
[CutInfo::PrintCutInfo] m_SubLeadljj_jjWclosest	<	345
[CutInfo::PrintCutInfo] m_SubLeadljj_jjWclosest	<	340
[CutInfo::PrintCutInfo] m_SubLeadljj_jjWclosest	<	335
[CutInfo::PrintCutInfo] m_SubLeadljj_jjWclosest	<	330
[CutInfo::PrintCutInfo] m_SubLeadljj_jjWclosest	<	325
[CutInfo::PrintCutInfo] m_SubLeadljj_jjWclosest	<	320
[CutInfo::PrintCutInfo] m_SubLeadljj_jjWclosest	<	315
[CutInfo::PrintCutInfo] m_SubLeadljj_jjWclosest	<	310
[CutInfo::PrintCutInfo] m_SubLeadljj_jjWclosest	<	305
[CutInfo::PrintCutInfo] m_SubLeadljj_jjWclosest	<	300
[CutInfo::PrintCutInfo] m_SubLeadljj_jjWclosest	<	295
[CutInfo::PrintCutInfo] m_SubLeadljj_jjWclosest	<	290
[CutInfo::PrintCutInfo] m_SubLeadljj_jjWclosest	<	285
[CutInfo::PrintCutInfo] m_SubLeadljj_jjWclosest	<	280
[CutInfo::PrintCutInfo] m_SubLeadljj_jjWclosest	<	275
[CutInfo::PrintCutInfo] m_SubLeadljj_jjWclosest	<	270
[CutInfo::PrintCutInfo] m_SubLeadljj_jjWclosest	<	265
[CutInfo::PrintCutInfo] m_SubLeadljj_jjWclosest	<	260
[CutInfo::PrintCutInfo] m_SubLeadljj_jjWclosest	<	255
[CutInfo::PrintCutInfo] m_SubLeadljj_jjWclosest	<	250
[CutInfo::PrintCutInfo] m_SubLeadljj_jjWclosest	<	245
[CutInfo::PrintCutInfo] m_SubLeadljj_jjWclosest	<	240
[CutInfo::PrintCutInfo] m_SubLeadljj_jjWclosest	<	235
[CutInfo::PrintCutInfo] m_SubLeadljj_jjWclosest	<	230
[CutInfo::PrintCutInfo] m_SubLeadljj_jjWclosest	<	225
[CutInfo::PrintCutInfo] m_SubLeadljj_jjWclosest	<	220
[CutInfo::PrintCutInfo] m_SubLeadljj_jjWclosest	<	215
[CutInfo::PrintCutInfo] m_SubLeadljj_jjWclosest	<	210
[CutInfo::PrintCutInfo] m_SubLeadljj_jjWclosest	<	205
[CutInfo::PrintCutInfo] m_SubLeadljj_jjWclosest	<	200
[CutInfo::PrintCutInfo] m_SubLeadljj_jjWclosest	<	195
[CutInfo::PrintCutInfo] m_SubLeadljj_jjWclosest	<	190
[CutInfo::PrintCutInfo] m_SubLeadljj_jjWclosest	<	185
[CutInfo::PrintCutInfo] m_SubLeadljj_jjWclosest	<	180
[CutInfo::PrintCutInfo] m_SubLeadljj_jjWclosest	<	175
[CutInfo::PrintCutInfo] m_SubLeadljj_jjWclosest	<	170
[CutInfo::PrintCutInfo] m_SubLeadljj_jjWclosest	<	165
[CutInfo::PrintCutInfo] m_SubLeadljj_jjWclosest	<	160
[CutInfo::PrintCutInfo] m_SubLeadljj_jjWclosest	<	155
[CutInfo::PrintCutInfo] m_SubLeadljj_jjWclosest	<	150
[CutRangeInfo::PrintCutRangeInfo] m_SubLeadljj_jjWclosest_>
[CutInfo::PrintCutInfo] m_SubLeadljj_jjWclosest	>	0
[CutInfo::PrintCutInfo] m_SubLeadljj_jjWclosest	>	2.5
[CutInfo::PrintCutInfo] m_SubLeadljj_jjWclosest	>	5
[CutInfo::PrintCutInfo] m_SubLeadljj_jjWclosest	>	7.5
[CutInfo::PrintCutInfo] m_SubLeadljj_jjWclosest	>	10
[CutInfo::PrintCutInfo] m_SubLeadljj_jjWclosest	>	12.5
[CutInfo::PrintCutInfo] m_SubLeadljj_jjWclosest	>	15
[CutInfo::PrintCutInfo] m_SubLeadljj_jjWclosest	>	17.5
[CutInfo::PrintCutInfo] m_SubLeadljj_jjWclosest	>	20
[CutInfo::PrintCutInfo] m_SubLeadljj_jjWclosest	>	22.5
[CutInfo::PrintCutInfo] m_SubLeadljj_jjWclosest	>	25
[CutInfo::PrintCutInfo] m_SubLeadljj_jjWclosest	>	27.5
[CutInfo::PrintCutInfo] m_SubLeadljj_jjWclosest	>	30
[CutInfo::PrintCutInfo] m_SubLeadljj_jjWclosest	>	32.5
[CutInfo::PrintCutInfo] m_SubLeadljj_jjWclosest	>	35
[CutInfo::PrintCutInfo] m_SubLeadljj_jjWclosest	>	37.5
[CutInfo::PrintCutInfo] m_SubLeadljj_jjWclosest	>	40
[CutInfo::PrintCutInfo] m_SubLeadljj_jjWclosest	>	42.5
[CutInfo::PrintCutInfo] m_SubLeadljj_jjWclosest	>	45
[CutInfo::PrintCutInfo] m_SubLeadljj_jjWclosest	>	47.5
[CutInfo::PrintCutInfo] m_SubLeadljj_jjWclosest	>	50
[CutInfo::PrintCutInfo] m_SubLeadljj_jjWclosest	>	52.5
[CutInfo::PrintCutInfo] m_SubLeadljj_jjWclosest	>	55
[CutInfo::PrintCutInfo] m_SubLeadljj_jjWclosest	>	57.5
[CutInfo::PrintCutInfo] m_SubLeadljj_jjWclosest	>	60
[CutInfo::PrintCutInfo] m_SubLeadljj_jjWclosest	>	62.5
[CutInfo::PrintCutInfo] m_SubLeadljj_jjWclosest	>	65
[CutInfo::PrintCutInfo] m_SubLeadljj_jjWclosest	>	67.5
[CutInfo::PrintCutInfo] m_SubLeadljj_jjWclosest	>	70
[CutInfo::PrintCutInfo] m_SubLeadljj_jjWclosest	>	72.5
[CutInfo::PrintCutInfo] m_SubLeadljj_jjWclosest	>	75
[CutInfo::PrintCutInfo] m_SubLeadljj_jjWclosest	>	77.5
[CutInfo::PrintCutInfo] m_SubLeadljj_jjWclosest	>	80
[CutInfo::PrintCutInfo] m_SubLeadljj_jjWclosest	>	82.5
[CutInfo::PrintCutInfo] m_SubLeadljj_jjWclosest	>	85
[CutInfo::PrintCutInfo] m_SubLeadljj_jjWclosest	>	87.5
[CutInfo::PrintCutInfo] m_SubLeadljj_jjWclosest	>	90
[CutInfo::PrintCutInfo] m_SubLeadljj_jjWclosest	>	92.5
[CutInfo::PrintCutInfo] m_SubLeadljj_jjWclosest	>	95
[CutInfo::PrintCutInfo] m_SubLeadljj_jjWclosest	>	97.5
[CutInfo::PrintCutInfo] m_SubLeadljj_jjWclosest	>	100
[CutInfo::PrintCutInfo] m_SubLeadljj_jjWclosest	>	102.5
[CutInfo::PrintCutInfo] m_SubLeadljj_jjWclosest	>	105
[CutInfo::PrintCutInfo] m_SubLeadljj_jjWclosest	>	107.5
[CutInfo::PrintCutInfo] m_SubLeadljj_jjWclosest	>	110
[CutInfo::PrintCutInfo] m_SubLeadljj_jjWclosest	>	112.5
[CutInfo::PrintCutInfo] m_SubLeadljj_jjWclosest	>	115
[CutInfo::PrintCutInfo] m_SubLeadljj_jjWclosest	>	117.5
[CutInfo::PrintCutInfo] m_SubLeadljj_jjWclosest	>	120
[CutInfo::PrintCutInfo] m_SubLeadljj_jjWclosest	>	122.5
[CutInfo::PrintCutInfo] m_SubLeadljj_jjWclosest	>	125
[CutInfo::PrintCutInfo] m_SubLeadljj_jjWclosest	>	127.5
[CutInfo::PrintCutInfo] m_SubLeadljj_jjWclosest	>	130
[CutInfo::PrintCutInfo] m_SubLeadljj_jjWclosest	>	132.5
[CutInfo::PrintCutInfo] m_SubLeadljj_jjWclosest	>	135
[CutInfo::PrintCutInfo] m_SubLeadljj_jjWclosest	>	137.5
[CutInfo::PrintCutInfo] m_SubLeadljj_jjWclosest	>	140
[CutInfo::PrintCutInfo] m_SubLeadljj_jjWclosest	>	142.5
[CutInfo::PrintCutInfo] m_SubLeadljj_jjWclosest	>	145
[CutInfo::PrintCutInfo] m_SubLeadljj_jjWclosest	>	147.5
[CutInfo::PrintCutInfo] m_SubLeadljj_jjWclosest	>	150
[CutRangeInfo::PrintCutRangeInfo] secondLepton_Pt_>
[CutInfo::PrintCutInfo] secondLepton_Pt	>	15

##############################
#### OPTIMIZATION STARTED ####
##############################


!!!!!!!!!!!!!!!!!
!!!! UPDATED !!!!
!!!!!!!!!!!!!!!!!

[CutInfo::PrintCutInfo] leadingLepton_Pt	>	90
[CutInfo::PrintCutInfo] m_SubLeadljj_jjWclosest	<	450
[CutInfo::PrintCutInfo] m_SubLeadljj_jjWclosest	>	0
[CutInfo::PrintCutInfo] secondLepton_Pt	>	15
CF	0.531702 +- 0.0932071
Fake	0.865117 +- 0.496122
Prompt	5.8831 +- 1.59955
=> total bkg = 7.27992
Signal	Yield	Efficiency	Efficiency@Presel	Punzi
HNElEl_150	0.918264	0.00241667	9.60426e-05	3.66397e-06
=====================================================================


!!!!!!!!!!!!!!!!!
!!!! UPDATED !!!!
!!!!!!!!!!!!!!!!!

[CutInfo::PrintCutInfo] leadingLepton_Pt	>	90
[CutInfo::PrintCutInfo] m_SubLeadljj_jjWclosest	<	445
[CutInfo::PrintCutInfo] m_SubLeadljj_jjWclosest	>	0
[CutInfo::PrintCutInfo] secondLepton_Pt	>	15
CF	0.526908 +- 0.0924346
Fake	0.865339 +- 0.496156
Prompt	5.79243 +- 1.58913
=> total bkg = 7.18468
Signal	Yield	Efficiency	Efficiency@Presel	Punzi
HNElEl_150	0.918264	0.00241667	9.60426e-05	3.68186e-06
=====================================================================


!!!!!!!!!!!!!!!!!
!!!! UPDATED !!!!
!!!!!!!!!!!!!!!!!

[CutInfo::PrintCutInfo] leadingLepton_Pt	>	90
[CutInfo::PrintCutInfo] m_SubLeadljj_jjWclosest	<	435
[CutInfo::PrintCutInfo] m_SubLeadljj_jjWclosest	>	0
[CutInfo::PrintCutInfo] secondLepton_Pt	>	15
CF	0.515043 +- 0.0904972
Fake	0.866022 +- 0.496263
Prompt	5.78715 +- 1.58732
=> total bkg = 7.16822
Signal	Yield	Efficiency	Efficiency@Presel	Punzi
HNElEl_150	0.918264	0.00241667	9.60426e-05	3.68502e-06
=====================================================================


!!!!!!!!!!!!!!!!!
!!!! UPDATED !!!!
!!!!!!!!!!!!!!!!!

[CutInfo::PrintCutInfo] leadingLepton_Pt	>	90
[CutInfo::PrintCutInfo] m_SubLeadljj_jjWclosest	<	430
[CutInfo::PrintCutInfo] m_SubLeadljj_jjWclosest	>	0
[CutInfo::PrintCutInfo] secondLepton_Pt	>	15
CF	0.509217 +- 0.0895767
Fake	0.865992 +- 0.496259
Prompt	5.78715 +- 1.58732
=> total bkg = 7.16236
Signal	Yield	Efficiency	Efficiency@Presel	Punzi
HNElEl_150	0.918264	0.00241667	9.60426e-05	3.68587e-06
=====================================================================


!!!!!!!!!!!!!!!!!
!!!! UPDATED !!!!
!!!!!!!!!!!!!!!!!

[CutInfo::PrintCutInfo] leadingLepton_Pt	>	90
[CutInfo::PrintCutInfo] m_SubLeadljj_jjWclosest	<	425
[CutInfo::PrintCutInfo] m_SubLeadljj_jjWclosest	>	0
[CutInfo::PrintCutInfo] secondLepton_Pt	>	15
CF	0.508869 +- 0.0895257
Fake	0.866748 +- 0.496377
Prompt	5.7778 +- 1.58412
=> total bkg = 7.15342
Signal	Yield	Efficiency	Efficiency@Presel	Punzi
HNElEl_150	0.918264	0.00241667	9.60426e-05	3.68855e-06
=====================================================================


!!!!!!!!!!!!!!!!!
!!!! UPDATED !!!!
!!!!!!!!!!!!!!!!!

[CutInfo::PrintCutInfo] leadingLepton_Pt	>	90
[CutInfo::PrintCutInfo] m_SubLeadljj_jjWclosest	<	420
[CutInfo::PrintCutInfo] m_SubLeadljj_jjWclosest	>	0
[CutInfo::PrintCutInfo] secondLepton_Pt	>	15
CF	0.4946 +- 0.0872247
Fake	0.742034 +- 0.460679
Prompt	5.72325 +- 1.58031
=> total bkg = 6.95988
Signal	Yield	Efficiency	Efficiency@Presel	Punzi
HNElEl_150	0.912422	0.0024	9.54316e-05	3.69929e-06
=====================================================================


!!!!!!!!!!!!!!!!!
!!!! UPDATED !!!!
!!!!!!!!!!!!!!!!!

[CutInfo::PrintCutInfo] leadingLepton_Pt	>	90
[CutInfo::PrintCutInfo] m_SubLeadljj_jjWclosest	<	415
[CutInfo::PrintCutInfo] m_SubLeadljj_jjWclosest	>	0
[CutInfo::PrintCutInfo] secondLepton_Pt	>	15
CF	0.494187 +- 0.0871639
Fake	0.742034 +- 0.460679
Prompt	5.70895 +- 1.57546
=> total bkg = 6.94517
Signal	Yield	Efficiency	Efficiency@Presel	Punzi
HNElEl_150	0.912422	0.0024	9.54316e-05	3.70364e-06
=====================================================================


!!!!!!!!!!!!!!!!!
!!!! UPDATED !!!!
!!!!!!!!!!!!!!!!!

[CutInfo::PrintCutInfo] leadingLepton_Pt	>	90
[CutInfo::PrintCutInfo] m_SubLeadljj_jjWclosest	<	410
[CutInfo::PrintCutInfo] m_SubLeadljj_jjWclosest	>	0
[CutInfo::PrintCutInfo] secondLepton_Pt	>	15
CF	0.490732 +- 0.086626
Fake	0.74228 +- 0.460715
Prompt	5.70214 +- 1.57315
=> total bkg = 6.93515
Signal	Yield	Efficiency	Efficiency@Presel	Punzi
HNElEl_150	0.912422	0.0024	9.54316e-05	3.70616e-06
=====================================================================


!!!!!!!!!!!!!!!!!
!!!! UPDATED !!!!
!!!!!!!!!!!!!!!!!

[CutInfo::PrintCutInfo] leadingLepton_Pt	>	90
[CutInfo::PrintCutInfo] m_SubLeadljj_jjWclosest	<	405
[CutInfo::PrintCutInfo] m_SubLeadljj_jjWclosest	>	0
[CutInfo::PrintCutInfo] secondLepton_Pt	>	15
CF	0.489609 +- 0.0864609
Fake	0.742761 +- 0.460785
Prompt	5.66392 +- 1.56522
=> total bkg = 6.89629
Signal	Yield	Efficiency	Efficiency@Presel	Punzi
HNElEl_150	0.912422	0.0024	9.54316e-05	3.71547e-06
=====================================================================


!!!!!!!!!!!!!!!!!
!!!! UPDATED !!!!
!!!!!!!!!!!!!!!!!

[CutInfo::PrintCutInfo] leadingLepton_Pt	>	90
[CutInfo::PrintCutInfo] m_SubLeadljj_jjWclosest	<	400
[CutInfo::PrintCutInfo] m_SubLeadljj_jjWclosest	>	0
[CutInfo::PrintCutInfo] secondLepton_Pt	>	15
CF	0.480985 +- 0.0850802
Fake	0.743764 +- 0.46093
Prompt	5.64906 +- 1.56019
=> total bkg = 6.87381
Signal	Yield	Efficiency	Efficiency@Presel	Punzi
HNElEl_150	0.912422	0.0024	9.54316e-05	3.7211e-06
=====================================================================


!!!!!!!!!!!!!!!!!
!!!! UPDATED !!!!
!!!!!!!!!!!!!!!!!

[CutInfo::PrintCutInfo] leadingLepton_Pt	>	90
[CutInfo::PrintCutInfo] m_SubLeadljj_jjWclosest	<	395
[CutInfo::PrintCutInfo] m_SubLeadljj_jjWclosest	>	0
[CutInfo::PrintCutInfo] secondLepton_Pt	>	15
CF	0.475721 +- 0.0842491
Fake	0.744243 +- 0.460999
Prompt	5.64325 +- 1.55823
=> total bkg = 6.86321
Signal	Yield	Efficiency	Efficiency@Presel	Punzi
HNElEl_150	0.912422	0.0024	9.54316e-05	3.72358e-06
=====================================================================


!!!!!!!!!!!!!!!!!
!!!! UPDATED !!!!
!!!!!!!!!!!!!!!!!

[CutInfo::PrintCutInfo] leadingLepton_Pt	>	90
[CutInfo::PrintCutInfo] m_SubLeadljj_jjWclosest	<	390
[CutInfo::PrintCutInfo] m_SubLeadljj_jjWclosest	>	0
[CutInfo::PrintCutInfo] secondLepton_Pt	>	15
CF	0.470515 +- 0.0834066
Fake	0.74513 +- 0.461128
Prompt	5.63366 +- 1.555
=> total bkg = 6.8493
Signal	Yield	Efficiency	Efficiency@Presel	Punzi
HNElEl_150	0.912422	0.0024	9.54316e-05	3.72713e-06
=====================================================================


!!!!!!!!!!!!!!!!!
!!!! UPDATED !!!!
!!!!!!!!!!!!!!!!!

[CutInfo::PrintCutInfo] leadingLepton_Pt	>	90
[CutInfo::PrintCutInfo] m_SubLeadljj_jjWclosest	<	375
[CutInfo::PrintCutInfo] m_SubLeadljj_jjWclosest	>	0
[CutInfo::PrintCutInfo] secondLepton_Pt	>	15
CF	0.433149 +- 0.0772058
Fake	0.574138 +- 0.417426
Prompt	5.60631 +- 1.54584
=> total bkg = 6.6136
Signal	Yield	Efficiency	Efficiency@Presel	Punzi
HNElEl_150	0.901708	0.00238333	9.43111e-05	3.72876e-06
=====================================================================


!!!!!!!!!!!!!!!!!
!!!! UPDATED !!!!
!!!!!!!!!!!!!!!!!

[CutInfo::PrintCutInfo] leadingLepton_Pt	>	90
[CutInfo::PrintCutInfo] m_SubLeadljj_jjWclosest	<	370
[CutInfo::PrintCutInfo] m_SubLeadljj_jjWclosest	>	0
[CutInfo::PrintCutInfo] secondLepton_Pt	>	15
CF	0.433119 +- 0.0772016
Fake	0.574138 +- 0.417426
Prompt	5.49932 +- 1.53224
=> total bkg = 6.50657
Signal	Yield	Efficiency	Efficiency@Presel	Punzi
HNElEl_150	0.897314	0.00236667	9.38514e-05	3.73344e-06
=====================================================================


!!!!!!!!!!!!!!!!!
!!!! UPDATED !!!!
!!!!!!!!!!!!!!!!!

[CutInfo::PrintCutInfo] leadingLepton_Pt	>	90
[CutInfo::PrintCutInfo] m_SubLeadljj_jjWclosest	<	365
[CutInfo::PrintCutInfo] m_SubLeadljj_jjWclosest	>	0
[CutInfo::PrintCutInfo] secondLepton_Pt	>	15
CF	0.416282 +- 0.0742408
Fake	0.5169 +- 0.406547
Prompt	5.51158 +- 1.5295
=> total bkg = 6.44477
Signal	Yield	Efficiency	Efficiency@Presel	Punzi
HNElEl_150	0.897314	0.00236667	9.38514e-05	3.74585e-06
=====================================================================


!!!!!!!!!!!!!!!!!
!!!! UPDATED !!!!
!!!!!!!!!!!!!!!!!

[CutInfo::PrintCutInfo] leadingLepton_Pt	>	90
[CutInfo::PrintCutInfo] m_SubLeadljj_jjWclosest	<	360
[CutInfo::PrintCutInfo] m_SubLeadljj_jjWclosest	>	0
[CutInfo::PrintCutInfo] secondLepton_Pt	>	15
CF	0.404692 +- 0.0723465
Fake	0.517098 +- 0.40657
Prompt	5.32177 +- 1.50745
=> total bkg = 6.24356
Signal	Yield	Efficiency	Efficiency@Presel	Punzi
HNElEl_150	0.897314	0.00236667	9.38514e-05	3.78874e-06
=====================================================================


!!!!!!!!!!!!!!!!!
!!!! UPDATED !!!!
!!!!!!!!!!!!!!!!!

[CutInfo::PrintCutInfo] leadingLepton_Pt	>	90
[CutInfo::PrintCutInfo] m_SubLeadljj_jjWclosest	<	355
[CutInfo::PrintCutInfo] m_SubLeadljj_jjWclosest	>	0
[CutInfo::PrintCutInfo] secondLepton_Pt	>	15
CF	0.397913 +- 0.0712988
Fake	0.527302 +- 0.407691
Prompt	4.80682 +- 1.37839
=> total bkg = 5.73203
Signal	Yield	Efficiency	Efficiency@Presel	Punzi
HNElEl_150	0.897314	0.00236667	9.38514e-05	3.94239e-06
=====================================================================


!!!!!!!!!!!!!!!!!
!!!! UPDATED !!!!
!!!!!!!!!!!!!!!!!

[CutInfo::PrintCutInfo] leadingLepton_Pt	>	90
[CutInfo::PrintCutInfo] m_SubLeadljj_jjWclosest	<	350
[CutInfo::PrintCutInfo] m_SubLeadljj_jjWclosest	>	0
[CutInfo::PrintCutInfo] secondLepton_Pt	>	15
CF	0.395444 +- 0.0709335
Fake	0.528053 +- 0.407779
Prompt	4.70658 +- 1.36433
=> total bkg = 5.63008
Signal	Yield	Efficiency	Efficiency@Presel	Punzi
HNElEl_150	0.897314	0.00236667	9.38514e-05	3.96882e-06
=====================================================================


!!!!!!!!!!!!!!!!!
!!!! UPDATED !!!!
!!!!!!!!!!!!!!!!!

[CutInfo::PrintCutInfo] leadingLepton_Pt	>	90
[CutInfo::PrintCutInfo] m_SubLeadljj_jjWclosest	<	335
[CutInfo::PrintCutInfo] m_SubLeadljj_jjWclosest	>	0
[CutInfo::PrintCutInfo] secondLepton_Pt	>	15
CF	0.365855 +- 0.066109
Fake	0.52861 +- 0.407843
Prompt	4.55657 +- 1.33538
=> total bkg = 5.45104
Signal	Yield	Efficiency	Efficiency@Presel	Punzi
HNElEl_150	0.887232	0.00235	9.2797e-05	3.97376e-06
=====================================================================


!!!!!!!!!!!!!!!!!
!!!! UPDATED !!!!
!!!!!!!!!!!!!!!!!

[CutInfo::PrintCutInfo] leadingLepton_Pt	>	90
[CutInfo::PrintCutInfo] m_SubLeadljj_jjWclosest	<	330
[CutInfo::PrintCutInfo] m_SubLeadljj_jjWclosest	>	0
[CutInfo::PrintCutInfo] secondLepton_Pt	>	15
CF	0.362001 +- 0.0655178
Fake	0.574111 +- 0.410863
Prompt	4.44324 +- 1.31986
=> total bkg = 5.37936
Signal	Yield	Efficiency	Efficiency@Presel	Punzi
HNElEl_150	0.887232	0.00235	9.2797e-05	3.99564e-06
=====================================================================


!!!!!!!!!!!!!!!!!
!!!! UPDATED !!!!
!!!!!!!!!!!!!!!!!

[CutInfo::PrintCutInfo] leadingLepton_Pt	>	90
[CutInfo::PrintCutInfo] m_SubLeadljj_jjWclosest	<	325
[CutInfo::PrintCutInfo] m_SubLeadljj_jjWclosest	>	0
[CutInfo::PrintCutInfo] secondLepton_Pt	>	15
CF	0.351081 +- 0.0636942
Fake	0.60162 +- 0.413544
Prompt	4.37423 +- 1.30316
=> total bkg = 5.32693
Signal	Yield	Efficiency	Efficiency@Presel	Punzi
HNElEl_150	0.887232	0.00235	9.2797e-05	4.01463e-06
=====================================================================


!!!!!!!!!!!!!!!!!
!!!! UPDATED !!!!
!!!!!!!!!!!!!!!!!

[CutInfo::PrintCutInfo] leadingLepton_Pt	>	90
[CutInfo::PrintCutInfo] m_SubLeadljj_jjWclosest	<	315
[CutInfo::PrintCutInfo] m_SubLeadljj_jjWclosest	>	0
[CutInfo::PrintCutInfo] secondLepton_Pt	>	15
CF	0.325146 +- 0.0592889
Fake	0.604267 +- 0.41389
Prompt	3.83963 +- 1.16678
=> total bkg = 4.76904
Signal	Yield	Efficiency	Efficiency@Presel	Punzi
HNElEl_150	0.866785	0.00231667	9.06584e-05	4.11459e-06
=====================================================================


!!!!!!!!!!!!!!!!!
!!!! UPDATED !!!!
!!!!!!!!!!!!!!!!!

[CutInfo::PrintCutInfo] leadingLepton_Pt	>	90
[CutInfo::PrintCutInfo] m_SubLeadljj_jjWclosest	<	310
[CutInfo::PrintCutInfo] m_SubLeadljj_jjWclosest	>	0
[CutInfo::PrintCutInfo] secondLepton_Pt	>	15
CF	0.309213 +- 0.0567059
Fake	0.606727 +- 0.414207
Prompt	3.70638 +- 1.14413
=> total bkg = 4.62232
Signal	Yield	Efficiency	Efficiency@Presel	Punzi
HNElEl_150	0.866785	0.00231667	9.06584e-05	4.16197e-06
=====================================================================


!!!!!!!!!!!!!!!!!
!!!! UPDATED !!!!
!!!!!!!!!!!!!!!!!

[CutInfo::PrintCutInfo] leadingLepton_Pt	>	90
[CutInfo::PrintCutInfo] m_SubLeadljj_jjWclosest	<	290
[CutInfo::PrintCutInfo] m_SubLeadljj_jjWclosest	>	0
[CutInfo::PrintCutInfo] secondLepton_Pt	>	15
CF	0.281372 +- 0.0523383
Fake	0.54674 +- 0.384428
Prompt	3.66873 +- 1.11877
=> total bkg = 4.49684
Signal	Yield	Efficiency	Efficiency@Presel	Punzi
HNElEl_150	0.857001	0.0023	8.96351e-05	4.16572e-06
=====================================================================


!!!!!!!!!!!!!!!!!
!!!! UPDATED !!!!
!!!!!!!!!!!!!!!!!

[CutInfo::PrintCutInfo] leadingLepton_Pt	>	90
[CutInfo::PrintCutInfo] m_SubLeadljj_jjWclosest	<	265
[CutInfo::PrintCutInfo] m_SubLeadljj_jjWclosest	>	0
[CutInfo::PrintCutInfo] secondLepton_Pt	>	15
CF	0.246754 +- 0.0468789
Fake	0.497894 +- 0.372567
Prompt	3.48064 +- 1.08374
=> total bkg = 4.22529
Signal	Yield	Efficiency	Efficiency@Presel	Punzi
HNElEl_150	0.840057	0.00221667	8.78629e-05	4.17454e-06
=====================================================================


!!!!!!!!!!!!!!!!!
!!!! UPDATED !!!!
!!!!!!!!!!!!!!!!!

[CutInfo::PrintCutInfo] leadingLepton_Pt	>	90
[CutInfo::PrintCutInfo] m_SubLeadljj_jjWclosest	<	260
[CutInfo::PrintCutInfo] m_SubLeadljj_jjWclosest	>	0
[CutInfo::PrintCutInfo] secondLepton_Pt	>	15
CF	0.240402 +- 0.0458938
Fake	0.500694 +- 0.372902
Prompt	3.00726 +- 0.95411
=> total bkg = 3.74835
Signal	Yield	Efficiency	Efficiency@Presel	Punzi
HNElEl_150	0.840057	0.00221667	8.78629e-05	4.38784e-06
=====================================================================


!!!!!!!!!!!!!!!!!
!!!! UPDATED !!!!
!!!!!!!!!!!!!!!!!

[CutInfo::PrintCutInfo] leadingLepton_Pt	>	90
[CutInfo::PrintCutInfo] m_SubLeadljj_jjWclosest	<	255
[CutInfo::PrintCutInfo] m_SubLeadljj_jjWclosest	>	0
[CutInfo::PrintCutInfo] secondLepton_Pt	>	15
CF	0.23658 +- 0.0452822
Fake	0.565999 +- 0.375649
Prompt	2.94933 +- 0.93652
=> total bkg = 3.75191
Signal	Yield	Efficiency	Efficiency@Presel	Punzi
HNElEl_150	0.840057	0.00221667	8.78629e-05	4.39656e-06
=====================================================================


!!!!!!!!!!!!!!!!!
!!!! UPDATED !!!!
!!!!!!!!!!!!!!!!!

[CutInfo::PrintCutInfo] leadingLepton_Pt	>	90
[CutInfo::PrintCutInfo] m_SubLeadljj_jjWclosest	<	250
[CutInfo::PrintCutInfo] m_SubLeadljj_jjWclosest	>	0
[CutInfo::PrintCutInfo] secondLepton_Pt	>	15
CF	0.222077 +- 0.0429588
Fake	0.450209 +- 0.341346
Prompt	2.886 +- 0.917956
=> total bkg = 3.55828
Signal	Yield	Efficiency	Efficiency@Presel	Punzi
HNElEl_150	0.835257	0.0022	8.73608e-05	4.45347e-06
=====================================================================


!!!!!!!!!!!!!!!!!
!!!! UPDATED !!!!
!!!!!!!!!!!!!!!!!

[CutInfo::PrintCutInfo] leadingLepton_Pt	>	90
[CutInfo::PrintCutInfo] m_SubLeadljj_jjWclosest	<	235
[CutInfo::PrintCutInfo] m_SubLeadljj_jjWclosest	>	0
[CutInfo::PrintCutInfo] secondLepton_Pt	>	15
CF	0.198817 +- 0.0393044
Fake	0.190909 +- 0.234495
Prompt	2.73718 +- 0.87945
=> total bkg = 3.12691
Signal	Yield	Efficiency	Efficiency@Presel	Punzi
HNElEl_150	0.82372	0.00216667	8.61542e-05	4.59277e-06
=====================================================================


!!!!!!!!!!!!!!!!!
!!!! UPDATED !!!!
!!!!!!!!!!!!!!!!!

[CutInfo::PrintCutInfo] leadingLepton_Pt	>	90
[CutInfo::PrintCutInfo] m_SubLeadljj_jjWclosest	<	220
[CutInfo::PrintCutInfo] m_SubLeadljj_jjWclosest	>	0
[CutInfo::PrintCutInfo] secondLepton_Pt	>	15
CF	0.152935 +- 0.0315618
Fake	0.0594086 +- 0.150338
Prompt	1.9909 +- 0.611657
=> total bkg = 2.20324
Signal	Yield	Efficiency	Efficiency@Presel	Punzi
HNElEl_150	0.801016	0.00211667	8.37795e-05	5.10966e-06
=====================================================================


!!!!!!!!!!!!!!!!!
!!!! UPDATED !!!!
!!!!!!!!!!!!!!!!!

[CutInfo::PrintCutInfo] leadingLepton_Pt	>	90
[CutInfo::PrintCutInfo] m_SubLeadljj_jjWclosest	<	215
[CutInfo::PrintCutInfo] m_SubLeadljj_jjWclosest	>	0
[CutInfo::PrintCutInfo] secondLepton_Pt	>	15
CF	0.138798 +- 0.0291534
Fake	0.0619899 +- 0.150335
Prompt	1.76275 +- 0.574018
=> total bkg = 1.96353
Signal	Yield	Efficiency	Efficiency@Presel	Punzi
HNElEl_150	0.788872	0.00208333	8.25093e-05	5.21327e-06
=====================================================================


!!!!!!!!!!!!!!!!!
!!!! UPDATED !!!!
!!!!!!!!!!!!!!!!!

[CutInfo::PrintCutInfo] leadingLepton_Pt	>	90
[CutInfo::PrintCutInfo] m_SubLeadljj_jjWclosest	<	210
[CutInfo::PrintCutInfo] m_SubLeadljj_jjWclosest	>	0
[CutInfo::PrintCutInfo] secondLepton_Pt	>	15
CF	0.127369 +- 0.0272488
Fake	0.0624816 +- 0.150353
Prompt	1.72892 +- 0.565209
=> total bkg = 1.91877
Signal	Yield	Efficiency	Efficiency@Presel	Punzi
HNElEl_150	0.788872	0.00208333	8.25093e-05	5.25105e-06
=====================================================================


!!!!!!!!!!!!!!!!!
!!!! UPDATED !!!!
!!!!!!!!!!!!!!!!!

[CutInfo::PrintCutInfo] leadingLepton_Pt	>	90
[CutInfo::PrintCutInfo] m_SubLeadljj_jjWclosest	<	205
[CutInfo::PrintCutInfo] m_SubLeadljj_jjWclosest	>	0
[CutInfo::PrintCutInfo] secondLepton_Pt	>	15
CF	0.123897 +- 0.026799
Fake	0.0635092 +- 0.150389
Prompt	1.56535 +- 0.546604
=> total bkg = 1.75276
Signal	Yield	Efficiency	Efficiency@Presel	Punzi
HNElEl_150	0.776418	0.00205	8.12068e-05	5.30245e-06
=====================================================================


!!!!!!!!!!!!!!!!!
!!!! UPDATED !!!!
!!!!!!!!!!!!!!!!!

[CutInfo::PrintCutInfo] leadingLepton_Pt	>	90
[CutInfo::PrintCutInfo] m_SubLeadljj_jjWclosest	<	200
[CutInfo::PrintCutInfo] m_SubLeadljj_jjWclosest	>	0
[CutInfo::PrintCutInfo] secondLepton_Pt	>	15
CF	0.113396 +- 0.0249864
Fake	0.0640658 +- 0.150409
Prompt	1.41666 +- 0.527605
=> total bkg = 1.59412
Signal	Yield	Efficiency	Efficiency@Presel	Punzi
HNElEl_150	0.776418	0.00205	8.12068e-05	5.44429e-06
=====================================================================


!!!!!!!!!!!!!!!!!
!!!! UPDATED !!!!
!!!!!!!!!!!!!!!!!

[CutInfo::PrintCutInfo] leadingLepton_Pt	>	90
[CutInfo::PrintCutInfo] m_SubLeadljj_jjWclosest	<	185
[CutInfo::PrintCutInfo] m_SubLeadljj_jjWclosest	>	0
[CutInfo::PrintCutInfo] secondLepton_Pt	>	15
CF	0.0868806 +- 0.0204939
Fake	0.0167472 +- 0.125527
Prompt	1.23654 +- 0.495363
=> total bkg = 1.34017
Signal	Yield	Efficiency	Efficiency@Presel	Punzi
HNElEl_150	0.740881	0.00193333	7.74899e-05	5.45023e-06
=====================================================================

####################################################
TIME STAMP : [2018/1/16 21:4:13] 100 / 3721 (2.68745 %)
####################################################
[CutInfo::PrintCutInfo] leadingLepton_Pt	>	90
[CutInfo::PrintCutInfo] m_SubLeadljj_jjWclosest	<	185
[CutInfo::PrintCutInfo] m_SubLeadljj_jjWclosest	>	0
[CutInfo::PrintCutInfo] secondLepton_Pt	>	15

!!!!!!!!!!!!!!!!!
!!!! UPDATED !!!!
!!!!!!!!!!!!!!!!!

[CutInfo::PrintCutInfo] leadingLepton_Pt	>	90
[CutInfo::PrintCutInfo] m_SubLeadljj_jjWclosest	<	185
[CutInfo::PrintCutInfo] m_SubLeadljj_jjWclosest	>	2.5
[CutInfo::PrintCutInfo] secondLepton_Pt	>	15
CF	0.0868806 +- 0.0204939
Fake	0.0167472 +- 0.125527
Prompt	1.23654 +- 0.495363
=> total bkg = 1.34017
Signal	Yield	Efficiency	Efficiency@Presel	Punzi
HNElEl_150	0.740881	0.00193333	7.74899e-05	5.45023e-06
=====================================================================


!!!!!!!!!!!!!!!!!
!!!! UPDATED !!!!
!!!!!!!!!!!!!!!!!

[CutInfo::PrintCutInfo] leadingLepton_Pt	>	90
[CutInfo::PrintCutInfo] m_SubLeadljj_jjWclosest	<	185
[CutInfo::PrintCutInfo] m_SubLeadljj_jjWclosest	>	5
[CutInfo::PrintCutInfo] secondLepton_Pt	>	15
CF	0.0868806 +- 0.0204939
Fake	0.0167472 +- 0.125527
Prompt	1.23654 +- 0.495363
=> total bkg = 1.34017
Signal	Yield	Efficiency	Efficiency@Presel	Punzi
HNElEl_150	0.740881	0.00193333	7.74899e-05	5.45023e-06
=====================================================================

####################################################
TIME STAMP : [2018/1/16 21:4:18] 200 / 3721 (5.3749 %)
####################################################
[CutInfo::PrintCutInfo] leadingLepton_Pt	>	90
[CutInfo::PrintCutInfo] m_SubLeadljj_jjWclosest	<	185
[CutInfo::PrintCutInfo] m_SubLeadljj_jjWclosest	>	5
[CutInfo::PrintCutInfo] secondLepton_Pt	>	15

!!!!!!!!!!!!!!!!!
!!!! UPDATED !!!!
!!!!!!!!!!!!!!!!!

[CutInfo::PrintCutInfo] leadingLepton_Pt	>	90
[CutInfo::PrintCutInfo] m_SubLeadljj_jjWclosest	<	185
[CutInfo::PrintCutInfo] m_SubLeadljj_jjWclosest	>	7.5
[CutInfo::PrintCutInfo] secondLepton_Pt	>	15
CF	0.0868806 +- 0.0204939
Fake	0.0167472 +- 0.125527
Prompt	1.23654 +- 0.495363
=> total bkg = 1.34017
Signal	Yield	Efficiency	Efficiency@Presel	Punzi
HNElEl_150	0.740881	0.00193333	7.74899e-05	5.45023e-06
=====================================================================


!!!!!!!!!!!!!!!!!
!!!! UPDATED !!!!
!!!!!!!!!!!!!!!!!

[CutInfo::PrintCutInfo] leadingLepton_Pt	>	90
[CutInfo::PrintCutInfo] m_SubLeadljj_jjWclosest	<	185
[CutInfo::PrintCutInfo] m_SubLeadljj_jjWclosest	>	10
[CutInfo::PrintCutInfo] secondLepton_Pt	>	15
CF	0.0868806 +- 0.0204939
Fake	0.0167472 +- 0.125527
Prompt	1.23654 +- 0.495363
=> total bkg = 1.34017
Signal	Yield	Efficiency	Efficiency@Presel	Punzi
HNElEl_150	0.740881	0.00193333	7.74899e-05	5.45023e-06
=====================================================================

####################################################
TIME STAMP : [2018/1/16 21:4:23] 300 / 3721 (8.06235 %)
####################################################
[CutInfo::PrintCutInfo] leadingLepton_Pt	>	90
[CutInfo::PrintCutInfo] m_SubLeadljj_jjWclosest	<	185
[CutInfo::PrintCutInfo] m_SubLeadljj_jjWclosest	>	10
[CutInfo::PrintCutInfo] secondLepton_Pt	>	15

!!!!!!!!!!!!!!!!!
!!!! UPDATED !!!!
!!!!!!!!!!!!!!!!!

[CutInfo::PrintCutInfo] leadingLepton_Pt	>	90
[CutInfo::PrintCutInfo] m_SubLeadljj_jjWclosest	<	185
[CutInfo::PrintCutInfo] m_SubLeadljj_jjWclosest	>	12.5
[CutInfo::PrintCutInfo] secondLepton_Pt	>	15
CF	0.0868806 +- 0.0204939
Fake	0.0167472 +- 0.125527
Prompt	1.23654 +- 0.495363
=> total bkg = 1.34017
Signal	Yield	Efficiency	Efficiency@Presel	Punzi
HNElEl_150	0.740881	0.00193333	7.74899e-05	5.45023e-06
=====================================================================

####################################################
TIME STAMP : [2018/1/16 21:4:30] 400 / 3721 (10.7498 %)
####################################################
[CutInfo::PrintCutInfo] leadingLepton_Pt	>	90
[CutInfo::PrintCutInfo] m_SubLeadljj_jjWclosest	<	185
[CutInfo::PrintCutInfo] m_SubLeadljj_jjWclosest	>	12.5
[CutInfo::PrintCutInfo] secondLepton_Pt	>	15

!!!!!!!!!!!!!!!!!
!!!! UPDATED !!!!
!!!!!!!!!!!!!!!!!

[CutInfo::PrintCutInfo] leadingLepton_Pt	>	90
[CutInfo::PrintCutInfo] m_SubLeadljj_jjWclosest	<	185
[CutInfo::PrintCutInfo] m_SubLeadljj_jjWclosest	>	15
[CutInfo::PrintCutInfo] secondLepton_Pt	>	15
CF	0.0868806 +- 0.0204939
Fake	0.0167472 +- 0.125527
Prompt	1.23654 +- 0.495363
=> total bkg = 1.34017
Signal	Yield	Efficiency	Efficiency@Presel	Punzi
HNElEl_150	0.740881	0.00193333	7.74899e-05	5.45023e-06
=====================================================================


!!!!!!!!!!!!!!!!!
!!!! UPDATED !!!!
!!!!!!!!!!!!!!!!!

[CutInfo::PrintCutInfo] leadingLepton_Pt	>	90
[CutInfo::PrintCutInfo] m_SubLeadljj_jjWclosest	<	185
[CutInfo::PrintCutInfo] m_SubLeadljj_jjWclosest	>	17.5
[CutInfo::PrintCutInfo] secondLepton_Pt	>	15
CF	0.0868806 +- 0.0204939
Fake	0.0167472 +- 0.125527
Prompt	1.23654 +- 0.495363
=> total bkg = 1.34017
Signal	Yield	Efficiency	Efficiency@Presel	Punzi
HNElEl_150	0.740881	0.00193333	7.74899e-05	5.45023e-06
=====================================================================

####################################################
TIME STAMP : [2018/1/16 21:4:38] 500 / 3721 (13.4372 %)
####################################################
[CutInfo::PrintCutInfo] leadingLepton_Pt	>	90
[CutInfo::PrintCutInfo] m_SubLeadljj_jjWclosest	<	185
[CutInfo::PrintCutInfo] m_SubLeadljj_jjWclosest	>	17.5
[CutInfo::PrintCutInfo] secondLepton_Pt	>	15

!!!!!!!!!!!!!!!!!
!!!! UPDATED !!!!
!!!!!!!!!!!!!!!!!

[CutInfo::PrintCutInfo] leadingLepton_Pt	>	90
[CutInfo::PrintCutInfo] m_SubLeadljj_jjWclosest	<	185
[CutInfo::PrintCutInfo] m_SubLeadljj_jjWclosest	>	20
[CutInfo::PrintCutInfo] secondLepton_Pt	>	15
CF	0.0868806 +- 0.0204939
Fake	0.0167472 +- 0.125527
Prompt	1.23654 +- 0.495363
=> total bkg = 1.34017
Signal	Yield	Efficiency	Efficiency@Presel	Punzi
HNElEl_150	0.740881	0.00193333	7.74899e-05	5.45023e-06
=====================================================================

####################################################
TIME STAMP : [2018/1/16 21:4:47] 600 / 3721 (16.1247 %)
####################################################
[CutInfo::PrintCutInfo] leadingLepton_Pt	>	90
[CutInfo::PrintCutInfo] m_SubLeadljj_jjWclosest	<	185
[CutInfo::PrintCutInfo] m_SubLeadljj_jjWclosest	>	20
[CutInfo::PrintCutInfo] secondLepton_Pt	>	15

!!!!!!!!!!!!!!!!!
!!!! UPDATED !!!!
!!!!!!!!!!!!!!!!!

[CutInfo::PrintCutInfo] leadingLepton_Pt	>	90
[CutInfo::PrintCutInfo] m_SubLeadljj_jjWclosest	<	185
[CutInfo::PrintCutInfo] m_SubLeadljj_jjWclosest	>	22.5
[CutInfo::PrintCutInfo] secondLepton_Pt	>	15
CF	0.0868806 +- 0.0204939
Fake	0.0167472 +- 0.125527
Prompt	1.23654 +- 0.495363
=> total bkg = 1.34017
Signal	Yield	Efficiency	Efficiency@Presel	Punzi
HNElEl_150	0.740881	0.00193333	7.74899e-05	5.45023e-06
=====================================================================


!!!!!!!!!!!!!!!!!
!!!! UPDATED !!!!
!!!!!!!!!!!!!!!!!

[CutInfo::PrintCutInfo] leadingLepton_Pt	>	90
[CutInfo::PrintCutInfo] m_SubLeadljj_jjWclosest	<	185
[CutInfo::PrintCutInfo] m_SubLeadljj_jjWclosest	>	25
[CutInfo::PrintCutInfo] secondLepton_Pt	>	15
CF	0.0868806 +- 0.0204939
Fake	0.0167472 +- 0.125527
Prompt	1.23654 +- 0.495363
=> total bkg = 1.34017
Signal	Yield	Efficiency	Efficiency@Presel	Punzi
HNElEl_150	0.740881	0.00193333	7.74899e-05	5.45023e-06
=====================================================================

####################################################
TIME STAMP : [2018/1/16 21:4:55] 700 / 3721 (18.8121 %)
####################################################
[CutInfo::PrintCutInfo] leadingLepton_Pt	>	90
[CutInfo::PrintCutInfo] m_SubLeadljj_jjWclosest	<	185
[CutInfo::PrintCutInfo] m_SubLeadljj_jjWclosest	>	25
[CutInfo::PrintCutInfo] secondLepton_Pt	>	15

!!!!!!!!!!!!!!!!!
!!!! UPDATED !!!!
!!!!!!!!!!!!!!!!!

[CutInfo::PrintCutInfo] leadingLepton_Pt	>	90
[CutInfo::PrintCutInfo] m_SubLeadljj_jjWclosest	<	185
[CutInfo::PrintCutInfo] m_SubLeadljj_jjWclosest	>	27.5
[CutInfo::PrintCutInfo] secondLepton_Pt	>	15
CF	0.0868806 +- 0.0204939
Fake	0.0167472 +- 0.125527
Prompt	1.23654 +- 0.495363
=> total bkg = 1.34017
Signal	Yield	Efficiency	Efficiency@Presel	Punzi
HNElEl_150	0.740881	0.00193333	7.74899e-05	5.45023e-06
=====================================================================


!!!!!!!!!!!!!!!!!
!!!! UPDATED !!!!
!!!!!!!!!!!!!!!!!

[CutInfo::PrintCutInfo] leadingLepton_Pt	>	90
[CutInfo::PrintCutInfo] m_SubLeadljj_jjWclosest	<	185
[CutInfo::PrintCutInfo] m_SubLeadljj_jjWclosest	>	30
[CutInfo::PrintCutInfo] secondLepton_Pt	>	15
CF	0.0868806 +- 0.0204939
Fake	0.0167472 +- 0.125527
Prompt	1.23654 +- 0.495363
=> total bkg = 1.34017
Signal	Yield	Efficiency	Efficiency@Presel	Punzi
HNElEl_150	0.740881	0.00193333	7.74899e-05	5.45023e-06
=====================================================================

####################################################
TIME STAMP : [2018/1/16 21:5:4] 800 / 3721 (21.4996 %)
####################################################
[CutInfo::PrintCutInfo] leadingLepton_Pt	>	90
[CutInfo::PrintCutInfo] m_SubLeadljj_jjWclosest	<	185
[CutInfo::PrintCutInfo] m_SubLeadljj_jjWclosest	>	30
[CutInfo::PrintCutInfo] secondLepton_Pt	>	15

!!!!!!!!!!!!!!!!!
!!!! UPDATED !!!!
!!!!!!!!!!!!!!!!!

[CutInfo::PrintCutInfo] leadingLepton_Pt	>	90
[CutInfo::PrintCutInfo] m_SubLeadljj_jjWclosest	<	185
[CutInfo::PrintCutInfo] m_SubLeadljj_jjWclosest	>	32.5
[CutInfo::PrintCutInfo] secondLepton_Pt	>	15
CF	0.0868806 +- 0.0204939
Fake	0.0167472 +- 0.125527
Prompt	1.23654 +- 0.495363
=> total bkg = 1.34017
Signal	Yield	Efficiency	Efficiency@Presel	Punzi
HNElEl_150	0.740881	0.00193333	7.74899e-05	5.45023e-06
=====================================================================

####################################################
TIME STAMP : [2018/1/16 21:5:13] 900 / 3721 (24.187 %)
####################################################
[CutInfo::PrintCutInfo] leadingLepton_Pt	>	90
[CutInfo::PrintCutInfo] m_SubLeadljj_jjWclosest	<	185
[CutInfo::PrintCutInfo] m_SubLeadljj_jjWclosest	>	32.5
[CutInfo::PrintCutInfo] secondLepton_Pt	>	15

!!!!!!!!!!!!!!!!!
!!!! UPDATED !!!!
!!!!!!!!!!!!!!!!!

[CutInfo::PrintCutInfo] leadingLepton_Pt	>	90
[CutInfo::PrintCutInfo] m_SubLeadljj_jjWclosest	<	185
[CutInfo::PrintCutInfo] m_SubLeadljj_jjWclosest	>	35
[CutInfo::PrintCutInfo] secondLepton_Pt	>	15
CF	0.0868806 +- 0.0204939
Fake	0.0167472 +- 0.125527
Prompt	1.23654 +- 0.495363
=> total bkg = 1.34017
Signal	Yield	Efficiency	Efficiency@Presel	Punzi
HNElEl_150	0.740881	0.00193333	7.74899e-05	5.45023e-06
=====================================================================


!!!!!!!!!!!!!!!!!
!!!! UPDATED !!!!
!!!!!!!!!!!!!!!!!

[CutInfo::PrintCutInfo] leadingLepton_Pt	>	90
[CutInfo::PrintCutInfo] m_SubLeadljj_jjWclosest	<	185
[CutInfo::PrintCutInfo] m_SubLeadljj_jjWclosest	>	37.5
[CutInfo::PrintCutInfo] secondLepton_Pt	>	15
CF	0.0868806 +- 0.0204939
Fake	0.0167472 +- 0.125527
Prompt	1.23654 +- 0.495363
=> total bkg = 1.34017
Signal	Yield	Efficiency	Efficiency@Presel	Punzi
HNElEl_150	0.740881	0.00193333	7.74899e-05	5.45023e-06
=====================================================================

####################################################
TIME STAMP : [2018/1/16 21:5:21] 1000 / 3721 (26.8745 %)
####################################################
[CutInfo::PrintCutInfo] leadingLepton_Pt	>	90
[CutInfo::PrintCutInfo] m_SubLeadljj_jjWclosest	<	185
[CutInfo::PrintCutInfo] m_SubLeadljj_jjWclosest	>	37.5
[CutInfo::PrintCutInfo] secondLepton_Pt	>	15

!!!!!!!!!!!!!!!!!
!!!! UPDATED !!!!
!!!!!!!!!!!!!!!!!

[CutInfo::PrintCutInfo] leadingLepton_Pt	>	90
[CutInfo::PrintCutInfo] m_SubLeadljj_jjWclosest	<	185
[CutInfo::PrintCutInfo] m_SubLeadljj_jjWclosest	>	40
[CutInfo::PrintCutInfo] secondLepton_Pt	>	15
CF	0.0868806 +- 0.0204939
Fake	0.0167472 +- 0.125527
Prompt	1.23654 +- 0.495363
=> total bkg = 1.34017
Signal	Yield	Efficiency	Efficiency@Presel	Punzi
HNElEl_150	0.740881	0.00193333	7.74899e-05	5.45023e-06
=====================================================================


!!!!!!!!!!!!!!!!!
!!!! UPDATED !!!!
!!!!!!!!!!!!!!!!!

[CutInfo::PrintCutInfo] leadingLepton_Pt	>	90
[CutInfo::PrintCutInfo] m_SubLeadljj_jjWclosest	<	185
[CutInfo::PrintCutInfo] m_SubLeadljj_jjWclosest	>	42.5
[CutInfo::PrintCutInfo] secondLepton_Pt	>	15
CF	0.0868806 +- 0.0204939
Fake	0.0167472 +- 0.125527
Prompt	1.23654 +- 0.495363
=> total bkg = 1.34017
Signal	Yield	Efficiency	Efficiency@Presel	Punzi
HNElEl_150	0.740881	0.00193333	7.74899e-05	5.45023e-06
=====================================================================

####################################################
TIME STAMP : [2018/1/16 21:5:30] 1100 / 3721 (29.5619 %)
####################################################
[CutInfo::PrintCutInfo] leadingLepton_Pt	>	90
[CutInfo::PrintCutInfo] m_SubLeadljj_jjWclosest	<	185
[CutInfo::PrintCutInfo] m_SubLeadljj_jjWclosest	>	42.5
[CutInfo::PrintCutInfo] secondLepton_Pt	>	15

!!!!!!!!!!!!!!!!!
!!!! UPDATED !!!!
!!!!!!!!!!!!!!!!!

[CutInfo::PrintCutInfo] leadingLepton_Pt	>	90
[CutInfo::PrintCutInfo] m_SubLeadljj_jjWclosest	<	185
[CutInfo::PrintCutInfo] m_SubLeadljj_jjWclosest	>	45
[CutInfo::PrintCutInfo] secondLepton_Pt	>	15
CF	0.0868806 +- 0.0204939
Fake	0.0167472 +- 0.125527
Prompt	1.23654 +- 0.495363
=> total bkg = 1.34017
Signal	Yield	Efficiency	Efficiency@Presel	Punzi
HNElEl_150	0.740881	0.00193333	7.74899e-05	5.45023e-06
=====================================================================

####################################################
TIME STAMP : [2018/1/16 21:5:38] 1200 / 3721 (32.2494 %)
####################################################
[CutInfo::PrintCutInfo] leadingLepton_Pt	>	90
[CutInfo::PrintCutInfo] m_SubLeadljj_jjWclosest	<	185
[CutInfo::PrintCutInfo] m_SubLeadljj_jjWclosest	>	45
[CutInfo::PrintCutInfo] secondLepton_Pt	>	15

!!!!!!!!!!!!!!!!!
!!!! UPDATED !!!!
!!!!!!!!!!!!!!!!!

[CutInfo::PrintCutInfo] leadingLepton_Pt	>	90
[CutInfo::PrintCutInfo] m_SubLeadljj_jjWclosest	<	185
[CutInfo::PrintCutInfo] m_SubLeadljj_jjWclosest	>	47.5
[CutInfo::PrintCutInfo] secondLepton_Pt	>	15
CF	0.0868806 +- 0.0204939
Fake	0.0167472 +- 0.125527
Prompt	1.23654 +- 0.495363
=> total bkg = 1.34017
Signal	Yield	Efficiency	Efficiency@Presel	Punzi
HNElEl_150	0.740881	0.00193333	7.74899e-05	5.45023e-06
=====================================================================


!!!!!!!!!!!!!!!!!
!!!! UPDATED !!!!
!!!!!!!!!!!!!!!!!

[CutInfo::PrintCutInfo] leadingLepton_Pt	>	90
[CutInfo::PrintCutInfo] m_SubLeadljj_jjWclosest	<	185
[CutInfo::PrintCutInfo] m_SubLeadljj_jjWclosest	>	50
[CutInfo::PrintCutInfo] secondLepton_Pt	>	15
CF	0.0868806 +- 0.0204939
Fake	0.0167472 +- 0.125527
Prompt	1.23654 +- 0.495363
=> total bkg = 1.34017
Signal	Yield	Efficiency	Efficiency@Presel	Punzi
HNElEl_150	0.740881	0.00193333	7.74899e-05	5.45023e-06
=====================================================================

####################################################
TIME STAMP : [2018/1/16 21:5:47] 1300 / 3721 (34.9368 %)
####################################################
[CutInfo::PrintCutInfo] leadingLepton_Pt	>	90
[CutInfo::PrintCutInfo] m_SubLeadljj_jjWclosest	<	185
[CutInfo::PrintCutInfo] m_SubLeadljj_jjWclosest	>	50
[CutInfo::PrintCutInfo] secondLepton_Pt	>	15

!!!!!!!!!!!!!!!!!
!!!! UPDATED !!!!
!!!!!!!!!!!!!!!!!

[CutInfo::PrintCutInfo] leadingLepton_Pt	>	90
[CutInfo::PrintCutInfo] m_SubLeadljj_jjWclosest	<	185
[CutInfo::PrintCutInfo] m_SubLeadljj_jjWclosest	>	52.5
[CutInfo::PrintCutInfo] secondLepton_Pt	>	15
CF	0.0868806 +- 0.0204939
Fake	0.0167472 +- 0.125527
Prompt	1.23654 +- 0.495363
=> total bkg = 1.34017
Signal	Yield	Efficiency	Efficiency@Presel	Punzi
HNElEl_150	0.740881	0.00193333	7.74899e-05	5.45023e-06
=====================================================================


!!!!!!!!!!!!!!!!!
!!!! UPDATED !!!!
!!!!!!!!!!!!!!!!!

[CutInfo::PrintCutInfo] leadingLepton_Pt	>	90
[CutInfo::PrintCutInfo] m_SubLeadljj_jjWclosest	<	185
[CutInfo::PrintCutInfo] m_SubLeadljj_jjWclosest	>	55
[CutInfo::PrintCutInfo] secondLepton_Pt	>	15
CF	0.0868806 +- 0.0204939
Fake	0.0167472 +- 0.125527
Prompt	1.23654 +- 0.495363
=> total bkg = 1.34017
Signal	Yield	Efficiency	Efficiency@Presel	Punzi
HNElEl_150	0.740881	0.00193333	7.74899e-05	5.45023e-06
=====================================================================

####################################################
TIME STAMP : [2018/1/16 21:5:56] 1400 / 3721 (37.6243 %)
####################################################
[CutInfo::PrintCutInfo] leadingLepton_Pt	>	90
[CutInfo::PrintCutInfo] m_SubLeadljj_jjWclosest	<	185
[CutInfo::PrintCutInfo] m_SubLeadljj_jjWclosest	>	55
[CutInfo::PrintCutInfo] secondLepton_Pt	>	15

!!!!!!!!!!!!!!!!!
!!!! UPDATED !!!!
!!!!!!!!!!!!!!!!!

[CutInfo::PrintCutInfo] leadingLepton_Pt	>	90
[CutInfo::PrintCutInfo] m_SubLeadljj_jjWclosest	<	185
[CutInfo::PrintCutInfo] m_SubLeadljj_jjWclosest	>	57.5
[CutInfo::PrintCutInfo] secondLepton_Pt	>	15
CF	0.0868806 +- 0.0204939
Fake	0.0167472 +- 0.125527
Prompt	1.23654 +- 0.495363
=> total bkg = 1.34017
Signal	Yield	Efficiency	Efficiency@Presel	Punzi
HNElEl_150	0.740881	0.00193333	7.74899e-05	5.45023e-06
=====================================================================

####################################################
TIME STAMP : [2018/1/16 21:6:4] 1500 / 3721 (40.3117 %)
####################################################
[CutInfo::PrintCutInfo] leadingLepton_Pt	>	90
[CutInfo::PrintCutInfo] m_SubLeadljj_jjWclosest	<	185
[CutInfo::PrintCutInfo] m_SubLeadljj_jjWclosest	>	57.5
[CutInfo::PrintCutInfo] secondLepton_Pt	>	15

!!!!!!!!!!!!!!!!!
!!!! UPDATED !!!!
!!!!!!!!!!!!!!!!!

[CutInfo::PrintCutInfo] leadingLepton_Pt	>	90
[CutInfo::PrintCutInfo] m_SubLeadljj_jjWclosest	<	185
[CutInfo::PrintCutInfo] m_SubLeadljj_jjWclosest	>	60
[CutInfo::PrintCutInfo] secondLepton_Pt	>	15
CF	0.0868806 +- 0.0204939
Fake	0.0167472 +- 0.125527
Prompt	1.23654 +- 0.495363
=> total bkg = 1.34017
Signal	Yield	Efficiency	Efficiency@Presel	Punzi
HNElEl_150	0.740881	0.00193333	7.74899e-05	5.45023e-06
=====================================================================


!!!!!!!!!!!!!!!!!
!!!! UPDATED !!!!
!!!!!!!!!!!!!!!!!

[CutInfo::PrintCutInfo] leadingLepton_Pt	>	90
[CutInfo::PrintCutInfo] m_SubLeadljj_jjWclosest	<	185
[CutInfo::PrintCutInfo] m_SubLeadljj_jjWclosest	>	62.5
[CutInfo::PrintCutInfo] secondLepton_Pt	>	15
CF	0.0868806 +- 0.0204939
Fake	0.0167472 +- 0.125527
Prompt	1.23654 +- 0.495363
=> total bkg = 1.34017
Signal	Yield	Efficiency	Efficiency@Presel	Punzi
HNElEl_150	0.740881	0.00193333	7.74899e-05	5.45023e-06
=====================================================================

####################################################
TIME STAMP : [2018/1/16 21:6:13] 1600 / 3721 (42.9992 %)
####################################################
[CutInfo::PrintCutInfo] leadingLepton_Pt	>	90
[CutInfo::PrintCutInfo] m_SubLeadljj_jjWclosest	<	185
[CutInfo::PrintCutInfo] m_SubLeadljj_jjWclosest	>	62.5
[CutInfo::PrintCutInfo] secondLepton_Pt	>	15

!!!!!!!!!!!!!!!!!
!!!! UPDATED !!!!
!!!!!!!!!!!!!!!!!

[CutInfo::PrintCutInfo] leadingLepton_Pt	>	90
[CutInfo::PrintCutInfo] m_SubLeadljj_jjWclosest	<	185
[CutInfo::PrintCutInfo] m_SubLeadljj_jjWclosest	>	65
[CutInfo::PrintCutInfo] secondLepton_Pt	>	15
CF	0.0868806 +- 0.0204939
Fake	0.0167472 +- 0.125527
Prompt	1.23654 +- 0.495363
=> total bkg = 1.34017
Signal	Yield	Efficiency	Efficiency@Presel	Punzi
HNElEl_150	0.740881	0.00193333	7.74899e-05	5.45023e-06
=====================================================================

####################################################
TIME STAMP : [2018/1/16 21:6:22] 1700 / 3721 (45.6866 %)
####################################################
[CutInfo::PrintCutInfo] leadingLepton_Pt	>	90
[CutInfo::PrintCutInfo] m_SubLeadljj_jjWclosest	<	185
[CutInfo::PrintCutInfo] m_SubLeadljj_jjWclosest	>	65
[CutInfo::PrintCutInfo] secondLepton_Pt	>	15

!!!!!!!!!!!!!!!!!
!!!! UPDATED !!!!
!!!!!!!!!!!!!!!!!

[CutInfo::PrintCutInfo] leadingLepton_Pt	>	90
[CutInfo::PrintCutInfo] m_SubLeadljj_jjWclosest	<	185
[CutInfo::PrintCutInfo] m_SubLeadljj_jjWclosest	>	67.5
[CutInfo::PrintCutInfo] secondLepton_Pt	>	15
CF	0.0868806 +- 0.0204939
Fake	0.0167472 +- 0.125527
Prompt	1.23654 +- 0.495363
=> total bkg = 1.34017
Signal	Yield	Efficiency	Efficiency@Presel	Punzi
HNElEl_150	0.740881	0.00193333	7.74899e-05	5.45023e-06
=====================================================================


!!!!!!!!!!!!!!!!!
!!!! UPDATED !!!!
!!!!!!!!!!!!!!!!!

[CutInfo::PrintCutInfo] leadingLepton_Pt	>	90
[CutInfo::PrintCutInfo] m_SubLeadljj_jjWclosest	<	185
[CutInfo::PrintCutInfo] m_SubLeadljj_jjWclosest	>	70
[CutInfo::PrintCutInfo] secondLepton_Pt	>	15
CF	0.0868806 +- 0.0204939
Fake	0.0167472 +- 0.125527
Prompt	1.23654 +- 0.495363
=> total bkg = 1.34017
Signal	Yield	Efficiency	Efficiency@Presel	Punzi
HNElEl_150	0.740881	0.00193333	7.74899e-05	5.45023e-06
=====================================================================

####################################################
TIME STAMP : [2018/1/16 21:6:30] 1800 / 3721 (48.3741 %)
####################################################
[CutInfo::PrintCutInfo] leadingLepton_Pt	>	90
[CutInfo::PrintCutInfo] m_SubLeadljj_jjWclosest	<	185
[CutInfo::PrintCutInfo] m_SubLeadljj_jjWclosest	>	70
[CutInfo::PrintCutInfo] secondLepton_Pt	>	15

!!!!!!!!!!!!!!!!!
!!!! UPDATED !!!!
!!!!!!!!!!!!!!!!!

[CutInfo::PrintCutInfo] leadingLepton_Pt	>	90
[CutInfo::PrintCutInfo] m_SubLeadljj_jjWclosest	<	185
[CutInfo::PrintCutInfo] m_SubLeadljj_jjWclosest	>	72.5
[CutInfo::PrintCutInfo] secondLepton_Pt	>	15
CF	0.0868806 +- 0.0204939
Fake	0.0167472 +- 0.125527
Prompt	1.23654 +- 0.495363
=> total bkg = 1.34017
Signal	Yield	Efficiency	Efficiency@Presel	Punzi
HNElEl_150	0.740881	0.00193333	7.74899e-05	5.45023e-06
=====================================================================


!!!!!!!!!!!!!!!!!
!!!! UPDATED !!!!
!!!!!!!!!!!!!!!!!

[CutInfo::PrintCutInfo] leadingLepton_Pt	>	90
[CutInfo::PrintCutInfo] m_SubLeadljj_jjWclosest	<	185
[CutInfo::PrintCutInfo] m_SubLeadljj_jjWclosest	>	75
[CutInfo::PrintCutInfo] secondLepton_Pt	>	15
CF	0.0868806 +- 0.0204939
Fake	0.0167472 +- 0.125527
Prompt	1.23654 +- 0.495363
=> total bkg = 1.34017
Signal	Yield	Efficiency	Efficiency@Presel	Punzi
HNElEl_150	0.740881	0.00193333	7.74899e-05	5.45023e-06
=====================================================================

####################################################
TIME STAMP : [2018/1/16 21:6:39] 1900 / 3721 (51.0615 %)
####################################################
[CutInfo::PrintCutInfo] leadingLepton_Pt	>	90
[CutInfo::PrintCutInfo] m_SubLeadljj_jjWclosest	<	185
[CutInfo::PrintCutInfo] m_SubLeadljj_jjWclosest	>	75
[CutInfo::PrintCutInfo] secondLepton_Pt	>	15

!!!!!!!!!!!!!!!!!
!!!! UPDATED !!!!
!!!!!!!!!!!!!!!!!

[CutInfo::PrintCutInfo] leadingLepton_Pt	>	90
[CutInfo::PrintCutInfo] m_SubLeadljj_jjWclosest	<	185
[CutInfo::PrintCutInfo] m_SubLeadljj_jjWclosest	>	77.5
[CutInfo::PrintCutInfo] secondLepton_Pt	>	15
CF	0.0868806 +- 0.0204939
Fake	0.0167472 +- 0.125527
Prompt	1.23654 +- 0.495363
=> total bkg = 1.34017
Signal	Yield	Efficiency	Efficiency@Presel	Punzi
HNElEl_150	0.740881	0.00193333	7.74899e-05	5.45023e-06
=====================================================================

####################################################
TIME STAMP : [2018/1/16 21:6:48] 2000 / 3721 (53.749 %)
####################################################
[CutInfo::PrintCutInfo] leadingLepton_Pt	>	90
[CutInfo::PrintCutInfo] m_SubLeadljj_jjWclosest	<	185
[CutInfo::PrintCutInfo] m_SubLeadljj_jjWclosest	>	77.5
[CutInfo::PrintCutInfo] secondLepton_Pt	>	15

!!!!!!!!!!!!!!!!!
!!!! UPDATED !!!!
!!!!!!!!!!!!!!!!!

[CutInfo::PrintCutInfo] leadingLepton_Pt	>	90
[CutInfo::PrintCutInfo] m_SubLeadljj_jjWclosest	<	185
[CutInfo::PrintCutInfo] m_SubLeadljj_jjWclosest	>	80
[CutInfo::PrintCutInfo] secondLepton_Pt	>	15
CF	0.0868806 +- 0.0204939
Fake	0.0167472 +- 0.125527
Prompt	1.23654 +- 0.495363
=> total bkg = 1.34017
Signal	Yield	Efficiency	Efficiency@Presel	Punzi
HNElEl_150	0.740881	0.00193333	7.74899e-05	5.45023e-06
=====================================================================


!!!!!!!!!!!!!!!!!
!!!! UPDATED !!!!
!!!!!!!!!!!!!!!!!

[CutInfo::PrintCutInfo] leadingLepton_Pt	>	90
[CutInfo::PrintCutInfo] m_SubLeadljj_jjWclosest	<	185
[CutInfo::PrintCutInfo] m_SubLeadljj_jjWclosest	>	82.5
[CutInfo::PrintCutInfo] secondLepton_Pt	>	15
CF	0.0868806 +- 0.0204939
Fake	0.0167472 +- 0.125527
Prompt	1.23654 +- 0.495363
=> total bkg = 1.34017
Signal	Yield	Efficiency	Efficiency@Presel	Punzi
HNElEl_150	0.740881	0.00193333	7.74899e-05	5.45023e-06
=====================================================================

####################################################
TIME STAMP : [2018/1/16 21:6:56] 2100 / 3721 (56.4364 %)
####################################################
[CutInfo::PrintCutInfo] leadingLepton_Pt	>	90
[CutInfo::PrintCutInfo] m_SubLeadljj_jjWclosest	<	185
[CutInfo::PrintCutInfo] m_SubLeadljj_jjWclosest	>	82.5
[CutInfo::PrintCutInfo] secondLepton_Pt	>	15

!!!!!!!!!!!!!!!!!
!!!! UPDATED !!!!
!!!!!!!!!!!!!!!!!

[CutInfo::PrintCutInfo] leadingLepton_Pt	>	90
[CutInfo::PrintCutInfo] m_SubLeadljj_jjWclosest	<	185
[CutInfo::PrintCutInfo] m_SubLeadljj_jjWclosest	>	85
[CutInfo::PrintCutInfo] secondLepton_Pt	>	15
CF	0.0868806 +- 0.0204939
Fake	0.0167472 +- 0.125527
Prompt	1.23654 +- 0.495363
=> total bkg = 1.34017
Signal	Yield	Efficiency	Efficiency@Presel	Punzi
HNElEl_150	0.740881	0.00193333	7.74899e-05	5.45023e-06
=====================================================================


!!!!!!!!!!!!!!!!!
!!!! UPDATED !!!!
!!!!!!!!!!!!!!!!!

[CutInfo::PrintCutInfo] leadingLepton_Pt	>	90
[CutInfo::PrintCutInfo] m_SubLeadljj_jjWclosest	<	185
[CutInfo::PrintCutInfo] m_SubLeadljj_jjWclosest	>	87.5
[CutInfo::PrintCutInfo] secondLepton_Pt	>	15
CF	0.0868806 +- 0.0204939
Fake	0.0167472 +- 0.125527
Prompt	1.23654 +- 0.495363
=> total bkg = 1.34017
Signal	Yield	Efficiency	Efficiency@Presel	Punzi
HNElEl_150	0.740881	0.00193333	7.74899e-05	5.45023e-06
=====================================================================

####################################################
TIME STAMP : [2018/1/16 21:7:5] 2200 / 3721 (59.1239 %)
####################################################
[CutInfo::PrintCutInfo] leadingLepton_Pt	>	90
[CutInfo::PrintCutInfo] m_SubLeadljj_jjWclosest	<	185
[CutInfo::PrintCutInfo] m_SubLeadljj_jjWclosest	>	87.5
[CutInfo::PrintCutInfo] secondLepton_Pt	>	15

!!!!!!!!!!!!!!!!!
!!!! UPDATED !!!!
!!!!!!!!!!!!!!!!!

[CutInfo::PrintCutInfo] leadingLepton_Pt	>	90
[CutInfo::PrintCutInfo] m_SubLeadljj_jjWclosest	<	185
[CutInfo::PrintCutInfo] m_SubLeadljj_jjWclosest	>	90
[CutInfo::PrintCutInfo] secondLepton_Pt	>	15
CF	0.0868806 +- 0.0204939
Fake	0.0167472 +- 0.125527
Prompt	1.23654 +- 0.495363
=> total bkg = 1.34017
Signal	Yield	Efficiency	Efficiency@Presel	Punzi
HNElEl_150	0.740881	0.00193333	7.74899e-05	5.45023e-06
=====================================================================

####################################################
TIME STAMP : [2018/1/16 21:7:13] 2300 / 3721 (61.8113 %)
####################################################
[CutInfo::PrintCutInfo] leadingLepton_Pt	>	90
[CutInfo::PrintCutInfo] m_SubLeadljj_jjWclosest	<	185
[CutInfo::PrintCutInfo] m_SubLeadljj_jjWclosest	>	90
[CutInfo::PrintCutInfo] secondLepton_Pt	>	15

!!!!!!!!!!!!!!!!!
!!!! UPDATED !!!!
!!!!!!!!!!!!!!!!!

[CutInfo::PrintCutInfo] leadingLepton_Pt	>	90
[CutInfo::PrintCutInfo] m_SubLeadljj_jjWclosest	<	185
[CutInfo::PrintCutInfo] m_SubLeadljj_jjWclosest	>	92.5
[CutInfo::PrintCutInfo] secondLepton_Pt	>	15
CF	0.0868806 +- 0.0204939
Fake	0.0167472 +- 0.125527
Prompt	1.23654 +- 0.495363
=> total bkg = 1.34017
Signal	Yield	Efficiency	Efficiency@Presel	Punzi
HNElEl_150	0.740881	0.00193333	7.74899e-05	5.45023e-06
=====================================================================


!!!!!!!!!!!!!!!!!
!!!! UPDATED !!!!
!!!!!!!!!!!!!!!!!

[CutInfo::PrintCutInfo] leadingLepton_Pt	>	90
[CutInfo::PrintCutInfo] m_SubLeadljj_jjWclosest	<	185
[CutInfo::PrintCutInfo] m_SubLeadljj_jjWclosest	>	95
[CutInfo::PrintCutInfo] secondLepton_Pt	>	15
CF	0.0868806 +- 0.0204939
Fake	0.0167472 +- 0.125527
Prompt	1.23654 +- 0.495363
=> total bkg = 1.34017
Signal	Yield	Efficiency	Efficiency@Presel	Punzi
HNElEl_150	0.740881	0.00193333	7.74899e-05	5.45023e-06
=====================================================================

####################################################
TIME STAMP : [2018/1/16 21:7:22] 2400 / 3721 (64.4988 %)
####################################################
[CutInfo::PrintCutInfo] leadingLepton_Pt	>	90
[CutInfo::PrintCutInfo] m_SubLeadljj_jjWclosest	<	185
[CutInfo::PrintCutInfo] m_SubLeadljj_jjWclosest	>	95
[CutInfo::PrintCutInfo] secondLepton_Pt	>	15

!!!!!!!!!!!!!!!!!
!!!! UPDATED !!!!
!!!!!!!!!!!!!!!!!

[CutInfo::PrintCutInfo] leadingLepton_Pt	>	90
[CutInfo::PrintCutInfo] m_SubLeadljj_jjWclosest	<	185
[CutInfo::PrintCutInfo] m_SubLeadljj_jjWclosest	>	97.5
[CutInfo::PrintCutInfo] secondLepton_Pt	>	15
CF	0.083085 +- 0.0197251
Fake	0.0167472 +- 0.125527
Prompt	1.23654 +- 0.495363
=> total bkg = 1.33637
Signal	Yield	Efficiency	Efficiency@Presel	Punzi
HNElEl_150	0.740881	0.00193333	7.74899e-05	5.45387e-06
=====================================================================


!!!!!!!!!!!!!!!!!
!!!! UPDATED !!!!
!!!!!!!!!!!!!!!!!

[CutInfo::PrintCutInfo] leadingLepton_Pt	>	90
[CutInfo::PrintCutInfo] m_SubLeadljj_jjWclosest	<	185
[CutInfo::PrintCutInfo] m_SubLeadljj_jjWclosest	>	100
[CutInfo::PrintCutInfo] secondLepton_Pt	>	15
CF	0.083085 +- 0.0197251
Fake	0.0167472 +- 0.125527
Prompt	1.23654 +- 0.495363
=> total bkg = 1.33637
Signal	Yield	Efficiency	Efficiency@Presel	Punzi
HNElEl_150	0.740881	0.00193333	7.74899e-05	5.45387e-06
=====================================================================

####################################################
TIME STAMP : [2018/1/16 21:7:31] 2500 / 3721 (67.1862 %)
####################################################
[CutInfo::PrintCutInfo] leadingLepton_Pt	>	90
[CutInfo::PrintCutInfo] m_SubLeadljj_jjWclosest	<	185
[CutInfo::PrintCutInfo] m_SubLeadljj_jjWclosest	>	100
[CutInfo::PrintCutInfo] secondLepton_Pt	>	15

!!!!!!!!!!!!!!!!!
!!!! UPDATED !!!!
!!!!!!!!!!!!!!!!!

[CutInfo::PrintCutInfo] leadingLepton_Pt	>	90
[CutInfo::PrintCutInfo] m_SubLeadljj_jjWclosest	<	185
[CutInfo::PrintCutInfo] m_SubLeadljj_jjWclosest	>	102.5
[CutInfo::PrintCutInfo] secondLepton_Pt	>	15
CF	0.0827842 +- 0.0196904
Fake	0.0167472 +- 0.125527
Prompt	1.23654 +- 0.495363
=> total bkg = 1.33607
Signal	Yield	Efficiency	Efficiency@Presel	Punzi
HNElEl_150	0.740881	0.00193333	7.74899e-05	5.45416e-06
=====================================================================

####################################################
TIME STAMP : [2018/1/16 21:7:39] 2600 / 3721 (69.8737 %)
####################################################
[CutInfo::PrintCutInfo] leadingLepton_Pt	>	90
[CutInfo::PrintCutInfo] m_SubLeadljj_jjWclosest	<	185
[CutInfo::PrintCutInfo] m_SubLeadljj_jjWclosest	>	102.5
[CutInfo::PrintCutInfo] secondLepton_Pt	>	15

!!!!!!!!!!!!!!!!!
!!!! UPDATED !!!!
!!!!!!!!!!!!!!!!!

[CutInfo::PrintCutInfo] leadingLepton_Pt	>	90
[CutInfo::PrintCutInfo] m_SubLeadljj_jjWclosest	<	185
[CutInfo::PrintCutInfo] m_SubLeadljj_jjWclosest	>	105
[CutInfo::PrintCutInfo] secondLepton_Pt	>	15
CF	0.0827842 +- 0.0196904
Fake	0.0167472 +- 0.125527
Prompt	1.23654 +- 0.495363
=> total bkg = 1.33607
Signal	Yield	Efficiency	Efficiency@Presel	Punzi
HNElEl_150	0.740881	0.00193333	7.74899e-05	5.45416e-06
=====================================================================


!!!!!!!!!!!!!!!!!
!!!! UPDATED !!!!
!!!!!!!!!!!!!!!!!

[CutInfo::PrintCutInfo] leadingLepton_Pt	>	90
[CutInfo::PrintCutInfo] m_SubLeadljj_jjWclosest	<	185
[CutInfo::PrintCutInfo] m_SubLeadljj_jjWclosest	>	107.5
[CutInfo::PrintCutInfo] secondLepton_Pt	>	15
CF	0.08274 +- 0.0196856
Fake	0.0167472 +- 0.125527
Prompt	1.23654 +- 0.495363
=> total bkg = 1.33603
Signal	Yield	Efficiency	Efficiency@Presel	Punzi
HNElEl_150	0.740881	0.00193333	7.74899e-05	5.4542e-06
=====================================================================

####################################################
TIME STAMP : [2018/1/16 21:7:48] 2700 / 3721 (72.5611 %)
####################################################
[CutInfo::PrintCutInfo] leadingLepton_Pt	>	90
[CutInfo::PrintCutInfo] m_SubLeadljj_jjWclosest	<	185
[CutInfo::PrintCutInfo] m_SubLeadljj_jjWclosest	>	107.5
[CutInfo::PrintCutInfo] secondLepton_Pt	>	15

!!!!!!!!!!!!!!!!!
!!!! UPDATED !!!!
!!!!!!!!!!!!!!!!!

[CutInfo::PrintCutInfo] leadingLepton_Pt	>	90
[CutInfo::PrintCutInfo] m_SubLeadljj_jjWclosest	<	185
[CutInfo::PrintCutInfo] m_SubLeadljj_jjWclosest	>	110
[CutInfo::PrintCutInfo] secondLepton_Pt	>	15
CF	0.0827086 +- 0.0196822
Fake	0.0167472 +- 0.125527
Prompt	1.23654 +- 0.495363
=> total bkg = 1.336
Signal	Yield	Efficiency	Efficiency@Presel	Punzi
HNElEl_150	0.740881	0.00193333	7.74899e-05	5.45423e-06
=====================================================================


!!!!!!!!!!!!!!!!!
!!!! UPDATED !!!!
!!!!!!!!!!!!!!!!!

[CutInfo::PrintCutInfo] leadingLepton_Pt	>	90
[CutInfo::PrintCutInfo] m_SubLeadljj_jjWclosest	<	185
[CutInfo::PrintCutInfo] m_SubLeadljj_jjWclosest	>	112.5
[CutInfo::PrintCutInfo] secondLepton_Pt	>	15
CF	0.0827086 +- 0.0196822
Fake	0.0167472 +- 0.125527
Prompt	1.23457 +- 0.495019
=> total bkg = 1.33402
Signal	Yield	Efficiency	Efficiency@Presel	Punzi
HNElEl_150	0.740881	0.00193333	7.74899e-05	5.45644e-06
=====================================================================

####################################################
TIME STAMP : [2018/1/16 21:7:57] 2800 / 3721 (75.2486 %)
####################################################
[CutInfo::PrintCutInfo] leadingLepton_Pt	>	90
[CutInfo::PrintCutInfo] m_SubLeadljj_jjWclosest	<	185
[CutInfo::PrintCutInfo] m_SubLeadljj_jjWclosest	>	112.5
[CutInfo::PrintCutInfo] secondLepton_Pt	>	15
####################################################
TIME STAMP : [2018/1/16 21:8:5] 2900 / 3721 (77.936 %)
####################################################
[CutInfo::PrintCutInfo] leadingLepton_Pt	>	90
[CutInfo::PrintCutInfo] m_SubLeadljj_jjWclosest	<	185
[CutInfo::PrintCutInfo] m_SubLeadljj_jjWclosest	>	112.5
[CutInfo::PrintCutInfo] secondLepton_Pt	>	15
####################################################
TIME STAMP : [2018/1/16 21:8:14] 3000 / 3721 (80.6235 %)
####################################################
[CutInfo::PrintCutInfo] leadingLepton_Pt	>	90
[CutInfo::PrintCutInfo] m_SubLeadljj_jjWclosest	<	185
[CutInfo::PrintCutInfo] m_SubLeadljj_jjWclosest	>	112.5
[CutInfo::PrintCutInfo] secondLepton_Pt	>	15

!!!!!!!!!!!!!!!!!
!!!! UPDATED !!!!
!!!!!!!!!!!!!!!!!

[CutInfo::PrintCutInfo] leadingLepton_Pt	>	90
[CutInfo::PrintCutInfo] m_SubLeadljj_jjWclosest	<	200
[CutInfo::PrintCutInfo] m_SubLeadljj_jjWclosest	>	122.5
[CutInfo::PrintCutInfo] secondLepton_Pt	>	15
CF	0.106285 +- 0.0237005
Fake	0.070549 +- 0.150542
Prompt	1.28668 +- 0.514402
=> total bkg = 1.46351
Signal	Yield	Efficiency	Efficiency@Presel	Punzi
HNElEl_150	0.776418	0.00205	8.12068e-05	5.56959e-06
=====================================================================


!!!!!!!!!!!!!!!!!
!!!! UPDATED !!!!
!!!!!!!!!!!!!!!!!

[CutInfo::PrintCutInfo] leadingLepton_Pt	>	90
[CutInfo::PrintCutInfo] m_SubLeadljj_jjWclosest	<	185
[CutInfo::PrintCutInfo] m_SubLeadljj_jjWclosest	>	122.5
[CutInfo::PrintCutInfo] secondLepton_Pt	>	15
CF	0.0797694 +- 0.0191586
Fake	0.0232304 +- 0.125467
Prompt	1.10656 +- 0.482858
=> total bkg = 1.20956
Signal	Yield	Efficiency	Efficiency@Presel	Punzi
HNElEl_150	0.740881	0.00193333	7.74899e-05	5.59286e-06
=====================================================================

####################################################
TIME STAMP : [2018/1/16 21:8:22] 3100 / 3721 (83.3109 %)
####################################################
[CutInfo::PrintCutInfo] leadingLepton_Pt	>	90
[CutInfo::PrintCutInfo] m_SubLeadljj_jjWclosest	<	185
[CutInfo::PrintCutInfo] m_SubLeadljj_jjWclosest	>	122.5
[CutInfo::PrintCutInfo] secondLepton_Pt	>	15

!!!!!!!!!!!!!!!!!
!!!! UPDATED !!!!
!!!!!!!!!!!!!!!!!

[CutInfo::PrintCutInfo] leadingLepton_Pt	>	90
[CutInfo::PrintCutInfo] m_SubLeadljj_jjWclosest	<	185
[CutInfo::PrintCutInfo] m_SubLeadljj_jjWclosest	>	125
[CutInfo::PrintCutInfo] secondLepton_Pt	>	15
CF	0.0796693 +- 0.0191478
Fake	0.0235697 +- 0.125472
Prompt	1.09827 +- 0.481457
=> total bkg = 1.20151
Signal	Yield	Efficiency	Efficiency@Presel	Punzi
HNElEl_150	0.740881	0.00193333	7.74899e-05	5.60275e-06
=====================================================================

####################################################
TIME STAMP : [2018/1/16 21:8:31] 3200 / 3721 (85.9984 %)
####################################################
[CutInfo::PrintCutInfo] leadingLepton_Pt	>	90
[CutInfo::PrintCutInfo] m_SubLeadljj_jjWclosest	<	185
[CutInfo::PrintCutInfo] m_SubLeadljj_jjWclosest	>	125
[CutInfo::PrintCutInfo] secondLepton_Pt	>	15
####################################################
TIME STAMP : [2018/1/16 21:8:40] 3300 / 3721 (88.6858 %)
####################################################
[CutInfo::PrintCutInfo] leadingLepton_Pt	>	90
[CutInfo::PrintCutInfo] m_SubLeadljj_jjWclosest	<	185
[CutInfo::PrintCutInfo] m_SubLeadljj_jjWclosest	>	125
[CutInfo::PrintCutInfo] secondLepton_Pt	>	15
####################################################
TIME STAMP : [2018/1/16 21:8:48] 3400 / 3721 (91.3733 %)
####################################################
[CutInfo::PrintCutInfo] leadingLepton_Pt	>	90
[CutInfo::PrintCutInfo] m_SubLeadljj_jjWclosest	<	185
[CutInfo::PrintCutInfo] m_SubLeadljj_jjWclosest	>	125
[CutInfo::PrintCutInfo] secondLepton_Pt	>	15
####################################################
TIME STAMP : [2018/1/16 21:8:57] 3500 / 3721 (94.0607 %)
####################################################
[CutInfo::PrintCutInfo] leadingLepton_Pt	>	90
[CutInfo::PrintCutInfo] m_SubLeadljj_jjWclosest	<	185
[CutInfo::PrintCutInfo] m_SubLeadljj_jjWclosest	>	125
[CutInfo::PrintCutInfo] secondLepton_Pt	>	15
####################################################
TIME STAMP : [2018/1/16 21:9:5] 3600 / 3721 (96.7482 %)
####################################################
[CutInfo::PrintCutInfo] leadingLepton_Pt	>	90
[CutInfo::PrintCutInfo] m_SubLeadljj_jjWclosest	<	185
[CutInfo::PrintCutInfo] m_SubLeadljj_jjWclosest	>	125
[CutInfo::PrintCutInfo] secondLepton_Pt	>	15
####################################################
TIME STAMP : [2018/1/16 21:9:14] 3700 / 3721 (99.4356 %)
####################################################
[CutInfo::PrintCutInfo] leadingLepton_Pt	>	90
[CutInfo::PrintCutInfo] m_SubLeadljj_jjWclosest	<	185
[CutInfo::PrintCutInfo] m_SubLeadljj_jjWclosest	>	125
[CutInfo::PrintCutInfo] secondLepton_Pt	>	15

##################
#### FINISHED ####
##################

[CutInfo::PrintCutInfo] leadingLepton_Pt	>	90
[CutInfo::PrintCutInfo] m_SubLeadljj_jjWclosest	<	185
[CutInfo::PrintCutInfo] m_SubLeadljj_jjWclosest	>	125
[CutInfo::PrintCutInfo] secondLepton_Pt	>	15
CF	0.0796693 +- 0.0191478
Fake	0.0235697 +- 0.125472
Prompt	1.09827 +- 0.481457
=> total bkg = 1.20151
Signal	Yield	Efficiency	Efficiency@Presel	Punzi
HNElEl_150	0.740881	0.00193333	7.74899e-05	5.60275e-06
