
Processing CyclesForMixingLimit_ElEl_Bin2/HNElEl_400_VBFOnly.C...
[AnalysisInputs::SetMCSF] Get MC SF from /data8/Users/jskim/HN_dilepton_plotter/data/v8-0-7.37_Approved/MCSF.txt
[AnalysisInputs::SetMCSF] sample : VVV
[AnalysisInputs::SetMCSF] => MCSF = 1, MCSF_err = 0.5
[AnalysisInputs::SetMCSF] sample : WWW
[AnalysisInputs::SetMCSF] => MCSF = 1, MCSF_err = 0.5
[AnalysisInputs::SetMCSF] sample : WWZ
[AnalysisInputs::SetMCSF] => MCSF = 1, MCSF_err = 0.5
[AnalysisInputs::SetMCSF] sample : WZZ
[AnalysisInputs::SetMCSF] => MCSF = 1, MCSF_err = 0.5
[AnalysisInputs::SetMCSF] sample : ZZZ
[AnalysisInputs::SetMCSF] => MCSF = 1, MCSF_err = 0.5
[AnalysisInputs::SetMCSF] sample : ttV
[AnalysisInputs::SetMCSF] => MCSF = 1, MCSF_err = 0.5
[AnalysisInputs::SetMCSF] sample : ttW
[AnalysisInputs::SetMCSF] => MCSF = 1, MCSF_err = 0.5
[AnalysisInputs::SetMCSF] sample : ttZ
[AnalysisInputs::SetMCSF] => MCSF = 1, MCSF_err = 0.5
[AnalysisInputs::SetMCSF] sample : ttH_nonbb
[AnalysisInputs::SetMCSF] => MCSF = 1, MCSF_err = 0.5
[AnalysisInputs::SetMCSF] sample : top
[AnalysisInputs::SetMCSF] => MCSF = 1, MCSF_err = 0.5
[AnalysisInputs::SetMCSF] sample : WWTo2L2Nu_DS
[AnalysisInputs::SetMCSF] => MCSF = 1, MCSF_err = 0.5
[AnalysisInputs::SetMCSF] sample : WpWpEWK
[AnalysisInputs::SetMCSF] => MCSF = 1.3062, MCSF_err = 0.5
[AnalysisInputs::SetMCSF] sample : WpWpQCD
[AnalysisInputs::SetMCSF] => MCSF = 1.70026, MCSF_err = 0.5
[AnalysisInputs::SetMCSF] sample : WZTo3LNu_mllmin01
[AnalysisInputs::SetMCSF] => MCSF = 0.65, MCSF_err = 0.06
[AnalysisInputs::SetMCSF] sample : WZTo3LNu_powheg
[AnalysisInputs::SetMCSF] => MCSF = 1.05149, MCSF_err = 0.064601
[AnalysisInputs::SetMCSF] sample : ZGto2LG
[AnalysisInputs::SetMCSF] => MCSF = 1.09319, MCSF_err = 0.0752381
[AnalysisInputs::SetMCSF] sample : ZZTo4L_powheg
[AnalysisInputs::SetMCSF] => MCSF = 0.97851, MCSF_err = 0.25
[AnalysisInputs::SetMCSF] sample : ggZZto2e2mu
[AnalysisInputs::SetMCSF] => MCSF = 0.97851, MCSF_err = 0.25
[AnalysisInputs::SetMCSF] sample : ggZZto2e2nu
[AnalysisInputs::SetMCSF] => MCSF = 0.97851, MCSF_err = 0.25
[AnalysisInputs::SetMCSF] sample : ggZZto2e2tau
[AnalysisInputs::SetMCSF] => MCSF = 0.97851, MCSF_err = 0.25
[AnalysisInputs::SetMCSF] sample : ggZZto2mu2nu
[AnalysisInputs::SetMCSF] => MCSF = 0.97851, MCSF_err = 0.25
[AnalysisInputs::SetMCSF] sample : ggZZto2mu2tau
[AnalysisInputs::SetMCSF] => MCSF = 0.97851, MCSF_err = 0.25
[AnalysisInputs::SetMCSF] sample : ggZZto4e
[AnalysisInputs::SetMCSF] => MCSF = 0.97851, MCSF_err = 0.25
[AnalysisInputs::SetMCSF] sample : ggZZto4mu
[AnalysisInputs::SetMCSF] => MCSF = 0.97851, MCSF_err = 0.25
[AnalysisInputs::SetMCSF] sample : ggZZto4tau
[AnalysisInputs::SetMCSF] => MCSF = 0.97851, MCSF_err = 0.25
[AnalysisInputs::SetMCSF] sample : ggHtoZZ
[AnalysisInputs::SetMCSF] => MCSF = 0.97851, MCSF_err = 0.25
[AnalysisInputs::SetMCSF] sample : WGtoLNuG
[AnalysisInputs::SetMCSF] => MCSF = 1, MCSF_err = 0.0752381
[AnalysisInputs::SetMCSF] sample : WGtoLNuG_weighted
[AnalysisInputs::SetMCSF] => MCSF = 1, MCSF_err = 0.0752381
[AnalysisInputs::SetCalculatedSysts] Get Systematics from /data8/Users/jskim/HN_dilepton_plotter/data/v8-0-7.37_Approved/Syst.txt
[AnalysisInputs::SetCalculatedSysts] source : Luminosity
[AnalysisInputs::SetCalculatedSysts] => % sysematic = 0.025
[AnalysisInputs::SetCalculatedSysts] source : FakeLooseID
[AnalysisInputs::SetCalculatedSysts] => % sysematic = 0.3
[AnalysisInputs::SetCalculatedSysts] source : ChrageFlipSyst
[AnalysisInputs::SetCalculatedSysts] => % sysematic = 0.16
[CutRangeInfo::ReadCutCard] Get Cutcard from /data8/Users/jskim/HN_dilepton_plotter/data/v8-0-7.37_Approved/CutOpCard/RunDirectory/Cards_ElEl_Bin2/HNElEl_400.txt
Signal Eff = 0.0290143
Central	2.60691	0.272546	0.25766
_MuonEn_up	2.61369	0.272546	0.25766
_MuonEn_down	2.62082	0.272546	0.25766
_MuonIDSF_up	2.61643	0.272546	0.25766
_MuonIDSF_down	2.57056	0.272546	0.25766
_ElectronEn_up	2.61231	0.272546	0.25766
_ElectronEn_down	2.52022	0.272546	0.25766
_ElectronIDSF_up	2.56908	0.272546	0.25766
_ElectronIDSF_down	2.48622	0.272546	0.25766
_TriggerSF_up	2.09157	0.272546	0.25766
_TriggerSF_down	2.62411	0.272546	0.25766
_PU_up	2.5556	0.272546	0.25766
_PU_down	2.66693	0.272546	0.25766
_JetEn_up	2.02139	0.272546	0.25766
_JetEn_down	1.9582	0.272546	0.25766
_JetRes_up	2.61654	0.272546	0.25766
_JetRes_down	2.45036	0.272546	0.25766
_Unclustered_up	2.0553	0.272546	0.25766
_Unclustered_down	2.69117	0.272546	0.25766
_BTagSFEff_up	2.60259	0.272546	0.25766
_BTagSFEff_down	2.6224	0.272546	0.25766
_BTagSFMiss_up	2.61864	0.272546	0.25766
_BTagSFMiss_down	2.62068	0.272546	0.25766
_JetMass_up	2.53097	0.272546	0.25766
_JetMass_down	2.43224	0.272546	0.25766
_JetMassRes_up	2.52627	0.272546	0.25766
_JetMassRes_down	2.43248	0.272546	0.25766
_Tau21_up	2.80262	0.272546	0.25766
_Tau21_down	2.42066	0.272546	0.25766

################ Sources ################
Source	SystTotal	SystPrompt	SystFake	Signal
Stat 26.16 29.94  93.11  11.21  4.96
Lumi 2.08  2.50 -  -  2.50
PDF  -  -  -  -  4.74
MuonPt  0.35 0.42  -  -  0.27
MuonID  0.85 1.02  -  -  0.43
ElectronE  1.96 2.36  -  -  0.88
ElectronID  2.85 3.43  -  -  3.11
Trigger  11.62 13.99  -  -  1.54
PU  1.78 2.14  -  -  1.47
JES  19.70 23.70  -  -  0.52
JER  3.54 4.25  -  -  1.30
Uncl  12.58 15.14  -  -  0.47
BEff  0.36 0.44  -  -  0.47
BMiss  0.41 0.49  -  -  0.83
JMS  4.29 5.17  -  -  0.40
JMR  4.33 5.21  -  -  0.73
Tau21  6.09 7.33  -  -  7.56
MCNorm 17.45  20.99 -  -  -
Fake 2.61  -  30.00 - -
CF 7.81  -  -  95.14 -
Total Systematic 33.16 39.78  30.00  95.14  10.24

Total Background	3.137
- Prompt	2.607
- Fake	0.273
- CF	0.258
- Obs	3.000

####### Result #######
Signal Eff	0.029014
3.137112 1.429660
0.066247 1.113771
