
Processing CyclesForMixingLimit_ElEl_Bin2/HNElEl_1400.C...
[AnalysisInputs::SetMCSF] Get MC SF from /data8/Users/jskim/HN_dilepton_plotter/data/v8-0-7.37_ForApproval/MCSF.txt
[AnalysisInputs::SetMCSF] sample : VVV
[AnalysisInputs::SetMCSF] => MCSF = 1, MCSF_err = 0.5
[AnalysisInputs::SetMCSF] sample : WWW
[AnalysisInputs::SetMCSF] => MCSF = 1, MCSF_err = 0.5
[AnalysisInputs::SetMCSF] sample : WWZ
[AnalysisInputs::SetMCSF] => MCSF = 1, MCSF_err = 0.5
[AnalysisInputs::SetMCSF] sample : WZZ
[AnalysisInputs::SetMCSF] => MCSF = 1, MCSF_err = 0.5
[AnalysisInputs::SetMCSF] sample : ZZZ
[AnalysisInputs::SetMCSF] => MCSF = 1, MCSF_err = 0.5
[AnalysisInputs::SetMCSF] sample : ttV
[AnalysisInputs::SetMCSF] => MCSF = 1, MCSF_err = 0.5
[AnalysisInputs::SetMCSF] sample : ttW
[AnalysisInputs::SetMCSF] => MCSF = 1, MCSF_err = 0.5
[AnalysisInputs::SetMCSF] sample : ttZ
[AnalysisInputs::SetMCSF] => MCSF = 1, MCSF_err = 0.5
[AnalysisInputs::SetMCSF] sample : ttH_nonbb
[AnalysisInputs::SetMCSF] => MCSF = 1, MCSF_err = 0.5
[AnalysisInputs::SetMCSF] sample : top
[AnalysisInputs::SetMCSF] => MCSF = 1, MCSF_err = 0.5
[AnalysisInputs::SetMCSF] sample : WWTo2L2Nu_DS
[AnalysisInputs::SetMCSF] => MCSF = 1, MCSF_err = 0.5
[AnalysisInputs::SetMCSF] sample : WpWpEWK
[AnalysisInputs::SetMCSF] => MCSF = 1.3062, MCSF_err = 0.5
[AnalysisInputs::SetMCSF] sample : WpWpQCD
[AnalysisInputs::SetMCSF] => MCSF = 1.70026, MCSF_err = 0.5
[AnalysisInputs::SetMCSF] sample : WZTo3LNu_mllmin01
[AnalysisInputs::SetMCSF] => MCSF = 0.65, MCSF_err = 0.06
[AnalysisInputs::SetMCSF] sample : WZTo3LNu_powheg
[AnalysisInputs::SetMCSF] => MCSF = 1.05149, MCSF_err = 0.064601
[AnalysisInputs::SetMCSF] sample : ZGto2LG
[AnalysisInputs::SetMCSF] => MCSF = 1.09319, MCSF_err = 0.0752381
[AnalysisInputs::SetMCSF] sample : ZZTo4L_powheg
[AnalysisInputs::SetMCSF] => MCSF = 0.97851, MCSF_err = 0.25
[AnalysisInputs::SetMCSF] sample : ggZZto2e2mu
[AnalysisInputs::SetMCSF] => MCSF = 0.97851, MCSF_err = 0.25
[AnalysisInputs::SetMCSF] sample : ggZZto2e2nu
[AnalysisInputs::SetMCSF] => MCSF = 0.97851, MCSF_err = 0.25
[AnalysisInputs::SetMCSF] sample : ggZZto2e2tau
[AnalysisInputs::SetMCSF] => MCSF = 0.97851, MCSF_err = 0.25
[AnalysisInputs::SetMCSF] sample : ggZZto2mu2nu
[AnalysisInputs::SetMCSF] => MCSF = 0.97851, MCSF_err = 0.25
[AnalysisInputs::SetMCSF] sample : ggZZto2mu2tau
[AnalysisInputs::SetMCSF] => MCSF = 0.97851, MCSF_err = 0.25
[AnalysisInputs::SetMCSF] sample : ggZZto4e
[AnalysisInputs::SetMCSF] => MCSF = 0.97851, MCSF_err = 0.25
[AnalysisInputs::SetMCSF] sample : ggZZto4mu
[AnalysisInputs::SetMCSF] => MCSF = 0.97851, MCSF_err = 0.25
[AnalysisInputs::SetMCSF] sample : ggZZto4tau
[AnalysisInputs::SetMCSF] => MCSF = 0.97851, MCSF_err = 0.25
[AnalysisInputs::SetMCSF] sample : ggHtoZZ
[AnalysisInputs::SetMCSF] => MCSF = 0.97851, MCSF_err = 0.25
[AnalysisInputs::SetMCSF] sample : WGtoLNuG
[AnalysisInputs::SetMCSF] => MCSF = 1, MCSF_err = 0.0752381
[AnalysisInputs::SetMCSF] sample : WGtoLNuG_weighted
[AnalysisInputs::SetMCSF] => MCSF = 1, MCSF_err = 0.0752381
[AnalysisInputs::SetCalculatedSysts] Get Systematics from /data8/Users/jskim/HN_dilepton_plotter/data/v8-0-7.37_ForApproval/Syst.txt
[AnalysisInputs::SetCalculatedSysts] source : Luminosity
[AnalysisInputs::SetCalculatedSysts] => % sysematic = 0.025
[AnalysisInputs::SetCalculatedSysts] source : FakeLooseID
[AnalysisInputs::SetCalculatedSysts] => % sysematic = 0.3
[AnalysisInputs::SetCalculatedSysts] source : ChrageFlipSyst
[AnalysisInputs::SetCalculatedSysts] => % sysematic = 0.16
[CutRangeInfo::ReadCutCard] Get Cutcard from /data8/Users/jskim/HN_dilepton_plotter/data/v8-0-7.37_ForApproval/CutOpCard/RunDirectory/Cards_ElEl_Bin2/HNElEl_1400.txt
Central	0.0419652	0.00431145	0.0108825
_MuonEn_up	0.0419652	0.00431145	0.0108825
_MuonEn_down	0.0419652	0.00431145	0.0108825
_MuonIDSF_up	0.0419652	0.00431145	0.0108825
_MuonIDSF_down	0.0419652	0.00431145	0.0108825
_ElectronEn_up	0.0446486	0.00431145	0.0108825
_ElectronEn_down	0.0419652	0.00431145	0.0108825
_ElectronIDSF_up	0.044334	0.00431145	0.0108825
_ElectronIDSF_down	0.0396378	0.00431145	0.0108825
_TriggerSF_up	0.0428236	0.00431145	0.0108825
_TriggerSF_down	0.0448608	0.00431145	0.0108825
_PU_up	0.0427512	0.00431145	0.0108825
_PU_down	0.0405993	0.00431145	0.0108825
_JetEn_up	0.0446486	0.00431145	0.0108825
_JetEn_down	0.0419652	0.00431145	0.0108825
_JetRes_up	0.0419652	0.00431145	0.0108825
_JetRes_down	0.0446486	0.00431145	0.0108825
_Unclustered_up	0.0419652	0.00431145	0.0108825
_Unclustered_down	0.033667	0.00431145	0.0108825
_BTagSFEff_up	0.0419652	0.00431145	0.0108825
_BTagSFEff_down	0.0419652	0.00431145	0.0108825
_BTagSFMiss_up	0.0419652	0.00431145	0.0108825
_BTagSFMiss_down	0.0419652	0.00431145	0.0108825
_JetMass_up	0.0419652	0.00431145	0.0108825
_JetMass_down	0.0445732	0.00431145	0.0108825
_JetMassRes_up	0.0474689	0.00431145	0.0108825
_JetMassRes_down	0.0448608	0.00431145	0.0108825
_Tau21_up	0.045376	0.00431145	0.0108825
_Tau21_down	0.0385544	0.00431145	0.0108825

################ Sources ################
Source	SystTotal	SystPrompt	SystFake	Signal
Stat 24.85 32.10  104.26  56.98  1.24
Lumi 1.84  2.50 -  -  2.50
PDF  -  -  -  -  5.00
MuonPt  0.00 0.00  -  -  0.11
MuonID  0.00 0.00  -  -  0.07
ElectronE  3.32 4.52  -  -  0.13
ElectronID  4.11 5.60  -  -  3.62
Trigger  3.74 5.09  -  -  1.51
PU  1.95 2.66  -  -  1.60
JES  3.32 4.52  -  -  0.23
JER  3.32 4.52  -  -  0.28
Uncl  10.27 13.98  -  -  0.06
BEff  0.00 0.00  -  -  0.70
BMiss  0.00 0.00  -  -  0.37
JMS  3.23 4.39  -  -  0.18
JMR  7.69 10.48  -  -  0.14
Tau21  5.97 8.13  -  -  8.56
MCNorm 41.84  56.99 -  -  -
Fake 2.26  -  30.00 - -
CF 18.92  -  -  99.37 -
Total Systematic 45.14 61.40  30.00  99.37  11.10

Total Background	0.057
- Prompt	0.042
- Fake	0.004
- CF	0.011
- Obs	0.000

####### Result #######
Signal Eff	0.196353
0.057159 1.559516
0.006562 1.111735
