
Processing CyclesForMixingLimit_ElEl_Bin2/HNElEl_500.C...
[AnalysisInputs::SetMCSF] Get MC SF from /data8/Users/jskim/HN_dilepton_plotter/data/v8-0-7.37_ForApproval/MCSF.txt
[AnalysisInputs::SetMCSF] sample : VVV
[AnalysisInputs::SetMCSF] => MCSF = 1, MCSF_err = 0.5
[AnalysisInputs::SetMCSF] sample : WWW
[AnalysisInputs::SetMCSF] => MCSF = 1, MCSF_err = 0.5
[AnalysisInputs::SetMCSF] sample : WWZ
[AnalysisInputs::SetMCSF] => MCSF = 1, MCSF_err = 0.5
[AnalysisInputs::SetMCSF] sample : WZZ
[AnalysisInputs::SetMCSF] => MCSF = 1, MCSF_err = 0.5
[AnalysisInputs::SetMCSF] sample : ZZZ
[AnalysisInputs::SetMCSF] => MCSF = 1, MCSF_err = 0.5
[AnalysisInputs::SetMCSF] sample : ttV
[AnalysisInputs::SetMCSF] => MCSF = 1, MCSF_err = 0.5
[AnalysisInputs::SetMCSF] sample : ttW
[AnalysisInputs::SetMCSF] => MCSF = 1, MCSF_err = 0.5
[AnalysisInputs::SetMCSF] sample : ttZ
[AnalysisInputs::SetMCSF] => MCSF = 1, MCSF_err = 0.5
[AnalysisInputs::SetMCSF] sample : ttH_nonbb
[AnalysisInputs::SetMCSF] => MCSF = 1, MCSF_err = 0.5
[AnalysisInputs::SetMCSF] sample : top
[AnalysisInputs::SetMCSF] => MCSF = 1, MCSF_err = 0.5
[AnalysisInputs::SetMCSF] sample : WWTo2L2Nu_DS
[AnalysisInputs::SetMCSF] => MCSF = 1, MCSF_err = 0.5
[AnalysisInputs::SetMCSF] sample : WpWpEWK
[AnalysisInputs::SetMCSF] => MCSF = 1.3062, MCSF_err = 0.5
[AnalysisInputs::SetMCSF] sample : WpWpQCD
[AnalysisInputs::SetMCSF] => MCSF = 1.70026, MCSF_err = 0.5
[AnalysisInputs::SetMCSF] sample : WZTo3LNu_mllmin01
[AnalysisInputs::SetMCSF] => MCSF = 0.65, MCSF_err = 0.06
[AnalysisInputs::SetMCSF] sample : WZTo3LNu_powheg
[AnalysisInputs::SetMCSF] => MCSF = 1.05149, MCSF_err = 0.064601
[AnalysisInputs::SetMCSF] sample : ZGto2LG
[AnalysisInputs::SetMCSF] => MCSF = 1.09319, MCSF_err = 0.0752381
[AnalysisInputs::SetMCSF] sample : ZZTo4L_powheg
[AnalysisInputs::SetMCSF] => MCSF = 0.97851, MCSF_err = 0.25
[AnalysisInputs::SetMCSF] sample : ggZZto2e2mu
[AnalysisInputs::SetMCSF] => MCSF = 0.97851, MCSF_err = 0.25
[AnalysisInputs::SetMCSF] sample : ggZZto2e2nu
[AnalysisInputs::SetMCSF] => MCSF = 0.97851, MCSF_err = 0.25
[AnalysisInputs::SetMCSF] sample : ggZZto2e2tau
[AnalysisInputs::SetMCSF] => MCSF = 0.97851, MCSF_err = 0.25
[AnalysisInputs::SetMCSF] sample : ggZZto2mu2nu
[AnalysisInputs::SetMCSF] => MCSF = 0.97851, MCSF_err = 0.25
[AnalysisInputs::SetMCSF] sample : ggZZto2mu2tau
[AnalysisInputs::SetMCSF] => MCSF = 0.97851, MCSF_err = 0.25
[AnalysisInputs::SetMCSF] sample : ggZZto4e
[AnalysisInputs::SetMCSF] => MCSF = 0.97851, MCSF_err = 0.25
[AnalysisInputs::SetMCSF] sample : ggZZto4mu
[AnalysisInputs::SetMCSF] => MCSF = 0.97851, MCSF_err = 0.25
[AnalysisInputs::SetMCSF] sample : ggZZto4tau
[AnalysisInputs::SetMCSF] => MCSF = 0.97851, MCSF_err = 0.25
[AnalysisInputs::SetMCSF] sample : ggHtoZZ
[AnalysisInputs::SetMCSF] => MCSF = 0.97851, MCSF_err = 0.25
[AnalysisInputs::SetMCSF] sample : WGtoLNuG
[AnalysisInputs::SetMCSF] => MCSF = 1, MCSF_err = 0.0752381
[AnalysisInputs::SetMCSF] sample : WGtoLNuG_weighted
[AnalysisInputs::SetMCSF] => MCSF = 1, MCSF_err = 0.0752381
[AnalysisInputs::SetCalculatedSysts] Get Systematics from /data8/Users/jskim/HN_dilepton_plotter/data/v8-0-7.37_ForApproval/Syst.txt
[AnalysisInputs::SetCalculatedSysts] source : Luminosity
[AnalysisInputs::SetCalculatedSysts] => % sysematic = 0.025
[AnalysisInputs::SetCalculatedSysts] source : FakeLooseID
[AnalysisInputs::SetCalculatedSysts] => % sysematic = 0.3
[AnalysisInputs::SetCalculatedSysts] source : ChrageFlipSyst
[AnalysisInputs::SetCalculatedSysts] => % sysematic = 0.16
[CutRangeInfo::ReadCutCard] Get Cutcard from /data8/Users/jskim/HN_dilepton_plotter/data/v8-0-7.37_ForApproval/CutOpCard/RunDirectory/Cards_ElEl_Bin2/HNElEl_500.txt
Central	2.50463	0.12036	0.174486
_MuonEn_up	2.50582	0.12036	0.174486
_MuonEn_down	2.51818	0.12036	0.174486
_MuonIDSF_up	2.41046	0.12036	0.174486
_MuonIDSF_down	2.49909	0.12036	0.174486
_ElectronEn_up	2.55722	0.12036	0.174486
_ElectronEn_down	2.56967	0.12036	0.174486
_ElectronIDSF_up	2.56641	0.12036	0.174486
_ElectronIDSF_down	2.36208	0.12036	0.174486
_TriggerSF_up	2.55315	0.12036	0.174486
_TriggerSF_down	2.51107	0.12036	0.174486
_PU_up	2.53342	0.12036	0.174486
_PU_down	2.46389	0.12036	0.174486
_JetEn_up	2.57528	0.12036	0.174486
_JetEn_down	2.73194	0.12036	0.174486
_JetRes_up	2.49515	0.12036	0.174486
_JetRes_down	2.57293	0.12036	0.174486
_Unclustered_up	2.58106	0.12036	0.174486
_Unclustered_down	2.657	0.12036	0.174486
_BTagSFEff_up	2.48617	0.12036	0.174486
_BTagSFEff_down	2.5103	0.12036	0.174486
_BTagSFMiss_up	2.4951	0.12036	0.174486
_BTagSFMiss_down	2.50425	0.12036	0.174486
_JetMass_up	2.45913	0.12036	0.174486
_JetMass_down	2.42558	0.12036	0.174486
_JetMassRes_up	2.43042	0.12036	0.174486
_JetMassRes_down	2.37653	0.12036	0.174486
_Tau21_up	2.68667	0.12036	0.174486
_Tau21_down	2.32107	0.12036	0.174486

################ Sources ################
Source	SystTotal	SystPrompt	SystFake	Signal
Stat 26.77 29.50  103.68  13.84  1.20
Lumi 2.24  2.50 -  -  2.50
PDF  -  -  -  -  5.00
MuonPt  0.34 0.38  -  -  0.06
MuonID  2.38 2.66  -  -  0.03
ElectronE  2.11 2.36  -  -  0.07
ElectronID  3.92 4.39  -  -  3.70
Trigger  1.24 1.38  -  -  1.47
PU  1.26 1.41  -  -  1.57
JES  6.01 6.72  -  -  0.21
JER  1.74 1.95  -  -  0.09
Uncl  4.31 4.81  -  -  0.20
BEff  0.49 0.55  -  -  0.38
BMiss  0.24 0.27  -  -  0.59
JMS  2.30 2.58  -  -  0.07
JMR  3.74 4.18  -  -  0.13
Tau21  6.53 7.30  -  -  7.65
MCNorm 16.99  18.99 -  -  -
Fake 1.29  -  30.00 - -
CF 5.94  -  -  95.24 -
Total Systematic 21.07 23.51  30.00  95.24  10.42

Total Background	2.799
- Prompt	2.505
- Fake	0.120
- CF	0.174
- Obs	1.000

####### Result #######
Signal Eff	0.143277
2.799480 1.345909
0.516709 1.104917
