
Processing CyclesForMixingLimit_ElEl_Bin2/HNElEl_90.C...
[AnalysisInputs::SetMCSF] Get MC SF from /data8/Users/jskim/HN_dilepton_plotter/data/v8-0-7.37_Approved/MCSF.txt
[AnalysisInputs::SetMCSF] sample : VVV
[AnalysisInputs::SetMCSF] => MCSF = 1, MCSF_err = 0.5
[AnalysisInputs::SetMCSF] sample : WWW
[AnalysisInputs::SetMCSF] => MCSF = 1, MCSF_err = 0.5
[AnalysisInputs::SetMCSF] sample : WWZ
[AnalysisInputs::SetMCSF] => MCSF = 1, MCSF_err = 0.5
[AnalysisInputs::SetMCSF] sample : WZZ
[AnalysisInputs::SetMCSF] => MCSF = 1, MCSF_err = 0.5
[AnalysisInputs::SetMCSF] sample : ZZZ
[AnalysisInputs::SetMCSF] => MCSF = 1, MCSF_err = 0.5
[AnalysisInputs::SetMCSF] sample : ttV
[AnalysisInputs::SetMCSF] => MCSF = 1, MCSF_err = 0.5
[AnalysisInputs::SetMCSF] sample : ttW
[AnalysisInputs::SetMCSF] => MCSF = 1, MCSF_err = 0.5
[AnalysisInputs::SetMCSF] sample : ttZ
[AnalysisInputs::SetMCSF] => MCSF = 1, MCSF_err = 0.5
[AnalysisInputs::SetMCSF] sample : ttH_nonbb
[AnalysisInputs::SetMCSF] => MCSF = 1, MCSF_err = 0.5
[AnalysisInputs::SetMCSF] sample : top
[AnalysisInputs::SetMCSF] => MCSF = 1, MCSF_err = 0.5
[AnalysisInputs::SetMCSF] sample : WWTo2L2Nu_DS
[AnalysisInputs::SetMCSF] => MCSF = 1, MCSF_err = 0.5
[AnalysisInputs::SetMCSF] sample : WpWpEWK
[AnalysisInputs::SetMCSF] => MCSF = 1.3062, MCSF_err = 0.5
[AnalysisInputs::SetMCSF] sample : WpWpQCD
[AnalysisInputs::SetMCSF] => MCSF = 1.70026, MCSF_err = 0.5
[AnalysisInputs::SetMCSF] sample : WZTo3LNu_mllmin01
[AnalysisInputs::SetMCSF] => MCSF = 0.65, MCSF_err = 0.06
[AnalysisInputs::SetMCSF] sample : WZTo3LNu_powheg
[AnalysisInputs::SetMCSF] => MCSF = 1.05149, MCSF_err = 0.064601
[AnalysisInputs::SetMCSF] sample : ZGto2LG
[AnalysisInputs::SetMCSF] => MCSF = 1.09319, MCSF_err = 0.0752381
[AnalysisInputs::SetMCSF] sample : ZZTo4L_powheg
[AnalysisInputs::SetMCSF] => MCSF = 0.97851, MCSF_err = 0.25
[AnalysisInputs::SetMCSF] sample : ggZZto2e2mu
[AnalysisInputs::SetMCSF] => MCSF = 0.97851, MCSF_err = 0.25
[AnalysisInputs::SetMCSF] sample : ggZZto2e2nu
[AnalysisInputs::SetMCSF] => MCSF = 0.97851, MCSF_err = 0.25
[AnalysisInputs::SetMCSF] sample : ggZZto2e2tau
[AnalysisInputs::SetMCSF] => MCSF = 0.97851, MCSF_err = 0.25
[AnalysisInputs::SetMCSF] sample : ggZZto2mu2nu
[AnalysisInputs::SetMCSF] => MCSF = 0.97851, MCSF_err = 0.25
[AnalysisInputs::SetMCSF] sample : ggZZto2mu2tau
[AnalysisInputs::SetMCSF] => MCSF = 0.97851, MCSF_err = 0.25
[AnalysisInputs::SetMCSF] sample : ggZZto4e
[AnalysisInputs::SetMCSF] => MCSF = 0.97851, MCSF_err = 0.25
[AnalysisInputs::SetMCSF] sample : ggZZto4mu
[AnalysisInputs::SetMCSF] => MCSF = 0.97851, MCSF_err = 0.25
[AnalysisInputs::SetMCSF] sample : ggZZto4tau
[AnalysisInputs::SetMCSF] => MCSF = 0.97851, MCSF_err = 0.25
[AnalysisInputs::SetMCSF] sample : ggHtoZZ
[AnalysisInputs::SetMCSF] => MCSF = 0.97851, MCSF_err = 0.25
[AnalysisInputs::SetMCSF] sample : WGtoLNuG
[AnalysisInputs::SetMCSF] => MCSF = 1, MCSF_err = 0.0752381
[AnalysisInputs::SetMCSF] sample : WGtoLNuG_weighted
[AnalysisInputs::SetMCSF] => MCSF = 1, MCSF_err = 0.0752381
[AnalysisInputs::SetCalculatedSysts] Get Systematics from /data8/Users/jskim/HN_dilepton_plotter/data/v8-0-7.37_Approved/Syst.txt
[AnalysisInputs::SetCalculatedSysts] source : Luminosity
[AnalysisInputs::SetCalculatedSysts] => % sysematic = 0.025
[AnalysisInputs::SetCalculatedSysts] source : FakeLooseID
[AnalysisInputs::SetCalculatedSysts] => % sysematic = 0.3
[AnalysisInputs::SetCalculatedSysts] source : ChrageFlipSyst
[AnalysisInputs::SetCalculatedSysts] => % sysematic = 0.16
[CutRangeInfo::ReadCutCard] Get Cutcard from /data8/Users/jskim/HN_dilepton_plotter/data/v8-0-7.37_Approved/CutOpCard/RunDirectory/Cards_ElEl_Bin2/HNElEl_90.txt
Central	2.6431	0.501046	0.225033
_MuonEn_up	2.64222	0.501046	0.225033
_MuonEn_down	2.65651	0.501046	0.225033
_MuonIDSF_up	2.61942	0.501046	0.225033
_MuonIDSF_down	2.65511	0.501046	0.225033
_ElectronEn_up	2.64766	0.501046	0.225033
_ElectronEn_down	2.66355	0.501046	0.225033
_ElectronIDSF_up	2.62984	0.501046	0.225033
_ElectronIDSF_down	2.59253	0.501046	0.225033
_TriggerSF_up	2.68769	0.501046	0.225033
_TriggerSF_down	2.65095	0.501046	0.225033
_PU_up	2.75466	0.501046	0.225033
_PU_down	2.58717	0.501046	0.225033
_JetEn_up	2.49625	0.501046	0.225033
_JetEn_down	2.64343	0.501046	0.225033
_JetRes_up	2.56438	0.501046	0.225033
_JetRes_down	2.52347	0.501046	0.225033
_Unclustered_up	2.66649	0.501046	0.225033
_Unclustered_down	2.66128	0.501046	0.225033
_BTagSFEff_up	2.65829	0.501046	0.225033
_BTagSFEff_down	2.59872	0.501046	0.225033
_BTagSFMiss_up	2.59499	0.501046	0.225033
_BTagSFMiss_down	2.68012	0.501046	0.225033
_JetMass_up	2.58396	0.501046	0.225033
_JetMass_down	2.45497	0.501046	0.225033
_JetMassRes_up	2.56231	0.501046	0.225033
_JetMassRes_down	2.62336	0.501046	0.225033
_Tau21_up	2.83224	0.501046	0.225033
_Tau21_down	2.45031	0.501046	0.225033

################ Sources ################
Source	SystTotal	SystPrompt	SystFake	Signal
Stat 18.12 19.59  64.53  10.72  70.94
Lumi 1.96  2.50 -  -  2.50
PDF  -  -  -  -  5.00
MuonPt  0.28 0.36  -  -  0.00
MuonID  0.56 0.71  -  -  0.00
ElectronE  0.44 0.56  -  -  0.00
ElectronID  1.10 1.40  -  -  3.07
Trigger  0.95 1.21  -  -  1.45
PU  2.62 3.34  -  -  3.73
JES  3.08 3.93  -  -  0.00
JER  3.01 3.83  -  -  0.00
Uncl  0.62 0.79  -  -  0.00
BEff  0.98 1.26  -  -  0.00
BMiss  1.27 1.62  -  -  0.00
JMS  4.14 5.28  -  -  0.00
JMR  1.75 2.22  -  -  0.00
Tau21  5.67 7.23  -  -  7.23
MCNorm 18.97  24.18 -  -  -
Fake 4.46  -  30.00 - -
CF 5.61  -  -  83.93 -
Total Systematic 21.61 26.95  30.00  83.93  10.44

Total Background	3.369
- Prompt	2.643
- Fake	0.501
- CF	0.225
- Obs	2.000

####### Result #######
Signal Eff	0.000033
3.369183 1.287611
0.183879 1.717010
