
Processing CyclesForMixingLimit_ElEl_Bin2/HNElEl_80.C...
[AnalysisInputs::SetMCSF] Get MC SF from /data8/Users/jskim/HN_dilepton_plotter/data/v8-0-7.37_ForApproval/MCSF.txt
[AnalysisInputs::SetMCSF] sample : VVV
[AnalysisInputs::SetMCSF] => MCSF = 1, MCSF_err = 0.5
[AnalysisInputs::SetMCSF] sample : WWW
[AnalysisInputs::SetMCSF] => MCSF = 1, MCSF_err = 0.5
[AnalysisInputs::SetMCSF] sample : WWZ
[AnalysisInputs::SetMCSF] => MCSF = 1, MCSF_err = 0.5
[AnalysisInputs::SetMCSF] sample : WZZ
[AnalysisInputs::SetMCSF] => MCSF = 1, MCSF_err = 0.5
[AnalysisInputs::SetMCSF] sample : ZZZ
[AnalysisInputs::SetMCSF] => MCSF = 1, MCSF_err = 0.5
[AnalysisInputs::SetMCSF] sample : ttV
[AnalysisInputs::SetMCSF] => MCSF = 1, MCSF_err = 0.5
[AnalysisInputs::SetMCSF] sample : ttW
[AnalysisInputs::SetMCSF] => MCSF = 1, MCSF_err = 0.5
[AnalysisInputs::SetMCSF] sample : ttZ
[AnalysisInputs::SetMCSF] => MCSF = 1, MCSF_err = 0.5
[AnalysisInputs::SetMCSF] sample : ttH_nonbb
[AnalysisInputs::SetMCSF] => MCSF = 1, MCSF_err = 0.5
[AnalysisInputs::SetMCSF] sample : top
[AnalysisInputs::SetMCSF] => MCSF = 1, MCSF_err = 0.5
[AnalysisInputs::SetMCSF] sample : WWTo2L2Nu_DS
[AnalysisInputs::SetMCSF] => MCSF = 1, MCSF_err = 0.5
[AnalysisInputs::SetMCSF] sample : WpWpEWK
[AnalysisInputs::SetMCSF] => MCSF = 1.3062, MCSF_err = 0.5
[AnalysisInputs::SetMCSF] sample : WpWpQCD
[AnalysisInputs::SetMCSF] => MCSF = 1.70026, MCSF_err = 0.5
[AnalysisInputs::SetMCSF] sample : WZTo3LNu_mllmin01
[AnalysisInputs::SetMCSF] => MCSF = 0.65, MCSF_err = 0.06
[AnalysisInputs::SetMCSF] sample : WZTo3LNu_powheg
[AnalysisInputs::SetMCSF] => MCSF = 1.05149, MCSF_err = 0.064601
[AnalysisInputs::SetMCSF] sample : ZGto2LG
[AnalysisInputs::SetMCSF] => MCSF = 1.09319, MCSF_err = 0.0752381
[AnalysisInputs::SetMCSF] sample : ZZTo4L_powheg
[AnalysisInputs::SetMCSF] => MCSF = 0.97851, MCSF_err = 0.25
[AnalysisInputs::SetMCSF] sample : ggZZto2e2mu
[AnalysisInputs::SetMCSF] => MCSF = 0.97851, MCSF_err = 0.25
[AnalysisInputs::SetMCSF] sample : ggZZto2e2nu
[AnalysisInputs::SetMCSF] => MCSF = 0.97851, MCSF_err = 0.25
[AnalysisInputs::SetMCSF] sample : ggZZto2e2tau
[AnalysisInputs::SetMCSF] => MCSF = 0.97851, MCSF_err = 0.25
[AnalysisInputs::SetMCSF] sample : ggZZto2mu2nu
[AnalysisInputs::SetMCSF] => MCSF = 0.97851, MCSF_err = 0.25
[AnalysisInputs::SetMCSF] sample : ggZZto2mu2tau
[AnalysisInputs::SetMCSF] => MCSF = 0.97851, MCSF_err = 0.25
[AnalysisInputs::SetMCSF] sample : ggZZto4e
[AnalysisInputs::SetMCSF] => MCSF = 0.97851, MCSF_err = 0.25
[AnalysisInputs::SetMCSF] sample : ggZZto4mu
[AnalysisInputs::SetMCSF] => MCSF = 0.97851, MCSF_err = 0.25
[AnalysisInputs::SetMCSF] sample : ggZZto4tau
[AnalysisInputs::SetMCSF] => MCSF = 0.97851, MCSF_err = 0.25
[AnalysisInputs::SetMCSF] sample : ggHtoZZ
[AnalysisInputs::SetMCSF] => MCSF = 0.97851, MCSF_err = 0.25
[AnalysisInputs::SetMCSF] sample : WGtoLNuG
[AnalysisInputs::SetMCSF] => MCSF = 1, MCSF_err = 0.0752381
[AnalysisInputs::SetMCSF] sample : WGtoLNuG_weighted
[AnalysisInputs::SetMCSF] => MCSF = 1, MCSF_err = 0.0752381
[AnalysisInputs::SetCalculatedSysts] Get Systematics from /data8/Users/jskim/HN_dilepton_plotter/data/v8-0-7.37_ForApproval/Syst.txt
[AnalysisInputs::SetCalculatedSysts] source : Luminosity
[AnalysisInputs::SetCalculatedSysts] => % sysematic = 0.025
[AnalysisInputs::SetCalculatedSysts] source : FakeLooseID
[AnalysisInputs::SetCalculatedSysts] => % sysematic = 0.3
[AnalysisInputs::SetCalculatedSysts] source : ChrageFlipSyst
[AnalysisInputs::SetCalculatedSysts] => % sysematic = 0.16
[CutRangeInfo::ReadCutCard] Get Cutcard from /data8/Users/jskim/HN_dilepton_plotter/data/v8-0-7.37_ForApproval/CutOpCard/RunDirectory/Cards_ElEl_Bin2/HNElEl_80.txt
Central	42.1408	20.9134	4.15653
_MuonEn_up	42.1421	20.9134	4.15653
_MuonEn_down	42.1433	20.9134	4.15653
_MuonIDSF_up	42.1304	20.9134	4.15653
_MuonIDSF_down	42.1428	20.9134	4.15653
_ElectronEn_up	41.2097	20.9134	4.15653
_ElectronEn_down	40.2901	20.9134	4.15653
_ElectronIDSF_up	42.7654	20.9134	4.15653
_ElectronIDSF_down	41.0356	20.9134	4.15653
_TriggerSF_up	43.5837	20.9134	4.15653
_TriggerSF_down	42.1303	20.9134	4.15653
_PU_up	41.2852	20.9134	4.15653
_PU_down	42.8327	20.9134	4.15653
_JetEn_up	39.8066	20.9134	4.15653
_JetEn_down	44.4875	20.9134	4.15653
_JetRes_up	42.8577	20.9134	4.15653
_JetRes_down	40.4575	20.9134	4.15653
_Unclustered_up	39.7339	20.9134	4.15653
_Unclustered_down	43.11	20.9134	4.15653
_BTagSFEff_up	42.1435	20.9134	4.15653
_BTagSFEff_down	42.6051	20.9134	4.15653
_BTagSFMiss_up	41.3411	20.9134	4.15653
_BTagSFMiss_down	42.157	20.9134	4.15653
_JetMass_up	41.7217	20.9134	4.15653
_JetMass_down	41.6578	20.9134	4.15653
_JetMassRes_up	42.1362	20.9134	4.15653
_JetMassRes_down	41.725	20.9134	4.15653
_Tau21_up	41.7003	20.9134	4.15653
_Tau21_down	42.136	20.9134	4.15653

################ Sources ################
Source	SystTotal	SystPrompt	SystFake	Signal
Stat 7.65 10.60  12.16  1.00  7.73
Lumi 1.57  2.50 -  -  2.50
PDF  -  -  -  -  9.00
MuonPt  0.00 0.00  -  -  1.06
MuonID  0.01 0.02  -  -  0.57
ElectronE  2.18 3.48  -  -  0.78
ElectronID  1.34 2.13  -  -  1.48
Trigger  1.52 2.42  -  -  3.69
PU  1.16 1.85  -  -  4.46
JES  3.48 5.55  -  -  8.24
JER  1.92 3.07  -  -  3.90
Uncl  2.73 4.35  -  -  4.46
BEff  0.49 0.78  -  -  0.72
BMiss  0.84 1.34  -  -  0.79
JMS  0.67 1.07  -  -  1.02
JMR  0.44 0.70  -  -  1.06
Tau21  0.46 0.74  -  -  0.54
MCNorm 7.65  12.20 -  -  -
Fake 9.33  -  30.00 - -
CF 1.58  -  -  25.62 -
Total Systematic 13.54 15.65  30.00  25.62  15.22

Total Background	67.211
- Prompt	42.141
- Fake	20.913
- CF	4.157
- Obs	70.000

####### Result #######
Signal Eff	0.001817
67.210766 1.156345
112.037092 1.170733
