
Processing CyclesForMixingLimit_ElEl_Bin2/HNElEl_1000_VBF.C...
[AnalysisInputs::SetMCSF] Get MC SF from /data8/Users/jskim/HN_dilepton_plotter/data/v8-0-7.37_Approved/MCSF.txt
[AnalysisInputs::SetMCSF] sample : VVV
[AnalysisInputs::SetMCSF] => MCSF = 1, MCSF_err = 0.5
[AnalysisInputs::SetMCSF] sample : WWW
[AnalysisInputs::SetMCSF] => MCSF = 1, MCSF_err = 0.5
[AnalysisInputs::SetMCSF] sample : WWZ
[AnalysisInputs::SetMCSF] => MCSF = 1, MCSF_err = 0.5
[AnalysisInputs::SetMCSF] sample : WZZ
[AnalysisInputs::SetMCSF] => MCSF = 1, MCSF_err = 0.5
[AnalysisInputs::SetMCSF] sample : ZZZ
[AnalysisInputs::SetMCSF] => MCSF = 1, MCSF_err = 0.5
[AnalysisInputs::SetMCSF] sample : ttV
[AnalysisInputs::SetMCSF] => MCSF = 1, MCSF_err = 0.5
[AnalysisInputs::SetMCSF] sample : ttW
[AnalysisInputs::SetMCSF] => MCSF = 1, MCSF_err = 0.5
[AnalysisInputs::SetMCSF] sample : ttZ
[AnalysisInputs::SetMCSF] => MCSF = 1, MCSF_err = 0.5
[AnalysisInputs::SetMCSF] sample : ttH_nonbb
[AnalysisInputs::SetMCSF] => MCSF = 1, MCSF_err = 0.5
[AnalysisInputs::SetMCSF] sample : top
[AnalysisInputs::SetMCSF] => MCSF = 1, MCSF_err = 0.5
[AnalysisInputs::SetMCSF] sample : WWTo2L2Nu_DS
[AnalysisInputs::SetMCSF] => MCSF = 1, MCSF_err = 0.5
[AnalysisInputs::SetMCSF] sample : WpWpEWK
[AnalysisInputs::SetMCSF] => MCSF = 1.3062, MCSF_err = 0.5
[AnalysisInputs::SetMCSF] sample : WpWpQCD
[AnalysisInputs::SetMCSF] => MCSF = 1.70026, MCSF_err = 0.5
[AnalysisInputs::SetMCSF] sample : WZTo3LNu_mllmin01
[AnalysisInputs::SetMCSF] => MCSF = 0.65, MCSF_err = 0.06
[AnalysisInputs::SetMCSF] sample : WZTo3LNu_powheg
[AnalysisInputs::SetMCSF] => MCSF = 1.05149, MCSF_err = 0.064601
[AnalysisInputs::SetMCSF] sample : ZGto2LG
[AnalysisInputs::SetMCSF] => MCSF = 1.09319, MCSF_err = 0.0752381
[AnalysisInputs::SetMCSF] sample : ZZTo4L_powheg
[AnalysisInputs::SetMCSF] => MCSF = 0.97851, MCSF_err = 0.25
[AnalysisInputs::SetMCSF] sample : ggZZto2e2mu
[AnalysisInputs::SetMCSF] => MCSF = 0.97851, MCSF_err = 0.25
[AnalysisInputs::SetMCSF] sample : ggZZto2e2nu
[AnalysisInputs::SetMCSF] => MCSF = 0.97851, MCSF_err = 0.25
[AnalysisInputs::SetMCSF] sample : ggZZto2e2tau
[AnalysisInputs::SetMCSF] => MCSF = 0.97851, MCSF_err = 0.25
[AnalysisInputs::SetMCSF] sample : ggZZto2mu2nu
[AnalysisInputs::SetMCSF] => MCSF = 0.97851, MCSF_err = 0.25
[AnalysisInputs::SetMCSF] sample : ggZZto2mu2tau
[AnalysisInputs::SetMCSF] => MCSF = 0.97851, MCSF_err = 0.25
[AnalysisInputs::SetMCSF] sample : ggZZto4e
[AnalysisInputs::SetMCSF] => MCSF = 0.97851, MCSF_err = 0.25
[AnalysisInputs::SetMCSF] sample : ggZZto4mu
[AnalysisInputs::SetMCSF] => MCSF = 0.97851, MCSF_err = 0.25
[AnalysisInputs::SetMCSF] sample : ggZZto4tau
[AnalysisInputs::SetMCSF] => MCSF = 0.97851, MCSF_err = 0.25
[AnalysisInputs::SetMCSF] sample : ggHtoZZ
[AnalysisInputs::SetMCSF] => MCSF = 0.97851, MCSF_err = 0.25
[AnalysisInputs::SetMCSF] sample : WGtoLNuG
[AnalysisInputs::SetMCSF] => MCSF = 1, MCSF_err = 0.0752381
[AnalysisInputs::SetMCSF] sample : WGtoLNuG_weighted
[AnalysisInputs::SetMCSF] => MCSF = 1, MCSF_err = 0.0752381
[AnalysisInputs::SetCalculatedSysts] Get Systematics from /data8/Users/jskim/HN_dilepton_plotter/data/v8-0-7.37_Approved/Syst.txt
[AnalysisInputs::SetCalculatedSysts] source : Luminosity
[AnalysisInputs::SetCalculatedSysts] => % sysematic = 0.025
[AnalysisInputs::SetCalculatedSysts] source : FakeLooseID
[AnalysisInputs::SetCalculatedSysts] => % sysematic = 0.3
[AnalysisInputs::SetCalculatedSysts] source : ChrageFlipSyst
[AnalysisInputs::SetCalculatedSysts] => % sysematic = 0.16
[CutRangeInfo::ReadCutCard] Get Cutcard from /data8/Users/jskim/HN_dilepton_plotter/data/v8-0-7.37_Approved/CutOpCard/RunDirectory/Cards_ElEl_Bin2/HNElEl_1000.txt
Central	0.2096	0.00648127	0.0565903
_MuonEn_up	0.209017	0.00648127	0.0565903
_MuonEn_down	0.209017	0.00648127	0.0565903
_MuonIDSF_up	0.209017	0.00648127	0.0565903
_MuonIDSF_down	0.208827	0.00648127	0.0565903
_ElectronEn_up	0.215729	0.00648127	0.0565903
_ElectronEn_down	0.223509	0.00648127	0.0565903
_ElectronIDSF_up	0.228851	0.00648127	0.0565903
_ElectronIDSF_down	0.201915	0.00648127	0.0565903
_TriggerSF_up	0.213382	0.00648127	0.0565903
_TriggerSF_down	0.218151	0.00648127	0.0565903
_PU_up	0.221842	0.00648127	0.0565903
_PU_down	0.195366	0.00648127	0.0565903
_JetEn_up	0.215574	0.00648127	0.0565903
_JetEn_down	0.226818	0.00648127	0.0565903
_JetRes_up	0.215492	0.00648127	0.0565903
_JetRes_down	0.210553	0.00648127	0.0565903
_Unclustered_up	0.215666	0.00648127	0.0565903
_Unclustered_down	0.215666	0.00648127	0.0565903
_BTagSFEff_up	0.212206	0.00648127	0.0565903
_BTagSFEff_down	0.212206	0.00648127	0.0565903
_BTagSFMiss_up	0.201789	0.00648127	0.0565903
_BTagSFMiss_down	0.209017	0.00648127	0.0565903
_JetMass_up	0.194084	0.00648127	0.0565903
_JetMass_down	0.21579	0.00648127	0.0565903
_JetMassRes_up	0.218118	0.00648127	0.0565903
_JetMassRes_down	0.211074	0.00648127	0.0565903
_Tau21_up	0.224868	0.00648127	0.0565903
_Tau21_down	0.199447	0.00648127	0.0565903

################ Sources ################
Source	SystTotal	SystPrompt	SystFake	Signal
Stat 31.15 40.39  106.23  26.26  1.34
Lumi 1.92  2.50 -  -  2.50
PDF  -  -  -  -  2.90
MuonPt  0.21 0.28  -  -  0.09
MuonID  0.25 0.33  -  -  0.13
ElectronE  3.94 5.13  -  -  0.37
ElectronID  5.38 6.99  -  -  3.79
Trigger  2.42 3.15  -  -  1.49
PU  4.87 6.33  -  -  1.25
JES  4.73 6.15  -  -  0.29
JER  1.55 2.01  -  -  0.30
Uncl  2.22 2.89  -  -  0.03
BEff  0.96 1.24  -  -  0.42
BMiss  2.03 2.64  -  -  0.37
JMS  4.33 5.64  -  -  0.04
JMR  2.24 2.92  -  -  0.05
Tau21  4.75 6.19  -  -  8.00
MCNorm 30.20  39.29 -  -  -
Fake 0.71  -  30.00 - -
CF 20.96  -  -  101.00 -
Total Systematic 32.73 42.57  30.00  101.00  9.87

Total Background	0.273
- Prompt	0.210
- Fake	0.006
- CF	0.057
- Obs	1.000

####### Result #######
Signal Eff	0.324897
0.272671 1.501079
0.088454 1.099599
