
Processing CyclesForMixingLimit_ElEl_Bin2/HNElEl_1500_VBFOnly.C...
[AnalysisInputs::SetMCSF] Get MC SF from /data8/Users/jskim/HN_dilepton_plotter/data/v8-0-7.37_Approved/MCSF.txt
[AnalysisInputs::SetMCSF] sample : VVV
[AnalysisInputs::SetMCSF] => MCSF = 1, MCSF_err = 0.5
[AnalysisInputs::SetMCSF] sample : WWW
[AnalysisInputs::SetMCSF] => MCSF = 1, MCSF_err = 0.5
[AnalysisInputs::SetMCSF] sample : WWZ
[AnalysisInputs::SetMCSF] => MCSF = 1, MCSF_err = 0.5
[AnalysisInputs::SetMCSF] sample : WZZ
[AnalysisInputs::SetMCSF] => MCSF = 1, MCSF_err = 0.5
[AnalysisInputs::SetMCSF] sample : ZZZ
[AnalysisInputs::SetMCSF] => MCSF = 1, MCSF_err = 0.5
[AnalysisInputs::SetMCSF] sample : ttV
[AnalysisInputs::SetMCSF] => MCSF = 1, MCSF_err = 0.5
[AnalysisInputs::SetMCSF] sample : ttW
[AnalysisInputs::SetMCSF] => MCSF = 1, MCSF_err = 0.5
[AnalysisInputs::SetMCSF] sample : ttZ
[AnalysisInputs::SetMCSF] => MCSF = 1, MCSF_err = 0.5
[AnalysisInputs::SetMCSF] sample : ttH_nonbb
[AnalysisInputs::SetMCSF] => MCSF = 1, MCSF_err = 0.5
[AnalysisInputs::SetMCSF] sample : top
[AnalysisInputs::SetMCSF] => MCSF = 1, MCSF_err = 0.5
[AnalysisInputs::SetMCSF] sample : WWTo2L2Nu_DS
[AnalysisInputs::SetMCSF] => MCSF = 1, MCSF_err = 0.5
[AnalysisInputs::SetMCSF] sample : WpWpEWK
[AnalysisInputs::SetMCSF] => MCSF = 1.3062, MCSF_err = 0.5
[AnalysisInputs::SetMCSF] sample : WpWpQCD
[AnalysisInputs::SetMCSF] => MCSF = 1.70026, MCSF_err = 0.5
[AnalysisInputs::SetMCSF] sample : WZTo3LNu_mllmin01
[AnalysisInputs::SetMCSF] => MCSF = 0.65, MCSF_err = 0.06
[AnalysisInputs::SetMCSF] sample : WZTo3LNu_powheg
[AnalysisInputs::SetMCSF] => MCSF = 1.05149, MCSF_err = 0.064601
[AnalysisInputs::SetMCSF] sample : ZGto2LG
[AnalysisInputs::SetMCSF] => MCSF = 1.09319, MCSF_err = 0.0752381
[AnalysisInputs::SetMCSF] sample : ZZTo4L_powheg
[AnalysisInputs::SetMCSF] => MCSF = 0.97851, MCSF_err = 0.25
[AnalysisInputs::SetMCSF] sample : ggZZto2e2mu
[AnalysisInputs::SetMCSF] => MCSF = 0.97851, MCSF_err = 0.25
[AnalysisInputs::SetMCSF] sample : ggZZto2e2nu
[AnalysisInputs::SetMCSF] => MCSF = 0.97851, MCSF_err = 0.25
[AnalysisInputs::SetMCSF] sample : ggZZto2e2tau
[AnalysisInputs::SetMCSF] => MCSF = 0.97851, MCSF_err = 0.25
[AnalysisInputs::SetMCSF] sample : ggZZto2mu2nu
[AnalysisInputs::SetMCSF] => MCSF = 0.97851, MCSF_err = 0.25
[AnalysisInputs::SetMCSF] sample : ggZZto2mu2tau
[AnalysisInputs::SetMCSF] => MCSF = 0.97851, MCSF_err = 0.25
[AnalysisInputs::SetMCSF] sample : ggZZto4e
[AnalysisInputs::SetMCSF] => MCSF = 0.97851, MCSF_err = 0.25
[AnalysisInputs::SetMCSF] sample : ggZZto4mu
[AnalysisInputs::SetMCSF] => MCSF = 0.97851, MCSF_err = 0.25
[AnalysisInputs::SetMCSF] sample : ggZZto4tau
[AnalysisInputs::SetMCSF] => MCSF = 0.97851, MCSF_err = 0.25
[AnalysisInputs::SetMCSF] sample : ggHtoZZ
[AnalysisInputs::SetMCSF] => MCSF = 0.97851, MCSF_err = 0.25
[AnalysisInputs::SetMCSF] sample : WGtoLNuG
[AnalysisInputs::SetMCSF] => MCSF = 1, MCSF_err = 0.0752381
[AnalysisInputs::SetMCSF] sample : WGtoLNuG_weighted
[AnalysisInputs::SetMCSF] => MCSF = 1, MCSF_err = 0.0752381
[AnalysisInputs::SetCalculatedSysts] Get Systematics from /data8/Users/jskim/HN_dilepton_plotter/data/v8-0-7.37_Approved/Syst.txt
[AnalysisInputs::SetCalculatedSysts] source : Luminosity
[AnalysisInputs::SetCalculatedSysts] => % sysematic = 0.025
[AnalysisInputs::SetCalculatedSysts] source : FakeLooseID
[AnalysisInputs::SetCalculatedSysts] => % sysematic = 0.3
[AnalysisInputs::SetCalculatedSysts] source : ChrageFlipSyst
[AnalysisInputs::SetCalculatedSysts] => % sysematic = 0.16
[CutRangeInfo::ReadCutCard] Get Cutcard from /data8/Users/jskim/HN_dilepton_plotter/data/v8-0-7.37_Approved/CutOpCard/RunDirectory/Cards_ElEl_Bin2/HNElEl_1500.txt
Signal Eff = 0.152174
Central	0.0293344	0.00452122	0.0101326
_MuonEn_up	0.0293344	0.00452122	0.0101326
_MuonEn_down	0.0293344	0.00452122	0.0101326
_MuonIDSF_up	0.0293344	0.00452122	0.0101326
_MuonIDSF_down	0.0293344	0.00452122	0.0101326
_ElectronEn_up	0.0419652	0.00452122	0.0101326
_ElectronEn_down	0.0293344	0.00452122	0.0101326
_ElectronIDSF_up	0.0312798	0.00452122	0.0101326
_ElectronIDSF_down	0.0274251	0.00452122	0.0101326
_TriggerSF_up	0.0299347	0.00452122	0.0101326
_TriggerSF_down	0.0322301	0.00452122	0.0101326
_PU_up	0.0290182	0.00452122	0.0101326
_PU_down	0.0290627	0.00452122	0.0101326
_JetEn_up	0.0363408	0.00452122	0.0101326
_JetEn_down	0.0293344	0.00452122	0.0101326
_JetRes_up	0.0293344	0.00452122	0.0101326
_JetRes_down	0.0363408	0.00452122	0.0101326
_Unclustered_up	0.0293344	0.00452122	0.0101326
_Unclustered_down	0.0210362	0.00452122	0.0101326
_BTagSFEff_up	0.0293344	0.00452122	0.0101326
_BTagSFEff_down	0.0293344	0.00452122	0.0101326
_BTagSFMiss_up	0.0293344	0.00452122	0.0101326
_BTagSFMiss_down	0.0293344	0.00452122	0.0101326
_JetMass_up	0.0293344	0.00452122	0.0101326
_JetMass_down	0.0319425	0.00452122	0.0101326
_JetMassRes_up	0.0348381	0.00452122	0.0101326
_JetMassRes_down	0.0322301	0.00452122	0.0101326
_Tau21_up	0.0317449	0.00452122	0.0101326
_Tau21_down	0.026924	0.00452122	0.0101326

################ Sources ################
Source	SystTotal	SystPrompt	SystFake	Signal
Stat 29.30 41.19  99.26  60.87  2.84
Lumi 1.67  2.50 -  -  2.50
PDF  -  -  -  -  2.37
MuonPt  0.00 0.00  -  -  0.18
MuonID  0.00 0.00  -  -  0.29
ElectronE  20.30 30.45  -  -  0.34
ElectronID  4.38 6.57  -  -  3.94
Trigger  4.75 7.13  -  -  1.55
PU  0.67 1.01  -  -  1.74
JES  11.26 16.89  -  -  0.24
JER  11.26 16.89  -  -  0.20
Uncl  13.34 20.00  -  -  0.25
BEff  0.00 0.00  -  -  0.76
BMiss  0.00 0.00  -  -  0.54
JMS  4.19 6.29  -  -  0.39
JMR  10.00 14.99  -  -  0.29
Tau21  5.48 8.22  -  -  8.25
MCNorm 35.23  52.84 -  -  -
Fake 3.08  -  30.00 - -
CF 23.19  -  -  100.69 -
Total Systematic 47.83 71.57  30.00  100.69  10.12

Total Background	0.044
- Prompt	0.029
- Fake	0.005
- CF	0.010
- Obs	0.000

####### Result #######
Signal Eff	0.152174
0.043988 1.622944
0.014430 1.105145
