
Processing CyclesForMixingLimit_ElEl_Bin2/HNElEl_300_VBF.C...
[AnalysisInputs::SetMCSF] Get MC SF from /data8/Users/jskim/HN_dilepton_plotter/data/v8-0-7.37_ForApproval/MCSF.txt
[AnalysisInputs::SetMCSF] sample : VVV
[AnalysisInputs::SetMCSF] => MCSF = 1, MCSF_err = 0.5
[AnalysisInputs::SetMCSF] sample : WWW
[AnalysisInputs::SetMCSF] => MCSF = 1, MCSF_err = 0.5
[AnalysisInputs::SetMCSF] sample : WWZ
[AnalysisInputs::SetMCSF] => MCSF = 1, MCSF_err = 0.5
[AnalysisInputs::SetMCSF] sample : WZZ
[AnalysisInputs::SetMCSF] => MCSF = 1, MCSF_err = 0.5
[AnalysisInputs::SetMCSF] sample : ZZZ
[AnalysisInputs::SetMCSF] => MCSF = 1, MCSF_err = 0.5
[AnalysisInputs::SetMCSF] sample : ttV
[AnalysisInputs::SetMCSF] => MCSF = 1, MCSF_err = 0.5
[AnalysisInputs::SetMCSF] sample : ttW
[AnalysisInputs::SetMCSF] => MCSF = 1, MCSF_err = 0.5
[AnalysisInputs::SetMCSF] sample : ttZ
[AnalysisInputs::SetMCSF] => MCSF = 1, MCSF_err = 0.5
[AnalysisInputs::SetMCSF] sample : ttH_nonbb
[AnalysisInputs::SetMCSF] => MCSF = 1, MCSF_err = 0.5
[AnalysisInputs::SetMCSF] sample : top
[AnalysisInputs::SetMCSF] => MCSF = 1, MCSF_err = 0.5
[AnalysisInputs::SetMCSF] sample : WWTo2L2Nu_DS
[AnalysisInputs::SetMCSF] => MCSF = 1, MCSF_err = 0.5
[AnalysisInputs::SetMCSF] sample : WpWpEWK
[AnalysisInputs::SetMCSF] => MCSF = 1.3062, MCSF_err = 0.5
[AnalysisInputs::SetMCSF] sample : WpWpQCD
[AnalysisInputs::SetMCSF] => MCSF = 1.70026, MCSF_err = 0.5
[AnalysisInputs::SetMCSF] sample : WZTo3LNu_mllmin01
[AnalysisInputs::SetMCSF] => MCSF = 0.65, MCSF_err = 0.06
[AnalysisInputs::SetMCSF] sample : WZTo3LNu_powheg
[AnalysisInputs::SetMCSF] => MCSF = 1.05149, MCSF_err = 0.064601
[AnalysisInputs::SetMCSF] sample : ZGto2LG
[AnalysisInputs::SetMCSF] => MCSF = 1.09319, MCSF_err = 0.0752381
[AnalysisInputs::SetMCSF] sample : ZZTo4L_powheg
[AnalysisInputs::SetMCSF] => MCSF = 0.97851, MCSF_err = 0.25
[AnalysisInputs::SetMCSF] sample : ggZZto2e2mu
[AnalysisInputs::SetMCSF] => MCSF = 0.97851, MCSF_err = 0.25
[AnalysisInputs::SetMCSF] sample : ggZZto2e2nu
[AnalysisInputs::SetMCSF] => MCSF = 0.97851, MCSF_err = 0.25
[AnalysisInputs::SetMCSF] sample : ggZZto2e2tau
[AnalysisInputs::SetMCSF] => MCSF = 0.97851, MCSF_err = 0.25
[AnalysisInputs::SetMCSF] sample : ggZZto2mu2nu
[AnalysisInputs::SetMCSF] => MCSF = 0.97851, MCSF_err = 0.25
[AnalysisInputs::SetMCSF] sample : ggZZto2mu2tau
[AnalysisInputs::SetMCSF] => MCSF = 0.97851, MCSF_err = 0.25
[AnalysisInputs::SetMCSF] sample : ggZZto4e
[AnalysisInputs::SetMCSF] => MCSF = 0.97851, MCSF_err = 0.25
[AnalysisInputs::SetMCSF] sample : ggZZto4mu
[AnalysisInputs::SetMCSF] => MCSF = 0.97851, MCSF_err = 0.25
[AnalysisInputs::SetMCSF] sample : ggZZto4tau
[AnalysisInputs::SetMCSF] => MCSF = 0.97851, MCSF_err = 0.25
[AnalysisInputs::SetMCSF] sample : ggHtoZZ
[AnalysisInputs::SetMCSF] => MCSF = 0.97851, MCSF_err = 0.25
[AnalysisInputs::SetMCSF] sample : WGtoLNuG
[AnalysisInputs::SetMCSF] => MCSF = 1, MCSF_err = 0.0752381
[AnalysisInputs::SetMCSF] sample : WGtoLNuG_weighted
[AnalysisInputs::SetMCSF] => MCSF = 1, MCSF_err = 0.0752381
[AnalysisInputs::SetCalculatedSysts] Get Systematics from /data8/Users/jskim/HN_dilepton_plotter/data/v8-0-7.37_ForApproval/Syst.txt
[AnalysisInputs::SetCalculatedSysts] source : Luminosity
[AnalysisInputs::SetCalculatedSysts] => % sysematic = 0.025
[AnalysisInputs::SetCalculatedSysts] source : FakeLooseID
[AnalysisInputs::SetCalculatedSysts] => % sysematic = 0.3
[AnalysisInputs::SetCalculatedSysts] source : ChrageFlipSyst
[AnalysisInputs::SetCalculatedSysts] => % sysematic = 0.16
[CutRangeInfo::ReadCutCard] Get Cutcard from /data8/Users/jskim/HN_dilepton_plotter/data/v8-0-7.37_ForApproval/CutOpCard/RunDirectory/Cards_ElEl_Bin2/HNElEl_300.txt
Central	1.14486	0	0.119594
_MuonEn_up	1.14198	0	0.119594
_MuonEn_down	1.14599	0	0.119594
_MuonIDSF_up	0.972098	0	0.119594
_MuonIDSF_down	1.1539	0	0.119594
_ElectronEn_up	1.17088	0	0.119594
_ElectronEn_down	1.2538	0	0.119594
_ElectronIDSF_up	1.17041	0	0.119594
_ElectronIDSF_down	1.13086	0	0.119594
_TriggerSF_up	1.16917	0	0.119594
_TriggerSF_down	1.16604	0	0.119594
_PU_up	1.1219	0	0.119594
_PU_down	1.18525	0	0.119594
_JetEn_up	1.15006	0	0.119594
_JetEn_down	1.24903	0	0.119594
_JetRes_up	1.15664	0	0.119594
_JetRes_down	1.1374	0	0.119594
_Unclustered_up	1.15032	0	0.119594
_Unclustered_down	1.13733	0	0.119594
_BTagSFEff_up	1.14517	0	0.119594
_BTagSFEff_down	1.15161	0	0.119594
_BTagSFMiss_up	1.13196	0	0.119594
_BTagSFMiss_down	1.14574	0	0.119594
_JetMass_up	1.14962	0	0.119594
_JetMass_down	1.14612	0	0.119594
_JetMassRes_up	1.13822	0	0.119594
_JetMassRes_down	1.14341	0	0.119594
_Tau21_up	1.23698	0	0.119594
_Tau21_down	1.05799	0	0.119594

################ Sources ################
Source	SystTotal	SystPrompt	SystFake	Signal
Stat 41.64 45.99  -nan  15.92  2.42
Lumi 2.26  2.50 -  -  2.50
PDF  -  -  -  -  4.90
MuonPt  0.17 0.19  -  -  0.24
MuonID  9.67 10.68  -  -  0.13
ElectronE  6.26 6.92  -  -  0.54
ElectronID  1.63 1.80  -  -  2.97
Trigger  1.80 1.99  -  -  1.66
PU  2.60 2.87  -  -  2.27
JES  5.83 6.44  -  -  0.37
JER  0.78 0.86  -  -  1.27
Uncl  0.52 0.57  -  -  0.39
BEff  0.38 0.42  -  -  0.14
BMiss  0.72 0.80  -  -  0.49
JMS  0.28 0.30  -  -  0.36
JMR  0.38 0.42  -  -  0.03
Tau21  7.08 7.82  -  -  7.50
MCNorm 21.12  23.32 -  -  -
Fake 0.00  -  -nan - -
CF 8.64  -  -  91.32 -
Total Systematic 26.12 28.85  -nan  91.32  10.29

Total Background	1.264
- Prompt	1.145
- Fake	0.000
- CF	0.120
- Obs	1.000

####### Result #######
Signal Eff	0.024632
1.264450 1.499324
0.957747 1.105685
