
Processing CyclesForMixingLimit_ElEl_Bin2/HNElEl_900_VBFOnly.C...
[AnalysisInputs::SetMCSF] Get MC SF from /data8/Users/jskim/HN_dilepton_plotter/data/v8-0-7.37_Approved/MCSF.txt
[AnalysisInputs::SetMCSF] sample : VVV
[AnalysisInputs::SetMCSF] => MCSF = 1, MCSF_err = 0.5
[AnalysisInputs::SetMCSF] sample : WWW
[AnalysisInputs::SetMCSF] => MCSF = 1, MCSF_err = 0.5
[AnalysisInputs::SetMCSF] sample : WWZ
[AnalysisInputs::SetMCSF] => MCSF = 1, MCSF_err = 0.5
[AnalysisInputs::SetMCSF] sample : WZZ
[AnalysisInputs::SetMCSF] => MCSF = 1, MCSF_err = 0.5
[AnalysisInputs::SetMCSF] sample : ZZZ
[AnalysisInputs::SetMCSF] => MCSF = 1, MCSF_err = 0.5
[AnalysisInputs::SetMCSF] sample : ttV
[AnalysisInputs::SetMCSF] => MCSF = 1, MCSF_err = 0.5
[AnalysisInputs::SetMCSF] sample : ttW
[AnalysisInputs::SetMCSF] => MCSF = 1, MCSF_err = 0.5
[AnalysisInputs::SetMCSF] sample : ttZ
[AnalysisInputs::SetMCSF] => MCSF = 1, MCSF_err = 0.5
[AnalysisInputs::SetMCSF] sample : ttH_nonbb
[AnalysisInputs::SetMCSF] => MCSF = 1, MCSF_err = 0.5
[AnalysisInputs::SetMCSF] sample : top
[AnalysisInputs::SetMCSF] => MCSF = 1, MCSF_err = 0.5
[AnalysisInputs::SetMCSF] sample : WWTo2L2Nu_DS
[AnalysisInputs::SetMCSF] => MCSF = 1, MCSF_err = 0.5
[AnalysisInputs::SetMCSF] sample : WpWpEWK
[AnalysisInputs::SetMCSF] => MCSF = 1.3062, MCSF_err = 0.5
[AnalysisInputs::SetMCSF] sample : WpWpQCD
[AnalysisInputs::SetMCSF] => MCSF = 1.70026, MCSF_err = 0.5
[AnalysisInputs::SetMCSF] sample : WZTo3LNu_mllmin01
[AnalysisInputs::SetMCSF] => MCSF = 0.65, MCSF_err = 0.06
[AnalysisInputs::SetMCSF] sample : WZTo3LNu_powheg
[AnalysisInputs::SetMCSF] => MCSF = 1.05149, MCSF_err = 0.064601
[AnalysisInputs::SetMCSF] sample : ZGto2LG
[AnalysisInputs::SetMCSF] => MCSF = 1.09319, MCSF_err = 0.0752381
[AnalysisInputs::SetMCSF] sample : ZZTo4L_powheg
[AnalysisInputs::SetMCSF] => MCSF = 0.97851, MCSF_err = 0.25
[AnalysisInputs::SetMCSF] sample : ggZZto2e2mu
[AnalysisInputs::SetMCSF] => MCSF = 0.97851, MCSF_err = 0.25
[AnalysisInputs::SetMCSF] sample : ggZZto2e2nu
[AnalysisInputs::SetMCSF] => MCSF = 0.97851, MCSF_err = 0.25
[AnalysisInputs::SetMCSF] sample : ggZZto2e2tau
[AnalysisInputs::SetMCSF] => MCSF = 0.97851, MCSF_err = 0.25
[AnalysisInputs::SetMCSF] sample : ggZZto2mu2nu
[AnalysisInputs::SetMCSF] => MCSF = 0.97851, MCSF_err = 0.25
[AnalysisInputs::SetMCSF] sample : ggZZto2mu2tau
[AnalysisInputs::SetMCSF] => MCSF = 0.97851, MCSF_err = 0.25
[AnalysisInputs::SetMCSF] sample : ggZZto4e
[AnalysisInputs::SetMCSF] => MCSF = 0.97851, MCSF_err = 0.25
[AnalysisInputs::SetMCSF] sample : ggZZto4mu
[AnalysisInputs::SetMCSF] => MCSF = 0.97851, MCSF_err = 0.25
[AnalysisInputs::SetMCSF] sample : ggZZto4tau
[AnalysisInputs::SetMCSF] => MCSF = 0.97851, MCSF_err = 0.25
[AnalysisInputs::SetMCSF] sample : ggHtoZZ
[AnalysisInputs::SetMCSF] => MCSF = 0.97851, MCSF_err = 0.25
[AnalysisInputs::SetMCSF] sample : WGtoLNuG
[AnalysisInputs::SetMCSF] => MCSF = 1, MCSF_err = 0.0752381
[AnalysisInputs::SetMCSF] sample : WGtoLNuG_weighted
[AnalysisInputs::SetMCSF] => MCSF = 1, MCSF_err = 0.0752381
[AnalysisInputs::SetCalculatedSysts] Get Systematics from /data8/Users/jskim/HN_dilepton_plotter/data/v8-0-7.37_Approved/Syst.txt
[AnalysisInputs::SetCalculatedSysts] source : Luminosity
[AnalysisInputs::SetCalculatedSysts] => % sysematic = 0.025
[AnalysisInputs::SetCalculatedSysts] source : FakeLooseID
[AnalysisInputs::SetCalculatedSysts] => % sysematic = 0.3
[AnalysisInputs::SetCalculatedSysts] source : ChrageFlipSyst
[AnalysisInputs::SetCalculatedSysts] => % sysematic = 0.16
[CutRangeInfo::ReadCutCard] Get Cutcard from /data8/Users/jskim/HN_dilepton_plotter/data/v8-0-7.37_Approved/CutOpCard/RunDirectory/Cards_ElEl_Bin2/HNElEl_900.txt
Signal Eff = 0.131862
Central	0.108254	0	0.0542599
_MuonEn_up	0.110335	0	0.0542599
_MuonEn_down	0.110335	0	0.0542599
_MuonIDSF_up	0.110335	0	0.0542599
_MuonIDSF_down	0.110145	0	0.0542599
_ElectronEn_up	0.107116	0	0.0542599
_ElectronEn_down	0.200718	0	0.0542599
_ElectronIDSF_up	0.124136	0	0.0542599
_ElectronIDSF_down	0.111113	0	0.0542599
_TriggerSF_up	0.115888	0	0.0542599
_TriggerSF_down	0.119715	0	0.0542599
_PU_up	0.106641	0	0.0542599
_PU_down	0.116902	0	0.0542599
_JetEn_up	0.147671	0	0.0542599
_JetEn_down	0.244105	0	0.0542599
_JetRes_up	0.103817	0	0.0542599
_JetRes_down	0.0971219	0	0.0542599
_Unclustered_up	0.161149	0	0.0542599
_Unclustered_down	0.161149	0	0.0542599
_BTagSFEff_up	0.113524	0	0.0542599
_BTagSFEff_down	0.113524	0	0.0542599
_BTagSFMiss_up	0.106249	0	0.0542599
_BTagSFMiss_down	0.110722	0	0.0542599
_JetMass_up	0.0930131	0	0.0542599
_JetMass_down	0.119132	0	0.0542599
_JetMassRes_up	0.116645	0	0.0542599
_JetMassRes_down	0.107108	0	0.0542599
_Tau21_up	0.118936	0	0.0542599
_Tau21_down	0.107732	0	0.0542599

################ Sources ################
Source	SystTotal	SystPrompt	SystFake	Signal
Stat 11.31 16.98  -nan  28.22  2.35
Lumi 1.67  2.50 -  -  2.50
PDF  -  -  -  -  3.79
MuonPt  1.28 1.92  -  -  0.17
MuonID  1.22 1.84  -  -  0.05
ElectronE  40.23 60.40  -  -  1.87
ElectronID  7.02 10.54  -  -  3.58
Trigger  5.99 9.00  -  -  1.67
PU  3.83 5.75  -  -  1.74
JES  61.55 92.40  -  -  1.41
JER  5.21 7.83  -  -  0.85
Uncl  32.55 48.86  -  -  0.27
BEff  3.24 4.87  -  -  0.63
BMiss  1.38 2.08  -  -  0.66
JMS  8.15 12.23  -  -  0.25
JMR  3.68 5.53  -  -  0.07
Tau21  4.65 6.99  -  -  7.71
MCNorm 41.08  61.67 -  -  -
Fake 0.00  -  -nan - -
CF 33.77  -  -  101.15 -
Total Systematic 91.66 137.60  -nan  101.15  10.29

Total Background	0.163
- Prompt	0.108
- Fake	0.000
- CF	0.054
- Obs	0.000

####### Result #######
Signal Eff	0.131862
0.162514 1.987826
0.055626 1.105592
