
Processing CyclesForMixingLimit_ElEl_Bin2/HNElEl_200.C...
[AnalysisInputs::SetMCSF] Get MC SF from /data8/Users/jskim/HN_dilepton_plotter/data/v8-0-7.37_Approved/MCSF.txt
[AnalysisInputs::SetMCSF] sample : VVV
[AnalysisInputs::SetMCSF] => MCSF = 1, MCSF_err = 0.5
[AnalysisInputs::SetMCSF] sample : WWW
[AnalysisInputs::SetMCSF] => MCSF = 1, MCSF_err = 0.5
[AnalysisInputs::SetMCSF] sample : WWZ
[AnalysisInputs::SetMCSF] => MCSF = 1, MCSF_err = 0.5
[AnalysisInputs::SetMCSF] sample : WZZ
[AnalysisInputs::SetMCSF] => MCSF = 1, MCSF_err = 0.5
[AnalysisInputs::SetMCSF] sample : ZZZ
[AnalysisInputs::SetMCSF] => MCSF = 1, MCSF_err = 0.5
[AnalysisInputs::SetMCSF] sample : ttV
[AnalysisInputs::SetMCSF] => MCSF = 1, MCSF_err = 0.5
[AnalysisInputs::SetMCSF] sample : ttW
[AnalysisInputs::SetMCSF] => MCSF = 1, MCSF_err = 0.5
[AnalysisInputs::SetMCSF] sample : ttZ
[AnalysisInputs::SetMCSF] => MCSF = 1, MCSF_err = 0.5
[AnalysisInputs::SetMCSF] sample : ttH_nonbb
[AnalysisInputs::SetMCSF] => MCSF = 1, MCSF_err = 0.5
[AnalysisInputs::SetMCSF] sample : top
[AnalysisInputs::SetMCSF] => MCSF = 1, MCSF_err = 0.5
[AnalysisInputs::SetMCSF] sample : WWTo2L2Nu_DS
[AnalysisInputs::SetMCSF] => MCSF = 1, MCSF_err = 0.5
[AnalysisInputs::SetMCSF] sample : WpWpEWK
[AnalysisInputs::SetMCSF] => MCSF = 1.3062, MCSF_err = 0.5
[AnalysisInputs::SetMCSF] sample : WpWpQCD
[AnalysisInputs::SetMCSF] => MCSF = 1.70026, MCSF_err = 0.5
[AnalysisInputs::SetMCSF] sample : WZTo3LNu_mllmin01
[AnalysisInputs::SetMCSF] => MCSF = 0.65, MCSF_err = 0.06
[AnalysisInputs::SetMCSF] sample : WZTo3LNu_powheg
[AnalysisInputs::SetMCSF] => MCSF = 1.05149, MCSF_err = 0.064601
[AnalysisInputs::SetMCSF] sample : ZGto2LG
[AnalysisInputs::SetMCSF] => MCSF = 1.09319, MCSF_err = 0.0752381
[AnalysisInputs::SetMCSF] sample : ZZTo4L_powheg
[AnalysisInputs::SetMCSF] => MCSF = 0.97851, MCSF_err = 0.25
[AnalysisInputs::SetMCSF] sample : ggZZto2e2mu
[AnalysisInputs::SetMCSF] => MCSF = 0.97851, MCSF_err = 0.25
[AnalysisInputs::SetMCSF] sample : ggZZto2e2nu
[AnalysisInputs::SetMCSF] => MCSF = 0.97851, MCSF_err = 0.25
[AnalysisInputs::SetMCSF] sample : ggZZto2e2tau
[AnalysisInputs::SetMCSF] => MCSF = 0.97851, MCSF_err = 0.25
[AnalysisInputs::SetMCSF] sample : ggZZto2mu2nu
[AnalysisInputs::SetMCSF] => MCSF = 0.97851, MCSF_err = 0.25
[AnalysisInputs::SetMCSF] sample : ggZZto2mu2tau
[AnalysisInputs::SetMCSF] => MCSF = 0.97851, MCSF_err = 0.25
[AnalysisInputs::SetMCSF] sample : ggZZto4e
[AnalysisInputs::SetMCSF] => MCSF = 0.97851, MCSF_err = 0.25
[AnalysisInputs::SetMCSF] sample : ggZZto4mu
[AnalysisInputs::SetMCSF] => MCSF = 0.97851, MCSF_err = 0.25
[AnalysisInputs::SetMCSF] sample : ggZZto4tau
[AnalysisInputs::SetMCSF] => MCSF = 0.97851, MCSF_err = 0.25
[AnalysisInputs::SetMCSF] sample : ggHtoZZ
[AnalysisInputs::SetMCSF] => MCSF = 0.97851, MCSF_err = 0.25
[AnalysisInputs::SetMCSF] sample : WGtoLNuG
[AnalysisInputs::SetMCSF] => MCSF = 1, MCSF_err = 0.0752381
[AnalysisInputs::SetMCSF] sample : WGtoLNuG_weighted
[AnalysisInputs::SetMCSF] => MCSF = 1, MCSF_err = 0.0752381
[AnalysisInputs::SetCalculatedSysts] Get Systematics from /data8/Users/jskim/HN_dilepton_plotter/data/v8-0-7.37_Approved/Syst.txt
[AnalysisInputs::SetCalculatedSysts] source : Luminosity
[AnalysisInputs::SetCalculatedSysts] => % sysematic = 0.025
[AnalysisInputs::SetCalculatedSysts] source : FakeLooseID
[AnalysisInputs::SetCalculatedSysts] => % sysematic = 0.3
[AnalysisInputs::SetCalculatedSysts] source : ChrageFlipSyst
[AnalysisInputs::SetCalculatedSysts] => % sysematic = 0.16
[CutRangeInfo::ReadCutCard] Get Cutcard from /data8/Users/jskim/HN_dilepton_plotter/data/v8-0-7.37_Approved/CutOpCard/RunDirectory/Cards_ElEl_Bin2/HNElEl_200.txt
Central	0.677762	0.0123158	0.0827698
_MuonEn_up	0.677343	0.0123158	0.0827698
_MuonEn_down	0.682915	0.0123158	0.0827698
_MuonIDSF_up	0.676221	0.0123158	0.0827698
_MuonIDSF_down	0.685898	0.0123158	0.0827698
_ElectronEn_up	0.583018	0.0123158	0.0827698
_ElectronEn_down	0.640703	0.0123158	0.0827698
_ElectronIDSF_up	0.607201	0.0123158	0.0827698
_ElectronIDSF_down	0.676134	0.0123158	0.0827698
_TriggerSF_up	0.694195	0.0123158	0.0827698
_TriggerSF_down	0.677833	0.0123158	0.0827698
_PU_up	0.738125	0.0123158	0.0827698
_PU_down	0.62991	0.0123158	0.0827698
_JetEn_up	0.614128	0.0123158	0.0827698
_JetEn_down	0.619651	0.0123158	0.0827698
_JetRes_up	0.580885	0.0123158	0.0827698
_JetRes_down	0.565053	0.0123158	0.0827698
_Unclustered_up	0.715556	0.0123158	0.0827698
_Unclustered_down	0.709545	0.0123158	0.0827698
_BTagSFEff_up	0.668414	0.0123158	0.0827698
_BTagSFEff_down	0.6332	0.0123158	0.0827698
_BTagSFMiss_up	0.675461	0.0123158	0.0827698
_BTagSFMiss_down	0.670517	0.0123158	0.0827698
_JetMass_up	0.579077	0.0123158	0.0827698
_JetMass_down	0.588051	0.0123158	0.0827698
_JetMassRes_up	0.680964	0.0123158	0.0827698
_JetMassRes_down	0.651455	0.0123158	0.0827698
_Tau21_up	0.726669	0.0123158	0.0827698
_Tau21_down	0.635121	0.0123158	0.0827698

################ Sources ################
Source	SystTotal	SystPrompt	SystFake	Signal
Stat 24.22 24.80  669.44  19.63  5.55
Lumi 2.19  2.50 -  -  2.50
PDF  -  -  -  -  5.00
MuonPt  0.47 0.54  -  -  0.65
MuonID  0.76 0.86  -  -  0.60
ElectronE  9.31 10.61  -  -  0.61
ElectronID  6.46 7.36  -  -  2.98
Trigger  1.50 1.71  -  -  1.84
PU  7.05 8.04  -  -  2.80
JES  7.88 8.99  -  -  1.17
JER  13.60 15.51  -  -  1.90
Uncl  4.52 5.15  -  -  0.60
BEff  4.17 4.75  -  -  0.72
BMiss  0.70 0.79  -  -  0.64
JMS  12.20 13.91  -  -  0.40
JMR  2.42 2.76  -  -  1.11
Tau21  5.94 6.77  -  -  7.47
MCNorm 25.66  29.26 -  -  -
Fake 0.48  -  30.00 - -
CF 10.16  -  -  94.89 -
Total Systematic 36.33 41.42  30.00  94.89  10.77

Total Background	0.773
- Prompt	0.678
- Fake	0.012
- CF	0.083
- Obs	1.000

####### Result #######
Signal Eff	0.006000
0.772848 1.448792
0.742603 1.121147
