
Processing CyclesForMixingLimit_MuEl_Bin1/HNMuEl_400_VBFOnly.C...
[AnalysisInputs::SetMCSF] Get MC SF from /data8/Users/jskim/HN_dilepton_plotter/data/v8-0-7.37_Approved/MCSF.txt
[AnalysisInputs::SetMCSF] sample : VVV
[AnalysisInputs::SetMCSF] => MCSF = 1, MCSF_err = 0.5
[AnalysisInputs::SetMCSF] sample : WWW
[AnalysisInputs::SetMCSF] => MCSF = 1, MCSF_err = 0.5
[AnalysisInputs::SetMCSF] sample : WWZ
[AnalysisInputs::SetMCSF] => MCSF = 1, MCSF_err = 0.5
[AnalysisInputs::SetMCSF] sample : WZZ
[AnalysisInputs::SetMCSF] => MCSF = 1, MCSF_err = 0.5
[AnalysisInputs::SetMCSF] sample : ZZZ
[AnalysisInputs::SetMCSF] => MCSF = 1, MCSF_err = 0.5
[AnalysisInputs::SetMCSF] sample : ttV
[AnalysisInputs::SetMCSF] => MCSF = 1, MCSF_err = 0.5
[AnalysisInputs::SetMCSF] sample : ttW
[AnalysisInputs::SetMCSF] => MCSF = 1, MCSF_err = 0.5
[AnalysisInputs::SetMCSF] sample : ttZ
[AnalysisInputs::SetMCSF] => MCSF = 1, MCSF_err = 0.5
[AnalysisInputs::SetMCSF] sample : ttH_nonbb
[AnalysisInputs::SetMCSF] => MCSF = 1, MCSF_err = 0.5
[AnalysisInputs::SetMCSF] sample : top
[AnalysisInputs::SetMCSF] => MCSF = 1, MCSF_err = 0.5
[AnalysisInputs::SetMCSF] sample : WWTo2L2Nu_DS
[AnalysisInputs::SetMCSF] => MCSF = 1, MCSF_err = 0.5
[AnalysisInputs::SetMCSF] sample : WpWpEWK
[AnalysisInputs::SetMCSF] => MCSF = 1.3062, MCSF_err = 0.5
[AnalysisInputs::SetMCSF] sample : WpWpQCD
[AnalysisInputs::SetMCSF] => MCSF = 1.70026, MCSF_err = 0.5
[AnalysisInputs::SetMCSF] sample : WZTo3LNu_mllmin01
[AnalysisInputs::SetMCSF] => MCSF = 0.65, MCSF_err = 0.06
[AnalysisInputs::SetMCSF] sample : WZTo3LNu_powheg
[AnalysisInputs::SetMCSF] => MCSF = 1.05149, MCSF_err = 0.064601
[AnalysisInputs::SetMCSF] sample : ZGto2LG
[AnalysisInputs::SetMCSF] => MCSF = 1.09319, MCSF_err = 0.0752381
[AnalysisInputs::SetMCSF] sample : ZZTo4L_powheg
[AnalysisInputs::SetMCSF] => MCSF = 0.97851, MCSF_err = 0.25
[AnalysisInputs::SetMCSF] sample : ggZZto2e2mu
[AnalysisInputs::SetMCSF] => MCSF = 0.97851, MCSF_err = 0.25
[AnalysisInputs::SetMCSF] sample : ggZZto2e2nu
[AnalysisInputs::SetMCSF] => MCSF = 0.97851, MCSF_err = 0.25
[AnalysisInputs::SetMCSF] sample : ggZZto2e2tau
[AnalysisInputs::SetMCSF] => MCSF = 0.97851, MCSF_err = 0.25
[AnalysisInputs::SetMCSF] sample : ggZZto2mu2nu
[AnalysisInputs::SetMCSF] => MCSF = 0.97851, MCSF_err = 0.25
[AnalysisInputs::SetMCSF] sample : ggZZto2mu2tau
[AnalysisInputs::SetMCSF] => MCSF = 0.97851, MCSF_err = 0.25
[AnalysisInputs::SetMCSF] sample : ggZZto4e
[AnalysisInputs::SetMCSF] => MCSF = 0.97851, MCSF_err = 0.25
[AnalysisInputs::SetMCSF] sample : ggZZto4mu
[AnalysisInputs::SetMCSF] => MCSF = 0.97851, MCSF_err = 0.25
[AnalysisInputs::SetMCSF] sample : ggZZto4tau
[AnalysisInputs::SetMCSF] => MCSF = 0.97851, MCSF_err = 0.25
[AnalysisInputs::SetMCSF] sample : ggHtoZZ
[AnalysisInputs::SetMCSF] => MCSF = 0.97851, MCSF_err = 0.25
[AnalysisInputs::SetMCSF] sample : WGtoLNuG
[AnalysisInputs::SetMCSF] => MCSF = 1, MCSF_err = 0.0752381
[AnalysisInputs::SetMCSF] sample : WGtoLNuG_weighted
[AnalysisInputs::SetMCSF] => MCSF = 1, MCSF_err = 0.0752381
[AnalysisInputs::SetCalculatedSysts] Get Systematics from /data8/Users/jskim/HN_dilepton_plotter/data/v8-0-7.37_Approved/Syst.txt
[AnalysisInputs::SetCalculatedSysts] source : Luminosity
[AnalysisInputs::SetCalculatedSysts] => % sysematic = 0.025
[AnalysisInputs::SetCalculatedSysts] source : FakeLooseID
[AnalysisInputs::SetCalculatedSysts] => % sysematic = 0.3
[AnalysisInputs::SetCalculatedSysts] source : ChrageFlipSyst
[AnalysisInputs::SetCalculatedSysts] => % sysematic = 0.16
[CutRangeInfo::ReadCutCard] Get Cutcard from /data8/Users/jskim/HN_dilepton_plotter/data/v8-0-7.37_Approved/CutOpCard/RunDirectory/Cards_MuEl_Bin1/HNMuEl_400.txt
Signal Eff = 0.0299014
Central	2.10674	0.0901515	0
_MuonEn_up	2.19062	0.0901515	0
_MuonEn_down	2.10755	0.0901515	0
_MuonIDSF_up	2.14145	0.0901515	0
_MuonIDSF_down	2.07803	0.0901515	0
_ElectronEn_up	2.27359	0.0901515	0
_ElectronEn_down	2.13211	0.0901515	0
_ElectronIDSF_up	2.15169	0.0901515	0
_ElectronIDSF_down	2.06075	0.0901515	0
_TriggerSF_up	2.12593	0.0901515	0
_TriggerSF_down	2.10769	0.0901515	0
_PU_up	2.0682	0.0901515	0
_PU_down	2.11945	0.0901515	0
_JetEn_up	1.81747	0.0901515	0
_JetEn_down	1.64495	0.0901515	0
_JetRes_up	2.13018	0.0901515	0
_JetRes_down	2.19131	0.0901515	0
_Unclustered_up	1.91967	0.0901515	0
_Unclustered_down	2.02259	0.0901515	0
_BTagSFEff_up	2.1074	0.0901515	0
_BTagSFEff_down	2.14684	0.0901515	0
_BTagSFMiss_up	2.09711	0.0901515	0
_BTagSFMiss_down	2.11378	0.0901515	0
_JetMass_up	2.10698	0.0901515	0
_JetMass_down	2.10422	0.0901515	0
_JetMassRes_up	2.10729	0.0901515	0
_JetMassRes_down	2.10376	0.0901515	0
_Tau21_up	2.10345	0.0901515	0
_Tau21_down	2.10722	0.0901515	0

################ Sources ################
Source	SystTotal	SystPrompt	SystFake	Signal
Stat 35.85 36.86  145.31  -nan  4.63
Lumi 2.40  2.50 -  -  2.50
PDF  -  -  -  -  4.60
MuonPt  2.70 2.82  -  -  1.30
MuonID  1.45 1.51  -  -  1.95
ElectronE  5.43 5.66  -  -  1.22
ElectronID  2.07 2.16  -  -  2.16
Trigger  0.62 0.64  -  -  1.03
PU  1.31 1.36  -  -  2.14
JES  17.54 18.29  -  -  2.80
JER  2.82 2.95  -  -  2.11
Uncl  6.60 6.88  -  -  2.60
BEff  1.29 1.35  -  -  1.10
BMiss  0.38 0.40  -  -  0.77
JMS  0.08 0.09  -  -  0.93
JMR  0.10 0.10  -  -  0.84
Tau21  0.11 0.11  -  -  0.50
MCNorm 18.05  18.82 -  -  -
Fake 1.23  -  30.00 - -
CF 0.00  -  -  -nan -
Total Systematic 27.19 28.33  30.00  -nan  8.21

Total Background	2.197
- Prompt	2.107
- Fake	0.090
- CF	0.000
- Obs	7.000

####### Result #######
Signal Eff	0.029901
2.196890 1.449935
0.069113 1.094258
