
Processing CyclesForMixingLimit_MuEl_Bin1/HNMuEl_75.C...
[AnalysisInputs::SetMCSF] Get MC SF from /data8/Users/jskim/HN_dilepton_plotter/data/v8-0-7.37_Approved/MCSF.txt
[AnalysisInputs::SetMCSF] sample : VVV
[AnalysisInputs::SetMCSF] => MCSF = 1, MCSF_err = 0.5
[AnalysisInputs::SetMCSF] sample : WWW
[AnalysisInputs::SetMCSF] => MCSF = 1, MCSF_err = 0.5
[AnalysisInputs::SetMCSF] sample : WWZ
[AnalysisInputs::SetMCSF] => MCSF = 1, MCSF_err = 0.5
[AnalysisInputs::SetMCSF] sample : WZZ
[AnalysisInputs::SetMCSF] => MCSF = 1, MCSF_err = 0.5
[AnalysisInputs::SetMCSF] sample : ZZZ
[AnalysisInputs::SetMCSF] => MCSF = 1, MCSF_err = 0.5
[AnalysisInputs::SetMCSF] sample : ttV
[AnalysisInputs::SetMCSF] => MCSF = 1, MCSF_err = 0.5
[AnalysisInputs::SetMCSF] sample : ttW
[AnalysisInputs::SetMCSF] => MCSF = 1, MCSF_err = 0.5
[AnalysisInputs::SetMCSF] sample : ttZ
[AnalysisInputs::SetMCSF] => MCSF = 1, MCSF_err = 0.5
[AnalysisInputs::SetMCSF] sample : ttH_nonbb
[AnalysisInputs::SetMCSF] => MCSF = 1, MCSF_err = 0.5
[AnalysisInputs::SetMCSF] sample : top
[AnalysisInputs::SetMCSF] => MCSF = 1, MCSF_err = 0.5
[AnalysisInputs::SetMCSF] sample : WWTo2L2Nu_DS
[AnalysisInputs::SetMCSF] => MCSF = 1, MCSF_err = 0.5
[AnalysisInputs::SetMCSF] sample : WpWpEWK
[AnalysisInputs::SetMCSF] => MCSF = 1.3062, MCSF_err = 0.5
[AnalysisInputs::SetMCSF] sample : WpWpQCD
[AnalysisInputs::SetMCSF] => MCSF = 1.70026, MCSF_err = 0.5
[AnalysisInputs::SetMCSF] sample : WZTo3LNu_mllmin01
[AnalysisInputs::SetMCSF] => MCSF = 0.65, MCSF_err = 0.06
[AnalysisInputs::SetMCSF] sample : WZTo3LNu_powheg
[AnalysisInputs::SetMCSF] => MCSF = 1.05149, MCSF_err = 0.064601
[AnalysisInputs::SetMCSF] sample : ZGto2LG
[AnalysisInputs::SetMCSF] => MCSF = 1.09319, MCSF_err = 0.0752381
[AnalysisInputs::SetMCSF] sample : ZZTo4L_powheg
[AnalysisInputs::SetMCSF] => MCSF = 0.97851, MCSF_err = 0.25
[AnalysisInputs::SetMCSF] sample : ggZZto2e2mu
[AnalysisInputs::SetMCSF] => MCSF = 0.97851, MCSF_err = 0.25
[AnalysisInputs::SetMCSF] sample : ggZZto2e2nu
[AnalysisInputs::SetMCSF] => MCSF = 0.97851, MCSF_err = 0.25
[AnalysisInputs::SetMCSF] sample : ggZZto2e2tau
[AnalysisInputs::SetMCSF] => MCSF = 0.97851, MCSF_err = 0.25
[AnalysisInputs::SetMCSF] sample : ggZZto2mu2nu
[AnalysisInputs::SetMCSF] => MCSF = 0.97851, MCSF_err = 0.25
[AnalysisInputs::SetMCSF] sample : ggZZto2mu2tau
[AnalysisInputs::SetMCSF] => MCSF = 0.97851, MCSF_err = 0.25
[AnalysisInputs::SetMCSF] sample : ggZZto4e
[AnalysisInputs::SetMCSF] => MCSF = 0.97851, MCSF_err = 0.25
[AnalysisInputs::SetMCSF] sample : ggZZto4mu
[AnalysisInputs::SetMCSF] => MCSF = 0.97851, MCSF_err = 0.25
[AnalysisInputs::SetMCSF] sample : ggZZto4tau
[AnalysisInputs::SetMCSF] => MCSF = 0.97851, MCSF_err = 0.25
[AnalysisInputs::SetMCSF] sample : ggHtoZZ
[AnalysisInputs::SetMCSF] => MCSF = 0.97851, MCSF_err = 0.25
[AnalysisInputs::SetMCSF] sample : WGtoLNuG
[AnalysisInputs::SetMCSF] => MCSF = 1, MCSF_err = 0.0752381
[AnalysisInputs::SetMCSF] sample : WGtoLNuG_weighted
[AnalysisInputs::SetMCSF] => MCSF = 1, MCSF_err = 0.0752381
[AnalysisInputs::SetCalculatedSysts] Get Systematics from /data8/Users/jskim/HN_dilepton_plotter/data/v8-0-7.37_Approved/Syst.txt
[AnalysisInputs::SetCalculatedSysts] source : Luminosity
[AnalysisInputs::SetCalculatedSysts] => % sysematic = 0.025
[AnalysisInputs::SetCalculatedSysts] source : FakeLooseID
[AnalysisInputs::SetCalculatedSysts] => % sysematic = 0.3
[AnalysisInputs::SetCalculatedSysts] source : ChrageFlipSyst
[AnalysisInputs::SetCalculatedSysts] => % sysematic = 0.16
[CutRangeInfo::ReadCutCard] Get Cutcard from /data8/Users/jskim/HN_dilepton_plotter/data/v8-0-7.37_Approved/CutOpCard/RunDirectory/Cards_MuEl_Bin1/HNMuEl_75.txt
Central	27.4672	19.0407	0
_MuonEn_up	27.7287	19.0407	0
_MuonEn_down	26.9633	19.0407	0
_MuonIDSF_up	27.8023	19.0407	0
_MuonIDSF_down	27.3561	19.0407	0
_ElectronEn_up	26.938	19.0407	0
_ElectronEn_down	27.3736	19.0407	0
_ElectronIDSF_up	27.7209	19.0407	0
_ElectronIDSF_down	27.6653	19.0407	0
_TriggerSF_up	28.2795	19.0407	0
_TriggerSF_down	27.7883	19.0407	0
_PU_up	27.6163	19.0407	0
_PU_down	27.0673	19.0407	0
_JetEn_up	31.0928	19.0407	0
_JetEn_down	26.2604	19.0407	0
_JetRes_up	27.8593	19.0407	0
_JetRes_down	29.9125	19.0407	0
_Unclustered_up	24.9064	19.0407	0
_Unclustered_down	27.5919	19.0407	0
_BTagSFEff_up	27.9546	19.0407	0
_BTagSFEff_down	28.3485	19.0407	0
_BTagSFMiss_up	27.379	19.0407	0
_BTagSFMiss_down	27.4323	19.0407	0
_JetMass_up	27.3974	19.0407	0
_JetMass_down	27.7831	19.0407	0
_JetMassRes_up	27.4282	19.0407	0
_JetMassRes_down	26.9429	19.0407	0
_Tau21_up	27.3541	19.0407	0
_Tau21_down	27.8888	19.0407	0

################ Sources ################
Source	SystTotal	SystPrompt	SystFake	Signal
Stat 8.41 12.54  9.74  -nan  8.88
Lumi 1.48  2.50 -  -  2.50
PDF  -  -  -  -  9.00
MuonPt  0.86 1.46  -  -  0.31
MuonID  0.54 0.91  -  -  1.30
ElectronE  0.82 1.38  -  -  0.32
ElectronID  0.49 0.83  -  -  1.31
Trigger  1.33 2.25  -  -  2.72
PU  0.65 1.10  -  -  1.85
JES  5.81 9.84  -  -  7.69
JER  3.77 6.38  -  -  2.91
Uncl  3.90 6.60  -  -  5.74
BEff  1.53 2.59  -  -  0.88
BMiss  0.14 0.24  -  -  1.04
JMS  0.49 0.83  -  -  0.89
JMR  0.80 1.35  -  -  0.84
Tau21  0.66 1.12  -  -  0.66
MCNorm 7.55  12.78 -  -  -
Fake 12.28  -  30.00 - -
CF 0.00  -  -  -nan -
Total Systematic 16.76 19.31  30.00  -nan  14.35

Total Background	46.508
- Prompt	27.467
- Fake	19.041
- CF	0.000
- Obs	49.000

####### Result #######
Signal Eff	0.001698
46.507907 1.187537
88.809170 1.168764
