
Processing CyclesForMixingLimit_MuEl_Bin1/HNMuEl_100.C...
[AnalysisInputs::SetMCSF] Get MC SF from /data8/Users/jskim/HN_dilepton_plotter/data/v8-0-7.37_ForApproval/MCSF.txt
[AnalysisInputs::SetMCSF] sample : VVV
[AnalysisInputs::SetMCSF] => MCSF = 1, MCSF_err = 0.5
[AnalysisInputs::SetMCSF] sample : WWW
[AnalysisInputs::SetMCSF] => MCSF = 1, MCSF_err = 0.5
[AnalysisInputs::SetMCSF] sample : WWZ
[AnalysisInputs::SetMCSF] => MCSF = 1, MCSF_err = 0.5
[AnalysisInputs::SetMCSF] sample : WZZ
[AnalysisInputs::SetMCSF] => MCSF = 1, MCSF_err = 0.5
[AnalysisInputs::SetMCSF] sample : ZZZ
[AnalysisInputs::SetMCSF] => MCSF = 1, MCSF_err = 0.5
[AnalysisInputs::SetMCSF] sample : ttV
[AnalysisInputs::SetMCSF] => MCSF = 1, MCSF_err = 0.5
[AnalysisInputs::SetMCSF] sample : ttW
[AnalysisInputs::SetMCSF] => MCSF = 1, MCSF_err = 0.5
[AnalysisInputs::SetMCSF] sample : ttZ
[AnalysisInputs::SetMCSF] => MCSF = 1, MCSF_err = 0.5
[AnalysisInputs::SetMCSF] sample : ttH_nonbb
[AnalysisInputs::SetMCSF] => MCSF = 1, MCSF_err = 0.5
[AnalysisInputs::SetMCSF] sample : top
[AnalysisInputs::SetMCSF] => MCSF = 1, MCSF_err = 0.5
[AnalysisInputs::SetMCSF] sample : WWTo2L2Nu_DS
[AnalysisInputs::SetMCSF] => MCSF = 1, MCSF_err = 0.5
[AnalysisInputs::SetMCSF] sample : WpWpEWK
[AnalysisInputs::SetMCSF] => MCSF = 1.3062, MCSF_err = 0.5
[AnalysisInputs::SetMCSF] sample : WpWpQCD
[AnalysisInputs::SetMCSF] => MCSF = 1.70026, MCSF_err = 0.5
[AnalysisInputs::SetMCSF] sample : WZTo3LNu_mllmin01
[AnalysisInputs::SetMCSF] => MCSF = 0.65, MCSF_err = 0.06
[AnalysisInputs::SetMCSF] sample : WZTo3LNu_powheg
[AnalysisInputs::SetMCSF] => MCSF = 1.05149, MCSF_err = 0.064601
[AnalysisInputs::SetMCSF] sample : ZGto2LG
[AnalysisInputs::SetMCSF] => MCSF = 1.09319, MCSF_err = 0.0752381
[AnalysisInputs::SetMCSF] sample : ZZTo4L_powheg
[AnalysisInputs::SetMCSF] => MCSF = 0.97851, MCSF_err = 0.25
[AnalysisInputs::SetMCSF] sample : ggZZto2e2mu
[AnalysisInputs::SetMCSF] => MCSF = 0.97851, MCSF_err = 0.25
[AnalysisInputs::SetMCSF] sample : ggZZto2e2nu
[AnalysisInputs::SetMCSF] => MCSF = 0.97851, MCSF_err = 0.25
[AnalysisInputs::SetMCSF] sample : ggZZto2e2tau
[AnalysisInputs::SetMCSF] => MCSF = 0.97851, MCSF_err = 0.25
[AnalysisInputs::SetMCSF] sample : ggZZto2mu2nu
[AnalysisInputs::SetMCSF] => MCSF = 0.97851, MCSF_err = 0.25
[AnalysisInputs::SetMCSF] sample : ggZZto2mu2tau
[AnalysisInputs::SetMCSF] => MCSF = 0.97851, MCSF_err = 0.25
[AnalysisInputs::SetMCSF] sample : ggZZto4e
[AnalysisInputs::SetMCSF] => MCSF = 0.97851, MCSF_err = 0.25
[AnalysisInputs::SetMCSF] sample : ggZZto4mu
[AnalysisInputs::SetMCSF] => MCSF = 0.97851, MCSF_err = 0.25
[AnalysisInputs::SetMCSF] sample : ggZZto4tau
[AnalysisInputs::SetMCSF] => MCSF = 0.97851, MCSF_err = 0.25
[AnalysisInputs::SetMCSF] sample : ggHtoZZ
[AnalysisInputs::SetMCSF] => MCSF = 0.97851, MCSF_err = 0.25
[AnalysisInputs::SetMCSF] sample : WGtoLNuG
[AnalysisInputs::SetMCSF] => MCSF = 1, MCSF_err = 0.0752381
[AnalysisInputs::SetMCSF] sample : WGtoLNuG_weighted
[AnalysisInputs::SetMCSF] => MCSF = 1, MCSF_err = 0.0752381
[AnalysisInputs::SetCalculatedSysts] Get Systematics from /data8/Users/jskim/HN_dilepton_plotter/data/v8-0-7.37_ForApproval/Syst.txt
[AnalysisInputs::SetCalculatedSysts] source : Luminosity
[AnalysisInputs::SetCalculatedSysts] => % sysematic = 0.025
[AnalysisInputs::SetCalculatedSysts] source : FakeLooseID
[AnalysisInputs::SetCalculatedSysts] => % sysematic = 0.3
[AnalysisInputs::SetCalculatedSysts] source : ChrageFlipSyst
[AnalysisInputs::SetCalculatedSysts] => % sysematic = 0.16
[CutRangeInfo::ReadCutCard] Get Cutcard from /data8/Users/jskim/HN_dilepton_plotter/data/v8-0-7.37_ForApproval/CutOpCard/RunDirectory/Cards_MuEl_Bin1/HNMuEl_100.txt
Central	15.325	8.26658	0
_MuonEn_up	15.774	8.26658	0
_MuonEn_down	15.3266	8.26658	0
_MuonIDSF_up	15.4765	8.26658	0
_MuonIDSF_down	15.1541	8.26658	0
_ElectronEn_up	16.0336	8.26658	0
_ElectronEn_down	15.5976	8.26658	0
_ElectronIDSF_up	15.444	8.26658	0
_ElectronIDSF_down	15.2235	8.26658	0
_TriggerSF_up	15.8365	8.26658	0
_TriggerSF_down	15.3384	8.26658	0
_PU_up	15.111	8.26658	0
_PU_down	15.5002	8.26658	0
_JetEn_up	14.6444	8.26658	0
_JetEn_down	15.2489	8.26658	0
_JetRes_up	14.5517	8.26658	0
_JetRes_down	15.2635	8.26658	0
_Unclustered_up	15.8827	8.26658	0
_Unclustered_down	16.716	8.26658	0
_BTagSFEff_up	15.3258	8.26658	0
_BTagSFEff_down	15.285	8.26658	0
_BTagSFMiss_up	15.6028	8.26658	0
_BTagSFMiss_down	15.337	8.26658	0
_JetMass_up	15.3223	8.26658	0
_JetMass_down	15.1821	8.26658	0
_JetMassRes_up	15.3416	8.26658	0
_JetMassRes_down	15.2534	8.26658	0
_Tau21_up	15.3161	8.26658	0
_Tau21_down	15.2463	8.26658	0

################ Sources ################
Source	SystTotal	SystPrompt	SystFake	Signal
Stat 12.95 18.71  12.74  -nan  2.84
Lumi 1.62  2.50 -  -  2.50
PDF  -  -  -  -  5.00
MuonPt  1.35 2.07  -  -  0.44
MuonID  0.68 1.05  -  -  1.39
ElectronE  2.28 3.50  -  -  0.73
ElectronID  0.47 0.72  -  -  0.92
Trigger  1.53 2.36  -  -  0.39
PU  0.83 1.28  -  -  3.15
JES  2.05 3.16  -  -  0.43
JER  2.33 3.58  -  -  2.42
Uncl  4.49 6.91  -  -  4.01
BEff  0.12 0.18  -  -  0.87
BMiss  0.83 1.28  -  -  0.41
JMS  0.43 0.66  -  -  0.51
JMR  0.22 0.34  -  -  0.48
Tau21  0.24 0.37  -  -  0.24
MCNorm 9.61  14.80 -  -  -
Fake 10.51  -  30.00 - -
CF 0.00  -  -  -nan -
Total Systematic 15.72 17.99  30.00  -nan  8.27

Total Background	23.592
- Prompt	15.325
- Fake	8.267
- CF	0.000
- Obs	21.000

####### Result #######
Signal Eff	0.012797
23.591590 1.203648
33.069227 1.087422
