
Processing CyclesForMixingLimit_MuEl_Bin1/HNMuEl_250.C...
[AnalysisInputs::SetMCSF] Get MC SF from /data8/Users/jskim/HN_dilepton_plotter/data/v8-0-7.37_Approved/MCSF.txt
[AnalysisInputs::SetMCSF] sample : VVV
[AnalysisInputs::SetMCSF] => MCSF = 1, MCSF_err = 0.5
[AnalysisInputs::SetMCSF] sample : WWW
[AnalysisInputs::SetMCSF] => MCSF = 1, MCSF_err = 0.5
[AnalysisInputs::SetMCSF] sample : WWZ
[AnalysisInputs::SetMCSF] => MCSF = 1, MCSF_err = 0.5
[AnalysisInputs::SetMCSF] sample : WZZ
[AnalysisInputs::SetMCSF] => MCSF = 1, MCSF_err = 0.5
[AnalysisInputs::SetMCSF] sample : ZZZ
[AnalysisInputs::SetMCSF] => MCSF = 1, MCSF_err = 0.5
[AnalysisInputs::SetMCSF] sample : ttV
[AnalysisInputs::SetMCSF] => MCSF = 1, MCSF_err = 0.5
[AnalysisInputs::SetMCSF] sample : ttW
[AnalysisInputs::SetMCSF] => MCSF = 1, MCSF_err = 0.5
[AnalysisInputs::SetMCSF] sample : ttZ
[AnalysisInputs::SetMCSF] => MCSF = 1, MCSF_err = 0.5
[AnalysisInputs::SetMCSF] sample : ttH_nonbb
[AnalysisInputs::SetMCSF] => MCSF = 1, MCSF_err = 0.5
[AnalysisInputs::SetMCSF] sample : top
[AnalysisInputs::SetMCSF] => MCSF = 1, MCSF_err = 0.5
[AnalysisInputs::SetMCSF] sample : WWTo2L2Nu_DS
[AnalysisInputs::SetMCSF] => MCSF = 1, MCSF_err = 0.5
[AnalysisInputs::SetMCSF] sample : WpWpEWK
[AnalysisInputs::SetMCSF] => MCSF = 1.3062, MCSF_err = 0.5
[AnalysisInputs::SetMCSF] sample : WpWpQCD
[AnalysisInputs::SetMCSF] => MCSF = 1.70026, MCSF_err = 0.5
[AnalysisInputs::SetMCSF] sample : WZTo3LNu_mllmin01
[AnalysisInputs::SetMCSF] => MCSF = 0.65, MCSF_err = 0.06
[AnalysisInputs::SetMCSF] sample : WZTo3LNu_powheg
[AnalysisInputs::SetMCSF] => MCSF = 1.05149, MCSF_err = 0.064601
[AnalysisInputs::SetMCSF] sample : ZGto2LG
[AnalysisInputs::SetMCSF] => MCSF = 1.09319, MCSF_err = 0.0752381
[AnalysisInputs::SetMCSF] sample : ZZTo4L_powheg
[AnalysisInputs::SetMCSF] => MCSF = 0.97851, MCSF_err = 0.25
[AnalysisInputs::SetMCSF] sample : ggZZto2e2mu
[AnalysisInputs::SetMCSF] => MCSF = 0.97851, MCSF_err = 0.25
[AnalysisInputs::SetMCSF] sample : ggZZto2e2nu
[AnalysisInputs::SetMCSF] => MCSF = 0.97851, MCSF_err = 0.25
[AnalysisInputs::SetMCSF] sample : ggZZto2e2tau
[AnalysisInputs::SetMCSF] => MCSF = 0.97851, MCSF_err = 0.25
[AnalysisInputs::SetMCSF] sample : ggZZto2mu2nu
[AnalysisInputs::SetMCSF] => MCSF = 0.97851, MCSF_err = 0.25
[AnalysisInputs::SetMCSF] sample : ggZZto2mu2tau
[AnalysisInputs::SetMCSF] => MCSF = 0.97851, MCSF_err = 0.25
[AnalysisInputs::SetMCSF] sample : ggZZto4e
[AnalysisInputs::SetMCSF] => MCSF = 0.97851, MCSF_err = 0.25
[AnalysisInputs::SetMCSF] sample : ggZZto4mu
[AnalysisInputs::SetMCSF] => MCSF = 0.97851, MCSF_err = 0.25
[AnalysisInputs::SetMCSF] sample : ggZZto4tau
[AnalysisInputs::SetMCSF] => MCSF = 0.97851, MCSF_err = 0.25
[AnalysisInputs::SetMCSF] sample : ggHtoZZ
[AnalysisInputs::SetMCSF] => MCSF = 0.97851, MCSF_err = 0.25
[AnalysisInputs::SetMCSF] sample : WGtoLNuG
[AnalysisInputs::SetMCSF] => MCSF = 1, MCSF_err = 0.0752381
[AnalysisInputs::SetMCSF] sample : WGtoLNuG_weighted
[AnalysisInputs::SetMCSF] => MCSF = 1, MCSF_err = 0.0752381
[AnalysisInputs::SetCalculatedSysts] Get Systematics from /data8/Users/jskim/HN_dilepton_plotter/data/v8-0-7.37_Approved/Syst.txt
[AnalysisInputs::SetCalculatedSysts] source : Luminosity
[AnalysisInputs::SetCalculatedSysts] => % sysematic = 0.025
[AnalysisInputs::SetCalculatedSysts] source : FakeLooseID
[AnalysisInputs::SetCalculatedSysts] => % sysematic = 0.3
[AnalysisInputs::SetCalculatedSysts] source : ChrageFlipSyst
[AnalysisInputs::SetCalculatedSysts] => % sysematic = 0.16
[CutRangeInfo::ReadCutCard] Get Cutcard from /data8/Users/jskim/HN_dilepton_plotter/data/v8-0-7.37_Approved/CutOpCard/RunDirectory/Cards_MuEl_Bin1/HNMuEl_250.txt
Central	9.87341	1.19913	0
_MuonEn_up	9.94762	1.19913	0
_MuonEn_down	9.81929	1.19913	0
_MuonIDSF_up	10.047	1.19913	0
_MuonIDSF_down	9.71434	1.19913	0
_ElectronEn_up	9.9297	1.19913	0
_ElectronEn_down	9.79698	1.19913	0
_ElectronIDSF_up	10.0712	1.19913	0
_ElectronIDSF_down	9.65053	1.19913	0
_TriggerSF_up	9.82791	1.19913	0
_TriggerSF_down	9.88171	1.19913	0
_PU_up	9.66072	1.19913	0
_PU_down	10.0579	1.19913	0
_JetEn_up	9.70624	1.19913	0
_JetEn_down	10.1449	1.19913	0
_JetRes_up	9.91361	1.19913	0
_JetRes_down	9.97536	1.19913	0
_Unclustered_up	9.90973	1.19913	0
_Unclustered_down	10.371	1.19913	0
_BTagSFEff_up	9.87801	1.19913	0
_BTagSFEff_down	9.89882	1.19913	0
_BTagSFMiss_up	9.26321	1.19913	0
_BTagSFMiss_down	9.87699	1.19913	0
_JetMass_up	9.75212	1.19913	0
_JetMass_down	9.87835	1.19913	0
_JetMassRes_up	9.88232	1.19913	0
_JetMassRes_down	9.867	1.19913	0
_Tau21_up	9.87294	1.19913	0
_Tau21_down	9.88427	1.19913	0

################ Sources ################
Source	SystTotal	SystPrompt	SystFake	Signal
Stat 13.45 14.34  38.52  -nan  1.11
Lumi 2.23  2.50 -  -  2.50
PDF  -  -  -  -  5.00
MuonPt  0.59 0.66  -  -  0.22
MuonID  1.50 1.69  -  -  1.89
ElectronE  0.61 0.68  -  -  0.42
ElectronID  1.90 2.13  -  -  1.55
Trigger  0.30 0.33  -  -  0.15
PU  1.80 2.02  -  -  1.70
JES  2.04 2.28  -  -  1.14
JER  0.70 0.78  -  -  1.33
Uncl  3.19 3.57  -  -  1.17
BEff  0.16 0.18  -  -  0.29
BMiss  3.90 4.37  -  -  0.44
JMS  0.78 0.87  -  -  0.11
JMR  0.07 0.08  -  -  0.10
Tau21  0.07 0.08  -  -  0.06
MCNorm 14.57  16.34 -  -  -
Fake 3.25  -  30.00 - -
CF 0.00  -  -  -nan -
Total Systematic 16.38 18.01  30.00  -nan  6.72

Total Background	11.073
- Prompt	9.873
- Fake	1.199
- CF	0.000
- Obs	9.000

####### Result #######
Signal Eff	0.089008
11.072535 1.211994
4.335041 1.068072
