
Processing CyclesForMixingLimit_MuEl_Bin1/HNMuEl_600.C...
[AnalysisInputs::SetMCSF] Get MC SF from /data8/Users/jskim/HN_dilepton_plotter/data/v8-0-7.37_ForApproval/MCSF.txt
[AnalysisInputs::SetMCSF] sample : VVV
[AnalysisInputs::SetMCSF] => MCSF = 1, MCSF_err = 0.5
[AnalysisInputs::SetMCSF] sample : WWW
[AnalysisInputs::SetMCSF] => MCSF = 1, MCSF_err = 0.5
[AnalysisInputs::SetMCSF] sample : WWZ
[AnalysisInputs::SetMCSF] => MCSF = 1, MCSF_err = 0.5
[AnalysisInputs::SetMCSF] sample : WZZ
[AnalysisInputs::SetMCSF] => MCSF = 1, MCSF_err = 0.5
[AnalysisInputs::SetMCSF] sample : ZZZ
[AnalysisInputs::SetMCSF] => MCSF = 1, MCSF_err = 0.5
[AnalysisInputs::SetMCSF] sample : ttV
[AnalysisInputs::SetMCSF] => MCSF = 1, MCSF_err = 0.5
[AnalysisInputs::SetMCSF] sample : ttW
[AnalysisInputs::SetMCSF] => MCSF = 1, MCSF_err = 0.5
[AnalysisInputs::SetMCSF] sample : ttZ
[AnalysisInputs::SetMCSF] => MCSF = 1, MCSF_err = 0.5
[AnalysisInputs::SetMCSF] sample : ttH_nonbb
[AnalysisInputs::SetMCSF] => MCSF = 1, MCSF_err = 0.5
[AnalysisInputs::SetMCSF] sample : top
[AnalysisInputs::SetMCSF] => MCSF = 1, MCSF_err = 0.5
[AnalysisInputs::SetMCSF] sample : WWTo2L2Nu_DS
[AnalysisInputs::SetMCSF] => MCSF = 1, MCSF_err = 0.5
[AnalysisInputs::SetMCSF] sample : WpWpEWK
[AnalysisInputs::SetMCSF] => MCSF = 1.3062, MCSF_err = 0.5
[AnalysisInputs::SetMCSF] sample : WpWpQCD
[AnalysisInputs::SetMCSF] => MCSF = 1.70026, MCSF_err = 0.5
[AnalysisInputs::SetMCSF] sample : WZTo3LNu_mllmin01
[AnalysisInputs::SetMCSF] => MCSF = 0.65, MCSF_err = 0.06
[AnalysisInputs::SetMCSF] sample : WZTo3LNu_powheg
[AnalysisInputs::SetMCSF] => MCSF = 1.05149, MCSF_err = 0.064601
[AnalysisInputs::SetMCSF] sample : ZGto2LG
[AnalysisInputs::SetMCSF] => MCSF = 1.09319, MCSF_err = 0.0752381
[AnalysisInputs::SetMCSF] sample : ZZTo4L_powheg
[AnalysisInputs::SetMCSF] => MCSF = 0.97851, MCSF_err = 0.25
[AnalysisInputs::SetMCSF] sample : ggZZto2e2mu
[AnalysisInputs::SetMCSF] => MCSF = 0.97851, MCSF_err = 0.25
[AnalysisInputs::SetMCSF] sample : ggZZto2e2nu
[AnalysisInputs::SetMCSF] => MCSF = 0.97851, MCSF_err = 0.25
[AnalysisInputs::SetMCSF] sample : ggZZto2e2tau
[AnalysisInputs::SetMCSF] => MCSF = 0.97851, MCSF_err = 0.25
[AnalysisInputs::SetMCSF] sample : ggZZto2mu2nu
[AnalysisInputs::SetMCSF] => MCSF = 0.97851, MCSF_err = 0.25
[AnalysisInputs::SetMCSF] sample : ggZZto2mu2tau
[AnalysisInputs::SetMCSF] => MCSF = 0.97851, MCSF_err = 0.25
[AnalysisInputs::SetMCSF] sample : ggZZto4e
[AnalysisInputs::SetMCSF] => MCSF = 0.97851, MCSF_err = 0.25
[AnalysisInputs::SetMCSF] sample : ggZZto4mu
[AnalysisInputs::SetMCSF] => MCSF = 0.97851, MCSF_err = 0.25
[AnalysisInputs::SetMCSF] sample : ggZZto4tau
[AnalysisInputs::SetMCSF] => MCSF = 0.97851, MCSF_err = 0.25
[AnalysisInputs::SetMCSF] sample : ggHtoZZ
[AnalysisInputs::SetMCSF] => MCSF = 0.97851, MCSF_err = 0.25
[AnalysisInputs::SetMCSF] sample : WGtoLNuG
[AnalysisInputs::SetMCSF] => MCSF = 1, MCSF_err = 0.0752381
[AnalysisInputs::SetMCSF] sample : WGtoLNuG_weighted
[AnalysisInputs::SetMCSF] => MCSF = 1, MCSF_err = 0.0752381
[AnalysisInputs::SetCalculatedSysts] Get Systematics from /data8/Users/jskim/HN_dilepton_plotter/data/v8-0-7.37_ForApproval/Syst.txt
[AnalysisInputs::SetCalculatedSysts] source : Luminosity
[AnalysisInputs::SetCalculatedSysts] => % sysematic = 0.025
[AnalysisInputs::SetCalculatedSysts] source : FakeLooseID
[AnalysisInputs::SetCalculatedSysts] => % sysematic = 0.3
[AnalysisInputs::SetCalculatedSysts] source : ChrageFlipSyst
[AnalysisInputs::SetCalculatedSysts] => % sysematic = 0.16
[CutRangeInfo::ReadCutCard] Get Cutcard from /data8/Users/jskim/HN_dilepton_plotter/data/v8-0-7.37_ForApproval/CutOpCard/RunDirectory/Cards_MuEl_Bin1/HNMuEl_600.txt
Central	1.15996	0	0
_MuonEn_up	1.16024	0	0
_MuonEn_down	1.17041	0	0
_MuonIDSF_up	1.18971	0	0
_MuonIDSF_down	1.14588	0	0
_ElectronEn_up	1.16628	0	0
_ElectronEn_down	1.15656	0	0
_ElectronIDSF_up	1.20055	0	0
_ElectronIDSF_down	1.12821	0	0
_TriggerSF_up	1.17037	0	0
_TriggerSF_down	1.16629	0	0
_PU_up	1.10038	0	0
_PU_down	1.21857	0	0
_JetEn_up	1.4957	0	0
_JetEn_down	1.79571	0	0
_JetRes_up	1.17898	0	0
_JetRes_down	1.13811	0	0
_Unclustered_up	1.22719	0	0
_Unclustered_down	1.24112	0	0
_BTagSFEff_up	1.16839	0	0
_BTagSFEff_down	1.16835	0	0
_BTagSFMiss_up	0.622265	0	0
_BTagSFMiss_down	1.16927	0	0
_JetMass_up	1.16629	0	0
_JetMass_down	1.16629	0	0
_JetMassRes_up	1.16629	0	0
_JetMassRes_down	1.16629	0	0
_Tau21_up	1.16434	0	0
_Tau21_down	1.16629	0	0

################ Sources ################
Source	SystTotal	SystPrompt	SystFake	Signal
Stat 46.90 46.90  -nan  -nan  1.40
Lumi 2.50  2.50 -  -  2.50
PDF  -  -  -  -  5.00
MuonPt  0.64 0.64  -  -  0.29
MuonID  2.01 2.01  -  -  1.64
ElectronE  0.44 0.44  -  -  0.36
ElectronID  3.14 3.14  -  -  1.90
Trigger  0.74 0.74  -  -  0.37
PU  5.09 5.09  -  -  0.76
JES  43.83 43.83  -  -  1.81
JER  1.77 1.77  -  -  0.55
Uncl  6.42 6.42  -  -  0.83
BEff  0.73 0.73  -  -  0.33
BMiss  32.78 32.78  -  -  0.60
JMS  0.55 0.55  -  -  0.24
JMR  0.55 0.55  -  -  0.31
Tau21  0.47 0.47  -  -  0.23
MCNorm 30.24  30.24 -  -  -
Fake 0.00  -  -nan - -
CF 0.00  -  -  -nan -
Total Systematic 63.27 63.27  -nan  -nan  6.59

Total Background	1.160
- Prompt	1.160
- Fake	0.000
- CF	0.000
- Obs	4.000

####### Result #######
Signal Eff	0.058864
1.159963 1.787567
0.094499 1.067357
