
Processing CyclesForMixingLimit_MuEl_Bin1/HNMuEl_1200_VBF.C...
[AnalysisInputs::SetMCSF] Get MC SF from /data8/Users/jskim/HN_dilepton_plotter/data/v8-0-7.37_ForApproval/MCSF.txt
[AnalysisInputs::SetMCSF] sample : VVV
[AnalysisInputs::SetMCSF] => MCSF = 1, MCSF_err = 0.5
[AnalysisInputs::SetMCSF] sample : WWW
[AnalysisInputs::SetMCSF] => MCSF = 1, MCSF_err = 0.5
[AnalysisInputs::SetMCSF] sample : WWZ
[AnalysisInputs::SetMCSF] => MCSF = 1, MCSF_err = 0.5
[AnalysisInputs::SetMCSF] sample : WZZ
[AnalysisInputs::SetMCSF] => MCSF = 1, MCSF_err = 0.5
[AnalysisInputs::SetMCSF] sample : ZZZ
[AnalysisInputs::SetMCSF] => MCSF = 1, MCSF_err = 0.5
[AnalysisInputs::SetMCSF] sample : ttV
[AnalysisInputs::SetMCSF] => MCSF = 1, MCSF_err = 0.5
[AnalysisInputs::SetMCSF] sample : ttW
[AnalysisInputs::SetMCSF] => MCSF = 1, MCSF_err = 0.5
[AnalysisInputs::SetMCSF] sample : ttZ
[AnalysisInputs::SetMCSF] => MCSF = 1, MCSF_err = 0.5
[AnalysisInputs::SetMCSF] sample : ttH_nonbb
[AnalysisInputs::SetMCSF] => MCSF = 1, MCSF_err = 0.5
[AnalysisInputs::SetMCSF] sample : top
[AnalysisInputs::SetMCSF] => MCSF = 1, MCSF_err = 0.5
[AnalysisInputs::SetMCSF] sample : WWTo2L2Nu_DS
[AnalysisInputs::SetMCSF] => MCSF = 1, MCSF_err = 0.5
[AnalysisInputs::SetMCSF] sample : WpWpEWK
[AnalysisInputs::SetMCSF] => MCSF = 1.3062, MCSF_err = 0.5
[AnalysisInputs::SetMCSF] sample : WpWpQCD
[AnalysisInputs::SetMCSF] => MCSF = 1.70026, MCSF_err = 0.5
[AnalysisInputs::SetMCSF] sample : WZTo3LNu_mllmin01
[AnalysisInputs::SetMCSF] => MCSF = 0.65, MCSF_err = 0.06
[AnalysisInputs::SetMCSF] sample : WZTo3LNu_powheg
[AnalysisInputs::SetMCSF] => MCSF = 1.05149, MCSF_err = 0.064601
[AnalysisInputs::SetMCSF] sample : ZGto2LG
[AnalysisInputs::SetMCSF] => MCSF = 1.09319, MCSF_err = 0.0752381
[AnalysisInputs::SetMCSF] sample : ZZTo4L_powheg
[AnalysisInputs::SetMCSF] => MCSF = 0.97851, MCSF_err = 0.25
[AnalysisInputs::SetMCSF] sample : ggZZto2e2mu
[AnalysisInputs::SetMCSF] => MCSF = 0.97851, MCSF_err = 0.25
[AnalysisInputs::SetMCSF] sample : ggZZto2e2nu
[AnalysisInputs::SetMCSF] => MCSF = 0.97851, MCSF_err = 0.25
[AnalysisInputs::SetMCSF] sample : ggZZto2e2tau
[AnalysisInputs::SetMCSF] => MCSF = 0.97851, MCSF_err = 0.25
[AnalysisInputs::SetMCSF] sample : ggZZto2mu2nu
[AnalysisInputs::SetMCSF] => MCSF = 0.97851, MCSF_err = 0.25
[AnalysisInputs::SetMCSF] sample : ggZZto2mu2tau
[AnalysisInputs::SetMCSF] => MCSF = 0.97851, MCSF_err = 0.25
[AnalysisInputs::SetMCSF] sample : ggZZto4e
[AnalysisInputs::SetMCSF] => MCSF = 0.97851, MCSF_err = 0.25
[AnalysisInputs::SetMCSF] sample : ggZZto4mu
[AnalysisInputs::SetMCSF] => MCSF = 0.97851, MCSF_err = 0.25
[AnalysisInputs::SetMCSF] sample : ggZZto4tau
[AnalysisInputs::SetMCSF] => MCSF = 0.97851, MCSF_err = 0.25
[AnalysisInputs::SetMCSF] sample : ggHtoZZ
[AnalysisInputs::SetMCSF] => MCSF = 0.97851, MCSF_err = 0.25
[AnalysisInputs::SetMCSF] sample : WGtoLNuG
[AnalysisInputs::SetMCSF] => MCSF = 1, MCSF_err = 0.0752381
[AnalysisInputs::SetMCSF] sample : WGtoLNuG_weighted
[AnalysisInputs::SetMCSF] => MCSF = 1, MCSF_err = 0.0752381
[AnalysisInputs::SetCalculatedSysts] Get Systematics from /data8/Users/jskim/HN_dilepton_plotter/data/v8-0-7.37_ForApproval/Syst.txt
[AnalysisInputs::SetCalculatedSysts] source : Luminosity
[AnalysisInputs::SetCalculatedSysts] => % sysematic = 0.025
[AnalysisInputs::SetCalculatedSysts] source : FakeLooseID
[AnalysisInputs::SetCalculatedSysts] => % sysematic = 0.3
[AnalysisInputs::SetCalculatedSysts] source : ChrageFlipSyst
[AnalysisInputs::SetCalculatedSysts] => % sysematic = 0.16
[CutRangeInfo::ReadCutCard] Get Cutcard from /data8/Users/jskim/HN_dilepton_plotter/data/v8-0-7.37_ForApproval/CutOpCard/RunDirectory/Cards_MuEl_Bin1/HNMuEl_1200.txt
Central	0.843556	0.120365	0
_MuonEn_up	0.840041	0.120365	0
_MuonEn_down	0.858311	0.120365	0
_MuonIDSF_up	0.865221	0.120365	0
_MuonIDSF_down	0.810995	0.120365	0
_ElectronEn_up	0.85191	0.120365	0
_ElectronEn_down	0.84413	0.120365	0
_ElectronIDSF_up	0.876857	0.120365	0
_ElectronIDSF_down	0.815159	0.120365	0
_TriggerSF_up	0.851484	0.120365	0
_TriggerSF_down	0.84988	0.120365	0
_PU_up	0.822886	0.120365	0
_PU_down	0.872521	0.120365	0
_JetEn_up	0.917114	0.120365	0
_JetEn_down	1.41066	0.120365	0
_JetRes_up	0.862711	0.120365	0
_JetRes_down	0.830088	0.120365	0
_Unclustered_up	0.84613	0.120365	0
_Unclustered_down	0.864687	0.120365	0
_BTagSFEff_up	0.847256	0.120365	0
_BTagSFEff_down	0.84988	0.120365	0
_BTagSFMiss_up	0.84988	0.120365	0
_BTagSFMiss_down	0.84988	0.120365	0
_JetMass_up	0.84988	0.120365	0
_JetMass_down	0.842799	0.120365	0
_JetMassRes_up	0.84988	0.120365	0
_JetMassRes_down	0.84988	0.120365	0
_Tau21_up	0.852027	0.120365	0
_Tau21_down	0.84988	0.120365	0

################ Sources ################
Source	SystTotal	SystPrompt	SystFake	Signal
Stat 54.67 56.67  184.23  -nan  3.90
Lumi 2.19  2.50 -  -  2.50
PDF  -  -  -  -  2.60
MuonPt  1.11 1.27  -  -  0.94
MuonID  2.87 3.28  -  -  1.38
ElectronE  0.61 0.70  -  -  0.53
ElectronID  3.21 3.67  -  -  1.98
Trigger  0.74 0.85  -  -  0.53
PU  2.61 2.98  -  -  0.68
JES  41.95 47.94  -  -  0.50
JER  1.72 1.96  -  -  0.93
Uncl  1.56 1.78  -  -  0.31
BEff  0.54 0.61  -  -  0.45
BMiss  0.66 0.75  -  -  0.76
JMS  0.47 0.53  -  -  0.10
JMR  0.66 0.75  -  -  0.54
Tau21  0.78 0.89  -  -  0.36
MCNorm 20.82  23.79 -  -  -
Fake 3.75  -  30.00 - -
CF 0.00  -  -  -nan -
Total Systematic 47.40 53.99  30.00  -nan  4.81

Total Background	0.964
- Prompt	0.844
- Fake	0.120
- CF	0.000
- Obs	1.000

####### Result #######
Signal Eff	0.043177
0.963922 1.723559
0.005632 1.061917
