
Processing HNElEl_800.C...
[AnalysisInputs::SetMCSF] Get MC SF from /home/jskim/Documents/trilepton_13TeV/DiLepton/data/v8-0-7.32/MCSF.txt
[AnalysisInputs::SetMCSF] sample : VVV
[AnalysisInputs::SetMCSF] => MCSF = 1, MCSF_err = 0.5
[AnalysisInputs::SetMCSF] sample : WWW
[AnalysisInputs::SetMCSF] => MCSF = 1, MCSF_err = 0.5
[AnalysisInputs::SetMCSF] sample : WWZ
[AnalysisInputs::SetMCSF] => MCSF = 1, MCSF_err = 0.5
[AnalysisInputs::SetMCSF] sample : WZZ
[AnalysisInputs::SetMCSF] => MCSF = 1, MCSF_err = 0.5
[AnalysisInputs::SetMCSF] sample : ZZZ
[AnalysisInputs::SetMCSF] => MCSF = 1, MCSF_err = 0.5
[AnalysisInputs::SetMCSF] sample : ttV
[AnalysisInputs::SetMCSF] => MCSF = 1, MCSF_err = 0.5
[AnalysisInputs::SetMCSF] sample : ttW
[AnalysisInputs::SetMCSF] => MCSF = 1, MCSF_err = 0.5
[AnalysisInputs::SetMCSF] sample : ttZ
[AnalysisInputs::SetMCSF] => MCSF = 1, MCSF_err = 0.5
[AnalysisInputs::SetMCSF] sample : ttH_nonbb
[AnalysisInputs::SetMCSF] => MCSF = 1, MCSF_err = 0.5
[AnalysisInputs::SetMCSF] sample : top
[AnalysisInputs::SetMCSF] => MCSF = 1, MCSF_err = 0.5
[AnalysisInputs::SetMCSF] sample : WZTo3LNu_powheg
[AnalysisInputs::SetMCSF] => MCSF = 0.9878, MCSF_err = 0.0890059
[AnalysisInputs::SetMCSF] sample : ZGto2LG
[AnalysisInputs::SetMCSF] => MCSF = 0.771776, MCSF_err = 0.152815
[AnalysisInputs::SetMCSF] sample : ZZTo4L_powheg
[AnalysisInputs::SetMCSF] => MCSF = 0.929269, MCSF_err = 0.103637
[AnalysisInputs::SetMCSF] sample : ggZZto2e2mu
[AnalysisInputs::SetMCSF] => MCSF = 0.929269, MCSF_err = 0.103637
[AnalysisInputs::SetMCSF] sample : ggZZto2e2nu
[AnalysisInputs::SetMCSF] => MCSF = 0.929269, MCSF_err = 0.103637
[AnalysisInputs::SetMCSF] sample : ggZZto2e2tau
[AnalysisInputs::SetMCSF] => MCSF = 0.929269, MCSF_err = 0.103637
[AnalysisInputs::SetMCSF] sample : ggZZto2mu2nu
[AnalysisInputs::SetMCSF] => MCSF = 0.929269, MCSF_err = 0.103637
[AnalysisInputs::SetMCSF] sample : ggZZto2mu2tau
[AnalysisInputs::SetMCSF] => MCSF = 0.929269, MCSF_err = 0.103637
[AnalysisInputs::SetMCSF] sample : ggZZto4e
[AnalysisInputs::SetMCSF] => MCSF = 0.929269, MCSF_err = 0.103637
[AnalysisInputs::SetMCSF] sample : ggZZto4mu
[AnalysisInputs::SetMCSF] => MCSF = 0.929269, MCSF_err = 0.103637
[AnalysisInputs::SetMCSF] sample : ggZZto4tau
[AnalysisInputs::SetMCSF] => MCSF = 0.929269, MCSF_err = 0.103637
[AnalysisInputs::SetCalculatedSysts] Get Systematics from /home/jskim/Documents/trilepton_13TeV/DiLepton/data/v8-0-7.32/Syst.txt
[AnalysisInputs::SetCalculatedSysts] source : Luminosity
[AnalysisInputs::SetCalculatedSysts] => % sysematic = 0.025
[AnalysisInputs::SetCalculatedSysts] source : FakeLooseID
[AnalysisInputs::SetCalculatedSysts] => % sysematic = 0.3
[AnalysisInputs::SetCalculatedSysts] source : ChrageFlipSyst
[AnalysisInputs::SetCalculatedSysts] => % sysematic = 0.21
[CutRangeInfo::ReadCutCard] Get Cutcard from /home/jskim/Documents/trilepton_13TeV/DiLepton/data/v8-0-7.32/CutOpCard/OPTIMIZED_171107_ElEl_HighMass/HNElEl_800.txt
prompt_tau21_syst = 0
signal_tau21_syst = 0
Central	0.546769	0	0.198008
_MuonEn_up	0.551512	0	0.198008
_MuonEn_down	0.559721	0	0.198008
_MuonIDSF_up	0.556243	0	0.198008
_MuonIDSF_down	0.544545	0	0.198008
_ElectronEn_up	0.642595	0	0.198008
_ElectronEn_down	0.544825	0	0.198008
_ElectronIDSF_up	0.565378	0	0.198008
_ElectronIDSF_down	0.525562	0	0.198008
_TriggerSF_up	0.548684	0	0.198008
_TriggerSF_down	0.548972	0	0.198008
_PU_up	0.503314	0	0.198008
_PU_down	0.597551	0	0.198008
_JetEn_up	0.700829	0	0.198008
_JetEn_down	0.645006	0	0.198008
_JetRes_up	0.545209	0	0.198008
_JetRes_down	0.548736	0	0.198008
_Unclustered_up	0.587168	0	0.198008
_Unclustered_down	0.59205	0	0.198008
_BTagSFEff_up	0.545239	0	0.198008
_BTagSFEff_down	0.548495	0	0.198008
_BTagSFMiss_up	0.548469	0	0.198008
_BTagSFMiss_down	0.551384	0	0.198008
_JetMass_up	0.551416	0	0.198008
_JetMass_down	0.551513	0	0.198008
_JetMassRes_up	0.557169	0	0.198008
_JetMassRes_down	0.551433	0	0.198008

################ Sources ################
Source	SystTotal	SystPrompt	SystFake	Signal
Stat 21.09 28.73  -nan  12.53  2.31
Lumi 1.84  2.50 -  -  2.50
PDF  -  -  -  -  8.53
MuonPt  1.31 1.78  -  -  0.49
MuonID  0.92 1.26  -  -  0.39
ElectronE  9.10 12.40  -  -  0.28
ElectronID  2.68 3.65  -  -  4.27
Trigger  0.28 0.38  -  -  0.37
PU  6.35 8.64  -  -  1.42
JES  17.35 23.63  -  -  1.53
JER  0.24 0.32  -  -  0.55
Uncl  5.76 7.85  -  -  0.95
BEff  0.22 0.30  -  -  0.61
BMiss  0.47 0.64  -  -  0.77
JMS  0.63 0.86  -  -  0.70
JMR  1.08 1.47  -  -  0.60
Tau21 0.00  0.00 -  -  0.00
MCNorm 6.93  9.43 -  -  -
Fake 0.00  -  -nan - -
CF 5.58  -  -  21.00 -
Total Systematic 22.81 31.07  -nan  21.00  10.25

Total Background	0.745
- Prompt	0.547
- Fake	0.000
- CF	0.198

####### Result #######
Signal Eff	0.043850
0.744777 1.317406
0.019950 1.105123
