
Processing HNElEl_1100.C...
[AnalysisInputs::SetMCSF] Get MC SF from /home/jskim/Documents/trilepton_13TeV/DiLepton/data/v8-0-7.32/MCSF.txt
[AnalysisInputs::SetMCSF] sample : VVV
[AnalysisInputs::SetMCSF] => MCSF = 1, MCSF_err = 0.5
[AnalysisInputs::SetMCSF] sample : WWW
[AnalysisInputs::SetMCSF] => MCSF = 1, MCSF_err = 0.5
[AnalysisInputs::SetMCSF] sample : WWZ
[AnalysisInputs::SetMCSF] => MCSF = 1, MCSF_err = 0.5
[AnalysisInputs::SetMCSF] sample : WZZ
[AnalysisInputs::SetMCSF] => MCSF = 1, MCSF_err = 0.5
[AnalysisInputs::SetMCSF] sample : ZZZ
[AnalysisInputs::SetMCSF] => MCSF = 1, MCSF_err = 0.5
[AnalysisInputs::SetMCSF] sample : ttV
[AnalysisInputs::SetMCSF] => MCSF = 1, MCSF_err = 0.5
[AnalysisInputs::SetMCSF] sample : ttW
[AnalysisInputs::SetMCSF] => MCSF = 1, MCSF_err = 0.5
[AnalysisInputs::SetMCSF] sample : ttZ
[AnalysisInputs::SetMCSF] => MCSF = 1, MCSF_err = 0.5
[AnalysisInputs::SetMCSF] sample : ttH_nonbb
[AnalysisInputs::SetMCSF] => MCSF = 1, MCSF_err = 0.5
[AnalysisInputs::SetMCSF] sample : top
[AnalysisInputs::SetMCSF] => MCSF = 1, MCSF_err = 0.5
[AnalysisInputs::SetMCSF] sample : WZTo3LNu_powheg
[AnalysisInputs::SetMCSF] => MCSF = 0.9878, MCSF_err = 0.0890059
[AnalysisInputs::SetMCSF] sample : ZGto2LG
[AnalysisInputs::SetMCSF] => MCSF = 0.771776, MCSF_err = 0.152815
[AnalysisInputs::SetMCSF] sample : ZZTo4L_powheg
[AnalysisInputs::SetMCSF] => MCSF = 0.929269, MCSF_err = 0.103637
[AnalysisInputs::SetMCSF] sample : ggZZto2e2mu
[AnalysisInputs::SetMCSF] => MCSF = 0.929269, MCSF_err = 0.103637
[AnalysisInputs::SetMCSF] sample : ggZZto2e2nu
[AnalysisInputs::SetMCSF] => MCSF = 0.929269, MCSF_err = 0.103637
[AnalysisInputs::SetMCSF] sample : ggZZto2e2tau
[AnalysisInputs::SetMCSF] => MCSF = 0.929269, MCSF_err = 0.103637
[AnalysisInputs::SetMCSF] sample : ggZZto2mu2nu
[AnalysisInputs::SetMCSF] => MCSF = 0.929269, MCSF_err = 0.103637
[AnalysisInputs::SetMCSF] sample : ggZZto2mu2tau
[AnalysisInputs::SetMCSF] => MCSF = 0.929269, MCSF_err = 0.103637
[AnalysisInputs::SetMCSF] sample : ggZZto4e
[AnalysisInputs::SetMCSF] => MCSF = 0.929269, MCSF_err = 0.103637
[AnalysisInputs::SetMCSF] sample : ggZZto4mu
[AnalysisInputs::SetMCSF] => MCSF = 0.929269, MCSF_err = 0.103637
[AnalysisInputs::SetMCSF] sample : ggZZto4tau
[AnalysisInputs::SetMCSF] => MCSF = 0.929269, MCSF_err = 0.103637
[AnalysisInputs::SetCalculatedSysts] Get Systematics from /home/jskim/Documents/trilepton_13TeV/DiLepton/data/v8-0-7.32/Syst.txt
[AnalysisInputs::SetCalculatedSysts] source : Luminosity
[AnalysisInputs::SetCalculatedSysts] => % sysematic = 0.025
[AnalysisInputs::SetCalculatedSysts] source : FakeLooseID
[AnalysisInputs::SetCalculatedSysts] => % sysematic = 0.3
[AnalysisInputs::SetCalculatedSysts] source : ChrageFlipSyst
[AnalysisInputs::SetCalculatedSysts] => % sysematic = 0.21
[CutRangeInfo::ReadCutCard] Get Cutcard from /home/jskim/Documents/trilepton_13TeV/DiLepton/data/v8-0-7.32/CutOpCard/OPTIMIZED_171107_ElEl_HighMass/HNElEl_1100.txt
prompt_tau21_syst = 0
signal_tau21_syst = 0
Central	0.551211	0	0.202121
_MuonEn_up	0.555954	0	0.202121
_MuonEn_down	0.564163	0	0.202121
_MuonIDSF_up	0.560685	0	0.202121
_MuonIDSF_down	0.548987	0	0.202121
_ElectronEn_up	0.647038	0	0.202121
_ElectronEn_down	0.549267	0	0.202121
_ElectronIDSF_up	0.570003	0	0.202121
_ElectronIDSF_down	0.529825	0	0.202121
_TriggerSF_up	0.553128	0	0.202121
_TriggerSF_down	0.553414	0	0.202121
_PU_up	0.508052	0	0.202121
_PU_down	0.601591	0	0.202121
_JetEn_up	0.705271	0	0.202121
_JetEn_down	0.649449	0	0.202121
_JetRes_up	0.549651	0	0.202121
_JetRes_down	0.553178	0	0.202121
_Unclustered_up	0.596647	0	0.202121
_Unclustered_down	0.60153	0	0.202121
_BTagSFEff_up	0.549682	0	0.202121
_BTagSFEff_down	0.552937	0	0.202121
_BTagSFMiss_up	0.552911	0	0.202121
_BTagSFMiss_down	0.555826	0	0.202121
_JetMass_up	0.555859	0	0.202121
_JetMass_down	0.555956	0	0.202121
_JetMassRes_up	0.561611	0	0.202121
_JetMassRes_down	0.555875	0	0.202121

################ Sources ################
Source	SystTotal	SystPrompt	SystFake	Signal
Stat 20.86 28.51  -nan  12.44  2.58
Lumi 1.83  2.50 -  -  2.50
PDF  -  -  -  -  8.53
MuonPt  1.29 1.77  -  -  0.12
MuonID  0.91 1.25  -  -  0.56
ElectronE  9.00 12.30  -  -  0.81
ElectronID  2.67 3.65  -  -  4.01
Trigger  0.27 0.37  -  -  0.51
PU  6.23 8.51  -  -  0.71
JES  17.15 23.44  -  -  1.82
JER  0.24 0.32  -  -  0.42
Uncl  6.36 8.70  -  -  0.05
BEff  0.22 0.30  -  -  0.75
BMiss  0.46 0.63  -  -  0.97
JMS  0.62 0.85  -  -  0.81
JMR  1.07 1.46  -  -  0.48
Tau21 0.00  0.00 -  -  0.00
MCNorm 6.85  9.36 -  -  -
Fake 0.00  -  -nan - -
CF 5.63  -  -  21.00 -
Total Systematic 22.72 31.05  -nan  21.00  10.14

Total Background	0.753
- Prompt	0.551
- Fake	0.000
- CF	0.202

####### Result #######
Signal Eff	0.032449
0.753331 1.315323
0.003230 1.104594
