
Processing HNElEl_300.C...
[AnalysisInputs::SetMCSF] Get MC SF from /home/jskim/Documents/trilepton_13TeV/DiLepton/data/v8-0-7.32/MCSF.txt
[AnalysisInputs::SetMCSF] sample : VVV
[AnalysisInputs::SetMCSF] => MCSF = 1, MCSF_err = 0.5
[AnalysisInputs::SetMCSF] sample : WWW
[AnalysisInputs::SetMCSF] => MCSF = 1, MCSF_err = 0.5
[AnalysisInputs::SetMCSF] sample : WWZ
[AnalysisInputs::SetMCSF] => MCSF = 1, MCSF_err = 0.5
[AnalysisInputs::SetMCSF] sample : WZZ
[AnalysisInputs::SetMCSF] => MCSF = 1, MCSF_err = 0.5
[AnalysisInputs::SetMCSF] sample : ZZZ
[AnalysisInputs::SetMCSF] => MCSF = 1, MCSF_err = 0.5
[AnalysisInputs::SetMCSF] sample : ttV
[AnalysisInputs::SetMCSF] => MCSF = 1, MCSF_err = 0.5
[AnalysisInputs::SetMCSF] sample : ttW
[AnalysisInputs::SetMCSF] => MCSF = 1, MCSF_err = 0.5
[AnalysisInputs::SetMCSF] sample : ttZ
[AnalysisInputs::SetMCSF] => MCSF = 1, MCSF_err = 0.5
[AnalysisInputs::SetMCSF] sample : ttH_nonbb
[AnalysisInputs::SetMCSF] => MCSF = 1, MCSF_err = 0.5
[AnalysisInputs::SetMCSF] sample : top
[AnalysisInputs::SetMCSF] => MCSF = 1, MCSF_err = 0.5
[AnalysisInputs::SetMCSF] sample : WZTo3LNu_powheg
[AnalysisInputs::SetMCSF] => MCSF = 0.9878, MCSF_err = 0.0890059
[AnalysisInputs::SetMCSF] sample : ZGto2LG
[AnalysisInputs::SetMCSF] => MCSF = 0.771776, MCSF_err = 0.152815
[AnalysisInputs::SetMCSF] sample : ZZTo4L_powheg
[AnalysisInputs::SetMCSF] => MCSF = 0.929269, MCSF_err = 0.103637
[AnalysisInputs::SetMCSF] sample : ggZZto2e2mu
[AnalysisInputs::SetMCSF] => MCSF = 0.929269, MCSF_err = 0.103637
[AnalysisInputs::SetMCSF] sample : ggZZto2e2nu
[AnalysisInputs::SetMCSF] => MCSF = 0.929269, MCSF_err = 0.103637
[AnalysisInputs::SetMCSF] sample : ggZZto2e2tau
[AnalysisInputs::SetMCSF] => MCSF = 0.929269, MCSF_err = 0.103637
[AnalysisInputs::SetMCSF] sample : ggZZto2mu2nu
[AnalysisInputs::SetMCSF] => MCSF = 0.929269, MCSF_err = 0.103637
[AnalysisInputs::SetMCSF] sample : ggZZto2mu2tau
[AnalysisInputs::SetMCSF] => MCSF = 0.929269, MCSF_err = 0.103637
[AnalysisInputs::SetMCSF] sample : ggZZto4e
[AnalysisInputs::SetMCSF] => MCSF = 0.929269, MCSF_err = 0.103637
[AnalysisInputs::SetMCSF] sample : ggZZto4mu
[AnalysisInputs::SetMCSF] => MCSF = 0.929269, MCSF_err = 0.103637
[AnalysisInputs::SetMCSF] sample : ggZZto4tau
[AnalysisInputs::SetMCSF] => MCSF = 0.929269, MCSF_err = 0.103637
[AnalysisInputs::SetCalculatedSysts] Get Systematics from /home/jskim/Documents/trilepton_13TeV/DiLepton/data/v8-0-7.32/Syst.txt
[AnalysisInputs::SetCalculatedSysts] source : Luminosity
[AnalysisInputs::SetCalculatedSysts] => % sysematic = 0.025
[AnalysisInputs::SetCalculatedSysts] source : FakeLooseID
[AnalysisInputs::SetCalculatedSysts] => % sysematic = 0.3
[AnalysisInputs::SetCalculatedSysts] source : ChrageFlipSyst
[AnalysisInputs::SetCalculatedSysts] => % sysematic = 0.21
[CutRangeInfo::ReadCutCard] Get Cutcard from /home/jskim/Documents/trilepton_13TeV/DiLepton/data/v8-0-7.32/CutOpCard/OPTIMIZED_171107_ElEl_HighMass/HNElEl_300.txt
prompt_tau21_syst = 0
signal_tau21_syst = 0
Central	4.30588	0.801271	1.24119
_MuonEn_up	4.31336	0.801271	1.24119
_MuonEn_down	4.39454	0.801271	1.24119
_MuonIDSF_up	4.19683	0.801271	1.24119
_MuonIDSF_down	4.66146	0.801271	1.24119
_ElectronEn_up	4.26704	0.801271	1.24119
_ElectronEn_down	4.1775	0.801271	1.24119
_ElectronIDSF_up	4.42352	0.801271	1.24119
_ElectronIDSF_down	4.19304	0.801271	1.24119
_TriggerSF_up	4.65496	0.801271	1.24119
_TriggerSF_down	4.31492	0.801271	1.24119
_PU_up	4.29919	0.801271	1.24119
_PU_down	4.15953	0.801271	1.24119
_JetEn_up	4.33336	0.801271	1.24119
_JetEn_down	4.34369	0.801271	1.24119
_JetRes_up	4.27134	0.801271	1.24119
_JetRes_down	4.01489	0.801271	1.24119
_Unclustered_up	4.50919	0.801271	1.24119
_Unclustered_down	4.42657	0.801271	1.24119
_BTagSFEff_up	4.30818	0.801271	1.24119
_BTagSFEff_down	4.32075	0.801271	1.24119
_BTagSFMiss_up	4.24909	0.801271	1.24119
_BTagSFMiss_down	4.39168	0.801271	1.24119
_JetMass_up	4.31996	0.801271	1.24119
_JetMass_down	4.33179	0.801271	1.24119
_JetMassRes_up	4.30079	0.801271	1.24119
_JetMassRes_down	4.29646	0.801271	1.24119

################ Sources ################
Source	SystTotal	SystPrompt	SystFake	Signal
Stat 14.42 20.60  28.27  3.96  1.58
Lumi 1.70  2.50 -  -  2.50
PDF  -  -  -  -  8.53
MuonPt  0.99 1.46  -  -  0.37
MuonID  4.14 6.11  -  -  0.15
ElectronE  1.49 2.20  -  -  0.82
ElectronID  1.82 2.68  -  -  4.04
Trigger  3.89 5.73  -  -  0.14
PU  1.63 2.41  -  -  1.94
JES  0.52 0.77  -  -  1.01
JER  3.26 4.81  -  -  0.96
Uncl  2.63 3.88  -  -  1.12
BEff  0.17 0.25  -  -  0.42
BMiss  1.15 1.69  -  -  0.85
JMS  0.33 0.48  -  -  0.36
JMR  0.12 0.18  -  -  0.20
Tau21 0.00  0.00 -  -  0.00
MCNorm 7.19  10.60 -  -  -
Fake 3.79  -  30.00 - -
CF 4.11  -  -  21.00 -
Total Systematic 11.39 15.83  30.00  21.00  10.21

Total Background	6.348
- Prompt	4.306
- Fake	0.801
- CF	1.241

####### Result #######
Signal Eff	0.087000
6.348342 1.188432
2.034881 1.103265
