
Processing HNElEl_600.C...
[AnalysisInputs::SetMCSF] Get MC SF from /home/jskim/Documents/trilepton_13TeV/DiLepton/data/v8-0-7.32/MCSF.txt
[AnalysisInputs::SetMCSF] sample : VVV
[AnalysisInputs::SetMCSF] => MCSF = 1, MCSF_err = 0.5
[AnalysisInputs::SetMCSF] sample : WWW
[AnalysisInputs::SetMCSF] => MCSF = 1, MCSF_err = 0.5
[AnalysisInputs::SetMCSF] sample : WWZ
[AnalysisInputs::SetMCSF] => MCSF = 1, MCSF_err = 0.5
[AnalysisInputs::SetMCSF] sample : WZZ
[AnalysisInputs::SetMCSF] => MCSF = 1, MCSF_err = 0.5
[AnalysisInputs::SetMCSF] sample : ZZZ
[AnalysisInputs::SetMCSF] => MCSF = 1, MCSF_err = 0.5
[AnalysisInputs::SetMCSF] sample : ttV
[AnalysisInputs::SetMCSF] => MCSF = 1, MCSF_err = 0.5
[AnalysisInputs::SetMCSF] sample : ttW
[AnalysisInputs::SetMCSF] => MCSF = 1, MCSF_err = 0.5
[AnalysisInputs::SetMCSF] sample : ttZ
[AnalysisInputs::SetMCSF] => MCSF = 1, MCSF_err = 0.5
[AnalysisInputs::SetMCSF] sample : ttH_nonbb
[AnalysisInputs::SetMCSF] => MCSF = 1, MCSF_err = 0.5
[AnalysisInputs::SetMCSF] sample : top
[AnalysisInputs::SetMCSF] => MCSF = 1, MCSF_err = 0.5
[AnalysisInputs::SetMCSF] sample : WZTo3LNu_powheg
[AnalysisInputs::SetMCSF] => MCSF = 0.9878, MCSF_err = 0.0890059
[AnalysisInputs::SetMCSF] sample : ZGto2LG
[AnalysisInputs::SetMCSF] => MCSF = 0.771776, MCSF_err = 0.152815
[AnalysisInputs::SetMCSF] sample : ZZTo4L_powheg
[AnalysisInputs::SetMCSF] => MCSF = 0.929269, MCSF_err = 0.103637
[AnalysisInputs::SetMCSF] sample : ggZZto2e2mu
[AnalysisInputs::SetMCSF] => MCSF = 0.929269, MCSF_err = 0.103637
[AnalysisInputs::SetMCSF] sample : ggZZto2e2nu
[AnalysisInputs::SetMCSF] => MCSF = 0.929269, MCSF_err = 0.103637
[AnalysisInputs::SetMCSF] sample : ggZZto2e2tau
[AnalysisInputs::SetMCSF] => MCSF = 0.929269, MCSF_err = 0.103637
[AnalysisInputs::SetMCSF] sample : ggZZto2mu2nu
[AnalysisInputs::SetMCSF] => MCSF = 0.929269, MCSF_err = 0.103637
[AnalysisInputs::SetMCSF] sample : ggZZto2mu2tau
[AnalysisInputs::SetMCSF] => MCSF = 0.929269, MCSF_err = 0.103637
[AnalysisInputs::SetMCSF] sample : ggZZto4e
[AnalysisInputs::SetMCSF] => MCSF = 0.929269, MCSF_err = 0.103637
[AnalysisInputs::SetMCSF] sample : ggZZto4mu
[AnalysisInputs::SetMCSF] => MCSF = 0.929269, MCSF_err = 0.103637
[AnalysisInputs::SetMCSF] sample : ggZZto4tau
[AnalysisInputs::SetMCSF] => MCSF = 0.929269, MCSF_err = 0.103637
[AnalysisInputs::SetCalculatedSysts] Get Systematics from /home/jskim/Documents/trilepton_13TeV/DiLepton/data/v8-0-7.32/Syst.txt
[AnalysisInputs::SetCalculatedSysts] source : Luminosity
[AnalysisInputs::SetCalculatedSysts] => % sysematic = 0.025
[AnalysisInputs::SetCalculatedSysts] source : FakeLooseID
[AnalysisInputs::SetCalculatedSysts] => % sysematic = 0.3
[AnalysisInputs::SetCalculatedSysts] source : ChrageFlipSyst
[AnalysisInputs::SetCalculatedSysts] => % sysematic = 0.21
[CutRangeInfo::ReadCutCard] Get Cutcard from /home/jskim/Documents/trilepton_13TeV/DiLepton/data/v8-0-7.32/CutOpCard/OPTIMIZED_171107_ElEl_HighMass/HNElEl_600.txt
prompt_tau21_syst = 0
signal_tau21_syst = 0
Central	0.3534	0	0.159588
_MuonEn_up	0.358144	0	0.159588
_MuonEn_down	0.366353	0	0.159588
_MuonIDSF_up	0.361088	0	0.159588
_MuonIDSF_down	0.355604	0	0.159588
_ElectronEn_up	0.365199	0	0.159588
_ElectronEn_down	0.354428	0	0.159588
_ElectronIDSF_up	0.367906	0	0.159588
_ElectronIDSF_down	0.340386	0	0.159588
_TriggerSF_up	0.35526	0	0.159588
_TriggerSF_down	0.355604	0	0.159588
_PU_up	0.321752	0	0.159588
_PU_down	0.393487	0	0.159588
_JetEn_up	0.470722	0	0.159588
_JetEn_down	0.415633	0	0.159588
_JetRes_up	0.346697	0	0.159588
_JetRes_down	0.355274	0	0.159588
_Unclustered_up	0.3583	0	0.159588
_Unclustered_down	0.361396	0	0.159588
_BTagSFEff_up	0.351871	0	0.159588
_BTagSFEff_down	0.355151	0	0.159588
_BTagSFMiss_up	0.355101	0	0.159588
_BTagSFMiss_down	0.358016	0	0.159588
_JetMass_up	0.358048	0	0.159588
_JetMass_down	0.355151	0	0.159588
_JetMassRes_up	0.363801	0	0.159588
_JetMassRes_down	0.358065	0	0.159588

################ Sources ################
Source	SystTotal	SystPrompt	SystFake	Signal
Stat 22.11 32.09  -nan  13.85  2.26
Lumi 1.72  2.50 -  -  2.50
PDF  -  -  -  -  8.53
MuonPt  1.90 2.76  -  -  0.34
MuonID  1.10 1.60  -  -  0.28
ElectronE  1.63 2.37  -  -  1.20
ElectronID  2.69 3.90  -  -  4.19
Trigger  0.40 0.58  -  -  0.12
PU  7.04 10.22  -  -  1.68
JES  18.31 26.57  -  -  1.22
JER  0.96 1.39  -  -  0.34
Uncl  1.29 1.88  -  -  0.83
BEff  0.32 0.47  -  -  0.36
BMiss  0.68 0.98  -  -  0.42
JMS  0.68 0.99  -  -  0.65
JMR  1.57 2.28  -  -  0.22
Tau21 0.00  0.00 -  -  0.00
MCNorm 7.40  10.75 -  -  -
Fake 0.00  -  -nan - -
CF 6.53  -  -  21.00 -
Total Systematic 21.53 31.25  -nan  21.00  10.20

Total Background	0.513
- Prompt	0.353
- Fake	0.000
- CF	0.160

####### Result #######
Signal Eff	0.044717
0.512988 1.318335
0.068941 1.104515
