
Processing CyclesForMixingLimit_MuMu_Bin1/HNMuMu_300_VBF.C...
[AnalysisInputs::SetMCSF] Get MC SF from /data8/Users/jskim/HN_dilepton_plotter/data/v8-0-7.37_PreApproval/MCSF.txt
[AnalysisInputs::SetMCSF] sample : VVV
[AnalysisInputs::SetMCSF] => MCSF = 1, MCSF_err = 0.5
[AnalysisInputs::SetMCSF] sample : WWW
[AnalysisInputs::SetMCSF] => MCSF = 1, MCSF_err = 0.5
[AnalysisInputs::SetMCSF] sample : WWZ
[AnalysisInputs::SetMCSF] => MCSF = 1, MCSF_err = 0.5
[AnalysisInputs::SetMCSF] sample : WZZ
[AnalysisInputs::SetMCSF] => MCSF = 1, MCSF_err = 0.5
[AnalysisInputs::SetMCSF] sample : ZZZ
[AnalysisInputs::SetMCSF] => MCSF = 1, MCSF_err = 0.5
[AnalysisInputs::SetMCSF] sample : ttV
[AnalysisInputs::SetMCSF] => MCSF = 1, MCSF_err = 0.5
[AnalysisInputs::SetMCSF] sample : ttW
[AnalysisInputs::SetMCSF] => MCSF = 1, MCSF_err = 0.5
[AnalysisInputs::SetMCSF] sample : ttZ
[AnalysisInputs::SetMCSF] => MCSF = 1, MCSF_err = 0.5
[AnalysisInputs::SetMCSF] sample : ttH_nonbb
[AnalysisInputs::SetMCSF] => MCSF = 1, MCSF_err = 0.5
[AnalysisInputs::SetMCSF] sample : top
[AnalysisInputs::SetMCSF] => MCSF = 1, MCSF_err = 0.5
[AnalysisInputs::SetMCSF] sample : WWTo2L2Nu_DS
[AnalysisInputs::SetMCSF] => MCSF = 1, MCSF_err = 0.5
[AnalysisInputs::SetMCSF] sample : WpWpEWK
[AnalysisInputs::SetMCSF] => MCSF = 1, MCSF_err = 0.5
[AnalysisInputs::SetMCSF] sample : WpWpQCD
[AnalysisInputs::SetMCSF] => MCSF = 1, MCSF_err = 0.5
[AnalysisInputs::SetMCSF] sample : WZTo3LNu_mllmin01
[AnalysisInputs::SetMCSF] => MCSF = 0.65, MCSF_err = 0.06
[AnalysisInputs::SetMCSF] sample : WZTo3LNu_powheg
[AnalysisInputs::SetMCSF] => MCSF = 1.05044, MCSF_err = 0.0648798
[AnalysisInputs::SetMCSF] sample : ZGto2LG
[AnalysisInputs::SetMCSF] => MCSF = 1.09954, MCSF_err = 0.076377
[AnalysisInputs::SetMCSF] sample : WGtoLNuG
[AnalysisInputs::SetMCSF] => MCSF = 1, MCSF_err = 0.076377
[AnalysisInputs::SetMCSF] sample : WGtoLNuG_weighted
[AnalysisInputs::SetMCSF] => MCSF = 1, MCSF_err = 0.076377
[AnalysisInputs::SetMCSF] sample : ZZTo4L_powheg
[AnalysisInputs::SetMCSF] => MCSF = 0.978852, MCSF_err = 0.0792882
[AnalysisInputs::SetMCSF] sample : ggZZto2e2mu
[AnalysisInputs::SetMCSF] => MCSF = 0.978852, MCSF_err = 0.0792882
[AnalysisInputs::SetMCSF] sample : ggZZto2e2nu
[AnalysisInputs::SetMCSF] => MCSF = 0.978852, MCSF_err = 0.0792882
[AnalysisInputs::SetMCSF] sample : ggZZto2e2tau
[AnalysisInputs::SetMCSF] => MCSF = 0.978852, MCSF_err = 0.0792882
[AnalysisInputs::SetMCSF] sample : ggZZto2mu2nu
[AnalysisInputs::SetMCSF] => MCSF = 0.978852, MCSF_err = 0.0792882
[AnalysisInputs::SetMCSF] sample : ggZZto2mu2tau
[AnalysisInputs::SetMCSF] => MCSF = 0.978852, MCSF_err = 0.0792882
[AnalysisInputs::SetMCSF] sample : ggZZto4e
[AnalysisInputs::SetMCSF] => MCSF = 0.978852, MCSF_err = 0.0792882
[AnalysisInputs::SetMCSF] sample : ggZZto4mu
[AnalysisInputs::SetMCSF] => MCSF = 0.978852, MCSF_err = 0.0792882
[AnalysisInputs::SetMCSF] sample : ggZZto4tau
[AnalysisInputs::SetMCSF] => MCSF = 0.978852, MCSF_err = 0.0792882
[AnalysisInputs::SetMCSF] sample : ggHtoZZ
[AnalysisInputs::SetMCSF] => MCSF = 0.978852, MCSF_err = 0.0792882
[AnalysisInputs::SetCalculatedSysts] Get Systematics from /data8/Users/jskim/HN_dilepton_plotter/data/v8-0-7.37_PreApproval/Syst.txt
[AnalysisInputs::SetCalculatedSysts] source : Luminosity
[AnalysisInputs::SetCalculatedSysts] => % sysematic = 0.025
[AnalysisInputs::SetCalculatedSysts] source : FakeLooseID
[AnalysisInputs::SetCalculatedSysts] => % sysematic = 0.3
[AnalysisInputs::SetCalculatedSysts] source : ChrageFlipSyst
[AnalysisInputs::SetCalculatedSysts] => % sysematic = 0.16
[CutRangeInfo::ReadCutCard] Get Cutcard from /data8/Users/jskim/HN_dilepton_plotter/data/v8-0-7.37_PreApproval/CutOpCard/RunDirectory/Cards_MuMu_Bin1/HNMuMu_300.txt
Central	2.31488	0.103353	0
_MuonEn_up	2.55764	0.103353	0
_MuonEn_down	2.22176	0.103353	0
_MuonIDSF_up	2.49217	0.103353	0
_MuonIDSF_down	2.33032	0.103353	0
_ElectronEn_up	2.41753	0.103353	0
_ElectronEn_down	2.40645	0.103353	0
_ElectronIDSF_up	2.39445	0.103353	0
_ElectronIDSF_down	2.39373	0.103353	0
_TriggerSF_up	2.39126	0.103353	0
_TriggerSF_down	2.40242	0.103353	0
_PU_up	2.39079	0.103353	0
_PU_down	2.37406	0.103353	0
_JetEn_up	2.83743	0.103353	0
_JetEn_down	2.97463	0.103353	0
_JetRes_up	2.51438	0.103353	0
_JetRes_down	2.51549	0.103353	0
_Unclustered_up	2.71179	0.103353	0
_Unclustered_down	2.4902	0.103353	0
_BTagSFEff_up	2.38761	0.103353	0
_BTagSFEff_down	2.40557	0.103353	0
_BTagSFMiss_up	2.39925	0.103353	0
_BTagSFMiss_down	2.40629	0.103353	0
_JetMass_up	2.39421	0.103353	0
_JetMass_down	2.39993	0.103353	0
_JetMassRes_up	2.38431	0.103353	0
_JetMassRes_down	2.39868	0.103353	0
_Tau21_up	2.4054	0.103353	0
_Tau21_down	2.40287	0.103353	0

################ Sources ################
Source	SystTotal	SystPrompt	SystFake	Signal
Stat 15.47 15.66  89.64  -nan  1.23
Lumi 2.39  2.50 -  -  2.50
PDF  -  -  -  -  2.44
MuonPt  7.60 7.94  -  -  4.99
MuonID  5.20 5.44  -  -  3.54
ElectronE  4.02 4.20  -  -  0.11
ElectronID  3.28 3.42  -  -  0.12
Trigger  3.40 3.55  -  -  0.49
PU  2.81 2.94  -  -  1.32
JES  24.61 25.71  -  -  1.49
JER  8.27 8.64  -  -  1.61
Uncl  12.69 13.25  -  -  1.19
BEff  3.40 3.55  -  -  0.21
BMiss  3.64 3.80  -  -  0.42
JMS  3.40 3.55  -  -  0.09
JMR  3.18 3.32  -  -  0.16
Tau21  3.69 3.86  -  -  0.09
MCNorm 21.20  22.15 -  -  -
Fake 1.28  -  30.00 - -
CF 0.00  -  -  -nan -
Total Systematic 38.51 40.21  30.00  -nan  7.62

Total Background	2.418
- Prompt	2.315
- Fake	0.103
- CF	0.000

####### Result #######
Signal Eff	0.145562
2.418229 1.415053
3.660275 1.077175
