
Processing CyclesForMixingLimit_MuMu_Bin1/HNMuMu_90.C...
[AnalysisInputs::SetMCSF] Get MC SF from /data8/Users/jskim/HN_dilepton_plotter/data/v8-0-7.37_Unblind/MCSF.txt
[AnalysisInputs::SetMCSF] sample : VVV
[AnalysisInputs::SetMCSF] => MCSF = 1, MCSF_err = 0.5
[AnalysisInputs::SetMCSF] sample : WWW
[AnalysisInputs::SetMCSF] => MCSF = 1, MCSF_err = 0.5
[AnalysisInputs::SetMCSF] sample : WWZ
[AnalysisInputs::SetMCSF] => MCSF = 1, MCSF_err = 0.5
[AnalysisInputs::SetMCSF] sample : WZZ
[AnalysisInputs::SetMCSF] => MCSF = 1, MCSF_err = 0.5
[AnalysisInputs::SetMCSF] sample : ZZZ
[AnalysisInputs::SetMCSF] => MCSF = 1, MCSF_err = 0.5
[AnalysisInputs::SetMCSF] sample : ttV
[AnalysisInputs::SetMCSF] => MCSF = 1, MCSF_err = 0.5
[AnalysisInputs::SetMCSF] sample : ttW
[AnalysisInputs::SetMCSF] => MCSF = 1, MCSF_err = 0.5
[AnalysisInputs::SetMCSF] sample : ttZ
[AnalysisInputs::SetMCSF] => MCSF = 1, MCSF_err = 0.5
[AnalysisInputs::SetMCSF] sample : ttH_nonbb
[AnalysisInputs::SetMCSF] => MCSF = 1, MCSF_err = 0.5
[AnalysisInputs::SetMCSF] sample : top
[AnalysisInputs::SetMCSF] => MCSF = 1, MCSF_err = 0.5
[AnalysisInputs::SetMCSF] sample : WWTo2L2Nu_DS
[AnalysisInputs::SetMCSF] => MCSF = 1, MCSF_err = 0.5
[AnalysisInputs::SetMCSF] sample : WpWpEWK
[AnalysisInputs::SetMCSF] => MCSF = 1.3062, MCSF_err = 0.5
[AnalysisInputs::SetMCSF] sample : WpWpQCD
[AnalysisInputs::SetMCSF] => MCSF = 1.70026, MCSF_err = 0.5
[AnalysisInputs::SetMCSF] sample : WZTo3LNu_mllmin01
[AnalysisInputs::SetMCSF] => MCSF = 0.65, MCSF_err = 0.06
[AnalysisInputs::SetMCSF] sample : WZTo3LNu_powheg
[AnalysisInputs::SetMCSF] => MCSF = 1.05044, MCSF_err = 0.0648798
[AnalysisInputs::SetMCSF] sample : ZGto2LG
[AnalysisInputs::SetMCSF] => MCSF = 1.09954, MCSF_err = 0.076377
[AnalysisInputs::SetMCSF] sample : WGtoLNuG
[AnalysisInputs::SetMCSF] => MCSF = 1, MCSF_err = 0.076377
[AnalysisInputs::SetMCSF] sample : WGtoLNuG_weighted
[AnalysisInputs::SetMCSF] => MCSF = 1, MCSF_err = 0.076377
[AnalysisInputs::SetMCSF] sample : ZZTo4L_powheg
[AnalysisInputs::SetMCSF] => MCSF = 0.978852, MCSF_err = 0.0792882
[AnalysisInputs::SetMCSF] sample : ggZZto2e2mu
[AnalysisInputs::SetMCSF] => MCSF = 0.978852, MCSF_err = 0.0792882
[AnalysisInputs::SetMCSF] sample : ggZZto2e2nu
[AnalysisInputs::SetMCSF] => MCSF = 0.978852, MCSF_err = 0.0792882
[AnalysisInputs::SetMCSF] sample : ggZZto2e2tau
[AnalysisInputs::SetMCSF] => MCSF = 0.978852, MCSF_err = 0.0792882
[AnalysisInputs::SetMCSF] sample : ggZZto2mu2nu
[AnalysisInputs::SetMCSF] => MCSF = 0.978852, MCSF_err = 0.0792882
[AnalysisInputs::SetMCSF] sample : ggZZto2mu2tau
[AnalysisInputs::SetMCSF] => MCSF = 0.978852, MCSF_err = 0.0792882
[AnalysisInputs::SetMCSF] sample : ggZZto4e
[AnalysisInputs::SetMCSF] => MCSF = 0.978852, MCSF_err = 0.0792882
[AnalysisInputs::SetMCSF] sample : ggZZto4mu
[AnalysisInputs::SetMCSF] => MCSF = 0.978852, MCSF_err = 0.0792882
[AnalysisInputs::SetMCSF] sample : ggZZto4tau
[AnalysisInputs::SetMCSF] => MCSF = 0.978852, MCSF_err = 0.0792882
[AnalysisInputs::SetMCSF] sample : ggHtoZZ
[AnalysisInputs::SetMCSF] => MCSF = 0.978852, MCSF_err = 0.0792882
[AnalysisInputs::SetCalculatedSysts] Get Systematics from /data8/Users/jskim/HN_dilepton_plotter/data/v8-0-7.37_Unblind/Syst.txt
[AnalysisInputs::SetCalculatedSysts] source : Luminosity
[AnalysisInputs::SetCalculatedSysts] => % sysematic = 0.025
[AnalysisInputs::SetCalculatedSysts] source : FakeLooseID
[AnalysisInputs::SetCalculatedSysts] => % sysematic = 0.3
[AnalysisInputs::SetCalculatedSysts] source : ChrageFlipSyst
[AnalysisInputs::SetCalculatedSysts] => % sysematic = 0.16
[CutRangeInfo::ReadCutCard] Get Cutcard from /data8/Users/jskim/HN_dilepton_plotter/data/v8-0-7.37_Unblind/CutOpCard/RunDirectory/Cards_MuMu_Bin1/HNMuMu_90.txt
Central	7.4458	5.82093	0
_MuonEn_up	7.30718	5.82093	0
_MuonEn_down	7.56545	5.82093	0
_MuonIDSF_up	7.65396	5.82093	0
_MuonIDSF_down	7.15634	5.82093	0
_ElectronEn_up	7.43787	5.82093	0
_ElectronEn_down	7.52083	5.82093	0
_ElectronIDSF_up	7.51299	5.82093	0
_ElectronIDSF_down	7.44663	5.82093	0
_TriggerSF_up	7.63433	5.82093	0
_TriggerSF_down	7.43965	5.82093	0
_PU_up	7.31715	5.82093	0
_PU_down	7.61423	5.82093	0
_JetEn_up	7.86252	5.82093	0
_JetEn_down	8.44571	5.82093	0
_JetRes_up	8.0995	5.82093	0
_JetRes_down	6.40088	5.82093	0
_Unclustered_up	7.74592	5.82093	0
_Unclustered_down	8.07976	5.82093	0
_BTagSFEff_up	7.52361	5.82093	0
_BTagSFEff_down	7.52025	5.82093	0
_BTagSFMiss_up	7.43074	5.82093	0
_BTagSFMiss_down	7.48692	5.82093	0
_JetMass_up	7.47951	5.82093	0
_JetMass_down	7.44279	5.82093	0
_JetMassRes_up	7.51706	5.82093	0
_JetMassRes_down	7.43479	5.82093	0
_Tau21_up	7.55973	5.82093	0
_Tau21_down	7.45004	5.82093	0

################ Sources ################
Source	SystTotal	SystPrompt	SystFake	Signal
Stat 14.68 23.84  13.75  -nan  6.16
Lumi 1.40  2.50 -  -  2.50
PDF  -  -  -  -  2.44
MuonPt  0.98 1.74  -  -  1.82
MuonID  1.90 3.39  -  -  3.29
ElectronE  0.40 0.72  -  -  0.65
ElectronID  0.36 0.64  -  -  0.57
Trigger  1.01 1.79  -  -  1.04
PU  1.13 2.01  -  -  2.92
JES  5.77 10.29  -  -  2.76
JER  6.57 11.71  -  -  1.08
Uncl  3.74 6.66  -  -  3.45
BEff  0.57 1.02  -  -  0.76
BMiss  0.23 0.42  -  -  0.57
JMS  0.18 0.32  -  -  0.28
JMR  0.38 0.68  -  -  0.46
Tau21  0.61 1.08  -  -  0.43
MCNorm 7.98  14.22 -  -  -
Fake 13.16  -  30.00 - -
CF 0.00  -  -  -nan -
Total Systematic 18.37 22.83  30.00  -nan  7.67

Total Background	13.267
- Prompt	7.446
- Fake	5.821
- CF	0.000
- Obs	11.000

####### Result #######
Signal Eff	0.005433
13.266735 1.235136
30.009593 1.098371
