
Processing CyclesForMixingLimit_MuMu_Bin1/HNMuMu_40.C...
[AnalysisInputs::SetMCSF] Get MC SF from /data8/Users/jskim/HN_dilepton_plotter/data/v8-0-7.37_PreApproval/MCSF.txt
[AnalysisInputs::SetMCSF] sample : VVV
[AnalysisInputs::SetMCSF] => MCSF = 1, MCSF_err = 0.5
[AnalysisInputs::SetMCSF] sample : WWW
[AnalysisInputs::SetMCSF] => MCSF = 1, MCSF_err = 0.5
[AnalysisInputs::SetMCSF] sample : WWZ
[AnalysisInputs::SetMCSF] => MCSF = 1, MCSF_err = 0.5
[AnalysisInputs::SetMCSF] sample : WZZ
[AnalysisInputs::SetMCSF] => MCSF = 1, MCSF_err = 0.5
[AnalysisInputs::SetMCSF] sample : ZZZ
[AnalysisInputs::SetMCSF] => MCSF = 1, MCSF_err = 0.5
[AnalysisInputs::SetMCSF] sample : ttV
[AnalysisInputs::SetMCSF] => MCSF = 1, MCSF_err = 0.5
[AnalysisInputs::SetMCSF] sample : ttW
[AnalysisInputs::SetMCSF] => MCSF = 1, MCSF_err = 0.5
[AnalysisInputs::SetMCSF] sample : ttZ
[AnalysisInputs::SetMCSF] => MCSF = 1, MCSF_err = 0.5
[AnalysisInputs::SetMCSF] sample : ttH_nonbb
[AnalysisInputs::SetMCSF] => MCSF = 1, MCSF_err = 0.5
[AnalysisInputs::SetMCSF] sample : top
[AnalysisInputs::SetMCSF] => MCSF = 1, MCSF_err = 0.5
[AnalysisInputs::SetMCSF] sample : WWTo2L2Nu_DS
[AnalysisInputs::SetMCSF] => MCSF = 1, MCSF_err = 0.5
[AnalysisInputs::SetMCSF] sample : WpWpEWK
[AnalysisInputs::SetMCSF] => MCSF = 1, MCSF_err = 0.5
[AnalysisInputs::SetMCSF] sample : WpWpQCD
[AnalysisInputs::SetMCSF] => MCSF = 1, MCSF_err = 0.5
[AnalysisInputs::SetMCSF] sample : WZTo3LNu_mllmin01
[AnalysisInputs::SetMCSF] => MCSF = 0.65, MCSF_err = 0.06
[AnalysisInputs::SetMCSF] sample : WZTo3LNu_powheg
[AnalysisInputs::SetMCSF] => MCSF = 1.05044, MCSF_err = 0.0648798
[AnalysisInputs::SetMCSF] sample : ZGto2LG
[AnalysisInputs::SetMCSF] => MCSF = 1.09954, MCSF_err = 0.076377
[AnalysisInputs::SetMCSF] sample : WGtoLNuG
[AnalysisInputs::SetMCSF] => MCSF = 1, MCSF_err = 0.076377
[AnalysisInputs::SetMCSF] sample : WGtoLNuG_weighted
[AnalysisInputs::SetMCSF] => MCSF = 1, MCSF_err = 0.076377
[AnalysisInputs::SetMCSF] sample : ZZTo4L_powheg
[AnalysisInputs::SetMCSF] => MCSF = 0.978852, MCSF_err = 0.0792882
[AnalysisInputs::SetMCSF] sample : ggZZto2e2mu
[AnalysisInputs::SetMCSF] => MCSF = 0.978852, MCSF_err = 0.0792882
[AnalysisInputs::SetMCSF] sample : ggZZto2e2nu
[AnalysisInputs::SetMCSF] => MCSF = 0.978852, MCSF_err = 0.0792882
[AnalysisInputs::SetMCSF] sample : ggZZto2e2tau
[AnalysisInputs::SetMCSF] => MCSF = 0.978852, MCSF_err = 0.0792882
[AnalysisInputs::SetMCSF] sample : ggZZto2mu2nu
[AnalysisInputs::SetMCSF] => MCSF = 0.978852, MCSF_err = 0.0792882
[AnalysisInputs::SetMCSF] sample : ggZZto2mu2tau
[AnalysisInputs::SetMCSF] => MCSF = 0.978852, MCSF_err = 0.0792882
[AnalysisInputs::SetMCSF] sample : ggZZto4e
[AnalysisInputs::SetMCSF] => MCSF = 0.978852, MCSF_err = 0.0792882
[AnalysisInputs::SetMCSF] sample : ggZZto4mu
[AnalysisInputs::SetMCSF] => MCSF = 0.978852, MCSF_err = 0.0792882
[AnalysisInputs::SetMCSF] sample : ggZZto4tau
[AnalysisInputs::SetMCSF] => MCSF = 0.978852, MCSF_err = 0.0792882
[AnalysisInputs::SetMCSF] sample : ggHtoZZ
[AnalysisInputs::SetMCSF] => MCSF = 0.978852, MCSF_err = 0.0792882
[AnalysisInputs::SetCalculatedSysts] Get Systematics from /data8/Users/jskim/HN_dilepton_plotter/data/v8-0-7.37_PreApproval/Syst.txt
[AnalysisInputs::SetCalculatedSysts] source : Luminosity
[AnalysisInputs::SetCalculatedSysts] => % sysematic = 0.025
[AnalysisInputs::SetCalculatedSysts] source : FakeLooseID
[AnalysisInputs::SetCalculatedSysts] => % sysematic = 0.3
[AnalysisInputs::SetCalculatedSysts] source : ChrageFlipSyst
[AnalysisInputs::SetCalculatedSysts] => % sysematic = 0.16
[CutRangeInfo::ReadCutCard] Get Cutcard from /data8/Users/jskim/HN_dilepton_plotter/data/v8-0-7.37_PreApproval/CutOpCard/RunDirectory/Cards_MuMu_Bin1/HNMuMu_40.txt
Central	7.12921	8.11619	0
_MuonEn_up	7.10953	8.11619	0
_MuonEn_down	7.04263	8.11619	0
_MuonIDSF_up	7.28377	8.11619	0
_MuonIDSF_down	6.91868	8.11619	0
_ElectronEn_up	7.12683	8.11619	0
_ElectronEn_down	7.20911	8.11619	0
_ElectronIDSF_up	7.62386	8.11619	0
_ElectronIDSF_down	7.13158	8.11619	0
_TriggerSF_up	7.26315	8.11619	0
_TriggerSF_down	7.14199	8.11619	0
_PU_up	7.04219	8.11619	0
_PU_down	7.29651	8.11619	0
_JetEn_up	6.45204	8.11619	0
_JetEn_down	7.35724	8.11619	0
_JetRes_up	6.76081	8.11619	0
_JetRes_down	6.64558	8.11619	0
_Unclustered_up	7.10501	8.11619	0
_Unclustered_down	7.67686	8.11619	0
_BTagSFEff_up	7.22411	8.11619	0
_BTagSFEff_down	7.12546	8.11619	0
_BTagSFMiss_up	7.61127	8.11619	0
_BTagSFMiss_down	7.1309	8.11619	0
_JetMass_up	7.12146	8.11619	0
_JetMass_down	7.1341	8.11619	0
_JetMassRes_up	7.21366	8.11619	0
_JetMassRes_down	7.13026	8.11619	0
_Tau21_up	7.3121	8.11619	0
_Tau21_down	7.13794	8.11619	0

################ Sources ################
Source	SystTotal	SystPrompt	SystFake	Signal
Stat 11.63 20.56  12.31  -nan  6.33
Lumi 1.17  2.50 -  -  2.50
PDF  -  -  -  -  8.37
MuonPt  0.41 0.88  -  -  1.35
MuonID  1.21 2.59  -  -  3.49
ElectronE  0.37 0.79  -  -  0.85
ElectronID  2.29 4.91  -  -  0.55
Trigger  0.62 1.33  -  -  0.53
PU  0.87 1.87  -  -  1.88
JES  3.31 7.09  -  -  10.04
JER  2.82 6.03  -  -  2.53
Uncl  2.54 5.44  -  -  1.19
BEff  0.44 0.94  -  -  1.00
BMiss  2.24 4.78  -  -  1.17
JMS  0.04 0.09  -  -  0.92
JMR  0.39 0.84  -  -  0.35
Tau21  0.85 1.82  -  -  0.56
MCNorm 6.00  12.83 -  -  -
Fake 15.97  -  30.00 - -
CF 0.00  -  -  -nan -
Total Systematic 18.22 18.77  30.00  -nan  14.40

Total Background	15.245
- Prompt	7.129
- Fake	8.116
- CF	0.000

####### Result #######
Signal Eff	0.003430
15.245402 1.216210
3335.907694 1.157303
