
Processing CyclesForMixingLimit_MuMu_Bin1/HNMuMu_500.C...
[AnalysisInputs::SetMCSF] Get MC SF from /data8/Users/jskim/HN_dilepton_plotter/data/v8-0-7.37_PreApproval/MCSF.txt
[AnalysisInputs::SetMCSF] sample : VVV
[AnalysisInputs::SetMCSF] => MCSF = 1, MCSF_err = 0.5
[AnalysisInputs::SetMCSF] sample : WWW
[AnalysisInputs::SetMCSF] => MCSF = 1, MCSF_err = 0.5
[AnalysisInputs::SetMCSF] sample : WWZ
[AnalysisInputs::SetMCSF] => MCSF = 1, MCSF_err = 0.5
[AnalysisInputs::SetMCSF] sample : WZZ
[AnalysisInputs::SetMCSF] => MCSF = 1, MCSF_err = 0.5
[AnalysisInputs::SetMCSF] sample : ZZZ
[AnalysisInputs::SetMCSF] => MCSF = 1, MCSF_err = 0.5
[AnalysisInputs::SetMCSF] sample : ttV
[AnalysisInputs::SetMCSF] => MCSF = 1, MCSF_err = 0.5
[AnalysisInputs::SetMCSF] sample : ttW
[AnalysisInputs::SetMCSF] => MCSF = 1, MCSF_err = 0.5
[AnalysisInputs::SetMCSF] sample : ttZ
[AnalysisInputs::SetMCSF] => MCSF = 1, MCSF_err = 0.5
[AnalysisInputs::SetMCSF] sample : ttH_nonbb
[AnalysisInputs::SetMCSF] => MCSF = 1, MCSF_err = 0.5
[AnalysisInputs::SetMCSF] sample : top
[AnalysisInputs::SetMCSF] => MCSF = 1, MCSF_err = 0.5
[AnalysisInputs::SetMCSF] sample : WWTo2L2Nu_DS
[AnalysisInputs::SetMCSF] => MCSF = 1, MCSF_err = 0.5
[AnalysisInputs::SetMCSF] sample : WpWpEWK
[AnalysisInputs::SetMCSF] => MCSF = 1, MCSF_err = 0.5
[AnalysisInputs::SetMCSF] sample : WpWpQCD
[AnalysisInputs::SetMCSF] => MCSF = 1, MCSF_err = 0.5
[AnalysisInputs::SetMCSF] sample : WZTo3LNu_mllmin01
[AnalysisInputs::SetMCSF] => MCSF = 0.65, MCSF_err = 0.06
[AnalysisInputs::SetMCSF] sample : WZTo3LNu_powheg
[AnalysisInputs::SetMCSF] => MCSF = 1.05044, MCSF_err = 0.0648798
[AnalysisInputs::SetMCSF] sample : ZGto2LG
[AnalysisInputs::SetMCSF] => MCSF = 1.09954, MCSF_err = 0.076377
[AnalysisInputs::SetMCSF] sample : WGtoLNuG
[AnalysisInputs::SetMCSF] => MCSF = 1, MCSF_err = 0.076377
[AnalysisInputs::SetMCSF] sample : WGtoLNuG_weighted
[AnalysisInputs::SetMCSF] => MCSF = 1, MCSF_err = 0.076377
[AnalysisInputs::SetMCSF] sample : ZZTo4L_powheg
[AnalysisInputs::SetMCSF] => MCSF = 0.978852, MCSF_err = 0.0792882
[AnalysisInputs::SetMCSF] sample : ggZZto2e2mu
[AnalysisInputs::SetMCSF] => MCSF = 0.978852, MCSF_err = 0.0792882
[AnalysisInputs::SetMCSF] sample : ggZZto2e2nu
[AnalysisInputs::SetMCSF] => MCSF = 0.978852, MCSF_err = 0.0792882
[AnalysisInputs::SetMCSF] sample : ggZZto2e2tau
[AnalysisInputs::SetMCSF] => MCSF = 0.978852, MCSF_err = 0.0792882
[AnalysisInputs::SetMCSF] sample : ggZZto2mu2nu
[AnalysisInputs::SetMCSF] => MCSF = 0.978852, MCSF_err = 0.0792882
[AnalysisInputs::SetMCSF] sample : ggZZto2mu2tau
[AnalysisInputs::SetMCSF] => MCSF = 0.978852, MCSF_err = 0.0792882
[AnalysisInputs::SetMCSF] sample : ggZZto4e
[AnalysisInputs::SetMCSF] => MCSF = 0.978852, MCSF_err = 0.0792882
[AnalysisInputs::SetMCSF] sample : ggZZto4mu
[AnalysisInputs::SetMCSF] => MCSF = 0.978852, MCSF_err = 0.0792882
[AnalysisInputs::SetMCSF] sample : ggZZto4tau
[AnalysisInputs::SetMCSF] => MCSF = 0.978852, MCSF_err = 0.0792882
[AnalysisInputs::SetMCSF] sample : ggHtoZZ
[AnalysisInputs::SetMCSF] => MCSF = 0.978852, MCSF_err = 0.0792882
[AnalysisInputs::SetCalculatedSysts] Get Systematics from /data8/Users/jskim/HN_dilepton_plotter/data/v8-0-7.37_PreApproval/Syst.txt
[AnalysisInputs::SetCalculatedSysts] source : Luminosity
[AnalysisInputs::SetCalculatedSysts] => % sysematic = 0.025
[AnalysisInputs::SetCalculatedSysts] source : FakeLooseID
[AnalysisInputs::SetCalculatedSysts] => % sysematic = 0.3
[AnalysisInputs::SetCalculatedSysts] source : ChrageFlipSyst
[AnalysisInputs::SetCalculatedSysts] => % sysematic = 0.16
[CutRangeInfo::ReadCutCard] Get Cutcard from /data8/Users/jskim/HN_dilepton_plotter/data/v8-0-7.37_PreApproval/CutOpCard/RunDirectory/Cards_MuMu_Bin1/HNMuMu_500.txt
Central	0.325713	0	0
_MuonEn_up	0.33543	0	0
_MuonEn_down	0.318749	0	0
_MuonIDSF_up	0.331048	0	0
_MuonIDSF_down	0.314791	0	0
_ElectronEn_up	0.328664	0	0
_ElectronEn_down	0.325618	0	0
_ElectronIDSF_up	0.323328	0	0
_ElectronIDSF_down	0.325713	0	0
_TriggerSF_up	0.327669	0	0
_TriggerSF_down	0.325713	0	0
_PU_up	0.305552	0	0
_PU_down	0.336259	0	0
_JetEn_up	0.324128	0	0
_JetEn_down	0.932091	0	0
_JetRes_up	0.350141	0	0
_JetRes_down	0.31421	0	0
_Unclustered_up	0.829185	0	0
_Unclustered_down	0.322141	0	0
_BTagSFEff_up	0.322602	0	0
_BTagSFEff_down	0.325713	0	0
_BTagSFMiss_up	0.325713	0	0
_BTagSFMiss_down	0.325713	0	0
_JetMass_up	0.325713	0	0
_JetMass_down	0.320668	0	0
_JetMassRes_up	0.325713	0	0
_JetMassRes_down	0.325713	0	0
_Tau21_up	0.321618	0	0
_Tau21_down	0.330872	0	0

################ Sources ################
Source	SystTotal	SystPrompt	SystFake	Signal
Stat 38.21 38.21  -nan  -nan  1.77
Lumi 2.50  2.50 -  -  2.50
PDF  -  -  -  -  2.44
MuonPt  2.60 2.60  -  -  3.11
MuonID  2.64 2.64  -  -  3.55
ElectronE  0.64 0.64  -  -  0.26
ElectronID  0.52 0.52  -  -  0.16
Trigger  0.42 0.42  -  -  0.51
PU  4.94 4.94  -  -  0.56
JES  131.64 131.64  -  -  1.51
JER  5.86 5.86  -  -  1.21
Uncl  109.30 109.30  -  -  0.20
BEff  0.68 0.68  -  -  0.29
BMiss  0.00 0.00  -  -  0.44
JMS  1.10 1.10  -  -  0.40
JMR  0.00 0.00  -  -  0.32
Tau21  1.43 1.43  -  -  0.14
MCNorm 27.21  27.21 -  -  -
Fake 0.00  -  -nan - -
CF 0.00  -  -  -nan -
Total Systematic 173.50 173.50  -nan  -nan  6.28

Total Background	0.326
- Prompt	0.326
- Fake	0.000
- CF	0.000

####### Result #######
Signal Eff	0.086340
0.325713 2.776538
0.298246 1.065231
