
Processing CyclesForMixingLimit_MuMu_Bin1/HNMuMu_800.C...
[AnalysisInputs::SetMCSF] Get MC SF from /data8/Users/jskim/HN_dilepton_plotter/data/v8-0-7.37_PreApproval/MCSF.txt
[AnalysisInputs::SetMCSF] sample : VVV
[AnalysisInputs::SetMCSF] => MCSF = 1, MCSF_err = 0.5
[AnalysisInputs::SetMCSF] sample : WWW
[AnalysisInputs::SetMCSF] => MCSF = 1, MCSF_err = 0.5
[AnalysisInputs::SetMCSF] sample : WWZ
[AnalysisInputs::SetMCSF] => MCSF = 1, MCSF_err = 0.5
[AnalysisInputs::SetMCSF] sample : WZZ
[AnalysisInputs::SetMCSF] => MCSF = 1, MCSF_err = 0.5
[AnalysisInputs::SetMCSF] sample : ZZZ
[AnalysisInputs::SetMCSF] => MCSF = 1, MCSF_err = 0.5
[AnalysisInputs::SetMCSF] sample : ttV
[AnalysisInputs::SetMCSF] => MCSF = 1, MCSF_err = 0.5
[AnalysisInputs::SetMCSF] sample : ttW
[AnalysisInputs::SetMCSF] => MCSF = 1, MCSF_err = 0.5
[AnalysisInputs::SetMCSF] sample : ttZ
[AnalysisInputs::SetMCSF] => MCSF = 1, MCSF_err = 0.5
[AnalysisInputs::SetMCSF] sample : ttH_nonbb
[AnalysisInputs::SetMCSF] => MCSF = 1, MCSF_err = 0.5
[AnalysisInputs::SetMCSF] sample : top
[AnalysisInputs::SetMCSF] => MCSF = 1, MCSF_err = 0.5
[AnalysisInputs::SetMCSF] sample : WWTo2L2Nu_DS
[AnalysisInputs::SetMCSF] => MCSF = 1, MCSF_err = 0.5
[AnalysisInputs::SetMCSF] sample : WpWpEWK
[AnalysisInputs::SetMCSF] => MCSF = 1, MCSF_err = 0.5
[AnalysisInputs::SetMCSF] sample : WpWpQCD
[AnalysisInputs::SetMCSF] => MCSF = 1, MCSF_err = 0.5
[AnalysisInputs::SetMCSF] sample : WZTo3LNu_mllmin01
[AnalysisInputs::SetMCSF] => MCSF = 0.65, MCSF_err = 0.06
[AnalysisInputs::SetMCSF] sample : WZTo3LNu_powheg
[AnalysisInputs::SetMCSF] => MCSF = 1.05044, MCSF_err = 0.0648798
[AnalysisInputs::SetMCSF] sample : ZGto2LG
[AnalysisInputs::SetMCSF] => MCSF = 1.09954, MCSF_err = 0.076377
[AnalysisInputs::SetMCSF] sample : WGtoLNuG
[AnalysisInputs::SetMCSF] => MCSF = 1, MCSF_err = 0.076377
[AnalysisInputs::SetMCSF] sample : WGtoLNuG_weighted
[AnalysisInputs::SetMCSF] => MCSF = 1, MCSF_err = 0.076377
[AnalysisInputs::SetMCSF] sample : ZZTo4L_powheg
[AnalysisInputs::SetMCSF] => MCSF = 0.978852, MCSF_err = 0.0792882
[AnalysisInputs::SetMCSF] sample : ggZZto2e2mu
[AnalysisInputs::SetMCSF] => MCSF = 0.978852, MCSF_err = 0.0792882
[AnalysisInputs::SetMCSF] sample : ggZZto2e2nu
[AnalysisInputs::SetMCSF] => MCSF = 0.978852, MCSF_err = 0.0792882
[AnalysisInputs::SetMCSF] sample : ggZZto2e2tau
[AnalysisInputs::SetMCSF] => MCSF = 0.978852, MCSF_err = 0.0792882
[AnalysisInputs::SetMCSF] sample : ggZZto2mu2nu
[AnalysisInputs::SetMCSF] => MCSF = 0.978852, MCSF_err = 0.0792882
[AnalysisInputs::SetMCSF] sample : ggZZto2mu2tau
[AnalysisInputs::SetMCSF] => MCSF = 0.978852, MCSF_err = 0.0792882
[AnalysisInputs::SetMCSF] sample : ggZZto4e
[AnalysisInputs::SetMCSF] => MCSF = 0.978852, MCSF_err = 0.0792882
[AnalysisInputs::SetMCSF] sample : ggZZto4mu
[AnalysisInputs::SetMCSF] => MCSF = 0.978852, MCSF_err = 0.0792882
[AnalysisInputs::SetMCSF] sample : ggZZto4tau
[AnalysisInputs::SetMCSF] => MCSF = 0.978852, MCSF_err = 0.0792882
[AnalysisInputs::SetMCSF] sample : ggHtoZZ
[AnalysisInputs::SetMCSF] => MCSF = 0.978852, MCSF_err = 0.0792882
[AnalysisInputs::SetCalculatedSysts] Get Systematics from /data8/Users/jskim/HN_dilepton_plotter/data/v8-0-7.37_PreApproval/Syst.txt
[AnalysisInputs::SetCalculatedSysts] source : Luminosity
[AnalysisInputs::SetCalculatedSysts] => % sysematic = 0.025
[AnalysisInputs::SetCalculatedSysts] source : FakeLooseID
[AnalysisInputs::SetCalculatedSysts] => % sysematic = 0.3
[AnalysisInputs::SetCalculatedSysts] source : ChrageFlipSyst
[AnalysisInputs::SetCalculatedSysts] => % sysematic = 0.16
[CutRangeInfo::ReadCutCard] Get Cutcard from /data8/Users/jskim/HN_dilepton_plotter/data/v8-0-7.37_PreApproval/CutOpCard/RunDirectory/Cards_MuMu_Bin1/HNMuMu_800.txt
Central	0.165772	0	0
_MuonEn_up	0.166467	0	0
_MuonEn_down	0.241652	0	0
_MuonIDSF_up	0.16783	0	0
_MuonIDSF_down	0.159802	0	0
_ElectronEn_up	0.166953	0	0
_ElectronEn_down	0.165712	0	0
_ElectronIDSF_up	0.165772	0	0
_ElectronIDSF_down	0.165772	0	0
_TriggerSF_up	0.165354	0	0
_TriggerSF_down	0.169303	0	0
_PU_up	0.167778	0	0
_PU_down	0.167738	0	0
_JetEn_up	0.278524	0	0
_JetEn_down	0.526655	0	0
_JetRes_up	0.340422	0	0
_JetRes_down	0.17087	0	0
_Unclustered_up	0.248486	0	0
_Unclustered_down	0.243644	0	0
_BTagSFEff_up	0.165712	0	0
_BTagSFEff_down	0.165532	0	0
_BTagSFMiss_up	0.156911	0	0
_BTagSFMiss_down	0.166115	0	0
_JetMass_up	0.165712	0	0
_JetMass_down	0.15748	0	0
_JetMassRes_up	0.165712	0	0
_JetMassRes_down	0.165712	0	0
_Tau21_up	0.165712	0	0
_Tau21_down	0.166953	0	0

################ Sources ################
Source	SystTotal	SystPrompt	SystFake	Signal
Stat 26.62 26.62  -nan  -nan  2.01
Lumi 2.50  2.50 -  -  2.50
PDF  -  -  -  -  2.44
MuonPt  32.37 32.37  -  -  1.43
MuonID  2.69 2.69  -  -  3.62
ElectronE  0.50 0.50  -  -  0.40
ElectronID  0.00 0.00  -  -  0.29
Trigger  1.52 1.52  -  -  0.71
PU  1.20 1.20  -  -  0.55
JES  161.27 161.27  -  -  1.61
JER  74.53 74.53  -  -  1.44
Uncl  48.46 48.46  -  -  1.03
BEff  0.11 0.11  -  -  0.54
BMiss  3.78 3.78  -  -  0.61
JMS  3.54 3.54  -  -  0.49
JMR  0.04 0.04  -  -  0.38
Tau21  0.50 0.50  -  -  0.36
MCNorm 49.91  49.91 -  -  -
Fake 0.00  -  -nan - -
CF 0.00  -  -  -nan -
Total Systematic 193.64 193.64  -nan  -nan  5.94

Total Background	0.166
- Prompt	0.166
- Fake	0.000
- CF	0.000

####### Result #######
Signal Eff	0.060305
0.165772 2.954576
0.028669 1.062681
