
Processing CyclesForMixingLimit_MuMu_Bin1/HNMuMu_150.C...
[AnalysisInputs::SetMCSF] Get MC SF from /data8/Users/jskim/HN_dilepton_plotter/data/v8-0-7.37_Unblind/MCSF.txt
[AnalysisInputs::SetMCSF] sample : VVV
[AnalysisInputs::SetMCSF] => MCSF = 1, MCSF_err = 0.5
[AnalysisInputs::SetMCSF] sample : WWW
[AnalysisInputs::SetMCSF] => MCSF = 1, MCSF_err = 0.5
[AnalysisInputs::SetMCSF] sample : WWZ
[AnalysisInputs::SetMCSF] => MCSF = 1, MCSF_err = 0.5
[AnalysisInputs::SetMCSF] sample : WZZ
[AnalysisInputs::SetMCSF] => MCSF = 1, MCSF_err = 0.5
[AnalysisInputs::SetMCSF] sample : ZZZ
[AnalysisInputs::SetMCSF] => MCSF = 1, MCSF_err = 0.5
[AnalysisInputs::SetMCSF] sample : ttV
[AnalysisInputs::SetMCSF] => MCSF = 1, MCSF_err = 0.5
[AnalysisInputs::SetMCSF] sample : ttW
[AnalysisInputs::SetMCSF] => MCSF = 1, MCSF_err = 0.5
[AnalysisInputs::SetMCSF] sample : ttZ
[AnalysisInputs::SetMCSF] => MCSF = 1, MCSF_err = 0.5
[AnalysisInputs::SetMCSF] sample : ttH_nonbb
[AnalysisInputs::SetMCSF] => MCSF = 1, MCSF_err = 0.5
[AnalysisInputs::SetMCSF] sample : top
[AnalysisInputs::SetMCSF] => MCSF = 1, MCSF_err = 0.5
[AnalysisInputs::SetMCSF] sample : WWTo2L2Nu_DS
[AnalysisInputs::SetMCSF] => MCSF = 1, MCSF_err = 0.5
[AnalysisInputs::SetMCSF] sample : WpWpEWK
[AnalysisInputs::SetMCSF] => MCSF = 1.3062, MCSF_err = 0.5
[AnalysisInputs::SetMCSF] sample : WpWpQCD
[AnalysisInputs::SetMCSF] => MCSF = 1.70026, MCSF_err = 0.5
[AnalysisInputs::SetMCSF] sample : WZTo3LNu_mllmin01
[AnalysisInputs::SetMCSF] => MCSF = 0.65, MCSF_err = 0.06
[AnalysisInputs::SetMCSF] sample : WZTo3LNu_powheg
[AnalysisInputs::SetMCSF] => MCSF = 1.05044, MCSF_err = 0.0648798
[AnalysisInputs::SetMCSF] sample : ZGto2LG
[AnalysisInputs::SetMCSF] => MCSF = 1.09954, MCSF_err = 0.076377
[AnalysisInputs::SetMCSF] sample : WGtoLNuG
[AnalysisInputs::SetMCSF] => MCSF = 1, MCSF_err = 0.076377
[AnalysisInputs::SetMCSF] sample : WGtoLNuG_weighted
[AnalysisInputs::SetMCSF] => MCSF = 1, MCSF_err = 0.076377
[AnalysisInputs::SetMCSF] sample : ZZTo4L_powheg
[AnalysisInputs::SetMCSF] => MCSF = 0.978852, MCSF_err = 0.0792882
[AnalysisInputs::SetMCSF] sample : ggZZto2e2mu
[AnalysisInputs::SetMCSF] => MCSF = 0.978852, MCSF_err = 0.0792882
[AnalysisInputs::SetMCSF] sample : ggZZto2e2nu
[AnalysisInputs::SetMCSF] => MCSF = 0.978852, MCSF_err = 0.0792882
[AnalysisInputs::SetMCSF] sample : ggZZto2e2tau
[AnalysisInputs::SetMCSF] => MCSF = 0.978852, MCSF_err = 0.0792882
[AnalysisInputs::SetMCSF] sample : ggZZto2mu2nu
[AnalysisInputs::SetMCSF] => MCSF = 0.978852, MCSF_err = 0.0792882
[AnalysisInputs::SetMCSF] sample : ggZZto2mu2tau
[AnalysisInputs::SetMCSF] => MCSF = 0.978852, MCSF_err = 0.0792882
[AnalysisInputs::SetMCSF] sample : ggZZto4e
[AnalysisInputs::SetMCSF] => MCSF = 0.978852, MCSF_err = 0.0792882
[AnalysisInputs::SetMCSF] sample : ggZZto4mu
[AnalysisInputs::SetMCSF] => MCSF = 0.978852, MCSF_err = 0.0792882
[AnalysisInputs::SetMCSF] sample : ggZZto4tau
[AnalysisInputs::SetMCSF] => MCSF = 0.978852, MCSF_err = 0.0792882
[AnalysisInputs::SetMCSF] sample : ggHtoZZ
[AnalysisInputs::SetMCSF] => MCSF = 0.978852, MCSF_err = 0.0792882
[AnalysisInputs::SetCalculatedSysts] Get Systematics from /data8/Users/jskim/HN_dilepton_plotter/data/v8-0-7.37_Unblind/Syst.txt
[AnalysisInputs::SetCalculatedSysts] source : Luminosity
[AnalysisInputs::SetCalculatedSysts] => % sysematic = 0.025
[AnalysisInputs::SetCalculatedSysts] source : FakeLooseID
[AnalysisInputs::SetCalculatedSysts] => % sysematic = 0.3
[AnalysisInputs::SetCalculatedSysts] source : ChrageFlipSyst
[AnalysisInputs::SetCalculatedSysts] => % sysematic = 0.16
[CutRangeInfo::ReadCutCard] Get Cutcard from /data8/Users/jskim/HN_dilepton_plotter/data/v8-0-7.37_Unblind/CutOpCard/RunDirectory/Cards_MuMu_Bin1/HNMuMu_150.txt
Central	5.88323	3.04817	0
_MuonEn_up	5.78908	3.04817	0
_MuonEn_down	5.7922	3.04817	0
_MuonIDSF_up	5.97601	3.04817	0
_MuonIDSF_down	5.67425	3.04817	0
_ElectronEn_up	5.83729	3.04817	0
_ElectronEn_down	5.83965	3.04817	0
_ElectronIDSF_up	5.82838	3.04817	0
_ElectronIDSF_down	5.83531	3.04817	0
_TriggerSF_up	5.85799	3.04817	0
_TriggerSF_down	5.83558	3.04817	0
_PU_up	5.56414	3.04817	0
_PU_down	6.05434	3.04817	0
_JetEn_up	6.09508	3.04817	0
_JetEn_down	6.18526	3.04817	0
_JetRes_up	6.13023	3.04817	0
_JetRes_down	5.7584	3.04817	0
_Unclustered_up	5.99034	3.04817	0
_Unclustered_down	6.48627	3.04817	0
_BTagSFEff_up	5.82641	3.04817	0
_BTagSFEff_down	5.7392	3.04817	0
_BTagSFMiss_up	5.7088	3.04817	0
_BTagSFMiss_down	5.83485	3.04817	0
_JetMass_up	5.82992	3.04817	0
_JetMass_down	5.82502	3.04817	0
_JetMassRes_up	5.43422	3.04817	0
_JetMassRes_down	5.82404	3.04817	0
_Tau21_up	5.92602	3.04817	0
_Tau21_down	5.70355	3.04817	0

################ Sources ################
Source	SystTotal	SystPrompt	SystFake	Signal
Stat 9.16 11.74  14.39  -nan  1.81
Lumi 1.65  2.50 -  -  2.50
PDF  -  -  -  -  2.44
MuonPt  1.04 1.57  -  -  0.36
MuonID  1.81 2.75  -  -  2.85
ElectronE  0.50 0.76  -  -  0.25
ElectronID  0.58 0.88  -  -  0.07
Trigger  0.43 0.65  -  -  0.52
PU  2.87 4.35  -  -  1.79
JES  2.92 4.43  -  -  2.19
JER  2.19 3.33  -  -  1.72
Uncl  4.85 7.36  -  -  2.58
BEff  1.23 1.86  -  -  0.36
BMiss  1.43 2.18  -  -  0.40
JMS  0.62 0.95  -  -  0.01
JMR  3.59 5.44  -  -  0.13
Tau21  1.46 2.22  -  -  0.09
MCNorm 13.55  20.57 -  -  -
Fake 10.24  -  30.00 - -
CF 0.00  -  -  -nan -
Total Systematic 18.98 24.26  30.00  -nan  6.22

Total Background	8.931
- Prompt	5.883
- Fake	3.048
- CF	0.000
- Obs	11.000

####### Result #######
Signal Eff	0.066017
8.931403 1.210739
25.443722 1.064822
