
Processing CyclesForMixingLimit_MuMu_Bin1/HNMuMu_600_VBF.C...
[AnalysisInputs::SetMCSF] Get MC SF from /data8/Users/jskim/HN_dilepton_plotter/data/v8-0-7.37_PreApproval/MCSF.txt
[AnalysisInputs::SetMCSF] sample : VVV
[AnalysisInputs::SetMCSF] => MCSF = 1, MCSF_err = 0.5
[AnalysisInputs::SetMCSF] sample : WWW
[AnalysisInputs::SetMCSF] => MCSF = 1, MCSF_err = 0.5
[AnalysisInputs::SetMCSF] sample : WWZ
[AnalysisInputs::SetMCSF] => MCSF = 1, MCSF_err = 0.5
[AnalysisInputs::SetMCSF] sample : WZZ
[AnalysisInputs::SetMCSF] => MCSF = 1, MCSF_err = 0.5
[AnalysisInputs::SetMCSF] sample : ZZZ
[AnalysisInputs::SetMCSF] => MCSF = 1, MCSF_err = 0.5
[AnalysisInputs::SetMCSF] sample : ttV
[AnalysisInputs::SetMCSF] => MCSF = 1, MCSF_err = 0.5
[AnalysisInputs::SetMCSF] sample : ttW
[AnalysisInputs::SetMCSF] => MCSF = 1, MCSF_err = 0.5
[AnalysisInputs::SetMCSF] sample : ttZ
[AnalysisInputs::SetMCSF] => MCSF = 1, MCSF_err = 0.5
[AnalysisInputs::SetMCSF] sample : ttH_nonbb
[AnalysisInputs::SetMCSF] => MCSF = 1, MCSF_err = 0.5
[AnalysisInputs::SetMCSF] sample : top
[AnalysisInputs::SetMCSF] => MCSF = 1, MCSF_err = 0.5
[AnalysisInputs::SetMCSF] sample : WWTo2L2Nu_DS
[AnalysisInputs::SetMCSF] => MCSF = 1, MCSF_err = 0.5
[AnalysisInputs::SetMCSF] sample : WpWpEWK
[AnalysisInputs::SetMCSF] => MCSF = 1, MCSF_err = 0.5
[AnalysisInputs::SetMCSF] sample : WpWpQCD
[AnalysisInputs::SetMCSF] => MCSF = 1, MCSF_err = 0.5
[AnalysisInputs::SetMCSF] sample : WZTo3LNu_mllmin01
[AnalysisInputs::SetMCSF] => MCSF = 0.65, MCSF_err = 0.06
[AnalysisInputs::SetMCSF] sample : WZTo3LNu_powheg
[AnalysisInputs::SetMCSF] => MCSF = 1.05044, MCSF_err = 0.0648798
[AnalysisInputs::SetMCSF] sample : ZGto2LG
[AnalysisInputs::SetMCSF] => MCSF = 1.09954, MCSF_err = 0.076377
[AnalysisInputs::SetMCSF] sample : WGtoLNuG
[AnalysisInputs::SetMCSF] => MCSF = 1, MCSF_err = 0.076377
[AnalysisInputs::SetMCSF] sample : WGtoLNuG_weighted
[AnalysisInputs::SetMCSF] => MCSF = 1, MCSF_err = 0.076377
[AnalysisInputs::SetMCSF] sample : ZZTo4L_powheg
[AnalysisInputs::SetMCSF] => MCSF = 0.978852, MCSF_err = 0.0792882
[AnalysisInputs::SetMCSF] sample : ggZZto2e2mu
[AnalysisInputs::SetMCSF] => MCSF = 0.978852, MCSF_err = 0.0792882
[AnalysisInputs::SetMCSF] sample : ggZZto2e2nu
[AnalysisInputs::SetMCSF] => MCSF = 0.978852, MCSF_err = 0.0792882
[AnalysisInputs::SetMCSF] sample : ggZZto2e2tau
[AnalysisInputs::SetMCSF] => MCSF = 0.978852, MCSF_err = 0.0792882
[AnalysisInputs::SetMCSF] sample : ggZZto2mu2nu
[AnalysisInputs::SetMCSF] => MCSF = 0.978852, MCSF_err = 0.0792882
[AnalysisInputs::SetMCSF] sample : ggZZto2mu2tau
[AnalysisInputs::SetMCSF] => MCSF = 0.978852, MCSF_err = 0.0792882
[AnalysisInputs::SetMCSF] sample : ggZZto4e
[AnalysisInputs::SetMCSF] => MCSF = 0.978852, MCSF_err = 0.0792882
[AnalysisInputs::SetMCSF] sample : ggZZto4mu
[AnalysisInputs::SetMCSF] => MCSF = 0.978852, MCSF_err = 0.0792882
[AnalysisInputs::SetMCSF] sample : ggZZto4tau
[AnalysisInputs::SetMCSF] => MCSF = 0.978852, MCSF_err = 0.0792882
[AnalysisInputs::SetMCSF] sample : ggHtoZZ
[AnalysisInputs::SetMCSF] => MCSF = 0.978852, MCSF_err = 0.0792882
[AnalysisInputs::SetCalculatedSysts] Get Systematics from /data8/Users/jskim/HN_dilepton_plotter/data/v8-0-7.37_PreApproval/Syst.txt
[AnalysisInputs::SetCalculatedSysts] source : Luminosity
[AnalysisInputs::SetCalculatedSysts] => % sysematic = 0.025
[AnalysisInputs::SetCalculatedSysts] source : FakeLooseID
[AnalysisInputs::SetCalculatedSysts] => % sysematic = 0.3
[AnalysisInputs::SetCalculatedSysts] source : ChrageFlipSyst
[AnalysisInputs::SetCalculatedSysts] => % sysematic = 0.16
[CutRangeInfo::ReadCutCard] Get Cutcard from /data8/Users/jskim/HN_dilepton_plotter/data/v8-0-7.37_PreApproval/CutOpCard/RunDirectory/Cards_MuMu_Bin1/HNMuMu_600.txt
Central	0.263441	0	0
_MuonEn_up	0.255691	0	0
_MuonEn_down	0.21639	0	0
_MuonIDSF_up	0.223137	0	0
_MuonIDSF_down	0.214004	0	0
_ElectronEn_up	0.221402	0	0
_ElectronEn_down	0.221307	0	0
_ElectronIDSF_up	0.217865	0	0
_ElectronIDSF_down	0.221463	0	0
_TriggerSF_up	0.216446	0	0
_TriggerSF_down	0.221402	0	0
_PU_up	0.226635	0	0
_PU_down	0.215692	0	0
_JetEn_up	0.24963	0	0
_JetEn_down	0.412986	0	0
_JetRes_up	0.325755	0	0
_JetRes_down	0.215718	0	0
_Unclustered_up	0.216551	0	0
_Unclustered_down	0.222698	0	0
_BTagSFEff_up	0.218292	0	0
_BTagSFEff_down	0.221402	0	0
_BTagSFMiss_up	0.221357	0	0
_BTagSFMiss_down	0.221402	0	0
_JetMass_up	0.221402	0	0
_JetMass_down	0.216358	0	0
_JetMassRes_up	0.221402	0	0
_JetMassRes_down	0.221402	0	0
_Tau21_up	0.221402	0	0
_Tau21_down	0.221402	0	0

################ Sources ################
Source	SystTotal	SystPrompt	SystFake	Signal
Stat 35.04 35.04  -nan  -nan  1.76
Lumi 2.50  2.50 -  -  2.50
PDF  -  -  -  -  2.44
MuonPt  12.80 12.80  -  -  4.31
MuonID  17.12 17.12  -  -  3.49
ElectronE  15.98 15.98  -  -  0.19
ElectronID  16.63 16.63  -  -  0.27
Trigger  16.92 16.92  -  -  0.39
PU  16.18 16.18  -  -  0.54
JES  40.31 40.31  -  -  2.31
JER  21.07 21.07  -  -  0.79
Uncl  16.67 16.67  -  -  1.05
BEff  16.56 16.56  -  -  0.29
BMiss  15.97 15.97  -  -  0.52
JMS  16.94 16.94  -  -  0.10
JMR  15.96 15.96  -  -  0.11
Tau21  15.96 15.96  -  -  0.12
MCNorm 35.96  35.96 -  -  -
Fake 0.00  -  -nan - -
CF 0.00  -  -  -nan -
Total Systematic 80.68 80.68  -nan  -nan  7.14

Total Background	0.263
- Prompt	0.263
- Fake	0.000
- CF	0.000

####### Result #######
Signal Eff	0.090466
0.263441 1.879559
0.166334 1.073529
