
Processing CyclesForMixingLimit_MuMu_Bin1/HNMuMu_70.C...
[AnalysisInputs::SetMCSF] Get MC SF from /data8/Users/jskim/HN_dilepton_plotter/data/v8-0-7.37_Unblind/MCSF.txt
[AnalysisInputs::SetMCSF] sample : VVV
[AnalysisInputs::SetMCSF] => MCSF = 1, MCSF_err = 0.5
[AnalysisInputs::SetMCSF] sample : WWW
[AnalysisInputs::SetMCSF] => MCSF = 1, MCSF_err = 0.5
[AnalysisInputs::SetMCSF] sample : WWZ
[AnalysisInputs::SetMCSF] => MCSF = 1, MCSF_err = 0.5
[AnalysisInputs::SetMCSF] sample : WZZ
[AnalysisInputs::SetMCSF] => MCSF = 1, MCSF_err = 0.5
[AnalysisInputs::SetMCSF] sample : ZZZ
[AnalysisInputs::SetMCSF] => MCSF = 1, MCSF_err = 0.5
[AnalysisInputs::SetMCSF] sample : ttV
[AnalysisInputs::SetMCSF] => MCSF = 1, MCSF_err = 0.5
[AnalysisInputs::SetMCSF] sample : ttW
[AnalysisInputs::SetMCSF] => MCSF = 1, MCSF_err = 0.5
[AnalysisInputs::SetMCSF] sample : ttZ
[AnalysisInputs::SetMCSF] => MCSF = 1, MCSF_err = 0.5
[AnalysisInputs::SetMCSF] sample : ttH_nonbb
[AnalysisInputs::SetMCSF] => MCSF = 1, MCSF_err = 0.5
[AnalysisInputs::SetMCSF] sample : top
[AnalysisInputs::SetMCSF] => MCSF = 1, MCSF_err = 0.5
[AnalysisInputs::SetMCSF] sample : WWTo2L2Nu_DS
[AnalysisInputs::SetMCSF] => MCSF = 1, MCSF_err = 0.5
[AnalysisInputs::SetMCSF] sample : WpWpEWK
[AnalysisInputs::SetMCSF] => MCSF = 1.3062, MCSF_err = 0.5
[AnalysisInputs::SetMCSF] sample : WpWpQCD
[AnalysisInputs::SetMCSF] => MCSF = 1.70026, MCSF_err = 0.5
[AnalysisInputs::SetMCSF] sample : WZTo3LNu_mllmin01
[AnalysisInputs::SetMCSF] => MCSF = 0.65, MCSF_err = 0.06
[AnalysisInputs::SetMCSF] sample : WZTo3LNu_powheg
[AnalysisInputs::SetMCSF] => MCSF = 1.05044, MCSF_err = 0.0648798
[AnalysisInputs::SetMCSF] sample : ZGto2LG
[AnalysisInputs::SetMCSF] => MCSF = 1.09954, MCSF_err = 0.076377
[AnalysisInputs::SetMCSF] sample : WGtoLNuG
[AnalysisInputs::SetMCSF] => MCSF = 1, MCSF_err = 0.076377
[AnalysisInputs::SetMCSF] sample : WGtoLNuG_weighted
[AnalysisInputs::SetMCSF] => MCSF = 1, MCSF_err = 0.076377
[AnalysisInputs::SetMCSF] sample : ZZTo4L_powheg
[AnalysisInputs::SetMCSF] => MCSF = 0.978852, MCSF_err = 0.0792882
[AnalysisInputs::SetMCSF] sample : ggZZto2e2mu
[AnalysisInputs::SetMCSF] => MCSF = 0.978852, MCSF_err = 0.0792882
[AnalysisInputs::SetMCSF] sample : ggZZto2e2nu
[AnalysisInputs::SetMCSF] => MCSF = 0.978852, MCSF_err = 0.0792882
[AnalysisInputs::SetMCSF] sample : ggZZto2e2tau
[AnalysisInputs::SetMCSF] => MCSF = 0.978852, MCSF_err = 0.0792882
[AnalysisInputs::SetMCSF] sample : ggZZto2mu2nu
[AnalysisInputs::SetMCSF] => MCSF = 0.978852, MCSF_err = 0.0792882
[AnalysisInputs::SetMCSF] sample : ggZZto2mu2tau
[AnalysisInputs::SetMCSF] => MCSF = 0.978852, MCSF_err = 0.0792882
[AnalysisInputs::SetMCSF] sample : ggZZto4e
[AnalysisInputs::SetMCSF] => MCSF = 0.978852, MCSF_err = 0.0792882
[AnalysisInputs::SetMCSF] sample : ggZZto4mu
[AnalysisInputs::SetMCSF] => MCSF = 0.978852, MCSF_err = 0.0792882
[AnalysisInputs::SetMCSF] sample : ggZZto4tau
[AnalysisInputs::SetMCSF] => MCSF = 0.978852, MCSF_err = 0.0792882
[AnalysisInputs::SetMCSF] sample : ggHtoZZ
[AnalysisInputs::SetMCSF] => MCSF = 0.978852, MCSF_err = 0.0792882
[AnalysisInputs::SetCalculatedSysts] Get Systematics from /data8/Users/jskim/HN_dilepton_plotter/data/v8-0-7.37_Unblind/Syst.txt
[AnalysisInputs::SetCalculatedSysts] source : Luminosity
[AnalysisInputs::SetCalculatedSysts] => % sysematic = 0.025
[AnalysisInputs::SetCalculatedSysts] source : FakeLooseID
[AnalysisInputs::SetCalculatedSysts] => % sysematic = 0.3
[AnalysisInputs::SetCalculatedSysts] source : ChrageFlipSyst
[AnalysisInputs::SetCalculatedSysts] => % sysematic = 0.16
[CutRangeInfo::ReadCutCard] Get Cutcard from /data8/Users/jskim/HN_dilepton_plotter/data/v8-0-7.37_Unblind/CutOpCard/RunDirectory/Cards_MuMu_Bin1/HNMuMu_70.txt
Central	9.75534	10.4203	0
_MuonEn_up	9.73388	10.4203	0
_MuonEn_down	9.75056	10.4203	0
_MuonIDSF_up	10.0597	10.4203	0
_MuonIDSF_down	9.55001	10.4203	0
_ElectronEn_up	9.83553	10.4203	0
_ElectronEn_down	9.91759	10.4203	0
_ElectronIDSF_up	10.3323	10.4203	0
_ElectronIDSF_down	9.7664	10.4203	0
_TriggerSF_up	9.98649	10.4203	0
_TriggerSF_down	9.85046	10.4203	0
_PU_up	9.88259	10.4203	0
_PU_down	9.83687	10.4203	0
_JetEn_up	9.10465	10.4203	0
_JetEn_down	9.62159	10.4203	0
_JetRes_up	9.70999	10.4203	0
_JetRes_down	9.32539	10.4203	0
_Unclustered_up	9.67509	10.4203	0
_Unclustered_down	10.933	10.4203	0
_BTagSFEff_up	9.93106	10.4203	0
_BTagSFEff_down	9.92643	10.4203	0
_BTagSFMiss_up	10.3197	10.4203	0
_BTagSFMiss_down	9.84788	10.4203	0
_JetMass_up	9.83509	10.4203	0
_JetMass_down	9.84581	10.4203	0
_JetMassRes_up	9.92214	10.4203	0
_JetMassRes_down	9.84029	10.4203	0
_Tau21_up	10.1098	10.4203	0
_Tau21_down	9.84642	10.4203	0

################ Sources ################
Source	SystTotal	SystPrompt	SystFake	Signal
Stat 11.55 20.82  10.96  -nan  8.14
Lumi 1.21  2.50 -  -  2.50
PDF  -  -  -  -  8.37
MuonPt  0.08 0.16  -  -  1.58
MuonID  1.29 2.66  -  -  3.67
ElectronE  0.63 1.31  -  -  0.81
ElectronID  2.02 4.18  -  -  0.35
Trigger  0.88 1.81  -  -  0.68
PU  0.53 1.10  -  -  0.92
JES  2.33 4.82  -  -  1.39
JER  1.52 3.13  -  -  1.14
Uncl  4.14 8.56  -  -  4.10
BEff  0.86 1.78  -  -  0.96
BMiss  2.00 4.15  -  -  0.35
JMS  0.42 0.87  -  -  0.49
JMR  0.66 1.36  -  -  0.49
Tau21  1.28 2.65  -  -  0.35
MCNorm 6.38  13.19 -  -  -
Fake 15.49  -  30.00 - -
CF 0.00  -  -  -nan -
Total Systematic 17.92 18.63  30.00  -nan  10.77

Total Background	20.176
- Prompt	9.755
- Fake	10.420
- CF	0.000
- Obs	21.000

####### Result #######
Signal Eff	0.001703
20.175637 1.213217
222.626497 1.135019
