
Processing CyclesForMixingLimit_MuMu_Bin1/HNMuMu_200.C...
[AnalysisInputs::SetMCSF] Get MC SF from /data8/Users/jskim/HN_dilepton_plotter/data/v8-0-7.37_Unblind/MCSF.txt
[AnalysisInputs::SetMCSF] sample : VVV
[AnalysisInputs::SetMCSF] => MCSF = 1, MCSF_err = 0.5
[AnalysisInputs::SetMCSF] sample : WWW
[AnalysisInputs::SetMCSF] => MCSF = 1, MCSF_err = 0.5
[AnalysisInputs::SetMCSF] sample : WWZ
[AnalysisInputs::SetMCSF] => MCSF = 1, MCSF_err = 0.5
[AnalysisInputs::SetMCSF] sample : WZZ
[AnalysisInputs::SetMCSF] => MCSF = 1, MCSF_err = 0.5
[AnalysisInputs::SetMCSF] sample : ZZZ
[AnalysisInputs::SetMCSF] => MCSF = 1, MCSF_err = 0.5
[AnalysisInputs::SetMCSF] sample : ttV
[AnalysisInputs::SetMCSF] => MCSF = 1, MCSF_err = 0.5
[AnalysisInputs::SetMCSF] sample : ttW
[AnalysisInputs::SetMCSF] => MCSF = 1, MCSF_err = 0.5
[AnalysisInputs::SetMCSF] sample : ttZ
[AnalysisInputs::SetMCSF] => MCSF = 1, MCSF_err = 0.5
[AnalysisInputs::SetMCSF] sample : ttH_nonbb
[AnalysisInputs::SetMCSF] => MCSF = 1, MCSF_err = 0.5
[AnalysisInputs::SetMCSF] sample : top
[AnalysisInputs::SetMCSF] => MCSF = 1, MCSF_err = 0.5
[AnalysisInputs::SetMCSF] sample : WWTo2L2Nu_DS
[AnalysisInputs::SetMCSF] => MCSF = 1, MCSF_err = 0.5
[AnalysisInputs::SetMCSF] sample : WpWpEWK
[AnalysisInputs::SetMCSF] => MCSF = 1.3062, MCSF_err = 0.5
[AnalysisInputs::SetMCSF] sample : WpWpQCD
[AnalysisInputs::SetMCSF] => MCSF = 1.70026, MCSF_err = 0.5
[AnalysisInputs::SetMCSF] sample : WZTo3LNu_mllmin01
[AnalysisInputs::SetMCSF] => MCSF = 0.65, MCSF_err = 0.06
[AnalysisInputs::SetMCSF] sample : WZTo3LNu_powheg
[AnalysisInputs::SetMCSF] => MCSF = 1.05044, MCSF_err = 0.0648798
[AnalysisInputs::SetMCSF] sample : ZGto2LG
[AnalysisInputs::SetMCSF] => MCSF = 1.09954, MCSF_err = 0.076377
[AnalysisInputs::SetMCSF] sample : WGtoLNuG
[AnalysisInputs::SetMCSF] => MCSF = 1, MCSF_err = 0.076377
[AnalysisInputs::SetMCSF] sample : WGtoLNuG_weighted
[AnalysisInputs::SetMCSF] => MCSF = 1, MCSF_err = 0.076377
[AnalysisInputs::SetMCSF] sample : ZZTo4L_powheg
[AnalysisInputs::SetMCSF] => MCSF = 0.978852, MCSF_err = 0.0792882
[AnalysisInputs::SetMCSF] sample : ggZZto2e2mu
[AnalysisInputs::SetMCSF] => MCSF = 0.978852, MCSF_err = 0.0792882
[AnalysisInputs::SetMCSF] sample : ggZZto2e2nu
[AnalysisInputs::SetMCSF] => MCSF = 0.978852, MCSF_err = 0.0792882
[AnalysisInputs::SetMCSF] sample : ggZZto2e2tau
[AnalysisInputs::SetMCSF] => MCSF = 0.978852, MCSF_err = 0.0792882
[AnalysisInputs::SetMCSF] sample : ggZZto2mu2nu
[AnalysisInputs::SetMCSF] => MCSF = 0.978852, MCSF_err = 0.0792882
[AnalysisInputs::SetMCSF] sample : ggZZto2mu2tau
[AnalysisInputs::SetMCSF] => MCSF = 0.978852, MCSF_err = 0.0792882
[AnalysisInputs::SetMCSF] sample : ggZZto4e
[AnalysisInputs::SetMCSF] => MCSF = 0.978852, MCSF_err = 0.0792882
[AnalysisInputs::SetMCSF] sample : ggZZto4mu
[AnalysisInputs::SetMCSF] => MCSF = 0.978852, MCSF_err = 0.0792882
[AnalysisInputs::SetMCSF] sample : ggZZto4tau
[AnalysisInputs::SetMCSF] => MCSF = 0.978852, MCSF_err = 0.0792882
[AnalysisInputs::SetMCSF] sample : ggHtoZZ
[AnalysisInputs::SetMCSF] => MCSF = 0.978852, MCSF_err = 0.0792882
[AnalysisInputs::SetCalculatedSysts] Get Systematics from /data8/Users/jskim/HN_dilepton_plotter/data/v8-0-7.37_Unblind/Syst.txt
[AnalysisInputs::SetCalculatedSysts] source : Luminosity
[AnalysisInputs::SetCalculatedSysts] => % sysematic = 0.025
[AnalysisInputs::SetCalculatedSysts] source : FakeLooseID
[AnalysisInputs::SetCalculatedSysts] => % sysematic = 0.3
[AnalysisInputs::SetCalculatedSysts] source : ChrageFlipSyst
[AnalysisInputs::SetCalculatedSysts] => % sysematic = 0.16
[CutRangeInfo::ReadCutCard] Get Cutcard from /data8/Users/jskim/HN_dilepton_plotter/data/v8-0-7.37_Unblind/CutOpCard/RunDirectory/Cards_MuMu_Bin1/HNMuMu_200.txt
Central	3.85366	0.682673	0
_MuonEn_up	3.74821	0.682673	0
_MuonEn_down	3.93816	0.682673	0
_MuonIDSF_up	4.05564	0.682673	0
_MuonIDSF_down	3.8066	0.682673	0
_ElectronEn_up	3.94432	0.682673	0
_ElectronEn_down	3.8502	0.682673	0
_ElectronIDSF_up	3.92913	0.682673	0
_ElectronIDSF_down	3.95112	0.682673	0
_TriggerSF_up	3.92505	0.682673	0
_TriggerSF_down	3.9347	0.682673	0
_PU_up	3.9651	0.682673	0
_PU_down	3.86537	0.682673	0
_JetEn_up	4.6979	0.682673	0
_JetEn_down	3.81915	0.682673	0
_JetRes_up	3.92954	0.682673	0
_JetRes_down	3.90696	0.682673	0
_Unclustered_up	3.77961	0.682673	0
_Unclustered_down	4.08483	0.682673	0
_BTagSFEff_up	3.91745	0.682673	0
_BTagSFEff_down	3.8626	0.682673	0
_BTagSFMiss_up	3.92618	0.682673	0
_BTagSFMiss_down	3.92901	0.682673	0
_JetMass_up	3.9158	0.682673	0
_JetMass_down	3.93032	0.682673	0
_JetMassRes_up	3.93088	0.682673	0
_JetMassRes_down	3.92932	0.682673	0
_Tau21_up	4.03715	0.682673	0
_Tau21_down	3.83415	0.682673	0

################ Sources ################
Source	SystTotal	SystPrompt	SystFake	Signal
Stat 11.53 12.47  30.28  -nan  1.69
Lumi 2.12  2.50 -  -  2.50
PDF  -  -  -  -  2.44
MuonPt  2.11 2.48  -  -  1.48
MuonID  3.23 3.81  -  -  3.38
ElectronE  1.41 1.66  -  -  0.09
ElectronID  1.92 2.26  -  -  0.23
Trigger  1.68 1.98  -  -  0.27
PU  1.75 2.06  -  -  1.37
JES  13.17 15.50  -  -  2.63
JER  1.45 1.70  -  -  2.45
Uncl  3.78 4.45  -  -  1.67
BEff  1.00 1.18  -  -  0.38
BMiss  1.63 1.92  -  -  0.38
JMS  1.54 1.81  -  -  0.19
JMR  1.69 1.98  -  -  0.13
Tau21  2.88 3.39  -  -  0.03
MCNorm 19.16  22.56 -  -  -
Fake 4.51  -  30.00 - -
CF 0.00  -  -  -nan -
Total Systematic 25.01 28.96  30.00  -nan  6.62

Total Background	4.536
- Prompt	3.854
- Fake	0.683
- CF	0.000
- Obs	4.000

####### Result #######
Signal Eff	0.080933
4.536336 1.275424
9.780283 1.068346
