
Processing CyclesForMixingLimit_MuMu_Bin1/HNMuMu_80.C...
[AnalysisInputs::SetMCSF] Get MC SF from /data8/Users/jskim/HN_dilepton_plotter/data/v8-0-7.37_PreApproval/MCSF.txt
[AnalysisInputs::SetMCSF] sample : VVV
[AnalysisInputs::SetMCSF] => MCSF = 1, MCSF_err = 0.5
[AnalysisInputs::SetMCSF] sample : WWW
[AnalysisInputs::SetMCSF] => MCSF = 1, MCSF_err = 0.5
[AnalysisInputs::SetMCSF] sample : WWZ
[AnalysisInputs::SetMCSF] => MCSF = 1, MCSF_err = 0.5
[AnalysisInputs::SetMCSF] sample : WZZ
[AnalysisInputs::SetMCSF] => MCSF = 1, MCSF_err = 0.5
[AnalysisInputs::SetMCSF] sample : ZZZ
[AnalysisInputs::SetMCSF] => MCSF = 1, MCSF_err = 0.5
[AnalysisInputs::SetMCSF] sample : ttV
[AnalysisInputs::SetMCSF] => MCSF = 1, MCSF_err = 0.5
[AnalysisInputs::SetMCSF] sample : ttW
[AnalysisInputs::SetMCSF] => MCSF = 1, MCSF_err = 0.5
[AnalysisInputs::SetMCSF] sample : ttZ
[AnalysisInputs::SetMCSF] => MCSF = 1, MCSF_err = 0.5
[AnalysisInputs::SetMCSF] sample : ttH_nonbb
[AnalysisInputs::SetMCSF] => MCSF = 1, MCSF_err = 0.5
[AnalysisInputs::SetMCSF] sample : top
[AnalysisInputs::SetMCSF] => MCSF = 1, MCSF_err = 0.5
[AnalysisInputs::SetMCSF] sample : WWTo2L2Nu_DS
[AnalysisInputs::SetMCSF] => MCSF = 1, MCSF_err = 0.5
[AnalysisInputs::SetMCSF] sample : WpWpEWK
[AnalysisInputs::SetMCSF] => MCSF = 1, MCSF_err = 0.5
[AnalysisInputs::SetMCSF] sample : WpWpQCD
[AnalysisInputs::SetMCSF] => MCSF = 1, MCSF_err = 0.5
[AnalysisInputs::SetMCSF] sample : WZTo3LNu_mllmin01
[AnalysisInputs::SetMCSF] => MCSF = 0.65, MCSF_err = 0.06
[AnalysisInputs::SetMCSF] sample : WZTo3LNu_powheg
[AnalysisInputs::SetMCSF] => MCSF = 1.05044, MCSF_err = 0.0648798
[AnalysisInputs::SetMCSF] sample : ZGto2LG
[AnalysisInputs::SetMCSF] => MCSF = 1.09954, MCSF_err = 0.076377
[AnalysisInputs::SetMCSF] sample : WGtoLNuG
[AnalysisInputs::SetMCSF] => MCSF = 1, MCSF_err = 0.076377
[AnalysisInputs::SetMCSF] sample : WGtoLNuG_weighted
[AnalysisInputs::SetMCSF] => MCSF = 1, MCSF_err = 0.076377
[AnalysisInputs::SetMCSF] sample : ZZTo4L_powheg
[AnalysisInputs::SetMCSF] => MCSF = 0.978852, MCSF_err = 0.0792882
[AnalysisInputs::SetMCSF] sample : ggZZto2e2mu
[AnalysisInputs::SetMCSF] => MCSF = 0.978852, MCSF_err = 0.0792882
[AnalysisInputs::SetMCSF] sample : ggZZto2e2nu
[AnalysisInputs::SetMCSF] => MCSF = 0.978852, MCSF_err = 0.0792882
[AnalysisInputs::SetMCSF] sample : ggZZto2e2tau
[AnalysisInputs::SetMCSF] => MCSF = 0.978852, MCSF_err = 0.0792882
[AnalysisInputs::SetMCSF] sample : ggZZto2mu2nu
[AnalysisInputs::SetMCSF] => MCSF = 0.978852, MCSF_err = 0.0792882
[AnalysisInputs::SetMCSF] sample : ggZZto2mu2tau
[AnalysisInputs::SetMCSF] => MCSF = 0.978852, MCSF_err = 0.0792882
[AnalysisInputs::SetMCSF] sample : ggZZto4e
[AnalysisInputs::SetMCSF] => MCSF = 0.978852, MCSF_err = 0.0792882
[AnalysisInputs::SetMCSF] sample : ggZZto4mu
[AnalysisInputs::SetMCSF] => MCSF = 0.978852, MCSF_err = 0.0792882
[AnalysisInputs::SetMCSF] sample : ggZZto4tau
[AnalysisInputs::SetMCSF] => MCSF = 0.978852, MCSF_err = 0.0792882
[AnalysisInputs::SetMCSF] sample : ggHtoZZ
[AnalysisInputs::SetMCSF] => MCSF = 0.978852, MCSF_err = 0.0792882
[AnalysisInputs::SetCalculatedSysts] Get Systematics from /data8/Users/jskim/HN_dilepton_plotter/data/v8-0-7.37_PreApproval/Syst.txt
[AnalysisInputs::SetCalculatedSysts] source : Luminosity
[AnalysisInputs::SetCalculatedSysts] => % sysematic = 0.025
[AnalysisInputs::SetCalculatedSysts] source : FakeLooseID
[AnalysisInputs::SetCalculatedSysts] => % sysematic = 0.3
[AnalysisInputs::SetCalculatedSysts] source : ChrageFlipSyst
[AnalysisInputs::SetCalculatedSysts] => % sysematic = 0.16
[CutRangeInfo::ReadCutCard] Get Cutcard from /data8/Users/jskim/HN_dilepton_plotter/data/v8-0-7.37_PreApproval/CutOpCard/RunDirectory/Cards_MuMu_Bin1/HNMuMu_80.txt
Central	8.99237	9.7736	0
_MuonEn_up	8.81851	9.7736	0
_MuonEn_down	8.91491	9.7736	0
_MuonIDSF_up	9.20337	9.7736	0
_MuonIDSF_down	8.73148	9.7736	0
_ElectronEn_up	8.99658	9.7736	0
_ElectronEn_down	9.07864	9.7736	0
_ElectronIDSF_up	9.49339	9.7736	0
_ElectronIDSF_down	9.00856	9.7736	0
_TriggerSF_up	9.13876	9.7736	0
_TriggerSF_down	9.01152	9.7736	0
_PU_up	8.98133	9.7736	0
_PU_down	9.0835	9.7736	0
_JetEn_up	8.78968	9.7736	0
_JetEn_down	9.05217	9.7736	0
_JetRes_up	8.99896	9.7736	0
_JetRes_down	8.38884	9.7736	0
_Unclustered_up	9.42966	9.7736	0
_Unclustered_down	10.1415	9.7736	0
_BTagSFEff_up	9.09211	9.7736	0
_BTagSFEff_down	8.99823	9.7736	0
_BTagSFMiss_up	9.4808	9.7736	0
_BTagSFMiss_down	9.00893	9.7736	0
_JetMass_up	8.99423	9.7736	0
_JetMass_down	9.00687	9.7736	0
_JetMassRes_up	9.08319	9.7736	0
_JetMassRes_down	9.00057	9.7736	0
_Tau21_up	9.18162	9.7736	0
_Tau21_down	9.00747	9.7736	0

################ Sources ################
Source	SystTotal	SystPrompt	SystFake	Signal
Stat 10.63 18.60  11.10  -nan  4.63
Lumi 1.20  2.50 -  -  2.50
PDF  -  -  -  -  8.37
MuonPt  0.72 1.50  -  -  0.54
MuonID  1.26 2.64  -  -  3.18
ElectronE  0.33 0.68  -  -  0.38
ElectronID  1.89 3.94  -  -  0.27
Trigger  0.56 1.16  -  -  0.83
PU  0.35 0.72  -  -  1.78
JES  0.80 1.66  -  -  5.64
JER  2.27 4.75  -  -  0.72
Uncl  4.63 9.67  -  -  2.26
BEff  0.38 0.79  -  -  0.58
BMiss  1.84 3.84  -  -  0.72
JMS  0.06 0.11  -  -  0.09
JMR  0.34 0.72  -  -  0.48
Tau21  0.72 1.49  -  -  0.11
MCNorm 6.24  13.02 -  -  -
Fake 15.62  -  30.00 - -
CF 0.00  -  -  -nan -
Total Systematic 17.95 18.43  30.00  -nan  11.37

Total Background	18.766
- Prompt	8.992
- Fake	9.774
- CF	0.000

####### Result #######
Signal Eff	0.005373
18.765978 1.208581
363.540732 1.122785
