
Processing CyclesForMixingLimit_MuMu_Bin1/HNMuMu_700_VBF.C...
[AnalysisInputs::SetMCSF] Get MC SF from /data8/Users/jskim/HN_dilepton_plotter/data/v8-0-7.37_Approved/MCSF.txt
[AnalysisInputs::SetMCSF] sample : VVV
[AnalysisInputs::SetMCSF] => MCSF = 1, MCSF_err = 0.5
[AnalysisInputs::SetMCSF] sample : WWW
[AnalysisInputs::SetMCSF] => MCSF = 1, MCSF_err = 0.5
[AnalysisInputs::SetMCSF] sample : WWZ
[AnalysisInputs::SetMCSF] => MCSF = 1, MCSF_err = 0.5
[AnalysisInputs::SetMCSF] sample : WZZ
[AnalysisInputs::SetMCSF] => MCSF = 1, MCSF_err = 0.5
[AnalysisInputs::SetMCSF] sample : ZZZ
[AnalysisInputs::SetMCSF] => MCSF = 1, MCSF_err = 0.5
[AnalysisInputs::SetMCSF] sample : ttV
[AnalysisInputs::SetMCSF] => MCSF = 1, MCSF_err = 0.5
[AnalysisInputs::SetMCSF] sample : ttW
[AnalysisInputs::SetMCSF] => MCSF = 1, MCSF_err = 0.5
[AnalysisInputs::SetMCSF] sample : ttZ
[AnalysisInputs::SetMCSF] => MCSF = 1, MCSF_err = 0.5
[AnalysisInputs::SetMCSF] sample : ttH_nonbb
[AnalysisInputs::SetMCSF] => MCSF = 1, MCSF_err = 0.5
[AnalysisInputs::SetMCSF] sample : top
[AnalysisInputs::SetMCSF] => MCSF = 1, MCSF_err = 0.5
[AnalysisInputs::SetMCSF] sample : WWTo2L2Nu_DS
[AnalysisInputs::SetMCSF] => MCSF = 1, MCSF_err = 0.5
[AnalysisInputs::SetMCSF] sample : WpWpEWK
[AnalysisInputs::SetMCSF] => MCSF = 1.3062, MCSF_err = 0.5
[AnalysisInputs::SetMCSF] sample : WpWpQCD
[AnalysisInputs::SetMCSF] => MCSF = 1.70026, MCSF_err = 0.5
[AnalysisInputs::SetMCSF] sample : WZTo3LNu_mllmin01
[AnalysisInputs::SetMCSF] => MCSF = 0.65, MCSF_err = 0.06
[AnalysisInputs::SetMCSF] sample : WZTo3LNu_powheg
[AnalysisInputs::SetMCSF] => MCSF = 1.05149, MCSF_err = 0.064601
[AnalysisInputs::SetMCSF] sample : ZGto2LG
[AnalysisInputs::SetMCSF] => MCSF = 1.09319, MCSF_err = 0.0752381
[AnalysisInputs::SetMCSF] sample : ZZTo4L_powheg
[AnalysisInputs::SetMCSF] => MCSF = 0.97851, MCSF_err = 0.25
[AnalysisInputs::SetMCSF] sample : ggZZto2e2mu
[AnalysisInputs::SetMCSF] => MCSF = 0.97851, MCSF_err = 0.25
[AnalysisInputs::SetMCSF] sample : ggZZto2e2nu
[AnalysisInputs::SetMCSF] => MCSF = 0.97851, MCSF_err = 0.25
[AnalysisInputs::SetMCSF] sample : ggZZto2e2tau
[AnalysisInputs::SetMCSF] => MCSF = 0.97851, MCSF_err = 0.25
[AnalysisInputs::SetMCSF] sample : ggZZto2mu2nu
[AnalysisInputs::SetMCSF] => MCSF = 0.97851, MCSF_err = 0.25
[AnalysisInputs::SetMCSF] sample : ggZZto2mu2tau
[AnalysisInputs::SetMCSF] => MCSF = 0.97851, MCSF_err = 0.25
[AnalysisInputs::SetMCSF] sample : ggZZto4e
[AnalysisInputs::SetMCSF] => MCSF = 0.97851, MCSF_err = 0.25
[AnalysisInputs::SetMCSF] sample : ggZZto4mu
[AnalysisInputs::SetMCSF] => MCSF = 0.97851, MCSF_err = 0.25
[AnalysisInputs::SetMCSF] sample : ggZZto4tau
[AnalysisInputs::SetMCSF] => MCSF = 0.97851, MCSF_err = 0.25
[AnalysisInputs::SetMCSF] sample : ggHtoZZ
[AnalysisInputs::SetMCSF] => MCSF = 0.97851, MCSF_err = 0.25
[AnalysisInputs::SetMCSF] sample : WGtoLNuG
[AnalysisInputs::SetMCSF] => MCSF = 1, MCSF_err = 0.0752381
[AnalysisInputs::SetMCSF] sample : WGtoLNuG_weighted
[AnalysisInputs::SetMCSF] => MCSF = 1, MCSF_err = 0.0752381
[AnalysisInputs::SetCalculatedSysts] Get Systematics from /data8/Users/jskim/HN_dilepton_plotter/data/v8-0-7.37_Approved/Syst.txt
[AnalysisInputs::SetCalculatedSysts] source : Luminosity
[AnalysisInputs::SetCalculatedSysts] => % sysematic = 0.025
[AnalysisInputs::SetCalculatedSysts] source : FakeLooseID
[AnalysisInputs::SetCalculatedSysts] => % sysematic = 0.3
[AnalysisInputs::SetCalculatedSysts] source : ChrageFlipSyst
[AnalysisInputs::SetCalculatedSysts] => % sysematic = 0.16
[CutRangeInfo::ReadCutCard] Get Cutcard from /data8/Users/jskim/HN_dilepton_plotter/data/v8-0-7.37_Approved/CutOpCard/RunDirectory/Cards_MuMu_Bin1/HNMuMu_700.txt
Central	0.219333	0	0
_MuonEn_up	0.218093	0	0
_MuonEn_down	0.218093	0	0
_MuonIDSF_up	0.227341	0	0
_MuonIDSF_down	0.213702	0	0
_ElectronEn_up	0.218093	0	0
_ElectronEn_down	0.218093	0	0
_ElectronIDSF_up	0.218093	0	0
_ElectronIDSF_down	0.224941	0	0
_TriggerSF_up	0.212869	0	0
_TriggerSF_down	0.221592	0	0
_PU_up	0.218401	0	0
_PU_down	0.219976	0	0
_JetEn_up	0.342908	0	0
_JetEn_down	0.5729	0	0
_JetRes_up	0.393417	0	0
_JetRes_down	0.224847	0	0
_Unclustered_up	0.297838	0	0
_Unclustered_down	0.294384	0	0
_BTagSFEff_up	0.218093	0	0
_BTagSFEff_down	0.218093	0	0
_BTagSFMiss_up	0.208107	0	0
_BTagSFMiss_down	0.218093	0	0
_JetMass_up	0.211621	0	0
_JetMass_down	0.218093	0	0
_JetMassRes_up	0.218093	0	0
_JetMassRes_down	0.219241	0	0
_Tau21_up	0.217529	0	0
_Tau21_down	0.218093	0	0

################ Sources ################
Source	SystTotal	SystPrompt	SystFake	Signal
Stat 20.13 20.13  -nan  -nan  1.92
Lumi 2.50  2.50 -  -  2.50
PDF  -  -  -  -  3.50
MuonPt  0.57 0.57  -  -  0.80
MuonID  3.16 3.16  -  -  3.34
ElectronE  0.57 0.57  -  -  0.02
ElectronID  1.85 1.85  -  -  0.44
Trigger  2.21 2.21  -  -  0.32
PU  0.36 0.36  -  -  0.30
JES  120.75 120.75  -  -  0.79
JER  56.15 56.15  -  -  1.51
Uncl  35.01 35.01  -  -  0.36
BEff  0.57 0.57  -  -  0.36
BMiss  3.64 3.64  -  -  0.35
JMS  2.52 2.52  -  -  0.09
JMR  0.40 0.40  -  -  0.08
Tau21  0.71 0.71  -  -  0.17
MCNorm 61.90  61.90 -  -  -
Fake 0.00  -  -nan - -
CF 0.00  -  -  -nan -
Total Systematic 151.12 151.12  -nan  -nan  5.83

Total Background	0.219
- Prompt	0.219
- Fake	0.000
- CF	0.000
- Obs	2.000

####### Result #######
Signal Eff	0.094838
0.219333 2.524515
0.089232 1.061366
