
Processing CyclesForMixingLimit_MuMu_Bin1/HNMuMu_100.C...
[AnalysisInputs::SetMCSF] Get MC SF from /data8/Users/jskim/HN_dilepton_plotter/data/v8-0-7.37_ForApproval/MCSF.txt
[AnalysisInputs::SetMCSF] sample : VVV
[AnalysisInputs::SetMCSF] => MCSF = 1, MCSF_err = 0.5
[AnalysisInputs::SetMCSF] sample : WWW
[AnalysisInputs::SetMCSF] => MCSF = 1, MCSF_err = 0.5
[AnalysisInputs::SetMCSF] sample : WWZ
[AnalysisInputs::SetMCSF] => MCSF = 1, MCSF_err = 0.5
[AnalysisInputs::SetMCSF] sample : WZZ
[AnalysisInputs::SetMCSF] => MCSF = 1, MCSF_err = 0.5
[AnalysisInputs::SetMCSF] sample : ZZZ
[AnalysisInputs::SetMCSF] => MCSF = 1, MCSF_err = 0.5
[AnalysisInputs::SetMCSF] sample : ttV
[AnalysisInputs::SetMCSF] => MCSF = 1, MCSF_err = 0.5
[AnalysisInputs::SetMCSF] sample : ttW
[AnalysisInputs::SetMCSF] => MCSF = 1, MCSF_err = 0.5
[AnalysisInputs::SetMCSF] sample : ttZ
[AnalysisInputs::SetMCSF] => MCSF = 1, MCSF_err = 0.5
[AnalysisInputs::SetMCSF] sample : ttH_nonbb
[AnalysisInputs::SetMCSF] => MCSF = 1, MCSF_err = 0.5
[AnalysisInputs::SetMCSF] sample : top
[AnalysisInputs::SetMCSF] => MCSF = 1, MCSF_err = 0.5
[AnalysisInputs::SetMCSF] sample : WWTo2L2Nu_DS
[AnalysisInputs::SetMCSF] => MCSF = 1, MCSF_err = 0.5
[AnalysisInputs::SetMCSF] sample : WpWpEWK
[AnalysisInputs::SetMCSF] => MCSF = 1.3062, MCSF_err = 0.5
[AnalysisInputs::SetMCSF] sample : WpWpQCD
[AnalysisInputs::SetMCSF] => MCSF = 1.70026, MCSF_err = 0.5
[AnalysisInputs::SetMCSF] sample : WZTo3LNu_mllmin01
[AnalysisInputs::SetMCSF] => MCSF = 0.65, MCSF_err = 0.06
[AnalysisInputs::SetMCSF] sample : WZTo3LNu_powheg
[AnalysisInputs::SetMCSF] => MCSF = 1.05149, MCSF_err = 0.064601
[AnalysisInputs::SetMCSF] sample : ZGto2LG
[AnalysisInputs::SetMCSF] => MCSF = 1.09319, MCSF_err = 0.0752381
[AnalysisInputs::SetMCSF] sample : ZZTo4L_powheg
[AnalysisInputs::SetMCSF] => MCSF = 0.97851, MCSF_err = 0.25
[AnalysisInputs::SetMCSF] sample : ggZZto2e2mu
[AnalysisInputs::SetMCSF] => MCSF = 0.97851, MCSF_err = 0.25
[AnalysisInputs::SetMCSF] sample : ggZZto2e2nu
[AnalysisInputs::SetMCSF] => MCSF = 0.97851, MCSF_err = 0.25
[AnalysisInputs::SetMCSF] sample : ggZZto2e2tau
[AnalysisInputs::SetMCSF] => MCSF = 0.97851, MCSF_err = 0.25
[AnalysisInputs::SetMCSF] sample : ggZZto2mu2nu
[AnalysisInputs::SetMCSF] => MCSF = 0.97851, MCSF_err = 0.25
[AnalysisInputs::SetMCSF] sample : ggZZto2mu2tau
[AnalysisInputs::SetMCSF] => MCSF = 0.97851, MCSF_err = 0.25
[AnalysisInputs::SetMCSF] sample : ggZZto4e
[AnalysisInputs::SetMCSF] => MCSF = 0.97851, MCSF_err = 0.25
[AnalysisInputs::SetMCSF] sample : ggZZto4mu
[AnalysisInputs::SetMCSF] => MCSF = 0.97851, MCSF_err = 0.25
[AnalysisInputs::SetMCSF] sample : ggZZto4tau
[AnalysisInputs::SetMCSF] => MCSF = 0.97851, MCSF_err = 0.25
[AnalysisInputs::SetMCSF] sample : ggHtoZZ
[AnalysisInputs::SetMCSF] => MCSF = 0.97851, MCSF_err = 0.25
[AnalysisInputs::SetMCSF] sample : WGtoLNuG
[AnalysisInputs::SetMCSF] => MCSF = 1, MCSF_err = 0.0752381
[AnalysisInputs::SetMCSF] sample : WGtoLNuG_weighted
[AnalysisInputs::SetMCSF] => MCSF = 1, MCSF_err = 0.0752381
[AnalysisInputs::SetCalculatedSysts] Get Systematics from /data8/Users/jskim/HN_dilepton_plotter/data/v8-0-7.37_ForApproval/Syst.txt
[AnalysisInputs::SetCalculatedSysts] source : Luminosity
[AnalysisInputs::SetCalculatedSysts] => % sysematic = 0.025
[AnalysisInputs::SetCalculatedSysts] source : FakeLooseID
[AnalysisInputs::SetCalculatedSysts] => % sysematic = 0.3
[AnalysisInputs::SetCalculatedSysts] source : ChrageFlipSyst
[AnalysisInputs::SetCalculatedSysts] => % sysematic = 0.16
[CutRangeInfo::ReadCutCard] Get Cutcard from /data8/Users/jskim/HN_dilepton_plotter/data/v8-0-7.37_ForApproval/CutOpCard/RunDirectory/Cards_MuMu_Bin1/HNMuMu_100.txt
Central	9.71815	8.85585	0
_MuonEn_up	9.73873	8.85585	0
_MuonEn_down	9.60009	8.85585	0
_MuonIDSF_up	9.95442	8.85585	0
_MuonIDSF_down	9.55294	8.85585	0
_ElectronEn_up	9.66361	8.85585	0
_ElectronEn_down	9.68405	8.85585	0
_ElectronIDSF_up	9.68599	8.85585	0
_ElectronIDSF_down	9.72059	8.85585	0
_TriggerSF_up	9.7573	8.85585	0
_TriggerSF_down	9.6888	8.85585	0
_PU_up	9.35817	8.85585	0
_PU_down	9.94995	8.85585	0
_JetEn_up	10.8267	8.85585	0
_JetEn_down	9.73463	8.85585	0
_JetRes_up	10.3562	8.85585	0
_JetRes_down	8.52081	8.85585	0
_Unclustered_up	9.37778	8.85585	0
_Unclustered_down	10.4707	8.85585	0
_BTagSFEff_up	9.39159	8.85585	0
_BTagSFEff_down	9.7723	8.85585	0
_BTagSFMiss_up	9.58054	8.85585	0
_BTagSFMiss_down	9.74744	8.85585	0
_JetMass_up	9.80511	8.85585	0
_JetMass_down	9.185	8.85585	0
_JetMassRes_up	9.7711	8.85585	0
_JetMassRes_down	9.72987	8.85585	0
_Tau21_up	9.68601	8.85585	0
_Tau21_down	9.68938	8.85585	0

################ Sources ################
Source	SystTotal	SystPrompt	SystFake	Signal
Stat 12.15 21.01  10.87  -nan  2.78
Lumi 1.31  2.50 -  -  2.50
PDF  -  -  -  -  5.00
MuonPt  0.46 0.87  -  -  0.37
MuonID  1.10 2.10  -  -  3.02
ElectronE  0.24 0.47  -  -  0.32
ElectronID  0.12 0.23  -  -  0.38
Trigger  0.19 0.36  -  -  0.75
PU  1.63 3.12  -  -  1.97
JES  4.22 8.07  -  -  1.29
JER  5.17 9.87  -  -  1.78
Uncl  3.14 6.01  -  -  1.89
BEff  1.26 2.41  -  -  0.22
BMiss  0.54 1.02  -  -  0.60
JMS  2.06 3.93  -  -  0.29
JMR  0.21 0.39  -  -  0.24
Tau21  0.16 0.31  -  -  0.27
MCNorm 9.31  17.79 -  -  -
Fake 14.30  -  30.00 - -
CF 0.00  -  -  -nan -
Total Systematic 18.91 23.65  30.00  -nan  7.36

Total Background	18.574
- Prompt	9.718
- Fake	8.856
- CF	0.000
- Obs	20.000

####### Result #######
Signal Eff	0.025773
18.573992 1.224806
70.029803 1.078685
