
Processing CyclesForMixingLimit_MuMu_Bin1/HNMuMu_1500.C...
[AnalysisInputs::SetMCSF] Get MC SF from /data8/Users/jskim/HN_dilepton_plotter/data/v8-0-7.37_ForApproval/MCSF.txt
[AnalysisInputs::SetMCSF] sample : VVV
[AnalysisInputs::SetMCSF] => MCSF = 1, MCSF_err = 0.5
[AnalysisInputs::SetMCSF] sample : WWW
[AnalysisInputs::SetMCSF] => MCSF = 1, MCSF_err = 0.5
[AnalysisInputs::SetMCSF] sample : WWZ
[AnalysisInputs::SetMCSF] => MCSF = 1, MCSF_err = 0.5
[AnalysisInputs::SetMCSF] sample : WZZ
[AnalysisInputs::SetMCSF] => MCSF = 1, MCSF_err = 0.5
[AnalysisInputs::SetMCSF] sample : ZZZ
[AnalysisInputs::SetMCSF] => MCSF = 1, MCSF_err = 0.5
[AnalysisInputs::SetMCSF] sample : ttV
[AnalysisInputs::SetMCSF] => MCSF = 1, MCSF_err = 0.5
[AnalysisInputs::SetMCSF] sample : ttW
[AnalysisInputs::SetMCSF] => MCSF = 1, MCSF_err = 0.5
[AnalysisInputs::SetMCSF] sample : ttZ
[AnalysisInputs::SetMCSF] => MCSF = 1, MCSF_err = 0.5
[AnalysisInputs::SetMCSF] sample : ttH_nonbb
[AnalysisInputs::SetMCSF] => MCSF = 1, MCSF_err = 0.5
[AnalysisInputs::SetMCSF] sample : top
[AnalysisInputs::SetMCSF] => MCSF = 1, MCSF_err = 0.5
[AnalysisInputs::SetMCSF] sample : WWTo2L2Nu_DS
[AnalysisInputs::SetMCSF] => MCSF = 1, MCSF_err = 0.5
[AnalysisInputs::SetMCSF] sample : WpWpEWK
[AnalysisInputs::SetMCSF] => MCSF = 1.3062, MCSF_err = 0.5
[AnalysisInputs::SetMCSF] sample : WpWpQCD
[AnalysisInputs::SetMCSF] => MCSF = 1.70026, MCSF_err = 0.5
[AnalysisInputs::SetMCSF] sample : WZTo3LNu_mllmin01
[AnalysisInputs::SetMCSF] => MCSF = 0.65, MCSF_err = 0.06
[AnalysisInputs::SetMCSF] sample : WZTo3LNu_powheg
[AnalysisInputs::SetMCSF] => MCSF = 1.05149, MCSF_err = 0.064601
[AnalysisInputs::SetMCSF] sample : ZGto2LG
[AnalysisInputs::SetMCSF] => MCSF = 1.09319, MCSF_err = 0.0752381
[AnalysisInputs::SetMCSF] sample : ZZTo4L_powheg
[AnalysisInputs::SetMCSF] => MCSF = 0.97851, MCSF_err = 0.25
[AnalysisInputs::SetMCSF] sample : ggZZto2e2mu
[AnalysisInputs::SetMCSF] => MCSF = 0.97851, MCSF_err = 0.25
[AnalysisInputs::SetMCSF] sample : ggZZto2e2nu
[AnalysisInputs::SetMCSF] => MCSF = 0.97851, MCSF_err = 0.25
[AnalysisInputs::SetMCSF] sample : ggZZto2e2tau
[AnalysisInputs::SetMCSF] => MCSF = 0.97851, MCSF_err = 0.25
[AnalysisInputs::SetMCSF] sample : ggZZto2mu2nu
[AnalysisInputs::SetMCSF] => MCSF = 0.97851, MCSF_err = 0.25
[AnalysisInputs::SetMCSF] sample : ggZZto2mu2tau
[AnalysisInputs::SetMCSF] => MCSF = 0.97851, MCSF_err = 0.25
[AnalysisInputs::SetMCSF] sample : ggZZto4e
[AnalysisInputs::SetMCSF] => MCSF = 0.97851, MCSF_err = 0.25
[AnalysisInputs::SetMCSF] sample : ggZZto4mu
[AnalysisInputs::SetMCSF] => MCSF = 0.97851, MCSF_err = 0.25
[AnalysisInputs::SetMCSF] sample : ggZZto4tau
[AnalysisInputs::SetMCSF] => MCSF = 0.97851, MCSF_err = 0.25
[AnalysisInputs::SetMCSF] sample : ggHtoZZ
[AnalysisInputs::SetMCSF] => MCSF = 0.97851, MCSF_err = 0.25
[AnalysisInputs::SetMCSF] sample : WGtoLNuG
[AnalysisInputs::SetMCSF] => MCSF = 1, MCSF_err = 0.0752381
[AnalysisInputs::SetMCSF] sample : WGtoLNuG_weighted
[AnalysisInputs::SetMCSF] => MCSF = 1, MCSF_err = 0.0752381
[AnalysisInputs::SetCalculatedSysts] Get Systematics from /data8/Users/jskim/HN_dilepton_plotter/data/v8-0-7.37_ForApproval/Syst.txt
[AnalysisInputs::SetCalculatedSysts] source : Luminosity
[AnalysisInputs::SetCalculatedSysts] => % sysematic = 0.025
[AnalysisInputs::SetCalculatedSysts] source : FakeLooseID
[AnalysisInputs::SetCalculatedSysts] => % sysematic = 0.3
[AnalysisInputs::SetCalculatedSysts] source : ChrageFlipSyst
[AnalysisInputs::SetCalculatedSysts] => % sysematic = 0.16
[CutRangeInfo::ReadCutCard] Get Cutcard from /data8/Users/jskim/HN_dilepton_plotter/data/v8-0-7.37_ForApproval/CutOpCard/RunDirectory/Cards_MuMu_Bin1/HNMuMu_1500.txt
Central	0.298163	0	0
_MuonEn_up	0.296923	0	0
_MuonEn_down	0.296923	0	0
_MuonIDSF_up	0.308625	0	0
_MuonIDSF_down	0.290118	0	0
_ElectronEn_up	0.296923	0	0
_ElectronEn_down	0.289619	0	0
_ElectronIDSF_up	0.296923	0	0
_ElectronIDSF_down	0.303771	0	0
_TriggerSF_up	0.292181	0	0
_TriggerSF_down	0.293118	0	0
_PU_up	0.285649	0	0
_PU_down	0.294675	0	0
_JetEn_up	0.420833	0	0
_JetEn_down	0.650897	0	0
_JetRes_up	0.478759	0	0
_JetRes_down	0.300581	0	0
_Unclustered_up	0.361836	0	0
_Unclustered_down	0.37238	0	0
_BTagSFEff_up	0.296923	0	0
_BTagSFEff_down	0.296923	0	0
_BTagSFMiss_up	0.286938	0	0
_BTagSFMiss_down	0.296923	0	0
_JetMass_up	0.290451	0	0
_JetMass_down	0.296923	0	0
_JetMassRes_up	0.296923	0	0
_JetMassRes_down	0.298071	0	0
_Tau21_up	0.296359	0	0
_Tau21_down	0.296923	0	0

################ Sources ################
Source	SystTotal	SystPrompt	SystFake	Signal
Stat 15.73 15.73  -nan  -nan  3.01
Lumi 2.50  2.50 -  -  2.50
PDF  -  -  -  -  5.00
MuonPt  0.42 0.42  -  -  1.07
MuonID  3.13 3.13  -  -  3.79
ElectronE  2.05 2.05  -  -  0.51
ElectronID  1.36 1.36  -  -  0.40
Trigger  1.86 1.86  -  -  0.58
PU  3.08 3.08  -  -  0.44
JES  88.57 88.57  -  -  1.82
JER  42.83 42.83  -  -  0.94
Uncl  23.19 23.19  -  -  1.65
BEff  0.42 0.42  -  -  0.47
BMiss  2.68 2.68  -  -  0.81
JMS  1.85 1.85  -  -  0.78
JMR  0.30 0.30  -  -  0.20
Tau21  0.52 0.52  -  -  0.46
MCNorm 62.75  62.75 -  -  -
Fake 0.00  -  -nan - -
CF 0.00  -  -  -nan -
Total Systematic 119.17 119.17  -nan  -nan  7.51

Total Background	0.298
- Prompt	0.298
- Fake	0.000
- CF	0.000
- Obs	2.000

####### Result #######
Signal Eff	0.024957
0.298163 2.202000
0.000518 1.080887
