
Processing CyclesForMixingLimit_MuMu_Bin1/HNMuMu_80.C...
[AnalysisInputs::SetMCSF] Get MC SF from /data8/Users/jskim/HN_dilepton_plotter/data/v8-0-7.37_Approved/MCSF.txt
[AnalysisInputs::SetMCSF] sample : VVV
[AnalysisInputs::SetMCSF] => MCSF = 1, MCSF_err = 0.5
[AnalysisInputs::SetMCSF] sample : WWW
[AnalysisInputs::SetMCSF] => MCSF = 1, MCSF_err = 0.5
[AnalysisInputs::SetMCSF] sample : WWZ
[AnalysisInputs::SetMCSF] => MCSF = 1, MCSF_err = 0.5
[AnalysisInputs::SetMCSF] sample : WZZ
[AnalysisInputs::SetMCSF] => MCSF = 1, MCSF_err = 0.5
[AnalysisInputs::SetMCSF] sample : ZZZ
[AnalysisInputs::SetMCSF] => MCSF = 1, MCSF_err = 0.5
[AnalysisInputs::SetMCSF] sample : ttV
[AnalysisInputs::SetMCSF] => MCSF = 1, MCSF_err = 0.5
[AnalysisInputs::SetMCSF] sample : ttW
[AnalysisInputs::SetMCSF] => MCSF = 1, MCSF_err = 0.5
[AnalysisInputs::SetMCSF] sample : ttZ
[AnalysisInputs::SetMCSF] => MCSF = 1, MCSF_err = 0.5
[AnalysisInputs::SetMCSF] sample : ttH_nonbb
[AnalysisInputs::SetMCSF] => MCSF = 1, MCSF_err = 0.5
[AnalysisInputs::SetMCSF] sample : top
[AnalysisInputs::SetMCSF] => MCSF = 1, MCSF_err = 0.5
[AnalysisInputs::SetMCSF] sample : WWTo2L2Nu_DS
[AnalysisInputs::SetMCSF] => MCSF = 1, MCSF_err = 0.5
[AnalysisInputs::SetMCSF] sample : WpWpEWK
[AnalysisInputs::SetMCSF] => MCSF = 1.3062, MCSF_err = 0.5
[AnalysisInputs::SetMCSF] sample : WpWpQCD
[AnalysisInputs::SetMCSF] => MCSF = 1.70026, MCSF_err = 0.5
[AnalysisInputs::SetMCSF] sample : WZTo3LNu_mllmin01
[AnalysisInputs::SetMCSF] => MCSF = 0.65, MCSF_err = 0.06
[AnalysisInputs::SetMCSF] sample : WZTo3LNu_powheg
[AnalysisInputs::SetMCSF] => MCSF = 1.05149, MCSF_err = 0.064601
[AnalysisInputs::SetMCSF] sample : ZGto2LG
[AnalysisInputs::SetMCSF] => MCSF = 1.09319, MCSF_err = 0.0752381
[AnalysisInputs::SetMCSF] sample : ZZTo4L_powheg
[AnalysisInputs::SetMCSF] => MCSF = 0.97851, MCSF_err = 0.25
[AnalysisInputs::SetMCSF] sample : ggZZto2e2mu
[AnalysisInputs::SetMCSF] => MCSF = 0.97851, MCSF_err = 0.25
[AnalysisInputs::SetMCSF] sample : ggZZto2e2nu
[AnalysisInputs::SetMCSF] => MCSF = 0.97851, MCSF_err = 0.25
[AnalysisInputs::SetMCSF] sample : ggZZto2e2tau
[AnalysisInputs::SetMCSF] => MCSF = 0.97851, MCSF_err = 0.25
[AnalysisInputs::SetMCSF] sample : ggZZto2mu2nu
[AnalysisInputs::SetMCSF] => MCSF = 0.97851, MCSF_err = 0.25
[AnalysisInputs::SetMCSF] sample : ggZZto2mu2tau
[AnalysisInputs::SetMCSF] => MCSF = 0.97851, MCSF_err = 0.25
[AnalysisInputs::SetMCSF] sample : ggZZto4e
[AnalysisInputs::SetMCSF] => MCSF = 0.97851, MCSF_err = 0.25
[AnalysisInputs::SetMCSF] sample : ggZZto4mu
[AnalysisInputs::SetMCSF] => MCSF = 0.97851, MCSF_err = 0.25
[AnalysisInputs::SetMCSF] sample : ggZZto4tau
[AnalysisInputs::SetMCSF] => MCSF = 0.97851, MCSF_err = 0.25
[AnalysisInputs::SetMCSF] sample : ggHtoZZ
[AnalysisInputs::SetMCSF] => MCSF = 0.97851, MCSF_err = 0.25
[AnalysisInputs::SetMCSF] sample : WGtoLNuG
[AnalysisInputs::SetMCSF] => MCSF = 1, MCSF_err = 0.0752381
[AnalysisInputs::SetMCSF] sample : WGtoLNuG_weighted
[AnalysisInputs::SetMCSF] => MCSF = 1, MCSF_err = 0.0752381
[AnalysisInputs::SetCalculatedSysts] Get Systematics from /data8/Users/jskim/HN_dilepton_plotter/data/v8-0-7.37_Approved/Syst.txt
[AnalysisInputs::SetCalculatedSysts] source : Luminosity
[AnalysisInputs::SetCalculatedSysts] => % sysematic = 0.025
[AnalysisInputs::SetCalculatedSysts] source : FakeLooseID
[AnalysisInputs::SetCalculatedSysts] => % sysematic = 0.3
[AnalysisInputs::SetCalculatedSysts] source : ChrageFlipSyst
[AnalysisInputs::SetCalculatedSysts] => % sysematic = 0.16
[CutRangeInfo::ReadCutCard] Get Cutcard from /data8/Users/jskim/HN_dilepton_plotter/data/v8-0-7.37_Approved/CutOpCard/RunDirectory/Cards_MuMu_Bin1/HNMuMu_80.txt
Central	9.10153	9.77583	0
_MuonEn_up	9.01149	9.77583	0
_MuonEn_down	8.94046	9.77583	0
_MuonIDSF_up	9.2726	9.77583	0
_MuonIDSF_down	9.34857	9.77583	0
_ElectronEn_up	8.97769	9.77583	0
_ElectronEn_down	9.02611	9.77583	0
_ElectronIDSF_up	9.11447	9.77583	0
_ElectronIDSF_down	9.02774	9.77583	0
_TriggerSF_up	9.09006	9.77583	0
_TriggerSF_down	9.00707	9.77583	0
_PU_up	9.47413	9.77583	0
_PU_down	9.05017	9.77583	0
_JetEn_up	8.81285	9.77583	0
_JetEn_down	9.06621	9.77583	0
_JetRes_up	9.0918	9.77583	0
_JetRes_down	7.97022	9.77583	0
_Unclustered_up	9.43478	9.77583	0
_Unclustered_down	10.059	9.77583	0
_BTagSFEff_up	8.92925	9.77583	0
_BTagSFEff_down	9.23472	9.77583	0
_BTagSFMiss_up	8.93751	9.77583	0
_BTagSFMiss_down	9.03546	9.77583	0
_JetMass_up	9.15208	9.77583	0
_JetMass_down	9.08864	9.77583	0
_JetMassRes_up	9.03302	9.77583	0
_JetMassRes_down	9.03401	9.77583	0
_Tau21_up	9.01586	9.77583	0
_Tau21_down	9.10381	9.77583	0

################ Sources ################
Source	SystTotal	SystPrompt	SystFake	Signal
Stat 10.57 18.40  11.10  -nan  4.62
Lumi 1.21  2.50 -  -  2.50
PDF  -  -  -  -  9.00
MuonPt  0.69 1.43  -  -  0.82
MuonID  1.13 2.33  -  -  3.22
ElectronE  0.54 1.13  -  -  0.80
ElectronID  0.28 0.58  -  -  0.49
Trigger  0.36 0.74  -  -  0.47
PU  1.41 2.92  -  -  1.83
JES  1.09 2.26  -  -  5.16
JER  4.24 8.79  -  -  0.50
Uncl  3.80 7.88  -  -  2.35
BEff  0.82 1.69  -  -  0.37
BMiss  0.66 1.37  -  -  0.08
JMS  0.20 0.41  -  -  0.21
JMR  0.36 0.75  -  -  0.56
Tau21  0.32 0.67  -  -  0.18
MCNorm 7.29  15.12 -  -  -
Fake 15.54  -  30.00 - -
CF 0.00  -  -  -nan -
Total Systematic 18.31 20.09  30.00  -nan  11.64

Total Background	18.877
- Prompt	9.102
- Fake	9.776
- CF	0.000
- Obs	19.000

####### Result #######
Signal Eff	0.005390
18.877359 1.211403
364.451980 1.125279
