
Processing CyclesForMixingLimit_MuMu_Bin1/HNMuMu_300.C...
[AnalysisInputs::SetMCSF] Get MC SF from /data8/Users/jskim/HN_dilepton_plotter/data/v8-0-7.37_ForApproval/MCSF.txt
[AnalysisInputs::SetMCSF] sample : VVV
[AnalysisInputs::SetMCSF] => MCSF = 1, MCSF_err = 0.5
[AnalysisInputs::SetMCSF] sample : WWW
[AnalysisInputs::SetMCSF] => MCSF = 1, MCSF_err = 0.5
[AnalysisInputs::SetMCSF] sample : WWZ
[AnalysisInputs::SetMCSF] => MCSF = 1, MCSF_err = 0.5
[AnalysisInputs::SetMCSF] sample : WZZ
[AnalysisInputs::SetMCSF] => MCSF = 1, MCSF_err = 0.5
[AnalysisInputs::SetMCSF] sample : ZZZ
[AnalysisInputs::SetMCSF] => MCSF = 1, MCSF_err = 0.5
[AnalysisInputs::SetMCSF] sample : ttV
[AnalysisInputs::SetMCSF] => MCSF = 1, MCSF_err = 0.5
[AnalysisInputs::SetMCSF] sample : ttW
[AnalysisInputs::SetMCSF] => MCSF = 1, MCSF_err = 0.5
[AnalysisInputs::SetMCSF] sample : ttZ
[AnalysisInputs::SetMCSF] => MCSF = 1, MCSF_err = 0.5
[AnalysisInputs::SetMCSF] sample : ttH_nonbb
[AnalysisInputs::SetMCSF] => MCSF = 1, MCSF_err = 0.5
[AnalysisInputs::SetMCSF] sample : top
[AnalysisInputs::SetMCSF] => MCSF = 1, MCSF_err = 0.5
[AnalysisInputs::SetMCSF] sample : WWTo2L2Nu_DS
[AnalysisInputs::SetMCSF] => MCSF = 1, MCSF_err = 0.5
[AnalysisInputs::SetMCSF] sample : WpWpEWK
[AnalysisInputs::SetMCSF] => MCSF = 1.3062, MCSF_err = 0.5
[AnalysisInputs::SetMCSF] sample : WpWpQCD
[AnalysisInputs::SetMCSF] => MCSF = 1.70026, MCSF_err = 0.5
[AnalysisInputs::SetMCSF] sample : WZTo3LNu_mllmin01
[AnalysisInputs::SetMCSF] => MCSF = 0.65, MCSF_err = 0.06
[AnalysisInputs::SetMCSF] sample : WZTo3LNu_powheg
[AnalysisInputs::SetMCSF] => MCSF = 1.05149, MCSF_err = 0.064601
[AnalysisInputs::SetMCSF] sample : ZGto2LG
[AnalysisInputs::SetMCSF] => MCSF = 1.09319, MCSF_err = 0.0752381
[AnalysisInputs::SetMCSF] sample : ZZTo4L_powheg
[AnalysisInputs::SetMCSF] => MCSF = 0.97851, MCSF_err = 0.25
[AnalysisInputs::SetMCSF] sample : ggZZto2e2mu
[AnalysisInputs::SetMCSF] => MCSF = 0.97851, MCSF_err = 0.25
[AnalysisInputs::SetMCSF] sample : ggZZto2e2nu
[AnalysisInputs::SetMCSF] => MCSF = 0.97851, MCSF_err = 0.25
[AnalysisInputs::SetMCSF] sample : ggZZto2e2tau
[AnalysisInputs::SetMCSF] => MCSF = 0.97851, MCSF_err = 0.25
[AnalysisInputs::SetMCSF] sample : ggZZto2mu2nu
[AnalysisInputs::SetMCSF] => MCSF = 0.97851, MCSF_err = 0.25
[AnalysisInputs::SetMCSF] sample : ggZZto2mu2tau
[AnalysisInputs::SetMCSF] => MCSF = 0.97851, MCSF_err = 0.25
[AnalysisInputs::SetMCSF] sample : ggZZto4e
[AnalysisInputs::SetMCSF] => MCSF = 0.97851, MCSF_err = 0.25
[AnalysisInputs::SetMCSF] sample : ggZZto4mu
[AnalysisInputs::SetMCSF] => MCSF = 0.97851, MCSF_err = 0.25
[AnalysisInputs::SetMCSF] sample : ggZZto4tau
[AnalysisInputs::SetMCSF] => MCSF = 0.97851, MCSF_err = 0.25
[AnalysisInputs::SetMCSF] sample : ggHtoZZ
[AnalysisInputs::SetMCSF] => MCSF = 0.97851, MCSF_err = 0.25
[AnalysisInputs::SetMCSF] sample : WGtoLNuG
[AnalysisInputs::SetMCSF] => MCSF = 1, MCSF_err = 0.0752381
[AnalysisInputs::SetMCSF] sample : WGtoLNuG_weighted
[AnalysisInputs::SetMCSF] => MCSF = 1, MCSF_err = 0.0752381
[AnalysisInputs::SetCalculatedSysts] Get Systematics from /data8/Users/jskim/HN_dilepton_plotter/data/v8-0-7.37_ForApproval/Syst.txt
[AnalysisInputs::SetCalculatedSysts] source : Luminosity
[AnalysisInputs::SetCalculatedSysts] => % sysematic = 0.025
[AnalysisInputs::SetCalculatedSysts] source : FakeLooseID
[AnalysisInputs::SetCalculatedSysts] => % sysematic = 0.3
[AnalysisInputs::SetCalculatedSysts] source : ChrageFlipSyst
[AnalysisInputs::SetCalculatedSysts] => % sysematic = 0.16
[CutRangeInfo::ReadCutCard] Get Cutcard from /data8/Users/jskim/HN_dilepton_plotter/data/v8-0-7.37_ForApproval/CutOpCard/RunDirectory/Cards_MuMu_Bin1/HNMuMu_300.txt
Central	2.53615	0.103142	0
_MuonEn_up	2.53412	0.103142	0
_MuonEn_down	2.53012	0.103142	0
_MuonIDSF_up	2.6331	0.103142	0
_MuonIDSF_down	2.45783	0.103142	0
_ElectronEn_up	2.53189	0.103142	0
_ElectronEn_down	2.53154	0.103142	0
_ElectronIDSF_up	2.50366	0.103142	0
_ElectronIDSF_down	2.53177	0.103142	0
_TriggerSF_up	2.5335	0.103142	0
_TriggerSF_down	2.53143	0.103142	0
_PU_up	2.52165	0.103142	0
_PU_down	2.52436	0.103142	0
_JetEn_up	3.07126	0.103142	0
_JetEn_down	3.10319	0.103142	0
_JetRes_up	2.63956	0.103142	0
_JetRes_down	2.63711	0.103142	0
_Unclustered_up	2.85145	0.103142	0
_Unclustered_down	2.64024	0.103142	0
_BTagSFEff_up	2.5284	0.103142	0
_BTagSFEff_down	2.53534	0.103142	0
_BTagSFMiss_up	2.53184	0.103142	0
_BTagSFMiss_down	2.53068	0.103142	0
_JetMass_up	2.53029	0.103142	0
_JetMass_down	2.44674	0.103142	0
_JetMassRes_up	2.53516	0.103142	0
_JetMassRes_down	2.52965	0.103142	0
_Tau21_up	2.53872	0.103142	0
_Tau21_down	2.54151	0.103142	0

################ Sources ################
Source	SystTotal	SystPrompt	SystFake	Signal
Stat 14.49 14.64  89.53  -nan  1.29
Lumi 2.40  2.50 -  -  2.50
PDF  -  -  -  -  5.00
MuonPt  0.17 0.18  -  -  0.17
MuonID  3.34 3.47  -  -  3.46
ElectronE  0.17 0.17  -  -  0.05
ElectronID  0.88 0.91  -  -  0.11
Trigger  0.14 0.15  -  -  0.37
PU  0.50 0.52  -  -  1.36
JES  20.89 21.74  -  -  1.59
JER  3.87 4.03  -  -  1.55
Uncl  8.90 9.26  -  -  1.33
BEff  0.21 0.22  -  -  0.25
BMiss  0.19 0.19  -  -  0.47
JMS  2.40 2.50  -  -  0.12
JMR  0.18 0.18  -  -  0.23
Tau21  0.16 0.17  -  -  0.13
MCNorm 25.33  26.36 -  -  -
Fake 1.17  -  30.00 - -
CF 0.00  -  -  -nan -
Total Systematic 34.60 35.99  30.00  -nan  7.23

Total Background	2.639
- Prompt	2.536
- Fake	0.103
- CF	0.000
- Obs	2.000

####### Result #######
Signal Eff	0.132083
2.639289 1.375144
3.324809 1.073477
