
Processing CyclesForMixingLimit_MuMu_Bin1/HNMuMu_90.C...
[AnalysisInputs::SetMCSF] Get MC SF from /data8/Users/jskim/HN_dilepton_plotter/data/v8-0-7.37_Approved/MCSF.txt
[AnalysisInputs::SetMCSF] sample : VVV
[AnalysisInputs::SetMCSF] => MCSF = 1, MCSF_err = 0.5
[AnalysisInputs::SetMCSF] sample : WWW
[AnalysisInputs::SetMCSF] => MCSF = 1, MCSF_err = 0.5
[AnalysisInputs::SetMCSF] sample : WWZ
[AnalysisInputs::SetMCSF] => MCSF = 1, MCSF_err = 0.5
[AnalysisInputs::SetMCSF] sample : WZZ
[AnalysisInputs::SetMCSF] => MCSF = 1, MCSF_err = 0.5
[AnalysisInputs::SetMCSF] sample : ZZZ
[AnalysisInputs::SetMCSF] => MCSF = 1, MCSF_err = 0.5
[AnalysisInputs::SetMCSF] sample : ttV
[AnalysisInputs::SetMCSF] => MCSF = 1, MCSF_err = 0.5
[AnalysisInputs::SetMCSF] sample : ttW
[AnalysisInputs::SetMCSF] => MCSF = 1, MCSF_err = 0.5
[AnalysisInputs::SetMCSF] sample : ttZ
[AnalysisInputs::SetMCSF] => MCSF = 1, MCSF_err = 0.5
[AnalysisInputs::SetMCSF] sample : ttH_nonbb
[AnalysisInputs::SetMCSF] => MCSF = 1, MCSF_err = 0.5
[AnalysisInputs::SetMCSF] sample : top
[AnalysisInputs::SetMCSF] => MCSF = 1, MCSF_err = 0.5
[AnalysisInputs::SetMCSF] sample : WWTo2L2Nu_DS
[AnalysisInputs::SetMCSF] => MCSF = 1, MCSF_err = 0.5
[AnalysisInputs::SetMCSF] sample : WpWpEWK
[AnalysisInputs::SetMCSF] => MCSF = 1.3062, MCSF_err = 0.5
[AnalysisInputs::SetMCSF] sample : WpWpQCD
[AnalysisInputs::SetMCSF] => MCSF = 1.70026, MCSF_err = 0.5
[AnalysisInputs::SetMCSF] sample : WZTo3LNu_mllmin01
[AnalysisInputs::SetMCSF] => MCSF = 0.65, MCSF_err = 0.06
[AnalysisInputs::SetMCSF] sample : WZTo3LNu_powheg
[AnalysisInputs::SetMCSF] => MCSF = 1.05149, MCSF_err = 0.064601
[AnalysisInputs::SetMCSF] sample : ZGto2LG
[AnalysisInputs::SetMCSF] => MCSF = 1.09319, MCSF_err = 0.0752381
[AnalysisInputs::SetMCSF] sample : ZZTo4L_powheg
[AnalysisInputs::SetMCSF] => MCSF = 0.97851, MCSF_err = 0.25
[AnalysisInputs::SetMCSF] sample : ggZZto2e2mu
[AnalysisInputs::SetMCSF] => MCSF = 0.97851, MCSF_err = 0.25
[AnalysisInputs::SetMCSF] sample : ggZZto2e2nu
[AnalysisInputs::SetMCSF] => MCSF = 0.97851, MCSF_err = 0.25
[AnalysisInputs::SetMCSF] sample : ggZZto2e2tau
[AnalysisInputs::SetMCSF] => MCSF = 0.97851, MCSF_err = 0.25
[AnalysisInputs::SetMCSF] sample : ggZZto2mu2nu
[AnalysisInputs::SetMCSF] => MCSF = 0.97851, MCSF_err = 0.25
[AnalysisInputs::SetMCSF] sample : ggZZto2mu2tau
[AnalysisInputs::SetMCSF] => MCSF = 0.97851, MCSF_err = 0.25
[AnalysisInputs::SetMCSF] sample : ggZZto4e
[AnalysisInputs::SetMCSF] => MCSF = 0.97851, MCSF_err = 0.25
[AnalysisInputs::SetMCSF] sample : ggZZto4mu
[AnalysisInputs::SetMCSF] => MCSF = 0.97851, MCSF_err = 0.25
[AnalysisInputs::SetMCSF] sample : ggZZto4tau
[AnalysisInputs::SetMCSF] => MCSF = 0.97851, MCSF_err = 0.25
[AnalysisInputs::SetMCSF] sample : ggHtoZZ
[AnalysisInputs::SetMCSF] => MCSF = 0.97851, MCSF_err = 0.25
[AnalysisInputs::SetMCSF] sample : WGtoLNuG
[AnalysisInputs::SetMCSF] => MCSF = 1, MCSF_err = 0.0752381
[AnalysisInputs::SetMCSF] sample : WGtoLNuG_weighted
[AnalysisInputs::SetMCSF] => MCSF = 1, MCSF_err = 0.0752381
[AnalysisInputs::SetCalculatedSysts] Get Systematics from /data8/Users/jskim/HN_dilepton_plotter/data/v8-0-7.37_Approved/Syst.txt
[AnalysisInputs::SetCalculatedSysts] source : Luminosity
[AnalysisInputs::SetCalculatedSysts] => % sysematic = 0.025
[AnalysisInputs::SetCalculatedSysts] source : FakeLooseID
[AnalysisInputs::SetCalculatedSysts] => % sysematic = 0.3
[AnalysisInputs::SetCalculatedSysts] source : ChrageFlipSyst
[AnalysisInputs::SetCalculatedSysts] => % sysematic = 0.16
[CutRangeInfo::ReadCutCard] Get Cutcard from /data8/Users/jskim/HN_dilepton_plotter/data/v8-0-7.37_Approved/CutOpCard/RunDirectory/Cards_MuMu_Bin1/HNMuMu_90.txt
Central	13.2524	21.2156	0
_MuonEn_up	13.2878	21.2156	0
_MuonEn_down	13.127	21.2156	0
_MuonIDSF_up	13.6151	21.2156	0
_MuonIDSF_down	12.9537	21.2156	0
_ElectronEn_up	13.2042	21.2156	0
_ElectronEn_down	13.2156	21.2156	0
_ElectronIDSF_up	13.2155	21.2156	0
_ElectronIDSF_down	13.2528	21.2156	0
_TriggerSF_up	13.355	21.2156	0
_TriggerSF_down	13.2077	21.2156	0
_PU_up	13.0519	21.2156	0
_PU_down	13.315	21.2156	0
_JetEn_up	13.0804	21.2156	0
_JetEn_down	13.5433	21.2156	0
_JetRes_up	13.8456	21.2156	0
_JetRes_down	10.9254	21.2156	0
_Unclustered_up	12.885	21.2156	0
_Unclustered_down	13.8217	21.2156	0
_BTagSFEff_up	12.9262	21.2156	0
_BTagSFEff_down	13.2997	21.2156	0
_BTagSFMiss_up	13.1316	21.2156	0
_BTagSFMiss_down	13.2626	21.2156	0
_JetMass_up	13.3419	21.2156	0
_JetMass_down	12.7223	21.2156	0
_JetMassRes_up	13.2978	21.2156	0
_JetMassRes_down	13.2557	21.2156	0
_Tau21_up	13.2152	21.2156	0
_Tau21_down	13.2207	21.2156	0

################ Sources ################
Source	SystTotal	SystPrompt	SystFake	Signal
Stat 8.68 16.77  9.45  -nan  4.24
Lumi 0.96  2.50 -  -  2.50
PDF  -  -  -  -  5.00
MuonPt  0.27 0.70  -  -  0.71
MuonID  0.96 2.51  -  -  3.12
ElectronE  0.12 0.32  -  -  0.32
ElectronID  0.08 0.20  -  -  0.27
Trigger  0.23 0.60  -  -  1.01
PU  0.43 1.12  -  -  3.44
JES  0.69 1.80  -  -  0.99
JER  4.93 12.81  -  -  1.89
Uncl  1.39 3.62  -  -  3.11
BEff  0.68 1.76  -  -  0.33
BMiss  0.25 0.65  -  -  0.33
JMS  1.10 2.87  -  -  0.20
JMR  0.09 0.24  -  -  0.30
Tau21  0.10 0.26  -  -  0.42
MCNorm 5.35  13.90 -  -  -
Fake 18.47  -  30.00 - -
CF 0.00  -  -  -nan -
Total Systematic 20.00 20.01  30.00  -nan  8.32

Total Background	34.468
- Prompt	13.252
- Fake	21.216
- CF	0.000
- Obs	35.000

####### Result #######
Signal Eff	0.012083
34.467968 1.218076
64.042149 1.093409
