
Processing CyclesForMixingLimit_MuMu_Bin1/HNMuMu_125.C...
[AnalysisInputs::SetMCSF] Get MC SF from /data8/Users/jskim/HN_dilepton_plotter/data/v8-0-7.37_ForApproval/MCSF.txt
[AnalysisInputs::SetMCSF] sample : VVV
[AnalysisInputs::SetMCSF] => MCSF = 1, MCSF_err = 0.5
[AnalysisInputs::SetMCSF] sample : WWW
[AnalysisInputs::SetMCSF] => MCSF = 1, MCSF_err = 0.5
[AnalysisInputs::SetMCSF] sample : WWZ
[AnalysisInputs::SetMCSF] => MCSF = 1, MCSF_err = 0.5
[AnalysisInputs::SetMCSF] sample : WZZ
[AnalysisInputs::SetMCSF] => MCSF = 1, MCSF_err = 0.5
[AnalysisInputs::SetMCSF] sample : ZZZ
[AnalysisInputs::SetMCSF] => MCSF = 1, MCSF_err = 0.5
[AnalysisInputs::SetMCSF] sample : ttV
[AnalysisInputs::SetMCSF] => MCSF = 1, MCSF_err = 0.5
[AnalysisInputs::SetMCSF] sample : ttW
[AnalysisInputs::SetMCSF] => MCSF = 1, MCSF_err = 0.5
[AnalysisInputs::SetMCSF] sample : ttZ
[AnalysisInputs::SetMCSF] => MCSF = 1, MCSF_err = 0.5
[AnalysisInputs::SetMCSF] sample : ttH_nonbb
[AnalysisInputs::SetMCSF] => MCSF = 1, MCSF_err = 0.5
[AnalysisInputs::SetMCSF] sample : top
[AnalysisInputs::SetMCSF] => MCSF = 1, MCSF_err = 0.5
[AnalysisInputs::SetMCSF] sample : WWTo2L2Nu_DS
[AnalysisInputs::SetMCSF] => MCSF = 1, MCSF_err = 0.5
[AnalysisInputs::SetMCSF] sample : WpWpEWK
[AnalysisInputs::SetMCSF] => MCSF = 1.3062, MCSF_err = 0.5
[AnalysisInputs::SetMCSF] sample : WpWpQCD
[AnalysisInputs::SetMCSF] => MCSF = 1.70026, MCSF_err = 0.5
[AnalysisInputs::SetMCSF] sample : WZTo3LNu_mllmin01
[AnalysisInputs::SetMCSF] => MCSF = 0.65, MCSF_err = 0.06
[AnalysisInputs::SetMCSF] sample : WZTo3LNu_powheg
[AnalysisInputs::SetMCSF] => MCSF = 1.05149, MCSF_err = 0.064601
[AnalysisInputs::SetMCSF] sample : ZGto2LG
[AnalysisInputs::SetMCSF] => MCSF = 1.09319, MCSF_err = 0.0752381
[AnalysisInputs::SetMCSF] sample : ZZTo4L_powheg
[AnalysisInputs::SetMCSF] => MCSF = 0.97851, MCSF_err = 0.25
[AnalysisInputs::SetMCSF] sample : ggZZto2e2mu
[AnalysisInputs::SetMCSF] => MCSF = 0.97851, MCSF_err = 0.25
[AnalysisInputs::SetMCSF] sample : ggZZto2e2nu
[AnalysisInputs::SetMCSF] => MCSF = 0.97851, MCSF_err = 0.25
[AnalysisInputs::SetMCSF] sample : ggZZto2e2tau
[AnalysisInputs::SetMCSF] => MCSF = 0.97851, MCSF_err = 0.25
[AnalysisInputs::SetMCSF] sample : ggZZto2mu2nu
[AnalysisInputs::SetMCSF] => MCSF = 0.97851, MCSF_err = 0.25
[AnalysisInputs::SetMCSF] sample : ggZZto2mu2tau
[AnalysisInputs::SetMCSF] => MCSF = 0.97851, MCSF_err = 0.25
[AnalysisInputs::SetMCSF] sample : ggZZto4e
[AnalysisInputs::SetMCSF] => MCSF = 0.97851, MCSF_err = 0.25
[AnalysisInputs::SetMCSF] sample : ggZZto4mu
[AnalysisInputs::SetMCSF] => MCSF = 0.97851, MCSF_err = 0.25
[AnalysisInputs::SetMCSF] sample : ggZZto4tau
[AnalysisInputs::SetMCSF] => MCSF = 0.97851, MCSF_err = 0.25
[AnalysisInputs::SetMCSF] sample : ggHtoZZ
[AnalysisInputs::SetMCSF] => MCSF = 0.97851, MCSF_err = 0.25
[AnalysisInputs::SetMCSF] sample : WGtoLNuG
[AnalysisInputs::SetMCSF] => MCSF = 1, MCSF_err = 0.0752381
[AnalysisInputs::SetMCSF] sample : WGtoLNuG_weighted
[AnalysisInputs::SetMCSF] => MCSF = 1, MCSF_err = 0.0752381
[AnalysisInputs::SetCalculatedSysts] Get Systematics from /data8/Users/jskim/HN_dilepton_plotter/data/v8-0-7.37_ForApproval/Syst.txt
[AnalysisInputs::SetCalculatedSysts] source : Luminosity
[AnalysisInputs::SetCalculatedSysts] => % sysematic = 0.025
[AnalysisInputs::SetCalculatedSysts] source : FakeLooseID
[AnalysisInputs::SetCalculatedSysts] => % sysematic = 0.3
[AnalysisInputs::SetCalculatedSysts] source : ChrageFlipSyst
[AnalysisInputs::SetCalculatedSysts] => % sysematic = 0.16
[CutRangeInfo::ReadCutCard] Get Cutcard from /data8/Users/jskim/HN_dilepton_plotter/data/v8-0-7.37_ForApproval/CutOpCard/RunDirectory/Cards_MuMu_Bin1/HNMuMu_125.txt
Central	6.76424	4.93596	0
_MuonEn_up	6.79163	4.93596	0
_MuonEn_down	6.88234	4.93596	0
_MuonIDSF_up	7.00042	4.93596	0
_MuonIDSF_down	6.58155	4.93596	0
_ElectronEn_up	6.76718	4.93596	0
_ElectronEn_down	6.81325	4.93596	0
_ElectronIDSF_up	6.81351	4.93596	0
_ElectronIDSF_down	6.86359	4.93596	0
_TriggerSF_up	6.85056	4.93596	0
_TriggerSF_down	6.82373	4.93596	0
_PU_up	6.48528	4.93596	0
_PU_down	6.89087	4.93596	0
_JetEn_up	7.52678	4.93596	0
_JetEn_down	8.30533	4.93596	0
_JetRes_up	7.02006	4.93596	0
_JetRes_down	6.59158	4.93596	0
_Unclustered_up	7.16773	4.93596	0
_Unclustered_down	7.4357	4.93596	0
_BTagSFEff_up	6.61829	4.93596	0
_BTagSFEff_down	6.83355	4.93596	0
_BTagSFMiss_up	6.71476	4.93596	0
_BTagSFMiss_down	6.85859	4.93596	0
_JetMass_up	6.84151	4.93596	0
_JetMass_down	6.81322	4.93596	0
_JetMassRes_up	6.88802	4.93596	0
_JetMassRes_down	6.8562	4.93596	0
_Tau21_up	6.80365	4.93596	0
_Tau21_down	6.81056	4.93596	0

################ Sources ################
Source	SystTotal	SystPrompt	SystFake	Signal
Stat 8.83 12.10  12.78  -nan  2.08
Lumi 1.45  2.50 -  -  2.50
PDF  -  -  -  -  5.00
MuonPt  0.73 1.27  -  -  0.22
MuonID  1.80 3.12  -  -  2.65
ElectronE  0.30 0.51  -  -  0.22
ElectronID  0.67 1.16  -  -  0.09
Trigger  0.63 1.10  -  -  0.38
PU  1.85 3.20  -  -  2.33
JES  10.39 17.97  -  -  2.39
JER  1.87 3.23  -  -  1.82
Uncl  4.73 8.19  -  -  2.35
BEff  0.98 1.69  -  -  0.35
BMiss  0.64 1.11  -  -  0.35
JMS  0.55 0.96  -  -  0.14
JMR  0.93 1.61  -  -  0.10
Tau21  0.37 0.64  -  -  0.25
MCNorm 12.67  21.91 -  -  -
Fake 12.66  -  30.00 - -
CF 0.00  -  -  -nan -
Total Systematic 21.62 30.32  30.00  -nan  7.67

Total Background	11.700
- Prompt	6.764
- Fake	4.936
- CF	0.000
- Obs	12.000

####### Result #######
Signal Eff	0.051069
11.700204 1.233565
43.559031 1.079480
