
Processing CyclesForMixingLimit_MuMu_Bin1/HNMuMu_70.C...
[AnalysisInputs::SetMCSF] Get MC SF from /data8/Users/jskim/HN_dilepton_plotter/data/v8-0-7.37_Approved/MCSF.txt
[AnalysisInputs::SetMCSF] sample : VVV
[AnalysisInputs::SetMCSF] => MCSF = 1, MCSF_err = 0.5
[AnalysisInputs::SetMCSF] sample : WWW
[AnalysisInputs::SetMCSF] => MCSF = 1, MCSF_err = 0.5
[AnalysisInputs::SetMCSF] sample : WWZ
[AnalysisInputs::SetMCSF] => MCSF = 1, MCSF_err = 0.5
[AnalysisInputs::SetMCSF] sample : WZZ
[AnalysisInputs::SetMCSF] => MCSF = 1, MCSF_err = 0.5
[AnalysisInputs::SetMCSF] sample : ZZZ
[AnalysisInputs::SetMCSF] => MCSF = 1, MCSF_err = 0.5
[AnalysisInputs::SetMCSF] sample : ttV
[AnalysisInputs::SetMCSF] => MCSF = 1, MCSF_err = 0.5
[AnalysisInputs::SetMCSF] sample : ttW
[AnalysisInputs::SetMCSF] => MCSF = 1, MCSF_err = 0.5
[AnalysisInputs::SetMCSF] sample : ttZ
[AnalysisInputs::SetMCSF] => MCSF = 1, MCSF_err = 0.5
[AnalysisInputs::SetMCSF] sample : ttH_nonbb
[AnalysisInputs::SetMCSF] => MCSF = 1, MCSF_err = 0.5
[AnalysisInputs::SetMCSF] sample : top
[AnalysisInputs::SetMCSF] => MCSF = 1, MCSF_err = 0.5
[AnalysisInputs::SetMCSF] sample : WWTo2L2Nu_DS
[AnalysisInputs::SetMCSF] => MCSF = 1, MCSF_err = 0.5
[AnalysisInputs::SetMCSF] sample : WpWpEWK
[AnalysisInputs::SetMCSF] => MCSF = 1.3062, MCSF_err = 0.5
[AnalysisInputs::SetMCSF] sample : WpWpQCD
[AnalysisInputs::SetMCSF] => MCSF = 1.70026, MCSF_err = 0.5
[AnalysisInputs::SetMCSF] sample : WZTo3LNu_mllmin01
[AnalysisInputs::SetMCSF] => MCSF = 0.65, MCSF_err = 0.06
[AnalysisInputs::SetMCSF] sample : WZTo3LNu_powheg
[AnalysisInputs::SetMCSF] => MCSF = 1.05149, MCSF_err = 0.064601
[AnalysisInputs::SetMCSF] sample : ZGto2LG
[AnalysisInputs::SetMCSF] => MCSF = 1.09319, MCSF_err = 0.0752381
[AnalysisInputs::SetMCSF] sample : ZZTo4L_powheg
[AnalysisInputs::SetMCSF] => MCSF = 0.97851, MCSF_err = 0.25
[AnalysisInputs::SetMCSF] sample : ggZZto2e2mu
[AnalysisInputs::SetMCSF] => MCSF = 0.97851, MCSF_err = 0.25
[AnalysisInputs::SetMCSF] sample : ggZZto2e2nu
[AnalysisInputs::SetMCSF] => MCSF = 0.97851, MCSF_err = 0.25
[AnalysisInputs::SetMCSF] sample : ggZZto2e2tau
[AnalysisInputs::SetMCSF] => MCSF = 0.97851, MCSF_err = 0.25
[AnalysisInputs::SetMCSF] sample : ggZZto2mu2nu
[AnalysisInputs::SetMCSF] => MCSF = 0.97851, MCSF_err = 0.25
[AnalysisInputs::SetMCSF] sample : ggZZto2mu2tau
[AnalysisInputs::SetMCSF] => MCSF = 0.97851, MCSF_err = 0.25
[AnalysisInputs::SetMCSF] sample : ggZZto4e
[AnalysisInputs::SetMCSF] => MCSF = 0.97851, MCSF_err = 0.25
[AnalysisInputs::SetMCSF] sample : ggZZto4mu
[AnalysisInputs::SetMCSF] => MCSF = 0.97851, MCSF_err = 0.25
[AnalysisInputs::SetMCSF] sample : ggZZto4tau
[AnalysisInputs::SetMCSF] => MCSF = 0.97851, MCSF_err = 0.25
[AnalysisInputs::SetMCSF] sample : ggHtoZZ
[AnalysisInputs::SetMCSF] => MCSF = 0.97851, MCSF_err = 0.25
[AnalysisInputs::SetMCSF] sample : WGtoLNuG
[AnalysisInputs::SetMCSF] => MCSF = 1, MCSF_err = 0.0752381
[AnalysisInputs::SetMCSF] sample : WGtoLNuG_weighted
[AnalysisInputs::SetMCSF] => MCSF = 1, MCSF_err = 0.0752381
[AnalysisInputs::SetCalculatedSysts] Get Systematics from /data8/Users/jskim/HN_dilepton_plotter/data/v8-0-7.37_Approved/Syst.txt
[AnalysisInputs::SetCalculatedSysts] source : Luminosity
[AnalysisInputs::SetCalculatedSysts] => % sysematic = 0.025
[AnalysisInputs::SetCalculatedSysts] source : FakeLooseID
[AnalysisInputs::SetCalculatedSysts] => % sysematic = 0.3
[AnalysisInputs::SetCalculatedSysts] source : ChrageFlipSyst
[AnalysisInputs::SetCalculatedSysts] => % sysematic = 0.16
[CutRangeInfo::ReadCutCard] Get Cutcard from /data8/Users/jskim/HN_dilepton_plotter/data/v8-0-7.37_Approved/CutOpCard/RunDirectory/Cards_MuMu_Bin1/HNMuMu_70.txt
Central	9.91284	10.4224	0
_MuonEn_up	9.90464	10.4224	0
_MuonEn_down	9.74451	10.4224	0
_MuonIDSF_up	10.1024	10.4224	0
_MuonIDSF_down	10.1454	10.4224	0
_ElectronEn_up	9.78901	10.4224	0
_ElectronEn_down	9.83413	10.4224	0
_ElectronIDSF_up	9.92579	10.4224	0
_ElectronIDSF_down	9.83906	10.4224	0
_TriggerSF_up	9.90264	10.4224	0
_TriggerSF_down	9.81839	10.4224	0
_PU_up	10.3493	10.4224	0
_PU_down	9.69538	10.4224	0
_JetEn_up	9.09676	10.4224	0
_JetEn_down	9.61186	10.4224	0
_JetRes_up	9.76795	10.4224	0
_JetRes_down	8.78204	10.4224	0
_Unclustered_up	9.58261	10.4224	0
_Unclustered_down	10.828	10.4224	0
_BTagSFEff_up	9.82656	10.4224	0
_BTagSFEff_down	10.0315	10.4224	0
_BTagSFMiss_up	9.75385	10.4224	0
_BTagSFMiss_down	9.83311	10.4224	0
_JetMass_up	9.9634	10.4224	0
_JetMass_down	9.90187	10.4224	0
_JetMassRes_up	9.83225	10.4224	0
_JetMassRes_down	9.83996	10.4224	0
_Tau21_up	9.82718	10.4224	0
_Tau21_down	9.91513	10.4224	0

################ Sources ################
Source	SystTotal	SystPrompt	SystFake	Signal
Stat 11.47 20.52  10.96  -nan  8.14
Lumi 1.22  2.50 -  -  2.50
PDF  -  -  -  -  9.00
MuonPt  0.59 1.20  -  -  0.53
MuonID  1.04 2.14  -  -  3.20
ElectronE  0.51 1.05  -  -  0.47
ElectronID  0.26 0.53  -  -  0.92
Trigger  0.33 0.68  -  -  0.53
PU  1.70 3.48  -  -  0.75
JES  3.02 6.20  -  -  1.49
JER  3.96 8.13  -  -  0.95
Uncl  3.38 6.94  -  -  4.64
BEff  0.51 1.05  -  -  0.47
BMiss  0.62 1.27  -  -  0.68
JMS  0.18 0.37  -  -  1.09
JMR  0.38 0.78  -  -  0.47
Tau21  0.30 0.61  -  -  0.37
MCNorm 7.26  14.90 -  -  -
Fake 15.38  -  30.00 - -
CF 0.00  -  -  -nan -
Total Systematic 18.24 20.12  30.00  -nan  11.25

Total Background	20.335
- Prompt	9.913
- Fake	10.422
- CF	0.000
- Obs	21.000

####### Result #######
Signal Eff	0.001703
20.335284 1.215453
222.579074 1.138846
