
Processing CyclesForMixingLimit_MuMu_Bin1/HNMuMu_150.C...
[AnalysisInputs::SetMCSF] Get MC SF from /data8/Users/jskim/HN_dilepton_plotter/data/v8-0-7.37_Approved/MCSF.txt
[AnalysisInputs::SetMCSF] sample : VVV
[AnalysisInputs::SetMCSF] => MCSF = 1, MCSF_err = 0.5
[AnalysisInputs::SetMCSF] sample : WWW
[AnalysisInputs::SetMCSF] => MCSF = 1, MCSF_err = 0.5
[AnalysisInputs::SetMCSF] sample : WWZ
[AnalysisInputs::SetMCSF] => MCSF = 1, MCSF_err = 0.5
[AnalysisInputs::SetMCSF] sample : WZZ
[AnalysisInputs::SetMCSF] => MCSF = 1, MCSF_err = 0.5
[AnalysisInputs::SetMCSF] sample : ZZZ
[AnalysisInputs::SetMCSF] => MCSF = 1, MCSF_err = 0.5
[AnalysisInputs::SetMCSF] sample : ttV
[AnalysisInputs::SetMCSF] => MCSF = 1, MCSF_err = 0.5
[AnalysisInputs::SetMCSF] sample : ttW
[AnalysisInputs::SetMCSF] => MCSF = 1, MCSF_err = 0.5
[AnalysisInputs::SetMCSF] sample : ttZ
[AnalysisInputs::SetMCSF] => MCSF = 1, MCSF_err = 0.5
[AnalysisInputs::SetMCSF] sample : ttH_nonbb
[AnalysisInputs::SetMCSF] => MCSF = 1, MCSF_err = 0.5
[AnalysisInputs::SetMCSF] sample : top
[AnalysisInputs::SetMCSF] => MCSF = 1, MCSF_err = 0.5
[AnalysisInputs::SetMCSF] sample : WWTo2L2Nu_DS
[AnalysisInputs::SetMCSF] => MCSF = 1, MCSF_err = 0.5
[AnalysisInputs::SetMCSF] sample : WpWpEWK
[AnalysisInputs::SetMCSF] => MCSF = 1.3062, MCSF_err = 0.5
[AnalysisInputs::SetMCSF] sample : WpWpQCD
[AnalysisInputs::SetMCSF] => MCSF = 1.70026, MCSF_err = 0.5
[AnalysisInputs::SetMCSF] sample : WZTo3LNu_mllmin01
[AnalysisInputs::SetMCSF] => MCSF = 0.65, MCSF_err = 0.06
[AnalysisInputs::SetMCSF] sample : WZTo3LNu_powheg
[AnalysisInputs::SetMCSF] => MCSF = 1.05149, MCSF_err = 0.064601
[AnalysisInputs::SetMCSF] sample : ZGto2LG
[AnalysisInputs::SetMCSF] => MCSF = 1.09319, MCSF_err = 0.0752381
[AnalysisInputs::SetMCSF] sample : ZZTo4L_powheg
[AnalysisInputs::SetMCSF] => MCSF = 0.97851, MCSF_err = 0.25
[AnalysisInputs::SetMCSF] sample : ggZZto2e2mu
[AnalysisInputs::SetMCSF] => MCSF = 0.97851, MCSF_err = 0.25
[AnalysisInputs::SetMCSF] sample : ggZZto2e2nu
[AnalysisInputs::SetMCSF] => MCSF = 0.97851, MCSF_err = 0.25
[AnalysisInputs::SetMCSF] sample : ggZZto2e2tau
[AnalysisInputs::SetMCSF] => MCSF = 0.97851, MCSF_err = 0.25
[AnalysisInputs::SetMCSF] sample : ggZZto2mu2nu
[AnalysisInputs::SetMCSF] => MCSF = 0.97851, MCSF_err = 0.25
[AnalysisInputs::SetMCSF] sample : ggZZto2mu2tau
[AnalysisInputs::SetMCSF] => MCSF = 0.97851, MCSF_err = 0.25
[AnalysisInputs::SetMCSF] sample : ggZZto4e
[AnalysisInputs::SetMCSF] => MCSF = 0.97851, MCSF_err = 0.25
[AnalysisInputs::SetMCSF] sample : ggZZto4mu
[AnalysisInputs::SetMCSF] => MCSF = 0.97851, MCSF_err = 0.25
[AnalysisInputs::SetMCSF] sample : ggZZto4tau
[AnalysisInputs::SetMCSF] => MCSF = 0.97851, MCSF_err = 0.25
[AnalysisInputs::SetMCSF] sample : ggHtoZZ
[AnalysisInputs::SetMCSF] => MCSF = 0.97851, MCSF_err = 0.25
[AnalysisInputs::SetMCSF] sample : WGtoLNuG
[AnalysisInputs::SetMCSF] => MCSF = 1, MCSF_err = 0.0752381
[AnalysisInputs::SetMCSF] sample : WGtoLNuG_weighted
[AnalysisInputs::SetMCSF] => MCSF = 1, MCSF_err = 0.0752381
[AnalysisInputs::SetCalculatedSysts] Get Systematics from /data8/Users/jskim/HN_dilepton_plotter/data/v8-0-7.37_Approved/Syst.txt
[AnalysisInputs::SetCalculatedSysts] source : Luminosity
[AnalysisInputs::SetCalculatedSysts] => % sysematic = 0.025
[AnalysisInputs::SetCalculatedSysts] source : FakeLooseID
[AnalysisInputs::SetCalculatedSysts] => % sysematic = 0.3
[AnalysisInputs::SetCalculatedSysts] source : ChrageFlipSyst
[AnalysisInputs::SetCalculatedSysts] => % sysematic = 0.16
[CutRangeInfo::ReadCutCard] Get Cutcard from /data8/Users/jskim/HN_dilepton_plotter/data/v8-0-7.37_Approved/CutOpCard/RunDirectory/Cards_MuMu_Bin1/HNMuMu_150.txt
Central	5.84665	3.04422	0
_MuonEn_up	5.81618	3.04422	0
_MuonEn_down	5.73246	3.04422	0
_MuonIDSF_up	5.99377	3.04422	0
_MuonIDSF_down	5.58957	3.04422	0
_ElectronEn_up	5.81337	3.04422	0
_ElectronEn_down	5.82863	3.04422	0
_ElectronIDSF_up	5.81738	3.04422	0
_ElectronIDSF_down	5.93346	3.04422	0
_TriggerSF_up	5.87896	3.04422	0
_TriggerSF_down	5.80709	3.04422	0
_PU_up	5.50233	3.04422	0
_PU_down	5.95287	3.04422	0
_JetEn_up	6.1909	3.04422	0
_JetEn_down	6.2261	3.04422	0
_JetRes_up	6.14628	3.04422	0
_JetRes_down	5.91258	3.04422	0
_Unclustered_up	6.02114	3.04422	0
_Unclustered_down	6.50861	3.04422	0
_BTagSFEff_up	5.81621	3.04422	0
_BTagSFEff_down	5.92574	3.04422	0
_BTagSFMiss_up	5.83291	3.04422	0
_BTagSFMiss_down	5.82788	3.04422	0
_JetMass_up	5.82938	3.04422	0
_JetMass_down	5.83877	3.04422	0
_JetMassRes_up	5.83697	3.04422	0
_JetMassRes_down	5.83085	3.04422	0
_Tau21_up	5.81752	3.04422	0
_Tau21_down	5.83358	3.04422	0

################ Sources ################
Source	SystTotal	SystPrompt	SystFake	Signal
Stat 9.21 11.83  14.39  -nan  1.82
Lumi 1.64  2.50 -  -  2.50
PDF  -  -  -  -  5.00
MuonPt  0.94 1.43  -  -  0.34
MuonID  2.36 3.58  -  -  2.87
ElectronE  0.30 0.46  -  -  0.10
ElectronID  0.73 1.11  -  -  0.26
Trigger  0.41 0.62  -  -  0.47
PU  2.87 4.36  -  -  1.62
JES  4.07 6.20  -  -  2.24
JER  2.44 3.71  -  -  1.49
Uncl  5.44 8.28  -  -  2.54
BEff  0.67 1.02  -  -  0.37
BMiss  0.19 0.28  -  -  0.31
JMS  0.15 0.23  -  -  0.17
JMR  0.15 0.22  -  -  0.21
Tau21  0.25 0.39  -  -  0.23
MCNorm 13.98  21.25 -  -  -
Fake 10.27  -  30.00 - -
CF 0.00  -  -  -nan -
Total Systematic 19.28 24.81  30.00  -nan  7.52

Total Background	8.891
- Prompt	5.847
- Fake	3.044
- CF	0.000
- Obs	11.000

####### Result #######
Signal Eff	0.066033
8.890869 1.213678
25.430794 1.077367
