
Processing CyclesForMixingLimit_MuMu_Bin1/HNMuMu_500.C...
[AnalysisInputs::SetMCSF] Get MC SF from /data8/Users/jskim/HN_dilepton_plotter/data/v8-0-7.37_Approved/MCSF.txt
[AnalysisInputs::SetMCSF] sample : VVV
[AnalysisInputs::SetMCSF] => MCSF = 1, MCSF_err = 0.5
[AnalysisInputs::SetMCSF] sample : WWW
[AnalysisInputs::SetMCSF] => MCSF = 1, MCSF_err = 0.5
[AnalysisInputs::SetMCSF] sample : WWZ
[AnalysisInputs::SetMCSF] => MCSF = 1, MCSF_err = 0.5
[AnalysisInputs::SetMCSF] sample : WZZ
[AnalysisInputs::SetMCSF] => MCSF = 1, MCSF_err = 0.5
[AnalysisInputs::SetMCSF] sample : ZZZ
[AnalysisInputs::SetMCSF] => MCSF = 1, MCSF_err = 0.5
[AnalysisInputs::SetMCSF] sample : ttV
[AnalysisInputs::SetMCSF] => MCSF = 1, MCSF_err = 0.5
[AnalysisInputs::SetMCSF] sample : ttW
[AnalysisInputs::SetMCSF] => MCSF = 1, MCSF_err = 0.5
[AnalysisInputs::SetMCSF] sample : ttZ
[AnalysisInputs::SetMCSF] => MCSF = 1, MCSF_err = 0.5
[AnalysisInputs::SetMCSF] sample : ttH_nonbb
[AnalysisInputs::SetMCSF] => MCSF = 1, MCSF_err = 0.5
[AnalysisInputs::SetMCSF] sample : top
[AnalysisInputs::SetMCSF] => MCSF = 1, MCSF_err = 0.5
[AnalysisInputs::SetMCSF] sample : WWTo2L2Nu_DS
[AnalysisInputs::SetMCSF] => MCSF = 1, MCSF_err = 0.5
[AnalysisInputs::SetMCSF] sample : WpWpEWK
[AnalysisInputs::SetMCSF] => MCSF = 1.3062, MCSF_err = 0.5
[AnalysisInputs::SetMCSF] sample : WpWpQCD
[AnalysisInputs::SetMCSF] => MCSF = 1.70026, MCSF_err = 0.5
[AnalysisInputs::SetMCSF] sample : WZTo3LNu_mllmin01
[AnalysisInputs::SetMCSF] => MCSF = 0.65, MCSF_err = 0.06
[AnalysisInputs::SetMCSF] sample : WZTo3LNu_powheg
[AnalysisInputs::SetMCSF] => MCSF = 1.05149, MCSF_err = 0.064601
[AnalysisInputs::SetMCSF] sample : ZGto2LG
[AnalysisInputs::SetMCSF] => MCSF = 1.09319, MCSF_err = 0.0752381
[AnalysisInputs::SetMCSF] sample : ZZTo4L_powheg
[AnalysisInputs::SetMCSF] => MCSF = 0.97851, MCSF_err = 0.25
[AnalysisInputs::SetMCSF] sample : ggZZto2e2mu
[AnalysisInputs::SetMCSF] => MCSF = 0.97851, MCSF_err = 0.25
[AnalysisInputs::SetMCSF] sample : ggZZto2e2nu
[AnalysisInputs::SetMCSF] => MCSF = 0.97851, MCSF_err = 0.25
[AnalysisInputs::SetMCSF] sample : ggZZto2e2tau
[AnalysisInputs::SetMCSF] => MCSF = 0.97851, MCSF_err = 0.25
[AnalysisInputs::SetMCSF] sample : ggZZto2mu2nu
[AnalysisInputs::SetMCSF] => MCSF = 0.97851, MCSF_err = 0.25
[AnalysisInputs::SetMCSF] sample : ggZZto2mu2tau
[AnalysisInputs::SetMCSF] => MCSF = 0.97851, MCSF_err = 0.25
[AnalysisInputs::SetMCSF] sample : ggZZto4e
[AnalysisInputs::SetMCSF] => MCSF = 0.97851, MCSF_err = 0.25
[AnalysisInputs::SetMCSF] sample : ggZZto4mu
[AnalysisInputs::SetMCSF] => MCSF = 0.97851, MCSF_err = 0.25
[AnalysisInputs::SetMCSF] sample : ggZZto4tau
[AnalysisInputs::SetMCSF] => MCSF = 0.97851, MCSF_err = 0.25
[AnalysisInputs::SetMCSF] sample : ggHtoZZ
[AnalysisInputs::SetMCSF] => MCSF = 0.97851, MCSF_err = 0.25
[AnalysisInputs::SetMCSF] sample : WGtoLNuG
[AnalysisInputs::SetMCSF] => MCSF = 1, MCSF_err = 0.0752381
[AnalysisInputs::SetMCSF] sample : WGtoLNuG_weighted
[AnalysisInputs::SetMCSF] => MCSF = 1, MCSF_err = 0.0752381
[AnalysisInputs::SetCalculatedSysts] Get Systematics from /data8/Users/jskim/HN_dilepton_plotter/data/v8-0-7.37_Approved/Syst.txt
[AnalysisInputs::SetCalculatedSysts] source : Luminosity
[AnalysisInputs::SetCalculatedSysts] => % sysematic = 0.025
[AnalysisInputs::SetCalculatedSysts] source : FakeLooseID
[AnalysisInputs::SetCalculatedSysts] => % sysematic = 0.3
[AnalysisInputs::SetCalculatedSysts] source : ChrageFlipSyst
[AnalysisInputs::SetCalculatedSysts] => % sysematic = 0.16
[CutRangeInfo::ReadCutCard] Get Cutcard from /data8/Users/jskim/HN_dilepton_plotter/data/v8-0-7.37_Approved/CutOpCard/RunDirectory/Cards_MuMu_Bin1/HNMuMu_500.txt
Central	0.377441	0	0
_MuonEn_up	0.370436	0	0
_MuonEn_down	0.37416	0	0
_MuonIDSF_up	0.390472	0	0
_MuonIDSF_down	0.364932	0	0
_ElectronEn_up	0.377642	0	0
_ElectronEn_down	0.37416	0	0
_ElectronIDSF_up	0.376306	0	0
_ElectronIDSF_down	0.370091	0	0
_TriggerSF_up	0.375306	0	0
_TriggerSF_down	0.374068	0	0
_PU_up	0.349342	0	0
_PU_down	0.397541	0	0
_JetEn_up	0.373729	0	0
_JetEn_down	0.980062	0	0
_JetRes_up	0.397441	0	0
_JetRes_down	0.358578	0	0
_Unclustered_up	0.87433	0	0
_Unclustered_down	0.377868	0	0
_BTagSFEff_up	0.37416	0	0
_BTagSFEff_down	0.374474	0	0
_BTagSFMiss_up	0.377427	0	0
_BTagSFMiss_down	0.377441	0	0
_JetMass_up	0.37416	0	0
_JetMass_down	0.37416	0	0
_JetMassRes_up	0.375372	0	0
_JetMassRes_down	0.374068	0	0
_Tau21_up	0.37416	0	0
_Tau21_down	0.376306	0	0

################ Sources ################
Source	SystTotal	SystPrompt	SystFake	Signal
Stat 32.99 32.99  -nan  -nan  1.77
Lumi 2.50  2.50 -  -  2.50
PDF  -  -  -  -  5.00
MuonPt  1.45 1.45  -  -  0.21
MuonID  3.38 3.38  -  -  3.69
ElectronE  0.62 0.62  -  -  0.11
ElectronID  1.39 1.39  -  -  0.12
Trigger  0.75 0.75  -  -  0.47
PU  6.47 6.47  -  -  0.73
JES  112.90 112.90  -  -  1.50
JER  5.15 5.15  -  -  1.21
Uncl  93.09 93.09  -  -  0.25
BEff  0.83 0.83  -  -  0.40
BMiss  0.00 0.00  -  -  0.55
JMS  0.87 0.87  -  -  0.06
JMR  0.74 0.74  -  -  0.10
Tau21  0.65 0.65  -  -  0.10
MCNorm 37.15  37.15 -  -  -
Fake 0.00  -  -nan - -
CF 0.00  -  -  -nan -
Total Systematic 151.28 151.28  -nan  -nan  7.07

Total Background	0.377
- Prompt	0.377
- Fake	0.000
- CF	0.000
- Obs	3.000

####### Result #######
Signal Eff	0.086280
0.377441 2.548331
0.298024 1.072864
