
Processing CyclesForMixingLimit_MuMu_Bin1/HNMuMu_400_VBF.C...
[AnalysisInputs::SetMCSF] Get MC SF from /data8/Users/jskim/HN_dilepton_plotter/data/v8-0-7.37_ForApproval/MCSF.txt
[AnalysisInputs::SetMCSF] sample : VVV
[AnalysisInputs::SetMCSF] => MCSF = 1, MCSF_err = 0.5
[AnalysisInputs::SetMCSF] sample : WWW
[AnalysisInputs::SetMCSF] => MCSF = 1, MCSF_err = 0.5
[AnalysisInputs::SetMCSF] sample : WWZ
[AnalysisInputs::SetMCSF] => MCSF = 1, MCSF_err = 0.5
[AnalysisInputs::SetMCSF] sample : WZZ
[AnalysisInputs::SetMCSF] => MCSF = 1, MCSF_err = 0.5
[AnalysisInputs::SetMCSF] sample : ZZZ
[AnalysisInputs::SetMCSF] => MCSF = 1, MCSF_err = 0.5
[AnalysisInputs::SetMCSF] sample : ttV
[AnalysisInputs::SetMCSF] => MCSF = 1, MCSF_err = 0.5
[AnalysisInputs::SetMCSF] sample : ttW
[AnalysisInputs::SetMCSF] => MCSF = 1, MCSF_err = 0.5
[AnalysisInputs::SetMCSF] sample : ttZ
[AnalysisInputs::SetMCSF] => MCSF = 1, MCSF_err = 0.5
[AnalysisInputs::SetMCSF] sample : ttH_nonbb
[AnalysisInputs::SetMCSF] => MCSF = 1, MCSF_err = 0.5
[AnalysisInputs::SetMCSF] sample : top
[AnalysisInputs::SetMCSF] => MCSF = 1, MCSF_err = 0.5
[AnalysisInputs::SetMCSF] sample : WWTo2L2Nu_DS
[AnalysisInputs::SetMCSF] => MCSF = 1, MCSF_err = 0.5
[AnalysisInputs::SetMCSF] sample : WpWpEWK
[AnalysisInputs::SetMCSF] => MCSF = 1.3062, MCSF_err = 0.5
[AnalysisInputs::SetMCSF] sample : WpWpQCD
[AnalysisInputs::SetMCSF] => MCSF = 1.70026, MCSF_err = 0.5
[AnalysisInputs::SetMCSF] sample : WZTo3LNu_mllmin01
[AnalysisInputs::SetMCSF] => MCSF = 0.65, MCSF_err = 0.06
[AnalysisInputs::SetMCSF] sample : WZTo3LNu_powheg
[AnalysisInputs::SetMCSF] => MCSF = 1.05149, MCSF_err = 0.064601
[AnalysisInputs::SetMCSF] sample : ZGto2LG
[AnalysisInputs::SetMCSF] => MCSF = 1.09319, MCSF_err = 0.0752381
[AnalysisInputs::SetMCSF] sample : ZZTo4L_powheg
[AnalysisInputs::SetMCSF] => MCSF = 0.97851, MCSF_err = 0.25
[AnalysisInputs::SetMCSF] sample : ggZZto2e2mu
[AnalysisInputs::SetMCSF] => MCSF = 0.97851, MCSF_err = 0.25
[AnalysisInputs::SetMCSF] sample : ggZZto2e2nu
[AnalysisInputs::SetMCSF] => MCSF = 0.97851, MCSF_err = 0.25
[AnalysisInputs::SetMCSF] sample : ggZZto2e2tau
[AnalysisInputs::SetMCSF] => MCSF = 0.97851, MCSF_err = 0.25
[AnalysisInputs::SetMCSF] sample : ggZZto2mu2nu
[AnalysisInputs::SetMCSF] => MCSF = 0.97851, MCSF_err = 0.25
[AnalysisInputs::SetMCSF] sample : ggZZto2mu2tau
[AnalysisInputs::SetMCSF] => MCSF = 0.97851, MCSF_err = 0.25
[AnalysisInputs::SetMCSF] sample : ggZZto4e
[AnalysisInputs::SetMCSF] => MCSF = 0.97851, MCSF_err = 0.25
[AnalysisInputs::SetMCSF] sample : ggZZto4mu
[AnalysisInputs::SetMCSF] => MCSF = 0.97851, MCSF_err = 0.25
[AnalysisInputs::SetMCSF] sample : ggZZto4tau
[AnalysisInputs::SetMCSF] => MCSF = 0.97851, MCSF_err = 0.25
[AnalysisInputs::SetMCSF] sample : ggHtoZZ
[AnalysisInputs::SetMCSF] => MCSF = 0.97851, MCSF_err = 0.25
[AnalysisInputs::SetMCSF] sample : WGtoLNuG
[AnalysisInputs::SetMCSF] => MCSF = 1, MCSF_err = 0.0752381
[AnalysisInputs::SetMCSF] sample : WGtoLNuG_weighted
[AnalysisInputs::SetMCSF] => MCSF = 1, MCSF_err = 0.0752381
[AnalysisInputs::SetCalculatedSysts] Get Systematics from /data8/Users/jskim/HN_dilepton_plotter/data/v8-0-7.37_ForApproval/Syst.txt
[AnalysisInputs::SetCalculatedSysts] source : Luminosity
[AnalysisInputs::SetCalculatedSysts] => % sysematic = 0.025
[AnalysisInputs::SetCalculatedSysts] source : FakeLooseID
[AnalysisInputs::SetCalculatedSysts] => % sysematic = 0.3
[AnalysisInputs::SetCalculatedSysts] source : ChrageFlipSyst
[AnalysisInputs::SetCalculatedSysts] => % sysematic = 0.16
[CutRangeInfo::ReadCutCard] Get Cutcard from /data8/Users/jskim/HN_dilepton_plotter/data/v8-0-7.37_ForApproval/CutOpCard/RunDirectory/Cards_MuMu_Bin1/HNMuMu_400.txt
Central	0.942409	0.00825252	0
_MuonEn_up	0.925091	0.00825252	0
_MuonEn_down	0.926049	0.00825252	0
_MuonIDSF_up	0.978683	0.00825252	0
_MuonIDSF_down	0.906726	0.00825252	0
_ElectronEn_up	0.939254	0.00825252	0
_ElectronEn_down	0.931039	0.00825252	0
_ElectronIDSF_up	0.948	0.00825252	0
_ElectronIDSF_down	0.931799	0.00825252	0
_TriggerSF_up	0.937025	0.00825252	0
_TriggerSF_down	0.945232	0.00825252	0
_PU_up	0.917609	0.00825252	0
_PU_down	0.965302	0.00825252	0
_JetEn_up	1.0197	0.00825252	0
_JetEn_down	0.958914	0.00825252	0
_JetRes_up	0.961991	0.00825252	0
_JetRes_down	0.926591	0.00825252	0
_Unclustered_up	0.943379	0.00825252	0
_Unclustered_down	0.933991	0.00825252	0
_BTagSFEff_up	0.935867	0.00825252	0
_BTagSFEff_down	0.929751	0.00825252	0
_BTagSFMiss_up	0.942606	0.00825252	0
_BTagSFMiss_down	0.939079	0.00825252	0
_JetMass_up	0.935867	0.00825252	0
_JetMass_down	0.855224	0.00825252	0
_JetMassRes_up	0.9423	0.00825252	0
_JetMassRes_down	0.935775	0.00825252	0
_Tau21_up	0.938505	0.00825252	0
_Tau21_down	0.941247	0.00825252	0

################ Sources ################
Source	SystTotal	SystPrompt	SystFake	Signal
Stat 22.36 22.17  472.11  -nan  1.30
Lumi 2.48  2.50 -  -  2.50
PDF  -  -  -  -  4.50
MuonPt  1.77 1.79  -  -  0.26
MuonID  3.78 3.82  -  -  3.67
ElectronE  0.88 0.89  -  -  0.19
ElectronID  0.89 0.90  -  -  0.16
Trigger  0.45 0.46  -  -  0.31
PU  2.51 2.53  -  -  0.73
JES  5.88 5.93  -  -  1.27
JER  1.87 1.89  -  -  0.86
Uncl  0.63 0.64  -  -  1.17
BEff  1.06 1.07  -  -  0.38
BMiss  0.25 0.25  -  -  0.61
JMS  6.50 6.56  -  -  0.14
JMR  0.49 0.50  -  -  0.24
Tau21  0.30 0.31  -  -  0.22
MCNorm 29.71  29.97 -  -  -
Fake 0.26  -  30.00 - -
CF 0.00  -  -  -nan -
Total Systematic 31.57 31.84  30.00  -nan  6.71

Total Background	0.951
- Prompt	0.942
- Fake	0.008
- CF	0.000
- Obs	3.000

####### Result #######
Signal Eff	0.098976
0.950661 1.386836
1.083746 1.068378
