
Processing CyclesForMixingLimit_MuMu_Bin1/HNMuMu_200.C...
[AnalysisInputs::SetMCSF] Get MC SF from /data8/Users/jskim/HN_dilepton_plotter/data/v8-0-7.37_ForApproval/MCSF.txt
[AnalysisInputs::SetMCSF] sample : VVV
[AnalysisInputs::SetMCSF] => MCSF = 1, MCSF_err = 0.5
[AnalysisInputs::SetMCSF] sample : WWW
[AnalysisInputs::SetMCSF] => MCSF = 1, MCSF_err = 0.5
[AnalysisInputs::SetMCSF] sample : WWZ
[AnalysisInputs::SetMCSF] => MCSF = 1, MCSF_err = 0.5
[AnalysisInputs::SetMCSF] sample : WZZ
[AnalysisInputs::SetMCSF] => MCSF = 1, MCSF_err = 0.5
[AnalysisInputs::SetMCSF] sample : ZZZ
[AnalysisInputs::SetMCSF] => MCSF = 1, MCSF_err = 0.5
[AnalysisInputs::SetMCSF] sample : ttV
[AnalysisInputs::SetMCSF] => MCSF = 1, MCSF_err = 0.5
[AnalysisInputs::SetMCSF] sample : ttW
[AnalysisInputs::SetMCSF] => MCSF = 1, MCSF_err = 0.5
[AnalysisInputs::SetMCSF] sample : ttZ
[AnalysisInputs::SetMCSF] => MCSF = 1, MCSF_err = 0.5
[AnalysisInputs::SetMCSF] sample : ttH_nonbb
[AnalysisInputs::SetMCSF] => MCSF = 1, MCSF_err = 0.5
[AnalysisInputs::SetMCSF] sample : top
[AnalysisInputs::SetMCSF] => MCSF = 1, MCSF_err = 0.5
[AnalysisInputs::SetMCSF] sample : WWTo2L2Nu_DS
[AnalysisInputs::SetMCSF] => MCSF = 1, MCSF_err = 0.5
[AnalysisInputs::SetMCSF] sample : WpWpEWK
[AnalysisInputs::SetMCSF] => MCSF = 1.3062, MCSF_err = 0.5
[AnalysisInputs::SetMCSF] sample : WpWpQCD
[AnalysisInputs::SetMCSF] => MCSF = 1.70026, MCSF_err = 0.5
[AnalysisInputs::SetMCSF] sample : WZTo3LNu_mllmin01
[AnalysisInputs::SetMCSF] => MCSF = 0.65, MCSF_err = 0.06
[AnalysisInputs::SetMCSF] sample : WZTo3LNu_powheg
[AnalysisInputs::SetMCSF] => MCSF = 1.05149, MCSF_err = 0.064601
[AnalysisInputs::SetMCSF] sample : ZGto2LG
[AnalysisInputs::SetMCSF] => MCSF = 1.09319, MCSF_err = 0.0752381
[AnalysisInputs::SetMCSF] sample : ZZTo4L_powheg
[AnalysisInputs::SetMCSF] => MCSF = 0.97851, MCSF_err = 0.25
[AnalysisInputs::SetMCSF] sample : ggZZto2e2mu
[AnalysisInputs::SetMCSF] => MCSF = 0.97851, MCSF_err = 0.25
[AnalysisInputs::SetMCSF] sample : ggZZto2e2nu
[AnalysisInputs::SetMCSF] => MCSF = 0.97851, MCSF_err = 0.25
[AnalysisInputs::SetMCSF] sample : ggZZto2e2tau
[AnalysisInputs::SetMCSF] => MCSF = 0.97851, MCSF_err = 0.25
[AnalysisInputs::SetMCSF] sample : ggZZto2mu2nu
[AnalysisInputs::SetMCSF] => MCSF = 0.97851, MCSF_err = 0.25
[AnalysisInputs::SetMCSF] sample : ggZZto2mu2tau
[AnalysisInputs::SetMCSF] => MCSF = 0.97851, MCSF_err = 0.25
[AnalysisInputs::SetMCSF] sample : ggZZto4e
[AnalysisInputs::SetMCSF] => MCSF = 0.97851, MCSF_err = 0.25
[AnalysisInputs::SetMCSF] sample : ggZZto4mu
[AnalysisInputs::SetMCSF] => MCSF = 0.97851, MCSF_err = 0.25
[AnalysisInputs::SetMCSF] sample : ggZZto4tau
[AnalysisInputs::SetMCSF] => MCSF = 0.97851, MCSF_err = 0.25
[AnalysisInputs::SetMCSF] sample : ggHtoZZ
[AnalysisInputs::SetMCSF] => MCSF = 0.97851, MCSF_err = 0.25
[AnalysisInputs::SetMCSF] sample : WGtoLNuG
[AnalysisInputs::SetMCSF] => MCSF = 1, MCSF_err = 0.0752381
[AnalysisInputs::SetMCSF] sample : WGtoLNuG_weighted
[AnalysisInputs::SetMCSF] => MCSF = 1, MCSF_err = 0.0752381
[AnalysisInputs::SetCalculatedSysts] Get Systematics from /data8/Users/jskim/HN_dilepton_plotter/data/v8-0-7.37_ForApproval/Syst.txt
[AnalysisInputs::SetCalculatedSysts] source : Luminosity
[AnalysisInputs::SetCalculatedSysts] => % sysematic = 0.025
[AnalysisInputs::SetCalculatedSysts] source : FakeLooseID
[AnalysisInputs::SetCalculatedSysts] => % sysematic = 0.3
[AnalysisInputs::SetCalculatedSysts] source : ChrageFlipSyst
[AnalysisInputs::SetCalculatedSysts] => % sysematic = 0.16
[CutRangeInfo::ReadCutCard] Get Cutcard from /data8/Users/jskim/HN_dilepton_plotter/data/v8-0-7.37_ForApproval/CutOpCard/RunDirectory/Cards_MuMu_Bin1/HNMuMu_200.txt
Central	3.95085	0.681616	0
_MuonEn_up	4.00766	0.681616	0
_MuonEn_down	3.94324	0.681616	0
_MuonIDSF_up	4.07588	0.681616	0
_MuonIDSF_down	3.80059	0.681616	0
_ElectronEn_up	3.92925	0.681616	0
_ElectronEn_down	3.89647	0.681616	0
_ElectronIDSF_up	3.83894	0.681616	0
_ElectronIDSF_down	3.95566	0.681616	0
_TriggerSF_up	3.96677	0.681616	0
_TriggerSF_down	3.93917	0.681616	0
_PU_up	3.99738	0.681616	0
_PU_down	3.79728	0.681616	0
_JetEn_up	4.70976	0.681616	0
_JetEn_down	3.83132	0.681616	0
_JetRes_up	3.93602	0.681616	0
_JetRes_down	4.03993	0.681616	0
_Unclustered_up	3.79472	0.681616	0
_Unclustered_down	4.07241	0.681616	0
_BTagSFEff_up	3.84172	0.681616	0
_BTagSFEff_down	4.02028	0.681616	0
_BTagSFMiss_up	3.94148	0.681616	0
_BTagSFMiss_down	3.93751	0.681616	0
_JetMass_up	3.92833	0.681616	0
_JetMass_down	3.96382	0.681616	0
_JetMassRes_up	4.02723	0.681616	0
_JetMassRes_down	3.93404	0.681616	0
_Tau21_up	3.93959	0.681616	0
_Tau21_down	3.9336	0.681616	0

################ Sources ################
Source	SystTotal	SystPrompt	SystFake	Signal
Stat 11.42 12.33  30.29  -nan  1.69
Lumi 2.13  2.50 -  -  2.50
PDF  -  -  -  -  5.00
MuonPt  0.87 1.03  -  -  0.22
MuonID  2.98 3.50  -  -  3.18
ElectronE  0.89 1.05  -  -  0.22
ElectronID  1.71 2.00  -  -  0.42
Trigger  0.30 0.35  -  -  0.82
PU  2.45 2.87  -  -  1.40
JES  11.73 13.75  -  -  2.77
JER  1.38 1.62  -  -  2.39
Uncl  3.02 3.54  -  -  1.88
BEff  1.97 2.31  -  -  0.59
BMiss  0.25 0.29  -  -  0.50
JMS  0.40 0.47  -  -  0.08
JMR  1.19 1.40  -  -  0.33
Tau21  0.31 0.37  -  -  0.25
MCNorm 19.40  22.74 -  -  -
Fake 4.41  -  30.00 - -
CF 0.00  -  -  -nan -
Total Systematic 23.96 27.61  30.00  -nan  7.87

Total Background	4.632
- Prompt	3.951
- Fake	0.682
- CF	0.000
- Obs	4.000

####### Result #######
Signal Eff	0.080717
4.632461 1.265405
9.740453 1.080477
