
Processing HNMuMu_150.C...
[AnalysisInputs::SetMCSF] Get MC SF from /home/jskim/Documents/trilepton_13TeV/DiLepton/data/v8-0-7.32/MCSF.txt
[AnalysisInputs::SetMCSF] sample : VVV
[AnalysisInputs::SetMCSF] => MCSF = 1, MCSF_err = 0.5
[AnalysisInputs::SetMCSF] sample : WWW
[AnalysisInputs::SetMCSF] => MCSF = 1, MCSF_err = 0.5
[AnalysisInputs::SetMCSF] sample : WWZ
[AnalysisInputs::SetMCSF] => MCSF = 1, MCSF_err = 0.5
[AnalysisInputs::SetMCSF] sample : WZZ
[AnalysisInputs::SetMCSF] => MCSF = 1, MCSF_err = 0.5
[AnalysisInputs::SetMCSF] sample : ZZZ
[AnalysisInputs::SetMCSF] => MCSF = 1, MCSF_err = 0.5
[AnalysisInputs::SetMCSF] sample : ttV
[AnalysisInputs::SetMCSF] => MCSF = 1, MCSF_err = 0.5
[AnalysisInputs::SetMCSF] sample : ttW
[AnalysisInputs::SetMCSF] => MCSF = 1, MCSF_err = 0.5
[AnalysisInputs::SetMCSF] sample : ttZ
[AnalysisInputs::SetMCSF] => MCSF = 1, MCSF_err = 0.5
[AnalysisInputs::SetMCSF] sample : ttH_nonbb
[AnalysisInputs::SetMCSF] => MCSF = 1, MCSF_err = 0.5
[AnalysisInputs::SetMCSF] sample : top
[AnalysisInputs::SetMCSF] => MCSF = 1, MCSF_err = 0.5
[AnalysisInputs::SetMCSF] sample : WZTo3LNu_powheg
[AnalysisInputs::SetMCSF] => MCSF = 0.988021, MCSF_err = 0.0652167
[AnalysisInputs::SetMCSF] sample : ZGto2LG
[AnalysisInputs::SetMCSF] => MCSF = 0.83069, MCSF_err = 0.174719
[AnalysisInputs::SetMCSF] sample : ZZTo4L_powheg
[AnalysisInputs::SetMCSF] => MCSF = 0.94117, MCSF_err = 0.105665
[AnalysisInputs::SetMCSF] sample : ggZZto2e2mu
[AnalysisInputs::SetMCSF] => MCSF = 0.94117, MCSF_err = 0.105665
[AnalysisInputs::SetMCSF] sample : ggZZto2e2nu
[AnalysisInputs::SetMCSF] => MCSF = 0.94117, MCSF_err = 0.105665
[AnalysisInputs::SetMCSF] sample : ggZZto2e2tau
[AnalysisInputs::SetMCSF] => MCSF = 0.94117, MCSF_err = 0.105665
[AnalysisInputs::SetMCSF] sample : ggZZto2mu2nu
[AnalysisInputs::SetMCSF] => MCSF = 0.94117, MCSF_err = 0.105665
[AnalysisInputs::SetMCSF] sample : ggZZto2mu2tau
[AnalysisInputs::SetMCSF] => MCSF = 0.94117, MCSF_err = 0.105665
[AnalysisInputs::SetMCSF] sample : ggZZto4e
[AnalysisInputs::SetMCSF] => MCSF = 0.94117, MCSF_err = 0.105665
[AnalysisInputs::SetMCSF] sample : ggZZto4mu
[AnalysisInputs::SetMCSF] => MCSF = 0.94117, MCSF_err = 0.105665
[AnalysisInputs::SetMCSF] sample : ggZZto4tau
[AnalysisInputs::SetMCSF] => MCSF = 0.94117, MCSF_err = 0.105665
[AnalysisInputs::SetCalculatedSysts] Get Systematics from /home/jskim/Documents/trilepton_13TeV/DiLepton/data/v8-0-7.32/Syst.txt
[AnalysisInputs::SetCalculatedSysts] source : Luminosity
[AnalysisInputs::SetCalculatedSysts] => % sysematic = 0.025
[AnalysisInputs::SetCalculatedSysts] source : FakeLooseID
[AnalysisInputs::SetCalculatedSysts] => % sysematic = 0.3
[AnalysisInputs::SetCalculatedSysts] source : ChrageFlipSyst
[AnalysisInputs::SetCalculatedSysts] => % sysematic = 0.21
[CutRangeInfo::ReadCutCard] Get Cutcard from /home/jskim/Documents/trilepton_13TeV/DiLepton/data/v8-0-7.32/CutOpCard/OPTIMIZED_171021_MuMu_HighMass/HNMuMu_150.txt
prompt_tau21_syst = 0
signal_tau21_syst = 0
Central	10.7855	3.71037	0
_MuonEn_up	11.054	3.71037	0
_MuonEn_down	10.7702	3.71037	0
_MuonIDSF_up	11.3434	3.71037	0
_MuonIDSF_down	10.3169	3.71037	0
_ElectronEn_up	10.8287	3.71037	0
_ElectronEn_down	10.735	3.71037	0
_ElectronIDSF_up	10.7958	3.71037	0
_ElectronIDSF_down	10.7427	3.71037	0
_TriggerSF_up	10.7811	3.71037	0
_TriggerSF_down	10.8014	3.71037	0
_PU_up	10.8167	3.71037	0
_PU_down	10.8238	3.71037	0
_JetEn_up	11.4273	3.71037	0
_JetEn_down	11.3048	3.71037	0
_JetRes_up	10.5235	3.71037	0
_JetRes_down	11.1031	3.71037	0
_Unclustered_up	11.3559	3.71037	0
_Unclustered_down	12.734	3.71037	0
_BTagSFEff_up	10.7299	3.71037	0
_BTagSFEff_down	10.6177	3.71037	0
_BTagSFMiss_up	10.7192	3.71037	0
_BTagSFMiss_down	10.8121	3.71037	0
_JetMass_up	10.7776	3.71037	0
_JetMass_down	10.8018	3.71037	0
_JetMassRes_up	10.8054	3.71037	0
_JetMassRes_down	10.7522	3.71037	0

################ Sources ################
Source	SystTotal	SystPrompt	SystFake	Signal
Stat 12.23 15.89  12.31  -nan  1.56
Lumi 1.86  2.50 -  -  2.50
PDF  -  -  -  -  2.50
MuonPt  1.31 1.76  -  -  0.18
MuonID  3.55 4.78  -  -  4.65
ElectronE  0.32 0.44  -  -  0.21
ElectronID  0.21 0.29  -  -  0.13
Trigger  0.08 0.11  -  -  0.08
PU  0.24 0.32  -  -  1.42
JES  4.03 5.41  -  -  2.02
JER  2.01 2.70  -  -  1.36
Uncl  9.90 13.31  -  -  2.75
BEff  0.86 1.16  -  -  0.32
BMiss  0.35 0.47  -  -  0.32
JMS  0.09 0.12  -  -  0.20
JMR  0.19 0.25  -  -  0.19
Tau21 0.00  0.00 -  -  0.00
MCNorm 9.92  13.33 -  -  -
Fake 7.68  -  30.00 - -
CF 0.00  -  -  -nan -
Total Systematic 17.16 20.63  30.00  -nan  7.07

Total Background	14.496
- Prompt	10.786
- Fake	3.710
- CF	0.000

####### Result #######
Signal Eff	0.090800
14.495884 1.210770
33.716580 1.072424
