
Processing HNMuMu_90.C...
[AnalysisInputs::SetMCSF] Get MC SF from /home/jskim/Documents/trilepton_13TeV/DiLepton/data/v8-0-7.32/MCSF.txt
[AnalysisInputs::SetMCSF] sample : VVV
[AnalysisInputs::SetMCSF] => MCSF = 1, MCSF_err = 0.5
[AnalysisInputs::SetMCSF] sample : WWW
[AnalysisInputs::SetMCSF] => MCSF = 1, MCSF_err = 0.5
[AnalysisInputs::SetMCSF] sample : WWZ
[AnalysisInputs::SetMCSF] => MCSF = 1, MCSF_err = 0.5
[AnalysisInputs::SetMCSF] sample : WZZ
[AnalysisInputs::SetMCSF] => MCSF = 1, MCSF_err = 0.5
[AnalysisInputs::SetMCSF] sample : ZZZ
[AnalysisInputs::SetMCSF] => MCSF = 1, MCSF_err = 0.5
[AnalysisInputs::SetMCSF] sample : ttV
[AnalysisInputs::SetMCSF] => MCSF = 1, MCSF_err = 0.5
[AnalysisInputs::SetMCSF] sample : ttW
[AnalysisInputs::SetMCSF] => MCSF = 1, MCSF_err = 0.5
[AnalysisInputs::SetMCSF] sample : ttZ
[AnalysisInputs::SetMCSF] => MCSF = 1, MCSF_err = 0.5
[AnalysisInputs::SetMCSF] sample : ttH_nonbb
[AnalysisInputs::SetMCSF] => MCSF = 1, MCSF_err = 0.5
[AnalysisInputs::SetMCSF] sample : top
[AnalysisInputs::SetMCSF] => MCSF = 1, MCSF_err = 0.5
[AnalysisInputs::SetMCSF] sample : WZTo3LNu_powheg
[AnalysisInputs::SetMCSF] => MCSF = 0.988021, MCSF_err = 0.0652167
[AnalysisInputs::SetMCSF] sample : ZGto2LG
[AnalysisInputs::SetMCSF] => MCSF = 0.83069, MCSF_err = 0.174719
[AnalysisInputs::SetMCSF] sample : ZZTo4L_powheg
[AnalysisInputs::SetMCSF] => MCSF = 0.94117, MCSF_err = 0.105665
[AnalysisInputs::SetMCSF] sample : ggZZto2e2mu
[AnalysisInputs::SetMCSF] => MCSF = 0.94117, MCSF_err = 0.105665
[AnalysisInputs::SetMCSF] sample : ggZZto2e2nu
[AnalysisInputs::SetMCSF] => MCSF = 0.94117, MCSF_err = 0.105665
[AnalysisInputs::SetMCSF] sample : ggZZto2e2tau
[AnalysisInputs::SetMCSF] => MCSF = 0.94117, MCSF_err = 0.105665
[AnalysisInputs::SetMCSF] sample : ggZZto2mu2nu
[AnalysisInputs::SetMCSF] => MCSF = 0.94117, MCSF_err = 0.105665
[AnalysisInputs::SetMCSF] sample : ggZZto2mu2tau
[AnalysisInputs::SetMCSF] => MCSF = 0.94117, MCSF_err = 0.105665
[AnalysisInputs::SetMCSF] sample : ggZZto4e
[AnalysisInputs::SetMCSF] => MCSF = 0.94117, MCSF_err = 0.105665
[AnalysisInputs::SetMCSF] sample : ggZZto4mu
[AnalysisInputs::SetMCSF] => MCSF = 0.94117, MCSF_err = 0.105665
[AnalysisInputs::SetMCSF] sample : ggZZto4tau
[AnalysisInputs::SetMCSF] => MCSF = 0.94117, MCSF_err = 0.105665
[AnalysisInputs::SetCalculatedSysts] Get Systematics from /home/jskim/Documents/trilepton_13TeV/DiLepton/data/v8-0-7.32/Syst.txt
[AnalysisInputs::SetCalculatedSysts] source : Luminosity
[AnalysisInputs::SetCalculatedSysts] => % sysematic = 0.025
[AnalysisInputs::SetCalculatedSysts] source : FakeLooseID
[AnalysisInputs::SetCalculatedSysts] => % sysematic = 0.3
[AnalysisInputs::SetCalculatedSysts] source : ChrageFlipSyst
[AnalysisInputs::SetCalculatedSysts] => % sysematic = 0.21
[CutRangeInfo::ReadCutCard] Get Cutcard from /home/jskim/Documents/trilepton_13TeV/DiLepton/data/v8-0-7.32/CutOpCard/OPTIMIZED_171021_MuMu_HighMass/HNMuMu_90.txt
prompt_tau21_syst = 0
signal_tau21_syst = 0
Central	13.9361	12.3203	0
_MuonEn_up	13.9337	12.3203	0
_MuonEn_down	14.0691	12.3203	0
_MuonIDSF_up	15.4002	12.3203	0
_MuonIDSF_down	12.4479	12.3203	0
_ElectronEn_up	14.2513	12.3203	0
_ElectronEn_down	14.0232	12.3203	0
_ElectronIDSF_up	13.9563	12.3203	0
_ElectronIDSF_down	13.9195	12.3203	0
_TriggerSF_up	14.0696	12.3203	0
_TriggerSF_down	14.493	12.3203	0
_PU_up	13.2048	12.3203	0
_PU_down	14.6141	12.3203	0
_JetEn_up	16.1188	12.3203	0
_JetEn_down	16.4732	12.3203	0
_JetRes_up	14.9613	12.3203	0
_JetRes_down	13.8825	12.3203	0
_Unclustered_up	15.1411	12.3203	0
_Unclustered_down	14.9313	12.3203	0
_BTagSFEff_up	13.8851	12.3203	0
_BTagSFEff_down	13.9234	12.3203	0
_BTagSFMiss_up	13.8107	12.3203	0
_BTagSFMiss_down	14.0269	12.3203	0
_JetMass_up	13.9419	12.3203	0
_JetMass_down	13.9341	12.3203	0
_JetMassRes_up	13.8281	12.3203	0
_JetMassRes_down	13.904	12.3203	0

################ Sources ################
Source	SystTotal	SystPrompt	SystFake	Signal
Stat 12.67 22.26  9.77  -nan  5.22
Lumi 1.33  2.50 -  -  2.50
PDF  -  -  -  -  2.50
MuonPt  0.36 0.68  -  -  1.31
MuonID  5.62 10.59  -  -  12.29
ElectronE  0.88 1.66  -  -  0.69
ElectronID  0.07 0.13  -  -  0.04
Trigger  1.54 2.91  -  -  0.20
PU  2.69 5.06  -  -  1.84
JES  9.01 16.98  -  -  2.73
JER  2.76 5.21  -  -  1.82
Uncl  4.21 7.93  -  -  2.87
BEff  0.14 0.27  -  -  0.58
BMiss  0.42 0.79  -  -  0.51
JMS  0.02 0.03  -  -  0.75
JMR  0.30 0.57  -  -  0.80
Tau21 0.00  0.00 -  -  0.00
MCNorm 3.04  5.73 -  -  -
Fake 14.08  -  30.00 - -
CF 0.00  -  -  -nan -
Total Systematic 18.93 23.83  30.00  -nan  13.78

Total Background	26.256
- Prompt	13.936
- Fake	12.320
- CF	0.000

####### Result #######
Signal Eff	0.007417
26.256310 1.227772
39.683403 1.147383
