
Processing HNMuMu_300.C...
[AnalysisInputs::SetMCSF] Get MC SF from /home/jskim/Documents/trilepton_13TeV/DiLepton/data/v8-0-7.32/MCSF.txt
[AnalysisInputs::SetMCSF] sample : VVV
[AnalysisInputs::SetMCSF] => MCSF = 1, MCSF_err = 0.5
[AnalysisInputs::SetMCSF] sample : WWW
[AnalysisInputs::SetMCSF] => MCSF = 1, MCSF_err = 0.5
[AnalysisInputs::SetMCSF] sample : WWZ
[AnalysisInputs::SetMCSF] => MCSF = 1, MCSF_err = 0.5
[AnalysisInputs::SetMCSF] sample : WZZ
[AnalysisInputs::SetMCSF] => MCSF = 1, MCSF_err = 0.5
[AnalysisInputs::SetMCSF] sample : ZZZ
[AnalysisInputs::SetMCSF] => MCSF = 1, MCSF_err = 0.5
[AnalysisInputs::SetMCSF] sample : ttV
[AnalysisInputs::SetMCSF] => MCSF = 1, MCSF_err = 0.5
[AnalysisInputs::SetMCSF] sample : ttW
[AnalysisInputs::SetMCSF] => MCSF = 1, MCSF_err = 0.5
[AnalysisInputs::SetMCSF] sample : ttZ
[AnalysisInputs::SetMCSF] => MCSF = 1, MCSF_err = 0.5
[AnalysisInputs::SetMCSF] sample : ttH_nonbb
[AnalysisInputs::SetMCSF] => MCSF = 1, MCSF_err = 0.5
[AnalysisInputs::SetMCSF] sample : top
[AnalysisInputs::SetMCSF] => MCSF = 1, MCSF_err = 0.5
[AnalysisInputs::SetMCSF] sample : WZTo3LNu_powheg
[AnalysisInputs::SetMCSF] => MCSF = 0.988021, MCSF_err = 0.0652167
[AnalysisInputs::SetMCSF] sample : ZGto2LG
[AnalysisInputs::SetMCSF] => MCSF = 0.83069, MCSF_err = 0.174719
[AnalysisInputs::SetMCSF] sample : ZZTo4L_powheg
[AnalysisInputs::SetMCSF] => MCSF = 0.94117, MCSF_err = 0.105665
[AnalysisInputs::SetMCSF] sample : ggZZto2e2mu
[AnalysisInputs::SetMCSF] => MCSF = 0.94117, MCSF_err = 0.105665
[AnalysisInputs::SetMCSF] sample : ggZZto2e2nu
[AnalysisInputs::SetMCSF] => MCSF = 0.94117, MCSF_err = 0.105665
[AnalysisInputs::SetMCSF] sample : ggZZto2e2tau
[AnalysisInputs::SetMCSF] => MCSF = 0.94117, MCSF_err = 0.105665
[AnalysisInputs::SetMCSF] sample : ggZZto2mu2nu
[AnalysisInputs::SetMCSF] => MCSF = 0.94117, MCSF_err = 0.105665
[AnalysisInputs::SetMCSF] sample : ggZZto2mu2tau
[AnalysisInputs::SetMCSF] => MCSF = 0.94117, MCSF_err = 0.105665
[AnalysisInputs::SetMCSF] sample : ggZZto4e
[AnalysisInputs::SetMCSF] => MCSF = 0.94117, MCSF_err = 0.105665
[AnalysisInputs::SetMCSF] sample : ggZZto4mu
[AnalysisInputs::SetMCSF] => MCSF = 0.94117, MCSF_err = 0.105665
[AnalysisInputs::SetMCSF] sample : ggZZto4tau
[AnalysisInputs::SetMCSF] => MCSF = 0.94117, MCSF_err = 0.105665
[AnalysisInputs::SetCalculatedSysts] Get Systematics from /home/jskim/Documents/trilepton_13TeV/DiLepton/data/v8-0-7.32/Syst.txt
[AnalysisInputs::SetCalculatedSysts] source : Luminosity
[AnalysisInputs::SetCalculatedSysts] => % sysematic = 0.025
[AnalysisInputs::SetCalculatedSysts] source : FakeLooseID
[AnalysisInputs::SetCalculatedSysts] => % sysematic = 0.3
[AnalysisInputs::SetCalculatedSysts] source : ChrageFlipSyst
[AnalysisInputs::SetCalculatedSysts] => % sysematic = 0.21
[CutRangeInfo::ReadCutCard] Get Cutcard from /home/jskim/Documents/trilepton_13TeV/DiLepton/data/v8-0-7.32/CutOpCard/OPTIMIZED_171021_MuMu_HighMass/HNMuMu_300.txt
prompt_tau21_syst = 0
signal_tau21_syst = 0
Central	6.3287	0.438838	0
_MuonEn_up	6.71598	0.438838	0
_MuonEn_down	5.90006	0.438838	0
_MuonIDSF_up	6.69939	0.438838	0
_MuonIDSF_down	6.03744	0.438838	0
_ElectronEn_up	6.39309	0.438838	0
_ElectronEn_down	6.3883	0.438838	0
_ElectronIDSF_up	6.39922	0.438838	0
_ElectronIDSF_down	6.41918	0.438838	0
_TriggerSF_up	6.2984	0.438838	0
_TriggerSF_down	6.29219	0.438838	0
_PU_up	6.43076	0.438838	0
_PU_down	6.18754	0.438838	0
_JetEn_up	7.25062	0.438838	0
_JetEn_down	7.40625	0.438838	0
_JetRes_up	6.50882	0.438838	0
_JetRes_down	6.32149	0.438838	0
_Unclustered_up	7.45464	0.438838	0
_Unclustered_down	6.43251	0.438838	0
_BTagSFEff_up	6.36885	0.438838	0
_BTagSFEff_down	6.43316	0.438838	0
_BTagSFMiss_up	6.30536	0.438838	0
_BTagSFMiss_down	6.41234	0.438838	0
_JetMass_up	6.38534	0.438838	0
_JetMass_down	6.36804	0.438838	0
_JetMassRes_up	6.345	0.438838	0
_JetMassRes_down	6.32342	0.438838	0

################ Sources ################
Source	SystTotal	SystPrompt	SystFake	Signal
Stat 8.47 8.74  34.08  -nan  1.10
Lumi 2.34  2.50 -  -  2.50
PDF  -  -  -  -  2.50
MuonPt  6.04 6.45  -  -  4.54
MuonID  4.93 5.27  -  -  4.57
ElectronE  0.92 0.98  -  -  0.03
ElectronID  1.20 1.28  -  -  0.13
Trigger  0.50 0.53  -  -  0.13
PU  1.82 1.95  -  -  0.99
JES  14.82 15.84  -  -  1.37
JER  1.88 2.01  -  -  0.53
Uncl  11.81 12.63  -  -  1.02
BEff  1.17 1.25  -  -  0.28
BMiss  0.91 0.97  -  -  0.60
JMS  0.72 0.77  -  -  0.07
JMR  0.18 0.19  -  -  0.19
Tau21 0.00  0.00 -  -  0.00
MCNorm 11.69  12.50 -  -  -
Fake 1.95  -  30.00 - -
CF 0.00  -  -  -nan -
Total Systematic 24.04 25.62  30.00  -nan  7.66

Total Background	6.768
- Prompt	6.329
- Fake	0.439
- CF	0.000

####### Result #######
Signal Eff	0.180817
6.767542 1.254864
4.366859 1.077414
