
Processing HNMuMu_800_VBF.C...
[AnalysisInputs::SetMCSF] Get MC SF from /home/jskim/Documents/trilepton_13TeV/DiLepton/data/v8-0-7.32/MCSF.txt
[AnalysisInputs::SetMCSF] sample : VVV
[AnalysisInputs::SetMCSF] => MCSF = 1, MCSF_err = 0.5
[AnalysisInputs::SetMCSF] sample : WWW
[AnalysisInputs::SetMCSF] => MCSF = 1, MCSF_err = 0.5
[AnalysisInputs::SetMCSF] sample : WWZ
[AnalysisInputs::SetMCSF] => MCSF = 1, MCSF_err = 0.5
[AnalysisInputs::SetMCSF] sample : WZZ
[AnalysisInputs::SetMCSF] => MCSF = 1, MCSF_err = 0.5
[AnalysisInputs::SetMCSF] sample : ZZZ
[AnalysisInputs::SetMCSF] => MCSF = 1, MCSF_err = 0.5
[AnalysisInputs::SetMCSF] sample : ttV
[AnalysisInputs::SetMCSF] => MCSF = 1, MCSF_err = 0.5
[AnalysisInputs::SetMCSF] sample : ttW
[AnalysisInputs::SetMCSF] => MCSF = 1, MCSF_err = 0.5
[AnalysisInputs::SetMCSF] sample : ttZ
[AnalysisInputs::SetMCSF] => MCSF = 1, MCSF_err = 0.5
[AnalysisInputs::SetMCSF] sample : ttH_nonbb
[AnalysisInputs::SetMCSF] => MCSF = 1, MCSF_err = 0.5
[AnalysisInputs::SetMCSF] sample : top
[AnalysisInputs::SetMCSF] => MCSF = 1, MCSF_err = 0.5
[AnalysisInputs::SetMCSF] sample : WZTo3LNu_powheg
[AnalysisInputs::SetMCSF] => MCSF = 0.990529, MCSF_err = 0.0659614
[AnalysisInputs::SetMCSF] sample : ZGto2LG
[AnalysisInputs::SetMCSF] => MCSF = 0.779045, MCSF_err = 0.182441
[AnalysisInputs::SetMCSF] sample : ZZTo4L_powheg
[AnalysisInputs::SetMCSF] => MCSF = 0.93079, MCSF_err = 0.110885
[AnalysisInputs::SetMCSF] sample : ggZZto2e2mu
[AnalysisInputs::SetMCSF] => MCSF = 0.93079, MCSF_err = 0.110885
[AnalysisInputs::SetMCSF] sample : ggZZto2e2nu
[AnalysisInputs::SetMCSF] => MCSF = 0.93079, MCSF_err = 0.110885
[AnalysisInputs::SetMCSF] sample : ggZZto2e2tau
[AnalysisInputs::SetMCSF] => MCSF = 0.93079, MCSF_err = 0.110885
[AnalysisInputs::SetMCSF] sample : ggZZto2mu2nu
[AnalysisInputs::SetMCSF] => MCSF = 0.93079, MCSF_err = 0.110885
[AnalysisInputs::SetMCSF] sample : ggZZto2mu2tau
[AnalysisInputs::SetMCSF] => MCSF = 0.93079, MCSF_err = 0.110885
[AnalysisInputs::SetMCSF] sample : ggZZto4e
[AnalysisInputs::SetMCSF] => MCSF = 0.93079, MCSF_err = 0.110885
[AnalysisInputs::SetMCSF] sample : ggZZto4mu
[AnalysisInputs::SetMCSF] => MCSF = 0.93079, MCSF_err = 0.110885
[AnalysisInputs::SetMCSF] sample : ggZZto4tau
[AnalysisInputs::SetMCSF] => MCSF = 0.93079, MCSF_err = 0.110885
[AnalysisInputs::SetCalculatedSysts] Get Systematics from /home/jskim/Documents/trilepton_13TeV/DiLepton/data/v8-0-7.32/Syst.txt
[AnalysisInputs::SetCalculatedSysts] source : Luminosity
[AnalysisInputs::SetCalculatedSysts] => % sysematic = 0.025
[AnalysisInputs::SetCalculatedSysts] source : FakeLooseID
[AnalysisInputs::SetCalculatedSysts] => % sysematic = 0.3
[AnalysisInputs::SetCalculatedSysts] source : ChrageFlipSyst
[AnalysisInputs::SetCalculatedSysts] => % sysematic = 0.21
[CutRangeInfo::ReadCutCard] Get Cutcard from /home/jskim/Documents/trilepton_13TeV/DiLepton/data/v8-0-7.32/CutOpCard/OPTIMIZED_171021_MuMu_HighMass/HNMuMu_800.txt
prompt_tau21_syst = 0
signal_tau21_syst = 0
Central	0.846549	0	0
_MuonEn_up	0.993984	0	0
_MuonEn_down	0.776021	0	0
_MuonIDSF_up	0.894651	0	0
_MuonIDSF_down	0.810789	0	0
_ElectronEn_up	0.850596	0	0
_ElectronEn_down	0.848626	0	0
_ElectronIDSF_up	0.852703	0	0
_ElectronIDSF_down	0.845963	0	0
_TriggerSF_up	0.850597	0	0
_TriggerSF_down	0.845904	0	0
_PU_up	0.873121	0	0
_PU_down	0.824909	0	0
_JetEn_up	0.951596	0	0
_JetEn_down	0.950894	0	0
_JetRes_up	0.930648	0	0
_JetRes_down	0.857181	0	0
_Unclustered_up	0.852981	0	0
_Unclustered_down	0.859409	0	0
_BTagSFEff_up	0.852653	0	0
_BTagSFEff_down	0.855352	0	0
_BTagSFMiss_up	0.760785	0	0
_BTagSFMiss_down	0.845904	0	0
_JetMass_up	0.853609	0	0
_JetMass_down	0.849077	0	0
_JetMassRes_up	0.850762	0	0
_JetMassRes_down	0.680451	0	0

################ Sources ################
Source	SystTotal	SystPrompt	SystFake	Signal
Stat 22.99 22.99  -nan  -nan  1.99
Lumi 2.50  2.50 -  -  2.50
PDF  -  -  -  -  2.50
MuonPt  13.65 13.65  -  -  2.40
MuonID  5.01 5.01  -  -  4.22
ElectronE  0.38 0.38  -  -  0.29
ElectronID  0.52 0.52  -  -  0.13
Trigger  0.34 0.34  -  -  0.25
PU  2.86 2.86  -  -  0.61
JES  12.37 12.37  -  -  0.61
JER  7.08 7.08  -  -  0.38
Uncl  1.20 1.20  -  -  0.76
BEff  0.89 0.89  -  -  0.42
BMiss  7.16 7.16  -  -  0.59
JMS  0.63 0.63  -  -  0.20
JMR  13.88 13.88  -  -  0.52
Tau21 0.00  0.00 -  -  0.00
MCNorm 12.36  12.36 -  -  -
Fake 0.00  -  -nan - -
CF 0.00  -  -  -nan -
Total Systematic 28.79 28.79  -nan  -nan  6.21

Total Background	0.847
- Prompt	0.847
- Fake	0.000
- CF	0.000

####### Result #######
Signal Eff	0.053435
0.846549 1.368434
0.058119 1.065193
