
Processing HNMuMu_400.C...
[AnalysisInputs::SetMCSF] Get MC SF from /home/jskim/Documents/trilepton_13TeV/DiLepton/data/v8-0-7.32/MCSF.txt
[AnalysisInputs::SetMCSF] sample : VVV
[AnalysisInputs::SetMCSF] => MCSF = 1, MCSF_err = 0.5
[AnalysisInputs::SetMCSF] sample : WWW
[AnalysisInputs::SetMCSF] => MCSF = 1, MCSF_err = 0.5
[AnalysisInputs::SetMCSF] sample : WWZ
[AnalysisInputs::SetMCSF] => MCSF = 1, MCSF_err = 0.5
[AnalysisInputs::SetMCSF] sample : WZZ
[AnalysisInputs::SetMCSF] => MCSF = 1, MCSF_err = 0.5
[AnalysisInputs::SetMCSF] sample : ZZZ
[AnalysisInputs::SetMCSF] => MCSF = 1, MCSF_err = 0.5
[AnalysisInputs::SetMCSF] sample : ttV
[AnalysisInputs::SetMCSF] => MCSF = 1, MCSF_err = 0.5
[AnalysisInputs::SetMCSF] sample : ttW
[AnalysisInputs::SetMCSF] => MCSF = 1, MCSF_err = 0.5
[AnalysisInputs::SetMCSF] sample : ttZ
[AnalysisInputs::SetMCSF] => MCSF = 1, MCSF_err = 0.5
[AnalysisInputs::SetMCSF] sample : ttH_nonbb
[AnalysisInputs::SetMCSF] => MCSF = 1, MCSF_err = 0.5
[AnalysisInputs::SetMCSF] sample : top
[AnalysisInputs::SetMCSF] => MCSF = 1, MCSF_err = 0.5
[AnalysisInputs::SetMCSF] sample : WZTo3LNu_powheg
[AnalysisInputs::SetMCSF] => MCSF = 0.988021, MCSF_err = 0.0652167
[AnalysisInputs::SetMCSF] sample : ZGto2LG
[AnalysisInputs::SetMCSF] => MCSF = 0.83069, MCSF_err = 0.174719
[AnalysisInputs::SetMCSF] sample : ZZTo4L_powheg
[AnalysisInputs::SetMCSF] => MCSF = 0.94117, MCSF_err = 0.105665
[AnalysisInputs::SetMCSF] sample : ggZZto2e2mu
[AnalysisInputs::SetMCSF] => MCSF = 0.94117, MCSF_err = 0.105665
[AnalysisInputs::SetMCSF] sample : ggZZto2e2nu
[AnalysisInputs::SetMCSF] => MCSF = 0.94117, MCSF_err = 0.105665
[AnalysisInputs::SetMCSF] sample : ggZZto2e2tau
[AnalysisInputs::SetMCSF] => MCSF = 0.94117, MCSF_err = 0.105665
[AnalysisInputs::SetMCSF] sample : ggZZto2mu2nu
[AnalysisInputs::SetMCSF] => MCSF = 0.94117, MCSF_err = 0.105665
[AnalysisInputs::SetMCSF] sample : ggZZto2mu2tau
[AnalysisInputs::SetMCSF] => MCSF = 0.94117, MCSF_err = 0.105665
[AnalysisInputs::SetMCSF] sample : ggZZto4e
[AnalysisInputs::SetMCSF] => MCSF = 0.94117, MCSF_err = 0.105665
[AnalysisInputs::SetMCSF] sample : ggZZto4mu
[AnalysisInputs::SetMCSF] => MCSF = 0.94117, MCSF_err = 0.105665
[AnalysisInputs::SetMCSF] sample : ggZZto4tau
[AnalysisInputs::SetMCSF] => MCSF = 0.94117, MCSF_err = 0.105665
[AnalysisInputs::SetCalculatedSysts] Get Systematics from /home/jskim/Documents/trilepton_13TeV/DiLepton/data/v8-0-7.32/Syst.txt
[AnalysisInputs::SetCalculatedSysts] source : Luminosity
[AnalysisInputs::SetCalculatedSysts] => % sysematic = 0.025
[AnalysisInputs::SetCalculatedSysts] source : FakeLooseID
[AnalysisInputs::SetCalculatedSysts] => % sysematic = 0.3
[AnalysisInputs::SetCalculatedSysts] source : ChrageFlipSyst
[AnalysisInputs::SetCalculatedSysts] => % sysematic = 0.21
[CutRangeInfo::ReadCutCard] Get Cutcard from /home/jskim/Documents/trilepton_13TeV/DiLepton/data/v8-0-7.32/CutOpCard/OPTIMIZED_171021_MuMu_HighMass/HNMuMu_400.txt
prompt_tau21_syst = 0
signal_tau21_syst = 0
Central	3.38892	0.0401289	0
_MuonEn_up	3.8208	0.0401289	0
_MuonEn_down	2.95327	0.0401289	0
_MuonIDSF_up	3.55581	0.0401289	0
_MuonIDSF_down	3.14701	0.0401289	0
_ElectronEn_up	3.37008	0.0401289	0
_ElectronEn_down	3.38255	0.0401289	0
_ElectronIDSF_up	3.38619	0.0401289	0
_ElectronIDSF_down	3.39655	0.0401289	0
_TriggerSF_up	3.37209	0.0401289	0
_TriggerSF_down	3.29503	0.0401289	0
_PU_up	3.33553	0.0401289	0
_PU_down	3.28189	0.0401289	0
_JetEn_up	4.20571	0.0401289	0
_JetEn_down	4.4277	0.0401289	0
_JetRes_up	3.43821	0.0401289	0
_JetRes_down	3.38506	0.0401289	0
_Unclustered_up	4.47569	0.0401289	0
_Unclustered_down	3.37714	0.0401289	0
_BTagSFEff_up	3.37537	0.0401289	0
_BTagSFEff_down	3.37399	0.0401289	0
_BTagSFMiss_up	3.30288	0.0401289	0
_BTagSFMiss_down	3.38869	0.0401289	0
_JetMass_up	3.38473	0.0401289	0
_JetMass_down	3.36268	0.0401289	0
_JetMassRes_up	3.36929	0.0401289	0
_JetMassRes_down	3.3901	0.0401289	0

################ Sources ################
Source	SystTotal	SystPrompt	SystFake	Signal
Stat 12.27 12.35  108.02  -nan  1.22
Lumi 2.47  2.50 -  -  2.50
PDF  -  -  -  -  2.50
MuonPt  12.65 12.80  -  -  4.57
MuonID  6.06 6.13  -  -  4.51
ElectronE  0.41 0.41  -  -  0.14
ElectronID  0.17 0.17  -  -  0.19
Trigger  1.97 1.99  -  -  0.16
PU  2.47 2.50  -  -  0.62
JES  27.25 27.57  -  -  1.63
JER  1.02 1.03  -  -  0.50
Uncl  22.41 22.68  -  -  1.17
BEff  0.42 0.42  -  -  0.36
BMiss  1.77 1.80  -  -  0.59
JMS  0.55 0.55  -  -  0.20
JMR  0.41 0.41  -  -  0.21
Tau21 0.00  0.00 -  -  0.00
MCNorm 10.09  10.21 -  -  -
Fake 0.35  -  30.00 - -
CF 0.00  -  -  -nan -
Total Systematic 39.56 40.02  30.00  -nan  7.68

Total Background	3.429
- Prompt	3.389
- Fake	0.040
- CF	0.000

####### Result #######
Signal Eff	0.153050
3.429045 1.414146
1.206140 1.077774
