
Processing HNMuMu_100.C...
[AnalysisInputs::SetMCSF] Get MC SF from /home/jskim/Documents/trilepton_13TeV/DiLepton/data/v8-0-7.32/MCSF.txt
[AnalysisInputs::SetMCSF] sample : VVV
[AnalysisInputs::SetMCSF] => MCSF = 1, MCSF_err = 0.5
[AnalysisInputs::SetMCSF] sample : WWW
[AnalysisInputs::SetMCSF] => MCSF = 1, MCSF_err = 0.5
[AnalysisInputs::SetMCSF] sample : WWZ
[AnalysisInputs::SetMCSF] => MCSF = 1, MCSF_err = 0.5
[AnalysisInputs::SetMCSF] sample : WZZ
[AnalysisInputs::SetMCSF] => MCSF = 1, MCSF_err = 0.5
[AnalysisInputs::SetMCSF] sample : ZZZ
[AnalysisInputs::SetMCSF] => MCSF = 1, MCSF_err = 0.5
[AnalysisInputs::SetMCSF] sample : ttV
[AnalysisInputs::SetMCSF] => MCSF = 1, MCSF_err = 0.5
[AnalysisInputs::SetMCSF] sample : ttW
[AnalysisInputs::SetMCSF] => MCSF = 1, MCSF_err = 0.5
[AnalysisInputs::SetMCSF] sample : ttZ
[AnalysisInputs::SetMCSF] => MCSF = 1, MCSF_err = 0.5
[AnalysisInputs::SetMCSF] sample : ttH_nonbb
[AnalysisInputs::SetMCSF] => MCSF = 1, MCSF_err = 0.5
[AnalysisInputs::SetMCSF] sample : top
[AnalysisInputs::SetMCSF] => MCSF = 1, MCSF_err = 0.5
[AnalysisInputs::SetMCSF] sample : WZTo3LNu_powheg
[AnalysisInputs::SetMCSF] => MCSF = 0.988021, MCSF_err = 0.0652167
[AnalysisInputs::SetMCSF] sample : ZGto2LG
[AnalysisInputs::SetMCSF] => MCSF = 0.83069, MCSF_err = 0.174719
[AnalysisInputs::SetMCSF] sample : ZZTo4L_powheg
[AnalysisInputs::SetMCSF] => MCSF = 0.94117, MCSF_err = 0.105665
[AnalysisInputs::SetMCSF] sample : ggZZto2e2mu
[AnalysisInputs::SetMCSF] => MCSF = 0.94117, MCSF_err = 0.105665
[AnalysisInputs::SetMCSF] sample : ggZZto2e2nu
[AnalysisInputs::SetMCSF] => MCSF = 0.94117, MCSF_err = 0.105665
[AnalysisInputs::SetMCSF] sample : ggZZto2e2tau
[AnalysisInputs::SetMCSF] => MCSF = 0.94117, MCSF_err = 0.105665
[AnalysisInputs::SetMCSF] sample : ggZZto2mu2nu
[AnalysisInputs::SetMCSF] => MCSF = 0.94117, MCSF_err = 0.105665
[AnalysisInputs::SetMCSF] sample : ggZZto2mu2tau
[AnalysisInputs::SetMCSF] => MCSF = 0.94117, MCSF_err = 0.105665
[AnalysisInputs::SetMCSF] sample : ggZZto4e
[AnalysisInputs::SetMCSF] => MCSF = 0.94117, MCSF_err = 0.105665
[AnalysisInputs::SetMCSF] sample : ggZZto4mu
[AnalysisInputs::SetMCSF] => MCSF = 0.94117, MCSF_err = 0.105665
[AnalysisInputs::SetMCSF] sample : ggZZto4tau
[AnalysisInputs::SetMCSF] => MCSF = 0.94117, MCSF_err = 0.105665
[AnalysisInputs::SetCalculatedSysts] Get Systematics from /home/jskim/Documents/trilepton_13TeV/DiLepton/data/v8-0-7.32/Syst.txt
[AnalysisInputs::SetCalculatedSysts] source : Luminosity
[AnalysisInputs::SetCalculatedSysts] => % sysematic = 0.025
[AnalysisInputs::SetCalculatedSysts] source : FakeLooseID
[AnalysisInputs::SetCalculatedSysts] => % sysematic = 0.3
[AnalysisInputs::SetCalculatedSysts] source : ChrageFlipSyst
[AnalysisInputs::SetCalculatedSysts] => % sysematic = 0.21
[CutRangeInfo::ReadCutCard] Get Cutcard from /home/jskim/Documents/trilepton_13TeV/DiLepton/data/v8-0-7.32/CutOpCard/OPTIMIZED_171021_MuMu_HighMass/HNMuMu_100.txt
prompt_tau21_syst = 0
signal_tau21_syst = 0
Central	17.9363	17.7103	0
_MuonEn_up	17.9364	17.7103	0
_MuonEn_down	17.9795	17.7103	0
_MuonIDSF_up	19.9734	17.7103	0
_MuonIDSF_down	15.9302	17.7103	0
_ElectronEn_up	18.2325	17.7103	0
_ElectronEn_down	18.0202	17.7103	0
_ElectronIDSF_up	17.9723	17.7103	0
_ElectronIDSF_down	17.8495	17.7103	0
_TriggerSF_up	18.0482	17.7103	0
_TriggerSF_down	18.5701	17.7103	0
_PU_up	17.3085	17.7103	0
_PU_down	18.5414	17.7103	0
_JetEn_up	20.169	17.7103	0
_JetEn_down	18.7774	17.7103	0
_JetRes_up	19.188	17.7103	0
_JetRes_down	17.1534	17.7103	0
_Unclustered_up	19.0305	17.7103	0
_Unclustered_down	19.45	17.7103	0
_BTagSFEff_up	17.8697	17.7103	0
_BTagSFEff_down	17.9614	17.7103	0
_BTagSFMiss_up	17.771	17.7103	0
_BTagSFMiss_down	18.0294	17.7103	0
_JetMass_up	17.9381	17.7103	0
_JetMass_down	17.9256	17.7103	0
_JetMassRes_up	17.8835	17.7103	0
_JetMassRes_down	17.9201	17.7103	0

################ Sources ################
Source	SystTotal	SystPrompt	SystFake	Signal
Stat 10.40 19.08  8.06  -nan  2.48
Lumi 1.26  2.50 -  -  2.50
PDF  -  -  -  -  2.50
MuonPt  0.09 0.17  -  -  0.44
MuonID  5.67 11.27  -  -  11.19
ElectronE  0.61 1.21  -  -  0.36
ElectronID  0.19 0.37  -  -  0.23
Trigger  1.28 2.54  -  -  0.21
PU  1.73 3.44  -  -  2.09
JES  4.73 9.41  -  -  1.32
JER  2.93 5.82  -  -  1.82
Uncl  3.70 7.36  -  -  2.15
BEff  0.14 0.28  -  -  0.26
BMiss  0.38 0.75  -  -  0.35
JMS  0.02 0.04  -  -  0.23
JMR  0.11 0.22  -  -  0.34
Tau21 0.00  0.00 -  -  0.00
MCNorm 3.61  7.17 -  -  -
Fake 14.90  -  30.00 - -
CF 0.00  -  -  -nan -
Total Systematic 17.86 19.54  30.00  -nan  12.35

Total Background	35.647
- Prompt	17.936
- Fake	17.710
- CF	0.000

####### Result #######
Signal Eff	0.032167
35.646632 1.206643
85.739275 1.125980
