
Processing HNMuMu_250.C...
[AnalysisInputs::SetMCSF] Get MC SF from /home/jskim/Documents/trilepton_13TeV/DiLepton/data/v8-0-7.32/MCSF.txt
[AnalysisInputs::SetMCSF] sample : VVV
[AnalysisInputs::SetMCSF] => MCSF = 1, MCSF_err = 0.5
[AnalysisInputs::SetMCSF] sample : WWW
[AnalysisInputs::SetMCSF] => MCSF = 1, MCSF_err = 0.5
[AnalysisInputs::SetMCSF] sample : WWZ
[AnalysisInputs::SetMCSF] => MCSF = 1, MCSF_err = 0.5
[AnalysisInputs::SetMCSF] sample : WZZ
[AnalysisInputs::SetMCSF] => MCSF = 1, MCSF_err = 0.5
[AnalysisInputs::SetMCSF] sample : ZZZ
[AnalysisInputs::SetMCSF] => MCSF = 1, MCSF_err = 0.5
[AnalysisInputs::SetMCSF] sample : ttV
[AnalysisInputs::SetMCSF] => MCSF = 1, MCSF_err = 0.5
[AnalysisInputs::SetMCSF] sample : ttW
[AnalysisInputs::SetMCSF] => MCSF = 1, MCSF_err = 0.5
[AnalysisInputs::SetMCSF] sample : ttZ
[AnalysisInputs::SetMCSF] => MCSF = 1, MCSF_err = 0.5
[AnalysisInputs::SetMCSF] sample : ttH_nonbb
[AnalysisInputs::SetMCSF] => MCSF = 1, MCSF_err = 0.5
[AnalysisInputs::SetMCSF] sample : top
[AnalysisInputs::SetMCSF] => MCSF = 1, MCSF_err = 0.5
[AnalysisInputs::SetMCSF] sample : WZTo3LNu_powheg
[AnalysisInputs::SetMCSF] => MCSF = 0.988021, MCSF_err = 0.0652167
[AnalysisInputs::SetMCSF] sample : ZGto2LG
[AnalysisInputs::SetMCSF] => MCSF = 0.83069, MCSF_err = 0.174719
[AnalysisInputs::SetMCSF] sample : ZZTo4L_powheg
[AnalysisInputs::SetMCSF] => MCSF = 0.94117, MCSF_err = 0.105665
[AnalysisInputs::SetMCSF] sample : ggZZto2e2mu
[AnalysisInputs::SetMCSF] => MCSF = 0.94117, MCSF_err = 0.105665
[AnalysisInputs::SetMCSF] sample : ggZZto2e2nu
[AnalysisInputs::SetMCSF] => MCSF = 0.94117, MCSF_err = 0.105665
[AnalysisInputs::SetMCSF] sample : ggZZto2e2tau
[AnalysisInputs::SetMCSF] => MCSF = 0.94117, MCSF_err = 0.105665
[AnalysisInputs::SetMCSF] sample : ggZZto2mu2nu
[AnalysisInputs::SetMCSF] => MCSF = 0.94117, MCSF_err = 0.105665
[AnalysisInputs::SetMCSF] sample : ggZZto2mu2tau
[AnalysisInputs::SetMCSF] => MCSF = 0.94117, MCSF_err = 0.105665
[AnalysisInputs::SetMCSF] sample : ggZZto4e
[AnalysisInputs::SetMCSF] => MCSF = 0.94117, MCSF_err = 0.105665
[AnalysisInputs::SetMCSF] sample : ggZZto4mu
[AnalysisInputs::SetMCSF] => MCSF = 0.94117, MCSF_err = 0.105665
[AnalysisInputs::SetMCSF] sample : ggZZto4tau
[AnalysisInputs::SetMCSF] => MCSF = 0.94117, MCSF_err = 0.105665
[AnalysisInputs::SetCalculatedSysts] Get Systematics from /home/jskim/Documents/trilepton_13TeV/DiLepton/data/v8-0-7.32/Syst.txt
[AnalysisInputs::SetCalculatedSysts] source : Luminosity
[AnalysisInputs::SetCalculatedSysts] => % sysematic = 0.025
[AnalysisInputs::SetCalculatedSysts] source : FakeLooseID
[AnalysisInputs::SetCalculatedSysts] => % sysematic = 0.3
[AnalysisInputs::SetCalculatedSysts] source : ChrageFlipSyst
[AnalysisInputs::SetCalculatedSysts] => % sysematic = 0.21
[CutRangeInfo::ReadCutCard] Get Cutcard from /home/jskim/Documents/trilepton_13TeV/DiLepton/data/v8-0-7.32/CutOpCard/OPTIMIZED_171021_MuMu_HighMass/HNMuMu_250.txt
prompt_tau21_syst = 0
signal_tau21_syst = 0
Central	9.8885	1.2264	0
_MuonEn_up	10.1995	1.2264	0
_MuonEn_down	9.98085	1.2264	0
_MuonIDSF_up	10.4475	1.2264	0
_MuonIDSF_down	9.4094	1.2264	0
_ElectronEn_up	9.93677	1.2264	0
_ElectronEn_down	9.93683	1.2264	0
_ElectronIDSF_up	9.97871	1.2264	0
_ElectronIDSF_down	9.99334	1.2264	0
_TriggerSF_up	9.87828	1.2264	0
_TriggerSF_down	9.87027	1.2264	0
_PU_up	10.1378	1.2264	0
_PU_down	9.57167	1.2264	0
_JetEn_up	10.9173	1.2264	0
_JetEn_down	11.2063	1.2264	0
_JetRes_up	9.92362	1.2264	0
_JetRes_down	10.0041	1.2264	0
_Unclustered_up	11.1367	1.2264	0
_Unclustered_down	10.1876	1.2264	0
_BTagSFEff_up	9.90467	1.2264	0
_BTagSFEff_down	10.0237	1.2264	0
_BTagSFMiss_up	9.91946	1.2264	0
_BTagSFMiss_down	9.98	1.2264	0
_JetMass_up	9.92065	1.2264	0
_JetMass_down	9.948	1.2264	0
_JetMassRes_up	9.89785	1.2264	0
_JetMassRes_down	9.82961	1.2264	0

################ Sources ################
Source	SystTotal	SystPrompt	SystFake	Signal
Stat 6.57 6.93  20.42  -nan  1.12
Lumi 2.22  2.50 -  -  2.50
PDF  -  -  -  -  2.50
MuonPt  2.06 2.32  -  -  1.87
MuonID  4.68 5.26  -  -  4.55
ElectronE  0.43 0.49  -  -  0.18
ElectronID  0.88 0.99  -  -  0.16
Trigger  0.13 0.15  -  -  0.14
PU  2.56 2.88  -  -  0.95
JES  10.64 11.96  -  -  1.41
JER  0.77 0.86  -  -  0.49
Uncl  8.17 9.18  -  -  1.55
BEff  0.87 0.97  -  -  0.40
BMiss  0.61 0.69  -  -  0.47
JMS  0.43 0.48  -  -  0.18
JMR  0.38 0.43  -  -  0.13
Tau21 0.00  0.00 -  -  0.00
MCNorm 11.62  13.06 -  -  -
Fake 3.31  -  30.00 - -
CF 0.00  -  -  -nan -
Total Systematic 19.14 21.20  30.00  -nan  6.54

Total Background	11.115
- Prompt	9.888
- Fake	1.226
- CF	0.000

####### Result #######
Signal Eff	0.179233
11.114895 1.202397
8.566782 1.066352
