
Processing HNMuMu_600_VBF.C...
[AnalysisInputs::SetMCSF] Get MC SF from /home/jskim/Documents/trilepton_13TeV/DiLepton/data/v8-0-7.32/MCSF.txt
[AnalysisInputs::SetMCSF] sample : VVV
[AnalysisInputs::SetMCSF] => MCSF = 1, MCSF_err = 0.5
[AnalysisInputs::SetMCSF] sample : WWW
[AnalysisInputs::SetMCSF] => MCSF = 1, MCSF_err = 0.5
[AnalysisInputs::SetMCSF] sample : WWZ
[AnalysisInputs::SetMCSF] => MCSF = 1, MCSF_err = 0.5
[AnalysisInputs::SetMCSF] sample : WZZ
[AnalysisInputs::SetMCSF] => MCSF = 1, MCSF_err = 0.5
[AnalysisInputs::SetMCSF] sample : ZZZ
[AnalysisInputs::SetMCSF] => MCSF = 1, MCSF_err = 0.5
[AnalysisInputs::SetMCSF] sample : ttV
[AnalysisInputs::SetMCSF] => MCSF = 1, MCSF_err = 0.5
[AnalysisInputs::SetMCSF] sample : ttW
[AnalysisInputs::SetMCSF] => MCSF = 1, MCSF_err = 0.5
[AnalysisInputs::SetMCSF] sample : ttZ
[AnalysisInputs::SetMCSF] => MCSF = 1, MCSF_err = 0.5
[AnalysisInputs::SetMCSF] sample : ttH_nonbb
[AnalysisInputs::SetMCSF] => MCSF = 1, MCSF_err = 0.5
[AnalysisInputs::SetMCSF] sample : top
[AnalysisInputs::SetMCSF] => MCSF = 1, MCSF_err = 0.5
[AnalysisInputs::SetMCSF] sample : WZTo3LNu_powheg
[AnalysisInputs::SetMCSF] => MCSF = 0.988021, MCSF_err = 0.0652167
[AnalysisInputs::SetMCSF] sample : ZGto2LG
[AnalysisInputs::SetMCSF] => MCSF = 0.83069, MCSF_err = 0.174719
[AnalysisInputs::SetMCSF] sample : ZZTo4L_powheg
[AnalysisInputs::SetMCSF] => MCSF = 0.94117, MCSF_err = 0.105665
[AnalysisInputs::SetMCSF] sample : ggZZto2e2mu
[AnalysisInputs::SetMCSF] => MCSF = 0.94117, MCSF_err = 0.105665
[AnalysisInputs::SetMCSF] sample : ggZZto2e2nu
[AnalysisInputs::SetMCSF] => MCSF = 0.94117, MCSF_err = 0.105665
[AnalysisInputs::SetMCSF] sample : ggZZto2e2tau
[AnalysisInputs::SetMCSF] => MCSF = 0.94117, MCSF_err = 0.105665
[AnalysisInputs::SetMCSF] sample : ggZZto2mu2nu
[AnalysisInputs::SetMCSF] => MCSF = 0.94117, MCSF_err = 0.105665
[AnalysisInputs::SetMCSF] sample : ggZZto2mu2tau
[AnalysisInputs::SetMCSF] => MCSF = 0.94117, MCSF_err = 0.105665
[AnalysisInputs::SetMCSF] sample : ggZZto4e
[AnalysisInputs::SetMCSF] => MCSF = 0.94117, MCSF_err = 0.105665
[AnalysisInputs::SetMCSF] sample : ggZZto4mu
[AnalysisInputs::SetMCSF] => MCSF = 0.94117, MCSF_err = 0.105665
[AnalysisInputs::SetMCSF] sample : ggZZto4tau
[AnalysisInputs::SetMCSF] => MCSF = 0.94117, MCSF_err = 0.105665
[AnalysisInputs::SetCalculatedSysts] Get Systematics from /home/jskim/Documents/trilepton_13TeV/DiLepton/data/v8-0-7.32/Syst.txt
[AnalysisInputs::SetCalculatedSysts] source : Luminosity
[AnalysisInputs::SetCalculatedSysts] => % sysematic = 0.025
[AnalysisInputs::SetCalculatedSysts] source : FakeLooseID
[AnalysisInputs::SetCalculatedSysts] => % sysematic = 0.3
[AnalysisInputs::SetCalculatedSysts] source : ChrageFlipSyst
[AnalysisInputs::SetCalculatedSysts] => % sysematic = 0.21
[CutRangeInfo::ReadCutCard] Get Cutcard from /home/jskim/Documents/trilepton_13TeV/DiLepton/data/v8-0-7.32/CutOpCard/OPTIMIZED_171021_MuMu_HighMass/HNMuMu_600.txt
prompt_tau21_syst = 0
signal_tau21_syst = 0
Central	1.55483	0	0
_MuonEn_up	1.70997	0	0
_MuonEn_down	1.36246	0	0
_MuonIDSF_up	1.62547	0	0
_MuonIDSF_down	1.47473	0	0
_ElectronEn_up	1.54219	0	0
_ElectronEn_down	1.55197	0	0
_ElectronIDSF_up	1.54245	0	0
_ElectronIDSF_down	1.56013	0	0
_TriggerSF_up	1.55274	0	0
_TriggerSF_down	1.53397	0	0
_PU_up	1.55426	0	0
_PU_down	1.44672	0	0
_JetEn_up	1.5786	0	0
_JetEn_down	1.56702	0	0
_JetRes_up	1.61492	0	0
_JetRes_down	1.60529	0	0
_Unclustered_up	1.48141	0	0
_Unclustered_down	1.55191	0	0
_BTagSFEff_up	1.5496	0	0
_BTagSFEff_down	1.5338	0	0
_BTagSFMiss_up	1.53794	0	0
_BTagSFMiss_down	1.54954	0	0
_JetMass_up	1.54509	0	0
_JetMass_down	1.53542	0	0
_JetMassRes_up	1.54582	0	0
_JetMassRes_down	1.53872	0	0

################ Sources ################
Source	SystTotal	SystPrompt	SystFake	Signal
Stat 16.97 16.97  -nan  -nan  1.52
Lumi 2.50  2.50 -  -  2.50
PDF  -  -  -  -  2.50
MuonPt  11.24 11.24  -  -  4.51
MuonID  4.86 4.86  -  -  4.63
ElectronE  0.59 0.59  -  -  0.06
ElectronID  0.61 0.61  -  -  0.16
Trigger  0.95 0.95  -  -  0.12
PU  4.92 4.92  -  -  0.73
JES  1.21 1.21  -  -  1.87
JER  3.57 3.57  -  -  0.39
Uncl  3.34 3.34  -  -  1.28
BEff  0.99 0.99  -  -  0.42
BMiss  0.80 0.80  -  -  0.62
JMS  0.99 0.99  -  -  0.22
JMR  0.84 0.84  -  -  0.21
Tau21 0.00  0.00 -  -  0.00
MCNorm 10.06  10.06 -  -  -
Fake 0.00  -  -nan - -
CF 0.00  -  -  -nan -
Total Systematic 17.66 17.66  -nan  -nan  7.80

Total Background	1.555
- Prompt	1.555
- Fake	0.000
- CF	0.000

####### Result #######
Signal Eff	0.069840
1.554830 1.244930
0.213207 1.079436
