
Processing HNMuMu_1500.C...
[AnalysisInputs::SetMCSF] Get MC SF from /home/jskim/Documents/trilepton_13TeV/DiLepton/data/v8-0-7.32/MCSF.txt
[AnalysisInputs::SetMCSF] sample : VVV
[AnalysisInputs::SetMCSF] => MCSF = 1, MCSF_err = 0.5
[AnalysisInputs::SetMCSF] sample : WWW
[AnalysisInputs::SetMCSF] => MCSF = 1, MCSF_err = 0.5
[AnalysisInputs::SetMCSF] sample : WWZ
[AnalysisInputs::SetMCSF] => MCSF = 1, MCSF_err = 0.5
[AnalysisInputs::SetMCSF] sample : WZZ
[AnalysisInputs::SetMCSF] => MCSF = 1, MCSF_err = 0.5
[AnalysisInputs::SetMCSF] sample : ZZZ
[AnalysisInputs::SetMCSF] => MCSF = 1, MCSF_err = 0.5
[AnalysisInputs::SetMCSF] sample : ttV
[AnalysisInputs::SetMCSF] => MCSF = 1, MCSF_err = 0.5
[AnalysisInputs::SetMCSF] sample : ttW
[AnalysisInputs::SetMCSF] => MCSF = 1, MCSF_err = 0.5
[AnalysisInputs::SetMCSF] sample : ttZ
[AnalysisInputs::SetMCSF] => MCSF = 1, MCSF_err = 0.5
[AnalysisInputs::SetMCSF] sample : ttH_nonbb
[AnalysisInputs::SetMCSF] => MCSF = 1, MCSF_err = 0.5
[AnalysisInputs::SetMCSF] sample : top
[AnalysisInputs::SetMCSF] => MCSF = 1, MCSF_err = 0.5
[AnalysisInputs::SetMCSF] sample : WZTo3LNu_powheg
[AnalysisInputs::SetMCSF] => MCSF = 0.988021, MCSF_err = 0.0652167
[AnalysisInputs::SetMCSF] sample : ZGto2LG
[AnalysisInputs::SetMCSF] => MCSF = 0.83069, MCSF_err = 0.174719
[AnalysisInputs::SetMCSF] sample : ZZTo4L_powheg
[AnalysisInputs::SetMCSF] => MCSF = 0.94117, MCSF_err = 0.105665
[AnalysisInputs::SetMCSF] sample : ggZZto2e2mu
[AnalysisInputs::SetMCSF] => MCSF = 0.94117, MCSF_err = 0.105665
[AnalysisInputs::SetMCSF] sample : ggZZto2e2nu
[AnalysisInputs::SetMCSF] => MCSF = 0.94117, MCSF_err = 0.105665
[AnalysisInputs::SetMCSF] sample : ggZZto2e2tau
[AnalysisInputs::SetMCSF] => MCSF = 0.94117, MCSF_err = 0.105665
[AnalysisInputs::SetMCSF] sample : ggZZto2mu2nu
[AnalysisInputs::SetMCSF] => MCSF = 0.94117, MCSF_err = 0.105665
[AnalysisInputs::SetMCSF] sample : ggZZto2mu2tau
[AnalysisInputs::SetMCSF] => MCSF = 0.94117, MCSF_err = 0.105665
[AnalysisInputs::SetMCSF] sample : ggZZto4e
[AnalysisInputs::SetMCSF] => MCSF = 0.94117, MCSF_err = 0.105665
[AnalysisInputs::SetMCSF] sample : ggZZto4mu
[AnalysisInputs::SetMCSF] => MCSF = 0.94117, MCSF_err = 0.105665
[AnalysisInputs::SetMCSF] sample : ggZZto4tau
[AnalysisInputs::SetMCSF] => MCSF = 0.94117, MCSF_err = 0.105665
[AnalysisInputs::SetCalculatedSysts] Get Systematics from /home/jskim/Documents/trilepton_13TeV/DiLepton/data/v8-0-7.32/Syst.txt
[AnalysisInputs::SetCalculatedSysts] source : Luminosity
[AnalysisInputs::SetCalculatedSysts] => % sysematic = 0.025
[AnalysisInputs::SetCalculatedSysts] source : FakeLooseID
[AnalysisInputs::SetCalculatedSysts] => % sysematic = 0.3
[AnalysisInputs::SetCalculatedSysts] source : ChrageFlipSyst
[AnalysisInputs::SetCalculatedSysts] => % sysematic = 0.21
[CutRangeInfo::ReadCutCard] Get Cutcard from /home/jskim/Documents/trilepton_13TeV/DiLepton/data/v8-0-7.32/CutOpCard/OPTIMIZED_171021_MuMu_HighMass/HNMuMu_1500.txt
prompt_tau21_syst = 0
signal_tau21_syst = 0
Central	0.853921	0	0
_MuonEn_up	0.996536	0	0
_MuonEn_down	0.782159	0	0
_MuonIDSF_up	0.895712	0	0
_MuonIDSF_down	0.806507	0	0
_ElectronEn_up	0.844892	0	0
_ElectronEn_down	0.852076	0	0
_ElectronIDSF_up	0.848034	0	0
_ElectronIDSF_down	0.851933	0	0
_TriggerSF_up	0.849023	0	0
_TriggerSF_down	0.844553	0	0
_PU_up	0.873194	0	0
_PU_down	0.750505	0	0
_JetEn_up	0.943278	0	0
_JetEn_down	0.948131	0	0
_JetRes_up	0.975494	0	0
_JetRes_down	0.853861	0	0
_Unclustered_up	0.851951	0	0
_Unclustered_down	0.856251	0	0
_BTagSFEff_up	0.847815	0	0
_BTagSFEff_down	0.84104	0	0
_BTagSFMiss_up	0.838977	0	0
_BTagSFMiss_down	0.847609	0	0
_JetMass_up	0.848369	0	0
_JetMass_down	0.841784	0	0
_JetMassRes_up	0.853779	0	0
_JetMassRes_down	0.84968	0	0

################ Sources ################
Source	SystTotal	SystPrompt	SystFake	Signal
Stat 22.80 22.80  -nan  -nan  2.17
Lumi 2.50  2.50 -  -  2.50
PDF  -  -  -  -  2.50
MuonPt  13.22 13.22  -  -  4.31
MuonID  5.23 5.23  -  -  4.28
ElectronE  0.76 0.76  -  -  0.05
ElectronID  0.51 0.51  -  -  0.27
Trigger  0.88 0.88  -  -  0.27
PU  8.71 8.71  -  -  0.46
JES  10.75 10.75  -  -  3.56
JER  10.07 10.07  -  -  0.95
Uncl  0.25 0.25  -  -  1.27
BEff  1.18 1.18  -  -  0.33
BMiss  1.34 1.34  -  -  0.59
JMS  1.11 1.11  -  -  0.39
JMR  0.35 0.35  -  -  0.35
Tau21 0.00  0.00 -  -  0.00
MCNorm 12.30  12.30 -  -  -
Fake 0.00  -  -nan - -
CF 0.00  -  -  -nan -
Total Systematic 25.67 25.67  -nan  -nan  8.10

Total Background	0.854
- Prompt	0.854
- Fake	0.000
- CF	0.000

####### Result #######
Signal Eff	0.052514
0.853921 1.343328
0.001011 1.083884
