
Processing Bin2_HNElEl_1500.C...
[AnalysisInputs::SetMCSF] Get MC SF from /home/jskim/Documents/trilepton_13TeV/DiLepton/data/v8-0-7.32/MCSF.txt
[AnalysisInputs::SetMCSF] sample : VVV
[AnalysisInputs::SetMCSF] => MCSF = 1, MCSF_err = 0.5
[AnalysisInputs::SetMCSF] sample : WWW
[AnalysisInputs::SetMCSF] => MCSF = 1, MCSF_err = 0.5
[AnalysisInputs::SetMCSF] sample : WWZ
[AnalysisInputs::SetMCSF] => MCSF = 1, MCSF_err = 0.5
[AnalysisInputs::SetMCSF] sample : WZZ
[AnalysisInputs::SetMCSF] => MCSF = 1, MCSF_err = 0.5
[AnalysisInputs::SetMCSF] sample : ZZZ
[AnalysisInputs::SetMCSF] => MCSF = 1, MCSF_err = 0.5
[AnalysisInputs::SetMCSF] sample : ttV
[AnalysisInputs::SetMCSF] => MCSF = 1, MCSF_err = 0.5
[AnalysisInputs::SetMCSF] sample : ttW
[AnalysisInputs::SetMCSF] => MCSF = 1, MCSF_err = 0.5
[AnalysisInputs::SetMCSF] sample : ttZ
[AnalysisInputs::SetMCSF] => MCSF = 1, MCSF_err = 0.5
[AnalysisInputs::SetMCSF] sample : ttH_nonbb
[AnalysisInputs::SetMCSF] => MCSF = 1, MCSF_err = 0.5
[AnalysisInputs::SetMCSF] sample : top
[AnalysisInputs::SetMCSF] => MCSF = 1, MCSF_err = 0.5
[AnalysisInputs::SetMCSF] sample : WZTo3LNu_powheg
[AnalysisInputs::SetMCSF] => MCSF = 0.9878, MCSF_err = 0.0890059
[AnalysisInputs::SetMCSF] sample : ZGto2LG
[AnalysisInputs::SetMCSF] => MCSF = 0.771776, MCSF_err = 0.152815
[AnalysisInputs::SetMCSF] sample : ZZTo4L_powheg
[AnalysisInputs::SetMCSF] => MCSF = 0.929269, MCSF_err = 0.103637
[AnalysisInputs::SetMCSF] sample : ggZZto2e2mu
[AnalysisInputs::SetMCSF] => MCSF = 0.929269, MCSF_err = 0.103637
[AnalysisInputs::SetMCSF] sample : ggZZto2e2nu
[AnalysisInputs::SetMCSF] => MCSF = 0.929269, MCSF_err = 0.103637
[AnalysisInputs::SetMCSF] sample : ggZZto2e2tau
[AnalysisInputs::SetMCSF] => MCSF = 0.929269, MCSF_err = 0.103637
[AnalysisInputs::SetMCSF] sample : ggZZto2mu2nu
[AnalysisInputs::SetMCSF] => MCSF = 0.929269, MCSF_err = 0.103637
[AnalysisInputs::SetMCSF] sample : ggZZto2mu2tau
[AnalysisInputs::SetMCSF] => MCSF = 0.929269, MCSF_err = 0.103637
[AnalysisInputs::SetMCSF] sample : ggZZto4e
[AnalysisInputs::SetMCSF] => MCSF = 0.929269, MCSF_err = 0.103637
[AnalysisInputs::SetMCSF] sample : ggZZto4mu
[AnalysisInputs::SetMCSF] => MCSF = 0.929269, MCSF_err = 0.103637
[AnalysisInputs::SetMCSF] sample : ggZZto4tau
[AnalysisInputs::SetMCSF] => MCSF = 0.929269, MCSF_err = 0.103637
[AnalysisInputs::SetCalculatedSysts] Get Systematics from /home/jskim/Documents/trilepton_13TeV/DiLepton/data/v8-0-7.32/Syst.txt
[AnalysisInputs::SetCalculatedSysts] source : Luminosity
[AnalysisInputs::SetCalculatedSysts] => % sysematic = 0.025
[AnalysisInputs::SetCalculatedSysts] source : FakeLooseID
[AnalysisInputs::SetCalculatedSysts] => % sysematic = 0.3
[AnalysisInputs::SetCalculatedSysts] source : ChrageFlipSyst
[AnalysisInputs::SetCalculatedSysts] => % sysematic = 0.21
[CutRangeInfo::ReadCutCard] Get Cutcard from /home/jskim/Documents/trilepton_13TeV/DiLepton/data/v8-0-7.32/CutOpCard/OPTIMIZED_171108_ElEl_HighMass_Bin2/HNElEl_1500.txt
prompt_tau21_syst = 0.00112183
signal_tau21_syst = 0.000250789
Central	0.0155653	0.044213	0.00123326
_MuonEn_up	0.0155653	0.044213	0.00123326
_MuonEn_down	0.0155653	0.044213	0.00123326
_MuonIDSF_up	0.0155653	0.044213	0.00123326
_MuonIDSF_down	0.0155653	0.044213	0.00123326
_ElectronEn_up	0.0155653	0.044213	0.00123326
_ElectronEn_down	0.0118669	0.044213	0.00123326
_ElectronIDSF_up	0.0162432	0.044213	0.00123326
_ElectronIDSF_down	0.0149019	0.044213	0.00123326
_TriggerSF_up	0.015573	0.044213	0.00123326
_TriggerSF_down	0.0155653	0.044213	0.00123326
_PU_up	0.0154379	0.044213	0.00123326
_PU_down	0.0154004	0.044213	0.00123326
_JetEn_up	0.0108254	0.044213	0.00123326
_JetEn_down	0.0155653	0.044213	0.00123326
_JetRes_up	0.0132216	0.044213	0.00123326
_JetRes_down	0.0155653	0.044213	0.00123326
_Unclustered_up	0.0155653	0.044213	0.00123326
_Unclustered_down	0.0155653	0.044213	0.00123326
_BTagSFEff_up	0.0181919	0.044213	0.00123326
_BTagSFEff_down	0.0186762	0.044213	0.00123326
_BTagSFMiss_up	0.0155653	0.044213	0.00123326
_BTagSFMiss_down	0.0155653	0.044213	0.00123326
_JetMass_up	0.0155653	0.044213	0.00123326
_JetMass_down	0.0178897	0.044213	0.00123326
_JetMassRes_up	0.0178897	0.044213	0.00123326
_JetMassRes_down	0.0155653	0.044213	0.00123326

################ Sources ################
Source	SystTotal	SystPrompt	SystFake	Signal
Stat 73.65 51.29  100.01  66.19  1.18
Lumi 0.64  2.50 -  -  2.50
PDF  -  -  -  -  2.50
MuonPt  0.00 0.00  -  -  0.08
MuonID  0.00 0.00  -  -  0.22
ElectronE  4.29 16.80  -  -  0.45
ElectronID  1.10 4.31  -  -  4.00
Trigger  0.01 0.03  -  -  0.22
PU  0.24 0.95  -  -  1.41
JES  5.49 21.53  -  -  0.43
JER  2.72 10.65  -  -  0.22
Uncl  0.00 0.00  -  -  0.13
BEff  4.72 18.50  -  -  0.59
BMiss  0.00 0.00  -  -  0.49
JMS  2.69 10.56  -  -  0.23
JMR  2.69 10.56  -  -  0.16
Tau21 1.84  7.21 -  -  7.27
MCNorm 1.93  7.55 -  -  -
Fake 21.74  -  30.00 - -
CF 0.42  -  -  21.00 -
Total Systematic 23.96 39.48  30.00  21.00  5.64

Total Background	0.061
- Prompt	0.016
- Fake	0.044
- CF	0.001

####### Result #######
Signal Eff	0.171207
0.061012 1.774584
0.003451 1.092721
