
Processing Bin2_HNElEl_900.C...
[AnalysisInputs::SetMCSF] Get MC SF from /home/jskim/Documents/trilepton_13TeV/DiLepton/data/v8-0-7.32/MCSF.txt
[AnalysisInputs::SetMCSF] sample : VVV
[AnalysisInputs::SetMCSF] => MCSF = 1, MCSF_err = 0.5
[AnalysisInputs::SetMCSF] sample : WWW
[AnalysisInputs::SetMCSF] => MCSF = 1, MCSF_err = 0.5
[AnalysisInputs::SetMCSF] sample : WWZ
[AnalysisInputs::SetMCSF] => MCSF = 1, MCSF_err = 0.5
[AnalysisInputs::SetMCSF] sample : WZZ
[AnalysisInputs::SetMCSF] => MCSF = 1, MCSF_err = 0.5
[AnalysisInputs::SetMCSF] sample : ZZZ
[AnalysisInputs::SetMCSF] => MCSF = 1, MCSF_err = 0.5
[AnalysisInputs::SetMCSF] sample : ttV
[AnalysisInputs::SetMCSF] => MCSF = 1, MCSF_err = 0.5
[AnalysisInputs::SetMCSF] sample : ttW
[AnalysisInputs::SetMCSF] => MCSF = 1, MCSF_err = 0.5
[AnalysisInputs::SetMCSF] sample : ttZ
[AnalysisInputs::SetMCSF] => MCSF = 1, MCSF_err = 0.5
[AnalysisInputs::SetMCSF] sample : ttH_nonbb
[AnalysisInputs::SetMCSF] => MCSF = 1, MCSF_err = 0.5
[AnalysisInputs::SetMCSF] sample : top
[AnalysisInputs::SetMCSF] => MCSF = 1, MCSF_err = 0.5
[AnalysisInputs::SetMCSF] sample : WZTo3LNu_powheg
[AnalysisInputs::SetMCSF] => MCSF = 0.9878, MCSF_err = 0.0890059
[AnalysisInputs::SetMCSF] sample : ZGto2LG
[AnalysisInputs::SetMCSF] => MCSF = 0.771776, MCSF_err = 0.152815
[AnalysisInputs::SetMCSF] sample : ZZTo4L_powheg
[AnalysisInputs::SetMCSF] => MCSF = 0.929269, MCSF_err = 0.103637
[AnalysisInputs::SetMCSF] sample : ggZZto2e2mu
[AnalysisInputs::SetMCSF] => MCSF = 0.929269, MCSF_err = 0.103637
[AnalysisInputs::SetMCSF] sample : ggZZto2e2nu
[AnalysisInputs::SetMCSF] => MCSF = 0.929269, MCSF_err = 0.103637
[AnalysisInputs::SetMCSF] sample : ggZZto2e2tau
[AnalysisInputs::SetMCSF] => MCSF = 0.929269, MCSF_err = 0.103637
[AnalysisInputs::SetMCSF] sample : ggZZto2mu2nu
[AnalysisInputs::SetMCSF] => MCSF = 0.929269, MCSF_err = 0.103637
[AnalysisInputs::SetMCSF] sample : ggZZto2mu2tau
[AnalysisInputs::SetMCSF] => MCSF = 0.929269, MCSF_err = 0.103637
[AnalysisInputs::SetMCSF] sample : ggZZto4e
[AnalysisInputs::SetMCSF] => MCSF = 0.929269, MCSF_err = 0.103637
[AnalysisInputs::SetMCSF] sample : ggZZto4mu
[AnalysisInputs::SetMCSF] => MCSF = 0.929269, MCSF_err = 0.103637
[AnalysisInputs::SetMCSF] sample : ggZZto4tau
[AnalysisInputs::SetMCSF] => MCSF = 0.929269, MCSF_err = 0.103637
[AnalysisInputs::SetCalculatedSysts] Get Systematics from /home/jskim/Documents/trilepton_13TeV/DiLepton/data/v8-0-7.32/Syst.txt
[AnalysisInputs::SetCalculatedSysts] source : Luminosity
[AnalysisInputs::SetCalculatedSysts] => % sysematic = 0.025
[AnalysisInputs::SetCalculatedSysts] source : FakeLooseID
[AnalysisInputs::SetCalculatedSysts] => % sysematic = 0.3
[AnalysisInputs::SetCalculatedSysts] source : ChrageFlipSyst
[AnalysisInputs::SetCalculatedSysts] => % sysematic = 0.21
[CutRangeInfo::ReadCutCard] Get Cutcard from /home/jskim/Documents/trilepton_13TeV/DiLepton/data/v8-0-7.32/CutOpCard/OPTIMIZED_171108_ElEl_HighMass_Bin2/HNElEl_900.txt
prompt_tau21_syst = 0.0350793
signal_tau21_syst = 0.00408472
Central	0.486726	0	0.0787645
_MuonEn_up	0.483949	0	0.0787645
_MuonEn_down	0.485791	0	0.0787645
_MuonIDSF_up	0.485072	0	0.0787645
_MuonIDSF_down	0.478186	0	0.0787645
_ElectronEn_up	0.491689	0	0.0787645
_ElectronEn_down	0.474709	0	0.0787645
_ElectronIDSF_up	0.500453	0	0.0787645
_ElectronIDSF_down	0.463628	0	0.0787645
_TriggerSF_up	0.469485	0	0.0787645
_TriggerSF_down	0.48046	0	0.0787645
_PU_up	0.529462	0	0.0787645
_PU_down	0.500558	0	0.0787645
_JetEn_up	0.482882	0	0.0787645
_JetEn_down	0.518111	0	0.0787645
_JetRes_up	0.480926	0	0.0787645
_JetRes_down	0.510918	0	0.0787645
_Unclustered_up	0.480506	0	0.0787645
_Unclustered_down	0.485031	0	0.0787645
_BTagSFEff_up	0.47992	0	0.0787645
_BTagSFEff_down	0.53062	0	0.0787645
_BTagSFMiss_up	0.474388	0	0.0787645
_BTagSFMiss_down	0.483359	0	0.0787645
_JetMass_up	0.480506	0	0.0787645
_JetMass_down	0.476365	0	0.0787645
_JetMassRes_up	0.490743	0	0.0787645
_JetMassRes_down	0.541715	0	0.0787645

################ Sources ################
Source	SystTotal	SystPrompt	SystFake	Signal
Stat 27.01 31.38  -nan  19.24  1.10
Lumi 2.15  2.50 -  -  2.50
PDF  -  -  -  -  2.50
MuonPt  0.37 0.43  -  -  0.12
MuonID  1.09 1.26  -  -  0.14
ElectronE  1.63 1.89  -  -  0.07
ElectronID  3.36 3.90  -  -  4.00
Trigger  2.29 2.67  -  -  0.18
PU  5.62 6.53  -  -  1.25
JES  3.95 4.59  -  -  0.32
JER  3.11 3.61  -  -  0.22
Uncl  0.81 0.94  -  -  0.17
BEff  5.55 6.45  -  -  0.37
BMiss  1.60 1.86  -  -  0.58
JMS  1.51 1.76  -  -  0.11
JMR  6.89 8.01  -  -  0.12
Tau21 6.20  7.21 -  -  7.29
MCNorm 11.11  12.91 -  -  -
Fake 0.00  -  -nan - -
CF 2.92  -  -  21.00 -
Total Systematic 18.11 21.04  -nan  21.00  5.56

Total Background	0.565
- Prompt	0.487
- Fake	0.000
- CF	0.079

####### Result #######
Signal Eff	0.203879
0.565490 1.327589
0.056052 1.092299
