
Processing Bin2_HNElEl_200.C...
[AnalysisInputs::SetMCSF] Get MC SF from /home/jskim/Documents/trilepton_13TeV/DiLepton/data/v8-0-7.32/MCSF.txt
[AnalysisInputs::SetMCSF] sample : VVV
[AnalysisInputs::SetMCSF] => MCSF = 1, MCSF_err = 0.5
[AnalysisInputs::SetMCSF] sample : WWW
[AnalysisInputs::SetMCSF] => MCSF = 1, MCSF_err = 0.5
[AnalysisInputs::SetMCSF] sample : WWZ
[AnalysisInputs::SetMCSF] => MCSF = 1, MCSF_err = 0.5
[AnalysisInputs::SetMCSF] sample : WZZ
[AnalysisInputs::SetMCSF] => MCSF = 1, MCSF_err = 0.5
[AnalysisInputs::SetMCSF] sample : ZZZ
[AnalysisInputs::SetMCSF] => MCSF = 1, MCSF_err = 0.5
[AnalysisInputs::SetMCSF] sample : ttV
[AnalysisInputs::SetMCSF] => MCSF = 1, MCSF_err = 0.5
[AnalysisInputs::SetMCSF] sample : ttW
[AnalysisInputs::SetMCSF] => MCSF = 1, MCSF_err = 0.5
[AnalysisInputs::SetMCSF] sample : ttZ
[AnalysisInputs::SetMCSF] => MCSF = 1, MCSF_err = 0.5
[AnalysisInputs::SetMCSF] sample : ttH_nonbb
[AnalysisInputs::SetMCSF] => MCSF = 1, MCSF_err = 0.5
[AnalysisInputs::SetMCSF] sample : top
[AnalysisInputs::SetMCSF] => MCSF = 1, MCSF_err = 0.5
[AnalysisInputs::SetMCSF] sample : WZTo3LNu_powheg
[AnalysisInputs::SetMCSF] => MCSF = 0.9878, MCSF_err = 0.0890059
[AnalysisInputs::SetMCSF] sample : ZGto2LG
[AnalysisInputs::SetMCSF] => MCSF = 0.771776, MCSF_err = 0.152815
[AnalysisInputs::SetMCSF] sample : ZZTo4L_powheg
[AnalysisInputs::SetMCSF] => MCSF = 0.929269, MCSF_err = 0.103637
[AnalysisInputs::SetMCSF] sample : ggZZto2e2mu
[AnalysisInputs::SetMCSF] => MCSF = 0.929269, MCSF_err = 0.103637
[AnalysisInputs::SetMCSF] sample : ggZZto2e2nu
[AnalysisInputs::SetMCSF] => MCSF = 0.929269, MCSF_err = 0.103637
[AnalysisInputs::SetMCSF] sample : ggZZto2e2tau
[AnalysisInputs::SetMCSF] => MCSF = 0.929269, MCSF_err = 0.103637
[AnalysisInputs::SetMCSF] sample : ggZZto2mu2nu
[AnalysisInputs::SetMCSF] => MCSF = 0.929269, MCSF_err = 0.103637
[AnalysisInputs::SetMCSF] sample : ggZZto2mu2tau
[AnalysisInputs::SetMCSF] => MCSF = 0.929269, MCSF_err = 0.103637
[AnalysisInputs::SetMCSF] sample : ggZZto4e
[AnalysisInputs::SetMCSF] => MCSF = 0.929269, MCSF_err = 0.103637
[AnalysisInputs::SetMCSF] sample : ggZZto4mu
[AnalysisInputs::SetMCSF] => MCSF = 0.929269, MCSF_err = 0.103637
[AnalysisInputs::SetMCSF] sample : ggZZto4tau
[AnalysisInputs::SetMCSF] => MCSF = 0.929269, MCSF_err = 0.103637
[AnalysisInputs::SetCalculatedSysts] Get Systematics from /home/jskim/Documents/trilepton_13TeV/DiLepton/data/v8-0-7.32/Syst.txt
[AnalysisInputs::SetCalculatedSysts] source : Luminosity
[AnalysisInputs::SetCalculatedSysts] => % sysematic = 0.025
[AnalysisInputs::SetCalculatedSysts] source : FakeLooseID
[AnalysisInputs::SetCalculatedSysts] => % sysematic = 0.3
[AnalysisInputs::SetCalculatedSysts] source : ChrageFlipSyst
[AnalysisInputs::SetCalculatedSysts] => % sysematic = 0.21
[CutRangeInfo::ReadCutCard] Get Cutcard from /home/jskim/Documents/trilepton_13TeV/DiLepton/data/v8-0-7.32/CutOpCard/OPTIMIZED_171108_ElEl_HighMass_Bin2/HNElEl_200.txt
prompt_tau21_syst = 0.07643
signal_tau21_syst = 0.0654291
Central	1.05304	0.044213	0.0966157
_MuonEn_up	1.1344	0.044213	0.0966157
_MuonEn_down	1.04973	0.044213	0.0966157
_MuonIDSF_up	1.09467	0.044213	0.0966157
_MuonIDSF_down	1.0506	0.044213	0.0966157
_ElectronEn_up	1.08246	0.044213	0.0966157
_ElectronEn_down	1.065	0.044213	0.0966157
_ElectronIDSF_up	1.09765	0.044213	0.0966157
_ElectronIDSF_down	1.05517	0.044213	0.0966157
_TriggerSF_up	1.0506	0.044213	0.0966157
_TriggerSF_down	1.05736	0.044213	0.0966157
_PU_up	1.10554	0.044213	0.0966157
_PU_down	1.00059	0.044213	0.0966157
_JetEn_up	1.03921	0.044213	0.0966157
_JetEn_down	1.06514	0.044213	0.0966157
_JetRes_up	0.983344	0.044213	0.0966157
_JetRes_down	1.0517	0.044213	0.0966157
_Unclustered_up	1.13016	0.044213	0.0966157
_Unclustered_down	1.04647	0.044213	0.0966157
_BTagSFEff_up	1.0479	0.044213	0.0966157
_BTagSFEff_down	1.0585	0.044213	0.0966157
_BTagSFMiss_up	1.04278	0.044213	0.0966157
_BTagSFMiss_down	1.04984	0.044213	0.0966157
_JetMass_up	1.05934	0.044213	0.0966157
_JetMass_down	1.00787	0.044213	0.0966157
_JetMassRes_up	1.06312	0.044213	0.0966157
_JetMassRes_down	1.05447	0.044213	0.0966157

################ Sources ################
Source	SystTotal	SystPrompt	SystFake	Signal
Stat 19.31 21.48  100.01  14.52  4.74
Lumi 2.21  2.50 -  -  2.50
PDF  -  -  -  -  2.50
MuonPt  4.82 5.47  -  -  0.27
MuonID  2.47 2.80  -  -  0.22
ElectronE  1.88 2.13  -  -  1.35
ElectronID  2.65 3.00  -  -  4.32
Trigger  0.29 0.33  -  -  0.69
PU  4.40 4.98  -  -  3.11
JES  1.09 1.23  -  -  0.42
JER  4.13 4.68  -  -  0.75
Uncl  4.58 5.20  -  -  0.64
BEff  0.44 0.50  -  -  0.49
BMiss  0.64 0.72  -  -  1.07
JMS  2.70 3.06  -  -  0.73
JMR  0.60 0.68  -  -  0.58
Tau21 6.40  7.26 -  -  7.27
MCNorm 11.48  13.02 -  -  -
Fake 1.11  -  30.00 - -
CF 1.70  -  -  21.00 -
Total Systematic 16.91 19.12  30.00  21.00  6.83

Total Background	1.194
- Prompt	1.053
- Fake	0.044
- CF	0.097

####### Result #######
Signal Eff	0.008143
1.193866 1.257468
0.900049 1.110428
