
Processing Bin2_HNElEl_250.C...
[AnalysisInputs::SetMCSF] Get MC SF from /home/jskim/Documents/trilepton_13TeV/DiLepton/data/v8-0-7.32/MCSF.txt
[AnalysisInputs::SetMCSF] sample : VVV
[AnalysisInputs::SetMCSF] => MCSF = 1, MCSF_err = 0.5
[AnalysisInputs::SetMCSF] sample : WWW
[AnalysisInputs::SetMCSF] => MCSF = 1, MCSF_err = 0.5
[AnalysisInputs::SetMCSF] sample : WWZ
[AnalysisInputs::SetMCSF] => MCSF = 1, MCSF_err = 0.5
[AnalysisInputs::SetMCSF] sample : WZZ
[AnalysisInputs::SetMCSF] => MCSF = 1, MCSF_err = 0.5
[AnalysisInputs::SetMCSF] sample : ZZZ
[AnalysisInputs::SetMCSF] => MCSF = 1, MCSF_err = 0.5
[AnalysisInputs::SetMCSF] sample : ttV
[AnalysisInputs::SetMCSF] => MCSF = 1, MCSF_err = 0.5
[AnalysisInputs::SetMCSF] sample : ttW
[AnalysisInputs::SetMCSF] => MCSF = 1, MCSF_err = 0.5
[AnalysisInputs::SetMCSF] sample : ttZ
[AnalysisInputs::SetMCSF] => MCSF = 1, MCSF_err = 0.5
[AnalysisInputs::SetMCSF] sample : ttH_nonbb
[AnalysisInputs::SetMCSF] => MCSF = 1, MCSF_err = 0.5
[AnalysisInputs::SetMCSF] sample : top
[AnalysisInputs::SetMCSF] => MCSF = 1, MCSF_err = 0.5
[AnalysisInputs::SetMCSF] sample : WZTo3LNu_powheg
[AnalysisInputs::SetMCSF] => MCSF = 0.9878, MCSF_err = 0.0890059
[AnalysisInputs::SetMCSF] sample : ZGto2LG
[AnalysisInputs::SetMCSF] => MCSF = 0.771776, MCSF_err = 0.152815
[AnalysisInputs::SetMCSF] sample : ZZTo4L_powheg
[AnalysisInputs::SetMCSF] => MCSF = 0.929269, MCSF_err = 0.103637
[AnalysisInputs::SetMCSF] sample : ggZZto2e2mu
[AnalysisInputs::SetMCSF] => MCSF = 0.929269, MCSF_err = 0.103637
[AnalysisInputs::SetMCSF] sample : ggZZto2e2nu
[AnalysisInputs::SetMCSF] => MCSF = 0.929269, MCSF_err = 0.103637
[AnalysisInputs::SetMCSF] sample : ggZZto2e2tau
[AnalysisInputs::SetMCSF] => MCSF = 0.929269, MCSF_err = 0.103637
[AnalysisInputs::SetMCSF] sample : ggZZto2mu2nu
[AnalysisInputs::SetMCSF] => MCSF = 0.929269, MCSF_err = 0.103637
[AnalysisInputs::SetMCSF] sample : ggZZto2mu2tau
[AnalysisInputs::SetMCSF] => MCSF = 0.929269, MCSF_err = 0.103637
[AnalysisInputs::SetMCSF] sample : ggZZto4e
[AnalysisInputs::SetMCSF] => MCSF = 0.929269, MCSF_err = 0.103637
[AnalysisInputs::SetMCSF] sample : ggZZto4mu
[AnalysisInputs::SetMCSF] => MCSF = 0.929269, MCSF_err = 0.103637
[AnalysisInputs::SetMCSF] sample : ggZZto4tau
[AnalysisInputs::SetMCSF] => MCSF = 0.929269, MCSF_err = 0.103637
[AnalysisInputs::SetCalculatedSysts] Get Systematics from /home/jskim/Documents/trilepton_13TeV/DiLepton/data/v8-0-7.32/Syst.txt
[AnalysisInputs::SetCalculatedSysts] source : Luminosity
[AnalysisInputs::SetCalculatedSysts] => % sysematic = 0.025
[AnalysisInputs::SetCalculatedSysts] source : FakeLooseID
[AnalysisInputs::SetCalculatedSysts] => % sysematic = 0.3
[AnalysisInputs::SetCalculatedSysts] source : ChrageFlipSyst
[AnalysisInputs::SetCalculatedSysts] => % sysematic = 0.21
[CutRangeInfo::ReadCutCard] Get Cutcard from /home/jskim/Documents/trilepton_13TeV/DiLepton/data/v8-0-7.32/CutOpCard/OPTIMIZED_171108_ElEl_HighMass_Bin2/HNElEl_250.txt
prompt_tau21_syst = 0.0258627
signal_tau21_syst = 0.0703011
Central	0.358845	0.0716612	0.0923794
_MuonEn_up	0.362919	0.0716612	0.0923794
_MuonEn_down	0.362155	0.0716612	0.0923794
_MuonIDSF_up	0.360504	0.0716612	0.0923794
_MuonIDSF_down	0.3521	0.0716612	0.0923794
_ElectronEn_up	0.383528	0.0716612	0.0923794
_ElectronEn_down	0.369366	0.0716612	0.0923794
_ElectronIDSF_up	0.377801	0.0716612	0.0923794
_ElectronIDSF_down	0.388223	0.0716612	0.0923794
_TriggerSF_up	0.359587	0.0716612	0.0923794
_TriggerSF_down	0.36051	0.0716612	0.0923794
_PU_up	0.359036	0.0716612	0.0923794
_PU_down	0.360796	0.0716612	0.0923794
_JetEn_up	0.366525	0.0716612	0.0923794
_JetEn_down	0.518246	0.0716612	0.0923794
_JetRes_up	0.362328	0.0716612	0.0923794
_JetRes_down	0.364386	0.0716612	0.0923794
_Unclustered_up	0.44216	0.0716612	0.0923794
_Unclustered_down	0.364568	0.0716612	0.0923794
_BTagSFEff_up	0.356634	0.0716612	0.0923794
_BTagSFEff_down	0.366029	0.0716612	0.0923794
_BTagSFMiss_up	0.371237	0.0716612	0.0923794
_BTagSFMiss_down	0.359426	0.0716612	0.0923794
_JetMass_up	0.364303	0.0716612	0.0923794
_JetMass_down	0.357491	0.0716612	0.0923794
_JetMassRes_up	0.398973	0.0716612	0.0923794
_JetMassRes_down	0.363568	0.0716612	0.0923794

################ Sources ################
Source	SystTotal	SystPrompt	SystFake	Signal
Stat 25.45 30.62  104.74  14.16  3.27
Lumi 1.72  2.50 -  -  2.50
PDF  -  -  -  -  2.50
MuonPt  0.71 1.03  -  -  0.34
MuonID  0.94 1.37  -  -  0.13
ElectronE  3.63 5.29  -  -  0.84
ElectronID  4.73 6.89  -  -  4.41
Trigger  0.25 0.36  -  -  0.14
PU  0.27 0.39  -  -  2.73
JES  21.58 31.45  -  -  0.47
JER  0.89 1.29  -  -  0.76
Uncl  11.29 16.46  -  -  0.46
BEff  1.02 1.48  -  -  0.30
BMiss  1.68 2.44  -  -  0.23
JMS  0.76 1.11  -  -  0.41
JMR  5.46 7.96  -  -  0.08
Tau21 4.95  7.21 -  -  7.26
MCNorm 14.38  20.96 -  -  -
Fake 4.11  -  30.00 - -
CF 3.71  -  -  21.00 -
Total Systematic 30.28 43.71  30.00  21.00  6.44

Total Background	0.523
- Prompt	0.359
- Fake	0.072
- CF	0.092

####### Result #######
Signal Eff	0.021383
0.522886 1.398041
0.969000 1.102404
