
Processing Bin2_HNElEl_1200_VBF.C...
[AnalysisInputs::SetMCSF] Get MC SF from /home/jskim/Documents/trilepton_13TeV/DiLepton/data/v8-0-7.32/MCSF.txt
[AnalysisInputs::SetMCSF] sample : VVV
[AnalysisInputs::SetMCSF] => MCSF = 1, MCSF_err = 0.5
[AnalysisInputs::SetMCSF] sample : WWW
[AnalysisInputs::SetMCSF] => MCSF = 1, MCSF_err = 0.5
[AnalysisInputs::SetMCSF] sample : WWZ
[AnalysisInputs::SetMCSF] => MCSF = 1, MCSF_err = 0.5
[AnalysisInputs::SetMCSF] sample : WZZ
[AnalysisInputs::SetMCSF] => MCSF = 1, MCSF_err = 0.5
[AnalysisInputs::SetMCSF] sample : ZZZ
[AnalysisInputs::SetMCSF] => MCSF = 1, MCSF_err = 0.5
[AnalysisInputs::SetMCSF] sample : ttV
[AnalysisInputs::SetMCSF] => MCSF = 1, MCSF_err = 0.5
[AnalysisInputs::SetMCSF] sample : ttW
[AnalysisInputs::SetMCSF] => MCSF = 1, MCSF_err = 0.5
[AnalysisInputs::SetMCSF] sample : ttZ
[AnalysisInputs::SetMCSF] => MCSF = 1, MCSF_err = 0.5
[AnalysisInputs::SetMCSF] sample : ttH_nonbb
[AnalysisInputs::SetMCSF] => MCSF = 1, MCSF_err = 0.5
[AnalysisInputs::SetMCSF] sample : top
[AnalysisInputs::SetMCSF] => MCSF = 1, MCSF_err = 0.5
[AnalysisInputs::SetMCSF] sample : WZTo3LNu_powheg
[AnalysisInputs::SetMCSF] => MCSF = 0.9878, MCSF_err = 0.0890059
[AnalysisInputs::SetMCSF] sample : ZGto2LG
[AnalysisInputs::SetMCSF] => MCSF = 0.771776, MCSF_err = 0.152815
[AnalysisInputs::SetMCSF] sample : ZZTo4L_powheg
[AnalysisInputs::SetMCSF] => MCSF = 0.929269, MCSF_err = 0.103637
[AnalysisInputs::SetMCSF] sample : ggZZto2e2mu
[AnalysisInputs::SetMCSF] => MCSF = 0.929269, MCSF_err = 0.103637
[AnalysisInputs::SetMCSF] sample : ggZZto2e2nu
[AnalysisInputs::SetMCSF] => MCSF = 0.929269, MCSF_err = 0.103637
[AnalysisInputs::SetMCSF] sample : ggZZto2e2tau
[AnalysisInputs::SetMCSF] => MCSF = 0.929269, MCSF_err = 0.103637
[AnalysisInputs::SetMCSF] sample : ggZZto2mu2nu
[AnalysisInputs::SetMCSF] => MCSF = 0.929269, MCSF_err = 0.103637
[AnalysisInputs::SetMCSF] sample : ggZZto2mu2tau
[AnalysisInputs::SetMCSF] => MCSF = 0.929269, MCSF_err = 0.103637
[AnalysisInputs::SetMCSF] sample : ggZZto4e
[AnalysisInputs::SetMCSF] => MCSF = 0.929269, MCSF_err = 0.103637
[AnalysisInputs::SetMCSF] sample : ggZZto4mu
[AnalysisInputs::SetMCSF] => MCSF = 0.929269, MCSF_err = 0.103637
[AnalysisInputs::SetMCSF] sample : ggZZto4tau
[AnalysisInputs::SetMCSF] => MCSF = 0.929269, MCSF_err = 0.103637
[AnalysisInputs::SetCalculatedSysts] Get Systematics from /home/jskim/Documents/trilepton_13TeV/DiLepton/data/v8-0-7.32/Syst.txt
[AnalysisInputs::SetCalculatedSysts] source : Luminosity
[AnalysisInputs::SetCalculatedSysts] => % sysematic = 0.025
[AnalysisInputs::SetCalculatedSysts] source : FakeLooseID
[AnalysisInputs::SetCalculatedSysts] => % sysematic = 0.3
[AnalysisInputs::SetCalculatedSysts] source : ChrageFlipSyst
[AnalysisInputs::SetCalculatedSysts] => % sysematic = 0.21
[CutRangeInfo::ReadCutCard] Get Cutcard from /home/jskim/Documents/trilepton_13TeV/DiLepton/data/v8-0-7.32/CutOpCard/OPTIMIZED_171108_ElEl_HighMass_Bin2/HNElEl_1200.txt
prompt_tau21_syst = 0.009751
signal_tau21_syst = 0.0023382
Central	0.135295	0	0.0164143
_MuonEn_up	0.135295	0	0.0164143
_MuonEn_down	0.131851	0	0.0164143
_MuonIDSF_up	0.128069	0	0.0164143
_MuonIDSF_down	0.125092	0	0.0164143
_ElectronEn_up	0.134883	0	0.0164143
_ElectronEn_down	0.12513	0	0.0164143
_ElectronIDSF_up	0.137485	0	0.0164143
_ElectronIDSF_down	0.126336	0	0.0164143
_TriggerSF_up	0.131892	0	0.0164143
_TriggerSF_down	0.131851	0	0.0164143
_PU_up	0.146446	0	0.0164143
_PU_down	0.116488	0	0.0164143
_JetEn_up	0.127111	0	0.0164143
_JetEn_down	0.166047	0	0.0164143
_JetRes_up	0.131851	0	0.0164143
_JetRes_down	0.131851	0	0.0164143
_Unclustered_up	0.131851	0	0.0164143
_Unclustered_down	0.135418	0	0.0164143
_BTagSFEff_up	0.134478	0	0.0164143
_BTagSFEff_down	0.131851	0	0.0164143
_BTagSFMiss_up	0.131295	0	0.0164143
_BTagSFMiss_down	0.131851	0	0.0164143
_JetMass_up	0.137	0	0.0164143
_JetMass_down	0.131851	0	0.0164143
_JetMassRes_up	0.138571	0	0.0164143
_JetMassRes_down	0.136931	0	0.0164143

################ Sources ################
Source	SystTotal	SystPrompt	SystFake	Signal
Stat 49.88 55.93  -nan  34.19  1.99
Lumi 2.23  2.50 -  -  2.50
PDF  -  -  -  -  2.50
MuonPt  1.61 1.80  -  -  0.15
MuonID  5.83 6.53  -  -  0.25
ElectronE  4.74 5.32  -  -  0.20
ElectronID  4.30 4.82  -  -  3.94
Trigger  2.26 2.53  -  -  0.06
PU  10.19 11.43  -  -  1.77
JES  14.83 16.63  -  -  0.16
JER  2.27 2.55  -  -  0.10
Uncl  1.61 1.80  -  -  0.14
BEff  1.65 1.85  -  -  0.52
BMiss  2.46 2.76  -  -  0.61
JMS  1.79 2.01  -  -  0.36
JMR  1.71 1.91  -  -  0.12
Tau21 6.43  7.21 -  -  7.26
MCNorm 7.82  8.77 -  -  -
Fake 0.00  -  -nan - -
CF 2.27  -  -  21.00 -
Total Systematic 23.16 25.97  -nan  21.00  5.67

Total Background	0.152
- Prompt	0.135
- Fake	0.000
- CF	0.016

####### Result #######
Signal Eff	0.116710
0.151709 1.551688
0.032210 1.094210
