
Processing Bin2_HNElEl_1000_VBF.C...
[AnalysisInputs::SetMCSF] Get MC SF from /home/jskim/Documents/trilepton_13TeV/DiLepton/data/v8-0-7.32/MCSF.txt
[AnalysisInputs::SetMCSF] sample : VVV
[AnalysisInputs::SetMCSF] => MCSF = 1, MCSF_err = 0.5
[AnalysisInputs::SetMCSF] sample : WWW
[AnalysisInputs::SetMCSF] => MCSF = 1, MCSF_err = 0.5
[AnalysisInputs::SetMCSF] sample : WWZ
[AnalysisInputs::SetMCSF] => MCSF = 1, MCSF_err = 0.5
[AnalysisInputs::SetMCSF] sample : WZZ
[AnalysisInputs::SetMCSF] => MCSF = 1, MCSF_err = 0.5
[AnalysisInputs::SetMCSF] sample : ZZZ
[AnalysisInputs::SetMCSF] => MCSF = 1, MCSF_err = 0.5
[AnalysisInputs::SetMCSF] sample : ttV
[AnalysisInputs::SetMCSF] => MCSF = 1, MCSF_err = 0.5
[AnalysisInputs::SetMCSF] sample : ttW
[AnalysisInputs::SetMCSF] => MCSF = 1, MCSF_err = 0.5
[AnalysisInputs::SetMCSF] sample : ttZ
[AnalysisInputs::SetMCSF] => MCSF = 1, MCSF_err = 0.5
[AnalysisInputs::SetMCSF] sample : ttH_nonbb
[AnalysisInputs::SetMCSF] => MCSF = 1, MCSF_err = 0.5
[AnalysisInputs::SetMCSF] sample : top
[AnalysisInputs::SetMCSF] => MCSF = 1, MCSF_err = 0.5
[AnalysisInputs::SetMCSF] sample : WZTo3LNu_powheg
[AnalysisInputs::SetMCSF] => MCSF = 0.9878, MCSF_err = 0.0890059
[AnalysisInputs::SetMCSF] sample : ZGto2LG
[AnalysisInputs::SetMCSF] => MCSF = 0.771776, MCSF_err = 0.152815
[AnalysisInputs::SetMCSF] sample : ZZTo4L_powheg
[AnalysisInputs::SetMCSF] => MCSF = 0.929269, MCSF_err = 0.103637
[AnalysisInputs::SetMCSF] sample : ggZZto2e2mu
[AnalysisInputs::SetMCSF] => MCSF = 0.929269, MCSF_err = 0.103637
[AnalysisInputs::SetMCSF] sample : ggZZto2e2nu
[AnalysisInputs::SetMCSF] => MCSF = 0.929269, MCSF_err = 0.103637
[AnalysisInputs::SetMCSF] sample : ggZZto2e2tau
[AnalysisInputs::SetMCSF] => MCSF = 0.929269, MCSF_err = 0.103637
[AnalysisInputs::SetMCSF] sample : ggZZto2mu2nu
[AnalysisInputs::SetMCSF] => MCSF = 0.929269, MCSF_err = 0.103637
[AnalysisInputs::SetMCSF] sample : ggZZto2mu2tau
[AnalysisInputs::SetMCSF] => MCSF = 0.929269, MCSF_err = 0.103637
[AnalysisInputs::SetMCSF] sample : ggZZto4e
[AnalysisInputs::SetMCSF] => MCSF = 0.929269, MCSF_err = 0.103637
[AnalysisInputs::SetMCSF] sample : ggZZto4mu
[AnalysisInputs::SetMCSF] => MCSF = 0.929269, MCSF_err = 0.103637
[AnalysisInputs::SetMCSF] sample : ggZZto4tau
[AnalysisInputs::SetMCSF] => MCSF = 0.929269, MCSF_err = 0.103637
[AnalysisInputs::SetCalculatedSysts] Get Systematics from /home/jskim/Documents/trilepton_13TeV/DiLepton/data/v8-0-7.32/Syst.txt
[AnalysisInputs::SetCalculatedSysts] source : Luminosity
[AnalysisInputs::SetCalculatedSysts] => % sysematic = 0.025
[AnalysisInputs::SetCalculatedSysts] source : FakeLooseID
[AnalysisInputs::SetCalculatedSysts] => % sysematic = 0.3
[AnalysisInputs::SetCalculatedSysts] source : ChrageFlipSyst
[AnalysisInputs::SetCalculatedSysts] => % sysematic = 0.21
[CutRangeInfo::ReadCutCard] Get Cutcard from /home/jskim/Documents/trilepton_13TeV/DiLepton/data/v8-0-7.32/CutOpCard/OPTIMIZED_171108_ElEl_HighMass_Bin2/HNElEl_1000.txt
prompt_tau21_syst = 0.0329164
signal_tau21_syst = 0.00466641
Central	0.456715	0	0.056732
_MuonEn_up	0.453939	0	0.056732
_MuonEn_down	0.452704	0	0.056732
_MuonIDSF_up	0.449322	0	0.056732
_MuonIDSF_down	0.448175	0	0.056732
_ElectronEn_up	0.462139	0	0.056732
_ElectronEn_down	0.445688	0	0.056732
_ElectronIDSF_up	0.469053	0	0.056732
_ElectronIDSF_down	0.434977	0	0.056732
_TriggerSF_up	0.439464	0	0.056732
_TriggerSF_down	0.447673	0	0.056732
_PU_up	0.476357	0	0.056732
_PU_down	0.472915	0	0.056732
_JetEn_up	0.455415	0	0.056732
_JetEn_down	0.488586	0	0.056732
_JetRes_up	0.450916	0	0.056732
_JetRes_down	0.450495	0	0.056732
_Unclustered_up	0.450495	0	0.056732
_Unclustered_down	0.450626	0	0.056732
_BTagSFEff_up	0.449909	0	0.056732
_BTagSFEff_down	0.457672	0	0.056732
_BTagSFMiss_up	0.444378	0	0.056732
_BTagSFMiss_down	0.453349	0	0.056732
_JetMass_up	0.455643	0	0.056732
_JetMass_down	0.443356	0	0.056732
_JetMassRes_up	0.460547	0	0.056732
_JetMassRes_down	0.516769	0	0.056732

################ Sources ################
Source	SystTotal	SystPrompt	SystFake	Signal
Stat 29.66 33.34  -nan  23.12  1.59
Lumi 2.22  2.50 -  -  2.50
PDF  -  -  -  -  2.50
MuonPt  0.67 0.76  -  -  0.18
MuonID  1.56 1.75  -  -  0.33
ElectronE  1.69 1.90  -  -  0.34
ElectronID  3.44 3.87  -  -  4.03
Trigger  2.68 3.02  -  -  0.20
PU  3.51 3.94  -  -  1.36
JES  4.39 4.94  -  -  0.30
JER  1.17 1.32  -  -  0.22
Uncl  1.20 1.35  -  -  0.36
BEff  0.95 1.06  -  -  0.52
BMiss  1.76 1.98  -  -  0.53
JMS  1.85 2.08  -  -  0.18
JMR  8.29 9.32  -  -  0.09
Tau21 6.41  7.21 -  -  7.25
MCNorm 11.93  13.41 -  -  -
Fake 0.00  -  -nan - -
CF 2.32  -  -  21.00 -
Total Systematic 17.99 20.22  -nan  21.00  5.63

Total Background	0.513
- Prompt	0.457
- Fake	0.000
- CF	0.057

####### Result #######
Signal Eff	0.127336
0.513447 1.348560
0.064351 1.093187
