
Processing CyclesForMixingLimit_MuEl_Bin2/HNMuEl_700.C...
[AnalysisInputs::SetMCSF] Get MC SF from /data8/Users/jskim/HN_dilepton_plotter/data/v8-0-7.37/MCSF.txt
[AnalysisInputs::SetMCSF] sample : VVV
[AnalysisInputs::SetMCSF] => MCSF = 1, MCSF_err = 0.5
[AnalysisInputs::SetMCSF] sample : WWW
[AnalysisInputs::SetMCSF] => MCSF = 1, MCSF_err = 0.5
[AnalysisInputs::SetMCSF] sample : WWZ
[AnalysisInputs::SetMCSF] => MCSF = 1, MCSF_err = 0.5
[AnalysisInputs::SetMCSF] sample : WZZ
[AnalysisInputs::SetMCSF] => MCSF = 1, MCSF_err = 0.5
[AnalysisInputs::SetMCSF] sample : ZZZ
[AnalysisInputs::SetMCSF] => MCSF = 1, MCSF_err = 0.5
[AnalysisInputs::SetMCSF] sample : ttV
[AnalysisInputs::SetMCSF] => MCSF = 1, MCSF_err = 0.5
[AnalysisInputs::SetMCSF] sample : ttW
[AnalysisInputs::SetMCSF] => MCSF = 1, MCSF_err = 0.5
[AnalysisInputs::SetMCSF] sample : ttZ
[AnalysisInputs::SetMCSF] => MCSF = 1, MCSF_err = 0.5
[AnalysisInputs::SetMCSF] sample : ttH_nonbb
[AnalysisInputs::SetMCSF] => MCSF = 1, MCSF_err = 0.5
[AnalysisInputs::SetMCSF] sample : top
[AnalysisInputs::SetMCSF] => MCSF = 1, MCSF_err = 0.5
[AnalysisInputs::SetMCSF] sample : WWTo2L2Nu_DS
[AnalysisInputs::SetMCSF] => MCSF = 1, MCSF_err = 0.5
[AnalysisInputs::SetMCSF] sample : WpWpEWK
[AnalysisInputs::SetMCSF] => MCSF = 1, MCSF_err = 0.5
[AnalysisInputs::SetMCSF] sample : WpWpQCD
[AnalysisInputs::SetMCSF] => MCSF = 1, MCSF_err = 0.5
[AnalysisInputs::SetMCSF] sample : WZTo3LNu_mllmin01
[AnalysisInputs::SetMCSF] => MCSF = 0.65, MCSF_err = 0.06
[AnalysisInputs::SetMCSF] sample : WZTo3LNu_powheg
[AnalysisInputs::SetMCSF] => MCSF = 1.05246, MCSF_err = 0.0646733
[AnalysisInputs::SetMCSF] sample : ZGto2LG
[AnalysisInputs::SetMCSF] => MCSF = 1.09801, MCSF_err = 0.0750731
[AnalysisInputs::SetMCSF] sample : ZZTo4L_powheg
[AnalysisInputs::SetMCSF] => MCSF = 0.978683, MCSF_err = 0.0790547
[AnalysisInputs::SetMCSF] sample : ggZZto2e2mu
[AnalysisInputs::SetMCSF] => MCSF = 0.978683, MCSF_err = 0.0790547
[AnalysisInputs::SetMCSF] sample : ggZZto2e2nu
[AnalysisInputs::SetMCSF] => MCSF = 0.978683, MCSF_err = 0.0790547
[AnalysisInputs::SetMCSF] sample : ggZZto2e2tau
[AnalysisInputs::SetMCSF] => MCSF = 0.978683, MCSF_err = 0.0790547
[AnalysisInputs::SetMCSF] sample : ggZZto2mu2nu
[AnalysisInputs::SetMCSF] => MCSF = 0.978683, MCSF_err = 0.0790547
[AnalysisInputs::SetMCSF] sample : ggZZto2mu2tau
[AnalysisInputs::SetMCSF] => MCSF = 0.978683, MCSF_err = 0.0790547
[AnalysisInputs::SetMCSF] sample : ggZZto4e
[AnalysisInputs::SetMCSF] => MCSF = 0.978683, MCSF_err = 0.0790547
[AnalysisInputs::SetMCSF] sample : ggZZto4mu
[AnalysisInputs::SetMCSF] => MCSF = 0.978683, MCSF_err = 0.0790547
[AnalysisInputs::SetMCSF] sample : ggZZto4tau
[AnalysisInputs::SetMCSF] => MCSF = 0.978683, MCSF_err = 0.0790547
[AnalysisInputs::SetMCSF] sample : ggHtoZZ
[AnalysisInputs::SetMCSF] => MCSF = 0.978683, MCSF_err = 0.0790547
[AnalysisInputs::SetCalculatedSysts] Get Systematics from /data8/Users/jskim/HN_dilepton_plotter/data/v8-0-7.37/Syst.txt
[AnalysisInputs::SetCalculatedSysts] source : Luminosity
[AnalysisInputs::SetCalculatedSysts] => % sysematic = 0.025
[AnalysisInputs::SetCalculatedSysts] source : FakeLooseID
[AnalysisInputs::SetCalculatedSysts] => % sysematic = 0.3
[AnalysisInputs::SetCalculatedSysts] source : ChrageFlipSyst
[AnalysisInputs::SetCalculatedSysts] => % sysematic = 0.23
[CutRangeInfo::ReadCutCard] Get Cutcard from /data8/Users/jskim/HN_dilepton_plotter/data/v8-0-7.37/CutOpCard/RunDirectory/Cards_MuEl_Bin2/HNMuEl_700.txt
Central	1.56133	0.183962	0
_MuonEn_up	1.62033	0.183962	0
_MuonEn_down	1.47281	0.183962	0
_MuonIDSF_up	1.58347	0.183962	0
_MuonIDSF_down	1.54285	0.183962	0
_ElectronEn_up	1.55915	0.183962	0
_ElectronEn_down	1.5242	0.183962	0
_ElectronIDSF_up	1.58546	0.183962	0
_ElectronIDSF_down	1.52845	0.183962	0
_TriggerSF_up	1.55257	0.183962	0
_TriggerSF_down	1.56378	0.183962	0
_PU_up	1.67094	0.183962	0
_PU_down	1.42176	0.183962	0
_JetEn_up	1.54616	0.183962	0
_JetEn_down	1.59182	0.183962	0
_JetRes_up	1.54665	0.183962	0
_JetRes_down	1.46956	0.183962	0
_Unclustered_up	1.56142	0.183962	0
_Unclustered_down	1.57057	0.183962	0
_BTagSFEff_up	1.55748	0.183962	0
_BTagSFEff_down	1.56936	0.183962	0
_BTagSFMiss_up	1.56298	0.183962	0
_BTagSFMiss_down	1.52837	0.183962	0
_JetMass_up	1.56244	0.183962	0
_JetMass_down	1.55683	0.183962	0
_JetMassRes_up	1.5631	0.183962	0
_JetMassRes_down	1.54263	0.183962	0
_Tau21_up	1.68393	0.183962	0
_Tau21_down	1.43547	0.183962	0

################ Sources ################
Source	SystTotal	SystPrompt	SystFake	Signal
Stat 32.70 35.03  88.70  -nan  0.70
Lumi 2.24  2.50 -  -  2.50
PDF  -  -  -  -  2.36
MuonPt  4.31 4.82  -  -  1.95
MuonID  1.17 1.31  -  -  1.79
ElectronE  1.51 1.68  -  -  0.21
ElectronID  1.65 1.85  -  -  1.96
Trigger  0.37 0.41  -  -  0.12
PU  7.19 8.04  -  -  1.03
JES  1.38 1.54  -  -  0.28
JER  3.77 4.21  -  -  0.45
Uncl  0.37 0.42  -  -  0.12
BEff  0.36 0.40  -  -  0.30
BMiss  1.34 1.49  -  -  0.51
JMS  0.19 0.21  -  -  0.08
JMR  0.76 0.85  -  -  0.02
Tau21  7.12 7.96  -  -  7.80
MCNorm 17.63  19.71 -  -  -
Fake 3.16  -  30.00 - -
CF 0.00  -  -  -nan -
Total Systematic 21.73 24.03  30.00  -nan  9.24

Total Background	1.745
- Prompt	1.561
- Fake	0.184
- CF	0.000

####### Result #######
Signal Eff	0.243246
1.745297 1.392617
0.226990 1.092629
