
Processing CyclesForMixingLimit_MuEl_Bin2/HNMuEl_40.C...
[AnalysisInputs::SetMCSF] Get MC SF from /data8/Users/jskim/HN_dilepton_plotter/data/v8-0-7.37/MCSF.txt
[AnalysisInputs::SetMCSF] sample : VVV
[AnalysisInputs::SetMCSF] => MCSF = 1, MCSF_err = 0.5
[AnalysisInputs::SetMCSF] sample : WWW
[AnalysisInputs::SetMCSF] => MCSF = 1, MCSF_err = 0.5
[AnalysisInputs::SetMCSF] sample : WWZ
[AnalysisInputs::SetMCSF] => MCSF = 1, MCSF_err = 0.5
[AnalysisInputs::SetMCSF] sample : WZZ
[AnalysisInputs::SetMCSF] => MCSF = 1, MCSF_err = 0.5
[AnalysisInputs::SetMCSF] sample : ZZZ
[AnalysisInputs::SetMCSF] => MCSF = 1, MCSF_err = 0.5
[AnalysisInputs::SetMCSF] sample : ttV
[AnalysisInputs::SetMCSF] => MCSF = 1, MCSF_err = 0.5
[AnalysisInputs::SetMCSF] sample : ttW
[AnalysisInputs::SetMCSF] => MCSF = 1, MCSF_err = 0.5
[AnalysisInputs::SetMCSF] sample : ttZ
[AnalysisInputs::SetMCSF] => MCSF = 1, MCSF_err = 0.5
[AnalysisInputs::SetMCSF] sample : ttH_nonbb
[AnalysisInputs::SetMCSF] => MCSF = 1, MCSF_err = 0.5
[AnalysisInputs::SetMCSF] sample : top
[AnalysisInputs::SetMCSF] => MCSF = 1, MCSF_err = 0.5
[AnalysisInputs::SetMCSF] sample : WWTo2L2Nu_DS
[AnalysisInputs::SetMCSF] => MCSF = 1, MCSF_err = 0.5
[AnalysisInputs::SetMCSF] sample : WpWpEWK
[AnalysisInputs::SetMCSF] => MCSF = 1, MCSF_err = 0.5
[AnalysisInputs::SetMCSF] sample : WpWpQCD
[AnalysisInputs::SetMCSF] => MCSF = 1, MCSF_err = 0.5
[AnalysisInputs::SetMCSF] sample : WZTo3LNu_mllmin01
[AnalysisInputs::SetMCSF] => MCSF = 0.65, MCSF_err = 0.06
[AnalysisInputs::SetMCSF] sample : WZTo3LNu_powheg
[AnalysisInputs::SetMCSF] => MCSF = 1.05246, MCSF_err = 0.0646733
[AnalysisInputs::SetMCSF] sample : ZGto2LG
[AnalysisInputs::SetMCSF] => MCSF = 1.09801, MCSF_err = 0.0750731
[AnalysisInputs::SetMCSF] sample : ZZTo4L_powheg
[AnalysisInputs::SetMCSF] => MCSF = 0.978683, MCSF_err = 0.0790547
[AnalysisInputs::SetMCSF] sample : ggZZto2e2mu
[AnalysisInputs::SetMCSF] => MCSF = 0.978683, MCSF_err = 0.0790547
[AnalysisInputs::SetMCSF] sample : ggZZto2e2nu
[AnalysisInputs::SetMCSF] => MCSF = 0.978683, MCSF_err = 0.0790547
[AnalysisInputs::SetMCSF] sample : ggZZto2e2tau
[AnalysisInputs::SetMCSF] => MCSF = 0.978683, MCSF_err = 0.0790547
[AnalysisInputs::SetMCSF] sample : ggZZto2mu2nu
[AnalysisInputs::SetMCSF] => MCSF = 0.978683, MCSF_err = 0.0790547
[AnalysisInputs::SetMCSF] sample : ggZZto2mu2tau
[AnalysisInputs::SetMCSF] => MCSF = 0.978683, MCSF_err = 0.0790547
[AnalysisInputs::SetMCSF] sample : ggZZto4e
[AnalysisInputs::SetMCSF] => MCSF = 0.978683, MCSF_err = 0.0790547
[AnalysisInputs::SetMCSF] sample : ggZZto4mu
[AnalysisInputs::SetMCSF] => MCSF = 0.978683, MCSF_err = 0.0790547
[AnalysisInputs::SetMCSF] sample : ggZZto4tau
[AnalysisInputs::SetMCSF] => MCSF = 0.978683, MCSF_err = 0.0790547
[AnalysisInputs::SetMCSF] sample : ggHtoZZ
[AnalysisInputs::SetMCSF] => MCSF = 0.978683, MCSF_err = 0.0790547
[AnalysisInputs::SetCalculatedSysts] Get Systematics from /data8/Users/jskim/HN_dilepton_plotter/data/v8-0-7.37/Syst.txt
[AnalysisInputs::SetCalculatedSysts] source : Luminosity
[AnalysisInputs::SetCalculatedSysts] => % sysematic = 0.025
[AnalysisInputs::SetCalculatedSysts] source : FakeLooseID
[AnalysisInputs::SetCalculatedSysts] => % sysematic = 0.3
[AnalysisInputs::SetCalculatedSysts] source : ChrageFlipSyst
[AnalysisInputs::SetCalculatedSysts] => % sysematic = 0.23
[CutRangeInfo::ReadCutCard] Get Cutcard from /data8/Users/jskim/HN_dilepton_plotter/data/v8-0-7.37/CutOpCard/RunDirectory/Cards_MuEl_Bin2/HNMuEl_40.txt
Central	30.794	20.9721	0
_MuonEn_up	30.7693	20.9721	0
_MuonEn_down	30.7993	20.9721	0
_MuonIDSF_up	31.2738	20.9721	0
_MuonIDSF_down	30.2088	20.9721	0
_ElectronEn_up	31.3196	20.9721	0
_ElectronEn_down	30.6713	20.9721	0
_ElectronIDSF_up	30.9708	20.9721	0
_ElectronIDSF_down	30.5274	20.9721	0
_TriggerSF_up	31.5541	20.9721	0
_TriggerSF_down	30.7913	20.9721	0
_PU_up	30.0577	20.9721	0
_PU_down	31.3149	20.9721	0
_JetEn_up	27.4645	20.9721	0
_JetEn_down	28.6087	20.9721	0
_JetRes_up	28.94	20.9721	0
_JetRes_down	31.9972	20.9721	0
_Unclustered_up	30.3208	20.9721	0
_Unclustered_down	29.7659	20.9721	0
_BTagSFEff_up	30.7777	20.9721	0
_BTagSFEff_down	30.872	20.9721	0
_BTagSFMiss_up	31.2421	20.9721	0
_BTagSFMiss_down	30.7913	20.9721	0
_JetMass_up	30.7981	20.9721	0
_JetMass_down	30.7817	20.9721	0
_JetMassRes_up	30.7175	20.9721	0
_JetMassRes_down	30.7108	20.9721	0
_Tau21_up	30.7913	20.9721	0
_Tau21_down	30.7913	20.9721	0

################ Sources ################
Source	SystTotal	SystPrompt	SystFake	Signal
Stat 8.30 12.26  9.76  -nan  3.86
Lumi 1.49  2.50 -  -  2.50
PDF  -  -  -  -  6.96
MuonPt  0.03 0.06  -  -  0.62
MuonID  1.03 1.74  -  -  1.63
ElectronE  0.74 1.24  -  -  0.93
ElectronID  0.44 0.73  -  -  0.58
Trigger  1.04 1.75  -  -  3.27
PU  1.23 2.07  -  -  3.13
JES  5.44 9.15  -  -  2.94
JER  3.02 5.08  -  -  0.36
Uncl  1.55 2.60  -  -  3.66
BEff  0.11 0.18  -  -  0.37
BMiss  0.61 1.03  -  -  0.63
JMS  0.02 0.03  -  -  0.42
JMR  0.15 0.26  -  -  0.27
Tau21  0.01 0.01  -  -  0.57
MCNorm 4.16  7.00 -  -  -
Fake 12.15  -  30.00 - -
CF 0.00  -  -  -nan -
Total Systematic 14.60 13.60  30.00  -nan  10.13

Total Background	51.766
- Prompt	30.794
- Fake	20.972
- CF	0.000

####### Result #######
Signal Eff	0.004530
51.766076 1.167934
4206.745745 1.108415
