
Processing CyclesForMixingLimit_MuEl_Bin2/HNMuEl_1400.C...
[AnalysisInputs::SetMCSF] Get MC SF from /data8/Users/jskim/HN_dilepton_plotter/data/v8-0-7.37/MCSF.txt
[AnalysisInputs::SetMCSF] sample : VVV
[AnalysisInputs::SetMCSF] => MCSF = 1, MCSF_err = 0.5
[AnalysisInputs::SetMCSF] sample : WWW
[AnalysisInputs::SetMCSF] => MCSF = 1, MCSF_err = 0.5
[AnalysisInputs::SetMCSF] sample : WWZ
[AnalysisInputs::SetMCSF] => MCSF = 1, MCSF_err = 0.5
[AnalysisInputs::SetMCSF] sample : WZZ
[AnalysisInputs::SetMCSF] => MCSF = 1, MCSF_err = 0.5
[AnalysisInputs::SetMCSF] sample : ZZZ
[AnalysisInputs::SetMCSF] => MCSF = 1, MCSF_err = 0.5
[AnalysisInputs::SetMCSF] sample : ttV
[AnalysisInputs::SetMCSF] => MCSF = 1, MCSF_err = 0.5
[AnalysisInputs::SetMCSF] sample : ttW
[AnalysisInputs::SetMCSF] => MCSF = 1, MCSF_err = 0.5
[AnalysisInputs::SetMCSF] sample : ttZ
[AnalysisInputs::SetMCSF] => MCSF = 1, MCSF_err = 0.5
[AnalysisInputs::SetMCSF] sample : ttH_nonbb
[AnalysisInputs::SetMCSF] => MCSF = 1, MCSF_err = 0.5
[AnalysisInputs::SetMCSF] sample : top
[AnalysisInputs::SetMCSF] => MCSF = 1, MCSF_err = 0.5
[AnalysisInputs::SetMCSF] sample : WWTo2L2Nu_DS
[AnalysisInputs::SetMCSF] => MCSF = 1, MCSF_err = 0.5
[AnalysisInputs::SetMCSF] sample : WpWpEWK
[AnalysisInputs::SetMCSF] => MCSF = 1, MCSF_err = 0.5
[AnalysisInputs::SetMCSF] sample : WpWpQCD
[AnalysisInputs::SetMCSF] => MCSF = 1, MCSF_err = 0.5
[AnalysisInputs::SetMCSF] sample : WZTo3LNu_mllmin01
[AnalysisInputs::SetMCSF] => MCSF = 0.65, MCSF_err = 0.06
[AnalysisInputs::SetMCSF] sample : WZTo3LNu_powheg
[AnalysisInputs::SetMCSF] => MCSF = 1.05246, MCSF_err = 0.0646733
[AnalysisInputs::SetMCSF] sample : ZGto2LG
[AnalysisInputs::SetMCSF] => MCSF = 1.09801, MCSF_err = 0.0750731
[AnalysisInputs::SetMCSF] sample : ZZTo4L_powheg
[AnalysisInputs::SetMCSF] => MCSF = 0.978683, MCSF_err = 0.0790547
[AnalysisInputs::SetMCSF] sample : ggZZto2e2mu
[AnalysisInputs::SetMCSF] => MCSF = 0.978683, MCSF_err = 0.0790547
[AnalysisInputs::SetMCSF] sample : ggZZto2e2nu
[AnalysisInputs::SetMCSF] => MCSF = 0.978683, MCSF_err = 0.0790547
[AnalysisInputs::SetMCSF] sample : ggZZto2e2tau
[AnalysisInputs::SetMCSF] => MCSF = 0.978683, MCSF_err = 0.0790547
[AnalysisInputs::SetMCSF] sample : ggZZto2mu2nu
[AnalysisInputs::SetMCSF] => MCSF = 0.978683, MCSF_err = 0.0790547
[AnalysisInputs::SetMCSF] sample : ggZZto2mu2tau
[AnalysisInputs::SetMCSF] => MCSF = 0.978683, MCSF_err = 0.0790547
[AnalysisInputs::SetMCSF] sample : ggZZto4e
[AnalysisInputs::SetMCSF] => MCSF = 0.978683, MCSF_err = 0.0790547
[AnalysisInputs::SetMCSF] sample : ggZZto4mu
[AnalysisInputs::SetMCSF] => MCSF = 0.978683, MCSF_err = 0.0790547
[AnalysisInputs::SetMCSF] sample : ggZZto4tau
[AnalysisInputs::SetMCSF] => MCSF = 0.978683, MCSF_err = 0.0790547
[AnalysisInputs::SetMCSF] sample : ggHtoZZ
[AnalysisInputs::SetMCSF] => MCSF = 0.978683, MCSF_err = 0.0790547
[AnalysisInputs::SetCalculatedSysts] Get Systematics from /data8/Users/jskim/HN_dilepton_plotter/data/v8-0-7.37/Syst.txt
[AnalysisInputs::SetCalculatedSysts] source : Luminosity
[AnalysisInputs::SetCalculatedSysts] => % sysematic = 0.025
[AnalysisInputs::SetCalculatedSysts] source : FakeLooseID
[AnalysisInputs::SetCalculatedSysts] => % sysematic = 0.3
[AnalysisInputs::SetCalculatedSysts] source : ChrageFlipSyst
[AnalysisInputs::SetCalculatedSysts] => % sysematic = 0.23
[CutRangeInfo::ReadCutCard] Get Cutcard from /data8/Users/jskim/HN_dilepton_plotter/data/v8-0-7.37/CutOpCard/RunDirectory/Cards_MuEl_Bin2/HNMuEl_1400.txt
Central	0.176399	0	0
_MuonEn_up	0.298787	0	0
_MuonEn_down	0.254143	0	0
_MuonIDSF_up	0.179199	0	0
_MuonIDSF_down	0.176504	0	0
_ElectronEn_up	0.168126	0	0
_ElectronEn_down	0.176399	0	0
_ElectronIDSF_up	0.181206	0	0
_ElectronIDSF_down	0.171591	0	0
_TriggerSF_up	0.177271	0	0
_TriggerSF_down	0.176399	0	0
_PU_up	0.168042	0	0
_PU_down	0.189379	0	0
_JetEn_up	0.170445	0	0
_JetEn_down	0.176891	0	0
_JetRes_up	0.17389	0	0
_JetRes_down	0.085153	0	0
_Unclustered_up	0.170445	0	0
_Unclustered_down	0.170405	0	0
_BTagSFEff_up	0.176399	0	0
_BTagSFEff_down	0.176399	0	0
_BTagSFMiss_up	0.176399	0	0
_BTagSFMiss_down	0.176399	0	0
_JetMass_up	0.17713	0	0
_JetMass_down	0.185659	0	0
_JetMassRes_up	0.176399	0	0
_JetMassRes_down	0.17713	0	0
_Tau21_up	0.190364	0	0
_Tau21_down	0.162433	0	0

################ Sources ################
Source	SystTotal	SystPrompt	SystFake	Signal
Stat 50.41 50.41  -nan  -nan  0.70
Lumi 2.50  2.50 -  -  2.50
PDF  -  -  -  -  2.36
MuonPt  58.12 58.12  -  -  0.93
MuonID  1.12 1.12  -  -  1.76
ElectronE  3.32 3.32  -  -  0.13
ElectronID  2.73 2.73  -  -  1.84
Trigger  0.35 0.35  -  -  0.09
PU  6.19 6.19  -  -  1.20
JES  2.39 2.39  -  -  0.24
JER  36.59 36.59  -  -  0.23
Uncl  3.39 3.39  -  -  0.09
BEff  0.00 0.00  -  -  0.62
BMiss  0.00 0.00  -  -  0.50
JMS  3.72 3.72  -  -  0.06
JMR  0.29 0.29  -  -  0.13
Tau21  7.92 7.92  -  -  8.57
MCNorm 29.82  29.82 -  -  -
Fake 0.00  -  -nan - -
CF 0.00  -  -  -nan -
Total Systematic 75.92 75.92  -nan  -nan  9.74

Total Background	0.176
- Prompt	0.176
- Fake	0.000
- CF	0.000

####### Result #######
Signal Eff	0.279909
0.176399 1.911328
0.009005 1.097645
