
Processing CyclesForMixingLimit_MuEl_Bin2/HNMuEl_800_VBF.C...
[AnalysisInputs::SetMCSF] Get MC SF from /data8/Users/jskim/HN_dilepton_plotter/data/v8-0-7.37/MCSF.txt
[AnalysisInputs::SetMCSF] sample : VVV
[AnalysisInputs::SetMCSF] => MCSF = 1, MCSF_err = 0.5
[AnalysisInputs::SetMCSF] sample : WWW
[AnalysisInputs::SetMCSF] => MCSF = 1, MCSF_err = 0.5
[AnalysisInputs::SetMCSF] sample : WWZ
[AnalysisInputs::SetMCSF] => MCSF = 1, MCSF_err = 0.5
[AnalysisInputs::SetMCSF] sample : WZZ
[AnalysisInputs::SetMCSF] => MCSF = 1, MCSF_err = 0.5
[AnalysisInputs::SetMCSF] sample : ZZZ
[AnalysisInputs::SetMCSF] => MCSF = 1, MCSF_err = 0.5
[AnalysisInputs::SetMCSF] sample : ttV
[AnalysisInputs::SetMCSF] => MCSF = 1, MCSF_err = 0.5
[AnalysisInputs::SetMCSF] sample : ttW
[AnalysisInputs::SetMCSF] => MCSF = 1, MCSF_err = 0.5
[AnalysisInputs::SetMCSF] sample : ttZ
[AnalysisInputs::SetMCSF] => MCSF = 1, MCSF_err = 0.5
[AnalysisInputs::SetMCSF] sample : ttH_nonbb
[AnalysisInputs::SetMCSF] => MCSF = 1, MCSF_err = 0.5
[AnalysisInputs::SetMCSF] sample : top
[AnalysisInputs::SetMCSF] => MCSF = 1, MCSF_err = 0.5
[AnalysisInputs::SetMCSF] sample : WWTo2L2Nu_DS
[AnalysisInputs::SetMCSF] => MCSF = 1, MCSF_err = 0.5
[AnalysisInputs::SetMCSF] sample : WpWpEWK
[AnalysisInputs::SetMCSF] => MCSF = 1, MCSF_err = 0.5
[AnalysisInputs::SetMCSF] sample : WpWpQCD
[AnalysisInputs::SetMCSF] => MCSF = 1, MCSF_err = 0.5
[AnalysisInputs::SetMCSF] sample : WZTo3LNu_mllmin01
[AnalysisInputs::SetMCSF] => MCSF = 0.65, MCSF_err = 0.06
[AnalysisInputs::SetMCSF] sample : WZTo3LNu_powheg
[AnalysisInputs::SetMCSF] => MCSF = 1.05246, MCSF_err = 0.0646733
[AnalysisInputs::SetMCSF] sample : ZGto2LG
[AnalysisInputs::SetMCSF] => MCSF = 1.09801, MCSF_err = 0.0750731
[AnalysisInputs::SetMCSF] sample : ZZTo4L_powheg
[AnalysisInputs::SetMCSF] => MCSF = 0.978683, MCSF_err = 0.0790547
[AnalysisInputs::SetMCSF] sample : ggZZto2e2mu
[AnalysisInputs::SetMCSF] => MCSF = 0.978683, MCSF_err = 0.0790547
[AnalysisInputs::SetMCSF] sample : ggZZto2e2nu
[AnalysisInputs::SetMCSF] => MCSF = 0.978683, MCSF_err = 0.0790547
[AnalysisInputs::SetMCSF] sample : ggZZto2e2tau
[AnalysisInputs::SetMCSF] => MCSF = 0.978683, MCSF_err = 0.0790547
[AnalysisInputs::SetMCSF] sample : ggZZto2mu2nu
[AnalysisInputs::SetMCSF] => MCSF = 0.978683, MCSF_err = 0.0790547
[AnalysisInputs::SetMCSF] sample : ggZZto2mu2tau
[AnalysisInputs::SetMCSF] => MCSF = 0.978683, MCSF_err = 0.0790547
[AnalysisInputs::SetMCSF] sample : ggZZto4e
[AnalysisInputs::SetMCSF] => MCSF = 0.978683, MCSF_err = 0.0790547
[AnalysisInputs::SetMCSF] sample : ggZZto4mu
[AnalysisInputs::SetMCSF] => MCSF = 0.978683, MCSF_err = 0.0790547
[AnalysisInputs::SetMCSF] sample : ggZZto4tau
[AnalysisInputs::SetMCSF] => MCSF = 0.978683, MCSF_err = 0.0790547
[AnalysisInputs::SetMCSF] sample : ggHtoZZ
[AnalysisInputs::SetMCSF] => MCSF = 0.978683, MCSF_err = 0.0790547
[AnalysisInputs::SetCalculatedSysts] Get Systematics from /data8/Users/jskim/HN_dilepton_plotter/data/v8-0-7.37/Syst.txt
[AnalysisInputs::SetCalculatedSysts] source : Luminosity
[AnalysisInputs::SetCalculatedSysts] => % sysematic = 0.025
[AnalysisInputs::SetCalculatedSysts] source : FakeLooseID
[AnalysisInputs::SetCalculatedSysts] => % sysematic = 0.3
[AnalysisInputs::SetCalculatedSysts] source : ChrageFlipSyst
[AnalysisInputs::SetCalculatedSysts] => % sysematic = 0.23
[CutRangeInfo::ReadCutCard] Get Cutcard from /data8/Users/jskim/HN_dilepton_plotter/data/v8-0-7.37/CutOpCard/RunDirectory/Cards_MuEl_Bin2/HNMuEl_800.txt
Central	1.29994	0.167397	0
_MuonEn_up	1.49017	0.167397	0
_MuonEn_down	1.27802	0.167397	0
_MuonIDSF_up	1.32082	0.167397	0
_MuonIDSF_down	1.27205	0.167397	0
_ElectronEn_up	1.28756	0.167397	0
_ElectronEn_down	1.25381	0.167397	0
_ElectronIDSF_up	1.29654	0.167397	0
_ElectronIDSF_down	1.26219	0.167397	0
_TriggerSF_up	1.29103	0.167397	0
_TriggerSF_down	1.30784	0.167397	0
_PU_up	1.42312	0.167397	0
_PU_down	1.18349	0.167397	0
_JetEn_up	1.24545	0.167397	0
_JetEn_down	1.29697	0.167397	0
_JetRes_up	1.28922	0.167397	0
_JetRes_down	1.29632	0.167397	0
_Unclustered_up	1.27961	0.167397	0
_Unclustered_down	1.26951	0.167397	0
_BTagSFEff_up	1.29654	0.167397	0
_BTagSFEff_down	1.2985	0.167397	0
_BTagSFMiss_up	1.30227	0.167397	0
_BTagSFMiss_down	1.29632	0.167397	0
_JetMass_up	1.31265	0.167397	0
_JetMass_down	1.26412	0.167397	0
_JetMassRes_up	1.30419	0.167397	0
_JetMassRes_down	1.288	0.167397	0
_Tau21_up	1.4044	0.167397	0
_Tau21_down	1.19644	0.167397	0

################ Sources ################
Source	SystTotal	SystPrompt	SystFake	Signal
Stat 37.39 40.17  100.55  -nan  0.77
Lumi 2.21  2.50 -  -  2.50
PDF  -  -  -  -  2.36
MuonPt  9.23 10.42  -  -  1.06
MuonID  1.68 1.89  -  -  1.73
ElectronE  2.30 2.60  -  -  0.15
ElectronID  1.83 2.06  -  -  1.76
Trigger  0.57 0.65  -  -  0.35
PU  8.17 9.22  -  -  1.18
JES  2.63 2.97  -  -  0.12
JER  0.55 0.62  -  -  0.21
Uncl  1.76 1.99  -  -  0.06
BEff  0.18 0.20  -  -  0.42
BMiss  0.21 0.23  -  -  0.49
JMS  1.83 2.07  -  -  0.03
JMR  0.61 0.69  -  -  0.12
Tau21  7.09 8.00  -  -  7.67
MCNorm 20.22  22.82 -  -  -
Fake 3.42  -  30.00 - -
CF 0.00  -  -  -nan -
Total Systematic 25.56 28.59  30.00  -nan  8.94

Total Background	1.467
- Prompt	1.300
- Fake	0.167
- CF	0.000

####### Result #######
Signal Eff	0.683164
1.467341 1.452917
0.247757 1.089726
