
Processing CyclesForMixingLimit_MuEl_Bin2/HNMuEl_1500_VBF.C...
[AnalysisInputs::SetMCSF] Get MC SF from /data8/Users/jskim/HN_dilepton_plotter/data/v8-0-7.37/MCSF.txt
[AnalysisInputs::SetMCSF] sample : VVV
[AnalysisInputs::SetMCSF] => MCSF = 1, MCSF_err = 0.5
[AnalysisInputs::SetMCSF] sample : WWW
[AnalysisInputs::SetMCSF] => MCSF = 1, MCSF_err = 0.5
[AnalysisInputs::SetMCSF] sample : WWZ
[AnalysisInputs::SetMCSF] => MCSF = 1, MCSF_err = 0.5
[AnalysisInputs::SetMCSF] sample : WZZ
[AnalysisInputs::SetMCSF] => MCSF = 1, MCSF_err = 0.5
[AnalysisInputs::SetMCSF] sample : ZZZ
[AnalysisInputs::SetMCSF] => MCSF = 1, MCSF_err = 0.5
[AnalysisInputs::SetMCSF] sample : ttV
[AnalysisInputs::SetMCSF] => MCSF = 1, MCSF_err = 0.5
[AnalysisInputs::SetMCSF] sample : ttW
[AnalysisInputs::SetMCSF] => MCSF = 1, MCSF_err = 0.5
[AnalysisInputs::SetMCSF] sample : ttZ
[AnalysisInputs::SetMCSF] => MCSF = 1, MCSF_err = 0.5
[AnalysisInputs::SetMCSF] sample : ttH_nonbb
[AnalysisInputs::SetMCSF] => MCSF = 1, MCSF_err = 0.5
[AnalysisInputs::SetMCSF] sample : top
[AnalysisInputs::SetMCSF] => MCSF = 1, MCSF_err = 0.5
[AnalysisInputs::SetMCSF] sample : WWTo2L2Nu_DS
[AnalysisInputs::SetMCSF] => MCSF = 1, MCSF_err = 0.5
[AnalysisInputs::SetMCSF] sample : WpWpEWK
[AnalysisInputs::SetMCSF] => MCSF = 1, MCSF_err = 0.5
[AnalysisInputs::SetMCSF] sample : WpWpQCD
[AnalysisInputs::SetMCSF] => MCSF = 1, MCSF_err = 0.5
[AnalysisInputs::SetMCSF] sample : WZTo3LNu_mllmin01
[AnalysisInputs::SetMCSF] => MCSF = 0.65, MCSF_err = 0.06
[AnalysisInputs::SetMCSF] sample : WZTo3LNu_powheg
[AnalysisInputs::SetMCSF] => MCSF = 1.05246, MCSF_err = 0.0646733
[AnalysisInputs::SetMCSF] sample : ZGto2LG
[AnalysisInputs::SetMCSF] => MCSF = 1.09801, MCSF_err = 0.0750731
[AnalysisInputs::SetMCSF] sample : ZZTo4L_powheg
[AnalysisInputs::SetMCSF] => MCSF = 0.978683, MCSF_err = 0.0790547
[AnalysisInputs::SetMCSF] sample : ggZZto2e2mu
[AnalysisInputs::SetMCSF] => MCSF = 0.978683, MCSF_err = 0.0790547
[AnalysisInputs::SetMCSF] sample : ggZZto2e2nu
[AnalysisInputs::SetMCSF] => MCSF = 0.978683, MCSF_err = 0.0790547
[AnalysisInputs::SetMCSF] sample : ggZZto2e2tau
[AnalysisInputs::SetMCSF] => MCSF = 0.978683, MCSF_err = 0.0790547
[AnalysisInputs::SetMCSF] sample : ggZZto2mu2nu
[AnalysisInputs::SetMCSF] => MCSF = 0.978683, MCSF_err = 0.0790547
[AnalysisInputs::SetMCSF] sample : ggZZto2mu2tau
[AnalysisInputs::SetMCSF] => MCSF = 0.978683, MCSF_err = 0.0790547
[AnalysisInputs::SetMCSF] sample : ggZZto4e
[AnalysisInputs::SetMCSF] => MCSF = 0.978683, MCSF_err = 0.0790547
[AnalysisInputs::SetMCSF] sample : ggZZto4mu
[AnalysisInputs::SetMCSF] => MCSF = 0.978683, MCSF_err = 0.0790547
[AnalysisInputs::SetMCSF] sample : ggZZto4tau
[AnalysisInputs::SetMCSF] => MCSF = 0.978683, MCSF_err = 0.0790547
[AnalysisInputs::SetMCSF] sample : ggHtoZZ
[AnalysisInputs::SetMCSF] => MCSF = 0.978683, MCSF_err = 0.0790547
[AnalysisInputs::SetCalculatedSysts] Get Systematics from /data8/Users/jskim/HN_dilepton_plotter/data/v8-0-7.37/Syst.txt
[AnalysisInputs::SetCalculatedSysts] source : Luminosity
[AnalysisInputs::SetCalculatedSysts] => % sysematic = 0.025
[AnalysisInputs::SetCalculatedSysts] source : FakeLooseID
[AnalysisInputs::SetCalculatedSysts] => % sysematic = 0.3
[AnalysisInputs::SetCalculatedSysts] source : ChrageFlipSyst
[AnalysisInputs::SetCalculatedSysts] => % sysematic = 0.23
[CutRangeInfo::ReadCutCard] Get Cutcard from /data8/Users/jskim/HN_dilepton_plotter/data/v8-0-7.37/CutOpCard/RunDirectory/Cards_MuEl_Bin2/HNMuEl_1500.txt
Central	0.292396	0	0
_MuonEn_up	0.41535	0	0
_MuonEn_down	0.279696	0	0
_MuonIDSF_up	0.29731	0	0
_MuonIDSF_down	0.290429	0	0
_ElectronEn_up	0.289916	0	0
_ElectronEn_down	0.292396	0	0
_ElectronIDSF_up	0.298938	0	0
_ElectronIDSF_down	0.285855	0	0
_TriggerSF_up	0.255179	0	0
_TriggerSF_down	0.292396	0	0
_PU_up	0.294412	0	0
_PU_down	0.292346	0	0
_JetEn_up	0.286442	0	0
_JetEn_down	0.289546	0	0
_JetRes_up	0.286704	0	0
_JetRes_down	0.20115	0	0
_Unclustered_up	0.286442	0	0
_Unclustered_down	0.286442	0	0
_BTagSFEff_up	0.292396	0	0
_BTagSFEff_down	0.292396	0	0
_BTagSFMiss_up	0.292396	0	0
_BTagSFMiss_down	0.292396	0	0
_JetMass_up	0.292396	0	0
_JetMass_down	0.301657	0	0
_JetMassRes_up	0.292396	0	0
_JetMassRes_down	0.292396	0	0
_Tau21_up	0.316618	0	0
_Tau21_down	0.268174	0	0

################ Sources ################
Source	SystTotal	SystPrompt	SystFake	Signal
Stat 44.58 44.58  -nan  -nan  1.78
Lumi 2.50  2.50 -  -  2.50
PDF  -  -  -  -  2.36
MuonPt  29.89 29.89  -  -  1.54
MuonID  1.28 1.28  -  -  1.74
ElectronE  0.60 0.60  -  -  0.13
ElectronID  2.24 2.24  -  -  1.85
Trigger  9.00 9.00  -  -  0.31
PU  0.49 0.49  -  -  0.74
JES  1.60 1.60  -  -  0.31
JER  22.11 22.11  -  -  0.44
Uncl  2.04 2.04  -  -  0.12
BEff  0.00 0.00  -  -  0.59
BMiss  0.00 0.00  -  -  0.42
JMS  2.24 2.24  -  -  0.25
JMR  0.00 0.00  -  -  0.12
Tau21  8.28 8.28  -  -  8.39
MCNorm 25.57  25.57 -  -  -
Fake 0.00  -  -nan - -
CF 0.00  -  -  -nan -
Total Systematic 47.02 47.02  -nan  -nan  9.63

Total Background	0.292
- Prompt	0.292
- Fake	0.000
- CF	0.000

####### Result #######
Signal Eff	0.553329
0.292396 1.647955
0.024875 1.097881
