
Processing CyclesForMixingLimit_MuEl_Bin2/HNMuEl_500.C...
[AnalysisInputs::SetMCSF] Get MC SF from /data8/Users/jskim/HN_dilepton_plotter/data/v8-0-7.37/MCSF.txt
[AnalysisInputs::SetMCSF] sample : VVV
[AnalysisInputs::SetMCSF] => MCSF = 1, MCSF_err = 0.5
[AnalysisInputs::SetMCSF] sample : WWW
[AnalysisInputs::SetMCSF] => MCSF = 1, MCSF_err = 0.5
[AnalysisInputs::SetMCSF] sample : WWZ
[AnalysisInputs::SetMCSF] => MCSF = 1, MCSF_err = 0.5
[AnalysisInputs::SetMCSF] sample : WZZ
[AnalysisInputs::SetMCSF] => MCSF = 1, MCSF_err = 0.5
[AnalysisInputs::SetMCSF] sample : ZZZ
[AnalysisInputs::SetMCSF] => MCSF = 1, MCSF_err = 0.5
[AnalysisInputs::SetMCSF] sample : ttV
[AnalysisInputs::SetMCSF] => MCSF = 1, MCSF_err = 0.5
[AnalysisInputs::SetMCSF] sample : ttW
[AnalysisInputs::SetMCSF] => MCSF = 1, MCSF_err = 0.5
[AnalysisInputs::SetMCSF] sample : ttZ
[AnalysisInputs::SetMCSF] => MCSF = 1, MCSF_err = 0.5
[AnalysisInputs::SetMCSF] sample : ttH_nonbb
[AnalysisInputs::SetMCSF] => MCSF = 1, MCSF_err = 0.5
[AnalysisInputs::SetMCSF] sample : top
[AnalysisInputs::SetMCSF] => MCSF = 1, MCSF_err = 0.5
[AnalysisInputs::SetMCSF] sample : WWTo2L2Nu_DS
[AnalysisInputs::SetMCSF] => MCSF = 1, MCSF_err = 0.5
[AnalysisInputs::SetMCSF] sample : WpWpEWK
[AnalysisInputs::SetMCSF] => MCSF = 1, MCSF_err = 0.5
[AnalysisInputs::SetMCSF] sample : WpWpQCD
[AnalysisInputs::SetMCSF] => MCSF = 1, MCSF_err = 0.5
[AnalysisInputs::SetMCSF] sample : WZTo3LNu_mllmin01
[AnalysisInputs::SetMCSF] => MCSF = 0.65, MCSF_err = 0.06
[AnalysisInputs::SetMCSF] sample : WZTo3LNu_powheg
[AnalysisInputs::SetMCSF] => MCSF = 1.05246, MCSF_err = 0.0646733
[AnalysisInputs::SetMCSF] sample : ZGto2LG
[AnalysisInputs::SetMCSF] => MCSF = 1.09801, MCSF_err = 0.0750731
[AnalysisInputs::SetMCSF] sample : ZZTo4L_powheg
[AnalysisInputs::SetMCSF] => MCSF = 0.978683, MCSF_err = 0.0790547
[AnalysisInputs::SetMCSF] sample : ggZZto2e2mu
[AnalysisInputs::SetMCSF] => MCSF = 0.978683, MCSF_err = 0.0790547
[AnalysisInputs::SetMCSF] sample : ggZZto2e2nu
[AnalysisInputs::SetMCSF] => MCSF = 0.978683, MCSF_err = 0.0790547
[AnalysisInputs::SetMCSF] sample : ggZZto2e2tau
[AnalysisInputs::SetMCSF] => MCSF = 0.978683, MCSF_err = 0.0790547
[AnalysisInputs::SetMCSF] sample : ggZZto2mu2nu
[AnalysisInputs::SetMCSF] => MCSF = 0.978683, MCSF_err = 0.0790547
[AnalysisInputs::SetMCSF] sample : ggZZto2mu2tau
[AnalysisInputs::SetMCSF] => MCSF = 0.978683, MCSF_err = 0.0790547
[AnalysisInputs::SetMCSF] sample : ggZZto4e
[AnalysisInputs::SetMCSF] => MCSF = 0.978683, MCSF_err = 0.0790547
[AnalysisInputs::SetMCSF] sample : ggZZto4mu
[AnalysisInputs::SetMCSF] => MCSF = 0.978683, MCSF_err = 0.0790547
[AnalysisInputs::SetMCSF] sample : ggZZto4tau
[AnalysisInputs::SetMCSF] => MCSF = 0.978683, MCSF_err = 0.0790547
[AnalysisInputs::SetMCSF] sample : ggHtoZZ
[AnalysisInputs::SetMCSF] => MCSF = 0.978683, MCSF_err = 0.0790547
[AnalysisInputs::SetCalculatedSysts] Get Systematics from /data8/Users/jskim/HN_dilepton_plotter/data/v8-0-7.37/Syst.txt
[AnalysisInputs::SetCalculatedSysts] source : Luminosity
[AnalysisInputs::SetCalculatedSysts] => % sysematic = 0.025
[AnalysisInputs::SetCalculatedSysts] source : FakeLooseID
[AnalysisInputs::SetCalculatedSysts] => % sysematic = 0.3
[AnalysisInputs::SetCalculatedSysts] source : ChrageFlipSyst
[AnalysisInputs::SetCalculatedSysts] => % sysematic = 0.23
[CutRangeInfo::ReadCutCard] Get Cutcard from /data8/Users/jskim/HN_dilepton_plotter/data/v8-0-7.37/CutOpCard/RunDirectory/Cards_MuEl_Bin2/HNMuEl_500.txt
Central	0.748793	0	0
_MuonEn_up	0.934517	0	0
_MuonEn_down	0.691289	0	0
_MuonIDSF_up	0.756197	0	0
_MuonIDSF_down	0.738989	0	0
_ElectronEn_up	0.720683	0	0
_ElectronEn_down	0.728004	0	0
_ElectronIDSF_up	0.751763	0	0
_ElectronIDSF_down	0.740496	0	0
_TriggerSF_up	0.754655	0	0
_TriggerSF_down	0.758168	0	0
_PU_up	0.706083	0	0
_PU_down	0.801701	0	0
_JetEn_up	0.737134	0	0
_JetEn_down	0.734726	0	0
_JetRes_up	0.766543	0	0
_JetRes_down	0.737299	0	0
_Unclustered_up	0.741646	0	0
_Unclustered_down	0.754717	0	0
_BTagSFEff_up	0.746339	0	0
_BTagSFEff_down	0.766142	0	0
_BTagSFMiss_up	0.740381	0	0
_BTagSFMiss_down	0.750836	0	0
_JetMass_up	0.764812	0	0
_JetMass_down	0.758022	0	0
_JetMassRes_up	0.720592	0	0
_JetMassRes_down	0.746431	0	0
_Tau21_up	0.798598	0	0
_Tau21_down	0.702915	0	0

################ Sources ################
Source	SystTotal	SystPrompt	SystFake	Signal
Stat 22.35 22.35  -nan  -nan  0.83
Lumi 2.50  2.50 -  -  2.50
PDF  -  -  -  -  2.36
MuonPt  18.36 18.36  -  -  1.36
MuonID  1.16 1.16  -  -  1.85
ElectronE  3.30 3.30  -  -  0.31
ElectronID  0.83 0.83  -  -  1.98
Trigger  1.04 1.04  -  -  0.16
PU  6.42 6.42  -  -  1.12
JES  1.73 1.73  -  -  0.15
JER  2.00 2.00  -  -  0.48
Uncl  0.88 0.88  -  -  0.25
BEff  1.65 1.65  -  -  0.44
BMiss  0.82 0.82  -  -  0.54
JMS  1.75 1.75  -  -  0.04
JMR  2.67 2.67  -  -  0.06
Tau21  6.39 6.39  -  -  7.52
MCNorm 35.51  35.51 -  -  -
Fake 0.00  -  -nan - -
CF 0.00  -  -  -nan -
Total Systematic 41.50 41.50  -nan  -nan  8.93

Total Background	0.749
- Prompt	0.749
- Fake	0.000
- CF	0.000

####### Result #######
Signal Eff	0.178183
0.748793 1.471332
0.641847 1.089684
