
Processing CyclesForMixingLimit_MuEl_Bin2/HNMuEl_200.C...
[AnalysisInputs::SetMCSF] Get MC SF from /data8/Users/jskim/HN_dilepton_plotter/data/v8-0-7.37/MCSF.txt
[AnalysisInputs::SetMCSF] sample : VVV
[AnalysisInputs::SetMCSF] => MCSF = 1, MCSF_err = 0.5
[AnalysisInputs::SetMCSF] sample : WWW
[AnalysisInputs::SetMCSF] => MCSF = 1, MCSF_err = 0.5
[AnalysisInputs::SetMCSF] sample : WWZ
[AnalysisInputs::SetMCSF] => MCSF = 1, MCSF_err = 0.5
[AnalysisInputs::SetMCSF] sample : WZZ
[AnalysisInputs::SetMCSF] => MCSF = 1, MCSF_err = 0.5
[AnalysisInputs::SetMCSF] sample : ZZZ
[AnalysisInputs::SetMCSF] => MCSF = 1, MCSF_err = 0.5
[AnalysisInputs::SetMCSF] sample : ttV
[AnalysisInputs::SetMCSF] => MCSF = 1, MCSF_err = 0.5
[AnalysisInputs::SetMCSF] sample : ttW
[AnalysisInputs::SetMCSF] => MCSF = 1, MCSF_err = 0.5
[AnalysisInputs::SetMCSF] sample : ttZ
[AnalysisInputs::SetMCSF] => MCSF = 1, MCSF_err = 0.5
[AnalysisInputs::SetMCSF] sample : ttH_nonbb
[AnalysisInputs::SetMCSF] => MCSF = 1, MCSF_err = 0.5
[AnalysisInputs::SetMCSF] sample : top
[AnalysisInputs::SetMCSF] => MCSF = 1, MCSF_err = 0.5
[AnalysisInputs::SetMCSF] sample : WWTo2L2Nu_DS
[AnalysisInputs::SetMCSF] => MCSF = 1, MCSF_err = 0.5
[AnalysisInputs::SetMCSF] sample : WpWpEWK
[AnalysisInputs::SetMCSF] => MCSF = 1, MCSF_err = 0.5
[AnalysisInputs::SetMCSF] sample : WpWpQCD
[AnalysisInputs::SetMCSF] => MCSF = 1, MCSF_err = 0.5
[AnalysisInputs::SetMCSF] sample : WZTo3LNu_mllmin01
[AnalysisInputs::SetMCSF] => MCSF = 0.65, MCSF_err = 0.06
[AnalysisInputs::SetMCSF] sample : WZTo3LNu_powheg
[AnalysisInputs::SetMCSF] => MCSF = 1.05246, MCSF_err = 0.0646733
[AnalysisInputs::SetMCSF] sample : ZGto2LG
[AnalysisInputs::SetMCSF] => MCSF = 1.09801, MCSF_err = 0.0750731
[AnalysisInputs::SetMCSF] sample : ZZTo4L_powheg
[AnalysisInputs::SetMCSF] => MCSF = 0.978683, MCSF_err = 0.0790547
[AnalysisInputs::SetMCSF] sample : ggZZto2e2mu
[AnalysisInputs::SetMCSF] => MCSF = 0.978683, MCSF_err = 0.0790547
[AnalysisInputs::SetMCSF] sample : ggZZto2e2nu
[AnalysisInputs::SetMCSF] => MCSF = 0.978683, MCSF_err = 0.0790547
[AnalysisInputs::SetMCSF] sample : ggZZto2e2tau
[AnalysisInputs::SetMCSF] => MCSF = 0.978683, MCSF_err = 0.0790547
[AnalysisInputs::SetMCSF] sample : ggZZto2mu2nu
[AnalysisInputs::SetMCSF] => MCSF = 0.978683, MCSF_err = 0.0790547
[AnalysisInputs::SetMCSF] sample : ggZZto2mu2tau
[AnalysisInputs::SetMCSF] => MCSF = 0.978683, MCSF_err = 0.0790547
[AnalysisInputs::SetMCSF] sample : ggZZto4e
[AnalysisInputs::SetMCSF] => MCSF = 0.978683, MCSF_err = 0.0790547
[AnalysisInputs::SetMCSF] sample : ggZZto4mu
[AnalysisInputs::SetMCSF] => MCSF = 0.978683, MCSF_err = 0.0790547
[AnalysisInputs::SetMCSF] sample : ggZZto4tau
[AnalysisInputs::SetMCSF] => MCSF = 0.978683, MCSF_err = 0.0790547
[AnalysisInputs::SetMCSF] sample : ggHtoZZ
[AnalysisInputs::SetMCSF] => MCSF = 0.978683, MCSF_err = 0.0790547
[AnalysisInputs::SetCalculatedSysts] Get Systematics from /data8/Users/jskim/HN_dilepton_plotter/data/v8-0-7.37/Syst.txt
[AnalysisInputs::SetCalculatedSysts] source : Luminosity
[AnalysisInputs::SetCalculatedSysts] => % sysematic = 0.025
[AnalysisInputs::SetCalculatedSysts] source : FakeLooseID
[AnalysisInputs::SetCalculatedSysts] => % sysematic = 0.3
[AnalysisInputs::SetCalculatedSysts] source : ChrageFlipSyst
[AnalysisInputs::SetCalculatedSysts] => % sysematic = 0.23
[CutRangeInfo::ReadCutCard] Get Cutcard from /data8/Users/jskim/HN_dilepton_plotter/data/v8-0-7.37/CutOpCard/RunDirectory/Cards_MuEl_Bin2/HNMuEl_200.txt
Central	1.55684	0.111951	0
_MuonEn_up	1.44554	0.111951	0
_MuonEn_down	1.49584	0.111951	0
_MuonIDSF_up	1.54326	0.111951	0
_MuonIDSF_down	1.51048	0.111951	0
_ElectronEn_up	1.52719	0.111951	0
_ElectronEn_down	1.50333	0.111951	0
_ElectronIDSF_up	1.45893	0.111951	0
_ElectronIDSF_down	1.50166	0.111951	0
_TriggerSF_up	1.53589	0.111951	0
_TriggerSF_down	1.51095	0.111951	0
_PU_up	1.48531	0.111951	0
_PU_down	1.58043	0.111951	0
_JetEn_up	1.32585	0.111951	0
_JetEn_down	1.64036	0.111951	0
_JetRes_up	1.41907	0.111951	0
_JetRes_down	1.37002	0.111951	0
_Unclustered_up	1.46782	0.111951	0
_Unclustered_down	1.52294	0.111951	0
_BTagSFEff_up	1.4944	0.111951	0
_BTagSFEff_down	1.5424	0.111951	0
_BTagSFMiss_up	1.51609	0.111951	0
_BTagSFMiss_down	1.51777	0.111951	0
_JetMass_up	1.52812	0.111951	0
_JetMass_down	1.50929	0.111951	0
_JetMassRes_up	1.51449	0.111951	0
_JetMassRes_down	1.53201	0.111951	0
_Tau21_up	1.71067	0.111951	0
_Tau21_down	1.42442	0.111951	0

################ Sources ################
Source	SystTotal	SystPrompt	SystFake	Signal
Stat 18.91 18.59  112.42  -nan  3.15
Lumi 2.33  2.50 -  -  2.50
PDF  -  -  -  -  2.36
MuonPt  5.38 5.76  -  -  0.57
MuonID  2.05 2.19  -  -  1.81
ElectronE  2.59 2.78  -  -  0.58
ElectronID  4.76 5.10  -  -  1.70
Trigger  2.14 2.29  -  -  0.20
PU  3.19 3.42  -  -  1.67
JES  10.41 11.16  -  -  1.46
JER  9.84 10.54  -  -  0.89
Uncl  4.04 4.33  -  -  0.38
BEff  2.72 2.91  -  -  0.60
BMiss  2.39 2.56  -  -  0.48
JMS  2.35 2.52  -  -  0.46
JMR  2.08 2.23  -  -  0.16
Tau21  8.60 9.22  -  -  7.16
MCNorm 22.72  24.35 -  -  -
Fake 2.01  -  30.00 - -
CF 0.00  -  -  -nan -
Total Systematic 30.35 32.46  30.00  -nan  8.76

Total Background	1.669
- Prompt	1.557
- Fake	0.112
- CF	0.000

####### Result #######
Signal Eff	0.009723
1.668788 1.357621
1.241121 1.093061
