
Processing CyclesForMixingLimit_MuEl_Bin2/HNMuEl_100.C...
[AnalysisInputs::SetMCSF] Get MC SF from /data8/Users/jskim/HN_dilepton_plotter/data/v8-0-7.37/MCSF.txt
[AnalysisInputs::SetMCSF] sample : VVV
[AnalysisInputs::SetMCSF] => MCSF = 1, MCSF_err = 0.5
[AnalysisInputs::SetMCSF] sample : WWW
[AnalysisInputs::SetMCSF] => MCSF = 1, MCSF_err = 0.5
[AnalysisInputs::SetMCSF] sample : WWZ
[AnalysisInputs::SetMCSF] => MCSF = 1, MCSF_err = 0.5
[AnalysisInputs::SetMCSF] sample : WZZ
[AnalysisInputs::SetMCSF] => MCSF = 1, MCSF_err = 0.5
[AnalysisInputs::SetMCSF] sample : ZZZ
[AnalysisInputs::SetMCSF] => MCSF = 1, MCSF_err = 0.5
[AnalysisInputs::SetMCSF] sample : ttV
[AnalysisInputs::SetMCSF] => MCSF = 1, MCSF_err = 0.5
[AnalysisInputs::SetMCSF] sample : ttW
[AnalysisInputs::SetMCSF] => MCSF = 1, MCSF_err = 0.5
[AnalysisInputs::SetMCSF] sample : ttZ
[AnalysisInputs::SetMCSF] => MCSF = 1, MCSF_err = 0.5
[AnalysisInputs::SetMCSF] sample : ttH_nonbb
[AnalysisInputs::SetMCSF] => MCSF = 1, MCSF_err = 0.5
[AnalysisInputs::SetMCSF] sample : top
[AnalysisInputs::SetMCSF] => MCSF = 1, MCSF_err = 0.5
[AnalysisInputs::SetMCSF] sample : WWTo2L2Nu_DS
[AnalysisInputs::SetMCSF] => MCSF = 1, MCSF_err = 0.5
[AnalysisInputs::SetMCSF] sample : WpWpEWK
[AnalysisInputs::SetMCSF] => MCSF = 1, MCSF_err = 0.5
[AnalysisInputs::SetMCSF] sample : WpWpQCD
[AnalysisInputs::SetMCSF] => MCSF = 1, MCSF_err = 0.5
[AnalysisInputs::SetMCSF] sample : WZTo3LNu_mllmin01
[AnalysisInputs::SetMCSF] => MCSF = 0.65, MCSF_err = 0.06
[AnalysisInputs::SetMCSF] sample : WZTo3LNu_powheg
[AnalysisInputs::SetMCSF] => MCSF = 1.05246, MCSF_err = 0.0646733
[AnalysisInputs::SetMCSF] sample : ZGto2LG
[AnalysisInputs::SetMCSF] => MCSF = 1.09801, MCSF_err = 0.0750731
[AnalysisInputs::SetMCSF] sample : ZZTo4L_powheg
[AnalysisInputs::SetMCSF] => MCSF = 0.978683, MCSF_err = 0.0790547
[AnalysisInputs::SetMCSF] sample : ggZZto2e2mu
[AnalysisInputs::SetMCSF] => MCSF = 0.978683, MCSF_err = 0.0790547
[AnalysisInputs::SetMCSF] sample : ggZZto2e2nu
[AnalysisInputs::SetMCSF] => MCSF = 0.978683, MCSF_err = 0.0790547
[AnalysisInputs::SetMCSF] sample : ggZZto2e2tau
[AnalysisInputs::SetMCSF] => MCSF = 0.978683, MCSF_err = 0.0790547
[AnalysisInputs::SetMCSF] sample : ggZZto2mu2nu
[AnalysisInputs::SetMCSF] => MCSF = 0.978683, MCSF_err = 0.0790547
[AnalysisInputs::SetMCSF] sample : ggZZto2mu2tau
[AnalysisInputs::SetMCSF] => MCSF = 0.978683, MCSF_err = 0.0790547
[AnalysisInputs::SetMCSF] sample : ggZZto4e
[AnalysisInputs::SetMCSF] => MCSF = 0.978683, MCSF_err = 0.0790547
[AnalysisInputs::SetMCSF] sample : ggZZto4mu
[AnalysisInputs::SetMCSF] => MCSF = 0.978683, MCSF_err = 0.0790547
[AnalysisInputs::SetMCSF] sample : ggZZto4tau
[AnalysisInputs::SetMCSF] => MCSF = 0.978683, MCSF_err = 0.0790547
[AnalysisInputs::SetMCSF] sample : ggHtoZZ
[AnalysisInputs::SetMCSF] => MCSF = 0.978683, MCSF_err = 0.0790547
[AnalysisInputs::SetCalculatedSysts] Get Systematics from /data8/Users/jskim/HN_dilepton_plotter/data/v8-0-7.37/Syst.txt
[AnalysisInputs::SetCalculatedSysts] source : Luminosity
[AnalysisInputs::SetCalculatedSysts] => % sysematic = 0.025
[AnalysisInputs::SetCalculatedSysts] source : FakeLooseID
[AnalysisInputs::SetCalculatedSysts] => % sysematic = 0.3
[AnalysisInputs::SetCalculatedSysts] source : ChrageFlipSyst
[AnalysisInputs::SetCalculatedSysts] => % sysematic = 0.23
[CutRangeInfo::ReadCutCard] Get Cutcard from /data8/Users/jskim/HN_dilepton_plotter/data/v8-0-7.37/CutOpCard/RunDirectory/Cards_MuEl_Bin2/HNMuEl_100.txt
Central	0.49264	0.393122	0
_MuonEn_up	0.4869	0.393122	0
_MuonEn_down	0.491735	0.393122	0
_MuonIDSF_up	0.496999	0.393122	0
_MuonIDSF_down	0.482227	0.393122	0
_ElectronEn_up	0.495995	0.393122	0
_ElectronEn_down	0.490186	0.393122	0
_ElectronIDSF_up	0.498341	0.393122	0
_ElectronIDSF_down	0.477745	0.393122	0
_TriggerSF_up	0.533298	0.393122	0
_TriggerSF_down	0.536139	0.393122	0
_PU_up	0.455491	0.393122	0
_PU_down	0.526183	0.393122	0
_JetEn_up	0.480456	0.393122	0
_JetEn_down	0.497455	0.393122	0
_JetRes_up	0.486445	0.393122	0
_JetRes_down	0.523348	0.393122	0
_Unclustered_up	0.491829	0.393122	0
_Unclustered_down	0.498216	0.393122	0
_BTagSFEff_up	0.4869	0.393122	0
_BTagSFEff_down	0.498769	0.393122	0
_BTagSFMiss_up	0.494747	0.393122	0
_BTagSFMiss_down	0.492441	0.393122	0
_JetMass_up	0.505674	0.393122	0
_JetMass_down	0.488028	0.393122	0
_JetMassRes_up	0.531036	0.393122	0
_JetMassRes_down	0.402484	0.393122	0
_Tau21_up	0.57544	0.393122	0
_Tau21_down	0.453559	0.393122	0

################ Sources ################
Source	SystTotal	SystPrompt	SystFake	Signal
Stat 28.26 36.00  44.94  -nan  57.88
Lumi 1.39  2.50 -  -  2.50
PDF  -  -  -  -  2.36
MuonPt  0.46 0.83  -  -  0.00
MuonID  0.90 1.62  -  -  2.17
ElectronE  0.33 0.60  -  -  0.00
ElectronID  1.27 2.29  -  -  4.91
Trigger  4.75 8.55  -  -  1.28
PU  4.00 7.18  -  -  16.53
JES  1.05 1.88  -  -  0.00
JER  2.50 4.50  -  -  0.00
Uncl  0.45 0.81  -  -  0.00
BEff  0.67 1.21  -  -  0.00
BMiss  0.17 0.30  -  -  0.00
JMS  1.10 1.98  -  -  0.00
JMR  7.82 14.07  -  -  0.00
Tau21  7.31 13.14  -  -  7.23
MCNorm 8.12  14.60 -  -  -
Fake 13.31  -  30.00 - -
CF 0.00  -  -  -nan -
Total Systematic 20.26 27.45  30.00  -nan  19.17

Total Background	0.886
- Prompt	0.493
- Fake	0.393
- CF	0.000

####### Result #######
Signal Eff	0.000023
0.885762 1.347727
0.058714 1.609698
