
Processing CyclesForMixingLimit_MuEl_Bin2/HNMuEl_125.C...
[AnalysisInputs::SetMCSF] Get MC SF from /data8/Users/jskim/HN_dilepton_plotter/data/v8-0-7.37/MCSF.txt
[AnalysisInputs::SetMCSF] sample : VVV
[AnalysisInputs::SetMCSF] => MCSF = 1, MCSF_err = 0.5
[AnalysisInputs::SetMCSF] sample : WWW
[AnalysisInputs::SetMCSF] => MCSF = 1, MCSF_err = 0.5
[AnalysisInputs::SetMCSF] sample : WWZ
[AnalysisInputs::SetMCSF] => MCSF = 1, MCSF_err = 0.5
[AnalysisInputs::SetMCSF] sample : WZZ
[AnalysisInputs::SetMCSF] => MCSF = 1, MCSF_err = 0.5
[AnalysisInputs::SetMCSF] sample : ZZZ
[AnalysisInputs::SetMCSF] => MCSF = 1, MCSF_err = 0.5
[AnalysisInputs::SetMCSF] sample : ttV
[AnalysisInputs::SetMCSF] => MCSF = 1, MCSF_err = 0.5
[AnalysisInputs::SetMCSF] sample : ttW
[AnalysisInputs::SetMCSF] => MCSF = 1, MCSF_err = 0.5
[AnalysisInputs::SetMCSF] sample : ttZ
[AnalysisInputs::SetMCSF] => MCSF = 1, MCSF_err = 0.5
[AnalysisInputs::SetMCSF] sample : ttH_nonbb
[AnalysisInputs::SetMCSF] => MCSF = 1, MCSF_err = 0.5
[AnalysisInputs::SetMCSF] sample : top
[AnalysisInputs::SetMCSF] => MCSF = 1, MCSF_err = 0.5
[AnalysisInputs::SetMCSF] sample : WWTo2L2Nu_DS
[AnalysisInputs::SetMCSF] => MCSF = 1, MCSF_err = 0.5
[AnalysisInputs::SetMCSF] sample : WpWpEWK
[AnalysisInputs::SetMCSF] => MCSF = 1, MCSF_err = 0.5
[AnalysisInputs::SetMCSF] sample : WpWpQCD
[AnalysisInputs::SetMCSF] => MCSF = 1, MCSF_err = 0.5
[AnalysisInputs::SetMCSF] sample : WZTo3LNu_mllmin01
[AnalysisInputs::SetMCSF] => MCSF = 0.65, MCSF_err = 0.06
[AnalysisInputs::SetMCSF] sample : WZTo3LNu_powheg
[AnalysisInputs::SetMCSF] => MCSF = 1.05246, MCSF_err = 0.0646733
[AnalysisInputs::SetMCSF] sample : ZGto2LG
[AnalysisInputs::SetMCSF] => MCSF = 1.09801, MCSF_err = 0.0750731
[AnalysisInputs::SetMCSF] sample : ZZTo4L_powheg
[AnalysisInputs::SetMCSF] => MCSF = 0.978683, MCSF_err = 0.0790547
[AnalysisInputs::SetMCSF] sample : ggZZto2e2mu
[AnalysisInputs::SetMCSF] => MCSF = 0.978683, MCSF_err = 0.0790547
[AnalysisInputs::SetMCSF] sample : ggZZto2e2nu
[AnalysisInputs::SetMCSF] => MCSF = 0.978683, MCSF_err = 0.0790547
[AnalysisInputs::SetMCSF] sample : ggZZto2e2tau
[AnalysisInputs::SetMCSF] => MCSF = 0.978683, MCSF_err = 0.0790547
[AnalysisInputs::SetMCSF] sample : ggZZto2mu2nu
[AnalysisInputs::SetMCSF] => MCSF = 0.978683, MCSF_err = 0.0790547
[AnalysisInputs::SetMCSF] sample : ggZZto2mu2tau
[AnalysisInputs::SetMCSF] => MCSF = 0.978683, MCSF_err = 0.0790547
[AnalysisInputs::SetMCSF] sample : ggZZto4e
[AnalysisInputs::SetMCSF] => MCSF = 0.978683, MCSF_err = 0.0790547
[AnalysisInputs::SetMCSF] sample : ggZZto4mu
[AnalysisInputs::SetMCSF] => MCSF = 0.978683, MCSF_err = 0.0790547
[AnalysisInputs::SetMCSF] sample : ggZZto4tau
[AnalysisInputs::SetMCSF] => MCSF = 0.978683, MCSF_err = 0.0790547
[AnalysisInputs::SetMCSF] sample : ggHtoZZ
[AnalysisInputs::SetMCSF] => MCSF = 0.978683, MCSF_err = 0.0790547
[AnalysisInputs::SetCalculatedSysts] Get Systematics from /data8/Users/jskim/HN_dilepton_plotter/data/v8-0-7.37/Syst.txt
[AnalysisInputs::SetCalculatedSysts] source : Luminosity
[AnalysisInputs::SetCalculatedSysts] => % sysematic = 0.025
[AnalysisInputs::SetCalculatedSysts] source : FakeLooseID
[AnalysisInputs::SetCalculatedSysts] => % sysematic = 0.3
[AnalysisInputs::SetCalculatedSysts] source : ChrageFlipSyst
[AnalysisInputs::SetCalculatedSysts] => % sysematic = 0.23
[CutRangeInfo::ReadCutCard] Get Cutcard from /data8/Users/jskim/HN_dilepton_plotter/data/v8-0-7.37/CutOpCard/RunDirectory/Cards_MuEl_Bin2/HNMuEl_125.txt
Central	0.331764	0.226751	0
_MuonEn_up	0.334668	0.226751	0
_MuonEn_down	0.317934	0.226751	0
_MuonIDSF_up	0.328503	0.226751	0
_MuonIDSF_down	0.333839	0.226751	0
_ElectronEn_up	0.325049	0.226751	0
_ElectronEn_down	0.329128	0.226751	0
_ElectronIDSF_up	0.333068	0.226751	0
_ElectronIDSF_down	0.324193	0.226751	0
_TriggerSF_up	0.332491	0.226751	0
_TriggerSF_down	0.417955	0.226751	0
_PU_up	0.320839	0.226751	0
_PU_down	0.333476	0.226751	0
_JetEn_up	0.344044	0.226751	0
_JetEn_down	0.34531	0.226751	0
_JetRes_up	0.328051	0.226751	0
_JetRes_down	0.334013	0.226751	0
_Unclustered_up	0.333802	0.226751	0
_Unclustered_down	0.329678	0.226751	0
_BTagSFEff_up	0.326641	0.226751	0
_BTagSFEff_down	0.330448	0.226751	0
_BTagSFMiss_up	0.324853	0.226751	0
_BTagSFMiss_down	0.331678	0.226751	0
_JetMass_up	0.333002	0.226751	0
_JetMass_down	0.333734	0.226751	0
_JetMassRes_up	0.333849	0.226751	0
_JetMassRes_down	0.246945	0.226751	0
_Tau21_up	0.355517	0.226751	0
_Tau21_down	0.307343	0.226751	0

################ Sources ################
Source	SystTotal	SystPrompt	SystFake	Signal
Stat 35.34 36.84  68.36  -nan  16.75
Lumi 1.49  2.50 -  -  2.50
PDF  -  -  -  -  2.36
MuonPt  1.79 3.01  -  -  1.47
MuonID  0.49 0.82  -  -  1.67
ElectronE  0.91 1.54  -  -  0.01
ElectronID  0.97 1.64  -  -  0.91
Trigger  10.91 18.37  -  -  0.01
PU  1.40 2.36  -  -  1.58
JES  2.31 3.90  -  -  3.84
JER  0.55 0.93  -  -  2.77
Uncl  0.37 0.62  -  -  0.00
BEff  0.67 1.13  -  -  4.56
BMiss  0.88 1.47  -  -  2.25
JMS  0.29 0.50  -  -  0.00
JMR  10.74 18.08  -  -  0.00
Tau21  4.31 7.26  -  -  7.26
MCNorm 16.67  28.06 -  -  -
Fake 12.18  -  30.00 - -
CF 0.00  -  -  -nan -
Total Systematic 26.38 39.39  30.00  -nan  11.00

Total Background	0.559
- Prompt	0.332
- Fake	0.227
- CF	0.000

####### Result #######
Signal Eff	0.000331
0.558515 1.441007
0.335851 1.200402
