
Processing CyclesForMixingLimit_MuEl_Bin2/HNMuEl_80.C...
[AnalysisInputs::SetMCSF] Get MC SF from /data8/Users/jskim/HN_dilepton_plotter/data/v8-0-7.37/MCSF.txt
[AnalysisInputs::SetMCSF] sample : VVV
[AnalysisInputs::SetMCSF] => MCSF = 1, MCSF_err = 0.5
[AnalysisInputs::SetMCSF] sample : WWW
[AnalysisInputs::SetMCSF] => MCSF = 1, MCSF_err = 0.5
[AnalysisInputs::SetMCSF] sample : WWZ
[AnalysisInputs::SetMCSF] => MCSF = 1, MCSF_err = 0.5
[AnalysisInputs::SetMCSF] sample : WZZ
[AnalysisInputs::SetMCSF] => MCSF = 1, MCSF_err = 0.5
[AnalysisInputs::SetMCSF] sample : ZZZ
[AnalysisInputs::SetMCSF] => MCSF = 1, MCSF_err = 0.5
[AnalysisInputs::SetMCSF] sample : ttV
[AnalysisInputs::SetMCSF] => MCSF = 1, MCSF_err = 0.5
[AnalysisInputs::SetMCSF] sample : ttW
[AnalysisInputs::SetMCSF] => MCSF = 1, MCSF_err = 0.5
[AnalysisInputs::SetMCSF] sample : ttZ
[AnalysisInputs::SetMCSF] => MCSF = 1, MCSF_err = 0.5
[AnalysisInputs::SetMCSF] sample : ttH_nonbb
[AnalysisInputs::SetMCSF] => MCSF = 1, MCSF_err = 0.5
[AnalysisInputs::SetMCSF] sample : top
[AnalysisInputs::SetMCSF] => MCSF = 1, MCSF_err = 0.5
[AnalysisInputs::SetMCSF] sample : WWTo2L2Nu_DS
[AnalysisInputs::SetMCSF] => MCSF = 1, MCSF_err = 0.5
[AnalysisInputs::SetMCSF] sample : WpWpEWK
[AnalysisInputs::SetMCSF] => MCSF = 1, MCSF_err = 0.5
[AnalysisInputs::SetMCSF] sample : WpWpQCD
[AnalysisInputs::SetMCSF] => MCSF = 1, MCSF_err = 0.5
[AnalysisInputs::SetMCSF] sample : WZTo3LNu_mllmin01
[AnalysisInputs::SetMCSF] => MCSF = 0.65, MCSF_err = 0.06
[AnalysisInputs::SetMCSF] sample : WZTo3LNu_powheg
[AnalysisInputs::SetMCSF] => MCSF = 1.05246, MCSF_err = 0.0646733
[AnalysisInputs::SetMCSF] sample : ZGto2LG
[AnalysisInputs::SetMCSF] => MCSF = 1.09801, MCSF_err = 0.0750731
[AnalysisInputs::SetMCSF] sample : ZZTo4L_powheg
[AnalysisInputs::SetMCSF] => MCSF = 0.978683, MCSF_err = 0.0790547
[AnalysisInputs::SetMCSF] sample : ggZZto2e2mu
[AnalysisInputs::SetMCSF] => MCSF = 0.978683, MCSF_err = 0.0790547
[AnalysisInputs::SetMCSF] sample : ggZZto2e2nu
[AnalysisInputs::SetMCSF] => MCSF = 0.978683, MCSF_err = 0.0790547
[AnalysisInputs::SetMCSF] sample : ggZZto2e2tau
[AnalysisInputs::SetMCSF] => MCSF = 0.978683, MCSF_err = 0.0790547
[AnalysisInputs::SetMCSF] sample : ggZZto2mu2nu
[AnalysisInputs::SetMCSF] => MCSF = 0.978683, MCSF_err = 0.0790547
[AnalysisInputs::SetMCSF] sample : ggZZto2mu2tau
[AnalysisInputs::SetMCSF] => MCSF = 0.978683, MCSF_err = 0.0790547
[AnalysisInputs::SetMCSF] sample : ggZZto4e
[AnalysisInputs::SetMCSF] => MCSF = 0.978683, MCSF_err = 0.0790547
[AnalysisInputs::SetMCSF] sample : ggZZto4mu
[AnalysisInputs::SetMCSF] => MCSF = 0.978683, MCSF_err = 0.0790547
[AnalysisInputs::SetMCSF] sample : ggZZto4tau
[AnalysisInputs::SetMCSF] => MCSF = 0.978683, MCSF_err = 0.0790547
[AnalysisInputs::SetMCSF] sample : ggHtoZZ
[AnalysisInputs::SetMCSF] => MCSF = 0.978683, MCSF_err = 0.0790547
[AnalysisInputs::SetCalculatedSysts] Get Systematics from /data8/Users/jskim/HN_dilepton_plotter/data/v8-0-7.37/Syst.txt
[AnalysisInputs::SetCalculatedSysts] source : Luminosity
[AnalysisInputs::SetCalculatedSysts] => % sysematic = 0.025
[AnalysisInputs::SetCalculatedSysts] source : FakeLooseID
[AnalysisInputs::SetCalculatedSysts] => % sysematic = 0.3
[AnalysisInputs::SetCalculatedSysts] source : ChrageFlipSyst
[AnalysisInputs::SetCalculatedSysts] => % sysematic = 0.23
[CutRangeInfo::ReadCutCard] Get Cutcard from /data8/Users/jskim/HN_dilepton_plotter/data/v8-0-7.37/CutOpCard/RunDirectory/Cards_MuEl_Bin2/HNMuEl_80.txt
Central	35.8473	27.0277	0
_MuonEn_up	35.7699	27.0277	0
_MuonEn_down	35.7794	27.0277	0
_MuonIDSF_up	36.3997	27.0277	0
_MuonIDSF_down	35.1905	27.0277	0
_ElectronEn_up	36.6939	27.0277	0
_ElectronEn_down	36.0344	27.0277	0
_ElectronIDSF_up	36.0686	27.0277	0
_ElectronIDSF_down	35.5376	27.0277	0
_TriggerSF_up	36.6906	27.0277	0
_TriggerSF_down	35.8383	27.0277	0
_PU_up	34.8751	27.0277	0
_PU_down	36.64	27.0277	0
_JetEn_up	33.3276	27.0277	0
_JetEn_down	33.6925	27.0277	0
_JetRes_up	33.5791	27.0277	0
_JetRes_down	37.482	27.0277	0
_Unclustered_up	35.2535	27.0277	0
_Unclustered_down	35.8051	27.0277	0
_BTagSFEff_up	35.8314	27.0277	0
_BTagSFEff_down	35.9259	27.0277	0
_BTagSFMiss_up	36.2148	27.0277	0
_BTagSFMiss_down	35.8513	27.0277	0
_JetMass_up	35.8467	27.0277	0
_JetMass_down	35.835	27.0277	0
_JetMassRes_up	35.7714	27.0277	0
_JetMassRes_down	35.7574	27.0277	0
_Tau21_up	35.8452	27.0277	0
_Tau21_down	35.8452	27.0277	0

################ Sources ################
Source	SystTotal	SystPrompt	SystFake	Signal
Stat 7.38 11.31  8.33  -nan  5.32
Lumi 1.43  2.50 -  -  2.50
PDF  -  -  -  -  6.96
MuonPt  0.12 0.20  -  -  0.61
MuonID  0.97 1.69  -  -  1.75
ElectronE  0.98 1.71  -  -  0.23
ElectronID  0.43 0.75  -  -  0.67
Trigger  0.95 1.66  -  -  3.14
PU  1.41 2.47  -  -  2.91
JES  3.73 6.54  -  -  8.87
JER  3.14 5.51  -  -  2.75
Uncl  0.67 1.17  -  -  3.08
BEff  0.09 0.16  -  -  0.73
BMiss  0.41 0.72  -  -  0.37
JMS  0.01 0.02  -  -  0.94
JMR  0.13 0.23  -  -  0.78
Tau21  0.00 0.01  -  -  0.53
MCNorm 4.28  7.50 -  -  -
Fake 12.90  -  30.00 - -
CF 0.00  -  -  -nan -
Total Systematic 14.70 12.37  30.00  -nan  13.23

Total Background	62.875
- Prompt	35.847
- Fake	27.028
- CF	0.000

####### Result #######
Signal Eff	0.001916
62.875005 1.164442
124.607663 1.142622
