
Processing CyclesForMixingLimit_MuEl_Bin2/HNMuEl_90.C...
[AnalysisInputs::SetMCSF] Get MC SF from /data8/Users/jskim/HN_dilepton_plotter/data/v8-0-7.37/MCSF.txt
[AnalysisInputs::SetMCSF] sample : VVV
[AnalysisInputs::SetMCSF] => MCSF = 1, MCSF_err = 0.5
[AnalysisInputs::SetMCSF] sample : WWW
[AnalysisInputs::SetMCSF] => MCSF = 1, MCSF_err = 0.5
[AnalysisInputs::SetMCSF] sample : WWZ
[AnalysisInputs::SetMCSF] => MCSF = 1, MCSF_err = 0.5
[AnalysisInputs::SetMCSF] sample : WZZ
[AnalysisInputs::SetMCSF] => MCSF = 1, MCSF_err = 0.5
[AnalysisInputs::SetMCSF] sample : ZZZ
[AnalysisInputs::SetMCSF] => MCSF = 1, MCSF_err = 0.5
[AnalysisInputs::SetMCSF] sample : ttV
[AnalysisInputs::SetMCSF] => MCSF = 1, MCSF_err = 0.5
[AnalysisInputs::SetMCSF] sample : ttW
[AnalysisInputs::SetMCSF] => MCSF = 1, MCSF_err = 0.5
[AnalysisInputs::SetMCSF] sample : ttZ
[AnalysisInputs::SetMCSF] => MCSF = 1, MCSF_err = 0.5
[AnalysisInputs::SetMCSF] sample : ttH_nonbb
[AnalysisInputs::SetMCSF] => MCSF = 1, MCSF_err = 0.5
[AnalysisInputs::SetMCSF] sample : top
[AnalysisInputs::SetMCSF] => MCSF = 1, MCSF_err = 0.5
[AnalysisInputs::SetMCSF] sample : WWTo2L2Nu_DS
[AnalysisInputs::SetMCSF] => MCSF = 1, MCSF_err = 0.5
[AnalysisInputs::SetMCSF] sample : WpWpEWK
[AnalysisInputs::SetMCSF] => MCSF = 1, MCSF_err = 0.5
[AnalysisInputs::SetMCSF] sample : WpWpQCD
[AnalysisInputs::SetMCSF] => MCSF = 1, MCSF_err = 0.5
[AnalysisInputs::SetMCSF] sample : WZTo3LNu_mllmin01
[AnalysisInputs::SetMCSF] => MCSF = 0.65, MCSF_err = 0.06
[AnalysisInputs::SetMCSF] sample : WZTo3LNu_powheg
[AnalysisInputs::SetMCSF] => MCSF = 1.05246, MCSF_err = 0.0646733
[AnalysisInputs::SetMCSF] sample : ZGto2LG
[AnalysisInputs::SetMCSF] => MCSF = 1.09801, MCSF_err = 0.0750731
[AnalysisInputs::SetMCSF] sample : ZZTo4L_powheg
[AnalysisInputs::SetMCSF] => MCSF = 0.978683, MCSF_err = 0.0790547
[AnalysisInputs::SetMCSF] sample : ggZZto2e2mu
[AnalysisInputs::SetMCSF] => MCSF = 0.978683, MCSF_err = 0.0790547
[AnalysisInputs::SetMCSF] sample : ggZZto2e2nu
[AnalysisInputs::SetMCSF] => MCSF = 0.978683, MCSF_err = 0.0790547
[AnalysisInputs::SetMCSF] sample : ggZZto2e2tau
[AnalysisInputs::SetMCSF] => MCSF = 0.978683, MCSF_err = 0.0790547
[AnalysisInputs::SetMCSF] sample : ggZZto2mu2nu
[AnalysisInputs::SetMCSF] => MCSF = 0.978683, MCSF_err = 0.0790547
[AnalysisInputs::SetMCSF] sample : ggZZto2mu2tau
[AnalysisInputs::SetMCSF] => MCSF = 0.978683, MCSF_err = 0.0790547
[AnalysisInputs::SetMCSF] sample : ggZZto4e
[AnalysisInputs::SetMCSF] => MCSF = 0.978683, MCSF_err = 0.0790547
[AnalysisInputs::SetMCSF] sample : ggZZto4mu
[AnalysisInputs::SetMCSF] => MCSF = 0.978683, MCSF_err = 0.0790547
[AnalysisInputs::SetMCSF] sample : ggZZto4tau
[AnalysisInputs::SetMCSF] => MCSF = 0.978683, MCSF_err = 0.0790547
[AnalysisInputs::SetMCSF] sample : ggHtoZZ
[AnalysisInputs::SetMCSF] => MCSF = 0.978683, MCSF_err = 0.0790547
[AnalysisInputs::SetCalculatedSysts] Get Systematics from /data8/Users/jskim/HN_dilepton_plotter/data/v8-0-7.37/Syst.txt
[AnalysisInputs::SetCalculatedSysts] source : Luminosity
[AnalysisInputs::SetCalculatedSysts] => % sysematic = 0.025
[AnalysisInputs::SetCalculatedSysts] source : FakeLooseID
[AnalysisInputs::SetCalculatedSysts] => % sysematic = 0.3
[AnalysisInputs::SetCalculatedSysts] source : ChrageFlipSyst
[AnalysisInputs::SetCalculatedSysts] => % sysematic = 0.23
[CutRangeInfo::ReadCutCard] Get Cutcard from /data8/Users/jskim/HN_dilepton_plotter/data/v8-0-7.37/CutOpCard/RunDirectory/Cards_MuEl_Bin2/HNMuEl_90.txt
Central	2.50737	2.2731	0
_MuonEn_up	2.47239	2.2731	0
_MuonEn_down	2.48158	2.2731	0
_MuonIDSF_up	2.57112	2.2731	0
_MuonIDSF_down	2.45949	2.2731	0
_ElectronEn_up	2.02441	2.2731	0
_ElectronEn_down	2.49101	2.2731	0
_ElectronIDSF_up	2.57327	2.2731	0
_ElectronIDSF_down	2.46645	2.2731	0
_TriggerSF_up	2.59669	2.2731	0
_TriggerSF_down	2.62579	2.2731	0
_PU_up	2.51071	2.2731	0
_PU_down	2.46571	2.2731	0
_JetEn_up	1.99522	2.2731	0
_JetEn_down	2.34906	2.2731	0
_JetRes_up	2.49159	2.2731	0
_JetRes_down	2.05004	2.2731	0
_Unclustered_up	2.47287	2.2731	0
_Unclustered_down	2.48023	2.2731	0
_BTagSFEff_up	2.47708	2.2731	0
_BTagSFEff_down	2.55718	2.2731	0
_BTagSFMiss_up	2.48915	2.2731	0
_BTagSFMiss_down	2.49866	2.2731	0
_JetMass_up	2.6418	2.2731	0
_JetMass_down	2.4909	2.2731	0
_JetMassRes_up	2.64087	2.2731	0
_JetMassRes_down	2.42367	2.2731	0
_Tau21_up	2.77899	2.2731	0
_Tau21_down	2.30421	2.2731	0

################ Sources ################
Source	SystTotal	SystPrompt	SystFake	Signal
Stat 19.60 30.80  23.35  -nan  100.00
Lumi 1.31  2.50 -  -  2.50
PDF  -  -  -  -  2.36
MuonPt  0.64 1.23  -  -  0.00
MuonID  1.18 2.25  -  -  1.32
ElectronE  7.15 13.63  -  -  0.00
ElectronID  1.15 2.19  -  -  1.32
Trigger  2.19 4.18  -  -  0.95
PU  0.62 1.18  -  -  6.31
JES  7.93 15.12  -  -  0.00
JER  6.77 12.90  -  -  0.00
Uncl  0.65 1.24  -  -  0.00
BEff  0.86 1.64  -  -  0.00
BMiss  0.30 0.57  -  -  0.00
JMS  2.00 3.82  -  -  0.00
JMR  2.33 4.44  -  -  0.00
Tau21  5.02 9.57  -  -  59.83
MCNorm 8.42  16.06 -  -  -
Fake 14.26  -  30.00 - -
CF 0.00  -  -  -nan -
Total Systematic 21.91 31.71  30.00  -nan  60.29

Total Background	4.780
- Prompt	2.507
- Fake	2.273
- CF	0.000

####### Result #######
Signal Eff	0.000008
4.780472 1.293991
0.047053 2.167702
