
Processing CyclesForMixingLimit_MuEl_Bin2/HNMuEl_1200.C...
[AnalysisInputs::SetMCSF] Get MC SF from /data8/Users/jskim/HN_dilepton_plotter/data/v8-0-7.37/MCSF.txt
[AnalysisInputs::SetMCSF] sample : VVV
[AnalysisInputs::SetMCSF] => MCSF = 1, MCSF_err = 0.5
[AnalysisInputs::SetMCSF] sample : WWW
[AnalysisInputs::SetMCSF] => MCSF = 1, MCSF_err = 0.5
[AnalysisInputs::SetMCSF] sample : WWZ
[AnalysisInputs::SetMCSF] => MCSF = 1, MCSF_err = 0.5
[AnalysisInputs::SetMCSF] sample : WZZ
[AnalysisInputs::SetMCSF] => MCSF = 1, MCSF_err = 0.5
[AnalysisInputs::SetMCSF] sample : ZZZ
[AnalysisInputs::SetMCSF] => MCSF = 1, MCSF_err = 0.5
[AnalysisInputs::SetMCSF] sample : ttV
[AnalysisInputs::SetMCSF] => MCSF = 1, MCSF_err = 0.5
[AnalysisInputs::SetMCSF] sample : ttW
[AnalysisInputs::SetMCSF] => MCSF = 1, MCSF_err = 0.5
[AnalysisInputs::SetMCSF] sample : ttZ
[AnalysisInputs::SetMCSF] => MCSF = 1, MCSF_err = 0.5
[AnalysisInputs::SetMCSF] sample : ttH_nonbb
[AnalysisInputs::SetMCSF] => MCSF = 1, MCSF_err = 0.5
[AnalysisInputs::SetMCSF] sample : top
[AnalysisInputs::SetMCSF] => MCSF = 1, MCSF_err = 0.5
[AnalysisInputs::SetMCSF] sample : WWTo2L2Nu_DS
[AnalysisInputs::SetMCSF] => MCSF = 1, MCSF_err = 0.5
[AnalysisInputs::SetMCSF] sample : WpWpEWK
[AnalysisInputs::SetMCSF] => MCSF = 1, MCSF_err = 0.5
[AnalysisInputs::SetMCSF] sample : WpWpQCD
[AnalysisInputs::SetMCSF] => MCSF = 1, MCSF_err = 0.5
[AnalysisInputs::SetMCSF] sample : WZTo3LNu_mllmin01
[AnalysisInputs::SetMCSF] => MCSF = 0.65, MCSF_err = 0.06
[AnalysisInputs::SetMCSF] sample : WZTo3LNu_powheg
[AnalysisInputs::SetMCSF] => MCSF = 1.05246, MCSF_err = 0.0646733
[AnalysisInputs::SetMCSF] sample : ZGto2LG
[AnalysisInputs::SetMCSF] => MCSF = 1.09801, MCSF_err = 0.0750731
[AnalysisInputs::SetMCSF] sample : ZZTo4L_powheg
[AnalysisInputs::SetMCSF] => MCSF = 0.978683, MCSF_err = 0.0790547
[AnalysisInputs::SetMCSF] sample : ggZZto2e2mu
[AnalysisInputs::SetMCSF] => MCSF = 0.978683, MCSF_err = 0.0790547
[AnalysisInputs::SetMCSF] sample : ggZZto2e2nu
[AnalysisInputs::SetMCSF] => MCSF = 0.978683, MCSF_err = 0.0790547
[AnalysisInputs::SetMCSF] sample : ggZZto2e2tau
[AnalysisInputs::SetMCSF] => MCSF = 0.978683, MCSF_err = 0.0790547
[AnalysisInputs::SetMCSF] sample : ggZZto2mu2nu
[AnalysisInputs::SetMCSF] => MCSF = 0.978683, MCSF_err = 0.0790547
[AnalysisInputs::SetMCSF] sample : ggZZto2mu2tau
[AnalysisInputs::SetMCSF] => MCSF = 0.978683, MCSF_err = 0.0790547
[AnalysisInputs::SetMCSF] sample : ggZZto4e
[AnalysisInputs::SetMCSF] => MCSF = 0.978683, MCSF_err = 0.0790547
[AnalysisInputs::SetMCSF] sample : ggZZto4mu
[AnalysisInputs::SetMCSF] => MCSF = 0.978683, MCSF_err = 0.0790547
[AnalysisInputs::SetMCSF] sample : ggZZto4tau
[AnalysisInputs::SetMCSF] => MCSF = 0.978683, MCSF_err = 0.0790547
[AnalysisInputs::SetMCSF] sample : ggHtoZZ
[AnalysisInputs::SetMCSF] => MCSF = 0.978683, MCSF_err = 0.0790547
[AnalysisInputs::SetCalculatedSysts] Get Systematics from /data8/Users/jskim/HN_dilepton_plotter/data/v8-0-7.37/Syst.txt
[AnalysisInputs::SetCalculatedSysts] source : Luminosity
[AnalysisInputs::SetCalculatedSysts] => % sysematic = 0.025
[AnalysisInputs::SetCalculatedSysts] source : FakeLooseID
[AnalysisInputs::SetCalculatedSysts] => % sysematic = 0.3
[AnalysisInputs::SetCalculatedSysts] source : ChrageFlipSyst
[AnalysisInputs::SetCalculatedSysts] => % sysematic = 0.23
[CutRangeInfo::ReadCutCard] Get Cutcard from /data8/Users/jskim/HN_dilepton_plotter/data/v8-0-7.37/CutOpCard/RunDirectory/Cards_MuEl_Bin2/HNMuEl_1200.txt
Central	0.45384	0	0
_MuonEn_up	0.56534	0	0
_MuonEn_down	0.432109	0	0
_MuonIDSF_up	0.455838	0	0
_MuonIDSF_down	0.443634	0	0
_ElectronEn_up	0.436173	0	0
_ElectronEn_down	0.444748	0	0
_ElectronIDSF_up	0.453915	0	0
_ElectronIDSF_down	0.430933	0	0
_TriggerSF_up	0.445174	0	0
_TriggerSF_down	0.447244	0	0
_PU_up	0.449902	0	0
_PU_down	0.445398	0	0
_JetEn_up	0.435057	0	0
_JetEn_down	0.447668	0	0
_JetRes_up	0.443535	0	0
_JetRes_down	0.355998	0	0
_Unclustered_up	0.438493	0	0
_Unclustered_down	0.439998	0	0
_BTagSFEff_up	0.450701	0	0
_BTagSFEff_down	0.447244	0	0
_BTagSFMiss_up	0.445067	0	0
_BTagSFMiss_down	0.447244	0	0
_JetMass_up	0.439713	0	0
_JetMass_down	0.462089	0	0
_JetMassRes_up	0.454163	0	0
_JetMassRes_down	0.445963	0	0
_Tau21_up	0.485561	0	0
_Tau21_down	0.410774	0	0

################ Sources ################
Source	SystTotal	SystPrompt	SystFake	Signal
Stat 30.47 30.47  -nan  -nan  0.68
Lumi 2.50  2.50 -  -  2.50
PDF  -  -  -  -  2.36
MuonPt  17.70 17.70  -  -  0.53
MuonID  1.62 1.62  -  -  1.80
ElectronE  3.10 3.10  -  -  0.07
ElectronID  3.57 3.57  -  -  1.85
Trigger  1.70 1.70  -  -  0.11
PU  1.45 1.45  -  -  0.95
JES  3.08 3.08  -  -  0.05
JER  15.33 15.33  -  -  0.16
Uncl  3.22 3.22  -  -  0.07
BEff  1.14 1.14  -  -  0.41
BMiss  1.71 1.71  -  -  0.49
JMS  2.55 2.55  -  -  0.06
JMR  1.23 1.23  -  -  0.03
Tau21  8.33 8.33  -  -  8.32
MCNorm 34.25  34.25 -  -  -
Fake 0.00  -  -nan - -
CF 0.00  -  -  -nan -
Total Systematic 43.12 43.12  -nan  -nan  9.46

Total Background	0.454
- Prompt	0.454
- Fake	0.000
- CF	0.000

####### Result #######
Signal Eff	0.276780
0.453840 1.527975
0.021592 1.094812
