
Processing CyclesForMixingLimit_MuEl_Bin2/HNMuEl_400.C...
[AnalysisInputs::SetMCSF] Get MC SF from /data8/Users/jskim/HN_dilepton_plotter/data/v8-0-7.37/MCSF.txt
[AnalysisInputs::SetMCSF] sample : VVV
[AnalysisInputs::SetMCSF] => MCSF = 1, MCSF_err = 0.5
[AnalysisInputs::SetMCSF] sample : WWW
[AnalysisInputs::SetMCSF] => MCSF = 1, MCSF_err = 0.5
[AnalysisInputs::SetMCSF] sample : WWZ
[AnalysisInputs::SetMCSF] => MCSF = 1, MCSF_err = 0.5
[AnalysisInputs::SetMCSF] sample : WZZ
[AnalysisInputs::SetMCSF] => MCSF = 1, MCSF_err = 0.5
[AnalysisInputs::SetMCSF] sample : ZZZ
[AnalysisInputs::SetMCSF] => MCSF = 1, MCSF_err = 0.5
[AnalysisInputs::SetMCSF] sample : ttV
[AnalysisInputs::SetMCSF] => MCSF = 1, MCSF_err = 0.5
[AnalysisInputs::SetMCSF] sample : ttW
[AnalysisInputs::SetMCSF] => MCSF = 1, MCSF_err = 0.5
[AnalysisInputs::SetMCSF] sample : ttZ
[AnalysisInputs::SetMCSF] => MCSF = 1, MCSF_err = 0.5
[AnalysisInputs::SetMCSF] sample : ttH_nonbb
[AnalysisInputs::SetMCSF] => MCSF = 1, MCSF_err = 0.5
[AnalysisInputs::SetMCSF] sample : top
[AnalysisInputs::SetMCSF] => MCSF = 1, MCSF_err = 0.5
[AnalysisInputs::SetMCSF] sample : WWTo2L2Nu_DS
[AnalysisInputs::SetMCSF] => MCSF = 1, MCSF_err = 0.5
[AnalysisInputs::SetMCSF] sample : WpWpEWK
[AnalysisInputs::SetMCSF] => MCSF = 1, MCSF_err = 0.5
[AnalysisInputs::SetMCSF] sample : WpWpQCD
[AnalysisInputs::SetMCSF] => MCSF = 1, MCSF_err = 0.5
[AnalysisInputs::SetMCSF] sample : WZTo3LNu_mllmin01
[AnalysisInputs::SetMCSF] => MCSF = 0.65, MCSF_err = 0.06
[AnalysisInputs::SetMCSF] sample : WZTo3LNu_powheg
[AnalysisInputs::SetMCSF] => MCSF = 1.05246, MCSF_err = 0.0646733
[AnalysisInputs::SetMCSF] sample : ZGto2LG
[AnalysisInputs::SetMCSF] => MCSF = 1.09801, MCSF_err = 0.0750731
[AnalysisInputs::SetMCSF] sample : ZZTo4L_powheg
[AnalysisInputs::SetMCSF] => MCSF = 0.978683, MCSF_err = 0.0790547
[AnalysisInputs::SetMCSF] sample : ggZZto2e2mu
[AnalysisInputs::SetMCSF] => MCSF = 0.978683, MCSF_err = 0.0790547
[AnalysisInputs::SetMCSF] sample : ggZZto2e2nu
[AnalysisInputs::SetMCSF] => MCSF = 0.978683, MCSF_err = 0.0790547
[AnalysisInputs::SetMCSF] sample : ggZZto2e2tau
[AnalysisInputs::SetMCSF] => MCSF = 0.978683, MCSF_err = 0.0790547
[AnalysisInputs::SetMCSF] sample : ggZZto2mu2nu
[AnalysisInputs::SetMCSF] => MCSF = 0.978683, MCSF_err = 0.0790547
[AnalysisInputs::SetMCSF] sample : ggZZto2mu2tau
[AnalysisInputs::SetMCSF] => MCSF = 0.978683, MCSF_err = 0.0790547
[AnalysisInputs::SetMCSF] sample : ggZZto4e
[AnalysisInputs::SetMCSF] => MCSF = 0.978683, MCSF_err = 0.0790547
[AnalysisInputs::SetMCSF] sample : ggZZto4mu
[AnalysisInputs::SetMCSF] => MCSF = 0.978683, MCSF_err = 0.0790547
[AnalysisInputs::SetMCSF] sample : ggZZto4tau
[AnalysisInputs::SetMCSF] => MCSF = 0.978683, MCSF_err = 0.0790547
[AnalysisInputs::SetMCSF] sample : ggHtoZZ
[AnalysisInputs::SetMCSF] => MCSF = 0.978683, MCSF_err = 0.0790547
[AnalysisInputs::SetCalculatedSysts] Get Systematics from /data8/Users/jskim/HN_dilepton_plotter/data/v8-0-7.37/Syst.txt
[AnalysisInputs::SetCalculatedSysts] source : Luminosity
[AnalysisInputs::SetCalculatedSysts] => % sysematic = 0.025
[AnalysisInputs::SetCalculatedSysts] source : FakeLooseID
[AnalysisInputs::SetCalculatedSysts] => % sysematic = 0.3
[AnalysisInputs::SetCalculatedSysts] source : ChrageFlipSyst
[AnalysisInputs::SetCalculatedSysts] => % sysematic = 0.23
[CutRangeInfo::ReadCutCard] Get Cutcard from /data8/Users/jskim/HN_dilepton_plotter/data/v8-0-7.37/CutOpCard/RunDirectory/Cards_MuEl_Bin2/HNMuEl_400.txt
Central	0.523329	0	0
_MuonEn_up	0.604426	0	0
_MuonEn_down	0.581685	0	0
_MuonIDSF_up	0.537722	0	0
_MuonIDSF_down	0.510533	0	0
_ElectronEn_up	0.531736	0	0
_ElectronEn_down	0.508994	0	0
_ElectronIDSF_up	0.520093	0	0
_ElectronIDSF_down	0.513721	0	0
_TriggerSF_up	0.517418	0	0
_TriggerSF_down	0.519651	0	0
_PU_up	0.528386	0	0
_PU_down	0.513038	0	0
_JetEn_up	1.22522	0	0
_JetEn_down	0.494951	0	0
_JetRes_up	0.525836	0	0
_JetRes_down	0.615337	0	0
_Unclustered_up	0.529681	0	0
_Unclustered_down	0.516393	0	0
_BTagSFEff_up	0.513227	0	0
_BTagSFEff_down	0.528809	0	0
_BTagSFMiss_up	0.498078	0	0
_BTagSFMiss_down	0.513086	0	0
_JetMass_up	0.517213	0	0
_JetMass_down	0.531395	0	0
_JetMassRes_up	0.525936	0	0
_JetMassRes_down	0.514476	0	0
_Tau21_up	0.556501	0	0
_Tau21_down	0.473097	0	0

################ Sources ################
Source	SystTotal	SystPrompt	SystFake	Signal
Stat 30.43 30.43  -nan  -nan  1.23
Lumi 2.50  2.50 -  -  2.50
PDF  -  -  -  -  2.36
MuonPt  13.50 13.50  -  -  5.05
MuonID  2.60 2.60  -  -  1.81
ElectronE  2.25 2.25  -  -  0.43
ElectronID  1.37 1.37  -  -  1.81
Trigger  0.94 0.94  -  -  0.27
PU  1.55 1.55  -  -  1.97
JES  94.91 94.91  -  -  1.47
JER  12.44 12.44  -  -  1.94
Uncl  1.27 1.27  -  -  0.06
BEff  1.55 1.55  -  -  0.43
BMiss  3.68 3.68  -  -  0.54
JMS  1.37 1.37  -  -  0.04
JMR  1.25 1.25  -  -  0.10
Tau21  8.13 8.13  -  -  7.43
MCNorm 31.32  31.32 -  -  -
Fake 0.00  -  -nan - -
CF 0.00  -  -  -nan -
Total Systematic 102.16 102.16  -nan  -nan  10.48

Total Background	0.523
- Prompt	0.523
- Fake	0.000
- CF	0.000

####### Result #######
Signal Eff	0.073933
0.523329 2.065975
0.685598 1.105474
