
Processing CyclesForMixingLimit_MuEl_Bin2/HNMuEl_150.C...
[AnalysisInputs::SetMCSF] Get MC SF from /data8/Users/jskim/HN_dilepton_plotter/data/v8-0-7.37/MCSF.txt
[AnalysisInputs::SetMCSF] sample : VVV
[AnalysisInputs::SetMCSF] => MCSF = 1, MCSF_err = 0.5
[AnalysisInputs::SetMCSF] sample : WWW
[AnalysisInputs::SetMCSF] => MCSF = 1, MCSF_err = 0.5
[AnalysisInputs::SetMCSF] sample : WWZ
[AnalysisInputs::SetMCSF] => MCSF = 1, MCSF_err = 0.5
[AnalysisInputs::SetMCSF] sample : WZZ
[AnalysisInputs::SetMCSF] => MCSF = 1, MCSF_err = 0.5
[AnalysisInputs::SetMCSF] sample : ZZZ
[AnalysisInputs::SetMCSF] => MCSF = 1, MCSF_err = 0.5
[AnalysisInputs::SetMCSF] sample : ttV
[AnalysisInputs::SetMCSF] => MCSF = 1, MCSF_err = 0.5
[AnalysisInputs::SetMCSF] sample : ttW
[AnalysisInputs::SetMCSF] => MCSF = 1, MCSF_err = 0.5
[AnalysisInputs::SetMCSF] sample : ttZ
[AnalysisInputs::SetMCSF] => MCSF = 1, MCSF_err = 0.5
[AnalysisInputs::SetMCSF] sample : ttH_nonbb
[AnalysisInputs::SetMCSF] => MCSF = 1, MCSF_err = 0.5
[AnalysisInputs::SetMCSF] sample : top
[AnalysisInputs::SetMCSF] => MCSF = 1, MCSF_err = 0.5
[AnalysisInputs::SetMCSF] sample : WWTo2L2Nu_DS
[AnalysisInputs::SetMCSF] => MCSF = 1, MCSF_err = 0.5
[AnalysisInputs::SetMCSF] sample : WpWpEWK
[AnalysisInputs::SetMCSF] => MCSF = 1, MCSF_err = 0.5
[AnalysisInputs::SetMCSF] sample : WpWpQCD
[AnalysisInputs::SetMCSF] => MCSF = 1, MCSF_err = 0.5
[AnalysisInputs::SetMCSF] sample : WZTo3LNu_mllmin01
[AnalysisInputs::SetMCSF] => MCSF = 0.65, MCSF_err = 0.06
[AnalysisInputs::SetMCSF] sample : WZTo3LNu_powheg
[AnalysisInputs::SetMCSF] => MCSF = 1.05246, MCSF_err = 0.0646733
[AnalysisInputs::SetMCSF] sample : ZGto2LG
[AnalysisInputs::SetMCSF] => MCSF = 1.09801, MCSF_err = 0.0750731
[AnalysisInputs::SetMCSF] sample : ZZTo4L_powheg
[AnalysisInputs::SetMCSF] => MCSF = 0.978683, MCSF_err = 0.0790547
[AnalysisInputs::SetMCSF] sample : ggZZto2e2mu
[AnalysisInputs::SetMCSF] => MCSF = 0.978683, MCSF_err = 0.0790547
[AnalysisInputs::SetMCSF] sample : ggZZto2e2nu
[AnalysisInputs::SetMCSF] => MCSF = 0.978683, MCSF_err = 0.0790547
[AnalysisInputs::SetMCSF] sample : ggZZto2e2tau
[AnalysisInputs::SetMCSF] => MCSF = 0.978683, MCSF_err = 0.0790547
[AnalysisInputs::SetMCSF] sample : ggZZto2mu2nu
[AnalysisInputs::SetMCSF] => MCSF = 0.978683, MCSF_err = 0.0790547
[AnalysisInputs::SetMCSF] sample : ggZZto2mu2tau
[AnalysisInputs::SetMCSF] => MCSF = 0.978683, MCSF_err = 0.0790547
[AnalysisInputs::SetMCSF] sample : ggZZto4e
[AnalysisInputs::SetMCSF] => MCSF = 0.978683, MCSF_err = 0.0790547
[AnalysisInputs::SetMCSF] sample : ggZZto4mu
[AnalysisInputs::SetMCSF] => MCSF = 0.978683, MCSF_err = 0.0790547
[AnalysisInputs::SetMCSF] sample : ggZZto4tau
[AnalysisInputs::SetMCSF] => MCSF = 0.978683, MCSF_err = 0.0790547
[AnalysisInputs::SetMCSF] sample : ggHtoZZ
[AnalysisInputs::SetMCSF] => MCSF = 0.978683, MCSF_err = 0.0790547
[AnalysisInputs::SetCalculatedSysts] Get Systematics from /data8/Users/jskim/HN_dilepton_plotter/data/v8-0-7.37/Syst.txt
[AnalysisInputs::SetCalculatedSysts] source : Luminosity
[AnalysisInputs::SetCalculatedSysts] => % sysematic = 0.025
[AnalysisInputs::SetCalculatedSysts] source : FakeLooseID
[AnalysisInputs::SetCalculatedSysts] => % sysematic = 0.3
[AnalysisInputs::SetCalculatedSysts] source : ChrageFlipSyst
[AnalysisInputs::SetCalculatedSysts] => % sysematic = 0.23
[CutRangeInfo::ReadCutCard] Get Cutcard from /data8/Users/jskim/HN_dilepton_plotter/data/v8-0-7.37/CutOpCard/RunDirectory/Cards_MuEl_Bin2/HNMuEl_150.txt
Central	0.656356	0.688362	0
_MuonEn_up	0.648525	0.688362	0
_MuonEn_down	0.638857	0.688362	0
_MuonIDSF_up	0.706626	0.688362	0
_MuonIDSF_down	0.653877	0.688362	0
_ElectronEn_up	0.698863	0.688362	0
_ElectronEn_down	0.734126	0.688362	0
_ElectronIDSF_up	0.658595	0.688362	0
_ElectronIDSF_down	0.643646	0.688362	0
_TriggerSF_up	0.663922	0.688362	0
_TriggerSF_down	0.697879	0.688362	0
_PU_up	0.60113	0.688362	0
_PU_down	0.684913	0.688362	0
_JetEn_up	0.650962	0.688362	0
_JetEn_down	0.744042	0.688362	0
_JetRes_up	0.652333	0.688362	0
_JetRes_down	0.637007	0.688362	0
_Unclustered_up	0.662235	0.688362	0
_Unclustered_down	0.656016	0.688362	0
_BTagSFEff_up	0.640374	0.688362	0
_BTagSFEff_down	0.659015	0.688362	0
_BTagSFMiss_up	0.694558	0.688362	0
_BTagSFMiss_down	0.655459	0.688362	0
_JetMass_up	0.647475	0.688362	0
_JetMass_down	0.650133	0.688362	0
_JetMassRes_up	0.659555	0.688362	0
_JetMassRes_down	0.668795	0.688362	0
_Tau21_up	0.702192	0.688362	0
_Tau21_down	0.599354	0.688362	0

################ Sources ################
Source	SystTotal	SystPrompt	SystFake	Signal
Stat 24.20 22.67  42.05  -nan  8.27
Lumi 1.22  2.50 -  -  2.50
PDF  -  -  -  -  2.36
MuonPt  1.01 2.07  -  -  0.86
MuonID  2.65 5.42  -  -  2.59
ElectronE  4.66 9.55  -  -  0.92
ElectronID  0.68 1.39  -  -  0.77
Trigger  2.22 4.55  -  -  1.43
PU  3.27 6.70  -  -  2.33
JES  4.62 9.46  -  -  1.41
JER  1.04 2.13  -  -  0.99
Uncl  0.31 0.63  -  -  1.49
BEff  0.85 1.75  -  -  0.94
BMiss  2.01 4.12  -  -  1.57
JMS  0.57 1.17  -  -  1.06
JMR  0.68 1.38  -  -  1.20
Tau21  3.85 7.88  -  -  8.25
MCNorm 17.91  36.70 -  -  -
Fake 15.36  -  30.00 - -
CF 0.00  -  -  -nan -
Total Systematic 25.43 41.53  30.00  -nan  10.36

Total Background	1.345
- Prompt	0.656
- Fake	0.688
- CF	0.000

####### Result #######
Signal Eff	0.001583
1.344718 1.351082
0.656444 1.132604
