
Processing CyclesForMixingLimit_MuEl_Bin2/HNMuEl_1300.C...
[AnalysisInputs::SetMCSF] Get MC SF from /data8/Users/jskim/HN_dilepton_plotter/data/v8-0-7.37/MCSF.txt
[AnalysisInputs::SetMCSF] sample : VVV
[AnalysisInputs::SetMCSF] => MCSF = 1, MCSF_err = 0.5
[AnalysisInputs::SetMCSF] sample : WWW
[AnalysisInputs::SetMCSF] => MCSF = 1, MCSF_err = 0.5
[AnalysisInputs::SetMCSF] sample : WWZ
[AnalysisInputs::SetMCSF] => MCSF = 1, MCSF_err = 0.5
[AnalysisInputs::SetMCSF] sample : WZZ
[AnalysisInputs::SetMCSF] => MCSF = 1, MCSF_err = 0.5
[AnalysisInputs::SetMCSF] sample : ZZZ
[AnalysisInputs::SetMCSF] => MCSF = 1, MCSF_err = 0.5
[AnalysisInputs::SetMCSF] sample : ttV
[AnalysisInputs::SetMCSF] => MCSF = 1, MCSF_err = 0.5
[AnalysisInputs::SetMCSF] sample : ttW
[AnalysisInputs::SetMCSF] => MCSF = 1, MCSF_err = 0.5
[AnalysisInputs::SetMCSF] sample : ttZ
[AnalysisInputs::SetMCSF] => MCSF = 1, MCSF_err = 0.5
[AnalysisInputs::SetMCSF] sample : ttH_nonbb
[AnalysisInputs::SetMCSF] => MCSF = 1, MCSF_err = 0.5
[AnalysisInputs::SetMCSF] sample : top
[AnalysisInputs::SetMCSF] => MCSF = 1, MCSF_err = 0.5
[AnalysisInputs::SetMCSF] sample : WWTo2L2Nu_DS
[AnalysisInputs::SetMCSF] => MCSF = 1, MCSF_err = 0.5
[AnalysisInputs::SetMCSF] sample : WpWpEWK
[AnalysisInputs::SetMCSF] => MCSF = 1, MCSF_err = 0.5
[AnalysisInputs::SetMCSF] sample : WpWpQCD
[AnalysisInputs::SetMCSF] => MCSF = 1, MCSF_err = 0.5
[AnalysisInputs::SetMCSF] sample : WZTo3LNu_mllmin01
[AnalysisInputs::SetMCSF] => MCSF = 0.65, MCSF_err = 0.06
[AnalysisInputs::SetMCSF] sample : WZTo3LNu_powheg
[AnalysisInputs::SetMCSF] => MCSF = 1.05246, MCSF_err = 0.0646733
[AnalysisInputs::SetMCSF] sample : ZGto2LG
[AnalysisInputs::SetMCSF] => MCSF = 1.09801, MCSF_err = 0.0750731
[AnalysisInputs::SetMCSF] sample : ZZTo4L_powheg
[AnalysisInputs::SetMCSF] => MCSF = 0.978683, MCSF_err = 0.0790547
[AnalysisInputs::SetMCSF] sample : ggZZto2e2mu
[AnalysisInputs::SetMCSF] => MCSF = 0.978683, MCSF_err = 0.0790547
[AnalysisInputs::SetMCSF] sample : ggZZto2e2nu
[AnalysisInputs::SetMCSF] => MCSF = 0.978683, MCSF_err = 0.0790547
[AnalysisInputs::SetMCSF] sample : ggZZto2e2tau
[AnalysisInputs::SetMCSF] => MCSF = 0.978683, MCSF_err = 0.0790547
[AnalysisInputs::SetMCSF] sample : ggZZto2mu2nu
[AnalysisInputs::SetMCSF] => MCSF = 0.978683, MCSF_err = 0.0790547
[AnalysisInputs::SetMCSF] sample : ggZZto2mu2tau
[AnalysisInputs::SetMCSF] => MCSF = 0.978683, MCSF_err = 0.0790547
[AnalysisInputs::SetMCSF] sample : ggZZto4e
[AnalysisInputs::SetMCSF] => MCSF = 0.978683, MCSF_err = 0.0790547
[AnalysisInputs::SetMCSF] sample : ggZZto4mu
[AnalysisInputs::SetMCSF] => MCSF = 0.978683, MCSF_err = 0.0790547
[AnalysisInputs::SetMCSF] sample : ggZZto4tau
[AnalysisInputs::SetMCSF] => MCSF = 0.978683, MCSF_err = 0.0790547
[AnalysisInputs::SetMCSF] sample : ggHtoZZ
[AnalysisInputs::SetMCSF] => MCSF = 0.978683, MCSF_err = 0.0790547
[AnalysisInputs::SetCalculatedSysts] Get Systematics from /data8/Users/jskim/HN_dilepton_plotter/data/v8-0-7.37/Syst.txt
[AnalysisInputs::SetCalculatedSysts] source : Luminosity
[AnalysisInputs::SetCalculatedSysts] => % sysematic = 0.025
[AnalysisInputs::SetCalculatedSysts] source : FakeLooseID
[AnalysisInputs::SetCalculatedSysts] => % sysematic = 0.3
[AnalysisInputs::SetCalculatedSysts] source : ChrageFlipSyst
[AnalysisInputs::SetCalculatedSysts] => % sysematic = 0.23
[CutRangeInfo::ReadCutCard] Get Cutcard from /data8/Users/jskim/HN_dilepton_plotter/data/v8-0-7.37/CutOpCard/RunDirectory/Cards_MuEl_Bin2/HNMuEl_1300.txt
Central	0.256109	0	0
_MuonEn_up	0.376585	0	0
_MuonEn_down	0.240891	0	0
_MuonIDSF_up	0.256297	0	0
_MuonIDSF_down	0.255313	0	0
_ElectronEn_up	0.241581	0	0
_ElectronEn_down	0.250056	0	0
_ElectronIDSF_up	0.258886	0	0
_ElectronIDSF_down	0.243856	0	0
_TriggerSF_up	0.253654	0	0
_TriggerSF_down	0.252651	0	0
_PU_up	0.246949	0	0
_PU_down	0.266462	0	0
_JetEn_up	0.2439	0	0
_JetEn_down	0.25345	0	0
_JetRes_up	0.247345	0	0
_JetRes_down	0.161406	0	0
_Unclustered_up	0.2439	0	0
_Unclustered_down	0.246963	0	0
_BTagSFEff_up	0.256109	0	0
_BTagSFEff_down	0.252651	0	0
_BTagSFMiss_up	0.248876	0	0
_BTagSFMiss_down	0.252651	0	0
_JetMass_up	0.25684	0	0
_JetMass_down	0.267496	0	0
_JetMassRes_up	0.252651	0	0
_JetMassRes_down	0.246911	0	0
_Tau21_up	0.272857	0	0
_Tau21_down	0.232525	0	0

################ Sources ################
Source	SystTotal	SystPrompt	SystFake	Signal
Stat 38.09 38.09  -nan  -nan  0.69
Lumi 2.50  2.50 -  -  2.50
PDF  -  -  -  -  2.36
MuonPt  33.53 33.53  -  -  0.67
MuonID  0.23 0.23  -  -  1.84
ElectronE  4.35 4.35  -  -  0.10
ElectronID  3.47 3.47  -  -  1.78
Trigger  1.17 1.17  -  -  0.12
PU  3.82 3.82  -  -  1.06
JES  3.45 3.45  -  -  0.10
JER  26.26 26.26  -  -  0.22
Uncl  4.21 4.21  -  -  0.07
BEff  0.95 0.95  -  -  0.57
BMiss  2.21 2.21  -  -  0.39
JMS  3.15 3.15  -  -  0.14
JMR  2.71 2.71  -  -  0.19
Tau21  7.99 7.99  -  -  8.45
MCNorm 36.10  36.10 -  -  -
Fake 0.00  -  -nan - -
CF 0.00  -  -  -nan -
Total Systematic 57.33 57.33  -nan  -nan  9.59

Total Background	0.256
- Prompt	0.256
- Fake	0.000
- CF	0.000

####### Result #######
Signal Eff	0.271188
0.256109 1.688274
0.013802 1.096194
