
Processing CyclesForMixingLimit_MuEl_Bin2/HNMuEl_1100.C...
[AnalysisInputs::SetMCSF] Get MC SF from /data8/Users/jskim/HN_dilepton_plotter/data/v8-0-7.37/MCSF.txt
[AnalysisInputs::SetMCSF] sample : VVV
[AnalysisInputs::SetMCSF] => MCSF = 1, MCSF_err = 0.5
[AnalysisInputs::SetMCSF] sample : WWW
[AnalysisInputs::SetMCSF] => MCSF = 1, MCSF_err = 0.5
[AnalysisInputs::SetMCSF] sample : WWZ
[AnalysisInputs::SetMCSF] => MCSF = 1, MCSF_err = 0.5
[AnalysisInputs::SetMCSF] sample : WZZ
[AnalysisInputs::SetMCSF] => MCSF = 1, MCSF_err = 0.5
[AnalysisInputs::SetMCSF] sample : ZZZ
[AnalysisInputs::SetMCSF] => MCSF = 1, MCSF_err = 0.5
[AnalysisInputs::SetMCSF] sample : ttV
[AnalysisInputs::SetMCSF] => MCSF = 1, MCSF_err = 0.5
[AnalysisInputs::SetMCSF] sample : ttW
[AnalysisInputs::SetMCSF] => MCSF = 1, MCSF_err = 0.5
[AnalysisInputs::SetMCSF] sample : ttZ
[AnalysisInputs::SetMCSF] => MCSF = 1, MCSF_err = 0.5
[AnalysisInputs::SetMCSF] sample : ttH_nonbb
[AnalysisInputs::SetMCSF] => MCSF = 1, MCSF_err = 0.5
[AnalysisInputs::SetMCSF] sample : top
[AnalysisInputs::SetMCSF] => MCSF = 1, MCSF_err = 0.5
[AnalysisInputs::SetMCSF] sample : WWTo2L2Nu_DS
[AnalysisInputs::SetMCSF] => MCSF = 1, MCSF_err = 0.5
[AnalysisInputs::SetMCSF] sample : WpWpEWK
[AnalysisInputs::SetMCSF] => MCSF = 1, MCSF_err = 0.5
[AnalysisInputs::SetMCSF] sample : WpWpQCD
[AnalysisInputs::SetMCSF] => MCSF = 1, MCSF_err = 0.5
[AnalysisInputs::SetMCSF] sample : WZTo3LNu_mllmin01
[AnalysisInputs::SetMCSF] => MCSF = 0.65, MCSF_err = 0.06
[AnalysisInputs::SetMCSF] sample : WZTo3LNu_powheg
[AnalysisInputs::SetMCSF] => MCSF = 1.05246, MCSF_err = 0.0646733
[AnalysisInputs::SetMCSF] sample : ZGto2LG
[AnalysisInputs::SetMCSF] => MCSF = 1.09801, MCSF_err = 0.0750731
[AnalysisInputs::SetMCSF] sample : ZZTo4L_powheg
[AnalysisInputs::SetMCSF] => MCSF = 0.978683, MCSF_err = 0.0790547
[AnalysisInputs::SetMCSF] sample : ggZZto2e2mu
[AnalysisInputs::SetMCSF] => MCSF = 0.978683, MCSF_err = 0.0790547
[AnalysisInputs::SetMCSF] sample : ggZZto2e2nu
[AnalysisInputs::SetMCSF] => MCSF = 0.978683, MCSF_err = 0.0790547
[AnalysisInputs::SetMCSF] sample : ggZZto2e2tau
[AnalysisInputs::SetMCSF] => MCSF = 0.978683, MCSF_err = 0.0790547
[AnalysisInputs::SetMCSF] sample : ggZZto2mu2nu
[AnalysisInputs::SetMCSF] => MCSF = 0.978683, MCSF_err = 0.0790547
[AnalysisInputs::SetMCSF] sample : ggZZto2mu2tau
[AnalysisInputs::SetMCSF] => MCSF = 0.978683, MCSF_err = 0.0790547
[AnalysisInputs::SetMCSF] sample : ggZZto4e
[AnalysisInputs::SetMCSF] => MCSF = 0.978683, MCSF_err = 0.0790547
[AnalysisInputs::SetMCSF] sample : ggZZto4mu
[AnalysisInputs::SetMCSF] => MCSF = 0.978683, MCSF_err = 0.0790547
[AnalysisInputs::SetMCSF] sample : ggZZto4tau
[AnalysisInputs::SetMCSF] => MCSF = 0.978683, MCSF_err = 0.0790547
[AnalysisInputs::SetMCSF] sample : ggHtoZZ
[AnalysisInputs::SetMCSF] => MCSF = 0.978683, MCSF_err = 0.0790547
[AnalysisInputs::SetCalculatedSysts] Get Systematics from /data8/Users/jskim/HN_dilepton_plotter/data/v8-0-7.37/Syst.txt
[AnalysisInputs::SetCalculatedSysts] source : Luminosity
[AnalysisInputs::SetCalculatedSysts] => % sysematic = 0.025
[AnalysisInputs::SetCalculatedSysts] source : FakeLooseID
[AnalysisInputs::SetCalculatedSysts] => % sysematic = 0.3
[AnalysisInputs::SetCalculatedSysts] source : ChrageFlipSyst
[AnalysisInputs::SetCalculatedSysts] => % sysematic = 0.23
[CutRangeInfo::ReadCutCard] Get Cutcard from /data8/Users/jskim/HN_dilepton_plotter/data/v8-0-7.37/CutOpCard/RunDirectory/Cards_MuEl_Bin2/HNMuEl_1100.txt
Central	0.549946	0.111923	0
_MuonEn_up	0.573987	0.111923	0
_MuonEn_down	0.632218	0.111923	0
_MuonIDSF_up	0.550993	0.111923	0
_MuonIDSF_down	0.539201	0.111923	0
_ElectronEn_up	0.540159	0.111923	0
_ElectronEn_down	0.540666	0.111923	0
_ElectronIDSF_up	0.558458	0.111923	0
_ElectronIDSF_down	0.512935	0.111923	0
_TriggerSF_up	0.539453	0.111923	0
_TriggerSF_down	0.541259	0.111923	0
_PU_up	0.53086	0.111923	0
_PU_down	0.561287	0.111923	0
_JetEn_up	0.544639	0.111923	0
_JetEn_down	0.547943	0.111923	0
_JetRes_up	0.537518	0.111923	0
_JetRes_down	0.548446	0.111923	0
_Unclustered_up	0.547387	0.111923	0
_Unclustered_down	0.54574	0.111923	0
_BTagSFEff_up	0.544716	0.111923	0
_BTagSFEff_down	0.543349	0.111923	0
_BTagSFMiss_up	0.543424	0.111923	0
_BTagSFMiss_down	0.541259	0.111923	0
_JetMass_up	0.539086	0.111923	0
_JetMass_down	0.562642	0.111923	0
_JetMassRes_up	0.548178	0.111923	0
_JetMassRes_down	0.53761	0.111923	0
_Tau21_up	0.591286	0.111923	0
_Tau21_down	0.500638	0.111923	0

################ Sources ################
Source	SystTotal	SystPrompt	SystFake	Signal
Stat 28.25 26.29  106.00  -nan  0.63
Lumi 2.08  2.50 -  -  2.50
PDF  -  -  -  -  2.36
MuonPt  9.16 11.02  -  -  0.29
MuonID  1.15 1.39  -  -  1.78
ElectronE  1.44 1.73  -  -  0.02
ElectronID  4.06 4.88  -  -  1.86
Trigger  1.46 1.75  -  -  0.13
PU  2.37 2.85  -  -  0.92
JES  0.61 0.73  -  -  0.18
JER  1.34 1.61  -  -  0.14
Uncl  0.53 0.63  -  -  0.08
BEff  0.90 1.08  -  -  0.44
BMiss  1.16 1.40  -  -  0.53
JMS  1.78 2.15  -  -  0.11
JMR  1.33 1.60  -  -  0.08
Tau21  6.87 8.27  -  -  8.18
MCNorm 30.34  36.52 -  -  -
Fake 5.07  -  30.00 - -
CF 0.00  -  -  -nan -
Total Systematic 33.45 39.79  30.00  -nan  9.32

Total Background	0.662
- Prompt	0.550
- Fake	0.112
- CF	0.000

####### Result #######
Signal Eff	0.267699
0.661869 1.437856
0.033715 1.093451
