
Processing Bin2_HNMuMu_100.C...
[AnalysisInputs::SetMCSF] Get MC SF from /home/jskim/Documents/trilepton_13TeV/DiLepton/data/v8-0-7.32/MCSF.txt
[AnalysisInputs::SetMCSF] sample : VVV
[AnalysisInputs::SetMCSF] => MCSF = 1, MCSF_err = 0.5
[AnalysisInputs::SetMCSF] sample : WWW
[AnalysisInputs::SetMCSF] => MCSF = 1, MCSF_err = 0.5
[AnalysisInputs::SetMCSF] sample : WWZ
[AnalysisInputs::SetMCSF] => MCSF = 1, MCSF_err = 0.5
[AnalysisInputs::SetMCSF] sample : WZZ
[AnalysisInputs::SetMCSF] => MCSF = 1, MCSF_err = 0.5
[AnalysisInputs::SetMCSF] sample : ZZZ
[AnalysisInputs::SetMCSF] => MCSF = 1, MCSF_err = 0.5
[AnalysisInputs::SetMCSF] sample : ttV
[AnalysisInputs::SetMCSF] => MCSF = 1, MCSF_err = 0.5
[AnalysisInputs::SetMCSF] sample : ttW
[AnalysisInputs::SetMCSF] => MCSF = 1, MCSF_err = 0.5
[AnalysisInputs::SetMCSF] sample : ttZ
[AnalysisInputs::SetMCSF] => MCSF = 1, MCSF_err = 0.5
[AnalysisInputs::SetMCSF] sample : ttH_nonbb
[AnalysisInputs::SetMCSF] => MCSF = 1, MCSF_err = 0.5
[AnalysisInputs::SetMCSF] sample : top
[AnalysisInputs::SetMCSF] => MCSF = 1, MCSF_err = 0.5
[AnalysisInputs::SetMCSF] sample : WZTo3LNu_powheg
[AnalysisInputs::SetMCSF] => MCSF = 0.990529, MCSF_err = 0.0659614
[AnalysisInputs::SetMCSF] sample : ZGto2LG
[AnalysisInputs::SetMCSF] => MCSF = 0.779045, MCSF_err = 0.182441
[AnalysisInputs::SetMCSF] sample : ZZTo4L_powheg
[AnalysisInputs::SetMCSF] => MCSF = 0.93079, MCSF_err = 0.110885
[AnalysisInputs::SetMCSF] sample : ggZZto2e2mu
[AnalysisInputs::SetMCSF] => MCSF = 0.93079, MCSF_err = 0.110885
[AnalysisInputs::SetMCSF] sample : ggZZto2e2nu
[AnalysisInputs::SetMCSF] => MCSF = 0.93079, MCSF_err = 0.110885
[AnalysisInputs::SetMCSF] sample : ggZZto2e2tau
[AnalysisInputs::SetMCSF] => MCSF = 0.93079, MCSF_err = 0.110885
[AnalysisInputs::SetMCSF] sample : ggZZto2mu2nu
[AnalysisInputs::SetMCSF] => MCSF = 0.93079, MCSF_err = 0.110885
[AnalysisInputs::SetMCSF] sample : ggZZto2mu2tau
[AnalysisInputs::SetMCSF] => MCSF = 0.93079, MCSF_err = 0.110885
[AnalysisInputs::SetMCSF] sample : ggZZto4e
[AnalysisInputs::SetMCSF] => MCSF = 0.93079, MCSF_err = 0.110885
[AnalysisInputs::SetMCSF] sample : ggZZto4mu
[AnalysisInputs::SetMCSF] => MCSF = 0.93079, MCSF_err = 0.110885
[AnalysisInputs::SetMCSF] sample : ggZZto4tau
[AnalysisInputs::SetMCSF] => MCSF = 0.93079, MCSF_err = 0.110885
[AnalysisInputs::SetCalculatedSysts] Get Systematics from /home/jskim/Documents/trilepton_13TeV/DiLepton/data/v8-0-7.32/Syst.txt
[AnalysisInputs::SetCalculatedSysts] source : Luminosity
[AnalysisInputs::SetCalculatedSysts] => % sysematic = 0.025
[AnalysisInputs::SetCalculatedSysts] source : FakeLooseID
[AnalysisInputs::SetCalculatedSysts] => % sysematic = 0.3
[AnalysisInputs::SetCalculatedSysts] source : ChrageFlipSyst
[AnalysisInputs::SetCalculatedSysts] => % sysematic = 0.21
[CutRangeInfo::ReadCutCard] Get Cutcard from /home/jskim/Documents/trilepton_13TeV/DiLepton/data/v8-0-7.32/CutOpCard/OPTIMIZED_171021_MuMu_HighMass_Bin2/HNMuMu_100.txt
prompt_tau21_syst = 0.437036
signal_tau21_syst = 0.0529204
Central	5.77235	2.12388	0
_MuonEn_up	5.9236	2.12388	0
_MuonEn_down	5.44577	2.12388	0
_MuonIDSF_up	6.03318	2.12388	0
_MuonIDSF_down	5.5677	2.12388	0
_ElectronEn_up	5.76268	2.12388	0
_ElectronEn_down	5.88655	2.12388	0
_ElectronIDSF_up	5.79756	2.12388	0
_ElectronIDSF_down	5.76293	2.12388	0
_TriggerSF_up	5.73373	2.12388	0
_TriggerSF_down	5.76362	2.12388	0
_PU_up	5.72345	2.12388	0
_PU_down	5.70074	2.12388	0
_JetEn_up	5.5983	2.12388	0
_JetEn_down	6.01999	2.12388	0
_JetRes_up	5.74945	2.12388	0
_JetRes_down	5.64096	2.12388	0
_Unclustered_up	5.73732	2.12388	0
_Unclustered_down	5.81114	2.12388	0
_BTagSFEff_up	5.65988	2.12388	0
_BTagSFEff_down	5.77983	2.12388	0
_BTagSFMiss_up	5.6331	2.12388	0
_BTagSFMiss_down	5.78943	2.12388	0
_JetMass_up	5.77175	2.12388	0
_JetMass_down	5.67069	2.12388	0
_JetMassRes_up	5.75091	2.12388	0
_JetMassRes_down	5.76723	2.12388	0

################ Sources ################
Source	SystTotal	SystPrompt	SystFake	Signal
Stat 8.15 7.93  21.27  -nan  27.15
Lumi 1.83  2.50 -  -  2.50
PDF  -  -  -  -  2.50
MuonPt  3.22 4.41  -  -  0.00
MuonID  2.97 4.06  -  -  6.63
ElectronE  1.03 1.40  -  -  0.00
ElectronID  0.24 0.33  -  -  0.00
Trigger  0.35 0.49  -  -  0.19
PU  0.78 1.06  -  -  1.13
JES  2.71 3.71  -  -  0.00
JER  1.19 1.63  -  -  5.77
Uncl  0.47 0.64  -  -  5.51
BEff  1.01 1.38  -  -  5.77
BMiss  1.26 1.72  -  -  0.00
JMS  0.91 1.25  -  -  0.04
JMR  0.20 0.27  -  -  0.00
Tau21 5.53  7.57 -  -  7.21
MCNorm 14.60  19.97 -  -  -
Fake 8.07  -  30.00 - -
CF 0.00  -  -  -nan -
Total Systematic 18.60 22.92  30.00  -nan  12.44

Total Background	7.896
- Prompt	5.772
- Fake	2.124
- CF	0.000

####### Result #######
Signal Eff	0.000212
7.896232 1.203017
0.734270 1.307193
