
Processing Bin2_HNMuMu_500.C...
[AnalysisInputs::SetMCSF] Get MC SF from /home/jskim/Documents/trilepton_13TeV/DiLepton/data/v8-0-7.32/MCSF.txt
[AnalysisInputs::SetMCSF] sample : VVV
[AnalysisInputs::SetMCSF] => MCSF = 1, MCSF_err = 0.5
[AnalysisInputs::SetMCSF] sample : WWW
[AnalysisInputs::SetMCSF] => MCSF = 1, MCSF_err = 0.5
[AnalysisInputs::SetMCSF] sample : WWZ
[AnalysisInputs::SetMCSF] => MCSF = 1, MCSF_err = 0.5
[AnalysisInputs::SetMCSF] sample : WZZ
[AnalysisInputs::SetMCSF] => MCSF = 1, MCSF_err = 0.5
[AnalysisInputs::SetMCSF] sample : ZZZ
[AnalysisInputs::SetMCSF] => MCSF = 1, MCSF_err = 0.5
[AnalysisInputs::SetMCSF] sample : ttV
[AnalysisInputs::SetMCSF] => MCSF = 1, MCSF_err = 0.5
[AnalysisInputs::SetMCSF] sample : ttW
[AnalysisInputs::SetMCSF] => MCSF = 1, MCSF_err = 0.5
[AnalysisInputs::SetMCSF] sample : ttZ
[AnalysisInputs::SetMCSF] => MCSF = 1, MCSF_err = 0.5
[AnalysisInputs::SetMCSF] sample : ttH_nonbb
[AnalysisInputs::SetMCSF] => MCSF = 1, MCSF_err = 0.5
[AnalysisInputs::SetMCSF] sample : top
[AnalysisInputs::SetMCSF] => MCSF = 1, MCSF_err = 0.5
[AnalysisInputs::SetMCSF] sample : WZTo3LNu_powheg
[AnalysisInputs::SetMCSF] => MCSF = 0.990529, MCSF_err = 0.0659614
[AnalysisInputs::SetMCSF] sample : ZGto2LG
[AnalysisInputs::SetMCSF] => MCSF = 0.779045, MCSF_err = 0.182441
[AnalysisInputs::SetMCSF] sample : ZZTo4L_powheg
[AnalysisInputs::SetMCSF] => MCSF = 0.93079, MCSF_err = 0.110885
[AnalysisInputs::SetMCSF] sample : ggZZto2e2mu
[AnalysisInputs::SetMCSF] => MCSF = 0.93079, MCSF_err = 0.110885
[AnalysisInputs::SetMCSF] sample : ggZZto2e2nu
[AnalysisInputs::SetMCSF] => MCSF = 0.93079, MCSF_err = 0.110885
[AnalysisInputs::SetMCSF] sample : ggZZto2e2tau
[AnalysisInputs::SetMCSF] => MCSF = 0.93079, MCSF_err = 0.110885
[AnalysisInputs::SetMCSF] sample : ggZZto2mu2nu
[AnalysisInputs::SetMCSF] => MCSF = 0.93079, MCSF_err = 0.110885
[AnalysisInputs::SetMCSF] sample : ggZZto2mu2tau
[AnalysisInputs::SetMCSF] => MCSF = 0.93079, MCSF_err = 0.110885
[AnalysisInputs::SetMCSF] sample : ggZZto4e
[AnalysisInputs::SetMCSF] => MCSF = 0.93079, MCSF_err = 0.110885
[AnalysisInputs::SetMCSF] sample : ggZZto4mu
[AnalysisInputs::SetMCSF] => MCSF = 0.93079, MCSF_err = 0.110885
[AnalysisInputs::SetMCSF] sample : ggZZto4tau
[AnalysisInputs::SetMCSF] => MCSF = 0.93079, MCSF_err = 0.110885
[AnalysisInputs::SetCalculatedSysts] Get Systematics from /home/jskim/Documents/trilepton_13TeV/DiLepton/data/v8-0-7.32/Syst.txt
[AnalysisInputs::SetCalculatedSysts] source : Luminosity
[AnalysisInputs::SetCalculatedSysts] => % sysematic = 0.025
[AnalysisInputs::SetCalculatedSysts] source : FakeLooseID
[AnalysisInputs::SetCalculatedSysts] => % sysematic = 0.3
[AnalysisInputs::SetCalculatedSysts] source : ChrageFlipSyst
[AnalysisInputs::SetCalculatedSysts] => % sysematic = 0.21
[CutRangeInfo::ReadCutCard] Get Cutcard from /home/jskim/Documents/trilepton_13TeV/DiLepton/data/v8-0-7.32/CutOpCard/OPTIMIZED_171021_MuMu_HighMass_Bin2/HNMuMu_500.txt
prompt_tau21_syst = 0.0660244
signal_tau21_syst = 0.0584417
Central	0.914778	0	0
_MuonEn_up	1.19496	0	0
_MuonEn_down	0.707407	0	0
_MuonIDSF_up	0.939243	0	0
_MuonIDSF_down	0.900946	0	0
_ElectronEn_up	0.900609	0	0
_ElectronEn_down	0.903517	0	0
_ElectronIDSF_up	0.920649	0	0
_ElectronIDSF_down	0.899764	0	0
_TriggerSF_up	0.905507	0	0
_TriggerSF_down	0.907177	0	0
_PU_up	0.928472	0	0
_PU_down	0.907319	0	0
_JetEn_up	0.919769	0	0
_JetEn_down	0.982116	0	0
_JetRes_up	0.936892	0	0
_JetRes_down	0.903064	0	0
_Unclustered_up	0.948129	0	0
_Unclustered_down	0.969118	0	0
_BTagSFEff_up	0.890985	0	0
_BTagSFEff_down	0.914235	0	0
_BTagSFMiss_up	0.88717	0	0
_BTagSFMiss_down	0.899787	0	0
_JetMass_up	0.900975	0	0
_JetMass_down	0.890122	0	0
_JetMassRes_up	0.897914	0	0
_JetMassRes_down	0.880888	0	0

################ Sources ################
Source	SystTotal	SystPrompt	SystFake	Signal
Stat 19.85 19.85  -nan  -nan  1.08
Lumi 2.50  2.50 -  -  2.50
PDF  -  -  -  -  2.50
MuonPt  26.94 26.94  -  -  2.29
MuonID  2.17 2.17  -  -  4.22
ElectronE  1.40 1.40  -  -  0.11
ElectronID  1.25 1.25  -  -  0.06
Trigger  0.93 0.93  -  -  0.06
PU  1.21 1.21  -  -  0.80
JES  5.22 5.22  -  -  0.11
JER  1.93 1.93  -  -  0.26
Uncl  4.93 4.93  -  -  0.04
BEff  1.84 1.84  -  -  0.35
BMiss  2.43 2.43  -  -  0.46
JMS  2.18 2.18  -  -  0.11
JMR  2.93 2.93  -  -  0.08
Tau21 7.22  7.22 -  -  7.30
MCNorm 19.58  19.58 -  -  -
Fake 0.00  -  -nan - -
CF 0.00  -  -  -nan -
Total Systematic 35.44 35.44  -nan  -nan  6.05

Total Background	0.915
- Prompt	0.915
- Fake	0.000
- CF	0.000

####### Result #######
Signal Eff	0.239760
0.914778 1.406259
0.800926 1.095413
