
Processing Bin2_HNMuMu_600.C...
[AnalysisInputs::SetMCSF] Get MC SF from /home/jskim/Documents/trilepton_13TeV/DiLepton/data/v8-0-7.32/MCSF.txt
[AnalysisInputs::SetMCSF] sample : VVV
[AnalysisInputs::SetMCSF] => MCSF = 1, MCSF_err = 0.5
[AnalysisInputs::SetMCSF] sample : WWW
[AnalysisInputs::SetMCSF] => MCSF = 1, MCSF_err = 0.5
[AnalysisInputs::SetMCSF] sample : WWZ
[AnalysisInputs::SetMCSF] => MCSF = 1, MCSF_err = 0.5
[AnalysisInputs::SetMCSF] sample : WZZ
[AnalysisInputs::SetMCSF] => MCSF = 1, MCSF_err = 0.5
[AnalysisInputs::SetMCSF] sample : ZZZ
[AnalysisInputs::SetMCSF] => MCSF = 1, MCSF_err = 0.5
[AnalysisInputs::SetMCSF] sample : ttV
[AnalysisInputs::SetMCSF] => MCSF = 1, MCSF_err = 0.5
[AnalysisInputs::SetMCSF] sample : ttW
[AnalysisInputs::SetMCSF] => MCSF = 1, MCSF_err = 0.5
[AnalysisInputs::SetMCSF] sample : ttZ
[AnalysisInputs::SetMCSF] => MCSF = 1, MCSF_err = 0.5
[AnalysisInputs::SetMCSF] sample : ttH_nonbb
[AnalysisInputs::SetMCSF] => MCSF = 1, MCSF_err = 0.5
[AnalysisInputs::SetMCSF] sample : top
[AnalysisInputs::SetMCSF] => MCSF = 1, MCSF_err = 0.5
[AnalysisInputs::SetMCSF] sample : WZTo3LNu_powheg
[AnalysisInputs::SetMCSF] => MCSF = 0.990529, MCSF_err = 0.0659614
[AnalysisInputs::SetMCSF] sample : ZGto2LG
[AnalysisInputs::SetMCSF] => MCSF = 0.779045, MCSF_err = 0.182441
[AnalysisInputs::SetMCSF] sample : ZZTo4L_powheg
[AnalysisInputs::SetMCSF] => MCSF = 0.93079, MCSF_err = 0.110885
[AnalysisInputs::SetMCSF] sample : ggZZto2e2mu
[AnalysisInputs::SetMCSF] => MCSF = 0.93079, MCSF_err = 0.110885
[AnalysisInputs::SetMCSF] sample : ggZZto2e2nu
[AnalysisInputs::SetMCSF] => MCSF = 0.93079, MCSF_err = 0.110885
[AnalysisInputs::SetMCSF] sample : ggZZto2e2tau
[AnalysisInputs::SetMCSF] => MCSF = 0.93079, MCSF_err = 0.110885
[AnalysisInputs::SetMCSF] sample : ggZZto2mu2nu
[AnalysisInputs::SetMCSF] => MCSF = 0.93079, MCSF_err = 0.110885
[AnalysisInputs::SetMCSF] sample : ggZZto2mu2tau
[AnalysisInputs::SetMCSF] => MCSF = 0.93079, MCSF_err = 0.110885
[AnalysisInputs::SetMCSF] sample : ggZZto4e
[AnalysisInputs::SetMCSF] => MCSF = 0.93079, MCSF_err = 0.110885
[AnalysisInputs::SetMCSF] sample : ggZZto4mu
[AnalysisInputs::SetMCSF] => MCSF = 0.93079, MCSF_err = 0.110885
[AnalysisInputs::SetMCSF] sample : ggZZto4tau
[AnalysisInputs::SetMCSF] => MCSF = 0.93079, MCSF_err = 0.110885
[AnalysisInputs::SetCalculatedSysts] Get Systematics from /home/jskim/Documents/trilepton_13TeV/DiLepton/data/v8-0-7.32/Syst.txt
[AnalysisInputs::SetCalculatedSysts] source : Luminosity
[AnalysisInputs::SetCalculatedSysts] => % sysematic = 0.025
[AnalysisInputs::SetCalculatedSysts] source : FakeLooseID
[AnalysisInputs::SetCalculatedSysts] => % sysematic = 0.3
[AnalysisInputs::SetCalculatedSysts] source : ChrageFlipSyst
[AnalysisInputs::SetCalculatedSysts] => % sysematic = 0.21
[CutRangeInfo::ReadCutCard] Get Cutcard from /home/jskim/Documents/trilepton_13TeV/DiLepton/data/v8-0-7.32/CutOpCard/OPTIMIZED_171021_MuMu_HighMass_Bin2/HNMuMu_600.txt
prompt_tau21_syst = 0.0565981
signal_tau21_syst = 0.0348794
Central	0.785252	0	0
_MuonEn_up	0.832299	0	0
_MuonEn_down	0.605418	0	0
_MuonIDSF_up	0.805171	0	0
_MuonIDSF_down	0.777351	0	0
_ElectronEn_up	0.768592	0	0
_ElectronEn_down	0.77468	0	0
_ElectronIDSF_up	0.788277	0	0
_ElectronIDSF_down	0.767392	0	0
_TriggerSF_up	0.769734	0	0
_TriggerSF_down	0.77834	0	0
_PU_up	0.811747	0	0
_PU_down	0.764777	0	0
_JetEn_up	0.790858	0	0
_JetEn_down	0.85704	0	0
_JetRes_up	0.808055	0	0
_JetRes_down	0.77237	0	0
_Unclustered_up	0.816395	0	0
_Unclustered_down	0.843335	0	0
_BTagSFEff_up	0.762148	0	0
_BTagSFEff_down	0.78353	0	0
_BTagSFMiss_up	0.761384	0	0
_BTagSFMiss_down	0.77095	0	0
_JetMass_up	0.768609	0	0
_JetMass_down	0.762481	0	0
_JetMassRes_up	0.769077	0	0
_JetMassRes_down	0.75906	0	0

################ Sources ################
Source	SystTotal	SystPrompt	SystFake	Signal
Stat 22.19 22.19  -nan  -nan  0.88
Lumi 2.50  2.50 -  -  2.50
PDF  -  -  -  -  2.50
MuonPt  16.74 16.74  -  -  1.16
MuonID  1.93 1.93  -  -  4.11
ElectronE  1.78 1.78  -  -  0.13
ElectronID  1.63 1.63  -  -  0.12
Trigger  1.53 1.53  -  -  0.12
PU  3.02 3.02  -  -  0.74
JES  6.48 6.48  -  -  0.14
JER  2.36 2.36  -  -  0.13
Uncl  5.93 5.93  -  -  0.11
BEff  2.09 2.09  -  -  0.38
BMiss  2.51 2.51  -  -  0.57
JMS  2.54 2.54  -  -  0.06
JMR  2.77 2.77  -  -  0.14
Tau21 7.21  7.21 -  -  7.30
MCNorm 16.06  16.06 -  -  -
Fake 0.00  -  -nan - -
CF 0.00  -  -  -nan -
Total Systematic 26.92 26.92  -nan  -nan  5.65

Total Background	0.785
- Prompt	0.785
- Fake	0.000
- CF	0.000

####### Result #######
Signal Eff	0.300183
0.785252 1.348856
0.477581 1.092753
