
Processing Bin2_HNMuMu_400.C...
[AnalysisInputs::SetMCSF] Get MC SF from /home/jskim/Documents/trilepton_13TeV/DiLepton/data/v8-0-7.32/MCSF.txt
[AnalysisInputs::SetMCSF] sample : VVV
[AnalysisInputs::SetMCSF] => MCSF = 1, MCSF_err = 0.5
[AnalysisInputs::SetMCSF] sample : WWW
[AnalysisInputs::SetMCSF] => MCSF = 1, MCSF_err = 0.5
[AnalysisInputs::SetMCSF] sample : WWZ
[AnalysisInputs::SetMCSF] => MCSF = 1, MCSF_err = 0.5
[AnalysisInputs::SetMCSF] sample : WZZ
[AnalysisInputs::SetMCSF] => MCSF = 1, MCSF_err = 0.5
[AnalysisInputs::SetMCSF] sample : ZZZ
[AnalysisInputs::SetMCSF] => MCSF = 1, MCSF_err = 0.5
[AnalysisInputs::SetMCSF] sample : ttV
[AnalysisInputs::SetMCSF] => MCSF = 1, MCSF_err = 0.5
[AnalysisInputs::SetMCSF] sample : ttW
[AnalysisInputs::SetMCSF] => MCSF = 1, MCSF_err = 0.5
[AnalysisInputs::SetMCSF] sample : ttZ
[AnalysisInputs::SetMCSF] => MCSF = 1, MCSF_err = 0.5
[AnalysisInputs::SetMCSF] sample : ttH_nonbb
[AnalysisInputs::SetMCSF] => MCSF = 1, MCSF_err = 0.5
[AnalysisInputs::SetMCSF] sample : top
[AnalysisInputs::SetMCSF] => MCSF = 1, MCSF_err = 0.5
[AnalysisInputs::SetMCSF] sample : WZTo3LNu_powheg
[AnalysisInputs::SetMCSF] => MCSF = 0.990529, MCSF_err = 0.0659614
[AnalysisInputs::SetMCSF] sample : ZGto2LG
[AnalysisInputs::SetMCSF] => MCSF = 0.779045, MCSF_err = 0.182441
[AnalysisInputs::SetMCSF] sample : ZZTo4L_powheg
[AnalysisInputs::SetMCSF] => MCSF = 0.93079, MCSF_err = 0.110885
[AnalysisInputs::SetMCSF] sample : ggZZto2e2mu
[AnalysisInputs::SetMCSF] => MCSF = 0.93079, MCSF_err = 0.110885
[AnalysisInputs::SetMCSF] sample : ggZZto2e2nu
[AnalysisInputs::SetMCSF] => MCSF = 0.93079, MCSF_err = 0.110885
[AnalysisInputs::SetMCSF] sample : ggZZto2e2tau
[AnalysisInputs::SetMCSF] => MCSF = 0.93079, MCSF_err = 0.110885
[AnalysisInputs::SetMCSF] sample : ggZZto2mu2nu
[AnalysisInputs::SetMCSF] => MCSF = 0.93079, MCSF_err = 0.110885
[AnalysisInputs::SetMCSF] sample : ggZZto2mu2tau
[AnalysisInputs::SetMCSF] => MCSF = 0.93079, MCSF_err = 0.110885
[AnalysisInputs::SetMCSF] sample : ggZZto4e
[AnalysisInputs::SetMCSF] => MCSF = 0.93079, MCSF_err = 0.110885
[AnalysisInputs::SetMCSF] sample : ggZZto4mu
[AnalysisInputs::SetMCSF] => MCSF = 0.93079, MCSF_err = 0.110885
[AnalysisInputs::SetMCSF] sample : ggZZto4tau
[AnalysisInputs::SetMCSF] => MCSF = 0.93079, MCSF_err = 0.110885
[AnalysisInputs::SetCalculatedSysts] Get Systematics from /home/jskim/Documents/trilepton_13TeV/DiLepton/data/v8-0-7.32/Syst.txt
[AnalysisInputs::SetCalculatedSysts] source : Luminosity
[AnalysisInputs::SetCalculatedSysts] => % sysematic = 0.025
[AnalysisInputs::SetCalculatedSysts] source : FakeLooseID
[AnalysisInputs::SetCalculatedSysts] => % sysematic = 0.3
[AnalysisInputs::SetCalculatedSysts] source : ChrageFlipSyst
[AnalysisInputs::SetCalculatedSysts] => % sysematic = 0.21
[CutRangeInfo::ReadCutCard] Get Cutcard from /home/jskim/Documents/trilepton_13TeV/DiLepton/data/v8-0-7.32/CutOpCard/OPTIMIZED_171021_MuMu_HighMass_Bin2/HNMuMu_400.txt
prompt_tau21_syst = 0.0768302
signal_tau21_syst = 0.0890191
Central	1.05863	0	0
_MuonEn_up	1.42162	0	0
_MuonEn_down	0.881612	0	0
_MuonIDSF_up	1.07723	0	0
_MuonIDSF_down	1.03298	0	0
_ElectronEn_up	1.04443	0	0
_ElectronEn_down	1.03139	0	0
_ElectronIDSF_up	1.06312	0	0
_ElectronIDSF_down	1.03976	0	0
_TriggerSF_up	1.04371	0	0
_TriggerSF_down	1.03682	0	0
_PU_up	1.08358	0	0
_PU_down	1.02599	0	0
_JetEn_up	1.05697	0	0
_JetEn_down	1.11421	0	0
_JetRes_up	1.07425	0	0
_JetRes_down	1.03405	0	0
_Unclustered_up	1.08221	0	0
_Unclustered_down	1.10561	0	0
_BTagSFEff_up	1.02127	0	0
_BTagSFEff_down	1.04897	0	0
_BTagSFMiss_up	1.02312	0	0
_BTagSFMiss_down	1.03626	0	0
_JetMass_up	1.03278	0	0
_JetMass_down	1.02104	0	0
_JetMassRes_up	1.04272	0	0
_JetMassRes_down	1.01734	0	0

################ Sources ################
Source	SystTotal	SystPrompt	SystFake	Signal
Stat 18.64 18.64  -nan  -nan  1.22
Lumi 2.50  2.50 -  -  2.50
PDF  -  -  -  -  2.50
MuonPt  26.98 26.98  -  -  4.89
MuonID  2.12 2.12  -  -  4.27
ElectronE  2.05 2.05  -  -  0.13
ElectronID  1.30 1.30  -  -  0.11
Trigger  1.77 1.77  -  -  0.02
PU  2.74 2.74  -  -  0.94
JES  3.71 3.71  -  -  0.17
JER  1.95 1.95  -  -  0.25
Uncl  3.51 3.51  -  -  0.10
BEff  2.58 2.58  -  -  0.43
BMiss  2.80 2.80  -  -  0.42
JMS  3.05 3.05  -  -  0.16
JMR  2.96 2.96  -  -  0.23
Tau21 7.26  7.26 -  -  7.30
MCNorm 19.82  19.82 -  -  -
Fake 0.00  -  -nan - -
CF 0.00  -  -  -nan -
Total Systematic 35.54 35.54  -nan  -nan  7.49

Total Background	1.059
- Prompt	1.059
- Fake	0.000
- CF	0.000

####### Result #######
Signal Eff	0.152450
1.058627 1.401287
1.219588 1.105267
