
Processing CyclesForOptimization_MuEl_Bin2/HNMuEl_200.C...
[AnalysisInputs::SetMCSF] Get MC SF from /data8/Users/jskim/HN_dilepton_plotter/data/v8-0-7.37_PreApproval/MCSF.txt
[AnalysisInputs::SetMCSF] sample : VVV
[AnalysisInputs::SetMCSF] => MCSF = 1, MCSF_err = 0.5
[AnalysisInputs::SetMCSF] sample : WWW
[AnalysisInputs::SetMCSF] => MCSF = 1, MCSF_err = 0.5
[AnalysisInputs::SetMCSF] sample : WWZ
[AnalysisInputs::SetMCSF] => MCSF = 1, MCSF_err = 0.5
[AnalysisInputs::SetMCSF] sample : WZZ
[AnalysisInputs::SetMCSF] => MCSF = 1, MCSF_err = 0.5
[AnalysisInputs::SetMCSF] sample : ZZZ
[AnalysisInputs::SetMCSF] => MCSF = 1, MCSF_err = 0.5
[AnalysisInputs::SetMCSF] sample : ttV
[AnalysisInputs::SetMCSF] => MCSF = 1, MCSF_err = 0.5
[AnalysisInputs::SetMCSF] sample : ttW
[AnalysisInputs::SetMCSF] => MCSF = 1, MCSF_err = 0.5
[AnalysisInputs::SetMCSF] sample : ttZ
[AnalysisInputs::SetMCSF] => MCSF = 1, MCSF_err = 0.5
[AnalysisInputs::SetMCSF] sample : ttH_nonbb
[AnalysisInputs::SetMCSF] => MCSF = 1, MCSF_err = 0.5
[AnalysisInputs::SetMCSF] sample : top
[AnalysisInputs::SetMCSF] => MCSF = 1, MCSF_err = 0.5
[AnalysisInputs::SetMCSF] sample : WWTo2L2Nu_DS
[AnalysisInputs::SetMCSF] => MCSF = 1, MCSF_err = 0.5
[AnalysisInputs::SetMCSF] sample : WpWpEWK
[AnalysisInputs::SetMCSF] => MCSF = 1, MCSF_err = 0.5
[AnalysisInputs::SetMCSF] sample : WpWpQCD
[AnalysisInputs::SetMCSF] => MCSF = 1, MCSF_err = 0.5
[AnalysisInputs::SetMCSF] sample : WZTo3LNu_mllmin01
[AnalysisInputs::SetMCSF] => MCSF = 0.65, MCSF_err = 0.06
[AnalysisInputs::SetMCSF] sample : WZTo3LNu_powheg
[AnalysisInputs::SetMCSF] => MCSF = 1.05044, MCSF_err = 0.0648798
[AnalysisInputs::SetMCSF] sample : ZGto2LG
[AnalysisInputs::SetMCSF] => MCSF = 1.09954, MCSF_err = 0.076377
[AnalysisInputs::SetMCSF] sample : WGtoLNuG
[AnalysisInputs::SetMCSF] => MCSF = 1, MCSF_err = 0.076377
[AnalysisInputs::SetMCSF] sample : WGtoLNuG_weighted
[AnalysisInputs::SetMCSF] => MCSF = 1, MCSF_err = 0.076377
[AnalysisInputs::SetMCSF] sample : ZZTo4L_powheg
[AnalysisInputs::SetMCSF] => MCSF = 0.978852, MCSF_err = 0.0792882
[AnalysisInputs::SetMCSF] sample : ggZZto2e2mu
[AnalysisInputs::SetMCSF] => MCSF = 0.978852, MCSF_err = 0.0792882
[AnalysisInputs::SetMCSF] sample : ggZZto2e2nu
[AnalysisInputs::SetMCSF] => MCSF = 0.978852, MCSF_err = 0.0792882
[AnalysisInputs::SetMCSF] sample : ggZZto2e2tau
[AnalysisInputs::SetMCSF] => MCSF = 0.978852, MCSF_err = 0.0792882
[AnalysisInputs::SetMCSF] sample : ggZZto2mu2nu
[AnalysisInputs::SetMCSF] => MCSF = 0.978852, MCSF_err = 0.0792882
[AnalysisInputs::SetMCSF] sample : ggZZto2mu2tau
[AnalysisInputs::SetMCSF] => MCSF = 0.978852, MCSF_err = 0.0792882
[AnalysisInputs::SetMCSF] sample : ggZZto4e
[AnalysisInputs::SetMCSF] => MCSF = 0.978852, MCSF_err = 0.0792882
[AnalysisInputs::SetMCSF] sample : ggZZto4mu
[AnalysisInputs::SetMCSF] => MCSF = 0.978852, MCSF_err = 0.0792882
[AnalysisInputs::SetMCSF] sample : ggZZto4tau
[AnalysisInputs::SetMCSF] => MCSF = 0.978852, MCSF_err = 0.0792882
[AnalysisInputs::SetMCSF] sample : ggHtoZZ
[AnalysisInputs::SetMCSF] => MCSF = 0.978852, MCSF_err = 0.0792882
[AnalysisInputs::SetCalculatedSysts] Get Systematics from /data8/Users/jskim/HN_dilepton_plotter/data/v8-0-7.37_PreApproval/Syst.txt
[AnalysisInputs::SetCalculatedSysts] source : Luminosity
[AnalysisInputs::SetCalculatedSysts] => % sysematic = 0.025
[AnalysisInputs::SetCalculatedSysts] source : FakeLooseID
[AnalysisInputs::SetCalculatedSysts] => % sysematic = 0.3
[AnalysisInputs::SetCalculatedSysts] source : ChrageFlipSyst
[AnalysisInputs::SetCalculatedSysts] => % sysematic = 0.16
[CutRangeInfo::ReadCutCard] Get Cutcard from /data8/Users/jskim/HN_dilepton_plotter/data/v8-0-7.37_PreApproval/CutOpCard/RunDirectory/CyclesForOptimization_MuEl_Bin2/Cards//HNMuEl_200.txt

##################################################
#### TOTAL # of Loop = 3721
##################################################

[CutRangeInfo::PrintCutRangeInfo] leadingLepton_Pt_>
[CutInfo::PrintCutInfo] leadingLepton_Pt	>	70
[CutRangeInfo::PrintCutRangeInfo] m_SubLeadljj_jjWclosest_<
[CutInfo::PrintCutInfo] m_SubLeadljj_jjWclosest	<	500
[CutInfo::PrintCutInfo] m_SubLeadljj_jjWclosest	<	495
[CutInfo::PrintCutInfo] m_SubLeadljj_jjWclosest	<	490
[CutInfo::PrintCutInfo] m_SubLeadljj_jjWclosest	<	485
[CutInfo::PrintCutInfo] m_SubLeadljj_jjWclosest	<	480
[CutInfo::PrintCutInfo] m_SubLeadljj_jjWclosest	<	475
[CutInfo::PrintCutInfo] m_SubLeadljj_jjWclosest	<	470
[CutInfo::PrintCutInfo] m_SubLeadljj_jjWclosest	<	465
[CutInfo::PrintCutInfo] m_SubLeadljj_jjWclosest	<	460
[CutInfo::PrintCutInfo] m_SubLeadljj_jjWclosest	<	455
[CutInfo::PrintCutInfo] m_SubLeadljj_jjWclosest	<	450
[CutInfo::PrintCutInfo] m_SubLeadljj_jjWclosest	<	445
[CutInfo::PrintCutInfo] m_SubLeadljj_jjWclosest	<	440
[CutInfo::PrintCutInfo] m_SubLeadljj_jjWclosest	<	435
[CutInfo::PrintCutInfo] m_SubLeadljj_jjWclosest	<	430
[CutInfo::PrintCutInfo] m_SubLeadljj_jjWclosest	<	425
[CutInfo::PrintCutInfo] m_SubLeadljj_jjWclosest	<	420
[CutInfo::PrintCutInfo] m_SubLeadljj_jjWclosest	<	415
[CutInfo::PrintCutInfo] m_SubLeadljj_jjWclosest	<	410
[CutInfo::PrintCutInfo] m_SubLeadljj_jjWclosest	<	405
[CutInfo::PrintCutInfo] m_SubLeadljj_jjWclosest	<	400
[CutInfo::PrintCutInfo] m_SubLeadljj_jjWclosest	<	395
[CutInfo::PrintCutInfo] m_SubLeadljj_jjWclosest	<	390
[CutInfo::PrintCutInfo] m_SubLeadljj_jjWclosest	<	385
[CutInfo::PrintCutInfo] m_SubLeadljj_jjWclosest	<	380
[CutInfo::PrintCutInfo] m_SubLeadljj_jjWclosest	<	375
[CutInfo::PrintCutInfo] m_SubLeadljj_jjWclosest	<	370
[CutInfo::PrintCutInfo] m_SubLeadljj_jjWclosest	<	365
[CutInfo::PrintCutInfo] m_SubLeadljj_jjWclosest	<	360
[CutInfo::PrintCutInfo] m_SubLeadljj_jjWclosest	<	355
[CutInfo::PrintCutInfo] m_SubLeadljj_jjWclosest	<	350
[CutInfo::PrintCutInfo] m_SubLeadljj_jjWclosest	<	345
[CutInfo::PrintCutInfo] m_SubLeadljj_jjWclosest	<	340
[CutInfo::PrintCutInfo] m_SubLeadljj_jjWclosest	<	335
[CutInfo::PrintCutInfo] m_SubLeadljj_jjWclosest	<	330
[CutInfo::PrintCutInfo] m_SubLeadljj_jjWclosest	<	325
[CutInfo::PrintCutInfo] m_SubLeadljj_jjWclosest	<	320
[CutInfo::PrintCutInfo] m_SubLeadljj_jjWclosest	<	315
[CutInfo::PrintCutInfo] m_SubLeadljj_jjWclosest	<	310
[CutInfo::PrintCutInfo] m_SubLeadljj_jjWclosest	<	305
[CutInfo::PrintCutInfo] m_SubLeadljj_jjWclosest	<	300
[CutInfo::PrintCutInfo] m_SubLeadljj_jjWclosest	<	295
[CutInfo::PrintCutInfo] m_SubLeadljj_jjWclosest	<	290
[CutInfo::PrintCutInfo] m_SubLeadljj_jjWclosest	<	285
[CutInfo::PrintCutInfo] m_SubLeadljj_jjWclosest	<	280
[CutInfo::PrintCutInfo] m_SubLeadljj_jjWclosest	<	275
[CutInfo::PrintCutInfo] m_SubLeadljj_jjWclosest	<	270
[CutInfo::PrintCutInfo] m_SubLeadljj_jjWclosest	<	265
[CutInfo::PrintCutInfo] m_SubLeadljj_jjWclosest	<	260
[CutInfo::PrintCutInfo] m_SubLeadljj_jjWclosest	<	255
[CutInfo::PrintCutInfo] m_SubLeadljj_jjWclosest	<	250
[CutInfo::PrintCutInfo] m_SubLeadljj_jjWclosest	<	245
[CutInfo::PrintCutInfo] m_SubLeadljj_jjWclosest	<	240
[CutInfo::PrintCutInfo] m_SubLeadljj_jjWclosest	<	235
[CutInfo::PrintCutInfo] m_SubLeadljj_jjWclosest	<	230
[CutInfo::PrintCutInfo] m_SubLeadljj_jjWclosest	<	225
[CutInfo::PrintCutInfo] m_SubLeadljj_jjWclosest	<	220
[CutInfo::PrintCutInfo] m_SubLeadljj_jjWclosest	<	215
[CutInfo::PrintCutInfo] m_SubLeadljj_jjWclosest	<	210
[CutInfo::PrintCutInfo] m_SubLeadljj_jjWclosest	<	205
[CutInfo::PrintCutInfo] m_SubLeadljj_jjWclosest	<	200
[CutRangeInfo::PrintCutRangeInfo] m_SubLeadljj_jjWclosest_>
[CutInfo::PrintCutInfo] m_SubLeadljj_jjWclosest	>	0
[CutInfo::PrintCutInfo] m_SubLeadljj_jjWclosest	>	3.33333
[CutInfo::PrintCutInfo] m_SubLeadljj_jjWclosest	>	6.66667
[CutInfo::PrintCutInfo] m_SubLeadljj_jjWclosest	>	10
[CutInfo::PrintCutInfo] m_SubLeadljj_jjWclosest	>	13.3333
[CutInfo::PrintCutInfo] m_SubLeadljj_jjWclosest	>	16.6667
[CutInfo::PrintCutInfo] m_SubLeadljj_jjWclosest	>	20
[CutInfo::PrintCutInfo] m_SubLeadljj_jjWclosest	>	23.3333
[CutInfo::PrintCutInfo] m_SubLeadljj_jjWclosest	>	26.6667
[CutInfo::PrintCutInfo] m_SubLeadljj_jjWclosest	>	30
[CutInfo::PrintCutInfo] m_SubLeadljj_jjWclosest	>	33.3333
[CutInfo::PrintCutInfo] m_SubLeadljj_jjWclosest	>	36.6667
[CutInfo::PrintCutInfo] m_SubLeadljj_jjWclosest	>	40
[CutInfo::PrintCutInfo] m_SubLeadljj_jjWclosest	>	43.3333
[CutInfo::PrintCutInfo] m_SubLeadljj_jjWclosest	>	46.6667
[CutInfo::PrintCutInfo] m_SubLeadljj_jjWclosest	>	50
[CutInfo::PrintCutInfo] m_SubLeadljj_jjWclosest	>	53.3333
[CutInfo::PrintCutInfo] m_SubLeadljj_jjWclosest	>	56.6667
[CutInfo::PrintCutInfo] m_SubLeadljj_jjWclosest	>	60
[CutInfo::PrintCutInfo] m_SubLeadljj_jjWclosest	>	63.3333
[CutInfo::PrintCutInfo] m_SubLeadljj_jjWclosest	>	66.6667
[CutInfo::PrintCutInfo] m_SubLeadljj_jjWclosest	>	70
[CutInfo::PrintCutInfo] m_SubLeadljj_jjWclosest	>	73.3333
[CutInfo::PrintCutInfo] m_SubLeadljj_jjWclosest	>	76.6667
[CutInfo::PrintCutInfo] m_SubLeadljj_jjWclosest	>	80
[CutInfo::PrintCutInfo] m_SubLeadljj_jjWclosest	>	83.3333
[CutInfo::PrintCutInfo] m_SubLeadljj_jjWclosest	>	86.6667
[CutInfo::PrintCutInfo] m_SubLeadljj_jjWclosest	>	90
[CutInfo::PrintCutInfo] m_SubLeadljj_jjWclosest	>	93.3333
[CutInfo::PrintCutInfo] m_SubLeadljj_jjWclosest	>	96.6667
[CutInfo::PrintCutInfo] m_SubLeadljj_jjWclosest	>	100
[CutInfo::PrintCutInfo] m_SubLeadljj_jjWclosest	>	103.333
[CutInfo::PrintCutInfo] m_SubLeadljj_jjWclosest	>	106.667
[CutInfo::PrintCutInfo] m_SubLeadljj_jjWclosest	>	110
[CutInfo::PrintCutInfo] m_SubLeadljj_jjWclosest	>	113.333
[CutInfo::PrintCutInfo] m_SubLeadljj_jjWclosest	>	116.667
[CutInfo::PrintCutInfo] m_SubLeadljj_jjWclosest	>	120
[CutInfo::PrintCutInfo] m_SubLeadljj_jjWclosest	>	123.333
[CutInfo::PrintCutInfo] m_SubLeadljj_jjWclosest	>	126.667
[CutInfo::PrintCutInfo] m_SubLeadljj_jjWclosest	>	130
[CutInfo::PrintCutInfo] m_SubLeadljj_jjWclosest	>	133.333
[CutInfo::PrintCutInfo] m_SubLeadljj_jjWclosest	>	136.667
[CutInfo::PrintCutInfo] m_SubLeadljj_jjWclosest	>	140
[CutInfo::PrintCutInfo] m_SubLeadljj_jjWclosest	>	143.333
[CutInfo::PrintCutInfo] m_SubLeadljj_jjWclosest	>	146.667
[CutInfo::PrintCutInfo] m_SubLeadljj_jjWclosest	>	150
[CutInfo::PrintCutInfo] m_SubLeadljj_jjWclosest	>	153.333
[CutInfo::PrintCutInfo] m_SubLeadljj_jjWclosest	>	156.667
[CutInfo::PrintCutInfo] m_SubLeadljj_jjWclosest	>	160
[CutInfo::PrintCutInfo] m_SubLeadljj_jjWclosest	>	163.333
[CutInfo::PrintCutInfo] m_SubLeadljj_jjWclosest	>	166.667
[CutInfo::PrintCutInfo] m_SubLeadljj_jjWclosest	>	170
[CutInfo::PrintCutInfo] m_SubLeadljj_jjWclosest	>	173.333
[CutInfo::PrintCutInfo] m_SubLeadljj_jjWclosest	>	176.667
[CutInfo::PrintCutInfo] m_SubLeadljj_jjWclosest	>	180
[CutInfo::PrintCutInfo] m_SubLeadljj_jjWclosest	>	183.333
[CutInfo::PrintCutInfo] m_SubLeadljj_jjWclosest	>	186.667
[CutInfo::PrintCutInfo] m_SubLeadljj_jjWclosest	>	190
[CutInfo::PrintCutInfo] m_SubLeadljj_jjWclosest	>	193.333
[CutInfo::PrintCutInfo] m_SubLeadljj_jjWclosest	>	196.667
[CutInfo::PrintCutInfo] m_SubLeadljj_jjWclosest	>	200
[CutRangeInfo::PrintCutRangeInfo] secondLepton_Pt_>
[CutInfo::PrintCutInfo] secondLepton_Pt	>	30

##############################
#### OPTIMIZATION STARTED ####
##############################


!!!!!!!!!!!!!!!!!
!!!! UPDATED !!!!
!!!!!!!!!!!!!!!!!

[CutInfo::PrintCutInfo] leadingLepton_Pt	>	70
[CutInfo::PrintCutInfo] m_SubLeadljj_jjWclosest	<	500
[CutInfo::PrintCutInfo] m_SubLeadljj_jjWclosest	>	0
[CutInfo::PrintCutInfo] secondLepton_Pt	>	30
CF	0 +- 0
Fake	1.52561 +- 0.618393
Prompt	8.02296 +- 2.62903
=> total bkg = 9.54857
Signal	Yield	Efficiency	Efficiency@Presel	Punzi
HNMuEl_200	1.39666	0.0108154	3.87122e-05	2.10492e-06
=====================================================================


!!!!!!!!!!!!!!!!!
!!!! UPDATED !!!!
!!!!!!!!!!!!!!!!!

[CutInfo::PrintCutInfo] leadingLepton_Pt	>	70
[CutInfo::PrintCutInfo] m_SubLeadljj_jjWclosest	<	480
[CutInfo::PrintCutInfo] m_SubLeadljj_jjWclosest	>	0
[CutInfo::PrintCutInfo] secondLepton_Pt	>	30
CF	0 +- 0
Fake	1.45527 +- 0.59479
Prompt	7.97668 +- 2.60924
=> total bkg = 9.43195
Signal	Yield	Efficiency	Efficiency@Presel	Punzi
HNMuEl_200	1.3899	0.0107692	3.85249e-05	2.10731e-06
=====================================================================


!!!!!!!!!!!!!!!!!
!!!! UPDATED !!!!
!!!!!!!!!!!!!!!!!

[CutInfo::PrintCutInfo] leadingLepton_Pt	>	70
[CutInfo::PrintCutInfo] m_SubLeadljj_jjWclosest	<	475
[CutInfo::PrintCutInfo] m_SubLeadljj_jjWclosest	>	0
[CutInfo::PrintCutInfo] secondLepton_Pt	>	30
CF	0 +- 0
Fake	1.46088 +- 0.59601
Prompt	7.96407 +- 2.60377
=> total bkg = 9.42495
Signal	Yield	Efficiency	Efficiency@Presel	Punzi
HNMuEl_200	1.3899	0.0107692	3.85249e-05	2.10905e-06
=====================================================================


!!!!!!!!!!!!!!!!!
!!!! UPDATED !!!!
!!!!!!!!!!!!!!!!!

[CutInfo::PrintCutInfo] leadingLepton_Pt	>	70
[CutInfo::PrintCutInfo] m_SubLeadljj_jjWclosest	<	470
[CutInfo::PrintCutInfo] m_SubLeadljj_jjWclosest	>	0
[CutInfo::PrintCutInfo] secondLepton_Pt	>	30
CF	0 +- 0
Fake	1.46264 +- 0.596395
Prompt	7.94954 +- 2.59748
=> total bkg = 9.41218
Signal	Yield	Efficiency	Efficiency@Presel	Punzi
HNMuEl_200	1.38902	0.0107615	3.85005e-05	2.11002e-06
=====================================================================


!!!!!!!!!!!!!!!!!
!!!! UPDATED !!!!
!!!!!!!!!!!!!!!!!

[CutInfo::PrintCutInfo] leadingLepton_Pt	>	70
[CutInfo::PrintCutInfo] m_SubLeadljj_jjWclosest	<	465
[CutInfo::PrintCutInfo] m_SubLeadljj_jjWclosest	>	0
[CutInfo::PrintCutInfo] secondLepton_Pt	>	30
CF	0 +- 0
Fake	1.46286 +- 0.596443
Prompt	7.93089 +- 2.58941
=> total bkg = 9.39374
Signal	Yield	Efficiency	Efficiency@Presel	Punzi
HNMuEl_200	1.38902	0.0107615	3.85005e-05	2.11311e-06
=====================================================================


!!!!!!!!!!!!!!!!!
!!!! UPDATED !!!!
!!!!!!!!!!!!!!!!!

[CutInfo::PrintCutInfo] leadingLepton_Pt	>	70
[CutInfo::PrintCutInfo] m_SubLeadljj_jjWclosest	<	460
[CutInfo::PrintCutInfo] m_SubLeadljj_jjWclosest	>	0
[CutInfo::PrintCutInfo] secondLepton_Pt	>	30
CF	0 +- 0
Fake	1.46463 +- 0.596835
Prompt	7.91941 +- 2.58445
=> total bkg = 9.38405
Signal	Yield	Efficiency	Efficiency@Presel	Punzi
HNMuEl_200	1.38826	0.0107538	3.84793e-05	2.11375e-06
=====================================================================


!!!!!!!!!!!!!!!!!
!!!! UPDATED !!!!
!!!!!!!!!!!!!!!!!

[CutInfo::PrintCutInfo] leadingLepton_Pt	>	70
[CutInfo::PrintCutInfo] m_SubLeadljj_jjWclosest	<	455
[CutInfo::PrintCutInfo] m_SubLeadljj_jjWclosest	>	0
[CutInfo::PrintCutInfo] secondLepton_Pt	>	30
CF	0 +- 0
Fake	1.46473 +- 0.596855
Prompt	7.8544 +- 2.55618
=> total bkg = 9.31913
Signal	Yield	Efficiency	Efficiency@Presel	Punzi
HNMuEl_200	1.38698	0.0107462	3.84439e-05	2.12274e-06
=====================================================================


!!!!!!!!!!!!!!!!!
!!!! UPDATED !!!!
!!!!!!!!!!!!!!!!!

[CutInfo::PrintCutInfo] leadingLepton_Pt	>	70
[CutInfo::PrintCutInfo] m_SubLeadljj_jjWclosest	<	450
[CutInfo::PrintCutInfo] m_SubLeadljj_jjWclosest	>	0
[CutInfo::PrintCutInfo] secondLepton_Pt	>	30
CF	0 +- 0
Fake	1.46271 +- 0.596404
Prompt	7.79846 +- 2.53509
=> total bkg = 9.26117
Signal	Yield	Efficiency	Efficiency@Presel	Punzi
HNMuEl_200	1.38567	0.0107385	3.84076e-05	2.12948e-06
=====================================================================


!!!!!!!!!!!!!!!!!
!!!! UPDATED !!!!
!!!!!!!!!!!!!!!!!

[CutInfo::PrintCutInfo] leadingLepton_Pt	>	70
[CutInfo::PrintCutInfo] m_SubLeadljj_jjWclosest	<	445
[CutInfo::PrintCutInfo] m_SubLeadljj_jjWclosest	>	0
[CutInfo::PrintCutInfo] secondLepton_Pt	>	30
CF	0 +- 0
Fake	1.46954 +- 0.597881
Prompt	7.77482 +- 2.52495
=> total bkg = 9.24436
Signal	Yield	Efficiency	Efficiency@Presel	Punzi
HNMuEl_200	1.38398	0.0107231	3.83607e-05	2.13041e-06
=====================================================================


!!!!!!!!!!!!!!!!!
!!!! UPDATED !!!!
!!!!!!!!!!!!!!!!!

[CutInfo::PrintCutInfo] leadingLepton_Pt	>	70
[CutInfo::PrintCutInfo] m_SubLeadljj_jjWclosest	<	440
[CutInfo::PrintCutInfo] m_SubLeadljj_jjWclosest	>	0
[CutInfo::PrintCutInfo] secondLepton_Pt	>	30
CF	0 +- 0
Fake	1.3786 +- 0.570778
Prompt	7.74328 +- 2.51144
=> total bkg = 9.12187
Signal	Yield	Efficiency	Efficiency@Presel	Punzi
HNMuEl_200	1.38183	0.0107077	3.83013e-05	2.13905e-06
=====================================================================


!!!!!!!!!!!!!!!!!
!!!! UPDATED !!!!
!!!!!!!!!!!!!!!!!

[CutInfo::PrintCutInfo] leadingLepton_Pt	>	70
[CutInfo::PrintCutInfo] m_SubLeadljj_jjWclosest	<	435
[CutInfo::PrintCutInfo] m_SubLeadljj_jjWclosest	>	0
[CutInfo::PrintCutInfo] secondLepton_Pt	>	30
CF	0 +- 0
Fake	1.37873 +- 0.570807
Prompt	7.69155 +- 2.48908
=> total bkg = 9.07028
Signal	Yield	Efficiency	Efficiency@Presel	Punzi
HNMuEl_200	1.37863	0.0106846	3.82126e-05	2.14299e-06
=====================================================================


!!!!!!!!!!!!!!!!!
!!!! UPDATED !!!!
!!!!!!!!!!!!!!!!!

[CutInfo::PrintCutInfo] leadingLepton_Pt	>	70
[CutInfo::PrintCutInfo] m_SubLeadljj_jjWclosest	<	430
[CutInfo::PrintCutInfo] m_SubLeadljj_jjWclosest	>	0
[CutInfo::PrintCutInfo] secondLepton_Pt	>	30
CF	0 +- 0
Fake	1.38286 +- 0.571694
Prompt	7.62636 +- 2.46109
=> total bkg = 9.00922
Signal	Yield	Efficiency	Efficiency@Presel	Punzi
HNMuEl_200	1.37624	0.0106692	3.81461e-05	2.15023e-06
=====================================================================


!!!!!!!!!!!!!!!!!
!!!! UPDATED !!!!
!!!!!!!!!!!!!!!!!

[CutInfo::PrintCutInfo] leadingLepton_Pt	>	70
[CutInfo::PrintCutInfo] m_SubLeadljj_jjWclosest	<	420
[CutInfo::PrintCutInfo] m_SubLeadljj_jjWclosest	>	0
[CutInfo::PrintCutInfo] secondLepton_Pt	>	30
CF	0 +- 0
Fake	1.38855 +- 0.572911
Prompt	7.53856 +- 2.44575
=> total bkg = 8.92711
Signal	Yield	Efficiency	Efficiency@Presel	Punzi
HNMuEl_200	1.37423	0.0106538	3.80906e-05	2.15583e-06
=====================================================================


!!!!!!!!!!!!!!!!!
!!!! UPDATED !!!!
!!!!!!!!!!!!!!!!!

[CutInfo::PrintCutInfo] leadingLepton_Pt	>	70
[CutInfo::PrintCutInfo] m_SubLeadljj_jjWclosest	<	415
[CutInfo::PrintCutInfo] m_SubLeadljj_jjWclosest	>	0
[CutInfo::PrintCutInfo] secondLepton_Pt	>	30
CF	0 +- 0
Fake	1.38906 +- 0.573022
Prompt	7.28504 +- 2.41598
=> total bkg = 8.6741
Signal	Yield	Efficiency	Efficiency@Presel	Punzi
HNMuEl_200	1.37423	0.0106538	3.80906e-05	2.17861e-06
=====================================================================


!!!!!!!!!!!!!!!!!
!!!! UPDATED !!!!
!!!!!!!!!!!!!!!!!

[CutInfo::PrintCutInfo] leadingLepton_Pt	>	70
[CutInfo::PrintCutInfo] m_SubLeadljj_jjWclosest	<	410
[CutInfo::PrintCutInfo] m_SubLeadljj_jjWclosest	>	0
[CutInfo::PrintCutInfo] secondLepton_Pt	>	30
CF	0 +- 0
Fake	1.34527 +- 0.561809
Prompt	7.23801 +- 2.39613
=> total bkg = 8.58328
Signal	Yield	Efficiency	Efficiency@Presel	Punzi
HNMuEl_200	1.37155	0.0106385	3.80164e-05	2.18604e-06
=====================================================================


!!!!!!!!!!!!!!!!!
!!!! UPDATED !!!!
!!!!!!!!!!!!!!!!!

[CutInfo::PrintCutInfo] leadingLepton_Pt	>	70
[CutInfo::PrintCutInfo] m_SubLeadljj_jjWclosest	<	405
[CutInfo::PrintCutInfo] m_SubLeadljj_jjWclosest	>	0
[CutInfo::PrintCutInfo] secondLepton_Pt	>	30
CF	0 +- 0
Fake	1.35145 +- 0.563113
Prompt	7.2167 +- 2.3893
=> total bkg = 8.56815
Signal	Yield	Efficiency	Efficiency@Presel	Punzi
HNMuEl_200	1.37019	0.0106308	3.79785e-05	2.18661e-06
=====================================================================


!!!!!!!!!!!!!!!!!
!!!! UPDATED !!!!
!!!!!!!!!!!!!!!!!

[CutInfo::PrintCutInfo] leadingLepton_Pt	>	70
[CutInfo::PrintCutInfo] m_SubLeadljj_jjWclosest	<	400
[CutInfo::PrintCutInfo] m_SubLeadljj_jjWclosest	>	0
[CutInfo::PrintCutInfo] secondLepton_Pt	>	30
CF	0 +- 0
Fake	1.35655 +- 0.564199
Prompt	7.18499 +- 2.37911
=> total bkg = 8.54154
Signal	Yield	Efficiency	Efficiency@Presel	Punzi
HNMuEl_200	1.37019	0.0106308	3.79785e-05	2.19101e-06
=====================================================================


!!!!!!!!!!!!!!!!!
!!!! UPDATED !!!!
!!!!!!!!!!!!!!!!!

[CutInfo::PrintCutInfo] leadingLepton_Pt	>	70
[CutInfo::PrintCutInfo] m_SubLeadljj_jjWclosest	<	395
[CutInfo::PrintCutInfo] m_SubLeadljj_jjWclosest	>	0
[CutInfo::PrintCutInfo] secondLepton_Pt	>	30
CF	0 +- 0
Fake	1.35749 +- 0.564401
Prompt	7.10305 +- 2.34437
=> total bkg = 8.46054
Signal	Yield	Efficiency	Efficiency@Presel	Punzi
HNMuEl_200	1.36941	0.0106231	3.79569e-05	2.20456e-06
=====================================================================


!!!!!!!!!!!!!!!!!
!!!! UPDATED !!!!
!!!!!!!!!!!!!!!!!

[CutInfo::PrintCutInfo] leadingLepton_Pt	>	70
[CutInfo::PrintCutInfo] m_SubLeadljj_jjWclosest	<	390
[CutInfo::PrintCutInfo] m_SubLeadljj_jjWclosest	>	0
[CutInfo::PrintCutInfo] secondLepton_Pt	>	30
CF	0 +- 0
Fake	1.36344 +- 0.565663
Prompt	7.01424 +- 2.30704
=> total bkg = 8.37768
Signal	Yield	Efficiency	Efficiency@Presel	Punzi
HNMuEl_200	1.36575	0.0106	3.78555e-05	2.21438e-06
=====================================================================


!!!!!!!!!!!!!!!!!
!!!! UPDATED !!!!
!!!!!!!!!!!!!!!!!

[CutInfo::PrintCutInfo] leadingLepton_Pt	>	70
[CutInfo::PrintCutInfo] m_SubLeadljj_jjWclosest	<	385
[CutInfo::PrintCutInfo] m_SubLeadljj_jjWclosest	>	0
[CutInfo::PrintCutInfo] secondLepton_Pt	>	30
CF	0 +- 0
Fake	1.36403 +- 0.56579
Prompt	6.97312 +- 2.29002
=> total bkg = 8.33715
Signal	Yield	Efficiency	Efficiency@Presel	Punzi
HNMuEl_200	1.36265	0.0105769	3.77697e-05	2.21678e-06
=====================================================================


!!!!!!!!!!!!!!!!!
!!!! UPDATED !!!!
!!!!!!!!!!!!!!!!!

[CutInfo::PrintCutInfo] leadingLepton_Pt	>	70
[CutInfo::PrintCutInfo] m_SubLeadljj_jjWclosest	<	380
[CutInfo::PrintCutInfo] m_SubLeadljj_jjWclosest	>	0
[CutInfo::PrintCutInfo] secondLepton_Pt	>	30
CF	0 +- 0
Fake	1.36467 +- 0.565928
Prompt	6.84722 +- 2.13042
=> total bkg = 8.21188
Signal	Yield	Efficiency	Efficiency@Presel	Punzi
HNMuEl_200	1.36066	0.0105615	3.77144e-05	2.26778e-06
=====================================================================


!!!!!!!!!!!!!!!!!
!!!! UPDATED !!!!
!!!!!!!!!!!!!!!!!

[CutInfo::PrintCutInfo] leadingLepton_Pt	>	70
[CutInfo::PrintCutInfo] m_SubLeadljj_jjWclosest	<	375
[CutInfo::PrintCutInfo] m_SubLeadljj_jjWclosest	>	0
[CutInfo::PrintCutInfo] secondLepton_Pt	>	30
CF	0 +- 0
Fake	1.36769 +- 0.566578
Prompt	6.69083 +- 2.09248
=> total bkg = 8.05853
Signal	Yield	Efficiency	Efficiency@Presel	Punzi
HNMuEl_200	1.35646	0.0105154	3.75979e-05	2.2823e-06
=====================================================================


!!!!!!!!!!!!!!!!!
!!!! UPDATED !!!!
!!!!!!!!!!!!!!!!!

[CutInfo::PrintCutInfo] leadingLepton_Pt	>	70
[CutInfo::PrintCutInfo] m_SubLeadljj_jjWclosest	<	370
[CutInfo::PrintCutInfo] m_SubLeadljj_jjWclosest	>	0
[CutInfo::PrintCutInfo] secondLepton_Pt	>	30
CF	0 +- 0
Fake	1.36945 +- 0.56696
Prompt	6.59684 +- 2.06855
=> total bkg = 7.96629
Signal	Yield	Efficiency	Efficiency@Presel	Punzi
HNMuEl_200	1.35056	0.0104846	3.74345e-05	2.28582e-06
=====================================================================


!!!!!!!!!!!!!!!!!
!!!! UPDATED !!!!
!!!!!!!!!!!!!!!!!

[CutInfo::PrintCutInfo] leadingLepton_Pt	>	70
[CutInfo::PrintCutInfo] m_SubLeadljj_jjWclosest	<	365
[CutInfo::PrintCutInfo] m_SubLeadljj_jjWclosest	>	0
[CutInfo::PrintCutInfo] secondLepton_Pt	>	30
CF	0 +- 0
Fake	1.36987 +- 0.567051
Prompt	5.99601 +- 1.93323
=> total bkg = 7.36588
Signal	Yield	Efficiency	Efficiency@Presel	Punzi
HNMuEl_200	1.34424	0.0104308	3.72592e-05	2.36076e-06
=====================================================================


!!!!!!!!!!!!!!!!!
!!!! UPDATED !!!!
!!!!!!!!!!!!!!!!!

[CutInfo::PrintCutInfo] leadingLepton_Pt	>	70
[CutInfo::PrintCutInfo] m_SubLeadljj_jjWclosest	<	360
[CutInfo::PrintCutInfo] m_SubLeadljj_jjWclosest	>	0
[CutInfo::PrintCutInfo] secondLepton_Pt	>	30
CF	0 +- 0
Fake	1.37067 +- 0.567224
Prompt	5.86583 +- 1.90557
=> total bkg = 7.2365
Signal	Yield	Efficiency	Efficiency@Presel	Punzi
HNMuEl_200	1.34001	0.0104	3.71421e-05	2.3723e-06
=====================================================================


!!!!!!!!!!!!!!!!!
!!!! UPDATED !!!!
!!!!!!!!!!!!!!!!!

[CutInfo::PrintCutInfo] leadingLepton_Pt	>	70
[CutInfo::PrintCutInfo] m_SubLeadljj_jjWclosest	<	355
[CutInfo::PrintCutInfo] m_SubLeadljj_jjWclosest	>	0
[CutInfo::PrintCutInfo] secondLepton_Pt	>	30
CF	0 +- 0
Fake	1.4335 +- 0.578869
Prompt	5.64782 +- 1.745
=> total bkg = 7.08133
Signal	Yield	Efficiency	Efficiency@Presel	Punzi
HNMuEl_200	1.3359	0.0103769	3.7028e-05	2.42681e-06
=====================================================================


!!!!!!!!!!!!!!!!!
!!!! UPDATED !!!!
!!!!!!!!!!!!!!!!!

[CutInfo::PrintCutInfo] leadingLepton_Pt	>	70
[CutInfo::PrintCutInfo] m_SubLeadljj_jjWclosest	<	350
[CutInfo::PrintCutInfo] m_SubLeadljj_jjWclosest	>	0
[CutInfo::PrintCutInfo] secondLepton_Pt	>	30
CF	0 +- 0
Fake	1.43393 +- 0.578964
Prompt	5.49818 +- 1.70493
=> total bkg = 6.93211
Signal	Yield	Efficiency	Efficiency@Presel	Punzi
HNMuEl_200	1.33433	0.0103615	3.69845e-05	2.44984e-06
=====================================================================


!!!!!!!!!!!!!!!!!
!!!! UPDATED !!!!
!!!!!!!!!!!!!!!!!

[CutInfo::PrintCutInfo] leadingLepton_Pt	>	70
[CutInfo::PrintCutInfo] m_SubLeadljj_jjWclosest	<	345
[CutInfo::PrintCutInfo] m_SubLeadljj_jjWclosest	>	0
[CutInfo::PrintCutInfo] secondLepton_Pt	>	30
CF	0 +- 0
Fake	1.43603 +- 0.579431
Prompt	5.37174 +- 1.67635
=> total bkg = 6.80777
Signal	Yield	Efficiency	Efficiency@Presel	Punzi
HNMuEl_200	1.33142	0.0103385	3.69039e-05	2.46494e-06
=====================================================================


!!!!!!!!!!!!!!!!!
!!!! UPDATED !!!!
!!!!!!!!!!!!!!!!!

[CutInfo::PrintCutInfo] leadingLepton_Pt	>	70
[CutInfo::PrintCutInfo] m_SubLeadljj_jjWclosest	<	340
[CutInfo::PrintCutInfo] m_SubLeadljj_jjWclosest	>	0
[CutInfo::PrintCutInfo] secondLepton_Pt	>	30
CF	0 +- 0
Fake	1.44752 +- 0.581947
Prompt	5.26902 +- 1.63031
=> total bkg = 6.71654
Signal	Yield	Efficiency	Efficiency@Presel	Punzi
HNMuEl_200	1.32925	0.0103231	3.68438e-05	2.48385e-06
=====================================================================


!!!!!!!!!!!!!!!!!
!!!! UPDATED !!!!
!!!!!!!!!!!!!!!!!

[CutInfo::PrintCutInfo] leadingLepton_Pt	>	70
[CutInfo::PrintCutInfo] m_SubLeadljj_jjWclosest	<	335
[CutInfo::PrintCutInfo] m_SubLeadljj_jjWclosest	>	0
[CutInfo::PrintCutInfo] secondLepton_Pt	>	30
CF	0 +- 0
Fake	1.44752 +- 0.581947
Prompt	5.14149 +- 1.58904
=> total bkg = 6.58901
Signal	Yield	Efficiency	Efficiency@Presel	Punzi
HNMuEl_200	1.32701	0.0103077	3.67817e-05	2.50527e-06
=====================================================================


!!!!!!!!!!!!!!!!!
!!!! UPDATED !!!!
!!!!!!!!!!!!!!!!!

[CutInfo::PrintCutInfo] leadingLepton_Pt	>	70
[CutInfo::PrintCutInfo] m_SubLeadljj_jjWclosest	<	330
[CutInfo::PrintCutInfo] m_SubLeadljj_jjWclosest	>	0
[CutInfo::PrintCutInfo] secondLepton_Pt	>	30
CF	0 +- 0
Fake	1.4484 +- 0.582144
Prompt	5.0941 +- 1.56644
=> total bkg = 6.54251
Signal	Yield	Efficiency	Efficiency@Presel	Punzi
HNMuEl_200	1.32203	0.0102769	3.66438e-05	2.50768e-06
=====================================================================


!!!!!!!!!!!!!!!!!
!!!! UPDATED !!!!
!!!!!!!!!!!!!!!!!

[CutInfo::PrintCutInfo] leadingLepton_Pt	>	70
[CutInfo::PrintCutInfo] m_SubLeadljj_jjWclosest	<	320
[CutInfo::PrintCutInfo] m_SubLeadljj_jjWclosest	>	0
[CutInfo::PrintCutInfo] secondLepton_Pt	>	30
CF	0 +- 0
Fake	1.45354 +- 0.583284
Prompt	4.94042 +- 1.49264
=> total bkg = 6.39396
Signal	Yield	Efficiency	Efficiency@Presel	Punzi
HNMuEl_200	1.31522	0.0102231	3.64549e-05	2.53327e-06
=====================================================================


!!!!!!!!!!!!!!!!!
!!!! UPDATED !!!!
!!!!!!!!!!!!!!!!!

[CutInfo::PrintCutInfo] leadingLepton_Pt	>	70
[CutInfo::PrintCutInfo] m_SubLeadljj_jjWclosest	<	315
[CutInfo::PrintCutInfo] m_SubLeadljj_jjWclosest	>	0
[CutInfo::PrintCutInfo] secondLepton_Pt	>	30
CF	0 +- 0
Fake	1.45699 +- 0.584054
Prompt	4.89048 +- 1.47227
=> total bkg = 6.34747
Signal	Yield	Efficiency	Efficiency@Presel	Punzi
HNMuEl_200	1.31127	0.0101923	3.63454e-05	2.53693e-06
=====================================================================


!!!!!!!!!!!!!!!!!
!!!! UPDATED !!!!
!!!!!!!!!!!!!!!!!

[CutInfo::PrintCutInfo] leadingLepton_Pt	>	70
[CutInfo::PrintCutInfo] m_SubLeadljj_jjWclosest	<	310
[CutInfo::PrintCutInfo] m_SubLeadljj_jjWclosest	>	0
[CutInfo::PrintCutInfo] secondLepton_Pt	>	30
CF	0 +- 0
Fake	1.36703 +- 0.556679
Prompt	4.79935 +- 1.43216
=> total bkg = 6.16638
Signal	Yield	Efficiency	Efficiency@Presel	Punzi
HNMuEl_200	1.30431	0.0101462	3.61525e-05	2.55937e-06
=====================================================================


!!!!!!!!!!!!!!!!!
!!!! UPDATED !!!!
!!!!!!!!!!!!!!!!!

[CutInfo::PrintCutInfo] leadingLepton_Pt	>	70
[CutInfo::PrintCutInfo] m_SubLeadljj_jjWclosest	<	300
[CutInfo::PrintCutInfo] m_SubLeadljj_jjWclosest	>	0
[CutInfo::PrintCutInfo] secondLepton_Pt	>	30
CF	0 +- 0
Fake	1.39238 +- 0.56217
Prompt	4.61505 +- 1.37505
=> total bkg = 6.00743
Signal	Yield	Efficiency	Efficiency@Presel	Punzi
HNMuEl_200	1.28912	0.0100308	3.57314e-05	2.56497e-06
=====================================================================


!!!!!!!!!!!!!!!!!
!!!! UPDATED !!!!
!!!!!!!!!!!!!!!!!

[CutInfo::PrintCutInfo] leadingLepton_Pt	>	70
[CutInfo::PrintCutInfo] m_SubLeadljj_jjWclosest	<	295
[CutInfo::PrintCutInfo] m_SubLeadljj_jjWclosest	>	0
[CutInfo::PrintCutInfo] secondLepton_Pt	>	30
CF	0 +- 0
Fake	1.39574 +- 0.562918
Prompt	4.57544 +- 1.35863
=> total bkg = 5.97118
Signal	Yield	Efficiency	Efficiency@Presel	Punzi
HNMuEl_200	1.28493	0.00999231	3.56155e-05	2.56597e-06
=====================================================================


!!!!!!!!!!!!!!!!!
!!!! UPDATED !!!!
!!!!!!!!!!!!!!!!!

[CutInfo::PrintCutInfo] leadingLepton_Pt	>	70
[CutInfo::PrintCutInfo] m_SubLeadljj_jjWclosest	<	290
[CutInfo::PrintCutInfo] m_SubLeadljj_jjWclosest	>	0
[CutInfo::PrintCutInfo] secondLepton_Pt	>	30
CF	0 +- 0
Fake	1.40009 +- 0.563874
Prompt	4.22197 +- 1.29077
=> total bkg = 5.62206
Signal	Yield	Efficiency	Efficiency@Presel	Punzi
HNMuEl_200	1.27682	0.00993846	3.53906e-05	2.6136e-06
=====================================================================


!!!!!!!!!!!!!!!!!
!!!! UPDATED !!!!
!!!!!!!!!!!!!!!!!

[CutInfo::PrintCutInfo] leadingLepton_Pt	>	70
[CutInfo::PrintCutInfo] m_SubLeadljj_jjWclosest	<	285
[CutInfo::PrintCutInfo] m_SubLeadljj_jjWclosest	>	0
[CutInfo::PrintCutInfo] secondLepton_Pt	>	30
CF	0 +- 0
Fake	1.21733 +- 0.505426
Prompt	4.02737 +- 1.22581
=> total bkg = 5.24471
Signal	Yield	Efficiency	Efficiency@Presel	Punzi
HNMuEl_200	1.27211	0.00990769	3.526e-05	2.68369e-06
=====================================================================


!!!!!!!!!!!!!!!!!
!!!! UPDATED !!!!
!!!!!!!!!!!!!!!!!

[CutInfo::PrintCutInfo] leadingLepton_Pt	>	70
[CutInfo::PrintCutInfo] m_SubLeadljj_jjWclosest	<	280
[CutInfo::PrintCutInfo] m_SubLeadljj_jjWclosest	>	0
[CutInfo::PrintCutInfo] secondLepton_Pt	>	30
CF	0 +- 0
Fake	1.18442 +- 0.497185
Prompt	3.80046 +- 1.17152
=> total bkg = 4.98488
Signal	Yield	Efficiency	Efficiency@Presel	Punzi
HNMuEl_200	1.26543	0.00986154	3.50749e-05	2.72669e-06
=====================================================================


!!!!!!!!!!!!!!!!!
!!!! UPDATED !!!!
!!!!!!!!!!!!!!!!!

[CutInfo::PrintCutInfo] leadingLepton_Pt	>	70
[CutInfo::PrintCutInfo] m_SubLeadljj_jjWclosest	<	275
[CutInfo::PrintCutInfo] m_SubLeadljj_jjWclosest	>	0
[CutInfo::PrintCutInfo] secondLepton_Pt	>	30
CF	0 +- 0
Fake	1.14565 +- 0.487009
Prompt	3.6962 +- 1.10144
=> total bkg = 4.84184
Signal	Yield	Efficiency	Efficiency@Presel	Punzi
HNMuEl_200	1.26076	0.00982308	3.49455e-05	2.76425e-06
=====================================================================


!!!!!!!!!!!!!!!!!
!!!! UPDATED !!!!
!!!!!!!!!!!!!!!!!

[CutInfo::PrintCutInfo] leadingLepton_Pt	>	70
[CutInfo::PrintCutInfo] m_SubLeadljj_jjWclosest	<	270
[CutInfo::PrintCutInfo] m_SubLeadljj_jjWclosest	>	0
[CutInfo::PrintCutInfo] secondLepton_Pt	>	30
CF	0 +- 0
Fake	1.05572 +- 0.459343
Prompt	3.51739 +- 1.06799
=> total bkg = 4.57311
Signal	Yield	Efficiency	Efficiency@Presel	Punzi
HNMuEl_200	1.25451	0.00976923	3.47722e-05	2.8101e-06
=====================================================================


!!!!!!!!!!!!!!!!!
!!!! UPDATED !!!!
!!!!!!!!!!!!!!!!!

[CutInfo::PrintCutInfo] leadingLepton_Pt	>	70
[CutInfo::PrintCutInfo] m_SubLeadljj_jjWclosest	<	265
[CutInfo::PrintCutInfo] m_SubLeadljj_jjWclosest	>	0
[CutInfo::PrintCutInfo] secondLepton_Pt	>	30
CF	0 +- 0
Fake	1.05679 +- 0.459565
Prompt	3.45467 +- 1.04444
=> total bkg = 4.51146
Signal	Yield	Efficiency	Efficiency@Presel	Punzi
HNMuEl_200	1.24621	0.00970769	3.4542e-05	2.81028e-06
=====================================================================


!!!!!!!!!!!!!!!!!
!!!! UPDATED !!!!
!!!!!!!!!!!!!!!!!

[CutInfo::PrintCutInfo] leadingLepton_Pt	>	70
[CutInfo::PrintCutInfo] m_SubLeadljj_jjWclosest	<	260
[CutInfo::PrintCutInfo] m_SubLeadljj_jjWclosest	>	0
[CutInfo::PrintCutInfo] secondLepton_Pt	>	30
CF	0 +- 0
Fake	1.05805 +- 0.459825
Prompt	3.30415 +- 1.00617
=> total bkg = 4.3622
Signal	Yield	Efficiency	Efficiency@Presel	Punzi
HNMuEl_200	1.24261	0.00968462	3.44423e-05	2.84186e-06
=====================================================================


!!!!!!!!!!!!!!!!!
!!!! UPDATED !!!!
!!!!!!!!!!!!!!!!!

[CutInfo::PrintCutInfo] leadingLepton_Pt	>	70
[CutInfo::PrintCutInfo] m_SubLeadljj_jjWclosest	<	255
[CutInfo::PrintCutInfo] m_SubLeadljj_jjWclosest	>	0
[CutInfo::PrintCutInfo] secondLepton_Pt	>	30
CF	0 +- 0
Fake	1.05862 +- 0.459944
Prompt	3.10457 +- 0.945027
=> total bkg = 4.16318
Signal	Yield	Efficiency	Efficiency@Presel	Punzi
HNMuEl_200	1.23631	0.00964615	3.42678e-05	2.88607e-06
=====================================================================


!!!!!!!!!!!!!!!!!
!!!! UPDATED !!!!
!!!!!!!!!!!!!!!!!

[CutInfo::PrintCutInfo] leadingLepton_Pt	>	70
[CutInfo::PrintCutInfo] m_SubLeadljj_jjWclosest	<	250
[CutInfo::PrintCutInfo] m_SubLeadljj_jjWclosest	>	0
[CutInfo::PrintCutInfo] secondLepton_Pt	>	30
CF	0 +- 0
Fake	0.883139 +- 0.40625
Prompt	2.82729 +- 0.882475
=> total bkg = 3.71042
Signal	Yield	Efficiency	Efficiency@Presel	Punzi
HNMuEl_200	1.23112	0.00960769	3.41238e-05	2.99938e-06
=====================================================================


!!!!!!!!!!!!!!!!!
!!!! UPDATED !!!!
!!!!!!!!!!!!!!!!!

[CutInfo::PrintCutInfo] leadingLepton_Pt	>	70
[CutInfo::PrintCutInfo] m_SubLeadljj_jjWclosest	<	245
[CutInfo::PrintCutInfo] m_SubLeadljj_jjWclosest	>	0
[CutInfo::PrintCutInfo] secondLepton_Pt	>	30
CF	0 +- 0
Fake	0.884536 +- 0.406523
Prompt	2.60774 +- 0.779349
=> total bkg = 3.49227
Signal	Yield	Efficiency	Efficiency@Presel	Punzi
HNMuEl_200	1.22672	0.00956154	3.4002e-05	3.07857e-06
=====================================================================


!!!!!!!!!!!!!!!!!
!!!! UPDATED !!!!
!!!!!!!!!!!!!!!!!

[CutInfo::PrintCutInfo] leadingLepton_Pt	>	70
[CutInfo::PrintCutInfo] m_SubLeadljj_jjWclosest	<	240
[CutInfo::PrintCutInfo] m_SubLeadljj_jjWclosest	>	0
[CutInfo::PrintCutInfo] secondLepton_Pt	>	30
CF	0 +- 0
Fake	0.795038 +- 0.37864
Prompt	2.27275 +- 0.706544
=> total bkg = 3.06778
Signal	Yield	Efficiency	Efficiency@Presel	Punzi
HNMuEl_200	1.21743	0.00947692	3.37444e-05	3.20031e-06
=====================================================================

####################################################
TIME STAMP : [2018/1/16 21:4:39] 100 / 3721 (2.68745 %)
####################################################
[CutInfo::PrintCutInfo] leadingLepton_Pt	>	70
[CutInfo::PrintCutInfo] m_SubLeadljj_jjWclosest	<	240
[CutInfo::PrintCutInfo] m_SubLeadljj_jjWclosest	>	0
[CutInfo::PrintCutInfo] secondLepton_Pt	>	30

!!!!!!!!!!!!!!!!!
!!!! UPDATED !!!!
!!!!!!!!!!!!!!!!!

[CutInfo::PrintCutInfo] leadingLepton_Pt	>	70
[CutInfo::PrintCutInfo] m_SubLeadljj_jjWclosest	<	240
[CutInfo::PrintCutInfo] m_SubLeadljj_jjWclosest	>	3.33333
[CutInfo::PrintCutInfo] secondLepton_Pt	>	30
CF	0 +- 0
Fake	0.795038 +- 0.37864
Prompt	2.27275 +- 0.706544
=> total bkg = 3.06778
Signal	Yield	Efficiency	Efficiency@Presel	Punzi
HNMuEl_200	1.21743	0.00947692	3.37444e-05	3.20031e-06
=====================================================================


!!!!!!!!!!!!!!!!!
!!!! UPDATED !!!!
!!!!!!!!!!!!!!!!!

[CutInfo::PrintCutInfo] leadingLepton_Pt	>	70
[CutInfo::PrintCutInfo] m_SubLeadljj_jjWclosest	<	240
[CutInfo::PrintCutInfo] m_SubLeadljj_jjWclosest	>	6.66667
[CutInfo::PrintCutInfo] secondLepton_Pt	>	30
CF	0 +- 0
Fake	0.795038 +- 0.37864
Prompt	2.27275 +- 0.706544
=> total bkg = 3.06778
Signal	Yield	Efficiency	Efficiency@Presel	Punzi
HNMuEl_200	1.21743	0.00947692	3.37444e-05	3.20031e-06
=====================================================================

####################################################
TIME STAMP : [2018/1/16 21:4:50] 200 / 3721 (5.3749 %)
####################################################
[CutInfo::PrintCutInfo] leadingLepton_Pt	>	70
[CutInfo::PrintCutInfo] m_SubLeadljj_jjWclosest	<	240
[CutInfo::PrintCutInfo] m_SubLeadljj_jjWclosest	>	6.66667
[CutInfo::PrintCutInfo] secondLepton_Pt	>	30

!!!!!!!!!!!!!!!!!
!!!! UPDATED !!!!
!!!!!!!!!!!!!!!!!

[CutInfo::PrintCutInfo] leadingLepton_Pt	>	70
[CutInfo::PrintCutInfo] m_SubLeadljj_jjWclosest	<	240
[CutInfo::PrintCutInfo] m_SubLeadljj_jjWclosest	>	10
[CutInfo::PrintCutInfo] secondLepton_Pt	>	30
CF	0 +- 0
Fake	0.795038 +- 0.37864
Prompt	2.27275 +- 0.706544
=> total bkg = 3.06778
Signal	Yield	Efficiency	Efficiency@Presel	Punzi
HNMuEl_200	1.21743	0.00947692	3.37444e-05	3.20031e-06
=====================================================================


!!!!!!!!!!!!!!!!!
!!!! UPDATED !!!!
!!!!!!!!!!!!!!!!!

[CutInfo::PrintCutInfo] leadingLepton_Pt	>	70
[CutInfo::PrintCutInfo] m_SubLeadljj_jjWclosest	<	240
[CutInfo::PrintCutInfo] m_SubLeadljj_jjWclosest	>	13.3333
[CutInfo::PrintCutInfo] secondLepton_Pt	>	30
CF	0 +- 0
Fake	0.795038 +- 0.37864
Prompt	2.27275 +- 0.706544
=> total bkg = 3.06778
Signal	Yield	Efficiency	Efficiency@Presel	Punzi
HNMuEl_200	1.21743	0.00947692	3.37444e-05	3.20031e-06
=====================================================================

####################################################
TIME STAMP : [2018/1/16 21:5:1] 300 / 3721 (8.06235 %)
####################################################
[CutInfo::PrintCutInfo] leadingLepton_Pt	>	70
[CutInfo::PrintCutInfo] m_SubLeadljj_jjWclosest	<	240
[CutInfo::PrintCutInfo] m_SubLeadljj_jjWclosest	>	13.3333
[CutInfo::PrintCutInfo] secondLepton_Pt	>	30

!!!!!!!!!!!!!!!!!
!!!! UPDATED !!!!
!!!!!!!!!!!!!!!!!

[CutInfo::PrintCutInfo] leadingLepton_Pt	>	70
[CutInfo::PrintCutInfo] m_SubLeadljj_jjWclosest	<	240
[CutInfo::PrintCutInfo] m_SubLeadljj_jjWclosest	>	16.6667
[CutInfo::PrintCutInfo] secondLepton_Pt	>	30
CF	0 +- 0
Fake	0.795038 +- 0.37864
Prompt	2.27275 +- 0.706544
=> total bkg = 3.06778
Signal	Yield	Efficiency	Efficiency@Presel	Punzi
HNMuEl_200	1.21743	0.00947692	3.37444e-05	3.20031e-06
=====================================================================

####################################################
TIME STAMP : [2018/1/16 21:5:12] 400 / 3721 (10.7498 %)
####################################################
[CutInfo::PrintCutInfo] leadingLepton_Pt	>	70
[CutInfo::PrintCutInfo] m_SubLeadljj_jjWclosest	<	240
[CutInfo::PrintCutInfo] m_SubLeadljj_jjWclosest	>	16.6667
[CutInfo::PrintCutInfo] secondLepton_Pt	>	30

!!!!!!!!!!!!!!!!!
!!!! UPDATED !!!!
!!!!!!!!!!!!!!!!!

[CutInfo::PrintCutInfo] leadingLepton_Pt	>	70
[CutInfo::PrintCutInfo] m_SubLeadljj_jjWclosest	<	240
[CutInfo::PrintCutInfo] m_SubLeadljj_jjWclosest	>	20
[CutInfo::PrintCutInfo] secondLepton_Pt	>	30
CF	0 +- 0
Fake	0.795038 +- 0.37864
Prompt	2.27275 +- 0.706544
=> total bkg = 3.06778
Signal	Yield	Efficiency	Efficiency@Presel	Punzi
HNMuEl_200	1.21743	0.00947692	3.37444e-05	3.20031e-06
=====================================================================


!!!!!!!!!!!!!!!!!
!!!! UPDATED !!!!
!!!!!!!!!!!!!!!!!

[CutInfo::PrintCutInfo] leadingLepton_Pt	>	70
[CutInfo::PrintCutInfo] m_SubLeadljj_jjWclosest	<	240
[CutInfo::PrintCutInfo] m_SubLeadljj_jjWclosest	>	23.3333
[CutInfo::PrintCutInfo] secondLepton_Pt	>	30
CF	0 +- 0
Fake	0.795038 +- 0.37864
Prompt	2.27275 +- 0.706544
=> total bkg = 3.06778
Signal	Yield	Efficiency	Efficiency@Presel	Punzi
HNMuEl_200	1.21743	0.00947692	3.37444e-05	3.20031e-06
=====================================================================

####################################################
TIME STAMP : [2018/1/16 21:5:23] 500 / 3721 (13.4372 %)
####################################################
[CutInfo::PrintCutInfo] leadingLepton_Pt	>	70
[CutInfo::PrintCutInfo] m_SubLeadljj_jjWclosest	<	240
[CutInfo::PrintCutInfo] m_SubLeadljj_jjWclosest	>	23.3333
[CutInfo::PrintCutInfo] secondLepton_Pt	>	30

!!!!!!!!!!!!!!!!!
!!!! UPDATED !!!!
!!!!!!!!!!!!!!!!!

[CutInfo::PrintCutInfo] leadingLepton_Pt	>	70
[CutInfo::PrintCutInfo] m_SubLeadljj_jjWclosest	<	240
[CutInfo::PrintCutInfo] m_SubLeadljj_jjWclosest	>	26.6667
[CutInfo::PrintCutInfo] secondLepton_Pt	>	30
CF	0 +- 0
Fake	0.795038 +- 0.37864
Prompt	2.27275 +- 0.706544
=> total bkg = 3.06778
Signal	Yield	Efficiency	Efficiency@Presel	Punzi
HNMuEl_200	1.21743	0.00947692	3.37444e-05	3.20031e-06
=====================================================================

####################################################
TIME STAMP : [2018/1/16 21:5:34] 600 / 3721 (16.1247 %)
####################################################
[CutInfo::PrintCutInfo] leadingLepton_Pt	>	70
[CutInfo::PrintCutInfo] m_SubLeadljj_jjWclosest	<	240
[CutInfo::PrintCutInfo] m_SubLeadljj_jjWclosest	>	26.6667
[CutInfo::PrintCutInfo] secondLepton_Pt	>	30

!!!!!!!!!!!!!!!!!
!!!! UPDATED !!!!
!!!!!!!!!!!!!!!!!

[CutInfo::PrintCutInfo] leadingLepton_Pt	>	70
[CutInfo::PrintCutInfo] m_SubLeadljj_jjWclosest	<	240
[CutInfo::PrintCutInfo] m_SubLeadljj_jjWclosest	>	30
[CutInfo::PrintCutInfo] secondLepton_Pt	>	30
CF	0 +- 0
Fake	0.795038 +- 0.37864
Prompt	2.27275 +- 0.706544
=> total bkg = 3.06778
Signal	Yield	Efficiency	Efficiency@Presel	Punzi
HNMuEl_200	1.21743	0.00947692	3.37444e-05	3.20031e-06
=====================================================================


!!!!!!!!!!!!!!!!!
!!!! UPDATED !!!!
!!!!!!!!!!!!!!!!!

[CutInfo::PrintCutInfo] leadingLepton_Pt	>	70
[CutInfo::PrintCutInfo] m_SubLeadljj_jjWclosest	<	240
[CutInfo::PrintCutInfo] m_SubLeadljj_jjWclosest	>	33.3333
[CutInfo::PrintCutInfo] secondLepton_Pt	>	30
CF	0 +- 0
Fake	0.795038 +- 0.37864
Prompt	2.27275 +- 0.706544
=> total bkg = 3.06778
Signal	Yield	Efficiency	Efficiency@Presel	Punzi
HNMuEl_200	1.21743	0.00947692	3.37444e-05	3.20031e-06
=====================================================================

####################################################
TIME STAMP : [2018/1/16 21:5:45] 700 / 3721 (18.8121 %)
####################################################
[CutInfo::PrintCutInfo] leadingLepton_Pt	>	70
[CutInfo::PrintCutInfo] m_SubLeadljj_jjWclosest	<	240
[CutInfo::PrintCutInfo] m_SubLeadljj_jjWclosest	>	33.3333
[CutInfo::PrintCutInfo] secondLepton_Pt	>	30

!!!!!!!!!!!!!!!!!
!!!! UPDATED !!!!
!!!!!!!!!!!!!!!!!

[CutInfo::PrintCutInfo] leadingLepton_Pt	>	70
[CutInfo::PrintCutInfo] m_SubLeadljj_jjWclosest	<	240
[CutInfo::PrintCutInfo] m_SubLeadljj_jjWclosest	>	36.6667
[CutInfo::PrintCutInfo] secondLepton_Pt	>	30
CF	0 +- 0
Fake	0.795038 +- 0.37864
Prompt	2.27275 +- 0.706544
=> total bkg = 3.06778
Signal	Yield	Efficiency	Efficiency@Presel	Punzi
HNMuEl_200	1.21743	0.00947692	3.37444e-05	3.20031e-06
=====================================================================


!!!!!!!!!!!!!!!!!
!!!! UPDATED !!!!
!!!!!!!!!!!!!!!!!

[CutInfo::PrintCutInfo] leadingLepton_Pt	>	70
[CutInfo::PrintCutInfo] m_SubLeadljj_jjWclosest	<	240
[CutInfo::PrintCutInfo] m_SubLeadljj_jjWclosest	>	40
[CutInfo::PrintCutInfo] secondLepton_Pt	>	30
CF	0 +- 0
Fake	0.795038 +- 0.37864
Prompt	2.27275 +- 0.706544
=> total bkg = 3.06778
Signal	Yield	Efficiency	Efficiency@Presel	Punzi
HNMuEl_200	1.21743	0.00947692	3.37444e-05	3.20031e-06
=====================================================================

####################################################
TIME STAMP : [2018/1/16 21:5:56] 800 / 3721 (21.4996 %)
####################################################
[CutInfo::PrintCutInfo] leadingLepton_Pt	>	70
[CutInfo::PrintCutInfo] m_SubLeadljj_jjWclosest	<	240
[CutInfo::PrintCutInfo] m_SubLeadljj_jjWclosest	>	40
[CutInfo::PrintCutInfo] secondLepton_Pt	>	30

!!!!!!!!!!!!!!!!!
!!!! UPDATED !!!!
!!!!!!!!!!!!!!!!!

[CutInfo::PrintCutInfo] leadingLepton_Pt	>	70
[CutInfo::PrintCutInfo] m_SubLeadljj_jjWclosest	<	240
[CutInfo::PrintCutInfo] m_SubLeadljj_jjWclosest	>	43.3333
[CutInfo::PrintCutInfo] secondLepton_Pt	>	30
CF	0 +- 0
Fake	0.795038 +- 0.37864
Prompt	2.27275 +- 0.706544
=> total bkg = 3.06778
Signal	Yield	Efficiency	Efficiency@Presel	Punzi
HNMuEl_200	1.21743	0.00947692	3.37444e-05	3.20031e-06
=====================================================================

####################################################
TIME STAMP : [2018/1/16 21:6:7] 900 / 3721 (24.187 %)
####################################################
[CutInfo::PrintCutInfo] leadingLepton_Pt	>	70
[CutInfo::PrintCutInfo] m_SubLeadljj_jjWclosest	<	240
[CutInfo::PrintCutInfo] m_SubLeadljj_jjWclosest	>	43.3333
[CutInfo::PrintCutInfo] secondLepton_Pt	>	30

!!!!!!!!!!!!!!!!!
!!!! UPDATED !!!!
!!!!!!!!!!!!!!!!!

[CutInfo::PrintCutInfo] leadingLepton_Pt	>	70
[CutInfo::PrintCutInfo] m_SubLeadljj_jjWclosest	<	240
[CutInfo::PrintCutInfo] m_SubLeadljj_jjWclosest	>	46.6667
[CutInfo::PrintCutInfo] secondLepton_Pt	>	30
CF	0 +- 0
Fake	0.795038 +- 0.37864
Prompt	2.27275 +- 0.706544
=> total bkg = 3.06778
Signal	Yield	Efficiency	Efficiency@Presel	Punzi
HNMuEl_200	1.21743	0.00947692	3.37444e-05	3.20031e-06
=====================================================================


!!!!!!!!!!!!!!!!!
!!!! UPDATED !!!!
!!!!!!!!!!!!!!!!!

[CutInfo::PrintCutInfo] leadingLepton_Pt	>	70
[CutInfo::PrintCutInfo] m_SubLeadljj_jjWclosest	<	240
[CutInfo::PrintCutInfo] m_SubLeadljj_jjWclosest	>	50
[CutInfo::PrintCutInfo] secondLepton_Pt	>	30
CF	0 +- 0
Fake	0.795038 +- 0.37864
Prompt	2.27275 +- 0.706544
=> total bkg = 3.06778
Signal	Yield	Efficiency	Efficiency@Presel	Punzi
HNMuEl_200	1.21743	0.00947692	3.37444e-05	3.20031e-06
=====================================================================

####################################################
TIME STAMP : [2018/1/16 21:6:18] 1000 / 3721 (26.8745 %)
####################################################
[CutInfo::PrintCutInfo] leadingLepton_Pt	>	70
[CutInfo::PrintCutInfo] m_SubLeadljj_jjWclosest	<	240
[CutInfo::PrintCutInfo] m_SubLeadljj_jjWclosest	>	50
[CutInfo::PrintCutInfo] secondLepton_Pt	>	30

!!!!!!!!!!!!!!!!!
!!!! UPDATED !!!!
!!!!!!!!!!!!!!!!!

[CutInfo::PrintCutInfo] leadingLepton_Pt	>	70
[CutInfo::PrintCutInfo] m_SubLeadljj_jjWclosest	<	240
[CutInfo::PrintCutInfo] m_SubLeadljj_jjWclosest	>	53.3333
[CutInfo::PrintCutInfo] secondLepton_Pt	>	30
CF	0 +- 0
Fake	0.795038 +- 0.37864
Prompt	2.27275 +- 0.706544
=> total bkg = 3.06778
Signal	Yield	Efficiency	Efficiency@Presel	Punzi
HNMuEl_200	1.21743	0.00947692	3.37444e-05	3.20031e-06
=====================================================================


!!!!!!!!!!!!!!!!!
!!!! UPDATED !!!!
!!!!!!!!!!!!!!!!!

[CutInfo::PrintCutInfo] leadingLepton_Pt	>	70
[CutInfo::PrintCutInfo] m_SubLeadljj_jjWclosest	<	240
[CutInfo::PrintCutInfo] m_SubLeadljj_jjWclosest	>	56.6667
[CutInfo::PrintCutInfo] secondLepton_Pt	>	30
CF	0 +- 0
Fake	0.795038 +- 0.37864
Prompt	2.27275 +- 0.706544
=> total bkg = 3.06778
Signal	Yield	Efficiency	Efficiency@Presel	Punzi
HNMuEl_200	1.21743	0.00947692	3.37444e-05	3.20031e-06
=====================================================================

####################################################
TIME STAMP : [2018/1/16 21:6:29] 1100 / 3721 (29.5619 %)
####################################################
[CutInfo::PrintCutInfo] leadingLepton_Pt	>	70
[CutInfo::PrintCutInfo] m_SubLeadljj_jjWclosest	<	240
[CutInfo::PrintCutInfo] m_SubLeadljj_jjWclosest	>	56.6667
[CutInfo::PrintCutInfo] secondLepton_Pt	>	30

!!!!!!!!!!!!!!!!!
!!!! UPDATED !!!!
!!!!!!!!!!!!!!!!!

[CutInfo::PrintCutInfo] leadingLepton_Pt	>	70
[CutInfo::PrintCutInfo] m_SubLeadljj_jjWclosest	<	240
[CutInfo::PrintCutInfo] m_SubLeadljj_jjWclosest	>	60
[CutInfo::PrintCutInfo] secondLepton_Pt	>	30
CF	0 +- 0
Fake	0.795038 +- 0.37864
Prompt	2.27275 +- 0.706544
=> total bkg = 3.06778
Signal	Yield	Efficiency	Efficiency@Presel	Punzi
HNMuEl_200	1.21743	0.00947692	3.37444e-05	3.20031e-06
=====================================================================

####################################################
TIME STAMP : [2018/1/16 21:6:40] 1200 / 3721 (32.2494 %)
####################################################
[CutInfo::PrintCutInfo] leadingLepton_Pt	>	70
[CutInfo::PrintCutInfo] m_SubLeadljj_jjWclosest	<	240
[CutInfo::PrintCutInfo] m_SubLeadljj_jjWclosest	>	60
[CutInfo::PrintCutInfo] secondLepton_Pt	>	30

!!!!!!!!!!!!!!!!!
!!!! UPDATED !!!!
!!!!!!!!!!!!!!!!!

[CutInfo::PrintCutInfo] leadingLepton_Pt	>	70
[CutInfo::PrintCutInfo] m_SubLeadljj_jjWclosest	<	240
[CutInfo::PrintCutInfo] m_SubLeadljj_jjWclosest	>	63.3333
[CutInfo::PrintCutInfo] secondLepton_Pt	>	30
CF	0 +- 0
Fake	0.795038 +- 0.37864
Prompt	2.27275 +- 0.706544
=> total bkg = 3.06778
Signal	Yield	Efficiency	Efficiency@Presel	Punzi
HNMuEl_200	1.21743	0.00947692	3.37444e-05	3.20031e-06
=====================================================================


!!!!!!!!!!!!!!!!!
!!!! UPDATED !!!!
!!!!!!!!!!!!!!!!!

[CutInfo::PrintCutInfo] leadingLepton_Pt	>	70
[CutInfo::PrintCutInfo] m_SubLeadljj_jjWclosest	<	240
[CutInfo::PrintCutInfo] m_SubLeadljj_jjWclosest	>	66.6667
[CutInfo::PrintCutInfo] secondLepton_Pt	>	30
CF	0 +- 0
Fake	0.795038 +- 0.37864
Prompt	2.27275 +- 0.706544
=> total bkg = 3.06778
Signal	Yield	Efficiency	Efficiency@Presel	Punzi
HNMuEl_200	1.21743	0.00947692	3.37444e-05	3.20031e-06
=====================================================================

####################################################
TIME STAMP : [2018/1/16 21:6:51] 1300 / 3721 (34.9368 %)
####################################################
[CutInfo::PrintCutInfo] leadingLepton_Pt	>	70
[CutInfo::PrintCutInfo] m_SubLeadljj_jjWclosest	<	240
[CutInfo::PrintCutInfo] m_SubLeadljj_jjWclosest	>	66.6667
[CutInfo::PrintCutInfo] secondLepton_Pt	>	30

!!!!!!!!!!!!!!!!!
!!!! UPDATED !!!!
!!!!!!!!!!!!!!!!!

[CutInfo::PrintCutInfo] leadingLepton_Pt	>	70
[CutInfo::PrintCutInfo] m_SubLeadljj_jjWclosest	<	240
[CutInfo::PrintCutInfo] m_SubLeadljj_jjWclosest	>	70
[CutInfo::PrintCutInfo] secondLepton_Pt	>	30
CF	0 +- 0
Fake	0.795038 +- 0.37864
Prompt	2.27275 +- 0.706544
=> total bkg = 3.06778
Signal	Yield	Efficiency	Efficiency@Presel	Punzi
HNMuEl_200	1.21743	0.00947692	3.37444e-05	3.20031e-06
=====================================================================


!!!!!!!!!!!!!!!!!
!!!! UPDATED !!!!
!!!!!!!!!!!!!!!!!

[CutInfo::PrintCutInfo] leadingLepton_Pt	>	70
[CutInfo::PrintCutInfo] m_SubLeadljj_jjWclosest	<	240
[CutInfo::PrintCutInfo] m_SubLeadljj_jjWclosest	>	73.3333
[CutInfo::PrintCutInfo] secondLepton_Pt	>	30
CF	0 +- 0
Fake	0.795038 +- 0.37864
Prompt	2.27275 +- 0.706544
=> total bkg = 3.06778
Signal	Yield	Efficiency	Efficiency@Presel	Punzi
HNMuEl_200	1.21743	0.00947692	3.37444e-05	3.20031e-06
=====================================================================

####################################################
TIME STAMP : [2018/1/16 21:7:2] 1400 / 3721 (37.6243 %)
####################################################
[CutInfo::PrintCutInfo] leadingLepton_Pt	>	70
[CutInfo::PrintCutInfo] m_SubLeadljj_jjWclosest	<	240
[CutInfo::PrintCutInfo] m_SubLeadljj_jjWclosest	>	73.3333
[CutInfo::PrintCutInfo] secondLepton_Pt	>	30

!!!!!!!!!!!!!!!!!
!!!! UPDATED !!!!
!!!!!!!!!!!!!!!!!

[CutInfo::PrintCutInfo] leadingLepton_Pt	>	70
[CutInfo::PrintCutInfo] m_SubLeadljj_jjWclosest	<	240
[CutInfo::PrintCutInfo] m_SubLeadljj_jjWclosest	>	76.6667
[CutInfo::PrintCutInfo] secondLepton_Pt	>	30
CF	0 +- 0
Fake	0.795038 +- 0.37864
Prompt	2.27275 +- 0.706544
=> total bkg = 3.06778
Signal	Yield	Efficiency	Efficiency@Presel	Punzi
HNMuEl_200	1.21743	0.00947692	3.37444e-05	3.20031e-06
=====================================================================

####################################################
TIME STAMP : [2018/1/16 21:7:14] 1500 / 3721 (40.3117 %)
####################################################
[CutInfo::PrintCutInfo] leadingLepton_Pt	>	70
[CutInfo::PrintCutInfo] m_SubLeadljj_jjWclosest	<	240
[CutInfo::PrintCutInfo] m_SubLeadljj_jjWclosest	>	76.6667
[CutInfo::PrintCutInfo] secondLepton_Pt	>	30

!!!!!!!!!!!!!!!!!
!!!! UPDATED !!!!
!!!!!!!!!!!!!!!!!

[CutInfo::PrintCutInfo] leadingLepton_Pt	>	70
[CutInfo::PrintCutInfo] m_SubLeadljj_jjWclosest	<	240
[CutInfo::PrintCutInfo] m_SubLeadljj_jjWclosest	>	80
[CutInfo::PrintCutInfo] secondLepton_Pt	>	30
CF	0 +- 0
Fake	0.795038 +- 0.37864
Prompt	2.27275 +- 0.706544
=> total bkg = 3.06778
Signal	Yield	Efficiency	Efficiency@Presel	Punzi
HNMuEl_200	1.21743	0.00947692	3.37444e-05	3.20031e-06
=====================================================================


!!!!!!!!!!!!!!!!!
!!!! UPDATED !!!!
!!!!!!!!!!!!!!!!!

[CutInfo::PrintCutInfo] leadingLepton_Pt	>	70
[CutInfo::PrintCutInfo] m_SubLeadljj_jjWclosest	<	240
[CutInfo::PrintCutInfo] m_SubLeadljj_jjWclosest	>	83.3333
[CutInfo::PrintCutInfo] secondLepton_Pt	>	30
CF	0 +- 0
Fake	0.795038 +- 0.37864
Prompt	2.27275 +- 0.706544
=> total bkg = 3.06778
Signal	Yield	Efficiency	Efficiency@Presel	Punzi
HNMuEl_200	1.21743	0.00947692	3.37444e-05	3.20031e-06
=====================================================================

####################################################
TIME STAMP : [2018/1/16 21:7:25] 1600 / 3721 (42.9992 %)
####################################################
[CutInfo::PrintCutInfo] leadingLepton_Pt	>	70
[CutInfo::PrintCutInfo] m_SubLeadljj_jjWclosest	<	240
[CutInfo::PrintCutInfo] m_SubLeadljj_jjWclosest	>	83.3333
[CutInfo::PrintCutInfo] secondLepton_Pt	>	30

!!!!!!!!!!!!!!!!!
!!!! UPDATED !!!!
!!!!!!!!!!!!!!!!!

[CutInfo::PrintCutInfo] leadingLepton_Pt	>	70
[CutInfo::PrintCutInfo] m_SubLeadljj_jjWclosest	<	240
[CutInfo::PrintCutInfo] m_SubLeadljj_jjWclosest	>	86.6667
[CutInfo::PrintCutInfo] secondLepton_Pt	>	30
CF	0 +- 0
Fake	0.795038 +- 0.37864
Prompt	2.27275 +- 0.706544
=> total bkg = 3.06778
Signal	Yield	Efficiency	Efficiency@Presel	Punzi
HNMuEl_200	1.21743	0.00947692	3.37444e-05	3.20031e-06
=====================================================================

####################################################
TIME STAMP : [2018/1/16 21:7:36] 1700 / 3721 (45.6866 %)
####################################################
[CutInfo::PrintCutInfo] leadingLepton_Pt	>	70
[CutInfo::PrintCutInfo] m_SubLeadljj_jjWclosest	<	240
[CutInfo::PrintCutInfo] m_SubLeadljj_jjWclosest	>	86.6667
[CutInfo::PrintCutInfo] secondLepton_Pt	>	30

!!!!!!!!!!!!!!!!!
!!!! UPDATED !!!!
!!!!!!!!!!!!!!!!!

[CutInfo::PrintCutInfo] leadingLepton_Pt	>	70
[CutInfo::PrintCutInfo] m_SubLeadljj_jjWclosest	<	240
[CutInfo::PrintCutInfo] m_SubLeadljj_jjWclosest	>	90
[CutInfo::PrintCutInfo] secondLepton_Pt	>	30
CF	0 +- 0
Fake	0.795038 +- 0.37864
Prompt	2.27275 +- 0.706544
=> total bkg = 3.06778
Signal	Yield	Efficiency	Efficiency@Presel	Punzi
HNMuEl_200	1.21743	0.00947692	3.37444e-05	3.20031e-06
=====================================================================


!!!!!!!!!!!!!!!!!
!!!! UPDATED !!!!
!!!!!!!!!!!!!!!!!

[CutInfo::PrintCutInfo] leadingLepton_Pt	>	70
[CutInfo::PrintCutInfo] m_SubLeadljj_jjWclosest	<	240
[CutInfo::PrintCutInfo] m_SubLeadljj_jjWclosest	>	93.3333
[CutInfo::PrintCutInfo] secondLepton_Pt	>	30
CF	0 +- 0
Fake	0.795038 +- 0.37864
Prompt	2.27275 +- 0.706544
=> total bkg = 3.06778
Signal	Yield	Efficiency	Efficiency@Presel	Punzi
HNMuEl_200	1.21743	0.00947692	3.37444e-05	3.20031e-06
=====================================================================

####################################################
TIME STAMP : [2018/1/16 21:7:47] 1800 / 3721 (48.3741 %)
####################################################
[CutInfo::PrintCutInfo] leadingLepton_Pt	>	70
[CutInfo::PrintCutInfo] m_SubLeadljj_jjWclosest	<	240
[CutInfo::PrintCutInfo] m_SubLeadljj_jjWclosest	>	93.3333
[CutInfo::PrintCutInfo] secondLepton_Pt	>	30

!!!!!!!!!!!!!!!!!
!!!! UPDATED !!!!
!!!!!!!!!!!!!!!!!

[CutInfo::PrintCutInfo] leadingLepton_Pt	>	70
[CutInfo::PrintCutInfo] m_SubLeadljj_jjWclosest	<	240
[CutInfo::PrintCutInfo] m_SubLeadljj_jjWclosest	>	96.6667
[CutInfo::PrintCutInfo] secondLepton_Pt	>	30
CF	0 +- 0
Fake	0.795038 +- 0.37864
Prompt	2.27275 +- 0.706544
=> total bkg = 3.06778
Signal	Yield	Efficiency	Efficiency@Presel	Punzi
HNMuEl_200	1.21743	0.00947692	3.37444e-05	3.20031e-06
=====================================================================


!!!!!!!!!!!!!!!!!
!!!! UPDATED !!!!
!!!!!!!!!!!!!!!!!

[CutInfo::PrintCutInfo] leadingLepton_Pt	>	70
[CutInfo::PrintCutInfo] m_SubLeadljj_jjWclosest	<	240
[CutInfo::PrintCutInfo] m_SubLeadljj_jjWclosest	>	100
[CutInfo::PrintCutInfo] secondLepton_Pt	>	30
CF	0 +- 0
Fake	0.795038 +- 0.37864
Prompt	2.27275 +- 0.706544
=> total bkg = 3.06778
Signal	Yield	Efficiency	Efficiency@Presel	Punzi
HNMuEl_200	1.21743	0.00947692	3.37444e-05	3.20031e-06
=====================================================================

####################################################
TIME STAMP : [2018/1/16 21:7:58] 1900 / 3721 (51.0615 %)
####################################################
[CutInfo::PrintCutInfo] leadingLepton_Pt	>	70
[CutInfo::PrintCutInfo] m_SubLeadljj_jjWclosest	<	240
[CutInfo::PrintCutInfo] m_SubLeadljj_jjWclosest	>	100
[CutInfo::PrintCutInfo] secondLepton_Pt	>	30

!!!!!!!!!!!!!!!!!
!!!! UPDATED !!!!
!!!!!!!!!!!!!!!!!

[CutInfo::PrintCutInfo] leadingLepton_Pt	>	70
[CutInfo::PrintCutInfo] m_SubLeadljj_jjWclosest	<	240
[CutInfo::PrintCutInfo] m_SubLeadljj_jjWclosest	>	103.333
[CutInfo::PrintCutInfo] secondLepton_Pt	>	30
CF	0 +- 0
Fake	0.795038 +- 0.37864
Prompt	2.27275 +- 0.706544
=> total bkg = 3.06778
Signal	Yield	Efficiency	Efficiency@Presel	Punzi
HNMuEl_200	1.21743	0.00947692	3.37444e-05	3.20031e-06
=====================================================================

####################################################
TIME STAMP : [2018/1/16 21:8:9] 2000 / 3721 (53.749 %)
####################################################
[CutInfo::PrintCutInfo] leadingLepton_Pt	>	70
[CutInfo::PrintCutInfo] m_SubLeadljj_jjWclosest	<	240
[CutInfo::PrintCutInfo] m_SubLeadljj_jjWclosest	>	103.333
[CutInfo::PrintCutInfo] secondLepton_Pt	>	30

!!!!!!!!!!!!!!!!!
!!!! UPDATED !!!!
!!!!!!!!!!!!!!!!!

[CutInfo::PrintCutInfo] leadingLepton_Pt	>	70
[CutInfo::PrintCutInfo] m_SubLeadljj_jjWclosest	<	240
[CutInfo::PrintCutInfo] m_SubLeadljj_jjWclosest	>	106.667
[CutInfo::PrintCutInfo] secondLepton_Pt	>	30
CF	0 +- 0
Fake	0.795038 +- 0.37864
Prompt	2.27275 +- 0.706544
=> total bkg = 3.06778
Signal	Yield	Efficiency	Efficiency@Presel	Punzi
HNMuEl_200	1.21743	0.00947692	3.37444e-05	3.20031e-06
=====================================================================


!!!!!!!!!!!!!!!!!
!!!! UPDATED !!!!
!!!!!!!!!!!!!!!!!

[CutInfo::PrintCutInfo] leadingLepton_Pt	>	70
[CutInfo::PrintCutInfo] m_SubLeadljj_jjWclosest	<	240
[CutInfo::PrintCutInfo] m_SubLeadljj_jjWclosest	>	110
[CutInfo::PrintCutInfo] secondLepton_Pt	>	30
CF	0 +- 0
Fake	0.733646 +- 0.36215
Prompt	2.26961 +- 0.705142
=> total bkg = 3.00326
Signal	Yield	Efficiency	Efficiency@Presel	Punzi
HNMuEl_200	1.21743	0.00947692	3.37444e-05	3.22294e-06
=====================================================================

####################################################
TIME STAMP : [2018/1/16 21:8:20] 2100 / 3721 (56.4364 %)
####################################################
[CutInfo::PrintCutInfo] leadingLepton_Pt	>	70
[CutInfo::PrintCutInfo] m_SubLeadljj_jjWclosest	<	240
[CutInfo::PrintCutInfo] m_SubLeadljj_jjWclosest	>	110
[CutInfo::PrintCutInfo] secondLepton_Pt	>	30

!!!!!!!!!!!!!!!!!
!!!! UPDATED !!!!
!!!!!!!!!!!!!!!!!

[CutInfo::PrintCutInfo] leadingLepton_Pt	>	70
[CutInfo::PrintCutInfo] m_SubLeadljj_jjWclosest	<	240
[CutInfo::PrintCutInfo] m_SubLeadljj_jjWclosest	>	113.333
[CutInfo::PrintCutInfo] secondLepton_Pt	>	30
CF	0 +- 0
Fake	0.733646 +- 0.36215
Prompt	2.26961 +- 0.705142
=> total bkg = 3.00326
Signal	Yield	Efficiency	Efficiency@Presel	Punzi
HNMuEl_200	1.21743	0.00947692	3.37444e-05	3.22294e-06
=====================================================================


!!!!!!!!!!!!!!!!!
!!!! UPDATED !!!!
!!!!!!!!!!!!!!!!!

[CutInfo::PrintCutInfo] leadingLepton_Pt	>	70
[CutInfo::PrintCutInfo] m_SubLeadljj_jjWclosest	<	240
[CutInfo::PrintCutInfo] m_SubLeadljj_jjWclosest	>	116.667
[CutInfo::PrintCutInfo] secondLepton_Pt	>	30
CF	0 +- 0
Fake	0.733646 +- 0.36215
Prompt	2.26961 +- 0.705142
=> total bkg = 3.00326
Signal	Yield	Efficiency	Efficiency@Presel	Punzi
HNMuEl_200	1.21743	0.00947692	3.37444e-05	3.22294e-06
=====================================================================

####################################################
TIME STAMP : [2018/1/16 21:8:31] 2200 / 3721 (59.1239 %)
####################################################
[CutInfo::PrintCutInfo] leadingLepton_Pt	>	70
[CutInfo::PrintCutInfo] m_SubLeadljj_jjWclosest	<	240
[CutInfo::PrintCutInfo] m_SubLeadljj_jjWclosest	>	116.667
[CutInfo::PrintCutInfo] secondLepton_Pt	>	30

!!!!!!!!!!!!!!!!!
!!!! UPDATED !!!!
!!!!!!!!!!!!!!!!!

[CutInfo::PrintCutInfo] leadingLepton_Pt	>	70
[CutInfo::PrintCutInfo] m_SubLeadljj_jjWclosest	<	240
[CutInfo::PrintCutInfo] m_SubLeadljj_jjWclosest	>	120
[CutInfo::PrintCutInfo] secondLepton_Pt	>	30
CF	0 +- 0
Fake	0.733646 +- 0.36215
Prompt	2.2655 +- 0.703303
=> total bkg = 2.99915
Signal	Yield	Efficiency	Efficiency@Presel	Punzi
HNMuEl_200	1.21743	0.00947692	3.37444e-05	3.22489e-06
=====================================================================

####################################################
TIME STAMP : [2018/1/16 21:8:42] 2300 / 3721 (61.8113 %)
####################################################
[CutInfo::PrintCutInfo] leadingLepton_Pt	>	70
[CutInfo::PrintCutInfo] m_SubLeadljj_jjWclosest	<	240
[CutInfo::PrintCutInfo] m_SubLeadljj_jjWclosest	>	120
[CutInfo::PrintCutInfo] secondLepton_Pt	>	30

!!!!!!!!!!!!!!!!!
!!!! UPDATED !!!!
!!!!!!!!!!!!!!!!!

[CutInfo::PrintCutInfo] leadingLepton_Pt	>	70
[CutInfo::PrintCutInfo] m_SubLeadljj_jjWclosest	<	240
[CutInfo::PrintCutInfo] m_SubLeadljj_jjWclosest	>	123.333
[CutInfo::PrintCutInfo] secondLepton_Pt	>	30
CF	0 +- 0
Fake	0.733646 +- 0.36215
Prompt	2.2655 +- 0.703303
=> total bkg = 2.99915
Signal	Yield	Efficiency	Efficiency@Presel	Punzi
HNMuEl_200	1.21743	0.00947692	3.37444e-05	3.22489e-06
=====================================================================


!!!!!!!!!!!!!!!!!
!!!! UPDATED !!!!
!!!!!!!!!!!!!!!!!

[CutInfo::PrintCutInfo] leadingLepton_Pt	>	70
[CutInfo::PrintCutInfo] m_SubLeadljj_jjWclosest	<	240
[CutInfo::PrintCutInfo] m_SubLeadljj_jjWclosest	>	126.667
[CutInfo::PrintCutInfo] secondLepton_Pt	>	30
CF	0 +- 0
Fake	0.733646 +- 0.36215
Prompt	2.17804 +- 0.689633
=> total bkg = 2.91168
Signal	Yield	Efficiency	Efficiency@Presel	Punzi
HNMuEl_200	1.21743	0.00947692	3.37444e-05	3.25649e-06
=====================================================================

####################################################
TIME STAMP : [2018/1/16 21:8:53] 2400 / 3721 (64.4988 %)
####################################################
[CutInfo::PrintCutInfo] leadingLepton_Pt	>	70
[CutInfo::PrintCutInfo] m_SubLeadljj_jjWclosest	<	240
[CutInfo::PrintCutInfo] m_SubLeadljj_jjWclosest	>	126.667
[CutInfo::PrintCutInfo] secondLepton_Pt	>	30

!!!!!!!!!!!!!!!!!
!!!! UPDATED !!!!
!!!!!!!!!!!!!!!!!

[CutInfo::PrintCutInfo] leadingLepton_Pt	>	70
[CutInfo::PrintCutInfo] m_SubLeadljj_jjWclosest	<	240
[CutInfo::PrintCutInfo] m_SubLeadljj_jjWclosest	>	130
[CutInfo::PrintCutInfo] secondLepton_Pt	>	30
CF	0 +- 0
Fake	0.733646 +- 0.36215
Prompt	2.17472 +- 0.688143
=> total bkg = 2.90836
Signal	Yield	Efficiency	Efficiency@Presel	Punzi
HNMuEl_200	1.21743	0.00947692	3.37444e-05	3.25811e-06
=====================================================================


!!!!!!!!!!!!!!!!!
!!!! UPDATED !!!!
!!!!!!!!!!!!!!!!!

[CutInfo::PrintCutInfo] leadingLepton_Pt	>	70
[CutInfo::PrintCutInfo] m_SubLeadljj_jjWclosest	<	240
[CutInfo::PrintCutInfo] m_SubLeadljj_jjWclosest	>	133.333
[CutInfo::PrintCutInfo] secondLepton_Pt	>	30
CF	0 +- 0
Fake	0.733719 +- 0.362164
Prompt	2.17133 +- 0.686623
=> total bkg = 2.90504
Signal	Yield	Efficiency	Efficiency@Presel	Punzi
HNMuEl_200	1.21743	0.00947692	3.37444e-05	3.25975e-06
=====================================================================

####################################################
TIME STAMP : [2018/1/16 21:9:4] 2500 / 3721 (67.1862 %)
####################################################
[CutInfo::PrintCutInfo] leadingLepton_Pt	>	70
[CutInfo::PrintCutInfo] m_SubLeadljj_jjWclosest	<	240
[CutInfo::PrintCutInfo] m_SubLeadljj_jjWclosest	>	133.333
[CutInfo::PrintCutInfo] secondLepton_Pt	>	30

!!!!!!!!!!!!!!!!!
!!!! UPDATED !!!!
!!!!!!!!!!!!!!!!!

[CutInfo::PrintCutInfo] leadingLepton_Pt	>	70
[CutInfo::PrintCutInfo] m_SubLeadljj_jjWclosest	<	240
[CutInfo::PrintCutInfo] m_SubLeadljj_jjWclosest	>	136.667
[CutInfo::PrintCutInfo] secondLepton_Pt	>	30
CF	0 +- 0
Fake	0.733834 +- 0.362185
Prompt	2.16411 +- 0.683384
=> total bkg = 2.89794
Signal	Yield	Efficiency	Efficiency@Presel	Punzi
HNMuEl_200	1.21743	0.00947692	3.37444e-05	3.26324e-06
=====================================================================

####################################################
TIME STAMP : [2018/1/16 21:9:11] 2600 / 3721 (69.8737 %)
####################################################
[CutInfo::PrintCutInfo] leadingLepton_Pt	>	70
[CutInfo::PrintCutInfo] m_SubLeadljj_jjWclosest	<	240
[CutInfo::PrintCutInfo] m_SubLeadljj_jjWclosest	>	136.667
[CutInfo::PrintCutInfo] secondLepton_Pt	>	30

!!!!!!!!!!!!!!!!!
!!!! UPDATED !!!!
!!!!!!!!!!!!!!!!!

[CutInfo::PrintCutInfo] leadingLepton_Pt	>	70
[CutInfo::PrintCutInfo] m_SubLeadljj_jjWclosest	<	240
[CutInfo::PrintCutInfo] m_SubLeadljj_jjWclosest	>	140
[CutInfo::PrintCutInfo] secondLepton_Pt	>	30
CF	0 +- 0
Fake	0.733834 +- 0.362185
Prompt	2.1479 +- 0.676123
=> total bkg = 2.88174
Signal	Yield	Efficiency	Efficiency@Presel	Punzi
HNMuEl_200	1.21743	0.00947692	3.37444e-05	3.27121e-06
=====================================================================


!!!!!!!!!!!!!!!!!
!!!! UPDATED !!!!
!!!!!!!!!!!!!!!!!

[CutInfo::PrintCutInfo] leadingLepton_Pt	>	70
[CutInfo::PrintCutInfo] m_SubLeadljj_jjWclosest	<	240
[CutInfo::PrintCutInfo] m_SubLeadljj_jjWclosest	>	143.333
[CutInfo::PrintCutInfo] secondLepton_Pt	>	30
CF	0 +- 0
Fake	0.733834 +- 0.362185
Prompt	2.14059 +- 0.672856
=> total bkg = 2.87442
Signal	Yield	Efficiency	Efficiency@Presel	Punzi
HNMuEl_200	1.21613	0.00946923	3.37083e-05	3.27131e-06
=====================================================================

####################################################
TIME STAMP : [2018/1/16 21:9:18] 2700 / 3721 (72.5611 %)
####################################################
[CutInfo::PrintCutInfo] leadingLepton_Pt	>	70
[CutInfo::PrintCutInfo] m_SubLeadljj_jjWclosest	<	240
[CutInfo::PrintCutInfo] m_SubLeadljj_jjWclosest	>	143.333
[CutInfo::PrintCutInfo] secondLepton_Pt	>	30

!!!!!!!!!!!!!!!!!
!!!! UPDATED !!!!
!!!!!!!!!!!!!!!!!

[CutInfo::PrintCutInfo] leadingLepton_Pt	>	70
[CutInfo::PrintCutInfo] m_SubLeadljj_jjWclosest	<	240
[CutInfo::PrintCutInfo] m_SubLeadljj_jjWclosest	>	146.667
[CutInfo::PrintCutInfo] secondLepton_Pt	>	30
CF	0 +- 0
Fake	0.695334 +- 0.352493
Prompt	2.13553 +- 0.670604
=> total bkg = 2.83086
Signal	Yield	Efficiency	Efficiency@Presel	Punzi
HNMuEl_200	1.21613	0.00946923	3.37083e-05	3.28791e-06
=====================================================================

####################################################
TIME STAMP : [2018/1/16 21:9:24] 2800 / 3721 (75.2486 %)
####################################################
[CutInfo::PrintCutInfo] leadingLepton_Pt	>	70
[CutInfo::PrintCutInfo] m_SubLeadljj_jjWclosest	<	240
[CutInfo::PrintCutInfo] m_SubLeadljj_jjWclosest	>	146.667
[CutInfo::PrintCutInfo] secondLepton_Pt	>	30

!!!!!!!!!!!!!!!!!
!!!! UPDATED !!!!
!!!!!!!!!!!!!!!!!

[CutInfo::PrintCutInfo] leadingLepton_Pt	>	70
[CutInfo::PrintCutInfo] m_SubLeadljj_jjWclosest	<	240
[CutInfo::PrintCutInfo] m_SubLeadljj_jjWclosest	>	153.333
[CutInfo::PrintCutInfo] secondLepton_Pt	>	30
CF	0 +- 0
Fake	0.557975 +- 0.299821
Prompt	2.13589 +- 0.66327
=> total bkg = 2.69387
Signal	Yield	Efficiency	Efficiency@Presel	Punzi
HNMuEl_200	1.21503	0.00946154	3.36779e-05	3.34342e-06
=====================================================================

####################################################
TIME STAMP : [2018/1/16 21:9:31] 2900 / 3721 (77.936 %)
####################################################
[CutInfo::PrintCutInfo] leadingLepton_Pt	>	70
[CutInfo::PrintCutInfo] m_SubLeadljj_jjWclosest	<	240
[CutInfo::PrintCutInfo] m_SubLeadljj_jjWclosest	>	153.333
[CutInfo::PrintCutInfo] secondLepton_Pt	>	30

!!!!!!!!!!!!!!!!!
!!!! UPDATED !!!!
!!!!!!!!!!!!!!!!!

[CutInfo::PrintCutInfo] leadingLepton_Pt	>	70
[CutInfo::PrintCutInfo] m_SubLeadljj_jjWclosest	<	240
[CutInfo::PrintCutInfo] m_SubLeadljj_jjWclosest	>	156.667
[CutInfo::PrintCutInfo] secondLepton_Pt	>	30
CF	0 +- 0
Fake	0.50189 +- 0.285232
Prompt	2.11574 +- 0.654325
=> total bkg = 2.61763
Signal	Yield	Efficiency	Efficiency@Presel	Punzi
HNMuEl_200	1.21397	0.00945385	3.36485e-05	3.37319e-06
=====================================================================


!!!!!!!!!!!!!!!!!
!!!! UPDATED !!!!
!!!!!!!!!!!!!!!!!

[CutInfo::PrintCutInfo] leadingLepton_Pt	>	70
[CutInfo::PrintCutInfo] m_SubLeadljj_jjWclosest	<	240
[CutInfo::PrintCutInfo] m_SubLeadljj_jjWclosest	>	160
[CutInfo::PrintCutInfo] secondLepton_Pt	>	30
CF	0 +- 0
Fake	0.374994 +- 0.235032
Prompt	2.10856 +- 0.651155
=> total bkg = 2.48356
Signal	Yield	Efficiency	Efficiency@Presel	Punzi
HNMuEl_200	1.21254	0.00944615	3.36089e-05	3.42753e-06
=====================================================================

####################################################
TIME STAMP : [2018/1/16 21:9:38] 3000 / 3721 (80.6235 %)
####################################################
[CutInfo::PrintCutInfo] leadingLepton_Pt	>	70
[CutInfo::PrintCutInfo] m_SubLeadljj_jjWclosest	<	240
[CutInfo::PrintCutInfo] m_SubLeadljj_jjWclosest	>	160
[CutInfo::PrintCutInfo] secondLepton_Pt	>	30

!!!!!!!!!!!!!!!!!
!!!! UPDATED !!!!
!!!!!!!!!!!!!!!!!

[CutInfo::PrintCutInfo] leadingLepton_Pt	>	70
[CutInfo::PrintCutInfo] m_SubLeadljj_jjWclosest	<	240
[CutInfo::PrintCutInfo] m_SubLeadljj_jjWclosest	>	163.333
[CutInfo::PrintCutInfo] secondLepton_Pt	>	30
CF	0 +- 0
Fake	0.375621 +- 0.235122
Prompt	2.03458 +- 0.63701
=> total bkg = 2.4102
Signal	Yield	Efficiency	Efficiency@Presel	Punzi
HNMuEl_200	1.21111	0.00943846	3.35692e-05	3.45752e-06
=====================================================================

####################################################
TIME STAMP : [2018/1/16 21:9:45] 3100 / 3721 (83.3109 %)
####################################################
[CutInfo::PrintCutInfo] leadingLepton_Pt	>	70
[CutInfo::PrintCutInfo] m_SubLeadljj_jjWclosest	<	240
[CutInfo::PrintCutInfo] m_SubLeadljj_jjWclosest	>	163.333
[CutInfo::PrintCutInfo] secondLepton_Pt	>	30

!!!!!!!!!!!!!!!!!
!!!! UPDATED !!!!
!!!!!!!!!!!!!!!!!

[CutInfo::PrintCutInfo] leadingLepton_Pt	>	70
[CutInfo::PrintCutInfo] m_SubLeadljj_jjWclosest	<	240
[CutInfo::PrintCutInfo] m_SubLeadljj_jjWclosest	>	166.667
[CutInfo::PrintCutInfo] secondLepton_Pt	>	30
CF	0 +- 0
Fake	0.29737 +- 0.207836
Prompt	2.0139 +- 0.631308
=> total bkg = 2.31127
Signal	Yield	Efficiency	Efficiency@Presel	Punzi
HNMuEl_200	1.21006	0.00943077	3.35401e-05	3.50033e-06
=====================================================================


!!!!!!!!!!!!!!!!!
!!!! UPDATED !!!!
!!!!!!!!!!!!!!!!!

[CutInfo::PrintCutInfo] leadingLepton_Pt	>	70
[CutInfo::PrintCutInfo] m_SubLeadljj_jjWclosest	<	240
[CutInfo::PrintCutInfo] m_SubLeadljj_jjWclosest	>	170
[CutInfo::PrintCutInfo] secondLepton_Pt	>	30
CF	0 +- 0
Fake	0.178387 +- 0.14822
Prompt	1.9634 +- 0.608145
=> total bkg = 2.14179
Signal	Yield	Efficiency	Efficiency@Presel	Punzi
HNMuEl_200	1.21006	0.00943077	3.35401e-05	3.59149e-06
=====================================================================


!!!!!!!!!!!!!!!!!
!!!! UPDATED !!!!
!!!!!!!!!!!!!!!!!

[CutInfo::PrintCutInfo] leadingLepton_Pt	>	70
[CutInfo::PrintCutInfo] m_SubLeadljj_jjWclosest	<	235
[CutInfo::PrintCutInfo] m_SubLeadljj_jjWclosest	>	170
[CutInfo::PrintCutInfo] secondLepton_Pt	>	30
CF	0 +- 0
Fake	0.179277 +- 0.148316
Prompt	1.86546 +- 0.568143
=> total bkg = 2.04474
Signal	Yield	Efficiency	Efficiency@Presel	Punzi
HNMuEl_200	1.18909	0.00926154	3.29588e-05	3.5929e-06
=====================================================================


!!!!!!!!!!!!!!!!!
!!!! UPDATED !!!!
!!!!!!!!!!!!!!!!!

[CutInfo::PrintCutInfo] leadingLepton_Pt	>	70
[CutInfo::PrintCutInfo] m_SubLeadljj_jjWclosest	<	225
[CutInfo::PrintCutInfo] m_SubLeadljj_jjWclosest	>	170
[CutInfo::PrintCutInfo] secondLepton_Pt	>	30
CF	0 +- 0
Fake	0.195773 +- 0.150005
Prompt	1.46648 +- 0.478701
=> total bkg = 1.66225
Signal	Yield	Efficiency	Efficiency@Presel	Punzi
HNMuEl_200	1.11788	0.00867692	3.09852e-05	3.60786e-06
=====================================================================

####################################################
TIME STAMP : [2018/1/16 21:9:51] 3200 / 3721 (85.9984 %)
####################################################
[CutInfo::PrintCutInfo] leadingLepton_Pt	>	70
[CutInfo::PrintCutInfo] m_SubLeadljj_jjWclosest	<	225
[CutInfo::PrintCutInfo] m_SubLeadljj_jjWclosest	>	170
[CutInfo::PrintCutInfo] secondLepton_Pt	>	30

!!!!!!!!!!!!!!!!!
!!!! UPDATED !!!!
!!!!!!!!!!!!!!!!!

[CutInfo::PrintCutInfo] leadingLepton_Pt	>	70
[CutInfo::PrintCutInfo] m_SubLeadljj_jjWclosest	<	240
[CutInfo::PrintCutInfo] m_SubLeadljj_jjWclosest	>	173.333
[CutInfo::PrintCutInfo] secondLepton_Pt	>	30
CF	0 +- 0
Fake	0.178736 +- 0.148258
Prompt	1.80984 +- 0.563563
=> total bkg = 1.98858
Signal	Yield	Efficiency	Efficiency@Presel	Punzi
HNMuEl_200	1.20765	0.00941538	3.34734e-05	3.67786e-06
=====================================================================


!!!!!!!!!!!!!!!!!
!!!! UPDATED !!!!
!!!!!!!!!!!!!!!!!

[CutInfo::PrintCutInfo] leadingLepton_Pt	>	70
[CutInfo::PrintCutInfo] m_SubLeadljj_jjWclosest	<	235
[CutInfo::PrintCutInfo] m_SubLeadljj_jjWclosest	>	173.333
[CutInfo::PrintCutInfo] secondLepton_Pt	>	30
CF	0 +- 0
Fake	0.179627 +- 0.148354
Prompt	1.7119 +- 0.523877
=> total bkg = 1.89153
Signal	Yield	Efficiency	Efficiency@Presel	Punzi
HNMuEl_200	1.18668	0.00924615	3.28921e-05	3.68198e-06
=====================================================================


!!!!!!!!!!!!!!!!!
!!!! UPDATED !!!!
!!!!!!!!!!!!!!!!!

[CutInfo::PrintCutInfo] leadingLepton_Pt	>	70
[CutInfo::PrintCutInfo] m_SubLeadljj_jjWclosest	<	225
[CutInfo::PrintCutInfo] m_SubLeadljj_jjWclosest	>	173.333
[CutInfo::PrintCutInfo] secondLepton_Pt	>	30
CF	0 +- 0
Fake	0.196123 +- 0.150046
Prompt	1.31292 +- 0.433504
=> total bkg = 1.50904
Signal	Yield	Efficiency	Efficiency@Presel	Punzi
HNMuEl_200	1.11548	0.00866154	3.09185e-05	3.71247e-06
=====================================================================


!!!!!!!!!!!!!!!!!
!!!! UPDATED !!!!
!!!!!!!!!!!!!!!!!

[CutInfo::PrintCutInfo] leadingLepton_Pt	>	70
[CutInfo::PrintCutInfo] m_SubLeadljj_jjWclosest	<	225
[CutInfo::PrintCutInfo] m_SubLeadljj_jjWclosest	>	176.667
[CutInfo::PrintCutInfo] secondLepton_Pt	>	30
CF	0 +- 0
Fake	0.198272 +- 0.150296
Prompt	1.28558 +- 0.422296
=> total bkg = 1.48385
Signal	Yield	Efficiency	Efficiency@Presel	Punzi
HNMuEl_200	1.1131	0.00863077	3.08526e-05	3.726e-06
=====================================================================

####################################################
TIME STAMP : [2018/1/16 21:9:58] 3300 / 3721 (88.6858 %)
####################################################
[CutInfo::PrintCutInfo] leadingLepton_Pt	>	70
[CutInfo::PrintCutInfo] m_SubLeadljj_jjWclosest	<	225
[CutInfo::PrintCutInfo] m_SubLeadljj_jjWclosest	>	176.667
[CutInfo::PrintCutInfo] secondLepton_Pt	>	30

!!!!!!!!!!!!!!!!!
!!!! UPDATED !!!!
!!!!!!!!!!!!!!!!!

[CutInfo::PrintCutInfo] leadingLepton_Pt	>	70
[CutInfo::PrintCutInfo] m_SubLeadljj_jjWclosest	<	225
[CutInfo::PrintCutInfo] m_SubLeadljj_jjWclosest	>	180
[CutInfo::PrintCutInfo] secondLepton_Pt	>	30
CF	0 +- 0
Fake	0.145407 +- 0.132673
Prompt	1.26008 +- 0.411971
=> total bkg = 1.40549
Signal	Yield	Efficiency	Efficiency@Presel	Punzi
HNMuEl_200	1.10614	0.00856923	3.06596e-05	3.76149e-06
=====================================================================

####################################################
TIME STAMP : [2018/1/16 21:10:5] 3400 / 3721 (91.3733 %)
####################################################
[CutInfo::PrintCutInfo] leadingLepton_Pt	>	70
[CutInfo::PrintCutInfo] m_SubLeadljj_jjWclosest	<	225
[CutInfo::PrintCutInfo] m_SubLeadljj_jjWclosest	>	180
[CutInfo::PrintCutInfo] secondLepton_Pt	>	30

!!!!!!!!!!!!!!!!!
!!!! UPDATED !!!!
!!!!!!!!!!!!!!!!!

[CutInfo::PrintCutInfo] leadingLepton_Pt	>	70
[CutInfo::PrintCutInfo] m_SubLeadljj_jjWclosest	<	225
[CutInfo::PrintCutInfo] m_SubLeadljj_jjWclosest	>	183.333
[CutInfo::PrintCutInfo] secondLepton_Pt	>	30
CF	0 +- 0
Fake	0.145509 +- 0.132683
Prompt	1.15398 +- 0.388078
=> total bkg = 1.29949
Signal	Yield	Efficiency	Efficiency@Presel	Punzi
HNMuEl_200	1.09129	0.00846923	3.02481e-05	3.79589e-06
=====================================================================


!!!!!!!!!!!!!!!!!
!!!! UPDATED !!!!
!!!!!!!!!!!!!!!!!

[CutInfo::PrintCutInfo] leadingLepton_Pt	>	70
[CutInfo::PrintCutInfo] m_SubLeadljj_jjWclosest	<	225
[CutInfo::PrintCutInfo] m_SubLeadljj_jjWclosest	>	186.667
[CutInfo::PrintCutInfo] secondLepton_Pt	>	30
CF	0 +- 0
Fake	0.145908 +- 0.132723
Prompt	0.98364 +- 0.339027
=> total bkg = 1.12955
Signal	Yield	Efficiency	Efficiency@Presel	Punzi
HNMuEl_200	1.06785	0.00829231	2.95982e-05	3.86835e-06
=====================================================================

####################################################
TIME STAMP : [2018/1/16 21:10:11] 3500 / 3721 (94.0607 %)
####################################################
[CutInfo::PrintCutInfo] leadingLepton_Pt	>	70
[CutInfo::PrintCutInfo] m_SubLeadljj_jjWclosest	<	225
[CutInfo::PrintCutInfo] m_SubLeadljj_jjWclosest	>	186.667
[CutInfo::PrintCutInfo] secondLepton_Pt	>	30

!!!!!!!!!!!!!!!!!
!!!! UPDATED !!!!
!!!!!!!!!!!!!!!!!

[CutInfo::PrintCutInfo] leadingLepton_Pt	>	70
[CutInfo::PrintCutInfo] m_SubLeadljj_jjWclosest	<	225
[CutInfo::PrintCutInfo] m_SubLeadljj_jjWclosest	>	190
[CutInfo::PrintCutInfo] secondLepton_Pt	>	30
CF	0 +- 0
Fake	0.146146 +- 0.132746
Prompt	0.865822 +- 0.308813
=> total bkg = 1.01197
Signal	Yield	Efficiency	Efficiency@Presel	Punzi
HNMuEl_200	1.0456	0.00811538	2.89816e-05	3.90319e-06
=====================================================================

####################################################
TIME STAMP : [2018/1/16 21:10:18] 3600 / 3721 (96.7482 %)
####################################################
[CutInfo::PrintCutInfo] leadingLepton_Pt	>	70
[CutInfo::PrintCutInfo] m_SubLeadljj_jjWclosest	<	225
[CutInfo::PrintCutInfo] m_SubLeadljj_jjWclosest	>	190
[CutInfo::PrintCutInfo] secondLepton_Pt	>	30
####################################################
TIME STAMP : [2018/1/16 21:10:25] 3700 / 3721 (99.4356 %)
####################################################
[CutInfo::PrintCutInfo] leadingLepton_Pt	>	70
[CutInfo::PrintCutInfo] m_SubLeadljj_jjWclosest	<	225
[CutInfo::PrintCutInfo] m_SubLeadljj_jjWclosest	>	190
[CutInfo::PrintCutInfo] secondLepton_Pt	>	30

##################
#### FINISHED ####
##################

[CutInfo::PrintCutInfo] leadingLepton_Pt	>	70
[CutInfo::PrintCutInfo] m_SubLeadljj_jjWclosest	<	225
[CutInfo::PrintCutInfo] m_SubLeadljj_jjWclosest	>	190
[CutInfo::PrintCutInfo] secondLepton_Pt	>	30
CF	0 +- 0
Fake	0.146146 +- 0.132746
Prompt	0.865822 +- 0.308813
=> total bkg = 1.01197
Signal	Yield	Efficiency	Efficiency@Presel	Punzi
HNMuEl_200	1.0456	0.00811538	2.89816e-05	3.90319e-06
