
Processing CyclesForMixingLimit_MuMu_Bin1/HNMuMu_70.C...
[AnalysisInputs::SetMCSF] Get MC SF from /data8/Users/jskim/HN_dilepton_plotter/data/v8-0-7.37_ForApproval_NoFatJetIDCut/MCSF.txt
[AnalysisInputs::SetMCSF] sample : VVV
[AnalysisInputs::SetMCSF] => MCSF = 1, MCSF_err = 0.5
[AnalysisInputs::SetMCSF] sample : WWW
[AnalysisInputs::SetMCSF] => MCSF = 1, MCSF_err = 0.5
[AnalysisInputs::SetMCSF] sample : WWZ
[AnalysisInputs::SetMCSF] => MCSF = 1, MCSF_err = 0.5
[AnalysisInputs::SetMCSF] sample : WZZ
[AnalysisInputs::SetMCSF] => MCSF = 1, MCSF_err = 0.5
[AnalysisInputs::SetMCSF] sample : ZZZ
[AnalysisInputs::SetMCSF] => MCSF = 1, MCSF_err = 0.5
[AnalysisInputs::SetMCSF] sample : ttV
[AnalysisInputs::SetMCSF] => MCSF = 1, MCSF_err = 0.5
[AnalysisInputs::SetMCSF] sample : ttW
[AnalysisInputs::SetMCSF] => MCSF = 1, MCSF_err = 0.5
[AnalysisInputs::SetMCSF] sample : ttZ
[AnalysisInputs::SetMCSF] => MCSF = 1, MCSF_err = 0.5
[AnalysisInputs::SetMCSF] sample : ttH_nonbb
[AnalysisInputs::SetMCSF] => MCSF = 1, MCSF_err = 0.5
[AnalysisInputs::SetMCSF] sample : top
[AnalysisInputs::SetMCSF] => MCSF = 1, MCSF_err = 0.5
[AnalysisInputs::SetMCSF] sample : WWTo2L2Nu_DS
[AnalysisInputs::SetMCSF] => MCSF = 1, MCSF_err = 0.5
[AnalysisInputs::SetMCSF] sample : WpWpEWK
[AnalysisInputs::SetMCSF] => MCSF = 1.3062, MCSF_err = 0.5
[AnalysisInputs::SetMCSF] sample : WpWpQCD
[AnalysisInputs::SetMCSF] => MCSF = 1.70026, MCSF_err = 0.5
[AnalysisInputs::SetMCSF] sample : WZTo3LNu_mllmin01
[AnalysisInputs::SetMCSF] => MCSF = 0.65, MCSF_err = 0.06
[AnalysisInputs::SetMCSF] sample : WZTo3LNu_powheg
[AnalysisInputs::SetMCSF] => MCSF = 1.05212, MCSF_err = 0.066085
[AnalysisInputs::SetMCSF] sample : ZGto2LG
[AnalysisInputs::SetMCSF] => MCSF = 1.09608, MCSF_err = 0.0747672
[AnalysisInputs::SetMCSF] sample : WGtoLNuG
[AnalysisInputs::SetMCSF] => MCSF = 1, MCSF_err = 0.0747672
[AnalysisInputs::SetMCSF] sample : WGtoLNuG_weighted
[AnalysisInputs::SetMCSF] => MCSF = 1, MCSF_err = 0.0747672
[AnalysisInputs::SetMCSF] sample : ZZTo4L_powheg
[AnalysisInputs::SetMCSF] => MCSF = 0.978495, MCSF_err = 0.0795031
[AnalysisInputs::SetMCSF] sample : ggZZto2e2mu
[AnalysisInputs::SetMCSF] => MCSF = 0.978495, MCSF_err = 0.0795031
[AnalysisInputs::SetMCSF] sample : ggZZto2e2nu
[AnalysisInputs::SetMCSF] => MCSF = 0.978495, MCSF_err = 0.0795031
[AnalysisInputs::SetMCSF] sample : ggZZto2e2tau
[AnalysisInputs::SetMCSF] => MCSF = 0.978495, MCSF_err = 0.0795031
[AnalysisInputs::SetMCSF] sample : ggZZto2mu2nu
[AnalysisInputs::SetMCSF] => MCSF = 0.978495, MCSF_err = 0.0795031
[AnalysisInputs::SetMCSF] sample : ggZZto2mu2tau
[AnalysisInputs::SetMCSF] => MCSF = 0.978495, MCSF_err = 0.0795031
[AnalysisInputs::SetMCSF] sample : ggZZto4e
[AnalysisInputs::SetMCSF] => MCSF = 0.978495, MCSF_err = 0.0795031
[AnalysisInputs::SetMCSF] sample : ggZZto4mu
[AnalysisInputs::SetMCSF] => MCSF = 0.978495, MCSF_err = 0.0795031
[AnalysisInputs::SetMCSF] sample : ggZZto4tau
[AnalysisInputs::SetMCSF] => MCSF = 0.978495, MCSF_err = 0.0795031
[AnalysisInputs::SetMCSF] sample : ggHtoZZ
[AnalysisInputs::SetMCSF] => MCSF = 0.978495, MCSF_err = 0.0795031
[AnalysisInputs::SetCalculatedSysts] Get Systematics from /data8/Users/jskim/HN_dilepton_plotter/data/v8-0-7.37_ForApproval_NoFatJetIDCut/Syst.txt
[AnalysisInputs::SetCalculatedSysts] source : Luminosity
[AnalysisInputs::SetCalculatedSysts] => % sysematic = 0.025
[AnalysisInputs::SetCalculatedSysts] source : FakeLooseID
[AnalysisInputs::SetCalculatedSysts] => % sysematic = 0.3
[AnalysisInputs::SetCalculatedSysts] source : ChrageFlipSyst
[AnalysisInputs::SetCalculatedSysts] => % sysematic = 0.16
[CutRangeInfo::ReadCutCard] Get Cutcard from /data8/Users/jskim/HN_dilepton_plotter/data/v8-0-7.37_ForApproval_NoFatJetIDCut/CutOpCard/RunDirectory/Cards_MuMu_Bin1/HNMuMu_70.txt
Central	9.84486	10.4082	0
_MuonEn_up	9.82783	10.4082	0
_MuonEn_down	9.84749	10.4082	0
_MuonIDSF_up	10.11	10.4082	0
_MuonIDSF_down	9.58075	10.4082	0
_Rocc_up	9.90835	10.4082	0
_Rocc_down	9.8454	10.4082	0
_ElectronEn_up	9.8302	10.4082	0
_ElectronEn_down	9.85372	10.4082	0
_ElectronIDSF_up	9.84198	10.4082	0
_ElectronIDSF_down	9.91993	10.4082	0
_TriggerSF_up	10.0175	10.4082	0
_TriggerSF_down	9.76137	10.4082	0
_PU_up	9.92886	10.4082	0
_PU_down	9.80379	10.4082	0
_JetEn_up	9.09886	10.4082	0
_JetEn_down	9.78585	10.4082	0
_JetRes_up	9.77617	10.4082	0
_JetRes_down	9.21919	10.4082	0
_Unclustered_up	9.5693	10.4082	0
_Unclustered_down	10.9677	10.4082	0
_BTagSFEff_up	9.79712	10.4082	0
_BTagSFEff_down	9.85514	10.4082	0
_BTagSFMiss_up	9.83643	10.4082	0
_BTagSFMiss_down	9.84397	10.4082	0
_JetMass_up	9.43495	10.4082	0
_JetMass_down	9.85234	10.4082	0
_JetMassRes_up	9.3268	10.4082	0
_JetMassRes_down	9.83835	10.4082	0
_Tau21_up	9.84456	10.4082	0
_Tau21_down	9.84585	10.4082	0

################ Sources ################
Source	SystTotal	SystPrompt	SystFake	Signal
Stat 11.51 20.65  10.97  -nan  8.16
Lumi 1.22  2.50 -  -  2.50
PDF  -  -  -  -  9.00
MuonPt  0.06 0.12  -  -  0.81
MuonID  1.31 2.69  -  -  3.70
MuonRocc  0.22 0.46  -  -  3.12
ElectronE  0.06 0.12  -  -  0.34
ElectronID  0.26 0.54  -  -  0.86
Trigger  0.67 1.38  -  -  0.58
PU  0.33 0.67  -  -  0.30
JES  2.61 5.37  -  -  1.23
JER  2.20 4.52  -  -  0.65
Uncl  4.04 8.30  -  -  3.78
BEff  0.17 0.35  -  -  0.00
BMiss  0.03 0.06  -  -  0.84
JMS  1.43 2.94  -  -  0.32
JMR  1.81 3.72  -  -  0.51
Tau21  0.00 0.01  -  -  0.00
MCNorm 6.41  13.20 -  -  -
Fake 15.42  -  30.00 - -
CF 0.00  -  -  -nan -
Total Systematic 17.78 18.20  30.00  -nan  11.40

Total Background	20.253
- Prompt	9.845
- Fake	10.408
- CF	0.000
- Obs	21.000

####### Result #######
Signal Eff	0.001695
20.253063 1.211781
221.531724 1.140197
