
Processing CyclesForMixingLimit_MuMu_Bin1/HNMuMu_80.C...
[AnalysisInputs::SetMCSF] Get MC SF from /data8/Users/jskim/HN_dilepton_plotter/data/v8-0-7.37_ForApproval_NoFatJetIDCut/MCSF.txt
[AnalysisInputs::SetMCSF] sample : VVV
[AnalysisInputs::SetMCSF] => MCSF = 1, MCSF_err = 0.5
[AnalysisInputs::SetMCSF] sample : WWW
[AnalysisInputs::SetMCSF] => MCSF = 1, MCSF_err = 0.5
[AnalysisInputs::SetMCSF] sample : WWZ
[AnalysisInputs::SetMCSF] => MCSF = 1, MCSF_err = 0.5
[AnalysisInputs::SetMCSF] sample : WZZ
[AnalysisInputs::SetMCSF] => MCSF = 1, MCSF_err = 0.5
[AnalysisInputs::SetMCSF] sample : ZZZ
[AnalysisInputs::SetMCSF] => MCSF = 1, MCSF_err = 0.5
[AnalysisInputs::SetMCSF] sample : ttV
[AnalysisInputs::SetMCSF] => MCSF = 1, MCSF_err = 0.5
[AnalysisInputs::SetMCSF] sample : ttW
[AnalysisInputs::SetMCSF] => MCSF = 1, MCSF_err = 0.5
[AnalysisInputs::SetMCSF] sample : ttZ
[AnalysisInputs::SetMCSF] => MCSF = 1, MCSF_err = 0.5
[AnalysisInputs::SetMCSF] sample : ttH_nonbb
[AnalysisInputs::SetMCSF] => MCSF = 1, MCSF_err = 0.5
[AnalysisInputs::SetMCSF] sample : top
[AnalysisInputs::SetMCSF] => MCSF = 1, MCSF_err = 0.5
[AnalysisInputs::SetMCSF] sample : WWTo2L2Nu_DS
[AnalysisInputs::SetMCSF] => MCSF = 1, MCSF_err = 0.5
[AnalysisInputs::SetMCSF] sample : WpWpEWK
[AnalysisInputs::SetMCSF] => MCSF = 1.3062, MCSF_err = 0.5
[AnalysisInputs::SetMCSF] sample : WpWpQCD
[AnalysisInputs::SetMCSF] => MCSF = 1.70026, MCSF_err = 0.5
[AnalysisInputs::SetMCSF] sample : WZTo3LNu_mllmin01
[AnalysisInputs::SetMCSF] => MCSF = 0.65, MCSF_err = 0.06
[AnalysisInputs::SetMCSF] sample : WZTo3LNu_powheg
[AnalysisInputs::SetMCSF] => MCSF = 1.05212, MCSF_err = 0.066085
[AnalysisInputs::SetMCSF] sample : ZGto2LG
[AnalysisInputs::SetMCSF] => MCSF = 1.09608, MCSF_err = 0.0747672
[AnalysisInputs::SetMCSF] sample : WGtoLNuG
[AnalysisInputs::SetMCSF] => MCSF = 1, MCSF_err = 0.0747672
[AnalysisInputs::SetMCSF] sample : WGtoLNuG_weighted
[AnalysisInputs::SetMCSF] => MCSF = 1, MCSF_err = 0.0747672
[AnalysisInputs::SetMCSF] sample : ZZTo4L_powheg
[AnalysisInputs::SetMCSF] => MCSF = 0.978495, MCSF_err = 0.0795031
[AnalysisInputs::SetMCSF] sample : ggZZto2e2mu
[AnalysisInputs::SetMCSF] => MCSF = 0.978495, MCSF_err = 0.0795031
[AnalysisInputs::SetMCSF] sample : ggZZto2e2nu
[AnalysisInputs::SetMCSF] => MCSF = 0.978495, MCSF_err = 0.0795031
[AnalysisInputs::SetMCSF] sample : ggZZto2e2tau
[AnalysisInputs::SetMCSF] => MCSF = 0.978495, MCSF_err = 0.0795031
[AnalysisInputs::SetMCSF] sample : ggZZto2mu2nu
[AnalysisInputs::SetMCSF] => MCSF = 0.978495, MCSF_err = 0.0795031
[AnalysisInputs::SetMCSF] sample : ggZZto2mu2tau
[AnalysisInputs::SetMCSF] => MCSF = 0.978495, MCSF_err = 0.0795031
[AnalysisInputs::SetMCSF] sample : ggZZto4e
[AnalysisInputs::SetMCSF] => MCSF = 0.978495, MCSF_err = 0.0795031
[AnalysisInputs::SetMCSF] sample : ggZZto4mu
[AnalysisInputs::SetMCSF] => MCSF = 0.978495, MCSF_err = 0.0795031
[AnalysisInputs::SetMCSF] sample : ggZZto4tau
[AnalysisInputs::SetMCSF] => MCSF = 0.978495, MCSF_err = 0.0795031
[AnalysisInputs::SetMCSF] sample : ggHtoZZ
[AnalysisInputs::SetMCSF] => MCSF = 0.978495, MCSF_err = 0.0795031
[AnalysisInputs::SetCalculatedSysts] Get Systematics from /data8/Users/jskim/HN_dilepton_plotter/data/v8-0-7.37_ForApproval_NoFatJetIDCut/Syst.txt
[AnalysisInputs::SetCalculatedSysts] source : Luminosity
[AnalysisInputs::SetCalculatedSysts] => % sysematic = 0.025
[AnalysisInputs::SetCalculatedSysts] source : FakeLooseID
[AnalysisInputs::SetCalculatedSysts] => % sysematic = 0.3
[AnalysisInputs::SetCalculatedSysts] source : ChrageFlipSyst
[AnalysisInputs::SetCalculatedSysts] => % sysematic = 0.16
[CutRangeInfo::ReadCutCard] Get Cutcard from /data8/Users/jskim/HN_dilepton_plotter/data/v8-0-7.37_ForApproval_NoFatJetIDCut/CutOpCard/RunDirectory/Cards_MuMu_Bin1/HNMuMu_80.txt
Central	9.03196	9.76707	0
_MuonEn_up	8.9504	9.76707	0
_MuonEn_down	9.0346	9.76707	0
_MuonIDSF_up	9.28802	9.76707	0
_MuonIDSF_down	8.78426	9.76707	0
_Rocc_up	8.93094	9.76707	0
_Rocc_down	9.03133	9.76707	0
_ElectronEn_up	9.0173	9.76707	0
_ElectronEn_down	9.03917	9.76707	0
_ElectronIDSF_up	9.02908	9.76707	0
_ElectronIDSF_down	9.10512	9.76707	0
_TriggerSF_up	9.19604	9.76707	0
_TriggerSF_down	8.94847	9.76707	0
_PU_up	9.05237	9.76707	0
_PU_down	9.07116	9.76707	0
_JetEn_up	8.81339	9.76707	0
_JetEn_down	9.1494	9.76707	0
_JetRes_up	9.10182	9.76707	0
_JetRes_down	8.39786	9.76707	0
_Unclustered_up	9.33966	9.76707	0
_Unclustered_down	10.1972	9.76707	0
_BTagSFEff_up	8.98732	9.76707	0
_BTagSFEff_down	9.04224	9.76707	0
_BTagSFMiss_up	9.02353	9.76707	0
_BTagSFMiss_down	9.03107	9.76707	0
_JetMass_up	9.13872	9.76707	0
_JetMass_down	9.04671	9.76707	0
_JetMassRes_up	8.5139	9.76707	0
_JetMassRes_down	9.02546	9.76707	0
_Tau21_up	9.03166	9.76707	0
_Tau21_down	9.03295	9.76707	0

################ Sources ################
Source	SystTotal	SystPrompt	SystFake	Signal
Stat 10.61 18.52  11.11  -nan  4.62
Lumi 1.20  2.50 -  -  2.50
PDF  -  -  -  -  9.00
MuonPt  0.31 0.64  -  -  0.83
MuonID  1.34 2.79  -  -  3.48
MuonRocc  0.38 0.79  -  -  1.50
ElectronE  0.06 0.13  -  -  0.60
ElectronID  0.28 0.57  -  -  0.47
Trigger  0.69 1.44  -  -  0.23
PU  0.17 0.35  -  -  1.68
JES  0.93 1.94  -  -  4.68
JER  2.40 4.99  -  -  0.78
Uncl  4.53 9.43  -  -  2.97
BEff  0.17 0.36  -  -  0.80
BMiss  0.03 0.07  -  -  0.26
JMS  0.41 0.84  -  -  0.53
JMR  1.95 4.06  -  -  0.73
Tau21  0.00 0.01  -  -  0.16
MCNorm 6.39  13.31 -  -  -
Fake 15.59  -  30.00 - -
CF 0.00  -  -  -nan -
Total Systematic 17.86 18.16  30.00  -nan  11.77

Total Background	18.799
- Prompt	9.032
- Fake	9.767
- CF	0.000
- Obs	19.000

####### Result #######
Signal Eff	0.005390
18.799038 1.207744
365.410539 1.126462
