
Processing CyclesForMixingLimit_MuMu_Bin1/HNMuMu_2000_VBF.C...
[AnalysisInputs::SetMCSF] Get MC SF from /data8/Users/jskim/HN_dilepton_plotter/data/v8-0-7.37_ForApproval_NoFatJetIDCut/MCSF.txt
[AnalysisInputs::SetMCSF] sample : VVV
[AnalysisInputs::SetMCSF] => MCSF = 1, MCSF_err = 0.5
[AnalysisInputs::SetMCSF] sample : WWW
[AnalysisInputs::SetMCSF] => MCSF = 1, MCSF_err = 0.5
[AnalysisInputs::SetMCSF] sample : WWZ
[AnalysisInputs::SetMCSF] => MCSF = 1, MCSF_err = 0.5
[AnalysisInputs::SetMCSF] sample : WZZ
[AnalysisInputs::SetMCSF] => MCSF = 1, MCSF_err = 0.5
[AnalysisInputs::SetMCSF] sample : ZZZ
[AnalysisInputs::SetMCSF] => MCSF = 1, MCSF_err = 0.5
[AnalysisInputs::SetMCSF] sample : ttV
[AnalysisInputs::SetMCSF] => MCSF = 1, MCSF_err = 0.5
[AnalysisInputs::SetMCSF] sample : ttW
[AnalysisInputs::SetMCSF] => MCSF = 1, MCSF_err = 0.5
[AnalysisInputs::SetMCSF] sample : ttZ
[AnalysisInputs::SetMCSF] => MCSF = 1, MCSF_err = 0.5
[AnalysisInputs::SetMCSF] sample : ttH_nonbb
[AnalysisInputs::SetMCSF] => MCSF = 1, MCSF_err = 0.5
[AnalysisInputs::SetMCSF] sample : top
[AnalysisInputs::SetMCSF] => MCSF = 1, MCSF_err = 0.5
[AnalysisInputs::SetMCSF] sample : WWTo2L2Nu_DS
[AnalysisInputs::SetMCSF] => MCSF = 1, MCSF_err = 0.5
[AnalysisInputs::SetMCSF] sample : WpWpEWK
[AnalysisInputs::SetMCSF] => MCSF = 1.3062, MCSF_err = 0.5
[AnalysisInputs::SetMCSF] sample : WpWpQCD
[AnalysisInputs::SetMCSF] => MCSF = 1.70026, MCSF_err = 0.5
[AnalysisInputs::SetMCSF] sample : WZTo3LNu_mllmin01
[AnalysisInputs::SetMCSF] => MCSF = 0.65, MCSF_err = 0.06
[AnalysisInputs::SetMCSF] sample : WZTo3LNu_powheg
[AnalysisInputs::SetMCSF] => MCSF = 1.05212, MCSF_err = 0.066085
[AnalysisInputs::SetMCSF] sample : ZGto2LG
[AnalysisInputs::SetMCSF] => MCSF = 1.09608, MCSF_err = 0.0747672
[AnalysisInputs::SetMCSF] sample : WGtoLNuG
[AnalysisInputs::SetMCSF] => MCSF = 1, MCSF_err = 0.0747672
[AnalysisInputs::SetMCSF] sample : WGtoLNuG_weighted
[AnalysisInputs::SetMCSF] => MCSF = 1, MCSF_err = 0.0747672
[AnalysisInputs::SetMCSF] sample : ZZTo4L_powheg
[AnalysisInputs::SetMCSF] => MCSF = 0.978495, MCSF_err = 0.0795031
[AnalysisInputs::SetMCSF] sample : ggZZto2e2mu
[AnalysisInputs::SetMCSF] => MCSF = 0.978495, MCSF_err = 0.0795031
[AnalysisInputs::SetMCSF] sample : ggZZto2e2nu
[AnalysisInputs::SetMCSF] => MCSF = 0.978495, MCSF_err = 0.0795031
[AnalysisInputs::SetMCSF] sample : ggZZto2e2tau
[AnalysisInputs::SetMCSF] => MCSF = 0.978495, MCSF_err = 0.0795031
[AnalysisInputs::SetMCSF] sample : ggZZto2mu2nu
[AnalysisInputs::SetMCSF] => MCSF = 0.978495, MCSF_err = 0.0795031
[AnalysisInputs::SetMCSF] sample : ggZZto2mu2tau
[AnalysisInputs::SetMCSF] => MCSF = 0.978495, MCSF_err = 0.0795031
[AnalysisInputs::SetMCSF] sample : ggZZto4e
[AnalysisInputs::SetMCSF] => MCSF = 0.978495, MCSF_err = 0.0795031
[AnalysisInputs::SetMCSF] sample : ggZZto4mu
[AnalysisInputs::SetMCSF] => MCSF = 0.978495, MCSF_err = 0.0795031
[AnalysisInputs::SetMCSF] sample : ggZZto4tau
[AnalysisInputs::SetMCSF] => MCSF = 0.978495, MCSF_err = 0.0795031
[AnalysisInputs::SetMCSF] sample : ggHtoZZ
[AnalysisInputs::SetMCSF] => MCSF = 0.978495, MCSF_err = 0.0795031
[AnalysisInputs::SetCalculatedSysts] Get Systematics from /data8/Users/jskim/HN_dilepton_plotter/data/v8-0-7.37_ForApproval_NoFatJetIDCut/Syst.txt
[AnalysisInputs::SetCalculatedSysts] source : Luminosity
[AnalysisInputs::SetCalculatedSysts] => % sysematic = 0.025
[AnalysisInputs::SetCalculatedSysts] source : FakeLooseID
[AnalysisInputs::SetCalculatedSysts] => % sysematic = 0.3
[AnalysisInputs::SetCalculatedSysts] source : ChrageFlipSyst
[AnalysisInputs::SetCalculatedSysts] => % sysematic = 0.16
[CutRangeInfo::ReadCutCard] Get Cutcard from /data8/Users/jskim/HN_dilepton_plotter/data/v8-0-7.37_ForApproval_NoFatJetIDCut/CutOpCard/RunDirectory/Cards_MuMu_Bin1/HNMuMu_2000.txt
Central	0.196881	0	0
_MuonEn_up	0.196094	0	0
_MuonEn_down	0.224427	0	0
_MuonIDSF_up	0.203971	0	0
_MuonIDSF_down	0.183882	0	0
_Rocc_up	0.189836	0	0
_Rocc_down	0.278458	0	0
_ElectronEn_up	0.200472	0	0
_ElectronEn_down	0.196881	0	0
_ElectronIDSF_up	0.196881	0	0
_ElectronIDSF_down	0.200472	0	0
_TriggerSF_up	0.201662	0	0
_TriggerSF_down	0.194328	0	0
_PU_up	0.191392	0	0
_PU_down	0.201422	0	0
_JetEn_up	0.28649	0	0
_JetEn_down	0.371605	0	0
_JetRes_up	0.368619	0	0
_JetRes_down	0.187578	0	0
_Unclustered_up	0.276422	0	0
_Unclustered_down	0.279536	0	0
_BTagSFEff_up	0.196881	0	0
_BTagSFEff_down	0.200311	0	0
_BTagSFMiss_up	0.196881	0	0
_BTagSFMiss_down	0.196881	0	0
_JetMass_up	0.200472	0	0
_JetMass_down	0.200472	0	0
_JetMassRes_up	0.159856	0	0
_JetMassRes_down	0.196881	0	0
_Tau21_up	0.196881	0	0
_Tau21_down	0.196881	0	0

################ Sources ################
Source	SystTotal	SystPrompt	SystFake	Signal
Stat 22.19 22.19  -nan  -nan  19.28
Lumi 2.50  2.50 -  -  2.50
PDF  -  -  -  -  1.50
MuonPt  9.90 9.90  -  -  1.47
MuonID  5.32 5.32  -  -  4.60
MuonRocc  29.41 29.41  -  -  11.69
ElectronE  1.29 1.29  -  -  3.12
ElectronID  1.29 1.29  -  -  1.41
Trigger  1.95 1.95  -  -  4.24
PU  2.56 2.56  -  -  5.47
JES  70.52 70.52  -  -  11.50
JER  61.77 61.77  -  -  3.20
Uncl  41.20 41.20  -  -  1.37
BEff  1.23 1.23  -  -  1.49
BMiss  0.00 0.00  -  -  1.26
JMS  1.82 1.82  -  -  0.19
JMR  13.30 13.30  -  -  4.72
Tau21  0.00 0.00  -  -  0.88
MCNorm 60.63  60.63 -  -  -
Fake 0.00  -  -nan - -
CF 0.00  -  -  -nan -
Total Systematic 123.92 123.92  -nan  -nan  19.98

Total Background	0.197
- Prompt	0.197
- Fake	0.000
- CF	0.000
- Obs	2.000

####### Result #######
Signal Eff	0.003750
0.196881 2.258859
0.000098 1.277664
