
Processing CyclesForMixingLimit_MuMu_Bin1/HNMuMu_90.C...
[AnalysisInputs::SetMCSF] Get MC SF from /data8/Users/jskim/HN_dilepton_plotter/data/v8-0-7.37_ForApproval_NoFatJetIDCut/MCSF.txt
[AnalysisInputs::SetMCSF] sample : VVV
[AnalysisInputs::SetMCSF] => MCSF = 1, MCSF_err = 0.5
[AnalysisInputs::SetMCSF] sample : WWW
[AnalysisInputs::SetMCSF] => MCSF = 1, MCSF_err = 0.5
[AnalysisInputs::SetMCSF] sample : WWZ
[AnalysisInputs::SetMCSF] => MCSF = 1, MCSF_err = 0.5
[AnalysisInputs::SetMCSF] sample : WZZ
[AnalysisInputs::SetMCSF] => MCSF = 1, MCSF_err = 0.5
[AnalysisInputs::SetMCSF] sample : ZZZ
[AnalysisInputs::SetMCSF] => MCSF = 1, MCSF_err = 0.5
[AnalysisInputs::SetMCSF] sample : ttV
[AnalysisInputs::SetMCSF] => MCSF = 1, MCSF_err = 0.5
[AnalysisInputs::SetMCSF] sample : ttW
[AnalysisInputs::SetMCSF] => MCSF = 1, MCSF_err = 0.5
[AnalysisInputs::SetMCSF] sample : ttZ
[AnalysisInputs::SetMCSF] => MCSF = 1, MCSF_err = 0.5
[AnalysisInputs::SetMCSF] sample : ttH_nonbb
[AnalysisInputs::SetMCSF] => MCSF = 1, MCSF_err = 0.5
[AnalysisInputs::SetMCSF] sample : top
[AnalysisInputs::SetMCSF] => MCSF = 1, MCSF_err = 0.5
[AnalysisInputs::SetMCSF] sample : WWTo2L2Nu_DS
[AnalysisInputs::SetMCSF] => MCSF = 1, MCSF_err = 0.5
[AnalysisInputs::SetMCSF] sample : WpWpEWK
[AnalysisInputs::SetMCSF] => MCSF = 1.3062, MCSF_err = 0.5
[AnalysisInputs::SetMCSF] sample : WpWpQCD
[AnalysisInputs::SetMCSF] => MCSF = 1.70026, MCSF_err = 0.5
[AnalysisInputs::SetMCSF] sample : WZTo3LNu_mllmin01
[AnalysisInputs::SetMCSF] => MCSF = 0.65, MCSF_err = 0.06
[AnalysisInputs::SetMCSF] sample : WZTo3LNu_powheg
[AnalysisInputs::SetMCSF] => MCSF = 1.05212, MCSF_err = 0.066085
[AnalysisInputs::SetMCSF] sample : ZGto2LG
[AnalysisInputs::SetMCSF] => MCSF = 1.09608, MCSF_err = 0.0747672
[AnalysisInputs::SetMCSF] sample : WGtoLNuG
[AnalysisInputs::SetMCSF] => MCSF = 1, MCSF_err = 0.0747672
[AnalysisInputs::SetMCSF] sample : WGtoLNuG_weighted
[AnalysisInputs::SetMCSF] => MCSF = 1, MCSF_err = 0.0747672
[AnalysisInputs::SetMCSF] sample : ZZTo4L_powheg
[AnalysisInputs::SetMCSF] => MCSF = 0.978495, MCSF_err = 0.0795031
[AnalysisInputs::SetMCSF] sample : ggZZto2e2mu
[AnalysisInputs::SetMCSF] => MCSF = 0.978495, MCSF_err = 0.0795031
[AnalysisInputs::SetMCSF] sample : ggZZto2e2nu
[AnalysisInputs::SetMCSF] => MCSF = 0.978495, MCSF_err = 0.0795031
[AnalysisInputs::SetMCSF] sample : ggZZto2e2tau
[AnalysisInputs::SetMCSF] => MCSF = 0.978495, MCSF_err = 0.0795031
[AnalysisInputs::SetMCSF] sample : ggZZto2mu2nu
[AnalysisInputs::SetMCSF] => MCSF = 0.978495, MCSF_err = 0.0795031
[AnalysisInputs::SetMCSF] sample : ggZZto2mu2tau
[AnalysisInputs::SetMCSF] => MCSF = 0.978495, MCSF_err = 0.0795031
[AnalysisInputs::SetMCSF] sample : ggZZto4e
[AnalysisInputs::SetMCSF] => MCSF = 0.978495, MCSF_err = 0.0795031
[AnalysisInputs::SetMCSF] sample : ggZZto4mu
[AnalysisInputs::SetMCSF] => MCSF = 0.978495, MCSF_err = 0.0795031
[AnalysisInputs::SetMCSF] sample : ggZZto4tau
[AnalysisInputs::SetMCSF] => MCSF = 0.978495, MCSF_err = 0.0795031
[AnalysisInputs::SetMCSF] sample : ggHtoZZ
[AnalysisInputs::SetMCSF] => MCSF = 0.978495, MCSF_err = 0.0795031
[AnalysisInputs::SetCalculatedSysts] Get Systematics from /data8/Users/jskim/HN_dilepton_plotter/data/v8-0-7.37_ForApproval_NoFatJetIDCut/Syst.txt
[AnalysisInputs::SetCalculatedSysts] source : Luminosity
[AnalysisInputs::SetCalculatedSysts] => % sysematic = 0.025
[AnalysisInputs::SetCalculatedSysts] source : FakeLooseID
[AnalysisInputs::SetCalculatedSysts] => % sysematic = 0.3
[AnalysisInputs::SetCalculatedSysts] source : ChrageFlipSyst
[AnalysisInputs::SetCalculatedSysts] => % sysematic = 0.16
[CutRangeInfo::ReadCutCard] Get Cutcard from /data8/Users/jskim/HN_dilepton_plotter/data/v8-0-7.37_ForApproval_NoFatJetIDCut/CutOpCard/RunDirectory/Cards_MuMu_Bin1/HNMuMu_90.txt
Central	22.3551	30.6344	0
_MuonEn_up	21.8408	30.6344	0
_MuonEn_down	22.347	30.6344	0
_MuonIDSF_up	23.0577	30.6344	0
_MuonIDSF_down	21.6946	30.6344	0
_Rocc_up	23.0123	30.6344	0
_Rocc_down	22.3653	30.6344	0
_ElectronEn_up	22.3505	30.6344	0
_ElectronEn_down	22.4243	30.6344	0
_ElectronIDSF_up	22.3606	30.6344	0
_ElectronIDSF_down	22.4425	30.6344	0
_TriggerSF_up	22.5247	30.6344	0
_TriggerSF_down	22.3697	30.6344	0
_PU_up	22.2045	30.6344	0
_PU_down	22.449	30.6344	0
_JetEn_up	22.5258	30.6344	0
_JetEn_down	22.7887	30.6344	0
_JetRes_up	22.9198	30.6344	0
_JetRes_down	20.5583	30.6344	0
_Unclustered_up	22.9201	30.6344	0
_Unclustered_down	24.3335	30.6344	0
_BTagSFEff_up	22.3772	30.6344	0
_BTagSFEff_down	22.2213	30.6344	0
_BTagSFMiss_up	22.38	30.6344	0
_BTagSFMiss_down	22.3648	30.6344	0
_JetMass_up	22.5297	30.6344	0
_JetMass_down	22.3827	30.6344	0
_JetMassRes_up	21.8558	30.6344	0
_JetMassRes_down	22.3661	30.6344	0
_Tau21_up	22.4106	30.6344	0
_Tau21_down	22.371	30.6344	0

################ Sources ################
Source	SystTotal	SystPrompt	SystFake	Signal
Stat 6.97 12.45  7.93  -nan  4.03
Lumi 1.05  2.50 -  -  2.50
PDF  -  -  -  -  5.00
MuonPt  0.69 1.63  -  -  1.40
MuonID  1.29 3.05  -  -  2.97
MuonRocc  0.88 2.08  -  -  1.44
ElectronE  0.09 0.22  -  -  0.15
ElectronID  0.12 0.28  -  -  0.20
Trigger  0.23 0.54  -  -  1.22
PU  0.24 0.56  -  -  2.97
JES  0.62 1.47  -  -  0.59
JER  2.51 5.96  -  -  2.06
Uncl  2.75 6.51  -  -  2.87
BEff  0.18 0.43  -  -  0.67
BMiss  0.04 0.08  -  -  0.52
JMS  0.24 0.56  -  -  0.25
JMR  0.67 1.58  -  -  0.16
Tau21  0.08 0.18  -  -  0.60
MCNorm 5.31  12.60 -  -  -
Fake 17.34  -  30.00 - -
CF 0.00  -  -  -nan -
Total Systematic 18.65 16.28  30.00  -nan  8.28

Total Background	52.990
- Prompt	22.355
- Fake	30.634
- CF	0.000
- Obs	52.000

####### Result #######
Signal Eff	0.013417
52.989531 1.199143
70.950387 1.092026
