
Processing CyclesForMixingLimit_MuMu_Bin1/HNMuMu_1000.C...
[AnalysisInputs::SetMCSF] Get MC SF from /data8/Users/jskim/HN_dilepton_plotter/data/v8-0-7.37_ForApproval_NoFatJetIDCut/MCSF.txt
[AnalysisInputs::SetMCSF] sample : VVV
[AnalysisInputs::SetMCSF] => MCSF = 1, MCSF_err = 0.5
[AnalysisInputs::SetMCSF] sample : WWW
[AnalysisInputs::SetMCSF] => MCSF = 1, MCSF_err = 0.5
[AnalysisInputs::SetMCSF] sample : WWZ
[AnalysisInputs::SetMCSF] => MCSF = 1, MCSF_err = 0.5
[AnalysisInputs::SetMCSF] sample : WZZ
[AnalysisInputs::SetMCSF] => MCSF = 1, MCSF_err = 0.5
[AnalysisInputs::SetMCSF] sample : ZZZ
[AnalysisInputs::SetMCSF] => MCSF = 1, MCSF_err = 0.5
[AnalysisInputs::SetMCSF] sample : ttV
[AnalysisInputs::SetMCSF] => MCSF = 1, MCSF_err = 0.5
[AnalysisInputs::SetMCSF] sample : ttW
[AnalysisInputs::SetMCSF] => MCSF = 1, MCSF_err = 0.5
[AnalysisInputs::SetMCSF] sample : ttZ
[AnalysisInputs::SetMCSF] => MCSF = 1, MCSF_err = 0.5
[AnalysisInputs::SetMCSF] sample : ttH_nonbb
[AnalysisInputs::SetMCSF] => MCSF = 1, MCSF_err = 0.5
[AnalysisInputs::SetMCSF] sample : top
[AnalysisInputs::SetMCSF] => MCSF = 1, MCSF_err = 0.5
[AnalysisInputs::SetMCSF] sample : WWTo2L2Nu_DS
[AnalysisInputs::SetMCSF] => MCSF = 1, MCSF_err = 0.5
[AnalysisInputs::SetMCSF] sample : WpWpEWK
[AnalysisInputs::SetMCSF] => MCSF = 1.3062, MCSF_err = 0.5
[AnalysisInputs::SetMCSF] sample : WpWpQCD
[AnalysisInputs::SetMCSF] => MCSF = 1.70026, MCSF_err = 0.5
[AnalysisInputs::SetMCSF] sample : WZTo3LNu_mllmin01
[AnalysisInputs::SetMCSF] => MCSF = 0.65, MCSF_err = 0.06
[AnalysisInputs::SetMCSF] sample : WZTo3LNu_powheg
[AnalysisInputs::SetMCSF] => MCSF = 1.05212, MCSF_err = 0.066085
[AnalysisInputs::SetMCSF] sample : ZGto2LG
[AnalysisInputs::SetMCSF] => MCSF = 1.09608, MCSF_err = 0.0747672
[AnalysisInputs::SetMCSF] sample : WGtoLNuG
[AnalysisInputs::SetMCSF] => MCSF = 1, MCSF_err = 0.0747672
[AnalysisInputs::SetMCSF] sample : WGtoLNuG_weighted
[AnalysisInputs::SetMCSF] => MCSF = 1, MCSF_err = 0.0747672
[AnalysisInputs::SetMCSF] sample : ZZTo4L_powheg
[AnalysisInputs::SetMCSF] => MCSF = 0.978495, MCSF_err = 0.0795031
[AnalysisInputs::SetMCSF] sample : ggZZto2e2mu
[AnalysisInputs::SetMCSF] => MCSF = 0.978495, MCSF_err = 0.0795031
[AnalysisInputs::SetMCSF] sample : ggZZto2e2nu
[AnalysisInputs::SetMCSF] => MCSF = 0.978495, MCSF_err = 0.0795031
[AnalysisInputs::SetMCSF] sample : ggZZto2e2tau
[AnalysisInputs::SetMCSF] => MCSF = 0.978495, MCSF_err = 0.0795031
[AnalysisInputs::SetMCSF] sample : ggZZto2mu2nu
[AnalysisInputs::SetMCSF] => MCSF = 0.978495, MCSF_err = 0.0795031
[AnalysisInputs::SetMCSF] sample : ggZZto2mu2tau
[AnalysisInputs::SetMCSF] => MCSF = 0.978495, MCSF_err = 0.0795031
[AnalysisInputs::SetMCSF] sample : ggZZto4e
[AnalysisInputs::SetMCSF] => MCSF = 0.978495, MCSF_err = 0.0795031
[AnalysisInputs::SetMCSF] sample : ggZZto4mu
[AnalysisInputs::SetMCSF] => MCSF = 0.978495, MCSF_err = 0.0795031
[AnalysisInputs::SetMCSF] sample : ggZZto4tau
[AnalysisInputs::SetMCSF] => MCSF = 0.978495, MCSF_err = 0.0795031
[AnalysisInputs::SetMCSF] sample : ggHtoZZ
[AnalysisInputs::SetMCSF] => MCSF = 0.978495, MCSF_err = 0.0795031
[AnalysisInputs::SetCalculatedSysts] Get Systematics from /data8/Users/jskim/HN_dilepton_plotter/data/v8-0-7.37_ForApproval_NoFatJetIDCut/Syst.txt
[AnalysisInputs::SetCalculatedSysts] source : Luminosity
[AnalysisInputs::SetCalculatedSysts] => % sysematic = 0.025
[AnalysisInputs::SetCalculatedSysts] source : FakeLooseID
[AnalysisInputs::SetCalculatedSysts] => % sysematic = 0.3
[AnalysisInputs::SetCalculatedSysts] source : ChrageFlipSyst
[AnalysisInputs::SetCalculatedSysts] => % sysematic = 0.16
[CutRangeInfo::ReadCutCard] Get Cutcard from /data8/Users/jskim/HN_dilepton_plotter/data/v8-0-7.37_ForApproval_NoFatJetIDCut/CutOpCard/RunDirectory/Cards_MuMu_Bin1/HNMuMu_1000.txt
Central	0.901494	0	0
_MuonEn_up	0.980476	0	0
_MuonEn_down	0.973699	0	0
_MuonIDSF_up	0.927175	0	0
_MuonIDSF_down	0.863965	0	0
_Rocc_up	0.987915	0	0
_Rocc_down	0.986621	0	0
_ElectronEn_up	0.897889	0	0
_ElectronEn_down	0.909036	0	0
_ElectronIDSF_up	0.901602	0	0
_ElectronIDSF_down	0.905193	0	0
_TriggerSF_up	0.894729	0	0
_TriggerSF_down	0.894059	0	0
_PU_up	0.853625	0	0
_PU_down	0.942916	0	0
_JetEn_up	1.10776	0	0
_JetEn_down	1.09649	0	0
_JetRes_up	1.25862	0	0
_JetRes_down	0.883434	0	0
_Unclustered_up	0.989833	0	0
_Unclustered_down	0.996417	0	0
_BTagSFEff_up	0.901602	0	0
_BTagSFEff_down	0.897659	0	0
_BTagSFMiss_up	0.934382	0	0
_BTagSFMiss_down	0.901602	0	0
_JetMass_up	0.901479	0	0
_JetMass_down	0.910418	0	0
_JetMassRes_up	0.864577	0	0
_JetMassRes_down	0.898496	0	0
_Tau21_up	0.901602	0	0
_Tau21_down	0.901602	0	0

################ Sources ################
Source	SystTotal	SystPrompt	SystFake	Signal
Stat 14.51 14.51  -nan  -nan  2.87
Lumi 2.50  2.50 -  -  2.50
PDF  -  -  -  -  5.00
MuonPt  8.39 8.39  -  -  2.17
MuonID  3.57 3.57  -  -  3.30
MuonRocc  9.51 9.51  -  -  1.78
ElectronE  0.66 0.66  -  -  0.36
ElectronID  0.29 0.29  -  -  0.11
Trigger  0.79 0.79  -  -  0.52
PU  4.97 4.97  -  -  0.67
JES  22.26 22.26  -  -  1.41
JER  28.05 28.05  -  -  1.02
Uncl  10.17 10.17  -  -  1.23
BEff  0.30 0.30  -  -  0.55
BMiss  2.58 2.58  -  -  0.66
JMS  0.70 0.70  -  -  0.22
JMR  2.91 2.91  -  -  0.23
Tau21  0.01 0.01  -  -  0.29
MCNorm 51.88  51.88 -  -  -
Fake 0.00  -  -nan - -
CF 0.00  -  -  -nan -
Total Systematic 65.56 65.56  -nan  -nan  7.51

Total Background	0.901
- Prompt	0.901
- Fake	0.000
- CF	0.000
- Obs	3.000

####### Result #######
Signal Eff	0.028500
0.901494 1.671522
0.005083 1.080378
