
Processing CyclesForMixingLimit_MuMu_Bin1/HNMuMu_100.C...
[AnalysisInputs::SetMCSF] Get MC SF from /data8/Users/jskim/HN_dilepton_plotter/data/v8-0-7.37_ForApproval_NoFatJetIDCut/MCSF.txt
[AnalysisInputs::SetMCSF] sample : VVV
[AnalysisInputs::SetMCSF] => MCSF = 1, MCSF_err = 0.5
[AnalysisInputs::SetMCSF] sample : WWW
[AnalysisInputs::SetMCSF] => MCSF = 1, MCSF_err = 0.5
[AnalysisInputs::SetMCSF] sample : WWZ
[AnalysisInputs::SetMCSF] => MCSF = 1, MCSF_err = 0.5
[AnalysisInputs::SetMCSF] sample : WZZ
[AnalysisInputs::SetMCSF] => MCSF = 1, MCSF_err = 0.5
[AnalysisInputs::SetMCSF] sample : ZZZ
[AnalysisInputs::SetMCSF] => MCSF = 1, MCSF_err = 0.5
[AnalysisInputs::SetMCSF] sample : ttV
[AnalysisInputs::SetMCSF] => MCSF = 1, MCSF_err = 0.5
[AnalysisInputs::SetMCSF] sample : ttW
[AnalysisInputs::SetMCSF] => MCSF = 1, MCSF_err = 0.5
[AnalysisInputs::SetMCSF] sample : ttZ
[AnalysisInputs::SetMCSF] => MCSF = 1, MCSF_err = 0.5
[AnalysisInputs::SetMCSF] sample : ttH_nonbb
[AnalysisInputs::SetMCSF] => MCSF = 1, MCSF_err = 0.5
[AnalysisInputs::SetMCSF] sample : top
[AnalysisInputs::SetMCSF] => MCSF = 1, MCSF_err = 0.5
[AnalysisInputs::SetMCSF] sample : WWTo2L2Nu_DS
[AnalysisInputs::SetMCSF] => MCSF = 1, MCSF_err = 0.5
[AnalysisInputs::SetMCSF] sample : WpWpEWK
[AnalysisInputs::SetMCSF] => MCSF = 1.3062, MCSF_err = 0.5
[AnalysisInputs::SetMCSF] sample : WpWpQCD
[AnalysisInputs::SetMCSF] => MCSF = 1.70026, MCSF_err = 0.5
[AnalysisInputs::SetMCSF] sample : WZTo3LNu_mllmin01
[AnalysisInputs::SetMCSF] => MCSF = 0.65, MCSF_err = 0.06
[AnalysisInputs::SetMCSF] sample : WZTo3LNu_powheg
[AnalysisInputs::SetMCSF] => MCSF = 1.05212, MCSF_err = 0.066085
[AnalysisInputs::SetMCSF] sample : ZGto2LG
[AnalysisInputs::SetMCSF] => MCSF = 1.09608, MCSF_err = 0.0747672
[AnalysisInputs::SetMCSF] sample : WGtoLNuG
[AnalysisInputs::SetMCSF] => MCSF = 1, MCSF_err = 0.0747672
[AnalysisInputs::SetMCSF] sample : WGtoLNuG_weighted
[AnalysisInputs::SetMCSF] => MCSF = 1, MCSF_err = 0.0747672
[AnalysisInputs::SetMCSF] sample : ZZTo4L_powheg
[AnalysisInputs::SetMCSF] => MCSF = 0.978495, MCSF_err = 0.0795031
[AnalysisInputs::SetMCSF] sample : ggZZto2e2mu
[AnalysisInputs::SetMCSF] => MCSF = 0.978495, MCSF_err = 0.0795031
[AnalysisInputs::SetMCSF] sample : ggZZto2e2nu
[AnalysisInputs::SetMCSF] => MCSF = 0.978495, MCSF_err = 0.0795031
[AnalysisInputs::SetMCSF] sample : ggZZto2e2tau
[AnalysisInputs::SetMCSF] => MCSF = 0.978495, MCSF_err = 0.0795031
[AnalysisInputs::SetMCSF] sample : ggZZto2mu2nu
[AnalysisInputs::SetMCSF] => MCSF = 0.978495, MCSF_err = 0.0795031
[AnalysisInputs::SetMCSF] sample : ggZZto2mu2tau
[AnalysisInputs::SetMCSF] => MCSF = 0.978495, MCSF_err = 0.0795031
[AnalysisInputs::SetMCSF] sample : ggZZto4e
[AnalysisInputs::SetMCSF] => MCSF = 0.978495, MCSF_err = 0.0795031
[AnalysisInputs::SetMCSF] sample : ggZZto4mu
[AnalysisInputs::SetMCSF] => MCSF = 0.978495, MCSF_err = 0.0795031
[AnalysisInputs::SetMCSF] sample : ggZZto4tau
[AnalysisInputs::SetMCSF] => MCSF = 0.978495, MCSF_err = 0.0795031
[AnalysisInputs::SetMCSF] sample : ggHtoZZ
[AnalysisInputs::SetMCSF] => MCSF = 0.978495, MCSF_err = 0.0795031
[AnalysisInputs::SetCalculatedSysts] Get Systematics from /data8/Users/jskim/HN_dilepton_plotter/data/v8-0-7.37_ForApproval_NoFatJetIDCut/Syst.txt
[AnalysisInputs::SetCalculatedSysts] source : Luminosity
[AnalysisInputs::SetCalculatedSysts] => % sysematic = 0.025
[AnalysisInputs::SetCalculatedSysts] source : FakeLooseID
[AnalysisInputs::SetCalculatedSysts] => % sysematic = 0.3
[AnalysisInputs::SetCalculatedSysts] source : ChrageFlipSyst
[AnalysisInputs::SetCalculatedSysts] => % sysematic = 0.16
[CutRangeInfo::ReadCutCard] Get Cutcard from /data8/Users/jskim/HN_dilepton_plotter/data/v8-0-7.37_ForApproval_NoFatJetIDCut/CutOpCard/RunDirectory/Cards_MuMu_Bin1/HNMuMu_100.txt
Central	17.3974	11.7171	0
_MuonEn_up	17.4441	11.7171	0
_MuonEn_down	17.3246	11.7171	0
_MuonIDSF_up	17.9238	11.7171	0
_MuonIDSF_down	16.8825	11.7171	0
_Rocc_up	17.3808	11.7171	0
_Rocc_down	17.4616	11.7171	0
_ElectronEn_up	17.3873	11.7171	0
_ElectronEn_down	17.4566	11.7171	0
_ElectronIDSF_up	17.3949	11.7171	0
_ElectronIDSF_down	17.4726	11.7171	0
_TriggerSF_up	17.4372	11.7171	0
_TriggerSF_down	17.4204	11.7171	0
_PU_up	17.4056	11.7171	0
_PU_down	17.411	11.7171	0
_JetEn_up	19.2357	11.7171	0
_JetEn_down	18.1707	11.7171	0
_JetRes_up	18.0061	11.7171	0
_JetRes_down	16.8027	11.7171	0
_Unclustered_up	17.2667	11.7171	0
_Unclustered_down	19.3172	11.7171	0
_BTagSFEff_up	17.412	11.7171	0
_BTagSFEff_down	17.3254	11.7171	0
_BTagSFMiss_up	17.3657	11.7171	0
_BTagSFMiss_down	17.4063	11.7171	0
_JetMass_up	17.4852	11.7171	0
_JetMass_down	17.4236	11.7171	0
_JetMassRes_up	16.8986	11.7171	0
_JetMassRes_down	17.4039	11.7171	0
_Tau21_up	17.443	11.7171	0
_Tau21_down	17.3984	11.7171	0

################ Sources ################
Source	SystTotal	SystPrompt	SystFake	Signal
Stat 9.31 14.19  9.54  -nan  2.68
Lumi 1.49  2.50 -  -  2.50
PDF  -  -  -  -  5.00
MuonPt  0.21 0.35  -  -  0.47
MuonID  1.79 2.99  -  -  2.85
MuonRocc  0.16 0.27  -  -  0.75
ElectronE  0.15 0.24  -  -  0.05
ElectronID  0.18 0.31  -  -  0.26
Trigger  0.11 0.19  -  -  0.58
PU  0.04 0.06  -  -  2.34
JES  4.84 8.11  -  -  1.64
JER  2.07 3.46  -  -  1.93
Uncl  4.67 7.82  -  -  2.05
BEff  0.18 0.30  -  -  0.47
BMiss  0.08 0.13  -  -  0.43
JMS  0.22 0.37  -  -  0.09
JMR  1.21 2.03  -  -  0.07
Tau21  0.11 0.19  -  -  0.34
MCNorm 8.89  14.87 -  -  -
Fake 12.07  -  30.00 - -
CF 0.00  -  -  -nan -
Total Systematic 16.78 19.49  30.00  -nan  7.56

Total Background	29.115
- Prompt	17.397
- Fake	11.717
- CF	0.000
- Obs	26.000

####### Result #######
Signal Eff	0.027561
29.114511 1.191865
75.177332 1.080259
