
Processing CyclesForMixingLimit_MuMu_Bin1/HNMuMu_1200.C...
[AnalysisInputs::SetMCSF] Get MC SF from /data8/Users/jskim/HN_dilepton_plotter/data/v8-0-7.37_ForApproval_NoFatJetIDCut/MCSF.txt
[AnalysisInputs::SetMCSF] sample : VVV
[AnalysisInputs::SetMCSF] => MCSF = 1, MCSF_err = 0.5
[AnalysisInputs::SetMCSF] sample : WWW
[AnalysisInputs::SetMCSF] => MCSF = 1, MCSF_err = 0.5
[AnalysisInputs::SetMCSF] sample : WWZ
[AnalysisInputs::SetMCSF] => MCSF = 1, MCSF_err = 0.5
[AnalysisInputs::SetMCSF] sample : WZZ
[AnalysisInputs::SetMCSF] => MCSF = 1, MCSF_err = 0.5
[AnalysisInputs::SetMCSF] sample : ZZZ
[AnalysisInputs::SetMCSF] => MCSF = 1, MCSF_err = 0.5
[AnalysisInputs::SetMCSF] sample : ttV
[AnalysisInputs::SetMCSF] => MCSF = 1, MCSF_err = 0.5
[AnalysisInputs::SetMCSF] sample : ttW
[AnalysisInputs::SetMCSF] => MCSF = 1, MCSF_err = 0.5
[AnalysisInputs::SetMCSF] sample : ttZ
[AnalysisInputs::SetMCSF] => MCSF = 1, MCSF_err = 0.5
[AnalysisInputs::SetMCSF] sample : ttH_nonbb
[AnalysisInputs::SetMCSF] => MCSF = 1, MCSF_err = 0.5
[AnalysisInputs::SetMCSF] sample : top
[AnalysisInputs::SetMCSF] => MCSF = 1, MCSF_err = 0.5
[AnalysisInputs::SetMCSF] sample : WWTo2L2Nu_DS
[AnalysisInputs::SetMCSF] => MCSF = 1, MCSF_err = 0.5
[AnalysisInputs::SetMCSF] sample : WpWpEWK
[AnalysisInputs::SetMCSF] => MCSF = 1.3062, MCSF_err = 0.5
[AnalysisInputs::SetMCSF] sample : WpWpQCD
[AnalysisInputs::SetMCSF] => MCSF = 1.70026, MCSF_err = 0.5
[AnalysisInputs::SetMCSF] sample : WZTo3LNu_mllmin01
[AnalysisInputs::SetMCSF] => MCSF = 0.65, MCSF_err = 0.06
[AnalysisInputs::SetMCSF] sample : WZTo3LNu_powheg
[AnalysisInputs::SetMCSF] => MCSF = 1.05212, MCSF_err = 0.066085
[AnalysisInputs::SetMCSF] sample : ZGto2LG
[AnalysisInputs::SetMCSF] => MCSF = 1.09608, MCSF_err = 0.0747672
[AnalysisInputs::SetMCSF] sample : WGtoLNuG
[AnalysisInputs::SetMCSF] => MCSF = 1, MCSF_err = 0.0747672
[AnalysisInputs::SetMCSF] sample : WGtoLNuG_weighted
[AnalysisInputs::SetMCSF] => MCSF = 1, MCSF_err = 0.0747672
[AnalysisInputs::SetMCSF] sample : ZZTo4L_powheg
[AnalysisInputs::SetMCSF] => MCSF = 0.978495, MCSF_err = 0.0795031
[AnalysisInputs::SetMCSF] sample : ggZZto2e2mu
[AnalysisInputs::SetMCSF] => MCSF = 0.978495, MCSF_err = 0.0795031
[AnalysisInputs::SetMCSF] sample : ggZZto2e2nu
[AnalysisInputs::SetMCSF] => MCSF = 0.978495, MCSF_err = 0.0795031
[AnalysisInputs::SetMCSF] sample : ggZZto2e2tau
[AnalysisInputs::SetMCSF] => MCSF = 0.978495, MCSF_err = 0.0795031
[AnalysisInputs::SetMCSF] sample : ggZZto2mu2nu
[AnalysisInputs::SetMCSF] => MCSF = 0.978495, MCSF_err = 0.0795031
[AnalysisInputs::SetMCSF] sample : ggZZto2mu2tau
[AnalysisInputs::SetMCSF] => MCSF = 0.978495, MCSF_err = 0.0795031
[AnalysisInputs::SetMCSF] sample : ggZZto4e
[AnalysisInputs::SetMCSF] => MCSF = 0.978495, MCSF_err = 0.0795031
[AnalysisInputs::SetMCSF] sample : ggZZto4mu
[AnalysisInputs::SetMCSF] => MCSF = 0.978495, MCSF_err = 0.0795031
[AnalysisInputs::SetMCSF] sample : ggZZto4tau
[AnalysisInputs::SetMCSF] => MCSF = 0.978495, MCSF_err = 0.0795031
[AnalysisInputs::SetMCSF] sample : ggHtoZZ
[AnalysisInputs::SetMCSF] => MCSF = 0.978495, MCSF_err = 0.0795031
[AnalysisInputs::SetCalculatedSysts] Get Systematics from /data8/Users/jskim/HN_dilepton_plotter/data/v8-0-7.37_ForApproval_NoFatJetIDCut/Syst.txt
[AnalysisInputs::SetCalculatedSysts] source : Luminosity
[AnalysisInputs::SetCalculatedSysts] => % sysematic = 0.025
[AnalysisInputs::SetCalculatedSysts] source : FakeLooseID
[AnalysisInputs::SetCalculatedSysts] => % sysematic = 0.3
[AnalysisInputs::SetCalculatedSysts] source : ChrageFlipSyst
[AnalysisInputs::SetCalculatedSysts] => % sysematic = 0.16
[CutRangeInfo::ReadCutCard] Get Cutcard from /data8/Users/jskim/HN_dilepton_plotter/data/v8-0-7.37_ForApproval_NoFatJetIDCut/CutOpCard/RunDirectory/Cards_MuMu_Bin1/HNMuMu_1200.txt
Central	1.02722	0	0
_MuonEn_up	1.12014	0	0
_MuonEn_down	1.011	0	0
_MuonIDSF_up	1.05707	0	0
_MuonIDSF_down	0.985605	0	0
_Rocc_up	1.11364	0	0
_Rocc_down	1.11235	0	0
_ElectronEn_up	1.02362	0	0
_ElectronEn_down	1.03476	0	0
_ElectronIDSF_up	1.02733	0	0
_ElectronIDSF_down	1.03092	0	0
_TriggerSF_up	1.02118	0	0
_TriggerSF_down	1.01979	0	0
_PU_up	0.989446	0	0
_PU_down	1.05687	0	0
_JetEn_up	1.23349	0	0
_JetEn_down	1.22222	0	0
_JetRes_up	1.38435	0	0
_JetRes_down	1.00916	0	0
_Unclustered_up	1.11556	0	0
_Unclustered_down	1.12215	0	0
_BTagSFEff_up	1.02733	0	0
_BTagSFEff_down	1.02339	0	0
_BTagSFMiss_up	1.06011	0	0
_BTagSFMiss_down	1.02733	0	0
_JetMass_up	1.02721	0	0
_JetMass_down	1.03615	0	0
_JetMassRes_up	0.990305	0	0
_JetMassRes_down	1.02422	0	0
_Tau21_up	1.02733	0	0
_Tau21_down	1.02733	0	0

################ Sources ################
Source	SystTotal	SystPrompt	SystFake	Signal
Stat 15.18 15.18  -nan  -nan  3.34
Lumi 2.50  2.50 -  -  2.50
PDF  -  -  -  -  5.00
MuonPt  6.49 6.49  -  -  1.30
MuonID  3.53 3.53  -  -  3.01
MuonRocc  8.35 8.35  -  -  3.73
ElectronE  0.58 0.58  -  -  0.86
ElectronID  0.25 0.25  -  -  0.50
Trigger  0.66 0.66  -  -  0.77
PU  3.31 3.31  -  -  0.56
JES  19.54 19.54  -  -  2.83
JER  24.61 24.61  -  -  0.82
Uncl  8.93 8.93  -  -  1.10
BEff  0.26 0.26  -  -  0.41
BMiss  2.26 2.26  -  -  0.98
JMS  0.61 0.61  -  -  0.73
JMR  2.55 2.55  -  -  0.37
Tau21  0.01 0.01  -  -  0.62
MCNorm 48.80  48.80 -  -  -
Fake 0.00  -  -nan - -
CF 0.00  -  -  -nan -
Total Systematic 60.02 60.02  -nan  -nan  8.36

Total Background	1.027
- Prompt	1.027
- Fake	0.000
- CF	0.000
- Obs	3.000

####### Result #######
Signal Eff	0.022517
1.027222 1.619130
0.001582 1.090031
