
Processing CyclesForMixingLimit_MuMu_Bin1/HNMuMu_700_VBF.C...
[AnalysisInputs::SetMCSF] Get MC SF from /data8/Users/jskim/HN_dilepton_plotter/data/v8-0-7.37_ForApproval_NoFatJetIDCut/MCSF.txt
[AnalysisInputs::SetMCSF] sample : VVV
[AnalysisInputs::SetMCSF] => MCSF = 1, MCSF_err = 0.5
[AnalysisInputs::SetMCSF] sample : WWW
[AnalysisInputs::SetMCSF] => MCSF = 1, MCSF_err = 0.5
[AnalysisInputs::SetMCSF] sample : WWZ
[AnalysisInputs::SetMCSF] => MCSF = 1, MCSF_err = 0.5
[AnalysisInputs::SetMCSF] sample : WZZ
[AnalysisInputs::SetMCSF] => MCSF = 1, MCSF_err = 0.5
[AnalysisInputs::SetMCSF] sample : ZZZ
[AnalysisInputs::SetMCSF] => MCSF = 1, MCSF_err = 0.5
[AnalysisInputs::SetMCSF] sample : ttV
[AnalysisInputs::SetMCSF] => MCSF = 1, MCSF_err = 0.5
[AnalysisInputs::SetMCSF] sample : ttW
[AnalysisInputs::SetMCSF] => MCSF = 1, MCSF_err = 0.5
[AnalysisInputs::SetMCSF] sample : ttZ
[AnalysisInputs::SetMCSF] => MCSF = 1, MCSF_err = 0.5
[AnalysisInputs::SetMCSF] sample : ttH_nonbb
[AnalysisInputs::SetMCSF] => MCSF = 1, MCSF_err = 0.5
[AnalysisInputs::SetMCSF] sample : top
[AnalysisInputs::SetMCSF] => MCSF = 1, MCSF_err = 0.5
[AnalysisInputs::SetMCSF] sample : WWTo2L2Nu_DS
[AnalysisInputs::SetMCSF] => MCSF = 1, MCSF_err = 0.5
[AnalysisInputs::SetMCSF] sample : WpWpEWK
[AnalysisInputs::SetMCSF] => MCSF = 1.3062, MCSF_err = 0.5
[AnalysisInputs::SetMCSF] sample : WpWpQCD
[AnalysisInputs::SetMCSF] => MCSF = 1.70026, MCSF_err = 0.5
[AnalysisInputs::SetMCSF] sample : WZTo3LNu_mllmin01
[AnalysisInputs::SetMCSF] => MCSF = 0.65, MCSF_err = 0.06
[AnalysisInputs::SetMCSF] sample : WZTo3LNu_powheg
[AnalysisInputs::SetMCSF] => MCSF = 1.05212, MCSF_err = 0.066085
[AnalysisInputs::SetMCSF] sample : ZGto2LG
[AnalysisInputs::SetMCSF] => MCSF = 1.09608, MCSF_err = 0.0747672
[AnalysisInputs::SetMCSF] sample : WGtoLNuG
[AnalysisInputs::SetMCSF] => MCSF = 1, MCSF_err = 0.0747672
[AnalysisInputs::SetMCSF] sample : WGtoLNuG_weighted
[AnalysisInputs::SetMCSF] => MCSF = 1, MCSF_err = 0.0747672
[AnalysisInputs::SetMCSF] sample : ZZTo4L_powheg
[AnalysisInputs::SetMCSF] => MCSF = 0.978495, MCSF_err = 0.0795031
[AnalysisInputs::SetMCSF] sample : ggZZto2e2mu
[AnalysisInputs::SetMCSF] => MCSF = 0.978495, MCSF_err = 0.0795031
[AnalysisInputs::SetMCSF] sample : ggZZto2e2nu
[AnalysisInputs::SetMCSF] => MCSF = 0.978495, MCSF_err = 0.0795031
[AnalysisInputs::SetMCSF] sample : ggZZto2e2tau
[AnalysisInputs::SetMCSF] => MCSF = 0.978495, MCSF_err = 0.0795031
[AnalysisInputs::SetMCSF] sample : ggZZto2mu2nu
[AnalysisInputs::SetMCSF] => MCSF = 0.978495, MCSF_err = 0.0795031
[AnalysisInputs::SetMCSF] sample : ggZZto2mu2tau
[AnalysisInputs::SetMCSF] => MCSF = 0.978495, MCSF_err = 0.0795031
[AnalysisInputs::SetMCSF] sample : ggZZto4e
[AnalysisInputs::SetMCSF] => MCSF = 0.978495, MCSF_err = 0.0795031
[AnalysisInputs::SetMCSF] sample : ggZZto4mu
[AnalysisInputs::SetMCSF] => MCSF = 0.978495, MCSF_err = 0.0795031
[AnalysisInputs::SetMCSF] sample : ggZZto4tau
[AnalysisInputs::SetMCSF] => MCSF = 0.978495, MCSF_err = 0.0795031
[AnalysisInputs::SetMCSF] sample : ggHtoZZ
[AnalysisInputs::SetMCSF] => MCSF = 0.978495, MCSF_err = 0.0795031
[AnalysisInputs::SetCalculatedSysts] Get Systematics from /data8/Users/jskim/HN_dilepton_plotter/data/v8-0-7.37_ForApproval_NoFatJetIDCut/Syst.txt
[AnalysisInputs::SetCalculatedSysts] source : Luminosity
[AnalysisInputs::SetCalculatedSysts] => % sysematic = 0.025
[AnalysisInputs::SetCalculatedSysts] source : FakeLooseID
[AnalysisInputs::SetCalculatedSysts] => % sysematic = 0.3
[AnalysisInputs::SetCalculatedSysts] source : ChrageFlipSyst
[AnalysisInputs::SetCalculatedSysts] => % sysematic = 0.16
[CutRangeInfo::ReadCutCard] Get Cutcard from /data8/Users/jskim/HN_dilepton_plotter/data/v8-0-7.37_ForApproval_NoFatJetIDCut/CutOpCard/RunDirectory/Cards_MuMu_Bin1/HNMuMu_700.txt
Central	0.631211	0	0
_MuonEn_up	0.771656	0	0
_MuonEn_down	0.742246	0	0
_MuonIDSF_up	0.653881	0	0
_MuonIDSF_down	0.60918	0	0
_Rocc_up	0.725267	0	0
_Rocc_down	0.732203	0	0
_ElectronEn_up	0.627606	0	0
_ElectronEn_down	0.638753	0	0
_ElectronIDSF_up	0.631319	0	0
_ElectronIDSF_down	0.63491	0	0
_TriggerSF_up	0.629263	0	0
_TriggerSF_down	0.623776	0	0
_PU_up	0.617011	0	0
_PU_down	0.643988	0	0
_JetEn_up	0.848081	0	0
_JetEn_down	0.833486	0	0
_JetRes_up	0.90803	0	0
_JetRes_down	0.632809	0	0
_Unclustered_up	0.710067	0	0
_Unclustered_down	0.723382	0	0
_BTagSFEff_up	0.631319	0	0
_BTagSFEff_down	0.627376	0	0
_BTagSFMiss_up	0.664099	0	0
_BTagSFMiss_down	0.631319	0	0
_JetMass_up	0.631196	0	0
_JetMass_down	0.640135	0	0
_JetMassRes_up	0.594294	0	0
_JetMassRes_down	0.631319	0	0
_Tau21_up	0.631319	0	0
_Tau21_down	0.631319	0	0

################ Sources ################
Source	SystTotal	SystPrompt	SystFake	Signal
Stat 15.50 15.50  -nan  -nan  2.31
Lumi 2.50  2.50 -  -  2.50
PDF  -  -  -  -  3.50
MuonPt  20.06 20.06  -  -  6.80
MuonID  3.54 3.54  -  -  3.58
MuonRocc  15.46 15.46  -  -  2.29
ElectronE  0.94 0.94  -  -  0.02
ElectronID  0.41 0.41  -  -  0.26
Trigger  0.86 0.86  -  -  0.45
PU  2.14 2.14  -  -  0.57
JES  33.22 33.22  -  -  2.31
JER  31.01 31.01  -  -  0.48
Uncl  13.59 13.59  -  -  0.70
BEff  0.43 0.43  -  -  0.28
BMiss  3.68 3.68  -  -  0.53
JMS  1.00 1.00  -  -  0.18
JMR  4.14 4.14  -  -  0.23
Tau21  0.02 0.02  -  -  0.21
MCNorm 54.14  54.14 -  -  -
Fake 0.00  -  -nan - -
CF 0.00  -  -  -nan -
Total Systematic 76.67 76.67  -nan  -nan  9.48

Total Background	0.631
- Prompt	0.631
- Fake	0.000
- CF	0.000
- Obs	3.000

####### Result #######
Signal Eff	0.073078
0.631211 1.782260
0.063250 1.097613
