
Processing CyclesForMixingLimit_MuMu_Bin1/HNMuMu_600_VBF.C...
[AnalysisInputs::SetMCSF] Get MC SF from /data8/Users/jskim/HN_dilepton_plotter/data/v8-0-7.37_ForApproval_NoFatJetIDCut/MCSF.txt
[AnalysisInputs::SetMCSF] sample : VVV
[AnalysisInputs::SetMCSF] => MCSF = 1, MCSF_err = 0.5
[AnalysisInputs::SetMCSF] sample : WWW
[AnalysisInputs::SetMCSF] => MCSF = 1, MCSF_err = 0.5
[AnalysisInputs::SetMCSF] sample : WWZ
[AnalysisInputs::SetMCSF] => MCSF = 1, MCSF_err = 0.5
[AnalysisInputs::SetMCSF] sample : WZZ
[AnalysisInputs::SetMCSF] => MCSF = 1, MCSF_err = 0.5
[AnalysisInputs::SetMCSF] sample : ZZZ
[AnalysisInputs::SetMCSF] => MCSF = 1, MCSF_err = 0.5
[AnalysisInputs::SetMCSF] sample : ttV
[AnalysisInputs::SetMCSF] => MCSF = 1, MCSF_err = 0.5
[AnalysisInputs::SetMCSF] sample : ttW
[AnalysisInputs::SetMCSF] => MCSF = 1, MCSF_err = 0.5
[AnalysisInputs::SetMCSF] sample : ttZ
[AnalysisInputs::SetMCSF] => MCSF = 1, MCSF_err = 0.5
[AnalysisInputs::SetMCSF] sample : ttH_nonbb
[AnalysisInputs::SetMCSF] => MCSF = 1, MCSF_err = 0.5
[AnalysisInputs::SetMCSF] sample : top
[AnalysisInputs::SetMCSF] => MCSF = 1, MCSF_err = 0.5
[AnalysisInputs::SetMCSF] sample : WWTo2L2Nu_DS
[AnalysisInputs::SetMCSF] => MCSF = 1, MCSF_err = 0.5
[AnalysisInputs::SetMCSF] sample : WpWpEWK
[AnalysisInputs::SetMCSF] => MCSF = 1.3062, MCSF_err = 0.5
[AnalysisInputs::SetMCSF] sample : WpWpQCD
[AnalysisInputs::SetMCSF] => MCSF = 1.70026, MCSF_err = 0.5
[AnalysisInputs::SetMCSF] sample : WZTo3LNu_mllmin01
[AnalysisInputs::SetMCSF] => MCSF = 0.65, MCSF_err = 0.06
[AnalysisInputs::SetMCSF] sample : WZTo3LNu_powheg
[AnalysisInputs::SetMCSF] => MCSF = 1.05212, MCSF_err = 0.066085
[AnalysisInputs::SetMCSF] sample : ZGto2LG
[AnalysisInputs::SetMCSF] => MCSF = 1.09608, MCSF_err = 0.0747672
[AnalysisInputs::SetMCSF] sample : WGtoLNuG
[AnalysisInputs::SetMCSF] => MCSF = 1, MCSF_err = 0.0747672
[AnalysisInputs::SetMCSF] sample : WGtoLNuG_weighted
[AnalysisInputs::SetMCSF] => MCSF = 1, MCSF_err = 0.0747672
[AnalysisInputs::SetMCSF] sample : ZZTo4L_powheg
[AnalysisInputs::SetMCSF] => MCSF = 0.978495, MCSF_err = 0.0795031
[AnalysisInputs::SetMCSF] sample : ggZZto2e2mu
[AnalysisInputs::SetMCSF] => MCSF = 0.978495, MCSF_err = 0.0795031
[AnalysisInputs::SetMCSF] sample : ggZZto2e2nu
[AnalysisInputs::SetMCSF] => MCSF = 0.978495, MCSF_err = 0.0795031
[AnalysisInputs::SetMCSF] sample : ggZZto2e2tau
[AnalysisInputs::SetMCSF] => MCSF = 0.978495, MCSF_err = 0.0795031
[AnalysisInputs::SetMCSF] sample : ggZZto2mu2nu
[AnalysisInputs::SetMCSF] => MCSF = 0.978495, MCSF_err = 0.0795031
[AnalysisInputs::SetMCSF] sample : ggZZto2mu2tau
[AnalysisInputs::SetMCSF] => MCSF = 0.978495, MCSF_err = 0.0795031
[AnalysisInputs::SetMCSF] sample : ggZZto4e
[AnalysisInputs::SetMCSF] => MCSF = 0.978495, MCSF_err = 0.0795031
[AnalysisInputs::SetMCSF] sample : ggZZto4mu
[AnalysisInputs::SetMCSF] => MCSF = 0.978495, MCSF_err = 0.0795031
[AnalysisInputs::SetMCSF] sample : ggZZto4tau
[AnalysisInputs::SetMCSF] => MCSF = 0.978495, MCSF_err = 0.0795031
[AnalysisInputs::SetMCSF] sample : ggHtoZZ
[AnalysisInputs::SetMCSF] => MCSF = 0.978495, MCSF_err = 0.0795031
[AnalysisInputs::SetCalculatedSysts] Get Systematics from /data8/Users/jskim/HN_dilepton_plotter/data/v8-0-7.37_ForApproval_NoFatJetIDCut/Syst.txt
[AnalysisInputs::SetCalculatedSysts] source : Luminosity
[AnalysisInputs::SetCalculatedSysts] => % sysematic = 0.025
[AnalysisInputs::SetCalculatedSysts] source : FakeLooseID
[AnalysisInputs::SetCalculatedSysts] => % sysematic = 0.3
[AnalysisInputs::SetCalculatedSysts] source : ChrageFlipSyst
[AnalysisInputs::SetCalculatedSysts] => % sysematic = 0.16
[CutRangeInfo::ReadCutCard] Get Cutcard from /data8/Users/jskim/HN_dilepton_plotter/data/v8-0-7.37_ForApproval_NoFatJetIDCut/CutOpCard/RunDirectory/Cards_MuMu_Bin1/HNMuMu_600.txt
Central	0.737329	0	0
_MuonEn_up	0.893491	0	0
_MuonEn_down	0.666545	0	0
_MuonIDSF_up	0.761505	0	0
_MuonIDSF_down	0.713798	0	0
_Rocc_up	0.760208	0	0
_Rocc_down	0.742307	0	0
_ElectronEn_up	0.737436	0	0
_ElectronEn_down	0.70166	0	0
_ElectronIDSF_up	0.737436	0	0
_ElectronIDSF_down	0.737436	0	0
_TriggerSF_up	0.745724	0	0
_TriggerSF_down	0.730238	0	0
_PU_up	0.774776	0	0
_PU_down	0.702753	0	0
_JetEn_up	0.765	0	0
_JetEn_down	0.801304	0	0
_JetRes_up	0.862857	0	0
_JetRes_down	0.700058	0	0
_Unclustered_up	0.716854	0	0
_Unclustered_down	0.766529	0	0
_BTagSFEff_up	0.737436	0	0
_BTagSFEff_down	0.737436	0	0
_BTagSFMiss_up	0.770216	0	0
_BTagSFMiss_down	0.737436	0	0
_JetMass_up	0.741551	0	0
_JetMass_down	0.742662	0	0
_JetMassRes_up	0.737436	0	0
_JetMassRes_down	0.659409	0	0
_Tau21_up	0.737436	0	0
_Tau21_down	0.737436	0	0

################ Sources ################
Source	SystTotal	SystPrompt	SystFake	Signal
Stat 20.48 20.48  -nan  -nan  1.93
Lumi 2.50  2.50 -  -  2.50
PDF  -  -  -  -  3.90
MuonPt  16.44 16.44  -  -  3.37
MuonID  3.24 3.24  -  -  3.48
MuonRocc  2.25 2.25  -  -  1.60
ElectronE  3.42 3.42  -  -  0.23
ElectronID  0.01 0.01  -  -  0.32
Trigger  1.05 1.05  -  -  0.38
PU  4.89 4.89  -  -  0.97
JES  6.68 6.68  -  -  3.12
JER  12.56 12.56  -  -  1.19
Uncl  3.42 3.42  -  -  1.01
BEff  0.01 0.01  -  -  0.10
BMiss  3.15 3.15  -  -  0.44
JMS  0.65 0.65  -  -  0.31
JMR  7.47 7.47  -  -  0.12
Tau21  0.01 0.01  -  -  0.27
MCNorm 41.10  41.10 -  -  -
Fake 0.00  -  -nan - -
CF 0.00  -  -  -nan -
Total Systematic 47.94 47.94  -nan  -nan  7.82

Total Background	0.737
- Prompt	0.737
- Fake	0.000
- CF	0.000
- Obs	5.000

####### Result #######
Signal Eff	0.087703
0.737329 1.521357
0.132855 1.080602
