
Processing Bin2_HNMuMu_1500.C...
[AnalysisInputs::SetMCSF] Get MC SF from /home/jskim/Documents/trilepton_13TeV/DiLepton/data/v8-0-7.36/MCSF.txt
[AnalysisInputs::SetMCSF] sample : VVV
[AnalysisInputs::SetMCSF] => MCSF = 1, MCSF_err = 0.5
[AnalysisInputs::SetMCSF] sample : WWW
[AnalysisInputs::SetMCSF] => MCSF = 1, MCSF_err = 0.5
[AnalysisInputs::SetMCSF] sample : WWZ
[AnalysisInputs::SetMCSF] => MCSF = 1, MCSF_err = 0.5
[AnalysisInputs::SetMCSF] sample : WZZ
[AnalysisInputs::SetMCSF] => MCSF = 1, MCSF_err = 0.5
[AnalysisInputs::SetMCSF] sample : ZZZ
[AnalysisInputs::SetMCSF] => MCSF = 1, MCSF_err = 0.5
[AnalysisInputs::SetMCSF] sample : ttV
[AnalysisInputs::SetMCSF] => MCSF = 1, MCSF_err = 0.5
[AnalysisInputs::SetMCSF] sample : ttW
[AnalysisInputs::SetMCSF] => MCSF = 1, MCSF_err = 0.5
[AnalysisInputs::SetMCSF] sample : ttZ
[AnalysisInputs::SetMCSF] => MCSF = 1, MCSF_err = 0.5
[AnalysisInputs::SetMCSF] sample : ttH_nonbb
[AnalysisInputs::SetMCSF] => MCSF = 1, MCSF_err = 0.5
[AnalysisInputs::SetMCSF] sample : top
[AnalysisInputs::SetMCSF] => MCSF = 1, MCSF_err = 0.5
[AnalysisInputs::SetMCSF] sample : WZTo3LNu_powheg
[AnalysisInputs::SetMCSF] => MCSF = 1.00165, MCSF_err = 0.0888561
[AnalysisInputs::SetMCSF] sample : ZGto2LG
[AnalysisInputs::SetMCSF] => MCSF = 0.794861, MCSF_err = 0.155181
[AnalysisInputs::SetMCSF] sample : ZZTo4L_powheg
[AnalysisInputs::SetMCSF] => MCSF = 0.926685, MCSF_err = 0.102827
[AnalysisInputs::SetMCSF] sample : ggZZto2e2mu
[AnalysisInputs::SetMCSF] => MCSF = 0.926685, MCSF_err = 0.102827
[AnalysisInputs::SetMCSF] sample : ggZZto2e2nu
[AnalysisInputs::SetMCSF] => MCSF = 0.926685, MCSF_err = 0.102827
[AnalysisInputs::SetMCSF] sample : ggZZto2e2tau
[AnalysisInputs::SetMCSF] => MCSF = 0.926685, MCSF_err = 0.102827
[AnalysisInputs::SetMCSF] sample : ggZZto2mu2nu
[AnalysisInputs::SetMCSF] => MCSF = 0.926685, MCSF_err = 0.102827
[AnalysisInputs::SetMCSF] sample : ggZZto2mu2tau
[AnalysisInputs::SetMCSF] => MCSF = 0.926685, MCSF_err = 0.102827
[AnalysisInputs::SetMCSF] sample : ggZZto4e
[AnalysisInputs::SetMCSF] => MCSF = 0.926685, MCSF_err = 0.102827
[AnalysisInputs::SetMCSF] sample : ggZZto4mu
[AnalysisInputs::SetMCSF] => MCSF = 0.926685, MCSF_err = 0.102827
[AnalysisInputs::SetMCSF] sample : ggZZto4tau
[AnalysisInputs::SetMCSF] => MCSF = 0.926685, MCSF_err = 0.102827
[AnalysisInputs::SetCalculatedSysts] Get Systematics from /home/jskim/Documents/trilepton_13TeV/DiLepton/data/v8-0-7.36/Syst.txt
[AnalysisInputs::SetCalculatedSysts] source : Luminosity
[AnalysisInputs::SetCalculatedSysts] => % sysematic = 0.025
[AnalysisInputs::SetCalculatedSysts] source : FakeLooseID
[AnalysisInputs::SetCalculatedSysts] => % sysematic = 0.3
[AnalysisInputs::SetCalculatedSysts] source : ChrageFlipSyst
[AnalysisInputs::SetCalculatedSysts] => % sysematic = 0.21
[CutRangeInfo::ReadCutCard] Get Cutcard from /home/jskim/Documents/trilepton_13TeV/DiLepton/data/v8-0-7.36/CutOpCard/OPTIMIZED_171108_MuMu_HighMass_Bin2/HNMuMu_1500.txt
prompt_tau21_syst = 0.0100384
signal_tau21_syst = 0.000571791
Central	0.139235	0	0
_MuonEn_up	0.14278	0	0
_MuonEn_down	0.1335	0	0
_MuonIDSF_up	0.144379	0	0
_MuonIDSF_down	0.134192	0	0
_ElectronEn_up	0.14572	0	0
_ElectronEn_down	0.139235	0	0
_ElectronIDSF_up	0.14262	0	0
_ElectronIDSF_down	0.142428	0	0
_TriggerSF_up	0.139237	0	0
_TriggerSF_down	0.139235	0	0
_PU_up	0.126178	0	0
_PU_down	0.151174	0	0
_JetEn_up	0.133679	0	0
_JetEn_down	0.14262	0	0
_JetRes_up	0.139235	0	0
_JetRes_down	0.137572	0	0
_Unclustered_up	0.135528	0	0
_Unclustered_down	0.139235	0	0
_BTagSFEff_up	0.139235	0	0
_BTagSFEff_down	0.139235	0	0
_BTagSFMiss_up	0.139235	0	0
_BTagSFMiss_down	0.139235	0	0
_JetMass_up	0.140011	0	0
_JetMass_down	0.139235	0	0
_JetMassRes_up	0.139235	0	0
_JetMassRes_down	0.139235	0	0

################ Sources ################
Source	SystTotal	SystPrompt	SystFake	Signal
Stat 65.78 65.78  -nan  -nan  0.78
Lumi 2.50  2.50 -  -  2.50
PDF  -  -  -  -  8.53
MuonPt  3.42 3.42  -  -  1.35
MuonID  3.66 3.66  -  -  3.55
ElectronE  3.29 3.29  -  -  0.22
ElectronID  2.36 2.36  -  -  0.25
Trigger  0.00 0.00  -  -  0.19
PU  8.99 8.99  -  -  0.76
JES  3.30 3.30  -  -  0.29
JER  0.84 0.84  -  -  0.25
Uncl  1.88 1.88  -  -  0.06
BEff  0.00 0.00  -  -  0.57
BMiss  0.00 0.00  -  -  0.34
JMS  0.39 0.39  -  -  0.10
JMR  0.00 0.00  -  -  0.16
Tau21 7.21  7.21 -  -  7.26
MCNorm 8.03  8.03 -  -  -
Fake 0.00  -  -nan - -
CF 0.00  -  -  -nan -
Total Systematic 16.13 16.13  -nan  -nan  9.74

Total Background	0.139
- Prompt	0.139
- Fake	0.000
- CF	0.000

####### Result #######
Signal Eff	0.367671
0.139235 1.677262
0.007873 1.121711
