
Processing Bin2_HNMuMu_100.C...
[AnalysisInputs::SetMCSF] Get MC SF from /home/jskim/Documents/trilepton_13TeV/DiLepton/data/v8-0-7.36/MCSF.txt
[AnalysisInputs::SetMCSF] sample : VVV
[AnalysisInputs::SetMCSF] => MCSF = 1, MCSF_err = 0.5
[AnalysisInputs::SetMCSF] sample : WWW
[AnalysisInputs::SetMCSF] => MCSF = 1, MCSF_err = 0.5
[AnalysisInputs::SetMCSF] sample : WWZ
[AnalysisInputs::SetMCSF] => MCSF = 1, MCSF_err = 0.5
[AnalysisInputs::SetMCSF] sample : WZZ
[AnalysisInputs::SetMCSF] => MCSF = 1, MCSF_err = 0.5
[AnalysisInputs::SetMCSF] sample : ZZZ
[AnalysisInputs::SetMCSF] => MCSF = 1, MCSF_err = 0.5
[AnalysisInputs::SetMCSF] sample : ttV
[AnalysisInputs::SetMCSF] => MCSF = 1, MCSF_err = 0.5
[AnalysisInputs::SetMCSF] sample : ttW
[AnalysisInputs::SetMCSF] => MCSF = 1, MCSF_err = 0.5
[AnalysisInputs::SetMCSF] sample : ttZ
[AnalysisInputs::SetMCSF] => MCSF = 1, MCSF_err = 0.5
[AnalysisInputs::SetMCSF] sample : ttH_nonbb
[AnalysisInputs::SetMCSF] => MCSF = 1, MCSF_err = 0.5
[AnalysisInputs::SetMCSF] sample : top
[AnalysisInputs::SetMCSF] => MCSF = 1, MCSF_err = 0.5
[AnalysisInputs::SetMCSF] sample : WZTo3LNu_powheg
[AnalysisInputs::SetMCSF] => MCSF = 1.00165, MCSF_err = 0.0888561
[AnalysisInputs::SetMCSF] sample : ZGto2LG
[AnalysisInputs::SetMCSF] => MCSF = 0.794861, MCSF_err = 0.155181
[AnalysisInputs::SetMCSF] sample : ZZTo4L_powheg
[AnalysisInputs::SetMCSF] => MCSF = 0.926685, MCSF_err = 0.102827
[AnalysisInputs::SetMCSF] sample : ggZZto2e2mu
[AnalysisInputs::SetMCSF] => MCSF = 0.926685, MCSF_err = 0.102827
[AnalysisInputs::SetMCSF] sample : ggZZto2e2nu
[AnalysisInputs::SetMCSF] => MCSF = 0.926685, MCSF_err = 0.102827
[AnalysisInputs::SetMCSF] sample : ggZZto2e2tau
[AnalysisInputs::SetMCSF] => MCSF = 0.926685, MCSF_err = 0.102827
[AnalysisInputs::SetMCSF] sample : ggZZto2mu2nu
[AnalysisInputs::SetMCSF] => MCSF = 0.926685, MCSF_err = 0.102827
[AnalysisInputs::SetMCSF] sample : ggZZto2mu2tau
[AnalysisInputs::SetMCSF] => MCSF = 0.926685, MCSF_err = 0.102827
[AnalysisInputs::SetMCSF] sample : ggZZto4e
[AnalysisInputs::SetMCSF] => MCSF = 0.926685, MCSF_err = 0.102827
[AnalysisInputs::SetMCSF] sample : ggZZto4mu
[AnalysisInputs::SetMCSF] => MCSF = 0.926685, MCSF_err = 0.102827
[AnalysisInputs::SetMCSF] sample : ggZZto4tau
[AnalysisInputs::SetMCSF] => MCSF = 0.926685, MCSF_err = 0.102827
[AnalysisInputs::SetCalculatedSysts] Get Systematics from /home/jskim/Documents/trilepton_13TeV/DiLepton/data/v8-0-7.36/Syst.txt
[AnalysisInputs::SetCalculatedSysts] source : Luminosity
[AnalysisInputs::SetCalculatedSysts] => % sysematic = 0.025
[AnalysisInputs::SetCalculatedSysts] source : FakeLooseID
[AnalysisInputs::SetCalculatedSysts] => % sysematic = 0.3
[AnalysisInputs::SetCalculatedSysts] source : ChrageFlipSyst
[AnalysisInputs::SetCalculatedSysts] => % sysematic = 0.21
[CutRangeInfo::ReadCutCard] Get Cutcard from /home/jskim/Documents/trilepton_13TeV/DiLepton/data/v8-0-7.36/CutOpCard/OPTIMIZED_171108_MuMu_HighMass_Bin2/HNMuMu_100.txt
prompt_tau21_syst = 0.0100401
signal_tau21_syst = 0.0139325
Central	0.131693	0.0857537	0
_MuonEn_up	0.136839	0.0857537	0
_MuonEn_down	0.129546	0.0857537	0
_MuonIDSF_up	0.130213	0.0857537	0
_MuonIDSF_down	0.124733	0.0857537	0
_ElectronEn_up	0.126525	0.0857537	0
_ElectronEn_down	0.129385	0.0857537	0
_ElectronIDSF_up	0.130041	0.0857537	0
_ElectronIDSF_down	0.126525	0.0857537	0
_TriggerSF_up	0.130364	0.0857537	0
_TriggerSF_down	0.126755	0.0857537	0
_PU_up	0.118849	0.0857537	0
_PU_down	0.139517	0.0857537	0
_JetEn_up	0.131557	0.0857537	0
_JetEn_down	0.125755	0.0857537	0
_JetRes_up	0.126525	0.0857537	0
_JetRes_down	0.126525	0.0857537	0
_Unclustered_up	0.127123	0.0857537	0
_Unclustered_down	0.123593	0.0857537	0
_BTagSFEff_up	0.126525	0.0857537	0
_BTagSFEff_down	0.131638	0.0857537	0
_BTagSFMiss_up	0.125187	0.0857537	0
_BTagSFMiss_down	0.130628	0.0857537	0
_JetMass_up	0.126525	0.0857537	0
_JetMass_down	0.126525	0.0857537	0
_JetMassRes_up	0.128418	0.0857537	0
_JetMassRes_down	0.131423	0.0857537	0

################ Sources ################
Source	SystTotal	SystPrompt	SystFake	Signal
Stat 59.26 37.96  138.49  -nan  50.66
Lumi 1.51  2.50 -  -  2.50
PDF  -  -  -  -  8.53
MuonPt  1.81 2.99  -  -  0.00
MuonID  2.31 3.82  -  -  3.58
ElectronE  1.84 3.04  -  -  0.00
ElectronID  1.76 2.91  -  -  0.00
Trigger  1.66 2.75  -  -  0.00
PU  4.89 8.07  -  -  6.17
JES  1.93 3.19  -  -  15.18
JER  2.38 3.92  -  -  0.00
Uncl  3.02 4.99  -  -  0.00
BEff  1.68 2.77  -  -  0.00
BMiss  2.14 3.54  -  -  0.00
JMS  2.38 3.92  -  -  0.00
JMR  1.07 1.76  -  -  0.00
Tau21 4.62  7.62 -  -  7.21
MCNorm 9.31  15.37 -  -  -
Fake 11.83  -  30.00 - -
CF 0.00  -  -  -nan -
Total Systematic 18.02 22.45  30.00  -nan  18.99

Total Background	0.217
- Prompt	0.132
- Fake	0.086
- CF	0.000

####### Result #######
Signal Eff	0.000061
0.217446 1.619384
0.193314 1.545830
