
Processing HNMuMu_300.C...
[AnalysisInputs::SetMCSF] Get MC SF from /home/jskim/Documents/trilepton_13TeV/DiLepton/data/v8-0-7.32/MCSF.txt
[AnalysisInputs::SetMCSF] sample : VVV
[AnalysisInputs::SetMCSF] => MCSF = 1, MCSF_err = 0.5
[AnalysisInputs::SetMCSF] sample : WWW
[AnalysisInputs::SetMCSF] => MCSF = 1, MCSF_err = 0.5
[AnalysisInputs::SetMCSF] sample : WWZ
[AnalysisInputs::SetMCSF] => MCSF = 1, MCSF_err = 0.5
[AnalysisInputs::SetMCSF] sample : WZZ
[AnalysisInputs::SetMCSF] => MCSF = 1, MCSF_err = 0.5
[AnalysisInputs::SetMCSF] sample : ZZZ
[AnalysisInputs::SetMCSF] => MCSF = 1, MCSF_err = 0.5
[AnalysisInputs::SetMCSF] sample : ttV
[AnalysisInputs::SetMCSF] => MCSF = 1, MCSF_err = 0.5
[AnalysisInputs::SetMCSF] sample : ttW
[AnalysisInputs::SetMCSF] => MCSF = 1, MCSF_err = 0.5
[AnalysisInputs::SetMCSF] sample : ttZ
[AnalysisInputs::SetMCSF] => MCSF = 1, MCSF_err = 0.5
[AnalysisInputs::SetMCSF] sample : ttH_nonbb
[AnalysisInputs::SetMCSF] => MCSF = 1, MCSF_err = 0.5
[AnalysisInputs::SetMCSF] sample : top
[AnalysisInputs::SetMCSF] => MCSF = 1, MCSF_err = 0.5
[AnalysisInputs::SetMCSF] sample : WZTo3LNu_powheg
[AnalysisInputs::SetMCSF] => MCSF = 0.988021, MCSF_err = 0.0652167
[AnalysisInputs::SetMCSF] sample : ZGto2LG
[AnalysisInputs::SetMCSF] => MCSF = 0.83069, MCSF_err = 0.174719
[AnalysisInputs::SetMCSF] sample : ZZTo4L_powheg
[AnalysisInputs::SetMCSF] => MCSF = 0.94117, MCSF_err = 0.105665
[AnalysisInputs::SetMCSF] sample : ggZZto2e2mu
[AnalysisInputs::SetMCSF] => MCSF = 0.94117, MCSF_err = 0.105665
[AnalysisInputs::SetMCSF] sample : ggZZto2e2nu
[AnalysisInputs::SetMCSF] => MCSF = 0.94117, MCSF_err = 0.105665
[AnalysisInputs::SetMCSF] sample : ggZZto2e2tau
[AnalysisInputs::SetMCSF] => MCSF = 0.94117, MCSF_err = 0.105665
[AnalysisInputs::SetMCSF] sample : ggZZto2mu2nu
[AnalysisInputs::SetMCSF] => MCSF = 0.94117, MCSF_err = 0.105665
[AnalysisInputs::SetMCSF] sample : ggZZto2mu2tau
[AnalysisInputs::SetMCSF] => MCSF = 0.94117, MCSF_err = 0.105665
[AnalysisInputs::SetMCSF] sample : ggZZto4e
[AnalysisInputs::SetMCSF] => MCSF = 0.94117, MCSF_err = 0.105665
[AnalysisInputs::SetMCSF] sample : ggZZto4mu
[AnalysisInputs::SetMCSF] => MCSF = 0.94117, MCSF_err = 0.105665
[AnalysisInputs::SetMCSF] sample : ggZZto4tau
[AnalysisInputs::SetMCSF] => MCSF = 0.94117, MCSF_err = 0.105665
[AnalysisInputs::SetCalculatedSysts] Get Systematics from /home/jskim/Documents/trilepton_13TeV/DiLepton/data/v8-0-7.32/Syst.txt
[AnalysisInputs::SetCalculatedSysts] source : Luminosity
[AnalysisInputs::SetCalculatedSysts] => % sysematic = 0.025
[AnalysisInputs::SetCalculatedSysts] source : FakeLooseID
[AnalysisInputs::SetCalculatedSysts] => % sysematic = 0.3
[AnalysisInputs::SetCalculatedSysts] source : ChrageFlipSyst
[AnalysisInputs::SetCalculatedSysts] => % sysematic = 0.21
[CutRangeInfo::ReadCutCard] Get Cutcard from /home/jskim/Documents/trilepton_13TeV/DiLepton/data/v8-0-7.32/CutOpCard/UseNonSkim/OPTIMIZED_171021_MuMu_HighMass/HNMuMu_300.txt
Central	6.36951	0.438838	0
_MuonEn_up	6.71294	0.438838	0
_MuonEn_down	5.88231	0.438838	0
_MuonIDSF_up	6.40791	0.438838	0
_MuonIDSF_down	6.39535	0.438838	0
_ElectronEn_up	6.30456	0.438838	0
_ElectronEn_down	6.48205	0.438838	0
_ElectronIDSF_up	6.39888	0.438838	0
_ElectronIDSF_down	6.40251	0.438838	0
_TriggerSF_up	6.40284	0.438838	0
_TriggerSF_down	6.36585	0.438838	0
_PU_up	6.59414	0.438838	0
_PU_down	6.212	0.438838	0
_JetEn_up	7.28446	0.438838	0
_JetEn_down	7.38512	0.438838	0
_JetRes_up	6.38802	0.438838	0
_JetRes_down	6.30279	0.438838	0
_Unclustered_up	7.35505	0.438838	0
_Unclustered_down	6.45144	0.438838	0
_BTagSFEff_up	6.32093	0.438838	0
_BTagSFEff_down	6.41229	0.438838	0
_BTagSFMiss_up	6.43657	0.438838	0
_BTagSFMiss_down	6.41021	0.438838	0
_JetMass_up	6.39229	0.438838	0
_JetMass_down	6.40648	0.438838	0
_JetMassRes_up	6.32651	0.438838	0
_JetMassRes_down	6.40321	0.438838	0

################ Sources ################
Source	SystTotal	SystPrompt	SystFake	Signal
Stat 8.51 8.79  34.08  -nan  1.10
Lumi 2.34  2.50 -  -  2.50
PDF  -  -  -  -  2.50
MuonPt  6.19 6.62  -  -  4.64
MuonID  0.48 0.51  -  -  0.06
ElectronE  1.35 1.44  -  -  0.05
ElectronID  0.46 0.49  -  -  0.08
Trigger  0.35 0.37  -  -  0.10
PU  2.85 3.05  -  -  0.85
JES  14.20 15.18  -  -  1.45
JER  0.72 0.77  -  -  0.44
Uncl  10.27 10.98  -  -  1.06
BEff  0.67 0.72  -  -  0.28
BMiss  0.81 0.87  -  -  0.69
JMS  0.45 0.48  -  -  0.10
JMR  0.57 0.61  -  -  0.09
MCNorm 11.36  12.15 -  -  -
Fake 1.93  -  30.00 - -
CF 0.00  -  -  -nan -
Total Systematic 22.28 23.73  30.00  -nan  6.22

Total Background	6.808
- Prompt	6.370
- Fake	0.439
- CF	0.000

####### Result #######
Signal Eff	0.185247
6.808347 1.239
4.368 1.063
