
Processing HNMuMu_500.C...
[AnalysisInputs::SetMCSF] Get MC SF from /home/jskim/Documents/trilepton_13TeV/DiLepton/data/v8-0-7.32/MCSF.txt
[AnalysisInputs::SetMCSF] sample : VVV
[AnalysisInputs::SetMCSF] => MCSF = 1, MCSF_err = 0.5
[AnalysisInputs::SetMCSF] sample : WWW
[AnalysisInputs::SetMCSF] => MCSF = 1, MCSF_err = 0.5
[AnalysisInputs::SetMCSF] sample : WWZ
[AnalysisInputs::SetMCSF] => MCSF = 1, MCSF_err = 0.5
[AnalysisInputs::SetMCSF] sample : WZZ
[AnalysisInputs::SetMCSF] => MCSF = 1, MCSF_err = 0.5
[AnalysisInputs::SetMCSF] sample : ZZZ
[AnalysisInputs::SetMCSF] => MCSF = 1, MCSF_err = 0.5
[AnalysisInputs::SetMCSF] sample : ttV
[AnalysisInputs::SetMCSF] => MCSF = 1, MCSF_err = 0.5
[AnalysisInputs::SetMCSF] sample : ttW
[AnalysisInputs::SetMCSF] => MCSF = 1, MCSF_err = 0.5
[AnalysisInputs::SetMCSF] sample : ttZ
[AnalysisInputs::SetMCSF] => MCSF = 1, MCSF_err = 0.5
[AnalysisInputs::SetMCSF] sample : ttH_nonbb
[AnalysisInputs::SetMCSF] => MCSF = 1, MCSF_err = 0.5
[AnalysisInputs::SetMCSF] sample : top
[AnalysisInputs::SetMCSF] => MCSF = 1, MCSF_err = 0.5
[AnalysisInputs::SetMCSF] sample : WZTo3LNu_powheg
[AnalysisInputs::SetMCSF] => MCSF = 0.97632, MCSF_err = 0.0642635
[AnalysisInputs::SetMCSF] sample : ZGto2LG
[AnalysisInputs::SetMCSF] => MCSF = 0.824475, MCSF_err = 0.168893
[AnalysisInputs::SetMCSF] sample : ZZTo4L_powheg
[AnalysisInputs::SetMCSF] => MCSF = 0.92677, MCSF_err = 0.0987057
[AnalysisInputs::SetMCSF] sample : ggZZto2e2mu
[AnalysisInputs::SetMCSF] => MCSF = 0.92677, MCSF_err = 0.0987057
[AnalysisInputs::SetMCSF] sample : ggZZto2e2nu
[AnalysisInputs::SetMCSF] => MCSF = 0.92677, MCSF_err = 0.0987057
[AnalysisInputs::SetMCSF] sample : ggZZto2e2tau
[AnalysisInputs::SetMCSF] => MCSF = 0.92677, MCSF_err = 0.0987057
[AnalysisInputs::SetMCSF] sample : ggZZto2mu2nu
[AnalysisInputs::SetMCSF] => MCSF = 0.92677, MCSF_err = 0.0987057
[AnalysisInputs::SetMCSF] sample : ggZZto2mu2tau
[AnalysisInputs::SetMCSF] => MCSF = 0.92677, MCSF_err = 0.0987057
[AnalysisInputs::SetMCSF] sample : ggZZto4e
[AnalysisInputs::SetMCSF] => MCSF = 0.92677, MCSF_err = 0.0987057
[AnalysisInputs::SetMCSF] sample : ggZZto4mu
[AnalysisInputs::SetMCSF] => MCSF = 0.92677, MCSF_err = 0.0987057
[AnalysisInputs::SetMCSF] sample : ggZZto4tau
[AnalysisInputs::SetMCSF] => MCSF = 0.92677, MCSF_err = 0.0987057
[AnalysisInputs::SetCalculatedSysts] Get Systematics from /home/jskim/Documents/trilepton_13TeV/DiLepton/data/v8-0-7.32/Syst.txt
[AnalysisInputs::SetCalculatedSysts] source : Luminosity
[AnalysisInputs::SetCalculatedSysts] => % sysematic = 0.025
[AnalysisInputs::SetCalculatedSysts] source : FakeLooseID
[AnalysisInputs::SetCalculatedSysts] => % sysematic = 0.3
[AnalysisInputs::SetCalculatedSysts] source : ChrageFlipSyst
[AnalysisInputs::SetCalculatedSysts] => % sysematic = 0.21
[CutRangeInfo::ReadCutCard] Get Cutcard from /home/jskim/Documents/trilepton_13TeV/DiLepton/data/v8-0-7.32/CutOpCard/OPTIMIZED_171021_MuMu_HighMass/HNMuMu_500.txt
Central	2.00891	0	0
_MuonEn_up	2.33573	0	0
_MuonEn_down	1.70558	0	0
_MuonIDSF_up	1.89407	0	0
_MuonIDSF_down	1.96977	0	0
_ElectronEn_up	1.89363	0	0
_ElectronEn_down	1.96636	0	0
_ElectronIDSF_up	1.97066	0	0
_ElectronIDSF_down	1.97151	0	0
_TriggerSF_up	1.96135	0	0
_TriggerSF_down	1.95498	0	0
_PU_up	1.96802	0	0
_PU_down	1.89891	0	0
_JetEn_up	2.96641	0	0
_JetEn_down	2.93829	0	0
_JetRes_up	2.01974	0	0
_JetRes_down	1.96912	0	0
_Unclustered_up	2.90793	0	0
_Unclustered_down	2.00816	0	0
_BTagSFEff_up	1.95296	0	0
_BTagSFEff_down	1.97774	0	0
_BTagSFMiss_up	1.96556	0	0
_BTagSFMiss_down	1.9793	0	0

################ Sources ################
Source	SystTotal	SystPrompt	SystFake	Signal
Stat 15.92 15.92  -nan  -nan  1.52
Lumi 2.50  2.50 -  -  2.50
PDF  -  -  -  -  3.00
MuonPt  15.69 15.69  -  -  5.15
MuonID  4.27 4.27  -  -  0.24
ElectronE  4.33 4.33  -  -  0.17
ElectronID  1.88 1.88  -  -  0.17
Trigger  2.53 2.53  -  -  0.19
PU  4.13 4.13  -  -  0.23
JES  46.97 46.97  -  -  0.84
JER  1.45 1.45  -  -  0.39
Uncl  31.64 31.64  -  -  0.33
BEff  2.25 2.25  -  -  0.38
BMiss  1.85 1.85  -  -  0.64
MCNorm 8.99  8.99 -  -  -
Fake 0.00  -  -nan - -
CF 0.00  -  -  -nan -
Total Systematic 60.13 60.13  -nan  -nan  6.60

Total Background	2.009
- Prompt	2.009
- Fake	0.000
- CF	0.000

####### Result #######
2.009 1.622
0.401 1.068
