
Processing HNMuMu_1500.C...
[AnalysisInputs::SetMCSF] Get MC SF from /home/jskim/Documents/trilepton_13TeV/DiLepton/data/v8-0-7.32/MCSF.txt
[AnalysisInputs::SetMCSF] sample : VVV
[AnalysisInputs::SetMCSF] => MCSF = 1, MCSF_err = 0.5
[AnalysisInputs::SetMCSF] sample : WWW
[AnalysisInputs::SetMCSF] => MCSF = 1, MCSF_err = 0.5
[AnalysisInputs::SetMCSF] sample : WWZ
[AnalysisInputs::SetMCSF] => MCSF = 1, MCSF_err = 0.5
[AnalysisInputs::SetMCSF] sample : WZZ
[AnalysisInputs::SetMCSF] => MCSF = 1, MCSF_err = 0.5
[AnalysisInputs::SetMCSF] sample : ZZZ
[AnalysisInputs::SetMCSF] => MCSF = 1, MCSF_err = 0.5
[AnalysisInputs::SetMCSF] sample : ttV
[AnalysisInputs::SetMCSF] => MCSF = 1, MCSF_err = 0.5
[AnalysisInputs::SetMCSF] sample : ttW
[AnalysisInputs::SetMCSF] => MCSF = 1, MCSF_err = 0.5
[AnalysisInputs::SetMCSF] sample : ttZ
[AnalysisInputs::SetMCSF] => MCSF = 1, MCSF_err = 0.5
[AnalysisInputs::SetMCSF] sample : ttH_nonbb
[AnalysisInputs::SetMCSF] => MCSF = 1, MCSF_err = 0.5
[AnalysisInputs::SetMCSF] sample : top
[AnalysisInputs::SetMCSF] => MCSF = 1, MCSF_err = 0.5
[AnalysisInputs::SetMCSF] sample : WZTo3LNu_powheg
[AnalysisInputs::SetMCSF] => MCSF = 0.97632, MCSF_err = 0.0642635
[AnalysisInputs::SetMCSF] sample : ZGto2LG
[AnalysisInputs::SetMCSF] => MCSF = 0.824475, MCSF_err = 0.168893
[AnalysisInputs::SetMCSF] sample : ZZTo4L_powheg
[AnalysisInputs::SetMCSF] => MCSF = 0.92677, MCSF_err = 0.0987057
[AnalysisInputs::SetMCSF] sample : ggZZto2e2mu
[AnalysisInputs::SetMCSF] => MCSF = 0.92677, MCSF_err = 0.0987057
[AnalysisInputs::SetMCSF] sample : ggZZto2e2nu
[AnalysisInputs::SetMCSF] => MCSF = 0.92677, MCSF_err = 0.0987057
[AnalysisInputs::SetMCSF] sample : ggZZto2e2tau
[AnalysisInputs::SetMCSF] => MCSF = 0.92677, MCSF_err = 0.0987057
[AnalysisInputs::SetMCSF] sample : ggZZto2mu2nu
[AnalysisInputs::SetMCSF] => MCSF = 0.92677, MCSF_err = 0.0987057
[AnalysisInputs::SetMCSF] sample : ggZZto2mu2tau
[AnalysisInputs::SetMCSF] => MCSF = 0.92677, MCSF_err = 0.0987057
[AnalysisInputs::SetMCSF] sample : ggZZto4e
[AnalysisInputs::SetMCSF] => MCSF = 0.92677, MCSF_err = 0.0987057
[AnalysisInputs::SetMCSF] sample : ggZZto4mu
[AnalysisInputs::SetMCSF] => MCSF = 0.92677, MCSF_err = 0.0987057
[AnalysisInputs::SetMCSF] sample : ggZZto4tau
[AnalysisInputs::SetMCSF] => MCSF = 0.92677, MCSF_err = 0.0987057
[AnalysisInputs::SetCalculatedSysts] Get Systematics from /home/jskim/Documents/trilepton_13TeV/DiLepton/data/v8-0-7.32/Syst.txt
[AnalysisInputs::SetCalculatedSysts] source : Luminosity
[AnalysisInputs::SetCalculatedSysts] => % sysematic = 0.025
[AnalysisInputs::SetCalculatedSysts] source : FakeLooseID
[AnalysisInputs::SetCalculatedSysts] => % sysematic = 0.3
[AnalysisInputs::SetCalculatedSysts] source : ChrageFlipSyst
[AnalysisInputs::SetCalculatedSysts] => % sysematic = 0.21
[CutRangeInfo::ReadCutCard] Get Cutcard from /home/jskim/Documents/trilepton_13TeV/DiLepton/data/v8-0-7.32/CutOpCard/OPTIMIZED_171021_MuMu_HighMass/HNMuMu_1500.txt
Central	1.23774	0	0
_MuonEn_up	1.36583	0	0
_MuonEn_down	1.14312	0	0
_MuonIDSF_up	1.12057	0	0
_MuonIDSF_down	1.19895	0	0
_ElectronEn_up	1.21063	0	0
_ElectronEn_down	1.19535	0	0
_ElectronIDSF_up	1.20007	0	0
_ElectronIDSF_down	1.20025	0	0
_TriggerSF_up	1.19279	0	0
_TriggerSF_down	1.19098	0	0
_PU_up	1.20386	0	0
_PU_down	1.1978	0	0
_JetEn_up	1.19654	0	0
_JetEn_down	1.22207	0	0
_JetRes_up	1.20998	0	0
_JetRes_down	1.193	0	0
_Unclustered_up	1.11903	0	0
_Unclustered_down	1.1948	0	0
_BTagSFEff_up	1.18469	0	0
_BTagSFEff_down	1.19153	0	0
_BTagSFMiss_up	1.19785	0	0
_BTagSFMiss_down	1.20657	0	0

################ Sources ################
Source	SystTotal	SystPrompt	SystFake	Signal
Stat 19.87 19.87  -nan  -nan  2.13
Lumi 2.50  2.50 -  -  2.50
PDF  -  -  -  -  3.00
MuonPt  9.10 9.10  -  -  4.36
MuonID  7.05 7.05  -  -  0.33
ElectronE  2.87 2.87  -  -  0.22
ElectronID  3.04 3.04  -  -  0.34
Trigger  3.71 3.71  -  -  0.19
PU  2.99 2.99  -  -  0.22
JES  2.52 2.52  -  -  3.80
JER  3.01 3.01  -  -  1.34
Uncl  7.21 7.21  -  -  1.30
BEff  4.02 4.02  -  -  0.56
BMiss  2.89 2.89  -  -  0.75
MCNorm 9.46  9.46 -  -  -
Fake 0.00  -  -nan - -
CF 0.00  -  -  -nan -
Total Systematic 18.98 18.98  -nan  -nan  7.31

Total Background	1.238
- Prompt	1.238
- Fake	0.000
- CF	0.000

####### Result #######
1.238 1.275
0.001 1.076
