
Processing HNMuMu_1400.C...
[AnalysisInputs::SetMCSF] Get MC SF from /home/jskim/Documents/trilepton_13TeV/DiLepton/data/v8-0-7.32/MCSF.txt
[AnalysisInputs::SetMCSF] sample : VVV
[AnalysisInputs::SetMCSF] => MCSF = 1, MCSF_err = 0.5
[AnalysisInputs::SetMCSF] sample : WWW
[AnalysisInputs::SetMCSF] => MCSF = 1, MCSF_err = 0.5
[AnalysisInputs::SetMCSF] sample : WWZ
[AnalysisInputs::SetMCSF] => MCSF = 1, MCSF_err = 0.5
[AnalysisInputs::SetMCSF] sample : WZZ
[AnalysisInputs::SetMCSF] => MCSF = 1, MCSF_err = 0.5
[AnalysisInputs::SetMCSF] sample : ZZZ
[AnalysisInputs::SetMCSF] => MCSF = 1, MCSF_err = 0.5
[AnalysisInputs::SetMCSF] sample : ttV
[AnalysisInputs::SetMCSF] => MCSF = 1, MCSF_err = 0.5
[AnalysisInputs::SetMCSF] sample : ttW
[AnalysisInputs::SetMCSF] => MCSF = 1, MCSF_err = 0.5
[AnalysisInputs::SetMCSF] sample : ttZ
[AnalysisInputs::SetMCSF] => MCSF = 1, MCSF_err = 0.5
[AnalysisInputs::SetMCSF] sample : ttH_nonbb
[AnalysisInputs::SetMCSF] => MCSF = 1, MCSF_err = 0.5
[AnalysisInputs::SetMCSF] sample : top
[AnalysisInputs::SetMCSF] => MCSF = 1, MCSF_err = 0.5
[AnalysisInputs::SetMCSF] sample : WZTo3LNu_powheg
[AnalysisInputs::SetMCSF] => MCSF = 0.988021, MCSF_err = 0.0652167
[AnalysisInputs::SetMCSF] sample : ZGto2LG
[AnalysisInputs::SetMCSF] => MCSF = 0.83069, MCSF_err = 0.174719
[AnalysisInputs::SetMCSF] sample : ZZTo4L_powheg
[AnalysisInputs::SetMCSF] => MCSF = 0.94117, MCSF_err = 0.105665
[AnalysisInputs::SetMCSF] sample : ggZZto2e2mu
[AnalysisInputs::SetMCSF] => MCSF = 0.94117, MCSF_err = 0.105665
[AnalysisInputs::SetMCSF] sample : ggZZto2e2nu
[AnalysisInputs::SetMCSF] => MCSF = 0.94117, MCSF_err = 0.105665
[AnalysisInputs::SetMCSF] sample : ggZZto2e2tau
[AnalysisInputs::SetMCSF] => MCSF = 0.94117, MCSF_err = 0.105665
[AnalysisInputs::SetMCSF] sample : ggZZto2mu2nu
[AnalysisInputs::SetMCSF] => MCSF = 0.94117, MCSF_err = 0.105665
[AnalysisInputs::SetMCSF] sample : ggZZto2mu2tau
[AnalysisInputs::SetMCSF] => MCSF = 0.94117, MCSF_err = 0.105665
[AnalysisInputs::SetMCSF] sample : ggZZto4e
[AnalysisInputs::SetMCSF] => MCSF = 0.94117, MCSF_err = 0.105665
[AnalysisInputs::SetMCSF] sample : ggZZto4mu
[AnalysisInputs::SetMCSF] => MCSF = 0.94117, MCSF_err = 0.105665
[AnalysisInputs::SetMCSF] sample : ggZZto4tau
[AnalysisInputs::SetMCSF] => MCSF = 0.94117, MCSF_err = 0.105665
[AnalysisInputs::SetCalculatedSysts] Get Systematics from /home/jskim/Documents/trilepton_13TeV/DiLepton/data/v8-0-7.32/Syst.txt
[AnalysisInputs::SetCalculatedSysts] source : Luminosity
[AnalysisInputs::SetCalculatedSysts] => % sysematic = 0.025
[AnalysisInputs::SetCalculatedSysts] source : FakeLooseID
[AnalysisInputs::SetCalculatedSysts] => % sysematic = 0.3
[AnalysisInputs::SetCalculatedSysts] source : ChrageFlipSyst
[AnalysisInputs::SetCalculatedSysts] => % sysematic = 0.21
[CutRangeInfo::ReadCutCard] Get Cutcard from /home/jskim/Documents/trilepton_13TeV/DiLepton/data/v8-0-7.32/CutOpCard/UseNonSkim/OPTIMIZED_171021_MuMu_HighMass/HNMuMu_1400.txt
Central	0.847651	0	0
_MuonEn_up	0.998413	0	0
_MuonEn_down	0.766709	0	0
_MuonIDSF_up	0.84792	0	0
_MuonIDSF_down	0.84842	0	0
_ElectronEn_up	0.842519	0	0
_ElectronEn_down	0.845366	0	0
_ElectronIDSF_up	0.842135	0	0
_ElectronIDSF_down	0.846686	0	0
_TriggerSF_up	0.849596	0	0
_TriggerSF_down	0.848427	0	0
_PU_up	0.875335	0	0
_PU_down	0.824392	0	0
_JetEn_up	0.943697	0	0
_JetEn_down	0.938345	0	0
_JetRes_up	0.848899	0	0
_JetRes_down	0.845913	0	0
_Unclustered_up	0.855683	0	0
_Unclustered_down	0.857697	0	0
_BTagSFEff_up	0.837938	0	0
_BTagSFEff_down	0.837636	0	0
_BTagSFMiss_up	0.848814	0	0
_BTagSFMiss_down	0.8449	0	0
_JetMass_up	0.850426	0	0
_JetMass_down	0.840923	0	0
_JetMassRes_up	0.856306	0	0
_JetMassRes_down	0.841195	0	0

################ Sources ################
Source	SystTotal	SystPrompt	SystFake	Signal
Stat 22.97 22.97  -nan  -nan  2.30
Lumi 2.50  2.50 -  -  2.50
PDF  -  -  -  -  2.50
MuonPt  14.27 14.27  -  -  3.67
MuonID  0.07 0.07  -  -  0.05
ElectronE  0.47 0.47  -  -  0.13
ElectronID  0.47 0.47  -  -  0.28
Trigger  0.17 0.17  -  -  0.09
PU  3.02 3.02  -  -  0.30
JES  11.02 11.02  -  -  2.08
JER  0.18 0.18  -  -  0.53
Uncl  1.07 1.07  -  -  0.39
BEff  1.16 1.16  -  -  0.43
BMiss  0.25 0.25  -  -  0.82
JMS  0.61 0.61  -  -  0.48
JMR  0.90 0.90  -  -  0.44
MCNorm 12.02  12.02 -  -  -
Fake 0.00  -  -nan - -
CF 0.00  -  -  -nan -
Total Systematic 22.12 22.12  -nan  -nan  5.67

Total Background	0.848
- Prompt	0.848
- Fake	0.000
- CF	0.000

####### Result #######
Signal Eff	0.053820
0.847651 1.319
0.002 1.061
