
Processing HNMuMu_600.C...
[AnalysisInputs::SetMCSF] Get MC SF from /home/jskim/Documents/trilepton_13TeV/DiLepton/data/v8-0-7.32/MCSF.txt
[AnalysisInputs::SetMCSF] sample : VVV
[AnalysisInputs::SetMCSF] => MCSF = 1, MCSF_err = 0.5
[AnalysisInputs::SetMCSF] sample : WWW
[AnalysisInputs::SetMCSF] => MCSF = 1, MCSF_err = 0.5
[AnalysisInputs::SetMCSF] sample : WWZ
[AnalysisInputs::SetMCSF] => MCSF = 1, MCSF_err = 0.5
[AnalysisInputs::SetMCSF] sample : WZZ
[AnalysisInputs::SetMCSF] => MCSF = 1, MCSF_err = 0.5
[AnalysisInputs::SetMCSF] sample : ZZZ
[AnalysisInputs::SetMCSF] => MCSF = 1, MCSF_err = 0.5
[AnalysisInputs::SetMCSF] sample : ttV
[AnalysisInputs::SetMCSF] => MCSF = 1, MCSF_err = 0.5
[AnalysisInputs::SetMCSF] sample : ttW
[AnalysisInputs::SetMCSF] => MCSF = 1, MCSF_err = 0.5
[AnalysisInputs::SetMCSF] sample : ttZ
[AnalysisInputs::SetMCSF] => MCSF = 1, MCSF_err = 0.5
[AnalysisInputs::SetMCSF] sample : ttH_nonbb
[AnalysisInputs::SetMCSF] => MCSF = 1, MCSF_err = 0.5
[AnalysisInputs::SetMCSF] sample : top
[AnalysisInputs::SetMCSF] => MCSF = 1, MCSF_err = 0.5
[AnalysisInputs::SetMCSF] sample : WZTo3LNu_powheg
[AnalysisInputs::SetMCSF] => MCSF = 0.97632, MCSF_err = 0.0642635
[AnalysisInputs::SetMCSF] sample : ZGto2LG
[AnalysisInputs::SetMCSF] => MCSF = 0.824475, MCSF_err = 0.168893
[AnalysisInputs::SetMCSF] sample : ZZTo4L_powheg
[AnalysisInputs::SetMCSF] => MCSF = 0.92677, MCSF_err = 0.0987057
[AnalysisInputs::SetMCSF] sample : ggZZto2e2mu
[AnalysisInputs::SetMCSF] => MCSF = 0.92677, MCSF_err = 0.0987057
[AnalysisInputs::SetMCSF] sample : ggZZto2e2nu
[AnalysisInputs::SetMCSF] => MCSF = 0.92677, MCSF_err = 0.0987057
[AnalysisInputs::SetMCSF] sample : ggZZto2e2tau
[AnalysisInputs::SetMCSF] => MCSF = 0.92677, MCSF_err = 0.0987057
[AnalysisInputs::SetMCSF] sample : ggZZto2mu2nu
[AnalysisInputs::SetMCSF] => MCSF = 0.92677, MCSF_err = 0.0987057
[AnalysisInputs::SetMCSF] sample : ggZZto2mu2tau
[AnalysisInputs::SetMCSF] => MCSF = 0.92677, MCSF_err = 0.0987057
[AnalysisInputs::SetMCSF] sample : ggZZto4e
[AnalysisInputs::SetMCSF] => MCSF = 0.92677, MCSF_err = 0.0987057
[AnalysisInputs::SetMCSF] sample : ggZZto4mu
[AnalysisInputs::SetMCSF] => MCSF = 0.92677, MCSF_err = 0.0987057
[AnalysisInputs::SetMCSF] sample : ggZZto4tau
[AnalysisInputs::SetMCSF] => MCSF = 0.92677, MCSF_err = 0.0987057
[AnalysisInputs::SetCalculatedSysts] Get Systematics from /home/jskim/Documents/trilepton_13TeV/DiLepton/data/v8-0-7.32/Syst.txt
[AnalysisInputs::SetCalculatedSysts] source : Luminosity
[AnalysisInputs::SetCalculatedSysts] => % sysematic = 0.025
[AnalysisInputs::SetCalculatedSysts] source : FakeLooseID
[AnalysisInputs::SetCalculatedSysts] => % sysematic = 0.3
[AnalysisInputs::SetCalculatedSysts] source : ChrageFlipSyst
[AnalysisInputs::SetCalculatedSysts] => % sysematic = 0.21
[CutRangeInfo::ReadCutCard] Get Cutcard from /home/jskim/Documents/trilepton_13TeV/DiLepton/data/v8-0-7.32/CutOpCard/OPTIMIZED_171021_MuMu_HighMass/HNMuMu_600.txt
Central	1.61602	0	0
_MuonEn_up	1.74157	0	0
_MuonEn_down	1.38238	0	0
_MuonIDSF_up	1.49498	0	0
_MuonIDSF_down	1.57132	0	0
_ElectronEn_up	1.58605	0	0
_ElectronEn_down	1.56971	0	0
_ElectronIDSF_up	1.56804	0	0
_ElectronIDSF_down	1.57203	0	0
_TriggerSF_up	1.56502	0	0
_TriggerSF_down	1.56276	0	0
_PU_up	1.57543	0	0
_PU_down	1.56958	0	0
_JetEn_up	1.6077	0	0
_JetEn_down	1.59961	0	0
_JetRes_up	1.59273	0	0
_JetRes_down	1.56481	0	0
_Unclustered_up	1.5102	0	0
_Unclustered_down	1.58334	0	0
_BTagSFEff_up	1.55646	0	0
_BTagSFEff_down	1.56991	0	0
_BTagSFMiss_up	1.56962	0	0
_BTagSFMiss_down	1.57835	0	0

################ Sources ################
Source	SystTotal	SystPrompt	SystFake	Signal
Stat 16.92 16.92  -nan  -nan  1.47
Lumi 2.50  2.50 -  -  2.50
PDF  -  -  -  -  3.00
MuonPt  11.61 11.61  -  -  3.72
MuonID  5.65 5.65  -  -  0.12
ElectronE  2.41 2.41  -  -  0.24
ElectronID  2.85 2.85  -  -  0.07
Trigger  3.23 3.23  -  -  0.11
PU  2.70 2.70  -  -  0.18
JES  0.81 0.81  -  -  1.49
JER  2.46 2.46  -  -  0.32
Uncl  4.85 4.85  -  -  1.18
BEff  3.30 3.30  -  -  0.31
BMiss  2.62 2.62  -  -  0.41
MCNorm 8.96  8.96 -  -  -
Fake 0.00  -  -nan - -
CF 0.00  -  -  -nan -
Total Systematic 18.24 18.24  -nan  -nan  5.76

Total Background	1.616
- Prompt	1.616
- Fake	0.000
- CF	0.000

####### Result #######
1.616 1.249
0.172 1.059
