
Processing HNMuMu_125.C...
[AnalysisInputs::SetMCSF] Get MC SF from /home/jskim/Documents/trilepton_13TeV/DiLepton/data/v8-0-7.32/MCSF.txt
[AnalysisInputs::SetMCSF] sample : VVV
[AnalysisInputs::SetMCSF] => MCSF = 1, MCSF_err = 0.5
[AnalysisInputs::SetMCSF] sample : WWW
[AnalysisInputs::SetMCSF] => MCSF = 1, MCSF_err = 0.5
[AnalysisInputs::SetMCSF] sample : WWZ
[AnalysisInputs::SetMCSF] => MCSF = 1, MCSF_err = 0.5
[AnalysisInputs::SetMCSF] sample : WZZ
[AnalysisInputs::SetMCSF] => MCSF = 1, MCSF_err = 0.5
[AnalysisInputs::SetMCSF] sample : ZZZ
[AnalysisInputs::SetMCSF] => MCSF = 1, MCSF_err = 0.5
[AnalysisInputs::SetMCSF] sample : ttV
[AnalysisInputs::SetMCSF] => MCSF = 1, MCSF_err = 0.5
[AnalysisInputs::SetMCSF] sample : ttW
[AnalysisInputs::SetMCSF] => MCSF = 1, MCSF_err = 0.5
[AnalysisInputs::SetMCSF] sample : ttZ
[AnalysisInputs::SetMCSF] => MCSF = 1, MCSF_err = 0.5
[AnalysisInputs::SetMCSF] sample : ttH_nonbb
[AnalysisInputs::SetMCSF] => MCSF = 1, MCSF_err = 0.5
[AnalysisInputs::SetMCSF] sample : top
[AnalysisInputs::SetMCSF] => MCSF = 1, MCSF_err = 0.5
[AnalysisInputs::SetMCSF] sample : WZTo3LNu_powheg
[AnalysisInputs::SetMCSF] => MCSF = 0.988021, MCSF_err = 0.0652167
[AnalysisInputs::SetMCSF] sample : ZGto2LG
[AnalysisInputs::SetMCSF] => MCSF = 0.83069, MCSF_err = 0.174719
[AnalysisInputs::SetMCSF] sample : ZZTo4L_powheg
[AnalysisInputs::SetMCSF] => MCSF = 0.94117, MCSF_err = 0.105665
[AnalysisInputs::SetMCSF] sample : ggZZto2e2mu
[AnalysisInputs::SetMCSF] => MCSF = 0.94117, MCSF_err = 0.105665
[AnalysisInputs::SetMCSF] sample : ggZZto2e2nu
[AnalysisInputs::SetMCSF] => MCSF = 0.94117, MCSF_err = 0.105665
[AnalysisInputs::SetMCSF] sample : ggZZto2e2tau
[AnalysisInputs::SetMCSF] => MCSF = 0.94117, MCSF_err = 0.105665
[AnalysisInputs::SetMCSF] sample : ggZZto2mu2nu
[AnalysisInputs::SetMCSF] => MCSF = 0.94117, MCSF_err = 0.105665
[AnalysisInputs::SetMCSF] sample : ggZZto2mu2tau
[AnalysisInputs::SetMCSF] => MCSF = 0.94117, MCSF_err = 0.105665
[AnalysisInputs::SetMCSF] sample : ggZZto4e
[AnalysisInputs::SetMCSF] => MCSF = 0.94117, MCSF_err = 0.105665
[AnalysisInputs::SetMCSF] sample : ggZZto4mu
[AnalysisInputs::SetMCSF] => MCSF = 0.94117, MCSF_err = 0.105665
[AnalysisInputs::SetMCSF] sample : ggZZto4tau
[AnalysisInputs::SetMCSF] => MCSF = 0.94117, MCSF_err = 0.105665
[AnalysisInputs::SetCalculatedSysts] Get Systematics from /home/jskim/Documents/trilepton_13TeV/DiLepton/data/v8-0-7.32/Syst.txt
[AnalysisInputs::SetCalculatedSysts] source : Luminosity
[AnalysisInputs::SetCalculatedSysts] => % sysematic = 0.025
[AnalysisInputs::SetCalculatedSysts] source : FakeLooseID
[AnalysisInputs::SetCalculatedSysts] => % sysematic = 0.3
[AnalysisInputs::SetCalculatedSysts] source : ChrageFlipSyst
[AnalysisInputs::SetCalculatedSysts] => % sysematic = 0.21
[CutRangeInfo::ReadCutCard] Get Cutcard from /home/jskim/Documents/trilepton_13TeV/DiLepton/data/v8-0-7.32/CutOpCard/UseNonSkim/OPTIMIZED_171021_MuMu_HighMass/HNMuMu_125.txt
Central	10.6952	6.60008	0
_MuonEn_up	10.9224	6.60008	0
_MuonEn_down	10.6911	6.60008	0
_MuonIDSF_up	10.6331	6.60008	0
_MuonIDSF_down	10.7159	6.60008	0
_ElectronEn_up	10.7383	6.60008	0
_ElectronEn_down	10.5769	6.60008	0
_ElectronIDSF_up	10.6832	6.60008	0
_ElectronIDSF_down	10.7213	6.60008	0
_TriggerSF_up	11.4395	6.60008	0
_TriggerSF_down	10.6283	6.60008	0
_PU_up	11.0111	6.60008	0
_PU_down	11.0705	6.60008	0
_JetEn_up	12.1703	6.60008	0
_JetEn_down	11.668	6.60008	0
_JetRes_up	10.5548	6.60008	0
_JetRes_down	10.8542	6.60008	0
_Unclustered_up	11.1104	6.60008	0
_Unclustered_down	12.2415	6.60008	0
_BTagSFEff_up	10.6867	6.60008	0
_BTagSFEff_down	11.4702	6.60008	0
_BTagSFMiss_up	10.6259	6.60008	0
_BTagSFMiss_down	10.6886	6.60008	0
_JetMass_up	10.625	6.60008	0
_JetMass_down	10.7091	6.60008	0
_JetMassRes_up	10.7039	6.60008	0
_JetMassRes_down	11.4383	6.60008	0

################ Sources ################
Source	SystTotal	SystPrompt	SystFake	Signal
Stat 5.84 7.20  9.90  -nan  1.85
Lumi 1.55  2.50 -  -  2.50
PDF  -  -  -  -  2.50
MuonPt  0.93 1.50  -  -  0.19
MuonID  0.27 0.43  -  -  0.23
ElectronE  0.51 0.83  -  -  0.08
ElectronID  0.12 0.19  -  -  0.30
Trigger  3.06 4.94  -  -  0.12
PU  2.01 3.24  -  -  2.52
JES  7.22 11.68  -  -  2.26
JER  0.87 1.40  -  -  1.45
Uncl  6.55 10.59  -  -  2.67
BEff  3.17 5.12  -  -  0.15
BMiss  0.28 0.46  -  -  0.46
JMS  0.29 0.47  -  -  0.06
JMR  3.04 4.91  -  -  0.11
MCNorm 7.65  12.38 -  -  -
Fake 11.45  -  30.00 - -
CF 0.00  -  -  -nan -
Total Systematic 17.94 22.34  30.00  -nan  5.80

Total Background	17.295
- Prompt	10.695
- Fake	6.600
- CF	0.000

####### Result #######
Signal Eff	0.072922
17.295247 1.189
54.575 1.061
