
Processing HNMuMu_90.C...
[AnalysisInputs::SetMCSF] Get MC SF from /home/jskim/Documents/trilepton_13TeV/DiLepton/data/v8-0-7.32/MCSF.txt
[AnalysisInputs::SetMCSF] sample : VVV
[AnalysisInputs::SetMCSF] => MCSF = 1, MCSF_err = 0.5
[AnalysisInputs::SetMCSF] sample : WWW
[AnalysisInputs::SetMCSF] => MCSF = 1, MCSF_err = 0.5
[AnalysisInputs::SetMCSF] sample : WWZ
[AnalysisInputs::SetMCSF] => MCSF = 1, MCSF_err = 0.5
[AnalysisInputs::SetMCSF] sample : WZZ
[AnalysisInputs::SetMCSF] => MCSF = 1, MCSF_err = 0.5
[AnalysisInputs::SetMCSF] sample : ZZZ
[AnalysisInputs::SetMCSF] => MCSF = 1, MCSF_err = 0.5
[AnalysisInputs::SetMCSF] sample : ttV
[AnalysisInputs::SetMCSF] => MCSF = 1, MCSF_err = 0.5
[AnalysisInputs::SetMCSF] sample : ttW
[AnalysisInputs::SetMCSF] => MCSF = 1, MCSF_err = 0.5
[AnalysisInputs::SetMCSF] sample : ttZ
[AnalysisInputs::SetMCSF] => MCSF = 1, MCSF_err = 0.5
[AnalysisInputs::SetMCSF] sample : ttH_nonbb
[AnalysisInputs::SetMCSF] => MCSF = 1, MCSF_err = 0.5
[AnalysisInputs::SetMCSF] sample : top
[AnalysisInputs::SetMCSF] => MCSF = 1, MCSF_err = 0.5
[AnalysisInputs::SetMCSF] sample : WZTo3LNu_powheg
[AnalysisInputs::SetMCSF] => MCSF = 0.988021, MCSF_err = 0.0652167
[AnalysisInputs::SetMCSF] sample : ZGto2LG
[AnalysisInputs::SetMCSF] => MCSF = 0.83069, MCSF_err = 0.174719
[AnalysisInputs::SetMCSF] sample : ZZTo4L_powheg
[AnalysisInputs::SetMCSF] => MCSF = 0.94117, MCSF_err = 0.105665
[AnalysisInputs::SetMCSF] sample : ggZZto2e2mu
[AnalysisInputs::SetMCSF] => MCSF = 0.94117, MCSF_err = 0.105665
[AnalysisInputs::SetMCSF] sample : ggZZto2e2nu
[AnalysisInputs::SetMCSF] => MCSF = 0.94117, MCSF_err = 0.105665
[AnalysisInputs::SetMCSF] sample : ggZZto2e2tau
[AnalysisInputs::SetMCSF] => MCSF = 0.94117, MCSF_err = 0.105665
[AnalysisInputs::SetMCSF] sample : ggZZto2mu2nu
[AnalysisInputs::SetMCSF] => MCSF = 0.94117, MCSF_err = 0.105665
[AnalysisInputs::SetMCSF] sample : ggZZto2mu2tau
[AnalysisInputs::SetMCSF] => MCSF = 0.94117, MCSF_err = 0.105665
[AnalysisInputs::SetMCSF] sample : ggZZto4e
[AnalysisInputs::SetMCSF] => MCSF = 0.94117, MCSF_err = 0.105665
[AnalysisInputs::SetMCSF] sample : ggZZto4mu
[AnalysisInputs::SetMCSF] => MCSF = 0.94117, MCSF_err = 0.105665
[AnalysisInputs::SetMCSF] sample : ggZZto4tau
[AnalysisInputs::SetMCSF] => MCSF = 0.94117, MCSF_err = 0.105665
[AnalysisInputs::SetCalculatedSysts] Get Systematics from /home/jskim/Documents/trilepton_13TeV/DiLepton/data/v8-0-7.32/Syst.txt
[AnalysisInputs::SetCalculatedSysts] source : Luminosity
[AnalysisInputs::SetCalculatedSysts] => % sysematic = 0.025
[AnalysisInputs::SetCalculatedSysts] source : FakeLooseID
[AnalysisInputs::SetCalculatedSysts] => % sysematic = 0.3
[AnalysisInputs::SetCalculatedSysts] source : ChrageFlipSyst
[AnalysisInputs::SetCalculatedSysts] => % sysematic = 0.21
[CutRangeInfo::ReadCutCard] Get Cutcard from /home/jskim/Documents/trilepton_13TeV/DiLepton/data/v8-0-7.32/CutOpCard/UseNonSkim/OPTIMIZED_171021_MuMu_HighMass/HNMuMu_90.txt
Central	13.9288	12.3647	0
_MuonEn_up	13.8652	12.3647	0
_MuonEn_down	14.3378	12.3647	0
_MuonIDSF_up	13.8259	12.3647	0
_MuonIDSF_down	13.9266	12.3647	0
_ElectronEn_up	13.8973	12.3647	0
_ElectronEn_down	13.8893	12.3647	0
_ElectronIDSF_up	13.8594	12.3647	0
_ElectronIDSF_down	13.8942	12.3647	0
_TriggerSF_up	13.9394	12.3647	0
_TriggerSF_down	14.0063	12.3647	0
_PU_up	13.2891	12.3647	0
_PU_down	14.4706	12.3647	0
_JetEn_up	15.7901	12.3647	0
_JetEn_down	16.0531	12.3647	0
_JetRes_up	14.937	12.3647	0
_JetRes_down	13.9258	12.3647	0
_Unclustered_up	15.1432	12.3647	0
_Unclustered_down	15.028	12.3647	0
_BTagSFEff_up	13.8781	12.3647	0
_BTagSFEff_down	13.5352	12.3647	0
_BTagSFMiss_up	13.703	12.3647	0
_BTagSFMiss_down	13.9395	12.3647	0
_JetMass_up	13.8357	12.3647	0
_JetMass_down	13.8063	12.3647	0
_JetMassRes_up	13.9605	12.3647	0
_JetMassRes_down	13.9212	12.3647	0

################ Sources ################
Source	SystTotal	SystPrompt	SystFake	Signal
Stat 12.66 22.28  9.74  -nan  5.24
Lumi 1.32  2.50 -  -  2.50
PDF  -  -  -  -  2.50
MuonPt  1.11 2.10  -  -  1.44
MuonID  0.28 0.52  -  -  0.55
ElectronE  0.14 0.26  -  -  0.43
ElectronID  0.21 0.39  -  -  0.44
Trigger  0.21 0.40  -  -  0.64
PU  2.25 4.26  -  -  1.42
JES  7.60 14.34  -  -  2.21
JER  2.71 5.12  -  -  1.40
Uncl  4.40 8.32  -  -  3.08
BEff  1.07 2.01  -  -  0.38
BMiss  0.61 1.15  -  -  0.60
JMS  0.41 0.78  -  -  0.73
JMR  0.09 0.17  -  -  0.40
MCNorm 3.02  5.70 -  -  -
Fake 14.11  -  30.00 - -
CF 0.00  -  -  -nan -
Total Systematic 17.39 19.21  30.00  -nan  5.93

Total Background	26.293
- Prompt	13.929
- Fake	12.365
- CF	0.000

####### Result #######
Signal Eff	0.008983
26.293498 1.215
39.569 1.079
