
Processing HNMuMu_150.C...
[AnalysisInputs::SetMCSF] Get MC SF from /home/jskim/Documents/trilepton_13TeV/DiLepton/data/v8-0-7.32/MCSF.txt
[AnalysisInputs::SetMCSF] sample : VVV
[AnalysisInputs::SetMCSF] => MCSF = 1, MCSF_err = 0.5
[AnalysisInputs::SetMCSF] sample : WWW
[AnalysisInputs::SetMCSF] => MCSF = 1, MCSF_err = 0.5
[AnalysisInputs::SetMCSF] sample : WWZ
[AnalysisInputs::SetMCSF] => MCSF = 1, MCSF_err = 0.5
[AnalysisInputs::SetMCSF] sample : WZZ
[AnalysisInputs::SetMCSF] => MCSF = 1, MCSF_err = 0.5
[AnalysisInputs::SetMCSF] sample : ZZZ
[AnalysisInputs::SetMCSF] => MCSF = 1, MCSF_err = 0.5
[AnalysisInputs::SetMCSF] sample : ttV
[AnalysisInputs::SetMCSF] => MCSF = 1, MCSF_err = 0.5
[AnalysisInputs::SetMCSF] sample : ttW
[AnalysisInputs::SetMCSF] => MCSF = 1, MCSF_err = 0.5
[AnalysisInputs::SetMCSF] sample : ttZ
[AnalysisInputs::SetMCSF] => MCSF = 1, MCSF_err = 0.5
[AnalysisInputs::SetMCSF] sample : ttH_nonbb
[AnalysisInputs::SetMCSF] => MCSF = 1, MCSF_err = 0.5
[AnalysisInputs::SetMCSF] sample : top
[AnalysisInputs::SetMCSF] => MCSF = 1, MCSF_err = 0.5
[AnalysisInputs::SetMCSF] sample : WZTo3LNu_powheg
[AnalysisInputs::SetMCSF] => MCSF = 0.97632, MCSF_err = 0.0642635
[AnalysisInputs::SetMCSF] sample : ZGto2LG
[AnalysisInputs::SetMCSF] => MCSF = 0.824475, MCSF_err = 0.168893
[AnalysisInputs::SetMCSF] sample : ZZTo4L_powheg
[AnalysisInputs::SetMCSF] => MCSF = 0.92677, MCSF_err = 0.0987057
[AnalysisInputs::SetMCSF] sample : ggZZto2e2mu
[AnalysisInputs::SetMCSF] => MCSF = 0.92677, MCSF_err = 0.0987057
[AnalysisInputs::SetMCSF] sample : ggZZto2e2nu
[AnalysisInputs::SetMCSF] => MCSF = 0.92677, MCSF_err = 0.0987057
[AnalysisInputs::SetMCSF] sample : ggZZto2e2tau
[AnalysisInputs::SetMCSF] => MCSF = 0.92677, MCSF_err = 0.0987057
[AnalysisInputs::SetMCSF] sample : ggZZto2mu2nu
[AnalysisInputs::SetMCSF] => MCSF = 0.92677, MCSF_err = 0.0987057
[AnalysisInputs::SetMCSF] sample : ggZZto2mu2tau
[AnalysisInputs::SetMCSF] => MCSF = 0.92677, MCSF_err = 0.0987057
[AnalysisInputs::SetMCSF] sample : ggZZto4e
[AnalysisInputs::SetMCSF] => MCSF = 0.92677, MCSF_err = 0.0987057
[AnalysisInputs::SetMCSF] sample : ggZZto4mu
[AnalysisInputs::SetMCSF] => MCSF = 0.92677, MCSF_err = 0.0987057
[AnalysisInputs::SetMCSF] sample : ggZZto4tau
[AnalysisInputs::SetMCSF] => MCSF = 0.92677, MCSF_err = 0.0987057
[AnalysisInputs::SetCalculatedSysts] Get Systematics from /home/jskim/Documents/trilepton_13TeV/DiLepton/data/v8-0-7.32/Syst.txt
[AnalysisInputs::SetCalculatedSysts] source : Luminosity
[AnalysisInputs::SetCalculatedSysts] => % sysematic = 0.025
[AnalysisInputs::SetCalculatedSysts] source : FakeLooseID
[AnalysisInputs::SetCalculatedSysts] => % sysematic = 0.3
[AnalysisInputs::SetCalculatedSysts] source : ChrageFlipSyst
[AnalysisInputs::SetCalculatedSysts] => % sysematic = 0.21
[CutRangeInfo::ReadCutCard] Get Cutcard from /home/jskim/Documents/trilepton_13TeV/DiLepton/data/v8-0-7.32/CutOpCard/OPTIMIZED_171021_MuMu_HighMass/HNMuMu_150.txt
Central	10.7278	3.71037	0
_MuonEn_up	11.116	3.71037	0
_MuonEn_down	11.0434	3.71037	0
_MuonIDSF_up	10.8317	3.71037	0
_MuonIDSF_down	10.9737	3.71037	0
_ElectronEn_up	10.9115	3.71037	0
_ElectronEn_down	10.9462	3.71037	0
_ElectronIDSF_up	10.8192	3.71037	0
_ElectronIDSF_down	10.9612	3.71037	0
_TriggerSF_up	10.7881	3.71037	0
_TriggerSF_down	10.9294	3.71037	0
_PU_up	10.8716	3.71037	0
_PU_down	10.9016	3.71037	0
_JetEn_up	11.6201	3.71037	0
_JetEn_down	11.3542	3.71037	0
_JetRes_up	10.5605	3.71037	0
_JetRes_down	11.2147	3.71037	0
_Unclustered_up	11.5592	3.71037	0
_Unclustered_down	12.831	3.71037	0
_BTagSFEff_up	10.8981	3.71037	0
_BTagSFEff_down	11.035	3.71037	0
_BTagSFMiss_up	10.7535	3.71037	0
_BTagSFMiss_down	10.9126	3.71037	0

################ Sources ################
Source	SystTotal	SystPrompt	SystFake	Signal
Stat 12.46 16.22  12.31  -nan  1.56
Lumi 1.86  2.50 -  -  2.50
PDF  -  -  -  -  3.00
MuonPt  2.45 3.30  -  -  0.30
MuonID  1.31 1.76  -  -  0.26
ElectronE  1.40 1.88  -  -  0.26
ElectronID  1.23 1.65  -  -  0.19
Trigger  1.03 1.39  -  -  0.21
PU  1.10 1.49  -  -  0.18
JES  5.34 7.19  -  -  1.85
JER  2.52 3.39  -  -  1.43
Uncl  11.08 14.91  -  -  2.42
BEff  1.72 2.31  -  -  0.35
BMiss  0.91 1.23  -  -  0.49
MCNorm 9.27  12.47 -  -  -
Fake 7.71  -  30.00 - -
CF 0.00  -  -  -nan -
Total Systematic 17.99 21.87  30.00  -nan  5.22

Total Background	14.438
- Prompt	10.728
- Fake	3.710
- CF	0.000

####### Result #######
14.438 1.219
34.236 1.055
