
Processing HNMuMu_250.C...
[AnalysisInputs::SetMCSF] Get MC SF from /home/jskim/Documents/trilepton_13TeV/DiLepton/data/v8-0-7.32/MCSF.txt
[AnalysisInputs::SetMCSF] sample : VVV
[AnalysisInputs::SetMCSF] => MCSF = 1, MCSF_err = 0.5
[AnalysisInputs::SetMCSF] sample : WWW
[AnalysisInputs::SetMCSF] => MCSF = 1, MCSF_err = 0.5
[AnalysisInputs::SetMCSF] sample : WWZ
[AnalysisInputs::SetMCSF] => MCSF = 1, MCSF_err = 0.5
[AnalysisInputs::SetMCSF] sample : WZZ
[AnalysisInputs::SetMCSF] => MCSF = 1, MCSF_err = 0.5
[AnalysisInputs::SetMCSF] sample : ZZZ
[AnalysisInputs::SetMCSF] => MCSF = 1, MCSF_err = 0.5
[AnalysisInputs::SetMCSF] sample : ttV
[AnalysisInputs::SetMCSF] => MCSF = 1, MCSF_err = 0.5
[AnalysisInputs::SetMCSF] sample : ttW
[AnalysisInputs::SetMCSF] => MCSF = 1, MCSF_err = 0.5
[AnalysisInputs::SetMCSF] sample : ttZ
[AnalysisInputs::SetMCSF] => MCSF = 1, MCSF_err = 0.5
[AnalysisInputs::SetMCSF] sample : ttH_nonbb
[AnalysisInputs::SetMCSF] => MCSF = 1, MCSF_err = 0.5
[AnalysisInputs::SetMCSF] sample : top
[AnalysisInputs::SetMCSF] => MCSF = 1, MCSF_err = 0.5
[AnalysisInputs::SetMCSF] sample : WZTo3LNu_powheg
[AnalysisInputs::SetMCSF] => MCSF = 0.988021, MCSF_err = 0.0652167
[AnalysisInputs::SetMCSF] sample : ZGto2LG
[AnalysisInputs::SetMCSF] => MCSF = 0.83069, MCSF_err = 0.174719
[AnalysisInputs::SetMCSF] sample : ZZTo4L_powheg
[AnalysisInputs::SetMCSF] => MCSF = 0.94117, MCSF_err = 0.105665
[AnalysisInputs::SetMCSF] sample : ggZZto2e2mu
[AnalysisInputs::SetMCSF] => MCSF = 0.94117, MCSF_err = 0.105665
[AnalysisInputs::SetMCSF] sample : ggZZto2e2nu
[AnalysisInputs::SetMCSF] => MCSF = 0.94117, MCSF_err = 0.105665
[AnalysisInputs::SetMCSF] sample : ggZZto2e2tau
[AnalysisInputs::SetMCSF] => MCSF = 0.94117, MCSF_err = 0.105665
[AnalysisInputs::SetMCSF] sample : ggZZto2mu2nu
[AnalysisInputs::SetMCSF] => MCSF = 0.94117, MCSF_err = 0.105665
[AnalysisInputs::SetMCSF] sample : ggZZto2mu2tau
[AnalysisInputs::SetMCSF] => MCSF = 0.94117, MCSF_err = 0.105665
[AnalysisInputs::SetMCSF] sample : ggZZto4e
[AnalysisInputs::SetMCSF] => MCSF = 0.94117, MCSF_err = 0.105665
[AnalysisInputs::SetMCSF] sample : ggZZto4mu
[AnalysisInputs::SetMCSF] => MCSF = 0.94117, MCSF_err = 0.105665
[AnalysisInputs::SetMCSF] sample : ggZZto4tau
[AnalysisInputs::SetMCSF] => MCSF = 0.94117, MCSF_err = 0.105665
[AnalysisInputs::SetCalculatedSysts] Get Systematics from /home/jskim/Documents/trilepton_13TeV/DiLepton/data/v8-0-7.32/Syst.txt
[AnalysisInputs::SetCalculatedSysts] source : Luminosity
[AnalysisInputs::SetCalculatedSysts] => % sysematic = 0.025
[AnalysisInputs::SetCalculatedSysts] source : FakeLooseID
[AnalysisInputs::SetCalculatedSysts] => % sysematic = 0.3
[AnalysisInputs::SetCalculatedSysts] source : ChrageFlipSyst
[AnalysisInputs::SetCalculatedSysts] => % sysematic = 0.21
[CutRangeInfo::ReadCutCard] Get Cutcard from /home/jskim/Documents/trilepton_13TeV/DiLepton/data/v8-0-7.32/CutOpCard/UseNonSkim/OPTIMIZED_171021_MuMu_HighMass/HNMuMu_250.txt
Central	9.91312	1.2264	0
_MuonEn_up	10.227	1.2264	0
_MuonEn_down	9.9909	1.2264	0
_MuonIDSF_up	9.96035	1.2264	0
_MuonIDSF_down	9.99875	1.2264	0
_ElectronEn_up	9.87464	1.2264	0
_ElectronEn_down	10.0465	1.2264	0
_ElectronIDSF_up	9.97601	1.2264	0
_ElectronIDSF_down	9.97383	1.2264	0
_TriggerSF_up	9.96287	1.2264	0
_TriggerSF_down	9.84356	1.2264	0
_PU_up	10.2765	1.2264	0
_PU_down	9.63907	1.2264	0
_JetEn_up	10.8755	1.2264	0
_JetEn_down	11.1987	1.2264	0
_JetRes_up	9.80309	1.2264	0
_JetRes_down	10.0102	1.2264	0
_Unclustered_up	11.0497	1.2264	0
_Unclustered_down	10.3297	1.2264	0
_BTagSFEff_up	9.85901	1.2264	0
_BTagSFEff_down	9.97023	1.2264	0
_BTagSFMiss_up	9.93999	1.2264	0
_BTagSFMiss_down	9.95308	1.2264	0
_JetMass_up	9.95209	1.2264	0
_JetMass_down	9.96253	1.2264	0
_JetMassRes_up	9.89232	1.2264	0
_JetMassRes_down	9.96087	1.2264	0

################ Sources ################
Source	SystTotal	SystPrompt	SystFake	Signal
Stat 6.60 6.97  20.42  -nan  1.12
Lumi 2.22  2.50 -  -  2.50
PDF  -  -  -  -  2.50
MuonPt  2.05 2.31  -  -  1.95
MuonID  0.62 0.70  -  -  0.21
ElectronE  0.88 0.99  -  -  0.20
ElectronID  0.55 0.62  -  -  0.13
Trigger  0.54 0.61  -  -  0.18
PU  2.89 3.25  -  -  1.00
JES  10.19 11.45  -  -  1.53
JER  0.93 1.05  -  -  0.46
Uncl  7.68 8.63  -  -  1.45
BEff  0.50 0.56  -  -  0.30
BMiss  0.31 0.34  -  -  0.55
JMS  0.40 0.45  -  -  0.08
JMR  0.33 0.37  -  -  0.13
MCNorm 11.41  12.82 -  -  -
Fake 3.30  -  30.00 - -
CF 0.00  -  -  -nan -
Total Systematic 18.02 19.91  30.00  -nan  4.74

Total Background	11.140
- Prompt	9.913
- Fake	1.226
- CF	0.000

####### Result #######
Signal Eff	0.185297
11.139520 1.192
8.568 1.049
