
Processing HNMuMu_400.C...
[AnalysisInputs::SetMCSF] Get MC SF from /home/jskim/Documents/trilepton_13TeV/DiLepton/data/v8-0-7.32/MCSF.txt
[AnalysisInputs::SetMCSF] sample : VVV
[AnalysisInputs::SetMCSF] => MCSF = 1, MCSF_err = 0.5
[AnalysisInputs::SetMCSF] sample : WWW
[AnalysisInputs::SetMCSF] => MCSF = 1, MCSF_err = 0.5
[AnalysisInputs::SetMCSF] sample : WWZ
[AnalysisInputs::SetMCSF] => MCSF = 1, MCSF_err = 0.5
[AnalysisInputs::SetMCSF] sample : WZZ
[AnalysisInputs::SetMCSF] => MCSF = 1, MCSF_err = 0.5
[AnalysisInputs::SetMCSF] sample : ZZZ
[AnalysisInputs::SetMCSF] => MCSF = 1, MCSF_err = 0.5
[AnalysisInputs::SetMCSF] sample : ttV
[AnalysisInputs::SetMCSF] => MCSF = 1, MCSF_err = 0.5
[AnalysisInputs::SetMCSF] sample : ttW
[AnalysisInputs::SetMCSF] => MCSF = 1, MCSF_err = 0.5
[AnalysisInputs::SetMCSF] sample : ttZ
[AnalysisInputs::SetMCSF] => MCSF = 1, MCSF_err = 0.5
[AnalysisInputs::SetMCSF] sample : ttH_nonbb
[AnalysisInputs::SetMCSF] => MCSF = 1, MCSF_err = 0.5
[AnalysisInputs::SetMCSF] sample : top
[AnalysisInputs::SetMCSF] => MCSF = 1, MCSF_err = 0.5
[AnalysisInputs::SetMCSF] sample : WZTo3LNu_powheg
[AnalysisInputs::SetMCSF] => MCSF = 0.97632, MCSF_err = 0.0642635
[AnalysisInputs::SetMCSF] sample : ZGto2LG
[AnalysisInputs::SetMCSF] => MCSF = 0.824475, MCSF_err = 0.168893
[AnalysisInputs::SetMCSF] sample : ZZTo4L_powheg
[AnalysisInputs::SetMCSF] => MCSF = 0.92677, MCSF_err = 0.0987057
[AnalysisInputs::SetMCSF] sample : ggZZto2e2mu
[AnalysisInputs::SetMCSF] => MCSF = 0.92677, MCSF_err = 0.0987057
[AnalysisInputs::SetMCSF] sample : ggZZto2e2nu
[AnalysisInputs::SetMCSF] => MCSF = 0.92677, MCSF_err = 0.0987057
[AnalysisInputs::SetMCSF] sample : ggZZto2e2tau
[AnalysisInputs::SetMCSF] => MCSF = 0.92677, MCSF_err = 0.0987057
[AnalysisInputs::SetMCSF] sample : ggZZto2mu2nu
[AnalysisInputs::SetMCSF] => MCSF = 0.92677, MCSF_err = 0.0987057
[AnalysisInputs::SetMCSF] sample : ggZZto2mu2tau
[AnalysisInputs::SetMCSF] => MCSF = 0.92677, MCSF_err = 0.0987057
[AnalysisInputs::SetMCSF] sample : ggZZto4e
[AnalysisInputs::SetMCSF] => MCSF = 0.92677, MCSF_err = 0.0987057
[AnalysisInputs::SetMCSF] sample : ggZZto4mu
[AnalysisInputs::SetMCSF] => MCSF = 0.92677, MCSF_err = 0.0987057
[AnalysisInputs::SetMCSF] sample : ggZZto4tau
[AnalysisInputs::SetMCSF] => MCSF = 0.92677, MCSF_err = 0.0987057
[AnalysisInputs::SetCalculatedSysts] Get Systematics from /home/jskim/Documents/trilepton_13TeV/DiLepton/data/v8-0-7.32/Syst.txt
[AnalysisInputs::SetCalculatedSysts] source : Luminosity
[AnalysisInputs::SetCalculatedSysts] => % sysematic = 0.025
[AnalysisInputs::SetCalculatedSysts] source : FakeLooseID
[AnalysisInputs::SetCalculatedSysts] => % sysematic = 0.3
[AnalysisInputs::SetCalculatedSysts] source : ChrageFlipSyst
[AnalysisInputs::SetCalculatedSysts] => % sysematic = 0.21
[CutRangeInfo::ReadCutCard] Get Cutcard from /home/jskim/Documents/trilepton_13TeV/DiLepton/data/v8-0-7.32/CutOpCard/OPTIMIZED_171021_MuMu_HighMass/HNMuMu_400.txt
Central	3.4792	0.0401289	0
_MuonEn_up	3.90694	0.0401289	0
_MuonEn_down	2.93208	0.0401289	0
_MuonIDSF_up	3.36208	0.0401289	0
_MuonIDSF_down	3.45113	0.0401289	0
_ElectronEn_up	3.37009	0.0401289	0
_ElectronEn_down	3.44399	0.0401289	0
_ElectronIDSF_up	3.45613	0.0401289	0
_ElectronIDSF_down	3.43867	0.0401289	0
_TriggerSF_up	3.39813	0.0401289	0
_TriggerSF_down	3.34	0.0401289	0
_PU_up	3.44016	0.0401289	0
_PU_down	3.38058	0.0401289	0
_JetEn_up	4.28584	0.0401289	0
_JetEn_down	4.4825	0.0401289	0
_JetRes_up	3.44199	0.0401289	0
_JetRes_down	3.37105	0.0401289	0
_Unclustered_up	4.53563	0.0401289	0
_Unclustered_down	3.44424	0.0401289	0
_BTagSFEff_up	3.41803	0.0401289	0
_BTagSFEff_down	3.45478	0.0401289	0
_BTagSFMiss_up	3.40859	0.0401289	0
_BTagSFMiss_down	3.45206	0.0401289	0

################ Sources ################
Source	SystTotal	SystPrompt	SystFake	Signal
Stat 12.32 12.40  108.02  -nan  1.22
Lumi 2.47  2.50 -  -  2.50
PDF  -  -  -  -  3.00
MuonPt  13.95 14.11  -  -  4.70
MuonID  2.42 2.45  -  -  0.20
ElectronE  2.30 2.33  -  -  0.10
ElectronID  0.94 0.95  -  -  0.09
Trigger  3.24 3.27  -  -  0.07
PU  2.13 2.16  -  -  0.06
JES  25.87 26.16  -  -  1.45
JER  2.30 2.32  -  -  0.46
Uncl  21.24 21.48  -  -  0.91
BEff  1.32 1.34  -  -  0.28
BMiss  1.52 1.54  -  -  0.43
MCNorm 9.29  9.39 -  -  -
Fake 0.34  -  30.00 - -
CF 0.00  -  -  -nan -
Total Systematic 38.00 38.43  30.00  -nan  6.39

Total Background	3.519
- Prompt	3.479
- Fake	0.040
- CF	0.000

####### Result #######
3.519 1.399
1.227 1.065
