
Processing HNMuMu_800.C...
[AnalysisInputs::SetMCSF] Get MC SF from /home/jskim/Documents/trilepton_13TeV/DiLepton/data/v8-0-7.32/MCSF.txt
[AnalysisInputs::SetMCSF] sample : VVV
[AnalysisInputs::SetMCSF] => MCSF = 1, MCSF_err = 0.5
[AnalysisInputs::SetMCSF] sample : WWW
[AnalysisInputs::SetMCSF] => MCSF = 1, MCSF_err = 0.5
[AnalysisInputs::SetMCSF] sample : WWZ
[AnalysisInputs::SetMCSF] => MCSF = 1, MCSF_err = 0.5
[AnalysisInputs::SetMCSF] sample : WZZ
[AnalysisInputs::SetMCSF] => MCSF = 1, MCSF_err = 0.5
[AnalysisInputs::SetMCSF] sample : ZZZ
[AnalysisInputs::SetMCSF] => MCSF = 1, MCSF_err = 0.5
[AnalysisInputs::SetMCSF] sample : ttV
[AnalysisInputs::SetMCSF] => MCSF = 1, MCSF_err = 0.5
[AnalysisInputs::SetMCSF] sample : ttW
[AnalysisInputs::SetMCSF] => MCSF = 1, MCSF_err = 0.5
[AnalysisInputs::SetMCSF] sample : ttZ
[AnalysisInputs::SetMCSF] => MCSF = 1, MCSF_err = 0.5
[AnalysisInputs::SetMCSF] sample : ttH_nonbb
[AnalysisInputs::SetMCSF] => MCSF = 1, MCSF_err = 0.5
[AnalysisInputs::SetMCSF] sample : top
[AnalysisInputs::SetMCSF] => MCSF = 1, MCSF_err = 0.5
[AnalysisInputs::SetMCSF] sample : WZTo3LNu_powheg
[AnalysisInputs::SetMCSF] => MCSF = 0.97632, MCSF_err = 0.0642635
[AnalysisInputs::SetMCSF] sample : ZGto2LG
[AnalysisInputs::SetMCSF] => MCSF = 0.824475, MCSF_err = 0.168893
[AnalysisInputs::SetMCSF] sample : ZZTo4L_powheg
[AnalysisInputs::SetMCSF] => MCSF = 0.92677, MCSF_err = 0.0987057
[AnalysisInputs::SetMCSF] sample : ggZZto2e2mu
[AnalysisInputs::SetMCSF] => MCSF = 0.92677, MCSF_err = 0.0987057
[AnalysisInputs::SetMCSF] sample : ggZZto2e2nu
[AnalysisInputs::SetMCSF] => MCSF = 0.92677, MCSF_err = 0.0987057
[AnalysisInputs::SetMCSF] sample : ggZZto2e2tau
[AnalysisInputs::SetMCSF] => MCSF = 0.92677, MCSF_err = 0.0987057
[AnalysisInputs::SetMCSF] sample : ggZZto2mu2nu
[AnalysisInputs::SetMCSF] => MCSF = 0.92677, MCSF_err = 0.0987057
[AnalysisInputs::SetMCSF] sample : ggZZto2mu2tau
[AnalysisInputs::SetMCSF] => MCSF = 0.92677, MCSF_err = 0.0987057
[AnalysisInputs::SetMCSF] sample : ggZZto4e
[AnalysisInputs::SetMCSF] => MCSF = 0.92677, MCSF_err = 0.0987057
[AnalysisInputs::SetMCSF] sample : ggZZto4mu
[AnalysisInputs::SetMCSF] => MCSF = 0.92677, MCSF_err = 0.0987057
[AnalysisInputs::SetMCSF] sample : ggZZto4tau
[AnalysisInputs::SetMCSF] => MCSF = 0.92677, MCSF_err = 0.0987057
[AnalysisInputs::SetCalculatedSysts] Get Systematics from /home/jskim/Documents/trilepton_13TeV/DiLepton/data/v8-0-7.32/Syst.txt
[AnalysisInputs::SetCalculatedSysts] source : Luminosity
[AnalysisInputs::SetCalculatedSysts] => % sysematic = 0.025
[AnalysisInputs::SetCalculatedSysts] source : FakeLooseID
[AnalysisInputs::SetCalculatedSysts] => % sysematic = 0.3
[AnalysisInputs::SetCalculatedSysts] source : ChrageFlipSyst
[AnalysisInputs::SetCalculatedSysts] => % sysematic = 0.21
[CutRangeInfo::ReadCutCard] Get Cutcard from /home/jskim/Documents/trilepton_13TeV/DiLepton/data/v8-0-7.32/CutOpCard/OPTIMIZED_171021_MuMu_HighMass/HNMuMu_800.txt
Central	1.42593	0	0
_MuonEn_up	1.58345	0	0
_MuonEn_down	1.32597	0	0
_MuonIDSF_up	1.30523	0	0
_MuonIDSF_down	1.38619	0	0
_ElectronEn_up	1.39528	0	0
_ElectronEn_down	1.38259	0	0
_ElectronIDSF_up	1.38092	0	0
_ElectronIDSF_down	1.38491	0	0
_TriggerSF_up	1.37768	0	0
_TriggerSF_down	1.37564	0	0
_PU_up	1.39186	0	0
_PU_down	1.38246	0	0
_JetEn_up	1.41458	0	0
_JetEn_down	1.4293	0	0
_JetRes_up	1.40699	0	0
_JetRes_down	1.38177	0	0
_Unclustered_up	1.32298	0	0
_Unclustered_down	1.39035	0	0
_BTagSFEff_up	1.36935	0	0
_BTagSFEff_down	1.3828	0	0
_BTagSFMiss_up	1.38251	0	0
_BTagSFMiss_down	1.39123	0	0

################ Sources ################
Source	SystTotal	SystPrompt	SystFake	Signal
Stat 18.28 18.28  -nan  -nan  1.67
Lumi 2.50  2.50 -  -  2.50
PDF  -  -  -  -  3.00
MuonPt  9.25 9.25  -  -  2.12
MuonID  6.30 6.30  -  -  0.32
ElectronE  2.63 2.63  -  -  0.21
ElectronID  3.02 3.02  -  -  0.15
Trigger  3.46 3.46  -  -  0.38
PU  2.74 2.74  -  -  0.24
JES  0.59 0.59  -  -  0.50
JER  2.38 2.38  -  -  0.19
Uncl  5.40 5.40  -  -  0.60
BEff  3.53 3.53  -  -  0.60
BMiss  2.76 2.76  -  -  0.35
MCNorm 8.76  8.76 -  -  -
Fake 0.00  -  -nan - -
CF 0.00  -  -  -nan -
Total Systematic 17.29 17.29  -nan  -nan  4.61

Total Background	1.426
- Prompt	1.426
- Fake	0.000
- CF	0.000

####### Result #######
1.426 1.252
0.042 1.049
