
Processing HNMuMu_500.C...
[AnalysisInputs::SetMCSF] Get MC SF from /home/jskim/Documents/trilepton_13TeV/DiLepton/data/v8-0-7.32/MCSF.txt
[AnalysisInputs::SetMCSF] sample : VVV
[AnalysisInputs::SetMCSF] => MCSF = 1, MCSF_err = 0.5
[AnalysisInputs::SetMCSF] sample : WWW
[AnalysisInputs::SetMCSF] => MCSF = 1, MCSF_err = 0.5
[AnalysisInputs::SetMCSF] sample : WWZ
[AnalysisInputs::SetMCSF] => MCSF = 1, MCSF_err = 0.5
[AnalysisInputs::SetMCSF] sample : WZZ
[AnalysisInputs::SetMCSF] => MCSF = 1, MCSF_err = 0.5
[AnalysisInputs::SetMCSF] sample : ZZZ
[AnalysisInputs::SetMCSF] => MCSF = 1, MCSF_err = 0.5
[AnalysisInputs::SetMCSF] sample : ttV
[AnalysisInputs::SetMCSF] => MCSF = 1, MCSF_err = 0.5
[AnalysisInputs::SetMCSF] sample : ttW
[AnalysisInputs::SetMCSF] => MCSF = 1, MCSF_err = 0.5
[AnalysisInputs::SetMCSF] sample : ttZ
[AnalysisInputs::SetMCSF] => MCSF = 1, MCSF_err = 0.5
[AnalysisInputs::SetMCSF] sample : ttH_nonbb
[AnalysisInputs::SetMCSF] => MCSF = 1, MCSF_err = 0.5
[AnalysisInputs::SetMCSF] sample : top
[AnalysisInputs::SetMCSF] => MCSF = 1, MCSF_err = 0.5
[AnalysisInputs::SetMCSF] sample : WZTo3LNu_powheg
[AnalysisInputs::SetMCSF] => MCSF = 0.988021, MCSF_err = 0.0652167
[AnalysisInputs::SetMCSF] sample : ZGto2LG
[AnalysisInputs::SetMCSF] => MCSF = 0.83069, MCSF_err = 0.174719
[AnalysisInputs::SetMCSF] sample : ZZTo4L_powheg
[AnalysisInputs::SetMCSF] => MCSF = 0.94117, MCSF_err = 0.105665
[AnalysisInputs::SetMCSF] sample : ggZZto2e2mu
[AnalysisInputs::SetMCSF] => MCSF = 0.94117, MCSF_err = 0.105665
[AnalysisInputs::SetMCSF] sample : ggZZto2e2nu
[AnalysisInputs::SetMCSF] => MCSF = 0.94117, MCSF_err = 0.105665
[AnalysisInputs::SetMCSF] sample : ggZZto2e2tau
[AnalysisInputs::SetMCSF] => MCSF = 0.94117, MCSF_err = 0.105665
[AnalysisInputs::SetMCSF] sample : ggZZto2mu2nu
[AnalysisInputs::SetMCSF] => MCSF = 0.94117, MCSF_err = 0.105665
[AnalysisInputs::SetMCSF] sample : ggZZto2mu2tau
[AnalysisInputs::SetMCSF] => MCSF = 0.94117, MCSF_err = 0.105665
[AnalysisInputs::SetMCSF] sample : ggZZto4e
[AnalysisInputs::SetMCSF] => MCSF = 0.94117, MCSF_err = 0.105665
[AnalysisInputs::SetMCSF] sample : ggZZto4mu
[AnalysisInputs::SetMCSF] => MCSF = 0.94117, MCSF_err = 0.105665
[AnalysisInputs::SetMCSF] sample : ggZZto4tau
[AnalysisInputs::SetMCSF] => MCSF = 0.94117, MCSF_err = 0.105665
[AnalysisInputs::SetCalculatedSysts] Get Systematics from /home/jskim/Documents/trilepton_13TeV/DiLepton/data/v8-0-7.32/Syst.txt
[AnalysisInputs::SetCalculatedSysts] source : Luminosity
[AnalysisInputs::SetCalculatedSysts] => % sysematic = 0.025
[AnalysisInputs::SetCalculatedSysts] source : FakeLooseID
[AnalysisInputs::SetCalculatedSysts] => % sysematic = 0.3
[AnalysisInputs::SetCalculatedSysts] source : ChrageFlipSyst
[AnalysisInputs::SetCalculatedSysts] => % sysematic = 0.21
[CutRangeInfo::ReadCutCard] Get Cutcard from /home/jskim/Documents/trilepton_13TeV/DiLepton/data/v8-0-7.32/CutOpCard/UseNonSkim/OPTIMIZED_171021_MuMu_HighMass/HNMuMu_500.txt
Central	1.92974	0	0
_MuonEn_up	2.26661	0	0
_MuonEn_down	1.66312	0	0
_MuonIDSF_up	1.93795	0	0
_MuonIDSF_down	1.92509	0	0
_ElectronEn_up	1.92597	0	0
_ElectronEn_down	1.92506	0	0
_ElectronIDSF_up	1.94003	0	0
_ElectronIDSF_down	1.93052	0	0
_TriggerSF_up	1.9363	0	0
_TriggerSF_down	1.94085	0	0
_PU_up	1.94993	0	0
_PU_down	1.91422	0	0
_JetEn_up	2.92629	0	0
_JetEn_down	2.87029	0	0
_JetRes_up	1.90601	0	0
_JetRes_down	1.9924	0	0
_Unclustered_up	2.78604	0	0
_Unclustered_down	1.96113	0	0
_BTagSFEff_up	1.90418	0	0
_BTagSFEff_down	1.9232	0	0
_BTagSFMiss_up	1.91371	0	0
_BTagSFMiss_down	1.92671	0	0
_JetMass_up	1.92875	0	0
_JetMass_down	1.91103	0	0
_JetMassRes_up	1.85151	0	0
_JetMassRes_down	1.93827	0	0

################ Sources ################
Source	SystTotal	SystPrompt	SystFake	Signal
Stat 16.03 16.03  -nan  -nan  1.52
Lumi 2.50  2.50 -  -  2.50
PDF  -  -  -  -  2.50
MuonPt  15.74 15.74  -  -  5.10
MuonID  0.35 0.35  -  -  0.01
ElectronE  0.22 0.22  -  -  0.39
ElectronID  0.38 0.38  -  -  0.12
Trigger  0.47 0.47  -  -  0.25
PU  0.93 0.93  -  -  0.07
JES  50.21 50.21  -  -  1.30
JER  2.46 2.46  -  -  0.42
Uncl  31.40 31.40  -  -  0.42
BEff  0.97 0.97  -  -  0.32
BMiss  0.60 0.60  -  -  0.70
JMS  0.69 0.69  -  -  0.04
JMR  2.88 2.88  -  -  0.19
MCNorm 9.88  9.88 -  -  -
Fake 0.00  -  -nan - -
CF 0.00  -  -  -nan -
Total Systematic 62.26 62.26  -nan  -nan  6.44

Total Background	1.930
- Prompt	1.930
- Fake	0.000
- CF	0.000

####### Result #######
Signal Eff	0.123518
1.929742 1.643
0.395 1.066
