
Processing CyclesForMixingLimit_MuMu_Bin2/HNMuMu_1200_VBF.C...
[AnalysisInputs::SetMCSF] Get MC SF from /data8/Users/jskim/HN_dilepton_plotter/data/v8-0-7.37_Unblind/MCSF.txt
[AnalysisInputs::SetMCSF] sample : VVV
[AnalysisInputs::SetMCSF] => MCSF = 1, MCSF_err = 0.5
[AnalysisInputs::SetMCSF] sample : WWW
[AnalysisInputs::SetMCSF] => MCSF = 1, MCSF_err = 0.5
[AnalysisInputs::SetMCSF] sample : WWZ
[AnalysisInputs::SetMCSF] => MCSF = 1, MCSF_err = 0.5
[AnalysisInputs::SetMCSF] sample : WZZ
[AnalysisInputs::SetMCSF] => MCSF = 1, MCSF_err = 0.5
[AnalysisInputs::SetMCSF] sample : ZZZ
[AnalysisInputs::SetMCSF] => MCSF = 1, MCSF_err = 0.5
[AnalysisInputs::SetMCSF] sample : ttV
[AnalysisInputs::SetMCSF] => MCSF = 1, MCSF_err = 0.5
[AnalysisInputs::SetMCSF] sample : ttW
[AnalysisInputs::SetMCSF] => MCSF = 1, MCSF_err = 0.5
[AnalysisInputs::SetMCSF] sample : ttZ
[AnalysisInputs::SetMCSF] => MCSF = 1, MCSF_err = 0.5
[AnalysisInputs::SetMCSF] sample : ttH_nonbb
[AnalysisInputs::SetMCSF] => MCSF = 1, MCSF_err = 0.5
[AnalysisInputs::SetMCSF] sample : top
[AnalysisInputs::SetMCSF] => MCSF = 1, MCSF_err = 0.5
[AnalysisInputs::SetMCSF] sample : WWTo2L2Nu_DS
[AnalysisInputs::SetMCSF] => MCSF = 1, MCSF_err = 0.5
[AnalysisInputs::SetMCSF] sample : WpWpEWK
[AnalysisInputs::SetMCSF] => MCSF = 1.3062, MCSF_err = 0.5
[AnalysisInputs::SetMCSF] sample : WpWpQCD
[AnalysisInputs::SetMCSF] => MCSF = 1.70026, MCSF_err = 0.5
[AnalysisInputs::SetMCSF] sample : WZTo3LNu_mllmin01
[AnalysisInputs::SetMCSF] => MCSF = 0.65, MCSF_err = 0.06
[AnalysisInputs::SetMCSF] sample : WZTo3LNu_powheg
[AnalysisInputs::SetMCSF] => MCSF = 1.05044, MCSF_err = 0.0648798
[AnalysisInputs::SetMCSF] sample : ZGto2LG
[AnalysisInputs::SetMCSF] => MCSF = 1.09954, MCSF_err = 0.076377
[AnalysisInputs::SetMCSF] sample : WGtoLNuG
[AnalysisInputs::SetMCSF] => MCSF = 1, MCSF_err = 0.076377
[AnalysisInputs::SetMCSF] sample : WGtoLNuG_weighted
[AnalysisInputs::SetMCSF] => MCSF = 1, MCSF_err = 0.076377
[AnalysisInputs::SetMCSF] sample : ZZTo4L_powheg
[AnalysisInputs::SetMCSF] => MCSF = 0.978852, MCSF_err = 0.0792882
[AnalysisInputs::SetMCSF] sample : ggZZto2e2mu
[AnalysisInputs::SetMCSF] => MCSF = 0.978852, MCSF_err = 0.0792882
[AnalysisInputs::SetMCSF] sample : ggZZto2e2nu
[AnalysisInputs::SetMCSF] => MCSF = 0.978852, MCSF_err = 0.0792882
[AnalysisInputs::SetMCSF] sample : ggZZto2e2tau
[AnalysisInputs::SetMCSF] => MCSF = 0.978852, MCSF_err = 0.0792882
[AnalysisInputs::SetMCSF] sample : ggZZto2mu2nu
[AnalysisInputs::SetMCSF] => MCSF = 0.978852, MCSF_err = 0.0792882
[AnalysisInputs::SetMCSF] sample : ggZZto2mu2tau
[AnalysisInputs::SetMCSF] => MCSF = 0.978852, MCSF_err = 0.0792882
[AnalysisInputs::SetMCSF] sample : ggZZto4e
[AnalysisInputs::SetMCSF] => MCSF = 0.978852, MCSF_err = 0.0792882
[AnalysisInputs::SetMCSF] sample : ggZZto4mu
[AnalysisInputs::SetMCSF] => MCSF = 0.978852, MCSF_err = 0.0792882
[AnalysisInputs::SetMCSF] sample : ggZZto4tau
[AnalysisInputs::SetMCSF] => MCSF = 0.978852, MCSF_err = 0.0792882
[AnalysisInputs::SetMCSF] sample : ggHtoZZ
[AnalysisInputs::SetMCSF] => MCSF = 0.978852, MCSF_err = 0.0792882
[AnalysisInputs::SetCalculatedSysts] Get Systematics from /data8/Users/jskim/HN_dilepton_plotter/data/v8-0-7.37_Unblind/Syst.txt
[AnalysisInputs::SetCalculatedSysts] source : Luminosity
[AnalysisInputs::SetCalculatedSysts] => % sysematic = 0.025
[AnalysisInputs::SetCalculatedSysts] source : FakeLooseID
[AnalysisInputs::SetCalculatedSysts] => % sysematic = 0.3
[AnalysisInputs::SetCalculatedSysts] source : ChrageFlipSyst
[AnalysisInputs::SetCalculatedSysts] => % sysematic = 0.16
[CutRangeInfo::ReadCutCard] Get Cutcard from /data8/Users/jskim/HN_dilepton_plotter/data/v8-0-7.37_Unblind/CutOpCard/RunDirectory/Cards_MuMu_Bin2/HNMuMu_1200.txt
Central	0.245586	0	0
_MuonEn_up	0.264882	0	0
_MuonEn_down	0.262925	0	0
_MuonIDSF_up	0.240208	0	0
_MuonIDSF_down	0.230963	0	0
_ElectronEn_up	0.239248	0	0
_ElectronEn_down	0.239248	0	0
_ElectronIDSF_up	0.239248	0	0
_ElectronIDSF_down	0.235847	0	0
_TriggerSF_up	0.237311	0	0
_TriggerSF_down	0.239248	0	0
_PU_up	0.130631	0	0
_PU_down	0.2528	0	0
_JetEn_up	0.247925	0	0
_JetEn_down	0.284595	0	0
_JetRes_up	0.142702	0	0
_JetRes_down	0.243043	0	0
_Unclustered_up	0.239248	0	0
_Unclustered_down	0.247274	0	0
_BTagSFEff_up	0.239248	0	0
_BTagSFEff_down	0.246728	0	0
_BTagSFMiss_up	0.240302	0	0
_BTagSFMiss_down	0.239248	0	0
_JetMass_up	0.244258	0	0
_JetMass_down	0.242433	0	0
_JetMassRes_up	0.247061	0	0
_JetMassRes_down	0.239531	0	0
_Tau21_up	0.266001	0	0
_Tau21_down	0.214604	0	0

################ Sources ################
Source	SystTotal	SystPrompt	SystFake	Signal
Stat 41.33 41.33  -nan  -nan  1.15
Lumi 2.50  2.50 -  -  2.50
PDF  -  -  -  -  2.44
MuonPt  7.47 7.47  -  -  0.87
MuonID  4.49 4.49  -  -  3.35
ElectronE  2.58 2.58  -  -  0.08
ElectronID  3.35 3.35  -  -  0.04
Trigger  3.00 3.00  -  -  0.42
PU  33.16 33.16  -  -  0.87
JES  11.25 11.25  -  -  0.12
JER  29.63 29.63  -  -  0.33
Uncl  1.89 1.89  -  -  0.29
BEff  1.85 1.85  -  -  0.43
BMiss  2.38 2.38  -  -  0.41
JMS  0.99 0.99  -  -  0.04
JMR  1.79 1.79  -  -  0.02
Tau21  10.68 10.68  -  -  8.13
MCNorm 39.39  39.39 -  -  -
Fake 0.00  -  -nan - -
CF 0.00  -  -  -nan -
Total Systematic 62.42 62.42  -nan  -nan  9.58

Total Background	0.246
- Prompt	0.246
- Fake	0.000
- CF	0.000
- Obs	1.000

####### Result #######
Signal Eff	0.235276
0.245586 1.748571
0.090368 1.096460
