
Processing CyclesForMixingLimit_MuMu_Bin2/HNMuMu_1000_VBF.C...
[AnalysisInputs::SetMCSF] Get MC SF from /data8/Users/jskim/HN_dilepton_plotter/data/v8-0-7.37_PreApproval/MCSF.txt
[AnalysisInputs::SetMCSF] sample : VVV
[AnalysisInputs::SetMCSF] => MCSF = 1, MCSF_err = 0.5
[AnalysisInputs::SetMCSF] sample : WWW
[AnalysisInputs::SetMCSF] => MCSF = 1, MCSF_err = 0.5
[AnalysisInputs::SetMCSF] sample : WWZ
[AnalysisInputs::SetMCSF] => MCSF = 1, MCSF_err = 0.5
[AnalysisInputs::SetMCSF] sample : WZZ
[AnalysisInputs::SetMCSF] => MCSF = 1, MCSF_err = 0.5
[AnalysisInputs::SetMCSF] sample : ZZZ
[AnalysisInputs::SetMCSF] => MCSF = 1, MCSF_err = 0.5
[AnalysisInputs::SetMCSF] sample : ttV
[AnalysisInputs::SetMCSF] => MCSF = 1, MCSF_err = 0.5
[AnalysisInputs::SetMCSF] sample : ttW
[AnalysisInputs::SetMCSF] => MCSF = 1, MCSF_err = 0.5
[AnalysisInputs::SetMCSF] sample : ttZ
[AnalysisInputs::SetMCSF] => MCSF = 1, MCSF_err = 0.5
[AnalysisInputs::SetMCSF] sample : ttH_nonbb
[AnalysisInputs::SetMCSF] => MCSF = 1, MCSF_err = 0.5
[AnalysisInputs::SetMCSF] sample : top
[AnalysisInputs::SetMCSF] => MCSF = 1, MCSF_err = 0.5
[AnalysisInputs::SetMCSF] sample : WWTo2L2Nu_DS
[AnalysisInputs::SetMCSF] => MCSF = 1, MCSF_err = 0.5
[AnalysisInputs::SetMCSF] sample : WpWpEWK
[AnalysisInputs::SetMCSF] => MCSF = 1, MCSF_err = 0.5
[AnalysisInputs::SetMCSF] sample : WpWpQCD
[AnalysisInputs::SetMCSF] => MCSF = 1, MCSF_err = 0.5
[AnalysisInputs::SetMCSF] sample : WZTo3LNu_mllmin01
[AnalysisInputs::SetMCSF] => MCSF = 0.65, MCSF_err = 0.06
[AnalysisInputs::SetMCSF] sample : WZTo3LNu_powheg
[AnalysisInputs::SetMCSF] => MCSF = 1.05044, MCSF_err = 0.0648798
[AnalysisInputs::SetMCSF] sample : ZGto2LG
[AnalysisInputs::SetMCSF] => MCSF = 1.09954, MCSF_err = 0.076377
[AnalysisInputs::SetMCSF] sample : WGtoLNuG
[AnalysisInputs::SetMCSF] => MCSF = 1, MCSF_err = 0.076377
[AnalysisInputs::SetMCSF] sample : WGtoLNuG_weighted
[AnalysisInputs::SetMCSF] => MCSF = 1, MCSF_err = 0.076377
[AnalysisInputs::SetMCSF] sample : ZZTo4L_powheg
[AnalysisInputs::SetMCSF] => MCSF = 0.978852, MCSF_err = 0.0792882
[AnalysisInputs::SetMCSF] sample : ggZZto2e2mu
[AnalysisInputs::SetMCSF] => MCSF = 0.978852, MCSF_err = 0.0792882
[AnalysisInputs::SetMCSF] sample : ggZZto2e2nu
[AnalysisInputs::SetMCSF] => MCSF = 0.978852, MCSF_err = 0.0792882
[AnalysisInputs::SetMCSF] sample : ggZZto2e2tau
[AnalysisInputs::SetMCSF] => MCSF = 0.978852, MCSF_err = 0.0792882
[AnalysisInputs::SetMCSF] sample : ggZZto2mu2nu
[AnalysisInputs::SetMCSF] => MCSF = 0.978852, MCSF_err = 0.0792882
[AnalysisInputs::SetMCSF] sample : ggZZto2mu2tau
[AnalysisInputs::SetMCSF] => MCSF = 0.978852, MCSF_err = 0.0792882
[AnalysisInputs::SetMCSF] sample : ggZZto4e
[AnalysisInputs::SetMCSF] => MCSF = 0.978852, MCSF_err = 0.0792882
[AnalysisInputs::SetMCSF] sample : ggZZto4mu
[AnalysisInputs::SetMCSF] => MCSF = 0.978852, MCSF_err = 0.0792882
[AnalysisInputs::SetMCSF] sample : ggZZto4tau
[AnalysisInputs::SetMCSF] => MCSF = 0.978852, MCSF_err = 0.0792882
[AnalysisInputs::SetMCSF] sample : ggHtoZZ
[AnalysisInputs::SetMCSF] => MCSF = 0.978852, MCSF_err = 0.0792882
[AnalysisInputs::SetCalculatedSysts] Get Systematics from /data8/Users/jskim/HN_dilepton_plotter/data/v8-0-7.37_PreApproval/Syst.txt
[AnalysisInputs::SetCalculatedSysts] source : Luminosity
[AnalysisInputs::SetCalculatedSysts] => % sysematic = 0.025
[AnalysisInputs::SetCalculatedSysts] source : FakeLooseID
[AnalysisInputs::SetCalculatedSysts] => % sysematic = 0.3
[AnalysisInputs::SetCalculatedSysts] source : ChrageFlipSyst
[AnalysisInputs::SetCalculatedSysts] => % sysematic = 0.16
[CutRangeInfo::ReadCutCard] Get Cutcard from /data8/Users/jskim/HN_dilepton_plotter/data/v8-0-7.37_PreApproval/CutOpCard/RunDirectory/Cards_MuMu_Bin2/HNMuMu_1000.txt
Central	0.113705	0	0
_MuonEn_up	0.134995	0	0
_MuonEn_down	0.107894	0	0
_MuonIDSF_up	0.110585	0	0
_MuonIDSF_down	0.103053	0	0
_ElectronEn_up	0.106862	0	0
_ElectronEn_down	0.106862	0	0
_ElectronIDSF_up	0.110271	0	0
_ElectronIDSF_down	0.110407	0	0
_TriggerSF_up	0.104144	0	0
_TriggerSF_down	0.106862	0	0
_PU_up	0.104947	0	0
_PU_down	0.11126	0	0
_JetEn_up	0.114632	0	0
_JetEn_down	0.116669	0	0
_JetRes_up	0.112536	0	0
_JetRes_down	0.124791	0	0
_Unclustered_up	0.110635	0	0
_Unclustered_down	0.118457	0	0
_BTagSFEff_up	0.110407	0	0
_BTagSFEff_down	0.114447	0	0
_BTagSFMiss_up	0.107916	0	0
_BTagSFMiss_down	0.110271	0	0
_JetMass_up	0.11178	0	0
_JetMass_down	0.106185	0	0
_JetMassRes_up	0.108121	0	0
_JetMassRes_down	0.104525	0	0
_Tau21_up	0.122791	0	0
_Tau21_down	0.097481	0	0

################ Sources ################
Source	SystTotal	SystPrompt	SystFake	Signal
Stat 20.36 20.36  -nan  -nan  1.06
Lumi 2.50  2.50 -  -  2.50
PDF  -  -  -  -  2.44
MuonPt  13.72 13.72  -  -  1.82
MuonID  6.90 6.90  -  -  3.48
ElectronE  6.02 6.02  -  -  0.16
ElectronID  2.96 2.96  -  -  0.23
Trigger  7.31 7.31  -  -  0.60
PU  5.65 5.65  -  -  0.80
JES  1.93 1.93  -  -  0.54
JER  6.93 6.93  -  -  0.20
Uncl  3.52 3.52  -  -  0.25
BEff  2.10 2.10  -  -  0.31
BMiss  4.19 4.19  -  -  0.54
JMS  4.83 4.83  -  -  0.28
JMR  6.68 6.68  -  -  0.21
Tau21  11.56 11.56  -  -  7.91
MCNorm 49.98  49.98 -  -  -
Fake 0.00  -  -nan - -
CF 0.00  -  -  -nan -
Total Systematic 56.20 56.20  -nan  -nan  9.60

Total Background	0.114
- Prompt	0.114
- Fake	0.000
- CF	0.000

####### Result #######
Signal Eff	0.516247
0.113705 1.597779
0.167612 1.096626
