
Processing CyclesForMixingLimit_MuMu_Bin2/HNMuMu_125.C...
[AnalysisInputs::SetMCSF] Get MC SF from /data8/Users/jskim/HN_dilepton_plotter/data/v8-0-7.37_PreApproval/MCSF.txt
[AnalysisInputs::SetMCSF] sample : VVV
[AnalysisInputs::SetMCSF] => MCSF = 1, MCSF_err = 0.5
[AnalysisInputs::SetMCSF] sample : WWW
[AnalysisInputs::SetMCSF] => MCSF = 1, MCSF_err = 0.5
[AnalysisInputs::SetMCSF] sample : WWZ
[AnalysisInputs::SetMCSF] => MCSF = 1, MCSF_err = 0.5
[AnalysisInputs::SetMCSF] sample : WZZ
[AnalysisInputs::SetMCSF] => MCSF = 1, MCSF_err = 0.5
[AnalysisInputs::SetMCSF] sample : ZZZ
[AnalysisInputs::SetMCSF] => MCSF = 1, MCSF_err = 0.5
[AnalysisInputs::SetMCSF] sample : ttV
[AnalysisInputs::SetMCSF] => MCSF = 1, MCSF_err = 0.5
[AnalysisInputs::SetMCSF] sample : ttW
[AnalysisInputs::SetMCSF] => MCSF = 1, MCSF_err = 0.5
[AnalysisInputs::SetMCSF] sample : ttZ
[AnalysisInputs::SetMCSF] => MCSF = 1, MCSF_err = 0.5
[AnalysisInputs::SetMCSF] sample : ttH_nonbb
[AnalysisInputs::SetMCSF] => MCSF = 1, MCSF_err = 0.5
[AnalysisInputs::SetMCSF] sample : top
[AnalysisInputs::SetMCSF] => MCSF = 1, MCSF_err = 0.5
[AnalysisInputs::SetMCSF] sample : WWTo2L2Nu_DS
[AnalysisInputs::SetMCSF] => MCSF = 1, MCSF_err = 0.5
[AnalysisInputs::SetMCSF] sample : WpWpEWK
[AnalysisInputs::SetMCSF] => MCSF = 1, MCSF_err = 0.5
[AnalysisInputs::SetMCSF] sample : WpWpQCD
[AnalysisInputs::SetMCSF] => MCSF = 1, MCSF_err = 0.5
[AnalysisInputs::SetMCSF] sample : WZTo3LNu_mllmin01
[AnalysisInputs::SetMCSF] => MCSF = 0.65, MCSF_err = 0.06
[AnalysisInputs::SetMCSF] sample : WZTo3LNu_powheg
[AnalysisInputs::SetMCSF] => MCSF = 1.05044, MCSF_err = 0.0648798
[AnalysisInputs::SetMCSF] sample : ZGto2LG
[AnalysisInputs::SetMCSF] => MCSF = 1.09954, MCSF_err = 0.076377
[AnalysisInputs::SetMCSF] sample : WGtoLNuG
[AnalysisInputs::SetMCSF] => MCSF = 1, MCSF_err = 0.076377
[AnalysisInputs::SetMCSF] sample : WGtoLNuG_weighted
[AnalysisInputs::SetMCSF] => MCSF = 1, MCSF_err = 0.076377
[AnalysisInputs::SetMCSF] sample : ZZTo4L_powheg
[AnalysisInputs::SetMCSF] => MCSF = 0.978852, MCSF_err = 0.0792882
[AnalysisInputs::SetMCSF] sample : ggZZto2e2mu
[AnalysisInputs::SetMCSF] => MCSF = 0.978852, MCSF_err = 0.0792882
[AnalysisInputs::SetMCSF] sample : ggZZto2e2nu
[AnalysisInputs::SetMCSF] => MCSF = 0.978852, MCSF_err = 0.0792882
[AnalysisInputs::SetMCSF] sample : ggZZto2e2tau
[AnalysisInputs::SetMCSF] => MCSF = 0.978852, MCSF_err = 0.0792882
[AnalysisInputs::SetMCSF] sample : ggZZto2mu2nu
[AnalysisInputs::SetMCSF] => MCSF = 0.978852, MCSF_err = 0.0792882
[AnalysisInputs::SetMCSF] sample : ggZZto2mu2tau
[AnalysisInputs::SetMCSF] => MCSF = 0.978852, MCSF_err = 0.0792882
[AnalysisInputs::SetMCSF] sample : ggZZto4e
[AnalysisInputs::SetMCSF] => MCSF = 0.978852, MCSF_err = 0.0792882
[AnalysisInputs::SetMCSF] sample : ggZZto4mu
[AnalysisInputs::SetMCSF] => MCSF = 0.978852, MCSF_err = 0.0792882
[AnalysisInputs::SetMCSF] sample : ggZZto4tau
[AnalysisInputs::SetMCSF] => MCSF = 0.978852, MCSF_err = 0.0792882
[AnalysisInputs::SetMCSF] sample : ggHtoZZ
[AnalysisInputs::SetMCSF] => MCSF = 0.978852, MCSF_err = 0.0792882
[AnalysisInputs::SetCalculatedSysts] Get Systematics from /data8/Users/jskim/HN_dilepton_plotter/data/v8-0-7.37_PreApproval/Syst.txt
[AnalysisInputs::SetCalculatedSysts] source : Luminosity
[AnalysisInputs::SetCalculatedSysts] => % sysematic = 0.025
[AnalysisInputs::SetCalculatedSysts] source : FakeLooseID
[AnalysisInputs::SetCalculatedSysts] => % sysematic = 0.3
[AnalysisInputs::SetCalculatedSysts] source : ChrageFlipSyst
[AnalysisInputs::SetCalculatedSysts] => % sysematic = 0.16
[CutRangeInfo::ReadCutCard] Get Cutcard from /data8/Users/jskim/HN_dilepton_plotter/data/v8-0-7.37_PreApproval/CutOpCard/RunDirectory/Cards_MuMu_Bin2/HNMuMu_125.txt
Central	0.267516	0.500284	0
_MuonEn_up	0.274299	0.500284	0
_MuonEn_down	0.262944	0.500284	0
_MuonIDSF_up	0.280626	0.500284	0
_MuonIDSF_down	0.258398	0.500284	0
_ElectronEn_up	0.268035	0.500284	0
_ElectronEn_down	0.267178	0.500284	0
_ElectronIDSF_up	0.269788	0.500284	0
_ElectronIDSF_down	0.266379	0.500284	0
_TriggerSF_up	0.268912	0.500284	0
_TriggerSF_down	0.269772	0.500284	0
_PU_up	0.256757	0.500284	0
_PU_down	0.268043	0.500284	0
_JetEn_up	0.267256	0.500284	0
_JetEn_down	0.23775	0.500284	0
_JetRes_up	0.267487	0.500284	0
_JetRes_down	0.267642	0.500284	0
_Unclustered_up	0.27346	0.500284	0
_Unclustered_down	0.275618	0.500284	0
_BTagSFEff_up	0.268035	0.500284	0
_BTagSFEff_down	0.268494	0.500284	0
_BTagSFMiss_up	0.272323	0.500284	0
_BTagSFMiss_down	0.271983	0.500284	0
_JetMass_up	0.266379	0.500284	0
_JetMass_down	0.258067	0.500284	0
_JetMassRes_up	0.258067	0.500284	0
_JetMassRes_down	0.258674	0.500284	0
_Tau21_up	0.29482	0.500284	0
_Tau21_down	0.248308	0.500284	0

################ Sources ################
Source	SystTotal	SystPrompt	SystFake	Signal
Stat 27.03 37.40  36.35  -nan  16.45
Lumi 0.87  2.50 -  -  2.50
PDF  -  -  -  -  2.44
MuonPt  0.75 2.16  -  -  6.14
MuonID  1.47 4.22  -  -  6.47
ElectronE  0.06 0.16  -  -  2.29
ElectronID  0.23 0.67  -  -  2.29
Trigger  0.24 0.70  -  -  0.14
PU  0.99 2.85  -  -  4.52
JES  2.74 7.87  -  -  7.04
JER  0.01 0.03  -  -  3.70
Uncl  0.93 2.66  -  -  1.62
BEff  0.10 0.29  -  -  2.30
BMiss  0.60 1.73  -  -  2.93
JMS  0.88 2.52  -  -  4.09
JMR  1.19 3.42  -  -  2.29
Tau21  3.07 8.82  -  -  9.50
MCNorm 12.89  37.01 -  -  -
Fake 19.55  -  30.00 - -
CF 0.00  -  -  -nan -
Total Systematic 23.94 39.69  30.00  -nan  17.74

Total Background	0.768
- Prompt	0.268
- Fake	0.500
- CF	0.000

####### Result #######
Signal Eff	0.000741
0.767801 1.361122
0.692184 1.241889
