
Processing CyclesForMixingLimit_MuMu_Bin2/HNMuMu_300_VBF.C...
[AnalysisInputs::SetMCSF] Get MC SF from /data8/Users/jskim/HN_dilepton_plotter/data/v8-0-7.37_Unblind/MCSF.txt
[AnalysisInputs::SetMCSF] sample : VVV
[AnalysisInputs::SetMCSF] => MCSF = 1, MCSF_err = 0.5
[AnalysisInputs::SetMCSF] sample : WWW
[AnalysisInputs::SetMCSF] => MCSF = 1, MCSF_err = 0.5
[AnalysisInputs::SetMCSF] sample : WWZ
[AnalysisInputs::SetMCSF] => MCSF = 1, MCSF_err = 0.5
[AnalysisInputs::SetMCSF] sample : WZZ
[AnalysisInputs::SetMCSF] => MCSF = 1, MCSF_err = 0.5
[AnalysisInputs::SetMCSF] sample : ZZZ
[AnalysisInputs::SetMCSF] => MCSF = 1, MCSF_err = 0.5
[AnalysisInputs::SetMCSF] sample : ttV
[AnalysisInputs::SetMCSF] => MCSF = 1, MCSF_err = 0.5
[AnalysisInputs::SetMCSF] sample : ttW
[AnalysisInputs::SetMCSF] => MCSF = 1, MCSF_err = 0.5
[AnalysisInputs::SetMCSF] sample : ttZ
[AnalysisInputs::SetMCSF] => MCSF = 1, MCSF_err = 0.5
[AnalysisInputs::SetMCSF] sample : ttH_nonbb
[AnalysisInputs::SetMCSF] => MCSF = 1, MCSF_err = 0.5
[AnalysisInputs::SetMCSF] sample : top
[AnalysisInputs::SetMCSF] => MCSF = 1, MCSF_err = 0.5
[AnalysisInputs::SetMCSF] sample : WWTo2L2Nu_DS
[AnalysisInputs::SetMCSF] => MCSF = 1, MCSF_err = 0.5
[AnalysisInputs::SetMCSF] sample : WpWpEWK
[AnalysisInputs::SetMCSF] => MCSF = 1.3062, MCSF_err = 0.5
[AnalysisInputs::SetMCSF] sample : WpWpQCD
[AnalysisInputs::SetMCSF] => MCSF = 1.70026, MCSF_err = 0.5
[AnalysisInputs::SetMCSF] sample : WZTo3LNu_mllmin01
[AnalysisInputs::SetMCSF] => MCSF = 0.65, MCSF_err = 0.06
[AnalysisInputs::SetMCSF] sample : WZTo3LNu_powheg
[AnalysisInputs::SetMCSF] => MCSF = 1.05044, MCSF_err = 0.0648798
[AnalysisInputs::SetMCSF] sample : ZGto2LG
[AnalysisInputs::SetMCSF] => MCSF = 1.09954, MCSF_err = 0.076377
[AnalysisInputs::SetMCSF] sample : WGtoLNuG
[AnalysisInputs::SetMCSF] => MCSF = 1, MCSF_err = 0.076377
[AnalysisInputs::SetMCSF] sample : WGtoLNuG_weighted
[AnalysisInputs::SetMCSF] => MCSF = 1, MCSF_err = 0.076377
[AnalysisInputs::SetMCSF] sample : ZZTo4L_powheg
[AnalysisInputs::SetMCSF] => MCSF = 0.978852, MCSF_err = 0.0792882
[AnalysisInputs::SetMCSF] sample : ggZZto2e2mu
[AnalysisInputs::SetMCSF] => MCSF = 0.978852, MCSF_err = 0.0792882
[AnalysisInputs::SetMCSF] sample : ggZZto2e2nu
[AnalysisInputs::SetMCSF] => MCSF = 0.978852, MCSF_err = 0.0792882
[AnalysisInputs::SetMCSF] sample : ggZZto2e2tau
[AnalysisInputs::SetMCSF] => MCSF = 0.978852, MCSF_err = 0.0792882
[AnalysisInputs::SetMCSF] sample : ggZZto2mu2nu
[AnalysisInputs::SetMCSF] => MCSF = 0.978852, MCSF_err = 0.0792882
[AnalysisInputs::SetMCSF] sample : ggZZto2mu2tau
[AnalysisInputs::SetMCSF] => MCSF = 0.978852, MCSF_err = 0.0792882
[AnalysisInputs::SetMCSF] sample : ggZZto4e
[AnalysisInputs::SetMCSF] => MCSF = 0.978852, MCSF_err = 0.0792882
[AnalysisInputs::SetMCSF] sample : ggZZto4mu
[AnalysisInputs::SetMCSF] => MCSF = 0.978852, MCSF_err = 0.0792882
[AnalysisInputs::SetMCSF] sample : ggZZto4tau
[AnalysisInputs::SetMCSF] => MCSF = 0.978852, MCSF_err = 0.0792882
[AnalysisInputs::SetMCSF] sample : ggHtoZZ
[AnalysisInputs::SetMCSF] => MCSF = 0.978852, MCSF_err = 0.0792882
[AnalysisInputs::SetCalculatedSysts] Get Systematics from /data8/Users/jskim/HN_dilepton_plotter/data/v8-0-7.37_Unblind/Syst.txt
[AnalysisInputs::SetCalculatedSysts] source : Luminosity
[AnalysisInputs::SetCalculatedSysts] => % sysematic = 0.025
[AnalysisInputs::SetCalculatedSysts] source : FakeLooseID
[AnalysisInputs::SetCalculatedSysts] => % sysematic = 0.3
[AnalysisInputs::SetCalculatedSysts] source : ChrageFlipSyst
[AnalysisInputs::SetCalculatedSysts] => % sysematic = 0.16
[CutRangeInfo::ReadCutCard] Get Cutcard from /data8/Users/jskim/HN_dilepton_plotter/data/v8-0-7.37_Unblind/CutOpCard/RunDirectory/Cards_MuMu_Bin2/HNMuMu_300.txt
Central	0.27784	0	0
_MuonEn_up	0.399169	0	0
_MuonEn_down	0.324903	0	0
_MuonIDSF_up	0.295321	0	0
_MuonIDSF_down	0.277225	0	0
_ElectronEn_up	0.27784	0	0
_ElectronEn_down	0.280818	0	0
_ElectronIDSF_up	0.287108	0	0
_ElectronIDSF_down	0.280605	0	0
_TriggerSF_up	0.279201	0	0
_TriggerSF_down	0.27784	0	0
_PU_up	0.279594	0	0
_PU_down	0.28566	0	0
_JetEn_up	0.37637	0	0
_JetEn_down	0.385861	0	0
_JetRes_up	0.275075	0	0
_JetRes_down	0.488866	0	0
_Unclustered_up	0.283832	0	0
_Unclustered_down	0.277756	0	0
_BTagSFEff_up	0.270622	0	0
_BTagSFEff_down	0.284802	0	0
_BTagSFMiss_up	0.272328	0	0
_BTagSFMiss_down	0.27784	0	0
_JetMass_up	0.280103	0	0
_JetMass_down	0.279209	0	0
_JetMassRes_up	0.279959	0	0
_JetMassRes_down	0.288417	0	0
_Tau21_up	0.306559	0	0
_Tau21_down	0.256063	0	0

################ Sources ################
Source	SystTotal	SystPrompt	SystFake	Signal
Stat 23.03 23.03  -nan  -nan  2.03
Lumi 2.50  2.50 -  -  2.50
PDF  -  -  -  -  2.44
MuonPt  33.12 33.12  -  -  4.17
MuonID  4.45 4.45  -  -  3.57
ElectronE  0.76 0.76  -  -  0.48
ElectronID  2.46 2.46  -  -  0.28
Trigger  0.35 0.35  -  -  0.34
PU  2.04 2.04  -  -  1.13
JES  37.21 37.21  -  -  1.29
JER  53.71 53.71  -  -  0.70
Uncl  1.53 1.53  -  -  0.14
BEff  2.55 2.55  -  -  0.38
BMiss  1.40 1.40  -  -  0.50
JMS  0.67 0.67  -  -  0.17
JMR  2.75 2.75  -  -  0.29
Tau21  9.17 9.17  -  -  7.30
MCNorm 57.49  57.49 -  -  -
Fake 0.00  -  -nan - -
CF 0.00  -  -  -nan -
Total Systematic 93.87 93.87  -nan  -nan  10.01

Total Background	0.278
- Prompt	0.278
- Fake	0.000
- CF	0.000
- Obs	0.000

####### Result #######
Signal Eff	0.021479
0.277840 1.966527
1.521664 1.102100
