
Processing CyclesForMixingLimit_MuMu_Bin2/HNMuMu_400.C...
[AnalysisInputs::SetMCSF] Get MC SF from /data8/Users/jskim/HN_dilepton_plotter/data/v8-0-7.37_Unblind/MCSF.txt
[AnalysisInputs::SetMCSF] sample : VVV
[AnalysisInputs::SetMCSF] => MCSF = 1, MCSF_err = 0.5
[AnalysisInputs::SetMCSF] sample : WWW
[AnalysisInputs::SetMCSF] => MCSF = 1, MCSF_err = 0.5
[AnalysisInputs::SetMCSF] sample : WWZ
[AnalysisInputs::SetMCSF] => MCSF = 1, MCSF_err = 0.5
[AnalysisInputs::SetMCSF] sample : WZZ
[AnalysisInputs::SetMCSF] => MCSF = 1, MCSF_err = 0.5
[AnalysisInputs::SetMCSF] sample : ZZZ
[AnalysisInputs::SetMCSF] => MCSF = 1, MCSF_err = 0.5
[AnalysisInputs::SetMCSF] sample : ttV
[AnalysisInputs::SetMCSF] => MCSF = 1, MCSF_err = 0.5
[AnalysisInputs::SetMCSF] sample : ttW
[AnalysisInputs::SetMCSF] => MCSF = 1, MCSF_err = 0.5
[AnalysisInputs::SetMCSF] sample : ttZ
[AnalysisInputs::SetMCSF] => MCSF = 1, MCSF_err = 0.5
[AnalysisInputs::SetMCSF] sample : ttH_nonbb
[AnalysisInputs::SetMCSF] => MCSF = 1, MCSF_err = 0.5
[AnalysisInputs::SetMCSF] sample : top
[AnalysisInputs::SetMCSF] => MCSF = 1, MCSF_err = 0.5
[AnalysisInputs::SetMCSF] sample : WWTo2L2Nu_DS
[AnalysisInputs::SetMCSF] => MCSF = 1, MCSF_err = 0.5
[AnalysisInputs::SetMCSF] sample : WpWpEWK
[AnalysisInputs::SetMCSF] => MCSF = 1.3062, MCSF_err = 0.5
[AnalysisInputs::SetMCSF] sample : WpWpQCD
[AnalysisInputs::SetMCSF] => MCSF = 1.70026, MCSF_err = 0.5
[AnalysisInputs::SetMCSF] sample : WZTo3LNu_mllmin01
[AnalysisInputs::SetMCSF] => MCSF = 0.65, MCSF_err = 0.06
[AnalysisInputs::SetMCSF] sample : WZTo3LNu_powheg
[AnalysisInputs::SetMCSF] => MCSF = 1.05044, MCSF_err = 0.0648798
[AnalysisInputs::SetMCSF] sample : ZGto2LG
[AnalysisInputs::SetMCSF] => MCSF = 1.09954, MCSF_err = 0.076377
[AnalysisInputs::SetMCSF] sample : WGtoLNuG
[AnalysisInputs::SetMCSF] => MCSF = 1, MCSF_err = 0.076377
[AnalysisInputs::SetMCSF] sample : WGtoLNuG_weighted
[AnalysisInputs::SetMCSF] => MCSF = 1, MCSF_err = 0.076377
[AnalysisInputs::SetMCSF] sample : ZZTo4L_powheg
[AnalysisInputs::SetMCSF] => MCSF = 0.978852, MCSF_err = 0.0792882
[AnalysisInputs::SetMCSF] sample : ggZZto2e2mu
[AnalysisInputs::SetMCSF] => MCSF = 0.978852, MCSF_err = 0.0792882
[AnalysisInputs::SetMCSF] sample : ggZZto2e2nu
[AnalysisInputs::SetMCSF] => MCSF = 0.978852, MCSF_err = 0.0792882
[AnalysisInputs::SetMCSF] sample : ggZZto2e2tau
[AnalysisInputs::SetMCSF] => MCSF = 0.978852, MCSF_err = 0.0792882
[AnalysisInputs::SetMCSF] sample : ggZZto2mu2nu
[AnalysisInputs::SetMCSF] => MCSF = 0.978852, MCSF_err = 0.0792882
[AnalysisInputs::SetMCSF] sample : ggZZto2mu2tau
[AnalysisInputs::SetMCSF] => MCSF = 0.978852, MCSF_err = 0.0792882
[AnalysisInputs::SetMCSF] sample : ggZZto4e
[AnalysisInputs::SetMCSF] => MCSF = 0.978852, MCSF_err = 0.0792882
[AnalysisInputs::SetMCSF] sample : ggZZto4mu
[AnalysisInputs::SetMCSF] => MCSF = 0.978852, MCSF_err = 0.0792882
[AnalysisInputs::SetMCSF] sample : ggZZto4tau
[AnalysisInputs::SetMCSF] => MCSF = 0.978852, MCSF_err = 0.0792882
[AnalysisInputs::SetMCSF] sample : ggHtoZZ
[AnalysisInputs::SetMCSF] => MCSF = 0.978852, MCSF_err = 0.0792882
[AnalysisInputs::SetCalculatedSysts] Get Systematics from /data8/Users/jskim/HN_dilepton_plotter/data/v8-0-7.37_Unblind/Syst.txt
[AnalysisInputs::SetCalculatedSysts] source : Luminosity
[AnalysisInputs::SetCalculatedSysts] => % sysematic = 0.025
[AnalysisInputs::SetCalculatedSysts] source : FakeLooseID
[AnalysisInputs::SetCalculatedSysts] => % sysematic = 0.3
[AnalysisInputs::SetCalculatedSysts] source : ChrageFlipSyst
[AnalysisInputs::SetCalculatedSysts] => % sysematic = 0.16
[CutRangeInfo::ReadCutCard] Get Cutcard from /data8/Users/jskim/HN_dilepton_plotter/data/v8-0-7.37_Unblind/CutOpCard/RunDirectory/Cards_MuMu_Bin2/HNMuMu_400.txt
Central	0.323305	0.0340983	0
_MuonEn_up	0.58442	0.0340983	0
_MuonEn_down	0.353588	0.0340983	0
_MuonIDSF_up	0.332552	0.0340983	0
_MuonIDSF_down	0.308544	0.0340983	0
_ElectronEn_up	0.32549	0.0340983	0
_ElectronEn_down	0.322023	0.0340983	0
_ElectronIDSF_up	0.321206	0.0340983	0
_ElectronIDSF_down	0.327877	0.0340983	0
_TriggerSF_up	0.322954	0.0340983	0
_TriggerSF_down	0.317566	0.0340983	0
_PU_up	0.314697	0.0340983	0
_PU_down	0.341732	0.0340983	0
_JetEn_up	0.445437	0.0340983	0
_JetEn_down	0.41836	0.0340983	0
_JetRes_up	0.323287	0.0340983	0
_JetRes_down	0.355755	0.0340983	0
_Unclustered_up	0.419395	0.0340983	0
_Unclustered_down	0.413721	0.0340983	0
_BTagSFEff_up	0.317606	0.0340983	0
_BTagSFEff_down	0.317566	0.0340983	0
_BTagSFMiss_up	0.327175	0.0340983	0
_BTagSFMiss_down	0.323492	0.0340983	0
_JetMass_up	0.321918	0.0340983	0
_JetMass_down	0.315004	0.0340983	0
_JetMassRes_up	0.322102	0.0340983	0
_JetMassRes_down	0.324505	0.0340983	0
_Tau21_up	0.357237	0.0340983	0
_Tau21_down	0.297274	0.0340983	0

################ Sources ################
Source	SystTotal	SystPrompt	SystFake	Signal
Stat 20.84 20.51  99.50  -nan  1.31
Lumi 2.26  2.50 -  -  2.50
PDF  -  -  -  -  2.44
MuonPt  52.01 57.49  -  -  3.41
MuonID  3.45 3.81  -  -  3.54
ElectronE  0.50 0.55  -  -  0.25
ElectronID  1.00 1.10  -  -  0.13
Trigger  1.14 1.26  -  -  0.48
PU  4.02 4.45  -  -  0.90
JES  30.62 33.85  -  -  0.49
JER  6.42 7.10  -  -  0.54
Uncl  26.10 28.86  -  -  0.17
BEff  1.60 1.77  -  -  0.23
BMiss  0.77 0.85  -  -  0.63
JMS  1.67 1.84  -  -  0.07
JMR  0.34 0.37  -  -  0.13
Tau21  8.46 9.35  -  -  7.38
MCNorm 52.09  57.59 -  -  -
Fake 2.86  -  30.00 - -
CF 0.00  -  -  -nan -
Total Systematic 84.85 93.75  30.00  -nan  9.64

Total Background	0.357
- Prompt	0.323
- Fake	0.034
- CF	0.000
- Obs	2.000

####### Result #######
Signal Eff	0.130200
0.357403 1.873738
1.207661 1.097279
