
Processing CyclesForMixingLimit_MuMu_Bin2/HNMuMu_500.C...
[AnalysisInputs::SetMCSF] Get MC SF from /data8/Users/jskim/HN_dilepton_plotter/data/v8-0-7.37_PreApproval/MCSF.txt
[AnalysisInputs::SetMCSF] sample : VVV
[AnalysisInputs::SetMCSF] => MCSF = 1, MCSF_err = 0.5
[AnalysisInputs::SetMCSF] sample : WWW
[AnalysisInputs::SetMCSF] => MCSF = 1, MCSF_err = 0.5
[AnalysisInputs::SetMCSF] sample : WWZ
[AnalysisInputs::SetMCSF] => MCSF = 1, MCSF_err = 0.5
[AnalysisInputs::SetMCSF] sample : WZZ
[AnalysisInputs::SetMCSF] => MCSF = 1, MCSF_err = 0.5
[AnalysisInputs::SetMCSF] sample : ZZZ
[AnalysisInputs::SetMCSF] => MCSF = 1, MCSF_err = 0.5
[AnalysisInputs::SetMCSF] sample : ttV
[AnalysisInputs::SetMCSF] => MCSF = 1, MCSF_err = 0.5
[AnalysisInputs::SetMCSF] sample : ttW
[AnalysisInputs::SetMCSF] => MCSF = 1, MCSF_err = 0.5
[AnalysisInputs::SetMCSF] sample : ttZ
[AnalysisInputs::SetMCSF] => MCSF = 1, MCSF_err = 0.5
[AnalysisInputs::SetMCSF] sample : ttH_nonbb
[AnalysisInputs::SetMCSF] => MCSF = 1, MCSF_err = 0.5
[AnalysisInputs::SetMCSF] sample : top
[AnalysisInputs::SetMCSF] => MCSF = 1, MCSF_err = 0.5
[AnalysisInputs::SetMCSF] sample : WWTo2L2Nu_DS
[AnalysisInputs::SetMCSF] => MCSF = 1, MCSF_err = 0.5
[AnalysisInputs::SetMCSF] sample : WpWpEWK
[AnalysisInputs::SetMCSF] => MCSF = 1, MCSF_err = 0.5
[AnalysisInputs::SetMCSF] sample : WpWpQCD
[AnalysisInputs::SetMCSF] => MCSF = 1, MCSF_err = 0.5
[AnalysisInputs::SetMCSF] sample : WZTo3LNu_mllmin01
[AnalysisInputs::SetMCSF] => MCSF = 0.65, MCSF_err = 0.06
[AnalysisInputs::SetMCSF] sample : WZTo3LNu_powheg
[AnalysisInputs::SetMCSF] => MCSF = 1.05044, MCSF_err = 0.0648798
[AnalysisInputs::SetMCSF] sample : ZGto2LG
[AnalysisInputs::SetMCSF] => MCSF = 1.09954, MCSF_err = 0.076377
[AnalysisInputs::SetMCSF] sample : WGtoLNuG
[AnalysisInputs::SetMCSF] => MCSF = 1, MCSF_err = 0.076377
[AnalysisInputs::SetMCSF] sample : WGtoLNuG_weighted
[AnalysisInputs::SetMCSF] => MCSF = 1, MCSF_err = 0.076377
[AnalysisInputs::SetMCSF] sample : ZZTo4L_powheg
[AnalysisInputs::SetMCSF] => MCSF = 0.978852, MCSF_err = 0.0792882
[AnalysisInputs::SetMCSF] sample : ggZZto2e2mu
[AnalysisInputs::SetMCSF] => MCSF = 0.978852, MCSF_err = 0.0792882
[AnalysisInputs::SetMCSF] sample : ggZZto2e2nu
[AnalysisInputs::SetMCSF] => MCSF = 0.978852, MCSF_err = 0.0792882
[AnalysisInputs::SetMCSF] sample : ggZZto2e2tau
[AnalysisInputs::SetMCSF] => MCSF = 0.978852, MCSF_err = 0.0792882
[AnalysisInputs::SetMCSF] sample : ggZZto2mu2nu
[AnalysisInputs::SetMCSF] => MCSF = 0.978852, MCSF_err = 0.0792882
[AnalysisInputs::SetMCSF] sample : ggZZto2mu2tau
[AnalysisInputs::SetMCSF] => MCSF = 0.978852, MCSF_err = 0.0792882
[AnalysisInputs::SetMCSF] sample : ggZZto4e
[AnalysisInputs::SetMCSF] => MCSF = 0.978852, MCSF_err = 0.0792882
[AnalysisInputs::SetMCSF] sample : ggZZto4mu
[AnalysisInputs::SetMCSF] => MCSF = 0.978852, MCSF_err = 0.0792882
[AnalysisInputs::SetMCSF] sample : ggZZto4tau
[AnalysisInputs::SetMCSF] => MCSF = 0.978852, MCSF_err = 0.0792882
[AnalysisInputs::SetMCSF] sample : ggHtoZZ
[AnalysisInputs::SetMCSF] => MCSF = 0.978852, MCSF_err = 0.0792882
[AnalysisInputs::SetCalculatedSysts] Get Systematics from /data8/Users/jskim/HN_dilepton_plotter/data/v8-0-7.37_PreApproval/Syst.txt
[AnalysisInputs::SetCalculatedSysts] source : Luminosity
[AnalysisInputs::SetCalculatedSysts] => % sysematic = 0.025
[AnalysisInputs::SetCalculatedSysts] source : FakeLooseID
[AnalysisInputs::SetCalculatedSysts] => % sysematic = 0.3
[AnalysisInputs::SetCalculatedSysts] source : ChrageFlipSyst
[AnalysisInputs::SetCalculatedSysts] => % sysematic = 0.16
[CutRangeInfo::ReadCutCard] Get Cutcard from /data8/Users/jskim/HN_dilepton_plotter/data/v8-0-7.37_PreApproval/CutOpCard/RunDirectory/Cards_MuMu_Bin2/HNMuMu_500.txt
Central	0.552467	0	0
_MuonEn_up	0.986283	0	0
_MuonEn_down	0.518675	0	0
_MuonIDSF_up	0.565736	0	0
_MuonIDSF_down	0.531595	0	0
_ElectronEn_up	0.556413	0	0
_ElectronEn_down	0.546418	0	0
_ElectronIDSF_up	0.541573	0	0
_ElectronIDSF_down	0.550004	0	0
_TriggerSF_up	0.546429	0	0
_TriggerSF_down	0.550011	0	0
_PU_up	0.593644	0	0
_PU_down	0.529718	0	0
_JetEn_up	0.624053	0	0
_JetEn_down	0.876651	0	0
_JetRes_up	0.546629	0	0
_JetRes_down	0.685453	0	0
_Unclustered_up	0.633197	0	0
_Unclustered_down	0.652605	0	0
_BTagSFEff_up	0.549838	0	0
_BTagSFEff_down	0.550035	0	0
_BTagSFMiss_up	0.549736	0	0
_BTagSFMiss_down	0.548957	0	0
_JetMass_up	0.549299	0	0
_JetMass_down	0.552726	0	0
_JetMassRes_up	0.543544	0	0
_JetMassRes_down	0.565229	0	0
_Tau21_up	0.590031	0	0
_Tau21_down	0.512002	0	0

################ Sources ################
Source	SystTotal	SystPrompt	SystFake	Signal
Stat 28.25 28.25  -nan  -nan  1.13
Lumi 2.50  2.50 -  -  2.50
PDF  -  -  -  -  2.44
MuonPt  55.69 55.69  -  -  3.09
MuonID  3.17 3.17  -  -  3.65
ElectronE  0.92 0.92  -  -  0.07
ElectronID  1.43 1.43  -  -  0.04
Trigger  0.83 0.83  -  -  0.40
PU  6.02 6.02  -  -  0.95
JES  42.49 42.49  -  -  0.33
JER  17.04 17.04  -  -  0.46
Uncl  16.46 16.46  -  -  0.20
BEff  0.46 0.46  -  -  0.36
BMiss  0.57 0.57  -  -  0.50
JMS  0.41 0.41  -  -  0.05
JMR  1.99 1.99  -  -  0.14
Tau21  7.07 7.07  -  -  7.59
MCNorm 31.59  31.59 -  -  -
Fake 0.00  -  -nan - -
CF 0.00  -  -  -nan -
Total Systematic 81.10 81.10  -nan  -nan  9.72

Total Background	0.552
- Prompt	0.552
- Fake	0.000
- CF	0.000

####### Result #######
Signal Eff	0.217620
0.552467 1.858801
0.840082 1.097865
