
Processing CyclesForMixingLimit_MuMu_Bin2/HNMuMu_1400.C...
[AnalysisInputs::SetMCSF] Get MC SF from /data8/Users/jskim/HN_dilepton_plotter/data/v8-0-7.37_PreApproval/MCSF.txt
[AnalysisInputs::SetMCSF] sample : VVV
[AnalysisInputs::SetMCSF] => MCSF = 1, MCSF_err = 0.5
[AnalysisInputs::SetMCSF] sample : WWW
[AnalysisInputs::SetMCSF] => MCSF = 1, MCSF_err = 0.5
[AnalysisInputs::SetMCSF] sample : WWZ
[AnalysisInputs::SetMCSF] => MCSF = 1, MCSF_err = 0.5
[AnalysisInputs::SetMCSF] sample : WZZ
[AnalysisInputs::SetMCSF] => MCSF = 1, MCSF_err = 0.5
[AnalysisInputs::SetMCSF] sample : ZZZ
[AnalysisInputs::SetMCSF] => MCSF = 1, MCSF_err = 0.5
[AnalysisInputs::SetMCSF] sample : ttV
[AnalysisInputs::SetMCSF] => MCSF = 1, MCSF_err = 0.5
[AnalysisInputs::SetMCSF] sample : ttW
[AnalysisInputs::SetMCSF] => MCSF = 1, MCSF_err = 0.5
[AnalysisInputs::SetMCSF] sample : ttZ
[AnalysisInputs::SetMCSF] => MCSF = 1, MCSF_err = 0.5
[AnalysisInputs::SetMCSF] sample : ttH_nonbb
[AnalysisInputs::SetMCSF] => MCSF = 1, MCSF_err = 0.5
[AnalysisInputs::SetMCSF] sample : top
[AnalysisInputs::SetMCSF] => MCSF = 1, MCSF_err = 0.5
[AnalysisInputs::SetMCSF] sample : WWTo2L2Nu_DS
[AnalysisInputs::SetMCSF] => MCSF = 1, MCSF_err = 0.5
[AnalysisInputs::SetMCSF] sample : WpWpEWK
[AnalysisInputs::SetMCSF] => MCSF = 1, MCSF_err = 0.5
[AnalysisInputs::SetMCSF] sample : WpWpQCD
[AnalysisInputs::SetMCSF] => MCSF = 1, MCSF_err = 0.5
[AnalysisInputs::SetMCSF] sample : WZTo3LNu_mllmin01
[AnalysisInputs::SetMCSF] => MCSF = 0.65, MCSF_err = 0.06
[AnalysisInputs::SetMCSF] sample : WZTo3LNu_powheg
[AnalysisInputs::SetMCSF] => MCSF = 1.05044, MCSF_err = 0.0648798
[AnalysisInputs::SetMCSF] sample : ZGto2LG
[AnalysisInputs::SetMCSF] => MCSF = 1.09954, MCSF_err = 0.076377
[AnalysisInputs::SetMCSF] sample : WGtoLNuG
[AnalysisInputs::SetMCSF] => MCSF = 1, MCSF_err = 0.076377
[AnalysisInputs::SetMCSF] sample : WGtoLNuG_weighted
[AnalysisInputs::SetMCSF] => MCSF = 1, MCSF_err = 0.076377
[AnalysisInputs::SetMCSF] sample : ZZTo4L_powheg
[AnalysisInputs::SetMCSF] => MCSF = 0.978852, MCSF_err = 0.0792882
[AnalysisInputs::SetMCSF] sample : ggZZto2e2mu
[AnalysisInputs::SetMCSF] => MCSF = 0.978852, MCSF_err = 0.0792882
[AnalysisInputs::SetMCSF] sample : ggZZto2e2nu
[AnalysisInputs::SetMCSF] => MCSF = 0.978852, MCSF_err = 0.0792882
[AnalysisInputs::SetMCSF] sample : ggZZto2e2tau
[AnalysisInputs::SetMCSF] => MCSF = 0.978852, MCSF_err = 0.0792882
[AnalysisInputs::SetMCSF] sample : ggZZto2mu2nu
[AnalysisInputs::SetMCSF] => MCSF = 0.978852, MCSF_err = 0.0792882
[AnalysisInputs::SetMCSF] sample : ggZZto2mu2tau
[AnalysisInputs::SetMCSF] => MCSF = 0.978852, MCSF_err = 0.0792882
[AnalysisInputs::SetMCSF] sample : ggZZto4e
[AnalysisInputs::SetMCSF] => MCSF = 0.978852, MCSF_err = 0.0792882
[AnalysisInputs::SetMCSF] sample : ggZZto4mu
[AnalysisInputs::SetMCSF] => MCSF = 0.978852, MCSF_err = 0.0792882
[AnalysisInputs::SetMCSF] sample : ggZZto4tau
[AnalysisInputs::SetMCSF] => MCSF = 0.978852, MCSF_err = 0.0792882
[AnalysisInputs::SetMCSF] sample : ggHtoZZ
[AnalysisInputs::SetMCSF] => MCSF = 0.978852, MCSF_err = 0.0792882
[AnalysisInputs::SetCalculatedSysts] Get Systematics from /data8/Users/jskim/HN_dilepton_plotter/data/v8-0-7.37_PreApproval/Syst.txt
[AnalysisInputs::SetCalculatedSysts] source : Luminosity
[AnalysisInputs::SetCalculatedSysts] => % sysematic = 0.025
[AnalysisInputs::SetCalculatedSysts] source : FakeLooseID
[AnalysisInputs::SetCalculatedSysts] => % sysematic = 0.3
[AnalysisInputs::SetCalculatedSysts] source : ChrageFlipSyst
[AnalysisInputs::SetCalculatedSysts] => % sysematic = 0.16
[CutRangeInfo::ReadCutCard] Get Cutcard from /data8/Users/jskim/HN_dilepton_plotter/data/v8-0-7.37_PreApproval/CutOpCard/RunDirectory/Cards_MuMu_Bin2/HNMuMu_1400.txt
Central	0.0750967	0	0
_MuonEn_up	0.198435	0	0
_MuonEn_down	0.0571906	0	0
_MuonIDSF_up	0.0741057	0	0
_MuonIDSF_down	0.074712	0	0
_ElectronEn_up	0.0716541	0	0
_ElectronEn_down	0.0716541	0	0
_ElectronIDSF_up	0.0716541	0	0
_ElectronIDSF_down	0.0716541	0	0
_TriggerSF_up	0.0721101	0	0
_TriggerSF_down	0.0694537	0	0
_PU_up	0.0736397	0	0
_PU_down	0.0731212	0	0
_JetEn_up	0.171413	0	0
_JetEn_down	0.0844744	0	0
_JetRes_up	0.0716541	0	0
_JetRes_down	0.0716541	0	0
_Unclustered_up	0.074443	0	0
_Unclustered_down	0.0764025	0	0
_BTagSFEff_up	0.0716541	0	0
_BTagSFEff_down	0.0772495	0	0
_BTagSFMiss_up	0.0772495	0	0
_BTagSFMiss_down	0.0716541	0	0
_JetMass_up	0.0779151	0	0
_JetMass_down	0.0716541	0	0
_JetMassRes_up	0.0750967	0	0
_JetMassRes_down	0.0687363	0	0
_Tau21_up	0.0771772	0	0
_Tau21_down	0.0661311	0	0

################ Sources ################
Source	SystTotal	SystPrompt	SystFake	Signal
Stat 25.69 25.69  -nan  -nan  0.85
Lumi 2.50  2.50 -  -  2.50
PDF  -  -  -  -  2.44
MuonPt  117.35 117.35  -  -  3.56
MuonID  1.00 1.00  -  -  3.56
ElectronE  4.58 4.58  -  -  0.06
ElectronID  4.58 4.58  -  -  0.07
Trigger  6.01 6.01  -  -  0.45
PU  2.31 2.31  -  -  1.26
JES  91.12 91.12  -  -  0.25
JER  4.58 4.58  -  -  0.15
Uncl  1.37 1.37  -  -  0.13
BEff  3.82 3.82  -  -  0.56
BMiss  3.82 3.82  -  -  0.51
JMS  4.19 4.19  -  -  0.08
JMR  5.99 5.99  -  -  0.05
Tau21  8.67 8.67  -  -  8.56
MCNorm 50.00  50.00 -  -  -
Fake 0.00  -  -nan - -
CF 0.00  -  -  -nan -
Total Systematic 157.63 157.63  -nan  -nan  10.65

Total Background	0.075
- Prompt	0.075
- Fake	0.000
- CF	0.000

####### Result #######
Signal Eff	0.359186
0.075097 2.597060
0.012483 1.106809
