
Processing CyclesForMixingLimit_MuMu_Bin2/HNMuMu_250.C...
[AnalysisInputs::SetMCSF] Get MC SF from /data8/Users/jskim/HN_dilepton_plotter/data/v8-0-7.37_PreApproval/MCSF.txt
[AnalysisInputs::SetMCSF] sample : VVV
[AnalysisInputs::SetMCSF] => MCSF = 1, MCSF_err = 0.5
[AnalysisInputs::SetMCSF] sample : WWW
[AnalysisInputs::SetMCSF] => MCSF = 1, MCSF_err = 0.5
[AnalysisInputs::SetMCSF] sample : WWZ
[AnalysisInputs::SetMCSF] => MCSF = 1, MCSF_err = 0.5
[AnalysisInputs::SetMCSF] sample : WZZ
[AnalysisInputs::SetMCSF] => MCSF = 1, MCSF_err = 0.5
[AnalysisInputs::SetMCSF] sample : ZZZ
[AnalysisInputs::SetMCSF] => MCSF = 1, MCSF_err = 0.5
[AnalysisInputs::SetMCSF] sample : ttV
[AnalysisInputs::SetMCSF] => MCSF = 1, MCSF_err = 0.5
[AnalysisInputs::SetMCSF] sample : ttW
[AnalysisInputs::SetMCSF] => MCSF = 1, MCSF_err = 0.5
[AnalysisInputs::SetMCSF] sample : ttZ
[AnalysisInputs::SetMCSF] => MCSF = 1, MCSF_err = 0.5
[AnalysisInputs::SetMCSF] sample : ttH_nonbb
[AnalysisInputs::SetMCSF] => MCSF = 1, MCSF_err = 0.5
[AnalysisInputs::SetMCSF] sample : top
[AnalysisInputs::SetMCSF] => MCSF = 1, MCSF_err = 0.5
[AnalysisInputs::SetMCSF] sample : WWTo2L2Nu_DS
[AnalysisInputs::SetMCSF] => MCSF = 1, MCSF_err = 0.5
[AnalysisInputs::SetMCSF] sample : WpWpEWK
[AnalysisInputs::SetMCSF] => MCSF = 1, MCSF_err = 0.5
[AnalysisInputs::SetMCSF] sample : WpWpQCD
[AnalysisInputs::SetMCSF] => MCSF = 1, MCSF_err = 0.5
[AnalysisInputs::SetMCSF] sample : WZTo3LNu_mllmin01
[AnalysisInputs::SetMCSF] => MCSF = 0.65, MCSF_err = 0.06
[AnalysisInputs::SetMCSF] sample : WZTo3LNu_powheg
[AnalysisInputs::SetMCSF] => MCSF = 1.05044, MCSF_err = 0.0648798
[AnalysisInputs::SetMCSF] sample : ZGto2LG
[AnalysisInputs::SetMCSF] => MCSF = 1.09954, MCSF_err = 0.076377
[AnalysisInputs::SetMCSF] sample : WGtoLNuG
[AnalysisInputs::SetMCSF] => MCSF = 1, MCSF_err = 0.076377
[AnalysisInputs::SetMCSF] sample : WGtoLNuG_weighted
[AnalysisInputs::SetMCSF] => MCSF = 1, MCSF_err = 0.076377
[AnalysisInputs::SetMCSF] sample : ZZTo4L_powheg
[AnalysisInputs::SetMCSF] => MCSF = 0.978852, MCSF_err = 0.0792882
[AnalysisInputs::SetMCSF] sample : ggZZto2e2mu
[AnalysisInputs::SetMCSF] => MCSF = 0.978852, MCSF_err = 0.0792882
[AnalysisInputs::SetMCSF] sample : ggZZto2e2nu
[AnalysisInputs::SetMCSF] => MCSF = 0.978852, MCSF_err = 0.0792882
[AnalysisInputs::SetMCSF] sample : ggZZto2e2tau
[AnalysisInputs::SetMCSF] => MCSF = 0.978852, MCSF_err = 0.0792882
[AnalysisInputs::SetMCSF] sample : ggZZto2mu2nu
[AnalysisInputs::SetMCSF] => MCSF = 0.978852, MCSF_err = 0.0792882
[AnalysisInputs::SetMCSF] sample : ggZZto2mu2tau
[AnalysisInputs::SetMCSF] => MCSF = 0.978852, MCSF_err = 0.0792882
[AnalysisInputs::SetMCSF] sample : ggZZto4e
[AnalysisInputs::SetMCSF] => MCSF = 0.978852, MCSF_err = 0.0792882
[AnalysisInputs::SetMCSF] sample : ggZZto4mu
[AnalysisInputs::SetMCSF] => MCSF = 0.978852, MCSF_err = 0.0792882
[AnalysisInputs::SetMCSF] sample : ggZZto4tau
[AnalysisInputs::SetMCSF] => MCSF = 0.978852, MCSF_err = 0.0792882
[AnalysisInputs::SetMCSF] sample : ggHtoZZ
[AnalysisInputs::SetMCSF] => MCSF = 0.978852, MCSF_err = 0.0792882
[AnalysisInputs::SetCalculatedSysts] Get Systematics from /data8/Users/jskim/HN_dilepton_plotter/data/v8-0-7.37_PreApproval/Syst.txt
[AnalysisInputs::SetCalculatedSysts] source : Luminosity
[AnalysisInputs::SetCalculatedSysts] => % sysematic = 0.025
[AnalysisInputs::SetCalculatedSysts] source : FakeLooseID
[AnalysisInputs::SetCalculatedSysts] => % sysematic = 0.3
[AnalysisInputs::SetCalculatedSysts] source : ChrageFlipSyst
[AnalysisInputs::SetCalculatedSysts] => % sysematic = 0.16
[CutRangeInfo::ReadCutCard] Get Cutcard from /data8/Users/jskim/HN_dilepton_plotter/data/v8-0-7.37_PreApproval/CutOpCard/RunDirectory/Cards_MuMu_Bin2/HNMuMu_250.txt
Central	0.288732	0.0368061	0
_MuonEn_up	0.439544	0.0368061	0
_MuonEn_down	0.252643	0.0368061	0
_MuonIDSF_up	0.298615	0.0368061	0
_MuonIDSF_down	0.288718	0.0368061	0
_ElectronEn_up	0.297325	0.0368061	0
_ElectronEn_down	0.29444	0.0368061	0
_ElectronIDSF_up	0.291504	0.0368061	0
_ElectronIDSF_down	0.285124	0.0368061	0
_TriggerSF_up	0.29201	0.0368061	0
_TriggerSF_down	0.285124	0.0368061	0
_PU_up	0.29269	0.0368061	0
_PU_down	0.286664	0.0368061	0
_JetEn_up	0.275042	0.0368061	0
_JetEn_down	0.307002	0.0368061	0
_JetRes_up	0.294626	0.0368061	0
_JetRes_down	0.268983	0.0368061	0
_Unclustered_up	0.300606	0.0368061	0
_Unclustered_down	0.314945	0.0368061	0
_BTagSFEff_up	0.285202	0.0368061	0
_BTagSFEff_down	0.294174	0.0368061	0
_BTagSFMiss_up	0.302949	0.0368061	0
_BTagSFMiss_down	0.285124	0.0368061	0
_JetMass_up	0.290275	0.0368061	0
_JetMass_down	0.284662	0.0368061	0
_JetMassRes_up	0.285124	0.0368061	0
_JetMassRes_down	0.306488	0.0368061	0
_Tau21_up	0.311312	0.0368061	0
_Tau21_down	0.278585	0.0368061	0

################ Sources ################
Source	SystTotal	SystPrompt	SystFake	Signal
Stat 32.94 33.93  118.47  -nan  2.71
Lumi 2.22  2.50 -  -  2.50
PDF  -  -  -  -  2.44
MuonPt  33.68 37.98  -  -  2.62
MuonID  2.15 2.42  -  -  3.40
ElectronE  2.24 2.53  -  -  0.37
ElectronID  0.99 1.11  -  -  0.22
Trigger  1.06 1.19  -  -  0.13
PU  0.97 1.09  -  -  1.48
JES  4.96 5.59  -  -  0.86
JER  4.48 5.05  -  -  0.38
Uncl  6.25 7.05  -  -  0.10
BEff  1.41 1.59  -  -  0.33
BMiss  3.19 3.59  -  -  0.32
JMS  0.95 1.07  -  -  0.52
JMR  3.94 4.44  -  -  0.34
Tau21  5.38 6.06  -  -  7.12
MCNorm 33.19  37.42 -  -  -
Fake 3.39  -  30.00 - -
CF 0.00  -  -  -nan -
Total Systematic 49.06 55.18  30.00  -nan  9.23

Total Background	0.326
- Prompt	0.289
- Fake	0.037
- CF	0.000

####### Result #######
Signal Eff	0.029800
0.325538 1.590911
1.684766 1.096191
