
Processing CyclesForMixingLimit_MuMu_Bin2/HNMuMu_800.C...
[AnalysisInputs::SetMCSF] Get MC SF from /data8/Users/jskim/HN_dilepton_plotter/data/v8-0-7.37_PreApproval/MCSF.txt
[AnalysisInputs::SetMCSF] sample : VVV
[AnalysisInputs::SetMCSF] => MCSF = 1, MCSF_err = 0.5
[AnalysisInputs::SetMCSF] sample : WWW
[AnalysisInputs::SetMCSF] => MCSF = 1, MCSF_err = 0.5
[AnalysisInputs::SetMCSF] sample : WWZ
[AnalysisInputs::SetMCSF] => MCSF = 1, MCSF_err = 0.5
[AnalysisInputs::SetMCSF] sample : WZZ
[AnalysisInputs::SetMCSF] => MCSF = 1, MCSF_err = 0.5
[AnalysisInputs::SetMCSF] sample : ZZZ
[AnalysisInputs::SetMCSF] => MCSF = 1, MCSF_err = 0.5
[AnalysisInputs::SetMCSF] sample : ttV
[AnalysisInputs::SetMCSF] => MCSF = 1, MCSF_err = 0.5
[AnalysisInputs::SetMCSF] sample : ttW
[AnalysisInputs::SetMCSF] => MCSF = 1, MCSF_err = 0.5
[AnalysisInputs::SetMCSF] sample : ttZ
[AnalysisInputs::SetMCSF] => MCSF = 1, MCSF_err = 0.5
[AnalysisInputs::SetMCSF] sample : ttH_nonbb
[AnalysisInputs::SetMCSF] => MCSF = 1, MCSF_err = 0.5
[AnalysisInputs::SetMCSF] sample : top
[AnalysisInputs::SetMCSF] => MCSF = 1, MCSF_err = 0.5
[AnalysisInputs::SetMCSF] sample : WWTo2L2Nu_DS
[AnalysisInputs::SetMCSF] => MCSF = 1, MCSF_err = 0.5
[AnalysisInputs::SetMCSF] sample : WpWpEWK
[AnalysisInputs::SetMCSF] => MCSF = 1, MCSF_err = 0.5
[AnalysisInputs::SetMCSF] sample : WpWpQCD
[AnalysisInputs::SetMCSF] => MCSF = 1, MCSF_err = 0.5
[AnalysisInputs::SetMCSF] sample : WZTo3LNu_mllmin01
[AnalysisInputs::SetMCSF] => MCSF = 0.65, MCSF_err = 0.06
[AnalysisInputs::SetMCSF] sample : WZTo3LNu_powheg
[AnalysisInputs::SetMCSF] => MCSF = 1.05044, MCSF_err = 0.0648798
[AnalysisInputs::SetMCSF] sample : ZGto2LG
[AnalysisInputs::SetMCSF] => MCSF = 1.09954, MCSF_err = 0.076377
[AnalysisInputs::SetMCSF] sample : WGtoLNuG
[AnalysisInputs::SetMCSF] => MCSF = 1, MCSF_err = 0.076377
[AnalysisInputs::SetMCSF] sample : WGtoLNuG_weighted
[AnalysisInputs::SetMCSF] => MCSF = 1, MCSF_err = 0.076377
[AnalysisInputs::SetMCSF] sample : ZZTo4L_powheg
[AnalysisInputs::SetMCSF] => MCSF = 0.978852, MCSF_err = 0.0792882
[AnalysisInputs::SetMCSF] sample : ggZZto2e2mu
[AnalysisInputs::SetMCSF] => MCSF = 0.978852, MCSF_err = 0.0792882
[AnalysisInputs::SetMCSF] sample : ggZZto2e2nu
[AnalysisInputs::SetMCSF] => MCSF = 0.978852, MCSF_err = 0.0792882
[AnalysisInputs::SetMCSF] sample : ggZZto2e2tau
[AnalysisInputs::SetMCSF] => MCSF = 0.978852, MCSF_err = 0.0792882
[AnalysisInputs::SetMCSF] sample : ggZZto2mu2nu
[AnalysisInputs::SetMCSF] => MCSF = 0.978852, MCSF_err = 0.0792882
[AnalysisInputs::SetMCSF] sample : ggZZto2mu2tau
[AnalysisInputs::SetMCSF] => MCSF = 0.978852, MCSF_err = 0.0792882
[AnalysisInputs::SetMCSF] sample : ggZZto4e
[AnalysisInputs::SetMCSF] => MCSF = 0.978852, MCSF_err = 0.0792882
[AnalysisInputs::SetMCSF] sample : ggZZto4mu
[AnalysisInputs::SetMCSF] => MCSF = 0.978852, MCSF_err = 0.0792882
[AnalysisInputs::SetMCSF] sample : ggZZto4tau
[AnalysisInputs::SetMCSF] => MCSF = 0.978852, MCSF_err = 0.0792882
[AnalysisInputs::SetMCSF] sample : ggHtoZZ
[AnalysisInputs::SetMCSF] => MCSF = 0.978852, MCSF_err = 0.0792882
[AnalysisInputs::SetCalculatedSysts] Get Systematics from /data8/Users/jskim/HN_dilepton_plotter/data/v8-0-7.37_PreApproval/Syst.txt
[AnalysisInputs::SetCalculatedSysts] source : Luminosity
[AnalysisInputs::SetCalculatedSysts] => % sysematic = 0.025
[AnalysisInputs::SetCalculatedSysts] source : FakeLooseID
[AnalysisInputs::SetCalculatedSysts] => % sysematic = 0.3
[AnalysisInputs::SetCalculatedSysts] source : ChrageFlipSyst
[AnalysisInputs::SetCalculatedSysts] => % sysematic = 0.16
[CutRangeInfo::ReadCutCard] Get Cutcard from /data8/Users/jskim/HN_dilepton_plotter/data/v8-0-7.37_PreApproval/CutOpCard/RunDirectory/Cards_MuMu_Bin2/HNMuMu_800.txt
Central	0.313838	0	0
_MuonEn_up	0.457828	0	0
_MuonEn_down	0.147214	0	0
_MuonIDSF_up	0.313779	0	0
_MuonIDSF_down	0.300302	0	0
_ElectronEn_up	0.314872	0	0
_ElectronEn_down	0.310747	0	0
_ElectronIDSF_up	0.310346	0	0
_ElectronIDSF_down	0.316273	0	0
_TriggerSF_up	0.299186	0	0
_TriggerSF_down	0.303515	0	0
_PU_up	0.320609	0	0
_PU_down	0.29292	0	0
_JetEn_up	0.323336	0	0
_JetEn_down	0.321713	0	0
_JetRes_up	0.330682	0	0
_JetRes_down	0.304469	0	0
_Unclustered_up	0.328723	0	0
_Unclustered_down	0.31947	0	0
_BTagSFEff_up	0.303555	0	0
_BTagSFEff_down	0.321786	0	0
_BTagSFMiss_up	0.315628	0	0
_BTagSFMiss_down	0.310346	0	0
_JetMass_up	0.307123	0	0
_JetMass_down	0.307494	0	0
_JetMassRes_up	0.302858	0	0
_JetMassRes_down	0.305864	0	0
_Tau21_up	0.341082	0	0
_Tau21_down	0.28598	0	0

################ Sources ################
Source	SystTotal	SystPrompt	SystFake	Signal
Stat 37.66 37.66  -nan  -nan  0.84
Lumi 2.50  2.50 -  -  2.50
PDF  -  -  -  -  2.44
MuonPt  49.62 49.62  -  -  5.95
MuonID  3.05 3.05  -  -  3.57
ElectronE  0.73 0.73  -  -  0.19
ElectronID  0.96 0.96  -  -  0.10
Trigger  4.04 4.04  -  -  0.41
PU  4.95 4.95  -  -  0.72
JES  2.78 2.78  -  -  0.77
JER  4.34 4.34  -  -  0.36
Uncl  3.59 3.59  -  -  0.08
BEff  2.93 2.93  -  -  0.45
BMiss  0.88 0.88  -  -  0.62
JMS  2.08 2.08  -  -  0.20
JMR  3.06 3.06  -  -  0.11
Tau21  8.78 8.78  -  -  7.85
MCNorm 38.08  38.08 -  -  -
Fake 0.00  -  -nan - -
CF 0.00  -  -  -nan -
Total Systematic 64.11 64.11  -nan  -nan  11.14

Total Background	0.314
- Prompt	0.314
- Fake	0.000
- CF	0.000

####### Result #######
Signal Eff	0.348729
0.313838 1.743506
0.187402 1.111690
