
Processing CyclesForMixingLimit_MuEl_Bin2/HNMuEl_1400.C...
[AnalysisInputs::SetMCSF] Get MC SF from /data8/Users/jskim/HN_dilepton_plotter/data/v8-0-7.37_PreApproval/MCSF.txt
[AnalysisInputs::SetMCSF] sample : VVV
[AnalysisInputs::SetMCSF] => MCSF = 1, MCSF_err = 0.5
[AnalysisInputs::SetMCSF] sample : WWW
[AnalysisInputs::SetMCSF] => MCSF = 1, MCSF_err = 0.5
[AnalysisInputs::SetMCSF] sample : WWZ
[AnalysisInputs::SetMCSF] => MCSF = 1, MCSF_err = 0.5
[AnalysisInputs::SetMCSF] sample : WZZ
[AnalysisInputs::SetMCSF] => MCSF = 1, MCSF_err = 0.5
[AnalysisInputs::SetMCSF] sample : ZZZ
[AnalysisInputs::SetMCSF] => MCSF = 1, MCSF_err = 0.5
[AnalysisInputs::SetMCSF] sample : ttV
[AnalysisInputs::SetMCSF] => MCSF = 1, MCSF_err = 0.5
[AnalysisInputs::SetMCSF] sample : ttW
[AnalysisInputs::SetMCSF] => MCSF = 1, MCSF_err = 0.5
[AnalysisInputs::SetMCSF] sample : ttZ
[AnalysisInputs::SetMCSF] => MCSF = 1, MCSF_err = 0.5
[AnalysisInputs::SetMCSF] sample : ttH_nonbb
[AnalysisInputs::SetMCSF] => MCSF = 1, MCSF_err = 0.5
[AnalysisInputs::SetMCSF] sample : top
[AnalysisInputs::SetMCSF] => MCSF = 1, MCSF_err = 0.5
[AnalysisInputs::SetMCSF] sample : WWTo2L2Nu_DS
[AnalysisInputs::SetMCSF] => MCSF = 1, MCSF_err = 0.5
[AnalysisInputs::SetMCSF] sample : WpWpEWK
[AnalysisInputs::SetMCSF] => MCSF = 1, MCSF_err = 0.5
[AnalysisInputs::SetMCSF] sample : WpWpQCD
[AnalysisInputs::SetMCSF] => MCSF = 1, MCSF_err = 0.5
[AnalysisInputs::SetMCSF] sample : WZTo3LNu_mllmin01
[AnalysisInputs::SetMCSF] => MCSF = 0.65, MCSF_err = 0.06
[AnalysisInputs::SetMCSF] sample : WZTo3LNu_powheg
[AnalysisInputs::SetMCSF] => MCSF = 1.05044, MCSF_err = 0.0648798
[AnalysisInputs::SetMCSF] sample : ZGto2LG
[AnalysisInputs::SetMCSF] => MCSF = 1.09954, MCSF_err = 0.076377
[AnalysisInputs::SetMCSF] sample : WGtoLNuG
[AnalysisInputs::SetMCSF] => MCSF = 1, MCSF_err = 0.076377
[AnalysisInputs::SetMCSF] sample : WGtoLNuG_weighted
[AnalysisInputs::SetMCSF] => MCSF = 1, MCSF_err = 0.076377
[AnalysisInputs::SetMCSF] sample : ZZTo4L_powheg
[AnalysisInputs::SetMCSF] => MCSF = 0.978852, MCSF_err = 0.0792882
[AnalysisInputs::SetMCSF] sample : ggZZto2e2mu
[AnalysisInputs::SetMCSF] => MCSF = 0.978852, MCSF_err = 0.0792882
[AnalysisInputs::SetMCSF] sample : ggZZto2e2nu
[AnalysisInputs::SetMCSF] => MCSF = 0.978852, MCSF_err = 0.0792882
[AnalysisInputs::SetMCSF] sample : ggZZto2e2tau
[AnalysisInputs::SetMCSF] => MCSF = 0.978852, MCSF_err = 0.0792882
[AnalysisInputs::SetMCSF] sample : ggZZto2mu2nu
[AnalysisInputs::SetMCSF] => MCSF = 0.978852, MCSF_err = 0.0792882
[AnalysisInputs::SetMCSF] sample : ggZZto2mu2tau
[AnalysisInputs::SetMCSF] => MCSF = 0.978852, MCSF_err = 0.0792882
[AnalysisInputs::SetMCSF] sample : ggZZto4e
[AnalysisInputs::SetMCSF] => MCSF = 0.978852, MCSF_err = 0.0792882
[AnalysisInputs::SetMCSF] sample : ggZZto4mu
[AnalysisInputs::SetMCSF] => MCSF = 0.978852, MCSF_err = 0.0792882
[AnalysisInputs::SetMCSF] sample : ggZZto4tau
[AnalysisInputs::SetMCSF] => MCSF = 0.978852, MCSF_err = 0.0792882
[AnalysisInputs::SetMCSF] sample : ggHtoZZ
[AnalysisInputs::SetMCSF] => MCSF = 0.978852, MCSF_err = 0.0792882
[AnalysisInputs::SetCalculatedSysts] Get Systematics from /data8/Users/jskim/HN_dilepton_plotter/data/v8-0-7.37_PreApproval/Syst.txt
[AnalysisInputs::SetCalculatedSysts] source : Luminosity
[AnalysisInputs::SetCalculatedSysts] => % sysematic = 0.025
[AnalysisInputs::SetCalculatedSysts] source : FakeLooseID
[AnalysisInputs::SetCalculatedSysts] => % sysematic = 0.3
[AnalysisInputs::SetCalculatedSysts] source : ChrageFlipSyst
[AnalysisInputs::SetCalculatedSysts] => % sysematic = 0.16
[CutRangeInfo::ReadCutCard] Get Cutcard from /data8/Users/jskim/HN_dilepton_plotter/data/v8-0-7.37_PreApproval/CutOpCard/RunDirectory/Cards_MuEl_Bin2/HNMuEl_1400.txt
Central	0.169272	0	0
_MuonEn_up	0.289985	0	0
_MuonEn_down	0.292331	0	0
_MuonIDSF_up	0.176596	0	0
_MuonIDSF_down	0.170892	0	0
_ElectronEn_up	0.176997	0	0
_ElectronEn_down	0.179021	0	0
_ElectronIDSF_up	0.178567	0	0
_ElectronIDSF_down	0.172235	0	0
_TriggerSF_up	0.17461	0	0
_TriggerSF_down	0.173744	0	0
_PU_up	0.169743	0	0
_PU_down	0.183127	0	0
_JetEn_up	0.176284	0	0
_JetEn_down	0.387929	0	0
_JetRes_up	0.271162	0	0
_JetRes_down	0.263281	0	0
_Unclustered_up	0.18212	0	0
_Unclustered_down	0.290481	0	0
_BTagSFEff_up	0.169891	0	0
_BTagSFEff_down	0.173744	0	0
_BTagSFMiss_up	0.167746	0	0
_BTagSFMiss_down	0.173744	0	0
_JetMass_up	0.173744	0	0
_JetMass_down	0.182532	0	0
_JetMassRes_up	0.170044	0	0
_JetMassRes_down	0.173744	0	0
_Tau21_up	0.18752	0	0
_Tau21_down	0.159968	0	0

################ Sources ################
Source	SystTotal	SystPrompt	SystFake	Signal
Stat 52.41 52.41  -nan  -nan  0.69
Lumi 2.50  2.50 -  -  2.50
PDF  -  -  -  -  2.36
MuonPt  72.01 72.01  -  -  0.76
MuonID  3.13 3.13  -  -  1.86
ElectronE  5.20 5.20  -  -  0.07
ElectronID  4.08 4.08  -  -  1.83
Trigger  2.91 2.91  -  -  0.17
PU  5.79 5.79  -  -  1.33
JES  91.39 91.39  -  -  0.27
JER  57.91 57.91  -  -  0.14
Uncl  50.92 50.92  -  -  0.05
BEff  1.89 1.89  -  -  0.53
BMiss  1.97 1.97  -  -  0.42
JMS  5.85 5.85  -  -  0.09
JMR  1.90 1.90  -  -  0.11
Tau21  8.56 8.56  -  -  8.57
MCNorm 28.93  28.93 -  -  -
Fake 0.00  -  -nan - -
CF 0.00  -  -  -nan -
Total Systematic 143.32 143.32  -nan  -nan  9.75

Total Background	0.169
- Prompt	0.169
- Fake	0.000
- CF	0.000

####### Result #######
Signal Eff	0.284091
0.169272 2.526005
0.009125 1.097776
