
Processing CyclesForMixingLimit_MuEl_Bin2/HNMuEl_600_VBFOnly.C...
[AnalysisInputs::SetMCSF] Get MC SF from /data8/Users/jskim/HN_dilepton_plotter/data/v8-0-7.37_Unblind/MCSF.txt
[AnalysisInputs::SetMCSF] sample : VVV
[AnalysisInputs::SetMCSF] => MCSF = 1, MCSF_err = 0.5
[AnalysisInputs::SetMCSF] sample : WWW
[AnalysisInputs::SetMCSF] => MCSF = 1, MCSF_err = 0.5
[AnalysisInputs::SetMCSF] sample : WWZ
[AnalysisInputs::SetMCSF] => MCSF = 1, MCSF_err = 0.5
[AnalysisInputs::SetMCSF] sample : WZZ
[AnalysisInputs::SetMCSF] => MCSF = 1, MCSF_err = 0.5
[AnalysisInputs::SetMCSF] sample : ZZZ
[AnalysisInputs::SetMCSF] => MCSF = 1, MCSF_err = 0.5
[AnalysisInputs::SetMCSF] sample : ttV
[AnalysisInputs::SetMCSF] => MCSF = 1, MCSF_err = 0.5
[AnalysisInputs::SetMCSF] sample : ttW
[AnalysisInputs::SetMCSF] => MCSF = 1, MCSF_err = 0.5
[AnalysisInputs::SetMCSF] sample : ttZ
[AnalysisInputs::SetMCSF] => MCSF = 1, MCSF_err = 0.5
[AnalysisInputs::SetMCSF] sample : ttH_nonbb
[AnalysisInputs::SetMCSF] => MCSF = 1, MCSF_err = 0.5
[AnalysisInputs::SetMCSF] sample : top
[AnalysisInputs::SetMCSF] => MCSF = 1, MCSF_err = 0.5
[AnalysisInputs::SetMCSF] sample : WWTo2L2Nu_DS
[AnalysisInputs::SetMCSF] => MCSF = 1, MCSF_err = 0.5
[AnalysisInputs::SetMCSF] sample : WpWpEWK
[AnalysisInputs::SetMCSF] => MCSF = 1.3062, MCSF_err = 0.5
[AnalysisInputs::SetMCSF] sample : WpWpQCD
[AnalysisInputs::SetMCSF] => MCSF = 1.70026, MCSF_err = 0.5
[AnalysisInputs::SetMCSF] sample : WZTo3LNu_mllmin01
[AnalysisInputs::SetMCSF] => MCSF = 0.65, MCSF_err = 0.06
[AnalysisInputs::SetMCSF] sample : WZTo3LNu_powheg
[AnalysisInputs::SetMCSF] => MCSF = 1.05044, MCSF_err = 0.0648798
[AnalysisInputs::SetMCSF] sample : ZGto2LG
[AnalysisInputs::SetMCSF] => MCSF = 1.09954, MCSF_err = 0.076377
[AnalysisInputs::SetMCSF] sample : WGtoLNuG
[AnalysisInputs::SetMCSF] => MCSF = 1, MCSF_err = 0.076377
[AnalysisInputs::SetMCSF] sample : WGtoLNuG_weighted
[AnalysisInputs::SetMCSF] => MCSF = 1, MCSF_err = 0.076377
[AnalysisInputs::SetMCSF] sample : ZZTo4L_powheg
[AnalysisInputs::SetMCSF] => MCSF = 0.978852, MCSF_err = 0.0792882
[AnalysisInputs::SetMCSF] sample : ggZZto2e2mu
[AnalysisInputs::SetMCSF] => MCSF = 0.978852, MCSF_err = 0.0792882
[AnalysisInputs::SetMCSF] sample : ggZZto2e2nu
[AnalysisInputs::SetMCSF] => MCSF = 0.978852, MCSF_err = 0.0792882
[AnalysisInputs::SetMCSF] sample : ggZZto2e2tau
[AnalysisInputs::SetMCSF] => MCSF = 0.978852, MCSF_err = 0.0792882
[AnalysisInputs::SetMCSF] sample : ggZZto2mu2nu
[AnalysisInputs::SetMCSF] => MCSF = 0.978852, MCSF_err = 0.0792882
[AnalysisInputs::SetMCSF] sample : ggZZto2mu2tau
[AnalysisInputs::SetMCSF] => MCSF = 0.978852, MCSF_err = 0.0792882
[AnalysisInputs::SetMCSF] sample : ggZZto4e
[AnalysisInputs::SetMCSF] => MCSF = 0.978852, MCSF_err = 0.0792882
[AnalysisInputs::SetMCSF] sample : ggZZto4mu
[AnalysisInputs::SetMCSF] => MCSF = 0.978852, MCSF_err = 0.0792882
[AnalysisInputs::SetMCSF] sample : ggZZto4tau
[AnalysisInputs::SetMCSF] => MCSF = 0.978852, MCSF_err = 0.0792882
[AnalysisInputs::SetMCSF] sample : ggHtoZZ
[AnalysisInputs::SetMCSF] => MCSF = 0.978852, MCSF_err = 0.0792882
[AnalysisInputs::SetCalculatedSysts] Get Systematics from /data8/Users/jskim/HN_dilepton_plotter/data/v8-0-7.37_Unblind/Syst.txt
[AnalysisInputs::SetCalculatedSysts] source : Luminosity
[AnalysisInputs::SetCalculatedSysts] => % sysematic = 0.025
[AnalysisInputs::SetCalculatedSysts] source : FakeLooseID
[AnalysisInputs::SetCalculatedSysts] => % sysematic = 0.3
[AnalysisInputs::SetCalculatedSysts] source : ChrageFlipSyst
[AnalysisInputs::SetCalculatedSysts] => % sysematic = 0.16
[CutRangeInfo::ReadCutCard] Get Cutcard from /data8/Users/jskim/HN_dilepton_plotter/data/v8-0-7.37_Unblind/CutOpCard/RunDirectory/Cards_MuEl_Bin2/HNMuEl_600.txt
Central	0.27622	0.0294647	0
_MuonEn_up	0.889754	0.0294647	0
_MuonEn_down	0.494216	0.0294647	0
_MuonIDSF_up	0.269418	0.0294647	0
_MuonIDSF_down	0.272398	0.0294647	0
_ElectronEn_up	0.267903	0.0294647	0
_ElectronEn_down	0.266568	0.0294647	0
_ElectronIDSF_up	0.277459	0.0294647	0
_ElectronIDSF_down	0.273085	0.0294647	0
_TriggerSF_up	0.270187	0.0294647	0
_TriggerSF_down	0.271341	0.0294647	0
_PU_up	0.29074	0.0294647	0
_PU_down	0.255666	0.0294647	0
_JetEn_up	0.932398	0.0294647	0
_JetEn_down	0.30887	0.0294647	0
_JetRes_up	0.365459	0.0294647	0
_JetRes_down	0.672187	0.0294647	0
_Unclustered_up	0.359079	0.0294647	0
_Unclustered_down	0.401863	0.0294647	0
_BTagSFEff_up	0.271424	0.0294647	0
_BTagSFEff_down	0.27241	0.0294647	0
_BTagSFMiss_up	0.272551	0.0294647	0
_BTagSFMiss_down	0.281306	0.0294647	0
_JetMass_up	0.270748	0.0294647	0
_JetMass_down	0.26608	0.0294647	0
_JetMassRes_up	0.269447	0.0294647	0
_JetMassRes_down	0.283005	0.0294647	0
_Tau21_up	0.295525	0.0294647	0
_Tau21_down	0.215907	0.0294647	0

################ Sources ################
Source	SystTotal	SystPrompt	SystFake	Signal
Stat 38.04 36.60  194.93  -nan  2.24
Lumi 2.26  2.50 -  -  2.50
PDF  -  -  -  -  2.36
MuonPt  150.61 166.68  -  -  6.27
MuonID  1.80 2.00  -  -  1.57
ElectronE  2.95 3.26  -  -  1.16
ElectronID  0.78 0.86  -  -  1.76
Trigger  1.79 1.99  -  -  1.15
PU  5.82 6.44  -  -  1.26
JES  151.97 168.19  -  -  1.69
JER  93.89 103.91  -  -  1.17
Uncl  34.81 38.53  -  -  0.18
BEff  1.42 1.57  -  -  0.21
BMiss  1.45 1.61  -  -  0.50
JMS  2.67 2.95  -  -  0.23
JMR  2.22 2.45  -  -  0.14
Tau21  14.65 16.21  -  -  7.48
MCNorm 34.88  38.60 -  -  -
Fake 2.89  -  30.00 - -
CF 0.00  -  -  -nan -
Total Systematic 239.41 264.93  30.00  -nan  11.02

Total Background	0.306
- Prompt	0.276
- Fake	0.029
- CF	0.000
- Obs	1.000

####### Result #######
Signal Eff	0.048410
0.305684 3.424171
0.100998 1.112479
