
Processing CyclesForMixingLimit_MuEl_Bin2/HNMuEl_800_VBFOnly.C...
[AnalysisInputs::SetMCSF] Get MC SF from /data8/Users/jskim/HN_dilepton_plotter/data/v8-0-7.37_Unblind/MCSF.txt
[AnalysisInputs::SetMCSF] sample : VVV
[AnalysisInputs::SetMCSF] => MCSF = 1, MCSF_err = 0.5
[AnalysisInputs::SetMCSF] sample : WWW
[AnalysisInputs::SetMCSF] => MCSF = 1, MCSF_err = 0.5
[AnalysisInputs::SetMCSF] sample : WWZ
[AnalysisInputs::SetMCSF] => MCSF = 1, MCSF_err = 0.5
[AnalysisInputs::SetMCSF] sample : WZZ
[AnalysisInputs::SetMCSF] => MCSF = 1, MCSF_err = 0.5
[AnalysisInputs::SetMCSF] sample : ZZZ
[AnalysisInputs::SetMCSF] => MCSF = 1, MCSF_err = 0.5
[AnalysisInputs::SetMCSF] sample : ttV
[AnalysisInputs::SetMCSF] => MCSF = 1, MCSF_err = 0.5
[AnalysisInputs::SetMCSF] sample : ttW
[AnalysisInputs::SetMCSF] => MCSF = 1, MCSF_err = 0.5
[AnalysisInputs::SetMCSF] sample : ttZ
[AnalysisInputs::SetMCSF] => MCSF = 1, MCSF_err = 0.5
[AnalysisInputs::SetMCSF] sample : ttH_nonbb
[AnalysisInputs::SetMCSF] => MCSF = 1, MCSF_err = 0.5
[AnalysisInputs::SetMCSF] sample : top
[AnalysisInputs::SetMCSF] => MCSF = 1, MCSF_err = 0.5
[AnalysisInputs::SetMCSF] sample : WWTo2L2Nu_DS
[AnalysisInputs::SetMCSF] => MCSF = 1, MCSF_err = 0.5
[AnalysisInputs::SetMCSF] sample : WpWpEWK
[AnalysisInputs::SetMCSF] => MCSF = 1.3062, MCSF_err = 0.5
[AnalysisInputs::SetMCSF] sample : WpWpQCD
[AnalysisInputs::SetMCSF] => MCSF = 1.70026, MCSF_err = 0.5
[AnalysisInputs::SetMCSF] sample : WZTo3LNu_mllmin01
[AnalysisInputs::SetMCSF] => MCSF = 0.65, MCSF_err = 0.06
[AnalysisInputs::SetMCSF] sample : WZTo3LNu_powheg
[AnalysisInputs::SetMCSF] => MCSF = 1.05044, MCSF_err = 0.0648798
[AnalysisInputs::SetMCSF] sample : ZGto2LG
[AnalysisInputs::SetMCSF] => MCSF = 1.09954, MCSF_err = 0.076377
[AnalysisInputs::SetMCSF] sample : WGtoLNuG
[AnalysisInputs::SetMCSF] => MCSF = 1, MCSF_err = 0.076377
[AnalysisInputs::SetMCSF] sample : WGtoLNuG_weighted
[AnalysisInputs::SetMCSF] => MCSF = 1, MCSF_err = 0.076377
[AnalysisInputs::SetMCSF] sample : ZZTo4L_powheg
[AnalysisInputs::SetMCSF] => MCSF = 0.978852, MCSF_err = 0.0792882
[AnalysisInputs::SetMCSF] sample : ggZZto2e2mu
[AnalysisInputs::SetMCSF] => MCSF = 0.978852, MCSF_err = 0.0792882
[AnalysisInputs::SetMCSF] sample : ggZZto2e2nu
[AnalysisInputs::SetMCSF] => MCSF = 0.978852, MCSF_err = 0.0792882
[AnalysisInputs::SetMCSF] sample : ggZZto2e2tau
[AnalysisInputs::SetMCSF] => MCSF = 0.978852, MCSF_err = 0.0792882
[AnalysisInputs::SetMCSF] sample : ggZZto2mu2nu
[AnalysisInputs::SetMCSF] => MCSF = 0.978852, MCSF_err = 0.0792882
[AnalysisInputs::SetMCSF] sample : ggZZto2mu2tau
[AnalysisInputs::SetMCSF] => MCSF = 0.978852, MCSF_err = 0.0792882
[AnalysisInputs::SetMCSF] sample : ggZZto4e
[AnalysisInputs::SetMCSF] => MCSF = 0.978852, MCSF_err = 0.0792882
[AnalysisInputs::SetMCSF] sample : ggZZto4mu
[AnalysisInputs::SetMCSF] => MCSF = 0.978852, MCSF_err = 0.0792882
[AnalysisInputs::SetMCSF] sample : ggZZto4tau
[AnalysisInputs::SetMCSF] => MCSF = 0.978852, MCSF_err = 0.0792882
[AnalysisInputs::SetMCSF] sample : ggHtoZZ
[AnalysisInputs::SetMCSF] => MCSF = 0.978852, MCSF_err = 0.0792882
[AnalysisInputs::SetCalculatedSysts] Get Systematics from /data8/Users/jskim/HN_dilepton_plotter/data/v8-0-7.37_Unblind/Syst.txt
[AnalysisInputs::SetCalculatedSysts] source : Luminosity
[AnalysisInputs::SetCalculatedSysts] => % sysematic = 0.025
[AnalysisInputs::SetCalculatedSysts] source : FakeLooseID
[AnalysisInputs::SetCalculatedSysts] => % sysematic = 0.3
[AnalysisInputs::SetCalculatedSysts] source : ChrageFlipSyst
[AnalysisInputs::SetCalculatedSysts] => % sysematic = 0.16
[CutRangeInfo::ReadCutCard] Get Cutcard from /data8/Users/jskim/HN_dilepton_plotter/data/v8-0-7.37_Unblind/CutOpCard/RunDirectory/Cards_MuEl_Bin2/HNMuEl_800.txt
Central	0.754926	0	0
_MuonEn_up	0.806432	0	0
_MuonEn_down	0.716057	0	0
_MuonIDSF_up	0.767063	0	0
_MuonIDSF_down	0.749677	0	0
_ElectronEn_up	0.776507	0	0
_ElectronEn_down	0.755878	0	0
_ElectronIDSF_up	0.792951	0	0
_ElectronIDSF_down	0.742812	0	0
_TriggerSF_up	0.757185	0	0
_TriggerSF_down	0.759804	0	0
_PU_up	0.758811	0	0
_PU_down	0.770036	0	0
_JetEn_up	0.713081	0	0
_JetEn_down	0.91539	0	0
_JetRes_up	0.758215	0	0
_JetRes_down	0.761687	0	0
_Unclustered_up	0.768836	0	0
_Unclustered_down	0.747975	0	0
_BTagSFEff_up	0.763826	0	0
_BTagSFEff_down	0.778256	0	0
_BTagSFMiss_up	0.757676	0	0
_BTagSFMiss_down	0.758918	0	0
_JetMass_up	0.770839	0	0
_JetMass_down	0.763061	0	0
_JetMassRes_up	0.769693	0	0
_JetMassRes_down	0.751383	0	0
_Tau21_up	0.804632	0	0
_Tau21_down	0.692329	0	0

################ Sources ################
Source	SystTotal	SystPrompt	SystFake	Signal
Stat 21.57 21.57  -nan  -nan  1.58
Lumi 2.50  2.50 -  -  2.50
PDF  -  -  -  -  2.36
MuonPt  6.04 6.04  -  -  1.38
MuonID  1.24 1.24  -  -  1.67
ElectronE  2.02 2.02  -  -  0.07
ElectronID  3.74 3.74  -  -  1.76
Trigger  0.50 0.50  -  -  0.43
PU  1.46 1.46  -  -  1.37
JES  15.53 15.53  -  -  0.26
JER  0.70 0.70  -  -  0.37
Uncl  1.46 1.46  -  -  0.16
BEff  2.34 2.34  -  -  0.33
BMiss  0.45 0.45  -  -  0.23
JMS  1.67 1.67  -  -  0.25
JMR  1.42 1.42  -  -  0.26
Tau21  7.49 7.49  -  -  7.51
MCNorm 40.64  40.64 -  -  -
Fake 0.00  -  -nan - -
CF 0.00  -  -  -nan -
Total Systematic 45.02 45.02  -nan  -nan  8.86

Total Background	0.755
- Prompt	0.755
- Fake	0.000
- CF	0.000
- Obs	2.000

####### Result #######
Signal Eff	0.094489
0.754926 1.499209
0.103113 1.090041
