
Processing CyclesForMixingLimit_MuEl_Bin2/HNMuEl_600.C...
[AnalysisInputs::SetMCSF] Get MC SF from /data8/Users/jskim/HN_dilepton_plotter/data/v8-0-7.37_PreApproval/MCSF.txt
[AnalysisInputs::SetMCSF] sample : VVV
[AnalysisInputs::SetMCSF] => MCSF = 1, MCSF_err = 0.5
[AnalysisInputs::SetMCSF] sample : WWW
[AnalysisInputs::SetMCSF] => MCSF = 1, MCSF_err = 0.5
[AnalysisInputs::SetMCSF] sample : WWZ
[AnalysisInputs::SetMCSF] => MCSF = 1, MCSF_err = 0.5
[AnalysisInputs::SetMCSF] sample : WZZ
[AnalysisInputs::SetMCSF] => MCSF = 1, MCSF_err = 0.5
[AnalysisInputs::SetMCSF] sample : ZZZ
[AnalysisInputs::SetMCSF] => MCSF = 1, MCSF_err = 0.5
[AnalysisInputs::SetMCSF] sample : ttV
[AnalysisInputs::SetMCSF] => MCSF = 1, MCSF_err = 0.5
[AnalysisInputs::SetMCSF] sample : ttW
[AnalysisInputs::SetMCSF] => MCSF = 1, MCSF_err = 0.5
[AnalysisInputs::SetMCSF] sample : ttZ
[AnalysisInputs::SetMCSF] => MCSF = 1, MCSF_err = 0.5
[AnalysisInputs::SetMCSF] sample : ttH_nonbb
[AnalysisInputs::SetMCSF] => MCSF = 1, MCSF_err = 0.5
[AnalysisInputs::SetMCSF] sample : top
[AnalysisInputs::SetMCSF] => MCSF = 1, MCSF_err = 0.5
[AnalysisInputs::SetMCSF] sample : WWTo2L2Nu_DS
[AnalysisInputs::SetMCSF] => MCSF = 1, MCSF_err = 0.5
[AnalysisInputs::SetMCSF] sample : WpWpEWK
[AnalysisInputs::SetMCSF] => MCSF = 1, MCSF_err = 0.5
[AnalysisInputs::SetMCSF] sample : WpWpQCD
[AnalysisInputs::SetMCSF] => MCSF = 1, MCSF_err = 0.5
[AnalysisInputs::SetMCSF] sample : WZTo3LNu_mllmin01
[AnalysisInputs::SetMCSF] => MCSF = 0.65, MCSF_err = 0.06
[AnalysisInputs::SetMCSF] sample : WZTo3LNu_powheg
[AnalysisInputs::SetMCSF] => MCSF = 1.05044, MCSF_err = 0.0648798
[AnalysisInputs::SetMCSF] sample : ZGto2LG
[AnalysisInputs::SetMCSF] => MCSF = 1.09954, MCSF_err = 0.076377
[AnalysisInputs::SetMCSF] sample : WGtoLNuG
[AnalysisInputs::SetMCSF] => MCSF = 1, MCSF_err = 0.076377
[AnalysisInputs::SetMCSF] sample : WGtoLNuG_weighted
[AnalysisInputs::SetMCSF] => MCSF = 1, MCSF_err = 0.076377
[AnalysisInputs::SetMCSF] sample : ZZTo4L_powheg
[AnalysisInputs::SetMCSF] => MCSF = 0.978852, MCSF_err = 0.0792882
[AnalysisInputs::SetMCSF] sample : ggZZto2e2mu
[AnalysisInputs::SetMCSF] => MCSF = 0.978852, MCSF_err = 0.0792882
[AnalysisInputs::SetMCSF] sample : ggZZto2e2nu
[AnalysisInputs::SetMCSF] => MCSF = 0.978852, MCSF_err = 0.0792882
[AnalysisInputs::SetMCSF] sample : ggZZto2e2tau
[AnalysisInputs::SetMCSF] => MCSF = 0.978852, MCSF_err = 0.0792882
[AnalysisInputs::SetMCSF] sample : ggZZto2mu2nu
[AnalysisInputs::SetMCSF] => MCSF = 0.978852, MCSF_err = 0.0792882
[AnalysisInputs::SetMCSF] sample : ggZZto2mu2tau
[AnalysisInputs::SetMCSF] => MCSF = 0.978852, MCSF_err = 0.0792882
[AnalysisInputs::SetMCSF] sample : ggZZto4e
[AnalysisInputs::SetMCSF] => MCSF = 0.978852, MCSF_err = 0.0792882
[AnalysisInputs::SetMCSF] sample : ggZZto4mu
[AnalysisInputs::SetMCSF] => MCSF = 0.978852, MCSF_err = 0.0792882
[AnalysisInputs::SetMCSF] sample : ggZZto4tau
[AnalysisInputs::SetMCSF] => MCSF = 0.978852, MCSF_err = 0.0792882
[AnalysisInputs::SetMCSF] sample : ggHtoZZ
[AnalysisInputs::SetMCSF] => MCSF = 0.978852, MCSF_err = 0.0792882
[AnalysisInputs::SetCalculatedSysts] Get Systematics from /data8/Users/jskim/HN_dilepton_plotter/data/v8-0-7.37_PreApproval/Syst.txt
[AnalysisInputs::SetCalculatedSysts] source : Luminosity
[AnalysisInputs::SetCalculatedSysts] => % sysematic = 0.025
[AnalysisInputs::SetCalculatedSysts] source : FakeLooseID
[AnalysisInputs::SetCalculatedSysts] => % sysematic = 0.3
[AnalysisInputs::SetCalculatedSysts] source : ChrageFlipSyst
[AnalysisInputs::SetCalculatedSysts] => % sysematic = 0.16
[CutRangeInfo::ReadCutCard] Get Cutcard from /data8/Users/jskim/HN_dilepton_plotter/data/v8-0-7.37_PreApproval/CutOpCard/RunDirectory/Cards_MuEl_Bin2/HNMuEl_600.txt
Central	0.253294	0.0294647	0
_MuonEn_up	0.856035	0.0294647	0
_MuonEn_down	0.471902	0.0294647	0
_MuonIDSF_up	0.246081	0.0294647	0
_MuonIDSF_down	0.249885	0.0294647	0
_ElectronEn_up	0.244977	0.0294647	0
_ElectronEn_down	0.243455	0.0294647	0
_ElectronIDSF_up	0.2539	0.0294647	0
_ElectronIDSF_down	0.253579	0.0294647	0
_TriggerSF_up	0.247178	0.0294647	0
_TriggerSF_down	0.248416	0.0294647	0
_PU_up	0.268618	0.0294647	0
_PU_down	0.231848	0.0294647	0
_JetEn_up	0.911488	0.0294647	0
_JetEn_down	0.288312	0.0294647	0
_JetRes_up	0.342534	0.0294647	0
_JetRes_down	0.649262	0.0294647	0
_Unclustered_up	0.338169	0.0294647	0
_Unclustered_down	0.378764	0.0294647	0
_BTagSFEff_up	0.248498	0.0294647	0
_BTagSFEff_down	0.249485	0.0294647	0
_BTagSFMiss_up	0.252379	0.0294647	0
_BTagSFMiss_down	0.258381	0.0294647	0
_JetMass_up	0.25072	0.0294647	0
_JetMass_down	0.243155	0.0294647	0
_JetMassRes_up	0.246522	0.0294647	0
_JetMassRes_down	0.257311	0.0294647	0
_Tau21_up	0.270837	0.0294647	0
_Tau21_down	0.194744	0.0294647	0

################ Sources ################
Source	SystTotal	SystPrompt	SystFake	Signal
Stat 41.12 39.92  194.93  -nan  0.90
Lumi 2.24  2.50 -  -  2.50
PDF  -  -  -  -  2.36
MuonPt  160.34 178.99  -  -  6.18
MuonID  2.00 2.23  -  -  1.85
ElectronE  3.22 3.60  -  -  0.96
ElectronID  0.17 0.19  -  -  1.94
Trigger  1.96 2.18  -  -  0.30
PU  6.59 7.36  -  -  0.90
JES  164.83 184.00  -  -  1.41
JER  101.50 113.31  -  -  1.20
Uncl  37.88 42.29  -  -  0.10
BEff  1.53 1.71  -  -  0.38
BMiss  1.29 1.44  -  -  0.57
JMS  2.62 2.92  -  -  0.10
JMR  1.97 2.20  -  -  0.12
Tau21  15.28 17.06  -  -  7.58
MCNorm 29.60  33.04 -  -  -
Fake 3.13  -  30.00 - -
CF 0.00  -  -  -nan -
Total Systematic 256.55 286.37  30.00  -nan  10.98

Total Background	0.283
- Prompt	0.253
- Fake	0.029
- CF	0.000

####### Result #######
Signal Eff	0.146483
0.282759 3.598211
0.266440 1.110122
