
Processing CyclesForMixingLimit_MuEl_Bin2/HNMuEl_1000_VBFOnly.C...
[AnalysisInputs::SetMCSF] Get MC SF from /data8/Users/jskim/HN_dilepton_plotter/data/v8-0-7.37_Unblind/MCSF.txt
[AnalysisInputs::SetMCSF] sample : VVV
[AnalysisInputs::SetMCSF] => MCSF = 1, MCSF_err = 0.5
[AnalysisInputs::SetMCSF] sample : WWW
[AnalysisInputs::SetMCSF] => MCSF = 1, MCSF_err = 0.5
[AnalysisInputs::SetMCSF] sample : WWZ
[AnalysisInputs::SetMCSF] => MCSF = 1, MCSF_err = 0.5
[AnalysisInputs::SetMCSF] sample : WZZ
[AnalysisInputs::SetMCSF] => MCSF = 1, MCSF_err = 0.5
[AnalysisInputs::SetMCSF] sample : ZZZ
[AnalysisInputs::SetMCSF] => MCSF = 1, MCSF_err = 0.5
[AnalysisInputs::SetMCSF] sample : ttV
[AnalysisInputs::SetMCSF] => MCSF = 1, MCSF_err = 0.5
[AnalysisInputs::SetMCSF] sample : ttW
[AnalysisInputs::SetMCSF] => MCSF = 1, MCSF_err = 0.5
[AnalysisInputs::SetMCSF] sample : ttZ
[AnalysisInputs::SetMCSF] => MCSF = 1, MCSF_err = 0.5
[AnalysisInputs::SetMCSF] sample : ttH_nonbb
[AnalysisInputs::SetMCSF] => MCSF = 1, MCSF_err = 0.5
[AnalysisInputs::SetMCSF] sample : top
[AnalysisInputs::SetMCSF] => MCSF = 1, MCSF_err = 0.5
[AnalysisInputs::SetMCSF] sample : WWTo2L2Nu_DS
[AnalysisInputs::SetMCSF] => MCSF = 1, MCSF_err = 0.5
[AnalysisInputs::SetMCSF] sample : WpWpEWK
[AnalysisInputs::SetMCSF] => MCSF = 1.3062, MCSF_err = 0.5
[AnalysisInputs::SetMCSF] sample : WpWpQCD
[AnalysisInputs::SetMCSF] => MCSF = 1.70026, MCSF_err = 0.5
[AnalysisInputs::SetMCSF] sample : WZTo3LNu_mllmin01
[AnalysisInputs::SetMCSF] => MCSF = 0.65, MCSF_err = 0.06
[AnalysisInputs::SetMCSF] sample : WZTo3LNu_powheg
[AnalysisInputs::SetMCSF] => MCSF = 1.05044, MCSF_err = 0.0648798
[AnalysisInputs::SetMCSF] sample : ZGto2LG
[AnalysisInputs::SetMCSF] => MCSF = 1.09954, MCSF_err = 0.076377
[AnalysisInputs::SetMCSF] sample : WGtoLNuG
[AnalysisInputs::SetMCSF] => MCSF = 1, MCSF_err = 0.076377
[AnalysisInputs::SetMCSF] sample : WGtoLNuG_weighted
[AnalysisInputs::SetMCSF] => MCSF = 1, MCSF_err = 0.076377
[AnalysisInputs::SetMCSF] sample : ZZTo4L_powheg
[AnalysisInputs::SetMCSF] => MCSF = 0.978852, MCSF_err = 0.0792882
[AnalysisInputs::SetMCSF] sample : ggZZto2e2mu
[AnalysisInputs::SetMCSF] => MCSF = 0.978852, MCSF_err = 0.0792882
[AnalysisInputs::SetMCSF] sample : ggZZto2e2nu
[AnalysisInputs::SetMCSF] => MCSF = 0.978852, MCSF_err = 0.0792882
[AnalysisInputs::SetMCSF] sample : ggZZto2e2tau
[AnalysisInputs::SetMCSF] => MCSF = 0.978852, MCSF_err = 0.0792882
[AnalysisInputs::SetMCSF] sample : ggZZto2mu2nu
[AnalysisInputs::SetMCSF] => MCSF = 0.978852, MCSF_err = 0.0792882
[AnalysisInputs::SetMCSF] sample : ggZZto2mu2tau
[AnalysisInputs::SetMCSF] => MCSF = 0.978852, MCSF_err = 0.0792882
[AnalysisInputs::SetMCSF] sample : ggZZto4e
[AnalysisInputs::SetMCSF] => MCSF = 0.978852, MCSF_err = 0.0792882
[AnalysisInputs::SetMCSF] sample : ggZZto4mu
[AnalysisInputs::SetMCSF] => MCSF = 0.978852, MCSF_err = 0.0792882
[AnalysisInputs::SetMCSF] sample : ggZZto4tau
[AnalysisInputs::SetMCSF] => MCSF = 0.978852, MCSF_err = 0.0792882
[AnalysisInputs::SetMCSF] sample : ggHtoZZ
[AnalysisInputs::SetMCSF] => MCSF = 0.978852, MCSF_err = 0.0792882
[AnalysisInputs::SetCalculatedSysts] Get Systematics from /data8/Users/jskim/HN_dilepton_plotter/data/v8-0-7.37_Unblind/Syst.txt
[AnalysisInputs::SetCalculatedSysts] source : Luminosity
[AnalysisInputs::SetCalculatedSysts] => % sysematic = 0.025
[AnalysisInputs::SetCalculatedSysts] source : FakeLooseID
[AnalysisInputs::SetCalculatedSysts] => % sysematic = 0.3
[AnalysisInputs::SetCalculatedSysts] source : ChrageFlipSyst
[AnalysisInputs::SetCalculatedSysts] => % sysematic = 0.16
[CutRangeInfo::ReadCutCard] Get Cutcard from /data8/Users/jskim/HN_dilepton_plotter/data/v8-0-7.37_Unblind/CutOpCard/RunDirectory/Cards_MuEl_Bin2/HNMuEl_1000.txt
Central	0.184102	0	0
_MuonEn_up	0.290031	0	0
_MuonEn_down	0.188229	0	0
_MuonIDSF_up	0.192111	0	0
_MuonIDSF_down	0.185265	0	0
_ElectronEn_up	0.193814	0	0
_ElectronEn_down	0.28329	0	0
_ElectronIDSF_up	0.192517	0	0
_ElectronIDSF_down	0.176765	0	0
_TriggerSF_up	0.190918	0	0
_TriggerSF_down	0.188093	0	0
_PU_up	0.194183	0	0
_PU_down	0.185251	0	0
_JetEn_up	0.19154	0	0
_JetEn_down	0.299976	0	0
_JetRes_up	0.289395	0	0
_JetRes_down	0.18629	0	0
_Unclustered_up	0.199917	0	0
_Unclustered_down	0.197348	0	0
_BTagSFEff_up	0.188093	0	0
_BTagSFEff_down	0.192832	0	0
_BTagSFMiss_up	0.184102	0	0
_BTagSFMiss_down	0.188093	0	0
_JetMass_up	0.185414	0	0
_JetMass_down	0.191234	0	0
_JetMassRes_up	0.188093	0	0
_JetMassRes_down	0.193607	0	0
_Tau21_up	0.203717	0	0
_Tau21_down	0.138807	0	0

################ Sources ################
Source	SystTotal	SystPrompt	SystFake	Signal
Stat 25.14 25.14  -nan  -nan  1.62
Lumi 2.50  2.50 -  -  2.50
PDF  -  -  -  -  2.36
MuonPt  40.72 40.72  -  -  3.61
MuonID  3.11 3.11  -  -  1.84
ElectronE  38.28 38.28  -  -  0.41
ElectronID  4.29 4.29  -  -  1.81
Trigger  3.03 3.03  -  -  0.50
PU  3.90 3.90  -  -  1.14
JES  44.60 44.60  -  -  0.40
JER  40.45 40.45  -  -  1.00
Uncl  7.92 7.92  -  -  0.08
BEff  3.69 3.69  -  -  0.50
BMiss  1.53 1.53  -  -  0.50
JMS  2.79 2.79  -  -  0.08
JMR  3.96 3.96  -  -  0.06
Tau21  18.96 18.96  -  -  7.84
MCNorm 57.01  57.01 -  -  -
Fake 0.00  -  -nan - -
CF 0.00  -  -  -nan -
Total Systematic 102.56 102.56  -nan  -nan  9.82

Total Background	0.184
- Prompt	0.184
- Fake	0.000
- CF	0.000
- Obs	0.000

####### Result #######
Signal Eff	0.090679
0.184102 2.055984
0.056774 1.099528
