
Processing CyclesForMixingLimit_MuEl_Bin2/HNMuEl_1000.C...
[AnalysisInputs::SetMCSF] Get MC SF from /data8/Users/jskim/HN_dilepton_plotter/data/v8-0-7.37_PreApproval/MCSF.txt
[AnalysisInputs::SetMCSF] sample : VVV
[AnalysisInputs::SetMCSF] => MCSF = 1, MCSF_err = 0.5
[AnalysisInputs::SetMCSF] sample : WWW
[AnalysisInputs::SetMCSF] => MCSF = 1, MCSF_err = 0.5
[AnalysisInputs::SetMCSF] sample : WWZ
[AnalysisInputs::SetMCSF] => MCSF = 1, MCSF_err = 0.5
[AnalysisInputs::SetMCSF] sample : WZZ
[AnalysisInputs::SetMCSF] => MCSF = 1, MCSF_err = 0.5
[AnalysisInputs::SetMCSF] sample : ZZZ
[AnalysisInputs::SetMCSF] => MCSF = 1, MCSF_err = 0.5
[AnalysisInputs::SetMCSF] sample : ttV
[AnalysisInputs::SetMCSF] => MCSF = 1, MCSF_err = 0.5
[AnalysisInputs::SetMCSF] sample : ttW
[AnalysisInputs::SetMCSF] => MCSF = 1, MCSF_err = 0.5
[AnalysisInputs::SetMCSF] sample : ttZ
[AnalysisInputs::SetMCSF] => MCSF = 1, MCSF_err = 0.5
[AnalysisInputs::SetMCSF] sample : ttH_nonbb
[AnalysisInputs::SetMCSF] => MCSF = 1, MCSF_err = 0.5
[AnalysisInputs::SetMCSF] sample : top
[AnalysisInputs::SetMCSF] => MCSF = 1, MCSF_err = 0.5
[AnalysisInputs::SetMCSF] sample : WWTo2L2Nu_DS
[AnalysisInputs::SetMCSF] => MCSF = 1, MCSF_err = 0.5
[AnalysisInputs::SetMCSF] sample : WpWpEWK
[AnalysisInputs::SetMCSF] => MCSF = 1, MCSF_err = 0.5
[AnalysisInputs::SetMCSF] sample : WpWpQCD
[AnalysisInputs::SetMCSF] => MCSF = 1, MCSF_err = 0.5
[AnalysisInputs::SetMCSF] sample : WZTo3LNu_mllmin01
[AnalysisInputs::SetMCSF] => MCSF = 0.65, MCSF_err = 0.06
[AnalysisInputs::SetMCSF] sample : WZTo3LNu_powheg
[AnalysisInputs::SetMCSF] => MCSF = 1.05044, MCSF_err = 0.0648798
[AnalysisInputs::SetMCSF] sample : ZGto2LG
[AnalysisInputs::SetMCSF] => MCSF = 1.09954, MCSF_err = 0.076377
[AnalysisInputs::SetMCSF] sample : WGtoLNuG
[AnalysisInputs::SetMCSF] => MCSF = 1, MCSF_err = 0.076377
[AnalysisInputs::SetMCSF] sample : WGtoLNuG_weighted
[AnalysisInputs::SetMCSF] => MCSF = 1, MCSF_err = 0.076377
[AnalysisInputs::SetMCSF] sample : ZZTo4L_powheg
[AnalysisInputs::SetMCSF] => MCSF = 0.978852, MCSF_err = 0.0792882
[AnalysisInputs::SetMCSF] sample : ggZZto2e2mu
[AnalysisInputs::SetMCSF] => MCSF = 0.978852, MCSF_err = 0.0792882
[AnalysisInputs::SetMCSF] sample : ggZZto2e2nu
[AnalysisInputs::SetMCSF] => MCSF = 0.978852, MCSF_err = 0.0792882
[AnalysisInputs::SetMCSF] sample : ggZZto2e2tau
[AnalysisInputs::SetMCSF] => MCSF = 0.978852, MCSF_err = 0.0792882
[AnalysisInputs::SetMCSF] sample : ggZZto2mu2nu
[AnalysisInputs::SetMCSF] => MCSF = 0.978852, MCSF_err = 0.0792882
[AnalysisInputs::SetMCSF] sample : ggZZto2mu2tau
[AnalysisInputs::SetMCSF] => MCSF = 0.978852, MCSF_err = 0.0792882
[AnalysisInputs::SetMCSF] sample : ggZZto4e
[AnalysisInputs::SetMCSF] => MCSF = 0.978852, MCSF_err = 0.0792882
[AnalysisInputs::SetMCSF] sample : ggZZto4mu
[AnalysisInputs::SetMCSF] => MCSF = 0.978852, MCSF_err = 0.0792882
[AnalysisInputs::SetMCSF] sample : ggZZto4tau
[AnalysisInputs::SetMCSF] => MCSF = 0.978852, MCSF_err = 0.0792882
[AnalysisInputs::SetMCSF] sample : ggHtoZZ
[AnalysisInputs::SetMCSF] => MCSF = 0.978852, MCSF_err = 0.0792882
[AnalysisInputs::SetCalculatedSysts] Get Systematics from /data8/Users/jskim/HN_dilepton_plotter/data/v8-0-7.37_PreApproval/Syst.txt
[AnalysisInputs::SetCalculatedSysts] source : Luminosity
[AnalysisInputs::SetCalculatedSysts] => % sysematic = 0.025
[AnalysisInputs::SetCalculatedSysts] source : FakeLooseID
[AnalysisInputs::SetCalculatedSysts] => % sysematic = 0.3
[AnalysisInputs::SetCalculatedSysts] source : ChrageFlipSyst
[AnalysisInputs::SetCalculatedSysts] => % sysematic = 0.16
[CutRangeInfo::ReadCutCard] Get Cutcard from /data8/Users/jskim/HN_dilepton_plotter/data/v8-0-7.37_PreApproval/CutOpCard/RunDirectory/Cards_MuEl_Bin2/HNMuEl_1000.txt
Central	0.151281	0	0
_MuonEn_up	0.255701	0	0
_MuonEn_down	0.153639	0	0
_MuonIDSF_up	0.158754	0	0
_MuonIDSF_down	0.15298	0	0
_ElectronEn_up	0.160863	0	0
_ElectronEn_down	0.250438	0	0
_ElectronIDSF_up	0.158964	0	0
_ElectronIDSF_down	0.146294	0	0
_TriggerSF_up	0.158005	0	0
_TriggerSF_down	0.155272	0	0
_PU_up	0.161082	0	0
_PU_down	0.153242	0	0
_JetEn_up	0.155891	0	0
_JetEn_down	0.262679	0	0
_JetRes_up	0.254926	0	0
_JetRes_down	0.153469	0	0
_Unclustered_up	0.164268	0	0
_Unclustered_down	0.161699	0	0
_BTagSFEff_up	0.155272	0	0
_BTagSFEff_down	0.16001	0	0
_BTagSFMiss_up	0.151281	0	0
_BTagSFMiss_down	0.155272	0	0
_JetMass_up	0.152593	0	0
_JetMass_down	0.158413	0	0
_JetMassRes_up	0.155272	0	0
_JetMassRes_down	0.161949	0	0
_Tau21_up	0.168015	0	0
_Tau21_down	0.108835	0	0

################ Sources ################
Source	SystTotal	SystPrompt	SystFake	Signal
Stat 30.59 30.59  -nan  -nan  0.72
Lumi 2.50  2.50 -  -  2.50
PDF  -  -  -  -  2.36
MuonPt  48.82 48.82  -  -  3.28
MuonID  3.58 3.58  -  -  1.77
ElectronE  46.56 46.56  -  -  0.22
ElectronID  4.28 4.28  -  -  1.89
Trigger  3.65 3.65  -  -  0.19
PU  4.67 4.67  -  -  1.12
JES  52.11 52.11  -  -  0.57
JER  48.46 48.46  -  -  0.74
Uncl  7.78 7.78  -  -  0.05
BEff  4.49 4.49  -  -  0.45
BMiss  1.87 1.87  -  -  0.42
JMS  3.39 3.39  -  -  0.05
JMR  5.32 5.32  -  -  0.01
Tau21  21.33 21.33  -  -  8.00
MCNorm 47.69  47.69 -  -  -
Fake 0.00  -  -nan - -
CF 0.00  -  -  -nan -
Total Systematic 111.99 111.99  -nan  -nan  9.79

Total Background	0.151
- Prompt	0.151
- Fake	0.000
- CF	0.000

####### Result #######
Signal Eff	0.234907
0.151281 2.160897
0.045037 1.098168
