
Processing CyclesForMixingLimit_MuEl_Bin2/HNMuEl_500.C...
[AnalysisInputs::SetMCSF] Get MC SF from /data8/Users/jskim/HN_dilepton_plotter/data/v8-0-7.37_PreApproval/MCSF.txt
[AnalysisInputs::SetMCSF] sample : VVV
[AnalysisInputs::SetMCSF] => MCSF = 1, MCSF_err = 0.5
[AnalysisInputs::SetMCSF] sample : WWW
[AnalysisInputs::SetMCSF] => MCSF = 1, MCSF_err = 0.5
[AnalysisInputs::SetMCSF] sample : WWZ
[AnalysisInputs::SetMCSF] => MCSF = 1, MCSF_err = 0.5
[AnalysisInputs::SetMCSF] sample : WZZ
[AnalysisInputs::SetMCSF] => MCSF = 1, MCSF_err = 0.5
[AnalysisInputs::SetMCSF] sample : ZZZ
[AnalysisInputs::SetMCSF] => MCSF = 1, MCSF_err = 0.5
[AnalysisInputs::SetMCSF] sample : ttV
[AnalysisInputs::SetMCSF] => MCSF = 1, MCSF_err = 0.5
[AnalysisInputs::SetMCSF] sample : ttW
[AnalysisInputs::SetMCSF] => MCSF = 1, MCSF_err = 0.5
[AnalysisInputs::SetMCSF] sample : ttZ
[AnalysisInputs::SetMCSF] => MCSF = 1, MCSF_err = 0.5
[AnalysisInputs::SetMCSF] sample : ttH_nonbb
[AnalysisInputs::SetMCSF] => MCSF = 1, MCSF_err = 0.5
[AnalysisInputs::SetMCSF] sample : top
[AnalysisInputs::SetMCSF] => MCSF = 1, MCSF_err = 0.5
[AnalysisInputs::SetMCSF] sample : WWTo2L2Nu_DS
[AnalysisInputs::SetMCSF] => MCSF = 1, MCSF_err = 0.5
[AnalysisInputs::SetMCSF] sample : WpWpEWK
[AnalysisInputs::SetMCSF] => MCSF = 1, MCSF_err = 0.5
[AnalysisInputs::SetMCSF] sample : WpWpQCD
[AnalysisInputs::SetMCSF] => MCSF = 1, MCSF_err = 0.5
[AnalysisInputs::SetMCSF] sample : WZTo3LNu_mllmin01
[AnalysisInputs::SetMCSF] => MCSF = 0.65, MCSF_err = 0.06
[AnalysisInputs::SetMCSF] sample : WZTo3LNu_powheg
[AnalysisInputs::SetMCSF] => MCSF = 1.05044, MCSF_err = 0.0648798
[AnalysisInputs::SetMCSF] sample : ZGto2LG
[AnalysisInputs::SetMCSF] => MCSF = 1.09954, MCSF_err = 0.076377
[AnalysisInputs::SetMCSF] sample : WGtoLNuG
[AnalysisInputs::SetMCSF] => MCSF = 1, MCSF_err = 0.076377
[AnalysisInputs::SetMCSF] sample : WGtoLNuG_weighted
[AnalysisInputs::SetMCSF] => MCSF = 1, MCSF_err = 0.076377
[AnalysisInputs::SetMCSF] sample : ZZTo4L_powheg
[AnalysisInputs::SetMCSF] => MCSF = 0.978852, MCSF_err = 0.0792882
[AnalysisInputs::SetMCSF] sample : ggZZto2e2mu
[AnalysisInputs::SetMCSF] => MCSF = 0.978852, MCSF_err = 0.0792882
[AnalysisInputs::SetMCSF] sample : ggZZto2e2nu
[AnalysisInputs::SetMCSF] => MCSF = 0.978852, MCSF_err = 0.0792882
[AnalysisInputs::SetMCSF] sample : ggZZto2e2tau
[AnalysisInputs::SetMCSF] => MCSF = 0.978852, MCSF_err = 0.0792882
[AnalysisInputs::SetMCSF] sample : ggZZto2mu2nu
[AnalysisInputs::SetMCSF] => MCSF = 0.978852, MCSF_err = 0.0792882
[AnalysisInputs::SetMCSF] sample : ggZZto2mu2tau
[AnalysisInputs::SetMCSF] => MCSF = 0.978852, MCSF_err = 0.0792882
[AnalysisInputs::SetMCSF] sample : ggZZto4e
[AnalysisInputs::SetMCSF] => MCSF = 0.978852, MCSF_err = 0.0792882
[AnalysisInputs::SetMCSF] sample : ggZZto4mu
[AnalysisInputs::SetMCSF] => MCSF = 0.978852, MCSF_err = 0.0792882
[AnalysisInputs::SetMCSF] sample : ggZZto4tau
[AnalysisInputs::SetMCSF] => MCSF = 0.978852, MCSF_err = 0.0792882
[AnalysisInputs::SetMCSF] sample : ggHtoZZ
[AnalysisInputs::SetMCSF] => MCSF = 0.978852, MCSF_err = 0.0792882
[AnalysisInputs::SetCalculatedSysts] Get Systematics from /data8/Users/jskim/HN_dilepton_plotter/data/v8-0-7.37_PreApproval/Syst.txt
[AnalysisInputs::SetCalculatedSysts] source : Luminosity
[AnalysisInputs::SetCalculatedSysts] => % sysematic = 0.025
[AnalysisInputs::SetCalculatedSysts] source : FakeLooseID
[AnalysisInputs::SetCalculatedSysts] => % sysematic = 0.3
[AnalysisInputs::SetCalculatedSysts] source : ChrageFlipSyst
[AnalysisInputs::SetCalculatedSysts] => % sysematic = 0.16
[CutRangeInfo::ReadCutCard] Get Cutcard from /data8/Users/jskim/HN_dilepton_plotter/data/v8-0-7.37_PreApproval/CutOpCard/RunDirectory/Cards_MuEl_Bin2/HNMuEl_500.txt
Central	0.653585	0	0
_MuonEn_up	0.778879	0	0
_MuonEn_down	0.635011	0	0
_MuonIDSF_up	0.663833	0	0
_MuonIDSF_down	0.645636	0	0
_ElectronEn_up	0.665565	0	0
_ElectronEn_down	0.665887	0	0
_ElectronIDSF_up	0.667602	0	0
_ElectronIDSF_down	0.646274	0	0
_TriggerSF_up	0.655245	0	0
_TriggerSF_down	0.647843	0	0
_PU_up	0.603183	0	0
_PU_down	0.719169	0	0
_JetEn_up	0.677341	0	0
_JetEn_down	0.659015	0	0
_JetRes_up	0.654651	0	0
_JetRes_down	0.655195	0	0
_Unclustered_up	0.662558	0	0
_Unclustered_down	0.660482	0	0
_BTagSFEff_up	0.650404	0	0
_BTagSFEff_down	0.663927	0	0
_BTagSFMiss_up	0.659681	0	0
_BTagSFMiss_down	0.650645	0	0
_JetMass_up	0.666029	0	0
_JetMass_down	0.659397	0	0
_JetMassRes_up	0.649886	0	0
_JetMassRes_down	0.638722	0	0
_Tau21_up	0.692901	0	0
_Tau21_down	0.605733	0	0

################ Sources ################
Source	SystTotal	SystPrompt	SystFake	Signal
Stat 24.73 24.73  -nan  -nan  0.84
Lumi 2.50  2.50 -  -  2.50
PDF  -  -  -  -  2.36
MuonPt  13.70 13.70  -  -  1.16
MuonID  1.40 1.40  -  -  1.79
ElectronE  1.86 1.86  -  -  0.19
ElectronID  1.71 1.71  -  -  1.99
Trigger  0.65 0.65  -  -  0.16
PU  8.95 8.95  -  -  1.14
JES  2.64 2.64  -  -  0.10
JER  0.21 0.21  -  -  0.56
Uncl  1.22 1.22  -  -  0.21
BEff  1.17 1.17  -  -  0.34
BMiss  0.73 0.73  -  -  0.39
JMS  1.49 1.49  -  -  0.13
JMR  1.66 1.66  -  -  0.06
Tau21  6.70 6.70  -  -  7.59
MCNorm 33.99  33.99 -  -  -
Fake 0.00  -  -nan - -
CF 0.00  -  -  -nan -
Total Systematic 38.71 38.71  -nan  -nan  8.94

Total Background	0.654
- Prompt	0.654
- Fake	0.000
- CF	0.000

####### Result #######
Signal Eff	0.173878
0.653585 1.459382
0.625670 1.089803
