
Processing CyclesForMixingLimit_MuEl_Bin2/HNMuEl_90.C...
[AnalysisInputs::SetMCSF] Get MC SF from /data8/Users/jskim/HN_dilepton_plotter/data/v8-0-7.37_Unblind/MCSF.txt
[AnalysisInputs::SetMCSF] sample : VVV
[AnalysisInputs::SetMCSF] => MCSF = 1, MCSF_err = 0.5
[AnalysisInputs::SetMCSF] sample : WWW
[AnalysisInputs::SetMCSF] => MCSF = 1, MCSF_err = 0.5
[AnalysisInputs::SetMCSF] sample : WWZ
[AnalysisInputs::SetMCSF] => MCSF = 1, MCSF_err = 0.5
[AnalysisInputs::SetMCSF] sample : WZZ
[AnalysisInputs::SetMCSF] => MCSF = 1, MCSF_err = 0.5
[AnalysisInputs::SetMCSF] sample : ZZZ
[AnalysisInputs::SetMCSF] => MCSF = 1, MCSF_err = 0.5
[AnalysisInputs::SetMCSF] sample : ttV
[AnalysisInputs::SetMCSF] => MCSF = 1, MCSF_err = 0.5
[AnalysisInputs::SetMCSF] sample : ttW
[AnalysisInputs::SetMCSF] => MCSF = 1, MCSF_err = 0.5
[AnalysisInputs::SetMCSF] sample : ttZ
[AnalysisInputs::SetMCSF] => MCSF = 1, MCSF_err = 0.5
[AnalysisInputs::SetMCSF] sample : ttH_nonbb
[AnalysisInputs::SetMCSF] => MCSF = 1, MCSF_err = 0.5
[AnalysisInputs::SetMCSF] sample : top
[AnalysisInputs::SetMCSF] => MCSF = 1, MCSF_err = 0.5
[AnalysisInputs::SetMCSF] sample : WWTo2L2Nu_DS
[AnalysisInputs::SetMCSF] => MCSF = 1, MCSF_err = 0.5
[AnalysisInputs::SetMCSF] sample : WpWpEWK
[AnalysisInputs::SetMCSF] => MCSF = 1.3062, MCSF_err = 0.5
[AnalysisInputs::SetMCSF] sample : WpWpQCD
[AnalysisInputs::SetMCSF] => MCSF = 1.70026, MCSF_err = 0.5
[AnalysisInputs::SetMCSF] sample : WZTo3LNu_mllmin01
[AnalysisInputs::SetMCSF] => MCSF = 0.65, MCSF_err = 0.06
[AnalysisInputs::SetMCSF] sample : WZTo3LNu_powheg
[AnalysisInputs::SetMCSF] => MCSF = 1.05044, MCSF_err = 0.0648798
[AnalysisInputs::SetMCSF] sample : ZGto2LG
[AnalysisInputs::SetMCSF] => MCSF = 1.09954, MCSF_err = 0.076377
[AnalysisInputs::SetMCSF] sample : WGtoLNuG
[AnalysisInputs::SetMCSF] => MCSF = 1, MCSF_err = 0.076377
[AnalysisInputs::SetMCSF] sample : WGtoLNuG_weighted
[AnalysisInputs::SetMCSF] => MCSF = 1, MCSF_err = 0.076377
[AnalysisInputs::SetMCSF] sample : ZZTo4L_powheg
[AnalysisInputs::SetMCSF] => MCSF = 0.978852, MCSF_err = 0.0792882
[AnalysisInputs::SetMCSF] sample : ggZZto2e2mu
[AnalysisInputs::SetMCSF] => MCSF = 0.978852, MCSF_err = 0.0792882
[AnalysisInputs::SetMCSF] sample : ggZZto2e2nu
[AnalysisInputs::SetMCSF] => MCSF = 0.978852, MCSF_err = 0.0792882
[AnalysisInputs::SetMCSF] sample : ggZZto2e2tau
[AnalysisInputs::SetMCSF] => MCSF = 0.978852, MCSF_err = 0.0792882
[AnalysisInputs::SetMCSF] sample : ggZZto2mu2nu
[AnalysisInputs::SetMCSF] => MCSF = 0.978852, MCSF_err = 0.0792882
[AnalysisInputs::SetMCSF] sample : ggZZto2mu2tau
[AnalysisInputs::SetMCSF] => MCSF = 0.978852, MCSF_err = 0.0792882
[AnalysisInputs::SetMCSF] sample : ggZZto4e
[AnalysisInputs::SetMCSF] => MCSF = 0.978852, MCSF_err = 0.0792882
[AnalysisInputs::SetMCSF] sample : ggZZto4mu
[AnalysisInputs::SetMCSF] => MCSF = 0.978852, MCSF_err = 0.0792882
[AnalysisInputs::SetMCSF] sample : ggZZto4tau
[AnalysisInputs::SetMCSF] => MCSF = 0.978852, MCSF_err = 0.0792882
[AnalysisInputs::SetMCSF] sample : ggHtoZZ
[AnalysisInputs::SetMCSF] => MCSF = 0.978852, MCSF_err = 0.0792882
[AnalysisInputs::SetCalculatedSysts] Get Systematics from /data8/Users/jskim/HN_dilepton_plotter/data/v8-0-7.37_Unblind/Syst.txt
[AnalysisInputs::SetCalculatedSysts] source : Luminosity
[AnalysisInputs::SetCalculatedSysts] => % sysematic = 0.025
[AnalysisInputs::SetCalculatedSysts] source : FakeLooseID
[AnalysisInputs::SetCalculatedSysts] => % sysematic = 0.3
[AnalysisInputs::SetCalculatedSysts] source : ChrageFlipSyst
[AnalysisInputs::SetCalculatedSysts] => % sysematic = 0.16
[CutRangeInfo::ReadCutCard] Get Cutcard from /data8/Users/jskim/HN_dilepton_plotter/data/v8-0-7.37_Unblind/CutOpCard/RunDirectory/Cards_MuEl_Bin2/HNMuEl_90.txt
Central	6.00625	3.13849	0
_MuonEn_up	6.22362	3.13849	0
_MuonEn_down	5.98308	3.13849	0
_MuonIDSF_up	6.04335	3.13849	0
_MuonIDSF_down	5.84841	3.13849	0
_ElectronEn_up	5.88956	3.13849	0
_ElectronEn_down	5.52027	3.13849	0
_ElectronIDSF_up	6.06565	3.13849	0
_ElectronIDSF_down	5.88945	3.13849	0
_TriggerSF_up	5.97492	3.13849	0
_TriggerSF_down	5.97756	3.13849	0
_PU_up	5.72924	3.13849	0
_PU_down	6.101	3.13849	0
_JetEn_up	6.10618	3.13849	0
_JetEn_down	5.85995	3.13849	0
_JetRes_up	6.00169	3.13849	0
_JetRes_down	5.89774	3.13849	0
_Unclustered_up	5.96688	3.13849	0
_Unclustered_down	6.01584	3.13849	0
_BTagSFEff_up	5.94273	3.13849	0
_BTagSFEff_down	6.02434	3.13849	0
_BTagSFMiss_up	5.95206	3.13849	0
_BTagSFMiss_down	5.97388	3.13849	0
_JetMass_up	5.95949	3.13849	0
_JetMass_down	5.8832	3.13849	0
_JetMassRes_up	5.92833	3.13849	0
_JetMassRes_down	5.96985	3.13849	0
_Tau21_up	6.36296	3.13849	0
_Tau21_down	5.44131	3.13849	0

################ Sources ################
Source	SystTotal	SystPrompt	SystFake	Signal
Stat 11.65 14.44  19.72  -nan  58.77
Lumi 1.64  2.50 -  -  2.50
PDF  -  -  -  -  2.36
MuonPt  1.69 2.57  -  -  22.64
MuonID  1.25 1.91  -  -  1.55
ElectronE  3.86 5.88  -  -  0.00
ElectronID  1.01 1.54  -  -  0.90
Trigger  0.33 0.50  -  -  0.38
PU  2.26 3.45  -  -  5.44
JES  1.37 2.09  -  -  0.00
JER  0.84 1.28  -  -  0.00
Uncl  0.31 0.48  -  -  0.00
BEff  0.51 0.78  -  -  18.59
BMiss  0.49 0.74  -  -  22.64
JMS  1.02 1.55  -  -  18.59
JMR  0.67 1.01  -  -  51.54
Tau21  5.17 7.87  -  -  7.30
MCNorm 19.07  29.03 -  -  -
Fake 10.30  -  30.00 - -
CF 0.00  -  -  -nan -
Total Systematic 23.01 31.33  30.00  -nan  66.87

Total Background	9.145
- Prompt	6.006
- Fake	3.138
- CF	0.000
- Obs	17.000

####### Result #######
Signal Eff	0.000025
9.144748 1.257902
0.146933 1.890246
