
Processing CyclesForMixingLimit_MuEl_Bin2/HNMuEl_300.C...
[AnalysisInputs::SetMCSF] Get MC SF from /data8/Users/jskim/HN_dilepton_plotter/data/v8-0-7.37_PreApproval/MCSF.txt
[AnalysisInputs::SetMCSF] sample : VVV
[AnalysisInputs::SetMCSF] => MCSF = 1, MCSF_err = 0.5
[AnalysisInputs::SetMCSF] sample : WWW
[AnalysisInputs::SetMCSF] => MCSF = 1, MCSF_err = 0.5
[AnalysisInputs::SetMCSF] sample : WWZ
[AnalysisInputs::SetMCSF] => MCSF = 1, MCSF_err = 0.5
[AnalysisInputs::SetMCSF] sample : WZZ
[AnalysisInputs::SetMCSF] => MCSF = 1, MCSF_err = 0.5
[AnalysisInputs::SetMCSF] sample : ZZZ
[AnalysisInputs::SetMCSF] => MCSF = 1, MCSF_err = 0.5
[AnalysisInputs::SetMCSF] sample : ttV
[AnalysisInputs::SetMCSF] => MCSF = 1, MCSF_err = 0.5
[AnalysisInputs::SetMCSF] sample : ttW
[AnalysisInputs::SetMCSF] => MCSF = 1, MCSF_err = 0.5
[AnalysisInputs::SetMCSF] sample : ttZ
[AnalysisInputs::SetMCSF] => MCSF = 1, MCSF_err = 0.5
[AnalysisInputs::SetMCSF] sample : ttH_nonbb
[AnalysisInputs::SetMCSF] => MCSF = 1, MCSF_err = 0.5
[AnalysisInputs::SetMCSF] sample : top
[AnalysisInputs::SetMCSF] => MCSF = 1, MCSF_err = 0.5
[AnalysisInputs::SetMCSF] sample : WWTo2L2Nu_DS
[AnalysisInputs::SetMCSF] => MCSF = 1, MCSF_err = 0.5
[AnalysisInputs::SetMCSF] sample : WpWpEWK
[AnalysisInputs::SetMCSF] => MCSF = 1, MCSF_err = 0.5
[AnalysisInputs::SetMCSF] sample : WpWpQCD
[AnalysisInputs::SetMCSF] => MCSF = 1, MCSF_err = 0.5
[AnalysisInputs::SetMCSF] sample : WZTo3LNu_mllmin01
[AnalysisInputs::SetMCSF] => MCSF = 0.65, MCSF_err = 0.06
[AnalysisInputs::SetMCSF] sample : WZTo3LNu_powheg
[AnalysisInputs::SetMCSF] => MCSF = 1.05044, MCSF_err = 0.0648798
[AnalysisInputs::SetMCSF] sample : ZGto2LG
[AnalysisInputs::SetMCSF] => MCSF = 1.09954, MCSF_err = 0.076377
[AnalysisInputs::SetMCSF] sample : WGtoLNuG
[AnalysisInputs::SetMCSF] => MCSF = 1, MCSF_err = 0.076377
[AnalysisInputs::SetMCSF] sample : WGtoLNuG_weighted
[AnalysisInputs::SetMCSF] => MCSF = 1, MCSF_err = 0.076377
[AnalysisInputs::SetMCSF] sample : ZZTo4L_powheg
[AnalysisInputs::SetMCSF] => MCSF = 0.978852, MCSF_err = 0.0792882
[AnalysisInputs::SetMCSF] sample : ggZZto2e2mu
[AnalysisInputs::SetMCSF] => MCSF = 0.978852, MCSF_err = 0.0792882
[AnalysisInputs::SetMCSF] sample : ggZZto2e2nu
[AnalysisInputs::SetMCSF] => MCSF = 0.978852, MCSF_err = 0.0792882
[AnalysisInputs::SetMCSF] sample : ggZZto2e2tau
[AnalysisInputs::SetMCSF] => MCSF = 0.978852, MCSF_err = 0.0792882
[AnalysisInputs::SetMCSF] sample : ggZZto2mu2nu
[AnalysisInputs::SetMCSF] => MCSF = 0.978852, MCSF_err = 0.0792882
[AnalysisInputs::SetMCSF] sample : ggZZto2mu2tau
[AnalysisInputs::SetMCSF] => MCSF = 0.978852, MCSF_err = 0.0792882
[AnalysisInputs::SetMCSF] sample : ggZZto4e
[AnalysisInputs::SetMCSF] => MCSF = 0.978852, MCSF_err = 0.0792882
[AnalysisInputs::SetMCSF] sample : ggZZto4mu
[AnalysisInputs::SetMCSF] => MCSF = 0.978852, MCSF_err = 0.0792882
[AnalysisInputs::SetMCSF] sample : ggZZto4tau
[AnalysisInputs::SetMCSF] => MCSF = 0.978852, MCSF_err = 0.0792882
[AnalysisInputs::SetMCSF] sample : ggHtoZZ
[AnalysisInputs::SetMCSF] => MCSF = 0.978852, MCSF_err = 0.0792882
[AnalysisInputs::SetCalculatedSysts] Get Systematics from /data8/Users/jskim/HN_dilepton_plotter/data/v8-0-7.37_PreApproval/Syst.txt
[AnalysisInputs::SetCalculatedSysts] source : Luminosity
[AnalysisInputs::SetCalculatedSysts] => % sysematic = 0.025
[AnalysisInputs::SetCalculatedSysts] source : FakeLooseID
[AnalysisInputs::SetCalculatedSysts] => % sysematic = 0.3
[AnalysisInputs::SetCalculatedSysts] source : ChrageFlipSyst
[AnalysisInputs::SetCalculatedSysts] => % sysematic = 0.16
[CutRangeInfo::ReadCutCard] Get Cutcard from /data8/Users/jskim/HN_dilepton_plotter/data/v8-0-7.37_PreApproval/CutOpCard/RunDirectory/Cards_MuEl_Bin2/HNMuEl_300.txt
Central	0.838523	0.0206489	0
_MuonEn_up	0.911762	0.0206489	0
_MuonEn_down	0.841766	0.0206489	0
_MuonIDSF_up	0.856006	0.0206489	0
_MuonIDSF_down	0.819998	0.0206489	0
_ElectronEn_up	0.929059	0.0206489	0
_ElectronEn_down	0.832014	0.0206489	0
_ElectronIDSF_up	0.842874	0.0206489	0
_ElectronIDSF_down	0.839242	0.0206489	0
_TriggerSF_up	0.841727	0.0206489	0
_TriggerSF_down	0.837146	0.0206489	0
_PU_up	0.820293	0.0206489	0
_PU_down	0.856766	0.0206489	0
_JetEn_up	0.780215	0.0206489	0
_JetEn_down	0.887838	0.0206489	0
_JetRes_up	0.821612	0.0206489	0
_JetRes_down	0.914942	0.0206489	0
_Unclustered_up	0.766715	0.0206489	0
_Unclustered_down	0.840141	0.0206489	0
_BTagSFEff_up	0.822182	0.0206489	0
_BTagSFEff_down	0.853199	0.0206489	0
_BTagSFMiss_up	0.834198	0.0206489	0
_BTagSFMiss_down	0.867391	0.0206489	0
_JetMass_up	0.830194	0.0206489	0
_JetMass_down	0.839299	0.0206489	0
_JetMassRes_up	0.840861	0.0206489	0
_JetMassRes_down	0.834284	0.0206489	0
_Tau21_up	0.891408	0.0206489	0
_Tau21_down	0.765748	0.0206489	0

################ Sources ################
Source	SystTotal	SystPrompt	SystFake	Signal
Stat 22.15 21.57  287.54  -nan  1.65
Lumi 2.44  2.50 -  -  2.50
PDF  -  -  -  -  2.36
MuonPt  6.03 6.18  -  -  1.12
MuonID  2.10 2.15  -  -  1.74
ElectronE  7.47 7.65  -  -  0.56
ElectronID  0.36 0.37  -  -  1.52
Trigger  0.29 0.29  -  -  0.17
PU  2.12 2.17  -  -  0.55
JES  6.29 6.44  -  -  1.74
JER  6.44 6.60  -  -  0.94
Uncl  5.91 6.06  -  -  0.13
BEff  1.81 1.85  -  -  0.42
BMiss  2.40 2.46  -  -  0.54
JMS  0.69 0.71  -  -  0.07
JMR  0.40 0.41  -  -  0.27
Tau21  7.40 7.59  -  -  7.42
MCNorm 33.93  34.77 -  -  -
Fake 0.72  -  30.00 - -
CF 0.00  -  -  -nan -
Total Systematic 37.94 38.87  30.00  -nan  8.86

Total Background	0.859
- Prompt	0.839
- Fake	0.021
- CF	0.000

####### Result #######
Signal Eff	0.040917
0.859172 1.439376
1.125838 1.090135
