
Processing CyclesForMixingLimit_MuEl_Bin2/HNMuEl_40.C...
[AnalysisInputs::SetMCSF] Get MC SF from /data8/Users/jskim/HN_dilepton_plotter/data/v8-0-7.37_PreApproval/MCSF.txt
[AnalysisInputs::SetMCSF] sample : VVV
[AnalysisInputs::SetMCSF] => MCSF = 1, MCSF_err = 0.5
[AnalysisInputs::SetMCSF] sample : WWW
[AnalysisInputs::SetMCSF] => MCSF = 1, MCSF_err = 0.5
[AnalysisInputs::SetMCSF] sample : WWZ
[AnalysisInputs::SetMCSF] => MCSF = 1, MCSF_err = 0.5
[AnalysisInputs::SetMCSF] sample : WZZ
[AnalysisInputs::SetMCSF] => MCSF = 1, MCSF_err = 0.5
[AnalysisInputs::SetMCSF] sample : ZZZ
[AnalysisInputs::SetMCSF] => MCSF = 1, MCSF_err = 0.5
[AnalysisInputs::SetMCSF] sample : ttV
[AnalysisInputs::SetMCSF] => MCSF = 1, MCSF_err = 0.5
[AnalysisInputs::SetMCSF] sample : ttW
[AnalysisInputs::SetMCSF] => MCSF = 1, MCSF_err = 0.5
[AnalysisInputs::SetMCSF] sample : ttZ
[AnalysisInputs::SetMCSF] => MCSF = 1, MCSF_err = 0.5
[AnalysisInputs::SetMCSF] sample : ttH_nonbb
[AnalysisInputs::SetMCSF] => MCSF = 1, MCSF_err = 0.5
[AnalysisInputs::SetMCSF] sample : top
[AnalysisInputs::SetMCSF] => MCSF = 1, MCSF_err = 0.5
[AnalysisInputs::SetMCSF] sample : WWTo2L2Nu_DS
[AnalysisInputs::SetMCSF] => MCSF = 1, MCSF_err = 0.5
[AnalysisInputs::SetMCSF] sample : WpWpEWK
[AnalysisInputs::SetMCSF] => MCSF = 1, MCSF_err = 0.5
[AnalysisInputs::SetMCSF] sample : WpWpQCD
[AnalysisInputs::SetMCSF] => MCSF = 1, MCSF_err = 0.5
[AnalysisInputs::SetMCSF] sample : WZTo3LNu_mllmin01
[AnalysisInputs::SetMCSF] => MCSF = 0.65, MCSF_err = 0.06
[AnalysisInputs::SetMCSF] sample : WZTo3LNu_powheg
[AnalysisInputs::SetMCSF] => MCSF = 1.05044, MCSF_err = 0.0648798
[AnalysisInputs::SetMCSF] sample : ZGto2LG
[AnalysisInputs::SetMCSF] => MCSF = 1.09954, MCSF_err = 0.076377
[AnalysisInputs::SetMCSF] sample : WGtoLNuG
[AnalysisInputs::SetMCSF] => MCSF = 1, MCSF_err = 0.076377
[AnalysisInputs::SetMCSF] sample : WGtoLNuG_weighted
[AnalysisInputs::SetMCSF] => MCSF = 1, MCSF_err = 0.076377
[AnalysisInputs::SetMCSF] sample : ZZTo4L_powheg
[AnalysisInputs::SetMCSF] => MCSF = 0.978852, MCSF_err = 0.0792882
[AnalysisInputs::SetMCSF] sample : ggZZto2e2mu
[AnalysisInputs::SetMCSF] => MCSF = 0.978852, MCSF_err = 0.0792882
[AnalysisInputs::SetMCSF] sample : ggZZto2e2nu
[AnalysisInputs::SetMCSF] => MCSF = 0.978852, MCSF_err = 0.0792882
[AnalysisInputs::SetMCSF] sample : ggZZto2e2tau
[AnalysisInputs::SetMCSF] => MCSF = 0.978852, MCSF_err = 0.0792882
[AnalysisInputs::SetMCSF] sample : ggZZto2mu2nu
[AnalysisInputs::SetMCSF] => MCSF = 0.978852, MCSF_err = 0.0792882
[AnalysisInputs::SetMCSF] sample : ggZZto2mu2tau
[AnalysisInputs::SetMCSF] => MCSF = 0.978852, MCSF_err = 0.0792882
[AnalysisInputs::SetMCSF] sample : ggZZto4e
[AnalysisInputs::SetMCSF] => MCSF = 0.978852, MCSF_err = 0.0792882
[AnalysisInputs::SetMCSF] sample : ggZZto4mu
[AnalysisInputs::SetMCSF] => MCSF = 0.978852, MCSF_err = 0.0792882
[AnalysisInputs::SetMCSF] sample : ggZZto4tau
[AnalysisInputs::SetMCSF] => MCSF = 0.978852, MCSF_err = 0.0792882
[AnalysisInputs::SetMCSF] sample : ggHtoZZ
[AnalysisInputs::SetMCSF] => MCSF = 0.978852, MCSF_err = 0.0792882
[AnalysisInputs::SetCalculatedSysts] Get Systematics from /data8/Users/jskim/HN_dilepton_plotter/data/v8-0-7.37_PreApproval/Syst.txt
[AnalysisInputs::SetCalculatedSysts] source : Luminosity
[AnalysisInputs::SetCalculatedSysts] => % sysematic = 0.025
[AnalysisInputs::SetCalculatedSysts] source : FakeLooseID
[AnalysisInputs::SetCalculatedSysts] => % sysematic = 0.3
[AnalysisInputs::SetCalculatedSysts] source : ChrageFlipSyst
[AnalysisInputs::SetCalculatedSysts] => % sysematic = 0.16
[CutRangeInfo::ReadCutCard] Get Cutcard from /data8/Users/jskim/HN_dilepton_plotter/data/v8-0-7.37_PreApproval/CutOpCard/RunDirectory/Cards_MuEl_Bin2/HNMuEl_40.txt
Central	30.7758	20.9855	0
_MuonEn_up	30.7829	20.9855	0
_MuonEn_down	30.7886	20.9855	0
_MuonIDSF_up	31.2849	20.9855	0
_MuonIDSF_down	30.2935	20.9855	0
_ElectronEn_up	30.8002	20.9855	0
_ElectronEn_down	30.6803	20.9855	0
_ElectronIDSF_up	31.0546	20.9855	0
_ElectronIDSF_down	30.5241	20.9855	0
_TriggerSF_up	31.4706	20.9855	0
_TriggerSF_down	30.3174	20.9855	0
_PU_up	29.5536	20.9855	0
_PU_down	31.7379	20.9855	0
_JetEn_up	27.0768	20.9855	0
_JetEn_down	28.6339	20.9855	0
_JetRes_up	29.022	20.9855	0
_JetRes_down	32.0045	20.9855	0
_Unclustered_up	30.3325	20.9855	0
_Unclustered_down	29.7678	20.9855	0
_BTagSFEff_up	30.7743	20.9855	0
_BTagSFEff_down	30.8625	20.9855	0
_BTagSFMiss_up	30.3999	20.9855	0
_BTagSFMiss_down	30.7893	20.9855	0
_JetMass_up	30.7828	20.9855	0
_JetMass_down	30.8697	20.9855	0
_JetMassRes_up	30.7926	20.9855	0
_JetMassRes_down	30.8627	20.9855	0
_Tau21_up	30.7069	20.9855	0
_Tau21_down	30.7765	20.9855	0

################ Sources ################
Source	SystTotal	SystPrompt	SystFake	Signal
Stat 8.30 12.27  9.75  -nan  3.86
Lumi 1.49  2.50 -  -  2.50
PDF  -  -  -  -  6.96
MuonPt  0.02 0.03  -  -  0.30
MuonID  0.96 1.61  -  -  1.87
ElectronE  0.13 0.23  -  -  0.83
ElectronID  0.51 0.86  -  -  1.05
Trigger  1.14 1.91  -  -  3.68
PU  2.12 3.57  -  -  3.25
JES  5.84 9.82  -  -  3.10
JER  2.93 4.92  -  -  0.33
Uncl  1.50 2.53  -  -  3.58
BEff  0.12 0.20  -  -  0.28
BMiss  0.51 0.86  -  -  0.42
JMS  0.13 0.22  -  -  0.16
JMR  0.12 0.20  -  -  0.11
Tau21  0.09 0.16  -  -  0.11
MCNorm 6.43  10.81 -  -  -
Fake 12.16  -  30.00 - -
CF 0.00  -  -  -nan -
Total Systematic 15.61 16.46  30.00  -nan  10.35

Total Background	51.761
- Prompt	30.776
- Fake	20.986
- CF	0.000

####### Result #######
Signal Eff	0.004525
51.761306 1.176781
4196.547156 1.110420
