
Processing CyclesForMixingLimit_MuEl_Bin2/HNMuEl_900.C...
[AnalysisInputs::SetMCSF] Get MC SF from /data8/Users/jskim/HN_dilepton_plotter/data/v8-0-7.37_Unblind/MCSF.txt
[AnalysisInputs::SetMCSF] sample : VVV
[AnalysisInputs::SetMCSF] => MCSF = 1, MCSF_err = 0.5
[AnalysisInputs::SetMCSF] sample : WWW
[AnalysisInputs::SetMCSF] => MCSF = 1, MCSF_err = 0.5
[AnalysisInputs::SetMCSF] sample : WWZ
[AnalysisInputs::SetMCSF] => MCSF = 1, MCSF_err = 0.5
[AnalysisInputs::SetMCSF] sample : WZZ
[AnalysisInputs::SetMCSF] => MCSF = 1, MCSF_err = 0.5
[AnalysisInputs::SetMCSF] sample : ZZZ
[AnalysisInputs::SetMCSF] => MCSF = 1, MCSF_err = 0.5
[AnalysisInputs::SetMCSF] sample : ttV
[AnalysisInputs::SetMCSF] => MCSF = 1, MCSF_err = 0.5
[AnalysisInputs::SetMCSF] sample : ttW
[AnalysisInputs::SetMCSF] => MCSF = 1, MCSF_err = 0.5
[AnalysisInputs::SetMCSF] sample : ttZ
[AnalysisInputs::SetMCSF] => MCSF = 1, MCSF_err = 0.5
[AnalysisInputs::SetMCSF] sample : ttH_nonbb
[AnalysisInputs::SetMCSF] => MCSF = 1, MCSF_err = 0.5
[AnalysisInputs::SetMCSF] sample : top
[AnalysisInputs::SetMCSF] => MCSF = 1, MCSF_err = 0.5
[AnalysisInputs::SetMCSF] sample : WWTo2L2Nu_DS
[AnalysisInputs::SetMCSF] => MCSF = 1, MCSF_err = 0.5
[AnalysisInputs::SetMCSF] sample : WpWpEWK
[AnalysisInputs::SetMCSF] => MCSF = 1.3062, MCSF_err = 0.5
[AnalysisInputs::SetMCSF] sample : WpWpQCD
[AnalysisInputs::SetMCSF] => MCSF = 1.70026, MCSF_err = 0.5
[AnalysisInputs::SetMCSF] sample : WZTo3LNu_mllmin01
[AnalysisInputs::SetMCSF] => MCSF = 0.65, MCSF_err = 0.06
[AnalysisInputs::SetMCSF] sample : WZTo3LNu_powheg
[AnalysisInputs::SetMCSF] => MCSF = 1.05044, MCSF_err = 0.0648798
[AnalysisInputs::SetMCSF] sample : ZGto2LG
[AnalysisInputs::SetMCSF] => MCSF = 1.09954, MCSF_err = 0.076377
[AnalysisInputs::SetMCSF] sample : WGtoLNuG
[AnalysisInputs::SetMCSF] => MCSF = 1, MCSF_err = 0.076377
[AnalysisInputs::SetMCSF] sample : WGtoLNuG_weighted
[AnalysisInputs::SetMCSF] => MCSF = 1, MCSF_err = 0.076377
[AnalysisInputs::SetMCSF] sample : ZZTo4L_powheg
[AnalysisInputs::SetMCSF] => MCSF = 0.978852, MCSF_err = 0.0792882
[AnalysisInputs::SetMCSF] sample : ggZZto2e2mu
[AnalysisInputs::SetMCSF] => MCSF = 0.978852, MCSF_err = 0.0792882
[AnalysisInputs::SetMCSF] sample : ggZZto2e2nu
[AnalysisInputs::SetMCSF] => MCSF = 0.978852, MCSF_err = 0.0792882
[AnalysisInputs::SetMCSF] sample : ggZZto2e2tau
[AnalysisInputs::SetMCSF] => MCSF = 0.978852, MCSF_err = 0.0792882
[AnalysisInputs::SetMCSF] sample : ggZZto2mu2nu
[AnalysisInputs::SetMCSF] => MCSF = 0.978852, MCSF_err = 0.0792882
[AnalysisInputs::SetMCSF] sample : ggZZto2mu2tau
[AnalysisInputs::SetMCSF] => MCSF = 0.978852, MCSF_err = 0.0792882
[AnalysisInputs::SetMCSF] sample : ggZZto4e
[AnalysisInputs::SetMCSF] => MCSF = 0.978852, MCSF_err = 0.0792882
[AnalysisInputs::SetMCSF] sample : ggZZto4mu
[AnalysisInputs::SetMCSF] => MCSF = 0.978852, MCSF_err = 0.0792882
[AnalysisInputs::SetMCSF] sample : ggZZto4tau
[AnalysisInputs::SetMCSF] => MCSF = 0.978852, MCSF_err = 0.0792882
[AnalysisInputs::SetMCSF] sample : ggHtoZZ
[AnalysisInputs::SetMCSF] => MCSF = 0.978852, MCSF_err = 0.0792882
[AnalysisInputs::SetCalculatedSysts] Get Systematics from /data8/Users/jskim/HN_dilepton_plotter/data/v8-0-7.37_Unblind/Syst.txt
[AnalysisInputs::SetCalculatedSysts] source : Luminosity
[AnalysisInputs::SetCalculatedSysts] => % sysematic = 0.025
[AnalysisInputs::SetCalculatedSysts] source : FakeLooseID
[AnalysisInputs::SetCalculatedSysts] => % sysematic = 0.3
[AnalysisInputs::SetCalculatedSysts] source : ChrageFlipSyst
[AnalysisInputs::SetCalculatedSysts] => % sysematic = 0.16
[CutRangeInfo::ReadCutCard] Get Cutcard from /data8/Users/jskim/HN_dilepton_plotter/data/v8-0-7.37_Unblind/CutOpCard/RunDirectory/Cards_MuEl_Bin2/HNMuEl_900.txt
Central	0.319562	0.116273	0
_MuonEn_up	0.385687	0.116273	0
_MuonEn_down	0.332122	0.116273	0
_MuonIDSF_up	0.331361	0.116273	0
_MuonIDSF_down	0.32511	0.116273	0
_ElectronEn_up	0.334418	0.116273	0
_ElectronEn_down	0.321448	0.116273	0
_ElectronIDSF_up	0.34404	0.116273	0
_ElectronIDSF_down	0.301981	0.116273	0
_TriggerSF_up	0.320311	0.116273	0
_TriggerSF_down	0.323553	0.116273	0
_PU_up	0.309677	0.116273	0
_PU_down	0.343122	0.116273	0
_JetEn_up	0.326845	0.116273	0
_JetEn_down	0.373577	0.116273	0
_JetRes_up	0.329455	0.116273	0
_JetRes_down	0.31489	0.116273	0
_Unclustered_up	0.338604	0.116273	0
_Unclustered_down	0.335794	0.116273	0
_BTagSFEff_up	0.317045	0.116273	0
_BTagSFEff_down	0.331528	0.116273	0
_BTagSFMiss_up	0.319365	0.116273	0
_BTagSFMiss_down	0.323553	0.116273	0
_JetMass_up	0.324824	0.116273	0
_JetMass_down	0.326694	0.116273	0
_JetMassRes_up	0.323553	0.116273	0
_JetMassRes_down	0.329067	0.116273	0
_Tau21_up	0.349658	0.116273	0
_Tau21_down	0.300176	0.116273	0

################ Sources ################
Source	SystTotal	SystPrompt	SystFake	Signal
Stat 36.31 32.78  102.02  -nan  0.69
Lumi 1.83  2.50 -  -  2.50
PDF  -  -  -  -  2.36
MuonPt  10.92 14.89  -  -  2.28
MuonID  2.12 2.89  -  -  1.82
ElectronE  2.43 3.31  -  -  0.26
ElectronID  4.89 6.67  -  -  1.86
Trigger  0.66 0.90  -  -  0.07
PU  4.15 5.65  -  -  1.30
JES  8.84 12.06  -  -  0.39
JER  1.78 2.42  -  -  0.36
Uncl  4.06 5.54  -  -  0.02
BEff  1.98 2.71  -  -  0.37
BMiss  0.65 0.88  -  -  0.41
JMS  1.44 1.96  -  -  0.10
JMR  1.67 2.28  -  -  0.14
Tau21  5.81 7.92  -  -  8.04
MCNorm 31.50  42.96 -  -  -
Fake 8.00  -  30.00 - -
CF 0.00  -  -  -nan -
Total Systematic 37.03 49.32  30.00  -nan  9.53

Total Background	0.436
- Prompt	0.320
- Fake	0.116
- CF	0.000
- Obs	0.000

####### Result #######
Signal Eff	0.260805
0.435835 1.518658
0.079147 1.095528
