
Processing CyclesForMixingLimit_MuEl_Bin2/HNMuEl_1200.C...
[AnalysisInputs::SetMCSF] Get MC SF from /data8/Users/jskim/HN_dilepton_plotter/data/v8-0-7.37_Unblind/MCSF.txt
[AnalysisInputs::SetMCSF] sample : VVV
[AnalysisInputs::SetMCSF] => MCSF = 1, MCSF_err = 0.5
[AnalysisInputs::SetMCSF] sample : WWW
[AnalysisInputs::SetMCSF] => MCSF = 1, MCSF_err = 0.5
[AnalysisInputs::SetMCSF] sample : WWZ
[AnalysisInputs::SetMCSF] => MCSF = 1, MCSF_err = 0.5
[AnalysisInputs::SetMCSF] sample : WZZ
[AnalysisInputs::SetMCSF] => MCSF = 1, MCSF_err = 0.5
[AnalysisInputs::SetMCSF] sample : ZZZ
[AnalysisInputs::SetMCSF] => MCSF = 1, MCSF_err = 0.5
[AnalysisInputs::SetMCSF] sample : ttV
[AnalysisInputs::SetMCSF] => MCSF = 1, MCSF_err = 0.5
[AnalysisInputs::SetMCSF] sample : ttW
[AnalysisInputs::SetMCSF] => MCSF = 1, MCSF_err = 0.5
[AnalysisInputs::SetMCSF] sample : ttZ
[AnalysisInputs::SetMCSF] => MCSF = 1, MCSF_err = 0.5
[AnalysisInputs::SetMCSF] sample : ttH_nonbb
[AnalysisInputs::SetMCSF] => MCSF = 1, MCSF_err = 0.5
[AnalysisInputs::SetMCSF] sample : top
[AnalysisInputs::SetMCSF] => MCSF = 1, MCSF_err = 0.5
[AnalysisInputs::SetMCSF] sample : WWTo2L2Nu_DS
[AnalysisInputs::SetMCSF] => MCSF = 1, MCSF_err = 0.5
[AnalysisInputs::SetMCSF] sample : WpWpEWK
[AnalysisInputs::SetMCSF] => MCSF = 1.3062, MCSF_err = 0.5
[AnalysisInputs::SetMCSF] sample : WpWpQCD
[AnalysisInputs::SetMCSF] => MCSF = 1.70026, MCSF_err = 0.5
[AnalysisInputs::SetMCSF] sample : WZTo3LNu_mllmin01
[AnalysisInputs::SetMCSF] => MCSF = 0.65, MCSF_err = 0.06
[AnalysisInputs::SetMCSF] sample : WZTo3LNu_powheg
[AnalysisInputs::SetMCSF] => MCSF = 1.05044, MCSF_err = 0.0648798
[AnalysisInputs::SetMCSF] sample : ZGto2LG
[AnalysisInputs::SetMCSF] => MCSF = 1.09954, MCSF_err = 0.076377
[AnalysisInputs::SetMCSF] sample : WGtoLNuG
[AnalysisInputs::SetMCSF] => MCSF = 1, MCSF_err = 0.076377
[AnalysisInputs::SetMCSF] sample : WGtoLNuG_weighted
[AnalysisInputs::SetMCSF] => MCSF = 1, MCSF_err = 0.076377
[AnalysisInputs::SetMCSF] sample : ZZTo4L_powheg
[AnalysisInputs::SetMCSF] => MCSF = 0.978852, MCSF_err = 0.0792882
[AnalysisInputs::SetMCSF] sample : ggZZto2e2mu
[AnalysisInputs::SetMCSF] => MCSF = 0.978852, MCSF_err = 0.0792882
[AnalysisInputs::SetMCSF] sample : ggZZto2e2nu
[AnalysisInputs::SetMCSF] => MCSF = 0.978852, MCSF_err = 0.0792882
[AnalysisInputs::SetMCSF] sample : ggZZto2e2tau
[AnalysisInputs::SetMCSF] => MCSF = 0.978852, MCSF_err = 0.0792882
[AnalysisInputs::SetMCSF] sample : ggZZto2mu2nu
[AnalysisInputs::SetMCSF] => MCSF = 0.978852, MCSF_err = 0.0792882
[AnalysisInputs::SetMCSF] sample : ggZZto2mu2tau
[AnalysisInputs::SetMCSF] => MCSF = 0.978852, MCSF_err = 0.0792882
[AnalysisInputs::SetMCSF] sample : ggZZto4e
[AnalysisInputs::SetMCSF] => MCSF = 0.978852, MCSF_err = 0.0792882
[AnalysisInputs::SetMCSF] sample : ggZZto4mu
[AnalysisInputs::SetMCSF] => MCSF = 0.978852, MCSF_err = 0.0792882
[AnalysisInputs::SetMCSF] sample : ggZZto4tau
[AnalysisInputs::SetMCSF] => MCSF = 0.978852, MCSF_err = 0.0792882
[AnalysisInputs::SetMCSF] sample : ggHtoZZ
[AnalysisInputs::SetMCSF] => MCSF = 0.978852, MCSF_err = 0.0792882
[AnalysisInputs::SetCalculatedSysts] Get Systematics from /data8/Users/jskim/HN_dilepton_plotter/data/v8-0-7.37_Unblind/Syst.txt
[AnalysisInputs::SetCalculatedSysts] source : Luminosity
[AnalysisInputs::SetCalculatedSysts] => % sysematic = 0.025
[AnalysisInputs::SetCalculatedSysts] source : FakeLooseID
[AnalysisInputs::SetCalculatedSysts] => % sysematic = 0.3
[AnalysisInputs::SetCalculatedSysts] source : ChrageFlipSyst
[AnalysisInputs::SetCalculatedSysts] => % sysematic = 0.16
[CutRangeInfo::ReadCutCard] Get Cutcard from /data8/Users/jskim/HN_dilepton_plotter/data/v8-0-7.37_Unblind/CutOpCard/RunDirectory/Cards_MuEl_Bin2/HNMuEl_1200.txt
Central	0.145654	0	0
_MuonEn_up	0.26834	0	0
_MuonEn_down	0.225166	0	0
_MuonIDSF_up	0.152071	0	0
_MuonIDSF_down	0.148179	0	0
_ElectronEn_up	0.153977	0	0
_ElectronEn_down	0.159579	0	0
_ElectronIDSF_up	0.152829	0	0
_ElectronIDSF_down	0.150736	0	0
_TriggerSF_up	0.150924	0	0
_TriggerSF_down	0.150125	0	0
_PU_up	0.152505	0	0
_PU_down	0.152895	0	0
_JetEn_up	0.148966	0	0
_JetEn_down	0.363363	0	0
_JetRes_up	0.153906	0	0
_JetRes_down	0.239663	0	0
_Unclustered_up	0.158634	0	0
_Unclustered_down	0.268919	0	0
_BTagSFEff_up	0.143574	0	0
_BTagSFEff_down	0.150125	0	0
_BTagSFMiss_up	0.138964	0	0
_BTagSFMiss_down	0.146587	0	0
_JetMass_up	0.150125	0	0
_JetMass_down	0.157683	0	0
_JetMassRes_up	0.146681	0	0
_JetMassRes_down	0.147202	0	0
_Tau21_up	0.161778	0	0
_Tau21_down	0.135247	0	0

################ Sources ################
Source	SystTotal	SystPrompt	SystFake	Signal
Stat 29.49 29.49  -nan  -nan  0.71
Lumi 2.50  2.50 -  -  2.50
PDF  -  -  -  -  2.36
MuonPt  70.98 70.98  -  -  0.88
MuonID  3.35 3.35  -  -  1.73
ElectronE  7.88 7.88  -  -  0.13
ElectronID  4.27 4.27  -  -  1.89
Trigger  3.36 3.36  -  -  0.28
PU  4.84 4.84  -  -  0.89
JES  105.70 105.70  -  -  0.15
JER  45.81 45.81  -  -  0.29
Uncl  60.17 60.17  -  -  0.24
BEff  2.39 2.39  -  -  0.46
BMiss  3.28 3.28  -  -  0.53
JMS  6.23 6.23  -  -  0.12
JMR  0.90 0.90  -  -  0.20
Tau21  9.32 9.32  -  -  8.22
MCNorm 56.48  56.48 -  -  -
Fake 0.00  -  -nan - -
CF 0.00  -  -  -nan -
Total Systematic 159.36 159.36  -nan  -nan  9.40

Total Background	0.146
- Prompt	0.146
- Fake	0.000
- CF	0.000
- Obs	0.000

####### Result #######
Signal Eff	0.257093
0.145654 2.620669
0.020056 1.094234
