
Processing CyclesForMixingLimit_MuEl_Bin2/HNMuEl_100.C...
[AnalysisInputs::SetMCSF] Get MC SF from /data8/Users/jskim/HN_dilepton_plotter/data/v8-0-7.37_PreApproval/MCSF.txt
[AnalysisInputs::SetMCSF] sample : VVV
[AnalysisInputs::SetMCSF] => MCSF = 1, MCSF_err = 0.5
[AnalysisInputs::SetMCSF] sample : WWW
[AnalysisInputs::SetMCSF] => MCSF = 1, MCSF_err = 0.5
[AnalysisInputs::SetMCSF] sample : WWZ
[AnalysisInputs::SetMCSF] => MCSF = 1, MCSF_err = 0.5
[AnalysisInputs::SetMCSF] sample : WZZ
[AnalysisInputs::SetMCSF] => MCSF = 1, MCSF_err = 0.5
[AnalysisInputs::SetMCSF] sample : ZZZ
[AnalysisInputs::SetMCSF] => MCSF = 1, MCSF_err = 0.5
[AnalysisInputs::SetMCSF] sample : ttV
[AnalysisInputs::SetMCSF] => MCSF = 1, MCSF_err = 0.5
[AnalysisInputs::SetMCSF] sample : ttW
[AnalysisInputs::SetMCSF] => MCSF = 1, MCSF_err = 0.5
[AnalysisInputs::SetMCSF] sample : ttZ
[AnalysisInputs::SetMCSF] => MCSF = 1, MCSF_err = 0.5
[AnalysisInputs::SetMCSF] sample : ttH_nonbb
[AnalysisInputs::SetMCSF] => MCSF = 1, MCSF_err = 0.5
[AnalysisInputs::SetMCSF] sample : top
[AnalysisInputs::SetMCSF] => MCSF = 1, MCSF_err = 0.5
[AnalysisInputs::SetMCSF] sample : WWTo2L2Nu_DS
[AnalysisInputs::SetMCSF] => MCSF = 1, MCSF_err = 0.5
[AnalysisInputs::SetMCSF] sample : WpWpEWK
[AnalysisInputs::SetMCSF] => MCSF = 1, MCSF_err = 0.5
[AnalysisInputs::SetMCSF] sample : WpWpQCD
[AnalysisInputs::SetMCSF] => MCSF = 1, MCSF_err = 0.5
[AnalysisInputs::SetMCSF] sample : WZTo3LNu_mllmin01
[AnalysisInputs::SetMCSF] => MCSF = 0.65, MCSF_err = 0.06
[AnalysisInputs::SetMCSF] sample : WZTo3LNu_powheg
[AnalysisInputs::SetMCSF] => MCSF = 1.05044, MCSF_err = 0.0648798
[AnalysisInputs::SetMCSF] sample : ZGto2LG
[AnalysisInputs::SetMCSF] => MCSF = 1.09954, MCSF_err = 0.076377
[AnalysisInputs::SetMCSF] sample : WGtoLNuG
[AnalysisInputs::SetMCSF] => MCSF = 1, MCSF_err = 0.076377
[AnalysisInputs::SetMCSF] sample : WGtoLNuG_weighted
[AnalysisInputs::SetMCSF] => MCSF = 1, MCSF_err = 0.076377
[AnalysisInputs::SetMCSF] sample : ZZTo4L_powheg
[AnalysisInputs::SetMCSF] => MCSF = 0.978852, MCSF_err = 0.0792882
[AnalysisInputs::SetMCSF] sample : ggZZto2e2mu
[AnalysisInputs::SetMCSF] => MCSF = 0.978852, MCSF_err = 0.0792882
[AnalysisInputs::SetMCSF] sample : ggZZto2e2nu
[AnalysisInputs::SetMCSF] => MCSF = 0.978852, MCSF_err = 0.0792882
[AnalysisInputs::SetMCSF] sample : ggZZto2e2tau
[AnalysisInputs::SetMCSF] => MCSF = 0.978852, MCSF_err = 0.0792882
[AnalysisInputs::SetMCSF] sample : ggZZto2mu2nu
[AnalysisInputs::SetMCSF] => MCSF = 0.978852, MCSF_err = 0.0792882
[AnalysisInputs::SetMCSF] sample : ggZZto2mu2tau
[AnalysisInputs::SetMCSF] => MCSF = 0.978852, MCSF_err = 0.0792882
[AnalysisInputs::SetMCSF] sample : ggZZto4e
[AnalysisInputs::SetMCSF] => MCSF = 0.978852, MCSF_err = 0.0792882
[AnalysisInputs::SetMCSF] sample : ggZZto4mu
[AnalysisInputs::SetMCSF] => MCSF = 0.978852, MCSF_err = 0.0792882
[AnalysisInputs::SetMCSF] sample : ggZZto4tau
[AnalysisInputs::SetMCSF] => MCSF = 0.978852, MCSF_err = 0.0792882
[AnalysisInputs::SetMCSF] sample : ggHtoZZ
[AnalysisInputs::SetMCSF] => MCSF = 0.978852, MCSF_err = 0.0792882
[AnalysisInputs::SetCalculatedSysts] Get Systematics from /data8/Users/jskim/HN_dilepton_plotter/data/v8-0-7.37_PreApproval/Syst.txt
[AnalysisInputs::SetCalculatedSysts] source : Luminosity
[AnalysisInputs::SetCalculatedSysts] => % sysematic = 0.025
[AnalysisInputs::SetCalculatedSysts] source : FakeLooseID
[AnalysisInputs::SetCalculatedSysts] => % sysematic = 0.3
[AnalysisInputs::SetCalculatedSysts] source : ChrageFlipSyst
[AnalysisInputs::SetCalculatedSysts] => % sysematic = 0.16
[CutRangeInfo::ReadCutCard] Get Cutcard from /data8/Users/jskim/HN_dilepton_plotter/data/v8-0-7.37_PreApproval/CutOpCard/RunDirectory/Cards_MuEl_Bin2/HNMuEl_100.txt
Central	9.15354	3.99021	0
_MuonEn_up	9.51952	3.99021	0
_MuonEn_down	8.54015	3.99021	0
_MuonIDSF_up	9.21213	3.99021	0
_MuonIDSF_down	8.94981	3.99021	0
_ElectronEn_up	9.05121	3.99021	0
_ElectronEn_down	8.61628	3.99021	0
_ElectronIDSF_up	9.12874	3.99021	0
_ElectronIDSF_down	9.01327	3.99021	0
_TriggerSF_up	9.1224	3.99021	0
_TriggerSF_down	9.0265	3.99021	0
_PU_up	8.75407	3.99021	0
_PU_down	9.39694	3.99021	0
_JetEn_up	9.08208	3.99021	0
_JetEn_down	8.8188	3.99021	0
_JetRes_up	9.15912	3.99021	0
_JetRes_down	8.52585	3.99021	0
_Unclustered_up	9.05237	3.99021	0
_Unclustered_down	8.99836	3.99021	0
_BTagSFEff_up	9.0344	3.99021	0
_BTagSFEff_down	9.17081	3.99021	0
_BTagSFMiss_up	9.08423	3.99021	0
_BTagSFMiss_down	9.16944	3.99021	0
_JetMass_up	9.10944	3.99021	0
_JetMass_down	9.02272	3.99021	0
_JetMassRes_up	9.10907	3.99021	0
_JetMassRes_down	9.11753	3.99021	0
_Tau21_up	9.73399	3.99021	0
_Tau21_down	8.7012	3.99021	0

################ Sources ################
Source	SystTotal	SystPrompt	SystFake	Signal
Stat 10.28 12.83  16.77  -nan  33.95
Lumi 1.74  2.50 -  -  2.50
PDF  -  -  -  -  2.36
MuonPt  3.84 5.52  -  -  7.66
MuonID  1.14 1.64  -  -  4.21
ElectronE  2.94 4.22  -  -  5.84
ElectronID  0.77 1.10  -  -  7.94
Trigger  0.70 1.01  -  -  7.94
PU  2.52 3.61  -  -  8.31
JES  1.84 2.64  -  -  10.46
JER  3.38 4.85  -  -  8.21
Uncl  1.00 1.43  -  -  11.58
BEff  0.65 0.93  -  -  7.66
BMiss  0.38 0.55  -  -  7.66
JMS  0.74 1.07  -  -  7.66
JMR  0.31 0.44  -  -  5.85
Tau21  3.96 5.68  -  -  10.98
MCNorm 18.84  27.05 -  -  -
Fake 9.11  -  30.00 - -
CF 0.00  -  -  -nan -
Total Systematic 22.49 29.52  30.00  -nan  30.97

Total Background	13.144
- Prompt	9.154
- Fake	3.990
- CF	0.000

####### Result #######
Signal Eff	0.000075
13.143745 1.247263
0.268609 1.459548
