
Processing CyclesForMixingLimit_MuEl_Bin2/HNMuEl_1500_VBF.C...
[AnalysisInputs::SetMCSF] Get MC SF from /data8/Users/jskim/HN_dilepton_plotter/data/v8-0-7.37_Unblind/MCSF.txt
[AnalysisInputs::SetMCSF] sample : VVV
[AnalysisInputs::SetMCSF] => MCSF = 1, MCSF_err = 0.5
[AnalysisInputs::SetMCSF] sample : WWW
[AnalysisInputs::SetMCSF] => MCSF = 1, MCSF_err = 0.5
[AnalysisInputs::SetMCSF] sample : WWZ
[AnalysisInputs::SetMCSF] => MCSF = 1, MCSF_err = 0.5
[AnalysisInputs::SetMCSF] sample : WZZ
[AnalysisInputs::SetMCSF] => MCSF = 1, MCSF_err = 0.5
[AnalysisInputs::SetMCSF] sample : ZZZ
[AnalysisInputs::SetMCSF] => MCSF = 1, MCSF_err = 0.5
[AnalysisInputs::SetMCSF] sample : ttV
[AnalysisInputs::SetMCSF] => MCSF = 1, MCSF_err = 0.5
[AnalysisInputs::SetMCSF] sample : ttW
[AnalysisInputs::SetMCSF] => MCSF = 1, MCSF_err = 0.5
[AnalysisInputs::SetMCSF] sample : ttZ
[AnalysisInputs::SetMCSF] => MCSF = 1, MCSF_err = 0.5
[AnalysisInputs::SetMCSF] sample : ttH_nonbb
[AnalysisInputs::SetMCSF] => MCSF = 1, MCSF_err = 0.5
[AnalysisInputs::SetMCSF] sample : top
[AnalysisInputs::SetMCSF] => MCSF = 1, MCSF_err = 0.5
[AnalysisInputs::SetMCSF] sample : WWTo2L2Nu_DS
[AnalysisInputs::SetMCSF] => MCSF = 1, MCSF_err = 0.5
[AnalysisInputs::SetMCSF] sample : WpWpEWK
[AnalysisInputs::SetMCSF] => MCSF = 1.3062, MCSF_err = 0.5
[AnalysisInputs::SetMCSF] sample : WpWpQCD
[AnalysisInputs::SetMCSF] => MCSF = 1.70026, MCSF_err = 0.5
[AnalysisInputs::SetMCSF] sample : WZTo3LNu_mllmin01
[AnalysisInputs::SetMCSF] => MCSF = 0.65, MCSF_err = 0.06
[AnalysisInputs::SetMCSF] sample : WZTo3LNu_powheg
[AnalysisInputs::SetMCSF] => MCSF = 1.05044, MCSF_err = 0.0648798
[AnalysisInputs::SetMCSF] sample : ZGto2LG
[AnalysisInputs::SetMCSF] => MCSF = 1.09954, MCSF_err = 0.076377
[AnalysisInputs::SetMCSF] sample : WGtoLNuG
[AnalysisInputs::SetMCSF] => MCSF = 1, MCSF_err = 0.076377
[AnalysisInputs::SetMCSF] sample : WGtoLNuG_weighted
[AnalysisInputs::SetMCSF] => MCSF = 1, MCSF_err = 0.076377
[AnalysisInputs::SetMCSF] sample : ZZTo4L_powheg
[AnalysisInputs::SetMCSF] => MCSF = 0.978852, MCSF_err = 0.0792882
[AnalysisInputs::SetMCSF] sample : ggZZto2e2mu
[AnalysisInputs::SetMCSF] => MCSF = 0.978852, MCSF_err = 0.0792882
[AnalysisInputs::SetMCSF] sample : ggZZto2e2nu
[AnalysisInputs::SetMCSF] => MCSF = 0.978852, MCSF_err = 0.0792882
[AnalysisInputs::SetMCSF] sample : ggZZto2e2tau
[AnalysisInputs::SetMCSF] => MCSF = 0.978852, MCSF_err = 0.0792882
[AnalysisInputs::SetMCSF] sample : ggZZto2mu2nu
[AnalysisInputs::SetMCSF] => MCSF = 0.978852, MCSF_err = 0.0792882
[AnalysisInputs::SetMCSF] sample : ggZZto2mu2tau
[AnalysisInputs::SetMCSF] => MCSF = 0.978852, MCSF_err = 0.0792882
[AnalysisInputs::SetMCSF] sample : ggZZto4e
[AnalysisInputs::SetMCSF] => MCSF = 0.978852, MCSF_err = 0.0792882
[AnalysisInputs::SetMCSF] sample : ggZZto4mu
[AnalysisInputs::SetMCSF] => MCSF = 0.978852, MCSF_err = 0.0792882
[AnalysisInputs::SetMCSF] sample : ggZZto4tau
[AnalysisInputs::SetMCSF] => MCSF = 0.978852, MCSF_err = 0.0792882
[AnalysisInputs::SetMCSF] sample : ggHtoZZ
[AnalysisInputs::SetMCSF] => MCSF = 0.978852, MCSF_err = 0.0792882
[AnalysisInputs::SetCalculatedSysts] Get Systematics from /data8/Users/jskim/HN_dilepton_plotter/data/v8-0-7.37_Unblind/Syst.txt
[AnalysisInputs::SetCalculatedSysts] source : Luminosity
[AnalysisInputs::SetCalculatedSysts] => % sysematic = 0.025
[AnalysisInputs::SetCalculatedSysts] source : FakeLooseID
[AnalysisInputs::SetCalculatedSysts] => % sysematic = 0.3
[AnalysisInputs::SetCalculatedSysts] source : ChrageFlipSyst
[AnalysisInputs::SetCalculatedSysts] => % sysematic = 0.16
[CutRangeInfo::ReadCutCard] Get Cutcard from /data8/Users/jskim/HN_dilepton_plotter/data/v8-0-7.37_Unblind/CutOpCard/RunDirectory/Cards_MuEl_Bin2/HNMuEl_1500.txt
Central	0.0387108	0	0
_MuonEn_up	0.126352	0	0
_MuonEn_down	0.158448	0	0
_MuonIDSF_up	0.0394108	0	0
_MuonIDSF_down	0.0380108	0	0
_ElectronEn_up	0.0443832	0	0
_ElectronEn_down	0.0387108	0	0
_ElectronIDSF_up	0.0397196	0	0
_ElectronIDSF_down	0.037702	0	0
_TriggerSF_up	0.0388063	0	0
_TriggerSF_down	0.0387108	0	0
_PU_up	0.0381861	0	0
_PU_down	0.0401945	0	0
_JetEn_up	0.0443832	0	0
_JetEn_down	0.130852	0	0
_JetRes_up	0.136525	0	0
_JetRes_down	0.0387108	0	0
_Unclustered_up	0.0387108	0	0
_Unclustered_down	0.0387108	0	0
_BTagSFEff_up	0.0387108	0	0
_BTagSFEff_down	0.0387108	0	0
_BTagSFMiss_up	0.0387108	0	0
_BTagSFMiss_down	0.0387108	0	0
_JetMass_up	0.0387108	0	0
_JetMass_down	0.0417125	0	0
_JetMassRes_up	0.0383777	0	0
_JetMassRes_down	0.0387108	0	0
_Tau21_up	0.0416958	0	0
_Tau21_down	0.0357258	0	0

################ Sources ################
Source	SystTotal	SystPrompt	SystFake	Signal
Stat 30.88 30.88  -nan  -nan  1.91
Lumi 2.50  2.50 -  -  2.50
PDF  -  -  -  -  2.36
MuonPt  271.05 271.05  -  -  3.41
MuonID  1.81 1.81  -  -  1.83
ElectronE  10.36 10.36  -  -  0.22
ElectronID  2.61 2.61  -  -  1.78
Trigger  0.17 0.17  -  -  0.30
PU  2.87 2.87  -  -  0.62
JES  168.63 168.63  -  -  0.62
JER  178.67 178.67  -  -  0.36
Uncl  0.00 0.00  -  -  0.16
BEff  0.00 0.00  -  -  0.65
BMiss  0.00 0.00  -  -  0.39
JMS  5.48 5.48  -  -  0.28
JMR  0.61 0.61  -  -  0.25
Tau21  7.71 7.71  -  -  8.47
MCNorm 58.00  58.00 -  -  -
Fake 0.00  -  -nan - -
CF 0.00  -  -  -nan -
Total Systematic 370.69 370.69  -nan  -nan  10.18

Total Background	0.039
- Prompt	0.039
- Fake	0.000
- CF	0.000
- Obs	0.000

####### Result #######
Signal Eff	0.214902
0.038711 4.719723
0.021826 1.103528
