
Processing Bin2_HNElEl_600_VBF.C...
[AnalysisInputs::SetMCSF] Get MC SF from /home/jskim/Documents/trilepton_13TeV/DiLepton/data/v8-0-7.32/MCSF.txt
[AnalysisInputs::SetMCSF] sample : VVV
[AnalysisInputs::SetMCSF] => MCSF = 1, MCSF_err = 0.5
[AnalysisInputs::SetMCSF] sample : WWW
[AnalysisInputs::SetMCSF] => MCSF = 1, MCSF_err = 0.5
[AnalysisInputs::SetMCSF] sample : WWZ
[AnalysisInputs::SetMCSF] => MCSF = 1, MCSF_err = 0.5
[AnalysisInputs::SetMCSF] sample : WZZ
[AnalysisInputs::SetMCSF] => MCSF = 1, MCSF_err = 0.5
[AnalysisInputs::SetMCSF] sample : ZZZ
[AnalysisInputs::SetMCSF] => MCSF = 1, MCSF_err = 0.5
[AnalysisInputs::SetMCSF] sample : ttV
[AnalysisInputs::SetMCSF] => MCSF = 1, MCSF_err = 0.5
[AnalysisInputs::SetMCSF] sample : ttW
[AnalysisInputs::SetMCSF] => MCSF = 1, MCSF_err = 0.5
[AnalysisInputs::SetMCSF] sample : ttZ
[AnalysisInputs::SetMCSF] => MCSF = 1, MCSF_err = 0.5
[AnalysisInputs::SetMCSF] sample : ttH_nonbb
[AnalysisInputs::SetMCSF] => MCSF = 1, MCSF_err = 0.5
[AnalysisInputs::SetMCSF] sample : top
[AnalysisInputs::SetMCSF] => MCSF = 1, MCSF_err = 0.5
[AnalysisInputs::SetMCSF] sample : WZTo3LNu_powheg
[AnalysisInputs::SetMCSF] => MCSF = 0.988021, MCSF_err = 0.0652167
[AnalysisInputs::SetMCSF] sample : ZGto2LG
[AnalysisInputs::SetMCSF] => MCSF = 0.83069, MCSF_err = 0.174719
[AnalysisInputs::SetMCSF] sample : ZZTo4L_powheg
[AnalysisInputs::SetMCSF] => MCSF = 0.94117, MCSF_err = 0.105665
[AnalysisInputs::SetMCSF] sample : ggZZto2e2mu
[AnalysisInputs::SetMCSF] => MCSF = 0.94117, MCSF_err = 0.105665
[AnalysisInputs::SetMCSF] sample : ggZZto2e2nu
[AnalysisInputs::SetMCSF] => MCSF = 0.94117, MCSF_err = 0.105665
[AnalysisInputs::SetMCSF] sample : ggZZto2e2tau
[AnalysisInputs::SetMCSF] => MCSF = 0.94117, MCSF_err = 0.105665
[AnalysisInputs::SetMCSF] sample : ggZZto2mu2nu
[AnalysisInputs::SetMCSF] => MCSF = 0.94117, MCSF_err = 0.105665
[AnalysisInputs::SetMCSF] sample : ggZZto2mu2tau
[AnalysisInputs::SetMCSF] => MCSF = 0.94117, MCSF_err = 0.105665
[AnalysisInputs::SetMCSF] sample : ggZZto4e
[AnalysisInputs::SetMCSF] => MCSF = 0.94117, MCSF_err = 0.105665
[AnalysisInputs::SetMCSF] sample : ggZZto4mu
[AnalysisInputs::SetMCSF] => MCSF = 0.94117, MCSF_err = 0.105665
[AnalysisInputs::SetMCSF] sample : ggZZto4tau
[AnalysisInputs::SetMCSF] => MCSF = 0.94117, MCSF_err = 0.105665
[AnalysisInputs::SetCalculatedSysts] Get Systematics from /home/jskim/Documents/trilepton_13TeV/DiLepton/data/v8-0-7.32/Syst.txt
[AnalysisInputs::SetCalculatedSysts] source : Luminosity
[AnalysisInputs::SetCalculatedSysts] => % sysematic = 0.025
[AnalysisInputs::SetCalculatedSysts] source : FakeLooseID
[AnalysisInputs::SetCalculatedSysts] => % sysematic = 0.3
[AnalysisInputs::SetCalculatedSysts] source : ChrageFlipSyst
[AnalysisInputs::SetCalculatedSysts] => % sysematic = 0.21
[CutRangeInfo::ReadCutCard] Get Cutcard from /home/jskim/Documents/trilepton_13TeV/DiLepton/data/v8-0-7.32/CutOpCard/OPTIMIZED_171021_ElEl_HighMass_Bin2/HNElEl_600.txt
prompt_tau21_syst = 0.0765004
signal_tau21_syst = 0.0232599
Central	1.06144	0.0376212	0.131896
_MuonEn_up	1.02012	0.0376212	0.131896
_MuonEn_down	0.988054	0.0376212	0.131896
_MuonIDSF_up	1.06499	0.0376212	0.131896
_MuonIDSF_down	1.02225	0.0376212	0.131896
_ElectronEn_up	1.03077	0.0376212	0.131896
_ElectronEn_down	1.04531	0.0376212	0.131896
_ElectronIDSF_up	1.05585	0.0376212	0.131896
_ElectronIDSF_down	0.987663	0.0376212	0.131896
_TriggerSF_up	1.02107	0.0376212	0.131896
_TriggerSF_down	1.05975	0.0376212	0.131896
_PU_up	1.06045	0.0376212	0.131896
_PU_down	1.00399	0.0376212	0.131896
_JetEn_up	1.01559	0.0376212	0.131896
_JetEn_down	0.959158	0.0376212	0.131896
_JetRes_up	1.02805	0.0376212	0.131896
_JetRes_down	0.990055	0.0376212	0.131896
_Unclustered_up	1.06565	0.0376212	0.131896
_Unclustered_down	0.986259	0.0376212	0.131896
_BTagSFEff_up	1.0098	0.0376212	0.131896
_BTagSFEff_down	1.042	0.0376212	0.131896
_BTagSFMiss_up	0.94205	0.0376212	0.131896
_BTagSFMiss_down	1.02401	0.0376212	0.131896
_JetMass_up	0.99509	0.0376212	0.131896
_JetMass_down	1.02176	0.0376212	0.131896
_JetMassRes_up	1.03037	0.0376212	0.131896
_JetMassRes_down	1.09496	0.0376212	0.131896

################ Sources ################
Source	SystTotal	SystPrompt	SystFake	Signal
Stat 18.12 20.59  118.19  13.69  1.20
Lumi 2.16  2.50 -  -  2.50
PDF  -  -  -  -  2.50
MuonPt  4.84 5.61  -  -  0.03
MuonID  2.26 2.62  -  -  0.03
ElectronE  1.99 2.31  -  -  0.55
ElectronID  4.25 4.93  -  -  4.00
Trigger  2.32 2.69  -  -  0.10
PU  3.30 3.83  -  -  1.54
JES  6.44 7.47  -  -  0.31
JER  4.53 5.25  -  -  0.04
Uncl  4.33 5.02  -  -  0.07
BEff  3.17 3.68  -  -  0.31
BMiss  7.19 8.34  -  -  0.35
JMS  4.44 5.15  -  -  0.08
JMR  2.63 3.04  -  -  0.08
Tau21 6.21  7.21 -  -  7.28
MCNorm 10.43  12.10 -  -  -
Fake 0.92  -  30.00 - -
CF 2.25  -  -  21.00 -
Total Systematic 19.72 22.84  30.00  21.00  5.61

Total Background	1.231
- Prompt	1.061
- Fake	0.038
- CF	0.132

####### Result #######
Signal Eff	0.102115
1.230961 1.269114
0.319400 1.092725
