
Processing Bin2_HNElEl_125.C...
[AnalysisInputs::SetMCSF] Get MC SF from /home/jskim/Documents/trilepton_13TeV/DiLepton/data/v8-0-7.32/MCSF.txt
[AnalysisInputs::SetMCSF] sample : VVV
[AnalysisInputs::SetMCSF] => MCSF = 1, MCSF_err = 0.5
[AnalysisInputs::SetMCSF] sample : WWW
[AnalysisInputs::SetMCSF] => MCSF = 1, MCSF_err = 0.5
[AnalysisInputs::SetMCSF] sample : WWZ
[AnalysisInputs::SetMCSF] => MCSF = 1, MCSF_err = 0.5
[AnalysisInputs::SetMCSF] sample : WZZ
[AnalysisInputs::SetMCSF] => MCSF = 1, MCSF_err = 0.5
[AnalysisInputs::SetMCSF] sample : ZZZ
[AnalysisInputs::SetMCSF] => MCSF = 1, MCSF_err = 0.5
[AnalysisInputs::SetMCSF] sample : ttV
[AnalysisInputs::SetMCSF] => MCSF = 1, MCSF_err = 0.5
[AnalysisInputs::SetMCSF] sample : ttW
[AnalysisInputs::SetMCSF] => MCSF = 1, MCSF_err = 0.5
[AnalysisInputs::SetMCSF] sample : ttZ
[AnalysisInputs::SetMCSF] => MCSF = 1, MCSF_err = 0.5
[AnalysisInputs::SetMCSF] sample : ttH_nonbb
[AnalysisInputs::SetMCSF] => MCSF = 1, MCSF_err = 0.5
[AnalysisInputs::SetMCSF] sample : top
[AnalysisInputs::SetMCSF] => MCSF = 1, MCSF_err = 0.5
[AnalysisInputs::SetMCSF] sample : WZTo3LNu_powheg
[AnalysisInputs::SetMCSF] => MCSF = 0.988021, MCSF_err = 0.0652167
[AnalysisInputs::SetMCSF] sample : ZGto2LG
[AnalysisInputs::SetMCSF] => MCSF = 0.83069, MCSF_err = 0.174719
[AnalysisInputs::SetMCSF] sample : ZZTo4L_powheg
[AnalysisInputs::SetMCSF] => MCSF = 0.94117, MCSF_err = 0.105665
[AnalysisInputs::SetMCSF] sample : ggZZto2e2mu
[AnalysisInputs::SetMCSF] => MCSF = 0.94117, MCSF_err = 0.105665
[AnalysisInputs::SetMCSF] sample : ggZZto2e2nu
[AnalysisInputs::SetMCSF] => MCSF = 0.94117, MCSF_err = 0.105665
[AnalysisInputs::SetMCSF] sample : ggZZto2e2tau
[AnalysisInputs::SetMCSF] => MCSF = 0.94117, MCSF_err = 0.105665
[AnalysisInputs::SetMCSF] sample : ggZZto2mu2nu
[AnalysisInputs::SetMCSF] => MCSF = 0.94117, MCSF_err = 0.105665
[AnalysisInputs::SetMCSF] sample : ggZZto2mu2tau
[AnalysisInputs::SetMCSF] => MCSF = 0.94117, MCSF_err = 0.105665
[AnalysisInputs::SetMCSF] sample : ggZZto4e
[AnalysisInputs::SetMCSF] => MCSF = 0.94117, MCSF_err = 0.105665
[AnalysisInputs::SetMCSF] sample : ggZZto4mu
[AnalysisInputs::SetMCSF] => MCSF = 0.94117, MCSF_err = 0.105665
[AnalysisInputs::SetMCSF] sample : ggZZto4tau
[AnalysisInputs::SetMCSF] => MCSF = 0.94117, MCSF_err = 0.105665
[AnalysisInputs::SetCalculatedSysts] Get Systematics from /home/jskim/Documents/trilepton_13TeV/DiLepton/data/v8-0-7.32/Syst.txt
[AnalysisInputs::SetCalculatedSysts] source : Luminosity
[AnalysisInputs::SetCalculatedSysts] => % sysematic = 0.025
[AnalysisInputs::SetCalculatedSysts] source : FakeLooseID
[AnalysisInputs::SetCalculatedSysts] => % sysematic = 0.3
[AnalysisInputs::SetCalculatedSysts] source : ChrageFlipSyst
[AnalysisInputs::SetCalculatedSysts] => % sysematic = 0.21
[CutRangeInfo::ReadCutCard] Get Cutcard from /home/jskim/Documents/trilepton_13TeV/DiLepton/data/v8-0-7.32/CutOpCard/OPTIMIZED_171021_ElEl_HighMass_Bin2/HNElEl_125.txt
prompt_tau21_syst = 0.333007
signal_tau21_syst = 0.0470955
Central	4.56635	1.31513	0.618437
_MuonEn_up	4.45686	1.31513	0.618437
_MuonEn_down	4.47368	1.31513	0.618437
_MuonIDSF_up	4.50857	1.31513	0.618437
_MuonIDSF_down	4.48241	1.31513	0.618437
_ElectronEn_up	4.47243	1.31513	0.618437
_ElectronEn_down	4.37526	1.31513	0.618437
_ElectronIDSF_up	4.6699	1.31513	0.618437
_ElectronIDSF_down	4.25125	1.31513	0.618437
_TriggerSF_up	4.45359	1.31513	0.618437
_TriggerSF_down	4.56183	1.31513	0.618437
_PU_up	4.45193	1.31513	0.618437
_PU_down	4.43477	1.31513	0.618437
_JetEn_up	4.34561	1.31513	0.618437
_JetEn_down	4.79755	1.31513	0.618437
_JetRes_up	4.39929	1.31513	0.618437
_JetRes_down	4.37721	1.31513	0.618437
_Unclustered_up	4.72766	1.31513	0.618437
_Unclustered_down	4.41666	1.31513	0.618437
_BTagSFEff_up	4.42224	1.31513	0.618437
_BTagSFEff_down	4.5425	1.31513	0.618437
_BTagSFMiss_up	4.33212	1.31513	0.618437
_BTagSFMiss_down	4.49231	1.31513	0.618437
_JetMass_up	4.76515	1.31513	0.618437
_JetMass_down	4.45943	1.31513	0.618437
_JetMassRes_up	4.75749	1.31513	0.618437
_JetMassRes_down	4.47613	1.31513	0.618437

################ Sources ################
Source	SystTotal	SystPrompt	SystFake	Signal
Stat 10.49 13.09  24.96  5.69  17.23
Lumi 1.76  2.50 -  -  2.50
PDF  -  -  -  -  2.50
MuonPt  1.56 2.22  -  -  0.53
MuonID  1.11 1.58  -  -  0.00
ElectronE  2.32 3.30  -  -  3.22
ElectronID  3.61 5.14  -  -  3.05
Trigger  1.23 1.75  -  -  0.20
PU  1.90 2.70  -  -  0.93
JES  3.48 4.95  -  -  0.25
JER  2.75 3.91  -  -  1.37
Uncl  2.39 3.41  -  -  0.57
BEff  1.59 2.26  -  -  0.05
BMiss  2.67 3.80  -  -  0.00
JMS  2.46 3.50  -  -  1.39
JMR  2.30 3.27  -  -  0.00
Tau21 5.12  7.29 -  -  7.34
MCNorm 9.57  13.62 -  -  -
Fake 6.07  -  30.00 - -
CF 2.00  -  -  21.00 -
Total Systematic 15.21 19.84  30.00  21.00  6.13

Total Background	6.500
- Prompt	4.566
- Fake	1.315
- CF	0.618

####### Result #######
Signal Eff	0.000957
6.499919 1.185879
0.641356 1.197021
