
Processing HNElEl_250.C...
[AnalysisInputs::SetMCSF] Get MC SF from /home/jskim/Documents/trilepton_13TeV/DiLepton/data/v8-0-7.36/MCSF.txt
[AnalysisInputs::SetMCSF] sample : VVV
[AnalysisInputs::SetMCSF] => MCSF = 1, MCSF_err = 0.5
[AnalysisInputs::SetMCSF] sample : WWW
[AnalysisInputs::SetMCSF] => MCSF = 1, MCSF_err = 0.5
[AnalysisInputs::SetMCSF] sample : WWZ
[AnalysisInputs::SetMCSF] => MCSF = 1, MCSF_err = 0.5
[AnalysisInputs::SetMCSF] sample : WZZ
[AnalysisInputs::SetMCSF] => MCSF = 1, MCSF_err = 0.5
[AnalysisInputs::SetMCSF] sample : ZZZ
[AnalysisInputs::SetMCSF] => MCSF = 1, MCSF_err = 0.5
[AnalysisInputs::SetMCSF] sample : ttV
[AnalysisInputs::SetMCSF] => MCSF = 1, MCSF_err = 0.5
[AnalysisInputs::SetMCSF] sample : ttW
[AnalysisInputs::SetMCSF] => MCSF = 1, MCSF_err = 0.5
[AnalysisInputs::SetMCSF] sample : ttZ
[AnalysisInputs::SetMCSF] => MCSF = 1, MCSF_err = 0.5
[AnalysisInputs::SetMCSF] sample : ttH_nonbb
[AnalysisInputs::SetMCSF] => MCSF = 1, MCSF_err = 0.5
[AnalysisInputs::SetMCSF] sample : top
[AnalysisInputs::SetMCSF] => MCSF = 1, MCSF_err = 0.5
[AnalysisInputs::SetMCSF] sample : WZTo3LNu_powheg
[AnalysisInputs::SetMCSF] => MCSF = 1.00165, MCSF_err = 0.0888561
[AnalysisInputs::SetMCSF] sample : ZGto2LG
[AnalysisInputs::SetMCSF] => MCSF = 0.794861, MCSF_err = 0.155181
[AnalysisInputs::SetMCSF] sample : ZZTo4L_powheg
[AnalysisInputs::SetMCSF] => MCSF = 0.926685, MCSF_err = 0.102827
[AnalysisInputs::SetMCSF] sample : ggZZto2e2mu
[AnalysisInputs::SetMCSF] => MCSF = 0.926685, MCSF_err = 0.102827
[AnalysisInputs::SetMCSF] sample : ggZZto2e2nu
[AnalysisInputs::SetMCSF] => MCSF = 0.926685, MCSF_err = 0.102827
[AnalysisInputs::SetMCSF] sample : ggZZto2e2tau
[AnalysisInputs::SetMCSF] => MCSF = 0.926685, MCSF_err = 0.102827
[AnalysisInputs::SetMCSF] sample : ggZZto2mu2nu
[AnalysisInputs::SetMCSF] => MCSF = 0.926685, MCSF_err = 0.102827
[AnalysisInputs::SetMCSF] sample : ggZZto2mu2tau
[AnalysisInputs::SetMCSF] => MCSF = 0.926685, MCSF_err = 0.102827
[AnalysisInputs::SetMCSF] sample : ggZZto4e
[AnalysisInputs::SetMCSF] => MCSF = 0.926685, MCSF_err = 0.102827
[AnalysisInputs::SetMCSF] sample : ggZZto4mu
[AnalysisInputs::SetMCSF] => MCSF = 0.926685, MCSF_err = 0.102827
[AnalysisInputs::SetMCSF] sample : ggZZto4tau
[AnalysisInputs::SetMCSF] => MCSF = 0.926685, MCSF_err = 0.102827
[AnalysisInputs::SetCalculatedSysts] Get Systematics from /home/jskim/Documents/trilepton_13TeV/DiLepton/data/v8-0-7.36/Syst.txt
[AnalysisInputs::SetCalculatedSysts] source : Luminosity
[AnalysisInputs::SetCalculatedSysts] => % sysematic = 0.025
[AnalysisInputs::SetCalculatedSysts] source : FakeLooseID
[AnalysisInputs::SetCalculatedSysts] => % sysematic = 0.3
[AnalysisInputs::SetCalculatedSysts] source : ChrageFlipSyst
[AnalysisInputs::SetCalculatedSysts] => % sysematic = 0.21
[CutRangeInfo::ReadCutCard] Get Cutcard from /home/jskim/Documents/trilepton_13TeV/DiLepton/data/v8-0-7.36/CutOpCard/OPTIMIZED_171107_ElEl_HighMass/HNElEl_250.txt
prompt_tau21_syst = 0
signal_tau21_syst = 0
Central	3.86202	1.14465	1.17096
_MuonEn_up	4.05554	1.14465	1.17096
_MuonEn_down	3.84793	1.14465	1.17096
_MuonIDSF_up	3.84355	1.14465	1.17096
_MuonIDSF_down	3.79254	1.14465	1.17096
_ElectronEn_up	3.78141	1.14465	1.17096
_ElectronEn_down	3.50246	1.14465	1.17096
_ElectronIDSF_up	3.91635	1.14465	1.17096
_ElectronIDSF_down	4.03028	1.14465	1.17096
_TriggerSF_up	3.913	1.14465	1.17096
_TriggerSF_down	3.83781	1.14465	1.17096
_PU_up	4.04919	1.14465	1.17096
_PU_down	3.8139	1.14465	1.17096
_JetEn_up	3.84154	1.14465	1.17096
_JetEn_down	4.15059	1.14465	1.17096
_JetRes_up	3.61669	1.14465	1.17096
_JetRes_down	3.69545	1.14465	1.17096
_Unclustered_up	3.90955	1.14465	1.17096
_Unclustered_down	4.01262	1.14465	1.17096
_BTagSFEff_up	3.83785	1.14465	1.17096
_BTagSFEff_down	3.93014	1.14465	1.17096
_BTagSFMiss_up	3.75621	1.14465	1.17096
_BTagSFMiss_down	3.85675	1.14465	1.17096
_JetMass_up	3.8369	1.14465	1.17096
_JetMass_down	3.75995	1.14465	1.17096
_JetMassRes_up	3.8329	1.14465	1.17096
_JetMassRes_down	3.92256	1.14465	1.17096

################ Sources ################
Source	SystTotal	SystPrompt	SystFake	Signal
Stat 8.37 11.49  23.20  3.75  1.77
Lumi 1.56  2.50 -  -  2.50
PDF  -  -  -  -  8.53
MuonPt  2.22 3.55  -  -  0.42
MuonID  0.82 1.32  -  -  0.23
ElectronE  4.22 6.75  -  -  0.83
ElectronID  2.02 3.24  -  -  4.01
Trigger  0.65 1.03  -  -  0.15
PU  2.21 3.54  -  -  2.11
JES  3.31 5.30  -  -  1.47
JER  3.39 5.43  -  -  1.15
Uncl  1.81 2.89  -  -  2.14
BEff  0.83 1.32  -  -  0.37
BMiss  1.21 1.94  -  -  0.32
JMS  1.20 1.92  -  -  0.44
JMR  0.77 1.23  -  -  0.61
Tau21 0.00  0.00 -  -  0.00
MCNorm 7.82  12.51 -  -  -
Fake 5.56  -  30.00 - -
CF 3.98  -  -  21.00 -
Total Systematic 12.54 17.98  30.00  21.00  10.46

Total Background	6.178
- Prompt	3.862
- Fake	1.145
- CF	1.171

####### Result #######
Signal Eff	0.070483
6.177635 1.156125
3.251037 1.106063
