
Processing HNElEl_1200.C...
[AnalysisInputs::SetMCSF] Get MC SF from /home/jskim/Documents/trilepton_13TeV/DiLepton/data/v8-0-7.36/MCSF.txt
[AnalysisInputs::SetMCSF] sample : VVV
[AnalysisInputs::SetMCSF] => MCSF = 1, MCSF_err = 0.5
[AnalysisInputs::SetMCSF] sample : WWW
[AnalysisInputs::SetMCSF] => MCSF = 1, MCSF_err = 0.5
[AnalysisInputs::SetMCSF] sample : WWZ
[AnalysisInputs::SetMCSF] => MCSF = 1, MCSF_err = 0.5
[AnalysisInputs::SetMCSF] sample : WZZ
[AnalysisInputs::SetMCSF] => MCSF = 1, MCSF_err = 0.5
[AnalysisInputs::SetMCSF] sample : ZZZ
[AnalysisInputs::SetMCSF] => MCSF = 1, MCSF_err = 0.5
[AnalysisInputs::SetMCSF] sample : ttV
[AnalysisInputs::SetMCSF] => MCSF = 1, MCSF_err = 0.5
[AnalysisInputs::SetMCSF] sample : ttW
[AnalysisInputs::SetMCSF] => MCSF = 1, MCSF_err = 0.5
[AnalysisInputs::SetMCSF] sample : ttZ
[AnalysisInputs::SetMCSF] => MCSF = 1, MCSF_err = 0.5
[AnalysisInputs::SetMCSF] sample : ttH_nonbb
[AnalysisInputs::SetMCSF] => MCSF = 1, MCSF_err = 0.5
[AnalysisInputs::SetMCSF] sample : top
[AnalysisInputs::SetMCSF] => MCSF = 1, MCSF_err = 0.5
[AnalysisInputs::SetMCSF] sample : WZTo3LNu_powheg
[AnalysisInputs::SetMCSF] => MCSF = 1.00165, MCSF_err = 0.0888561
[AnalysisInputs::SetMCSF] sample : ZGto2LG
[AnalysisInputs::SetMCSF] => MCSF = 0.794861, MCSF_err = 0.155181
[AnalysisInputs::SetMCSF] sample : ZZTo4L_powheg
[AnalysisInputs::SetMCSF] => MCSF = 0.926685, MCSF_err = 0.102827
[AnalysisInputs::SetMCSF] sample : ggZZto2e2mu
[AnalysisInputs::SetMCSF] => MCSF = 0.926685, MCSF_err = 0.102827
[AnalysisInputs::SetMCSF] sample : ggZZto2e2nu
[AnalysisInputs::SetMCSF] => MCSF = 0.926685, MCSF_err = 0.102827
[AnalysisInputs::SetMCSF] sample : ggZZto2e2tau
[AnalysisInputs::SetMCSF] => MCSF = 0.926685, MCSF_err = 0.102827
[AnalysisInputs::SetMCSF] sample : ggZZto2mu2nu
[AnalysisInputs::SetMCSF] => MCSF = 0.926685, MCSF_err = 0.102827
[AnalysisInputs::SetMCSF] sample : ggZZto2mu2tau
[AnalysisInputs::SetMCSF] => MCSF = 0.926685, MCSF_err = 0.102827
[AnalysisInputs::SetMCSF] sample : ggZZto4e
[AnalysisInputs::SetMCSF] => MCSF = 0.926685, MCSF_err = 0.102827
[AnalysisInputs::SetMCSF] sample : ggZZto4mu
[AnalysisInputs::SetMCSF] => MCSF = 0.926685, MCSF_err = 0.102827
[AnalysisInputs::SetMCSF] sample : ggZZto4tau
[AnalysisInputs::SetMCSF] => MCSF = 0.926685, MCSF_err = 0.102827
[AnalysisInputs::SetCalculatedSysts] Get Systematics from /home/jskim/Documents/trilepton_13TeV/DiLepton/data/v8-0-7.36/Syst.txt
[AnalysisInputs::SetCalculatedSysts] source : Luminosity
[AnalysisInputs::SetCalculatedSysts] => % sysematic = 0.025
[AnalysisInputs::SetCalculatedSysts] source : FakeLooseID
[AnalysisInputs::SetCalculatedSysts] => % sysematic = 0.3
[AnalysisInputs::SetCalculatedSysts] source : ChrageFlipSyst
[AnalysisInputs::SetCalculatedSysts] => % sysematic = 0.21
[CutRangeInfo::ReadCutCard] Get Cutcard from /home/jskim/Documents/trilepton_13TeV/DiLepton/data/v8-0-7.36/CutOpCard/OPTIMIZED_171107_ElEl_HighMass/HNElEl_1200.txt
prompt_tau21_syst = 0
signal_tau21_syst = 0
Central	0.748582	0.0501779	0.236321
_MuonEn_up	0.796811	0.0501779	0.236321
_MuonEn_down	0.796183	0.0501779	0.236321
_MuonIDSF_up	0.799138	0.0501779	0.236321
_MuonIDSF_down	0.789084	0.0501779	0.236321
_ElectronEn_up	0.88759	0.0501779	0.236321
_ElectronEn_down	0.789953	0.0501779	0.236321
_ElectronIDSF_up	0.827071	0.0501779	0.236321
_ElectronIDSF_down	0.755106	0.0501779	0.236321
_TriggerSF_up	0.799137	0.0501779	0.236321
_TriggerSF_down	0.796739	0.0501779	0.236321
_PU_up	0.744345	0.0501779	0.236321
_PU_down	0.853413	0.0501779	0.236321
_JetEn_up	0.958693	0.0501779	0.236321
_JetEn_down	0.856127	0.0501779	0.236321
_JetRes_up	0.794252	0.0501779	0.236321
_JetRes_down	0.796285	0.0501779	0.236321
_Unclustered_up	0.843473	0.0501779	0.236321
_Unclustered_down	0.837697	0.0501779	0.236321
_BTagSFEff_up	0.785077	0.0501779	0.236321
_BTagSFEff_down	0.79669	0.0501779	0.236321
_BTagSFMiss_up	0.714596	0.0501779	0.236321
_BTagSFMiss_down	0.794277	0.0501779	0.236321
_JetMass_up	0.79742	0.0501779	0.236321
_JetMass_down	0.794277	0.0501779	0.236321
_JetMassRes_up	0.796902	0.0501779	0.236321
_JetMassRes_down	0.792427	0.0501779	0.236321

################ Sources ################
Source	SystTotal	SystPrompt	SystFake	Signal
Stat 19.33 25.53  117.86  11.53  2.84
Lumi 1.81  2.50 -  -  2.50
PDF  -  -  -  -  8.53
MuonPt  4.63 6.40  -  -  0.30
MuonID  4.43 6.12  -  -  0.58
ElectronE  9.91 13.70  -  -  0.54
ElectronID  5.38 7.44  -  -  4.31
Trigger  4.77 6.60  -  -  0.27
PU  7.17 9.91  -  -  1.20
JES  16.12 22.30  -  -  2.15
JER  4.51 6.24  -  -  0.88
Uncl  8.89 12.30  -  -  0.97
BEff  4.13 5.70  -  -  0.61
BMiss  3.89 5.38  -  -  0.59
JMS  4.57 6.32  -  -  0.28
JMR  4.46 6.16  -  -  0.35
Tau21 0.00  0.00 -  -  0.00
MCNorm 6.96  9.62 -  -  -
Fake 1.45  -  30.00 - -
CF 4.79  -  -  21.00 -
Total Systematic 26.99 37.26  30.00  21.00  10.35

Total Background	1.035
- Prompt	0.749
- Fake	0.050
- CF	0.236

####### Result #######
Signal Eff	0.033534
1.035081 1.336431
0.002196 1.107333
