
Processing HNElEl_600_VBF.C...
[AnalysisInputs::SetMCSF] Get MC SF from /home/jskim/Documents/trilepton_13TeV/DiLepton/data/v8-0-7.36/MCSF.txt
[AnalysisInputs::SetMCSF] sample : VVV
[AnalysisInputs::SetMCSF] => MCSF = 1, MCSF_err = 0.5
[AnalysisInputs::SetMCSF] sample : WWW
[AnalysisInputs::SetMCSF] => MCSF = 1, MCSF_err = 0.5
[AnalysisInputs::SetMCSF] sample : WWZ
[AnalysisInputs::SetMCSF] => MCSF = 1, MCSF_err = 0.5
[AnalysisInputs::SetMCSF] sample : WZZ
[AnalysisInputs::SetMCSF] => MCSF = 1, MCSF_err = 0.5
[AnalysisInputs::SetMCSF] sample : ZZZ
[AnalysisInputs::SetMCSF] => MCSF = 1, MCSF_err = 0.5
[AnalysisInputs::SetMCSF] sample : ttV
[AnalysisInputs::SetMCSF] => MCSF = 1, MCSF_err = 0.5
[AnalysisInputs::SetMCSF] sample : ttW
[AnalysisInputs::SetMCSF] => MCSF = 1, MCSF_err = 0.5
[AnalysisInputs::SetMCSF] sample : ttZ
[AnalysisInputs::SetMCSF] => MCSF = 1, MCSF_err = 0.5
[AnalysisInputs::SetMCSF] sample : ttH_nonbb
[AnalysisInputs::SetMCSF] => MCSF = 1, MCSF_err = 0.5
[AnalysisInputs::SetMCSF] sample : top
[AnalysisInputs::SetMCSF] => MCSF = 1, MCSF_err = 0.5
[AnalysisInputs::SetMCSF] sample : WZTo3LNu_powheg
[AnalysisInputs::SetMCSF] => MCSF = 1.00165, MCSF_err = 0.0888561
[AnalysisInputs::SetMCSF] sample : ZGto2LG
[AnalysisInputs::SetMCSF] => MCSF = 0.794861, MCSF_err = 0.155181
[AnalysisInputs::SetMCSF] sample : ZZTo4L_powheg
[AnalysisInputs::SetMCSF] => MCSF = 0.926685, MCSF_err = 0.102827
[AnalysisInputs::SetMCSF] sample : ggZZto2e2mu
[AnalysisInputs::SetMCSF] => MCSF = 0.926685, MCSF_err = 0.102827
[AnalysisInputs::SetMCSF] sample : ggZZto2e2nu
[AnalysisInputs::SetMCSF] => MCSF = 0.926685, MCSF_err = 0.102827
[AnalysisInputs::SetMCSF] sample : ggZZto2e2tau
[AnalysisInputs::SetMCSF] => MCSF = 0.926685, MCSF_err = 0.102827
[AnalysisInputs::SetMCSF] sample : ggZZto2mu2nu
[AnalysisInputs::SetMCSF] => MCSF = 0.926685, MCSF_err = 0.102827
[AnalysisInputs::SetMCSF] sample : ggZZto2mu2tau
[AnalysisInputs::SetMCSF] => MCSF = 0.926685, MCSF_err = 0.102827
[AnalysisInputs::SetMCSF] sample : ggZZto4e
[AnalysisInputs::SetMCSF] => MCSF = 0.926685, MCSF_err = 0.102827
[AnalysisInputs::SetMCSF] sample : ggZZto4mu
[AnalysisInputs::SetMCSF] => MCSF = 0.926685, MCSF_err = 0.102827
[AnalysisInputs::SetMCSF] sample : ggZZto4tau
[AnalysisInputs::SetMCSF] => MCSF = 0.926685, MCSF_err = 0.102827
[AnalysisInputs::SetCalculatedSysts] Get Systematics from /home/jskim/Documents/trilepton_13TeV/DiLepton/data/v8-0-7.36/Syst.txt
[AnalysisInputs::SetCalculatedSysts] source : Luminosity
[AnalysisInputs::SetCalculatedSysts] => % sysematic = 0.025
[AnalysisInputs::SetCalculatedSysts] source : FakeLooseID
[AnalysisInputs::SetCalculatedSysts] => % sysematic = 0.3
[AnalysisInputs::SetCalculatedSysts] source : ChrageFlipSyst
[AnalysisInputs::SetCalculatedSysts] => % sysematic = 0.21
[CutRangeInfo::ReadCutCard] Get Cutcard from /home/jskim/Documents/trilepton_13TeV/DiLepton/data/v8-0-7.36/CutOpCard/OPTIMIZED_171107_ElEl_HighMass/HNElEl_600.txt
prompt_tau21_syst = 0
signal_tau21_syst = 0
Central	0.543505	0.0530864	0.18344
_MuonEn_up	0.591734	0.0530864	0.18344
_MuonEn_down	0.591106	0.0530864	0.18344
_MuonIDSF_up	0.594062	0.0530864	0.18344
_MuonIDSF_down	0.584007	0.0530864	0.18344
_ElectronEn_up	0.597343	0.0530864	0.18344
_ElectronEn_down	0.587874	0.0530864	0.18344
_ElectronIDSF_up	0.613345	0.0530864	0.18344
_ElectronIDSF_down	0.558501	0.0530864	0.18344
_TriggerSF_up	0.59406	0.0530864	0.18344
_TriggerSF_down	0.591662	0.0530864	0.18344
_PU_up	0.55092	0.0530864	0.18344
_PU_down	0.637917	0.0530864	0.18344
_JetEn_up	0.713024	0.0530864	0.18344
_JetEn_down	0.614497	0.0530864	0.18344
_JetRes_up	0.580625	0.0530864	0.18344
_JetRes_down	0.591208	0.0530864	0.18344
_Unclustered_up	0.597311	0.0530864	0.18344
_Unclustered_down	0.591536	0.0530864	0.18344
_BTagSFEff_up	0.588747	0.0530864	0.18344
_BTagSFEff_down	0.591613	0.0530864	0.18344
_BTagSFMiss_up	0.588747	0.0530864	0.18344
_BTagSFMiss_down	0.5892	0.0530864	0.18344
_JetMass_up	0.592343	0.0530864	0.18344
_JetMass_down	0.5892	0.0530864	0.18344
_JetMassRes_up	0.591825	0.0530864	0.18344
_JetMassRes_down	0.58735	0.0530864	0.18344

################ Sources ################
Source	SystTotal	SystPrompt	SystFake	Signal
Stat 21.50 28.89  111.26  12.84  2.14
Lumi 1.74  2.50 -  -  2.50
PDF  -  -  -  -  2.50
MuonPt  6.14 8.82  -  -  0.21
MuonID  5.87 8.43  -  -  0.07
ElectronE  6.32 9.08  -  -  1.26
ElectronID  6.48 9.29  -  -  4.37
Trigger  6.33 9.08  -  -  0.05
PU  8.58 12.32  -  -  1.84
JES  16.66 23.91  -  -  1.02
JER  5.48 7.86  -  -  0.31
Uncl  6.54 9.38  -  -  0.65
BEff  5.99 8.59  -  -  0.57
BMiss  5.83 8.37  -  -  0.40
JMS  6.06 8.70  -  -  0.18
JMR  5.91 8.49  -  -  0.51
Tau21 0.00  0.00 -  -  0.00
MCNorm 7.22  10.37 -  -  -
Fake 2.04  -  30.00 - -
CF 4.94  -  -  21.00 -
Total Systematic 28.62 40.97  30.00  21.00  6.24

Total Background	0.780
- Prompt	0.544
- Fake	0.053
- CF	0.183

####### Result #######
Signal Eff	0.028786
0.780032 1.362652
0.093681 1.065998
