
Processing HNElEl_700.C...
[AnalysisInputs::SetMCSF] Get MC SF from /home/jskim/Documents/trilepton_13TeV/DiLepton/data/v8-0-7.36/MCSF.txt
[AnalysisInputs::SetMCSF] sample : VVV
[AnalysisInputs::SetMCSF] => MCSF = 1, MCSF_err = 0.5
[AnalysisInputs::SetMCSF] sample : WWW
[AnalysisInputs::SetMCSF] => MCSF = 1, MCSF_err = 0.5
[AnalysisInputs::SetMCSF] sample : WWZ
[AnalysisInputs::SetMCSF] => MCSF = 1, MCSF_err = 0.5
[AnalysisInputs::SetMCSF] sample : WZZ
[AnalysisInputs::SetMCSF] => MCSF = 1, MCSF_err = 0.5
[AnalysisInputs::SetMCSF] sample : ZZZ
[AnalysisInputs::SetMCSF] => MCSF = 1, MCSF_err = 0.5
[AnalysisInputs::SetMCSF] sample : ttV
[AnalysisInputs::SetMCSF] => MCSF = 1, MCSF_err = 0.5
[AnalysisInputs::SetMCSF] sample : ttW
[AnalysisInputs::SetMCSF] => MCSF = 1, MCSF_err = 0.5
[AnalysisInputs::SetMCSF] sample : ttZ
[AnalysisInputs::SetMCSF] => MCSF = 1, MCSF_err = 0.5
[AnalysisInputs::SetMCSF] sample : ttH_nonbb
[AnalysisInputs::SetMCSF] => MCSF = 1, MCSF_err = 0.5
[AnalysisInputs::SetMCSF] sample : top
[AnalysisInputs::SetMCSF] => MCSF = 1, MCSF_err = 0.5
[AnalysisInputs::SetMCSF] sample : WZTo3LNu_powheg
[AnalysisInputs::SetMCSF] => MCSF = 1.00165, MCSF_err = 0.0888561
[AnalysisInputs::SetMCSF] sample : ZGto2LG
[AnalysisInputs::SetMCSF] => MCSF = 0.794861, MCSF_err = 0.155181
[AnalysisInputs::SetMCSF] sample : ZZTo4L_powheg
[AnalysisInputs::SetMCSF] => MCSF = 0.926685, MCSF_err = 0.102827
[AnalysisInputs::SetMCSF] sample : ggZZto2e2mu
[AnalysisInputs::SetMCSF] => MCSF = 0.926685, MCSF_err = 0.102827
[AnalysisInputs::SetMCSF] sample : ggZZto2e2nu
[AnalysisInputs::SetMCSF] => MCSF = 0.926685, MCSF_err = 0.102827
[AnalysisInputs::SetMCSF] sample : ggZZto2e2tau
[AnalysisInputs::SetMCSF] => MCSF = 0.926685, MCSF_err = 0.102827
[AnalysisInputs::SetMCSF] sample : ggZZto2mu2nu
[AnalysisInputs::SetMCSF] => MCSF = 0.926685, MCSF_err = 0.102827
[AnalysisInputs::SetMCSF] sample : ggZZto2mu2tau
[AnalysisInputs::SetMCSF] => MCSF = 0.926685, MCSF_err = 0.102827
[AnalysisInputs::SetMCSF] sample : ggZZto4e
[AnalysisInputs::SetMCSF] => MCSF = 0.926685, MCSF_err = 0.102827
[AnalysisInputs::SetMCSF] sample : ggZZto4mu
[AnalysisInputs::SetMCSF] => MCSF = 0.926685, MCSF_err = 0.102827
[AnalysisInputs::SetMCSF] sample : ggZZto4tau
[AnalysisInputs::SetMCSF] => MCSF = 0.926685, MCSF_err = 0.102827
[AnalysisInputs::SetCalculatedSysts] Get Systematics from /home/jskim/Documents/trilepton_13TeV/DiLepton/data/v8-0-7.36/Syst.txt
[AnalysisInputs::SetCalculatedSysts] source : Luminosity
[AnalysisInputs::SetCalculatedSysts] => % sysematic = 0.025
[AnalysisInputs::SetCalculatedSysts] source : FakeLooseID
[AnalysisInputs::SetCalculatedSysts] => % sysematic = 0.3
[AnalysisInputs::SetCalculatedSysts] source : ChrageFlipSyst
[AnalysisInputs::SetCalculatedSysts] => % sysematic = 0.21
[CutRangeInfo::ReadCutCard] Get Cutcard from /home/jskim/Documents/trilepton_13TeV/DiLepton/data/v8-0-7.36/CutOpCard/OPTIMIZED_171107_ElEl_HighMass/HNElEl_700.txt
prompt_tau21_syst = 0
signal_tau21_syst = 0
Central	0.7279	0.0501779	0.22069
_MuonEn_up	0.776128	0.0501779	0.22069
_MuonEn_down	0.775501	0.0501779	0.22069
_MuonIDSF_up	0.778456	0.0501779	0.22069
_MuonIDSF_down	0.768402	0.0501779	0.22069
_ElectronEn_up	0.864279	0.0501779	0.22069
_ElectronEn_down	0.769271	0.0501779	0.22069
_ElectronIDSF_up	0.805466	0.0501779	0.22069
_ElectronIDSF_down	0.735327	0.0501779	0.22069
_TriggerSF_up	0.778455	0.0501779	0.22069
_TriggerSF_down	0.776057	0.0501779	0.22069
_PU_up	0.72451	0.0501779	0.22069
_PU_down	0.832138	0.0501779	0.22069
_JetEn_up	0.937086	0.0501779	0.22069
_JetEn_down	0.835414	0.0501779	0.22069
_JetRes_up	0.765105	0.0501779	0.22069
_JetRes_down	0.775602	0.0501779	0.22069
_Unclustered_up	0.817747	0.0501779	0.22069
_Unclustered_down	0.811971	0.0501779	0.22069
_BTagSFEff_up	0.773141	0.0501779	0.22069
_BTagSFEff_down	0.776008	0.0501779	0.22069
_BTagSFMiss_up	0.693914	0.0501779	0.22069
_BTagSFMiss_down	0.773594	0.0501779	0.22069
_JetMass_up	0.776738	0.0501779	0.22069
_JetMass_down	0.773594	0.0501779	0.22069
_JetMassRes_up	0.77622	0.0501779	0.22069
_JetMassRes_down	0.771744	0.0501779	0.22069

################ Sources ################
Source	SystTotal	SystPrompt	SystFake	Signal
Stat 20.01 26.22  117.86  11.68  2.15
Lumi 1.82  2.50 -  -  2.50
PDF  -  -  -  -  8.53
MuonPt  4.80 6.58  -  -  0.13
MuonID  4.59 6.29  -  -  0.13
ElectronE  10.09 13.84  -  -  0.58
ElectronID  5.52 7.57  -  -  4.30
Trigger  4.94 6.78  -  -  0.34
PU  7.38 10.13  -  -  1.46
JES  16.65 22.85  -  -  0.72
JER  4.28 5.88  -  -  0.84
Uncl  8.71 11.95  -  -  0.17
BEff  4.68 6.42  -  -  0.32
BMiss  4.03 5.53  -  -  0.27
JMS  4.74 6.50  -  -  0.74
JMR  4.62 6.34  -  -  0.17
Tau21 0.00  0.00 -  -  0.00
MCNorm 7.09  9.73 -  -  -
Fake 1.51  -  30.00 - -
CF 4.64  -  -  21.00 -
Total Systematic 27.65 37.88  30.00  21.00  10.10

Total Background	0.999
- Prompt	0.728
- Fake	0.050
- CF	0.221

####### Result #######
Signal Eff	0.052466
0.998768 1.345392
0.041663 1.103318
