
Processing HNElEl_400.C...
[AnalysisInputs::SetMCSF] Get MC SF from /home/jskim/Documents/trilepton_13TeV/DiLepton/data/v8-0-7.36/MCSF.txt
[AnalysisInputs::SetMCSF] sample : VVV
[AnalysisInputs::SetMCSF] => MCSF = 1, MCSF_err = 0.5
[AnalysisInputs::SetMCSF] sample : WWW
[AnalysisInputs::SetMCSF] => MCSF = 1, MCSF_err = 0.5
[AnalysisInputs::SetMCSF] sample : WWZ
[AnalysisInputs::SetMCSF] => MCSF = 1, MCSF_err = 0.5
[AnalysisInputs::SetMCSF] sample : WZZ
[AnalysisInputs::SetMCSF] => MCSF = 1, MCSF_err = 0.5
[AnalysisInputs::SetMCSF] sample : ZZZ
[AnalysisInputs::SetMCSF] => MCSF = 1, MCSF_err = 0.5
[AnalysisInputs::SetMCSF] sample : ttV
[AnalysisInputs::SetMCSF] => MCSF = 1, MCSF_err = 0.5
[AnalysisInputs::SetMCSF] sample : ttW
[AnalysisInputs::SetMCSF] => MCSF = 1, MCSF_err = 0.5
[AnalysisInputs::SetMCSF] sample : ttZ
[AnalysisInputs::SetMCSF] => MCSF = 1, MCSF_err = 0.5
[AnalysisInputs::SetMCSF] sample : ttH_nonbb
[AnalysisInputs::SetMCSF] => MCSF = 1, MCSF_err = 0.5
[AnalysisInputs::SetMCSF] sample : top
[AnalysisInputs::SetMCSF] => MCSF = 1, MCSF_err = 0.5
[AnalysisInputs::SetMCSF] sample : WZTo3LNu_powheg
[AnalysisInputs::SetMCSF] => MCSF = 1.00165, MCSF_err = 0.0888561
[AnalysisInputs::SetMCSF] sample : ZGto2LG
[AnalysisInputs::SetMCSF] => MCSF = 0.794861, MCSF_err = 0.155181
[AnalysisInputs::SetMCSF] sample : ZZTo4L_powheg
[AnalysisInputs::SetMCSF] => MCSF = 0.926685, MCSF_err = 0.102827
[AnalysisInputs::SetMCSF] sample : ggZZto2e2mu
[AnalysisInputs::SetMCSF] => MCSF = 0.926685, MCSF_err = 0.102827
[AnalysisInputs::SetMCSF] sample : ggZZto2e2nu
[AnalysisInputs::SetMCSF] => MCSF = 0.926685, MCSF_err = 0.102827
[AnalysisInputs::SetMCSF] sample : ggZZto2e2tau
[AnalysisInputs::SetMCSF] => MCSF = 0.926685, MCSF_err = 0.102827
[AnalysisInputs::SetMCSF] sample : ggZZto2mu2nu
[AnalysisInputs::SetMCSF] => MCSF = 0.926685, MCSF_err = 0.102827
[AnalysisInputs::SetMCSF] sample : ggZZto2mu2tau
[AnalysisInputs::SetMCSF] => MCSF = 0.926685, MCSF_err = 0.102827
[AnalysisInputs::SetMCSF] sample : ggZZto4e
[AnalysisInputs::SetMCSF] => MCSF = 0.926685, MCSF_err = 0.102827
[AnalysisInputs::SetMCSF] sample : ggZZto4mu
[AnalysisInputs::SetMCSF] => MCSF = 0.926685, MCSF_err = 0.102827
[AnalysisInputs::SetMCSF] sample : ggZZto4tau
[AnalysisInputs::SetMCSF] => MCSF = 0.926685, MCSF_err = 0.102827
[AnalysisInputs::SetCalculatedSysts] Get Systematics from /home/jskim/Documents/trilepton_13TeV/DiLepton/data/v8-0-7.36/Syst.txt
[AnalysisInputs::SetCalculatedSysts] source : Luminosity
[AnalysisInputs::SetCalculatedSysts] => % sysematic = 0.025
[AnalysisInputs::SetCalculatedSysts] source : FakeLooseID
[AnalysisInputs::SetCalculatedSysts] => % sysematic = 0.3
[AnalysisInputs::SetCalculatedSysts] source : ChrageFlipSyst
[AnalysisInputs::SetCalculatedSysts] => % sysematic = 0.21
[CutRangeInfo::ReadCutCard] Get Cutcard from /home/jskim/Documents/trilepton_13TeV/DiLepton/data/v8-0-7.36/CutOpCard/OPTIMIZED_171107_ElEl_HighMass/HNElEl_400.txt
prompt_tau21_syst = 0
signal_tau21_syst = 0
Central	1.59267	0.345502	0.587995
_MuonEn_up	1.58955	0.345502	0.587995
_MuonEn_down	1.59147	0.345502	0.587995
_MuonIDSF_up	1.58902	0.345502	0.587995
_MuonIDSF_down	1.58902	0.345502	0.587995
_ElectronEn_up	1.60418	0.345502	0.587995
_ElectronEn_down	1.59193	0.345502	0.587995
_ElectronIDSF_up	1.69057	0.345502	0.587995
_ElectronIDSF_down	1.51796	0.345502	0.587995
_TriggerSF_up	1.59115	0.345502	0.587995
_TriggerSF_down	1.66826	0.345502	0.587995
_PU_up	1.63154	0.345502	0.587995
_PU_down	1.4786	0.345502	0.587995
_JetEn_up	1.3783	0.345502	0.587995
_JetEn_down	1.46122	0.345502	0.587995
_JetRes_up	1.72658	0.345502	0.587995
_JetRes_down	1.33708	0.345502	0.587995
_Unclustered_up	1.52723	0.345502	0.587995
_Unclustered_down	1.63734	0.345502	0.587995
_BTagSFEff_up	1.57515	0.345502	0.587995
_BTagSFEff_down	1.62134	0.345502	0.587995
_BTagSFMiss_up	1.58342	0.345502	0.587995
_BTagSFMiss_down	1.58639	0.345502	0.587995
_JetMass_up	1.5938	0.345502	0.587995
_JetMass_down	1.57456	0.345502	0.587995
_JetMassRes_up	1.58294	0.345502	0.587995
_JetMassRes_down	1.58125	0.345502	0.587995

################ Sources ################
Source	SystTotal	SystPrompt	SystFake	Signal
Stat 12.78 18.29  40.37  6.45  1.69
Lumi 1.58  2.50 -  -  2.50
PDF  -  -  -  -  8.53
MuonPt  0.09 0.15  -  -  0.02
MuonID  0.14 0.23  -  -  0.25
ElectronE  0.32 0.51  -  -  0.83
ElectronID  3.45 5.47  -  -  4.19
Trigger  2.12 3.36  -  -  0.16
PU  3.37 5.35  -  -  2.48
JES  7.04 11.16  -  -  0.77
JER  8.08 12.81  -  -  1.04
Uncl  2.22 3.52  -  -  1.14
BEff  0.94 1.49  -  -  0.38
BMiss  0.31 0.50  -  -  0.38
JMS  0.51 0.81  -  -  0.14
JMR  0.42 0.67  -  -  0.25
Tau21 0.00  0.00 -  -  0.00
MCNorm 9.12  14.47 -  -  -
Fake 4.10  -  30.00 - -
CF 4.89  -  -  21.00 -
Total Systematic 15.86 24.30  30.00  21.00  10.34

Total Background	2.526
- Prompt	1.593
- Fake	0.346
- CF	0.588

####### Result #######
Signal Eff	0.077500
2.526163 1.210039
0.607855 1.104759
