
Processing HNElEl_300_VBF.C...
[AnalysisInputs::SetMCSF] Get MC SF from /home/jskim/Documents/trilepton_13TeV/DiLepton/data/v8-0-7.36/MCSF.txt
[AnalysisInputs::SetMCSF] sample : VVV
[AnalysisInputs::SetMCSF] => MCSF = 1, MCSF_err = 0.5
[AnalysisInputs::SetMCSF] sample : WWW
[AnalysisInputs::SetMCSF] => MCSF = 1, MCSF_err = 0.5
[AnalysisInputs::SetMCSF] sample : WWZ
[AnalysisInputs::SetMCSF] => MCSF = 1, MCSF_err = 0.5
[AnalysisInputs::SetMCSF] sample : WZZ
[AnalysisInputs::SetMCSF] => MCSF = 1, MCSF_err = 0.5
[AnalysisInputs::SetMCSF] sample : ZZZ
[AnalysisInputs::SetMCSF] => MCSF = 1, MCSF_err = 0.5
[AnalysisInputs::SetMCSF] sample : ttV
[AnalysisInputs::SetMCSF] => MCSF = 1, MCSF_err = 0.5
[AnalysisInputs::SetMCSF] sample : ttW
[AnalysisInputs::SetMCSF] => MCSF = 1, MCSF_err = 0.5
[AnalysisInputs::SetMCSF] sample : ttZ
[AnalysisInputs::SetMCSF] => MCSF = 1, MCSF_err = 0.5
[AnalysisInputs::SetMCSF] sample : ttH_nonbb
[AnalysisInputs::SetMCSF] => MCSF = 1, MCSF_err = 0.5
[AnalysisInputs::SetMCSF] sample : top
[AnalysisInputs::SetMCSF] => MCSF = 1, MCSF_err = 0.5
[AnalysisInputs::SetMCSF] sample : WZTo3LNu_powheg
[AnalysisInputs::SetMCSF] => MCSF = 1.00165, MCSF_err = 0.0888561
[AnalysisInputs::SetMCSF] sample : ZGto2LG
[AnalysisInputs::SetMCSF] => MCSF = 0.794861, MCSF_err = 0.155181
[AnalysisInputs::SetMCSF] sample : ZZTo4L_powheg
[AnalysisInputs::SetMCSF] => MCSF = 0.926685, MCSF_err = 0.102827
[AnalysisInputs::SetMCSF] sample : ggZZto2e2mu
[AnalysisInputs::SetMCSF] => MCSF = 0.926685, MCSF_err = 0.102827
[AnalysisInputs::SetMCSF] sample : ggZZto2e2nu
[AnalysisInputs::SetMCSF] => MCSF = 0.926685, MCSF_err = 0.102827
[AnalysisInputs::SetMCSF] sample : ggZZto2e2tau
[AnalysisInputs::SetMCSF] => MCSF = 0.926685, MCSF_err = 0.102827
[AnalysisInputs::SetMCSF] sample : ggZZto2mu2nu
[AnalysisInputs::SetMCSF] => MCSF = 0.926685, MCSF_err = 0.102827
[AnalysisInputs::SetMCSF] sample : ggZZto2mu2tau
[AnalysisInputs::SetMCSF] => MCSF = 0.926685, MCSF_err = 0.102827
[AnalysisInputs::SetMCSF] sample : ggZZto4e
[AnalysisInputs::SetMCSF] => MCSF = 0.926685, MCSF_err = 0.102827
[AnalysisInputs::SetMCSF] sample : ggZZto4mu
[AnalysisInputs::SetMCSF] => MCSF = 0.926685, MCSF_err = 0.102827
[AnalysisInputs::SetMCSF] sample : ggZZto4tau
[AnalysisInputs::SetMCSF] => MCSF = 0.926685, MCSF_err = 0.102827
[AnalysisInputs::SetCalculatedSysts] Get Systematics from /home/jskim/Documents/trilepton_13TeV/DiLepton/data/v8-0-7.36/Syst.txt
[AnalysisInputs::SetCalculatedSysts] source : Luminosity
[AnalysisInputs::SetCalculatedSysts] => % sysematic = 0.025
[AnalysisInputs::SetCalculatedSysts] source : FakeLooseID
[AnalysisInputs::SetCalculatedSysts] => % sysematic = 0.3
[AnalysisInputs::SetCalculatedSysts] source : ChrageFlipSyst
[AnalysisInputs::SetCalculatedSysts] => % sysematic = 0.21
[CutRangeInfo::ReadCutCard] Get Cutcard from /home/jskim/Documents/trilepton_13TeV/DiLepton/data/v8-0-7.36/CutOpCard/OPTIMIZED_171107_ElEl_HighMass/HNElEl_300.txt
prompt_tau21_syst = 0
signal_tau21_syst = 0
Central	5.39467	1.17985	1.31844
_MuonEn_up	5.40591	1.17985	1.31844
_MuonEn_down	5.32971	1.17985	1.31844
_MuonIDSF_up	5.39644	1.17985	1.31844
_MuonIDSF_down	5.36202	1.17985	1.31844
_ElectronEn_up	5.40225	1.17985	1.31844
_ElectronEn_down	5.24277	1.17985	1.31844
_ElectronIDSF_up	5.57275	1.17985	1.31844
_ElectronIDSF_down	5.17711	1.17985	1.31844
_TriggerSF_up	5.36627	1.17985	1.31844
_TriggerSF_down	5.46184	1.17985	1.31844
_PU_up	5.50306	1.17985	1.31844
_PU_down	5.30708	1.17985	1.31844
_JetEn_up	5.43853	1.17985	1.31844
_JetEn_down	5.34641	1.17985	1.31844
_JetRes_up	5.30029	1.17985	1.31844
_JetRes_down	5.03991	1.17985	1.31844
_Unclustered_up	5.57798	1.17985	1.31844
_Unclustered_down	4.73468	1.17985	1.31844
_BTagSFEff_up	5.36124	1.17985	1.31844
_BTagSFEff_down	5.48967	1.17985	1.31844
_BTagSFMiss_up	5.33152	1.17985	1.31844
_BTagSFMiss_down	5.38002	1.17985	1.31844
_JetMass_up	5.40158	1.17985	1.31844
_JetMass_down	5.51787	1.17985	1.31844
_JetMassRes_up	5.39109	1.17985	1.31844
_JetMassRes_down	5.37997	1.17985	1.31844

################ Sources ################
Source	SystTotal	SystPrompt	SystFake	Signal
Stat 23.02 33.33  22.39  3.83  1.47
Lumi 1.71  2.50 -  -  2.50
PDF  -  -  -  -  2.50
MuonPt  0.59 0.86  -  -  0.12
MuonID  0.29 0.43  -  -  0.18
ElectronE  1.36 1.99  -  -  0.76
ElectronID  2.52 3.69  -  -  4.23
Trigger  0.65 0.96  -  -  0.15
PU  1.25 1.83  -  -  2.04
JES  0.58 0.85  -  -  1.02
JER  3.29 4.81  -  -  1.08
Uncl  6.14 8.98  -  -  1.48
BEff  0.90 1.32  -  -  0.27
BMiss  0.58 0.85  -  -  0.36
JMS  1.11 1.62  -  -  0.15
JMR  0.14 0.20  -  -  0.17
Tau21 0.00  0.00 -  -  0.00
MCNorm 6.37  9.32 -  -  -
Fake 4.48  -  30.00 - -
CF 3.51  -  -  21.00 -
Total Systematic 11.20 15.02  30.00  21.00  6.32

Total Background	7.893
- Prompt	5.395
- Fake	1.180
- CF	1.318

####### Result #######
Signal Eff	0.056260
7.892959 1.258511
2.386588 1.064853
