
Processing CyclesForMixingLimit_MuEl_Bin1/HNMuEl_300.C...
[AnalysisInputs::SetMCSF] Get MC SF from /data8/Users/jskim/HN_dilepton_plotter/data/v8-0-7.37/MCSF.txt
[AnalysisInputs::SetMCSF] sample : VVV
[AnalysisInputs::SetMCSF] => MCSF = 1, MCSF_err = 0.5
[AnalysisInputs::SetMCSF] sample : WWW
[AnalysisInputs::SetMCSF] => MCSF = 1, MCSF_err = 0.5
[AnalysisInputs::SetMCSF] sample : WWZ
[AnalysisInputs::SetMCSF] => MCSF = 1, MCSF_err = 0.5
[AnalysisInputs::SetMCSF] sample : WZZ
[AnalysisInputs::SetMCSF] => MCSF = 1, MCSF_err = 0.5
[AnalysisInputs::SetMCSF] sample : ZZZ
[AnalysisInputs::SetMCSF] => MCSF = 1, MCSF_err = 0.5
[AnalysisInputs::SetMCSF] sample : ttV
[AnalysisInputs::SetMCSF] => MCSF = 1, MCSF_err = 0.5
[AnalysisInputs::SetMCSF] sample : ttW
[AnalysisInputs::SetMCSF] => MCSF = 1, MCSF_err = 0.5
[AnalysisInputs::SetMCSF] sample : ttZ
[AnalysisInputs::SetMCSF] => MCSF = 1, MCSF_err = 0.5
[AnalysisInputs::SetMCSF] sample : ttH_nonbb
[AnalysisInputs::SetMCSF] => MCSF = 1, MCSF_err = 0.5
[AnalysisInputs::SetMCSF] sample : top
[AnalysisInputs::SetMCSF] => MCSF = 1, MCSF_err = 0.5
[AnalysisInputs::SetMCSF] sample : WWTo2L2Nu_DS
[AnalysisInputs::SetMCSF] => MCSF = 1, MCSF_err = 0.5
[AnalysisInputs::SetMCSF] sample : WpWpEWK
[AnalysisInputs::SetMCSF] => MCSF = 1, MCSF_err = 0.5
[AnalysisInputs::SetMCSF] sample : WpWpQCD
[AnalysisInputs::SetMCSF] => MCSF = 1, MCSF_err = 0.5
[AnalysisInputs::SetMCSF] sample : WZTo3LNu_mllmin01
[AnalysisInputs::SetMCSF] => MCSF = 0.65, MCSF_err = 0.06
[AnalysisInputs::SetMCSF] sample : WZTo3LNu_powheg
[AnalysisInputs::SetMCSF] => MCSF = 1.05246, MCSF_err = 0.0646733
[AnalysisInputs::SetMCSF] sample : ZGto2LG
[AnalysisInputs::SetMCSF] => MCSF = 1.09801, MCSF_err = 0.0750731
[AnalysisInputs::SetMCSF] sample : ZZTo4L_powheg
[AnalysisInputs::SetMCSF] => MCSF = 0.978683, MCSF_err = 0.0790547
[AnalysisInputs::SetMCSF] sample : ggZZto2e2mu
[AnalysisInputs::SetMCSF] => MCSF = 0.978683, MCSF_err = 0.0790547
[AnalysisInputs::SetMCSF] sample : ggZZto2e2nu
[AnalysisInputs::SetMCSF] => MCSF = 0.978683, MCSF_err = 0.0790547
[AnalysisInputs::SetMCSF] sample : ggZZto2e2tau
[AnalysisInputs::SetMCSF] => MCSF = 0.978683, MCSF_err = 0.0790547
[AnalysisInputs::SetMCSF] sample : ggZZto2mu2nu
[AnalysisInputs::SetMCSF] => MCSF = 0.978683, MCSF_err = 0.0790547
[AnalysisInputs::SetMCSF] sample : ggZZto2mu2tau
[AnalysisInputs::SetMCSF] => MCSF = 0.978683, MCSF_err = 0.0790547
[AnalysisInputs::SetMCSF] sample : ggZZto4e
[AnalysisInputs::SetMCSF] => MCSF = 0.978683, MCSF_err = 0.0790547
[AnalysisInputs::SetMCSF] sample : ggZZto4mu
[AnalysisInputs::SetMCSF] => MCSF = 0.978683, MCSF_err = 0.0790547
[AnalysisInputs::SetMCSF] sample : ggZZto4tau
[AnalysisInputs::SetMCSF] => MCSF = 0.978683, MCSF_err = 0.0790547
[AnalysisInputs::SetMCSF] sample : ggHtoZZ
[AnalysisInputs::SetMCSF] => MCSF = 0.978683, MCSF_err = 0.0790547
[AnalysisInputs::SetCalculatedSysts] Get Systematics from /data8/Users/jskim/HN_dilepton_plotter/data/v8-0-7.37/Syst.txt
[AnalysisInputs::SetCalculatedSysts] source : Luminosity
[AnalysisInputs::SetCalculatedSysts] => % sysematic = 0.025
[AnalysisInputs::SetCalculatedSysts] source : FakeLooseID
[AnalysisInputs::SetCalculatedSysts] => % sysematic = 0.3
[AnalysisInputs::SetCalculatedSysts] source : ChrageFlipSyst
[AnalysisInputs::SetCalculatedSysts] => % sysematic = 0.23
[CutRangeInfo::ReadCutCard] Get Cutcard from /data8/Users/jskim/HN_dilepton_plotter/data/v8-0-7.37/CutOpCard/RunDirectory/Cards_MuEl_Bin1/HNMuEl_300.txt
Central	5.34196	0.302063	0
_MuonEn_up	6.22851	0.302063	0
_MuonEn_down	4.83197	0.302063	0
_MuonIDSF_up	5.43889	0.302063	0
_MuonIDSF_down	5.24629	0.302063	0
_ElectronEn_up	5.40644	0.302063	0
_ElectronEn_down	5.29946	0.302063	0
_ElectronIDSF_up	5.55181	0.302063	0
_ElectronIDSF_down	5.18461	0.302063	0
_TriggerSF_up	5.36284	0.302063	0
_TriggerSF_down	5.35177	0.302063	0
_PU_up	5.13508	0.302063	0
_PU_down	5.40077	0.302063	0
_JetEn_up	5.02066	0.302063	0
_JetEn_down	5.68227	0.302063	0
_JetRes_up	5.78439	0.302063	0
_JetRes_down	4.91481	0.302063	0
_Unclustered_up	5.28264	0.302063	0
_Unclustered_down	5.21923	0.302063	0
_BTagSFEff_up	5.33519	0.302063	0
_BTagSFEff_down	5.33453	0.302063	0
_BTagSFMiss_up	5.33909	0.302063	0
_BTagSFMiss_down	5.42435	0.302063	0
_JetMass_up	5.32556	0.302063	0
_JetMass_down	5.34665	0.302063	0
_JetMassRes_up	5.33546	0.302063	0
_JetMassRes_down	5.3839	0.302063	0
_Tau21_up	5.33733	0.302063	0
_Tau21_down	5.30502	0.302063	0

################ Sources ################
Source	SystTotal	SystPrompt	SystFake	Signal
Stat 19.96 20.06  114.87  -nan  1.12
Lumi 2.37  2.50 -  -  2.50
PDF  -  -  -  -  2.52
MuonPt  12.81 13.54  -  -  1.44
MuonID  1.71 1.80  -  -  1.76
ElectronE  0.97 1.02  -  -  0.15
ElectronID  3.29 3.47  -  -  1.77
Trigger  0.29 0.31  -  -  0.15
PU  2.69 2.85  -  -  1.28
JES  5.86 6.20  -  -  2.32
JER  7.70 8.14  -  -  1.68
Uncl  1.71 1.80  -  -  1.24
BEff  0.13 0.13  -  -  0.14
BMiss  1.03 1.09  -  -  0.44
JMS  0.21 0.23  -  -  0.07
JMR  0.53 0.56  -  -  0.11
Tau21  0.47 0.49  -  -  0.13
MCNorm 13.19  13.94 -  -  -
Fake 1.61  -  30.00 - -
CF 0.00  -  -  -nan -
Total Systematic 21.60 22.76  30.00  -nan  5.71

Total Background	5.644
- Prompt	5.342
- Fake	0.302
- CF	0.000

####### Result #######
Signal Eff	0.086500
5.644025 1.294126
2.131886 1.058142
