
Processing CyclesForMixingLimit_MuEl_Bin1/HNMuEl_90.C...
[AnalysisInputs::SetMCSF] Get MC SF from /data8/Users/jskim/HN_dilepton_plotter/data/v8-0-7.37/MCSF.txt
[AnalysisInputs::SetMCSF] sample : VVV
[AnalysisInputs::SetMCSF] => MCSF = 1, MCSF_err = 0.5
[AnalysisInputs::SetMCSF] sample : WWW
[AnalysisInputs::SetMCSF] => MCSF = 1, MCSF_err = 0.5
[AnalysisInputs::SetMCSF] sample : WWZ
[AnalysisInputs::SetMCSF] => MCSF = 1, MCSF_err = 0.5
[AnalysisInputs::SetMCSF] sample : WZZ
[AnalysisInputs::SetMCSF] => MCSF = 1, MCSF_err = 0.5
[AnalysisInputs::SetMCSF] sample : ZZZ
[AnalysisInputs::SetMCSF] => MCSF = 1, MCSF_err = 0.5
[AnalysisInputs::SetMCSF] sample : ttV
[AnalysisInputs::SetMCSF] => MCSF = 1, MCSF_err = 0.5
[AnalysisInputs::SetMCSF] sample : ttW
[AnalysisInputs::SetMCSF] => MCSF = 1, MCSF_err = 0.5
[AnalysisInputs::SetMCSF] sample : ttZ
[AnalysisInputs::SetMCSF] => MCSF = 1, MCSF_err = 0.5
[AnalysisInputs::SetMCSF] sample : ttH_nonbb
[AnalysisInputs::SetMCSF] => MCSF = 1, MCSF_err = 0.5
[AnalysisInputs::SetMCSF] sample : top
[AnalysisInputs::SetMCSF] => MCSF = 1, MCSF_err = 0.5
[AnalysisInputs::SetMCSF] sample : WWTo2L2Nu_DS
[AnalysisInputs::SetMCSF] => MCSF = 1, MCSF_err = 0.5
[AnalysisInputs::SetMCSF] sample : WpWpEWK
[AnalysisInputs::SetMCSF] => MCSF = 1, MCSF_err = 0.5
[AnalysisInputs::SetMCSF] sample : WpWpQCD
[AnalysisInputs::SetMCSF] => MCSF = 1, MCSF_err = 0.5
[AnalysisInputs::SetMCSF] sample : WZTo3LNu_mllmin01
[AnalysisInputs::SetMCSF] => MCSF = 0.65, MCSF_err = 0.06
[AnalysisInputs::SetMCSF] sample : WZTo3LNu_powheg
[AnalysisInputs::SetMCSF] => MCSF = 1.05246, MCSF_err = 0.0646733
[AnalysisInputs::SetMCSF] sample : ZGto2LG
[AnalysisInputs::SetMCSF] => MCSF = 1.09801, MCSF_err = 0.0750731
[AnalysisInputs::SetMCSF] sample : ZZTo4L_powheg
[AnalysisInputs::SetMCSF] => MCSF = 0.978683, MCSF_err = 0.0790547
[AnalysisInputs::SetMCSF] sample : ggZZto2e2mu
[AnalysisInputs::SetMCSF] => MCSF = 0.978683, MCSF_err = 0.0790547
[AnalysisInputs::SetMCSF] sample : ggZZto2e2nu
[AnalysisInputs::SetMCSF] => MCSF = 0.978683, MCSF_err = 0.0790547
[AnalysisInputs::SetMCSF] sample : ggZZto2e2tau
[AnalysisInputs::SetMCSF] => MCSF = 0.978683, MCSF_err = 0.0790547
[AnalysisInputs::SetMCSF] sample : ggZZto2mu2nu
[AnalysisInputs::SetMCSF] => MCSF = 0.978683, MCSF_err = 0.0790547
[AnalysisInputs::SetMCSF] sample : ggZZto2mu2tau
[AnalysisInputs::SetMCSF] => MCSF = 0.978683, MCSF_err = 0.0790547
[AnalysisInputs::SetMCSF] sample : ggZZto4e
[AnalysisInputs::SetMCSF] => MCSF = 0.978683, MCSF_err = 0.0790547
[AnalysisInputs::SetMCSF] sample : ggZZto4mu
[AnalysisInputs::SetMCSF] => MCSF = 0.978683, MCSF_err = 0.0790547
[AnalysisInputs::SetMCSF] sample : ggZZto4tau
[AnalysisInputs::SetMCSF] => MCSF = 0.978683, MCSF_err = 0.0790547
[AnalysisInputs::SetMCSF] sample : ggHtoZZ
[AnalysisInputs::SetMCSF] => MCSF = 0.978683, MCSF_err = 0.0790547
[AnalysisInputs::SetCalculatedSysts] Get Systematics from /data8/Users/jskim/HN_dilepton_plotter/data/v8-0-7.37/Syst.txt
[AnalysisInputs::SetCalculatedSysts] source : Luminosity
[AnalysisInputs::SetCalculatedSysts] => % sysematic = 0.025
[AnalysisInputs::SetCalculatedSysts] source : FakeLooseID
[AnalysisInputs::SetCalculatedSysts] => % sysematic = 0.3
[AnalysisInputs::SetCalculatedSysts] source : ChrageFlipSyst
[AnalysisInputs::SetCalculatedSysts] => % sysematic = 0.23
[CutRangeInfo::ReadCutCard] Get Cutcard from /data8/Users/jskim/HN_dilepton_plotter/data/v8-0-7.37/CutOpCard/RunDirectory/Cards_MuEl_Bin1/HNMuEl_90.txt
Central	12.0263	6.78544	0
_MuonEn_up	12.4201	6.78544	0
_MuonEn_down	11.9674	6.78544	0
_MuonIDSF_up	12.1671	6.78544	0
_MuonIDSF_down	11.9059	6.78544	0
_ElectronEn_up	11.4466	6.78544	0
_ElectronEn_down	11.5288	6.78544	0
_ElectronIDSF_up	12.6089	6.78544	0
_ElectronIDSF_down	11.8709	6.78544	0
_TriggerSF_up	12.2877	6.78544	0
_TriggerSF_down	12.0764	6.78544	0
_PU_up	11.2876	6.78544	0
_PU_down	13.0264	6.78544	0
_JetEn_up	11.8877	6.78544	0
_JetEn_down	14.7603	6.78544	0
_JetRes_up	11.8649	6.78544	0
_JetRes_down	11.7222	6.78544	0
_Unclustered_up	12.673	6.78544	0
_Unclustered_down	11.8513	6.78544	0
_BTagSFEff_up	11.036	6.78544	0
_BTagSFEff_down	12.4656	6.78544	0
_BTagSFMiss_up	12.0027	6.78544	0
_BTagSFMiss_down	12.0749	6.78544	0
_JetMass_up	12.0829	6.78544	0
_JetMass_down	12.0077	6.78544	0
_JetMassRes_up	12.0681	6.78544	0
_JetMassRes_down	12.0316	6.78544	0
_Tau21_up	12.0988	6.78544	0
_Tau21_down	12.0109	6.78544	0

################ Sources ################
Source	SystTotal	SystPrompt	SystFake	Signal
Stat 14.59 20.67  17.15  -nan  5.81
Lumi 1.60  2.50 -  -  2.50
PDF  -  -  -  -  2.52
MuonPt  1.50 2.34  -  -  0.60
MuonID  0.70 1.09  -  -  1.72
ElectronE  2.87 4.49  -  -  0.45
ElectronID  2.27 3.55  -  -  1.32
Trigger  1.00 1.57  -  -  4.77
PU  4.67 7.31  -  -  2.92
JES  10.29 16.10  -  -  6.42
JER  1.29 2.02  -  -  2.93
Uncl  2.52 3.94  -  -  7.83
BEff  4.07 6.37  -  -  1.02
BMiss  0.20 0.32  -  -  0.92
JMS  0.22 0.35  -  -  0.88
JMR  0.16 0.25  -  -  0.42
Tau21  0.28 0.44  -  -  0.43
MCNorm 6.88  10.76 -  -  -
Fake 10.82  -  30.00 - -
CF 0.00  -  -  -nan -
Total Systematic 18.35 23.17  30.00  -nan  12.77

Total Background	18.812
- Prompt	12.026
- Fake	6.785
- CF	0.000

####### Result #######
Signal Eff	0.003208
18.811735 1.234409
16.281698 1.140321
