
Processing CyclesForMixingLimit_MuEl_Bin1/HNMuEl_600_VBFOnly.C...
[AnalysisInputs::SetMCSF] Get MC SF from /data8/Users/jskim/HN_dilepton_plotter/data/v8-0-7.37/MCSF.txt
[AnalysisInputs::SetMCSF] sample : VVV
[AnalysisInputs::SetMCSF] => MCSF = 1, MCSF_err = 0.5
[AnalysisInputs::SetMCSF] sample : WWW
[AnalysisInputs::SetMCSF] => MCSF = 1, MCSF_err = 0.5
[AnalysisInputs::SetMCSF] sample : WWZ
[AnalysisInputs::SetMCSF] => MCSF = 1, MCSF_err = 0.5
[AnalysisInputs::SetMCSF] sample : WZZ
[AnalysisInputs::SetMCSF] => MCSF = 1, MCSF_err = 0.5
[AnalysisInputs::SetMCSF] sample : ZZZ
[AnalysisInputs::SetMCSF] => MCSF = 1, MCSF_err = 0.5
[AnalysisInputs::SetMCSF] sample : ttV
[AnalysisInputs::SetMCSF] => MCSF = 1, MCSF_err = 0.5
[AnalysisInputs::SetMCSF] sample : ttW
[AnalysisInputs::SetMCSF] => MCSF = 1, MCSF_err = 0.5
[AnalysisInputs::SetMCSF] sample : ttZ
[AnalysisInputs::SetMCSF] => MCSF = 1, MCSF_err = 0.5
[AnalysisInputs::SetMCSF] sample : ttH_nonbb
[AnalysisInputs::SetMCSF] => MCSF = 1, MCSF_err = 0.5
[AnalysisInputs::SetMCSF] sample : top
[AnalysisInputs::SetMCSF] => MCSF = 1, MCSF_err = 0.5
[AnalysisInputs::SetMCSF] sample : WWTo2L2Nu_DS
[AnalysisInputs::SetMCSF] => MCSF = 1, MCSF_err = 0.5
[AnalysisInputs::SetMCSF] sample : WpWpEWK
[AnalysisInputs::SetMCSF] => MCSF = 1, MCSF_err = 0.5
[AnalysisInputs::SetMCSF] sample : WpWpQCD
[AnalysisInputs::SetMCSF] => MCSF = 1, MCSF_err = 0.5
[AnalysisInputs::SetMCSF] sample : WZTo3LNu_mllmin01
[AnalysisInputs::SetMCSF] => MCSF = 0.65, MCSF_err = 0.06
[AnalysisInputs::SetMCSF] sample : WZTo3LNu_powheg
[AnalysisInputs::SetMCSF] => MCSF = 1.05246, MCSF_err = 0.0646733
[AnalysisInputs::SetMCSF] sample : ZGto2LG
[AnalysisInputs::SetMCSF] => MCSF = 1.09801, MCSF_err = 0.0750731
[AnalysisInputs::SetMCSF] sample : ZZTo4L_powheg
[AnalysisInputs::SetMCSF] => MCSF = 0.978683, MCSF_err = 0.0790547
[AnalysisInputs::SetMCSF] sample : ggZZto2e2mu
[AnalysisInputs::SetMCSF] => MCSF = 0.978683, MCSF_err = 0.0790547
[AnalysisInputs::SetMCSF] sample : ggZZto2e2nu
[AnalysisInputs::SetMCSF] => MCSF = 0.978683, MCSF_err = 0.0790547
[AnalysisInputs::SetMCSF] sample : ggZZto2e2tau
[AnalysisInputs::SetMCSF] => MCSF = 0.978683, MCSF_err = 0.0790547
[AnalysisInputs::SetMCSF] sample : ggZZto2mu2nu
[AnalysisInputs::SetMCSF] => MCSF = 0.978683, MCSF_err = 0.0790547
[AnalysisInputs::SetMCSF] sample : ggZZto2mu2tau
[AnalysisInputs::SetMCSF] => MCSF = 0.978683, MCSF_err = 0.0790547
[AnalysisInputs::SetMCSF] sample : ggZZto4e
[AnalysisInputs::SetMCSF] => MCSF = 0.978683, MCSF_err = 0.0790547
[AnalysisInputs::SetMCSF] sample : ggZZto4mu
[AnalysisInputs::SetMCSF] => MCSF = 0.978683, MCSF_err = 0.0790547
[AnalysisInputs::SetMCSF] sample : ggZZto4tau
[AnalysisInputs::SetMCSF] => MCSF = 0.978683, MCSF_err = 0.0790547
[AnalysisInputs::SetMCSF] sample : ggHtoZZ
[AnalysisInputs::SetMCSF] => MCSF = 0.978683, MCSF_err = 0.0790547
[AnalysisInputs::SetCalculatedSysts] Get Systematics from /data8/Users/jskim/HN_dilepton_plotter/data/v8-0-7.37/Syst.txt
[AnalysisInputs::SetCalculatedSysts] source : Luminosity
[AnalysisInputs::SetCalculatedSysts] => % sysematic = 0.025
[AnalysisInputs::SetCalculatedSysts] source : FakeLooseID
[AnalysisInputs::SetCalculatedSysts] => % sysematic = 0.3
[AnalysisInputs::SetCalculatedSysts] source : ChrageFlipSyst
[AnalysisInputs::SetCalculatedSysts] => % sysematic = 0.23
[CutRangeInfo::ReadCutCard] Get Cutcard from /data8/Users/jskim/HN_dilepton_plotter/data/v8-0-7.37/CutOpCard/RunDirectory/Cards_MuEl_Bin1/HNMuEl_600.txt
Central	1.06374	0	0
_MuonEn_up	1.25201	0	0
_MuonEn_down	1.04922	0	0
_MuonIDSF_up	1.07841	0	0
_MuonIDSF_down	1.05179	0	0
_ElectronEn_up	1.07094	0	0
_ElectronEn_down	1.06523	0	0
_ElectronIDSF_up	1.10287	0	0
_ElectronIDSF_down	1.03409	0	0
_TriggerSF_up	1.0673	0	0
_TriggerSF_down	1.07066	0	0
_PU_up	1.00112	0	0
_PU_down	1.13068	0	0
_JetEn_up	1.40599	0	0
_JetEn_down	1.69973	0	0
_JetRes_up	1.07629	0	0
_JetRes_down	1.04213	0	0
_Unclustered_up	1.137	0	0
_Unclustered_down	1.14227	0	0
_BTagSFEff_up	1.06727	0	0
_BTagSFEff_down	1.07459	0	0
_BTagSFMiss_up	1.07258	0	0
_BTagSFMiss_down	1.0735	0	0
_JetMass_up	1.06252	0	0
_JetMass_down	1.07258	0	0
_JetMassRes_up	1.06834	0	0
_JetMassRes_down	1.07052	0	0
_Tau21_up	1.05809	0	0
_Tau21_down	1.06668	0	0

################ Sources ################
Source	SystTotal	SystPrompt	SystFake	Signal
Stat 51.14 51.14  -nan  -nan  3.84
Lumi 2.50  2.50 -  -  2.50
PDF  -  -  -  -  2.52
MuonPt  12.55 12.55  -  -  7.10
MuonID  1.26 1.26  -  -  1.94
ElectronE  0.49 0.49  -  -  0.85
ElectronID  3.26 3.26  -  -  2.37
Trigger  0.52 0.52  -  -  0.91
PU  6.09 6.09  -  -  0.68
JES  48.01 48.01  -  -  0.98
JER  1.66 1.66  -  -  0.72
Uncl  7.14 7.14  -  -  1.37
BEff  0.76 0.76  -  -  0.55
BMiss  0.88 0.88  -  -  0.94
JMS  0.59 0.59  -  -  0.50
JMR  0.54 0.54  -  -  0.46
Tau21  0.42 0.42  -  -  0.24
MCNorm 20.13  20.13 -  -  -
Fake 0.00  -  -nan - -
CF 0.00  -  -  -nan -
Total Systematic 54.59 54.59  -nan  -nan  8.91

Total Background	1.064
- Prompt	1.064
- Fake	0.000
- CF	0.000

####### Result #######
Signal Eff	0.016727
1.063739 1.747965
0.031141 1.097042
