
Processing CyclesForMixingLimit_MuEl_Bin1/HNMuEl_400.C...
[AnalysisInputs::SetMCSF] Get MC SF from /data8/Users/jskim/HN_dilepton_plotter/data/v8-0-7.37/MCSF.txt
[AnalysisInputs::SetMCSF] sample : VVV
[AnalysisInputs::SetMCSF] => MCSF = 1, MCSF_err = 0.5
[AnalysisInputs::SetMCSF] sample : WWW
[AnalysisInputs::SetMCSF] => MCSF = 1, MCSF_err = 0.5
[AnalysisInputs::SetMCSF] sample : WWZ
[AnalysisInputs::SetMCSF] => MCSF = 1, MCSF_err = 0.5
[AnalysisInputs::SetMCSF] sample : WZZ
[AnalysisInputs::SetMCSF] => MCSF = 1, MCSF_err = 0.5
[AnalysisInputs::SetMCSF] sample : ZZZ
[AnalysisInputs::SetMCSF] => MCSF = 1, MCSF_err = 0.5
[AnalysisInputs::SetMCSF] sample : ttV
[AnalysisInputs::SetMCSF] => MCSF = 1, MCSF_err = 0.5
[AnalysisInputs::SetMCSF] sample : ttW
[AnalysisInputs::SetMCSF] => MCSF = 1, MCSF_err = 0.5
[AnalysisInputs::SetMCSF] sample : ttZ
[AnalysisInputs::SetMCSF] => MCSF = 1, MCSF_err = 0.5
[AnalysisInputs::SetMCSF] sample : ttH_nonbb
[AnalysisInputs::SetMCSF] => MCSF = 1, MCSF_err = 0.5
[AnalysisInputs::SetMCSF] sample : top
[AnalysisInputs::SetMCSF] => MCSF = 1, MCSF_err = 0.5
[AnalysisInputs::SetMCSF] sample : WWTo2L2Nu_DS
[AnalysisInputs::SetMCSF] => MCSF = 1, MCSF_err = 0.5
[AnalysisInputs::SetMCSF] sample : WpWpEWK
[AnalysisInputs::SetMCSF] => MCSF = 1, MCSF_err = 0.5
[AnalysisInputs::SetMCSF] sample : WpWpQCD
[AnalysisInputs::SetMCSF] => MCSF = 1, MCSF_err = 0.5
[AnalysisInputs::SetMCSF] sample : WZTo3LNu_mllmin01
[AnalysisInputs::SetMCSF] => MCSF = 0.65, MCSF_err = 0.06
[AnalysisInputs::SetMCSF] sample : WZTo3LNu_powheg
[AnalysisInputs::SetMCSF] => MCSF = 1.05246, MCSF_err = 0.0646733
[AnalysisInputs::SetMCSF] sample : ZGto2LG
[AnalysisInputs::SetMCSF] => MCSF = 1.09801, MCSF_err = 0.0750731
[AnalysisInputs::SetMCSF] sample : ZZTo4L_powheg
[AnalysisInputs::SetMCSF] => MCSF = 0.978683, MCSF_err = 0.0790547
[AnalysisInputs::SetMCSF] sample : ggZZto2e2mu
[AnalysisInputs::SetMCSF] => MCSF = 0.978683, MCSF_err = 0.0790547
[AnalysisInputs::SetMCSF] sample : ggZZto2e2nu
[AnalysisInputs::SetMCSF] => MCSF = 0.978683, MCSF_err = 0.0790547
[AnalysisInputs::SetMCSF] sample : ggZZto2e2tau
[AnalysisInputs::SetMCSF] => MCSF = 0.978683, MCSF_err = 0.0790547
[AnalysisInputs::SetMCSF] sample : ggZZto2mu2nu
[AnalysisInputs::SetMCSF] => MCSF = 0.978683, MCSF_err = 0.0790547
[AnalysisInputs::SetMCSF] sample : ggZZto2mu2tau
[AnalysisInputs::SetMCSF] => MCSF = 0.978683, MCSF_err = 0.0790547
[AnalysisInputs::SetMCSF] sample : ggZZto4e
[AnalysisInputs::SetMCSF] => MCSF = 0.978683, MCSF_err = 0.0790547
[AnalysisInputs::SetMCSF] sample : ggZZto4mu
[AnalysisInputs::SetMCSF] => MCSF = 0.978683, MCSF_err = 0.0790547
[AnalysisInputs::SetMCSF] sample : ggZZto4tau
[AnalysisInputs::SetMCSF] => MCSF = 0.978683, MCSF_err = 0.0790547
[AnalysisInputs::SetMCSF] sample : ggHtoZZ
[AnalysisInputs::SetMCSF] => MCSF = 0.978683, MCSF_err = 0.0790547
[AnalysisInputs::SetCalculatedSysts] Get Systematics from /data8/Users/jskim/HN_dilepton_plotter/data/v8-0-7.37/Syst.txt
[AnalysisInputs::SetCalculatedSysts] source : Luminosity
[AnalysisInputs::SetCalculatedSysts] => % sysematic = 0.025
[AnalysisInputs::SetCalculatedSysts] source : FakeLooseID
[AnalysisInputs::SetCalculatedSysts] => % sysematic = 0.3
[AnalysisInputs::SetCalculatedSysts] source : ChrageFlipSyst
[AnalysisInputs::SetCalculatedSysts] => % sysematic = 0.23
[CutRangeInfo::ReadCutCard] Get Cutcard from /data8/Users/jskim/HN_dilepton_plotter/data/v8-0-7.37/CutOpCard/RunDirectory/Cards_MuEl_Bin1/HNMuEl_400.txt
Central	1.84249	0.0905318	0
_MuonEn_up	2.12688	0.0905318	0
_MuonEn_down	1.76085	0.0905318	0
_MuonIDSF_up	1.87895	0.0905318	0
_MuonIDSF_down	1.81804	0.0905318	0
_ElectronEn_up	1.91903	0.0905318	0
_ElectronEn_down	1.80826	0.0905318	0
_ElectronIDSF_up	1.79206	0.0905318	0
_ElectronIDSF_down	1.81225	0.0905318	0
_TriggerSF_up	1.85577	0.0905318	0
_TriggerSF_down	1.84605	0.0905318	0
_PU_up	1.82598	0.0905318	0
_PU_down	1.85261	0.0905318	0
_JetEn_up	1.09768	0.0905318	0
_JetEn_down	1.48861	0.0905318	0
_JetRes_up	1.84787	0.0905318	0
_JetRes_down	1.93975	0.0905318	0
_Unclustered_up	1.75795	0.0905318	0
_Unclustered_down	1.83731	0.0905318	0
_BTagSFEff_up	1.84631	0.0905318	0
_BTagSFEff_down	1.88413	0.0905318	0
_BTagSFMiss_up	1.81898	0.0905318	0
_BTagSFMiss_down	1.85255	0.0905318	0
_JetMass_up	1.84298	0.0905318	0
_JetMass_down	1.84504	0.0905318	0
_JetMassRes_up	1.84596	0.0905318	0
_JetMassRes_down	1.84298	0.0905318	0
_Tau21_up	1.84317	0.0905318	0
_Tau21_down	1.88003	0.0905318	0

################ Sources ################
Source	SystTotal	SystPrompt	SystFake	Signal
Stat 40.27 41.64  144.69  -nan  1.27
Lumi 2.38  2.50 -  -  2.50
PDF  -  -  -  -  2.52
MuonPt  10.82 11.36  -  -  2.91
MuonID  1.61 1.68  -  -  1.89
ElectronE  3.07 3.22  -  -  0.66
ElectronID  2.15 2.26  -  -  1.96
Trigger  0.50 0.53  -  -  0.29
PU  0.71 0.74  -  -  1.49
JES  30.16 31.65  -  -  0.64
JER  3.56 3.74  -  -  1.30
Uncl  3.10 3.25  -  -  1.02
BEff  1.53 1.60  -  -  0.33
BMiss  0.94 0.98  -  -  0.36
JMS  0.09 0.10  -  -  0.13
JMR  0.13 0.13  -  -  0.24
Tau21  1.37 1.44  -  -  0.17
MCNorm 10.96  11.50 -  -  -
Fake 1.41  -  30.00 - -
CF 0.00  -  -  -nan -
Total Systematic 34.63 36.31  30.00  -nan  5.89

Total Background	1.933
- Prompt	1.842
- Fake	0.091
- CF	0.000

####### Result #######
Signal Eff	0.068917
1.933023 1.531128
0.569724 1.060242
