
Processing CyclesForMixingLimit_MuEl_Bin1/HNMuEl_70.C...
[AnalysisInputs::SetMCSF] Get MC SF from /data8/Users/jskim/HN_dilepton_plotter/data/v8-0-7.37/MCSF.txt
[AnalysisInputs::SetMCSF] sample : VVV
[AnalysisInputs::SetMCSF] => MCSF = 1, MCSF_err = 0.5
[AnalysisInputs::SetMCSF] sample : WWW
[AnalysisInputs::SetMCSF] => MCSF = 1, MCSF_err = 0.5
[AnalysisInputs::SetMCSF] sample : WWZ
[AnalysisInputs::SetMCSF] => MCSF = 1, MCSF_err = 0.5
[AnalysisInputs::SetMCSF] sample : WZZ
[AnalysisInputs::SetMCSF] => MCSF = 1, MCSF_err = 0.5
[AnalysisInputs::SetMCSF] sample : ZZZ
[AnalysisInputs::SetMCSF] => MCSF = 1, MCSF_err = 0.5
[AnalysisInputs::SetMCSF] sample : ttV
[AnalysisInputs::SetMCSF] => MCSF = 1, MCSF_err = 0.5
[AnalysisInputs::SetMCSF] sample : ttW
[AnalysisInputs::SetMCSF] => MCSF = 1, MCSF_err = 0.5
[AnalysisInputs::SetMCSF] sample : ttZ
[AnalysisInputs::SetMCSF] => MCSF = 1, MCSF_err = 0.5
[AnalysisInputs::SetMCSF] sample : ttH_nonbb
[AnalysisInputs::SetMCSF] => MCSF = 1, MCSF_err = 0.5
[AnalysisInputs::SetMCSF] sample : top
[AnalysisInputs::SetMCSF] => MCSF = 1, MCSF_err = 0.5
[AnalysisInputs::SetMCSF] sample : WWTo2L2Nu_DS
[AnalysisInputs::SetMCSF] => MCSF = 1, MCSF_err = 0.5
[AnalysisInputs::SetMCSF] sample : WpWpEWK
[AnalysisInputs::SetMCSF] => MCSF = 1, MCSF_err = 0.5
[AnalysisInputs::SetMCSF] sample : WpWpQCD
[AnalysisInputs::SetMCSF] => MCSF = 1, MCSF_err = 0.5
[AnalysisInputs::SetMCSF] sample : WZTo3LNu_mllmin01
[AnalysisInputs::SetMCSF] => MCSF = 0.65, MCSF_err = 0.06
[AnalysisInputs::SetMCSF] sample : WZTo3LNu_powheg
[AnalysisInputs::SetMCSF] => MCSF = 1.05246, MCSF_err = 0.0646733
[AnalysisInputs::SetMCSF] sample : ZGto2LG
[AnalysisInputs::SetMCSF] => MCSF = 1.09801, MCSF_err = 0.0750731
[AnalysisInputs::SetMCSF] sample : ZZTo4L_powheg
[AnalysisInputs::SetMCSF] => MCSF = 0.978683, MCSF_err = 0.0790547
[AnalysisInputs::SetMCSF] sample : ggZZto2e2mu
[AnalysisInputs::SetMCSF] => MCSF = 0.978683, MCSF_err = 0.0790547
[AnalysisInputs::SetMCSF] sample : ggZZto2e2nu
[AnalysisInputs::SetMCSF] => MCSF = 0.978683, MCSF_err = 0.0790547
[AnalysisInputs::SetMCSF] sample : ggZZto2e2tau
[AnalysisInputs::SetMCSF] => MCSF = 0.978683, MCSF_err = 0.0790547
[AnalysisInputs::SetMCSF] sample : ggZZto2mu2nu
[AnalysisInputs::SetMCSF] => MCSF = 0.978683, MCSF_err = 0.0790547
[AnalysisInputs::SetMCSF] sample : ggZZto2mu2tau
[AnalysisInputs::SetMCSF] => MCSF = 0.978683, MCSF_err = 0.0790547
[AnalysisInputs::SetMCSF] sample : ggZZto4e
[AnalysisInputs::SetMCSF] => MCSF = 0.978683, MCSF_err = 0.0790547
[AnalysisInputs::SetMCSF] sample : ggZZto4mu
[AnalysisInputs::SetMCSF] => MCSF = 0.978683, MCSF_err = 0.0790547
[AnalysisInputs::SetMCSF] sample : ggZZto4tau
[AnalysisInputs::SetMCSF] => MCSF = 0.978683, MCSF_err = 0.0790547
[AnalysisInputs::SetMCSF] sample : ggHtoZZ
[AnalysisInputs::SetMCSF] => MCSF = 0.978683, MCSF_err = 0.0790547
[AnalysisInputs::SetCalculatedSysts] Get Systematics from /data8/Users/jskim/HN_dilepton_plotter/data/v8-0-7.37/Syst.txt
[AnalysisInputs::SetCalculatedSysts] source : Luminosity
[AnalysisInputs::SetCalculatedSysts] => % sysematic = 0.025
[AnalysisInputs::SetCalculatedSysts] source : FakeLooseID
[AnalysisInputs::SetCalculatedSysts] => % sysematic = 0.3
[AnalysisInputs::SetCalculatedSysts] source : ChrageFlipSyst
[AnalysisInputs::SetCalculatedSysts] => % sysematic = 0.23
[CutRangeInfo::ReadCutCard] Get Cutcard from /data8/Users/jskim/HN_dilepton_plotter/data/v8-0-7.37/CutOpCard/RunDirectory/Cards_MuEl_Bin1/HNMuEl_70.txt
Central	33.2665	18.2181	0
_MuonEn_up	32.6597	18.2181	0
_MuonEn_down	32.7563	18.2181	0
_MuonIDSF_up	32.9837	18.2181	0
_MuonIDSF_down	32.6455	18.2181	0
_ElectronEn_up	32.7295	18.2181	0
_ElectronEn_down	32.8771	18.2181	0
_ElectronIDSF_up	33.414	18.2181	0
_ElectronIDSF_down	32.8916	18.2181	0
_TriggerSF_up	35.0691	18.2181	0
_TriggerSF_down	33.1158	18.2181	0
_PU_up	31.688	18.2181	0
_PU_down	33.8189	18.2181	0
_JetEn_up	37.2438	18.2181	0
_JetEn_down	32.8306	18.2181	0
_JetRes_up	32.6884	18.2181	0
_JetRes_down	35.7612	18.2181	0
_Unclustered_up	31.0922	18.2181	0
_Unclustered_down	32.7562	18.2181	0
_BTagSFEff_up	32.8403	18.2181	0
_BTagSFEff_down	33.2497	18.2181	0
_BTagSFMiss_up	32.9301	18.2181	0
_BTagSFMiss_down	33.2365	18.2181	0
_JetMass_up	32.3678	18.2181	0
_JetMass_down	33.2814	18.2181	0
_JetMassRes_up	33.3203	18.2181	0
_JetMassRes_down	32.876	18.2181	0
_Tau21_up	33.6996	18.2181	0
_Tau21_down	33.2179	18.2181	0

################ Sources ################
Source	SystTotal	SystPrompt	SystFake	Signal
Stat 8.91 12.53  10.53  -nan  7.91
Lumi 1.62  2.50 -  -  2.50
PDF  -  -  -  -  9.88
MuonPt  1.09 1.69  -  -  0.77
MuonID  0.94 1.45  -  -  1.46
ElectronE  0.91 1.41  -  -  2.27
ElectronID  0.55 0.86  -  -  1.49
Trigger  2.48 3.84  -  -  2.30
PU  2.30 3.55  -  -  1.00
JES  5.50 8.50  -  -  8.15
JER  3.52 5.44  -  -  0.76
Uncl  3.07 4.75  -  -  5.24
BEff  0.59 0.91  -  -  1.49
BMiss  0.46 0.72  -  -  1.52
JMS  1.23 1.91  -  -  0.78
JMR  0.54 0.84  -  -  0.41
Tau21  0.60 0.93  -  -  0.31
MCNorm 4.51  6.98 -  -  -
Fake 10.62  -  30.00 - -
CF 0.00  -  -  -nan -
Total Systematic 14.32 14.87  30.00  -nan  14.83

Total Background	51.485
- Prompt	33.267
- Fake	18.218
- CF	0.000

####### Result #######
Signal Eff	0.000924
51.484626 1.168666
116.529384 1.168089
