
Processing CyclesForMixingLimit_MuEl_Bin1/HNMuEl_700.C...
[AnalysisInputs::SetMCSF] Get MC SF from /data8/Users/jskim/HN_dilepton_plotter/data/v8-0-7.37/MCSF.txt
[AnalysisInputs::SetMCSF] sample : VVV
[AnalysisInputs::SetMCSF] => MCSF = 1, MCSF_err = 0.5
[AnalysisInputs::SetMCSF] sample : WWW
[AnalysisInputs::SetMCSF] => MCSF = 1, MCSF_err = 0.5
[AnalysisInputs::SetMCSF] sample : WWZ
[AnalysisInputs::SetMCSF] => MCSF = 1, MCSF_err = 0.5
[AnalysisInputs::SetMCSF] sample : WZZ
[AnalysisInputs::SetMCSF] => MCSF = 1, MCSF_err = 0.5
[AnalysisInputs::SetMCSF] sample : ZZZ
[AnalysisInputs::SetMCSF] => MCSF = 1, MCSF_err = 0.5
[AnalysisInputs::SetMCSF] sample : ttV
[AnalysisInputs::SetMCSF] => MCSF = 1, MCSF_err = 0.5
[AnalysisInputs::SetMCSF] sample : ttW
[AnalysisInputs::SetMCSF] => MCSF = 1, MCSF_err = 0.5
[AnalysisInputs::SetMCSF] sample : ttZ
[AnalysisInputs::SetMCSF] => MCSF = 1, MCSF_err = 0.5
[AnalysisInputs::SetMCSF] sample : ttH_nonbb
[AnalysisInputs::SetMCSF] => MCSF = 1, MCSF_err = 0.5
[AnalysisInputs::SetMCSF] sample : top
[AnalysisInputs::SetMCSF] => MCSF = 1, MCSF_err = 0.5
[AnalysisInputs::SetMCSF] sample : WWTo2L2Nu_DS
[AnalysisInputs::SetMCSF] => MCSF = 1, MCSF_err = 0.5
[AnalysisInputs::SetMCSF] sample : WpWpEWK
[AnalysisInputs::SetMCSF] => MCSF = 1, MCSF_err = 0.5
[AnalysisInputs::SetMCSF] sample : WpWpQCD
[AnalysisInputs::SetMCSF] => MCSF = 1, MCSF_err = 0.5
[AnalysisInputs::SetMCSF] sample : WZTo3LNu_mllmin01
[AnalysisInputs::SetMCSF] => MCSF = 0.65, MCSF_err = 0.06
[AnalysisInputs::SetMCSF] sample : WZTo3LNu_powheg
[AnalysisInputs::SetMCSF] => MCSF = 1.05246, MCSF_err = 0.0646733
[AnalysisInputs::SetMCSF] sample : ZGto2LG
[AnalysisInputs::SetMCSF] => MCSF = 1.09801, MCSF_err = 0.0750731
[AnalysisInputs::SetMCSF] sample : ZZTo4L_powheg
[AnalysisInputs::SetMCSF] => MCSF = 0.978683, MCSF_err = 0.0790547
[AnalysisInputs::SetMCSF] sample : ggZZto2e2mu
[AnalysisInputs::SetMCSF] => MCSF = 0.978683, MCSF_err = 0.0790547
[AnalysisInputs::SetMCSF] sample : ggZZto2e2nu
[AnalysisInputs::SetMCSF] => MCSF = 0.978683, MCSF_err = 0.0790547
[AnalysisInputs::SetMCSF] sample : ggZZto2e2tau
[AnalysisInputs::SetMCSF] => MCSF = 0.978683, MCSF_err = 0.0790547
[AnalysisInputs::SetMCSF] sample : ggZZto2mu2nu
[AnalysisInputs::SetMCSF] => MCSF = 0.978683, MCSF_err = 0.0790547
[AnalysisInputs::SetMCSF] sample : ggZZto2mu2tau
[AnalysisInputs::SetMCSF] => MCSF = 0.978683, MCSF_err = 0.0790547
[AnalysisInputs::SetMCSF] sample : ggZZto4e
[AnalysisInputs::SetMCSF] => MCSF = 0.978683, MCSF_err = 0.0790547
[AnalysisInputs::SetMCSF] sample : ggZZto4mu
[AnalysisInputs::SetMCSF] => MCSF = 0.978683, MCSF_err = 0.0790547
[AnalysisInputs::SetMCSF] sample : ggZZto4tau
[AnalysisInputs::SetMCSF] => MCSF = 0.978683, MCSF_err = 0.0790547
[AnalysisInputs::SetMCSF] sample : ggHtoZZ
[AnalysisInputs::SetMCSF] => MCSF = 0.978683, MCSF_err = 0.0790547
[AnalysisInputs::SetCalculatedSysts] Get Systematics from /data8/Users/jskim/HN_dilepton_plotter/data/v8-0-7.37/Syst.txt
[AnalysisInputs::SetCalculatedSysts] source : Luminosity
[AnalysisInputs::SetCalculatedSysts] => % sysematic = 0.025
[AnalysisInputs::SetCalculatedSysts] source : FakeLooseID
[AnalysisInputs::SetCalculatedSysts] => % sysematic = 0.3
[AnalysisInputs::SetCalculatedSysts] source : ChrageFlipSyst
[AnalysisInputs::SetCalculatedSysts] => % sysematic = 0.23
[CutRangeInfo::ReadCutCard] Get Cutcard from /data8/Users/jskim/HN_dilepton_plotter/data/v8-0-7.37/CutOpCard/RunDirectory/Cards_MuEl_Bin1/HNMuEl_700.txt
Central	1.4918	0	0
_MuonEn_up	1.52337	0	0
_MuonEn_down	1.4604	0	0
_MuonIDSF_up	1.51437	0	0
_MuonIDSF_down	1.47195	0	0
_ElectronEn_up	1.49756	0	0
_ElectronEn_down	0.961428	0	0
_ElectronIDSF_up	1.55158	0	0
_ElectronIDSF_down	1.44381	0	0
_TriggerSF_up	1.49612	0	0
_TriggerSF_down	1.49872	0	0
_PU_up	1.40967	0	0
_PU_down	1.57316	0	0
_JetEn_up	1.7857	0	0
_JetEn_down	2.04334	0	0
_JetRes_up	1.5126	0	0
_JetRes_down	1.46406	0	0
_Unclustered_up	1.48957	0	0
_Unclustered_down	1.49105	0	0
_BTagSFEff_up	1.49533	0	0
_BTagSFEff_down	1.49914	0	0
_BTagSFMiss_up	1.50377	0	0
_BTagSFMiss_down	1.49894	0	0
_JetMass_up	1.48533	0	0
_JetMass_down	1.50064	0	0
_JetMassRes_up	1.49167	0	0
_JetMassRes_down	1.49858	0	0
_Tau21_up	1.48615	0	0
_Tau21_down	1.49858	0	0

################ Sources ################
Source	SystTotal	SystPrompt	SystFake	Signal
Stat 48.08 48.08  -nan  -nan  1.51
Lumi 2.50  2.50 -  -  2.50
PDF  -  -  -  -  2.52
MuonPt  2.11 2.11  -  -  2.11
MuonID  1.42 1.42  -  -  1.70
ElectronE  25.14 25.14  -  -  0.27
ElectronID  3.63 3.63  -  -  2.10
Trigger  0.39 0.39  -  -  0.08
PU  5.48 5.48  -  -  1.12
JES  29.62 29.62  -  -  1.05
JER  1.64 1.64  -  -  0.96
Uncl  0.11 0.11  -  -  0.57
BEff  0.39 0.39  -  -  0.46
BMiss  0.66 0.66  -  -  0.56
JMS  0.52 0.52  -  -  0.31
JMR  0.32 0.32  -  -  0.36
Tau21  0.42 0.42  -  -  0.27
MCNorm 12.64  12.64 -  -  -
Fake 0.00  -  -nan - -
CF 0.00  -  -  -nan -
Total Systematic 41.58 41.58  -nan  -nan  5.37

Total Background	1.492
- Prompt	1.492
- Fake	0.000
- CF	0.000

####### Result #######
Signal Eff	0.051229
1.491802 1.635689
0.043017 1.055817
