
Processing CyclesForMixingLimit_MuEl_Bin1/HNMuEl_80.C...
[AnalysisInputs::SetMCSF] Get MC SF from /data8/Users/jskim/HN_dilepton_plotter/data/v8-0-7.37/MCSF.txt
[AnalysisInputs::SetMCSF] sample : VVV
[AnalysisInputs::SetMCSF] => MCSF = 1, MCSF_err = 0.5
[AnalysisInputs::SetMCSF] sample : WWW
[AnalysisInputs::SetMCSF] => MCSF = 1, MCSF_err = 0.5
[AnalysisInputs::SetMCSF] sample : WWZ
[AnalysisInputs::SetMCSF] => MCSF = 1, MCSF_err = 0.5
[AnalysisInputs::SetMCSF] sample : WZZ
[AnalysisInputs::SetMCSF] => MCSF = 1, MCSF_err = 0.5
[AnalysisInputs::SetMCSF] sample : ZZZ
[AnalysisInputs::SetMCSF] => MCSF = 1, MCSF_err = 0.5
[AnalysisInputs::SetMCSF] sample : ttV
[AnalysisInputs::SetMCSF] => MCSF = 1, MCSF_err = 0.5
[AnalysisInputs::SetMCSF] sample : ttW
[AnalysisInputs::SetMCSF] => MCSF = 1, MCSF_err = 0.5
[AnalysisInputs::SetMCSF] sample : ttZ
[AnalysisInputs::SetMCSF] => MCSF = 1, MCSF_err = 0.5
[AnalysisInputs::SetMCSF] sample : ttH_nonbb
[AnalysisInputs::SetMCSF] => MCSF = 1, MCSF_err = 0.5
[AnalysisInputs::SetMCSF] sample : top
[AnalysisInputs::SetMCSF] => MCSF = 1, MCSF_err = 0.5
[AnalysisInputs::SetMCSF] sample : WWTo2L2Nu_DS
[AnalysisInputs::SetMCSF] => MCSF = 1, MCSF_err = 0.5
[AnalysisInputs::SetMCSF] sample : WpWpEWK
[AnalysisInputs::SetMCSF] => MCSF = 1, MCSF_err = 0.5
[AnalysisInputs::SetMCSF] sample : WpWpQCD
[AnalysisInputs::SetMCSF] => MCSF = 1, MCSF_err = 0.5
[AnalysisInputs::SetMCSF] sample : WZTo3LNu_mllmin01
[AnalysisInputs::SetMCSF] => MCSF = 0.65, MCSF_err = 0.06
[AnalysisInputs::SetMCSF] sample : WZTo3LNu_powheg
[AnalysisInputs::SetMCSF] => MCSF = 1.05246, MCSF_err = 0.0646733
[AnalysisInputs::SetMCSF] sample : ZGto2LG
[AnalysisInputs::SetMCSF] => MCSF = 1.09801, MCSF_err = 0.0750731
[AnalysisInputs::SetMCSF] sample : ZZTo4L_powheg
[AnalysisInputs::SetMCSF] => MCSF = 0.978683, MCSF_err = 0.0790547
[AnalysisInputs::SetMCSF] sample : ggZZto2e2mu
[AnalysisInputs::SetMCSF] => MCSF = 0.978683, MCSF_err = 0.0790547
[AnalysisInputs::SetMCSF] sample : ggZZto2e2nu
[AnalysisInputs::SetMCSF] => MCSF = 0.978683, MCSF_err = 0.0790547
[AnalysisInputs::SetMCSF] sample : ggZZto2e2tau
[AnalysisInputs::SetMCSF] => MCSF = 0.978683, MCSF_err = 0.0790547
[AnalysisInputs::SetMCSF] sample : ggZZto2mu2nu
[AnalysisInputs::SetMCSF] => MCSF = 0.978683, MCSF_err = 0.0790547
[AnalysisInputs::SetMCSF] sample : ggZZto2mu2tau
[AnalysisInputs::SetMCSF] => MCSF = 0.978683, MCSF_err = 0.0790547
[AnalysisInputs::SetMCSF] sample : ggZZto4e
[AnalysisInputs::SetMCSF] => MCSF = 0.978683, MCSF_err = 0.0790547
[AnalysisInputs::SetMCSF] sample : ggZZto4mu
[AnalysisInputs::SetMCSF] => MCSF = 0.978683, MCSF_err = 0.0790547
[AnalysisInputs::SetMCSF] sample : ggZZto4tau
[AnalysisInputs::SetMCSF] => MCSF = 0.978683, MCSF_err = 0.0790547
[AnalysisInputs::SetMCSF] sample : ggHtoZZ
[AnalysisInputs::SetMCSF] => MCSF = 0.978683, MCSF_err = 0.0790547
[AnalysisInputs::SetCalculatedSysts] Get Systematics from /data8/Users/jskim/HN_dilepton_plotter/data/v8-0-7.37/Syst.txt
[AnalysisInputs::SetCalculatedSysts] source : Luminosity
[AnalysisInputs::SetCalculatedSysts] => % sysematic = 0.025
[AnalysisInputs::SetCalculatedSysts] source : FakeLooseID
[AnalysisInputs::SetCalculatedSysts] => % sysematic = 0.3
[AnalysisInputs::SetCalculatedSysts] source : ChrageFlipSyst
[AnalysisInputs::SetCalculatedSysts] => % sysematic = 0.23
[CutRangeInfo::ReadCutCard] Get Cutcard from /data8/Users/jskim/HN_dilepton_plotter/data/v8-0-7.37/CutOpCard/RunDirectory/Cards_MuEl_Bin1/HNMuEl_80.txt
Central	27.8907	18.9945	0
_MuonEn_up	27.7779	18.9945	0
_MuonEn_down	27.3773	18.9945	0
_MuonIDSF_up	27.9407	18.9945	0
_MuonIDSF_down	26.944	18.9945	0
_ElectronEn_up	27.4155	18.9945	0
_ElectronEn_down	27.737	18.9945	0
_ElectronIDSF_up	27.9388	18.9945	0
_ElectronIDSF_down	27.5965	18.9945	0
_TriggerSF_up	28.3457	18.9945	0
_TriggerSF_down	27.7336	18.9945	0
_PU_up	27.5179	18.9945	0
_PU_down	27.1466	18.9945	0
_JetEn_up	30.6915	18.9945	0
_JetEn_down	26.1494	18.9945	0
_JetRes_up	27.6911	18.9945	0
_JetRes_down	29.3126	18.9945	0
_Unclustered_up	25.2618	18.9945	0
_Unclustered_down	27.2649	18.9945	0
_BTagSFEff_up	26.9623	18.9945	0
_BTagSFEff_down	27.8702	18.9945	0
_BTagSFMiss_up	27.6277	18.9945	0
_BTagSFMiss_down	27.4147	18.9945	0
_JetMass_up	27.4213	18.9945	0
_JetMass_down	27.9064	18.9945	0
_JetMassRes_up	27.8622	18.9945	0
_JetMassRes_down	27.5003	18.9945	0
_Tau21_up	28.3173	18.9945	0
_Tau21_down	27.848	18.9945	0

################ Sources ################
Source	SystTotal	SystPrompt	SystFake	Signal
Stat 8.41 12.47  9.77  -nan  3.87
Lumi 1.49  2.50 -  -  2.50
PDF  -  -  -  -  9.88
MuonPt  0.79 1.33  -  -  0.19
MuonID  1.43 2.40  -  -  1.33
ElectronE  0.75 1.27  -  -  0.50
ElectronID  0.45 0.76  -  -  1.05
Trigger  0.73 1.22  -  -  2.16
PU  1.26 2.11  -  -  2.37
JES  4.97 8.36  -  -  2.46
JER  2.17 3.64  -  -  0.92
Uncl  4.08 6.85  -  -  1.84
BEff  1.40 2.35  -  -  0.60
BMiss  0.82 1.38  -  -  0.60
JMS  0.71 1.19  -  -  0.25
JMR  0.59 0.99  -  -  0.20
Tau21  0.65 1.09  -  -  0.28
MCNorm 4.40  7.40 -  -  -
Fake 12.15  -  30.00 - -
CF 0.00  -  -  -nan -
Total Systematic 14.99 14.76  30.00  -nan  11.33

Total Background	46.885
- Prompt	27.891
- Fake	18.995
- CF	0.000

####### Result #######
Signal Eff	0.003723
46.885226 1.171881
240.503632 1.119745
