
Processing CyclesForMixingLimit_MuEl_Bin1/HNMuEl_250.C...
[AnalysisInputs::SetMCSF] Get MC SF from /data8/Users/jskim/HN_dilepton_plotter/data/v8-0-7.37/MCSF.txt
[AnalysisInputs::SetMCSF] sample : VVV
[AnalysisInputs::SetMCSF] => MCSF = 1, MCSF_err = 0.5
[AnalysisInputs::SetMCSF] sample : WWW
[AnalysisInputs::SetMCSF] => MCSF = 1, MCSF_err = 0.5
[AnalysisInputs::SetMCSF] sample : WWZ
[AnalysisInputs::SetMCSF] => MCSF = 1, MCSF_err = 0.5
[AnalysisInputs::SetMCSF] sample : WZZ
[AnalysisInputs::SetMCSF] => MCSF = 1, MCSF_err = 0.5
[AnalysisInputs::SetMCSF] sample : ZZZ
[AnalysisInputs::SetMCSF] => MCSF = 1, MCSF_err = 0.5
[AnalysisInputs::SetMCSF] sample : ttV
[AnalysisInputs::SetMCSF] => MCSF = 1, MCSF_err = 0.5
[AnalysisInputs::SetMCSF] sample : ttW
[AnalysisInputs::SetMCSF] => MCSF = 1, MCSF_err = 0.5
[AnalysisInputs::SetMCSF] sample : ttZ
[AnalysisInputs::SetMCSF] => MCSF = 1, MCSF_err = 0.5
[AnalysisInputs::SetMCSF] sample : ttH_nonbb
[AnalysisInputs::SetMCSF] => MCSF = 1, MCSF_err = 0.5
[AnalysisInputs::SetMCSF] sample : top
[AnalysisInputs::SetMCSF] => MCSF = 1, MCSF_err = 0.5
[AnalysisInputs::SetMCSF] sample : WWTo2L2Nu_DS
[AnalysisInputs::SetMCSF] => MCSF = 1, MCSF_err = 0.5
[AnalysisInputs::SetMCSF] sample : WpWpEWK
[AnalysisInputs::SetMCSF] => MCSF = 1, MCSF_err = 0.5
[AnalysisInputs::SetMCSF] sample : WpWpQCD
[AnalysisInputs::SetMCSF] => MCSF = 1, MCSF_err = 0.5
[AnalysisInputs::SetMCSF] sample : WZTo3LNu_mllmin01
[AnalysisInputs::SetMCSF] => MCSF = 0.65, MCSF_err = 0.06
[AnalysisInputs::SetMCSF] sample : WZTo3LNu_powheg
[AnalysisInputs::SetMCSF] => MCSF = 1.05246, MCSF_err = 0.0646733
[AnalysisInputs::SetMCSF] sample : ZGto2LG
[AnalysisInputs::SetMCSF] => MCSF = 1.09801, MCSF_err = 0.0750731
[AnalysisInputs::SetMCSF] sample : ZZTo4L_powheg
[AnalysisInputs::SetMCSF] => MCSF = 0.978683, MCSF_err = 0.0790547
[AnalysisInputs::SetMCSF] sample : ggZZto2e2mu
[AnalysisInputs::SetMCSF] => MCSF = 0.978683, MCSF_err = 0.0790547
[AnalysisInputs::SetMCSF] sample : ggZZto2e2nu
[AnalysisInputs::SetMCSF] => MCSF = 0.978683, MCSF_err = 0.0790547
[AnalysisInputs::SetMCSF] sample : ggZZto2e2tau
[AnalysisInputs::SetMCSF] => MCSF = 0.978683, MCSF_err = 0.0790547
[AnalysisInputs::SetMCSF] sample : ggZZto2mu2nu
[AnalysisInputs::SetMCSF] => MCSF = 0.978683, MCSF_err = 0.0790547
[AnalysisInputs::SetMCSF] sample : ggZZto2mu2tau
[AnalysisInputs::SetMCSF] => MCSF = 0.978683, MCSF_err = 0.0790547
[AnalysisInputs::SetMCSF] sample : ggZZto4e
[AnalysisInputs::SetMCSF] => MCSF = 0.978683, MCSF_err = 0.0790547
[AnalysisInputs::SetMCSF] sample : ggZZto4mu
[AnalysisInputs::SetMCSF] => MCSF = 0.978683, MCSF_err = 0.0790547
[AnalysisInputs::SetMCSF] sample : ggZZto4tau
[AnalysisInputs::SetMCSF] => MCSF = 0.978683, MCSF_err = 0.0790547
[AnalysisInputs::SetMCSF] sample : ggHtoZZ
[AnalysisInputs::SetMCSF] => MCSF = 0.978683, MCSF_err = 0.0790547
[AnalysisInputs::SetCalculatedSysts] Get Systematics from /data8/Users/jskim/HN_dilepton_plotter/data/v8-0-7.37/Syst.txt
[AnalysisInputs::SetCalculatedSysts] source : Luminosity
[AnalysisInputs::SetCalculatedSysts] => % sysematic = 0.025
[AnalysisInputs::SetCalculatedSysts] source : FakeLooseID
[AnalysisInputs::SetCalculatedSysts] => % sysematic = 0.3
[AnalysisInputs::SetCalculatedSysts] source : ChrageFlipSyst
[AnalysisInputs::SetCalculatedSysts] => % sysematic = 0.23
[CutRangeInfo::ReadCutCard] Get Cutcard from /data8/Users/jskim/HN_dilepton_plotter/data/v8-0-7.37/CutOpCard/RunDirectory/Cards_MuEl_Bin1/HNMuEl_250.txt
Central	9.67757	1.20488	0
_MuonEn_up	9.80749	1.20488	0
_MuonEn_down	9.32464	1.20488	0
_MuonIDSF_up	9.85469	1.20488	0
_MuonIDSF_down	9.52211	1.20488	0
_ElectronEn_up	9.61894	1.20488	0
_ElectronEn_down	9.58121	1.20488	0
_ElectronIDSF_up	9.89422	1.20488	0
_ElectronIDSF_down	9.47077	1.20488	0
_TriggerSF_up	9.6912	1.20488	0
_TriggerSF_down	9.6928	1.20488	0
_PU_up	9.35472	1.20488	0
_PU_down	9.86504	1.20488	0
_JetEn_up	9.42613	1.20488	0
_JetEn_down	9.96196	1.20488	0
_JetRes_up	9.37939	1.20488	0
_JetRes_down	9.78196	1.20488	0
_Unclustered_up	9.99295	1.20488	0
_Unclustered_down	9.89918	1.20488	0
_BTagSFEff_up	9.63487	1.20488	0
_BTagSFEff_down	9.68913	1.20488	0
_BTagSFMiss_up	9.70157	1.20488	0
_BTagSFMiss_down	9.67654	1.20488	0
_JetMass_up	9.66222	1.20488	0
_JetMass_down	9.71475	1.20488	0
_JetMassRes_up	9.67045	1.20488	0
_JetMassRes_down	9.68708	1.20488	0
_Tau21_up	9.75994	1.20488	0
_Tau21_down	9.56368	1.20488	0

################ Sources ################
Source	SystTotal	SystPrompt	SystFake	Signal
Stat 13.69 14.63  38.34  -nan  1.11
Lumi 2.22  2.50 -  -  2.50
PDF  -  -  -  -  2.52
MuonPt  2.44 2.75  -  -  0.57
MuonID  1.53 1.72  -  -  1.77
ElectronE  0.73 0.82  -  -  0.40
ElectronID  1.95 2.19  -  -  1.39
Trigger  0.13 0.15  -  -  0.16
PU  2.43 2.73  -  -  1.71
JES  2.47 2.77  -  -  1.21
JER  2.05 2.31  -  -  1.52
Uncl  2.50 2.82  -  -  1.33
BEff  0.29 0.32  -  -  0.11
BMiss  0.16 0.18  -  -  0.47
JMS  0.26 0.29  -  -  0.13
JMR  0.08 0.09  -  -  0.09
Tau21  0.91 1.03  -  -  0.14
MCNorm 10.77  12.12 -  -  -
Fake 3.32  -  30.00 - -
CF 0.00  -  -  -nan -
Total Systematic 12.97 14.10  30.00  -nan  5.19

Total Background	10.882
- Prompt	9.678
- Fake	1.205
- CF	0.000

####### Result #######
Signal Eff	0.086800
10.882447 1.188568
4.271135 1.053067
