
Processing CyclesForMixingLimit_MuEl_Bin1/HNMuEl_1200.C...
[AnalysisInputs::SetMCSF] Get MC SF from /data8/Users/jskim/HN_dilepton_plotter/data/v8-0-7.37/MCSF.txt
[AnalysisInputs::SetMCSF] sample : VVV
[AnalysisInputs::SetMCSF] => MCSF = 1, MCSF_err = 0.5
[AnalysisInputs::SetMCSF] sample : WWW
[AnalysisInputs::SetMCSF] => MCSF = 1, MCSF_err = 0.5
[AnalysisInputs::SetMCSF] sample : WWZ
[AnalysisInputs::SetMCSF] => MCSF = 1, MCSF_err = 0.5
[AnalysisInputs::SetMCSF] sample : WZZ
[AnalysisInputs::SetMCSF] => MCSF = 1, MCSF_err = 0.5
[AnalysisInputs::SetMCSF] sample : ZZZ
[AnalysisInputs::SetMCSF] => MCSF = 1, MCSF_err = 0.5
[AnalysisInputs::SetMCSF] sample : ttV
[AnalysisInputs::SetMCSF] => MCSF = 1, MCSF_err = 0.5
[AnalysisInputs::SetMCSF] sample : ttW
[AnalysisInputs::SetMCSF] => MCSF = 1, MCSF_err = 0.5
[AnalysisInputs::SetMCSF] sample : ttZ
[AnalysisInputs::SetMCSF] => MCSF = 1, MCSF_err = 0.5
[AnalysisInputs::SetMCSF] sample : ttH_nonbb
[AnalysisInputs::SetMCSF] => MCSF = 1, MCSF_err = 0.5
[AnalysisInputs::SetMCSF] sample : top
[AnalysisInputs::SetMCSF] => MCSF = 1, MCSF_err = 0.5
[AnalysisInputs::SetMCSF] sample : WWTo2L2Nu_DS
[AnalysisInputs::SetMCSF] => MCSF = 1, MCSF_err = 0.5
[AnalysisInputs::SetMCSF] sample : WpWpEWK
[AnalysisInputs::SetMCSF] => MCSF = 1, MCSF_err = 0.5
[AnalysisInputs::SetMCSF] sample : WpWpQCD
[AnalysisInputs::SetMCSF] => MCSF = 1, MCSF_err = 0.5
[AnalysisInputs::SetMCSF] sample : WZTo3LNu_mllmin01
[AnalysisInputs::SetMCSF] => MCSF = 0.65, MCSF_err = 0.06
[AnalysisInputs::SetMCSF] sample : WZTo3LNu_powheg
[AnalysisInputs::SetMCSF] => MCSF = 1.05246, MCSF_err = 0.0646733
[AnalysisInputs::SetMCSF] sample : ZGto2LG
[AnalysisInputs::SetMCSF] => MCSF = 1.09801, MCSF_err = 0.0750731
[AnalysisInputs::SetMCSF] sample : ZZTo4L_powheg
[AnalysisInputs::SetMCSF] => MCSF = 0.978683, MCSF_err = 0.0790547
[AnalysisInputs::SetMCSF] sample : ggZZto2e2mu
[AnalysisInputs::SetMCSF] => MCSF = 0.978683, MCSF_err = 0.0790547
[AnalysisInputs::SetMCSF] sample : ggZZto2e2nu
[AnalysisInputs::SetMCSF] => MCSF = 0.978683, MCSF_err = 0.0790547
[AnalysisInputs::SetMCSF] sample : ggZZto2e2tau
[AnalysisInputs::SetMCSF] => MCSF = 0.978683, MCSF_err = 0.0790547
[AnalysisInputs::SetMCSF] sample : ggZZto2mu2nu
[AnalysisInputs::SetMCSF] => MCSF = 0.978683, MCSF_err = 0.0790547
[AnalysisInputs::SetMCSF] sample : ggZZto2mu2tau
[AnalysisInputs::SetMCSF] => MCSF = 0.978683, MCSF_err = 0.0790547
[AnalysisInputs::SetMCSF] sample : ggZZto4e
[AnalysisInputs::SetMCSF] => MCSF = 0.978683, MCSF_err = 0.0790547
[AnalysisInputs::SetMCSF] sample : ggZZto4mu
[AnalysisInputs::SetMCSF] => MCSF = 0.978683, MCSF_err = 0.0790547
[AnalysisInputs::SetMCSF] sample : ggZZto4tau
[AnalysisInputs::SetMCSF] => MCSF = 0.978683, MCSF_err = 0.0790547
[AnalysisInputs::SetMCSF] sample : ggHtoZZ
[AnalysisInputs::SetMCSF] => MCSF = 0.978683, MCSF_err = 0.0790547
[AnalysisInputs::SetCalculatedSysts] Get Systematics from /data8/Users/jskim/HN_dilepton_plotter/data/v8-0-7.37/Syst.txt
[AnalysisInputs::SetCalculatedSysts] source : Luminosity
[AnalysisInputs::SetCalculatedSysts] => % sysematic = 0.025
[AnalysisInputs::SetCalculatedSysts] source : FakeLooseID
[AnalysisInputs::SetCalculatedSysts] => % sysematic = 0.3
[AnalysisInputs::SetCalculatedSysts] source : ChrageFlipSyst
[AnalysisInputs::SetCalculatedSysts] => % sysematic = 0.23
[CutRangeInfo::ReadCutCard] Get Cutcard from /data8/Users/jskim/HN_dilepton_plotter/data/v8-0-7.37/CutOpCard/RunDirectory/Cards_MuEl_Bin1/HNMuEl_1200.txt
Central	0.786295	0.120433	0
_MuonEn_up	0.845664	0.120433	0
_MuonEn_down	0.777106	0.120433	0
_MuonIDSF_up	0.80272	0.120433	0
_MuonIDSF_down	0.775843	0.120433	0
_ElectronEn_up	0.788028	0.120433	0
_ElectronEn_down	0.793245	0.120433	0
_ElectronIDSF_up	0.818721	0.120433	0
_ElectronIDSF_down	0.765652	0.120433	0
_TriggerSF_up	0.797547	0.120433	0
_TriggerSF_down	0.793071	0.120433	0
_PU_up	0.762646	0.120433	0
_PU_down	0.812883	0.120433	0
_JetEn_up	0.86945	0.120433	0
_JetEn_down	1.34975	0.120433	0
_JetRes_up	0.804175	0.120433	0
_JetRes_down	0.777928	0.120433	0
_Unclustered_up	0.790568	0.120433	0
_Unclustered_down	0.793561	0.120433	0
_BTagSFEff_up	0.789828	0.120433	0
_BTagSFEff_down	0.790675	0.120433	0
_BTagSFMiss_up	0.796205	0.120433	0
_BTagSFMiss_down	0.793432	0.120433	0
_JetMass_up	0.787816	0.120433	0
_JetMass_down	0.795699	0.120433	0
_JetMassRes_up	0.786162	0.120433	0
_JetMassRes_down	0.793071	0.120433	0
_Tau21_up	0.786067	0.120433	0
_Tau21_down	0.793071	0.120433	0

################ Sources ################
Source	SystTotal	SystPrompt	SystFake	Signal
Stat 58.11 60.79  184.15  -nan  2.30
Lumi 2.17  2.50 -  -  2.50
PDF  -  -  -  -  2.52
MuonPt  4.68 5.40  -  -  3.25
MuonID  1.52 1.75  -  -  1.62
ElectronE  0.56 0.64  -  -  0.16
ElectronID  3.00 3.46  -  -  1.90
Trigger  1.02 1.18  -  -  0.34
PU  2.77 3.20  -  -  0.70
JES  44.42 51.22  -  -  1.77
JER  1.54 1.78  -  -  0.88
Uncl  0.66 0.76  -  -  0.47
BEff  0.44 0.51  -  -  0.66
BMiss  0.95 1.10  -  -  0.63
JMS  0.74 0.86  -  -  0.19
JMR  0.53 0.61  -  -  0.47
Tau21  0.53 0.61  -  -  0.32
MCNorm 11.64  13.42 -  -  -
Fake 3.98  -  30.00 - -
CF 0.00  -  -  -nan -
Total Systematic 46.65 53.60  30.00  -nan  5.94

Total Background	0.907
- Prompt	0.786
- Fake	0.120
- CF	0.000

####### Result #######
Signal Eff	0.023881
0.906729 1.745203
0.001647 1.063748
