
Processing CyclesForMixingLimit_MuEl_Bin1/HNMuEl_100.C...
[AnalysisInputs::SetMCSF] Get MC SF from /data8/Users/jskim/HN_dilepton_plotter/data/v8-0-7.37/MCSF.txt
[AnalysisInputs::SetMCSF] sample : VVV
[AnalysisInputs::SetMCSF] => MCSF = 1, MCSF_err = 0.5
[AnalysisInputs::SetMCSF] sample : WWW
[AnalysisInputs::SetMCSF] => MCSF = 1, MCSF_err = 0.5
[AnalysisInputs::SetMCSF] sample : WWZ
[AnalysisInputs::SetMCSF] => MCSF = 1, MCSF_err = 0.5
[AnalysisInputs::SetMCSF] sample : WZZ
[AnalysisInputs::SetMCSF] => MCSF = 1, MCSF_err = 0.5
[AnalysisInputs::SetMCSF] sample : ZZZ
[AnalysisInputs::SetMCSF] => MCSF = 1, MCSF_err = 0.5
[AnalysisInputs::SetMCSF] sample : ttV
[AnalysisInputs::SetMCSF] => MCSF = 1, MCSF_err = 0.5
[AnalysisInputs::SetMCSF] sample : ttW
[AnalysisInputs::SetMCSF] => MCSF = 1, MCSF_err = 0.5
[AnalysisInputs::SetMCSF] sample : ttZ
[AnalysisInputs::SetMCSF] => MCSF = 1, MCSF_err = 0.5
[AnalysisInputs::SetMCSF] sample : ttH_nonbb
[AnalysisInputs::SetMCSF] => MCSF = 1, MCSF_err = 0.5
[AnalysisInputs::SetMCSF] sample : top
[AnalysisInputs::SetMCSF] => MCSF = 1, MCSF_err = 0.5
[AnalysisInputs::SetMCSF] sample : WWTo2L2Nu_DS
[AnalysisInputs::SetMCSF] => MCSF = 1, MCSF_err = 0.5
[AnalysisInputs::SetMCSF] sample : WpWpEWK
[AnalysisInputs::SetMCSF] => MCSF = 1, MCSF_err = 0.5
[AnalysisInputs::SetMCSF] sample : WpWpQCD
[AnalysisInputs::SetMCSF] => MCSF = 1, MCSF_err = 0.5
[AnalysisInputs::SetMCSF] sample : WZTo3LNu_mllmin01
[AnalysisInputs::SetMCSF] => MCSF = 0.65, MCSF_err = 0.06
[AnalysisInputs::SetMCSF] sample : WZTo3LNu_powheg
[AnalysisInputs::SetMCSF] => MCSF = 1.05246, MCSF_err = 0.0646733
[AnalysisInputs::SetMCSF] sample : ZGto2LG
[AnalysisInputs::SetMCSF] => MCSF = 1.09801, MCSF_err = 0.0750731
[AnalysisInputs::SetMCSF] sample : ZZTo4L_powheg
[AnalysisInputs::SetMCSF] => MCSF = 0.978683, MCSF_err = 0.0790547
[AnalysisInputs::SetMCSF] sample : ggZZto2e2mu
[AnalysisInputs::SetMCSF] => MCSF = 0.978683, MCSF_err = 0.0790547
[AnalysisInputs::SetMCSF] sample : ggZZto2e2nu
[AnalysisInputs::SetMCSF] => MCSF = 0.978683, MCSF_err = 0.0790547
[AnalysisInputs::SetMCSF] sample : ggZZto2e2tau
[AnalysisInputs::SetMCSF] => MCSF = 0.978683, MCSF_err = 0.0790547
[AnalysisInputs::SetMCSF] sample : ggZZto2mu2nu
[AnalysisInputs::SetMCSF] => MCSF = 0.978683, MCSF_err = 0.0790547
[AnalysisInputs::SetMCSF] sample : ggZZto2mu2tau
[AnalysisInputs::SetMCSF] => MCSF = 0.978683, MCSF_err = 0.0790547
[AnalysisInputs::SetMCSF] sample : ggZZto4e
[AnalysisInputs::SetMCSF] => MCSF = 0.978683, MCSF_err = 0.0790547
[AnalysisInputs::SetMCSF] sample : ggZZto4mu
[AnalysisInputs::SetMCSF] => MCSF = 0.978683, MCSF_err = 0.0790547
[AnalysisInputs::SetMCSF] sample : ggZZto4tau
[AnalysisInputs::SetMCSF] => MCSF = 0.978683, MCSF_err = 0.0790547
[AnalysisInputs::SetMCSF] sample : ggHtoZZ
[AnalysisInputs::SetMCSF] => MCSF = 0.978683, MCSF_err = 0.0790547
[AnalysisInputs::SetCalculatedSysts] Get Systematics from /data8/Users/jskim/HN_dilepton_plotter/data/v8-0-7.37/Syst.txt
[AnalysisInputs::SetCalculatedSysts] source : Luminosity
[AnalysisInputs::SetCalculatedSysts] => % sysematic = 0.025
[AnalysisInputs::SetCalculatedSysts] source : FakeLooseID
[AnalysisInputs::SetCalculatedSysts] => % sysematic = 0.3
[AnalysisInputs::SetCalculatedSysts] source : ChrageFlipSyst
[AnalysisInputs::SetCalculatedSysts] => % sysematic = 0.23
[CutRangeInfo::ReadCutCard] Get Cutcard from /data8/Users/jskim/HN_dilepton_plotter/data/v8-0-7.37/CutOpCard/RunDirectory/Cards_MuEl_Bin1/HNMuEl_100.txt
Central	15.6931	8.29065	0
_MuonEn_up	15.6263	8.29065	0
_MuonEn_down	15.2067	8.29065	0
_MuonIDSF_up	14.9538	8.29065	0
_MuonIDSF_down	14.6559	8.29065	0
_ElectronEn_up	15.9065	8.29065	0
_ElectronEn_down	15.5869	8.29065	0
_ElectronIDSF_up	15.765	8.29065	0
_ElectronIDSF_down	15.1235	8.29065	0
_TriggerSF_up	15.2886	8.29065	0
_TriggerSF_down	15.2359	8.29065	0
_PU_up	14.9807	8.29065	0
_PU_down	15.6274	8.29065	0
_JetEn_up	14.5297	8.29065	0
_JetEn_down	16.0749	8.29065	0
_JetRes_up	14.786	8.29065	0
_JetRes_down	15.2277	8.29065	0
_Unclustered_up	15.872	8.29065	0
_Unclustered_down	16.6536	8.29065	0
_BTagSFEff_up	14.7038	8.29065	0
_BTagSFEff_down	15.683	8.29065	0
_BTagSFMiss_up	15.1395	8.29065	0
_BTagSFMiss_down	15.3071	8.29065	0
_JetMass_up	15.1988	8.29065	0
_JetMass_down	15.2049	8.29065	0
_JetMassRes_up	15.2221	8.29065	0
_JetMassRes_down	15.2408	8.29065	0
_Tau21_up	15.2619	8.29065	0
_Tau21_down	15.22	8.29065	0

################ Sources ################
Source	SystTotal	SystPrompt	SystFake	Signal
Stat 12.57 18.00  12.71  -nan  2.85
Lumi 1.64  2.50 -  -  2.50
PDF  -  -  -  -  2.52
MuonPt  1.45 2.21  -  -  1.04
MuonID  3.76 5.74  -  -  1.55
ElectronE  0.70 1.07  -  -  0.89
ElectronID  1.69 2.59  -  -  0.66
Trigger  1.80 2.75  -  -  0.09
PU  2.11 3.22  -  -  2.72
JES  3.61 5.52  -  -  0.50
JER  3.01 4.59  -  -  2.52
Uncl  2.88 4.40  -  -  3.83
BEff  2.92 4.46  -  -  0.59
BMiss  1.99 3.04  -  -  0.52
JMS  2.05 3.13  -  -  0.25
JMR  1.93 2.94  -  -  0.18
Tau21  1.89 2.88  -  -  0.43
MCNorm 5.97  9.12 -  -  -
Fake 10.37  -  30.00 - -
CF 0.00  -  -  -nan -
Total Systematic 15.08 16.73  30.00  -nan  6.85

Total Background	23.984
- Prompt	15.693
- Fake	8.291
- CF	0.000

####### Result #######
Signal Eff	0.012293
23.983798 1.196304
32.895262 1.074159
