
Processing CyclesForMixingLimit_MuMu_Bin1/HNMuMu_200.C...
[AnalysisInputs::SetMCSF] Get MC SF from /data8/Users/jskim/HN_dilepton_plotter/data/v8-0-7.37_ForApproval_Puppi/MCSF.txt
[AnalysisInputs::SetMCSF] sample : VVV
[AnalysisInputs::SetMCSF] => MCSF = 1, MCSF_err = 0.5
[AnalysisInputs::SetMCSF] sample : WWW
[AnalysisInputs::SetMCSF] => MCSF = 1, MCSF_err = 0.5
[AnalysisInputs::SetMCSF] sample : WWZ
[AnalysisInputs::SetMCSF] => MCSF = 1, MCSF_err = 0.5
[AnalysisInputs::SetMCSF] sample : WZZ
[AnalysisInputs::SetMCSF] => MCSF = 1, MCSF_err = 0.5
[AnalysisInputs::SetMCSF] sample : ZZZ
[AnalysisInputs::SetMCSF] => MCSF = 1, MCSF_err = 0.5
[AnalysisInputs::SetMCSF] sample : ttV
[AnalysisInputs::SetMCSF] => MCSF = 1, MCSF_err = 0.5
[AnalysisInputs::SetMCSF] sample : ttW
[AnalysisInputs::SetMCSF] => MCSF = 1, MCSF_err = 0.5
[AnalysisInputs::SetMCSF] sample : ttZ
[AnalysisInputs::SetMCSF] => MCSF = 1, MCSF_err = 0.5
[AnalysisInputs::SetMCSF] sample : ttH_nonbb
[AnalysisInputs::SetMCSF] => MCSF = 1, MCSF_err = 0.5
[AnalysisInputs::SetMCSF] sample : top
[AnalysisInputs::SetMCSF] => MCSF = 1, MCSF_err = 0.5
[AnalysisInputs::SetMCSF] sample : WWTo2L2Nu_DS
[AnalysisInputs::SetMCSF] => MCSF = 1, MCSF_err = 0.5
[AnalysisInputs::SetMCSF] sample : WpWpEWK
[AnalysisInputs::SetMCSF] => MCSF = 1.3062, MCSF_err = 0.5
[AnalysisInputs::SetMCSF] sample : WpWpQCD
[AnalysisInputs::SetMCSF] => MCSF = 1.70026, MCSF_err = 0.5
[AnalysisInputs::SetMCSF] sample : WZTo3LNu_mllmin01
[AnalysisInputs::SetMCSF] => MCSF = 0.65, MCSF_err = 0.06
[AnalysisInputs::SetMCSF] sample : WZTo3LNu_powheg
[AnalysisInputs::SetMCSF] => MCSF = 1.05212, MCSF_err = 0.066085
[AnalysisInputs::SetMCSF] sample : ZGto2LG
[AnalysisInputs::SetMCSF] => MCSF = 1.09608, MCSF_err = 0.0747672
[AnalysisInputs::SetMCSF] sample : WGtoLNuG
[AnalysisInputs::SetMCSF] => MCSF = 1, MCSF_err = 0.0747672
[AnalysisInputs::SetMCSF] sample : WGtoLNuG_weighted
[AnalysisInputs::SetMCSF] => MCSF = 1, MCSF_err = 0.0747672
[AnalysisInputs::SetMCSF] sample : ZZTo4L_powheg
[AnalysisInputs::SetMCSF] => MCSF = 0.978495, MCSF_err = 0.0795031
[AnalysisInputs::SetMCSF] sample : ggZZto2e2mu
[AnalysisInputs::SetMCSF] => MCSF = 0.978495, MCSF_err = 0.0795031
[AnalysisInputs::SetMCSF] sample : ggZZto2e2nu
[AnalysisInputs::SetMCSF] => MCSF = 0.978495, MCSF_err = 0.0795031
[AnalysisInputs::SetMCSF] sample : ggZZto2e2tau
[AnalysisInputs::SetMCSF] => MCSF = 0.978495, MCSF_err = 0.0795031
[AnalysisInputs::SetMCSF] sample : ggZZto2mu2nu
[AnalysisInputs::SetMCSF] => MCSF = 0.978495, MCSF_err = 0.0795031
[AnalysisInputs::SetMCSF] sample : ggZZto2mu2tau
[AnalysisInputs::SetMCSF] => MCSF = 0.978495, MCSF_err = 0.0795031
[AnalysisInputs::SetMCSF] sample : ggZZto4e
[AnalysisInputs::SetMCSF] => MCSF = 0.978495, MCSF_err = 0.0795031
[AnalysisInputs::SetMCSF] sample : ggZZto4mu
[AnalysisInputs::SetMCSF] => MCSF = 0.978495, MCSF_err = 0.0795031
[AnalysisInputs::SetMCSF] sample : ggZZto4tau
[AnalysisInputs::SetMCSF] => MCSF = 0.978495, MCSF_err = 0.0795031
[AnalysisInputs::SetMCSF] sample : ggHtoZZ
[AnalysisInputs::SetMCSF] => MCSF = 0.978495, MCSF_err = 0.0795031
[AnalysisInputs::SetCalculatedSysts] Get Systematics from /data8/Users/jskim/HN_dilepton_plotter/data/v8-0-7.37_ForApproval_Puppi/Syst.txt
[AnalysisInputs::SetCalculatedSysts] source : Luminosity
[AnalysisInputs::SetCalculatedSysts] => % sysematic = 0.025
[AnalysisInputs::SetCalculatedSysts] source : FakeLooseID
[AnalysisInputs::SetCalculatedSysts] => % sysematic = 0.3
[AnalysisInputs::SetCalculatedSysts] source : ChrageFlipSyst
[AnalysisInputs::SetCalculatedSysts] => % sysematic = 0.16
[CutRangeInfo::ReadCutCard] Get Cutcard from /data8/Users/jskim/HN_dilepton_plotter/data/v8-0-7.37_ForApproval_Puppi/CutOpCard/RunDirectory/Cards_MuMu_Bin1/HNMuMu_200.txt
Central	3.79802	0.68076	0
_MuonEn_up	3.77059	0.68076	0
_MuonEn_down	3.87357	0.68076	0
_MuonIDSF_up	4.00274	0.68076	0
_MuonIDSF_down	3.73605	0.68076	0
_Rocc_up	4.02474	0.68076	0
_Rocc_down	3.77618	0.68076	0
_ElectronEn_up	3.85725	0.68076	0
_ElectronEn_down	3.85507	0.68076	0
_ElectronIDSF_up	3.85839	0.68076	0
_ElectronIDSF_down	3.95493	0.68076	0
_TriggerSF_up	3.95762	0.68076	0
_TriggerSF_down	3.85711	0.68076	0
_PU_up	3.89987	0.68076	0
_PU_down	3.83078	0.68076	0
_JetEn_up	4.63094	0.68076	0
_JetEn_down	3.84136	0.68076	0
_JetRes_up	3.86528	0.68076	0
_JetRes_down	3.94849	0.68076	0
_Unclustered_up	3.71512	0.68076	0
_Unclustered_down	3.99943	0.68076	0
_BTagSFEff_up	3.8297	0.68076	0
_BTagSFEff_down	3.79276	0.68076	0
_BTagSFMiss_up	3.85807	0.68076	0
_BTagSFMiss_down	3.86193	0.68076	0
_JetMass_up	3.9415	0.68076	0
_JetMass_down	3.85735	0.68076	0
_JetMassRes_up	3.85713	0.68076	0
_JetMassRes_down	3.87068	0.68076	0
_Tau21_up	3.86866	0.68076	0
_Tau21_down	3.76209	0.68076	0

################ Sources ################
Source	SystTotal	SystPrompt	SystFake	Signal
Stat 11.53 12.47  30.33  -nan  1.68
Lumi 2.12  2.50 -  -  2.50
PDF  -  -  -  -  5.00
MuonPt  1.27 1.50  -  -  1.54
MuonID  3.38 3.98  -  -  3.37
MuonRocc  3.60 4.24  -  -  0.40
ElectronE  1.30 1.53  -  -  0.10
ElectronID  2.65 3.13  -  -  0.15
Trigger  2.69 3.17  -  -  0.40
PU  1.69 1.99  -  -  1.28
JES  13.17 15.53  -  -  2.40
JER  2.60 3.07  -  -  2.38
Uncl  3.44 4.05  -  -  1.53
BEff  0.51 0.60  -  -  0.23
BMiss  1.38 1.63  -  -  0.56
JMS  2.45 2.89  -  -  0.19
JMR  1.48 1.74  -  -  0.04
Tau21  1.25 1.48  -  -  0.17
MCNorm 19.60  23.11 -  -  -
Fake 4.56  -  30.00 - -
CF 0.00  -  -  -nan -
Total Systematic 25.65 29.77  30.00  -nan  7.82

Total Background	4.479
- Prompt	3.798
- Fake	0.681
- CF	0.000
- Obs	4.000

####### Result #######
Signal Eff	0.081517
4.478783 1.281267
9.841005 1.079976
