
Processing CyclesForMixingLimit_MuMu_Bin1/HNMuMu_75.C...
[AnalysisInputs::SetMCSF] Get MC SF from /data8/Users/jskim/HN_dilepton_plotter/data/v8-0-7.37_ForApproval_Puppi/MCSF.txt
[AnalysisInputs::SetMCSF] sample : VVV
[AnalysisInputs::SetMCSF] => MCSF = 1, MCSF_err = 0.5
[AnalysisInputs::SetMCSF] sample : WWW
[AnalysisInputs::SetMCSF] => MCSF = 1, MCSF_err = 0.5
[AnalysisInputs::SetMCSF] sample : WWZ
[AnalysisInputs::SetMCSF] => MCSF = 1, MCSF_err = 0.5
[AnalysisInputs::SetMCSF] sample : WZZ
[AnalysisInputs::SetMCSF] => MCSF = 1, MCSF_err = 0.5
[AnalysisInputs::SetMCSF] sample : ZZZ
[AnalysisInputs::SetMCSF] => MCSF = 1, MCSF_err = 0.5
[AnalysisInputs::SetMCSF] sample : ttV
[AnalysisInputs::SetMCSF] => MCSF = 1, MCSF_err = 0.5
[AnalysisInputs::SetMCSF] sample : ttW
[AnalysisInputs::SetMCSF] => MCSF = 1, MCSF_err = 0.5
[AnalysisInputs::SetMCSF] sample : ttZ
[AnalysisInputs::SetMCSF] => MCSF = 1, MCSF_err = 0.5
[AnalysisInputs::SetMCSF] sample : ttH_nonbb
[AnalysisInputs::SetMCSF] => MCSF = 1, MCSF_err = 0.5
[AnalysisInputs::SetMCSF] sample : top
[AnalysisInputs::SetMCSF] => MCSF = 1, MCSF_err = 0.5
[AnalysisInputs::SetMCSF] sample : WWTo2L2Nu_DS
[AnalysisInputs::SetMCSF] => MCSF = 1, MCSF_err = 0.5
[AnalysisInputs::SetMCSF] sample : WpWpEWK
[AnalysisInputs::SetMCSF] => MCSF = 1.3062, MCSF_err = 0.5
[AnalysisInputs::SetMCSF] sample : WpWpQCD
[AnalysisInputs::SetMCSF] => MCSF = 1.70026, MCSF_err = 0.5
[AnalysisInputs::SetMCSF] sample : WZTo3LNu_mllmin01
[AnalysisInputs::SetMCSF] => MCSF = 0.65, MCSF_err = 0.06
[AnalysisInputs::SetMCSF] sample : WZTo3LNu_powheg
[AnalysisInputs::SetMCSF] => MCSF = 1.05212, MCSF_err = 0.066085
[AnalysisInputs::SetMCSF] sample : ZGto2LG
[AnalysisInputs::SetMCSF] => MCSF = 1.09608, MCSF_err = 0.0747672
[AnalysisInputs::SetMCSF] sample : WGtoLNuG
[AnalysisInputs::SetMCSF] => MCSF = 1, MCSF_err = 0.0747672
[AnalysisInputs::SetMCSF] sample : WGtoLNuG_weighted
[AnalysisInputs::SetMCSF] => MCSF = 1, MCSF_err = 0.0747672
[AnalysisInputs::SetMCSF] sample : ZZTo4L_powheg
[AnalysisInputs::SetMCSF] => MCSF = 0.978495, MCSF_err = 0.0795031
[AnalysisInputs::SetMCSF] sample : ggZZto2e2mu
[AnalysisInputs::SetMCSF] => MCSF = 0.978495, MCSF_err = 0.0795031
[AnalysisInputs::SetMCSF] sample : ggZZto2e2nu
[AnalysisInputs::SetMCSF] => MCSF = 0.978495, MCSF_err = 0.0795031
[AnalysisInputs::SetMCSF] sample : ggZZto2e2tau
[AnalysisInputs::SetMCSF] => MCSF = 0.978495, MCSF_err = 0.0795031
[AnalysisInputs::SetMCSF] sample : ggZZto2mu2nu
[AnalysisInputs::SetMCSF] => MCSF = 0.978495, MCSF_err = 0.0795031
[AnalysisInputs::SetMCSF] sample : ggZZto2mu2tau
[AnalysisInputs::SetMCSF] => MCSF = 0.978495, MCSF_err = 0.0795031
[AnalysisInputs::SetMCSF] sample : ggZZto4e
[AnalysisInputs::SetMCSF] => MCSF = 0.978495, MCSF_err = 0.0795031
[AnalysisInputs::SetMCSF] sample : ggZZto4mu
[AnalysisInputs::SetMCSF] => MCSF = 0.978495, MCSF_err = 0.0795031
[AnalysisInputs::SetMCSF] sample : ggZZto4tau
[AnalysisInputs::SetMCSF] => MCSF = 0.978495, MCSF_err = 0.0795031
[AnalysisInputs::SetMCSF] sample : ggHtoZZ
[AnalysisInputs::SetMCSF] => MCSF = 0.978495, MCSF_err = 0.0795031
[AnalysisInputs::SetCalculatedSysts] Get Systematics from /data8/Users/jskim/HN_dilepton_plotter/data/v8-0-7.37_ForApproval_Puppi/Syst.txt
[AnalysisInputs::SetCalculatedSysts] source : Luminosity
[AnalysisInputs::SetCalculatedSysts] => % sysematic = 0.025
[AnalysisInputs::SetCalculatedSysts] source : FakeLooseID
[AnalysisInputs::SetCalculatedSysts] => % sysematic = 0.3
[AnalysisInputs::SetCalculatedSysts] source : ChrageFlipSyst
[AnalysisInputs::SetCalculatedSysts] => % sysematic = 0.16
[CutRangeInfo::ReadCutCard] Get Cutcard from /data8/Users/jskim/HN_dilepton_plotter/data/v8-0-7.37_ForApproval_Puppi/CutOpCard/RunDirectory/Cards_MuMu_Bin1/HNMuMu_75.txt
Central	9.02885	9.77514	0
_MuonEn_up	9.01448	9.77514	0
_MuonEn_down	9.12158	9.77514	0
_MuonIDSF_up	9.28589	9.77514	0
_MuonIDSF_down	8.77552	9.77514	0
_Rocc_up	8.94126	9.77514	0
_Rocc_down	9.05011	9.77514	0
_ElectronEn_up	9.06617	9.77514	0
_ElectronEn_down	9.02254	9.77514	0
_ElectronIDSF_up	9.07308	9.77514	0
_ElectronIDSF_down	8.95918	9.77514	0
_TriggerSF_up	9.08033	9.77514	0
_TriggerSF_down	9.09746	9.77514	0
_PU_up	8.95389	9.77514	0
_PU_down	9.03357	9.77514	0
_JetEn_up	8.80641	9.77514	0
_JetEn_down	9.25484	9.77514	0
_JetRes_up	9.10595	9.77514	0
_JetRes_down	8.90944	9.77514	0
_Unclustered_up	9.43729	9.77514	0
_Unclustered_down	9.98579	9.77514	0
_BTagSFEff_up	9.01926	9.77514	0
_BTagSFEff_down	9.01681	9.77514	0
_BTagSFMiss_up	9.01502	9.77514	0
_BTagSFMiss_down	9.12286	9.77514	0
_JetMass_up	9.12292	9.77514	0
_JetMass_down	9.01812	9.77514	0
_JetMassRes_up	9.02147	9.77514	0
_JetMassRes_down	9.02814	9.77514	0
_Tau21_up	9.13075	9.77514	0
_Tau21_down	9.01847	9.77514	0

################ Sources ################
Source	SystTotal	SystPrompt	SystFake	Signal
Stat 10.61 18.53  11.10  -nan  8.91
Lumi 1.20  2.50 -  -  2.50
PDF  -  -  -  -  9.00
MuonPt  0.35 0.73  -  -  1.04
MuonID  1.36 2.83  -  -  2.83
MuonRocc  0.34 0.71  -  -  1.14
ElectronE  0.14 0.30  -  -  0.91
ElectronID  0.31 0.65  -  -  0.24
Trigger  0.32 0.67  -  -  0.50
PU  0.28 0.59  -  -  1.33
JES  1.19 2.48  -  -  8.73
JER  0.53 1.11  -  -  5.58
Uncl  3.91 8.15  -  -  4.72
BEff  0.06 0.12  -  -  0.33
BMiss  0.36 0.74  -  -  2.17
JMS  0.36 0.74  -  -  1.09
JMR  0.03 0.06  -  -  0.82
Tau21  0.39 0.80  -  -  1.22
MCNorm 6.38  13.29 -  -  -
Fake 15.60  -  30.00 - -
CF 0.00  -  -  -nan -
Total Systematic 17.47 16.40  30.00  -nan  15.44

Total Background	18.804
- Prompt	9.029
- Fake	9.775
- CF	0.000
- Obs	19.000

####### Result #######
Signal Eff	0.002406
18.803984 1.204371
108.106198 1.178253
