
Processing CyclesForMixingLimit_MuMu_Bin1/HNMuMu_500_VBF.C...
[AnalysisInputs::SetMCSF] Get MC SF from /data8/Users/jskim/HN_dilepton_plotter/data/v8-0-7.37_ForApproval_Puppi/MCSF.txt
[AnalysisInputs::SetMCSF] sample : VVV
[AnalysisInputs::SetMCSF] => MCSF = 1, MCSF_err = 0.5
[AnalysisInputs::SetMCSF] sample : WWW
[AnalysisInputs::SetMCSF] => MCSF = 1, MCSF_err = 0.5
[AnalysisInputs::SetMCSF] sample : WWZ
[AnalysisInputs::SetMCSF] => MCSF = 1, MCSF_err = 0.5
[AnalysisInputs::SetMCSF] sample : WZZ
[AnalysisInputs::SetMCSF] => MCSF = 1, MCSF_err = 0.5
[AnalysisInputs::SetMCSF] sample : ZZZ
[AnalysisInputs::SetMCSF] => MCSF = 1, MCSF_err = 0.5
[AnalysisInputs::SetMCSF] sample : ttV
[AnalysisInputs::SetMCSF] => MCSF = 1, MCSF_err = 0.5
[AnalysisInputs::SetMCSF] sample : ttW
[AnalysisInputs::SetMCSF] => MCSF = 1, MCSF_err = 0.5
[AnalysisInputs::SetMCSF] sample : ttZ
[AnalysisInputs::SetMCSF] => MCSF = 1, MCSF_err = 0.5
[AnalysisInputs::SetMCSF] sample : ttH_nonbb
[AnalysisInputs::SetMCSF] => MCSF = 1, MCSF_err = 0.5
[AnalysisInputs::SetMCSF] sample : top
[AnalysisInputs::SetMCSF] => MCSF = 1, MCSF_err = 0.5
[AnalysisInputs::SetMCSF] sample : WWTo2L2Nu_DS
[AnalysisInputs::SetMCSF] => MCSF = 1, MCSF_err = 0.5
[AnalysisInputs::SetMCSF] sample : WpWpEWK
[AnalysisInputs::SetMCSF] => MCSF = 1.3062, MCSF_err = 0.5
[AnalysisInputs::SetMCSF] sample : WpWpQCD
[AnalysisInputs::SetMCSF] => MCSF = 1.70026, MCSF_err = 0.5
[AnalysisInputs::SetMCSF] sample : WZTo3LNu_mllmin01
[AnalysisInputs::SetMCSF] => MCSF = 0.65, MCSF_err = 0.06
[AnalysisInputs::SetMCSF] sample : WZTo3LNu_powheg
[AnalysisInputs::SetMCSF] => MCSF = 1.05212, MCSF_err = 0.066085
[AnalysisInputs::SetMCSF] sample : ZGto2LG
[AnalysisInputs::SetMCSF] => MCSF = 1.09608, MCSF_err = 0.0747672
[AnalysisInputs::SetMCSF] sample : WGtoLNuG
[AnalysisInputs::SetMCSF] => MCSF = 1, MCSF_err = 0.0747672
[AnalysisInputs::SetMCSF] sample : WGtoLNuG_weighted
[AnalysisInputs::SetMCSF] => MCSF = 1, MCSF_err = 0.0747672
[AnalysisInputs::SetMCSF] sample : ZZTo4L_powheg
[AnalysisInputs::SetMCSF] => MCSF = 0.978495, MCSF_err = 0.0795031
[AnalysisInputs::SetMCSF] sample : ggZZto2e2mu
[AnalysisInputs::SetMCSF] => MCSF = 0.978495, MCSF_err = 0.0795031
[AnalysisInputs::SetMCSF] sample : ggZZto2e2nu
[AnalysisInputs::SetMCSF] => MCSF = 0.978495, MCSF_err = 0.0795031
[AnalysisInputs::SetMCSF] sample : ggZZto2e2tau
[AnalysisInputs::SetMCSF] => MCSF = 0.978495, MCSF_err = 0.0795031
[AnalysisInputs::SetMCSF] sample : ggZZto2mu2nu
[AnalysisInputs::SetMCSF] => MCSF = 0.978495, MCSF_err = 0.0795031
[AnalysisInputs::SetMCSF] sample : ggZZto2mu2tau
[AnalysisInputs::SetMCSF] => MCSF = 0.978495, MCSF_err = 0.0795031
[AnalysisInputs::SetMCSF] sample : ggZZto4e
[AnalysisInputs::SetMCSF] => MCSF = 0.978495, MCSF_err = 0.0795031
[AnalysisInputs::SetMCSF] sample : ggZZto4mu
[AnalysisInputs::SetMCSF] => MCSF = 0.978495, MCSF_err = 0.0795031
[AnalysisInputs::SetMCSF] sample : ggZZto4tau
[AnalysisInputs::SetMCSF] => MCSF = 0.978495, MCSF_err = 0.0795031
[AnalysisInputs::SetMCSF] sample : ggHtoZZ
[AnalysisInputs::SetMCSF] => MCSF = 0.978495, MCSF_err = 0.0795031
[AnalysisInputs::SetCalculatedSysts] Get Systematics from /data8/Users/jskim/HN_dilepton_plotter/data/v8-0-7.37_ForApproval_Puppi/Syst.txt
[AnalysisInputs::SetCalculatedSysts] source : Luminosity
[AnalysisInputs::SetCalculatedSysts] => % sysematic = 0.025
[AnalysisInputs::SetCalculatedSysts] source : FakeLooseID
[AnalysisInputs::SetCalculatedSysts] => % sysematic = 0.3
[AnalysisInputs::SetCalculatedSysts] source : ChrageFlipSyst
[AnalysisInputs::SetCalculatedSysts] => % sysematic = 0.16
[CutRangeInfo::ReadCutCard] Get Cutcard from /data8/Users/jskim/HN_dilepton_plotter/data/v8-0-7.37_ForApproval_Puppi/CutOpCard/RunDirectory/Cards_MuMu_Bin1/HNMuMu_500.txt
Central	0.374268	0	0
_MuonEn_up	0.389636	0	0
_MuonEn_down	0.363663	0	0
_MuonIDSF_up	0.387188	0	0
_MuonIDSF_down	0.36579	0	0
_Rocc_up	0.398409	0	0
_Rocc_down	0.355057	0	0
_ElectronEn_up	0.374268	0	0
_ElectronEn_down	0.374268	0	0
_ElectronIDSF_up	0.377549	0	0
_ElectronIDSF_down	0.374268	0	0
_TriggerSF_up	0.369109	0	0
_TriggerSF_down	0.378761	0	0
_PU_up	0.349442	0	0
_PU_down	0.402044	0	0
_JetEn_up	0.373837	0	0
_JetEn_down	0.894798	0	0
_JetRes_up	0.397549	0	0
_JetRes_down	0.358686	0	0
_Unclustered_up	0.871706	0	0
_Unclustered_down	0.384721	0	0
_BTagSFEff_up	0.370236	0	0
_BTagSFEff_down	0.384288	0	0
_BTagSFMiss_up	0.37067	0	0
_BTagSFMiss_down	0.383922	0	0
_JetMass_up	0.374268	0	0
_JetMass_down	0.374268	0	0
_JetMassRes_up	0.37548	0	0
_JetMassRes_down	0.377485	0	0
_Tau21_up	0.380476	0	0
_Tau21_down	0.374268	0	0

################ Sources ################
Source	SystTotal	SystPrompt	SystFake	Signal
Stat 33.25 33.25  -nan  -nan  1.58
Lumi 2.50  2.50 -  -  2.50
PDF  -  -  -  -  4.20
MuonPt  3.53 3.53  -  -  3.97
MuonID  2.92 2.92  -  -  3.66
MuonRocc  5.83 5.83  -  -  0.61
ElectronE  0.00 0.00  -  -  0.34
ElectronID  0.62 0.62  -  -  0.12
Trigger  1.29 1.29  -  -  0.66
PU  7.04 7.04  -  -  1.12
JES  98.34 98.34  -  -  0.76
JER  5.29 5.29  -  -  1.22
Uncl  94.00 94.00  -  -  0.73
BEff  2.04 2.04  -  -  0.22
BMiss  1.95 1.95  -  -  0.50
JMS  0.00 0.00  -  -  0.46
JMR  0.65 0.65  -  -  0.32
Tau21  1.17 1.17  -  -  0.30
MCNorm 36.71  36.71 -  -  -
Fake 0.00  -  -nan - -
CF 0.00  -  -  -nan -
Total Systematic 141.44 141.44  -nan  -nan  7.65

Total Background	0.374
- Prompt	0.374
- Fake	0.000
- CF	0.000
- Obs	3.000

####### Result #######
Signal Eff	0.115031
0.374268 2.452995
0.390365 1.078103
