
Processing CyclesForMixingLimit_MuMu_Bin1/HNMuMu_600.C...
[AnalysisInputs::SetMCSF] Get MC SF from /data8/Users/jskim/HN_dilepton_plotter/data/v8-0-7.37_ForApproval_Puppi/MCSF.txt
[AnalysisInputs::SetMCSF] sample : VVV
[AnalysisInputs::SetMCSF] => MCSF = 1, MCSF_err = 0.5
[AnalysisInputs::SetMCSF] sample : WWW
[AnalysisInputs::SetMCSF] => MCSF = 1, MCSF_err = 0.5
[AnalysisInputs::SetMCSF] sample : WWZ
[AnalysisInputs::SetMCSF] => MCSF = 1, MCSF_err = 0.5
[AnalysisInputs::SetMCSF] sample : WZZ
[AnalysisInputs::SetMCSF] => MCSF = 1, MCSF_err = 0.5
[AnalysisInputs::SetMCSF] sample : ZZZ
[AnalysisInputs::SetMCSF] => MCSF = 1, MCSF_err = 0.5
[AnalysisInputs::SetMCSF] sample : ttV
[AnalysisInputs::SetMCSF] => MCSF = 1, MCSF_err = 0.5
[AnalysisInputs::SetMCSF] sample : ttW
[AnalysisInputs::SetMCSF] => MCSF = 1, MCSF_err = 0.5
[AnalysisInputs::SetMCSF] sample : ttZ
[AnalysisInputs::SetMCSF] => MCSF = 1, MCSF_err = 0.5
[AnalysisInputs::SetMCSF] sample : ttH_nonbb
[AnalysisInputs::SetMCSF] => MCSF = 1, MCSF_err = 0.5
[AnalysisInputs::SetMCSF] sample : top
[AnalysisInputs::SetMCSF] => MCSF = 1, MCSF_err = 0.5
[AnalysisInputs::SetMCSF] sample : WWTo2L2Nu_DS
[AnalysisInputs::SetMCSF] => MCSF = 1, MCSF_err = 0.5
[AnalysisInputs::SetMCSF] sample : WpWpEWK
[AnalysisInputs::SetMCSF] => MCSF = 1.3062, MCSF_err = 0.5
[AnalysisInputs::SetMCSF] sample : WpWpQCD
[AnalysisInputs::SetMCSF] => MCSF = 1.70026, MCSF_err = 0.5
[AnalysisInputs::SetMCSF] sample : WZTo3LNu_mllmin01
[AnalysisInputs::SetMCSF] => MCSF = 0.65, MCSF_err = 0.06
[AnalysisInputs::SetMCSF] sample : WZTo3LNu_powheg
[AnalysisInputs::SetMCSF] => MCSF = 1.05212, MCSF_err = 0.066085
[AnalysisInputs::SetMCSF] sample : ZGto2LG
[AnalysisInputs::SetMCSF] => MCSF = 1.09608, MCSF_err = 0.0747672
[AnalysisInputs::SetMCSF] sample : WGtoLNuG
[AnalysisInputs::SetMCSF] => MCSF = 1, MCSF_err = 0.0747672
[AnalysisInputs::SetMCSF] sample : WGtoLNuG_weighted
[AnalysisInputs::SetMCSF] => MCSF = 1, MCSF_err = 0.0747672
[AnalysisInputs::SetMCSF] sample : ZZTo4L_powheg
[AnalysisInputs::SetMCSF] => MCSF = 0.978495, MCSF_err = 0.0795031
[AnalysisInputs::SetMCSF] sample : ggZZto2e2mu
[AnalysisInputs::SetMCSF] => MCSF = 0.978495, MCSF_err = 0.0795031
[AnalysisInputs::SetMCSF] sample : ggZZto2e2nu
[AnalysisInputs::SetMCSF] => MCSF = 0.978495, MCSF_err = 0.0795031
[AnalysisInputs::SetMCSF] sample : ggZZto2e2tau
[AnalysisInputs::SetMCSF] => MCSF = 0.978495, MCSF_err = 0.0795031
[AnalysisInputs::SetMCSF] sample : ggZZto2mu2nu
[AnalysisInputs::SetMCSF] => MCSF = 0.978495, MCSF_err = 0.0795031
[AnalysisInputs::SetMCSF] sample : ggZZto2mu2tau
[AnalysisInputs::SetMCSF] => MCSF = 0.978495, MCSF_err = 0.0795031
[AnalysisInputs::SetMCSF] sample : ggZZto4e
[AnalysisInputs::SetMCSF] => MCSF = 0.978495, MCSF_err = 0.0795031
[AnalysisInputs::SetMCSF] sample : ggZZto4mu
[AnalysisInputs::SetMCSF] => MCSF = 0.978495, MCSF_err = 0.0795031
[AnalysisInputs::SetMCSF] sample : ggZZto4tau
[AnalysisInputs::SetMCSF] => MCSF = 0.978495, MCSF_err = 0.0795031
[AnalysisInputs::SetMCSF] sample : ggHtoZZ
[AnalysisInputs::SetMCSF] => MCSF = 0.978495, MCSF_err = 0.0795031
[AnalysisInputs::SetCalculatedSysts] Get Systematics from /data8/Users/jskim/HN_dilepton_plotter/data/v8-0-7.37_ForApproval_Puppi/Syst.txt
[AnalysisInputs::SetCalculatedSysts] source : Luminosity
[AnalysisInputs::SetCalculatedSysts] => % sysematic = 0.025
[AnalysisInputs::SetCalculatedSysts] source : FakeLooseID
[AnalysisInputs::SetCalculatedSysts] => % sysematic = 0.3
[AnalysisInputs::SetCalculatedSysts] source : ChrageFlipSyst
[AnalysisInputs::SetCalculatedSysts] => % sysematic = 0.16
[CutRangeInfo::ReadCutCard] Get Cutcard from /data8/Users/jskim/HN_dilepton_plotter/data/v8-0-7.37_ForApproval_Puppi/CutOpCard/RunDirectory/Cards_MuMu_Bin1/HNMuMu_600.txt
Central	0.27463	0	0
_MuonEn_up	0.321874	0	0
_MuonEn_down	0.26361	0	0
_MuonIDSF_up	0.28399	0	0
_MuonIDSF_down	0.268461	0	0
_Rocc_up	0.288135	0	0
_Rocc_down	0.272078	0	0
_ElectronEn_up	0.27463	0	0
_ElectronEn_down	0.2811	0	0
_ElectronIDSF_up	0.27463	0	0
_ElectronIDSF_down	0.27463	0	0
_TriggerSF_up	0.269782	0	0
_TriggerSF_down	0.27469	0	0
_PU_up	0.275573	0	0
_PU_down	0.2743	0	0
_JetEn_up	0.308468	0	0
_JetEn_down	0.390569	0	0
_JetRes_up	0.384512	0	0
_JetRes_down	0.267221	0	0
_Unclustered_up	0.263975	0	0
_Unclustered_down	0.284591	0	0
_BTagSFEff_up	0.277886	0	0
_BTagSFEff_down	0.27463	0	0
_BTagSFMiss_up	0.271032	0	0
_BTagSFMiss_down	0.281003	0	0
_JetMass_up	0.27463	0	0
_JetMass_down	0.27463	0	0
_JetMassRes_up	0.27463	0	0
_JetMassRes_down	0.274749	0	0
_Tau21_up	0.271507	0	0
_Tau21_down	0.27463	0	0

################ Sources ################
Source	SystTotal	SystPrompt	SystFake	Signal
Stat 30.76 30.76  -nan  -nan  1.65
Lumi 2.50  2.50 -  -  2.50
PDF  -  -  -  -  5.00
MuonPt  12.49 12.49  -  -  4.88
MuonID  2.89 2.89  -  -  3.53
MuonRocc  3.54 3.54  -  -  2.21
ElectronE  1.67 1.67  -  -  0.15
ElectronID  0.00 0.00  -  -  0.11
Trigger  1.25 1.25  -  -  0.57
PU  0.26 0.26  -  -  0.94
JES  31.10 31.10  -  -  2.05
JER  28.36 28.36  -  -  1.42
Uncl  3.76 3.76  -  -  0.92
BEff  0.84 0.84  -  -  0.29
BMiss  1.88 1.88  -  -  0.60
JMS  0.00 0.00  -  -  0.44
JMR  0.03 0.03  -  -  0.10
Tau21  0.80 0.80  -  -  0.10
MCNorm 45.57  45.57 -  -  -
Fake 0.00  -  -nan - -
CF 0.00  -  -  -nan -
Total Systematic 63.67 63.67  -nan  -nan  9.02

Total Background	0.275
- Prompt	0.275
- Fake	0.000
- CF	0.000
- Obs	3.000

####### Result #######
Signal Eff	0.082317
0.274630 1.707171
0.138278 1.091718
