
Processing CyclesForMixingLimit_MuMu_Bin1/HNMuMu_300_VBF.C...
[AnalysisInputs::SetMCSF] Get MC SF from /data8/Users/jskim/HN_dilepton_plotter/data/v8-0-7.37_ForApproval_Puppi/MCSF.txt
[AnalysisInputs::SetMCSF] sample : VVV
[AnalysisInputs::SetMCSF] => MCSF = 1, MCSF_err = 0.5
[AnalysisInputs::SetMCSF] sample : WWW
[AnalysisInputs::SetMCSF] => MCSF = 1, MCSF_err = 0.5
[AnalysisInputs::SetMCSF] sample : WWZ
[AnalysisInputs::SetMCSF] => MCSF = 1, MCSF_err = 0.5
[AnalysisInputs::SetMCSF] sample : WZZ
[AnalysisInputs::SetMCSF] => MCSF = 1, MCSF_err = 0.5
[AnalysisInputs::SetMCSF] sample : ZZZ
[AnalysisInputs::SetMCSF] => MCSF = 1, MCSF_err = 0.5
[AnalysisInputs::SetMCSF] sample : ttV
[AnalysisInputs::SetMCSF] => MCSF = 1, MCSF_err = 0.5
[AnalysisInputs::SetMCSF] sample : ttW
[AnalysisInputs::SetMCSF] => MCSF = 1, MCSF_err = 0.5
[AnalysisInputs::SetMCSF] sample : ttZ
[AnalysisInputs::SetMCSF] => MCSF = 1, MCSF_err = 0.5
[AnalysisInputs::SetMCSF] sample : ttH_nonbb
[AnalysisInputs::SetMCSF] => MCSF = 1, MCSF_err = 0.5
[AnalysisInputs::SetMCSF] sample : top
[AnalysisInputs::SetMCSF] => MCSF = 1, MCSF_err = 0.5
[AnalysisInputs::SetMCSF] sample : WWTo2L2Nu_DS
[AnalysisInputs::SetMCSF] => MCSF = 1, MCSF_err = 0.5
[AnalysisInputs::SetMCSF] sample : WpWpEWK
[AnalysisInputs::SetMCSF] => MCSF = 1.3062, MCSF_err = 0.5
[AnalysisInputs::SetMCSF] sample : WpWpQCD
[AnalysisInputs::SetMCSF] => MCSF = 1.70026, MCSF_err = 0.5
[AnalysisInputs::SetMCSF] sample : WZTo3LNu_mllmin01
[AnalysisInputs::SetMCSF] => MCSF = 0.65, MCSF_err = 0.06
[AnalysisInputs::SetMCSF] sample : WZTo3LNu_powheg
[AnalysisInputs::SetMCSF] => MCSF = 1.05212, MCSF_err = 0.066085
[AnalysisInputs::SetMCSF] sample : ZGto2LG
[AnalysisInputs::SetMCSF] => MCSF = 1.09608, MCSF_err = 0.0747672
[AnalysisInputs::SetMCSF] sample : WGtoLNuG
[AnalysisInputs::SetMCSF] => MCSF = 1, MCSF_err = 0.0747672
[AnalysisInputs::SetMCSF] sample : WGtoLNuG_weighted
[AnalysisInputs::SetMCSF] => MCSF = 1, MCSF_err = 0.0747672
[AnalysisInputs::SetMCSF] sample : ZZTo4L_powheg
[AnalysisInputs::SetMCSF] => MCSF = 0.978495, MCSF_err = 0.0795031
[AnalysisInputs::SetMCSF] sample : ggZZto2e2mu
[AnalysisInputs::SetMCSF] => MCSF = 0.978495, MCSF_err = 0.0795031
[AnalysisInputs::SetMCSF] sample : ggZZto2e2nu
[AnalysisInputs::SetMCSF] => MCSF = 0.978495, MCSF_err = 0.0795031
[AnalysisInputs::SetMCSF] sample : ggZZto2e2tau
[AnalysisInputs::SetMCSF] => MCSF = 0.978495, MCSF_err = 0.0795031
[AnalysisInputs::SetMCSF] sample : ggZZto2mu2nu
[AnalysisInputs::SetMCSF] => MCSF = 0.978495, MCSF_err = 0.0795031
[AnalysisInputs::SetMCSF] sample : ggZZto2mu2tau
[AnalysisInputs::SetMCSF] => MCSF = 0.978495, MCSF_err = 0.0795031
[AnalysisInputs::SetMCSF] sample : ggZZto4e
[AnalysisInputs::SetMCSF] => MCSF = 0.978495, MCSF_err = 0.0795031
[AnalysisInputs::SetMCSF] sample : ggZZto4mu
[AnalysisInputs::SetMCSF] => MCSF = 0.978495, MCSF_err = 0.0795031
[AnalysisInputs::SetMCSF] sample : ggZZto4tau
[AnalysisInputs::SetMCSF] => MCSF = 0.978495, MCSF_err = 0.0795031
[AnalysisInputs::SetMCSF] sample : ggHtoZZ
[AnalysisInputs::SetMCSF] => MCSF = 0.978495, MCSF_err = 0.0795031
[AnalysisInputs::SetCalculatedSysts] Get Systematics from /data8/Users/jskim/HN_dilepton_plotter/data/v8-0-7.37_ForApproval_Puppi/Syst.txt
[AnalysisInputs::SetCalculatedSysts] source : Luminosity
[AnalysisInputs::SetCalculatedSysts] => % sysematic = 0.025
[AnalysisInputs::SetCalculatedSysts] source : FakeLooseID
[AnalysisInputs::SetCalculatedSysts] => % sysematic = 0.3
[AnalysisInputs::SetCalculatedSysts] source : ChrageFlipSyst
[AnalysisInputs::SetCalculatedSysts] => % sysematic = 0.16
[CutRangeInfo::ReadCutCard] Get Cutcard from /data8/Users/jskim/HN_dilepton_plotter/data/v8-0-7.37_ForApproval_Puppi/CutOpCard/RunDirectory/Cards_MuMu_Bin1/HNMuMu_300.txt
Central	2.49753	0.103261	0
_MuonEn_up	2.66627	0.103261	0
_MuonEn_down	2.29652	0.103261	0
_MuonIDSF_up	2.5918	0.103261	0
_MuonIDSF_down	2.41755	0.103261	0
_Rocc_up	2.72335	0.103261	0
_Rocc_down	2.46281	0.103261	0
_ElectronEn_up	2.49671	0.103261	0
_ElectronEn_down	2.50206	0.103261	0
_ElectronIDSF_up	2.49954	0.103261	0
_ElectronIDSF_down	2.50298	0.103261	0
_TriggerSF_up	2.50427	0.103261	0
_TriggerSF_down	2.41009	0.103261	0
_PU_up	2.47074	0.103261	0
_PU_down	2.5274	0.103261	0
_JetEn_up	3.03355	0.103261	0
_JetEn_down	3.18529	0.103261	0
_JetRes_up	2.60806	0.103261	0
_JetRes_down	2.61565	0.103261	0
_Unclustered_up	2.81775	0.103261	0
_Unclustered_down	2.60713	0.103261	0
_BTagSFEff_up	2.48507	0.103261	0
_BTagSFEff_down	2.52055	0.103261	0
_BTagSFMiss_up	2.48749	0.103261	0
_BTagSFMiss_down	2.50527	0.103261	0
_JetMass_up	2.49321	0.103261	0
_JetMass_down	2.48474	0.103261	0
_JetMassRes_up	2.51421	0.103261	0
_JetMassRes_down	2.50649	0.103261	0
_Tau21_up	2.49173	0.103261	0
_Tau21_down	2.49514	0.103261	0

################ Sources ################
Source	SystTotal	SystPrompt	SystFake	Signal
Stat 14.45 14.59  89.43  -nan  1.22
Lumi 2.40  2.50 -  -  2.50
PDF  -  -  -  -  4.70
MuonPt  7.14 7.43  -  -  4.79
MuonID  3.36 3.50  -  -  3.49
MuonRocc  6.21 6.47  -  -  1.13
ElectronE  0.13 0.13  -  -  0.17
ElectronID  0.16 0.16  -  -  0.19
Trigger  2.38 2.48  -  -  0.40
PU  1.09 1.14  -  -  1.45
JES  23.71 24.69  -  -  1.09
JER  4.40 4.58  -  -  1.46
Uncl  9.20 9.58  -  -  1.05
BEff  0.71 0.74  -  -  0.33
BMiss  0.34 0.36  -  -  0.41
JMS  0.37 0.38  -  -  0.13
JMR  0.51 0.54  -  -  0.12
Tau21  0.17 0.18  -  -  0.22
MCNorm 25.97  27.05 -  -  -
Fake 1.19  -  30.00 - -
CF 0.00  -  -  -nan -
Total Systematic 38.17 39.72  30.00  -nan  8.48

Total Background	2.601
- Prompt	2.498
- Fake	0.103
- CF	0.000
- Obs	3.000

####### Result #######
Signal Eff	0.180891
2.600794 1.408102
3.616660 1.085680
