
Processing CyclesForMixingLimit_MuMu_Bin1/HNMuMu_125.C...
[AnalysisInputs::SetMCSF] Get MC SF from /data8/Users/jskim/HN_dilepton_plotter/data/v8-0-7.37_ForApproval_Puppi/MCSF.txt
[AnalysisInputs::SetMCSF] sample : VVV
[AnalysisInputs::SetMCSF] => MCSF = 1, MCSF_err = 0.5
[AnalysisInputs::SetMCSF] sample : WWW
[AnalysisInputs::SetMCSF] => MCSF = 1, MCSF_err = 0.5
[AnalysisInputs::SetMCSF] sample : WWZ
[AnalysisInputs::SetMCSF] => MCSF = 1, MCSF_err = 0.5
[AnalysisInputs::SetMCSF] sample : WZZ
[AnalysisInputs::SetMCSF] => MCSF = 1, MCSF_err = 0.5
[AnalysisInputs::SetMCSF] sample : ZZZ
[AnalysisInputs::SetMCSF] => MCSF = 1, MCSF_err = 0.5
[AnalysisInputs::SetMCSF] sample : ttV
[AnalysisInputs::SetMCSF] => MCSF = 1, MCSF_err = 0.5
[AnalysisInputs::SetMCSF] sample : ttW
[AnalysisInputs::SetMCSF] => MCSF = 1, MCSF_err = 0.5
[AnalysisInputs::SetMCSF] sample : ttZ
[AnalysisInputs::SetMCSF] => MCSF = 1, MCSF_err = 0.5
[AnalysisInputs::SetMCSF] sample : ttH_nonbb
[AnalysisInputs::SetMCSF] => MCSF = 1, MCSF_err = 0.5
[AnalysisInputs::SetMCSF] sample : top
[AnalysisInputs::SetMCSF] => MCSF = 1, MCSF_err = 0.5
[AnalysisInputs::SetMCSF] sample : WWTo2L2Nu_DS
[AnalysisInputs::SetMCSF] => MCSF = 1, MCSF_err = 0.5
[AnalysisInputs::SetMCSF] sample : WpWpEWK
[AnalysisInputs::SetMCSF] => MCSF = 1.3062, MCSF_err = 0.5
[AnalysisInputs::SetMCSF] sample : WpWpQCD
[AnalysisInputs::SetMCSF] => MCSF = 1.70026, MCSF_err = 0.5
[AnalysisInputs::SetMCSF] sample : WZTo3LNu_mllmin01
[AnalysisInputs::SetMCSF] => MCSF = 0.65, MCSF_err = 0.06
[AnalysisInputs::SetMCSF] sample : WZTo3LNu_powheg
[AnalysisInputs::SetMCSF] => MCSF = 1.05212, MCSF_err = 0.066085
[AnalysisInputs::SetMCSF] sample : ZGto2LG
[AnalysisInputs::SetMCSF] => MCSF = 1.09608, MCSF_err = 0.0747672
[AnalysisInputs::SetMCSF] sample : WGtoLNuG
[AnalysisInputs::SetMCSF] => MCSF = 1, MCSF_err = 0.0747672
[AnalysisInputs::SetMCSF] sample : WGtoLNuG_weighted
[AnalysisInputs::SetMCSF] => MCSF = 1, MCSF_err = 0.0747672
[AnalysisInputs::SetMCSF] sample : ZZTo4L_powheg
[AnalysisInputs::SetMCSF] => MCSF = 0.978495, MCSF_err = 0.0795031
[AnalysisInputs::SetMCSF] sample : ggZZto2e2mu
[AnalysisInputs::SetMCSF] => MCSF = 0.978495, MCSF_err = 0.0795031
[AnalysisInputs::SetMCSF] sample : ggZZto2e2nu
[AnalysisInputs::SetMCSF] => MCSF = 0.978495, MCSF_err = 0.0795031
[AnalysisInputs::SetMCSF] sample : ggZZto2e2tau
[AnalysisInputs::SetMCSF] => MCSF = 0.978495, MCSF_err = 0.0795031
[AnalysisInputs::SetMCSF] sample : ggZZto2mu2nu
[AnalysisInputs::SetMCSF] => MCSF = 0.978495, MCSF_err = 0.0795031
[AnalysisInputs::SetMCSF] sample : ggZZto2mu2tau
[AnalysisInputs::SetMCSF] => MCSF = 0.978495, MCSF_err = 0.0795031
[AnalysisInputs::SetMCSF] sample : ggZZto4e
[AnalysisInputs::SetMCSF] => MCSF = 0.978495, MCSF_err = 0.0795031
[AnalysisInputs::SetMCSF] sample : ggZZto4mu
[AnalysisInputs::SetMCSF] => MCSF = 0.978495, MCSF_err = 0.0795031
[AnalysisInputs::SetMCSF] sample : ggZZto4tau
[AnalysisInputs::SetMCSF] => MCSF = 0.978495, MCSF_err = 0.0795031
[AnalysisInputs::SetMCSF] sample : ggHtoZZ
[AnalysisInputs::SetMCSF] => MCSF = 0.978495, MCSF_err = 0.0795031
[AnalysisInputs::SetCalculatedSysts] Get Systematics from /data8/Users/jskim/HN_dilepton_plotter/data/v8-0-7.37_ForApproval_Puppi/Syst.txt
[AnalysisInputs::SetCalculatedSysts] source : Luminosity
[AnalysisInputs::SetCalculatedSysts] => % sysematic = 0.025
[AnalysisInputs::SetCalculatedSysts] source : FakeLooseID
[AnalysisInputs::SetCalculatedSysts] => % sysematic = 0.3
[AnalysisInputs::SetCalculatedSysts] source : ChrageFlipSyst
[AnalysisInputs::SetCalculatedSysts] => % sysematic = 0.16
[CutRangeInfo::ReadCutCard] Get Cutcard from /data8/Users/jskim/HN_dilepton_plotter/data/v8-0-7.37_ForApproval_Puppi/CutOpCard/RunDirectory/Cards_MuMu_Bin1/HNMuMu_125.txt
Central	6.85547	4.92812	0
_MuonEn_up	6.76169	4.92812	0
_MuonEn_down	6.72785	4.92812	0
_MuonIDSF_up	6.95011	4.92812	0
_MuonIDSF_down	6.63503	4.92812	0
_Rocc_up	6.66438	4.92812	0
_Rocc_down	6.54662	4.92812	0
_ElectronEn_up	6.84647	4.92812	0
_ElectronEn_down	6.77768	4.92812	0
_ElectronIDSF_up	6.86209	4.92812	0
_ElectronIDSF_down	6.79142	4.92812	0
_TriggerSF_up	6.8558	4.92812	0
_TriggerSF_down	6.81247	4.92812	0
_PU_up	6.57474	4.92812	0
_PU_down	6.98995	4.92812	0
_JetEn_up	7.51352	4.92812	0
_JetEn_down	8.25134	4.92812	0
_JetRes_up	7.18384	4.92812	0
_JetRes_down	6.60692	4.92812	0
_Unclustered_up	7.10902	4.92812	0
_Unclustered_down	7.41793	4.92812	0
_BTagSFEff_up	6.86966	4.92812	0
_BTagSFEff_down	6.81386	4.92812	0
_BTagSFMiss_up	6.81014	4.92812	0
_BTagSFMiss_down	6.84717	4.92812	0
_JetMass_up	6.84136	4.92812	0
_JetMass_down	6.73622	4.92812	0
_JetMassRes_up	6.8302	4.92812	0
_JetMassRes_down	6.82055	4.92812	0
_Tau21_up	6.79275	4.92812	0
_Tau21_down	6.74103	4.92812	0

################ Sources ################
Source	SystTotal	SystPrompt	SystFake	Signal
Stat 8.80 12.00  12.80  -nan  2.08
Lumi 1.45  2.50 -  -  2.50
PDF  -  -  -  -  5.00
MuonPt  0.95 1.63  -  -  0.28
MuonID  1.44 2.47  -  -  2.75
MuonRocc  2.18 3.75  -  -  0.80
ElectronE  0.47 0.81  -  -  0.24
ElectronID  0.39 0.66  -  -  0.35
Trigger  0.26 0.44  -  -  0.43
PU  1.87 3.21  -  -  2.70
JES  9.26 15.92  -  -  2.89
JER  2.47 4.25  -  -  1.96
Uncl  3.70 6.36  -  -  2.57
BEff  0.26 0.45  -  -  0.30
BMiss  0.28 0.48  -  -  0.38
JMS  0.72 1.24  -  -  0.17
JMR  0.26 0.44  -  -  0.23
Tau21  0.78 1.35  -  -  0.22
MCNorm 12.10  20.79 -  -  -
Fake 12.55  -  30.00 - -
CF 0.00  -  -  -nan -
Total Systematic 20.60 28.09  30.00  -nan  8.14

Total Background	11.784
- Prompt	6.855
- Fake	4.928
- CF	0.000
- Obs	12.000

####### Result #######
Signal Eff	0.051052
11.783589 1.224007
43.475025 1.084037
