
Processing CyclesForMixingLimit_MuMu_Bin1/HNMuMu_85.C...
[AnalysisInputs::SetMCSF] Get MC SF from /data8/Users/jskim/HN_dilepton_plotter/data/v8-0-7.37_ForApproval_Puppi/MCSF.txt
[AnalysisInputs::SetMCSF] sample : VVV
[AnalysisInputs::SetMCSF] => MCSF = 1, MCSF_err = 0.5
[AnalysisInputs::SetMCSF] sample : WWW
[AnalysisInputs::SetMCSF] => MCSF = 1, MCSF_err = 0.5
[AnalysisInputs::SetMCSF] sample : WWZ
[AnalysisInputs::SetMCSF] => MCSF = 1, MCSF_err = 0.5
[AnalysisInputs::SetMCSF] sample : WZZ
[AnalysisInputs::SetMCSF] => MCSF = 1, MCSF_err = 0.5
[AnalysisInputs::SetMCSF] sample : ZZZ
[AnalysisInputs::SetMCSF] => MCSF = 1, MCSF_err = 0.5
[AnalysisInputs::SetMCSF] sample : ttV
[AnalysisInputs::SetMCSF] => MCSF = 1, MCSF_err = 0.5
[AnalysisInputs::SetMCSF] sample : ttW
[AnalysisInputs::SetMCSF] => MCSF = 1, MCSF_err = 0.5
[AnalysisInputs::SetMCSF] sample : ttZ
[AnalysisInputs::SetMCSF] => MCSF = 1, MCSF_err = 0.5
[AnalysisInputs::SetMCSF] sample : ttH_nonbb
[AnalysisInputs::SetMCSF] => MCSF = 1, MCSF_err = 0.5
[AnalysisInputs::SetMCSF] sample : top
[AnalysisInputs::SetMCSF] => MCSF = 1, MCSF_err = 0.5
[AnalysisInputs::SetMCSF] sample : WWTo2L2Nu_DS
[AnalysisInputs::SetMCSF] => MCSF = 1, MCSF_err = 0.5
[AnalysisInputs::SetMCSF] sample : WpWpEWK
[AnalysisInputs::SetMCSF] => MCSF = 1.3062, MCSF_err = 0.5
[AnalysisInputs::SetMCSF] sample : WpWpQCD
[AnalysisInputs::SetMCSF] => MCSF = 1.70026, MCSF_err = 0.5
[AnalysisInputs::SetMCSF] sample : WZTo3LNu_mllmin01
[AnalysisInputs::SetMCSF] => MCSF = 0.65, MCSF_err = 0.06
[AnalysisInputs::SetMCSF] sample : WZTo3LNu_powheg
[AnalysisInputs::SetMCSF] => MCSF = 1.05212, MCSF_err = 0.066085
[AnalysisInputs::SetMCSF] sample : ZGto2LG
[AnalysisInputs::SetMCSF] => MCSF = 1.09608, MCSF_err = 0.0747672
[AnalysisInputs::SetMCSF] sample : WGtoLNuG
[AnalysisInputs::SetMCSF] => MCSF = 1, MCSF_err = 0.0747672
[AnalysisInputs::SetMCSF] sample : WGtoLNuG_weighted
[AnalysisInputs::SetMCSF] => MCSF = 1, MCSF_err = 0.0747672
[AnalysisInputs::SetMCSF] sample : ZZTo4L_powheg
[AnalysisInputs::SetMCSF] => MCSF = 0.978495, MCSF_err = 0.0795031
[AnalysisInputs::SetMCSF] sample : ggZZto2e2mu
[AnalysisInputs::SetMCSF] => MCSF = 0.978495, MCSF_err = 0.0795031
[AnalysisInputs::SetMCSF] sample : ggZZto2e2nu
[AnalysisInputs::SetMCSF] => MCSF = 0.978495, MCSF_err = 0.0795031
[AnalysisInputs::SetMCSF] sample : ggZZto2e2tau
[AnalysisInputs::SetMCSF] => MCSF = 0.978495, MCSF_err = 0.0795031
[AnalysisInputs::SetMCSF] sample : ggZZto2mu2nu
[AnalysisInputs::SetMCSF] => MCSF = 0.978495, MCSF_err = 0.0795031
[AnalysisInputs::SetMCSF] sample : ggZZto2mu2tau
[AnalysisInputs::SetMCSF] => MCSF = 0.978495, MCSF_err = 0.0795031
[AnalysisInputs::SetMCSF] sample : ggZZto4e
[AnalysisInputs::SetMCSF] => MCSF = 0.978495, MCSF_err = 0.0795031
[AnalysisInputs::SetMCSF] sample : ggZZto4mu
[AnalysisInputs::SetMCSF] => MCSF = 0.978495, MCSF_err = 0.0795031
[AnalysisInputs::SetMCSF] sample : ggZZto4tau
[AnalysisInputs::SetMCSF] => MCSF = 0.978495, MCSF_err = 0.0795031
[AnalysisInputs::SetMCSF] sample : ggHtoZZ
[AnalysisInputs::SetMCSF] => MCSF = 0.978495, MCSF_err = 0.0795031
[AnalysisInputs::SetCalculatedSysts] Get Systematics from /data8/Users/jskim/HN_dilepton_plotter/data/v8-0-7.37_ForApproval_Puppi/Syst.txt
[AnalysisInputs::SetCalculatedSysts] source : Luminosity
[AnalysisInputs::SetCalculatedSysts] => % sysematic = 0.025
[AnalysisInputs::SetCalculatedSysts] source : FakeLooseID
[AnalysisInputs::SetCalculatedSysts] => % sysematic = 0.3
[AnalysisInputs::SetCalculatedSysts] source : ChrageFlipSyst
[AnalysisInputs::SetCalculatedSysts] => % sysematic = 0.16
[CutRangeInfo::ReadCutCard] Get Cutcard from /data8/Users/jskim/HN_dilepton_plotter/data/v8-0-7.37_ForApproval_Puppi/CutOpCard/RunDirectory/Cards_MuMu_Bin1/HNMuMu_85.txt
Central	8.54494	17.5447	0
_MuonEn_up	8.6295	17.5447	0
_MuonEn_down	8.50438	17.5447	0
_MuonIDSF_up	8.76005	17.5447	0
_MuonIDSF_down	8.26306	17.5447	0
_Rocc_up	8.55691	17.5447	0
_Rocc_down	8.53428	17.5447	0
_ElectronEn_up	8.51692	17.5447	0
_ElectronEn_down	8.55268	17.5447	0
_ElectronIDSF_up	8.50753	17.5447	0
_ElectronIDSF_down	8.50784	17.5447	0
_TriggerSF_up	8.60733	17.5447	0
_TriggerSF_down	8.58819	17.5447	0
_PU_up	8.52314	17.5447	0
_PU_down	8.3828	17.5447	0
_JetEn_up	10.0095	17.5447	0
_JetEn_down	10.2132	17.5447	0
_JetRes_up	9.796	17.5447	0
_JetRes_down	8.01826	17.5447	0
_Unclustered_up	8.87826	17.5447	0
_Unclustered_down	9.17233	17.5447	0
_BTagSFEff_up	8.50658	17.5447	0
_BTagSFEff_down	8.51407	17.5447	0
_BTagSFMiss_up	8.51255	17.5447	0
_BTagSFMiss_down	8.54683	17.5447	0
_JetMass_up	8.63175	17.5447	0
_JetMass_down	8.52011	17.5447	0
_JetMassRes_up	8.51195	17.5447	0
_JetMassRes_down	8.42419	17.5447	0
_Tau21_up	8.50649	17.5447	0
_Tau21_down	8.54924	17.5447	0

################ Sources ################
Source	SystTotal	SystPrompt	SystFake	Signal
Stat 10.04 22.15  10.33  -nan  5.70
Lumi 0.82  2.50 -  -  2.50
PDF  -  -  -  -  5.00
MuonPt  0.25 0.78  -  -  0.58
MuonID  0.96 2.93  -  -  3.30
MuonRocc  0.04 0.13  -  -  2.01
ElectronE  0.08 0.24  -  -  1.14
ElectronID  0.14 0.44  -  -  0.42
Trigger  0.21 0.63  -  -  1.63
PU  0.44 1.35  -  -  2.68
JES  6.02 18.37  -  -  5.28
JER  3.68 11.23  -  -  1.42
Uncl  1.93 5.88  -  -  4.24
BEff  0.13 0.41  -  -  0.74
BMiss  0.09 0.27  -  -  0.81
JMS  0.24 0.75  -  -  0.47
JMR  0.34 1.04  -  -  0.55
Tau21  0.10 0.32  -  -  1.61
MCNorm 4.11  12.55 -  -  -
Fake 20.17  -  30.00 - -
CF 0.00  -  -  -nan -
Total Systematic 21.90 25.99  30.00  -nan  10.49

Total Background	26.090
- Prompt	8.545
- Fake	17.545
- CF	0.000
- Obs	30.000

####### Result #######
Signal Eff	0.006047
26.089651 1.240904
44.733394 1.119394
