
Processing CyclesForMixingLimit_MuMu_Bin1/HNMuMu_70.C...
[AnalysisInputs::SetMCSF] Get MC SF from /data8/Users/jskim/HN_dilepton_plotter/data/v8-0-7.37_ForApproval_Puppi/MCSF.txt
[AnalysisInputs::SetMCSF] sample : VVV
[AnalysisInputs::SetMCSF] => MCSF = 1, MCSF_err = 0.5
[AnalysisInputs::SetMCSF] sample : WWW
[AnalysisInputs::SetMCSF] => MCSF = 1, MCSF_err = 0.5
[AnalysisInputs::SetMCSF] sample : WWZ
[AnalysisInputs::SetMCSF] => MCSF = 1, MCSF_err = 0.5
[AnalysisInputs::SetMCSF] sample : WZZ
[AnalysisInputs::SetMCSF] => MCSF = 1, MCSF_err = 0.5
[AnalysisInputs::SetMCSF] sample : ZZZ
[AnalysisInputs::SetMCSF] => MCSF = 1, MCSF_err = 0.5
[AnalysisInputs::SetMCSF] sample : ttV
[AnalysisInputs::SetMCSF] => MCSF = 1, MCSF_err = 0.5
[AnalysisInputs::SetMCSF] sample : ttW
[AnalysisInputs::SetMCSF] => MCSF = 1, MCSF_err = 0.5
[AnalysisInputs::SetMCSF] sample : ttZ
[AnalysisInputs::SetMCSF] => MCSF = 1, MCSF_err = 0.5
[AnalysisInputs::SetMCSF] sample : ttH_nonbb
[AnalysisInputs::SetMCSF] => MCSF = 1, MCSF_err = 0.5
[AnalysisInputs::SetMCSF] sample : top
[AnalysisInputs::SetMCSF] => MCSF = 1, MCSF_err = 0.5
[AnalysisInputs::SetMCSF] sample : WWTo2L2Nu_DS
[AnalysisInputs::SetMCSF] => MCSF = 1, MCSF_err = 0.5
[AnalysisInputs::SetMCSF] sample : WpWpEWK
[AnalysisInputs::SetMCSF] => MCSF = 1.3062, MCSF_err = 0.5
[AnalysisInputs::SetMCSF] sample : WpWpQCD
[AnalysisInputs::SetMCSF] => MCSF = 1.70026, MCSF_err = 0.5
[AnalysisInputs::SetMCSF] sample : WZTo3LNu_mllmin01
[AnalysisInputs::SetMCSF] => MCSF = 0.65, MCSF_err = 0.06
[AnalysisInputs::SetMCSF] sample : WZTo3LNu_powheg
[AnalysisInputs::SetMCSF] => MCSF = 1.05212, MCSF_err = 0.066085
[AnalysisInputs::SetMCSF] sample : ZGto2LG
[AnalysisInputs::SetMCSF] => MCSF = 1.09608, MCSF_err = 0.0747672
[AnalysisInputs::SetMCSF] sample : WGtoLNuG
[AnalysisInputs::SetMCSF] => MCSF = 1, MCSF_err = 0.0747672
[AnalysisInputs::SetMCSF] sample : WGtoLNuG_weighted
[AnalysisInputs::SetMCSF] => MCSF = 1, MCSF_err = 0.0747672
[AnalysisInputs::SetMCSF] sample : ZZTo4L_powheg
[AnalysisInputs::SetMCSF] => MCSF = 0.978495, MCSF_err = 0.0795031
[AnalysisInputs::SetMCSF] sample : ggZZto2e2mu
[AnalysisInputs::SetMCSF] => MCSF = 0.978495, MCSF_err = 0.0795031
[AnalysisInputs::SetMCSF] sample : ggZZto2e2nu
[AnalysisInputs::SetMCSF] => MCSF = 0.978495, MCSF_err = 0.0795031
[AnalysisInputs::SetMCSF] sample : ggZZto2e2tau
[AnalysisInputs::SetMCSF] => MCSF = 0.978495, MCSF_err = 0.0795031
[AnalysisInputs::SetMCSF] sample : ggZZto2mu2nu
[AnalysisInputs::SetMCSF] => MCSF = 0.978495, MCSF_err = 0.0795031
[AnalysisInputs::SetMCSF] sample : ggZZto2mu2tau
[AnalysisInputs::SetMCSF] => MCSF = 0.978495, MCSF_err = 0.0795031
[AnalysisInputs::SetMCSF] sample : ggZZto4e
[AnalysisInputs::SetMCSF] => MCSF = 0.978495, MCSF_err = 0.0795031
[AnalysisInputs::SetMCSF] sample : ggZZto4mu
[AnalysisInputs::SetMCSF] => MCSF = 0.978495, MCSF_err = 0.0795031
[AnalysisInputs::SetMCSF] sample : ggZZto4tau
[AnalysisInputs::SetMCSF] => MCSF = 0.978495, MCSF_err = 0.0795031
[AnalysisInputs::SetMCSF] sample : ggHtoZZ
[AnalysisInputs::SetMCSF] => MCSF = 0.978495, MCSF_err = 0.0795031
[AnalysisInputs::SetCalculatedSysts] Get Systematics from /data8/Users/jskim/HN_dilepton_plotter/data/v8-0-7.37_ForApproval_Puppi/Syst.txt
[AnalysisInputs::SetCalculatedSysts] source : Luminosity
[AnalysisInputs::SetCalculatedSysts] => % sysematic = 0.025
[AnalysisInputs::SetCalculatedSysts] source : FakeLooseID
[AnalysisInputs::SetCalculatedSysts] => % sysematic = 0.3
[AnalysisInputs::SetCalculatedSysts] source : ChrageFlipSyst
[AnalysisInputs::SetCalculatedSysts] => % sysematic = 0.16
[CutRangeInfo::ReadCutCard] Get Cutcard from /data8/Users/jskim/HN_dilepton_plotter/data/v8-0-7.37_ForApproval_Puppi/CutOpCard/RunDirectory/Cards_MuMu_Bin1/HNMuMu_70.txt
Central	9.84108	10.4218	0
_MuonEn_up	9.90393	10.4218	0
_MuonEn_down	9.93448	10.4218	0
_MuonIDSF_up	10.1079	10.4218	0
_MuonIDSF_down	9.572	10.4218	0
_Rocc_up	9.91188	10.4218	0
_Rocc_down	9.86727	10.4218	0
_ElectronEn_up	9.8718	10.4218	0
_ElectronEn_down	9.83544	10.4218	0
_ElectronIDSF_up	9.88598	10.4218	0
_ElectronIDSF_down	9.77207	10.4218	0
_TriggerSF_up	9.90183	10.4218	0
_TriggerSF_down	9.91036	10.4218	0
_PU_up	9.83494	10.4218	0
_PU_down	9.75849	10.4218	0
_JetEn_up	9.09895	10.4218	0
_JetEn_down	9.79461	10.4218	0
_JetRes_up	9.7802	10.4218	0
_JetRes_down	9.73077	10.4218	0
_Unclustered_up	9.66692	10.4218	0
_Unclustered_down	10.7582	10.4218	0
_BTagSFEff_up	9.83221	10.4218	0
_BTagSFEff_down	9.82971	10.4218	0
_BTagSFMiss_up	9.82797	10.4218	0
_BTagSFMiss_down	9.92514	10.4218	0
_JetMass_up	9.8531	10.4218	0
_JetMass_down	9.83102	10.4218	0
_JetMassRes_up	9.83437	10.4218	0
_JetMassRes_down	9.83066	10.4218	0
_Tau21_up	9.92909	10.4218	0
_Tau21_down	9.83137	10.4218	0

################ Sources ################
Source	SystTotal	SystPrompt	SystFake	Signal
Stat 11.51 20.65  10.96  -nan  8.16
Lumi 1.21  2.50 -  -  2.50
PDF  -  -  -  -  9.00
MuonPt  0.39 0.81  -  -  0.53
MuonID  1.32 2.72  -  -  3.10
MuonRocc  0.26 0.54  -  -  3.06
ElectronE  0.11 0.22  -  -  0.71
ElectronID  0.29 0.59  -  -  0.50
Trigger  0.32 0.66  -  -  0.68
PU  0.29 0.60  -  -  0.92
JES  2.59 5.34  -  -  1.48
JER  0.44 0.91  -  -  0.63
Uncl  3.26 6.71  -  -  3.88
BEff  0.05 0.10  -  -  0.52
BMiss  0.30 0.61  -  -  1.90
JMS  0.05 0.11  -  -  0.35
JMR  0.04 0.09  -  -  0.14
Tau21  0.31 0.64  -  -  0.00
MCNorm 6.40  13.18 -  -  -
Fake 15.43  -  30.00 - -
CF 0.00  -  -  -nan -
Total Systematic 17.34 16.27  30.00  -nan  11.41

Total Background	20.263
- Prompt	9.841
- Fake	10.422
- CF	0.000
- Obs	21.000

####### Result #######
Signal Eff	0.001695
20.262891 1.208069
221.531724 1.140292
