
Processing CyclesForMixingLimit_MuMu_Bin1/HNMuMu_150.C...
[AnalysisInputs::SetMCSF] Get MC SF from /data8/Users/jskim/HN_dilepton_plotter/data/v8-0-7.37_ForApproval_Puppi/MCSF.txt
[AnalysisInputs::SetMCSF] sample : VVV
[AnalysisInputs::SetMCSF] => MCSF = 1, MCSF_err = 0.5
[AnalysisInputs::SetMCSF] sample : WWW
[AnalysisInputs::SetMCSF] => MCSF = 1, MCSF_err = 0.5
[AnalysisInputs::SetMCSF] sample : WWZ
[AnalysisInputs::SetMCSF] => MCSF = 1, MCSF_err = 0.5
[AnalysisInputs::SetMCSF] sample : WZZ
[AnalysisInputs::SetMCSF] => MCSF = 1, MCSF_err = 0.5
[AnalysisInputs::SetMCSF] sample : ZZZ
[AnalysisInputs::SetMCSF] => MCSF = 1, MCSF_err = 0.5
[AnalysisInputs::SetMCSF] sample : ttV
[AnalysisInputs::SetMCSF] => MCSF = 1, MCSF_err = 0.5
[AnalysisInputs::SetMCSF] sample : ttW
[AnalysisInputs::SetMCSF] => MCSF = 1, MCSF_err = 0.5
[AnalysisInputs::SetMCSF] sample : ttZ
[AnalysisInputs::SetMCSF] => MCSF = 1, MCSF_err = 0.5
[AnalysisInputs::SetMCSF] sample : ttH_nonbb
[AnalysisInputs::SetMCSF] => MCSF = 1, MCSF_err = 0.5
[AnalysisInputs::SetMCSF] sample : top
[AnalysisInputs::SetMCSF] => MCSF = 1, MCSF_err = 0.5
[AnalysisInputs::SetMCSF] sample : WWTo2L2Nu_DS
[AnalysisInputs::SetMCSF] => MCSF = 1, MCSF_err = 0.5
[AnalysisInputs::SetMCSF] sample : WpWpEWK
[AnalysisInputs::SetMCSF] => MCSF = 1.3062, MCSF_err = 0.5
[AnalysisInputs::SetMCSF] sample : WpWpQCD
[AnalysisInputs::SetMCSF] => MCSF = 1.70026, MCSF_err = 0.5
[AnalysisInputs::SetMCSF] sample : WZTo3LNu_mllmin01
[AnalysisInputs::SetMCSF] => MCSF = 0.65, MCSF_err = 0.06
[AnalysisInputs::SetMCSF] sample : WZTo3LNu_powheg
[AnalysisInputs::SetMCSF] => MCSF = 1.05212, MCSF_err = 0.066085
[AnalysisInputs::SetMCSF] sample : ZGto2LG
[AnalysisInputs::SetMCSF] => MCSF = 1.09608, MCSF_err = 0.0747672
[AnalysisInputs::SetMCSF] sample : WGtoLNuG
[AnalysisInputs::SetMCSF] => MCSF = 1, MCSF_err = 0.0747672
[AnalysisInputs::SetMCSF] sample : WGtoLNuG_weighted
[AnalysisInputs::SetMCSF] => MCSF = 1, MCSF_err = 0.0747672
[AnalysisInputs::SetMCSF] sample : ZZTo4L_powheg
[AnalysisInputs::SetMCSF] => MCSF = 0.978495, MCSF_err = 0.0795031
[AnalysisInputs::SetMCSF] sample : ggZZto2e2mu
[AnalysisInputs::SetMCSF] => MCSF = 0.978495, MCSF_err = 0.0795031
[AnalysisInputs::SetMCSF] sample : ggZZto2e2nu
[AnalysisInputs::SetMCSF] => MCSF = 0.978495, MCSF_err = 0.0795031
[AnalysisInputs::SetMCSF] sample : ggZZto2e2tau
[AnalysisInputs::SetMCSF] => MCSF = 0.978495, MCSF_err = 0.0795031
[AnalysisInputs::SetMCSF] sample : ggZZto2mu2nu
[AnalysisInputs::SetMCSF] => MCSF = 0.978495, MCSF_err = 0.0795031
[AnalysisInputs::SetMCSF] sample : ggZZto2mu2tau
[AnalysisInputs::SetMCSF] => MCSF = 0.978495, MCSF_err = 0.0795031
[AnalysisInputs::SetMCSF] sample : ggZZto4e
[AnalysisInputs::SetMCSF] => MCSF = 0.978495, MCSF_err = 0.0795031
[AnalysisInputs::SetMCSF] sample : ggZZto4mu
[AnalysisInputs::SetMCSF] => MCSF = 0.978495, MCSF_err = 0.0795031
[AnalysisInputs::SetMCSF] sample : ggZZto4tau
[AnalysisInputs::SetMCSF] => MCSF = 0.978495, MCSF_err = 0.0795031
[AnalysisInputs::SetMCSF] sample : ggHtoZZ
[AnalysisInputs::SetMCSF] => MCSF = 0.978495, MCSF_err = 0.0795031
[AnalysisInputs::SetCalculatedSysts] Get Systematics from /data8/Users/jskim/HN_dilepton_plotter/data/v8-0-7.37_ForApproval_Puppi/Syst.txt
[AnalysisInputs::SetCalculatedSysts] source : Luminosity
[AnalysisInputs::SetCalculatedSysts] => % sysematic = 0.025
[AnalysisInputs::SetCalculatedSysts] source : FakeLooseID
[AnalysisInputs::SetCalculatedSysts] => % sysematic = 0.3
[AnalysisInputs::SetCalculatedSysts] source : ChrageFlipSyst
[AnalysisInputs::SetCalculatedSysts] => % sysematic = 0.16
[CutRangeInfo::ReadCutCard] Get Cutcard from /data8/Users/jskim/HN_dilepton_plotter/data/v8-0-7.37_ForApproval_Puppi/CutOpCard/RunDirectory/Cards_MuMu_Bin1/HNMuMu_150.txt
Central	5.82835	3.07911	0
_MuonEn_up	5.76758	3.07911	0
_MuonEn_down	5.78349	3.07911	0
_MuonIDSF_up	5.92667	3.07911	0
_MuonIDSF_down	5.67802	3.07911	0
_Rocc_up	5.85029	3.07911	0
_Rocc_down	5.84714	3.07911	0
_ElectronEn_up	5.83878	3.07911	0
_ElectronEn_down	5.84371	3.07911	0
_ElectronIDSF_up	5.81846	3.07911	0
_ElectronIDSF_down	5.82094	3.07911	0
_TriggerSF_up	5.96693	3.07911	0
_TriggerSF_down	5.82838	3.07911	0
_PU_up	5.59115	3.07911	0
_PU_down	6.35358	3.07911	0
_JetEn_up	6.11722	3.07911	0
_JetEn_down	6.19933	3.07911	0
_JetRes_up	6.11772	3.07911	0
_JetRes_down	5.77175	3.07911	0
_Unclustered_up	6.00086	3.07911	0
_Unclustered_down	6.50209	3.07911	0
_BTagSFEff_up	5.79839	3.07911	0
_BTagSFEff_down	5.74454	3.07911	0
_BTagSFMiss_up	5.73494	3.07911	0
_BTagSFMiss_down	5.82727	3.07911	0
_JetMass_up	5.83154	3.07911	0
_JetMass_down	5.84585	3.07911	0
_JetMassRes_up	5.84057	3.07911	0
_JetMassRes_down	5.82267	3.07911	0
_Tau21_up	5.80567	3.07911	0
_Tau21_down	5.7294	3.07911	0

################ Sources ################
Source	SystTotal	SystPrompt	SystFake	Signal
Stat 9.21 11.87  14.30  -nan  1.82
Lumi 1.64  2.50 -  -  2.50
PDF  -  -  -  -  5.00
MuonPt  0.60 0.92  -  -  0.25
MuonID  1.43 2.18  -  -  3.01
MuonRocc  0.23 0.35  -  -  0.87
ElectronE  0.15 0.23  -  -  0.35
ElectronID  0.10 0.15  -  -  0.23
Trigger  1.10 1.68  -  -  0.64
PU  4.57 6.99  -  -  1.56
JES  3.73 5.70  -  -  2.50
JER  2.34 3.58  -  -  1.40
Uncl  5.52 8.44  -  -  2.74
BEff  0.71 1.08  -  -  0.21
BMiss  0.74 1.13  -  -  0.35
JMS  0.14 0.22  -  -  0.28
JMR  0.11 0.16  -  -  0.13
Tau21  0.81 1.23  -  -  0.03
MCNorm 13.34  20.38 -  -  -
Fake 10.37  -  30.00 - -
CF 0.00  -  -  -nan -
Total Systematic 19.09 24.49  30.00  -nan  7.76

Total Background	8.907
- Prompt	5.828
- Fake	3.079
- CF	0.000
- Obs	12.000

####### Result #######
Signal Eff	0.066083
8.907460 1.211913
25.451166 1.079662
