
Processing CyclesForMixingLimit_MuMu_Bin1/HNMuMu_250.C...
[AnalysisInputs::SetMCSF] Get MC SF from /data8/Users/jskim/HN_dilepton_plotter/data/v8-0-7.37_ForApproval_Puppi/MCSF.txt
[AnalysisInputs::SetMCSF] sample : VVV
[AnalysisInputs::SetMCSF] => MCSF = 1, MCSF_err = 0.5
[AnalysisInputs::SetMCSF] sample : WWW
[AnalysisInputs::SetMCSF] => MCSF = 1, MCSF_err = 0.5
[AnalysisInputs::SetMCSF] sample : WWZ
[AnalysisInputs::SetMCSF] => MCSF = 1, MCSF_err = 0.5
[AnalysisInputs::SetMCSF] sample : WZZ
[AnalysisInputs::SetMCSF] => MCSF = 1, MCSF_err = 0.5
[AnalysisInputs::SetMCSF] sample : ZZZ
[AnalysisInputs::SetMCSF] => MCSF = 1, MCSF_err = 0.5
[AnalysisInputs::SetMCSF] sample : ttV
[AnalysisInputs::SetMCSF] => MCSF = 1, MCSF_err = 0.5
[AnalysisInputs::SetMCSF] sample : ttW
[AnalysisInputs::SetMCSF] => MCSF = 1, MCSF_err = 0.5
[AnalysisInputs::SetMCSF] sample : ttZ
[AnalysisInputs::SetMCSF] => MCSF = 1, MCSF_err = 0.5
[AnalysisInputs::SetMCSF] sample : ttH_nonbb
[AnalysisInputs::SetMCSF] => MCSF = 1, MCSF_err = 0.5
[AnalysisInputs::SetMCSF] sample : top
[AnalysisInputs::SetMCSF] => MCSF = 1, MCSF_err = 0.5
[AnalysisInputs::SetMCSF] sample : WWTo2L2Nu_DS
[AnalysisInputs::SetMCSF] => MCSF = 1, MCSF_err = 0.5
[AnalysisInputs::SetMCSF] sample : WpWpEWK
[AnalysisInputs::SetMCSF] => MCSF = 1.3062, MCSF_err = 0.5
[AnalysisInputs::SetMCSF] sample : WpWpQCD
[AnalysisInputs::SetMCSF] => MCSF = 1.70026, MCSF_err = 0.5
[AnalysisInputs::SetMCSF] sample : WZTo3LNu_mllmin01
[AnalysisInputs::SetMCSF] => MCSF = 0.65, MCSF_err = 0.06
[AnalysisInputs::SetMCSF] sample : WZTo3LNu_powheg
[AnalysisInputs::SetMCSF] => MCSF = 1.05212, MCSF_err = 0.066085
[AnalysisInputs::SetMCSF] sample : ZGto2LG
[AnalysisInputs::SetMCSF] => MCSF = 1.09608, MCSF_err = 0.0747672
[AnalysisInputs::SetMCSF] sample : WGtoLNuG
[AnalysisInputs::SetMCSF] => MCSF = 1, MCSF_err = 0.0747672
[AnalysisInputs::SetMCSF] sample : WGtoLNuG_weighted
[AnalysisInputs::SetMCSF] => MCSF = 1, MCSF_err = 0.0747672
[AnalysisInputs::SetMCSF] sample : ZZTo4L_powheg
[AnalysisInputs::SetMCSF] => MCSF = 0.978495, MCSF_err = 0.0795031
[AnalysisInputs::SetMCSF] sample : ggZZto2e2mu
[AnalysisInputs::SetMCSF] => MCSF = 0.978495, MCSF_err = 0.0795031
[AnalysisInputs::SetMCSF] sample : ggZZto2e2nu
[AnalysisInputs::SetMCSF] => MCSF = 0.978495, MCSF_err = 0.0795031
[AnalysisInputs::SetMCSF] sample : ggZZto2e2tau
[AnalysisInputs::SetMCSF] => MCSF = 0.978495, MCSF_err = 0.0795031
[AnalysisInputs::SetMCSF] sample : ggZZto2mu2nu
[AnalysisInputs::SetMCSF] => MCSF = 0.978495, MCSF_err = 0.0795031
[AnalysisInputs::SetMCSF] sample : ggZZto2mu2tau
[AnalysisInputs::SetMCSF] => MCSF = 0.978495, MCSF_err = 0.0795031
[AnalysisInputs::SetMCSF] sample : ggZZto4e
[AnalysisInputs::SetMCSF] => MCSF = 0.978495, MCSF_err = 0.0795031
[AnalysisInputs::SetMCSF] sample : ggZZto4mu
[AnalysisInputs::SetMCSF] => MCSF = 0.978495, MCSF_err = 0.0795031
[AnalysisInputs::SetMCSF] sample : ggZZto4tau
[AnalysisInputs::SetMCSF] => MCSF = 0.978495, MCSF_err = 0.0795031
[AnalysisInputs::SetMCSF] sample : ggHtoZZ
[AnalysisInputs::SetMCSF] => MCSF = 0.978495, MCSF_err = 0.0795031
[AnalysisInputs::SetCalculatedSysts] Get Systematics from /data8/Users/jskim/HN_dilepton_plotter/data/v8-0-7.37_ForApproval_Puppi/Syst.txt
[AnalysisInputs::SetCalculatedSysts] source : Luminosity
[AnalysisInputs::SetCalculatedSysts] => % sysematic = 0.025
[AnalysisInputs::SetCalculatedSysts] source : FakeLooseID
[AnalysisInputs::SetCalculatedSysts] => % sysematic = 0.3
[AnalysisInputs::SetCalculatedSysts] source : ChrageFlipSyst
[AnalysisInputs::SetCalculatedSysts] => % sysematic = 0.16
[CutRangeInfo::ReadCutCard] Get Cutcard from /data8/Users/jskim/HN_dilepton_plotter/data/v8-0-7.37_ForApproval_Puppi/CutOpCard/RunDirectory/Cards_MuMu_Bin1/HNMuMu_250.txt
Central	2.4677	0.576207	0
_MuonEn_up	2.53347	0.576207	0
_MuonEn_down	2.53403	0.576207	0
_MuonIDSF_up	2.56243	0.576207	0
_MuonIDSF_down	2.39434	0.576207	0
_Rocc_up	2.65187	0.576207	0
_Rocc_down	2.35918	0.576207	0
_ElectronEn_up	2.47474	0.576207	0
_ElectronEn_down	2.48135	0.576207	0
_ElectronIDSF_up	2.47844	0.576207	0
_ElectronIDSF_down	2.46849	0.576207	0
_TriggerSF_up	2.48847	0.576207	0
_TriggerSF_down	2.37284	0.576207	0
_PU_up	2.52732	0.576207	0
_PU_down	2.41327	0.576207	0
_JetEn_up	2.86258	0.576207	0
_JetEn_down	2.83302	0.576207	0
_JetRes_up	2.48393	0.576207	0
_JetRes_down	2.44769	0.576207	0
_Unclustered_up	2.85988	0.576207	0
_Unclustered_down	2.40863	0.576207	0
_BTagSFEff_up	2.45806	0.576207	0
_BTagSFEff_down	2.48499	0.576207	0
_BTagSFMiss_up	2.46526	0.576207	0
_BTagSFMiss_down	2.47548	0.576207	0
_JetMass_up	2.4634	0.576207	0
_JetMass_down	2.47738	0.576207	0
_JetMassRes_up	2.48167	0.576207	0
_JetMassRes_down	2.45631	0.576207	0
_Tau21_up	2.46045	0.576207	0
_Tau21_down	2.46204	0.576207	0

################ Sources ################
Source	SystTotal	SystPrompt	SystFake	Signal
Stat 13.57 14.89  32.78  -nan  1.40
Lumi 2.03  2.50 -  -  2.50
PDF  -  -  -  -  5.00
MuonPt  2.17 2.68  -  -  1.40
MuonID  2.78 3.43  -  -  3.47
MuonRocc  4.97 6.13  -  -  1.02
ElectronE  0.36 0.44  -  -  0.19
ElectronID  0.25 0.31  -  -  0.23
Trigger  2.26 2.78  -  -  0.29
PU  1.88 2.31  -  -  1.57
JES  12.50 15.41  -  -  1.95
JER  0.60 0.74  -  -  2.03
Uncl  9.21 11.36  -  -  1.78
BEff  0.46 0.57  -  -  0.42
BMiss  0.19 0.23  -  -  0.52
JMS  0.25 0.30  -  -  0.18
JMR  0.42 0.52  -  -  0.16
Tau21  0.21 0.26  -  -  0.10
MCNorm 20.02  24.70 -  -  -
Fake 5.68  -  30.00 - -
CF 0.00  -  -  -nan -
Total Systematic 26.93 32.47  30.00  -nan  7.78

Total Background	3.044
- Prompt	2.468
- Fake	0.576
- CF	0.000
- Obs	2.000

####### Result #######
Signal Eff	0.112183
3.043907 1.301522
5.632665 1.079063
