
Processing CyclesForOptimization_ElEl_Bin2/HNElEl_200.C...
[AnalysisInputs::SetMCSF] Get MC SF from /data8/Users/jskim/HN_dilepton_plotter/data/v8-0-7.37_PreApproval/MCSF.txt
[AnalysisInputs::SetMCSF] sample : VVV
[AnalysisInputs::SetMCSF] => MCSF = 1, MCSF_err = 0.5
[AnalysisInputs::SetMCSF] sample : WWW
[AnalysisInputs::SetMCSF] => MCSF = 1, MCSF_err = 0.5
[AnalysisInputs::SetMCSF] sample : WWZ
[AnalysisInputs::SetMCSF] => MCSF = 1, MCSF_err = 0.5
[AnalysisInputs::SetMCSF] sample : WZZ
[AnalysisInputs::SetMCSF] => MCSF = 1, MCSF_err = 0.5
[AnalysisInputs::SetMCSF] sample : ZZZ
[AnalysisInputs::SetMCSF] => MCSF = 1, MCSF_err = 0.5
[AnalysisInputs::SetMCSF] sample : ttV
[AnalysisInputs::SetMCSF] => MCSF = 1, MCSF_err = 0.5
[AnalysisInputs::SetMCSF] sample : ttW
[AnalysisInputs::SetMCSF] => MCSF = 1, MCSF_err = 0.5
[AnalysisInputs::SetMCSF] sample : ttZ
[AnalysisInputs::SetMCSF] => MCSF = 1, MCSF_err = 0.5
[AnalysisInputs::SetMCSF] sample : ttH_nonbb
[AnalysisInputs::SetMCSF] => MCSF = 1, MCSF_err = 0.5
[AnalysisInputs::SetMCSF] sample : top
[AnalysisInputs::SetMCSF] => MCSF = 1, MCSF_err = 0.5
[AnalysisInputs::SetMCSF] sample : WWTo2L2Nu_DS
[AnalysisInputs::SetMCSF] => MCSF = 1, MCSF_err = 0.5
[AnalysisInputs::SetMCSF] sample : WpWpEWK
[AnalysisInputs::SetMCSF] => MCSF = 1, MCSF_err = 0.5
[AnalysisInputs::SetMCSF] sample : WpWpQCD
[AnalysisInputs::SetMCSF] => MCSF = 1, MCSF_err = 0.5
[AnalysisInputs::SetMCSF] sample : WZTo3LNu_mllmin01
[AnalysisInputs::SetMCSF] => MCSF = 0.65, MCSF_err = 0.06
[AnalysisInputs::SetMCSF] sample : WZTo3LNu_powheg
[AnalysisInputs::SetMCSF] => MCSF = 1.05044, MCSF_err = 0.0648798
[AnalysisInputs::SetMCSF] sample : ZGto2LG
[AnalysisInputs::SetMCSF] => MCSF = 1.09954, MCSF_err = 0.076377
[AnalysisInputs::SetMCSF] sample : WGtoLNuG
[AnalysisInputs::SetMCSF] => MCSF = 1, MCSF_err = 0.076377
[AnalysisInputs::SetMCSF] sample : WGtoLNuG_weighted
[AnalysisInputs::SetMCSF] => MCSF = 1, MCSF_err = 0.076377
[AnalysisInputs::SetMCSF] sample : ZZTo4L_powheg
[AnalysisInputs::SetMCSF] => MCSF = 0.978852, MCSF_err = 0.0792882
[AnalysisInputs::SetMCSF] sample : ggZZto2e2mu
[AnalysisInputs::SetMCSF] => MCSF = 0.978852, MCSF_err = 0.0792882
[AnalysisInputs::SetMCSF] sample : ggZZto2e2nu
[AnalysisInputs::SetMCSF] => MCSF = 0.978852, MCSF_err = 0.0792882
[AnalysisInputs::SetMCSF] sample : ggZZto2e2tau
[AnalysisInputs::SetMCSF] => MCSF = 0.978852, MCSF_err = 0.0792882
[AnalysisInputs::SetMCSF] sample : ggZZto2mu2nu
[AnalysisInputs::SetMCSF] => MCSF = 0.978852, MCSF_err = 0.0792882
[AnalysisInputs::SetMCSF] sample : ggZZto2mu2tau
[AnalysisInputs::SetMCSF] => MCSF = 0.978852, MCSF_err = 0.0792882
[AnalysisInputs::SetMCSF] sample : ggZZto4e
[AnalysisInputs::SetMCSF] => MCSF = 0.978852, MCSF_err = 0.0792882
[AnalysisInputs::SetMCSF] sample : ggZZto4mu
[AnalysisInputs::SetMCSF] => MCSF = 0.978852, MCSF_err = 0.0792882
[AnalysisInputs::SetMCSF] sample : ggZZto4tau
[AnalysisInputs::SetMCSF] => MCSF = 0.978852, MCSF_err = 0.0792882
[AnalysisInputs::SetMCSF] sample : ggHtoZZ
[AnalysisInputs::SetMCSF] => MCSF = 0.978852, MCSF_err = 0.0792882
[AnalysisInputs::SetCalculatedSysts] Get Systematics from /data8/Users/jskim/HN_dilepton_plotter/data/v8-0-7.37_PreApproval/Syst.txt
[AnalysisInputs::SetCalculatedSysts] source : Luminosity
[AnalysisInputs::SetCalculatedSysts] => % sysematic = 0.025
[AnalysisInputs::SetCalculatedSysts] source : FakeLooseID
[AnalysisInputs::SetCalculatedSysts] => % sysematic = 0.3
[AnalysisInputs::SetCalculatedSysts] source : ChrageFlipSyst
[AnalysisInputs::SetCalculatedSysts] => % sysematic = 0.16
[CutRangeInfo::ReadCutCard] Get Cutcard from /data8/Users/jskim/HN_dilepton_plotter/data/v8-0-7.37_PreApproval/CutOpCard/RunDirectory/CyclesForOptimization_ElEl_Bin2/Cards//HNElEl_200.txt

##################################################
#### TOTAL # of Loop = 3721
##################################################

[CutRangeInfo::PrintCutRangeInfo] leadingLepton_Pt_>
[CutInfo::PrintCutInfo] leadingLepton_Pt	>	100
[CutRangeInfo::PrintCutRangeInfo] m_SubLeadljj_jjWclosest_<
[CutInfo::PrintCutInfo] m_SubLeadljj_jjWclosest	<	500
[CutInfo::PrintCutInfo] m_SubLeadljj_jjWclosest	<	495
[CutInfo::PrintCutInfo] m_SubLeadljj_jjWclosest	<	490
[CutInfo::PrintCutInfo] m_SubLeadljj_jjWclosest	<	485
[CutInfo::PrintCutInfo] m_SubLeadljj_jjWclosest	<	480
[CutInfo::PrintCutInfo] m_SubLeadljj_jjWclosest	<	475
[CutInfo::PrintCutInfo] m_SubLeadljj_jjWclosest	<	470
[CutInfo::PrintCutInfo] m_SubLeadljj_jjWclosest	<	465
[CutInfo::PrintCutInfo] m_SubLeadljj_jjWclosest	<	460
[CutInfo::PrintCutInfo] m_SubLeadljj_jjWclosest	<	455
[CutInfo::PrintCutInfo] m_SubLeadljj_jjWclosest	<	450
[CutInfo::PrintCutInfo] m_SubLeadljj_jjWclosest	<	445
[CutInfo::PrintCutInfo] m_SubLeadljj_jjWclosest	<	440
[CutInfo::PrintCutInfo] m_SubLeadljj_jjWclosest	<	435
[CutInfo::PrintCutInfo] m_SubLeadljj_jjWclosest	<	430
[CutInfo::PrintCutInfo] m_SubLeadljj_jjWclosest	<	425
[CutInfo::PrintCutInfo] m_SubLeadljj_jjWclosest	<	420
[CutInfo::PrintCutInfo] m_SubLeadljj_jjWclosest	<	415
[CutInfo::PrintCutInfo] m_SubLeadljj_jjWclosest	<	410
[CutInfo::PrintCutInfo] m_SubLeadljj_jjWclosest	<	405
[CutInfo::PrintCutInfo] m_SubLeadljj_jjWclosest	<	400
[CutInfo::PrintCutInfo] m_SubLeadljj_jjWclosest	<	395
[CutInfo::PrintCutInfo] m_SubLeadljj_jjWclosest	<	390
[CutInfo::PrintCutInfo] m_SubLeadljj_jjWclosest	<	385
[CutInfo::PrintCutInfo] m_SubLeadljj_jjWclosest	<	380
[CutInfo::PrintCutInfo] m_SubLeadljj_jjWclosest	<	375
[CutInfo::PrintCutInfo] m_SubLeadljj_jjWclosest	<	370
[CutInfo::PrintCutInfo] m_SubLeadljj_jjWclosest	<	365
[CutInfo::PrintCutInfo] m_SubLeadljj_jjWclosest	<	360
[CutInfo::PrintCutInfo] m_SubLeadljj_jjWclosest	<	355
[CutInfo::PrintCutInfo] m_SubLeadljj_jjWclosest	<	350
[CutInfo::PrintCutInfo] m_SubLeadljj_jjWclosest	<	345
[CutInfo::PrintCutInfo] m_SubLeadljj_jjWclosest	<	340
[CutInfo::PrintCutInfo] m_SubLeadljj_jjWclosest	<	335
[CutInfo::PrintCutInfo] m_SubLeadljj_jjWclosest	<	330
[CutInfo::PrintCutInfo] m_SubLeadljj_jjWclosest	<	325
[CutInfo::PrintCutInfo] m_SubLeadljj_jjWclosest	<	320
[CutInfo::PrintCutInfo] m_SubLeadljj_jjWclosest	<	315
[CutInfo::PrintCutInfo] m_SubLeadljj_jjWclosest	<	310
[CutInfo::PrintCutInfo] m_SubLeadljj_jjWclosest	<	305
[CutInfo::PrintCutInfo] m_SubLeadljj_jjWclosest	<	300
[CutInfo::PrintCutInfo] m_SubLeadljj_jjWclosest	<	295
[CutInfo::PrintCutInfo] m_SubLeadljj_jjWclosest	<	290
[CutInfo::PrintCutInfo] m_SubLeadljj_jjWclosest	<	285
[CutInfo::PrintCutInfo] m_SubLeadljj_jjWclosest	<	280
[CutInfo::PrintCutInfo] m_SubLeadljj_jjWclosest	<	275
[CutInfo::PrintCutInfo] m_SubLeadljj_jjWclosest	<	270
[CutInfo::PrintCutInfo] m_SubLeadljj_jjWclosest	<	265
[CutInfo::PrintCutInfo] m_SubLeadljj_jjWclosest	<	260
[CutInfo::PrintCutInfo] m_SubLeadljj_jjWclosest	<	255
[CutInfo::PrintCutInfo] m_SubLeadljj_jjWclosest	<	250
[CutInfo::PrintCutInfo] m_SubLeadljj_jjWclosest	<	245
[CutInfo::PrintCutInfo] m_SubLeadljj_jjWclosest	<	240
[CutInfo::PrintCutInfo] m_SubLeadljj_jjWclosest	<	235
[CutInfo::PrintCutInfo] m_SubLeadljj_jjWclosest	<	230
[CutInfo::PrintCutInfo] m_SubLeadljj_jjWclosest	<	225
[CutInfo::PrintCutInfo] m_SubLeadljj_jjWclosest	<	220
[CutInfo::PrintCutInfo] m_SubLeadljj_jjWclosest	<	215
[CutInfo::PrintCutInfo] m_SubLeadljj_jjWclosest	<	210
[CutInfo::PrintCutInfo] m_SubLeadljj_jjWclosest	<	205
[CutInfo::PrintCutInfo] m_SubLeadljj_jjWclosest	<	200
[CutRangeInfo::PrintCutRangeInfo] m_SubLeadljj_jjWclosest_>
[CutInfo::PrintCutInfo] m_SubLeadljj_jjWclosest	>	0
[CutInfo::PrintCutInfo] m_SubLeadljj_jjWclosest	>	3.33333
[CutInfo::PrintCutInfo] m_SubLeadljj_jjWclosest	>	6.66667
[CutInfo::PrintCutInfo] m_SubLeadljj_jjWclosest	>	10
[CutInfo::PrintCutInfo] m_SubLeadljj_jjWclosest	>	13.3333
[CutInfo::PrintCutInfo] m_SubLeadljj_jjWclosest	>	16.6667
[CutInfo::PrintCutInfo] m_SubLeadljj_jjWclosest	>	20
[CutInfo::PrintCutInfo] m_SubLeadljj_jjWclosest	>	23.3333
[CutInfo::PrintCutInfo] m_SubLeadljj_jjWclosest	>	26.6667
[CutInfo::PrintCutInfo] m_SubLeadljj_jjWclosest	>	30
[CutInfo::PrintCutInfo] m_SubLeadljj_jjWclosest	>	33.3333
[CutInfo::PrintCutInfo] m_SubLeadljj_jjWclosest	>	36.6667
[CutInfo::PrintCutInfo] m_SubLeadljj_jjWclosest	>	40
[CutInfo::PrintCutInfo] m_SubLeadljj_jjWclosest	>	43.3333
[CutInfo::PrintCutInfo] m_SubLeadljj_jjWclosest	>	46.6667
[CutInfo::PrintCutInfo] m_SubLeadljj_jjWclosest	>	50
[CutInfo::PrintCutInfo] m_SubLeadljj_jjWclosest	>	53.3333
[CutInfo::PrintCutInfo] m_SubLeadljj_jjWclosest	>	56.6667
[CutInfo::PrintCutInfo] m_SubLeadljj_jjWclosest	>	60
[CutInfo::PrintCutInfo] m_SubLeadljj_jjWclosest	>	63.3333
[CutInfo::PrintCutInfo] m_SubLeadljj_jjWclosest	>	66.6667
[CutInfo::PrintCutInfo] m_SubLeadljj_jjWclosest	>	70
[CutInfo::PrintCutInfo] m_SubLeadljj_jjWclosest	>	73.3333
[CutInfo::PrintCutInfo] m_SubLeadljj_jjWclosest	>	76.6667
[CutInfo::PrintCutInfo] m_SubLeadljj_jjWclosest	>	80
[CutInfo::PrintCutInfo] m_SubLeadljj_jjWclosest	>	83.3333
[CutInfo::PrintCutInfo] m_SubLeadljj_jjWclosest	>	86.6667
[CutInfo::PrintCutInfo] m_SubLeadljj_jjWclosest	>	90
[CutInfo::PrintCutInfo] m_SubLeadljj_jjWclosest	>	93.3333
[CutInfo::PrintCutInfo] m_SubLeadljj_jjWclosest	>	96.6667
[CutInfo::PrintCutInfo] m_SubLeadljj_jjWclosest	>	100
[CutInfo::PrintCutInfo] m_SubLeadljj_jjWclosest	>	103.333
[CutInfo::PrintCutInfo] m_SubLeadljj_jjWclosest	>	106.667
[CutInfo::PrintCutInfo] m_SubLeadljj_jjWclosest	>	110
[CutInfo::PrintCutInfo] m_SubLeadljj_jjWclosest	>	113.333
[CutInfo::PrintCutInfo] m_SubLeadljj_jjWclosest	>	116.667
[CutInfo::PrintCutInfo] m_SubLeadljj_jjWclosest	>	120
[CutInfo::PrintCutInfo] m_SubLeadljj_jjWclosest	>	123.333
[CutInfo::PrintCutInfo] m_SubLeadljj_jjWclosest	>	126.667
[CutInfo::PrintCutInfo] m_SubLeadljj_jjWclosest	>	130
[CutInfo::PrintCutInfo] m_SubLeadljj_jjWclosest	>	133.333
[CutInfo::PrintCutInfo] m_SubLeadljj_jjWclosest	>	136.667
[CutInfo::PrintCutInfo] m_SubLeadljj_jjWclosest	>	140
[CutInfo::PrintCutInfo] m_SubLeadljj_jjWclosest	>	143.333
[CutInfo::PrintCutInfo] m_SubLeadljj_jjWclosest	>	146.667
[CutInfo::PrintCutInfo] m_SubLeadljj_jjWclosest	>	150
[CutInfo::PrintCutInfo] m_SubLeadljj_jjWclosest	>	153.333
[CutInfo::PrintCutInfo] m_SubLeadljj_jjWclosest	>	156.667
[CutInfo::PrintCutInfo] m_SubLeadljj_jjWclosest	>	160
[CutInfo::PrintCutInfo] m_SubLeadljj_jjWclosest	>	163.333
[CutInfo::PrintCutInfo] m_SubLeadljj_jjWclosest	>	166.667
[CutInfo::PrintCutInfo] m_SubLeadljj_jjWclosest	>	170
[CutInfo::PrintCutInfo] m_SubLeadljj_jjWclosest	>	173.333
[CutInfo::PrintCutInfo] m_SubLeadljj_jjWclosest	>	176.667
[CutInfo::PrintCutInfo] m_SubLeadljj_jjWclosest	>	180
[CutInfo::PrintCutInfo] m_SubLeadljj_jjWclosest	>	183.333
[CutInfo::PrintCutInfo] m_SubLeadljj_jjWclosest	>	186.667
[CutInfo::PrintCutInfo] m_SubLeadljj_jjWclosest	>	190
[CutInfo::PrintCutInfo] m_SubLeadljj_jjWclosest	>	193.333
[CutInfo::PrintCutInfo] m_SubLeadljj_jjWclosest	>	196.667
[CutInfo::PrintCutInfo] m_SubLeadljj_jjWclosest	>	200
[CutRangeInfo::PrintCutRangeInfo] secondLepton_Pt_>
[CutInfo::PrintCutInfo] secondLepton_Pt	>	20

##############################
#### OPTIMIZATION STARTED ####
##############################


!!!!!!!!!!!!!!!!!
!!!! UPDATED !!!!
!!!!!!!!!!!!!!!!!

[CutInfo::PrintCutInfo] leadingLepton_Pt	>	100
[CutInfo::PrintCutInfo] m_SubLeadljj_jjWclosest	<	500
[CutInfo::PrintCutInfo] m_SubLeadljj_jjWclosest	>	0
[CutInfo::PrintCutInfo] secondLepton_Pt	>	20
CF	0.466488 +- 0.0829704
Fake	0.838877 +- 0.471288
Prompt	5.61685 +- 1.56259
=> total bkg = 6.92221
Signal	Yield	Efficiency	Efficiency@Presel	Punzi
HNElEl_200	1.03985	0.00842857	7.23173e-05	3.62562e-06
=====================================================================


!!!!!!!!!!!!!!!!!
!!!! UPDATED !!!!
!!!!!!!!!!!!!!!!!

[CutInfo::PrintCutInfo] leadingLepton_Pt	>	100
[CutInfo::PrintCutInfo] m_SubLeadljj_jjWclosest	<	495
[CutInfo::PrintCutInfo] m_SubLeadljj_jjWclosest	>	0
[CutInfo::PrintCutInfo] secondLepton_Pt	>	20
CF	0.466454 +- 0.0829654
Fake	0.838877 +- 0.471288
Prompt	5.61685 +- 1.56259
=> total bkg = 6.92218
Signal	Yield	Efficiency	Efficiency@Presel	Punzi
HNElEl_200	1.03985	0.00842857	7.23173e-05	3.62562e-06
=====================================================================


!!!!!!!!!!!!!!!!!
!!!! UPDATED !!!!
!!!!!!!!!!!!!!!!!

[CutInfo::PrintCutInfo] leadingLepton_Pt	>	100
[CutInfo::PrintCutInfo] m_SubLeadljj_jjWclosest	<	490
[CutInfo::PrintCutInfo] m_SubLeadljj_jjWclosest	>	0
[CutInfo::PrintCutInfo] secondLepton_Pt	>	20
CF	0.466454 +- 0.0829654
Fake	0.838877 +- 0.471288
Prompt	5.61685 +- 1.56259
=> total bkg = 6.92218
Signal	Yield	Efficiency	Efficiency@Presel	Punzi
HNElEl_200	1.03985	0.00842857	7.23173e-05	3.62562e-06
=====================================================================


!!!!!!!!!!!!!!!!!
!!!! UPDATED !!!!
!!!!!!!!!!!!!!!!!

[CutInfo::PrintCutInfo] leadingLepton_Pt	>	100
[CutInfo::PrintCutInfo] m_SubLeadljj_jjWclosest	<	485
[CutInfo::PrintCutInfo] m_SubLeadljj_jjWclosest	>	0
[CutInfo::PrintCutInfo] secondLepton_Pt	>	20
CF	0.46479 +- 0.0827164
Fake	0.838877 +- 0.471288
Prompt	5.61685 +- 1.56259
=> total bkg = 6.92051
Signal	Yield	Efficiency	Efficiency@Presel	Punzi
HNElEl_200	1.03985	0.00842857	7.23173e-05	3.62586e-06
=====================================================================


!!!!!!!!!!!!!!!!!
!!!! UPDATED !!!!
!!!!!!!!!!!!!!!!!

[CutInfo::PrintCutInfo] leadingLepton_Pt	>	100
[CutInfo::PrintCutInfo] m_SubLeadljj_jjWclosest	<	480
[CutInfo::PrintCutInfo] m_SubLeadljj_jjWclosest	>	0
[CutInfo::PrintCutInfo] secondLepton_Pt	>	20
CF	0.461009 +- 0.0821254
Fake	0.839393 +- 0.47137
Prompt	5.52147 +- 1.55095
=> total bkg = 6.82187
Signal	Yield	Efficiency	Efficiency@Presel	Punzi
HNElEl_200	1.03511	0.0084	7.19876e-05	3.62869e-06
=====================================================================


!!!!!!!!!!!!!!!!!
!!!! UPDATED !!!!
!!!!!!!!!!!!!!!!!

[CutInfo::PrintCutInfo] leadingLepton_Pt	>	100
[CutInfo::PrintCutInfo] m_SubLeadljj_jjWclosest	<	475
[CutInfo::PrintCutInfo] m_SubLeadljj_jjWclosest	>	0
[CutInfo::PrintCutInfo] secondLepton_Pt	>	20
CF	0.460305 +- 0.0820229
Fake	0.840448 +- 0.471538
Prompt	5.47919 +- 1.53639
=> total bkg = 6.77994
Signal	Yield	Efficiency	Efficiency@Presel	Punzi
HNElEl_200	1.03511	0.0084	7.19876e-05	3.64132e-06
=====================================================================


!!!!!!!!!!!!!!!!!
!!!! UPDATED !!!!
!!!!!!!!!!!!!!!!!

[CutInfo::PrintCutInfo] leadingLepton_Pt	>	100
[CutInfo::PrintCutInfo] m_SubLeadljj_jjWclosest	<	470
[CutInfo::PrintCutInfo] m_SubLeadljj_jjWclosest	>	0
[CutInfo::PrintCutInfo] secondLepton_Pt	>	20
CF	0.459149 +- 0.0818528
Fake	0.840732 +- 0.471584
Prompt	5.38326 +- 1.52473
=> total bkg = 6.68315
Signal	Yield	Efficiency	Efficiency@Presel	Punzi
HNElEl_200	1.03263	0.00838571	7.18155e-05	3.65215e-06
=====================================================================


!!!!!!!!!!!!!!!!!
!!!! UPDATED !!!!
!!!!!!!!!!!!!!!!!

[CutInfo::PrintCutInfo] leadingLepton_Pt	>	100
[CutInfo::PrintCutInfo] m_SubLeadljj_jjWclosest	<	455
[CutInfo::PrintCutInfo] m_SubLeadljj_jjWclosest	>	0
[CutInfo::PrintCutInfo] secondLepton_Pt	>	20
CF	0.442145 +- 0.0790595
Fake	0.8416 +- 0.471723
Prompt	5.26817 +- 1.50667
=> total bkg = 6.55192
Signal	Yield	Efficiency	Efficiency@Presel	Punzi
HNElEl_200	1.02871	0.00835714	7.15427e-05	3.66623e-06
=====================================================================


!!!!!!!!!!!!!!!!!
!!!! UPDATED !!!!
!!!!!!!!!!!!!!!!!

[CutInfo::PrintCutInfo] leadingLepton_Pt	>	100
[CutInfo::PrintCutInfo] m_SubLeadljj_jjWclosest	<	450
[CutInfo::PrintCutInfo] m_SubLeadljj_jjWclosest	>	0
[CutInfo::PrintCutInfo] secondLepton_Pt	>	20
CF	0.437875 +- 0.0783634
Fake	0.8416 +- 0.471723
Prompt	5.25701 +- 1.50303
=> total bkg = 6.53648
Signal	Yield	Efficiency	Efficiency@Presel	Punzi
HNElEl_200	1.02871	0.00835714	7.15427e-05	3.67027e-06
=====================================================================


!!!!!!!!!!!!!!!!!
!!!! UPDATED !!!!
!!!!!!!!!!!!!!!!!

[CutInfo::PrintCutInfo] leadingLepton_Pt	>	100
[CutInfo::PrintCutInfo] m_SubLeadljj_jjWclosest	<	445
[CutInfo::PrintCutInfo] m_SubLeadljj_jjWclosest	>	0
[CutInfo::PrintCutInfo] secondLepton_Pt	>	20
CF	0.433081 +- 0.0775914
Fake	0.841822 +- 0.471758
Prompt	5.16634 +- 1.49296
=> total bkg = 6.44124
Signal	Yield	Efficiency	Efficiency@Presel	Punzi
HNElEl_200	1.02871	0.00835714	7.15427e-05	3.68959e-06
=====================================================================


!!!!!!!!!!!!!!!!!
!!!! UPDATED !!!!
!!!!!!!!!!!!!!!!!

[CutInfo::PrintCutInfo] leadingLepton_Pt	>	100
[CutInfo::PrintCutInfo] m_SubLeadljj_jjWclosest	<	435
[CutInfo::PrintCutInfo] m_SubLeadljj_jjWclosest	>	0
[CutInfo::PrintCutInfo] secondLepton_Pt	>	20
CF	0.422847 +- 0.0759008
Fake	0.842505 +- 0.471868
Prompt	5.16106 +- 1.49125
=> total bkg = 6.42641
Signal	Yield	Efficiency	Efficiency@Presel	Punzi
HNElEl_200	1.02871	0.00835714	7.15427e-05	3.69271e-06
=====================================================================


!!!!!!!!!!!!!!!!!
!!!! UPDATED !!!!
!!!!!!!!!!!!!!!!!

[CutInfo::PrintCutInfo] leadingLepton_Pt	>	100
[CutInfo::PrintCutInfo] m_SubLeadljj_jjWclosest	<	430
[CutInfo::PrintCutInfo] m_SubLeadljj_jjWclosest	>	0
[CutInfo::PrintCutInfo] secondLepton_Pt	>	20
CF	0.417021 +- 0.0749844
Fake	0.842476 +- 0.471863
Prompt	5.16106 +- 1.49125
=> total bkg = 6.42055
Signal	Yield	Efficiency	Efficiency@Presel	Punzi
HNElEl_200	1.02871	0.00835714	7.15427e-05	3.69364e-06
=====================================================================


!!!!!!!!!!!!!!!!!
!!!! UPDATED !!!!
!!!!!!!!!!!!!!!!!

[CutInfo::PrintCutInfo] leadingLepton_Pt	>	100
[CutInfo::PrintCutInfo] m_SubLeadljj_jjWclosest	<	425
[CutInfo::PrintCutInfo] m_SubLeadljj_jjWclosest	>	0
[CutInfo::PrintCutInfo] secondLepton_Pt	>	20
CF	0.416673 +- 0.0749345
Fake	0.843231 +- 0.471984
Prompt	5.15171 +- 1.48823
=> total bkg = 6.41161
Signal	Yield	Efficiency	Efficiency@Presel	Punzi
HNElEl_200	1.02871	0.00835714	7.15427e-05	3.69642e-06
=====================================================================


!!!!!!!!!!!!!!!!!
!!!! UPDATED !!!!
!!!!!!!!!!!!!!!!!

[CutInfo::PrintCutInfo] leadingLepton_Pt	>	100
[CutInfo::PrintCutInfo] m_SubLeadljj_jjWclosest	<	420
[CutInfo::PrintCutInfo] m_SubLeadljj_jjWclosest	>	0
[CutInfo::PrintCutInfo] secondLepton_Pt	>	20
CF	0.402944 +- 0.0727134
Fake	0.718517 +- 0.434893
Prompt	5.06574 +- 1.47913
=> total bkg = 6.1872
Signal	Yield	Efficiency	Efficiency@Presel	Punzi
HNElEl_200	1.02437	0.00832857	7.1241e-05	3.72614e-06
=====================================================================


!!!!!!!!!!!!!!!!!
!!!! UPDATED !!!!
!!!!!!!!!!!!!!!!!

[CutInfo::PrintCutInfo] leadingLepton_Pt	>	100
[CutInfo::PrintCutInfo] m_SubLeadljj_jjWclosest	<	400
[CutInfo::PrintCutInfo] m_SubLeadljj_jjWclosest	>	0
[CutInfo::PrintCutInfo] secondLepton_Pt	>	20
CF	0.389329 +- 0.0705807
Fake	0.720247 +- 0.43515
Prompt	5.02297 +- 1.4655
=> total bkg = 6.13254
Signal	Yield	Efficiency	Efficiency@Presel	Punzi
HNElEl_200	1.02035	0.0083	7.09609e-05	3.72692e-06
=====================================================================


!!!!!!!!!!!!!!!!!
!!!! UPDATED !!!!
!!!!!!!!!!!!!!!!!

[CutInfo::PrintCutInfo] leadingLepton_Pt	>	100
[CutInfo::PrintCutInfo] m_SubLeadljj_jjWclosest	<	380
[CutInfo::PrintCutInfo] m_SubLeadljj_jjWclosest	>	0
[CutInfo::PrintCutInfo] secondLepton_Pt	>	20
CF	0.357801 +- 0.0653623
Fake	0.600307 +- 0.400512
Prompt	4.99676 +- 1.45723
=> total bkg = 5.95487
Signal	Yield	Efficiency	Efficiency@Presel	Punzi
HNElEl_200	1.01496	0.00825714	7.0586e-05	3.74557e-06
=====================================================================


!!!!!!!!!!!!!!!!!
!!!! UPDATED !!!!
!!!!!!!!!!!!!!!!!

[CutInfo::PrintCutInfo] leadingLepton_Pt	>	100
[CutInfo::PrintCutInfo] m_SubLeadljj_jjWclosest	<	375
[CutInfo::PrintCutInfo] m_SubLeadljj_jjWclosest	>	0
[CutInfo::PrintCutInfo] secondLepton_Pt	>	20
CF	0.347167 +- 0.063593
Fake	0.55039 +- 0.389665
Prompt	4.98516 +- 1.4536
=> total bkg = 5.88272
Signal	Yield	Efficiency	Efficiency@Presel	Punzi
HNElEl_200	1.01496	0.00825714	7.0586e-05	3.7611e-06
=====================================================================


!!!!!!!!!!!!!!!!!
!!!! UPDATED !!!!
!!!!!!!!!!!!!!!!!

[CutInfo::PrintCutInfo] leadingLepton_Pt	>	100
[CutInfo::PrintCutInfo] m_SubLeadljj_jjWclosest	<	370
[CutInfo::PrintCutInfo] m_SubLeadljj_jjWclosest	>	0
[CutInfo::PrintCutInfo] secondLepton_Pt	>	20
CF	0.347137 +- 0.0635889
Fake	0.55039 +- 0.389665
Prompt	4.88131 +- 1.4415
=> total bkg = 5.77883
Signal	Yield	Efficiency	Efficiency@Presel	Punzi
HNElEl_200	1.01223	0.00824286	7.03965e-05	3.77492e-06
=====================================================================


!!!!!!!!!!!!!!!!!
!!!! UPDATED !!!!
!!!!!!!!!!!!!!!!!

[CutInfo::PrintCutInfo] leadingLepton_Pt	>	100
[CutInfo::PrintCutInfo] m_SubLeadljj_jjWclosest	<	365
[CutInfo::PrintCutInfo] m_SubLeadljj_jjWclosest	>	0
[CutInfo::PrintCutInfo] secondLepton_Pt	>	20
CF	0.3303 +- 0.0605746
Fake	0.493034 +- 0.378298
Prompt	4.86099 +- 1.43521
=> total bkg = 5.68432
Signal	Yield	Efficiency	Efficiency@Presel	Punzi
HNElEl_200	1.01373	0.00822857	7.05007e-05	3.80193e-06
=====================================================================


!!!!!!!!!!!!!!!!!
!!!! UPDATED !!!!
!!!!!!!!!!!!!!!!!

[CutInfo::PrintCutInfo] leadingLepton_Pt	>	100
[CutInfo::PrintCutInfo] m_SubLeadljj_jjWclosest	<	360
[CutInfo::PrintCutInfo] m_SubLeadljj_jjWclosest	>	0
[CutInfo::PrintCutInfo] secondLepton_Pt	>	20
CF	0.320639 +- 0.0589738
Fake	0.493232 +- 0.378321
Prompt	4.77204 +- 1.42521
=> total bkg = 5.58592
Signal	Yield	Efficiency	Efficiency@Presel	Punzi
HNElEl_200	1.01125	0.00821429	7.0328e-05	3.81538e-06
=====================================================================


!!!!!!!!!!!!!!!!!
!!!! UPDATED !!!!
!!!!!!!!!!!!!!!!!

[CutInfo::PrintCutInfo] leadingLepton_Pt	>	100
[CutInfo::PrintCutInfo] m_SubLeadljj_jjWclosest	<	355
[CutInfo::PrintCutInfo] m_SubLeadljj_jjWclosest	>	0
[CutInfo::PrintCutInfo] secondLepton_Pt	>	20
CF	0.31386 +- 0.0579361
Fake	0.498652 +- 0.37893
Prompt	4.25709 +- 1.29514
=> total bkg = 5.06961
Signal	Yield	Efficiency	Efficiency@Presel	Punzi
HNElEl_200	1.00897	0.0082	7.01696e-05	3.97554e-06
=====================================================================


!!!!!!!!!!!!!!!!!
!!!! UPDATED !!!!
!!!!!!!!!!!!!!!!!

[CutInfo::PrintCutInfo] leadingLepton_Pt	>	100
[CutInfo::PrintCutInfo] m_SubLeadljj_jjWclosest	<	350
[CutInfo::PrintCutInfo] m_SubLeadljj_jjWclosest	>	0
[CutInfo::PrintCutInfo] secondLepton_Pt	>	20
CF	0.311391 +- 0.0575783
Fake	0.499403 +- 0.379019
Prompt	4.15686 +- 1.2817
=> total bkg = 4.96765
Signal	Yield	Efficiency	Efficiency@Presel	Punzi
HNElEl_200	1.00439	0.00815714	6.9851e-05	3.98623e-06
=====================================================================


!!!!!!!!!!!!!!!!!
!!!! UPDATED !!!!
!!!!!!!!!!!!!!!!!

[CutInfo::PrintCutInfo] leadingLepton_Pt	>	100
[CutInfo::PrintCutInfo] m_SubLeadljj_jjWclosest	<	345
[CutInfo::PrintCutInfo] m_SubLeadljj_jjWclosest	>	0
[CutInfo::PrintCutInfo] secondLepton_Pt	>	20
CF	0.304557 +- 0.0564215
Fake	0.499888 +- 0.379076
Prompt	4.12561 +- 1.27237
=> total bkg = 4.93006
Signal	Yield	Efficiency	Efficiency@Presel	Punzi
HNElEl_200	1.00439	0.00815714	6.9851e-05	3.9994e-06
=====================================================================


!!!!!!!!!!!!!!!!!
!!!! UPDATED !!!!
!!!!!!!!!!!!!!!!!

[CutInfo::PrintCutInfo] leadingLepton_Pt	>	100
[CutInfo::PrintCutInfo] m_SubLeadljj_jjWclosest	<	340
[CutInfo::PrintCutInfo] m_SubLeadljj_jjWclosest	>	0
[CutInfo::PrintCutInfo] secondLepton_Pt	>	20
CF	0.293595 +- 0.054609
Fake	0.499994 +- 0.379088
Prompt	4.02588 +- 1.25992
=> total bkg = 4.81946
Signal	Yield	Efficiency	Efficiency@Presel	Punzi
HNElEl_200	1.00439	0.00815714	6.9851e-05	4.03046e-06
=====================================================================


!!!!!!!!!!!!!!!!!
!!!! UPDATED !!!!
!!!!!!!!!!!!!!!!!

[CutInfo::PrintCutInfo] leadingLepton_Pt	>	100
[CutInfo::PrintCutInfo] m_SubLeadljj_jjWclosest	<	335
[CutInfo::PrintCutInfo] m_SubLeadljj_jjWclosest	>	0
[CutInfo::PrintCutInfo] secondLepton_Pt	>	20
CF	0.28353 +- 0.0529962
Fake	0.500068 +- 0.379097
Prompt	4.00685 +- 1.25441
=> total bkg = 4.79045
Signal	Yield	Efficiency	Efficiency@Presel	Punzi
HNElEl_200	1.00289	0.00814286	6.97471e-05	4.034e-06
=====================================================================


!!!!!!!!!!!!!!!!!
!!!! UPDATED !!!!
!!!!!!!!!!!!!!!!!

[CutInfo::PrintCutInfo] leadingLepton_Pt	>	100
[CutInfo::PrintCutInfo] m_SubLeadljj_jjWclosest	<	330
[CutInfo::PrintCutInfo] m_SubLeadljj_jjWclosest	>	0
[CutInfo::PrintCutInfo] secondLepton_Pt	>	20
CF	0.279704 +- 0.052416
Fake	0.545568 +- 0.382038
Prompt	3.89708 +- 1.24063
=> total bkg = 4.72235
Signal	Yield	Efficiency	Efficiency@Presel	Punzi
HNElEl_200	0.999002	0.00811429	6.94765e-05	4.0408e-06
=====================================================================


!!!!!!!!!!!!!!!!!
!!!! UPDATED !!!!
!!!!!!!!!!!!!!!!!

[CutInfo::PrintCutInfo] leadingLepton_Pt	>	100
[CutInfo::PrintCutInfo] m_SubLeadljj_jjWclosest	<	325
[CutInfo::PrintCutInfo] m_SubLeadljj_jjWclosest	>	0
[CutInfo::PrintCutInfo] secondLepton_Pt	>	20
CF	0.275432 +- 0.0516995
Fake	0.551323 +- 0.38276
Prompt	3.81511 +- 1.23015
=> total bkg = 4.64186
Signal	Yield	Efficiency	Efficiency@Presel	Punzi
HNElEl_200	0.996042	0.00808571	6.92706e-05	4.05292e-06
=====================================================================


!!!!!!!!!!!!!!!!!
!!!! UPDATED !!!!
!!!!!!!!!!!!!!!!!

[CutInfo::PrintCutInfo] leadingLepton_Pt	>	100
[CutInfo::PrintCutInfo] m_SubLeadljj_jjWclosest	<	315
[CutInfo::PrintCutInfo] m_SubLeadljj_jjWclosest	>	0
[CutInfo::PrintCutInfo] secondLepton_Pt	>	20
CF	0.249756 +- 0.0472745
Fake	0.553688 +- 0.383066
Prompt	3.28051 +- 1.08998
=> total bkg = 4.08395
Signal	Yield	Efficiency	Efficiency@Presel	Punzi
HNElEl_200	0.991313	0.00805714	6.89418e-05	4.25491e-06
=====================================================================


!!!!!!!!!!!!!!!!!
!!!! UPDATED !!!!
!!!!!!!!!!!!!!!!!

[CutInfo::PrintCutInfo] leadingLepton_Pt	>	100
[CutInfo::PrintCutInfo] m_SubLeadljj_jjWclosest	<	310
[CutInfo::PrintCutInfo] m_SubLeadljj_jjWclosest	>	0
[CutInfo::PrintCutInfo] secondLepton_Pt	>	20
CF	0.234616 +- 0.0447986
Fake	0.556147 +- 0.383379
Prompt	3.14726 +- 1.06867
=> total bkg = 3.93802
Signal	Yield	Efficiency	Efficiency@Presel	Punzi
HNElEl_200	0.988947	0.00804286	6.87772e-05	4.29846e-06
=====================================================================


!!!!!!!!!!!!!!!!!
!!!! UPDATED !!!!
!!!!!!!!!!!!!!!!!

[CutInfo::PrintCutInfo] leadingLepton_Pt	>	100
[CutInfo::PrintCutInfo] m_SubLeadljj_jjWclosest	<	290
[CutInfo::PrintCutInfo] m_SubLeadljj_jjWclosest	>	0
[CutInfo::PrintCutInfo] secondLepton_Pt	>	20
CF	0.209279 +- 0.0408231
Fake	0.495492 +- 0.351687
Prompt	3.11793 +- 1.04577
=> total bkg = 3.8227
Signal	Yield	Efficiency	Efficiency@Presel	Punzi
HNElEl_200	0.980349	0.00797143	6.81792e-05	4.31537e-06
=====================================================================


!!!!!!!!!!!!!!!!!
!!!! UPDATED !!!!
!!!!!!!!!!!!!!!!!

[CutInfo::PrintCutInfo] leadingLepton_Pt	>	100
[CutInfo::PrintCutInfo] m_SubLeadljj_jjWclosest	<	260
[CutInfo::PrintCutInfo] m_SubLeadljj_jjWclosest	>	0
[CutInfo::PrintCutInfo] secondLepton_Pt	>	20
CF	0.173477 +- 0.0351862
Fake	0.480226 +- 0.344442
Prompt	2.46573 +- 0.881113
=> total bkg = 3.11943
Signal	Yield	Efficiency	Efficiency@Presel	Punzi
HNElEl_200	0.946727	0.00774286	6.58409e-05	4.50235e-06
=====================================================================


!!!!!!!!!!!!!!!!!
!!!! UPDATED !!!!
!!!!!!!!!!!!!!!!!

[CutInfo::PrintCutInfo] leadingLepton_Pt	>	100
[CutInfo::PrintCutInfo] m_SubLeadljj_jjWclosest	<	255
[CutInfo::PrintCutInfo] m_SubLeadljj_jjWclosest	>	0
[CutInfo::PrintCutInfo] secondLepton_Pt	>	20
CF	0.169935 +- 0.0346108
Fake	0.475943 +- 0.343877
Prompt	2.40983 +- 0.865849
=> total bkg = 3.05571
Signal	Yield	Efficiency	Efficiency@Presel	Punzi
HNElEl_200	0.939923	0.00768571	6.53677e-05	4.50416e-06
=====================================================================


!!!!!!!!!!!!!!!!!
!!!! UPDATED !!!!
!!!!!!!!!!!!!!!!!

[CutInfo::PrintCutInfo] leadingLepton_Pt	>	100
[CutInfo::PrintCutInfo] m_SubLeadljj_jjWclosest	<	250
[CutInfo::PrintCutInfo] m_SubLeadljj_jjWclosest	>	0
[CutInfo::PrintCutInfo] secondLepton_Pt	>	20
CF	0.155432 +- 0.0322859
Fake	0.477788 +- 0.344103
Prompt	2.35388 +- 0.851158
=> total bkg = 2.9871
Signal	Yield	Efficiency	Efficiency@Presel	Punzi
HNElEl_200	0.933476	0.00761429	6.49194e-05	4.50931e-06
=====================================================================


!!!!!!!!!!!!!!!!!
!!!! UPDATED !!!!
!!!!!!!!!!!!!!!!!

[CutInfo::PrintCutInfo] leadingLepton_Pt	>	100
[CutInfo::PrintCutInfo] m_SubLeadljj_jjWclosest	<	235
[CutInfo::PrintCutInfo] m_SubLeadljj_jjWclosest	>	0
[CutInfo::PrintCutInfo] secondLepton_Pt	>	20
CF	0.138754 +- 0.0296602
Fake	0.218488 +- 0.235776
Prompt	2.21235 +- 0.818263
=> total bkg = 2.5696
Signal	Yield	Efficiency	Efficiency@Presel	Punzi
HNElEl_200	0.903458	0.00735714	6.28317e-05	4.58429e-06
=====================================================================

####################################################
TIME STAMP : [2018/1/16 21:4:14] 100 / 3721 (2.68745 %)
####################################################
[CutInfo::PrintCutInfo] leadingLepton_Pt	>	100
[CutInfo::PrintCutInfo] m_SubLeadljj_jjWclosest	<	235
[CutInfo::PrintCutInfo] m_SubLeadljj_jjWclosest	>	0
[CutInfo::PrintCutInfo] secondLepton_Pt	>	20

!!!!!!!!!!!!!!!!!
!!!! UPDATED !!!!
!!!!!!!!!!!!!!!!!

[CutInfo::PrintCutInfo] leadingLepton_Pt	>	100
[CutInfo::PrintCutInfo] m_SubLeadljj_jjWclosest	<	235
[CutInfo::PrintCutInfo] m_SubLeadljj_jjWclosest	>	3.33333
[CutInfo::PrintCutInfo] secondLepton_Pt	>	20
CF	0.138754 +- 0.0296602
Fake	0.218488 +- 0.235776
Prompt	2.21235 +- 0.818263
=> total bkg = 2.5696
Signal	Yield	Efficiency	Efficiency@Presel	Punzi
HNElEl_200	0.903458	0.00735714	6.28317e-05	4.58429e-06
=====================================================================


!!!!!!!!!!!!!!!!!
!!!! UPDATED !!!!
!!!!!!!!!!!!!!!!!

[CutInfo::PrintCutInfo] leadingLepton_Pt	>	100
[CutInfo::PrintCutInfo] m_SubLeadljj_jjWclosest	<	235
[CutInfo::PrintCutInfo] m_SubLeadljj_jjWclosest	>	6.66667
[CutInfo::PrintCutInfo] secondLepton_Pt	>	20
CF	0.138754 +- 0.0296602
Fake	0.218488 +- 0.235776
Prompt	2.21235 +- 0.818263
=> total bkg = 2.5696
Signal	Yield	Efficiency	Efficiency@Presel	Punzi
HNElEl_200	0.903458	0.00735714	6.28317e-05	4.58429e-06
=====================================================================

####################################################
TIME STAMP : [2018/1/16 21:4:19] 200 / 3721 (5.3749 %)
####################################################
[CutInfo::PrintCutInfo] leadingLepton_Pt	>	100
[CutInfo::PrintCutInfo] m_SubLeadljj_jjWclosest	<	235
[CutInfo::PrintCutInfo] m_SubLeadljj_jjWclosest	>	6.66667
[CutInfo::PrintCutInfo] secondLepton_Pt	>	20

!!!!!!!!!!!!!!!!!
!!!! UPDATED !!!!
!!!!!!!!!!!!!!!!!

[CutInfo::PrintCutInfo] leadingLepton_Pt	>	100
[CutInfo::PrintCutInfo] m_SubLeadljj_jjWclosest	<	235
[CutInfo::PrintCutInfo] m_SubLeadljj_jjWclosest	>	10
[CutInfo::PrintCutInfo] secondLepton_Pt	>	20
CF	0.138754 +- 0.0296602
Fake	0.218488 +- 0.235776
Prompt	2.21235 +- 0.818263
=> total bkg = 2.5696
Signal	Yield	Efficiency	Efficiency@Presel	Punzi
HNElEl_200	0.903458	0.00735714	6.28317e-05	4.58429e-06
=====================================================================


!!!!!!!!!!!!!!!!!
!!!! UPDATED !!!!
!!!!!!!!!!!!!!!!!

[CutInfo::PrintCutInfo] leadingLepton_Pt	>	100
[CutInfo::PrintCutInfo] m_SubLeadljj_jjWclosest	<	235
[CutInfo::PrintCutInfo] m_SubLeadljj_jjWclosest	>	13.3333
[CutInfo::PrintCutInfo] secondLepton_Pt	>	20
CF	0.138754 +- 0.0296602
Fake	0.218488 +- 0.235776
Prompt	2.21235 +- 0.818263
=> total bkg = 2.5696
Signal	Yield	Efficiency	Efficiency@Presel	Punzi
HNElEl_200	0.903458	0.00735714	6.28317e-05	4.58429e-06
=====================================================================

####################################################
TIME STAMP : [2018/1/16 21:4:23] 300 / 3721 (8.06235 %)
####################################################
[CutInfo::PrintCutInfo] leadingLepton_Pt	>	100
[CutInfo::PrintCutInfo] m_SubLeadljj_jjWclosest	<	235
[CutInfo::PrintCutInfo] m_SubLeadljj_jjWclosest	>	13.3333
[CutInfo::PrintCutInfo] secondLepton_Pt	>	20

!!!!!!!!!!!!!!!!!
!!!! UPDATED !!!!
!!!!!!!!!!!!!!!!!

[CutInfo::PrintCutInfo] leadingLepton_Pt	>	100
[CutInfo::PrintCutInfo] m_SubLeadljj_jjWclosest	<	235
[CutInfo::PrintCutInfo] m_SubLeadljj_jjWclosest	>	16.6667
[CutInfo::PrintCutInfo] secondLepton_Pt	>	20
CF	0.138754 +- 0.0296602
Fake	0.218488 +- 0.235776
Prompt	2.21235 +- 0.818263
=> total bkg = 2.5696
Signal	Yield	Efficiency	Efficiency@Presel	Punzi
HNElEl_200	0.903458	0.00735714	6.28317e-05	4.58429e-06
=====================================================================

####################################################
TIME STAMP : [2018/1/16 21:4:31] 400 / 3721 (10.7498 %)
####################################################
[CutInfo::PrintCutInfo] leadingLepton_Pt	>	100
[CutInfo::PrintCutInfo] m_SubLeadljj_jjWclosest	<	235
[CutInfo::PrintCutInfo] m_SubLeadljj_jjWclosest	>	16.6667
[CutInfo::PrintCutInfo] secondLepton_Pt	>	20

!!!!!!!!!!!!!!!!!
!!!! UPDATED !!!!
!!!!!!!!!!!!!!!!!

[CutInfo::PrintCutInfo] leadingLepton_Pt	>	100
[CutInfo::PrintCutInfo] m_SubLeadljj_jjWclosest	<	235
[CutInfo::PrintCutInfo] m_SubLeadljj_jjWclosest	>	20
[CutInfo::PrintCutInfo] secondLepton_Pt	>	20
CF	0.138754 +- 0.0296602
Fake	0.218488 +- 0.235776
Prompt	2.21235 +- 0.818263
=> total bkg = 2.5696
Signal	Yield	Efficiency	Efficiency@Presel	Punzi
HNElEl_200	0.903458	0.00735714	6.28317e-05	4.58429e-06
=====================================================================


!!!!!!!!!!!!!!!!!
!!!! UPDATED !!!!
!!!!!!!!!!!!!!!!!

[CutInfo::PrintCutInfo] leadingLepton_Pt	>	100
[CutInfo::PrintCutInfo] m_SubLeadljj_jjWclosest	<	235
[CutInfo::PrintCutInfo] m_SubLeadljj_jjWclosest	>	23.3333
[CutInfo::PrintCutInfo] secondLepton_Pt	>	20
CF	0.138754 +- 0.0296602
Fake	0.218488 +- 0.235776
Prompt	2.21235 +- 0.818263
=> total bkg = 2.5696
Signal	Yield	Efficiency	Efficiency@Presel	Punzi
HNElEl_200	0.903458	0.00735714	6.28317e-05	4.58429e-06
=====================================================================

####################################################
TIME STAMP : [2018/1/16 21:4:40] 500 / 3721 (13.4372 %)
####################################################
[CutInfo::PrintCutInfo] leadingLepton_Pt	>	100
[CutInfo::PrintCutInfo] m_SubLeadljj_jjWclosest	<	235
[CutInfo::PrintCutInfo] m_SubLeadljj_jjWclosest	>	23.3333
[CutInfo::PrintCutInfo] secondLepton_Pt	>	20

!!!!!!!!!!!!!!!!!
!!!! UPDATED !!!!
!!!!!!!!!!!!!!!!!

[CutInfo::PrintCutInfo] leadingLepton_Pt	>	100
[CutInfo::PrintCutInfo] m_SubLeadljj_jjWclosest	<	235
[CutInfo::PrintCutInfo] m_SubLeadljj_jjWclosest	>	26.6667
[CutInfo::PrintCutInfo] secondLepton_Pt	>	20
CF	0.138754 +- 0.0296602
Fake	0.218488 +- 0.235776
Prompt	2.21235 +- 0.818263
=> total bkg = 2.5696
Signal	Yield	Efficiency	Efficiency@Presel	Punzi
HNElEl_200	0.903458	0.00735714	6.28317e-05	4.58429e-06
=====================================================================

####################################################
TIME STAMP : [2018/1/16 21:4:49] 600 / 3721 (16.1247 %)
####################################################
[CutInfo::PrintCutInfo] leadingLepton_Pt	>	100
[CutInfo::PrintCutInfo] m_SubLeadljj_jjWclosest	<	235
[CutInfo::PrintCutInfo] m_SubLeadljj_jjWclosest	>	26.6667
[CutInfo::PrintCutInfo] secondLepton_Pt	>	20

!!!!!!!!!!!!!!!!!
!!!! UPDATED !!!!
!!!!!!!!!!!!!!!!!

[CutInfo::PrintCutInfo] leadingLepton_Pt	>	100
[CutInfo::PrintCutInfo] m_SubLeadljj_jjWclosest	<	235
[CutInfo::PrintCutInfo] m_SubLeadljj_jjWclosest	>	30
[CutInfo::PrintCutInfo] secondLepton_Pt	>	20
CF	0.138754 +- 0.0296602
Fake	0.218488 +- 0.235776
Prompt	2.21235 +- 0.818263
=> total bkg = 2.5696
Signal	Yield	Efficiency	Efficiency@Presel	Punzi
HNElEl_200	0.903458	0.00735714	6.28317e-05	4.58429e-06
=====================================================================


!!!!!!!!!!!!!!!!!
!!!! UPDATED !!!!
!!!!!!!!!!!!!!!!!

[CutInfo::PrintCutInfo] leadingLepton_Pt	>	100
[CutInfo::PrintCutInfo] m_SubLeadljj_jjWclosest	<	235
[CutInfo::PrintCutInfo] m_SubLeadljj_jjWclosest	>	33.3333
[CutInfo::PrintCutInfo] secondLepton_Pt	>	20
CF	0.138754 +- 0.0296602
Fake	0.218488 +- 0.235776
Prompt	2.21235 +- 0.818263
=> total bkg = 2.5696
Signal	Yield	Efficiency	Efficiency@Presel	Punzi
HNElEl_200	0.903458	0.00735714	6.28317e-05	4.58429e-06
=====================================================================

####################################################
TIME STAMP : [2018/1/16 21:4:58] 700 / 3721 (18.8121 %)
####################################################
[CutInfo::PrintCutInfo] leadingLepton_Pt	>	100
[CutInfo::PrintCutInfo] m_SubLeadljj_jjWclosest	<	235
[CutInfo::PrintCutInfo] m_SubLeadljj_jjWclosest	>	33.3333
[CutInfo::PrintCutInfo] secondLepton_Pt	>	20

!!!!!!!!!!!!!!!!!
!!!! UPDATED !!!!
!!!!!!!!!!!!!!!!!

[CutInfo::PrintCutInfo] leadingLepton_Pt	>	100
[CutInfo::PrintCutInfo] m_SubLeadljj_jjWclosest	<	235
[CutInfo::PrintCutInfo] m_SubLeadljj_jjWclosest	>	36.6667
[CutInfo::PrintCutInfo] secondLepton_Pt	>	20
CF	0.138754 +- 0.0296602
Fake	0.218488 +- 0.235776
Prompt	2.21235 +- 0.818263
=> total bkg = 2.5696
Signal	Yield	Efficiency	Efficiency@Presel	Punzi
HNElEl_200	0.903458	0.00735714	6.28317e-05	4.58429e-06
=====================================================================


!!!!!!!!!!!!!!!!!
!!!! UPDATED !!!!
!!!!!!!!!!!!!!!!!

[CutInfo::PrintCutInfo] leadingLepton_Pt	>	100
[CutInfo::PrintCutInfo] m_SubLeadljj_jjWclosest	<	235
[CutInfo::PrintCutInfo] m_SubLeadljj_jjWclosest	>	40
[CutInfo::PrintCutInfo] secondLepton_Pt	>	20
CF	0.138754 +- 0.0296602
Fake	0.218488 +- 0.235776
Prompt	2.21235 +- 0.818263
=> total bkg = 2.5696
Signal	Yield	Efficiency	Efficiency@Presel	Punzi
HNElEl_200	0.903458	0.00735714	6.28317e-05	4.58429e-06
=====================================================================

####################################################
TIME STAMP : [2018/1/16 21:5:8] 800 / 3721 (21.4996 %)
####################################################
[CutInfo::PrintCutInfo] leadingLepton_Pt	>	100
[CutInfo::PrintCutInfo] m_SubLeadljj_jjWclosest	<	235
[CutInfo::PrintCutInfo] m_SubLeadljj_jjWclosest	>	40
[CutInfo::PrintCutInfo] secondLepton_Pt	>	20

!!!!!!!!!!!!!!!!!
!!!! UPDATED !!!!
!!!!!!!!!!!!!!!!!

[CutInfo::PrintCutInfo] leadingLepton_Pt	>	100
[CutInfo::PrintCutInfo] m_SubLeadljj_jjWclosest	<	235
[CutInfo::PrintCutInfo] m_SubLeadljj_jjWclosest	>	43.3333
[CutInfo::PrintCutInfo] secondLepton_Pt	>	20
CF	0.138754 +- 0.0296602
Fake	0.218488 +- 0.235776
Prompt	2.21235 +- 0.818263
=> total bkg = 2.5696
Signal	Yield	Efficiency	Efficiency@Presel	Punzi
HNElEl_200	0.903458	0.00735714	6.28317e-05	4.58429e-06
=====================================================================

####################################################
TIME STAMP : [2018/1/16 21:5:17] 900 / 3721 (24.187 %)
####################################################
[CutInfo::PrintCutInfo] leadingLepton_Pt	>	100
[CutInfo::PrintCutInfo] m_SubLeadljj_jjWclosest	<	235
[CutInfo::PrintCutInfo] m_SubLeadljj_jjWclosest	>	43.3333
[CutInfo::PrintCutInfo] secondLepton_Pt	>	20

!!!!!!!!!!!!!!!!!
!!!! UPDATED !!!!
!!!!!!!!!!!!!!!!!

[CutInfo::PrintCutInfo] leadingLepton_Pt	>	100
[CutInfo::PrintCutInfo] m_SubLeadljj_jjWclosest	<	235
[CutInfo::PrintCutInfo] m_SubLeadljj_jjWclosest	>	46.6667
[CutInfo::PrintCutInfo] secondLepton_Pt	>	20
CF	0.138754 +- 0.0296602
Fake	0.218488 +- 0.235776
Prompt	2.21235 +- 0.818263
=> total bkg = 2.5696
Signal	Yield	Efficiency	Efficiency@Presel	Punzi
HNElEl_200	0.903458	0.00735714	6.28317e-05	4.58429e-06
=====================================================================


!!!!!!!!!!!!!!!!!
!!!! UPDATED !!!!
!!!!!!!!!!!!!!!!!

[CutInfo::PrintCutInfo] leadingLepton_Pt	>	100
[CutInfo::PrintCutInfo] m_SubLeadljj_jjWclosest	<	235
[CutInfo::PrintCutInfo] m_SubLeadljj_jjWclosest	>	50
[CutInfo::PrintCutInfo] secondLepton_Pt	>	20
CF	0.138754 +- 0.0296602
Fake	0.218488 +- 0.235776
Prompt	2.21235 +- 0.818263
=> total bkg = 2.5696
Signal	Yield	Efficiency	Efficiency@Presel	Punzi
HNElEl_200	0.903458	0.00735714	6.28317e-05	4.58429e-06
=====================================================================

####################################################
TIME STAMP : [2018/1/16 21:5:26] 1000 / 3721 (26.8745 %)
####################################################
[CutInfo::PrintCutInfo] leadingLepton_Pt	>	100
[CutInfo::PrintCutInfo] m_SubLeadljj_jjWclosest	<	235
[CutInfo::PrintCutInfo] m_SubLeadljj_jjWclosest	>	50
[CutInfo::PrintCutInfo] secondLepton_Pt	>	20

!!!!!!!!!!!!!!!!!
!!!! UPDATED !!!!
!!!!!!!!!!!!!!!!!

[CutInfo::PrintCutInfo] leadingLepton_Pt	>	100
[CutInfo::PrintCutInfo] m_SubLeadljj_jjWclosest	<	235
[CutInfo::PrintCutInfo] m_SubLeadljj_jjWclosest	>	53.3333
[CutInfo::PrintCutInfo] secondLepton_Pt	>	20
CF	0.138754 +- 0.0296602
Fake	0.218488 +- 0.235776
Prompt	2.21235 +- 0.818263
=> total bkg = 2.5696
Signal	Yield	Efficiency	Efficiency@Presel	Punzi
HNElEl_200	0.903458	0.00735714	6.28317e-05	4.58429e-06
=====================================================================


!!!!!!!!!!!!!!!!!
!!!! UPDATED !!!!
!!!!!!!!!!!!!!!!!

[CutInfo::PrintCutInfo] leadingLepton_Pt	>	100
[CutInfo::PrintCutInfo] m_SubLeadljj_jjWclosest	<	235
[CutInfo::PrintCutInfo] m_SubLeadljj_jjWclosest	>	56.6667
[CutInfo::PrintCutInfo] secondLepton_Pt	>	20
CF	0.138754 +- 0.0296602
Fake	0.218488 +- 0.235776
Prompt	2.21235 +- 0.818263
=> total bkg = 2.5696
Signal	Yield	Efficiency	Efficiency@Presel	Punzi
HNElEl_200	0.903458	0.00735714	6.28317e-05	4.58429e-06
=====================================================================

####################################################
TIME STAMP : [2018/1/16 21:5:35] 1100 / 3721 (29.5619 %)
####################################################
[CutInfo::PrintCutInfo] leadingLepton_Pt	>	100
[CutInfo::PrintCutInfo] m_SubLeadljj_jjWclosest	<	235
[CutInfo::PrintCutInfo] m_SubLeadljj_jjWclosest	>	56.6667
[CutInfo::PrintCutInfo] secondLepton_Pt	>	20

!!!!!!!!!!!!!!!!!
!!!! UPDATED !!!!
!!!!!!!!!!!!!!!!!

[CutInfo::PrintCutInfo] leadingLepton_Pt	>	100
[CutInfo::PrintCutInfo] m_SubLeadljj_jjWclosest	<	235
[CutInfo::PrintCutInfo] m_SubLeadljj_jjWclosest	>	60
[CutInfo::PrintCutInfo] secondLepton_Pt	>	20
CF	0.138754 +- 0.0296602
Fake	0.218488 +- 0.235776
Prompt	2.21235 +- 0.818263
=> total bkg = 2.5696
Signal	Yield	Efficiency	Efficiency@Presel	Punzi
HNElEl_200	0.903458	0.00735714	6.28317e-05	4.58429e-06
=====================================================================

####################################################
TIME STAMP : [2018/1/16 21:5:44] 1200 / 3721 (32.2494 %)
####################################################
[CutInfo::PrintCutInfo] leadingLepton_Pt	>	100
[CutInfo::PrintCutInfo] m_SubLeadljj_jjWclosest	<	235
[CutInfo::PrintCutInfo] m_SubLeadljj_jjWclosest	>	60
[CutInfo::PrintCutInfo] secondLepton_Pt	>	20

!!!!!!!!!!!!!!!!!
!!!! UPDATED !!!!
!!!!!!!!!!!!!!!!!

[CutInfo::PrintCutInfo] leadingLepton_Pt	>	100
[CutInfo::PrintCutInfo] m_SubLeadljj_jjWclosest	<	235
[CutInfo::PrintCutInfo] m_SubLeadljj_jjWclosest	>	63.3333
[CutInfo::PrintCutInfo] secondLepton_Pt	>	20
CF	0.138754 +- 0.0296602
Fake	0.218488 +- 0.235776
Prompt	2.21235 +- 0.818263
=> total bkg = 2.5696
Signal	Yield	Efficiency	Efficiency@Presel	Punzi
HNElEl_200	0.903458	0.00735714	6.28317e-05	4.58429e-06
=====================================================================


!!!!!!!!!!!!!!!!!
!!!! UPDATED !!!!
!!!!!!!!!!!!!!!!!

[CutInfo::PrintCutInfo] leadingLepton_Pt	>	100
[CutInfo::PrintCutInfo] m_SubLeadljj_jjWclosest	<	235
[CutInfo::PrintCutInfo] m_SubLeadljj_jjWclosest	>	66.6667
[CutInfo::PrintCutInfo] secondLepton_Pt	>	20
CF	0.138754 +- 0.0296602
Fake	0.218488 +- 0.235776
Prompt	2.21235 +- 0.818263
=> total bkg = 2.5696
Signal	Yield	Efficiency	Efficiency@Presel	Punzi
HNElEl_200	0.903458	0.00735714	6.28317e-05	4.58429e-06
=====================================================================

####################################################
TIME STAMP : [2018/1/16 21:5:53] 1300 / 3721 (34.9368 %)
####################################################
[CutInfo::PrintCutInfo] leadingLepton_Pt	>	100
[CutInfo::PrintCutInfo] m_SubLeadljj_jjWclosest	<	235
[CutInfo::PrintCutInfo] m_SubLeadljj_jjWclosest	>	66.6667
[CutInfo::PrintCutInfo] secondLepton_Pt	>	20

!!!!!!!!!!!!!!!!!
!!!! UPDATED !!!!
!!!!!!!!!!!!!!!!!

[CutInfo::PrintCutInfo] leadingLepton_Pt	>	100
[CutInfo::PrintCutInfo] m_SubLeadljj_jjWclosest	<	235
[CutInfo::PrintCutInfo] m_SubLeadljj_jjWclosest	>	70
[CutInfo::PrintCutInfo] secondLepton_Pt	>	20
CF	0.138754 +- 0.0296602
Fake	0.218488 +- 0.235776
Prompt	2.21235 +- 0.818263
=> total bkg = 2.5696
Signal	Yield	Efficiency	Efficiency@Presel	Punzi
HNElEl_200	0.903458	0.00735714	6.28317e-05	4.58429e-06
=====================================================================


!!!!!!!!!!!!!!!!!
!!!! UPDATED !!!!
!!!!!!!!!!!!!!!!!

[CutInfo::PrintCutInfo] leadingLepton_Pt	>	100
[CutInfo::PrintCutInfo] m_SubLeadljj_jjWclosest	<	235
[CutInfo::PrintCutInfo] m_SubLeadljj_jjWclosest	>	73.3333
[CutInfo::PrintCutInfo] secondLepton_Pt	>	20
CF	0.138754 +- 0.0296602
Fake	0.218488 +- 0.235776
Prompt	2.21235 +- 0.818263
=> total bkg = 2.5696
Signal	Yield	Efficiency	Efficiency@Presel	Punzi
HNElEl_200	0.903458	0.00735714	6.28317e-05	4.58429e-06
=====================================================================

####################################################
TIME STAMP : [2018/1/16 21:6:2] 1400 / 3721 (37.6243 %)
####################################################
[CutInfo::PrintCutInfo] leadingLepton_Pt	>	100
[CutInfo::PrintCutInfo] m_SubLeadljj_jjWclosest	<	235
[CutInfo::PrintCutInfo] m_SubLeadljj_jjWclosest	>	73.3333
[CutInfo::PrintCutInfo] secondLepton_Pt	>	20

!!!!!!!!!!!!!!!!!
!!!! UPDATED !!!!
!!!!!!!!!!!!!!!!!

[CutInfo::PrintCutInfo] leadingLepton_Pt	>	100
[CutInfo::PrintCutInfo] m_SubLeadljj_jjWclosest	<	235
[CutInfo::PrintCutInfo] m_SubLeadljj_jjWclosest	>	76.6667
[CutInfo::PrintCutInfo] secondLepton_Pt	>	20
CF	0.138754 +- 0.0296602
Fake	0.218488 +- 0.235776
Prompt	2.21235 +- 0.818263
=> total bkg = 2.5696
Signal	Yield	Efficiency	Efficiency@Presel	Punzi
HNElEl_200	0.903458	0.00735714	6.28317e-05	4.58429e-06
=====================================================================

####################################################
TIME STAMP : [2018/1/16 21:6:11] 1500 / 3721 (40.3117 %)
####################################################
[CutInfo::PrintCutInfo] leadingLepton_Pt	>	100
[CutInfo::PrintCutInfo] m_SubLeadljj_jjWclosest	<	235
[CutInfo::PrintCutInfo] m_SubLeadljj_jjWclosest	>	76.6667
[CutInfo::PrintCutInfo] secondLepton_Pt	>	20

!!!!!!!!!!!!!!!!!
!!!! UPDATED !!!!
!!!!!!!!!!!!!!!!!

[CutInfo::PrintCutInfo] leadingLepton_Pt	>	100
[CutInfo::PrintCutInfo] m_SubLeadljj_jjWclosest	<	235
[CutInfo::PrintCutInfo] m_SubLeadljj_jjWclosest	>	80
[CutInfo::PrintCutInfo] secondLepton_Pt	>	20
CF	0.138754 +- 0.0296602
Fake	0.218488 +- 0.235776
Prompt	2.21235 +- 0.818263
=> total bkg = 2.5696
Signal	Yield	Efficiency	Efficiency@Presel	Punzi
HNElEl_200	0.903458	0.00735714	6.28317e-05	4.58429e-06
=====================================================================


!!!!!!!!!!!!!!!!!
!!!! UPDATED !!!!
!!!!!!!!!!!!!!!!!

[CutInfo::PrintCutInfo] leadingLepton_Pt	>	100
[CutInfo::PrintCutInfo] m_SubLeadljj_jjWclosest	<	235
[CutInfo::PrintCutInfo] m_SubLeadljj_jjWclosest	>	83.3333
[CutInfo::PrintCutInfo] secondLepton_Pt	>	20
CF	0.138754 +- 0.0296602
Fake	0.218488 +- 0.235776
Prompt	2.21235 +- 0.818263
=> total bkg = 2.5696
Signal	Yield	Efficiency	Efficiency@Presel	Punzi
HNElEl_200	0.903458	0.00735714	6.28317e-05	4.58429e-06
=====================================================================

####################################################
TIME STAMP : [2018/1/16 21:6:20] 1600 / 3721 (42.9992 %)
####################################################
[CutInfo::PrintCutInfo] leadingLepton_Pt	>	100
[CutInfo::PrintCutInfo] m_SubLeadljj_jjWclosest	<	235
[CutInfo::PrintCutInfo] m_SubLeadljj_jjWclosest	>	83.3333
[CutInfo::PrintCutInfo] secondLepton_Pt	>	20

!!!!!!!!!!!!!!!!!
!!!! UPDATED !!!!
!!!!!!!!!!!!!!!!!

[CutInfo::PrintCutInfo] leadingLepton_Pt	>	100
[CutInfo::PrintCutInfo] m_SubLeadljj_jjWclosest	<	235
[CutInfo::PrintCutInfo] m_SubLeadljj_jjWclosest	>	86.6667
[CutInfo::PrintCutInfo] secondLepton_Pt	>	20
CF	0.138754 +- 0.0296602
Fake	0.218488 +- 0.235776
Prompt	2.21235 +- 0.818263
=> total bkg = 2.5696
Signal	Yield	Efficiency	Efficiency@Presel	Punzi
HNElEl_200	0.903458	0.00735714	6.28317e-05	4.58429e-06
=====================================================================

####################################################
TIME STAMP : [2018/1/16 21:6:29] 1700 / 3721 (45.6866 %)
####################################################
[CutInfo::PrintCutInfo] leadingLepton_Pt	>	100
[CutInfo::PrintCutInfo] m_SubLeadljj_jjWclosest	<	235
[CutInfo::PrintCutInfo] m_SubLeadljj_jjWclosest	>	86.6667
[CutInfo::PrintCutInfo] secondLepton_Pt	>	20

!!!!!!!!!!!!!!!!!
!!!! UPDATED !!!!
!!!!!!!!!!!!!!!!!

[CutInfo::PrintCutInfo] leadingLepton_Pt	>	100
[CutInfo::PrintCutInfo] m_SubLeadljj_jjWclosest	<	235
[CutInfo::PrintCutInfo] m_SubLeadljj_jjWclosest	>	90
[CutInfo::PrintCutInfo] secondLepton_Pt	>	20
CF	0.138754 +- 0.0296602
Fake	0.218488 +- 0.235776
Prompt	2.21235 +- 0.818263
=> total bkg = 2.5696
Signal	Yield	Efficiency	Efficiency@Presel	Punzi
HNElEl_200	0.903458	0.00735714	6.28317e-05	4.58429e-06
=====================================================================


!!!!!!!!!!!!!!!!!
!!!! UPDATED !!!!
!!!!!!!!!!!!!!!!!

[CutInfo::PrintCutInfo] leadingLepton_Pt	>	100
[CutInfo::PrintCutInfo] m_SubLeadljj_jjWclosest	<	235
[CutInfo::PrintCutInfo] m_SubLeadljj_jjWclosest	>	93.3333
[CutInfo::PrintCutInfo] secondLepton_Pt	>	20
CF	0.138754 +- 0.0296602
Fake	0.218488 +- 0.235776
Prompt	2.21235 +- 0.818263
=> total bkg = 2.5696
Signal	Yield	Efficiency	Efficiency@Presel	Punzi
HNElEl_200	0.903458	0.00735714	6.28317e-05	4.58429e-06
=====================================================================

####################################################
TIME STAMP : [2018/1/16 21:6:39] 1800 / 3721 (48.3741 %)
####################################################
[CutInfo::PrintCutInfo] leadingLepton_Pt	>	100
[CutInfo::PrintCutInfo] m_SubLeadljj_jjWclosest	<	235
[CutInfo::PrintCutInfo] m_SubLeadljj_jjWclosest	>	93.3333
[CutInfo::PrintCutInfo] secondLepton_Pt	>	20

!!!!!!!!!!!!!!!!!
!!!! UPDATED !!!!
!!!!!!!!!!!!!!!!!

[CutInfo::PrintCutInfo] leadingLepton_Pt	>	100
[CutInfo::PrintCutInfo] m_SubLeadljj_jjWclosest	<	235
[CutInfo::PrintCutInfo] m_SubLeadljj_jjWclosest	>	96.6667
[CutInfo::PrintCutInfo] secondLepton_Pt	>	20
CF	0.138754 +- 0.0296602
Fake	0.218488 +- 0.235776
Prompt	2.21235 +- 0.818263
=> total bkg = 2.5696
Signal	Yield	Efficiency	Efficiency@Presel	Punzi
HNElEl_200	0.903458	0.00735714	6.28317e-05	4.58429e-06
=====================================================================


!!!!!!!!!!!!!!!!!
!!!! UPDATED !!!!
!!!!!!!!!!!!!!!!!

[CutInfo::PrintCutInfo] leadingLepton_Pt	>	100
[CutInfo::PrintCutInfo] m_SubLeadljj_jjWclosest	<	235
[CutInfo::PrintCutInfo] m_SubLeadljj_jjWclosest	>	100
[CutInfo::PrintCutInfo] secondLepton_Pt	>	20
CF	0.138754 +- 0.0296602
Fake	0.218488 +- 0.235776
Prompt	2.21235 +- 0.818263
=> total bkg = 2.5696
Signal	Yield	Efficiency	Efficiency@Presel	Punzi
HNElEl_200	0.903458	0.00735714	6.28317e-05	4.58429e-06
=====================================================================

####################################################
TIME STAMP : [2018/1/16 21:6:48] 1900 / 3721 (51.0615 %)
####################################################
[CutInfo::PrintCutInfo] leadingLepton_Pt	>	100
[CutInfo::PrintCutInfo] m_SubLeadljj_jjWclosest	<	235
[CutInfo::PrintCutInfo] m_SubLeadljj_jjWclosest	>	100
[CutInfo::PrintCutInfo] secondLepton_Pt	>	20

!!!!!!!!!!!!!!!!!
!!!! UPDATED !!!!
!!!!!!!!!!!!!!!!!

[CutInfo::PrintCutInfo] leadingLepton_Pt	>	100
[CutInfo::PrintCutInfo] m_SubLeadljj_jjWclosest	<	235
[CutInfo::PrintCutInfo] m_SubLeadljj_jjWclosest	>	103.333
[CutInfo::PrintCutInfo] secondLepton_Pt	>	20
CF	0.138754 +- 0.0296602
Fake	0.218488 +- 0.235776
Prompt	2.21235 +- 0.818263
=> total bkg = 2.5696
Signal	Yield	Efficiency	Efficiency@Presel	Punzi
HNElEl_200	0.903458	0.00735714	6.28317e-05	4.58429e-06
=====================================================================

####################################################
TIME STAMP : [2018/1/16 21:6:57] 2000 / 3721 (53.749 %)
####################################################
[CutInfo::PrintCutInfo] leadingLepton_Pt	>	100
[CutInfo::PrintCutInfo] m_SubLeadljj_jjWclosest	<	235
[CutInfo::PrintCutInfo] m_SubLeadljj_jjWclosest	>	103.333
[CutInfo::PrintCutInfo] secondLepton_Pt	>	20

!!!!!!!!!!!!!!!!!
!!!! UPDATED !!!!
!!!!!!!!!!!!!!!!!

[CutInfo::PrintCutInfo] leadingLepton_Pt	>	100
[CutInfo::PrintCutInfo] m_SubLeadljj_jjWclosest	<	235
[CutInfo::PrintCutInfo] m_SubLeadljj_jjWclosest	>	106.667
[CutInfo::PrintCutInfo] secondLepton_Pt	>	20
CF	0.138754 +- 0.0296602
Fake	0.218488 +- 0.235776
Prompt	2.21235 +- 0.818263
=> total bkg = 2.5696
Signal	Yield	Efficiency	Efficiency@Presel	Punzi
HNElEl_200	0.903458	0.00735714	6.28317e-05	4.58429e-06
=====================================================================


!!!!!!!!!!!!!!!!!
!!!! UPDATED !!!!
!!!!!!!!!!!!!!!!!

[CutInfo::PrintCutInfo] leadingLepton_Pt	>	100
[CutInfo::PrintCutInfo] m_SubLeadljj_jjWclosest	<	235
[CutInfo::PrintCutInfo] m_SubLeadljj_jjWclosest	>	110
[CutInfo::PrintCutInfo] secondLepton_Pt	>	20
CF	0.138723 +- 0.0296564
Fake	0.218488 +- 0.235776
Prompt	2.21235 +- 0.818263
=> total bkg = 2.56956
Signal	Yield	Efficiency	Efficiency@Presel	Punzi
HNElEl_200	0.903458	0.00735714	6.28317e-05	4.5843e-06
=====================================================================

####################################################
TIME STAMP : [2018/1/16 21:7:6] 2100 / 3721 (56.4364 %)
####################################################
[CutInfo::PrintCutInfo] leadingLepton_Pt	>	100
[CutInfo::PrintCutInfo] m_SubLeadljj_jjWclosest	<	235
[CutInfo::PrintCutInfo] m_SubLeadljj_jjWclosest	>	110
[CutInfo::PrintCutInfo] secondLepton_Pt	>	20

!!!!!!!!!!!!!!!!!
!!!! UPDATED !!!!
!!!!!!!!!!!!!!!!!

[CutInfo::PrintCutInfo] leadingLepton_Pt	>	100
[CutInfo::PrintCutInfo] m_SubLeadljj_jjWclosest	<	235
[CutInfo::PrintCutInfo] m_SubLeadljj_jjWclosest	>	113.333
[CutInfo::PrintCutInfo] secondLepton_Pt	>	20
CF	0.138723 +- 0.0296564
Fake	0.218488 +- 0.235776
Prompt	2.21235 +- 0.818263
=> total bkg = 2.56956
Signal	Yield	Efficiency	Efficiency@Presel	Punzi
HNElEl_200	0.903458	0.00735714	6.28317e-05	4.5843e-06
=====================================================================


!!!!!!!!!!!!!!!!!
!!!! UPDATED !!!!
!!!!!!!!!!!!!!!!!

[CutInfo::PrintCutInfo] leadingLepton_Pt	>	100
[CutInfo::PrintCutInfo] m_SubLeadljj_jjWclosest	<	235
[CutInfo::PrintCutInfo] m_SubLeadljj_jjWclosest	>	116.667
[CutInfo::PrintCutInfo] secondLepton_Pt	>	20
CF	0.138723 +- 0.0296564
Fake	0.218488 +- 0.235776
Prompt	2.21235 +- 0.818263
=> total bkg = 2.56956
Signal	Yield	Efficiency	Efficiency@Presel	Punzi
HNElEl_200	0.903458	0.00735714	6.28317e-05	4.5843e-06
=====================================================================

####################################################
TIME STAMP : [2018/1/16 21:7:15] 2200 / 3721 (59.1239 %)
####################################################
[CutInfo::PrintCutInfo] leadingLepton_Pt	>	100
[CutInfo::PrintCutInfo] m_SubLeadljj_jjWclosest	<	235
[CutInfo::PrintCutInfo] m_SubLeadljj_jjWclosest	>	116.667
[CutInfo::PrintCutInfo] secondLepton_Pt	>	20
####################################################
TIME STAMP : [2018/1/16 21:7:24] 2300 / 3721 (61.8113 %)
####################################################
[CutInfo::PrintCutInfo] leadingLepton_Pt	>	100
[CutInfo::PrintCutInfo] m_SubLeadljj_jjWclosest	<	235
[CutInfo::PrintCutInfo] m_SubLeadljj_jjWclosest	>	116.667
[CutInfo::PrintCutInfo] secondLepton_Pt	>	20

!!!!!!!!!!!!!!!!!
!!!! UPDATED !!!!
!!!!!!!!!!!!!!!!!

[CutInfo::PrintCutInfo] leadingLepton_Pt	>	100
[CutInfo::PrintCutInfo] m_SubLeadljj_jjWclosest	<	235
[CutInfo::PrintCutInfo] m_SubLeadljj_jjWclosest	>	123.333
[CutInfo::PrintCutInfo] secondLepton_Pt	>	20
CF	0.138669 +- 0.02965
Fake	0.218765 +- 0.235799
Prompt	2.08101 +- 0.808057
=> total bkg = 2.43845
Signal	Yield	Efficiency	Efficiency@Presel	Punzi
HNElEl_200	0.903458	0.00735714	6.28317e-05	4.6523e-06
=====================================================================


!!!!!!!!!!!!!!!!!
!!!! UPDATED !!!!
!!!!!!!!!!!!!!!!!

[CutInfo::PrintCutInfo] leadingLepton_Pt	>	100
[CutInfo::PrintCutInfo] m_SubLeadljj_jjWclosest	<	235
[CutInfo::PrintCutInfo] m_SubLeadljj_jjWclosest	>	126.667
[CutInfo::PrintCutInfo] secondLepton_Pt	>	20
CF	0.138611 +- 0.0296429
Fake	0.218765 +- 0.235799
Prompt	2.08101 +- 0.808057
=> total bkg = 2.43839
Signal	Yield	Efficiency	Efficiency@Presel	Punzi
HNElEl_200	0.903458	0.00735714	6.28317e-05	4.65233e-06
=====================================================================

####################################################
TIME STAMP : [2018/1/16 21:7:33] 2400 / 3721 (64.4988 %)
####################################################
[CutInfo::PrintCutInfo] leadingLepton_Pt	>	100
[CutInfo::PrintCutInfo] m_SubLeadljj_jjWclosest	<	235
[CutInfo::PrintCutInfo] m_SubLeadljj_jjWclosest	>	126.667
[CutInfo::PrintCutInfo] secondLepton_Pt	>	20

!!!!!!!!!!!!!!!!!
!!!! UPDATED !!!!
!!!!!!!!!!!!!!!!!

[CutInfo::PrintCutInfo] leadingLepton_Pt	>	100
[CutInfo::PrintCutInfo] m_SubLeadljj_jjWclosest	<	235
[CutInfo::PrintCutInfo] m_SubLeadljj_jjWclosest	>	130
[CutInfo::PrintCutInfo] secondLepton_Pt	>	20
CF	0.135946 +- 0.0292237
Fake	0.218765 +- 0.235799
Prompt	2.08101 +- 0.808057
=> total bkg = 2.43572
Signal	Yield	Efficiency	Efficiency@Presel	Punzi
HNElEl_200	0.903458	0.00735714	6.28317e-05	4.6536e-06
=====================================================================


!!!!!!!!!!!!!!!!!
!!!! UPDATED !!!!
!!!!!!!!!!!!!!!!!

[CutInfo::PrintCutInfo] leadingLepton_Pt	>	100
[CutInfo::PrintCutInfo] m_SubLeadljj_jjWclosest	<	235
[CutInfo::PrintCutInfo] m_SubLeadljj_jjWclosest	>	133.333
[CutInfo::PrintCutInfo] secondLepton_Pt	>	20
CF	0.135946 +- 0.0292237
Fake	0.218765 +- 0.235799
Prompt	2.08092 +- 0.808054
=> total bkg = 2.43563
Signal	Yield	Efficiency	Efficiency@Presel	Punzi
HNElEl_200	0.903458	0.00735714	6.28317e-05	4.65364e-06
=====================================================================

####################################################
TIME STAMP : [2018/1/16 21:7:42] 2500 / 3721 (67.1862 %)
####################################################
[CutInfo::PrintCutInfo] leadingLepton_Pt	>	100
[CutInfo::PrintCutInfo] m_SubLeadljj_jjWclosest	<	235
[CutInfo::PrintCutInfo] m_SubLeadljj_jjWclosest	>	133.333
[CutInfo::PrintCutInfo] secondLepton_Pt	>	20
####################################################
TIME STAMP : [2018/1/16 21:7:51] 2600 / 3721 (69.8737 %)
####################################################
[CutInfo::PrintCutInfo] leadingLepton_Pt	>	100
[CutInfo::PrintCutInfo] m_SubLeadljj_jjWclosest	<	235
[CutInfo::PrintCutInfo] m_SubLeadljj_jjWclosest	>	133.333
[CutInfo::PrintCutInfo] secondLepton_Pt	>	20
####################################################
TIME STAMP : [2018/1/16 21:8:1] 2700 / 3721 (72.5611 %)
####################################################
[CutInfo::PrintCutInfo] leadingLepton_Pt	>	100
[CutInfo::PrintCutInfo] m_SubLeadljj_jjWclosest	<	235
[CutInfo::PrintCutInfo] m_SubLeadljj_jjWclosest	>	133.333
[CutInfo::PrintCutInfo] secondLepton_Pt	>	20
####################################################
TIME STAMP : [2018/1/16 21:8:10] 2800 / 3721 (75.2486 %)
####################################################
[CutInfo::PrintCutInfo] leadingLepton_Pt	>	100
[CutInfo::PrintCutInfo] m_SubLeadljj_jjWclosest	<	235
[CutInfo::PrintCutInfo] m_SubLeadljj_jjWclosest	>	133.333
[CutInfo::PrintCutInfo] secondLepton_Pt	>	20

!!!!!!!!!!!!!!!!!
!!!! UPDATED !!!!
!!!!!!!!!!!!!!!!!

[CutInfo::PrintCutInfo] leadingLepton_Pt	>	100
[CutInfo::PrintCutInfo] m_SubLeadljj_jjWclosest	<	235
[CutInfo::PrintCutInfo] m_SubLeadljj_jjWclosest	>	153.333
[CutInfo::PrintCutInfo] secondLepton_Pt	>	20
CF	0.122259 +- 0.0269554
Fake	0.257375 +- 0.238383
Prompt	1.88906 +- 0.787789
=> total bkg = 2.26869
Signal	Yield	Efficiency	Efficiency@Presel	Punzi
HNElEl_200	0.901309	0.00734286	6.26823e-05	4.73962e-06
=====================================================================

####################################################
TIME STAMP : [2018/1/16 21:8:19] 2900 / 3721 (77.936 %)
####################################################
[CutInfo::PrintCutInfo] leadingLepton_Pt	>	100
[CutInfo::PrintCutInfo] m_SubLeadljj_jjWclosest	<	235
[CutInfo::PrintCutInfo] m_SubLeadljj_jjWclosest	>	153.333
[CutInfo::PrintCutInfo] secondLepton_Pt	>	20

!!!!!!!!!!!!!!!!!
!!!! UPDATED !!!!
!!!!!!!!!!!!!!!!!

[CutInfo::PrintCutInfo] leadingLepton_Pt	>	100
[CutInfo::PrintCutInfo] m_SubLeadljj_jjWclosest	<	235
[CutInfo::PrintCutInfo] m_SubLeadljj_jjWclosest	>	156.667
[CutInfo::PrintCutInfo] secondLepton_Pt	>	20
CF	0.119931 +- 0.0265873
Fake	0.140367 +- 0.194776
Prompt	1.84611 +- 0.786084
=> total bkg = 2.10641
Signal	Yield	Efficiency	Efficiency@Presel	Punzi
HNElEl_200	0.901309	0.00734286	6.26823e-05	4.8365e-06
=====================================================================


!!!!!!!!!!!!!!!!!
!!!! UPDATED !!!!
!!!!!!!!!!!!!!!!!

[CutInfo::PrintCutInfo] leadingLepton_Pt	>	100
[CutInfo::PrintCutInfo] m_SubLeadljj_jjWclosest	<	235
[CutInfo::PrintCutInfo] m_SubLeadljj_jjWclosest	>	160
[CutInfo::PrintCutInfo] secondLepton_Pt	>	20
CF	0.11346 +- 0.0254525
Fake	0.141056 +- 0.19482
Prompt	1.8411 +- 0.78509
=> total bkg = 2.09562
Signal	Yield	Efficiency	Efficiency@Presel	Punzi
HNElEl_200	0.901309	0.00734286	6.26823e-05	4.8433e-06
=====================================================================

####################################################
TIME STAMP : [2018/1/16 21:8:28] 3000 / 3721 (80.6235 %)
####################################################
[CutInfo::PrintCutInfo] leadingLepton_Pt	>	100
[CutInfo::PrintCutInfo] m_SubLeadljj_jjWclosest	<	235
[CutInfo::PrintCutInfo] m_SubLeadljj_jjWclosest	>	160
[CutInfo::PrintCutInfo] secondLepton_Pt	>	20

!!!!!!!!!!!!!!!!!
!!!! UPDATED !!!!
!!!!!!!!!!!!!!!!!

[CutInfo::PrintCutInfo] leadingLepton_Pt	>	100
[CutInfo::PrintCutInfo] m_SubLeadljj_jjWclosest	<	260
[CutInfo::PrintCutInfo] m_SubLeadljj_jjWclosest	>	163.333
[CutInfo::PrintCutInfo] secondLepton_Pt	>	20
CF	0.147722 +- 0.0309452
Fake	0.403023 +- 0.312047
Prompt	1.68195 +- 0.716354
=> total bkg = 2.23269
Signal	Yield	Efficiency	Efficiency@Presel	Punzi
HNElEl_200	0.944578	0.00772857	6.56915e-05	5.02294e-06
=====================================================================


!!!!!!!!!!!!!!!!!
!!!! UPDATED !!!!
!!!!!!!!!!!!!!!!!

[CutInfo::PrintCutInfo] leadingLepton_Pt	>	100
[CutInfo::PrintCutInfo] m_SubLeadljj_jjWclosest	<	255
[CutInfo::PrintCutInfo] m_SubLeadljj_jjWclosest	>	163.333
[CutInfo::PrintCutInfo] secondLepton_Pt	>	20
CF	0.144181 +- 0.0303664
Fake	0.39874 +- 0.311519
Prompt	1.62605 +- 0.700651
=> total bkg = 2.16897
Signal	Yield	Efficiency	Efficiency@Presel	Punzi
HNElEl_200	0.937774	0.00767143	6.52183e-05	5.0351e-06
=====================================================================


!!!!!!!!!!!!!!!!!
!!!! UPDATED !!!!
!!!!!!!!!!!!!!!!!

[CutInfo::PrintCutInfo] leadingLepton_Pt	>	100
[CutInfo::PrintCutInfo] m_SubLeadljj_jjWclosest	<	250
[CutInfo::PrintCutInfo] m_SubLeadljj_jjWclosest	>	163.333
[CutInfo::PrintCutInfo] secondLepton_Pt	>	20
CF	0.129677 +- 0.0280306
Fake	0.400585 +- 0.311727
Prompt	1.5701 +- 0.68564
=> total bkg = 2.10036
Signal	Yield	Efficiency	Efficiency@Presel	Punzi
HNElEl_200	0.931328	0.0076	6.477e-05	5.05203e-06
=====================================================================


!!!!!!!!!!!!!!!!!
!!!! UPDATED !!!!
!!!!!!!!!!!!!!!!!

[CutInfo::PrintCutInfo] leadingLepton_Pt	>	100
[CutInfo::PrintCutInfo] m_SubLeadljj_jjWclosest	<	235
[CutInfo::PrintCutInfo] m_SubLeadljj_jjWclosest	>	163.333
[CutInfo::PrintCutInfo] secondLepton_Pt	>	20
CF	0.113 +- 0.0253979
Fake	0.141285 +- 0.194835
Prompt	1.42631 +- 0.654912
=> total bkg = 1.68059
Signal	Yield	Efficiency	Efficiency@Presel	Punzi
HNElEl_200	0.901309	0.00734286	6.26823e-05	5.22211e-06
=====================================================================


!!!!!!!!!!!!!!!!!
!!!! UPDATED !!!!
!!!!!!!!!!!!!!!!!

[CutInfo::PrintCutInfo] leadingLepton_Pt	>	100
[CutInfo::PrintCutInfo] m_SubLeadljj_jjWclosest	<	220
[CutInfo::PrintCutInfo] m_SubLeadljj_jjWclosest	>	163.333
[CutInfo::PrintCutInfo] secondLepton_Pt	>	20
CF	0.0726036 +- 0.0182044
Fake	0.0157647 +- 0.0824535
Prompt	0.684662 +- 0.249581
=> total bkg = 0.77303
Signal	Yield	Efficiency	Efficiency@Presel	Punzi
HNElEl_200	0.740607	0.00601429	5.15062e-05	5.51664e-06
=====================================================================

####################################################
TIME STAMP : [2018/1/16 21:8:37] 3100 / 3721 (83.3109 %)
####################################################
[CutInfo::PrintCutInfo] leadingLepton_Pt	>	100
[CutInfo::PrintCutInfo] m_SubLeadljj_jjWclosest	<	220
[CutInfo::PrintCutInfo] m_SubLeadljj_jjWclosest	>	163.333
[CutInfo::PrintCutInfo] secondLepton_Pt	>	20

!!!!!!!!!!!!!!!!!
!!!! UPDATED !!!!
!!!!!!!!!!!!!!!!!

[CutInfo::PrintCutInfo] leadingLepton_Pt	>	100
[CutInfo::PrintCutInfo] m_SubLeadljj_jjWclosest	<	220
[CutInfo::PrintCutInfo] m_SubLeadljj_jjWclosest	>	166.667
[CutInfo::PrintCutInfo] secondLepton_Pt	>	20
CF	0.0721691 +- 0.0181568
Fake	0.0159865 +- 0.0824571
Prompt	0.644328 +- 0.232085
=> total bkg = 0.732484
Signal	Yield	Efficiency	Efficiency@Presel	Punzi
HNElEl_200	0.740607	0.00601429	5.15062e-05	5.59565e-06
=====================================================================

####################################################
TIME STAMP : [2018/1/16 21:8:46] 3200 / 3721 (85.9984 %)
####################################################
[CutInfo::PrintCutInfo] leadingLepton_Pt	>	100
[CutInfo::PrintCutInfo] m_SubLeadljj_jjWclosest	<	220
[CutInfo::PrintCutInfo] m_SubLeadljj_jjWclosest	>	166.667
[CutInfo::PrintCutInfo] secondLepton_Pt	>	20

!!!!!!!!!!!!!!!!!
!!!! UPDATED !!!!
!!!!!!!!!!!!!!!!!

[CutInfo::PrintCutInfo] leadingLepton_Pt	>	100
[CutInfo::PrintCutInfo] m_SubLeadljj_jjWclosest	<	220
[CutInfo::PrintCutInfo] m_SubLeadljj_jjWclosest	>	173.333
[CutInfo::PrintCutInfo] secondLepton_Pt	>	20
CF	0.0701471 +- 0.0179128
Fake	0.0171285 +- 0.0824744
Prompt	0.626941 +- 0.226058
=> total bkg = 0.714217
Signal	Yield	Efficiency	Efficiency@Presel	Punzi
HNElEl_200	0.739646	0.00597143	5.14393e-05	5.62374e-06
=====================================================================

####################################################
TIME STAMP : [2018/1/16 21:8:55] 3300 / 3721 (88.6858 %)
####################################################
[CutInfo::PrintCutInfo] leadingLepton_Pt	>	100
[CutInfo::PrintCutInfo] m_SubLeadljj_jjWclosest	<	220
[CutInfo::PrintCutInfo] m_SubLeadljj_jjWclosest	>	173.333
[CutInfo::PrintCutInfo] secondLepton_Pt	>	20
####################################################
TIME STAMP : [2018/1/16 21:9:4] 3400 / 3721 (91.3733 %)
####################################################
[CutInfo::PrintCutInfo] leadingLepton_Pt	>	100
[CutInfo::PrintCutInfo] m_SubLeadljj_jjWclosest	<	220
[CutInfo::PrintCutInfo] m_SubLeadljj_jjWclosest	>	173.333
[CutInfo::PrintCutInfo] secondLepton_Pt	>	20
####################################################
TIME STAMP : [2018/1/16 21:9:13] 3500 / 3721 (94.0607 %)
####################################################
[CutInfo::PrintCutInfo] leadingLepton_Pt	>	100
[CutInfo::PrintCutInfo] m_SubLeadljj_jjWclosest	<	220
[CutInfo::PrintCutInfo] m_SubLeadljj_jjWclosest	>	173.333
[CutInfo::PrintCutInfo] secondLepton_Pt	>	20
####################################################
TIME STAMP : [2018/1/16 21:9:22] 3600 / 3721 (96.7482 %)
####################################################
[CutInfo::PrintCutInfo] leadingLepton_Pt	>	100
[CutInfo::PrintCutInfo] m_SubLeadljj_jjWclosest	<	220
[CutInfo::PrintCutInfo] m_SubLeadljj_jjWclosest	>	173.333
[CutInfo::PrintCutInfo] secondLepton_Pt	>	20
####################################################
TIME STAMP : [2018/1/16 21:9:31] 3700 / 3721 (99.4356 %)
####################################################
[CutInfo::PrintCutInfo] leadingLepton_Pt	>	100
[CutInfo::PrintCutInfo] m_SubLeadljj_jjWclosest	<	220
[CutInfo::PrintCutInfo] m_SubLeadljj_jjWclosest	>	173.333
[CutInfo::PrintCutInfo] secondLepton_Pt	>	20

##################
#### FINISHED ####
##################

[CutInfo::PrintCutInfo] leadingLepton_Pt	>	100
[CutInfo::PrintCutInfo] m_SubLeadljj_jjWclosest	<	220
[CutInfo::PrintCutInfo] m_SubLeadljj_jjWclosest	>	173.333
[CutInfo::PrintCutInfo] secondLepton_Pt	>	20
CF	0.0701471 +- 0.0179128
Fake	0.0171285 +- 0.0824744
Prompt	0.626941 +- 0.226058
=> total bkg = 0.714217
Signal	Yield	Efficiency	Efficiency@Presel	Punzi
HNElEl_200	0.739646	0.00597143	5.14393e-05	5.62374e-06
