
Processing Bin2_HNMuMu_500.C...
[AnalysisInputs::SetMCSF] Get MC SF from /home/jskim/Documents/trilepton_13TeV/DiLepton/data/v8-0-7.36/MCSF.txt
[AnalysisInputs::SetMCSF] sample : VVV
[AnalysisInputs::SetMCSF] => MCSF = 1, MCSF_err = 0.5
[AnalysisInputs::SetMCSF] sample : WWW
[AnalysisInputs::SetMCSF] => MCSF = 1, MCSF_err = 0.5
[AnalysisInputs::SetMCSF] sample : WWZ
[AnalysisInputs::SetMCSF] => MCSF = 1, MCSF_err = 0.5
[AnalysisInputs::SetMCSF] sample : WZZ
[AnalysisInputs::SetMCSF] => MCSF = 1, MCSF_err = 0.5
[AnalysisInputs::SetMCSF] sample : ZZZ
[AnalysisInputs::SetMCSF] => MCSF = 1, MCSF_err = 0.5
[AnalysisInputs::SetMCSF] sample : ttV
[AnalysisInputs::SetMCSF] => MCSF = 1, MCSF_err = 0.5
[AnalysisInputs::SetMCSF] sample : ttW
[AnalysisInputs::SetMCSF] => MCSF = 1, MCSF_err = 0.5
[AnalysisInputs::SetMCSF] sample : ttZ
[AnalysisInputs::SetMCSF] => MCSF = 1, MCSF_err = 0.5
[AnalysisInputs::SetMCSF] sample : ttH_nonbb
[AnalysisInputs::SetMCSF] => MCSF = 1, MCSF_err = 0.5
[AnalysisInputs::SetMCSF] sample : top
[AnalysisInputs::SetMCSF] => MCSF = 1, MCSF_err = 0.5
[AnalysisInputs::SetMCSF] sample : WZTo3LNu_powheg
[AnalysisInputs::SetMCSF] => MCSF = 1.00165, MCSF_err = 0.0888561
[AnalysisInputs::SetMCSF] sample : ZGto2LG
[AnalysisInputs::SetMCSF] => MCSF = 0.794861, MCSF_err = 0.155181
[AnalysisInputs::SetMCSF] sample : ZZTo4L_powheg
[AnalysisInputs::SetMCSF] => MCSF = 0.926685, MCSF_err = 0.102827
[AnalysisInputs::SetMCSF] sample : ggZZto2e2mu
[AnalysisInputs::SetMCSF] => MCSF = 0.926685, MCSF_err = 0.102827
[AnalysisInputs::SetMCSF] sample : ggZZto2e2nu
[AnalysisInputs::SetMCSF] => MCSF = 0.926685, MCSF_err = 0.102827
[AnalysisInputs::SetMCSF] sample : ggZZto2e2tau
[AnalysisInputs::SetMCSF] => MCSF = 0.926685, MCSF_err = 0.102827
[AnalysisInputs::SetMCSF] sample : ggZZto2mu2nu
[AnalysisInputs::SetMCSF] => MCSF = 0.926685, MCSF_err = 0.102827
[AnalysisInputs::SetMCSF] sample : ggZZto2mu2tau
[AnalysisInputs::SetMCSF] => MCSF = 0.926685, MCSF_err = 0.102827
[AnalysisInputs::SetMCSF] sample : ggZZto4e
[AnalysisInputs::SetMCSF] => MCSF = 0.926685, MCSF_err = 0.102827
[AnalysisInputs::SetMCSF] sample : ggZZto4mu
[AnalysisInputs::SetMCSF] => MCSF = 0.926685, MCSF_err = 0.102827
[AnalysisInputs::SetMCSF] sample : ggZZto4tau
[AnalysisInputs::SetMCSF] => MCSF = 0.926685, MCSF_err = 0.102827
[AnalysisInputs::SetCalculatedSysts] Get Systematics from /home/jskim/Documents/trilepton_13TeV/DiLepton/data/v8-0-7.36/Syst.txt
[AnalysisInputs::SetCalculatedSysts] source : Luminosity
[AnalysisInputs::SetCalculatedSysts] => % sysematic = 0.025
[AnalysisInputs::SetCalculatedSysts] source : FakeLooseID
[AnalysisInputs::SetCalculatedSysts] => % sysematic = 0.3
[AnalysisInputs::SetCalculatedSysts] source : ChrageFlipSyst
[AnalysisInputs::SetCalculatedSysts] => % sysematic = 0.21
[CutRangeInfo::ReadCutCard] Get Cutcard from /home/jskim/Documents/trilepton_13TeV/DiLepton/data/v8-0-7.36/CutOpCard/OPTIMIZED_171108_MuMu_HighMass_Bin2/HNMuMu_500.txt
prompt_tau21_syst = 0.0336328
signal_tau21_syst = 0.0569604
Central	0.465337	0	0
_MuonEn_up	0.683299	0	0
_MuonEn_down	0.514785	0	0
_MuonIDSF_up	0.48741	0	0
_MuonIDSF_down	0.451276	0	0
_ElectronEn_up	0.478225	0	0
_ElectronEn_down	0.466379	0	0
_ElectronIDSF_up	0.468488	0	0
_ElectronIDSF_down	0.466846	0	0
_TriggerSF_up	0.465609	0	0
_TriggerSF_down	0.471811	0	0
_PU_up	0.495663	0	0
_PU_down	0.438292	0	0
_JetEn_up	0.486435	0	0
_JetEn_down	0.504238	0	0
_JetRes_up	0.542708	0	0
_JetRes_down	0.479359	0	0
_Unclustered_up	0.526971	0	0
_Unclustered_down	0.543903	0	0
_BTagSFEff_up	0.46156	0	0
_BTagSFEff_down	0.475182	0	0
_BTagSFMiss_up	0.47491	0	0
_BTagSFMiss_down	0.468105	0	0
_JetMass_up	0.465738	0	0
_JetMass_down	0.463085	0	0
_JetMassRes_up	0.466832	0	0
_JetMassRes_down	0.461585	0	0

################ Sources ################
Source	SystTotal	SystPrompt	SystFake	Signal
Stat 28.12 28.12  -nan  -nan  1.11
Lumi 2.50  2.50 -  -  2.50
PDF  -  -  -  -  8.53
MuonPt  33.96 33.96  -  -  4.43
MuonID  3.98 3.98  -  -  3.51
ElectronE  1.96 1.96  -  -  0.11
ElectronID  0.53 0.53  -  -  0.07
Trigger  0.98 0.98  -  -  0.13
PU  6.17 6.17  -  -  0.74
JES  6.72 6.72  -  -  0.59
JER  11.95 11.95  -  -  0.47
Uncl  15.17 15.17  -  -  0.16
BEff  1.60 1.60  -  -  0.37
BMiss  1.51 1.51  -  -  0.53
JMS  0.35 0.35  -  -  0.09
JMR  0.61 0.61  -  -  0.12
Tau21 7.23  7.23 -  -  7.27
MCNorm 18.51  18.51 -  -  -
Fake 0.00  -  -nan - -
CF 0.00  -  -  -nan -
Total Systematic 45.14 45.14  -nan  -nan  10.61

Total Background	0.465
- Prompt	0.465
- Fake	0.000
- CF	0.000

####### Result #######
Signal Eff	0.224960
0.465337 1.531790
0.783278 1.129110
