
Processing Bin2_HNMuMu_1100.C...
[AnalysisInputs::SetMCSF] Get MC SF from /home/jskim/Documents/trilepton_13TeV/DiLepton/data/v8-0-7.36/MCSF.txt
[AnalysisInputs::SetMCSF] sample : VVV
[AnalysisInputs::SetMCSF] => MCSF = 1, MCSF_err = 0.5
[AnalysisInputs::SetMCSF] sample : WWW
[AnalysisInputs::SetMCSF] => MCSF = 1, MCSF_err = 0.5
[AnalysisInputs::SetMCSF] sample : WWZ
[AnalysisInputs::SetMCSF] => MCSF = 1, MCSF_err = 0.5
[AnalysisInputs::SetMCSF] sample : WZZ
[AnalysisInputs::SetMCSF] => MCSF = 1, MCSF_err = 0.5
[AnalysisInputs::SetMCSF] sample : ZZZ
[AnalysisInputs::SetMCSF] => MCSF = 1, MCSF_err = 0.5
[AnalysisInputs::SetMCSF] sample : ttV
[AnalysisInputs::SetMCSF] => MCSF = 1, MCSF_err = 0.5
[AnalysisInputs::SetMCSF] sample : ttW
[AnalysisInputs::SetMCSF] => MCSF = 1, MCSF_err = 0.5
[AnalysisInputs::SetMCSF] sample : ttZ
[AnalysisInputs::SetMCSF] => MCSF = 1, MCSF_err = 0.5
[AnalysisInputs::SetMCSF] sample : ttH_nonbb
[AnalysisInputs::SetMCSF] => MCSF = 1, MCSF_err = 0.5
[AnalysisInputs::SetMCSF] sample : top
[AnalysisInputs::SetMCSF] => MCSF = 1, MCSF_err = 0.5
[AnalysisInputs::SetMCSF] sample : WZTo3LNu_powheg
[AnalysisInputs::SetMCSF] => MCSF = 1.00165, MCSF_err = 0.0888561
[AnalysisInputs::SetMCSF] sample : ZGto2LG
[AnalysisInputs::SetMCSF] => MCSF = 0.794861, MCSF_err = 0.155181
[AnalysisInputs::SetMCSF] sample : ZZTo4L_powheg
[AnalysisInputs::SetMCSF] => MCSF = 0.926685, MCSF_err = 0.102827
[AnalysisInputs::SetMCSF] sample : ggZZto2e2mu
[AnalysisInputs::SetMCSF] => MCSF = 0.926685, MCSF_err = 0.102827
[AnalysisInputs::SetMCSF] sample : ggZZto2e2nu
[AnalysisInputs::SetMCSF] => MCSF = 0.926685, MCSF_err = 0.102827
[AnalysisInputs::SetMCSF] sample : ggZZto2e2tau
[AnalysisInputs::SetMCSF] => MCSF = 0.926685, MCSF_err = 0.102827
[AnalysisInputs::SetMCSF] sample : ggZZto2mu2nu
[AnalysisInputs::SetMCSF] => MCSF = 0.926685, MCSF_err = 0.102827
[AnalysisInputs::SetMCSF] sample : ggZZto2mu2tau
[AnalysisInputs::SetMCSF] => MCSF = 0.926685, MCSF_err = 0.102827
[AnalysisInputs::SetMCSF] sample : ggZZto4e
[AnalysisInputs::SetMCSF] => MCSF = 0.926685, MCSF_err = 0.102827
[AnalysisInputs::SetMCSF] sample : ggZZto4mu
[AnalysisInputs::SetMCSF] => MCSF = 0.926685, MCSF_err = 0.102827
[AnalysisInputs::SetMCSF] sample : ggZZto4tau
[AnalysisInputs::SetMCSF] => MCSF = 0.926685, MCSF_err = 0.102827
[AnalysisInputs::SetCalculatedSysts] Get Systematics from /home/jskim/Documents/trilepton_13TeV/DiLepton/data/v8-0-7.36/Syst.txt
[AnalysisInputs::SetCalculatedSysts] source : Luminosity
[AnalysisInputs::SetCalculatedSysts] => % sysematic = 0.025
[AnalysisInputs::SetCalculatedSysts] source : FakeLooseID
[AnalysisInputs::SetCalculatedSysts] => % sysematic = 0.3
[AnalysisInputs::SetCalculatedSysts] source : ChrageFlipSyst
[AnalysisInputs::SetCalculatedSysts] => % sysematic = 0.21
[CutRangeInfo::ReadCutCard] Get Cutcard from /home/jskim/Documents/trilepton_13TeV/DiLepton/data/v8-0-7.36/CutOpCard/OPTIMIZED_171108_MuMu_HighMass_Bin2/HNMuMu_1100.txt
prompt_tau21_syst = 0.0119994
signal_tau21_syst = 0.0030418
Central	0.166444	0	0
_MuonEn_up	0.232869	0	0
_MuonEn_down	0.149778	0	0
_MuonIDSF_up	0.174219	0	0
_MuonIDSF_down	0.162905	0	0
_ElectronEn_up	0.174889	0	0
_ElectronEn_down	0.21399	0	0
_ElectronIDSF_up	0.174624	0	0
_ElectronIDSF_down	0.172201	0	0
_TriggerSF_up	0.170507	0	0
_TriggerSF_down	0.168037	0	0
_PU_up	0.157964	0	0
_PU_down	0.177438	0	0
_JetEn_up	0.211999	0	0
_JetEn_down	0.182415	0	0
_JetRes_up	0.172162	0	0
_JetRes_down	0.186256	0	0
_Unclustered_up	0.169353	0	0
_Unclustered_down	0.172011	0	0
_BTagSFEff_up	0.168281	0	0
_BTagSFEff_down	0.170506	0	0
_BTagSFMiss_up	0.168037	0	0
_BTagSFMiss_down	0.168037	0	0
_JetMass_up	0.17238	0	0
_JetMass_down	0.16873	0	0
_JetMassRes_up	0.170003	0	0
_JetMassRes_down	0.171642	0	0

################ Sources ################
Source	SystTotal	SystPrompt	SystFake	Signal
Stat 55.28 55.28  -nan  -nan  0.76
Lumi 2.50  2.50 -  -  2.50
PDF  -  -  -  -  8.53
MuonPt  29.09 29.09  -  -  0.82
MuonID  3.63 3.63  -  -  3.51
ElectronE  20.51 20.51  -  -  0.05
ElectronID  4.25 4.25  -  -  0.13
Trigger  1.85 1.85  -  -  0.13
PU  5.90 5.90  -  -  0.68
JES  20.51 20.51  -  -  0.18
JER  8.76 8.76  -  -  0.10
Uncl  2.67 2.67  -  -  0.16
BEff  1.89 1.89  -  -  0.49
BMiss  0.96 0.96  -  -  0.43
JMS  2.70 2.70  -  -  0.11
JMR  2.68 2.68  -  -  0.14
Tau21 7.21  7.21 -  -  7.28
MCNorm 12.17  12.17 -  -  -
Fake 0.00  -  -nan - -
CF 0.00  -  -  -nan -
Total Systematic 45.46 45.46  -nan  -nan  9.64

Total Background	0.166
- Prompt	0.166
- Fake	0.000
- CF	0.000

####### Result #######
Signal Eff	0.379060
0.166444 1.715687
0.041765 1.121097
