
Processing Bin2_HNElEl_50.C...
[AnalysisInputs::SetMCSF] Get MC SF from /home/jskim/Documents/trilepton_13TeV/DiLepton/data/v8-0-7.32/MCSF.txt
[AnalysisInputs::SetMCSF] sample : VVV
[AnalysisInputs::SetMCSF] => MCSF = 1, MCSF_err = 0.5
[AnalysisInputs::SetMCSF] sample : WWW
[AnalysisInputs::SetMCSF] => MCSF = 1, MCSF_err = 0.5
[AnalysisInputs::SetMCSF] sample : WWZ
[AnalysisInputs::SetMCSF] => MCSF = 1, MCSF_err = 0.5
[AnalysisInputs::SetMCSF] sample : WZZ
[AnalysisInputs::SetMCSF] => MCSF = 1, MCSF_err = 0.5
[AnalysisInputs::SetMCSF] sample : ZZZ
[AnalysisInputs::SetMCSF] => MCSF = 1, MCSF_err = 0.5
[AnalysisInputs::SetMCSF] sample : ttV
[AnalysisInputs::SetMCSF] => MCSF = 1, MCSF_err = 0.5
[AnalysisInputs::SetMCSF] sample : ttW
[AnalysisInputs::SetMCSF] => MCSF = 1, MCSF_err = 0.5
[AnalysisInputs::SetMCSF] sample : ttZ
[AnalysisInputs::SetMCSF] => MCSF = 1, MCSF_err = 0.5
[AnalysisInputs::SetMCSF] sample : ttH_nonbb
[AnalysisInputs::SetMCSF] => MCSF = 1, MCSF_err = 0.5
[AnalysisInputs::SetMCSF] sample : top
[AnalysisInputs::SetMCSF] => MCSF = 1, MCSF_err = 0.5
[AnalysisInputs::SetMCSF] sample : WZTo3LNu_powheg
[AnalysisInputs::SetMCSF] => MCSF = 0.988021, MCSF_err = 0.0652167
[AnalysisInputs::SetMCSF] sample : ZGto2LG
[AnalysisInputs::SetMCSF] => MCSF = 0.83069, MCSF_err = 0.174719
[AnalysisInputs::SetMCSF] sample : ZZTo4L_powheg
[AnalysisInputs::SetMCSF] => MCSF = 0.94117, MCSF_err = 0.105665
[AnalysisInputs::SetMCSF] sample : ggZZto2e2mu
[AnalysisInputs::SetMCSF] => MCSF = 0.94117, MCSF_err = 0.105665
[AnalysisInputs::SetMCSF] sample : ggZZto2e2nu
[AnalysisInputs::SetMCSF] => MCSF = 0.94117, MCSF_err = 0.105665
[AnalysisInputs::SetMCSF] sample : ggZZto2e2tau
[AnalysisInputs::SetMCSF] => MCSF = 0.94117, MCSF_err = 0.105665
[AnalysisInputs::SetMCSF] sample : ggZZto2mu2nu
[AnalysisInputs::SetMCSF] => MCSF = 0.94117, MCSF_err = 0.105665
[AnalysisInputs::SetMCSF] sample : ggZZto2mu2tau
[AnalysisInputs::SetMCSF] => MCSF = 0.94117, MCSF_err = 0.105665
[AnalysisInputs::SetMCSF] sample : ggZZto4e
[AnalysisInputs::SetMCSF] => MCSF = 0.94117, MCSF_err = 0.105665
[AnalysisInputs::SetMCSF] sample : ggZZto4mu
[AnalysisInputs::SetMCSF] => MCSF = 0.94117, MCSF_err = 0.105665
[AnalysisInputs::SetMCSF] sample : ggZZto4tau
[AnalysisInputs::SetMCSF] => MCSF = 0.94117, MCSF_err = 0.105665
[AnalysisInputs::SetCalculatedSysts] Get Systematics from /home/jskim/Documents/trilepton_13TeV/DiLepton/data/v8-0-7.32/Syst.txt
[AnalysisInputs::SetCalculatedSysts] source : Luminosity
[AnalysisInputs::SetCalculatedSysts] => % sysematic = 0.025
[AnalysisInputs::SetCalculatedSysts] source : FakeLooseID
[AnalysisInputs::SetCalculatedSysts] => % sysematic = 0.3
[AnalysisInputs::SetCalculatedSysts] source : ChrageFlipSyst
[AnalysisInputs::SetCalculatedSysts] => % sysematic = 0.21
[CutRangeInfo::ReadCutCard] Get Cutcard from /home/jskim/Documents/trilepton_13TeV/DiLepton/data/v8-0-7.32/CutOpCard/OPTIMIZED_171021_ElEl_LowMass_Bin2/HNElEl_50.txt
prompt_tau21_syst = 0
signal_tau21_syst = 0
Central	21.4548	16.6292	1.51287
_MuonEn_up	21.4564	16.6292	1.51287
_MuonEn_down	21.4612	16.6292	1.51287
_MuonIDSF_up	21.3817	16.6292	1.51287
_MuonIDSF_down	21.157	16.6292	1.51287
_ElectronEn_up	21.8687	16.6292	1.51287
_ElectronEn_down	22.806	16.6292	1.51287
_ElectronIDSF_up	22.249	16.6292	1.51287
_ElectronIDSF_down	20.617	16.6292	1.51287
_TriggerSF_up	21.2384	16.6292	1.51287
_TriggerSF_down	21.4538	16.6292	1.51287
_PU_up	21.1961	16.6292	1.51287
_PU_down	21.4535	16.6292	1.51287
_JetEn_up	21.2919	16.6292	1.51287
_JetEn_down	23.7011	16.6292	1.51287
_JetRes_up	21.3884	16.6292	1.51287
_JetRes_down	19.9145	16.6292	1.51287
_Unclustered_up	20.4868	16.6292	1.51287
_Unclustered_down	22.5003	16.6292	1.51287
_BTagSFEff_up	21.4552	16.6292	1.51287
_BTagSFEff_down	21.4609	16.6292	1.51287
_BTagSFMiss_up	21.1502	16.6292	1.51287
_BTagSFMiss_down	21.467	16.6292	1.51287
_JetMass_up	21.4611	16.6292	1.51287
_JetMass_down	20.303	16.6292	1.51287
_JetMassRes_up	21.4619	16.6292	1.51287
_JetMassRes_down	21.4467	16.6292	1.51287

################ Sources ################
Source	SystTotal	SystPrompt	SystFake	Signal
Stat 11.54 20.32  8.20  0.86  6.28
Lumi 1.35  2.50 -  -  2.50
PDF  -  -  -  -  7.58
MuonPt  0.01 0.02  -  -  0.49
MuonID  0.55 1.01  -  -  0.65
ElectronE  2.52 4.66  -  -  3.10
ElectronID  2.06 3.80  -  -  4.28
Trigger  0.39 0.71  -  -  0.75
PU  0.46 0.85  -  -  4.01
JES  4.02 7.42  -  -  1.51
JER  2.75 5.08  -  -  1.18
Uncl  2.54 4.70  -  -  4.30
BEff  0.01 0.02  -  -  0.49
BMiss  0.54 1.00  -  -  1.37
JMS  2.06 3.80  -  -  0.42
JMR  0.02 0.04  -  -  0.70
Tau21 0.00  0.00 -  -  0.00
MCNorm 0.77  1.42 -  -  -
Fake 12.60  -  30.00 - -
CF 0.80  -  -  21.00 -
Total Systematic 14.39 12.85  30.00  21.00  11.57

Total Background	39.597
- Prompt	21.455
- Fake	16.629
- CF	1.513

####### Result #######
Signal Eff	0.004510
39.596846 1.184650
1919.227377 1.131650
