
Processing Bin2_HNElEl_80.C...
[AnalysisInputs::SetMCSF] Get MC SF from /home/jskim/Documents/trilepton_13TeV/DiLepton/data/v8-0-7.32/MCSF.txt
[AnalysisInputs::SetMCSF] sample : VVV
[AnalysisInputs::SetMCSF] => MCSF = 1, MCSF_err = 0.5
[AnalysisInputs::SetMCSF] sample : WWW
[AnalysisInputs::SetMCSF] => MCSF = 1, MCSF_err = 0.5
[AnalysisInputs::SetMCSF] sample : WWZ
[AnalysisInputs::SetMCSF] => MCSF = 1, MCSF_err = 0.5
[AnalysisInputs::SetMCSF] sample : WZZ
[AnalysisInputs::SetMCSF] => MCSF = 1, MCSF_err = 0.5
[AnalysisInputs::SetMCSF] sample : ZZZ
[AnalysisInputs::SetMCSF] => MCSF = 1, MCSF_err = 0.5
[AnalysisInputs::SetMCSF] sample : ttV
[AnalysisInputs::SetMCSF] => MCSF = 1, MCSF_err = 0.5
[AnalysisInputs::SetMCSF] sample : ttW
[AnalysisInputs::SetMCSF] => MCSF = 1, MCSF_err = 0.5
[AnalysisInputs::SetMCSF] sample : ttZ
[AnalysisInputs::SetMCSF] => MCSF = 1, MCSF_err = 0.5
[AnalysisInputs::SetMCSF] sample : ttH_nonbb
[AnalysisInputs::SetMCSF] => MCSF = 1, MCSF_err = 0.5
[AnalysisInputs::SetMCSF] sample : top
[AnalysisInputs::SetMCSF] => MCSF = 1, MCSF_err = 0.5
[AnalysisInputs::SetMCSF] sample : WZTo3LNu_powheg
[AnalysisInputs::SetMCSF] => MCSF = 0.990529, MCSF_err = 0.0659614
[AnalysisInputs::SetMCSF] sample : ZGto2LG
[AnalysisInputs::SetMCSF] => MCSF = 0.779045, MCSF_err = 0.182441
[AnalysisInputs::SetMCSF] sample : ZZTo4L_powheg
[AnalysisInputs::SetMCSF] => MCSF = 0.93079, MCSF_err = 0.110885
[AnalysisInputs::SetMCSF] sample : ggZZto2e2mu
[AnalysisInputs::SetMCSF] => MCSF = 0.93079, MCSF_err = 0.110885
[AnalysisInputs::SetMCSF] sample : ggZZto2e2nu
[AnalysisInputs::SetMCSF] => MCSF = 0.93079, MCSF_err = 0.110885
[AnalysisInputs::SetMCSF] sample : ggZZto2e2tau
[AnalysisInputs::SetMCSF] => MCSF = 0.93079, MCSF_err = 0.110885
[AnalysisInputs::SetMCSF] sample : ggZZto2mu2nu
[AnalysisInputs::SetMCSF] => MCSF = 0.93079, MCSF_err = 0.110885
[AnalysisInputs::SetMCSF] sample : ggZZto2mu2tau
[AnalysisInputs::SetMCSF] => MCSF = 0.93079, MCSF_err = 0.110885
[AnalysisInputs::SetMCSF] sample : ggZZto4e
[AnalysisInputs::SetMCSF] => MCSF = 0.93079, MCSF_err = 0.110885
[AnalysisInputs::SetMCSF] sample : ggZZto4mu
[AnalysisInputs::SetMCSF] => MCSF = 0.93079, MCSF_err = 0.110885
[AnalysisInputs::SetMCSF] sample : ggZZto4tau
[AnalysisInputs::SetMCSF] => MCSF = 0.93079, MCSF_err = 0.110885
[AnalysisInputs::SetCalculatedSysts] Get Systematics from /home/jskim/Documents/trilepton_13TeV/DiLepton/data/v8-0-7.32/Syst.txt
[AnalysisInputs::SetCalculatedSysts] source : Luminosity
[AnalysisInputs::SetCalculatedSysts] => % sysematic = 0.025
[AnalysisInputs::SetCalculatedSysts] source : FakeLooseID
[AnalysisInputs::SetCalculatedSysts] => % sysematic = 0.3
[AnalysisInputs::SetCalculatedSysts] source : ChrageFlipSyst
[AnalysisInputs::SetCalculatedSysts] => % sysematic = 0.21
[CutRangeInfo::ReadCutCard] Get Cutcard from /home/jskim/Documents/trilepton_13TeV/DiLepton/data/v8-0-7.32/CutOpCard/OPTIMIZED_171021_ElEl_LowMass_Bin2/HNElEl_80.txt
prompt_tau21_syst = 0
signal_tau21_syst = 0
Central	21.0109	16.6292	1.51287
_MuonEn_up	21.2052	16.6292	1.51287
_MuonEn_down	21.2719	16.6292	1.51287
_MuonIDSF_up	21.268	16.6292	1.51287
_MuonIDSF_down	21.2614	16.6292	1.51287
_ElectronEn_up	20.7756	16.6292	1.51287
_ElectronEn_down	22.5725	16.6292	1.51287
_ElectronIDSF_up	21.8054	16.6292	1.51287
_ElectronIDSF_down	19.6688	16.6292	1.51287
_TriggerSF_up	21.4201	16.6292	1.51287
_TriggerSF_down	21.1304	16.6292	1.51287
_PU_up	21.0049	16.6292	1.51287
_PU_down	22.3057	16.6292	1.51287
_JetEn_up	21.0599	16.6292	1.51287
_JetEn_down	21.6298	16.6292	1.51287
_JetRes_up	21.2067	16.6292	1.51287
_JetRes_down	19.6746	16.6292	1.51287
_Unclustered_up	21.0439	16.6292	1.51287
_Unclustered_down	22.2437	16.6292	1.51287
_BTagSFEff_up	21.2635	16.6292	1.51287
_BTagSFEff_down	21.2794	16.6292	1.51287
_BTagSFMiss_up	20.4365	16.6292	1.51287
_BTagSFMiss_down	20.9779	16.6292	1.51287
_JetMass_up	21.2565	16.6292	1.51287
_JetMass_down	21.2615	16.6292	1.51287
_JetMassRes_up	21.2085	16.6292	1.51287
_JetMassRes_down	21.25	16.6292	1.51287

################ Sources ################
Source	SystTotal	SystPrompt	SystFake	Signal
Stat 11.64 20.69  8.20  0.86  8.74
Lumi 1.34  2.50 -  -  2.50
PDF  -  -  -  -  7.58
MuonPt  0.59 1.09  -  -  0.63
MuonID  0.65 1.21  -  -  0.96
ElectronE  2.85 5.31  -  -  1.96
ElectronID  2.82 5.25  -  -  4.60
Trigger  0.77 1.43  -  -  1.11
PU  2.34 4.36  -  -  5.65
JES  1.12 2.09  -  -  7.52
JER  2.44 4.55  -  -  3.74
Uncl  2.23 4.15  -  -  6.08
BEff  0.67 1.24  -  -  0.00
BMiss  1.04 1.94  -  -  0.43
JMS  0.63 1.18  -  -  0.79
JMR  0.56 1.04  -  -  0.63
Tau21 0.00  0.00 -  -  0.00
MCNorm 0.42  0.78 -  -  -
Fake 12.74  -  30.00 - -
CF 0.81  -  -  21.00 -
Total Systematic 14.20 11.68  30.00  21.00  15.23

Total Background	39.153
- Prompt	21.011
- Fake	16.629
- CF	1.513

####### Result #######
Signal Eff	0.001425
39.152990 1.183765
83.472771 1.175592
