
Processing CyclesForMixingLimit_ElEl_Bin1/HNElEl_300_VBFOnly.C...
[AnalysisInputs::SetMCSF] Get MC SF from /data8/Users/jskim/HN_dilepton_plotter/data/v8-0-7.37_ForApproval/MCSF.txt
[AnalysisInputs::SetMCSF] sample : VVV
[AnalysisInputs::SetMCSF] => MCSF = 1, MCSF_err = 0.5
[AnalysisInputs::SetMCSF] sample : WWW
[AnalysisInputs::SetMCSF] => MCSF = 1, MCSF_err = 0.5
[AnalysisInputs::SetMCSF] sample : WWZ
[AnalysisInputs::SetMCSF] => MCSF = 1, MCSF_err = 0.5
[AnalysisInputs::SetMCSF] sample : WZZ
[AnalysisInputs::SetMCSF] => MCSF = 1, MCSF_err = 0.5
[AnalysisInputs::SetMCSF] sample : ZZZ
[AnalysisInputs::SetMCSF] => MCSF = 1, MCSF_err = 0.5
[AnalysisInputs::SetMCSF] sample : ttV
[AnalysisInputs::SetMCSF] => MCSF = 1, MCSF_err = 0.5
[AnalysisInputs::SetMCSF] sample : ttW
[AnalysisInputs::SetMCSF] => MCSF = 1, MCSF_err = 0.5
[AnalysisInputs::SetMCSF] sample : ttZ
[AnalysisInputs::SetMCSF] => MCSF = 1, MCSF_err = 0.5
[AnalysisInputs::SetMCSF] sample : ttH_nonbb
[AnalysisInputs::SetMCSF] => MCSF = 1, MCSF_err = 0.5
[AnalysisInputs::SetMCSF] sample : top
[AnalysisInputs::SetMCSF] => MCSF = 1, MCSF_err = 0.5
[AnalysisInputs::SetMCSF] sample : WWTo2L2Nu_DS
[AnalysisInputs::SetMCSF] => MCSF = 1, MCSF_err = 0.5
[AnalysisInputs::SetMCSF] sample : WpWpEWK
[AnalysisInputs::SetMCSF] => MCSF = 1.3062, MCSF_err = 0.5
[AnalysisInputs::SetMCSF] sample : WpWpQCD
[AnalysisInputs::SetMCSF] => MCSF = 1.70026, MCSF_err = 0.5
[AnalysisInputs::SetMCSF] sample : WZTo3LNu_mllmin01
[AnalysisInputs::SetMCSF] => MCSF = 0.65, MCSF_err = 0.06
[AnalysisInputs::SetMCSF] sample : WZTo3LNu_powheg
[AnalysisInputs::SetMCSF] => MCSF = 1.05149, MCSF_err = 0.064601
[AnalysisInputs::SetMCSF] sample : ZGto2LG
[AnalysisInputs::SetMCSF] => MCSF = 1.09319, MCSF_err = 0.0752381
[AnalysisInputs::SetMCSF] sample : ZZTo4L_powheg
[AnalysisInputs::SetMCSF] => MCSF = 0.97851, MCSF_err = 0.25
[AnalysisInputs::SetMCSF] sample : ggZZto2e2mu
[AnalysisInputs::SetMCSF] => MCSF = 0.97851, MCSF_err = 0.25
[AnalysisInputs::SetMCSF] sample : ggZZto2e2nu
[AnalysisInputs::SetMCSF] => MCSF = 0.97851, MCSF_err = 0.25
[AnalysisInputs::SetMCSF] sample : ggZZto2e2tau
[AnalysisInputs::SetMCSF] => MCSF = 0.97851, MCSF_err = 0.25
[AnalysisInputs::SetMCSF] sample : ggZZto2mu2nu
[AnalysisInputs::SetMCSF] => MCSF = 0.97851, MCSF_err = 0.25
[AnalysisInputs::SetMCSF] sample : ggZZto2mu2tau
[AnalysisInputs::SetMCSF] => MCSF = 0.97851, MCSF_err = 0.25
[AnalysisInputs::SetMCSF] sample : ggZZto4e
[AnalysisInputs::SetMCSF] => MCSF = 0.97851, MCSF_err = 0.25
[AnalysisInputs::SetMCSF] sample : ggZZto4mu
[AnalysisInputs::SetMCSF] => MCSF = 0.97851, MCSF_err = 0.25
[AnalysisInputs::SetMCSF] sample : ggZZto4tau
[AnalysisInputs::SetMCSF] => MCSF = 0.97851, MCSF_err = 0.25
[AnalysisInputs::SetMCSF] sample : ggHtoZZ
[AnalysisInputs::SetMCSF] => MCSF = 0.97851, MCSF_err = 0.25
[AnalysisInputs::SetMCSF] sample : WGtoLNuG
[AnalysisInputs::SetMCSF] => MCSF = 1, MCSF_err = 0.0752381
[AnalysisInputs::SetMCSF] sample : WGtoLNuG_weighted
[AnalysisInputs::SetMCSF] => MCSF = 1, MCSF_err = 0.0752381
[AnalysisInputs::SetCalculatedSysts] Get Systematics from /data8/Users/jskim/HN_dilepton_plotter/data/v8-0-7.37_ForApproval/Syst.txt
[AnalysisInputs::SetCalculatedSysts] source : Luminosity
[AnalysisInputs::SetCalculatedSysts] => % sysematic = 0.025
[AnalysisInputs::SetCalculatedSysts] source : FakeLooseID
[AnalysisInputs::SetCalculatedSysts] => % sysematic = 0.3
[AnalysisInputs::SetCalculatedSysts] source : ChrageFlipSyst
[AnalysisInputs::SetCalculatedSysts] => % sysematic = 0.16
[CutRangeInfo::ReadCutCard] Get Cutcard from /data8/Users/jskim/HN_dilepton_plotter/data/v8-0-7.37_ForApproval/CutOpCard/RunDirectory/Cards_ElEl_Bin1/HNElEl_300.txt
Signal Eff = 0.0302571
Central	6.04453	0.829615	1.33416
_MuonEn_up	6.07499	0.829615	1.33416
_MuonEn_down	6.04441	0.829615	1.33416
_MuonIDSF_up	6.04765	0.829615	1.33416
_MuonIDSF_down	6.04023	0.829615	1.33416
_ElectronEn_up	6.11821	0.829615	1.33416
_ElectronEn_down	6.03404	0.829615	1.33416
_ElectronIDSF_up	6.26119	0.829615	1.33416
_ElectronIDSF_down	5.84081	0.829615	1.33416
_TriggerSF_up	6.07296	0.829615	1.33416
_TriggerSF_down	6.0462	0.829615	1.33416
_PU_up	5.65386	0.829615	1.33416
_PU_down	6.36191	0.829615	1.33416
_JetEn_up	5.97822	0.829615	1.33416
_JetEn_down	6.61229	0.829615	1.33416
_JetRes_up	6.01612	0.829615	1.33416
_JetRes_down	5.84796	0.829615	1.33416
_Unclustered_up	6.18793	0.829615	1.33416
_Unclustered_down	6.01622	0.829615	1.33416
_BTagSFEff_up	5.96675	0.829615	1.33416
_BTagSFEff_down	5.96172	0.829615	1.33416
_BTagSFMiss_up	6.04316	0.829615	1.33416
_BTagSFMiss_down	6.04265	0.829615	1.33416
_JetMass_up	6.05101	0.829615	1.33416
_JetMass_down	6.04903	0.829615	1.33416
_JetMassRes_up	6.13505	0.829615	1.33416
_JetMassRes_down	6.04008	0.829615	1.33416
_Tau21_up	6.63122	0.829615	1.33416
_Tau21_down	6.00803	0.829615	1.33416

################ Sources ################
Source	SystTotal	SystPrompt	SystFake	Signal
Stat 20.88 27.31  55.32  4.76  4.31
Lumi 1.84  2.50 -  -  2.50
PDF  -  -  -  -  5.53
MuonPt  0.26 0.36  -  -  0.17
MuonID  0.05 0.06  -  -  0.37
ElectronE  0.64 0.87  -  -  1.76
ElectronID  2.56 3.48  -  -  3.24
Trigger  0.25 0.33  -  -  1.15
PU  4.34 5.89  -  -  2.20
JES  4.92 6.69  -  -  2.35
JER  1.71 2.32  -  -  3.21
Uncl  1.26 1.71  -  -  2.12
BEff  0.98 1.33  -  -  0.34
BMiss  0.02 0.03  -  -  0.85
JMS  0.07 0.09  -  -  0.70
JMR  0.78 1.06  -  -  0.47
Tau21  5.06 6.88  -  -  0.47
MCNorm 10.97  14.89 -  -  -
Fake 3.03  -  30.00 - -
CF 15.37  -  -  94.53 -
Total Systematic 14.65 19.47  30.00  94.53  8.88

Total Background	8.208
- Prompt	6.045
- Fake	0.830
- CF	1.334
- Obs	6.000

####### Result #######
Signal Eff	0.030257
8.208300 1.297869
0.110326 1.098699
