
Processing CyclesForMixingLimit_ElEl_Bin1/HNElEl_85.C...
[AnalysisInputs::SetMCSF] Get MC SF from /data8/Users/jskim/HN_dilepton_plotter/data/v8-0-7.37_ForApproval/MCSF.txt
[AnalysisInputs::SetMCSF] sample : VVV
[AnalysisInputs::SetMCSF] => MCSF = 1, MCSF_err = 0.5
[AnalysisInputs::SetMCSF] sample : WWW
[AnalysisInputs::SetMCSF] => MCSF = 1, MCSF_err = 0.5
[AnalysisInputs::SetMCSF] sample : WWZ
[AnalysisInputs::SetMCSF] => MCSF = 1, MCSF_err = 0.5
[AnalysisInputs::SetMCSF] sample : WZZ
[AnalysisInputs::SetMCSF] => MCSF = 1, MCSF_err = 0.5
[AnalysisInputs::SetMCSF] sample : ZZZ
[AnalysisInputs::SetMCSF] => MCSF = 1, MCSF_err = 0.5
[AnalysisInputs::SetMCSF] sample : ttV
[AnalysisInputs::SetMCSF] => MCSF = 1, MCSF_err = 0.5
[AnalysisInputs::SetMCSF] sample : ttW
[AnalysisInputs::SetMCSF] => MCSF = 1, MCSF_err = 0.5
[AnalysisInputs::SetMCSF] sample : ttZ
[AnalysisInputs::SetMCSF] => MCSF = 1, MCSF_err = 0.5
[AnalysisInputs::SetMCSF] sample : ttH_nonbb
[AnalysisInputs::SetMCSF] => MCSF = 1, MCSF_err = 0.5
[AnalysisInputs::SetMCSF] sample : top
[AnalysisInputs::SetMCSF] => MCSF = 1, MCSF_err = 0.5
[AnalysisInputs::SetMCSF] sample : WWTo2L2Nu_DS
[AnalysisInputs::SetMCSF] => MCSF = 1, MCSF_err = 0.5
[AnalysisInputs::SetMCSF] sample : WpWpEWK
[AnalysisInputs::SetMCSF] => MCSF = 1.3062, MCSF_err = 0.5
[AnalysisInputs::SetMCSF] sample : WpWpQCD
[AnalysisInputs::SetMCSF] => MCSF = 1.70026, MCSF_err = 0.5
[AnalysisInputs::SetMCSF] sample : WZTo3LNu_mllmin01
[AnalysisInputs::SetMCSF] => MCSF = 0.65, MCSF_err = 0.06
[AnalysisInputs::SetMCSF] sample : WZTo3LNu_powheg
[AnalysisInputs::SetMCSF] => MCSF = 1.05149, MCSF_err = 0.064601
[AnalysisInputs::SetMCSF] sample : ZGto2LG
[AnalysisInputs::SetMCSF] => MCSF = 1.09319, MCSF_err = 0.0752381
[AnalysisInputs::SetMCSF] sample : ZZTo4L_powheg
[AnalysisInputs::SetMCSF] => MCSF = 0.97851, MCSF_err = 0.25
[AnalysisInputs::SetMCSF] sample : ggZZto2e2mu
[AnalysisInputs::SetMCSF] => MCSF = 0.97851, MCSF_err = 0.25
[AnalysisInputs::SetMCSF] sample : ggZZto2e2nu
[AnalysisInputs::SetMCSF] => MCSF = 0.97851, MCSF_err = 0.25
[AnalysisInputs::SetMCSF] sample : ggZZto2e2tau
[AnalysisInputs::SetMCSF] => MCSF = 0.97851, MCSF_err = 0.25
[AnalysisInputs::SetMCSF] sample : ggZZto2mu2nu
[AnalysisInputs::SetMCSF] => MCSF = 0.97851, MCSF_err = 0.25
[AnalysisInputs::SetMCSF] sample : ggZZto2mu2tau
[AnalysisInputs::SetMCSF] => MCSF = 0.97851, MCSF_err = 0.25
[AnalysisInputs::SetMCSF] sample : ggZZto4e
[AnalysisInputs::SetMCSF] => MCSF = 0.97851, MCSF_err = 0.25
[AnalysisInputs::SetMCSF] sample : ggZZto4mu
[AnalysisInputs::SetMCSF] => MCSF = 0.97851, MCSF_err = 0.25
[AnalysisInputs::SetMCSF] sample : ggZZto4tau
[AnalysisInputs::SetMCSF] => MCSF = 0.97851, MCSF_err = 0.25
[AnalysisInputs::SetMCSF] sample : ggHtoZZ
[AnalysisInputs::SetMCSF] => MCSF = 0.97851, MCSF_err = 0.25
[AnalysisInputs::SetMCSF] sample : WGtoLNuG
[AnalysisInputs::SetMCSF] => MCSF = 1, MCSF_err = 0.0752381
[AnalysisInputs::SetMCSF] sample : WGtoLNuG_weighted
[AnalysisInputs::SetMCSF] => MCSF = 1, MCSF_err = 0.0752381
[AnalysisInputs::SetCalculatedSysts] Get Systematics from /data8/Users/jskim/HN_dilepton_plotter/data/v8-0-7.37_ForApproval/Syst.txt
[AnalysisInputs::SetCalculatedSysts] source : Luminosity
[AnalysisInputs::SetCalculatedSysts] => % sysematic = 0.025
[AnalysisInputs::SetCalculatedSysts] source : FakeLooseID
[AnalysisInputs::SetCalculatedSysts] => % sysematic = 0.3
[AnalysisInputs::SetCalculatedSysts] source : ChrageFlipSyst
[AnalysisInputs::SetCalculatedSysts] => % sysematic = 0.16
[CutRangeInfo::ReadCutCard] Get Cutcard from /data8/Users/jskim/HN_dilepton_plotter/data/v8-0-7.37_ForApproval/CutOpCard/RunDirectory/Cards_ElEl_Bin1/HNElEl_85.txt
Central	4.15748	4.20162	1.17441
_MuonEn_up	4.23453	4.20162	1.17441
_MuonEn_down	4.23659	4.20162	1.17441
_MuonIDSF_up	4.2326	4.20162	1.17441
_MuonIDSF_down	4.23479	4.20162	1.17441
_ElectronEn_up	4.35417	4.20162	1.17441
_ElectronEn_down	4.3203	4.20162	1.17441
_ElectronIDSF_up	4.33312	4.20162	1.17441
_ElectronIDSF_down	4.12559	4.20162	1.17441
_TriggerSF_up	4.42102	4.20162	1.17441
_TriggerSF_down	4.23179	4.20162	1.17441
_PU_up	3.91162	4.20162	1.17441
_PU_down	4.54899	4.20162	1.17441
_JetEn_up	5.58258	4.20162	1.17441
_JetEn_down	5.35953	4.20162	1.17441
_JetRes_up	4.71105	4.20162	1.17441
_JetRes_down	4.88313	4.20162	1.17441
_Unclustered_up	4.78132	4.20162	1.17441
_Unclustered_down	4.05897	4.20162	1.17441
_BTagSFEff_up	4.23429	4.20162	1.17441
_BTagSFEff_down	4.23129	4.20162	1.17441
_BTagSFMiss_up	4.21952	4.20162	1.17441
_BTagSFMiss_down	4.22915	4.20162	1.17441
_JetMass_up	4.22354	4.20162	1.17441
_JetMass_down	4.2289	4.20162	1.17441
_JetMassRes_up	4.23521	4.20162	1.17441
_JetMassRes_down	4.16343	4.20162	1.17441
_Tau21_up	4.22303	4.20162	1.17441
_Tau21_down	4.23521	4.20162	1.17441

################ Sources ################
Source	SystTotal	SystPrompt	SystFake	Signal
Stat 19.83 35.55  28.04  2.83  11.87
Lumi 1.09  2.50 -  -  2.50
PDF  -  -  -  -  5.00
MuonPt  0.82 1.88  -  -  0.52
MuonID  0.80 1.83  -  -  1.37
ElectronE  1.89 4.34  -  -  1.54
ElectronID  1.32 3.04  -  -  1.31
Trigger  2.03 4.66  -  -  2.94
PU  3.43 7.86  -  -  6.75
JES  13.83 31.71  -  -  2.62
JER  6.77 15.52  -  -  2.34
Uncl  4.68 10.74  -  -  3.44
BEff  0.79 1.81  -  -  1.14
BMiss  0.70 1.61  -  -  1.66
JMS  0.72 1.65  -  -  0.54
JMR  0.58 1.33  -  -  0.54
Tau21  0.75 1.73  -  -  0.54
MCNorm 5.29  12.12 -  -  -
Fake 13.22  -  30.00 - -
CF 5.19  -  -  42.14 -
Total Systematic 22.09 40.58  30.00  42.14  10.99

Total Background	9.534
- Prompt	4.157
- Fake	4.202
- CF	1.174
- Obs	9.000

####### Result #######
Signal Eff	0.001092
9.533512 1.301355
9.059860 1.161797
