
Processing CyclesForMixingLimit_ElEl_Bin1/HNElEl_60.C...
[AnalysisInputs::SetMCSF] Get MC SF from /data8/Users/jskim/HN_dilepton_plotter/data/v8-0-7.37_ForApproval/MCSF.txt
[AnalysisInputs::SetMCSF] sample : VVV
[AnalysisInputs::SetMCSF] => MCSF = 1, MCSF_err = 0.5
[AnalysisInputs::SetMCSF] sample : WWW
[AnalysisInputs::SetMCSF] => MCSF = 1, MCSF_err = 0.5
[AnalysisInputs::SetMCSF] sample : WWZ
[AnalysisInputs::SetMCSF] => MCSF = 1, MCSF_err = 0.5
[AnalysisInputs::SetMCSF] sample : WZZ
[AnalysisInputs::SetMCSF] => MCSF = 1, MCSF_err = 0.5
[AnalysisInputs::SetMCSF] sample : ZZZ
[AnalysisInputs::SetMCSF] => MCSF = 1, MCSF_err = 0.5
[AnalysisInputs::SetMCSF] sample : ttV
[AnalysisInputs::SetMCSF] => MCSF = 1, MCSF_err = 0.5
[AnalysisInputs::SetMCSF] sample : ttW
[AnalysisInputs::SetMCSF] => MCSF = 1, MCSF_err = 0.5
[AnalysisInputs::SetMCSF] sample : ttZ
[AnalysisInputs::SetMCSF] => MCSF = 1, MCSF_err = 0.5
[AnalysisInputs::SetMCSF] sample : ttH_nonbb
[AnalysisInputs::SetMCSF] => MCSF = 1, MCSF_err = 0.5
[AnalysisInputs::SetMCSF] sample : top
[AnalysisInputs::SetMCSF] => MCSF = 1, MCSF_err = 0.5
[AnalysisInputs::SetMCSF] sample : WWTo2L2Nu_DS
[AnalysisInputs::SetMCSF] => MCSF = 1, MCSF_err = 0.5
[AnalysisInputs::SetMCSF] sample : WpWpEWK
[AnalysisInputs::SetMCSF] => MCSF = 1.3062, MCSF_err = 0.5
[AnalysisInputs::SetMCSF] sample : WpWpQCD
[AnalysisInputs::SetMCSF] => MCSF = 1.70026, MCSF_err = 0.5
[AnalysisInputs::SetMCSF] sample : WZTo3LNu_mllmin01
[AnalysisInputs::SetMCSF] => MCSF = 0.65, MCSF_err = 0.06
[AnalysisInputs::SetMCSF] sample : WZTo3LNu_powheg
[AnalysisInputs::SetMCSF] => MCSF = 1.05149, MCSF_err = 0.064601
[AnalysisInputs::SetMCSF] sample : ZGto2LG
[AnalysisInputs::SetMCSF] => MCSF = 1.09319, MCSF_err = 0.0752381
[AnalysisInputs::SetMCSF] sample : ZZTo4L_powheg
[AnalysisInputs::SetMCSF] => MCSF = 0.97851, MCSF_err = 0.25
[AnalysisInputs::SetMCSF] sample : ggZZto2e2mu
[AnalysisInputs::SetMCSF] => MCSF = 0.97851, MCSF_err = 0.25
[AnalysisInputs::SetMCSF] sample : ggZZto2e2nu
[AnalysisInputs::SetMCSF] => MCSF = 0.97851, MCSF_err = 0.25
[AnalysisInputs::SetMCSF] sample : ggZZto2e2tau
[AnalysisInputs::SetMCSF] => MCSF = 0.97851, MCSF_err = 0.25
[AnalysisInputs::SetMCSF] sample : ggZZto2mu2nu
[AnalysisInputs::SetMCSF] => MCSF = 0.97851, MCSF_err = 0.25
[AnalysisInputs::SetMCSF] sample : ggZZto2mu2tau
[AnalysisInputs::SetMCSF] => MCSF = 0.97851, MCSF_err = 0.25
[AnalysisInputs::SetMCSF] sample : ggZZto4e
[AnalysisInputs::SetMCSF] => MCSF = 0.97851, MCSF_err = 0.25
[AnalysisInputs::SetMCSF] sample : ggZZto4mu
[AnalysisInputs::SetMCSF] => MCSF = 0.97851, MCSF_err = 0.25
[AnalysisInputs::SetMCSF] sample : ggZZto4tau
[AnalysisInputs::SetMCSF] => MCSF = 0.97851, MCSF_err = 0.25
[AnalysisInputs::SetMCSF] sample : ggHtoZZ
[AnalysisInputs::SetMCSF] => MCSF = 0.97851, MCSF_err = 0.25
[AnalysisInputs::SetMCSF] sample : WGtoLNuG
[AnalysisInputs::SetMCSF] => MCSF = 1, MCSF_err = 0.0752381
[AnalysisInputs::SetMCSF] sample : WGtoLNuG_weighted
[AnalysisInputs::SetMCSF] => MCSF = 1, MCSF_err = 0.0752381
[AnalysisInputs::SetCalculatedSysts] Get Systematics from /data8/Users/jskim/HN_dilepton_plotter/data/v8-0-7.37_ForApproval/Syst.txt
[AnalysisInputs::SetCalculatedSysts] source : Luminosity
[AnalysisInputs::SetCalculatedSysts] => % sysematic = 0.025
[AnalysisInputs::SetCalculatedSysts] source : FakeLooseID
[AnalysisInputs::SetCalculatedSysts] => % sysematic = 0.3
[AnalysisInputs::SetCalculatedSysts] source : ChrageFlipSyst
[AnalysisInputs::SetCalculatedSysts] => % sysematic = 0.16
[CutRangeInfo::ReadCutCard] Get Cutcard from /data8/Users/jskim/HN_dilepton_plotter/data/v8-0-7.37_ForApproval/CutOpCard/RunDirectory/Cards_ElEl_Bin1/HNElEl_60.txt
Central	29.5375	17.1952	2.15163
_MuonEn_up	29.9668	17.1952	2.15163
_MuonEn_down	29.068	17.1952	2.15163
_MuonIDSF_up	30.3032	17.1952	2.15163
_MuonIDSF_down	30.0358	17.1952	2.15163
_ElectronEn_up	31.3736	17.1952	2.15163
_ElectronEn_down	29.4245	17.1952	2.15163
_ElectronIDSF_up	30.806	17.1952	2.15163
_ElectronIDSF_down	30.0213	17.1952	2.15163
_TriggerSF_up	30.8288	17.1952	2.15163
_TriggerSF_down	30.0427	17.1952	2.15163
_PU_up	28.4203	17.1952	2.15163
_PU_down	31.3761	17.1952	2.15163
_JetEn_up	34.3871	17.1952	2.15163
_JetEn_down	32.2359	17.1952	2.15163
_JetRes_up	28.7447	17.1952	2.15163
_JetRes_down	32.2918	17.1952	2.15163
_Unclustered_up	29.8062	17.1952	2.15163
_Unclustered_down	31.4396	17.1952	2.15163
_BTagSFEff_up	29.9755	17.1952	2.15163
_BTagSFEff_down	30.0479	17.1952	2.15163
_BTagSFMiss_up	29.5527	17.1952	2.15163
_BTagSFMiss_down	29.9738	17.1952	2.15163
_JetMass_up	30.0369	17.1952	2.15163
_JetMass_down	29.9744	17.1952	2.15163
_JetMassRes_up	30.6992	17.1952	2.15163
_JetMassRes_down	30.0397	17.1952	2.15163
_Tau21_up	29.9701	17.1952	2.15163
_Tau21_down	29.9008	17.1952	2.15163

################ Sources ################
Source	SystTotal	SystPrompt	SystFake	Signal
Stat 9.56 14.01  12.63  1.47  7.91
Lumi 1.51  2.50 -  -  2.50
PDF  -  -  -  -  9.00
MuonPt  0.92 1.52  -  -  0.84
MuonID  1.32 2.19  -  -  0.30
ElectronE  2.66 4.40  -  -  1.08
ElectronID  1.96 3.25  -  -  1.42
Trigger  2.01 3.32  -  -  4.19
PU  3.11 5.15  -  -  4.75
JES  8.03 13.29  -  -  3.73
JER  4.15 6.86  -  -  3.45
Uncl  2.78 4.60  -  -  3.55
BEff  0.97 1.61  -  -  0.71
BMiss  0.63 1.05  -  -  0.51
JMS  0.96 1.59  -  -  0.00
JMR  1.83 3.03  -  -  0.48
Tau21  0.82 1.35  -  -  0.40
MCNorm 6.94  11.49 -  -  -
Fake 10.55  -  30.00 - -
CF 1.13  -  -  25.62 -
Total Systematic 16.87 21.79  30.00  25.62  13.07

Total Background	48.884
- Prompt	29.538
- Fake	17.195
- CF	2.152
- Obs	45.000

####### Result #######
Signal Eff	0.001820
48.884400 1.194264
706.285572 1.152785
