
Processing CyclesForMixingLimit_ElEl_Bin1/HNElEl_1200.C...
[AnalysisInputs::SetMCSF] Get MC SF from /data8/Users/jskim/HN_dilepton_plotter/data/v8-0-7.37_Approved/MCSF.txt
[AnalysisInputs::SetMCSF] sample : VVV
[AnalysisInputs::SetMCSF] => MCSF = 1, MCSF_err = 0.5
[AnalysisInputs::SetMCSF] sample : WWW
[AnalysisInputs::SetMCSF] => MCSF = 1, MCSF_err = 0.5
[AnalysisInputs::SetMCSF] sample : WWZ
[AnalysisInputs::SetMCSF] => MCSF = 1, MCSF_err = 0.5
[AnalysisInputs::SetMCSF] sample : WZZ
[AnalysisInputs::SetMCSF] => MCSF = 1, MCSF_err = 0.5
[AnalysisInputs::SetMCSF] sample : ZZZ
[AnalysisInputs::SetMCSF] => MCSF = 1, MCSF_err = 0.5
[AnalysisInputs::SetMCSF] sample : ttV
[AnalysisInputs::SetMCSF] => MCSF = 1, MCSF_err = 0.5
[AnalysisInputs::SetMCSF] sample : ttW
[AnalysisInputs::SetMCSF] => MCSF = 1, MCSF_err = 0.5
[AnalysisInputs::SetMCSF] sample : ttZ
[AnalysisInputs::SetMCSF] => MCSF = 1, MCSF_err = 0.5
[AnalysisInputs::SetMCSF] sample : ttH_nonbb
[AnalysisInputs::SetMCSF] => MCSF = 1, MCSF_err = 0.5
[AnalysisInputs::SetMCSF] sample : top
[AnalysisInputs::SetMCSF] => MCSF = 1, MCSF_err = 0.5
[AnalysisInputs::SetMCSF] sample : WWTo2L2Nu_DS
[AnalysisInputs::SetMCSF] => MCSF = 1, MCSF_err = 0.5
[AnalysisInputs::SetMCSF] sample : WpWpEWK
[AnalysisInputs::SetMCSF] => MCSF = 1.3062, MCSF_err = 0.5
[AnalysisInputs::SetMCSF] sample : WpWpQCD
[AnalysisInputs::SetMCSF] => MCSF = 1.70026, MCSF_err = 0.5
[AnalysisInputs::SetMCSF] sample : WZTo3LNu_mllmin01
[AnalysisInputs::SetMCSF] => MCSF = 0.65, MCSF_err = 0.06
[AnalysisInputs::SetMCSF] sample : WZTo3LNu_powheg
[AnalysisInputs::SetMCSF] => MCSF = 1.05149, MCSF_err = 0.064601
[AnalysisInputs::SetMCSF] sample : ZGto2LG
[AnalysisInputs::SetMCSF] => MCSF = 1.09319, MCSF_err = 0.0752381
[AnalysisInputs::SetMCSF] sample : ZZTo4L_powheg
[AnalysisInputs::SetMCSF] => MCSF = 0.97851, MCSF_err = 0.25
[AnalysisInputs::SetMCSF] sample : ggZZto2e2mu
[AnalysisInputs::SetMCSF] => MCSF = 0.97851, MCSF_err = 0.25
[AnalysisInputs::SetMCSF] sample : ggZZto2e2nu
[AnalysisInputs::SetMCSF] => MCSF = 0.97851, MCSF_err = 0.25
[AnalysisInputs::SetMCSF] sample : ggZZto2e2tau
[AnalysisInputs::SetMCSF] => MCSF = 0.97851, MCSF_err = 0.25
[AnalysisInputs::SetMCSF] sample : ggZZto2mu2nu
[AnalysisInputs::SetMCSF] => MCSF = 0.97851, MCSF_err = 0.25
[AnalysisInputs::SetMCSF] sample : ggZZto2mu2tau
[AnalysisInputs::SetMCSF] => MCSF = 0.97851, MCSF_err = 0.25
[AnalysisInputs::SetMCSF] sample : ggZZto4e
[AnalysisInputs::SetMCSF] => MCSF = 0.97851, MCSF_err = 0.25
[AnalysisInputs::SetMCSF] sample : ggZZto4mu
[AnalysisInputs::SetMCSF] => MCSF = 0.97851, MCSF_err = 0.25
[AnalysisInputs::SetMCSF] sample : ggZZto4tau
[AnalysisInputs::SetMCSF] => MCSF = 0.97851, MCSF_err = 0.25
[AnalysisInputs::SetMCSF] sample : ggHtoZZ
[AnalysisInputs::SetMCSF] => MCSF = 0.97851, MCSF_err = 0.25
[AnalysisInputs::SetMCSF] sample : WGtoLNuG
[AnalysisInputs::SetMCSF] => MCSF = 1, MCSF_err = 0.0752381
[AnalysisInputs::SetMCSF] sample : WGtoLNuG_weighted
[AnalysisInputs::SetMCSF] => MCSF = 1, MCSF_err = 0.0752381
[AnalysisInputs::SetCalculatedSysts] Get Systematics from /data8/Users/jskim/HN_dilepton_plotter/data/v8-0-7.37_Approved/Syst.txt
[AnalysisInputs::SetCalculatedSysts] source : Luminosity
[AnalysisInputs::SetCalculatedSysts] => % sysematic = 0.025
[AnalysisInputs::SetCalculatedSysts] source : FakeLooseID
[AnalysisInputs::SetCalculatedSysts] => % sysematic = 0.3
[AnalysisInputs::SetCalculatedSysts] source : ChrageFlipSyst
[AnalysisInputs::SetCalculatedSysts] => % sysematic = 0.16
[CutRangeInfo::ReadCutCard] Get Cutcard from /data8/Users/jskim/HN_dilepton_plotter/data/v8-0-7.37_Approved/CutOpCard/RunDirectory/Cards_ElEl_Bin1/HNElEl_1200.txt
Central	1.12731	0.13883	0.415647
_MuonEn_up	1.12731	0.13883	0.415647
_MuonEn_down	1.12731	0.13883	0.415647
_MuonIDSF_up	1.12731	0.13883	0.415647
_MuonIDSF_down	1.12731	0.13883	0.415647
_ElectronEn_up	1.12741	0.13883	0.415647
_ElectronEn_down	1.22007	0.13883	0.415647
_ElectronIDSF_up	1.17375	0.13883	0.415647
_ElectronIDSF_down	1.07378	0.13883	0.415647
_TriggerSF_up	1.15032	0.13883	0.415647
_TriggerSF_down	1.12069	0.13883	0.415647
_PU_up	1.16309	0.13883	0.415647
_PU_down	1.08039	0.13883	0.415647
_JetEn_up	1.08993	0.13883	0.415647
_JetEn_down	1.67141	0.13883	0.415647
_JetRes_up	1.12773	0.13883	0.415647
_JetRes_down	1.12237	0.13883	0.415647
_Unclustered_up	1.1339	0.13883	0.415647
_Unclustered_down	1.16012	0.13883	0.415647
_BTagSFEff_up	1.12731	0.13883	0.415647
_BTagSFEff_down	1.12731	0.13883	0.415647
_BTagSFMiss_up	1.12115	0.13883	0.415647
_BTagSFMiss_down	1.12731	0.13883	0.415647
_JetMass_up	1.12722	0.13883	0.415647
_JetMass_down	1.12731	0.13883	0.415647
_JetMassRes_up	1.12731	0.13883	0.415647
_JetMassRes_down	1.12731	0.13883	0.415647
_Tau21_up	1.12731	0.13883	0.415647
_Tau21_down	1.12115	0.13883	0.415647

################ Sources ################
Source	SystTotal	SystPrompt	SystFake	Signal
Stat 33.09 44.68  170.30  10.33  3.59
Lumi 1.68  2.50 -  -  2.50
PDF  -  -  -  -  5.00
MuonPt  0.00 0.00  -  -  0.50
MuonID  0.00 0.00  -  -  0.35
ElectronE  3.90 5.82  -  -  0.31
ElectronID  2.98 4.44  -  -  3.85
Trigger  1.01 1.50  -  -  1.35
PU  2.48 3.70  -  -  1.45
JES  22.93 34.21  -  -  1.75
JER  0.21 0.31  -  -  1.02
Uncl  1.41 2.10  -  -  0.98
BEff  0.00 0.00  -  -  0.62
BMiss  0.26 0.39  -  -  0.55
JMS  0.00 0.01  -  -  0.61
JMR  0.00 0.00  -  -  0.59
Tau21  0.26 0.39  -  -  0.21
MCNorm 12.91  19.26 -  -  -
Fake 2.48  -  30.00 - -
CF 24.28  -  -  98.23 -
Total Systematic 27.11 40.27  30.00  98.23  7.55

Total Background	1.682
- Prompt	1.127
- Fake	0.139
- CF	0.416
- Obs	1.000

####### Result #######
Signal Eff	0.019655
1.681786 1.492492
0.001325 1.083592
