
Processing CyclesForMixingLimit_ElEl_Bin1/HNElEl_250.C...
[AnalysisInputs::SetMCSF] Get MC SF from /data8/Users/jskim/HN_dilepton_plotter/data/v8-0-7.37_Approved/MCSF.txt
[AnalysisInputs::SetMCSF] sample : VVV
[AnalysisInputs::SetMCSF] => MCSF = 1, MCSF_err = 0.5
[AnalysisInputs::SetMCSF] sample : WWW
[AnalysisInputs::SetMCSF] => MCSF = 1, MCSF_err = 0.5
[AnalysisInputs::SetMCSF] sample : WWZ
[AnalysisInputs::SetMCSF] => MCSF = 1, MCSF_err = 0.5
[AnalysisInputs::SetMCSF] sample : WZZ
[AnalysisInputs::SetMCSF] => MCSF = 1, MCSF_err = 0.5
[AnalysisInputs::SetMCSF] sample : ZZZ
[AnalysisInputs::SetMCSF] => MCSF = 1, MCSF_err = 0.5
[AnalysisInputs::SetMCSF] sample : ttV
[AnalysisInputs::SetMCSF] => MCSF = 1, MCSF_err = 0.5
[AnalysisInputs::SetMCSF] sample : ttW
[AnalysisInputs::SetMCSF] => MCSF = 1, MCSF_err = 0.5
[AnalysisInputs::SetMCSF] sample : ttZ
[AnalysisInputs::SetMCSF] => MCSF = 1, MCSF_err = 0.5
[AnalysisInputs::SetMCSF] sample : ttH_nonbb
[AnalysisInputs::SetMCSF] => MCSF = 1, MCSF_err = 0.5
[AnalysisInputs::SetMCSF] sample : top
[AnalysisInputs::SetMCSF] => MCSF = 1, MCSF_err = 0.5
[AnalysisInputs::SetMCSF] sample : WWTo2L2Nu_DS
[AnalysisInputs::SetMCSF] => MCSF = 1, MCSF_err = 0.5
[AnalysisInputs::SetMCSF] sample : WpWpEWK
[AnalysisInputs::SetMCSF] => MCSF = 1.3062, MCSF_err = 0.5
[AnalysisInputs::SetMCSF] sample : WpWpQCD
[AnalysisInputs::SetMCSF] => MCSF = 1.70026, MCSF_err = 0.5
[AnalysisInputs::SetMCSF] sample : WZTo3LNu_mllmin01
[AnalysisInputs::SetMCSF] => MCSF = 0.65, MCSF_err = 0.06
[AnalysisInputs::SetMCSF] sample : WZTo3LNu_powheg
[AnalysisInputs::SetMCSF] => MCSF = 1.05149, MCSF_err = 0.064601
[AnalysisInputs::SetMCSF] sample : ZGto2LG
[AnalysisInputs::SetMCSF] => MCSF = 1.09319, MCSF_err = 0.0752381
[AnalysisInputs::SetMCSF] sample : ZZTo4L_powheg
[AnalysisInputs::SetMCSF] => MCSF = 0.97851, MCSF_err = 0.25
[AnalysisInputs::SetMCSF] sample : ggZZto2e2mu
[AnalysisInputs::SetMCSF] => MCSF = 0.97851, MCSF_err = 0.25
[AnalysisInputs::SetMCSF] sample : ggZZto2e2nu
[AnalysisInputs::SetMCSF] => MCSF = 0.97851, MCSF_err = 0.25
[AnalysisInputs::SetMCSF] sample : ggZZto2e2tau
[AnalysisInputs::SetMCSF] => MCSF = 0.97851, MCSF_err = 0.25
[AnalysisInputs::SetMCSF] sample : ggZZto2mu2nu
[AnalysisInputs::SetMCSF] => MCSF = 0.97851, MCSF_err = 0.25
[AnalysisInputs::SetMCSF] sample : ggZZto2mu2tau
[AnalysisInputs::SetMCSF] => MCSF = 0.97851, MCSF_err = 0.25
[AnalysisInputs::SetMCSF] sample : ggZZto4e
[AnalysisInputs::SetMCSF] => MCSF = 0.97851, MCSF_err = 0.25
[AnalysisInputs::SetMCSF] sample : ggZZto4mu
[AnalysisInputs::SetMCSF] => MCSF = 0.97851, MCSF_err = 0.25
[AnalysisInputs::SetMCSF] sample : ggZZto4tau
[AnalysisInputs::SetMCSF] => MCSF = 0.97851, MCSF_err = 0.25
[AnalysisInputs::SetMCSF] sample : ggHtoZZ
[AnalysisInputs::SetMCSF] => MCSF = 0.97851, MCSF_err = 0.25
[AnalysisInputs::SetMCSF] sample : WGtoLNuG
[AnalysisInputs::SetMCSF] => MCSF = 1, MCSF_err = 0.0752381
[AnalysisInputs::SetMCSF] sample : WGtoLNuG_weighted
[AnalysisInputs::SetMCSF] => MCSF = 1, MCSF_err = 0.0752381
[AnalysisInputs::SetCalculatedSysts] Get Systematics from /data8/Users/jskim/HN_dilepton_plotter/data/v8-0-7.37_Approved/Syst.txt
[AnalysisInputs::SetCalculatedSysts] source : Luminosity
[AnalysisInputs::SetCalculatedSysts] => % sysematic = 0.025
[AnalysisInputs::SetCalculatedSysts] source : FakeLooseID
[AnalysisInputs::SetCalculatedSysts] => % sysematic = 0.3
[AnalysisInputs::SetCalculatedSysts] source : ChrageFlipSyst
[AnalysisInputs::SetCalculatedSysts] => % sysematic = 0.16
[CutRangeInfo::ReadCutCard] Get Cutcard from /data8/Users/jskim/HN_dilepton_plotter/data/v8-0-7.37_Approved/CutOpCard/RunDirectory/Cards_ElEl_Bin1/HNElEl_250.txt
Central	4.53522	0.2839	1.1613
_MuonEn_up	4.5326	0.2839	1.1613
_MuonEn_down	4.51929	0.2839	1.1613
_MuonIDSF_up	4.5326	0.2839	1.1613
_MuonIDSF_down	4.5292	0.2839	1.1613
_ElectronEn_up	4.71355	0.2839	1.1613
_ElectronEn_down	4.56823	0.2839	1.1613
_ElectronIDSF_up	4.7242	0.2839	1.1613
_ElectronIDSF_down	4.3766	0.2839	1.1613
_TriggerSF_up	4.61348	0.2839	1.1613
_TriggerSF_down	4.52738	0.2839	1.1613
_PU_up	4.46889	0.2839	1.1613
_PU_down	4.51333	0.2839	1.1613
_JetEn_up	4.64549	0.2839	1.1613
_JetEn_down	4.05699	0.2839	1.1613
_JetRes_up	4.53903	0.2839	1.1613
_JetRes_down	4.57465	0.2839	1.1613
_Unclustered_up	4.53557	0.2839	1.1613
_Unclustered_down	4.45343	0.2839	1.1613
_BTagSFEff_up	4.51781	0.2839	1.1613
_BTagSFEff_down	4.77348	0.2839	1.1613
_BTagSFMiss_up	4.51832	0.2839	1.1613
_BTagSFMiss_down	4.52419	0.2839	1.1613
_JetMass_up	4.53584	0.2839	1.1613
_JetMass_down	4.52479	0.2839	1.1613
_JetMassRes_up	4.57485	0.2839	1.1613
_JetMassRes_down	4.52367	0.2839	1.1613
_Tau21_up	5.14547	0.2839	1.1613
_Tau21_down	4.48987	0.2839	1.1613

################ Sources ################
Source	SystTotal	SystPrompt	SystFake	Signal
Stat 24.62 31.20  143.67  4.82  1.94
Lumi 1.90  2.50 -  -  2.50
PDF  -  -  -  -  5.00
MuonPt  0.19 0.25  -  -  0.15
MuonID  0.08 0.10  -  -  0.29
ElectronE  2.14 2.83  -  -  0.63
ElectronID  2.92 3.85  -  -  2.91
Trigger  0.93 1.23  -  -  1.26
PU  0.83 1.09  -  -  2.07
JES  5.80 7.65  -  -  1.66
JER  0.47 0.62  -  -  2.25
Uncl  0.97 1.28  -  -  1.80
BEff  2.82 3.72  -  -  0.38
BMiss  0.24 0.31  -  -  0.44
JMS  0.12 0.16  -  -  0.19
JMR  0.49 0.64  -  -  0.34
Tau21  7.24 9.54  -  -  0.21
MCNorm 10.63  14.02 -  -  -
Fake 1.42  -  30.00 - -
CF 16.80  -  -  86.54 -
Total Systematic 15.13 19.86  30.00  86.54  7.60

Total Background	5.980
- Prompt	4.535
- Fake	0.284
- CF	1.161
- Obs	4.000

####### Result #######
Signal Eff	0.058667
5.980418 1.334429
2.716800 1.078412
