
Processing CyclesForMixingLimit_ElEl_Bin1/HNElEl_100.C...
[AnalysisInputs::SetMCSF] Get MC SF from /data8/Users/jskim/HN_dilepton_plotter/data/v8-0-7.37_ForApproval/MCSF.txt
[AnalysisInputs::SetMCSF] sample : VVV
[AnalysisInputs::SetMCSF] => MCSF = 1, MCSF_err = 0.5
[AnalysisInputs::SetMCSF] sample : WWW
[AnalysisInputs::SetMCSF] => MCSF = 1, MCSF_err = 0.5
[AnalysisInputs::SetMCSF] sample : WWZ
[AnalysisInputs::SetMCSF] => MCSF = 1, MCSF_err = 0.5
[AnalysisInputs::SetMCSF] sample : WZZ
[AnalysisInputs::SetMCSF] => MCSF = 1, MCSF_err = 0.5
[AnalysisInputs::SetMCSF] sample : ZZZ
[AnalysisInputs::SetMCSF] => MCSF = 1, MCSF_err = 0.5
[AnalysisInputs::SetMCSF] sample : ttV
[AnalysisInputs::SetMCSF] => MCSF = 1, MCSF_err = 0.5
[AnalysisInputs::SetMCSF] sample : ttW
[AnalysisInputs::SetMCSF] => MCSF = 1, MCSF_err = 0.5
[AnalysisInputs::SetMCSF] sample : ttZ
[AnalysisInputs::SetMCSF] => MCSF = 1, MCSF_err = 0.5
[AnalysisInputs::SetMCSF] sample : ttH_nonbb
[AnalysisInputs::SetMCSF] => MCSF = 1, MCSF_err = 0.5
[AnalysisInputs::SetMCSF] sample : top
[AnalysisInputs::SetMCSF] => MCSF = 1, MCSF_err = 0.5
[AnalysisInputs::SetMCSF] sample : WWTo2L2Nu_DS
[AnalysisInputs::SetMCSF] => MCSF = 1, MCSF_err = 0.5
[AnalysisInputs::SetMCSF] sample : WpWpEWK
[AnalysisInputs::SetMCSF] => MCSF = 1.3062, MCSF_err = 0.5
[AnalysisInputs::SetMCSF] sample : WpWpQCD
[AnalysisInputs::SetMCSF] => MCSF = 1.70026, MCSF_err = 0.5
[AnalysisInputs::SetMCSF] sample : WZTo3LNu_mllmin01
[AnalysisInputs::SetMCSF] => MCSF = 0.65, MCSF_err = 0.06
[AnalysisInputs::SetMCSF] sample : WZTo3LNu_powheg
[AnalysisInputs::SetMCSF] => MCSF = 1.05149, MCSF_err = 0.064601
[AnalysisInputs::SetMCSF] sample : ZGto2LG
[AnalysisInputs::SetMCSF] => MCSF = 1.09319, MCSF_err = 0.0752381
[AnalysisInputs::SetMCSF] sample : ZZTo4L_powheg
[AnalysisInputs::SetMCSF] => MCSF = 0.97851, MCSF_err = 0.25
[AnalysisInputs::SetMCSF] sample : ggZZto2e2mu
[AnalysisInputs::SetMCSF] => MCSF = 0.97851, MCSF_err = 0.25
[AnalysisInputs::SetMCSF] sample : ggZZto2e2nu
[AnalysisInputs::SetMCSF] => MCSF = 0.97851, MCSF_err = 0.25
[AnalysisInputs::SetMCSF] sample : ggZZto2e2tau
[AnalysisInputs::SetMCSF] => MCSF = 0.97851, MCSF_err = 0.25
[AnalysisInputs::SetMCSF] sample : ggZZto2mu2nu
[AnalysisInputs::SetMCSF] => MCSF = 0.97851, MCSF_err = 0.25
[AnalysisInputs::SetMCSF] sample : ggZZto2mu2tau
[AnalysisInputs::SetMCSF] => MCSF = 0.97851, MCSF_err = 0.25
[AnalysisInputs::SetMCSF] sample : ggZZto4e
[AnalysisInputs::SetMCSF] => MCSF = 0.97851, MCSF_err = 0.25
[AnalysisInputs::SetMCSF] sample : ggZZto4mu
[AnalysisInputs::SetMCSF] => MCSF = 0.97851, MCSF_err = 0.25
[AnalysisInputs::SetMCSF] sample : ggZZto4tau
[AnalysisInputs::SetMCSF] => MCSF = 0.97851, MCSF_err = 0.25
[AnalysisInputs::SetMCSF] sample : ggHtoZZ
[AnalysisInputs::SetMCSF] => MCSF = 0.97851, MCSF_err = 0.25
[AnalysisInputs::SetMCSF] sample : WGtoLNuG
[AnalysisInputs::SetMCSF] => MCSF = 1, MCSF_err = 0.0752381
[AnalysisInputs::SetMCSF] sample : WGtoLNuG_weighted
[AnalysisInputs::SetMCSF] => MCSF = 1, MCSF_err = 0.0752381
[AnalysisInputs::SetCalculatedSysts] Get Systematics from /data8/Users/jskim/HN_dilepton_plotter/data/v8-0-7.37_ForApproval/Syst.txt
[AnalysisInputs::SetCalculatedSysts] source : Luminosity
[AnalysisInputs::SetCalculatedSysts] => % sysematic = 0.025
[AnalysisInputs::SetCalculatedSysts] source : FakeLooseID
[AnalysisInputs::SetCalculatedSysts] => % sysematic = 0.3
[AnalysisInputs::SetCalculatedSysts] source : ChrageFlipSyst
[AnalysisInputs::SetCalculatedSysts] => % sysematic = 0.16
[CutRangeInfo::ReadCutCard] Get Cutcard from /data8/Users/jskim/HN_dilepton_plotter/data/v8-0-7.37_ForApproval/CutOpCard/RunDirectory/Cards_ElEl_Bin1/HNElEl_100.txt
Central	9.8027	7.79702	2.74366
_MuonEn_up	9.84854	7.79702	2.74366
_MuonEn_down	9.88161	7.79702	2.74366
_MuonIDSF_up	9.94892	7.79702	2.74366
_MuonIDSF_down	9.56656	7.79702	2.74366
_ElectronEn_up	9.58361	7.79702	2.74366
_ElectronEn_down	9.53261	7.79702	2.74366
_ElectronIDSF_up	10.2194	7.79702	2.74366
_ElectronIDSF_down	9.75246	7.79702	2.74366
_TriggerSF_up	10.4632	7.79702	2.74366
_TriggerSF_down	9.95062	7.79702	2.74366
_PU_up	9.04005	7.79702	2.74366
_PU_down	10.7743	7.79702	2.74366
_JetEn_up	12.0311	7.79702	2.74366
_JetEn_down	12.4417	7.79702	2.74366
_JetRes_up	10.7604	7.79702	2.74366
_JetRes_down	10.0013	7.79702	2.74366
_Unclustered_up	11.1609	7.79702	2.74366
_Unclustered_down	8.60931	7.79702	2.74366
_BTagSFEff_up	9.87513	7.79702	2.74366
_BTagSFEff_down	9.86912	7.79702	2.74366
_BTagSFMiss_up	10.0111	7.79702	2.74366
_BTagSFMiss_down	9.86716	7.79702	2.74366
_JetMass_up	9.94204	7.79702	2.74366
_JetMass_down	9.87185	7.79702	2.74366
_JetMassRes_up	9.87618	7.79702	2.74366
_JetMassRes_down	9.87604	7.79702	2.74366
_Tau21_up	10.2917	7.79702	2.74366
_Tau21_down	10.2874	7.79702	2.74366

################ Sources ################
Source	SystTotal	SystPrompt	SystFake	Signal
Stat 13.88 24.14  19.77  1.90  4.04
Lumi 1.20  2.50 -  -  2.50
PDF  -  -  -  -  5.00
MuonPt  0.32 0.66  -  -  1.16
MuonID  0.97 2.00  -  -  0.54
ElectronE  1.21 2.51  -  -  1.91
ElectronID  1.46 3.03  -  -  1.68
Trigger  2.35 4.88  -  -  2.89
PU  4.29 8.91  -  -  2.44
JES  12.01 24.91  -  -  1.54
JER  3.40 7.06  -  -  3.85
Uncl  6.28 13.04  -  -  4.40
BEff  0.34 0.71  -  -  0.77
BMiss  0.76 1.57  -  -  1.00
JMS  0.54 1.12  -  -  1.00
JMR  0.36 0.75  -  -  0.83
Tau21  2.39 4.97  -  -  0.86
MCNorm 6.51  13.50 -  -  -
Fake 11.50  -  30.00 - -
CF 5.92  -  -  43.90 -
Total Systematic 20.16 34.38  30.00  43.90  9.70

Total Background	20.343
- Prompt	9.803
- Fake	7.797
- CF	2.744
- Obs	15.000

####### Result #######
Signal Eff	0.011149
20.343377 1.251865
27.745891 1.105125
