
Processing CyclesForMixingLimit_ElEl_Bin1/HNElEl_800_VBF.C...
[AnalysisInputs::SetMCSF] Get MC SF from /data8/Users/jskim/HN_dilepton_plotter/data/v8-0-7.37_ForApproval/MCSF.txt
[AnalysisInputs::SetMCSF] sample : VVV
[AnalysisInputs::SetMCSF] => MCSF = 1, MCSF_err = 0.5
[AnalysisInputs::SetMCSF] sample : WWW
[AnalysisInputs::SetMCSF] => MCSF = 1, MCSF_err = 0.5
[AnalysisInputs::SetMCSF] sample : WWZ
[AnalysisInputs::SetMCSF] => MCSF = 1, MCSF_err = 0.5
[AnalysisInputs::SetMCSF] sample : WZZ
[AnalysisInputs::SetMCSF] => MCSF = 1, MCSF_err = 0.5
[AnalysisInputs::SetMCSF] sample : ZZZ
[AnalysisInputs::SetMCSF] => MCSF = 1, MCSF_err = 0.5
[AnalysisInputs::SetMCSF] sample : ttV
[AnalysisInputs::SetMCSF] => MCSF = 1, MCSF_err = 0.5
[AnalysisInputs::SetMCSF] sample : ttW
[AnalysisInputs::SetMCSF] => MCSF = 1, MCSF_err = 0.5
[AnalysisInputs::SetMCSF] sample : ttZ
[AnalysisInputs::SetMCSF] => MCSF = 1, MCSF_err = 0.5
[AnalysisInputs::SetMCSF] sample : ttH_nonbb
[AnalysisInputs::SetMCSF] => MCSF = 1, MCSF_err = 0.5
[AnalysisInputs::SetMCSF] sample : top
[AnalysisInputs::SetMCSF] => MCSF = 1, MCSF_err = 0.5
[AnalysisInputs::SetMCSF] sample : WWTo2L2Nu_DS
[AnalysisInputs::SetMCSF] => MCSF = 1, MCSF_err = 0.5
[AnalysisInputs::SetMCSF] sample : WpWpEWK
[AnalysisInputs::SetMCSF] => MCSF = 1.3062, MCSF_err = 0.5
[AnalysisInputs::SetMCSF] sample : WpWpQCD
[AnalysisInputs::SetMCSF] => MCSF = 1.70026, MCSF_err = 0.5
[AnalysisInputs::SetMCSF] sample : WZTo3LNu_mllmin01
[AnalysisInputs::SetMCSF] => MCSF = 0.65, MCSF_err = 0.06
[AnalysisInputs::SetMCSF] sample : WZTo3LNu_powheg
[AnalysisInputs::SetMCSF] => MCSF = 1.05149, MCSF_err = 0.064601
[AnalysisInputs::SetMCSF] sample : ZGto2LG
[AnalysisInputs::SetMCSF] => MCSF = 1.09319, MCSF_err = 0.0752381
[AnalysisInputs::SetMCSF] sample : ZZTo4L_powheg
[AnalysisInputs::SetMCSF] => MCSF = 0.97851, MCSF_err = 0.25
[AnalysisInputs::SetMCSF] sample : ggZZto2e2mu
[AnalysisInputs::SetMCSF] => MCSF = 0.97851, MCSF_err = 0.25
[AnalysisInputs::SetMCSF] sample : ggZZto2e2nu
[AnalysisInputs::SetMCSF] => MCSF = 0.97851, MCSF_err = 0.25
[AnalysisInputs::SetMCSF] sample : ggZZto2e2tau
[AnalysisInputs::SetMCSF] => MCSF = 0.97851, MCSF_err = 0.25
[AnalysisInputs::SetMCSF] sample : ggZZto2mu2nu
[AnalysisInputs::SetMCSF] => MCSF = 0.97851, MCSF_err = 0.25
[AnalysisInputs::SetMCSF] sample : ggZZto2mu2tau
[AnalysisInputs::SetMCSF] => MCSF = 0.97851, MCSF_err = 0.25
[AnalysisInputs::SetMCSF] sample : ggZZto4e
[AnalysisInputs::SetMCSF] => MCSF = 0.97851, MCSF_err = 0.25
[AnalysisInputs::SetMCSF] sample : ggZZto4mu
[AnalysisInputs::SetMCSF] => MCSF = 0.97851, MCSF_err = 0.25
[AnalysisInputs::SetMCSF] sample : ggZZto4tau
[AnalysisInputs::SetMCSF] => MCSF = 0.97851, MCSF_err = 0.25
[AnalysisInputs::SetMCSF] sample : ggHtoZZ
[AnalysisInputs::SetMCSF] => MCSF = 0.97851, MCSF_err = 0.25
[AnalysisInputs::SetMCSF] sample : WGtoLNuG
[AnalysisInputs::SetMCSF] => MCSF = 1, MCSF_err = 0.0752381
[AnalysisInputs::SetMCSF] sample : WGtoLNuG_weighted
[AnalysisInputs::SetMCSF] => MCSF = 1, MCSF_err = 0.0752381
[AnalysisInputs::SetCalculatedSysts] Get Systematics from /data8/Users/jskim/HN_dilepton_plotter/data/v8-0-7.37_ForApproval/Syst.txt
[AnalysisInputs::SetCalculatedSysts] source : Luminosity
[AnalysisInputs::SetCalculatedSysts] => % sysematic = 0.025
[AnalysisInputs::SetCalculatedSysts] source : FakeLooseID
[AnalysisInputs::SetCalculatedSysts] => % sysematic = 0.3
[AnalysisInputs::SetCalculatedSysts] source : ChrageFlipSyst
[AnalysisInputs::SetCalculatedSysts] => % sysematic = 0.16
[CutRangeInfo::ReadCutCard] Get Cutcard from /data8/Users/jskim/HN_dilepton_plotter/data/v8-0-7.37_ForApproval/CutOpCard/RunDirectory/Cards_ElEl_Bin1/HNElEl_800.txt
Central	1.11569	0.139138	0.402853
_MuonEn_up	1.11569	0.139138	0.402853
_MuonEn_down	1.11569	0.139138	0.402853
_MuonIDSF_up	1.11569	0.139138	0.402853
_MuonIDSF_down	1.11569	0.139138	0.402853
_ElectronEn_up	1.11579	0.139138	0.402853
_ElectronEn_down	1.20844	0.139138	0.402853
_ElectronIDSF_up	1.16108	0.139138	0.402853
_ElectronIDSF_down	1.06319	0.139138	0.402853
_TriggerSF_up	1.13841	0.139138	0.402853
_TriggerSF_down	1.10907	0.139138	0.402853
_PU_up	1.15301	0.139138	0.402853
_PU_down	1.06674	0.139138	0.402853
_JetEn_up	1.07247	0.139138	0.402853
_JetEn_down	1.65979	0.139138	0.402853
_JetRes_up	1.11027	0.139138	0.402853
_JetRes_down	1.11075	0.139138	0.402853
_Unclustered_up	1.12228	0.139138	0.402853
_Unclustered_down	1.1485	0.139138	0.402853
_BTagSFEff_up	1.11569	0.139138	0.402853
_BTagSFEff_down	1.11569	0.139138	0.402853
_BTagSFMiss_up	1.10953	0.139138	0.402853
_BTagSFMiss_down	1.11569	0.139138	0.402853
_JetMass_up	1.1156	0.139138	0.402853
_JetMass_down	1.11569	0.139138	0.402853
_JetMassRes_up	1.11569	0.139138	0.402853
_JetMassRes_down	1.11569	0.139138	0.402853
_Tau21_up	1.11569	0.139138	0.402853
_Tau21_down	1.10953	0.139138	0.402853

################ Sources ################
Source	SystTotal	SystPrompt	SystFake	Signal
Stat 33.56 45.14  169.92  10.50  2.73
Lumi 1.68  2.50 -  -  2.50
PDF  -  -  -  -  3.20
MuonPt  0.00 0.00  -  -  0.27
MuonID  0.00 0.00  -  -  0.39
ElectronE  3.96 5.88  -  -  0.61
ElectronID  2.96 4.40  -  -  3.93
Trigger  1.01 1.50  -  -  1.94
PU  2.63 3.90  -  -  1.69
JES  23.28 34.59  -  -  1.35
JER  0.31 0.46  -  -  1.09
Uncl  1.43 2.12  -  -  1.30
BEff  0.00 0.00  -  -  0.66
BMiss  0.26 0.39  -  -  0.58
JMS  0.00 0.01  -  -  0.31
JMR  0.00 0.00  -  -  0.79
Tau21  0.26 0.39  -  -  0.66
MCNorm 12.64  18.77 -  -  -
Fake 2.52  -  30.00 - -
CF 23.85  -  -  98.12 -
Total Systematic 27.30 40.40  30.00  98.12  6.77

Total Background	1.658
- Prompt	1.116
- Fake	0.139
- CF	0.403
- Obs	1.000

####### Result #######
Signal Eff	0.039263
1.657676 1.494693
0.032733 1.072996
