
Processing CyclesForMixingLimit_ElEl_Bin1/HNElEl_90.C...
[AnalysisInputs::SetMCSF] Get MC SF from /data8/Users/jskim/HN_dilepton_plotter/data/v8-0-7.37_Approved/MCSF.txt
[AnalysisInputs::SetMCSF] sample : VVV
[AnalysisInputs::SetMCSF] => MCSF = 1, MCSF_err = 0.5
[AnalysisInputs::SetMCSF] sample : WWW
[AnalysisInputs::SetMCSF] => MCSF = 1, MCSF_err = 0.5
[AnalysisInputs::SetMCSF] sample : WWZ
[AnalysisInputs::SetMCSF] => MCSF = 1, MCSF_err = 0.5
[AnalysisInputs::SetMCSF] sample : WZZ
[AnalysisInputs::SetMCSF] => MCSF = 1, MCSF_err = 0.5
[AnalysisInputs::SetMCSF] sample : ZZZ
[AnalysisInputs::SetMCSF] => MCSF = 1, MCSF_err = 0.5
[AnalysisInputs::SetMCSF] sample : ttV
[AnalysisInputs::SetMCSF] => MCSF = 1, MCSF_err = 0.5
[AnalysisInputs::SetMCSF] sample : ttW
[AnalysisInputs::SetMCSF] => MCSF = 1, MCSF_err = 0.5
[AnalysisInputs::SetMCSF] sample : ttZ
[AnalysisInputs::SetMCSF] => MCSF = 1, MCSF_err = 0.5
[AnalysisInputs::SetMCSF] sample : ttH_nonbb
[AnalysisInputs::SetMCSF] => MCSF = 1, MCSF_err = 0.5
[AnalysisInputs::SetMCSF] sample : top
[AnalysisInputs::SetMCSF] => MCSF = 1, MCSF_err = 0.5
[AnalysisInputs::SetMCSF] sample : WWTo2L2Nu_DS
[AnalysisInputs::SetMCSF] => MCSF = 1, MCSF_err = 0.5
[AnalysisInputs::SetMCSF] sample : WpWpEWK
[AnalysisInputs::SetMCSF] => MCSF = 1.3062, MCSF_err = 0.5
[AnalysisInputs::SetMCSF] sample : WpWpQCD
[AnalysisInputs::SetMCSF] => MCSF = 1.70026, MCSF_err = 0.5
[AnalysisInputs::SetMCSF] sample : WZTo3LNu_mllmin01
[AnalysisInputs::SetMCSF] => MCSF = 0.65, MCSF_err = 0.06
[AnalysisInputs::SetMCSF] sample : WZTo3LNu_powheg
[AnalysisInputs::SetMCSF] => MCSF = 1.05149, MCSF_err = 0.064601
[AnalysisInputs::SetMCSF] sample : ZGto2LG
[AnalysisInputs::SetMCSF] => MCSF = 1.09319, MCSF_err = 0.0752381
[AnalysisInputs::SetMCSF] sample : ZZTo4L_powheg
[AnalysisInputs::SetMCSF] => MCSF = 0.97851, MCSF_err = 0.25
[AnalysisInputs::SetMCSF] sample : ggZZto2e2mu
[AnalysisInputs::SetMCSF] => MCSF = 0.97851, MCSF_err = 0.25
[AnalysisInputs::SetMCSF] sample : ggZZto2e2nu
[AnalysisInputs::SetMCSF] => MCSF = 0.97851, MCSF_err = 0.25
[AnalysisInputs::SetMCSF] sample : ggZZto2e2tau
[AnalysisInputs::SetMCSF] => MCSF = 0.97851, MCSF_err = 0.25
[AnalysisInputs::SetMCSF] sample : ggZZto2mu2nu
[AnalysisInputs::SetMCSF] => MCSF = 0.97851, MCSF_err = 0.25
[AnalysisInputs::SetMCSF] sample : ggZZto2mu2tau
[AnalysisInputs::SetMCSF] => MCSF = 0.97851, MCSF_err = 0.25
[AnalysisInputs::SetMCSF] sample : ggZZto4e
[AnalysisInputs::SetMCSF] => MCSF = 0.97851, MCSF_err = 0.25
[AnalysisInputs::SetMCSF] sample : ggZZto4mu
[AnalysisInputs::SetMCSF] => MCSF = 0.97851, MCSF_err = 0.25
[AnalysisInputs::SetMCSF] sample : ggZZto4tau
[AnalysisInputs::SetMCSF] => MCSF = 0.97851, MCSF_err = 0.25
[AnalysisInputs::SetMCSF] sample : ggHtoZZ
[AnalysisInputs::SetMCSF] => MCSF = 0.97851, MCSF_err = 0.25
[AnalysisInputs::SetMCSF] sample : WGtoLNuG
[AnalysisInputs::SetMCSF] => MCSF = 1, MCSF_err = 0.0752381
[AnalysisInputs::SetMCSF] sample : WGtoLNuG_weighted
[AnalysisInputs::SetMCSF] => MCSF = 1, MCSF_err = 0.0752381
[AnalysisInputs::SetCalculatedSysts] Get Systematics from /data8/Users/jskim/HN_dilepton_plotter/data/v8-0-7.37_Approved/Syst.txt
[AnalysisInputs::SetCalculatedSysts] source : Luminosity
[AnalysisInputs::SetCalculatedSysts] => % sysematic = 0.025
[AnalysisInputs::SetCalculatedSysts] source : FakeLooseID
[AnalysisInputs::SetCalculatedSysts] => % sysematic = 0.3
[AnalysisInputs::SetCalculatedSysts] source : ChrageFlipSyst
[AnalysisInputs::SetCalculatedSysts] => % sysematic = 0.16
[CutRangeInfo::ReadCutCard] Get Cutcard from /data8/Users/jskim/HN_dilepton_plotter/data/v8-0-7.37_Approved/CutOpCard/RunDirectory/Cards_ElEl_Bin1/HNElEl_90.txt
Central	5.67582	5.17086	1.64404
_MuonEn_up	5.75295	5.17086	1.64404
_MuonEn_down	5.75237	5.17086	1.64404
_MuonIDSF_up	5.75458	5.17086	1.64404
_MuonIDSF_down	5.76055	5.17086	1.64404
_ElectronEn_up	6.02163	5.17086	1.64404
_ElectronEn_down	5.90319	5.17086	1.64404
_ElectronIDSF_up	5.9592	5.17086	1.64404
_ElectronIDSF_down	5.61953	5.17086	1.64404
_TriggerSF_up	6.08412	5.17086	1.64404
_TriggerSF_down	5.74979	5.17086	1.64404
_PU_up	5.205	5.17086	1.64404
_PU_down	6.28157	5.17086	1.64404
_JetEn_up	7.45275	5.17086	1.64404
_JetEn_down	7.29123	5.17086	1.64404
_JetRes_up	6.13133	5.17086	1.64404
_JetRes_down	6.29829	5.17086	1.64404
_Unclustered_up	6.79048	5.17086	1.64404
_Unclustered_down	5.70663	5.17086	1.64404
_BTagSFEff_up	5.74984	5.17086	1.64404
_BTagSFEff_down	5.73998	5.17086	1.64404
_BTagSFMiss_up	5.81012	5.17086	1.64404
_BTagSFMiss_down	5.7447	5.17086	1.64404
_JetMass_up	5.74053	5.17086	1.64404
_JetMass_down	5.74405	5.17086	1.64404
_JetMassRes_up	5.75076	5.17086	1.64404
_JetMassRes_down	5.67898	5.17086	1.64404
_Tau21_up	5.74104	5.17086	1.64404
_Tau21_down	5.75321	5.17086	1.64404

################ Sources ################
Source	SystTotal	SystPrompt	SystFake	Signal
Stat 17.86 32.00  25.05  2.46  9.45
Lumi 1.14  2.50 -  -  2.50
PDF  -  -  -  -  5.00
MuonPt  0.62 1.35  -  -  2.20
MuonID  0.65 1.44  -  -  1.89
ElectronE  2.34 5.16  -  -  1.77
ElectronID  1.64 3.60  -  -  2.56
Trigger  2.35 5.17  -  -  5.80
PU  4.34 9.56  -  -  6.25
JES  13.59 29.92  -  -  9.26
JER  4.37 9.61  -  -  4.76
Uncl  6.31 13.89  -  -  7.81
BEff  0.55 1.22  -  -  1.95
BMiss  0.85 1.88  -  -  1.14
JMS  0.53 1.17  -  -  1.95
JMR  0.42 0.93  -  -  2.57
Tau21  0.57 1.26  -  -  1.63
MCNorm 5.71  12.56 -  -  -
Fake 12.42  -  30.00 - -
CF 5.74  -  -  43.61 -
Total Systematic 21.61 38.92  30.00  43.61  17.60

Total Background	12.491
- Prompt	5.676
- Fake	5.171
- CF	1.644
- Obs	10.000

####### Result #######
Signal Eff	0.002283
12.490729 1.286179
11.147578 1.199744
