
Processing CyclesForMixingLimit_ElEl_Bin1/HNElEl_700_VBF.C...
[AnalysisInputs::SetMCSF] Get MC SF from /data8/Users/jskim/HN_dilepton_plotter/data/v8-0-7.37_Approved/MCSF.txt
[AnalysisInputs::SetMCSF] sample : VVV
[AnalysisInputs::SetMCSF] => MCSF = 1, MCSF_err = 0.5
[AnalysisInputs::SetMCSF] sample : WWW
[AnalysisInputs::SetMCSF] => MCSF = 1, MCSF_err = 0.5
[AnalysisInputs::SetMCSF] sample : WWZ
[AnalysisInputs::SetMCSF] => MCSF = 1, MCSF_err = 0.5
[AnalysisInputs::SetMCSF] sample : WZZ
[AnalysisInputs::SetMCSF] => MCSF = 1, MCSF_err = 0.5
[AnalysisInputs::SetMCSF] sample : ZZZ
[AnalysisInputs::SetMCSF] => MCSF = 1, MCSF_err = 0.5
[AnalysisInputs::SetMCSF] sample : ttV
[AnalysisInputs::SetMCSF] => MCSF = 1, MCSF_err = 0.5
[AnalysisInputs::SetMCSF] sample : ttW
[AnalysisInputs::SetMCSF] => MCSF = 1, MCSF_err = 0.5
[AnalysisInputs::SetMCSF] sample : ttZ
[AnalysisInputs::SetMCSF] => MCSF = 1, MCSF_err = 0.5
[AnalysisInputs::SetMCSF] sample : ttH_nonbb
[AnalysisInputs::SetMCSF] => MCSF = 1, MCSF_err = 0.5
[AnalysisInputs::SetMCSF] sample : top
[AnalysisInputs::SetMCSF] => MCSF = 1, MCSF_err = 0.5
[AnalysisInputs::SetMCSF] sample : WWTo2L2Nu_DS
[AnalysisInputs::SetMCSF] => MCSF = 1, MCSF_err = 0.5
[AnalysisInputs::SetMCSF] sample : WpWpEWK
[AnalysisInputs::SetMCSF] => MCSF = 1.3062, MCSF_err = 0.5
[AnalysisInputs::SetMCSF] sample : WpWpQCD
[AnalysisInputs::SetMCSF] => MCSF = 1.70026, MCSF_err = 0.5
[AnalysisInputs::SetMCSF] sample : WZTo3LNu_mllmin01
[AnalysisInputs::SetMCSF] => MCSF = 0.65, MCSF_err = 0.06
[AnalysisInputs::SetMCSF] sample : WZTo3LNu_powheg
[AnalysisInputs::SetMCSF] => MCSF = 1.05149, MCSF_err = 0.064601
[AnalysisInputs::SetMCSF] sample : ZGto2LG
[AnalysisInputs::SetMCSF] => MCSF = 1.09319, MCSF_err = 0.0752381
[AnalysisInputs::SetMCSF] sample : ZZTo4L_powheg
[AnalysisInputs::SetMCSF] => MCSF = 0.97851, MCSF_err = 0.25
[AnalysisInputs::SetMCSF] sample : ggZZto2e2mu
[AnalysisInputs::SetMCSF] => MCSF = 0.97851, MCSF_err = 0.25
[AnalysisInputs::SetMCSF] sample : ggZZto2e2nu
[AnalysisInputs::SetMCSF] => MCSF = 0.97851, MCSF_err = 0.25
[AnalysisInputs::SetMCSF] sample : ggZZto2e2tau
[AnalysisInputs::SetMCSF] => MCSF = 0.97851, MCSF_err = 0.25
[AnalysisInputs::SetMCSF] sample : ggZZto2mu2nu
[AnalysisInputs::SetMCSF] => MCSF = 0.97851, MCSF_err = 0.25
[AnalysisInputs::SetMCSF] sample : ggZZto2mu2tau
[AnalysisInputs::SetMCSF] => MCSF = 0.97851, MCSF_err = 0.25
[AnalysisInputs::SetMCSF] sample : ggZZto4e
[AnalysisInputs::SetMCSF] => MCSF = 0.97851, MCSF_err = 0.25
[AnalysisInputs::SetMCSF] sample : ggZZto4mu
[AnalysisInputs::SetMCSF] => MCSF = 0.97851, MCSF_err = 0.25
[AnalysisInputs::SetMCSF] sample : ggZZto4tau
[AnalysisInputs::SetMCSF] => MCSF = 0.97851, MCSF_err = 0.25
[AnalysisInputs::SetMCSF] sample : ggHtoZZ
[AnalysisInputs::SetMCSF] => MCSF = 0.97851, MCSF_err = 0.25
[AnalysisInputs::SetMCSF] sample : WGtoLNuG
[AnalysisInputs::SetMCSF] => MCSF = 1, MCSF_err = 0.0752381
[AnalysisInputs::SetMCSF] sample : WGtoLNuG_weighted
[AnalysisInputs::SetMCSF] => MCSF = 1, MCSF_err = 0.0752381
[AnalysisInputs::SetCalculatedSysts] Get Systematics from /data8/Users/jskim/HN_dilepton_plotter/data/v8-0-7.37_Approved/Syst.txt
[AnalysisInputs::SetCalculatedSysts] source : Luminosity
[AnalysisInputs::SetCalculatedSysts] => % sysematic = 0.025
[AnalysisInputs::SetCalculatedSysts] source : FakeLooseID
[AnalysisInputs::SetCalculatedSysts] => % sysematic = 0.3
[AnalysisInputs::SetCalculatedSysts] source : ChrageFlipSyst
[AnalysisInputs::SetCalculatedSysts] => % sysematic = 0.16
[CutRangeInfo::ReadCutCard] Get Cutcard from /data8/Users/jskim/HN_dilepton_plotter/data/v8-0-7.37_Approved/CutOpCard/RunDirectory/Cards_ElEl_Bin1/HNElEl_700.txt
Central	1.10241	0.184665	0.381722
_MuonEn_up	1.10241	0.184665	0.381722
_MuonEn_down	1.10241	0.184665	0.381722
_MuonIDSF_up	1.10241	0.184665	0.381722
_MuonIDSF_down	1.10241	0.184665	0.381722
_ElectronEn_up	1.10252	0.184665	0.381722
_ElectronEn_down	1.19517	0.184665	0.381722
_ElectronIDSF_up	1.14746	0.184665	0.381722
_ElectronIDSF_down	1.05026	0.184665	0.381722
_TriggerSF_up	1.12486	0.184665	0.381722
_TriggerSF_down	1.09579	0.184665	0.381722
_PU_up	1.14076	0.184665	0.381722
_PU_down	1.05254	0.184665	0.381722
_JetEn_up	1.0592	0.184665	0.381722
_JetEn_down	1.64705	0.184665	0.381722
_JetRes_up	1.09031	0.184665	0.381722
_JetRes_down	1.09747	0.184665	0.381722
_Unclustered_up	1.1029	0.184665	0.381722
_Unclustered_down	1.13523	0.184665	0.381722
_BTagSFEff_up	1.10241	0.184665	0.381722
_BTagSFEff_down	1.10241	0.184665	0.381722
_BTagSFMiss_up	1.09625	0.184665	0.381722
_BTagSFMiss_down	1.10241	0.184665	0.381722
_JetMass_up	1.10232	0.184665	0.381722
_JetMass_down	1.10241	0.184665	0.381722
_JetMassRes_up	1.10241	0.184665	0.381722
_JetMassRes_down	1.10241	0.184665	0.381722
_Tau21_up	1.10241	0.184665	0.381722
_Tau21_down	1.09625	0.184665	0.381722

################ Sources ################
Source	SystTotal	SystPrompt	SystFake	Signal
Stat 33.23 45.68  125.69  10.76  2.40
Lumi 1.65  2.50 -  -  2.50
PDF  -  -  -  -  3.30
MuonPt  0.00 0.00  -  -  0.18
MuonID  0.00 0.00  -  -  0.22
ElectronE  3.93 5.95  -  -  0.65
ElectronID  2.92 4.42  -  -  4.15
Trigger  0.99 1.50  -  -  1.45
PU  2.67 4.04  -  -  1.18
JES  23.15 35.04  -  -  1.47
JER  0.55 0.84  -  -  0.60
Uncl  1.39 2.11  -  -  0.85
BEff  0.00 0.00  -  -  0.28
BMiss  0.26 0.39  -  -  0.37
JMS  0.00 0.01  -  -  0.18
JMR  0.00 0.00  -  -  0.26
Tau21  0.26 0.39  -  -  0.11
MCNorm 12.08  18.28 -  -  -
Fake 3.32  -  30.00 - -
CF 22.45  -  -  98.16 -
Total Systematic 27.02 40.59  30.00  98.16  6.48

Total Background	1.669
- Prompt	1.102
- Fake	0.185
- CF	0.382
- Obs	1.000

####### Result #######
Signal Eff	0.060868
1.668798 1.484182
0.053917 1.069064
