
Processing CyclesForMixingLimit_ElEl_Bin1/HNElEl_75.C...
[AnalysisInputs::SetMCSF] Get MC SF from /data8/Users/jskim/HN_dilepton_plotter/data/v8-0-7.37_Approved/MCSF.txt
[AnalysisInputs::SetMCSF] sample : VVV
[AnalysisInputs::SetMCSF] => MCSF = 1, MCSF_err = 0.5
[AnalysisInputs::SetMCSF] sample : WWW
[AnalysisInputs::SetMCSF] => MCSF = 1, MCSF_err = 0.5
[AnalysisInputs::SetMCSF] sample : WWZ
[AnalysisInputs::SetMCSF] => MCSF = 1, MCSF_err = 0.5
[AnalysisInputs::SetMCSF] sample : WZZ
[AnalysisInputs::SetMCSF] => MCSF = 1, MCSF_err = 0.5
[AnalysisInputs::SetMCSF] sample : ZZZ
[AnalysisInputs::SetMCSF] => MCSF = 1, MCSF_err = 0.5
[AnalysisInputs::SetMCSF] sample : ttV
[AnalysisInputs::SetMCSF] => MCSF = 1, MCSF_err = 0.5
[AnalysisInputs::SetMCSF] sample : ttW
[AnalysisInputs::SetMCSF] => MCSF = 1, MCSF_err = 0.5
[AnalysisInputs::SetMCSF] sample : ttZ
[AnalysisInputs::SetMCSF] => MCSF = 1, MCSF_err = 0.5
[AnalysisInputs::SetMCSF] sample : ttH_nonbb
[AnalysisInputs::SetMCSF] => MCSF = 1, MCSF_err = 0.5
[AnalysisInputs::SetMCSF] sample : top
[AnalysisInputs::SetMCSF] => MCSF = 1, MCSF_err = 0.5
[AnalysisInputs::SetMCSF] sample : WWTo2L2Nu_DS
[AnalysisInputs::SetMCSF] => MCSF = 1, MCSF_err = 0.5
[AnalysisInputs::SetMCSF] sample : WpWpEWK
[AnalysisInputs::SetMCSF] => MCSF = 1.3062, MCSF_err = 0.5
[AnalysisInputs::SetMCSF] sample : WpWpQCD
[AnalysisInputs::SetMCSF] => MCSF = 1.70026, MCSF_err = 0.5
[AnalysisInputs::SetMCSF] sample : WZTo3LNu_mllmin01
[AnalysisInputs::SetMCSF] => MCSF = 0.65, MCSF_err = 0.06
[AnalysisInputs::SetMCSF] sample : WZTo3LNu_powheg
[AnalysisInputs::SetMCSF] => MCSF = 1.05149, MCSF_err = 0.064601
[AnalysisInputs::SetMCSF] sample : ZGto2LG
[AnalysisInputs::SetMCSF] => MCSF = 1.09319, MCSF_err = 0.0752381
[AnalysisInputs::SetMCSF] sample : ZZTo4L_powheg
[AnalysisInputs::SetMCSF] => MCSF = 0.97851, MCSF_err = 0.25
[AnalysisInputs::SetMCSF] sample : ggZZto2e2mu
[AnalysisInputs::SetMCSF] => MCSF = 0.97851, MCSF_err = 0.25
[AnalysisInputs::SetMCSF] sample : ggZZto2e2nu
[AnalysisInputs::SetMCSF] => MCSF = 0.97851, MCSF_err = 0.25
[AnalysisInputs::SetMCSF] sample : ggZZto2e2tau
[AnalysisInputs::SetMCSF] => MCSF = 0.97851, MCSF_err = 0.25
[AnalysisInputs::SetMCSF] sample : ggZZto2mu2nu
[AnalysisInputs::SetMCSF] => MCSF = 0.97851, MCSF_err = 0.25
[AnalysisInputs::SetMCSF] sample : ggZZto2mu2tau
[AnalysisInputs::SetMCSF] => MCSF = 0.97851, MCSF_err = 0.25
[AnalysisInputs::SetMCSF] sample : ggZZto4e
[AnalysisInputs::SetMCSF] => MCSF = 0.97851, MCSF_err = 0.25
[AnalysisInputs::SetMCSF] sample : ggZZto4mu
[AnalysisInputs::SetMCSF] => MCSF = 0.97851, MCSF_err = 0.25
[AnalysisInputs::SetMCSF] sample : ggZZto4tau
[AnalysisInputs::SetMCSF] => MCSF = 0.97851, MCSF_err = 0.25
[AnalysisInputs::SetMCSF] sample : ggHtoZZ
[AnalysisInputs::SetMCSF] => MCSF = 0.97851, MCSF_err = 0.25
[AnalysisInputs::SetMCSF] sample : WGtoLNuG
[AnalysisInputs::SetMCSF] => MCSF = 1, MCSF_err = 0.0752381
[AnalysisInputs::SetMCSF] sample : WGtoLNuG_weighted
[AnalysisInputs::SetMCSF] => MCSF = 1, MCSF_err = 0.0752381
[AnalysisInputs::SetCalculatedSysts] Get Systematics from /data8/Users/jskim/HN_dilepton_plotter/data/v8-0-7.37_Approved/Syst.txt
[AnalysisInputs::SetCalculatedSysts] source : Luminosity
[AnalysisInputs::SetCalculatedSysts] => % sysematic = 0.025
[AnalysisInputs::SetCalculatedSysts] source : FakeLooseID
[AnalysisInputs::SetCalculatedSysts] => % sysematic = 0.3
[AnalysisInputs::SetCalculatedSysts] source : ChrageFlipSyst
[AnalysisInputs::SetCalculatedSysts] => % sysematic = 0.16
[CutRangeInfo::ReadCutCard] Get Cutcard from /data8/Users/jskim/HN_dilepton_plotter/data/v8-0-7.37_Approved/CutOpCard/RunDirectory/Cards_ElEl_Bin1/HNElEl_75.txt
Central	38.8065	24.0267	5.18581
_MuonEn_up	39.1609	24.0267	5.18581
_MuonEn_down	38.0208	24.0267	5.18581
_MuonIDSF_up	39.5725	24.0267	5.18581
_MuonIDSF_down	38.9098	24.0267	5.18581
_ElectronEn_up	40.1736	24.0267	5.18581
_ElectronEn_down	38.5368	24.0267	5.18581
_ElectronIDSF_up	40.1921	24.0267	5.18581
_ElectronIDSF_down	39.1258	24.0267	5.18581
_TriggerSF_up	40.343	24.0267	5.18581
_TriggerSF_down	39.3087	24.0267	5.18581
_PU_up	37.1765	24.0267	5.18581
_PU_down	41.37	24.0267	5.18581
_JetEn_up	45.4187	24.0267	5.18581
_JetEn_down	41.5281	24.0267	5.18581
_JetRes_up	38.259	24.0267	5.18581
_JetRes_down	42.1338	24.0267	5.18581
_Unclustered_up	39.318	24.0267	5.18581
_Unclustered_down	41.6532	24.0267	5.18581
_BTagSFEff_up	39.2352	24.0267	5.18581
_BTagSFEff_down	39.3084	24.0267	5.18581
_BTagSFMiss_up	38.872	24.0267	5.18581
_BTagSFMiss_down	39.238	24.0267	5.18581
_JetMass_up	39.3015	24.0267	5.18581
_JetMass_down	39.2399	24.0267	5.18581
_JetMassRes_up	39.9697	24.0267	5.18581
_JetMassRes_down	39.2272	24.0267	5.18581
_Tau21_up	39.3166	24.0267	5.18581
_Tau21_down	39.1705	24.0267	5.18581

################ Sources ################
Source	SystTotal	SystPrompt	SystFake	Signal
Stat 7.79 11.91  10.78  1.01  10.72
Lumi 1.43  2.50 -  -  2.50
PDF  -  -  -  -  9.00
MuonPt  0.90 1.57  -  -  0.64
MuonID  0.80 1.41  -  -  0.00
ElectronE  1.45 2.54  -  -  2.52
ElectronID  1.48 2.59  -  -  0.89
Trigger  1.68 2.95  -  -  3.62
PU  3.16 5.54  -  -  2.45
JES  7.43 13.03  -  -  8.23
JER  3.51 6.14  -  -  3.82
Uncl  3.01 5.27  -  -  1.39
BEff  0.69 1.20  -  -  0.53
BMiss  0.45 0.80  -  -  0.00
JMS  0.68 1.20  -  -  1.50
JMR  1.29 2.25  -  -  0.73
Tau21  0.65 1.14  -  -  1.00
MCNorm 7.12  12.48 -  -  -
Fake 10.60  -  30.00 - -
CF 1.95  -  -  25.62 -
Total Systematic 16.23 21.55  30.00  25.62  14.22

Total Background	68.019
- Prompt	38.807
- Fake	24.027
- CF	5.186
- Obs	67.000

####### Result #######
Signal Eff	0.001341
68.019049 1.181070
64.390174 1.178117
