
Processing CyclesForMixingLimit_ElEl_Bin1/HNElEl_900.C...
[AnalysisInputs::SetMCSF] Get MC SF from /data8/Users/jskim/HN_dilepton_plotter/data/v8-0-7.37_Unblind/MCSF.txt
[AnalysisInputs::SetMCSF] sample : VVV
[AnalysisInputs::SetMCSF] => MCSF = 1, MCSF_err = 0.5
[AnalysisInputs::SetMCSF] sample : WWW
[AnalysisInputs::SetMCSF] => MCSF = 1, MCSF_err = 0.5
[AnalysisInputs::SetMCSF] sample : WWZ
[AnalysisInputs::SetMCSF] => MCSF = 1, MCSF_err = 0.5
[AnalysisInputs::SetMCSF] sample : WZZ
[AnalysisInputs::SetMCSF] => MCSF = 1, MCSF_err = 0.5
[AnalysisInputs::SetMCSF] sample : ZZZ
[AnalysisInputs::SetMCSF] => MCSF = 1, MCSF_err = 0.5
[AnalysisInputs::SetMCSF] sample : ttV
[AnalysisInputs::SetMCSF] => MCSF = 1, MCSF_err = 0.5
[AnalysisInputs::SetMCSF] sample : ttW
[AnalysisInputs::SetMCSF] => MCSF = 1, MCSF_err = 0.5
[AnalysisInputs::SetMCSF] sample : ttZ
[AnalysisInputs::SetMCSF] => MCSF = 1, MCSF_err = 0.5
[AnalysisInputs::SetMCSF] sample : ttH_nonbb
[AnalysisInputs::SetMCSF] => MCSF = 1, MCSF_err = 0.5
[AnalysisInputs::SetMCSF] sample : top
[AnalysisInputs::SetMCSF] => MCSF = 1, MCSF_err = 0.5
[AnalysisInputs::SetMCSF] sample : WWTo2L2Nu_DS
[AnalysisInputs::SetMCSF] => MCSF = 1, MCSF_err = 0.5
[AnalysisInputs::SetMCSF] sample : WpWpEWK
[AnalysisInputs::SetMCSF] => MCSF = 1.3062, MCSF_err = 0.5
[AnalysisInputs::SetMCSF] sample : WpWpQCD
[AnalysisInputs::SetMCSF] => MCSF = 1.70026, MCSF_err = 0.5
[AnalysisInputs::SetMCSF] sample : WZTo3LNu_mllmin01
[AnalysisInputs::SetMCSF] => MCSF = 0.65, MCSF_err = 0.06
[AnalysisInputs::SetMCSF] sample : WZTo3LNu_powheg
[AnalysisInputs::SetMCSF] => MCSF = 1.05044, MCSF_err = 0.0648798
[AnalysisInputs::SetMCSF] sample : ZGto2LG
[AnalysisInputs::SetMCSF] => MCSF = 1.09954, MCSF_err = 0.076377
[AnalysisInputs::SetMCSF] sample : WGtoLNuG
[AnalysisInputs::SetMCSF] => MCSF = 1, MCSF_err = 0.076377
[AnalysisInputs::SetMCSF] sample : WGtoLNuG_weighted
[AnalysisInputs::SetMCSF] => MCSF = 1, MCSF_err = 0.076377
[AnalysisInputs::SetMCSF] sample : ZZTo4L_powheg
[AnalysisInputs::SetMCSF] => MCSF = 0.978852, MCSF_err = 0.0792882
[AnalysisInputs::SetMCSF] sample : ggZZto2e2mu
[AnalysisInputs::SetMCSF] => MCSF = 0.978852, MCSF_err = 0.0792882
[AnalysisInputs::SetMCSF] sample : ggZZto2e2nu
[AnalysisInputs::SetMCSF] => MCSF = 0.978852, MCSF_err = 0.0792882
[AnalysisInputs::SetMCSF] sample : ggZZto2e2tau
[AnalysisInputs::SetMCSF] => MCSF = 0.978852, MCSF_err = 0.0792882
[AnalysisInputs::SetMCSF] sample : ggZZto2mu2nu
[AnalysisInputs::SetMCSF] => MCSF = 0.978852, MCSF_err = 0.0792882
[AnalysisInputs::SetMCSF] sample : ggZZto2mu2tau
[AnalysisInputs::SetMCSF] => MCSF = 0.978852, MCSF_err = 0.0792882
[AnalysisInputs::SetMCSF] sample : ggZZto4e
[AnalysisInputs::SetMCSF] => MCSF = 0.978852, MCSF_err = 0.0792882
[AnalysisInputs::SetMCSF] sample : ggZZto4mu
[AnalysisInputs::SetMCSF] => MCSF = 0.978852, MCSF_err = 0.0792882
[AnalysisInputs::SetMCSF] sample : ggZZto4tau
[AnalysisInputs::SetMCSF] => MCSF = 0.978852, MCSF_err = 0.0792882
[AnalysisInputs::SetMCSF] sample : ggHtoZZ
[AnalysisInputs::SetMCSF] => MCSF = 0.978852, MCSF_err = 0.0792882
[AnalysisInputs::SetCalculatedSysts] Get Systematics from /data8/Users/jskim/HN_dilepton_plotter/data/v8-0-7.37_Unblind/Syst.txt
[AnalysisInputs::SetCalculatedSysts] source : Luminosity
[AnalysisInputs::SetCalculatedSysts] => % sysematic = 0.025
[AnalysisInputs::SetCalculatedSysts] source : FakeLooseID
[AnalysisInputs::SetCalculatedSysts] => % sysematic = 0.3
[AnalysisInputs::SetCalculatedSysts] source : ChrageFlipSyst
[AnalysisInputs::SetCalculatedSysts] => % sysematic = 0.16
[CutRangeInfo::ReadCutCard] Get Cutcard from /data8/Users/jskim/HN_dilepton_plotter/data/v8-0-7.37_Unblind/CutOpCard/RunDirectory/Cards_ElEl_Bin1/HNElEl_900.txt
Central	1.12126	0.13883	0.352922
_MuonEn_up	1.12126	0.13883	0.352922
_MuonEn_down	1.12126	0.13883	0.352922
_MuonIDSF_up	1.12309	0.13883	0.352922
_MuonIDSF_down	1.12126	0.13883	0.352922
_ElectronEn_up	1.11543	0.13883	0.352922
_ElectronEn_down	1.21403	0.13883	0.352922
_ElectronIDSF_up	1.17542	0.13883	0.352922
_ElectronIDSF_down	1.06794	0.13883	0.352922
_TriggerSF_up	1.14415	0.13883	0.352922
_TriggerSF_down	1.12126	0.13883	0.352922
_PU_up	1.15898	0.13883	0.352922
_PU_down	1.07188	0.13883	0.352922
_JetEn_up	1.08996	0.13883	0.352922
_JetEn_down	1.61982	0.13883	0.352922
_JetRes_up	1.12169	0.13883	0.352922
_JetRes_down	1.11633	0.13883	0.352922
_Unclustered_up	1.12785	0.13883	0.352922
_Unclustered_down	1.15408	0.13883	0.352922
_BTagSFEff_up	1.12126	0.13883	0.352922
_BTagSFEff_down	1.12126	0.13883	0.352922
_BTagSFMiss_up	1.12126	0.13883	0.352922
_BTagSFMiss_down	1.11866	0.13883	0.352922
_JetMass_up	1.12126	0.13883	0.352922
_JetMass_down	1.12126	0.13883	0.352922
_JetMassRes_up	1.12126	0.13883	0.352922
_JetMassRes_down	1.07572	0.13883	0.352922
_Tau21_up	1.12126	0.13883	0.352922
_Tau21_down	1.11518	0.13883	0.352922

################ Sources ################
Source	SystTotal	SystPrompt	SystFake	Signal
Stat 34.49 44.92  170.30  10.43  2.81
Lumi 1.74  2.50 -  -  2.50
PDF  -  -  -  -  2.67
MuonPt  0.00 0.00  -  -  0.11
MuonID  0.08 0.12  -  -  0.19
ElectronE  4.07 5.86  -  -  0.14
ElectronID  3.33 4.79  -  -  3.65
Trigger  1.00 1.44  -  -  1.30
PU  2.72 3.92  -  -  0.99
JES  21.90 31.50  -  -  0.79
JER  0.22 0.31  -  -  0.46
Uncl  1.47 2.11  -  -  0.37
BEff  0.00 0.00  -  -  0.69
BMiss  0.11 0.16  -  -  0.28
JMS  0.00 0.00  -  -  0.25
JMR  2.00 2.87  -  -  0.21
Tau21  0.27 0.38  -  -  0.38
MCNorm 12.79  18.40 -  -  -
Fake 2.58  -  30.00 - -
CF 3.50  -  -  16.00 -
Total Systematic 26.37 37.75  30.00  16.00  5.58

Total Background	1.613
- Prompt	1.121
- Fake	0.139
- CF	0.353
- Obs	1.000

####### Result #######
Signal Eff	0.031655
1.613015 1.436189
0.008668 1.062486
