
Processing CyclesForMixingLimit_ElEl_Bin1/HNElEl_800_VBF.C...
[AnalysisInputs::SetMCSF] Get MC SF from /data8/Users/jskim/HN_dilepton_plotter/data/v8-0-7.37_PreApproval/MCSF.txt
[AnalysisInputs::SetMCSF] sample : VVV
[AnalysisInputs::SetMCSF] => MCSF = 1, MCSF_err = 0.5
[AnalysisInputs::SetMCSF] sample : WWW
[AnalysisInputs::SetMCSF] => MCSF = 1, MCSF_err = 0.5
[AnalysisInputs::SetMCSF] sample : WWZ
[AnalysisInputs::SetMCSF] => MCSF = 1, MCSF_err = 0.5
[AnalysisInputs::SetMCSF] sample : WZZ
[AnalysisInputs::SetMCSF] => MCSF = 1, MCSF_err = 0.5
[AnalysisInputs::SetMCSF] sample : ZZZ
[AnalysisInputs::SetMCSF] => MCSF = 1, MCSF_err = 0.5
[AnalysisInputs::SetMCSF] sample : ttV
[AnalysisInputs::SetMCSF] => MCSF = 1, MCSF_err = 0.5
[AnalysisInputs::SetMCSF] sample : ttW
[AnalysisInputs::SetMCSF] => MCSF = 1, MCSF_err = 0.5
[AnalysisInputs::SetMCSF] sample : ttZ
[AnalysisInputs::SetMCSF] => MCSF = 1, MCSF_err = 0.5
[AnalysisInputs::SetMCSF] sample : ttH_nonbb
[AnalysisInputs::SetMCSF] => MCSF = 1, MCSF_err = 0.5
[AnalysisInputs::SetMCSF] sample : top
[AnalysisInputs::SetMCSF] => MCSF = 1, MCSF_err = 0.5
[AnalysisInputs::SetMCSF] sample : WWTo2L2Nu_DS
[AnalysisInputs::SetMCSF] => MCSF = 1, MCSF_err = 0.5
[AnalysisInputs::SetMCSF] sample : WpWpEWK
[AnalysisInputs::SetMCSF] => MCSF = 1, MCSF_err = 0.5
[AnalysisInputs::SetMCSF] sample : WpWpQCD
[AnalysisInputs::SetMCSF] => MCSF = 1, MCSF_err = 0.5
[AnalysisInputs::SetMCSF] sample : WZTo3LNu_mllmin01
[AnalysisInputs::SetMCSF] => MCSF = 0.65, MCSF_err = 0.06
[AnalysisInputs::SetMCSF] sample : WZTo3LNu_powheg
[AnalysisInputs::SetMCSF] => MCSF = 1.05044, MCSF_err = 0.0648798
[AnalysisInputs::SetMCSF] sample : ZGto2LG
[AnalysisInputs::SetMCSF] => MCSF = 1.09954, MCSF_err = 0.076377
[AnalysisInputs::SetMCSF] sample : WGtoLNuG
[AnalysisInputs::SetMCSF] => MCSF = 1, MCSF_err = 0.076377
[AnalysisInputs::SetMCSF] sample : WGtoLNuG_weighted
[AnalysisInputs::SetMCSF] => MCSF = 1, MCSF_err = 0.076377
[AnalysisInputs::SetMCSF] sample : ZZTo4L_powheg
[AnalysisInputs::SetMCSF] => MCSF = 0.978852, MCSF_err = 0.0792882
[AnalysisInputs::SetMCSF] sample : ggZZto2e2mu
[AnalysisInputs::SetMCSF] => MCSF = 0.978852, MCSF_err = 0.0792882
[AnalysisInputs::SetMCSF] sample : ggZZto2e2nu
[AnalysisInputs::SetMCSF] => MCSF = 0.978852, MCSF_err = 0.0792882
[AnalysisInputs::SetMCSF] sample : ggZZto2e2tau
[AnalysisInputs::SetMCSF] => MCSF = 0.978852, MCSF_err = 0.0792882
[AnalysisInputs::SetMCSF] sample : ggZZto2mu2nu
[AnalysisInputs::SetMCSF] => MCSF = 0.978852, MCSF_err = 0.0792882
[AnalysisInputs::SetMCSF] sample : ggZZto2mu2tau
[AnalysisInputs::SetMCSF] => MCSF = 0.978852, MCSF_err = 0.0792882
[AnalysisInputs::SetMCSF] sample : ggZZto4e
[AnalysisInputs::SetMCSF] => MCSF = 0.978852, MCSF_err = 0.0792882
[AnalysisInputs::SetMCSF] sample : ggZZto4mu
[AnalysisInputs::SetMCSF] => MCSF = 0.978852, MCSF_err = 0.0792882
[AnalysisInputs::SetMCSF] sample : ggZZto4tau
[AnalysisInputs::SetMCSF] => MCSF = 0.978852, MCSF_err = 0.0792882
[AnalysisInputs::SetMCSF] sample : ggHtoZZ
[AnalysisInputs::SetMCSF] => MCSF = 0.978852, MCSF_err = 0.0792882
[AnalysisInputs::SetCalculatedSysts] Get Systematics from /data8/Users/jskim/HN_dilepton_plotter/data/v8-0-7.37_PreApproval/Syst.txt
[AnalysisInputs::SetCalculatedSysts] source : Luminosity
[AnalysisInputs::SetCalculatedSysts] => % sysematic = 0.025
[AnalysisInputs::SetCalculatedSysts] source : FakeLooseID
[AnalysisInputs::SetCalculatedSysts] => % sysematic = 0.3
[AnalysisInputs::SetCalculatedSysts] source : ChrageFlipSyst
[AnalysisInputs::SetCalculatedSysts] => % sysematic = 0.16
[CutRangeInfo::ReadCutCard] Get Cutcard from /data8/Users/jskim/HN_dilepton_plotter/data/v8-0-7.37_PreApproval/CutOpCard/RunDirectory/Cards_ElEl_Bin1/HNElEl_800.txt
Central	1.08381	0.139138	0.341916
_MuonEn_up	1.08381	0.139138	0.341916
_MuonEn_down	1.08381	0.139138	0.341916
_MuonIDSF_up	1.08563	0.139138	0.341916
_MuonIDSF_down	1.08381	0.139138	0.341916
_ElectronEn_up	1.08387	0.139138	0.341916
_ElectronEn_down	1.17658	0.139138	0.341916
_ElectronIDSF_up	1.13587	0.139138	0.341916
_ElectronIDSF_down	1.03254	0.139138	0.341916
_TriggerSF_up	1.10588	0.139138	0.341916
_TriggerSF_down	1.08381	0.139138	0.341916
_PU_up	1.12267	0.139138	0.341916
_PU_down	1.03362	0.139138	0.341916
_JetEn_up	1.04902	0.139138	0.341916
_JetEn_down	1.58053	0.139138	0.341916
_JetRes_up	1.07918	0.139138	0.341916
_JetRes_down	1.07963	0.139138	0.341916
_Unclustered_up	1.08869	0.139138	0.341916
_Unclustered_down	1.11635	0.139138	0.341916
_BTagSFEff_up	1.08381	0.139138	0.341916
_BTagSFEff_down	1.08381	0.139138	0.341916
_BTagSFMiss_up	1.08381	0.139138	0.341916
_BTagSFMiss_down	1.08121	0.139138	0.341916
_JetMass_up	1.08381	0.139138	0.341916
_JetMass_down	1.08381	0.139138	0.341916
_JetMassRes_up	1.08381	0.139138	0.341916
_JetMassRes_down	1.03827	0.139138	0.341916
_Tau21_up	1.08381	0.139138	0.341916
_Tau21_down	1.07915	0.139138	0.341916

################ Sources ################
Source	SystTotal	SystPrompt	SystFake	Signal
Stat 35.56 46.47  169.92  10.60  2.87
Lumi 1.73  2.50 -  -  2.50
PDF  -  -  -  -  2.67
MuonPt  0.00 0.00  -  -  0.25
MuonID  0.08 0.12  -  -  0.11
ElectronE  4.19 6.05  -  -  0.07
ElectronID  3.30 4.77  -  -  3.73
Trigger  1.00 1.44  -  -  1.92
PU  2.87 4.14  -  -  2.02
JES  22.50 32.49  -  -  0.84
JER  0.28 0.41  -  -  0.68
Uncl  1.49 2.15  -  -  0.92
BEff  0.00 0.00  -  -  0.18
BMiss  0.12 0.17  -  -  0.57
JMS  0.00 0.00  -  -  0.27
JMR  2.06 2.97  -  -  0.15
Tau21  0.21 0.30  -  -  0.28
MCNorm 10.90  15.74 -  -  -
Fake 2.67  -  30.00 - -
CF 3.50  -  -  16.00 -
Total Systematic 26.07 37.44  30.00  16.00  6.14

Total Background	1.565
- Prompt	1.084
- Fake	0.139
- CF	0.342

####### Result #######
Signal Eff	0.049986
1.564863 1.442862
0.031656 1.067754
