
Processing CyclesForMixingLimit_ElEl_Bin1/HNElEl_1500_VBF.C...
[AnalysisInputs::SetMCSF] Get MC SF from /data8/Users/jskim/HN_dilepton_plotter/data/v8-0-7.37_Unblind/MCSF.txt
[AnalysisInputs::SetMCSF] sample : VVV
[AnalysisInputs::SetMCSF] => MCSF = 1, MCSF_err = 0.5
[AnalysisInputs::SetMCSF] sample : WWW
[AnalysisInputs::SetMCSF] => MCSF = 1, MCSF_err = 0.5
[AnalysisInputs::SetMCSF] sample : WWZ
[AnalysisInputs::SetMCSF] => MCSF = 1, MCSF_err = 0.5
[AnalysisInputs::SetMCSF] sample : WZZ
[AnalysisInputs::SetMCSF] => MCSF = 1, MCSF_err = 0.5
[AnalysisInputs::SetMCSF] sample : ZZZ
[AnalysisInputs::SetMCSF] => MCSF = 1, MCSF_err = 0.5
[AnalysisInputs::SetMCSF] sample : ttV
[AnalysisInputs::SetMCSF] => MCSF = 1, MCSF_err = 0.5
[AnalysisInputs::SetMCSF] sample : ttW
[AnalysisInputs::SetMCSF] => MCSF = 1, MCSF_err = 0.5
[AnalysisInputs::SetMCSF] sample : ttZ
[AnalysisInputs::SetMCSF] => MCSF = 1, MCSF_err = 0.5
[AnalysisInputs::SetMCSF] sample : ttH_nonbb
[AnalysisInputs::SetMCSF] => MCSF = 1, MCSF_err = 0.5
[AnalysisInputs::SetMCSF] sample : top
[AnalysisInputs::SetMCSF] => MCSF = 1, MCSF_err = 0.5
[AnalysisInputs::SetMCSF] sample : WWTo2L2Nu_DS
[AnalysisInputs::SetMCSF] => MCSF = 1, MCSF_err = 0.5
[AnalysisInputs::SetMCSF] sample : WpWpEWK
[AnalysisInputs::SetMCSF] => MCSF = 1.3062, MCSF_err = 0.5
[AnalysisInputs::SetMCSF] sample : WpWpQCD
[AnalysisInputs::SetMCSF] => MCSF = 1.70026, MCSF_err = 0.5
[AnalysisInputs::SetMCSF] sample : WZTo3LNu_mllmin01
[AnalysisInputs::SetMCSF] => MCSF = 0.65, MCSF_err = 0.06
[AnalysisInputs::SetMCSF] sample : WZTo3LNu_powheg
[AnalysisInputs::SetMCSF] => MCSF = 1.05044, MCSF_err = 0.0648798
[AnalysisInputs::SetMCSF] sample : ZGto2LG
[AnalysisInputs::SetMCSF] => MCSF = 1.09954, MCSF_err = 0.076377
[AnalysisInputs::SetMCSF] sample : WGtoLNuG
[AnalysisInputs::SetMCSF] => MCSF = 1, MCSF_err = 0.076377
[AnalysisInputs::SetMCSF] sample : WGtoLNuG_weighted
[AnalysisInputs::SetMCSF] => MCSF = 1, MCSF_err = 0.076377
[AnalysisInputs::SetMCSF] sample : ZZTo4L_powheg
[AnalysisInputs::SetMCSF] => MCSF = 0.978852, MCSF_err = 0.0792882
[AnalysisInputs::SetMCSF] sample : ggZZto2e2mu
[AnalysisInputs::SetMCSF] => MCSF = 0.978852, MCSF_err = 0.0792882
[AnalysisInputs::SetMCSF] sample : ggZZto2e2nu
[AnalysisInputs::SetMCSF] => MCSF = 0.978852, MCSF_err = 0.0792882
[AnalysisInputs::SetMCSF] sample : ggZZto2e2tau
[AnalysisInputs::SetMCSF] => MCSF = 0.978852, MCSF_err = 0.0792882
[AnalysisInputs::SetMCSF] sample : ggZZto2mu2nu
[AnalysisInputs::SetMCSF] => MCSF = 0.978852, MCSF_err = 0.0792882
[AnalysisInputs::SetMCSF] sample : ggZZto2mu2tau
[AnalysisInputs::SetMCSF] => MCSF = 0.978852, MCSF_err = 0.0792882
[AnalysisInputs::SetMCSF] sample : ggZZto4e
[AnalysisInputs::SetMCSF] => MCSF = 0.978852, MCSF_err = 0.0792882
[AnalysisInputs::SetMCSF] sample : ggZZto4mu
[AnalysisInputs::SetMCSF] => MCSF = 0.978852, MCSF_err = 0.0792882
[AnalysisInputs::SetMCSF] sample : ggZZto4tau
[AnalysisInputs::SetMCSF] => MCSF = 0.978852, MCSF_err = 0.0792882
[AnalysisInputs::SetMCSF] sample : ggHtoZZ
[AnalysisInputs::SetMCSF] => MCSF = 0.978852, MCSF_err = 0.0792882
[AnalysisInputs::SetCalculatedSysts] Get Systematics from /data8/Users/jskim/HN_dilepton_plotter/data/v8-0-7.37_Unblind/Syst.txt
[AnalysisInputs::SetCalculatedSysts] source : Luminosity
[AnalysisInputs::SetCalculatedSysts] => % sysematic = 0.025
[AnalysisInputs::SetCalculatedSysts] source : FakeLooseID
[AnalysisInputs::SetCalculatedSysts] => % sysematic = 0.3
[AnalysisInputs::SetCalculatedSysts] source : ChrageFlipSyst
[AnalysisInputs::SetCalculatedSysts] => % sysematic = 0.16
[CutRangeInfo::ReadCutCard] Get Cutcard from /data8/Users/jskim/HN_dilepton_plotter/data/v8-0-7.37_Unblind/CutOpCard/RunDirectory/Cards_ElEl_Bin1/HNElEl_1500.txt
Central	1.12699	0.13883	0.352922
_MuonEn_up	1.12699	0.13883	0.352922
_MuonEn_down	1.12699	0.13883	0.352922
_MuonIDSF_up	1.12882	0.13883	0.352922
_MuonIDSF_down	1.12699	0.13883	0.352922
_ElectronEn_up	1.12705	0.13883	0.352922
_ElectronEn_down	1.21976	0.13883	0.352922
_ElectronIDSF_up	1.18143	0.13883	0.352922
_ElectronIDSF_down	1.07339	0.13883	0.352922
_TriggerSF_up	1.15	0.13883	0.352922
_TriggerSF_down	1.12699	0.13883	0.352922
_PU_up	1.16289	0.13883	0.352922
_PU_down	1.08005	0.13883	0.352922
_JetEn_up	1.09569	0.13883	0.352922
_JetEn_down	1.63138	0.13883	0.352922
_JetRes_up	1.13324	0.13883	0.352922
_JetRes_down	1.12205	0.13883	0.352922
_Unclustered_up	1.13358	0.13883	0.352922
_Unclustered_down	1.15981	0.13883	0.352922
_BTagSFEff_up	1.12699	0.13883	0.352922
_BTagSFEff_down	1.12699	0.13883	0.352922
_BTagSFMiss_up	1.12699	0.13883	0.352922
_BTagSFMiss_down	1.12439	0.13883	0.352922
_JetMass_up	1.12699	0.13883	0.352922
_JetMass_down	1.12699	0.13883	0.352922
_JetMassRes_up	1.12699	0.13883	0.352922
_JetMassRes_down	1.08145	0.13883	0.352922
_Tau21_up	1.12699	0.13883	0.352922
_Tau21_down	1.12091	0.13883	0.352922

################ Sources ################
Source	SystTotal	SystPrompt	SystFake	Signal
Stat 34.37 44.69  170.30  10.43  8.17
Lumi 1.74  2.50 -  -  2.50
PDF  -  -  -  -  2.67
MuonPt  0.00 0.00  -  -  0.86
MuonID  0.08 0.11  -  -  0.56
ElectronE  4.05 5.82  -  -  0.35
ElectronID  3.34 4.79  -  -  5.08
Trigger  1.00 1.44  -  -  1.84
PU  2.58 3.71  -  -  1.21
JES  22.08 31.71  -  -  2.35
JER  0.35 0.50  -  -  1.20
Uncl  1.46 2.10  -  -  1.19
BEff  0.00 0.00  -  -  1.11
BMiss  0.11 0.16  -  -  0.38
JMS  0.00 0.00  -  -  0.87
JMR  1.99 2.86  -  -  1.11
Tau21  0.27 0.38  -  -  0.28
MCNorm 12.96  18.62 -  -  -
Fake 2.57  -  30.00 - -
CF 3.49  -  -  16.00 -
Total Systematic 26.58 38.00  30.00  16.00  7.55

Total Background	1.619
- Prompt	1.127
- Fake	0.139
- CF	0.353
- Obs	1.000

####### Result #######
Signal Eff	0.007080
1.618744 1.436517
0.001128 1.111232
