
Processing CyclesForMixingLimit_ElEl_Bin1/HNElEl_90.C...
[AnalysisInputs::SetMCSF] Get MC SF from /data8/Users/jskim/HN_dilepton_plotter/data/v8-0-7.37_PreApproval/MCSF.txt
[AnalysisInputs::SetMCSF] sample : VVV
[AnalysisInputs::SetMCSF] => MCSF = 1, MCSF_err = 0.5
[AnalysisInputs::SetMCSF] sample : WWW
[AnalysisInputs::SetMCSF] => MCSF = 1, MCSF_err = 0.5
[AnalysisInputs::SetMCSF] sample : WWZ
[AnalysisInputs::SetMCSF] => MCSF = 1, MCSF_err = 0.5
[AnalysisInputs::SetMCSF] sample : WZZ
[AnalysisInputs::SetMCSF] => MCSF = 1, MCSF_err = 0.5
[AnalysisInputs::SetMCSF] sample : ZZZ
[AnalysisInputs::SetMCSF] => MCSF = 1, MCSF_err = 0.5
[AnalysisInputs::SetMCSF] sample : ttV
[AnalysisInputs::SetMCSF] => MCSF = 1, MCSF_err = 0.5
[AnalysisInputs::SetMCSF] sample : ttW
[AnalysisInputs::SetMCSF] => MCSF = 1, MCSF_err = 0.5
[AnalysisInputs::SetMCSF] sample : ttZ
[AnalysisInputs::SetMCSF] => MCSF = 1, MCSF_err = 0.5
[AnalysisInputs::SetMCSF] sample : ttH_nonbb
[AnalysisInputs::SetMCSF] => MCSF = 1, MCSF_err = 0.5
[AnalysisInputs::SetMCSF] sample : top
[AnalysisInputs::SetMCSF] => MCSF = 1, MCSF_err = 0.5
[AnalysisInputs::SetMCSF] sample : WWTo2L2Nu_DS
[AnalysisInputs::SetMCSF] => MCSF = 1, MCSF_err = 0.5
[AnalysisInputs::SetMCSF] sample : WpWpEWK
[AnalysisInputs::SetMCSF] => MCSF = 1, MCSF_err = 0.5
[AnalysisInputs::SetMCSF] sample : WpWpQCD
[AnalysisInputs::SetMCSF] => MCSF = 1, MCSF_err = 0.5
[AnalysisInputs::SetMCSF] sample : WZTo3LNu_mllmin01
[AnalysisInputs::SetMCSF] => MCSF = 0.65, MCSF_err = 0.06
[AnalysisInputs::SetMCSF] sample : WZTo3LNu_powheg
[AnalysisInputs::SetMCSF] => MCSF = 1.05044, MCSF_err = 0.0648798
[AnalysisInputs::SetMCSF] sample : ZGto2LG
[AnalysisInputs::SetMCSF] => MCSF = 1.09954, MCSF_err = 0.076377
[AnalysisInputs::SetMCSF] sample : WGtoLNuG
[AnalysisInputs::SetMCSF] => MCSF = 1, MCSF_err = 0.076377
[AnalysisInputs::SetMCSF] sample : WGtoLNuG_weighted
[AnalysisInputs::SetMCSF] => MCSF = 1, MCSF_err = 0.076377
[AnalysisInputs::SetMCSF] sample : ZZTo4L_powheg
[AnalysisInputs::SetMCSF] => MCSF = 0.978852, MCSF_err = 0.0792882
[AnalysisInputs::SetMCSF] sample : ggZZto2e2mu
[AnalysisInputs::SetMCSF] => MCSF = 0.978852, MCSF_err = 0.0792882
[AnalysisInputs::SetMCSF] sample : ggZZto2e2nu
[AnalysisInputs::SetMCSF] => MCSF = 0.978852, MCSF_err = 0.0792882
[AnalysisInputs::SetMCSF] sample : ggZZto2e2tau
[AnalysisInputs::SetMCSF] => MCSF = 0.978852, MCSF_err = 0.0792882
[AnalysisInputs::SetMCSF] sample : ggZZto2mu2nu
[AnalysisInputs::SetMCSF] => MCSF = 0.978852, MCSF_err = 0.0792882
[AnalysisInputs::SetMCSF] sample : ggZZto2mu2tau
[AnalysisInputs::SetMCSF] => MCSF = 0.978852, MCSF_err = 0.0792882
[AnalysisInputs::SetMCSF] sample : ggZZto4e
[AnalysisInputs::SetMCSF] => MCSF = 0.978852, MCSF_err = 0.0792882
[AnalysisInputs::SetMCSF] sample : ggZZto4mu
[AnalysisInputs::SetMCSF] => MCSF = 0.978852, MCSF_err = 0.0792882
[AnalysisInputs::SetMCSF] sample : ggZZto4tau
[AnalysisInputs::SetMCSF] => MCSF = 0.978852, MCSF_err = 0.0792882
[AnalysisInputs::SetMCSF] sample : ggHtoZZ
[AnalysisInputs::SetMCSF] => MCSF = 0.978852, MCSF_err = 0.0792882
[AnalysisInputs::SetCalculatedSysts] Get Systematics from /data8/Users/jskim/HN_dilepton_plotter/data/v8-0-7.37_PreApproval/Syst.txt
[AnalysisInputs::SetCalculatedSysts] source : Luminosity
[AnalysisInputs::SetCalculatedSysts] => % sysematic = 0.025
[AnalysisInputs::SetCalculatedSysts] source : FakeLooseID
[AnalysisInputs::SetCalculatedSysts] => % sysematic = 0.3
[AnalysisInputs::SetCalculatedSysts] source : ChrageFlipSyst
[AnalysisInputs::SetCalculatedSysts] => % sysematic = 0.16
[CutRangeInfo::ReadCutCard] Get Cutcard from /data8/Users/jskim/HN_dilepton_plotter/data/v8-0-7.37_PreApproval/CutOpCard/RunDirectory/Cards_ElEl_Bin1/HNElEl_90.txt
Central	5.7276	4.96037	1.51562
_MuonEn_up	5.74273	4.96037	1.51562
_MuonEn_down	6.16294	4.96037	1.51562
_MuonIDSF_up	5.74373	4.96037	1.51562
_MuonIDSF_down	5.70298	4.96037	1.51562
_ElectronEn_up	5.86848	4.96037	1.51562
_ElectronEn_down	5.82357	4.96037	1.51562
_ElectronIDSF_up	5.87784	4.96037	1.51562
_ElectronIDSF_down	5.59905	4.96037	1.51562
_TriggerSF_up	6.06204	4.96037	1.51562
_TriggerSF_down	5.74462	4.96037	1.51562
_PU_up	5.20585	4.96037	1.51562
_PU_down	6.18543	4.96037	1.51562
_JetEn_up	7.85191	4.96037	1.51562
_JetEn_down	7.28083	4.96037	1.51562
_JetRes_up	6.17104	4.96037	1.51562
_JetRes_down	6.2975	4.96037	1.51562
_Unclustered_up	6.73982	4.96037	1.51562
_Unclustered_down	5.6856	4.96037	1.51562
_BTagSFEff_up	5.75398	4.96037	1.51562
_BTagSFEff_down	5.74853	4.96037	1.51562
_BTagSFMiss_up	5.73204	4.96037	1.51562
_BTagSFMiss_down	5.73509	4.96037	1.51562
_JetMass_up	5.74052	4.96037	1.51562
_JetMass_down	5.75041	4.96037	1.51562
_JetMassRes_up	5.72746	4.96037	1.51562
_JetMassRes_down	5.74275	4.96037	1.51562
_Tau21_up	5.83694	4.96037	1.51562
_Tau21_down	6.13701	4.96037	1.51562

################ Sources ################
Source	SystTotal	SystPrompt	SystFake	Signal
Stat 18.32 31.73  26.26  2.32  9.41
Lumi 1.17  2.50 -  -  2.50
PDF  -  -  -  -  2.67
MuonPt  2.52 5.38  -  -  1.78
MuonID  0.17 0.36  -  -  1.69
ElectronE  0.99 2.10  -  -  2.28
ElectronID  1.15 2.44  -  -  2.05
Trigger  1.94 4.13  -  -  5.19
PU  4.02 8.57  -  -  7.36
JES  15.25 32.49  -  -  8.08
JER  4.18 8.91  -  -  4.53
Uncl  5.87 12.51  -  -  7.78
BEff  0.20 0.42  -  -  0.93
BMiss  0.05 0.11  -  -  1.47
JMS  0.15 0.32  -  -  1.11
JMR  0.09 0.19  -  -  2.99
Tau21  2.46 5.23  -  -  0.69
MCNorm 4.66  9.93 -  -  -
Fake 12.19  -  30.00 - -
CF 1.99  -  -  16.00 -
Total Systematic 22.16 39.42  30.00  16.00  16.43

Total Background	12.204
- Prompt	5.728
- Fake	4.960
- CF	1.516

####### Result #######
Signal Eff	0.002300
12.203588 1.288225
11.222662 1.189333
