
Processing CyclesForMixingLimit_ElEl_Bin1/HNElEl_800.C...
[AnalysisInputs::SetMCSF] Get MC SF from /data8/Users/jskim/HN_dilepton_plotter/data/v8-0-7.37_Unblind/MCSF.txt
[AnalysisInputs::SetMCSF] sample : VVV
[AnalysisInputs::SetMCSF] => MCSF = 1, MCSF_err = 0.5
[AnalysisInputs::SetMCSF] sample : WWW
[AnalysisInputs::SetMCSF] => MCSF = 1, MCSF_err = 0.5
[AnalysisInputs::SetMCSF] sample : WWZ
[AnalysisInputs::SetMCSF] => MCSF = 1, MCSF_err = 0.5
[AnalysisInputs::SetMCSF] sample : WZZ
[AnalysisInputs::SetMCSF] => MCSF = 1, MCSF_err = 0.5
[AnalysisInputs::SetMCSF] sample : ZZZ
[AnalysisInputs::SetMCSF] => MCSF = 1, MCSF_err = 0.5
[AnalysisInputs::SetMCSF] sample : ttV
[AnalysisInputs::SetMCSF] => MCSF = 1, MCSF_err = 0.5
[AnalysisInputs::SetMCSF] sample : ttW
[AnalysisInputs::SetMCSF] => MCSF = 1, MCSF_err = 0.5
[AnalysisInputs::SetMCSF] sample : ttZ
[AnalysisInputs::SetMCSF] => MCSF = 1, MCSF_err = 0.5
[AnalysisInputs::SetMCSF] sample : ttH_nonbb
[AnalysisInputs::SetMCSF] => MCSF = 1, MCSF_err = 0.5
[AnalysisInputs::SetMCSF] sample : top
[AnalysisInputs::SetMCSF] => MCSF = 1, MCSF_err = 0.5
[AnalysisInputs::SetMCSF] sample : WWTo2L2Nu_DS
[AnalysisInputs::SetMCSF] => MCSF = 1, MCSF_err = 0.5
[AnalysisInputs::SetMCSF] sample : WpWpEWK
[AnalysisInputs::SetMCSF] => MCSF = 1.3062, MCSF_err = 0.5
[AnalysisInputs::SetMCSF] sample : WpWpQCD
[AnalysisInputs::SetMCSF] => MCSF = 1.70026, MCSF_err = 0.5
[AnalysisInputs::SetMCSF] sample : WZTo3LNu_mllmin01
[AnalysisInputs::SetMCSF] => MCSF = 0.65, MCSF_err = 0.06
[AnalysisInputs::SetMCSF] sample : WZTo3LNu_powheg
[AnalysisInputs::SetMCSF] => MCSF = 1.05044, MCSF_err = 0.0648798
[AnalysisInputs::SetMCSF] sample : ZGto2LG
[AnalysisInputs::SetMCSF] => MCSF = 1.09954, MCSF_err = 0.076377
[AnalysisInputs::SetMCSF] sample : WGtoLNuG
[AnalysisInputs::SetMCSF] => MCSF = 1, MCSF_err = 0.076377
[AnalysisInputs::SetMCSF] sample : WGtoLNuG_weighted
[AnalysisInputs::SetMCSF] => MCSF = 1, MCSF_err = 0.076377
[AnalysisInputs::SetMCSF] sample : ZZTo4L_powheg
[AnalysisInputs::SetMCSF] => MCSF = 0.978852, MCSF_err = 0.0792882
[AnalysisInputs::SetMCSF] sample : ggZZto2e2mu
[AnalysisInputs::SetMCSF] => MCSF = 0.978852, MCSF_err = 0.0792882
[AnalysisInputs::SetMCSF] sample : ggZZto2e2nu
[AnalysisInputs::SetMCSF] => MCSF = 0.978852, MCSF_err = 0.0792882
[AnalysisInputs::SetMCSF] sample : ggZZto2e2tau
[AnalysisInputs::SetMCSF] => MCSF = 0.978852, MCSF_err = 0.0792882
[AnalysisInputs::SetMCSF] sample : ggZZto2mu2nu
[AnalysisInputs::SetMCSF] => MCSF = 0.978852, MCSF_err = 0.0792882
[AnalysisInputs::SetMCSF] sample : ggZZto2mu2tau
[AnalysisInputs::SetMCSF] => MCSF = 0.978852, MCSF_err = 0.0792882
[AnalysisInputs::SetMCSF] sample : ggZZto4e
[AnalysisInputs::SetMCSF] => MCSF = 0.978852, MCSF_err = 0.0792882
[AnalysisInputs::SetMCSF] sample : ggZZto4mu
[AnalysisInputs::SetMCSF] => MCSF = 0.978852, MCSF_err = 0.0792882
[AnalysisInputs::SetMCSF] sample : ggZZto4tau
[AnalysisInputs::SetMCSF] => MCSF = 0.978852, MCSF_err = 0.0792882
[AnalysisInputs::SetMCSF] sample : ggHtoZZ
[AnalysisInputs::SetMCSF] => MCSF = 0.978852, MCSF_err = 0.0792882
[AnalysisInputs::SetCalculatedSysts] Get Systematics from /data8/Users/jskim/HN_dilepton_plotter/data/v8-0-7.37_Unblind/Syst.txt
[AnalysisInputs::SetCalculatedSysts] source : Luminosity
[AnalysisInputs::SetCalculatedSysts] => % sysematic = 0.025
[AnalysisInputs::SetCalculatedSysts] source : FakeLooseID
[AnalysisInputs::SetCalculatedSysts] => % sysematic = 0.3
[AnalysisInputs::SetCalculatedSysts] source : ChrageFlipSyst
[AnalysisInputs::SetCalculatedSysts] => % sysematic = 0.16
[CutRangeInfo::ReadCutCard] Get Cutcard from /data8/Users/jskim/HN_dilepton_plotter/data/v8-0-7.37_Unblind/CutOpCard/RunDirectory/Cards_ElEl_Bin1/HNElEl_800.txt
Central	1.11537	0.139138	0.341916
_MuonEn_up	1.11537	0.139138	0.341916
_MuonEn_down	1.11537	0.139138	0.341916
_MuonIDSF_up	1.11719	0.139138	0.341916
_MuonIDSF_down	1.11537	0.139138	0.341916
_ElectronEn_up	1.11543	0.139138	0.341916
_ElectronEn_down	1.20814	0.139138	0.341916
_ElectronIDSF_up	1.16876	0.139138	0.341916
_ElectronIDSF_down	1.06279	0.139138	0.341916
_TriggerSF_up	1.13809	0.139138	0.341916
_TriggerSF_down	1.11537	0.139138	0.341916
_PU_up	1.15282	0.139138	0.341916
_PU_down	1.0664	0.139138	0.341916
_JetEn_up	1.07823	0.139138	0.341916
_JetEn_down	1.61393	0.139138	0.341916
_JetRes_up	1.10995	0.139138	0.341916
_JetRes_down	1.11043	0.139138	0.341916
_Unclustered_up	1.12196	0.139138	0.341916
_Unclustered_down	1.14818	0.139138	0.341916
_BTagSFEff_up	1.11537	0.139138	0.341916
_BTagSFEff_down	1.11537	0.139138	0.341916
_BTagSFMiss_up	1.11537	0.139138	0.341916
_BTagSFMiss_down	1.11277	0.139138	0.341916
_JetMass_up	1.11537	0.139138	0.341916
_JetMass_down	1.11537	0.139138	0.341916
_JetMassRes_up	1.11537	0.139138	0.341916
_JetMassRes_down	1.06983	0.139138	0.341916
_Tau21_up	1.11537	0.139138	0.341916
_Tau21_down	1.10928	0.139138	0.341916

################ Sources ################
Source	SystTotal	SystPrompt	SystFake	Signal
Stat 34.85 45.16  169.92  10.60  2.52
Lumi 1.75  2.50 -  -  2.50
PDF  -  -  -  -  2.67
MuonPt  0.00 0.00  -  -  0.66
MuonID  0.08 0.12  -  -  0.36
ElectronE  4.11 5.88  -  -  0.27
ElectronID  3.32 4.75  -  -  3.84
Trigger  1.01 1.44  -  -  1.82
PU  2.73 3.91  -  -  1.33
JES  22.14 31.69  -  -  1.51
JER  0.32 0.46  -  -  0.40
Uncl  1.48 2.12  -  -  0.52
BEff  0.00 0.00  -  -  0.43
BMiss  0.12 0.16  -  -  0.46
JMS  0.00 0.00  -  -  0.52
JMR  2.02 2.89  -  -  0.24
Tau21  0.27 0.39  -  -  0.38
MCNorm 12.66  18.13 -  -  -
Fake 2.61  -  30.00 - -
CF 3.43  -  -  16.00 -
Total Systematic 26.52 37.78  30.00  16.00  6.12

Total Background	1.596
- Prompt	1.115
- Fake	0.139
- CF	0.342
- Obs	1.000

####### Result #######
Signal Eff	0.036383
1.596423 1.439890
0.016920 1.066145
