
Processing CyclesForMixingLimit_ElEl_Bin1/HNElEl_250.C...
[AnalysisInputs::SetMCSF] Get MC SF from /data8/Users/jskim/HN_dilepton_plotter/data/v8-0-7.37_Unblind/MCSF.txt
[AnalysisInputs::SetMCSF] sample : VVV
[AnalysisInputs::SetMCSF] => MCSF = 1, MCSF_err = 0.5
[AnalysisInputs::SetMCSF] sample : WWW
[AnalysisInputs::SetMCSF] => MCSF = 1, MCSF_err = 0.5
[AnalysisInputs::SetMCSF] sample : WWZ
[AnalysisInputs::SetMCSF] => MCSF = 1, MCSF_err = 0.5
[AnalysisInputs::SetMCSF] sample : WZZ
[AnalysisInputs::SetMCSF] => MCSF = 1, MCSF_err = 0.5
[AnalysisInputs::SetMCSF] sample : ZZZ
[AnalysisInputs::SetMCSF] => MCSF = 1, MCSF_err = 0.5
[AnalysisInputs::SetMCSF] sample : ttV
[AnalysisInputs::SetMCSF] => MCSF = 1, MCSF_err = 0.5
[AnalysisInputs::SetMCSF] sample : ttW
[AnalysisInputs::SetMCSF] => MCSF = 1, MCSF_err = 0.5
[AnalysisInputs::SetMCSF] sample : ttZ
[AnalysisInputs::SetMCSF] => MCSF = 1, MCSF_err = 0.5
[AnalysisInputs::SetMCSF] sample : ttH_nonbb
[AnalysisInputs::SetMCSF] => MCSF = 1, MCSF_err = 0.5
[AnalysisInputs::SetMCSF] sample : top
[AnalysisInputs::SetMCSF] => MCSF = 1, MCSF_err = 0.5
[AnalysisInputs::SetMCSF] sample : WWTo2L2Nu_DS
[AnalysisInputs::SetMCSF] => MCSF = 1, MCSF_err = 0.5
[AnalysisInputs::SetMCSF] sample : WpWpEWK
[AnalysisInputs::SetMCSF] => MCSF = 1.3062, MCSF_err = 0.5
[AnalysisInputs::SetMCSF] sample : WpWpQCD
[AnalysisInputs::SetMCSF] => MCSF = 1.70026, MCSF_err = 0.5
[AnalysisInputs::SetMCSF] sample : WZTo3LNu_mllmin01
[AnalysisInputs::SetMCSF] => MCSF = 0.65, MCSF_err = 0.06
[AnalysisInputs::SetMCSF] sample : WZTo3LNu_powheg
[AnalysisInputs::SetMCSF] => MCSF = 1.05044, MCSF_err = 0.0648798
[AnalysisInputs::SetMCSF] sample : ZGto2LG
[AnalysisInputs::SetMCSF] => MCSF = 1.09954, MCSF_err = 0.076377
[AnalysisInputs::SetMCSF] sample : WGtoLNuG
[AnalysisInputs::SetMCSF] => MCSF = 1, MCSF_err = 0.076377
[AnalysisInputs::SetMCSF] sample : WGtoLNuG_weighted
[AnalysisInputs::SetMCSF] => MCSF = 1, MCSF_err = 0.076377
[AnalysisInputs::SetMCSF] sample : ZZTo4L_powheg
[AnalysisInputs::SetMCSF] => MCSF = 0.978852, MCSF_err = 0.0792882
[AnalysisInputs::SetMCSF] sample : ggZZto2e2mu
[AnalysisInputs::SetMCSF] => MCSF = 0.978852, MCSF_err = 0.0792882
[AnalysisInputs::SetMCSF] sample : ggZZto2e2nu
[AnalysisInputs::SetMCSF] => MCSF = 0.978852, MCSF_err = 0.0792882
[AnalysisInputs::SetMCSF] sample : ggZZto2e2tau
[AnalysisInputs::SetMCSF] => MCSF = 0.978852, MCSF_err = 0.0792882
[AnalysisInputs::SetMCSF] sample : ggZZto2mu2nu
[AnalysisInputs::SetMCSF] => MCSF = 0.978852, MCSF_err = 0.0792882
[AnalysisInputs::SetMCSF] sample : ggZZto2mu2tau
[AnalysisInputs::SetMCSF] => MCSF = 0.978852, MCSF_err = 0.0792882
[AnalysisInputs::SetMCSF] sample : ggZZto4e
[AnalysisInputs::SetMCSF] => MCSF = 0.978852, MCSF_err = 0.0792882
[AnalysisInputs::SetMCSF] sample : ggZZto4mu
[AnalysisInputs::SetMCSF] => MCSF = 0.978852, MCSF_err = 0.0792882
[AnalysisInputs::SetMCSF] sample : ggZZto4tau
[AnalysisInputs::SetMCSF] => MCSF = 0.978852, MCSF_err = 0.0792882
[AnalysisInputs::SetMCSF] sample : ggHtoZZ
[AnalysisInputs::SetMCSF] => MCSF = 0.978852, MCSF_err = 0.0792882
[AnalysisInputs::SetCalculatedSysts] Get Systematics from /data8/Users/jskim/HN_dilepton_plotter/data/v8-0-7.37_Unblind/Syst.txt
[AnalysisInputs::SetCalculatedSysts] source : Luminosity
[AnalysisInputs::SetCalculatedSysts] => % sysematic = 0.025
[AnalysisInputs::SetCalculatedSysts] source : FakeLooseID
[AnalysisInputs::SetCalculatedSysts] => % sysematic = 0.3
[AnalysisInputs::SetCalculatedSysts] source : ChrageFlipSyst
[AnalysisInputs::SetCalculatedSysts] => % sysematic = 0.16
[CutRangeInfo::ReadCutCard] Get Cutcard from /data8/Users/jskim/HN_dilepton_plotter/data/v8-0-7.37_Unblind/CutOpCard/RunDirectory/Cards_ElEl_Bin1/HNElEl_250.txt
Central	4.5151	0.332172	0.972362
_MuonEn_up	4.52685	0.332172	0.972362
_MuonEn_down	4.52667	0.332172	0.972362
_MuonIDSF_up	4.52926	0.332172	0.972362
_MuonIDSF_down	4.52663	0.332172	0.972362
_ElectronEn_up	4.71588	0.332172	0.972362
_ElectronEn_down	4.56498	0.332172	0.972362
_ElectronIDSF_up	4.68267	0.332172	0.972362
_ElectronIDSF_down	4.38465	0.332172	0.972362
_TriggerSF_up	4.60571	0.332172	0.972362
_TriggerSF_down	4.80757	0.332172	0.972362
_PU_up	4.47421	0.332172	0.972362
_PU_down	4.51831	0.332172	0.972362
_JetEn_up	4.67277	0.332172	0.972362
_JetEn_down	4.0543	0.332172	0.972362
_JetRes_up	4.53861	0.332172	0.972362
_JetRes_down	4.58267	0.332172	0.972362
_Unclustered_up	4.51334	0.332172	0.972362
_Unclustered_down	4.41056	0.332172	0.972362
_BTagSFEff_up	4.53101	0.332172	0.972362
_BTagSFEff_down	4.52858	0.332172	0.972362
_BTagSFMiss_up	4.5207	0.332172	0.972362
_BTagSFMiss_down	4.52612	0.332172	0.972362
_JetMass_up	4.52959	0.332172	0.972362
_JetMass_down	4.52692	0.332172	0.972362
_JetMassRes_up	4.53679	0.332172	0.972362
_JetMassRes_down	4.52636	0.332172	0.972362
_Tau21_up	4.52147	0.332172	0.972362
_Tau21_down	4.53498	0.332172	0.972362

################ Sources ################
Source	SystTotal	SystPrompt	SystFake	Signal
Stat 25.22 31.34  117.45  4.91  1.94
Lumi 1.94  2.50 -  -  2.50
PDF  -  -  -  -  2.67
MuonPt  0.20 0.26  -  -  0.15
MuonID  0.22 0.29  -  -  0.12
ElectronE  2.51 3.24  -  -  0.65
ElectronID  2.58 3.33  -  -  2.90
Trigger  3.72 4.80  -  -  1.51
PU  0.50 0.64  -  -  1.93
JES  5.92 7.63  -  -  1.90
JER  0.87 1.12  -  -  2.24
Uncl  1.27 1.64  -  -  2.02
BEff  0.25 0.33  -  -  0.54
BMiss  0.15 0.19  -  -  0.47
JMS  0.23 0.29  -  -  0.08
JMR  0.30 0.38  -  -  0.11
Tau21  0.25 0.33  -  -  0.08
MCNorm 10.08  12.99 -  -  -
Fake 1.71  -  30.00 - -
CF 2.67  -  -  16.00 -
Total Systematic 13.16 16.81  30.00  16.00  6.44

Total Background	5.820
- Prompt	4.515
- Fake	0.332
- CF	0.972
- Obs	4.000

####### Result #######
Signal Eff	0.058617
5.819630 1.285835
2.712313 1.067284
