
Processing CyclesForMixingLimit_ElEl_Bin1/HNElEl_80.C...
[AnalysisInputs::SetMCSF] Get MC SF from /data8/Users/jskim/HN_dilepton_plotter/data/v8-0-7.37_PreApproval/MCSF.txt
[AnalysisInputs::SetMCSF] sample : VVV
[AnalysisInputs::SetMCSF] => MCSF = 1, MCSF_err = 0.5
[AnalysisInputs::SetMCSF] sample : WWW
[AnalysisInputs::SetMCSF] => MCSF = 1, MCSF_err = 0.5
[AnalysisInputs::SetMCSF] sample : WWZ
[AnalysisInputs::SetMCSF] => MCSF = 1, MCSF_err = 0.5
[AnalysisInputs::SetMCSF] sample : WZZ
[AnalysisInputs::SetMCSF] => MCSF = 1, MCSF_err = 0.5
[AnalysisInputs::SetMCSF] sample : ZZZ
[AnalysisInputs::SetMCSF] => MCSF = 1, MCSF_err = 0.5
[AnalysisInputs::SetMCSF] sample : ttV
[AnalysisInputs::SetMCSF] => MCSF = 1, MCSF_err = 0.5
[AnalysisInputs::SetMCSF] sample : ttW
[AnalysisInputs::SetMCSF] => MCSF = 1, MCSF_err = 0.5
[AnalysisInputs::SetMCSF] sample : ttZ
[AnalysisInputs::SetMCSF] => MCSF = 1, MCSF_err = 0.5
[AnalysisInputs::SetMCSF] sample : ttH_nonbb
[AnalysisInputs::SetMCSF] => MCSF = 1, MCSF_err = 0.5
[AnalysisInputs::SetMCSF] sample : top
[AnalysisInputs::SetMCSF] => MCSF = 1, MCSF_err = 0.5
[AnalysisInputs::SetMCSF] sample : WWTo2L2Nu_DS
[AnalysisInputs::SetMCSF] => MCSF = 1, MCSF_err = 0.5
[AnalysisInputs::SetMCSF] sample : WpWpEWK
[AnalysisInputs::SetMCSF] => MCSF = 1, MCSF_err = 0.5
[AnalysisInputs::SetMCSF] sample : WpWpQCD
[AnalysisInputs::SetMCSF] => MCSF = 1, MCSF_err = 0.5
[AnalysisInputs::SetMCSF] sample : WZTo3LNu_mllmin01
[AnalysisInputs::SetMCSF] => MCSF = 0.65, MCSF_err = 0.06
[AnalysisInputs::SetMCSF] sample : WZTo3LNu_powheg
[AnalysisInputs::SetMCSF] => MCSF = 1.05044, MCSF_err = 0.0648798
[AnalysisInputs::SetMCSF] sample : ZGto2LG
[AnalysisInputs::SetMCSF] => MCSF = 1.09954, MCSF_err = 0.076377
[AnalysisInputs::SetMCSF] sample : WGtoLNuG
[AnalysisInputs::SetMCSF] => MCSF = 1, MCSF_err = 0.076377
[AnalysisInputs::SetMCSF] sample : WGtoLNuG_weighted
[AnalysisInputs::SetMCSF] => MCSF = 1, MCSF_err = 0.076377
[AnalysisInputs::SetMCSF] sample : ZZTo4L_powheg
[AnalysisInputs::SetMCSF] => MCSF = 0.978852, MCSF_err = 0.0792882
[AnalysisInputs::SetMCSF] sample : ggZZto2e2mu
[AnalysisInputs::SetMCSF] => MCSF = 0.978852, MCSF_err = 0.0792882
[AnalysisInputs::SetMCSF] sample : ggZZto2e2nu
[AnalysisInputs::SetMCSF] => MCSF = 0.978852, MCSF_err = 0.0792882
[AnalysisInputs::SetMCSF] sample : ggZZto2e2tau
[AnalysisInputs::SetMCSF] => MCSF = 0.978852, MCSF_err = 0.0792882
[AnalysisInputs::SetMCSF] sample : ggZZto2mu2nu
[AnalysisInputs::SetMCSF] => MCSF = 0.978852, MCSF_err = 0.0792882
[AnalysisInputs::SetMCSF] sample : ggZZto2mu2tau
[AnalysisInputs::SetMCSF] => MCSF = 0.978852, MCSF_err = 0.0792882
[AnalysisInputs::SetMCSF] sample : ggZZto4e
[AnalysisInputs::SetMCSF] => MCSF = 0.978852, MCSF_err = 0.0792882
[AnalysisInputs::SetMCSF] sample : ggZZto4mu
[AnalysisInputs::SetMCSF] => MCSF = 0.978852, MCSF_err = 0.0792882
[AnalysisInputs::SetMCSF] sample : ggZZto4tau
[AnalysisInputs::SetMCSF] => MCSF = 0.978852, MCSF_err = 0.0792882
[AnalysisInputs::SetMCSF] sample : ggHtoZZ
[AnalysisInputs::SetMCSF] => MCSF = 0.978852, MCSF_err = 0.0792882
[AnalysisInputs::SetCalculatedSysts] Get Systematics from /data8/Users/jskim/HN_dilepton_plotter/data/v8-0-7.37_PreApproval/Syst.txt
[AnalysisInputs::SetCalculatedSysts] source : Luminosity
[AnalysisInputs::SetCalculatedSysts] => % sysematic = 0.025
[AnalysisInputs::SetCalculatedSysts] source : FakeLooseID
[AnalysisInputs::SetCalculatedSysts] => % sysematic = 0.3
[AnalysisInputs::SetCalculatedSysts] source : ChrageFlipSyst
[AnalysisInputs::SetCalculatedSysts] => % sysematic = 0.16
[CutRangeInfo::ReadCutCard] Get Cutcard from /data8/Users/jskim/HN_dilepton_plotter/data/v8-0-7.37_PreApproval/CutOpCard/RunDirectory/Cards_ElEl_Bin1/HNElEl_80.txt
Central	39.2553	24.2882	5.02187
_MuonEn_up	38.7202	24.2882	5.02187
_MuonEn_down	40.1779	24.2882	5.02187
_MuonIDSF_up	39.2469	24.2882	5.02187
_MuonIDSF_down	38.803	24.2882	5.02187
_ElectronEn_up	38.0701	24.2882	5.02187
_ElectronEn_down	38.0063	24.2882	5.02187
_ElectronIDSF_up	40.2107	24.2882	5.02187
_ElectronIDSF_down	38.8853	24.2882	5.02187
_TriggerSF_up	41.0045	24.2882	5.02187
_TriggerSF_down	39.1718	24.2882	5.02187
_PU_up	37.5729	24.2882	5.02187
_PU_down	41.586	24.2882	5.02187
_JetEn_up	45.6232	24.2882	5.02187
_JetEn_down	41.4986	24.2882	5.02187
_JetRes_up	38.7179	24.2882	5.02187
_JetRes_down	41.9431	24.2882	5.02187
_Unclustered_up	39.2563	24.2882	5.02187
_Unclustered_down	40.8646	24.2882	5.02187
_BTagSFEff_up	38.8566	24.2882	5.02187
_BTagSFEff_down	38.8464	24.2882	5.02187
_BTagSFMiss_up	38.8454	24.2882	5.02187
_BTagSFMiss_down	39.2661	24.2882	5.02187
_JetMass_up	39.1781	24.2882	5.02187
_JetMass_down	38.5043	24.2882	5.02187
_JetMassRes_up	39.2477	24.2882	5.02187
_JetMassRes_down	39.2622	24.2882	5.02187
_Tau21_up	39.3303	24.2882	5.02187
_Tau21_down	39.347	24.2882	5.02187

################ Sources ################
Source	SystTotal	SystPrompt	SystFake	Signal
Stat 7.73 11.82  10.58  0.93  5.33
Lumi 1.43  2.50 -  -  2.50
PDF  -  -  -  -  8.74
MuonPt  1.10 1.92  -  -  0.35
MuonID  0.47 0.81  -  -  0.16
ElectronE  1.78 3.10  -  -  0.69
ElectronID  1.06 1.85  -  -  1.97
Trigger  1.81 3.15  -  -  3.32
PU  2.96 5.18  -  -  3.97
JES  6.96 12.16  -  -  4.04
JER  2.83 4.94  -  -  1.46
Uncl  1.66 2.90  -  -  3.18
BEff  0.59 1.03  -  -  0.75
BMiss  0.42 0.74  -  -  0.45
JMS  0.78 1.36  -  -  0.39
JMR  0.01 0.02  -  -  0.27
Tau21  0.12 0.21  -  -  0.49
MCNorm 6.17  10.77 -  -  -
Fake 10.63  -  30.00 - -
CF 1.17  -  -  16.00 -
Total Systematic 15.20 18.99  30.00  16.00  11.99

Total Background	68.565
- Prompt	39.255
- Fake	24.288
- CF	5.022

####### Result #######
Signal Eff	0.003750
68.565347 1.170975
238.712278 1.131170
