
Processing CyclesForMixingLimit_ElEl_Bin1/HNElEl_400.C...
[AnalysisInputs::SetMCSF] Get MC SF from /data8/Users/jskim/HN_dilepton_plotter/data/v8-0-7.37_Unblind/MCSF.txt
[AnalysisInputs::SetMCSF] sample : VVV
[AnalysisInputs::SetMCSF] => MCSF = 1, MCSF_err = 0.5
[AnalysisInputs::SetMCSF] sample : WWW
[AnalysisInputs::SetMCSF] => MCSF = 1, MCSF_err = 0.5
[AnalysisInputs::SetMCSF] sample : WWZ
[AnalysisInputs::SetMCSF] => MCSF = 1, MCSF_err = 0.5
[AnalysisInputs::SetMCSF] sample : WZZ
[AnalysisInputs::SetMCSF] => MCSF = 1, MCSF_err = 0.5
[AnalysisInputs::SetMCSF] sample : ZZZ
[AnalysisInputs::SetMCSF] => MCSF = 1, MCSF_err = 0.5
[AnalysisInputs::SetMCSF] sample : ttV
[AnalysisInputs::SetMCSF] => MCSF = 1, MCSF_err = 0.5
[AnalysisInputs::SetMCSF] sample : ttW
[AnalysisInputs::SetMCSF] => MCSF = 1, MCSF_err = 0.5
[AnalysisInputs::SetMCSF] sample : ttZ
[AnalysisInputs::SetMCSF] => MCSF = 1, MCSF_err = 0.5
[AnalysisInputs::SetMCSF] sample : ttH_nonbb
[AnalysisInputs::SetMCSF] => MCSF = 1, MCSF_err = 0.5
[AnalysisInputs::SetMCSF] sample : top
[AnalysisInputs::SetMCSF] => MCSF = 1, MCSF_err = 0.5
[AnalysisInputs::SetMCSF] sample : WWTo2L2Nu_DS
[AnalysisInputs::SetMCSF] => MCSF = 1, MCSF_err = 0.5
[AnalysisInputs::SetMCSF] sample : WpWpEWK
[AnalysisInputs::SetMCSF] => MCSF = 1.3062, MCSF_err = 0.5
[AnalysisInputs::SetMCSF] sample : WpWpQCD
[AnalysisInputs::SetMCSF] => MCSF = 1.70026, MCSF_err = 0.5
[AnalysisInputs::SetMCSF] sample : WZTo3LNu_mllmin01
[AnalysisInputs::SetMCSF] => MCSF = 0.65, MCSF_err = 0.06
[AnalysisInputs::SetMCSF] sample : WZTo3LNu_powheg
[AnalysisInputs::SetMCSF] => MCSF = 1.05044, MCSF_err = 0.0648798
[AnalysisInputs::SetMCSF] sample : ZGto2LG
[AnalysisInputs::SetMCSF] => MCSF = 1.09954, MCSF_err = 0.076377
[AnalysisInputs::SetMCSF] sample : WGtoLNuG
[AnalysisInputs::SetMCSF] => MCSF = 1, MCSF_err = 0.076377
[AnalysisInputs::SetMCSF] sample : WGtoLNuG_weighted
[AnalysisInputs::SetMCSF] => MCSF = 1, MCSF_err = 0.076377
[AnalysisInputs::SetMCSF] sample : ZZTo4L_powheg
[AnalysisInputs::SetMCSF] => MCSF = 0.978852, MCSF_err = 0.0792882
[AnalysisInputs::SetMCSF] sample : ggZZto2e2mu
[AnalysisInputs::SetMCSF] => MCSF = 0.978852, MCSF_err = 0.0792882
[AnalysisInputs::SetMCSF] sample : ggZZto2e2nu
[AnalysisInputs::SetMCSF] => MCSF = 0.978852, MCSF_err = 0.0792882
[AnalysisInputs::SetMCSF] sample : ggZZto2e2tau
[AnalysisInputs::SetMCSF] => MCSF = 0.978852, MCSF_err = 0.0792882
[AnalysisInputs::SetMCSF] sample : ggZZto2mu2nu
[AnalysisInputs::SetMCSF] => MCSF = 0.978852, MCSF_err = 0.0792882
[AnalysisInputs::SetMCSF] sample : ggZZto2mu2tau
[AnalysisInputs::SetMCSF] => MCSF = 0.978852, MCSF_err = 0.0792882
[AnalysisInputs::SetMCSF] sample : ggZZto4e
[AnalysisInputs::SetMCSF] => MCSF = 0.978852, MCSF_err = 0.0792882
[AnalysisInputs::SetMCSF] sample : ggZZto4mu
[AnalysisInputs::SetMCSF] => MCSF = 0.978852, MCSF_err = 0.0792882
[AnalysisInputs::SetMCSF] sample : ggZZto4tau
[AnalysisInputs::SetMCSF] => MCSF = 0.978852, MCSF_err = 0.0792882
[AnalysisInputs::SetMCSF] sample : ggHtoZZ
[AnalysisInputs::SetMCSF] => MCSF = 0.978852, MCSF_err = 0.0792882
[AnalysisInputs::SetCalculatedSysts] Get Systematics from /data8/Users/jskim/HN_dilepton_plotter/data/v8-0-7.37_Unblind/Syst.txt
[AnalysisInputs::SetCalculatedSysts] source : Luminosity
[AnalysisInputs::SetCalculatedSysts] => % sysematic = 0.025
[AnalysisInputs::SetCalculatedSysts] source : FakeLooseID
[AnalysisInputs::SetCalculatedSysts] => % sysematic = 0.3
[AnalysisInputs::SetCalculatedSysts] source : ChrageFlipSyst
[AnalysisInputs::SetCalculatedSysts] => % sysematic = 0.16
[CutRangeInfo::ReadCutCard] Get Cutcard from /data8/Users/jskim/HN_dilepton_plotter/data/v8-0-7.37_Unblind/CutOpCard/RunDirectory/Cards_ElEl_Bin1/HNElEl_400.txt
Central	1.35818	0.260084	0.560364
_MuonEn_up	1.36281	0.260084	0.560364
_MuonEn_down	1.36065	0.260084	0.560364
_MuonIDSF_up	1.35818	0.260084	0.560364
_MuonIDSF_down	1.36143	0.260084	0.560364
_ElectronEn_up	1.00392	0.260084	0.560364
_ElectronEn_down	1.28499	0.260084	0.560364
_ElectronIDSF_up	1.43736	0.260084	0.560364
_ElectronIDSF_down	1.28021	0.260084	0.560364
_TriggerSF_up	1.38578	0.260084	0.560364
_TriggerSF_down	1.36333	0.260084	0.560364
_PU_up	1.40689	0.260084	0.560364
_PU_down	1.38734	0.260084	0.560364
_JetEn_up	1.35039	0.260084	0.560364
_JetEn_down	1.89776	0.260084	0.560364
_JetRes_up	1.24128	0.260084	0.560364
_JetRes_down	1.2626	0.260084	0.560364
_Unclustered_up	1.45711	0.260084	0.560364
_Unclustered_down	1.46449	0.260084	0.560364
_BTagSFEff_up	1.36133	0.260084	0.560364
_BTagSFEff_down	1.28796	0.260084	0.560364
_BTagSFMiss_up	1.35818	0.260084	0.560364
_BTagSFMiss_down	1.35558	0.260084	0.560364
_JetMass_up	1.36143	0.260084	0.560364
_JetMass_down	1.35154	0.260084	0.560364
_JetMassRes_up	1.29909	0.260084	0.560364
_JetMassRes_down	1.35818	0.260084	0.560364
_Tau21_up	1.35818	0.260084	0.560364
_Tau21_down	1.35809	0.260084	0.560364

################ Sources ################
Source	SystTotal	SystPrompt	SystFake	Signal
Stat 51.21 78.13  132.47  7.66  1.85
Lumi 1.56  2.50 -  -  2.50
PDF  -  -  -  -  2.67
MuonPt  0.17 0.27  -  -  0.28
MuonID  0.11 0.17  -  -  0.24
ElectronE  11.74 18.83  -  -  0.65
ElectronID  3.61 5.79  -  -  3.85
Trigger  0.91 1.46  -  -  1.21
PU  1.84 2.96  -  -  2.25
JES  17.52 28.10  -  -  1.42
JER  4.90 7.86  -  -  1.55
Uncl  4.71 7.56  -  -  1.02
BEff  2.28 3.66  -  -  0.52
BMiss  0.08 0.14  -  -  0.57
JMS  0.24 0.38  -  -  0.39
JMR  1.92 3.08  -  -  0.31
Tau21  0.00 0.00  -  -  0.37
MCNorm 13.55  21.74 -  -  -
Fake 3.58  -  30.00 - -
CF 4.12  -  -  16.00 -
Total Systematic 26.76 42.54  30.00  16.00  6.46

Total Background	2.179
- Prompt	1.358
- Fake	0.260
- CF	0.560
- Obs	4.000

####### Result #######
Signal Eff	0.064217
2.178625 1.579614
0.506244 1.067152
