
Processing HNMuMu_300_VBF.C...
[AnalysisInputs::SetMCSF] Get MC SF from /home/jskim/Documents/trilepton_13TeV/DiLepton/data/v8-0-7.36/MCSF.txt
[AnalysisInputs::SetMCSF] sample : VVV
[AnalysisInputs::SetMCSF] => MCSF = 1, MCSF_err = 0.5
[AnalysisInputs::SetMCSF] sample : WWW
[AnalysisInputs::SetMCSF] => MCSF = 1, MCSF_err = 0.5
[AnalysisInputs::SetMCSF] sample : WWZ
[AnalysisInputs::SetMCSF] => MCSF = 1, MCSF_err = 0.5
[AnalysisInputs::SetMCSF] sample : WZZ
[AnalysisInputs::SetMCSF] => MCSF = 1, MCSF_err = 0.5
[AnalysisInputs::SetMCSF] sample : ZZZ
[AnalysisInputs::SetMCSF] => MCSF = 1, MCSF_err = 0.5
[AnalysisInputs::SetMCSF] sample : ttV
[AnalysisInputs::SetMCSF] => MCSF = 1, MCSF_err = 0.5
[AnalysisInputs::SetMCSF] sample : ttW
[AnalysisInputs::SetMCSF] => MCSF = 1, MCSF_err = 0.5
[AnalysisInputs::SetMCSF] sample : ttZ
[AnalysisInputs::SetMCSF] => MCSF = 1, MCSF_err = 0.5
[AnalysisInputs::SetMCSF] sample : ttH_nonbb
[AnalysisInputs::SetMCSF] => MCSF = 1, MCSF_err = 0.5
[AnalysisInputs::SetMCSF] sample : top
[AnalysisInputs::SetMCSF] => MCSF = 1, MCSF_err = 0.5
[AnalysisInputs::SetMCSF] sample : WZTo3LNu_powheg
[AnalysisInputs::SetMCSF] => MCSF = 1.00165, MCSF_err = 0.0888561
[AnalysisInputs::SetMCSF] sample : ZGto2LG
[AnalysisInputs::SetMCSF] => MCSF = 0.794861, MCSF_err = 0.155181
[AnalysisInputs::SetMCSF] sample : ZZTo4L_powheg
[AnalysisInputs::SetMCSF] => MCSF = 0.926685, MCSF_err = 0.102827
[AnalysisInputs::SetMCSF] sample : ggZZto2e2mu
[AnalysisInputs::SetMCSF] => MCSF = 0.926685, MCSF_err = 0.102827
[AnalysisInputs::SetMCSF] sample : ggZZto2e2nu
[AnalysisInputs::SetMCSF] => MCSF = 0.926685, MCSF_err = 0.102827
[AnalysisInputs::SetMCSF] sample : ggZZto2e2tau
[AnalysisInputs::SetMCSF] => MCSF = 0.926685, MCSF_err = 0.102827
[AnalysisInputs::SetMCSF] sample : ggZZto2mu2nu
[AnalysisInputs::SetMCSF] => MCSF = 0.926685, MCSF_err = 0.102827
[AnalysisInputs::SetMCSF] sample : ggZZto2mu2tau
[AnalysisInputs::SetMCSF] => MCSF = 0.926685, MCSF_err = 0.102827
[AnalysisInputs::SetMCSF] sample : ggZZto4e
[AnalysisInputs::SetMCSF] => MCSF = 0.926685, MCSF_err = 0.102827
[AnalysisInputs::SetMCSF] sample : ggZZto4mu
[AnalysisInputs::SetMCSF] => MCSF = 0.926685, MCSF_err = 0.102827
[AnalysisInputs::SetMCSF] sample : ggZZto4tau
[AnalysisInputs::SetMCSF] => MCSF = 0.926685, MCSF_err = 0.102827
[AnalysisInputs::SetCalculatedSysts] Get Systematics from /home/jskim/Documents/trilepton_13TeV/DiLepton/data/v8-0-7.36/Syst.txt
[AnalysisInputs::SetCalculatedSysts] source : Luminosity
[AnalysisInputs::SetCalculatedSysts] => % sysematic = 0.025
[AnalysisInputs::SetCalculatedSysts] source : FakeLooseID
[AnalysisInputs::SetCalculatedSysts] => % sysematic = 0.3
[AnalysisInputs::SetCalculatedSysts] source : ChrageFlipSyst
[AnalysisInputs::SetCalculatedSysts] => % sysematic = 0.21
[CutRangeInfo::ReadCutCard] Get Cutcard from /home/jskim/Documents/trilepton_13TeV/DiLepton/data/v8-0-7.36/CutOpCard/OPTIMIZED_171107_MuMu_HighMass/HNMuMu_300.txt
prompt_tau21_syst = 0
signal_tau21_syst = 0
Central	4.36028	0.475938	0
_MuonEn_up	4.87108	0.475938	0
_MuonEn_down	3.87109	0.475938	0
_MuonIDSF_up	4.6627	0.475938	0
_MuonIDSF_down	4.22937	0.475938	0
_ElectronEn_up	4.41171	0.475938	0
_ElectronEn_down	4.27958	0.475938	0
_ElectronIDSF_up	4.42009	0.475938	0
_ElectronIDSF_down	4.41782	0.475938	0
_TriggerSF_up	4.44344	0.475938	0
_TriggerSF_down	4.41377	0.475938	0
_PU_up	4.49873	0.475938	0
_PU_down	4.18165	0.475938	0
_JetEn_up	5.73488	0.475938	0
_JetEn_down	5.1974	0.475938	0
_JetRes_up	4.41347	0.475938	0
_JetRes_down	4.43291	0.475938	0
_Unclustered_up	5.35324	0.475938	0
_Unclustered_down	4.62199	0.475938	0
_BTagSFEff_up	4.36074	0.475938	0
_BTagSFEff_down	4.44742	0.475938	0
_BTagSFMiss_up	4.34814	0.475938	0
_BTagSFMiss_down	4.44033	0.475938	0
_JetMass_up	4.41052	0.475938	0
_JetMass_down	4.38986	0.475938	0
_JetMassRes_up	4.41418	0.475938	0
_JetMassRes_down	4.40886	0.475938	0

################ Sources ################
Source	SystTotal	SystPrompt	SystFake	Signal
Stat 10.50 10.85  38.69  -nan  1.07
Lumi 2.25  2.50 -  -  2.50
PDF  -  -  -  -  2.50
MuonPt  10.34 11.47  -  -  4.66
MuonID  4.82 5.34  -  -  4.45
ElectronE  1.40 1.55  -  -  0.12
ElectronID  1.21 1.35  -  -  0.14
Trigger  1.45 1.60  -  -  0.12
PU  3.30 3.67  -  -  1.23
JES  23.53 26.10  -  -  0.87
JER  1.32 1.46  -  -  0.90
Uncl  15.01 16.65  -  -  1.15
BEff  1.27 1.41  -  -  0.33
BMiss  1.18 1.31  -  -  0.52
JMS  0.85 0.95  -  -  0.10
JMR  1.06 1.18  -  -  0.24
Tau21 0.00  0.00 -  -  0.00
MCNorm 13.83  15.34 -  -  -
Fake 2.95  -  30.00 - -
CF 0.00  -  -  -nan -
Total Systematic 33.72 37.26  30.00  -nan  7.67

Total Background	4.836
- Prompt	4.360
- Fake	0.476
- CF	0.000

####### Result #######
Signal Eff	0.108397
4.836221 1.353207
4.759012 1.077442
