
Processing HNMuMu_250.C...
[AnalysisInputs::SetMCSF] Get MC SF from /home/jskim/Documents/trilepton_13TeV/DiLepton/data/v8-0-7.36/MCSF.txt
[AnalysisInputs::SetMCSF] sample : VVV
[AnalysisInputs::SetMCSF] => MCSF = 1, MCSF_err = 0.5
[AnalysisInputs::SetMCSF] sample : WWW
[AnalysisInputs::SetMCSF] => MCSF = 1, MCSF_err = 0.5
[AnalysisInputs::SetMCSF] sample : WWZ
[AnalysisInputs::SetMCSF] => MCSF = 1, MCSF_err = 0.5
[AnalysisInputs::SetMCSF] sample : WZZ
[AnalysisInputs::SetMCSF] => MCSF = 1, MCSF_err = 0.5
[AnalysisInputs::SetMCSF] sample : ZZZ
[AnalysisInputs::SetMCSF] => MCSF = 1, MCSF_err = 0.5
[AnalysisInputs::SetMCSF] sample : ttV
[AnalysisInputs::SetMCSF] => MCSF = 1, MCSF_err = 0.5
[AnalysisInputs::SetMCSF] sample : ttW
[AnalysisInputs::SetMCSF] => MCSF = 1, MCSF_err = 0.5
[AnalysisInputs::SetMCSF] sample : ttZ
[AnalysisInputs::SetMCSF] => MCSF = 1, MCSF_err = 0.5
[AnalysisInputs::SetMCSF] sample : ttH_nonbb
[AnalysisInputs::SetMCSF] => MCSF = 1, MCSF_err = 0.5
[AnalysisInputs::SetMCSF] sample : top
[AnalysisInputs::SetMCSF] => MCSF = 1, MCSF_err = 0.5
[AnalysisInputs::SetMCSF] sample : WZTo3LNu_powheg
[AnalysisInputs::SetMCSF] => MCSF = 1.00165, MCSF_err = 0.0888561
[AnalysisInputs::SetMCSF] sample : ZGto2LG
[AnalysisInputs::SetMCSF] => MCSF = 0.794861, MCSF_err = 0.155181
[AnalysisInputs::SetMCSF] sample : ZZTo4L_powheg
[AnalysisInputs::SetMCSF] => MCSF = 0.926685, MCSF_err = 0.102827
[AnalysisInputs::SetMCSF] sample : ggZZto2e2mu
[AnalysisInputs::SetMCSF] => MCSF = 0.926685, MCSF_err = 0.102827
[AnalysisInputs::SetMCSF] sample : ggZZto2e2nu
[AnalysisInputs::SetMCSF] => MCSF = 0.926685, MCSF_err = 0.102827
[AnalysisInputs::SetMCSF] sample : ggZZto2e2tau
[AnalysisInputs::SetMCSF] => MCSF = 0.926685, MCSF_err = 0.102827
[AnalysisInputs::SetMCSF] sample : ggZZto2mu2nu
[AnalysisInputs::SetMCSF] => MCSF = 0.926685, MCSF_err = 0.102827
[AnalysisInputs::SetMCSF] sample : ggZZto2mu2tau
[AnalysisInputs::SetMCSF] => MCSF = 0.926685, MCSF_err = 0.102827
[AnalysisInputs::SetMCSF] sample : ggZZto4e
[AnalysisInputs::SetMCSF] => MCSF = 0.926685, MCSF_err = 0.102827
[AnalysisInputs::SetMCSF] sample : ggZZto4mu
[AnalysisInputs::SetMCSF] => MCSF = 0.926685, MCSF_err = 0.102827
[AnalysisInputs::SetMCSF] sample : ggZZto4tau
[AnalysisInputs::SetMCSF] => MCSF = 0.926685, MCSF_err = 0.102827
[AnalysisInputs::SetCalculatedSysts] Get Systematics from /home/jskim/Documents/trilepton_13TeV/DiLepton/data/v8-0-7.36/Syst.txt
[AnalysisInputs::SetCalculatedSysts] source : Luminosity
[AnalysisInputs::SetCalculatedSysts] => % sysematic = 0.025
[AnalysisInputs::SetCalculatedSysts] source : FakeLooseID
[AnalysisInputs::SetCalculatedSysts] => % sysematic = 0.3
[AnalysisInputs::SetCalculatedSysts] source : ChrageFlipSyst
[AnalysisInputs::SetCalculatedSysts] => % sysematic = 0.21
[CutRangeInfo::ReadCutCard] Get Cutcard from /home/jskim/Documents/trilepton_13TeV/DiLepton/data/v8-0-7.36/CutOpCard/OPTIMIZED_171107_MuMu_HighMass/HNMuMu_250.txt
prompt_tau21_syst = 0
signal_tau21_syst = 0
Central	4.29138	1.49552	0
_MuonEn_up	4.44964	1.49552	0
_MuonEn_down	4.63524	1.49552	0
_MuonIDSF_up	4.42535	1.49552	0
_MuonIDSF_down	4.12056	1.49552	0
_ElectronEn_up	4.26823	1.49552	0
_ElectronEn_down	4.21191	1.49552	0
_ElectronIDSF_up	4.25013	1.49552	0
_ElectronIDSF_down	4.28326	1.49552	0
_TriggerSF_up	4.2694	1.49552	0
_TriggerSF_down	4.28117	1.49552	0
_PU_up	4.3849	1.49552	0
_PU_down	4.19989	1.49552	0
_JetEn_up	5.75189	1.49552	0
_JetEn_down	5.51928	1.49552	0
_JetRes_up	4.34592	1.49552	0
_JetRes_down	4.09921	1.49552	0
_Unclustered_up	5.45008	1.49552	0
_Unclustered_down	4.46597	1.49552	0
_BTagSFEff_up	4.26483	1.49552	0
_BTagSFEff_down	4.30037	1.49552	0
_BTagSFMiss_up	4.10376	1.49552	0
_BTagSFMiss_down	4.27577	1.49552	0
_JetMass_up	4.27887	1.49552	0
_JetMass_down	4.27385	1.49552	0
_JetMassRes_up	4.26069	1.49552	0
_JetMassRes_down	4.30448	1.49552	0

################ Sources ################
Source	SystTotal	SystPrompt	SystFake	Signal
Stat 9.83 10.75  22.24  -nan  1.24
Lumi 1.85  2.50 -  -  2.50
PDF  -  -  -  -  8.53
MuonPt  4.63 6.24  -  -  1.32
MuonID  2.65 3.58  -  -  3.37
ElectronE  1.01 1.36  -  -  0.07
ElectronID  0.51 0.69  -  -  0.11
Trigger  0.30 0.40  -  -  0.02
PU  1.60 2.16  -  -  1.16
JES  23.32 31.44  -  -  0.93
JER  2.44 3.29  -  -  1.32
Uncl  14.32 19.31  -  -  1.40
BEff  0.34 0.46  -  -  0.31
BMiss  2.30 3.10  -  -  0.41
JMS  0.26 0.35  -  -  0.19
JMR  0.41 0.55  -  -  0.22
Tau21 0.00  0.00 -  -  0.00
MCNorm 11.62  15.67 -  -  -
Fake 7.75  -  30.00 - -
CF 0.00  -  -  -nan -
Total Systematic 31.48 41.15  30.00  -nan  9.92

Total Background	5.787
- Prompt	4.291
- Fake	1.496
- CF	0.000

####### Result #######
Signal Eff	0.145267
5.786897 1.329803
7.315272 1.099970
