
Processing HNMuMu_90.C...
[AnalysisInputs::SetMCSF] Get MC SF from /home/jskim/Documents/trilepton_13TeV/DiLepton/data/v8-0-7.32/MCSF.txt
[AnalysisInputs::SetMCSF] sample : VVV
[AnalysisInputs::SetMCSF] => MCSF = 1, MCSF_err = 0.5
[AnalysisInputs::SetMCSF] sample : WWW
[AnalysisInputs::SetMCSF] => MCSF = 1, MCSF_err = 0.5
[AnalysisInputs::SetMCSF] sample : WWZ
[AnalysisInputs::SetMCSF] => MCSF = 1, MCSF_err = 0.5
[AnalysisInputs::SetMCSF] sample : WZZ
[AnalysisInputs::SetMCSF] => MCSF = 1, MCSF_err = 0.5
[AnalysisInputs::SetMCSF] sample : ZZZ
[AnalysisInputs::SetMCSF] => MCSF = 1, MCSF_err = 0.5
[AnalysisInputs::SetMCSF] sample : ttV
[AnalysisInputs::SetMCSF] => MCSF = 1, MCSF_err = 0.5
[AnalysisInputs::SetMCSF] sample : ttW
[AnalysisInputs::SetMCSF] => MCSF = 1, MCSF_err = 0.5
[AnalysisInputs::SetMCSF] sample : ttZ
[AnalysisInputs::SetMCSF] => MCSF = 1, MCSF_err = 0.5
[AnalysisInputs::SetMCSF] sample : ttH_nonbb
[AnalysisInputs::SetMCSF] => MCSF = 1, MCSF_err = 0.5
[AnalysisInputs::SetMCSF] sample : top
[AnalysisInputs::SetMCSF] => MCSF = 1, MCSF_err = 0.5
[AnalysisInputs::SetMCSF] sample : WZTo3LNu_powheg
[AnalysisInputs::SetMCSF] => MCSF = 0.990529, MCSF_err = 0.0659614
[AnalysisInputs::SetMCSF] sample : ZGto2LG
[AnalysisInputs::SetMCSF] => MCSF = 0.779045, MCSF_err = 0.182441
[AnalysisInputs::SetMCSF] sample : ZZTo4L_powheg
[AnalysisInputs::SetMCSF] => MCSF = 0.93079, MCSF_err = 0.110885
[AnalysisInputs::SetMCSF] sample : ggZZto2e2mu
[AnalysisInputs::SetMCSF] => MCSF = 0.93079, MCSF_err = 0.110885
[AnalysisInputs::SetMCSF] sample : ggZZto2e2nu
[AnalysisInputs::SetMCSF] => MCSF = 0.93079, MCSF_err = 0.110885
[AnalysisInputs::SetMCSF] sample : ggZZto2e2tau
[AnalysisInputs::SetMCSF] => MCSF = 0.93079, MCSF_err = 0.110885
[AnalysisInputs::SetMCSF] sample : ggZZto2mu2nu
[AnalysisInputs::SetMCSF] => MCSF = 0.93079, MCSF_err = 0.110885
[AnalysisInputs::SetMCSF] sample : ggZZto2mu2tau
[AnalysisInputs::SetMCSF] => MCSF = 0.93079, MCSF_err = 0.110885
[AnalysisInputs::SetMCSF] sample : ggZZto4e
[AnalysisInputs::SetMCSF] => MCSF = 0.93079, MCSF_err = 0.110885
[AnalysisInputs::SetMCSF] sample : ggZZto4mu
[AnalysisInputs::SetMCSF] => MCSF = 0.93079, MCSF_err = 0.110885
[AnalysisInputs::SetMCSF] sample : ggZZto4tau
[AnalysisInputs::SetMCSF] => MCSF = 0.93079, MCSF_err = 0.110885
[AnalysisInputs::SetCalculatedSysts] Get Systematics from /home/jskim/Documents/trilepton_13TeV/DiLepton/data/v8-0-7.32/Syst.txt
[AnalysisInputs::SetCalculatedSysts] source : Luminosity
[AnalysisInputs::SetCalculatedSysts] => % sysematic = 0.025
[AnalysisInputs::SetCalculatedSysts] source : FakeLooseID
[AnalysisInputs::SetCalculatedSysts] => % sysematic = 0.3
[AnalysisInputs::SetCalculatedSysts] source : ChrageFlipSyst
[AnalysisInputs::SetCalculatedSysts] => % sysematic = 0.21
[CutRangeInfo::ReadCutCard] Get Cutcard from /home/jskim/Documents/trilepton_13TeV/DiLepton/data/v8-0-7.32/CutOpCard/OPTIMIZED_171107_MuMu_HighMass/HNMuMu_90.txt
prompt_tau21_syst = 0
signal_tau21_syst = 0
Central	14.7729	13.6512	0
_MuonEn_up	14.6972	13.6512	0
_MuonEn_down	14.8376	13.6512	0
_MuonIDSF_up	16.2891	13.6512	0
_MuonIDSF_down	13.4332	13.6512	0
_ElectronEn_up	14.6009	13.6512	0
_ElectronEn_down	14.683	13.6512	0
_ElectronIDSF_up	14.6631	13.6512	0
_ElectronIDSF_down	14.6069	13.6512	0
_TriggerSF_up	14.7071	13.6512	0
_TriggerSF_down	14.2932	13.6512	0
_PU_up	14.0954	13.6512	0
_PU_down	15.616	13.6512	0
_JetEn_up	17.1035	13.6512	0
_JetEn_down	16.9818	13.6512	0
_JetRes_up	15.6962	13.6512	0
_JetRes_down	14.7	13.6512	0
_Unclustered_up	15.9275	13.6512	0
_Unclustered_down	16.2449	13.6512	0
_BTagSFEff_up	14.6333	13.6512	0
_BTagSFEff_down	14.7654	13.6512	0
_BTagSFMiss_up	14.7341	13.6512	0
_BTagSFMiss_down	14.7593	13.6512	0
_JetMass_up	14.6592	13.6512	0
_JetMass_down	14.9984	13.6512	0
_JetMassRes_up	14.3039	13.6512	0
_JetMassRes_down	14.6802	13.6512	0

################ Sources ################
Source	SystTotal	SystPrompt	SystFake	Signal
Stat 11.86 21.14  9.30  -nan  5.18
Lumi 1.30  2.50 -  -  2.50
PDF  -  -  -  -  8.53
MuonPt  0.25 0.48  -  -  1.58
MuonID  5.03 9.68  -  -  9.43
ElectronE  0.48 0.93  -  -  0.36
ElectronID  0.50 0.95  -  -  0.29
Trigger  1.20 2.32  -  -  0.29
PU  2.69 5.18  -  -  2.32
JES  7.99 15.37  -  -  2.66
JER  2.30 4.43  -  -  2.04
Uncl  4.65 8.95  -  -  2.93
BEff  0.35 0.67  -  -  0.61
BMiss  0.10 0.20  -  -  0.48
JMS  0.63 1.21  -  -  0.40
JMR  1.19 2.29  -  -  0.46
Tau21 0.00  0.00 -  -  0.00
MCNorm 3.01  5.80 -  -  -
Fake 14.41  -  30.00 - -
CF 0.00  -  -  -nan -
Total Systematic 18.59 22.61  30.00  -nan  14.03

Total Background	28.424
- Prompt	14.773
- Fake	13.651
- CF	0.000

####### Result #######
Signal Eff	0.007600
28.424105 1.220514
40.774655 1.149600
