
Processing HNMuMu_800.C...
[AnalysisInputs::SetMCSF] Get MC SF from /home/jskim/Documents/trilepton_13TeV/DiLepton/data/v8-0-7.36/MCSF.txt
[AnalysisInputs::SetMCSF] sample : VVV
[AnalysisInputs::SetMCSF] => MCSF = 1, MCSF_err = 0.5
[AnalysisInputs::SetMCSF] sample : WWW
[AnalysisInputs::SetMCSF] => MCSF = 1, MCSF_err = 0.5
[AnalysisInputs::SetMCSF] sample : WWZ
[AnalysisInputs::SetMCSF] => MCSF = 1, MCSF_err = 0.5
[AnalysisInputs::SetMCSF] sample : WZZ
[AnalysisInputs::SetMCSF] => MCSF = 1, MCSF_err = 0.5
[AnalysisInputs::SetMCSF] sample : ZZZ
[AnalysisInputs::SetMCSF] => MCSF = 1, MCSF_err = 0.5
[AnalysisInputs::SetMCSF] sample : ttV
[AnalysisInputs::SetMCSF] => MCSF = 1, MCSF_err = 0.5
[AnalysisInputs::SetMCSF] sample : ttW
[AnalysisInputs::SetMCSF] => MCSF = 1, MCSF_err = 0.5
[AnalysisInputs::SetMCSF] sample : ttZ
[AnalysisInputs::SetMCSF] => MCSF = 1, MCSF_err = 0.5
[AnalysisInputs::SetMCSF] sample : ttH_nonbb
[AnalysisInputs::SetMCSF] => MCSF = 1, MCSF_err = 0.5
[AnalysisInputs::SetMCSF] sample : top
[AnalysisInputs::SetMCSF] => MCSF = 1, MCSF_err = 0.5
[AnalysisInputs::SetMCSF] sample : WZTo3LNu_powheg
[AnalysisInputs::SetMCSF] => MCSF = 1.00165, MCSF_err = 0.0888561
[AnalysisInputs::SetMCSF] sample : ZGto2LG
[AnalysisInputs::SetMCSF] => MCSF = 0.794861, MCSF_err = 0.155181
[AnalysisInputs::SetMCSF] sample : ZZTo4L_powheg
[AnalysisInputs::SetMCSF] => MCSF = 0.926685, MCSF_err = 0.102827
[AnalysisInputs::SetMCSF] sample : ggZZto2e2mu
[AnalysisInputs::SetMCSF] => MCSF = 0.926685, MCSF_err = 0.102827
[AnalysisInputs::SetMCSF] sample : ggZZto2e2nu
[AnalysisInputs::SetMCSF] => MCSF = 0.926685, MCSF_err = 0.102827
[AnalysisInputs::SetMCSF] sample : ggZZto2e2tau
[AnalysisInputs::SetMCSF] => MCSF = 0.926685, MCSF_err = 0.102827
[AnalysisInputs::SetMCSF] sample : ggZZto2mu2nu
[AnalysisInputs::SetMCSF] => MCSF = 0.926685, MCSF_err = 0.102827
[AnalysisInputs::SetMCSF] sample : ggZZto2mu2tau
[AnalysisInputs::SetMCSF] => MCSF = 0.926685, MCSF_err = 0.102827
[AnalysisInputs::SetMCSF] sample : ggZZto4e
[AnalysisInputs::SetMCSF] => MCSF = 0.926685, MCSF_err = 0.102827
[AnalysisInputs::SetMCSF] sample : ggZZto4mu
[AnalysisInputs::SetMCSF] => MCSF = 0.926685, MCSF_err = 0.102827
[AnalysisInputs::SetMCSF] sample : ggZZto4tau
[AnalysisInputs::SetMCSF] => MCSF = 0.926685, MCSF_err = 0.102827
[AnalysisInputs::SetCalculatedSysts] Get Systematics from /home/jskim/Documents/trilepton_13TeV/DiLepton/data/v8-0-7.36/Syst.txt
[AnalysisInputs::SetCalculatedSysts] source : Luminosity
[AnalysisInputs::SetCalculatedSysts] => % sysematic = 0.025
[AnalysisInputs::SetCalculatedSysts] source : FakeLooseID
[AnalysisInputs::SetCalculatedSysts] => % sysematic = 0.3
[AnalysisInputs::SetCalculatedSysts] source : ChrageFlipSyst
[AnalysisInputs::SetCalculatedSysts] => % sysematic = 0.21
[CutRangeInfo::ReadCutCard] Get Cutcard from /home/jskim/Documents/trilepton_13TeV/DiLepton/data/v8-0-7.36/CutOpCard/OPTIMIZED_171107_MuMu_HighMass/HNMuMu_800.txt
prompt_tau21_syst = 0
signal_tau21_syst = 0
Central	0.70213	0	0
_MuonEn_up	0.894877	0	0
_MuonEn_down	0.692048	0	0
_MuonIDSF_up	0.696916	0	0
_MuonIDSF_down	0.630855	0	0
_ElectronEn_up	0.663381	0	0
_ElectronEn_down	0.664548	0	0
_ElectronIDSF_up	0.663625	0	0
_ElectronIDSF_down	0.579912	0	0
_TriggerSF_up	0.662787	0	0
_TriggerSF_down	0.661975	0	0
_PU_up	0.67451	0	0
_PU_down	0.654257	0	0
_JetEn_up	0.789815	0	0
_JetEn_down	0.848372	0	0
_JetRes_up	0.824189	0	0
_JetRes_down	0.669473	0	0
_Unclustered_up	0.585301	0	0
_Unclustered_down	0.680475	0	0
_BTagSFEff_up	0.661486	0	0
_BTagSFEff_down	0.669745	0	0
_BTagSFMiss_up	0.657996	0	0
_BTagSFMiss_down	0.670976	0	0
_JetMass_up	0.665248	0	0
_JetMass_down	0.663968	0	0
_JetMassRes_up	0.663625	0	0
_JetMassRes_down	0.654034	0	0

################ Sources ################
Source	SystTotal	SystPrompt	SystFake	Signal
Stat 23.24 23.24  -nan  -nan  1.66
Lumi 2.50  2.50 -  -  2.50
PDF  -  -  -  -  8.53
MuonPt  19.44 19.44  -  -  1.78
MuonID  7.20 7.20  -  -  4.17
ElectronE  5.44 5.44  -  -  0.09
ElectronID  12.90 12.90  -  -  0.06
Trigger  5.66 5.66  -  -  0.28
PU  5.57 5.57  -  -  0.40
JES  17.17 17.17  -  -  0.71
JER  12.72 12.72  -  -  0.41
Uncl  11.97 11.97  -  -  0.86
BEff  5.23 5.23  -  -  0.42
BMiss  5.44 5.44  -  -  0.57
JMS  5.34 5.34  -  -  0.35
JMR  6.20 6.20  -  -  0.19
Tau21 0.00  0.00 -  -  0.00
MCNorm 13.99  13.99 -  -  -
Fake 0.00  -  -nan - -
CF 0.00  -  -  -nan -
Total Systematic 40.18 40.18  -nan  -nan  10.09

Total Background	0.702
- Prompt	0.702
- Fake	0.000
- CF	0.000

####### Result #######
Signal Eff	0.092864
0.702130 1.464193
0.042295 1.102305
