
Processing HNMuMu_100.C...
[AnalysisInputs::SetMCSF] Get MC SF from /home/jskim/Documents/trilepton_13TeV/DiLepton/data/v8-0-7.32/MCSF.txt
[AnalysisInputs::SetMCSF] sample : VVV
[AnalysisInputs::SetMCSF] => MCSF = 1, MCSF_err = 0.5
[AnalysisInputs::SetMCSF] sample : WWW
[AnalysisInputs::SetMCSF] => MCSF = 1, MCSF_err = 0.5
[AnalysisInputs::SetMCSF] sample : WWZ
[AnalysisInputs::SetMCSF] => MCSF = 1, MCSF_err = 0.5
[AnalysisInputs::SetMCSF] sample : WZZ
[AnalysisInputs::SetMCSF] => MCSF = 1, MCSF_err = 0.5
[AnalysisInputs::SetMCSF] sample : ZZZ
[AnalysisInputs::SetMCSF] => MCSF = 1, MCSF_err = 0.5
[AnalysisInputs::SetMCSF] sample : ttV
[AnalysisInputs::SetMCSF] => MCSF = 1, MCSF_err = 0.5
[AnalysisInputs::SetMCSF] sample : ttW
[AnalysisInputs::SetMCSF] => MCSF = 1, MCSF_err = 0.5
[AnalysisInputs::SetMCSF] sample : ttZ
[AnalysisInputs::SetMCSF] => MCSF = 1, MCSF_err = 0.5
[AnalysisInputs::SetMCSF] sample : ttH_nonbb
[AnalysisInputs::SetMCSF] => MCSF = 1, MCSF_err = 0.5
[AnalysisInputs::SetMCSF] sample : top
[AnalysisInputs::SetMCSF] => MCSF = 1, MCSF_err = 0.5
[AnalysisInputs::SetMCSF] sample : WZTo3LNu_powheg
[AnalysisInputs::SetMCSF] => MCSF = 0.990529, MCSF_err = 0.0659614
[AnalysisInputs::SetMCSF] sample : ZGto2LG
[AnalysisInputs::SetMCSF] => MCSF = 0.779045, MCSF_err = 0.182441
[AnalysisInputs::SetMCSF] sample : ZZTo4L_powheg
[AnalysisInputs::SetMCSF] => MCSF = 0.93079, MCSF_err = 0.110885
[AnalysisInputs::SetMCSF] sample : ggZZto2e2mu
[AnalysisInputs::SetMCSF] => MCSF = 0.93079, MCSF_err = 0.110885
[AnalysisInputs::SetMCSF] sample : ggZZto2e2nu
[AnalysisInputs::SetMCSF] => MCSF = 0.93079, MCSF_err = 0.110885
[AnalysisInputs::SetMCSF] sample : ggZZto2e2tau
[AnalysisInputs::SetMCSF] => MCSF = 0.93079, MCSF_err = 0.110885
[AnalysisInputs::SetMCSF] sample : ggZZto2mu2nu
[AnalysisInputs::SetMCSF] => MCSF = 0.93079, MCSF_err = 0.110885
[AnalysisInputs::SetMCSF] sample : ggZZto2mu2tau
[AnalysisInputs::SetMCSF] => MCSF = 0.93079, MCSF_err = 0.110885
[AnalysisInputs::SetMCSF] sample : ggZZto4e
[AnalysisInputs::SetMCSF] => MCSF = 0.93079, MCSF_err = 0.110885
[AnalysisInputs::SetMCSF] sample : ggZZto4mu
[AnalysisInputs::SetMCSF] => MCSF = 0.93079, MCSF_err = 0.110885
[AnalysisInputs::SetMCSF] sample : ggZZto4tau
[AnalysisInputs::SetMCSF] => MCSF = 0.93079, MCSF_err = 0.110885
[AnalysisInputs::SetCalculatedSysts] Get Systematics from /home/jskim/Documents/trilepton_13TeV/DiLepton/data/v8-0-7.32/Syst.txt
[AnalysisInputs::SetCalculatedSysts] source : Luminosity
[AnalysisInputs::SetCalculatedSysts] => % sysematic = 0.025
[AnalysisInputs::SetCalculatedSysts] source : FakeLooseID
[AnalysisInputs::SetCalculatedSysts] => % sysematic = 0.3
[AnalysisInputs::SetCalculatedSysts] source : ChrageFlipSyst
[AnalysisInputs::SetCalculatedSysts] => % sysematic = 0.21
[CutRangeInfo::ReadCutCard] Get Cutcard from /home/jskim/Documents/trilepton_13TeV/DiLepton/data/v8-0-7.32/CutOpCard/OPTIMIZED_171107_MuMu_HighMass/HNMuMu_100.txt
prompt_tau21_syst = 0
signal_tau21_syst = 0
Central	19.7776	20.4837	0
_MuonEn_up	19.5746	20.4837	0
_MuonEn_down	19.7036	20.4837	0
_MuonIDSF_up	21.8702	20.4837	0
_MuonIDSF_down	17.9133	20.4837	0
_ElectronEn_up	19.5393	20.4837	0
_ElectronEn_down	19.6523	20.4837	0
_ElectronIDSF_up	19.6211	20.4837	0
_ElectronIDSF_down	19.6037	20.4837	0
_TriggerSF_up	19.6883	20.4837	0
_TriggerSF_down	19.2451	20.4837	0
_PU_up	19.1719	20.4837	0
_PU_down	20.525	20.4837	0
_JetEn_up	22.5885	20.4837	0
_JetEn_down	20.0869	20.4837	0
_JetRes_up	20.8372	20.4837	0
_JetRes_down	19.1538	20.4837	0
_Unclustered_up	21.9898	20.4837	0
_Unclustered_down	21.6943	20.4837	0
_BTagSFEff_up	19.509	20.4837	0
_BTagSFEff_down	19.7687	20.4837	0
_BTagSFMiss_up	19.6948	20.4837	0
_BTagSFMiss_down	19.7466	20.4837	0
_JetMass_up	19.5878	20.4837	0
_JetMass_down	19.9782	20.4837	0
_JetMassRes_up	19.339	20.4837	0
_JetMassRes_down	19.6462	20.4837	0

################ Sources ################
Source	SystTotal	SystPrompt	SystFake	Signal
Stat 9.41 17.51  7.53  -nan  2.40
Lumi 1.23  2.50 -  -  2.50
PDF  -  -  -  -  8.53
MuonPt  0.38 0.77  -  -  0.70
MuonID  4.92 10.02  -  -  8.18
ElectronE  0.47 0.96  -  -  0.34
ElectronID  0.41 0.84  -  -  0.34
Trigger  0.95 1.93  -  -  0.15
PU  1.69 3.44  -  -  1.95
JES  4.97 10.11  -  -  1.04
JER  2.16 4.40  -  -  1.51
Uncl  5.14 10.47  -  -  2.28
BEff  0.47 0.96  -  -  0.42
BMiss  0.16 0.32  -  -  0.47
JMS  0.49 0.99  -  -  0.58
JMR  0.80 1.64  -  -  0.37
Tau21 0.00  0.00 -  -  0.00
MCNorm 3.46  7.05 -  -  -
Fake 15.26  -  30.00 - -
CF 0.00  -  -  -nan -
Total Systematic 18.22 20.24  30.00  -nan  12.65

Total Background	40.261
- Prompt	19.778
- Fake	20.484
- CF	0.000

####### Result #######
Signal Eff	0.034045
40.261279 1.205059
91.460756 1.128747
