
Processing HNMuMu_300.C...
[AnalysisInputs::SetMCSF] Get MC SF from /home/jskim/Documents/trilepton_13TeV/DiLepton/data/v8-0-7.36/MCSF.txt
[AnalysisInputs::SetMCSF] sample : VVV
[AnalysisInputs::SetMCSF] => MCSF = 1, MCSF_err = 0.5
[AnalysisInputs::SetMCSF] sample : WWW
[AnalysisInputs::SetMCSF] => MCSF = 1, MCSF_err = 0.5
[AnalysisInputs::SetMCSF] sample : WWZ
[AnalysisInputs::SetMCSF] => MCSF = 1, MCSF_err = 0.5
[AnalysisInputs::SetMCSF] sample : WZZ
[AnalysisInputs::SetMCSF] => MCSF = 1, MCSF_err = 0.5
[AnalysisInputs::SetMCSF] sample : ZZZ
[AnalysisInputs::SetMCSF] => MCSF = 1, MCSF_err = 0.5
[AnalysisInputs::SetMCSF] sample : ttV
[AnalysisInputs::SetMCSF] => MCSF = 1, MCSF_err = 0.5
[AnalysisInputs::SetMCSF] sample : ttW
[AnalysisInputs::SetMCSF] => MCSF = 1, MCSF_err = 0.5
[AnalysisInputs::SetMCSF] sample : ttZ
[AnalysisInputs::SetMCSF] => MCSF = 1, MCSF_err = 0.5
[AnalysisInputs::SetMCSF] sample : ttH_nonbb
[AnalysisInputs::SetMCSF] => MCSF = 1, MCSF_err = 0.5
[AnalysisInputs::SetMCSF] sample : top
[AnalysisInputs::SetMCSF] => MCSF = 1, MCSF_err = 0.5
[AnalysisInputs::SetMCSF] sample : WZTo3LNu_powheg
[AnalysisInputs::SetMCSF] => MCSF = 1.00165, MCSF_err = 0.0888561
[AnalysisInputs::SetMCSF] sample : ZGto2LG
[AnalysisInputs::SetMCSF] => MCSF = 0.794861, MCSF_err = 0.155181
[AnalysisInputs::SetMCSF] sample : ZZTo4L_powheg
[AnalysisInputs::SetMCSF] => MCSF = 0.926685, MCSF_err = 0.102827
[AnalysisInputs::SetMCSF] sample : ggZZto2e2mu
[AnalysisInputs::SetMCSF] => MCSF = 0.926685, MCSF_err = 0.102827
[AnalysisInputs::SetMCSF] sample : ggZZto2e2nu
[AnalysisInputs::SetMCSF] => MCSF = 0.926685, MCSF_err = 0.102827
[AnalysisInputs::SetMCSF] sample : ggZZto2e2tau
[AnalysisInputs::SetMCSF] => MCSF = 0.926685, MCSF_err = 0.102827
[AnalysisInputs::SetMCSF] sample : ggZZto2mu2nu
[AnalysisInputs::SetMCSF] => MCSF = 0.926685, MCSF_err = 0.102827
[AnalysisInputs::SetMCSF] sample : ggZZto2mu2tau
[AnalysisInputs::SetMCSF] => MCSF = 0.926685, MCSF_err = 0.102827
[AnalysisInputs::SetMCSF] sample : ggZZto4e
[AnalysisInputs::SetMCSF] => MCSF = 0.926685, MCSF_err = 0.102827
[AnalysisInputs::SetMCSF] sample : ggZZto4mu
[AnalysisInputs::SetMCSF] => MCSF = 0.926685, MCSF_err = 0.102827
[AnalysisInputs::SetMCSF] sample : ggZZto4tau
[AnalysisInputs::SetMCSF] => MCSF = 0.926685, MCSF_err = 0.102827
[AnalysisInputs::SetCalculatedSysts] Get Systematics from /home/jskim/Documents/trilepton_13TeV/DiLepton/data/v8-0-7.36/Syst.txt
[AnalysisInputs::SetCalculatedSysts] source : Luminosity
[AnalysisInputs::SetCalculatedSysts] => % sysematic = 0.025
[AnalysisInputs::SetCalculatedSysts] source : FakeLooseID
[AnalysisInputs::SetCalculatedSysts] => % sysematic = 0.3
[AnalysisInputs::SetCalculatedSysts] source : ChrageFlipSyst
[AnalysisInputs::SetCalculatedSysts] => % sysematic = 0.21
[CutRangeInfo::ReadCutCard] Get Cutcard from /home/jskim/Documents/trilepton_13TeV/DiLepton/data/v8-0-7.36/CutOpCard/OPTIMIZED_171107_MuMu_HighMass/HNMuMu_300.txt
prompt_tau21_syst = 0
signal_tau21_syst = 0
Central	4.60095	0.490636	0
_MuonEn_up	5.12101	0.490636	0
_MuonEn_down	4.03497	0.490636	0
_MuonIDSF_up	4.75074	0.490636	0
_MuonIDSF_down	4.42559	0.490636	0
_ElectronEn_up	4.5431	0.490636	0
_ElectronEn_down	4.56445	0.490636	0
_ElectronIDSF_up	4.55667	0.490636	0
_ElectronIDSF_down	4.60264	0.490636	0
_TriggerSF_up	4.56894	0.490636	0
_TriggerSF_down	4.5191	0.490636	0
_PU_up	4.63409	0.490636	0
_PU_down	4.41266	0.490636	0
_JetEn_up	5.96199	0.490636	0
_JetEn_down	5.5465	0.490636	0
_JetRes_up	4.61885	0.490636	0
_JetRes_down	4.5125	0.490636	0
_Unclustered_up	5.53162	0.490636	0
_Unclustered_down	4.79627	0.490636	0
_BTagSFEff_up	4.58157	0.490636	0
_BTagSFEff_down	4.52861	0.490636	0
_BTagSFMiss_up	4.47103	0.490636	0
_BTagSFMiss_down	4.59666	0.490636	0
_JetMass_up	4.60089	0.490636	0
_JetMass_down	4.59044	0.490636	0
_JetMassRes_up	4.54489	0.490636	0
_JetMassRes_down	4.62081	0.490636	0

################ Sources ################
Source	SystTotal	SystPrompt	SystFake	Signal
Stat 10.36 10.66  39.38  -nan  1.11
Lumi 2.26  2.50 -  -  2.50
PDF  -  -  -  -  8.53
MuonPt  10.67 11.81  -  -  4.36
MuonID  3.20 3.54  -  -  3.55
ElectronE  0.95 1.05  -  -  0.09
ElectronID  0.62 0.68  -  -  0.11
Trigger  1.22 1.35  -  -  0.20
PU  2.66 2.94  -  -  1.16
JES  23.02 25.47  -  -  0.53
JER  1.25 1.39  -  -  0.94
Uncl  13.21 14.61  -  -  1.07
BEff  1.04 1.15  -  -  0.11
BMiss  1.81 2.00  -  -  0.53
JMS  0.15 0.16  -  -  0.11
JMR  0.83 0.91  -  -  0.17
Tau21 0.00  0.00 -  -  0.00
MCNorm 13.97  15.46 -  -  -
Fake 2.89  -  30.00 - -
CF 0.00  -  -  -nan -
Total Systematic 32.46 35.77  30.00  -nan  10.71

Total Background	5.092
- Prompt	4.601
- Fake	0.491
- CF	0.000

####### Result #######
Signal Eff	0.178700
5.091588 1.340672
4.541468 1.107646
