
Processing CyclesForMixingLimit_MuMu_Bin2/HNMuMu_150.C...
[AnalysisInputs::SetMCSF] Get MC SF from /data8/Users/jskim/HN_dilepton_plotter/data/v8-0-7.37_ForApproval_Puppi/MCSF.txt
[AnalysisInputs::SetMCSF] sample : VVV
[AnalysisInputs::SetMCSF] => MCSF = 1, MCSF_err = 0.5
[AnalysisInputs::SetMCSF] sample : WWW
[AnalysisInputs::SetMCSF] => MCSF = 1, MCSF_err = 0.5
[AnalysisInputs::SetMCSF] sample : WWZ
[AnalysisInputs::SetMCSF] => MCSF = 1, MCSF_err = 0.5
[AnalysisInputs::SetMCSF] sample : WZZ
[AnalysisInputs::SetMCSF] => MCSF = 1, MCSF_err = 0.5
[AnalysisInputs::SetMCSF] sample : ZZZ
[AnalysisInputs::SetMCSF] => MCSF = 1, MCSF_err = 0.5
[AnalysisInputs::SetMCSF] sample : ttV
[AnalysisInputs::SetMCSF] => MCSF = 1, MCSF_err = 0.5
[AnalysisInputs::SetMCSF] sample : ttW
[AnalysisInputs::SetMCSF] => MCSF = 1, MCSF_err = 0.5
[AnalysisInputs::SetMCSF] sample : ttZ
[AnalysisInputs::SetMCSF] => MCSF = 1, MCSF_err = 0.5
[AnalysisInputs::SetMCSF] sample : ttH_nonbb
[AnalysisInputs::SetMCSF] => MCSF = 1, MCSF_err = 0.5
[AnalysisInputs::SetMCSF] sample : top
[AnalysisInputs::SetMCSF] => MCSF = 1, MCSF_err = 0.5
[AnalysisInputs::SetMCSF] sample : WWTo2L2Nu_DS
[AnalysisInputs::SetMCSF] => MCSF = 1, MCSF_err = 0.5
[AnalysisInputs::SetMCSF] sample : WpWpEWK
[AnalysisInputs::SetMCSF] => MCSF = 1.3062, MCSF_err = 0.5
[AnalysisInputs::SetMCSF] sample : WpWpQCD
[AnalysisInputs::SetMCSF] => MCSF = 1.70026, MCSF_err = 0.5
[AnalysisInputs::SetMCSF] sample : WZTo3LNu_mllmin01
[AnalysisInputs::SetMCSF] => MCSF = 0.65, MCSF_err = 0.06
[AnalysisInputs::SetMCSF] sample : WZTo3LNu_powheg
[AnalysisInputs::SetMCSF] => MCSF = 1.05212, MCSF_err = 0.066085
[AnalysisInputs::SetMCSF] sample : ZGto2LG
[AnalysisInputs::SetMCSF] => MCSF = 1.09608, MCSF_err = 0.0747672
[AnalysisInputs::SetMCSF] sample : WGtoLNuG
[AnalysisInputs::SetMCSF] => MCSF = 1, MCSF_err = 0.0747672
[AnalysisInputs::SetMCSF] sample : WGtoLNuG_weighted
[AnalysisInputs::SetMCSF] => MCSF = 1, MCSF_err = 0.0747672
[AnalysisInputs::SetMCSF] sample : ZZTo4L_powheg
[AnalysisInputs::SetMCSF] => MCSF = 0.978495, MCSF_err = 0.0795031
[AnalysisInputs::SetMCSF] sample : ggZZto2e2mu
[AnalysisInputs::SetMCSF] => MCSF = 0.978495, MCSF_err = 0.0795031
[AnalysisInputs::SetMCSF] sample : ggZZto2e2nu
[AnalysisInputs::SetMCSF] => MCSF = 0.978495, MCSF_err = 0.0795031
[AnalysisInputs::SetMCSF] sample : ggZZto2e2tau
[AnalysisInputs::SetMCSF] => MCSF = 0.978495, MCSF_err = 0.0795031
[AnalysisInputs::SetMCSF] sample : ggZZto2mu2nu
[AnalysisInputs::SetMCSF] => MCSF = 0.978495, MCSF_err = 0.0795031
[AnalysisInputs::SetMCSF] sample : ggZZto2mu2tau
[AnalysisInputs::SetMCSF] => MCSF = 0.978495, MCSF_err = 0.0795031
[AnalysisInputs::SetMCSF] sample : ggZZto4e
[AnalysisInputs::SetMCSF] => MCSF = 0.978495, MCSF_err = 0.0795031
[AnalysisInputs::SetMCSF] sample : ggZZto4mu
[AnalysisInputs::SetMCSF] => MCSF = 0.978495, MCSF_err = 0.0795031
[AnalysisInputs::SetMCSF] sample : ggZZto4tau
[AnalysisInputs::SetMCSF] => MCSF = 0.978495, MCSF_err = 0.0795031
[AnalysisInputs::SetMCSF] sample : ggHtoZZ
[AnalysisInputs::SetMCSF] => MCSF = 0.978495, MCSF_err = 0.0795031
[AnalysisInputs::SetCalculatedSysts] Get Systematics from /data8/Users/jskim/HN_dilepton_plotter/data/v8-0-7.37_ForApproval_Puppi/Syst.txt
[AnalysisInputs::SetCalculatedSysts] source : Luminosity
[AnalysisInputs::SetCalculatedSysts] => % sysematic = 0.025
[AnalysisInputs::SetCalculatedSysts] source : FakeLooseID
[AnalysisInputs::SetCalculatedSysts] => % sysematic = 0.3
[AnalysisInputs::SetCalculatedSysts] source : ChrageFlipSyst
[AnalysisInputs::SetCalculatedSysts] => % sysematic = 0.16
[CutRangeInfo::ReadCutCard] Get Cutcard from /data8/Users/jskim/HN_dilepton_plotter/data/v8-0-7.37_ForApproval_Puppi/CutOpCard/RunDirectory/Cards_MuMu_Bin2/HNMuMu_150.txt
Central	0.0745276	0.139348	0
_MuonEn_up	0.713323	0.139348	0
_MuonEn_down	0.0341733	0.139348	0
_MuonIDSF_up	0.0756503	0.139348	0
_MuonIDSF_down	0.0698724	0.139348	0
_Rocc_up	0.0770341	0.139348	0
_Rocc_down	0.0713282	0.139348	0
_ElectronEn_up	0.0742224	0.139348	0
_ElectronEn_down	0.0699173	0.139348	0
_ElectronIDSF_up	0.0699173	0.139348	0
_ElectronIDSF_down	0.0699173	0.139348	0
_TriggerSF_up	0.0749499	0.139348	0
_TriggerSF_down	0.0699173	0.139348	0
_PU_up	0.0711675	0.139348	0
_PU_down	0.0723559	0.139348	0
_JetEn_up	0.0806538	0.139348	0
_JetEn_down	0.194473	0.139348	0
_JetRes_up	0.065669	0.139348	0
_JetRes_down	0.0754987	0.139348	0
_Unclustered_up	0.0763625	0.139348	0
_Unclustered_down	0.079437	0.139348	0
_BTagSFEff_up	0.0699173	0.139348	0
_BTagSFEff_down	0.0767283	0.139348	0
_BTagSFMiss_up	0.0753995	0.139348	0
_BTagSFMiss_down	0.0734322	0.139348	0
_JetMass_up	0.0699173	0.139348	0
_JetMass_down	0.0720323	0.139348	0
_JetMassRes_up	0.0699173	0.139348	0
_JetMassRes_down	0.0720323	0.139348	0
_Tau21_up	0.0769064	0.139348	0
_Tau21_down	0.0647918	0.139348	0

################ Sources ################
Source	SystTotal	SystPrompt	SystFake	Signal
Stat 66.18 52.84  97.57  -nan  15.68
Lumi 0.87  2.50 -  -  2.50
PDF  -  -  -  -  5.00
MuonPt  211.62 607.29  -  -  1.48
MuonID  1.58 4.54  -  -  3.39
MuonRocc  1.34 3.86  -  -  3.25
ElectronE  1.53 4.38  -  -  2.16
ElectronID  2.16 6.19  -  -  0.00
Trigger  1.53 4.39  -  -  1.31
PU  1.32 3.80  -  -  2.22
JES  39.71 113.95  -  -  4.95
JER  2.95 8.46  -  -  8.39
Uncl  1.73 4.97  -  -  1.68
BEff  1.69 4.85  -  -  1.26
BMiss  0.46 1.33  -  -  1.93
JMS  1.73 4.97  -  -  4.60
JMR  1.73 4.97  -  -  4.04
Tau21  3.31 9.51  -  -  7.29
MCNorm 17.78  51.03 -  -  -
Fake 19.55  -  30.00 - -
CF 0.00  -  -  -nan -
Total Systematic 217.04 620.31  30.00  -nan  16.14

Total Background	0.214
- Prompt	0.075
- Fake	0.139
- CF	0.000
- Obs	1.000

####### Result #######
Signal Eff	0.000800
0.213876 3.269027
0.363785 1.225057
