
Processing CyclesForMixingLimit_MuMu_Bin2/HNMuMu_800.C...
[AnalysisInputs::SetMCSF] Get MC SF from /data8/Users/jskim/HN_dilepton_plotter/data/v8-0-7.37_ForApproval_Puppi/MCSF.txt
[AnalysisInputs::SetMCSF] sample : VVV
[AnalysisInputs::SetMCSF] => MCSF = 1, MCSF_err = 0.5
[AnalysisInputs::SetMCSF] sample : WWW
[AnalysisInputs::SetMCSF] => MCSF = 1, MCSF_err = 0.5
[AnalysisInputs::SetMCSF] sample : WWZ
[AnalysisInputs::SetMCSF] => MCSF = 1, MCSF_err = 0.5
[AnalysisInputs::SetMCSF] sample : WZZ
[AnalysisInputs::SetMCSF] => MCSF = 1, MCSF_err = 0.5
[AnalysisInputs::SetMCSF] sample : ZZZ
[AnalysisInputs::SetMCSF] => MCSF = 1, MCSF_err = 0.5
[AnalysisInputs::SetMCSF] sample : ttV
[AnalysisInputs::SetMCSF] => MCSF = 1, MCSF_err = 0.5
[AnalysisInputs::SetMCSF] sample : ttW
[AnalysisInputs::SetMCSF] => MCSF = 1, MCSF_err = 0.5
[AnalysisInputs::SetMCSF] sample : ttZ
[AnalysisInputs::SetMCSF] => MCSF = 1, MCSF_err = 0.5
[AnalysisInputs::SetMCSF] sample : ttH_nonbb
[AnalysisInputs::SetMCSF] => MCSF = 1, MCSF_err = 0.5
[AnalysisInputs::SetMCSF] sample : top
[AnalysisInputs::SetMCSF] => MCSF = 1, MCSF_err = 0.5
[AnalysisInputs::SetMCSF] sample : WWTo2L2Nu_DS
[AnalysisInputs::SetMCSF] => MCSF = 1, MCSF_err = 0.5
[AnalysisInputs::SetMCSF] sample : WpWpEWK
[AnalysisInputs::SetMCSF] => MCSF = 1.3062, MCSF_err = 0.5
[AnalysisInputs::SetMCSF] sample : WpWpQCD
[AnalysisInputs::SetMCSF] => MCSF = 1.70026, MCSF_err = 0.5
[AnalysisInputs::SetMCSF] sample : WZTo3LNu_mllmin01
[AnalysisInputs::SetMCSF] => MCSF = 0.65, MCSF_err = 0.06
[AnalysisInputs::SetMCSF] sample : WZTo3LNu_powheg
[AnalysisInputs::SetMCSF] => MCSF = 1.05212, MCSF_err = 0.066085
[AnalysisInputs::SetMCSF] sample : ZGto2LG
[AnalysisInputs::SetMCSF] => MCSF = 1.09608, MCSF_err = 0.0747672
[AnalysisInputs::SetMCSF] sample : WGtoLNuG
[AnalysisInputs::SetMCSF] => MCSF = 1, MCSF_err = 0.0747672
[AnalysisInputs::SetMCSF] sample : WGtoLNuG_weighted
[AnalysisInputs::SetMCSF] => MCSF = 1, MCSF_err = 0.0747672
[AnalysisInputs::SetMCSF] sample : ZZTo4L_powheg
[AnalysisInputs::SetMCSF] => MCSF = 0.978495, MCSF_err = 0.0795031
[AnalysisInputs::SetMCSF] sample : ggZZto2e2mu
[AnalysisInputs::SetMCSF] => MCSF = 0.978495, MCSF_err = 0.0795031
[AnalysisInputs::SetMCSF] sample : ggZZto2e2nu
[AnalysisInputs::SetMCSF] => MCSF = 0.978495, MCSF_err = 0.0795031
[AnalysisInputs::SetMCSF] sample : ggZZto2e2tau
[AnalysisInputs::SetMCSF] => MCSF = 0.978495, MCSF_err = 0.0795031
[AnalysisInputs::SetMCSF] sample : ggZZto2mu2nu
[AnalysisInputs::SetMCSF] => MCSF = 0.978495, MCSF_err = 0.0795031
[AnalysisInputs::SetMCSF] sample : ggZZto2mu2tau
[AnalysisInputs::SetMCSF] => MCSF = 0.978495, MCSF_err = 0.0795031
[AnalysisInputs::SetMCSF] sample : ggZZto4e
[AnalysisInputs::SetMCSF] => MCSF = 0.978495, MCSF_err = 0.0795031
[AnalysisInputs::SetMCSF] sample : ggZZto4mu
[AnalysisInputs::SetMCSF] => MCSF = 0.978495, MCSF_err = 0.0795031
[AnalysisInputs::SetMCSF] sample : ggZZto4tau
[AnalysisInputs::SetMCSF] => MCSF = 0.978495, MCSF_err = 0.0795031
[AnalysisInputs::SetMCSF] sample : ggHtoZZ
[AnalysisInputs::SetMCSF] => MCSF = 0.978495, MCSF_err = 0.0795031
[AnalysisInputs::SetCalculatedSysts] Get Systematics from /data8/Users/jskim/HN_dilepton_plotter/data/v8-0-7.37_ForApproval_Puppi/Syst.txt
[AnalysisInputs::SetCalculatedSysts] source : Luminosity
[AnalysisInputs::SetCalculatedSysts] => % sysematic = 0.025
[AnalysisInputs::SetCalculatedSysts] source : FakeLooseID
[AnalysisInputs::SetCalculatedSysts] => % sysematic = 0.3
[AnalysisInputs::SetCalculatedSysts] source : ChrageFlipSyst
[AnalysisInputs::SetCalculatedSysts] => % sysematic = 0.16
[CutRangeInfo::ReadCutCard] Get Cutcard from /data8/Users/jskim/HN_dilepton_plotter/data/v8-0-7.37_ForApproval_Puppi/CutOpCard/RunDirectory/Cards_MuMu_Bin2/HNMuMu_800.txt
Central	0.481607	0	0
_MuonEn_up	0.513915	0	0
_MuonEn_down	0.306956	0	0
_MuonIDSF_up	0.485095	0	0
_MuonIDSF_down	0.345942	0	0
_Rocc_up	0.478759	0	0
_Rocc_down	0.474715	0	0
_ElectronEn_up	0.483955	0	0
_ElectronEn_down	0.475683	0	0
_ElectronIDSF_up	0.474014	0	0
_ElectronIDSF_down	0.477622	0	0
_TriggerSF_up	0.494776	0	0
_TriggerSF_down	0.480536	0	0
_PU_up	0.518903	0	0
_PU_down	0.439847	0	0
_JetEn_up	0.469584	0	0
_JetEn_down	0.484734	0	0
_JetRes_up	0.48538	0	0
_JetRes_down	0.467827	0	0
_Unclustered_up	0.484477	0	0
_Unclustered_down	0.471685	0	0
_BTagSFEff_up	0.4805	0	0
_BTagSFEff_down	0.487143	0	0
_BTagSFMiss_up	0.477622	0	0
_BTagSFMiss_down	0.480536	0	0
_JetMass_up	0.48862	0	0
_JetMass_down	0.476695	0	0
_JetMassRes_up	0.477036	0	0
_JetMassRes_down	0.483166	0	0
_Tau21_up	0.516452	0	0
_Tau21_down	0.438803	0	0

################ Sources ################
Source	SystTotal	SystPrompt	SystFake	Signal
Stat 31.61 31.61  -nan  -nan  0.90
Lumi 2.50  2.50 -  -  2.50
PDF  -  -  -  -  5.00
MuonPt  26.08 26.08  -  -  5.60
MuonID  19.93 19.93  -  -  3.49
MuonRocc  1.09 1.09  -  -  2.35
ElectronE  0.94 0.94  -  -  0.13
ElectronID  1.26 1.26  -  -  0.05
Trigger  1.94 1.94  -  -  0.37
PU  8.22 8.22  -  -  0.50
JES  1.82 1.82  -  -  2.41
JER  2.10 2.10  -  -  0.70
Uncl  1.52 1.52  -  -  0.02
BEff  0.83 0.83  -  -  0.43
BMiss  0.61 0.61  -  -  0.39
JMS  1.26 1.26  -  -  0.38
JMR  0.71 0.71  -  -  0.22
Tau21  8.10 8.10  -  -  7.80
MCNorm 38.90  38.90 -  -  -
Fake 0.00  -  -nan - -
CF 0.00  -  -  -nan -
Total Systematic 52.44 52.44  -nan  -nan  12.18

Total Background	0.482
- Prompt	0.482
- Fake	0.000
- CF	0.000
- Obs	0.000

####### Result #######
Signal Eff	0.303203
0.481607 1.612309
0.159447 1.122155
