
Processing CyclesForMixingLimit_MuMu_Bin2/HNMuMu_600_VBF.C...
[AnalysisInputs::SetMCSF] Get MC SF from /data8/Users/jskim/HN_dilepton_plotter/data/v8-0-7.37_ForApproval_Puppi/MCSF.txt
[AnalysisInputs::SetMCSF] sample : VVV
[AnalysisInputs::SetMCSF] => MCSF = 1, MCSF_err = 0.5
[AnalysisInputs::SetMCSF] sample : WWW
[AnalysisInputs::SetMCSF] => MCSF = 1, MCSF_err = 0.5
[AnalysisInputs::SetMCSF] sample : WWZ
[AnalysisInputs::SetMCSF] => MCSF = 1, MCSF_err = 0.5
[AnalysisInputs::SetMCSF] sample : WZZ
[AnalysisInputs::SetMCSF] => MCSF = 1, MCSF_err = 0.5
[AnalysisInputs::SetMCSF] sample : ZZZ
[AnalysisInputs::SetMCSF] => MCSF = 1, MCSF_err = 0.5
[AnalysisInputs::SetMCSF] sample : ttV
[AnalysisInputs::SetMCSF] => MCSF = 1, MCSF_err = 0.5
[AnalysisInputs::SetMCSF] sample : ttW
[AnalysisInputs::SetMCSF] => MCSF = 1, MCSF_err = 0.5
[AnalysisInputs::SetMCSF] sample : ttZ
[AnalysisInputs::SetMCSF] => MCSF = 1, MCSF_err = 0.5
[AnalysisInputs::SetMCSF] sample : ttH_nonbb
[AnalysisInputs::SetMCSF] => MCSF = 1, MCSF_err = 0.5
[AnalysisInputs::SetMCSF] sample : top
[AnalysisInputs::SetMCSF] => MCSF = 1, MCSF_err = 0.5
[AnalysisInputs::SetMCSF] sample : WWTo2L2Nu_DS
[AnalysisInputs::SetMCSF] => MCSF = 1, MCSF_err = 0.5
[AnalysisInputs::SetMCSF] sample : WpWpEWK
[AnalysisInputs::SetMCSF] => MCSF = 1.3062, MCSF_err = 0.5
[AnalysisInputs::SetMCSF] sample : WpWpQCD
[AnalysisInputs::SetMCSF] => MCSF = 1.70026, MCSF_err = 0.5
[AnalysisInputs::SetMCSF] sample : WZTo3LNu_mllmin01
[AnalysisInputs::SetMCSF] => MCSF = 0.65, MCSF_err = 0.06
[AnalysisInputs::SetMCSF] sample : WZTo3LNu_powheg
[AnalysisInputs::SetMCSF] => MCSF = 1.05212, MCSF_err = 0.066085
[AnalysisInputs::SetMCSF] sample : ZGto2LG
[AnalysisInputs::SetMCSF] => MCSF = 1.09608, MCSF_err = 0.0747672
[AnalysisInputs::SetMCSF] sample : WGtoLNuG
[AnalysisInputs::SetMCSF] => MCSF = 1, MCSF_err = 0.0747672
[AnalysisInputs::SetMCSF] sample : WGtoLNuG_weighted
[AnalysisInputs::SetMCSF] => MCSF = 1, MCSF_err = 0.0747672
[AnalysisInputs::SetMCSF] sample : ZZTo4L_powheg
[AnalysisInputs::SetMCSF] => MCSF = 0.978495, MCSF_err = 0.0795031
[AnalysisInputs::SetMCSF] sample : ggZZto2e2mu
[AnalysisInputs::SetMCSF] => MCSF = 0.978495, MCSF_err = 0.0795031
[AnalysisInputs::SetMCSF] sample : ggZZto2e2nu
[AnalysisInputs::SetMCSF] => MCSF = 0.978495, MCSF_err = 0.0795031
[AnalysisInputs::SetMCSF] sample : ggZZto2e2tau
[AnalysisInputs::SetMCSF] => MCSF = 0.978495, MCSF_err = 0.0795031
[AnalysisInputs::SetMCSF] sample : ggZZto2mu2nu
[AnalysisInputs::SetMCSF] => MCSF = 0.978495, MCSF_err = 0.0795031
[AnalysisInputs::SetMCSF] sample : ggZZto2mu2tau
[AnalysisInputs::SetMCSF] => MCSF = 0.978495, MCSF_err = 0.0795031
[AnalysisInputs::SetMCSF] sample : ggZZto4e
[AnalysisInputs::SetMCSF] => MCSF = 0.978495, MCSF_err = 0.0795031
[AnalysisInputs::SetMCSF] sample : ggZZto4mu
[AnalysisInputs::SetMCSF] => MCSF = 0.978495, MCSF_err = 0.0795031
[AnalysisInputs::SetMCSF] sample : ggZZto4tau
[AnalysisInputs::SetMCSF] => MCSF = 0.978495, MCSF_err = 0.0795031
[AnalysisInputs::SetMCSF] sample : ggHtoZZ
[AnalysisInputs::SetMCSF] => MCSF = 0.978495, MCSF_err = 0.0795031
[AnalysisInputs::SetCalculatedSysts] Get Systematics from /data8/Users/jskim/HN_dilepton_plotter/data/v8-0-7.37_ForApproval_Puppi/Syst.txt
[AnalysisInputs::SetCalculatedSysts] source : Luminosity
[AnalysisInputs::SetCalculatedSysts] => % sysematic = 0.025
[AnalysisInputs::SetCalculatedSysts] source : FakeLooseID
[AnalysisInputs::SetCalculatedSysts] => % sysematic = 0.3
[AnalysisInputs::SetCalculatedSysts] source : ChrageFlipSyst
[AnalysisInputs::SetCalculatedSysts] => % sysematic = 0.16
[CutRangeInfo::ReadCutCard] Get Cutcard from /data8/Users/jskim/HN_dilepton_plotter/data/v8-0-7.37_ForApproval_Puppi/CutOpCard/RunDirectory/Cards_MuMu_Bin2/HNMuMu_600.txt
Central	0.673828	0	0
_MuonEn_up	0.85067	0	0
_MuonEn_down	0.462299	0	0
_MuonIDSF_up	0.647409	0	0
_MuonIDSF_down	0.608245	0	0
_Rocc_up	0.631215	0	0
_Rocc_down	0.490288	0	0
_ElectronEn_up	0.682798	0	0
_ElectronEn_down	0.632324	0	0
_ElectronIDSF_up	0.616336	0	0
_ElectronIDSF_down	0.632478	0	0
_TriggerSF_up	0.633507	0	0
_TriggerSF_down	0.629121	0	0
_PU_up	0.626753	0	0
_PU_down	0.628466	0	0
_JetEn_up	0.575951	0	0
_JetEn_down	0.600568	0	0
_JetRes_up	0.468922	0	0
_JetRes_down	0.61666	0	0
_Unclustered_up	0.720602	0	0
_Unclustered_down	0.737994	0	0
_BTagSFEff_up	0.629053	0	0
_BTagSFEff_down	0.627152	0	0
_BTagSFMiss_up	0.638565	0	0
_BTagSFMiss_down	0.626614	0	0
_JetMass_up	0.628096	0	0
_JetMass_down	0.532683	0	0
_JetMassRes_up	0.614847	0	0
_JetMassRes_down	0.539348	0	0
_Tau21_up	0.685053	0	0
_Tau21_down	0.574966	0	0

################ Sources ################
Source	SystTotal	SystPrompt	SystFake	Signal
Stat 26.33 26.33  -nan  -nan  1.01
Lumi 2.50  2.50 -  -  2.50
PDF  -  -  -  -  3.80
MuonPt  28.93 28.93  -  -  7.52
MuonID  7.42 7.42  -  -  3.54
MuonRocc  19.77 19.77  -  -  2.03
ElectronE  4.46 4.46  -  -  0.04
ElectronID  7.43 7.43  -  -  0.04
Trigger  6.32 6.32  -  -  0.35
PU  6.86 6.86  -  -  0.68
JES  12.83 12.83  -  -  2.08
JER  22.32 22.32  -  -  0.79
Uncl  8.33 8.33  -  -  0.06
BEff  6.79 6.79  -  -  0.38
BMiss  6.18 6.18  -  -  0.49
JMS  15.57 15.57  -  -  0.35
JMR  15.41 15.41  -  -  0.19
Tau21  10.44 10.44  -  -  7.46
MCNorm 31.37  31.37 -  -  -
Fake 0.00  -  -nan - -
CF 0.00  -  -  -nan -
Total Systematic 61.98 61.98  -nan  -nan  12.47

Total Background	0.674
- Prompt	0.674
- Fake	0.000
- CF	0.000
- Obs	0.000

####### Result #######
Signal Eff	0.355547
0.673828 1.673376
0.560040 1.125114
