
Processing CyclesForMixingLimit_MuMu_Bin2/HNMuMu_1500.C...
[AnalysisInputs::SetMCSF] Get MC SF from /data8/Users/jskim/HN_dilepton_plotter/data/v8-0-7.37_ForApproval_Puppi/MCSF.txt
[AnalysisInputs::SetMCSF] sample : VVV
[AnalysisInputs::SetMCSF] => MCSF = 1, MCSF_err = 0.5
[AnalysisInputs::SetMCSF] sample : WWW
[AnalysisInputs::SetMCSF] => MCSF = 1, MCSF_err = 0.5
[AnalysisInputs::SetMCSF] sample : WWZ
[AnalysisInputs::SetMCSF] => MCSF = 1, MCSF_err = 0.5
[AnalysisInputs::SetMCSF] sample : WZZ
[AnalysisInputs::SetMCSF] => MCSF = 1, MCSF_err = 0.5
[AnalysisInputs::SetMCSF] sample : ZZZ
[AnalysisInputs::SetMCSF] => MCSF = 1, MCSF_err = 0.5
[AnalysisInputs::SetMCSF] sample : ttV
[AnalysisInputs::SetMCSF] => MCSF = 1, MCSF_err = 0.5
[AnalysisInputs::SetMCSF] sample : ttW
[AnalysisInputs::SetMCSF] => MCSF = 1, MCSF_err = 0.5
[AnalysisInputs::SetMCSF] sample : ttZ
[AnalysisInputs::SetMCSF] => MCSF = 1, MCSF_err = 0.5
[AnalysisInputs::SetMCSF] sample : ttH_nonbb
[AnalysisInputs::SetMCSF] => MCSF = 1, MCSF_err = 0.5
[AnalysisInputs::SetMCSF] sample : top
[AnalysisInputs::SetMCSF] => MCSF = 1, MCSF_err = 0.5
[AnalysisInputs::SetMCSF] sample : WWTo2L2Nu_DS
[AnalysisInputs::SetMCSF] => MCSF = 1, MCSF_err = 0.5
[AnalysisInputs::SetMCSF] sample : WpWpEWK
[AnalysisInputs::SetMCSF] => MCSF = 1.3062, MCSF_err = 0.5
[AnalysisInputs::SetMCSF] sample : WpWpQCD
[AnalysisInputs::SetMCSF] => MCSF = 1.70026, MCSF_err = 0.5
[AnalysisInputs::SetMCSF] sample : WZTo3LNu_mllmin01
[AnalysisInputs::SetMCSF] => MCSF = 0.65, MCSF_err = 0.06
[AnalysisInputs::SetMCSF] sample : WZTo3LNu_powheg
[AnalysisInputs::SetMCSF] => MCSF = 1.05212, MCSF_err = 0.066085
[AnalysisInputs::SetMCSF] sample : ZGto2LG
[AnalysisInputs::SetMCSF] => MCSF = 1.09608, MCSF_err = 0.0747672
[AnalysisInputs::SetMCSF] sample : WGtoLNuG
[AnalysisInputs::SetMCSF] => MCSF = 1, MCSF_err = 0.0747672
[AnalysisInputs::SetMCSF] sample : WGtoLNuG_weighted
[AnalysisInputs::SetMCSF] => MCSF = 1, MCSF_err = 0.0747672
[AnalysisInputs::SetMCSF] sample : ZZTo4L_powheg
[AnalysisInputs::SetMCSF] => MCSF = 0.978495, MCSF_err = 0.0795031
[AnalysisInputs::SetMCSF] sample : ggZZto2e2mu
[AnalysisInputs::SetMCSF] => MCSF = 0.978495, MCSF_err = 0.0795031
[AnalysisInputs::SetMCSF] sample : ggZZto2e2nu
[AnalysisInputs::SetMCSF] => MCSF = 0.978495, MCSF_err = 0.0795031
[AnalysisInputs::SetMCSF] sample : ggZZto2e2tau
[AnalysisInputs::SetMCSF] => MCSF = 0.978495, MCSF_err = 0.0795031
[AnalysisInputs::SetMCSF] sample : ggZZto2mu2nu
[AnalysisInputs::SetMCSF] => MCSF = 0.978495, MCSF_err = 0.0795031
[AnalysisInputs::SetMCSF] sample : ggZZto2mu2tau
[AnalysisInputs::SetMCSF] => MCSF = 0.978495, MCSF_err = 0.0795031
[AnalysisInputs::SetMCSF] sample : ggZZto4e
[AnalysisInputs::SetMCSF] => MCSF = 0.978495, MCSF_err = 0.0795031
[AnalysisInputs::SetMCSF] sample : ggZZto4mu
[AnalysisInputs::SetMCSF] => MCSF = 0.978495, MCSF_err = 0.0795031
[AnalysisInputs::SetMCSF] sample : ggZZto4tau
[AnalysisInputs::SetMCSF] => MCSF = 0.978495, MCSF_err = 0.0795031
[AnalysisInputs::SetMCSF] sample : ggHtoZZ
[AnalysisInputs::SetMCSF] => MCSF = 0.978495, MCSF_err = 0.0795031
[AnalysisInputs::SetCalculatedSysts] Get Systematics from /data8/Users/jskim/HN_dilepton_plotter/data/v8-0-7.37_ForApproval_Puppi/Syst.txt
[AnalysisInputs::SetCalculatedSysts] source : Luminosity
[AnalysisInputs::SetCalculatedSysts] => % sysematic = 0.025
[AnalysisInputs::SetCalculatedSysts] source : FakeLooseID
[AnalysisInputs::SetCalculatedSysts] => % sysematic = 0.3
[AnalysisInputs::SetCalculatedSysts] source : ChrageFlipSyst
[AnalysisInputs::SetCalculatedSysts] => % sysematic = 0.16
[CutRangeInfo::ReadCutCard] Get Cutcard from /data8/Users/jskim/HN_dilepton_plotter/data/v8-0-7.37_ForApproval_Puppi/CutOpCard/RunDirectory/Cards_MuMu_Bin2/HNMuMu_1500.txt
Central	0.0900471	0	0
_MuonEn_up	0.0973666	0	0
_MuonEn_down	0.0731121	0	0
_MuonIDSF_up	0.0966268	0	0
_MuonIDSF_down	0.0871108	0	0
_Rocc_up	0.0900579	0	0
_Rocc_down	0.0817407	0	0
_ElectronEn_up	0.0900471	0	0
_ElectronEn_down	0.0926314	0	0
_ElectronIDSF_up	0.0900471	0	0
_ElectronIDSF_down	0.0973557	0	0
_TriggerSF_up	0.0979537	0	0
_TriggerSF_down	0.0900471	0	0
_PU_up	0.0902777	0	0
_PU_down	0.0898562	0	0
_JetEn_up	0.0818354	0	0
_JetEn_down	0.0900471	0	0
_JetRes_up	0.0935104	0	0
_JetRes_down	0.0899741	0	0
_Unclustered_up	0.0818246	0	0
_Unclustered_down	0.0901246	0	0
_BTagSFEff_up	0.0881632	0	0
_BTagSFEff_down	0.0900471	0	0
_BTagSFMiss_up	0.091067	0	0
_BTagSFMiss_down	0.0900471	0	0
_JetMass_up	0.0900471	0	0
_JetMass_down	0.0900471	0	0
_JetMassRes_up	0.0830402	0	0
_JetMassRes_down	0.0791535	0	0
_Tau21_up	0.100271	0	0
_Tau21_down	0.0867501	0	0

################ Sources ################
Source	SystTotal	SystPrompt	SystFake	Signal
Stat 19.87 19.87  -nan  -nan  0.81
Lumi 2.50  2.50 -  -  2.50
PDF  -  -  -  -  5.00
MuonPt  14.49 14.49  -  -  1.84
MuonID  5.66 5.66  -  -  3.55
MuonRocc  6.52 6.52  -  -  3.04
ElectronE  2.03 2.03  -  -  0.05
ElectronID  5.74 5.74  -  -  0.07
Trigger  6.21 6.21  -  -  0.44
PU  0.24 0.24  -  -  0.62
JES  6.45 6.45  -  -  0.34
JER  2.72 2.72  -  -  0.23
Uncl  6.46 6.46  -  -  0.11
BEff  1.48 1.48  -  -  0.49
BMiss  0.80 0.80  -  -  0.54
JMS  0.00 0.00  -  -  0.85
JMR  10.17 10.17  -  -  0.31
Tau21  8.44 8.44  -  -  8.34
MCNorm 61.87  61.87 -  -  -
Fake 0.00  -  -nan - -
CF 0.00  -  -  -nan -
Total Systematic 66.80 66.80  -nan  -nan  11.32

Total Background	0.090
- Prompt	0.090
- Fake	0.000
- CF	0.000
- Obs	0.000

####### Result #######
Signal Eff	0.343057
0.090047 1.696916
0.008023 1.113467
