
Processing CyclesForMixingLimit_MuMu_Bin2/HNMuMu_70.C...
[AnalysisInputs::SetMCSF] Get MC SF from /data8/Users/jskim/HN_dilepton_plotter/data/v8-0-7.37_ForApproval_Puppi/MCSF.txt
[AnalysisInputs::SetMCSF] sample : VVV
[AnalysisInputs::SetMCSF] => MCSF = 1, MCSF_err = 0.5
[AnalysisInputs::SetMCSF] sample : WWW
[AnalysisInputs::SetMCSF] => MCSF = 1, MCSF_err = 0.5
[AnalysisInputs::SetMCSF] sample : WWZ
[AnalysisInputs::SetMCSF] => MCSF = 1, MCSF_err = 0.5
[AnalysisInputs::SetMCSF] sample : WZZ
[AnalysisInputs::SetMCSF] => MCSF = 1, MCSF_err = 0.5
[AnalysisInputs::SetMCSF] sample : ZZZ
[AnalysisInputs::SetMCSF] => MCSF = 1, MCSF_err = 0.5
[AnalysisInputs::SetMCSF] sample : ttV
[AnalysisInputs::SetMCSF] => MCSF = 1, MCSF_err = 0.5
[AnalysisInputs::SetMCSF] sample : ttW
[AnalysisInputs::SetMCSF] => MCSF = 1, MCSF_err = 0.5
[AnalysisInputs::SetMCSF] sample : ttZ
[AnalysisInputs::SetMCSF] => MCSF = 1, MCSF_err = 0.5
[AnalysisInputs::SetMCSF] sample : ttH_nonbb
[AnalysisInputs::SetMCSF] => MCSF = 1, MCSF_err = 0.5
[AnalysisInputs::SetMCSF] sample : top
[AnalysisInputs::SetMCSF] => MCSF = 1, MCSF_err = 0.5
[AnalysisInputs::SetMCSF] sample : WWTo2L2Nu_DS
[AnalysisInputs::SetMCSF] => MCSF = 1, MCSF_err = 0.5
[AnalysisInputs::SetMCSF] sample : WpWpEWK
[AnalysisInputs::SetMCSF] => MCSF = 1.3062, MCSF_err = 0.5
[AnalysisInputs::SetMCSF] sample : WpWpQCD
[AnalysisInputs::SetMCSF] => MCSF = 1.70026, MCSF_err = 0.5
[AnalysisInputs::SetMCSF] sample : WZTo3LNu_mllmin01
[AnalysisInputs::SetMCSF] => MCSF = 0.65, MCSF_err = 0.06
[AnalysisInputs::SetMCSF] sample : WZTo3LNu_powheg
[AnalysisInputs::SetMCSF] => MCSF = 1.05212, MCSF_err = 0.066085
[AnalysisInputs::SetMCSF] sample : ZGto2LG
[AnalysisInputs::SetMCSF] => MCSF = 1.09608, MCSF_err = 0.0747672
[AnalysisInputs::SetMCSF] sample : WGtoLNuG
[AnalysisInputs::SetMCSF] => MCSF = 1, MCSF_err = 0.0747672
[AnalysisInputs::SetMCSF] sample : WGtoLNuG_weighted
[AnalysisInputs::SetMCSF] => MCSF = 1, MCSF_err = 0.0747672
[AnalysisInputs::SetMCSF] sample : ZZTo4L_powheg
[AnalysisInputs::SetMCSF] => MCSF = 0.978495, MCSF_err = 0.0795031
[AnalysisInputs::SetMCSF] sample : ggZZto2e2mu
[AnalysisInputs::SetMCSF] => MCSF = 0.978495, MCSF_err = 0.0795031
[AnalysisInputs::SetMCSF] sample : ggZZto2e2nu
[AnalysisInputs::SetMCSF] => MCSF = 0.978495, MCSF_err = 0.0795031
[AnalysisInputs::SetMCSF] sample : ggZZto2e2tau
[AnalysisInputs::SetMCSF] => MCSF = 0.978495, MCSF_err = 0.0795031
[AnalysisInputs::SetMCSF] sample : ggZZto2mu2nu
[AnalysisInputs::SetMCSF] => MCSF = 0.978495, MCSF_err = 0.0795031
[AnalysisInputs::SetMCSF] sample : ggZZto2mu2tau
[AnalysisInputs::SetMCSF] => MCSF = 0.978495, MCSF_err = 0.0795031
[AnalysisInputs::SetMCSF] sample : ggZZto4e
[AnalysisInputs::SetMCSF] => MCSF = 0.978495, MCSF_err = 0.0795031
[AnalysisInputs::SetMCSF] sample : ggZZto4mu
[AnalysisInputs::SetMCSF] => MCSF = 0.978495, MCSF_err = 0.0795031
[AnalysisInputs::SetMCSF] sample : ggZZto4tau
[AnalysisInputs::SetMCSF] => MCSF = 0.978495, MCSF_err = 0.0795031
[AnalysisInputs::SetMCSF] sample : ggHtoZZ
[AnalysisInputs::SetMCSF] => MCSF = 0.978495, MCSF_err = 0.0795031
[AnalysisInputs::SetCalculatedSysts] Get Systematics from /data8/Users/jskim/HN_dilepton_plotter/data/v8-0-7.37_ForApproval_Puppi/Syst.txt
[AnalysisInputs::SetCalculatedSysts] source : Luminosity
[AnalysisInputs::SetCalculatedSysts] => % sysematic = 0.025
[AnalysisInputs::SetCalculatedSysts] source : FakeLooseID
[AnalysisInputs::SetCalculatedSysts] => % sysematic = 0.3
[AnalysisInputs::SetCalculatedSysts] source : ChrageFlipSyst
[AnalysisInputs::SetCalculatedSysts] => % sysematic = 0.16
[CutRangeInfo::ReadCutCard] Get Cutcard from /data8/Users/jskim/HN_dilepton_plotter/data/v8-0-7.37_ForApproval_Puppi/CutOpCard/RunDirectory/Cards_MuMu_Bin2/HNMuMu_70.txt
Central	19.5627	17.9395	0
_MuonEn_up	19.6968	17.9395	0
_MuonEn_down	19.6308	17.9395	0
_MuonIDSF_up	20.2383	17.9395	0
_MuonIDSF_down	18.9726	17.9395	0
_Rocc_up	19.6486	17.9395	0
_Rocc_down	19.2397	17.9395	0
_ElectronEn_up	19.56	17.9395	0
_ElectronEn_down	19.4749	17.9395	0
_ElectronIDSF_up	19.56	17.9395	0
_ElectronIDSF_down	19.4749	17.9395	0
_TriggerSF_up	19.1583	17.9395	0
_TriggerSF_down	19.626	17.9395	0
_PU_up	18.8471	17.9395	0
_PU_down	20.4544	17.9395	0
_JetEn_up	20.6245	17.9395	0
_JetEn_down	20.2447	17.9395	0
_JetRes_up	19.6454	17.9395	0
_JetRes_down	19.4251	17.9395	0
_Unclustered_up	18.6641	17.9395	0
_Unclustered_down	21.4465	17.9395	0
_BTagSFEff_up	19.5566	17.9395	0
_BTagSFEff_down	19.4884	17.9395	0
_BTagSFMiss_up	19.0651	17.9395	0
_BTagSFMiss_down	19.5637	17.9395	0
_JetMass_up	19.4782	17.9395	0
_JetMass_down	19.5573	17.9395	0
_JetMassRes_up	19.5566	17.9395	0
_JetMassRes_down	19.5628	17.9395	0
_Tau21_up	19.0968	17.9395	0
_Tau21_down	19.5486	17.9395	0

################ Sources ################
Source	SystTotal	SystPrompt	SystFake	Signal
Stat 8.29 13.69  8.79  -nan  7.64
Lumi 1.30  2.50 -  -  2.50
PDF  -  -  -  -  9.00
MuonPt  0.28 0.54  -  -  1.46
MuonID  1.69 3.24  -  -  3.26
MuonRocc  0.63 1.21  -  -  3.41
ElectronE  0.17 0.32  -  -  0.00
ElectronID  0.17 0.32  -  -  0.00
Trigger  0.77 1.48  -  -  1.12
PU  2.16 4.13  -  -  2.42
JES  2.38 4.56  -  -  5.04
JER  0.30 0.58  -  -  2.30
Uncl  3.94 7.54  -  -  7.09
BEff  0.14 0.27  -  -  0.82
BMiss  0.94 1.80  -  -  0.79
JMS  0.16 0.31  -  -  0.40
JMR  0.01 0.02  -  -  0.30
Tau21  0.88 1.68  -  -  0.28
MCNorm 5.89  11.29 -  -  -
Fake 14.35  -  30.00 - -
CF 0.00  -  -  -nan -
Total Systematic 16.55 15.80  30.00  -nan  14.19

Total Background	37.502
- Prompt	19.563
- Fake	17.940
- CF	0.000
- Obs	41.000

####### Result #######
Signal Eff	0.001958
37.502187 1.185086
260.915239 1.161172
