
Processing CyclesForMixingLimit_MuMu_Bin2/HNMuMu_300_VBF.C...
[AnalysisInputs::SetMCSF] Get MC SF from /data8/Users/jskim/HN_dilepton_plotter/data/v8-0-7.37_ForApproval_Puppi/MCSF.txt
[AnalysisInputs::SetMCSF] sample : VVV
[AnalysisInputs::SetMCSF] => MCSF = 1, MCSF_err = 0.5
[AnalysisInputs::SetMCSF] sample : WWW
[AnalysisInputs::SetMCSF] => MCSF = 1, MCSF_err = 0.5
[AnalysisInputs::SetMCSF] sample : WWZ
[AnalysisInputs::SetMCSF] => MCSF = 1, MCSF_err = 0.5
[AnalysisInputs::SetMCSF] sample : WZZ
[AnalysisInputs::SetMCSF] => MCSF = 1, MCSF_err = 0.5
[AnalysisInputs::SetMCSF] sample : ZZZ
[AnalysisInputs::SetMCSF] => MCSF = 1, MCSF_err = 0.5
[AnalysisInputs::SetMCSF] sample : ttV
[AnalysisInputs::SetMCSF] => MCSF = 1, MCSF_err = 0.5
[AnalysisInputs::SetMCSF] sample : ttW
[AnalysisInputs::SetMCSF] => MCSF = 1, MCSF_err = 0.5
[AnalysisInputs::SetMCSF] sample : ttZ
[AnalysisInputs::SetMCSF] => MCSF = 1, MCSF_err = 0.5
[AnalysisInputs::SetMCSF] sample : ttH_nonbb
[AnalysisInputs::SetMCSF] => MCSF = 1, MCSF_err = 0.5
[AnalysisInputs::SetMCSF] sample : top
[AnalysisInputs::SetMCSF] => MCSF = 1, MCSF_err = 0.5
[AnalysisInputs::SetMCSF] sample : WWTo2L2Nu_DS
[AnalysisInputs::SetMCSF] => MCSF = 1, MCSF_err = 0.5
[AnalysisInputs::SetMCSF] sample : WpWpEWK
[AnalysisInputs::SetMCSF] => MCSF = 1.3062, MCSF_err = 0.5
[AnalysisInputs::SetMCSF] sample : WpWpQCD
[AnalysisInputs::SetMCSF] => MCSF = 1.70026, MCSF_err = 0.5
[AnalysisInputs::SetMCSF] sample : WZTo3LNu_mllmin01
[AnalysisInputs::SetMCSF] => MCSF = 0.65, MCSF_err = 0.06
[AnalysisInputs::SetMCSF] sample : WZTo3LNu_powheg
[AnalysisInputs::SetMCSF] => MCSF = 1.05212, MCSF_err = 0.066085
[AnalysisInputs::SetMCSF] sample : ZGto2LG
[AnalysisInputs::SetMCSF] => MCSF = 1.09608, MCSF_err = 0.0747672
[AnalysisInputs::SetMCSF] sample : WGtoLNuG
[AnalysisInputs::SetMCSF] => MCSF = 1, MCSF_err = 0.0747672
[AnalysisInputs::SetMCSF] sample : WGtoLNuG_weighted
[AnalysisInputs::SetMCSF] => MCSF = 1, MCSF_err = 0.0747672
[AnalysisInputs::SetMCSF] sample : ZZTo4L_powheg
[AnalysisInputs::SetMCSF] => MCSF = 0.978495, MCSF_err = 0.0795031
[AnalysisInputs::SetMCSF] sample : ggZZto2e2mu
[AnalysisInputs::SetMCSF] => MCSF = 0.978495, MCSF_err = 0.0795031
[AnalysisInputs::SetMCSF] sample : ggZZto2e2nu
[AnalysisInputs::SetMCSF] => MCSF = 0.978495, MCSF_err = 0.0795031
[AnalysisInputs::SetMCSF] sample : ggZZto2e2tau
[AnalysisInputs::SetMCSF] => MCSF = 0.978495, MCSF_err = 0.0795031
[AnalysisInputs::SetMCSF] sample : ggZZto2mu2nu
[AnalysisInputs::SetMCSF] => MCSF = 0.978495, MCSF_err = 0.0795031
[AnalysisInputs::SetMCSF] sample : ggZZto2mu2tau
[AnalysisInputs::SetMCSF] => MCSF = 0.978495, MCSF_err = 0.0795031
[AnalysisInputs::SetMCSF] sample : ggZZto4e
[AnalysisInputs::SetMCSF] => MCSF = 0.978495, MCSF_err = 0.0795031
[AnalysisInputs::SetMCSF] sample : ggZZto4mu
[AnalysisInputs::SetMCSF] => MCSF = 0.978495, MCSF_err = 0.0795031
[AnalysisInputs::SetMCSF] sample : ggZZto4tau
[AnalysisInputs::SetMCSF] => MCSF = 0.978495, MCSF_err = 0.0795031
[AnalysisInputs::SetMCSF] sample : ggHtoZZ
[AnalysisInputs::SetMCSF] => MCSF = 0.978495, MCSF_err = 0.0795031
[AnalysisInputs::SetCalculatedSysts] Get Systematics from /data8/Users/jskim/HN_dilepton_plotter/data/v8-0-7.37_ForApproval_Puppi/Syst.txt
[AnalysisInputs::SetCalculatedSysts] source : Luminosity
[AnalysisInputs::SetCalculatedSysts] => % sysematic = 0.025
[AnalysisInputs::SetCalculatedSysts] source : FakeLooseID
[AnalysisInputs::SetCalculatedSysts] => % sysematic = 0.3
[AnalysisInputs::SetCalculatedSysts] source : ChrageFlipSyst
[AnalysisInputs::SetCalculatedSysts] => % sysematic = 0.16
[CutRangeInfo::ReadCutCard] Get Cutcard from /data8/Users/jskim/HN_dilepton_plotter/data/v8-0-7.37_ForApproval_Puppi/CutOpCard/RunDirectory/Cards_MuMu_Bin2/HNMuMu_300.txt
Central	0.339006	0	0
_MuonEn_up	0.359828	0	0
_MuonEn_down	0.324162	0	0
_MuonIDSF_up	0.349699	0	0
_MuonIDSF_down	0.32923	0	0
_Rocc_up	0.352407	0	0
_Rocc_down	0.32986	0	0
_ElectronEn_up	0.337966	0	0
_ElectronEn_down	0.339426	0	0
_ElectronIDSF_up	0.335557	0	0
_ElectronIDSF_down	0.338398	0	0
_TriggerSF_up	0.343501	0	0
_TriggerSF_down	0.335557	0	0
_PU_up	0.314131	0	0
_PU_down	0.349206	0	0
_JetEn_up	0.500046	0	0
_JetEn_down	0.332009	0	0
_JetRes_up	0.339739	0	0
_JetRes_down	0.343834	0	0
_Unclustered_up	0.33789	0	0
_Unclustered_down	0.335287	0	0
_BTagSFEff_up	0.33942	0	0
_BTagSFEff_down	0.338427	0	0
_BTagSFMiss_up	0.344273	0	0
_BTagSFMiss_down	0.335557	0	0
_JetMass_up	0.340137	0	0
_JetMass_down	0.3497	0	0
_JetMassRes_up	0.332319	0	0
_JetMassRes_down	0.336591	0	0
_Tau21_up	0.364475	0	0
_Tau21_down	0.310602	0	0

################ Sources ################
Source	SystTotal	SystPrompt	SystFake	Signal
Stat 42.47 42.47  -nan  -nan  2.75
Lumi 2.50  2.50 -  -  2.50
PDF  -  -  -  -  4.90
MuonPt  5.33 5.33  -  -  4.20
MuonID  3.02 3.02  -  -  3.28
MuonRocc  3.38 3.38  -  -  1.37
ElectronE  0.23 0.23  -  -  0.28
ElectronID  0.73 0.73  -  -  0.27
Trigger  1.18 1.18  -  -  0.29
PU  5.61 5.61  -  -  1.14
JES  33.62 33.62  -  -  2.10
JER  1.02 1.02  -  -  1.97
Uncl  0.81 0.81  -  -  0.39
BEff  0.15 0.15  -  -  0.56
BMiss  1.31 1.31  -  -  0.47
JMS  2.24 2.24  -  -  0.38
JMR  1.48 1.48  -  -  0.32
Tau21  7.96 7.96  -  -  7.21
MCNorm 28.57  28.57 -  -  -
Fake 0.00  -  -nan - -
CF 0.00  -  -  -nan -
Total Systematic 45.93 45.93  -nan  -nan  11.10

Total Background	0.339
- Prompt	0.339
- Fake	0.000
- CF	0.000
- Obs	0.000

####### Result #######
Signal Eff	0.030719
0.339006 1.625570
0.780449 1.114359
