
Processing CyclesForMixingLimit_MuMu_Bin2/HNMuMu_500.C...
[AnalysisInputs::SetMCSF] Get MC SF from /data8/Users/jskim/HN_dilepton_plotter/data/v8-0-7.37_ForApproval_Puppi/MCSF.txt
[AnalysisInputs::SetMCSF] sample : VVV
[AnalysisInputs::SetMCSF] => MCSF = 1, MCSF_err = 0.5
[AnalysisInputs::SetMCSF] sample : WWW
[AnalysisInputs::SetMCSF] => MCSF = 1, MCSF_err = 0.5
[AnalysisInputs::SetMCSF] sample : WWZ
[AnalysisInputs::SetMCSF] => MCSF = 1, MCSF_err = 0.5
[AnalysisInputs::SetMCSF] sample : WZZ
[AnalysisInputs::SetMCSF] => MCSF = 1, MCSF_err = 0.5
[AnalysisInputs::SetMCSF] sample : ZZZ
[AnalysisInputs::SetMCSF] => MCSF = 1, MCSF_err = 0.5
[AnalysisInputs::SetMCSF] sample : ttV
[AnalysisInputs::SetMCSF] => MCSF = 1, MCSF_err = 0.5
[AnalysisInputs::SetMCSF] sample : ttW
[AnalysisInputs::SetMCSF] => MCSF = 1, MCSF_err = 0.5
[AnalysisInputs::SetMCSF] sample : ttZ
[AnalysisInputs::SetMCSF] => MCSF = 1, MCSF_err = 0.5
[AnalysisInputs::SetMCSF] sample : ttH_nonbb
[AnalysisInputs::SetMCSF] => MCSF = 1, MCSF_err = 0.5
[AnalysisInputs::SetMCSF] sample : top
[AnalysisInputs::SetMCSF] => MCSF = 1, MCSF_err = 0.5
[AnalysisInputs::SetMCSF] sample : WWTo2L2Nu_DS
[AnalysisInputs::SetMCSF] => MCSF = 1, MCSF_err = 0.5
[AnalysisInputs::SetMCSF] sample : WpWpEWK
[AnalysisInputs::SetMCSF] => MCSF = 1.3062, MCSF_err = 0.5
[AnalysisInputs::SetMCSF] sample : WpWpQCD
[AnalysisInputs::SetMCSF] => MCSF = 1.70026, MCSF_err = 0.5
[AnalysisInputs::SetMCSF] sample : WZTo3LNu_mllmin01
[AnalysisInputs::SetMCSF] => MCSF = 0.65, MCSF_err = 0.06
[AnalysisInputs::SetMCSF] sample : WZTo3LNu_powheg
[AnalysisInputs::SetMCSF] => MCSF = 1.05212, MCSF_err = 0.066085
[AnalysisInputs::SetMCSF] sample : ZGto2LG
[AnalysisInputs::SetMCSF] => MCSF = 1.09608, MCSF_err = 0.0747672
[AnalysisInputs::SetMCSF] sample : WGtoLNuG
[AnalysisInputs::SetMCSF] => MCSF = 1, MCSF_err = 0.0747672
[AnalysisInputs::SetMCSF] sample : WGtoLNuG_weighted
[AnalysisInputs::SetMCSF] => MCSF = 1, MCSF_err = 0.0747672
[AnalysisInputs::SetMCSF] sample : ZZTo4L_powheg
[AnalysisInputs::SetMCSF] => MCSF = 0.978495, MCSF_err = 0.0795031
[AnalysisInputs::SetMCSF] sample : ggZZto2e2mu
[AnalysisInputs::SetMCSF] => MCSF = 0.978495, MCSF_err = 0.0795031
[AnalysisInputs::SetMCSF] sample : ggZZto2e2nu
[AnalysisInputs::SetMCSF] => MCSF = 0.978495, MCSF_err = 0.0795031
[AnalysisInputs::SetMCSF] sample : ggZZto2e2tau
[AnalysisInputs::SetMCSF] => MCSF = 0.978495, MCSF_err = 0.0795031
[AnalysisInputs::SetMCSF] sample : ggZZto2mu2nu
[AnalysisInputs::SetMCSF] => MCSF = 0.978495, MCSF_err = 0.0795031
[AnalysisInputs::SetMCSF] sample : ggZZto2mu2tau
[AnalysisInputs::SetMCSF] => MCSF = 0.978495, MCSF_err = 0.0795031
[AnalysisInputs::SetMCSF] sample : ggZZto4e
[AnalysisInputs::SetMCSF] => MCSF = 0.978495, MCSF_err = 0.0795031
[AnalysisInputs::SetMCSF] sample : ggZZto4mu
[AnalysisInputs::SetMCSF] => MCSF = 0.978495, MCSF_err = 0.0795031
[AnalysisInputs::SetMCSF] sample : ggZZto4tau
[AnalysisInputs::SetMCSF] => MCSF = 0.978495, MCSF_err = 0.0795031
[AnalysisInputs::SetMCSF] sample : ggHtoZZ
[AnalysisInputs::SetMCSF] => MCSF = 0.978495, MCSF_err = 0.0795031
[AnalysisInputs::SetCalculatedSysts] Get Systematics from /data8/Users/jskim/HN_dilepton_plotter/data/v8-0-7.37_ForApproval_Puppi/Syst.txt
[AnalysisInputs::SetCalculatedSysts] source : Luminosity
[AnalysisInputs::SetCalculatedSysts] => % sysematic = 0.025
[AnalysisInputs::SetCalculatedSysts] source : FakeLooseID
[AnalysisInputs::SetCalculatedSysts] => % sysematic = 0.3
[AnalysisInputs::SetCalculatedSysts] source : ChrageFlipSyst
[AnalysisInputs::SetCalculatedSysts] => % sysematic = 0.16
[CutRangeInfo::ReadCutCard] Get Cutcard from /data8/Users/jskim/HN_dilepton_plotter/data/v8-0-7.37_ForApproval_Puppi/CutOpCard/RunDirectory/Cards_MuMu_Bin2/HNMuMu_500.txt
Central	0.659427	0	0
_MuonEn_up	0.833788	0	0
_MuonEn_down	0.588513	0	0
_MuonIDSF_up	0.684032	0	0
_MuonIDSF_down	0.516951	0	0
_Rocc_up	0.639766	0	0
_Rocc_down	0.627977	0	0
_ElectronEn_up	0.660549	0	0
_ElectronEn_down	0.65753	0	0
_ElectronIDSF_up	0.65753	0	0
_ElectronIDSF_down	0.663507	0	0
_TriggerSF_up	0.672159	0	0
_TriggerSF_down	0.664243	0	0
_PU_up	0.709136	0	0
_PU_down	0.607469	0	0
_JetEn_up	0.685698	0	0
_JetEn_down	0.626344	0	0
_JetRes_up	0.640525	0	0
_JetRes_down	0.661335	0	0
_Unclustered_up	0.742916	0	0
_Unclustered_down	0.753175	0	0
_BTagSFEff_up	0.657275	0	0
_BTagSFEff_down	0.672737	0	0
_BTagSFMiss_up	0.662707	0	0
_BTagSFMiss_down	0.657275	0	0
_JetMass_up	0.654969	0	0
_JetMass_down	0.660842	0	0
_JetMassRes_up	0.665123	0	0
_JetMassRes_down	0.678196	0	0
_Tau21_up	0.717486	0	0
_Tau21_down	0.609251	0	0

################ Sources ################
Source	SystTotal	SystPrompt	SystFake	Signal
Stat 25.05 25.05  -nan  -nan  1.32
Lumi 2.50  2.50 -  -  2.50
PDF  -  -  -  -  5.00
MuonPt  20.18 20.18  -  -  2.26
MuonID  15.50 15.50  -  -  3.70
MuonRocc  3.98 3.98  -  -  0.32
ElectronE  0.24 0.24  -  -  0.07
ElectronID  0.48 0.48  -  -  0.11
Trigger  1.46 1.46  -  -  0.41
PU  7.71 7.71  -  -  0.95
JES  4.53 4.53  -  -  0.06
JER  2.04 2.04  -  -  1.55
Uncl  13.46 13.46  -  -  0.11
BEff  1.45 1.45  -  -  0.28
BMiss  0.42 0.42  -  -  0.57
JMS  0.50 0.50  -  -  0.46
JMR  2.10 2.10  -  -  0.10
Tau21  8.23 8.23  -  -  7.35
MCNorm 37.57  37.57 -  -  -
Fake 0.00  -  -nan - -
CF 0.00  -  -  -nan -
Total Systematic 49.23 49.23  -nan  -nan  10.41

Total Background	0.659
- Prompt	0.659
- Fake	0.000
- CF	0.000
- Obs	1.000

####### Result #######
Signal Eff	0.159660
0.659427 1.552378
0.593911 1.104898
