
Processing CyclesForMixingLimit_MuMu_Bin2/HNMuMu_400.C...
[AnalysisInputs::SetMCSF] Get MC SF from /data8/Users/jskim/HN_dilepton_plotter/data/v8-0-7.37_ForApproval_Puppi/MCSF.txt
[AnalysisInputs::SetMCSF] sample : VVV
[AnalysisInputs::SetMCSF] => MCSF = 1, MCSF_err = 0.5
[AnalysisInputs::SetMCSF] sample : WWW
[AnalysisInputs::SetMCSF] => MCSF = 1, MCSF_err = 0.5
[AnalysisInputs::SetMCSF] sample : WWZ
[AnalysisInputs::SetMCSF] => MCSF = 1, MCSF_err = 0.5
[AnalysisInputs::SetMCSF] sample : WZZ
[AnalysisInputs::SetMCSF] => MCSF = 1, MCSF_err = 0.5
[AnalysisInputs::SetMCSF] sample : ZZZ
[AnalysisInputs::SetMCSF] => MCSF = 1, MCSF_err = 0.5
[AnalysisInputs::SetMCSF] sample : ttV
[AnalysisInputs::SetMCSF] => MCSF = 1, MCSF_err = 0.5
[AnalysisInputs::SetMCSF] sample : ttW
[AnalysisInputs::SetMCSF] => MCSF = 1, MCSF_err = 0.5
[AnalysisInputs::SetMCSF] sample : ttZ
[AnalysisInputs::SetMCSF] => MCSF = 1, MCSF_err = 0.5
[AnalysisInputs::SetMCSF] sample : ttH_nonbb
[AnalysisInputs::SetMCSF] => MCSF = 1, MCSF_err = 0.5
[AnalysisInputs::SetMCSF] sample : top
[AnalysisInputs::SetMCSF] => MCSF = 1, MCSF_err = 0.5
[AnalysisInputs::SetMCSF] sample : WWTo2L2Nu_DS
[AnalysisInputs::SetMCSF] => MCSF = 1, MCSF_err = 0.5
[AnalysisInputs::SetMCSF] sample : WpWpEWK
[AnalysisInputs::SetMCSF] => MCSF = 1.3062, MCSF_err = 0.5
[AnalysisInputs::SetMCSF] sample : WpWpQCD
[AnalysisInputs::SetMCSF] => MCSF = 1.70026, MCSF_err = 0.5
[AnalysisInputs::SetMCSF] sample : WZTo3LNu_mllmin01
[AnalysisInputs::SetMCSF] => MCSF = 0.65, MCSF_err = 0.06
[AnalysisInputs::SetMCSF] sample : WZTo3LNu_powheg
[AnalysisInputs::SetMCSF] => MCSF = 1.05212, MCSF_err = 0.066085
[AnalysisInputs::SetMCSF] sample : ZGto2LG
[AnalysisInputs::SetMCSF] => MCSF = 1.09608, MCSF_err = 0.0747672
[AnalysisInputs::SetMCSF] sample : WGtoLNuG
[AnalysisInputs::SetMCSF] => MCSF = 1, MCSF_err = 0.0747672
[AnalysisInputs::SetMCSF] sample : WGtoLNuG_weighted
[AnalysisInputs::SetMCSF] => MCSF = 1, MCSF_err = 0.0747672
[AnalysisInputs::SetMCSF] sample : ZZTo4L_powheg
[AnalysisInputs::SetMCSF] => MCSF = 0.978495, MCSF_err = 0.0795031
[AnalysisInputs::SetMCSF] sample : ggZZto2e2mu
[AnalysisInputs::SetMCSF] => MCSF = 0.978495, MCSF_err = 0.0795031
[AnalysisInputs::SetMCSF] sample : ggZZto2e2nu
[AnalysisInputs::SetMCSF] => MCSF = 0.978495, MCSF_err = 0.0795031
[AnalysisInputs::SetMCSF] sample : ggZZto2e2tau
[AnalysisInputs::SetMCSF] => MCSF = 0.978495, MCSF_err = 0.0795031
[AnalysisInputs::SetMCSF] sample : ggZZto2mu2nu
[AnalysisInputs::SetMCSF] => MCSF = 0.978495, MCSF_err = 0.0795031
[AnalysisInputs::SetMCSF] sample : ggZZto2mu2tau
[AnalysisInputs::SetMCSF] => MCSF = 0.978495, MCSF_err = 0.0795031
[AnalysisInputs::SetMCSF] sample : ggZZto4e
[AnalysisInputs::SetMCSF] => MCSF = 0.978495, MCSF_err = 0.0795031
[AnalysisInputs::SetMCSF] sample : ggZZto4mu
[AnalysisInputs::SetMCSF] => MCSF = 0.978495, MCSF_err = 0.0795031
[AnalysisInputs::SetMCSF] sample : ggZZto4tau
[AnalysisInputs::SetMCSF] => MCSF = 0.978495, MCSF_err = 0.0795031
[AnalysisInputs::SetMCSF] sample : ggHtoZZ
[AnalysisInputs::SetMCSF] => MCSF = 0.978495, MCSF_err = 0.0795031
[AnalysisInputs::SetCalculatedSysts] Get Systematics from /data8/Users/jskim/HN_dilepton_plotter/data/v8-0-7.37_ForApproval_Puppi/Syst.txt
[AnalysisInputs::SetCalculatedSysts] source : Luminosity
[AnalysisInputs::SetCalculatedSysts] => % sysematic = 0.025
[AnalysisInputs::SetCalculatedSysts] source : FakeLooseID
[AnalysisInputs::SetCalculatedSysts] => % sysematic = 0.3
[AnalysisInputs::SetCalculatedSysts] source : ChrageFlipSyst
[AnalysisInputs::SetCalculatedSysts] => % sysematic = 0.16
[CutRangeInfo::ReadCutCard] Get Cutcard from /data8/Users/jskim/HN_dilepton_plotter/data/v8-0-7.37_ForApproval_Puppi/CutOpCard/RunDirectory/Cards_MuMu_Bin2/HNMuMu_400.txt
Central	0.216283	0.0348239	0
_MuonEn_up	0.323601	0.0348239	0
_MuonEn_down	0.165671	0.0348239	0
_MuonIDSF_up	0.227486	0.0348239	0
_MuonIDSF_down	0.223606	0.0348239	0
_Rocc_up	0.227312	0.0348239	0
_Rocc_down	0.217522	0.0348239	0
_ElectronEn_up	0.219903	0.0348239	0
_ElectronEn_down	0.230367	0.0348239	0
_ElectronIDSF_up	0.22028	0.0348239	0
_ElectronIDSF_down	0.212671	0.0348239	0
_TriggerSF_up	0.224577	0.0348239	0
_TriggerSF_down	0.216283	0.0348239	0
_PU_up	0.235453	0.0348239	0
_PU_down	0.204467	0.0348239	0
_JetEn_up	0.297675	0.0348239	0
_JetEn_down	0.328805	0.0348239	0
_JetRes_up	0.282336	0.0348239	0
_JetRes_down	0.214955	0.0348239	0
_Unclustered_up	0.3176	0.0348239	0
_Unclustered_down	0.35981	0.0348239	0
_BTagSFEff_up	0.215587	0.0348239	0
_BTagSFEff_down	0.219784	0.0348239	0
_BTagSFMiss_up	0.223143	0.0348239	0
_BTagSFMiss_down	0.22028	0.0348239	0
_JetMass_up	0.21635	0.0348239	0
_JetMass_down	0.22703	0.0348239	0
_JetMassRes_up	0.227158	0.0348239	0
_JetMassRes_down	0.219692	0.0348239	0
_Tau21_up	0.235975	0.0348239	0
_Tau21_down	0.202998	0.0348239	0

################ Sources ################
Source	SystTotal	SystPrompt	SystFake	Signal
Stat 26.43 26.36  97.51  -nan  1.61
Lumi 2.15  2.50 -  -  2.50
PDF  -  -  -  -  5.00
MuonPt  33.41 38.79  -  -  2.80
MuonID  3.77 4.38  -  -  3.60
MuonRocc  3.13 3.63  -  -  0.58
ElectronE  4.09 4.75  -  -  0.09
ElectronID  1.52 1.76  -  -  0.24
Trigger  2.34 2.71  -  -  0.43
PU  6.34 7.36  -  -  0.73
JES  39.11 45.40  -  -  2.24
JER  18.60 21.60  -  -  1.57
Uncl  49.47 57.44  -  -  0.14
BEff  1.01 1.17  -  -  0.33
BMiss  2.24 2.60  -  -  0.52
JMS  3.03 3.51  -  -  0.51
JMR  3.21 3.73  -  -  0.34
Tau21  6.69 7.77  -  -  7.45
MCNorm 43.65  50.68 -  -  -
Fake 4.16  -  30.00 - -
CF 0.00  -  -  -nan -
Total Systematic 86.75 100.60  30.00  -nan  10.81

Total Background	0.251
- Prompt	0.216
- Fake	0.035
- CF	0.000
- Obs	0.000

####### Result #######
Signal Eff	0.086417
0.251107 1.906846
0.779109 1.109282
