
Processing CyclesForMixingLimit_MuMu_Bin2/HNMuMu_700.C...
[AnalysisInputs::SetMCSF] Get MC SF from /data8/Users/jskim/HN_dilepton_plotter/data/v8-0-7.37_ForApproval_Puppi/MCSF.txt
[AnalysisInputs::SetMCSF] sample : VVV
[AnalysisInputs::SetMCSF] => MCSF = 1, MCSF_err = 0.5
[AnalysisInputs::SetMCSF] sample : WWW
[AnalysisInputs::SetMCSF] => MCSF = 1, MCSF_err = 0.5
[AnalysisInputs::SetMCSF] sample : WWZ
[AnalysisInputs::SetMCSF] => MCSF = 1, MCSF_err = 0.5
[AnalysisInputs::SetMCSF] sample : WZZ
[AnalysisInputs::SetMCSF] => MCSF = 1, MCSF_err = 0.5
[AnalysisInputs::SetMCSF] sample : ZZZ
[AnalysisInputs::SetMCSF] => MCSF = 1, MCSF_err = 0.5
[AnalysisInputs::SetMCSF] sample : ttV
[AnalysisInputs::SetMCSF] => MCSF = 1, MCSF_err = 0.5
[AnalysisInputs::SetMCSF] sample : ttW
[AnalysisInputs::SetMCSF] => MCSF = 1, MCSF_err = 0.5
[AnalysisInputs::SetMCSF] sample : ttZ
[AnalysisInputs::SetMCSF] => MCSF = 1, MCSF_err = 0.5
[AnalysisInputs::SetMCSF] sample : ttH_nonbb
[AnalysisInputs::SetMCSF] => MCSF = 1, MCSF_err = 0.5
[AnalysisInputs::SetMCSF] sample : top
[AnalysisInputs::SetMCSF] => MCSF = 1, MCSF_err = 0.5
[AnalysisInputs::SetMCSF] sample : WWTo2L2Nu_DS
[AnalysisInputs::SetMCSF] => MCSF = 1, MCSF_err = 0.5
[AnalysisInputs::SetMCSF] sample : WpWpEWK
[AnalysisInputs::SetMCSF] => MCSF = 1.3062, MCSF_err = 0.5
[AnalysisInputs::SetMCSF] sample : WpWpQCD
[AnalysisInputs::SetMCSF] => MCSF = 1.70026, MCSF_err = 0.5
[AnalysisInputs::SetMCSF] sample : WZTo3LNu_mllmin01
[AnalysisInputs::SetMCSF] => MCSF = 0.65, MCSF_err = 0.06
[AnalysisInputs::SetMCSF] sample : WZTo3LNu_powheg
[AnalysisInputs::SetMCSF] => MCSF = 1.05212, MCSF_err = 0.066085
[AnalysisInputs::SetMCSF] sample : ZGto2LG
[AnalysisInputs::SetMCSF] => MCSF = 1.09608, MCSF_err = 0.0747672
[AnalysisInputs::SetMCSF] sample : WGtoLNuG
[AnalysisInputs::SetMCSF] => MCSF = 1, MCSF_err = 0.0747672
[AnalysisInputs::SetMCSF] sample : WGtoLNuG_weighted
[AnalysisInputs::SetMCSF] => MCSF = 1, MCSF_err = 0.0747672
[AnalysisInputs::SetMCSF] sample : ZZTo4L_powheg
[AnalysisInputs::SetMCSF] => MCSF = 0.978495, MCSF_err = 0.0795031
[AnalysisInputs::SetMCSF] sample : ggZZto2e2mu
[AnalysisInputs::SetMCSF] => MCSF = 0.978495, MCSF_err = 0.0795031
[AnalysisInputs::SetMCSF] sample : ggZZto2e2nu
[AnalysisInputs::SetMCSF] => MCSF = 0.978495, MCSF_err = 0.0795031
[AnalysisInputs::SetMCSF] sample : ggZZto2e2tau
[AnalysisInputs::SetMCSF] => MCSF = 0.978495, MCSF_err = 0.0795031
[AnalysisInputs::SetMCSF] sample : ggZZto2mu2nu
[AnalysisInputs::SetMCSF] => MCSF = 0.978495, MCSF_err = 0.0795031
[AnalysisInputs::SetMCSF] sample : ggZZto2mu2tau
[AnalysisInputs::SetMCSF] => MCSF = 0.978495, MCSF_err = 0.0795031
[AnalysisInputs::SetMCSF] sample : ggZZto4e
[AnalysisInputs::SetMCSF] => MCSF = 0.978495, MCSF_err = 0.0795031
[AnalysisInputs::SetMCSF] sample : ggZZto4mu
[AnalysisInputs::SetMCSF] => MCSF = 0.978495, MCSF_err = 0.0795031
[AnalysisInputs::SetMCSF] sample : ggZZto4tau
[AnalysisInputs::SetMCSF] => MCSF = 0.978495, MCSF_err = 0.0795031
[AnalysisInputs::SetMCSF] sample : ggHtoZZ
[AnalysisInputs::SetMCSF] => MCSF = 0.978495, MCSF_err = 0.0795031
[AnalysisInputs::SetCalculatedSysts] Get Systematics from /data8/Users/jskim/HN_dilepton_plotter/data/v8-0-7.37_ForApproval_Puppi/Syst.txt
[AnalysisInputs::SetCalculatedSysts] source : Luminosity
[AnalysisInputs::SetCalculatedSysts] => % sysematic = 0.025
[AnalysisInputs::SetCalculatedSysts] source : FakeLooseID
[AnalysisInputs::SetCalculatedSysts] => % sysematic = 0.3
[AnalysisInputs::SetCalculatedSysts] source : ChrageFlipSyst
[AnalysisInputs::SetCalculatedSysts] => % sysematic = 0.16
[CutRangeInfo::ReadCutCard] Get Cutcard from /data8/Users/jskim/HN_dilepton_plotter/data/v8-0-7.37_ForApproval_Puppi/CutOpCard/RunDirectory/Cards_MuMu_Bin2/HNMuMu_700.txt
Central	0.555735	0.295078	0
_MuonEn_up	0.818276	0.295078	0
_MuonEn_down	0.62807	0.295078	0
_MuonIDSF_up	0.567535	0.295078	0
_MuonIDSF_down	0.513031	0.295078	0
_Rocc_up	0.576393	0.295078	0
_Rocc_down	0.521483	0.295078	0
_ElectronEn_up	0.556272	0.295078	0
_ElectronEn_down	0.545846	0.295078	0
_ElectronIDSF_up	0.549201	0.295078	0
_ElectronIDSF_down	0.545621	0.295078	0
_TriggerSF_up	0.567583	0.295078	0
_TriggerSF_down	0.553949	0.295078	0
_PU_up	0.531172	0.295078	0
_PU_down	0.572329	0.295078	0
_JetEn_up	0.670794	0.295078	0
_JetEn_down	0.491187	0.295078	0
_JetRes_up	0.568816	0.295078	0
_JetRes_down	0.538316	0.295078	0
_Unclustered_up	0.666705	0.295078	0
_Unclustered_down	0.6385	0.295078	0
_BTagSFEff_up	0.556371	0.295078	0
_BTagSFEff_down	0.558868	0.295078	0
_BTagSFMiss_up	0.552807	0.295078	0
_BTagSFMiss_down	0.559576	0.295078	0
_JetMass_up	0.538692	0.295078	0
_JetMass_down	0.45772	0.295078	0
_JetMassRes_up	0.541044	0.295078	0
_JetMassRes_down	0.447713	0.295078	0
_Tau21_up	0.602312	0.295078	0
_Tau21_down	0.507154	0.295078	0

################ Sources ################
Source	SystTotal	SystPrompt	SystFake	Signal
Stat 31.38 21.22  81.18  -nan  0.90
Lumi 1.63  2.50 -  -  2.50
PDF  -  -  -  -  5.00
MuonPt  22.63 34.65  -  -  1.63
MuonID  3.68 5.64  -  -  3.52
MuonRocc  3.32 5.09  -  -  0.68
ElectronE  0.82 1.26  -  -  0.05
ElectronID  1.00 1.53  -  -  0.04
Trigger  1.00 1.52  -  -  0.39
PU  2.46 3.77  -  -  0.52
JES  10.96 16.79  -  -  0.87
JER  1.81 2.77  -  -  0.52
Uncl  11.51 17.61  -  -  0.14
BEff  0.27 0.41  -  -  0.38
BMiss  0.40 0.61  -  -  0.62
JMS  8.27 12.66  -  -  0.48
JMR  9.06 13.87  -  -  0.25
Tau21  5.59 8.56  -  -  7.62
MCNorm 31.69  48.52 -  -  -
Fake 10.40  -  30.00 - -
CF 0.00  -  -  -nan -
Total Systematic 45.81 68.30  30.00  -nan  10.35

Total Background	0.851
- Prompt	0.556
- Fake	0.295
- CF	0.000
- Obs	2.000

####### Result #######
Signal Eff	0.296067
0.850812 1.555278
0.278511 1.103880
