
Processing CyclesForMixingLimit_ElEl_Bin2/HNElEl_150.C...
[AnalysisInputs::SetMCSF] Get MC SF from /data8/Users/jskim/HN_dilepton_plotter/data/v8-0-7.37_PreApproval/MCSF.txt
[AnalysisInputs::SetMCSF] sample : VVV
[AnalysisInputs::SetMCSF] => MCSF = 1, MCSF_err = 0.5
[AnalysisInputs::SetMCSF] sample : WWW
[AnalysisInputs::SetMCSF] => MCSF = 1, MCSF_err = 0.5
[AnalysisInputs::SetMCSF] sample : WWZ
[AnalysisInputs::SetMCSF] => MCSF = 1, MCSF_err = 0.5
[AnalysisInputs::SetMCSF] sample : WZZ
[AnalysisInputs::SetMCSF] => MCSF = 1, MCSF_err = 0.5
[AnalysisInputs::SetMCSF] sample : ZZZ
[AnalysisInputs::SetMCSF] => MCSF = 1, MCSF_err = 0.5
[AnalysisInputs::SetMCSF] sample : ttV
[AnalysisInputs::SetMCSF] => MCSF = 1, MCSF_err = 0.5
[AnalysisInputs::SetMCSF] sample : ttW
[AnalysisInputs::SetMCSF] => MCSF = 1, MCSF_err = 0.5
[AnalysisInputs::SetMCSF] sample : ttZ
[AnalysisInputs::SetMCSF] => MCSF = 1, MCSF_err = 0.5
[AnalysisInputs::SetMCSF] sample : ttH_nonbb
[AnalysisInputs::SetMCSF] => MCSF = 1, MCSF_err = 0.5
[AnalysisInputs::SetMCSF] sample : top
[AnalysisInputs::SetMCSF] => MCSF = 1, MCSF_err = 0.5
[AnalysisInputs::SetMCSF] sample : WWTo2L2Nu_DS
[AnalysisInputs::SetMCSF] => MCSF = 1, MCSF_err = 0.5
[AnalysisInputs::SetMCSF] sample : WpWpEWK
[AnalysisInputs::SetMCSF] => MCSF = 1, MCSF_err = 0.5
[AnalysisInputs::SetMCSF] sample : WpWpQCD
[AnalysisInputs::SetMCSF] => MCSF = 1, MCSF_err = 0.5
[AnalysisInputs::SetMCSF] sample : WZTo3LNu_mllmin01
[AnalysisInputs::SetMCSF] => MCSF = 0.65, MCSF_err = 0.06
[AnalysisInputs::SetMCSF] sample : WZTo3LNu_powheg
[AnalysisInputs::SetMCSF] => MCSF = 1.05044, MCSF_err = 0.0648798
[AnalysisInputs::SetMCSF] sample : ZGto2LG
[AnalysisInputs::SetMCSF] => MCSF = 1.09954, MCSF_err = 0.076377
[AnalysisInputs::SetMCSF] sample : WGtoLNuG
[AnalysisInputs::SetMCSF] => MCSF = 1, MCSF_err = 0.076377
[AnalysisInputs::SetMCSF] sample : WGtoLNuG_weighted
[AnalysisInputs::SetMCSF] => MCSF = 1, MCSF_err = 0.076377
[AnalysisInputs::SetMCSF] sample : ZZTo4L_powheg
[AnalysisInputs::SetMCSF] => MCSF = 0.978852, MCSF_err = 0.0792882
[AnalysisInputs::SetMCSF] sample : ggZZto2e2mu
[AnalysisInputs::SetMCSF] => MCSF = 0.978852, MCSF_err = 0.0792882
[AnalysisInputs::SetMCSF] sample : ggZZto2e2nu
[AnalysisInputs::SetMCSF] => MCSF = 0.978852, MCSF_err = 0.0792882
[AnalysisInputs::SetMCSF] sample : ggZZto2e2tau
[AnalysisInputs::SetMCSF] => MCSF = 0.978852, MCSF_err = 0.0792882
[AnalysisInputs::SetMCSF] sample : ggZZto2mu2nu
[AnalysisInputs::SetMCSF] => MCSF = 0.978852, MCSF_err = 0.0792882
[AnalysisInputs::SetMCSF] sample : ggZZto2mu2tau
[AnalysisInputs::SetMCSF] => MCSF = 0.978852, MCSF_err = 0.0792882
[AnalysisInputs::SetMCSF] sample : ggZZto4e
[AnalysisInputs::SetMCSF] => MCSF = 0.978852, MCSF_err = 0.0792882
[AnalysisInputs::SetMCSF] sample : ggZZto4mu
[AnalysisInputs::SetMCSF] => MCSF = 0.978852, MCSF_err = 0.0792882
[AnalysisInputs::SetMCSF] sample : ggZZto4tau
[AnalysisInputs::SetMCSF] => MCSF = 0.978852, MCSF_err = 0.0792882
[AnalysisInputs::SetMCSF] sample : ggHtoZZ
[AnalysisInputs::SetMCSF] => MCSF = 0.978852, MCSF_err = 0.0792882
[AnalysisInputs::SetCalculatedSysts] Get Systematics from /data8/Users/jskim/HN_dilepton_plotter/data/v8-0-7.37_PreApproval/Syst.txt
[AnalysisInputs::SetCalculatedSysts] source : Luminosity
[AnalysisInputs::SetCalculatedSysts] => % sysematic = 0.025
[AnalysisInputs::SetCalculatedSysts] source : FakeLooseID
[AnalysisInputs::SetCalculatedSysts] => % sysematic = 0.3
[AnalysisInputs::SetCalculatedSysts] source : ChrageFlipSyst
[AnalysisInputs::SetCalculatedSysts] => % sysematic = 0.16
[CutRangeInfo::ReadCutCard] Get Cutcard from /data8/Users/jskim/HN_dilepton_plotter/data/v8-0-7.37_PreApproval/CutOpCard/RunDirectory/Cards_ElEl_Bin2/HNElEl_150.txt
Central	1.09827	0.0235697	0.0796693
_MuonEn_up	1.10766	0.0235697	0.0796693
_MuonEn_down	1.11119	0.0235697	0.0796693
_MuonIDSF_up	1.10926	0.0235697	0.0796693
_MuonIDSF_down	1.1119	0.0235697	0.0796693
_ElectronEn_up	1.0737	0.0235697	0.0796693
_ElectronEn_down	1.14382	0.0235697	0.0796693
_ElectronIDSF_up	1.15058	0.0235697	0.0796693
_ElectronIDSF_down	1.06999	0.0235697	0.0796693
_TriggerSF_up	1.15188	0.0235697	0.0796693
_TriggerSF_down	1.11741	0.0235697	0.0796693
_PU_up	1.17085	0.0235697	0.0796693
_PU_down	0.97653	0.0235697	0.0796693
_JetEn_up	1.05825	0.0235697	0.0796693
_JetEn_down	1.08508	0.0235697	0.0796693
_JetRes_up	1.11206	0.0235697	0.0796693
_JetRes_down	1.11718	0.0235697	0.0796693
_Unclustered_up	1.09837	0.0235697	0.0796693
_Unclustered_down	0.747867	0.0235697	0.0796693
_BTagSFEff_up	1.10731	0.0235697	0.0796693
_BTagSFEff_down	1.11552	0.0235697	0.0796693
_BTagSFMiss_up	1.11148	0.0235697	0.0796693
_BTagSFMiss_down	1.11143	0.0235697	0.0796693
_JetMass_up	1.10832	0.0235697	0.0796693
_JetMass_down	1.07237	0.0235697	0.0796693
_JetMassRes_up	1.07666	0.0235697	0.0796693
_JetMassRes_down	1.11021	0.0235697	0.0796693
_Tau21_up	1.18588	0.0235697	0.0796693
_Tau21_down	1.03082	0.0235697	0.0796693

################ Sources ################
Source	SystTotal	SystPrompt	SystFake	Signal
Stat 39.27 41.42  531.50  17.93  10.76
Lumi 2.29  2.50 -  -  2.50
PDF  -  -  -  -  2.36
MuonPt  0.94 1.03  -  -  0.59
MuonID  1.03 1.13  -  -  1.11
ElectronE  3.05 3.33  -  -  0.10
ElectronID  3.50 3.83  -  -  2.31
Trigger  3.35 3.67  -  -  2.08
PU  8.34 9.13  -  -  3.61
JES  2.48 2.71  -  -  2.77
JER  1.38 1.51  -  -  1.79
Uncl  20.62 22.56  -  -  0.66
BEff  1.15 1.25  -  -  1.03
BMiss  1.10 1.20  -  -  0.98
JMS  1.64 1.79  -  -  2.06
JMR  1.45 1.59  -  -  1.15
Tau21  6.51 7.12  -  -  6.89
MCNorm 12.91  14.13 -  -  -
Fake 0.59  -  30.00 - -
CF 1.06  -  -  16.00 -
Total Systematic 27.56 30.14  30.00  16.00  10.12

Total Background	1.202
- Prompt	1.098
- Fake	0.024
- CF	0.080

####### Result #######
Signal Eff	0.001933
1.201509 1.480052
0.740881 1.147717
