
Processing CyclesForMixingLimit_ElEl_Bin2/HNElEl_50.C...
[AnalysisInputs::SetMCSF] Get MC SF from /data8/Users/jskim/HN_dilepton_plotter/data/v8-0-7.37_PreApproval/MCSF.txt
[AnalysisInputs::SetMCSF] sample : VVV
[AnalysisInputs::SetMCSF] => MCSF = 1, MCSF_err = 0.5
[AnalysisInputs::SetMCSF] sample : WWW
[AnalysisInputs::SetMCSF] => MCSF = 1, MCSF_err = 0.5
[AnalysisInputs::SetMCSF] sample : WWZ
[AnalysisInputs::SetMCSF] => MCSF = 1, MCSF_err = 0.5
[AnalysisInputs::SetMCSF] sample : WZZ
[AnalysisInputs::SetMCSF] => MCSF = 1, MCSF_err = 0.5
[AnalysisInputs::SetMCSF] sample : ZZZ
[AnalysisInputs::SetMCSF] => MCSF = 1, MCSF_err = 0.5
[AnalysisInputs::SetMCSF] sample : ttV
[AnalysisInputs::SetMCSF] => MCSF = 1, MCSF_err = 0.5
[AnalysisInputs::SetMCSF] sample : ttW
[AnalysisInputs::SetMCSF] => MCSF = 1, MCSF_err = 0.5
[AnalysisInputs::SetMCSF] sample : ttZ
[AnalysisInputs::SetMCSF] => MCSF = 1, MCSF_err = 0.5
[AnalysisInputs::SetMCSF] sample : ttH_nonbb
[AnalysisInputs::SetMCSF] => MCSF = 1, MCSF_err = 0.5
[AnalysisInputs::SetMCSF] sample : top
[AnalysisInputs::SetMCSF] => MCSF = 1, MCSF_err = 0.5
[AnalysisInputs::SetMCSF] sample : WWTo2L2Nu_DS
[AnalysisInputs::SetMCSF] => MCSF = 1, MCSF_err = 0.5
[AnalysisInputs::SetMCSF] sample : WpWpEWK
[AnalysisInputs::SetMCSF] => MCSF = 1, MCSF_err = 0.5
[AnalysisInputs::SetMCSF] sample : WpWpQCD
[AnalysisInputs::SetMCSF] => MCSF = 1, MCSF_err = 0.5
[AnalysisInputs::SetMCSF] sample : WZTo3LNu_mllmin01
[AnalysisInputs::SetMCSF] => MCSF = 0.65, MCSF_err = 0.06
[AnalysisInputs::SetMCSF] sample : WZTo3LNu_powheg
[AnalysisInputs::SetMCSF] => MCSF = 1.05044, MCSF_err = 0.0648798
[AnalysisInputs::SetMCSF] sample : ZGto2LG
[AnalysisInputs::SetMCSF] => MCSF = 1.09954, MCSF_err = 0.076377
[AnalysisInputs::SetMCSF] sample : WGtoLNuG
[AnalysisInputs::SetMCSF] => MCSF = 1, MCSF_err = 0.076377
[AnalysisInputs::SetMCSF] sample : WGtoLNuG_weighted
[AnalysisInputs::SetMCSF] => MCSF = 1, MCSF_err = 0.076377
[AnalysisInputs::SetMCSF] sample : ZZTo4L_powheg
[AnalysisInputs::SetMCSF] => MCSF = 0.978852, MCSF_err = 0.0792882
[AnalysisInputs::SetMCSF] sample : ggZZto2e2mu
[AnalysisInputs::SetMCSF] => MCSF = 0.978852, MCSF_err = 0.0792882
[AnalysisInputs::SetMCSF] sample : ggZZto2e2nu
[AnalysisInputs::SetMCSF] => MCSF = 0.978852, MCSF_err = 0.0792882
[AnalysisInputs::SetMCSF] sample : ggZZto2e2tau
[AnalysisInputs::SetMCSF] => MCSF = 0.978852, MCSF_err = 0.0792882
[AnalysisInputs::SetMCSF] sample : ggZZto2mu2nu
[AnalysisInputs::SetMCSF] => MCSF = 0.978852, MCSF_err = 0.0792882
[AnalysisInputs::SetMCSF] sample : ggZZto2mu2tau
[AnalysisInputs::SetMCSF] => MCSF = 0.978852, MCSF_err = 0.0792882
[AnalysisInputs::SetMCSF] sample : ggZZto4e
[AnalysisInputs::SetMCSF] => MCSF = 0.978852, MCSF_err = 0.0792882
[AnalysisInputs::SetMCSF] sample : ggZZto4mu
[AnalysisInputs::SetMCSF] => MCSF = 0.978852, MCSF_err = 0.0792882
[AnalysisInputs::SetMCSF] sample : ggZZto4tau
[AnalysisInputs::SetMCSF] => MCSF = 0.978852, MCSF_err = 0.0792882
[AnalysisInputs::SetMCSF] sample : ggHtoZZ
[AnalysisInputs::SetMCSF] => MCSF = 0.978852, MCSF_err = 0.0792882
[AnalysisInputs::SetCalculatedSysts] Get Systematics from /data8/Users/jskim/HN_dilepton_plotter/data/v8-0-7.37_PreApproval/Syst.txt
[AnalysisInputs::SetCalculatedSysts] source : Luminosity
[AnalysisInputs::SetCalculatedSysts] => % sysematic = 0.025
[AnalysisInputs::SetCalculatedSysts] source : FakeLooseID
[AnalysisInputs::SetCalculatedSysts] => % sysematic = 0.3
[AnalysisInputs::SetCalculatedSysts] source : ChrageFlipSyst
[AnalysisInputs::SetCalculatedSysts] => % sysematic = 0.16
[CutRangeInfo::ReadCutCard] Get Cutcard from /data8/Users/jskim/HN_dilepton_plotter/data/v8-0-7.37_PreApproval/CutOpCard/RunDirectory/Cards_ElEl_Bin2/HNElEl_50.txt
Central	31.9301	16.4782	2.32637
_MuonEn_up	31.9298	16.4782	2.32637
_MuonEn_down	31.95	16.4782	2.32637
_MuonIDSF_up	31.9426	16.4782	2.32637
_MuonIDSF_down	31.9312	16.4782	2.32637
_ElectronEn_up	32.3599	16.4782	2.32637
_ElectronEn_down	30.7331	16.4782	2.32637
_ElectronIDSF_up	32.4001	16.4782	2.32637
_ElectronIDSF_down	31.4224	16.4782	2.32637
_TriggerSF_up	33.4387	16.4782	2.32637
_TriggerSF_down	32.3359	16.4782	2.32637
_PU_up	31.8665	16.4782	2.32637
_PU_down	32.2175	16.4782	2.32637
_JetEn_up	30.7267	16.4782	2.32637
_JetEn_down	35.6915	16.4782	2.32637
_JetRes_up	33.3482	16.4782	2.32637
_JetRes_down	30.0551	16.4782	2.32637
_Unclustered_up	30.0242	16.4782	2.32637
_Unclustered_down	32.8674	16.4782	2.32637
_BTagSFEff_up	31.9425	16.4782	2.32637
_BTagSFEff_down	31.9282	16.4782	2.32637
_BTagSFMiss_up	31.9419	16.4782	2.32637
_BTagSFMiss_down	32.418	16.4782	2.32637
_JetMass_up	31.8664	16.4782	2.32637
_JetMass_down	31.95	16.4782	2.32637
_JetMassRes_up	32.4172	16.4782	2.32637
_JetMassRes_down	32.3041	16.4782	2.32637
_Tau21_up	31.9363	16.4782	2.32637
_Tau21_down	31.9363	16.4782	2.32637

################ Sources ################
Source	SystTotal	SystPrompt	SystFake	Signal
Stat 9.11 12.75  13.28  1.06  6.26
Lumi 1.57  2.50 -  -  2.50
PDF  -  -  -  -  7.59
MuonPt  0.03 0.04  -  -  0.21
MuonID  0.02 0.03  -  -  0.45
ElectronE  1.77 2.82  -  -  3.15
ElectronID  0.96 1.53  -  -  1.75
Trigger  2.18 3.46  -  -  2.61
PU  0.41 0.65  -  -  3.49
JES  5.50 8.75  -  -  1.31
JER  3.28 5.21  -  -  1.10
Uncl  2.96 4.70  -  -  4.99
BEff  0.02 0.03  -  -  0.89
BMiss  0.68 1.08  -  -  0.58
JMS  0.09 0.15  -  -  0.26
JMR  0.86 1.36  -  -  0.25
Tau21  0.01 0.02  -  -  0.30
MCNorm 6.45  10.25 -  -  -
Fake 9.74  -  30.00 - -
CF 0.73  -  -  16.00 -
Total Systematic 14.11 16.21  30.00  16.00  11.19

Total Background	50.735
- Prompt	31.930
- Fake	16.478
- CF	2.326

####### Result #######
Signal Eff	0.003200
50.734732 1.168067
2078.396763 1.128236
