
Processing CyclesForMixingLimit_ElEl_Bin2/HNElEl_200.C...
[AnalysisInputs::SetMCSF] Get MC SF from /data8/Users/jskim/HN_dilepton_plotter/data/v8-0-7.37_PreApproval/MCSF.txt
[AnalysisInputs::SetMCSF] sample : VVV
[AnalysisInputs::SetMCSF] => MCSF = 1, MCSF_err = 0.5
[AnalysisInputs::SetMCSF] sample : WWW
[AnalysisInputs::SetMCSF] => MCSF = 1, MCSF_err = 0.5
[AnalysisInputs::SetMCSF] sample : WWZ
[AnalysisInputs::SetMCSF] => MCSF = 1, MCSF_err = 0.5
[AnalysisInputs::SetMCSF] sample : WZZ
[AnalysisInputs::SetMCSF] => MCSF = 1, MCSF_err = 0.5
[AnalysisInputs::SetMCSF] sample : ZZZ
[AnalysisInputs::SetMCSF] => MCSF = 1, MCSF_err = 0.5
[AnalysisInputs::SetMCSF] sample : ttV
[AnalysisInputs::SetMCSF] => MCSF = 1, MCSF_err = 0.5
[AnalysisInputs::SetMCSF] sample : ttW
[AnalysisInputs::SetMCSF] => MCSF = 1, MCSF_err = 0.5
[AnalysisInputs::SetMCSF] sample : ttZ
[AnalysisInputs::SetMCSF] => MCSF = 1, MCSF_err = 0.5
[AnalysisInputs::SetMCSF] sample : ttH_nonbb
[AnalysisInputs::SetMCSF] => MCSF = 1, MCSF_err = 0.5
[AnalysisInputs::SetMCSF] sample : top
[AnalysisInputs::SetMCSF] => MCSF = 1, MCSF_err = 0.5
[AnalysisInputs::SetMCSF] sample : WWTo2L2Nu_DS
[AnalysisInputs::SetMCSF] => MCSF = 1, MCSF_err = 0.5
[AnalysisInputs::SetMCSF] sample : WpWpEWK
[AnalysisInputs::SetMCSF] => MCSF = 1, MCSF_err = 0.5
[AnalysisInputs::SetMCSF] sample : WpWpQCD
[AnalysisInputs::SetMCSF] => MCSF = 1, MCSF_err = 0.5
[AnalysisInputs::SetMCSF] sample : WZTo3LNu_mllmin01
[AnalysisInputs::SetMCSF] => MCSF = 0.65, MCSF_err = 0.06
[AnalysisInputs::SetMCSF] sample : WZTo3LNu_powheg
[AnalysisInputs::SetMCSF] => MCSF = 1.05044, MCSF_err = 0.0648798
[AnalysisInputs::SetMCSF] sample : ZGto2LG
[AnalysisInputs::SetMCSF] => MCSF = 1.09954, MCSF_err = 0.076377
[AnalysisInputs::SetMCSF] sample : WGtoLNuG
[AnalysisInputs::SetMCSF] => MCSF = 1, MCSF_err = 0.076377
[AnalysisInputs::SetMCSF] sample : WGtoLNuG_weighted
[AnalysisInputs::SetMCSF] => MCSF = 1, MCSF_err = 0.076377
[AnalysisInputs::SetMCSF] sample : ZZTo4L_powheg
[AnalysisInputs::SetMCSF] => MCSF = 0.978852, MCSF_err = 0.0792882
[AnalysisInputs::SetMCSF] sample : ggZZto2e2mu
[AnalysisInputs::SetMCSF] => MCSF = 0.978852, MCSF_err = 0.0792882
[AnalysisInputs::SetMCSF] sample : ggZZto2e2nu
[AnalysisInputs::SetMCSF] => MCSF = 0.978852, MCSF_err = 0.0792882
[AnalysisInputs::SetMCSF] sample : ggZZto2e2tau
[AnalysisInputs::SetMCSF] => MCSF = 0.978852, MCSF_err = 0.0792882
[AnalysisInputs::SetMCSF] sample : ggZZto2mu2nu
[AnalysisInputs::SetMCSF] => MCSF = 0.978852, MCSF_err = 0.0792882
[AnalysisInputs::SetMCSF] sample : ggZZto2mu2tau
[AnalysisInputs::SetMCSF] => MCSF = 0.978852, MCSF_err = 0.0792882
[AnalysisInputs::SetMCSF] sample : ggZZto4e
[AnalysisInputs::SetMCSF] => MCSF = 0.978852, MCSF_err = 0.0792882
[AnalysisInputs::SetMCSF] sample : ggZZto4mu
[AnalysisInputs::SetMCSF] => MCSF = 0.978852, MCSF_err = 0.0792882
[AnalysisInputs::SetMCSF] sample : ggZZto4tau
[AnalysisInputs::SetMCSF] => MCSF = 0.978852, MCSF_err = 0.0792882
[AnalysisInputs::SetMCSF] sample : ggHtoZZ
[AnalysisInputs::SetMCSF] => MCSF = 0.978852, MCSF_err = 0.0792882
[AnalysisInputs::SetCalculatedSysts] Get Systematics from /data8/Users/jskim/HN_dilepton_plotter/data/v8-0-7.37_PreApproval/Syst.txt
[AnalysisInputs::SetCalculatedSysts] source : Luminosity
[AnalysisInputs::SetCalculatedSysts] => % sysematic = 0.025
[AnalysisInputs::SetCalculatedSysts] source : FakeLooseID
[AnalysisInputs::SetCalculatedSysts] => % sysematic = 0.3
[AnalysisInputs::SetCalculatedSysts] source : ChrageFlipSyst
[AnalysisInputs::SetCalculatedSysts] => % sysematic = 0.16
[CutRangeInfo::ReadCutCard] Get Cutcard from /data8/Users/jskim/HN_dilepton_plotter/data/v8-0-7.37_PreApproval/CutOpCard/RunDirectory/Cards_ElEl_Bin2/HNElEl_200.txt
Central	0.626941	0.0171285	0.0701471
_MuonEn_up	0.626663	0.0171285	0.0701471
_MuonEn_down	0.627305	0.0171285	0.0701471
_MuonIDSF_up	0.632422	0.0171285	0.0701471
_MuonIDSF_down	0.628639	0.0171285	0.0701471
_ElectronEn_up	0.538148	0.0171285	0.0701471
_ElectronEn_down	0.601359	0.0171285	0.0701471
_ElectronIDSF_up	0.647858	0.0171285	0.0701471
_ElectronIDSF_down	0.614787	0.0171285	0.0701471
_TriggerSF_up	0.644469	0.0171285	0.0701471
_TriggerSF_down	0.629464	0.0171285	0.0701471
_PU_up	0.684785	0.0171285	0.0701471
_PU_down	0.577718	0.0171285	0.0701471
_JetEn_up	0.570999	0.0171285	0.0701471
_JetEn_down	0.573892	0.0171285	0.0701471
_JetRes_up	0.502841	0.0171285	0.0701471
_JetRes_down	0.525394	0.0171285	0.0701471
_Unclustered_up	0.681338	0.0171285	0.0701471
_Unclustered_down	0.675999	0.0171285	0.0701471
_BTagSFEff_up	0.634459	0.0171285	0.0701471
_BTagSFEff_down	0.646164	0.0171285	0.0701471
_BTagSFMiss_up	0.643256	0.0171285	0.0701471
_BTagSFMiss_down	0.626528	0.0171285	0.0701471
_JetMass_up	0.631669	0.0171285	0.0701471
_JetMass_down	0.525331	0.0171285	0.0701471
_JetMassRes_up	0.632403	0.0171285	0.0701471
_JetMassRes_down	0.59006	0.0171285	0.0701471
_Tau21_up	0.678002	0.0171285	0.0701471
_Tau21_down	0.586983	0.0171285	0.0701471

################ Sources ################
Source	SystTotal	SystPrompt	SystFake	Signal
Stat 26.18 26.78  480.57  19.90  5.56
Lumi 2.19  2.50 -  -  2.50
PDF  -  -  -  -  2.36
MuonPt  0.05 0.05  -  -  0.40
MuonID  0.57 0.65  -  -  0.73
ElectronE  9.15 10.42  -  -  1.69
ElectronID  2.40 2.73  -  -  2.78
Trigger  1.75 2.00  -  -  1.53
PU  7.52 8.57  -  -  2.76
JES  7.63 8.70  -  -  1.03
JER  15.88 18.09  -  -  2.39
Uncl  7.25 8.26  -  -  0.39
BEff  2.04 2.33  -  -  1.28
BMiss  1.62 1.84  -  -  0.44
JMS  10.07 11.47  -  -  0.41
JMR  3.69 4.21  -  -  0.64
Tau21  6.42 7.31  -  -  7.77
MCNorm 21.08  24.01 -  -  -
Fake 0.72  -  30.00 - -
CF 1.57  -  -  16.00 -
Total Systematic 33.54 38.20  30.00  16.00  10.14

Total Background	0.714
- Prompt	0.627
- Fake	0.017
- CF	0.070

####### Result #######
Signal Eff	0.005971
0.714217 1.426232
0.739646 1.115635
