
Processing CyclesForMixingLimit_ElEl_Bin2/HNElEl_1400.C...
[AnalysisInputs::SetMCSF] Get MC SF from /data8/Users/jskim/HN_dilepton_plotter/data/v8-0-7.37_PreApproval/MCSF.txt
[AnalysisInputs::SetMCSF] sample : VVV
[AnalysisInputs::SetMCSF] => MCSF = 1, MCSF_err = 0.5
[AnalysisInputs::SetMCSF] sample : WWW
[AnalysisInputs::SetMCSF] => MCSF = 1, MCSF_err = 0.5
[AnalysisInputs::SetMCSF] sample : WWZ
[AnalysisInputs::SetMCSF] => MCSF = 1, MCSF_err = 0.5
[AnalysisInputs::SetMCSF] sample : WZZ
[AnalysisInputs::SetMCSF] => MCSF = 1, MCSF_err = 0.5
[AnalysisInputs::SetMCSF] sample : ZZZ
[AnalysisInputs::SetMCSF] => MCSF = 1, MCSF_err = 0.5
[AnalysisInputs::SetMCSF] sample : ttV
[AnalysisInputs::SetMCSF] => MCSF = 1, MCSF_err = 0.5
[AnalysisInputs::SetMCSF] sample : ttW
[AnalysisInputs::SetMCSF] => MCSF = 1, MCSF_err = 0.5
[AnalysisInputs::SetMCSF] sample : ttZ
[AnalysisInputs::SetMCSF] => MCSF = 1, MCSF_err = 0.5
[AnalysisInputs::SetMCSF] sample : ttH_nonbb
[AnalysisInputs::SetMCSF] => MCSF = 1, MCSF_err = 0.5
[AnalysisInputs::SetMCSF] sample : top
[AnalysisInputs::SetMCSF] => MCSF = 1, MCSF_err = 0.5
[AnalysisInputs::SetMCSF] sample : WWTo2L2Nu_DS
[AnalysisInputs::SetMCSF] => MCSF = 1, MCSF_err = 0.5
[AnalysisInputs::SetMCSF] sample : WpWpEWK
[AnalysisInputs::SetMCSF] => MCSF = 1, MCSF_err = 0.5
[AnalysisInputs::SetMCSF] sample : WpWpQCD
[AnalysisInputs::SetMCSF] => MCSF = 1, MCSF_err = 0.5
[AnalysisInputs::SetMCSF] sample : WZTo3LNu_mllmin01
[AnalysisInputs::SetMCSF] => MCSF = 0.65, MCSF_err = 0.06
[AnalysisInputs::SetMCSF] sample : WZTo3LNu_powheg
[AnalysisInputs::SetMCSF] => MCSF = 1.05044, MCSF_err = 0.0648798
[AnalysisInputs::SetMCSF] sample : ZGto2LG
[AnalysisInputs::SetMCSF] => MCSF = 1.09954, MCSF_err = 0.076377
[AnalysisInputs::SetMCSF] sample : WGtoLNuG
[AnalysisInputs::SetMCSF] => MCSF = 1, MCSF_err = 0.076377
[AnalysisInputs::SetMCSF] sample : WGtoLNuG_weighted
[AnalysisInputs::SetMCSF] => MCSF = 1, MCSF_err = 0.076377
[AnalysisInputs::SetMCSF] sample : ZZTo4L_powheg
[AnalysisInputs::SetMCSF] => MCSF = 0.978852, MCSF_err = 0.0792882
[AnalysisInputs::SetMCSF] sample : ggZZto2e2mu
[AnalysisInputs::SetMCSF] => MCSF = 0.978852, MCSF_err = 0.0792882
[AnalysisInputs::SetMCSF] sample : ggZZto2e2nu
[AnalysisInputs::SetMCSF] => MCSF = 0.978852, MCSF_err = 0.0792882
[AnalysisInputs::SetMCSF] sample : ggZZto2e2tau
[AnalysisInputs::SetMCSF] => MCSF = 0.978852, MCSF_err = 0.0792882
[AnalysisInputs::SetMCSF] sample : ggZZto2mu2nu
[AnalysisInputs::SetMCSF] => MCSF = 0.978852, MCSF_err = 0.0792882
[AnalysisInputs::SetMCSF] sample : ggZZto2mu2tau
[AnalysisInputs::SetMCSF] => MCSF = 0.978852, MCSF_err = 0.0792882
[AnalysisInputs::SetMCSF] sample : ggZZto4e
[AnalysisInputs::SetMCSF] => MCSF = 0.978852, MCSF_err = 0.0792882
[AnalysisInputs::SetMCSF] sample : ggZZto4mu
[AnalysisInputs::SetMCSF] => MCSF = 0.978852, MCSF_err = 0.0792882
[AnalysisInputs::SetMCSF] sample : ggZZto4tau
[AnalysisInputs::SetMCSF] => MCSF = 0.978852, MCSF_err = 0.0792882
[AnalysisInputs::SetMCSF] sample : ggHtoZZ
[AnalysisInputs::SetMCSF] => MCSF = 0.978852, MCSF_err = 0.0792882
[AnalysisInputs::SetCalculatedSysts] Get Systematics from /data8/Users/jskim/HN_dilepton_plotter/data/v8-0-7.37_PreApproval/Syst.txt
[AnalysisInputs::SetCalculatedSysts] source : Luminosity
[AnalysisInputs::SetCalculatedSysts] => % sysematic = 0.025
[AnalysisInputs::SetCalculatedSysts] source : FakeLooseID
[AnalysisInputs::SetCalculatedSysts] => % sysematic = 0.3
[AnalysisInputs::SetCalculatedSysts] source : ChrageFlipSyst
[AnalysisInputs::SetCalculatedSysts] => % sysematic = 0.16
[CutRangeInfo::ReadCutCard] Get Cutcard from /data8/Users/jskim/HN_dilepton_plotter/data/v8-0-7.37_PreApproval/CutOpCard/RunDirectory/Cards_ElEl_Bin2/HNElEl_1400.txt
Central	0.0353165	0.00431145	0.00904161
_MuonEn_up	0.0316243	0.00431145	0.00904161
_MuonEn_down	0.0316243	0.00431145	0.00904161
_MuonIDSF_up	0.0316243	0.00431145	0.00904161
_MuonIDSF_down	0.0261857	0.00431145	0.00904161
_ElectronEn_up	0.0343078	0.00431145	0.00904161
_ElectronEn_down	0.0316243	0.00431145	0.00904161
_ElectronIDSF_up	0.033617	0.00431145	0.00904161
_ElectronIDSF_down	0.0296692	0.00431145	0.00904161
_TriggerSF_up	0.032271	0.00431145	0.00904161
_TriggerSF_down	0.0316243	0.00431145	0.00904161
_PU_up	0.0325113	0.00431145	0.00904161
_PU_down	0.0302722	0.00431145	0.00904161
_JetEn_up	0.0343078	0.00431145	0.00904161
_JetEn_down	0.0316243	0.00431145	0.00904161
_JetRes_up	0.0316243	0.00431145	0.00904161
_JetRes_down	0.034207	0.00431145	0.00904161
_Unclustered_up	0.0316243	0.00431145	0.00904161
_Unclustered_down	0.0316243	0.00431145	0.00904161
_BTagSFEff_up	0.0316243	0.00431145	0.00904161
_BTagSFEff_down	0.0316243	0.00431145	0.00904161
_BTagSFMiss_up	0.03452	0.00431145	0.00904161
_BTagSFMiss_down	0.0316243	0.00431145	0.00904161
_JetMass_up	0.0316243	0.00431145	0.00904161
_JetMass_down	0.0342323	0.00431145	0.00904161
_JetMassRes_up	0.0342323	0.00431145	0.00904161
_JetMassRes_down	0.0316243	0.00431145	0.00904161
_Tau21_up	0.0341887	0.00431145	0.00904161
_Tau21_down	0.0252695	0.00431145	0.00904161

################ Sources ################
Source	SystTotal	SystPrompt	SystFake	Signal
Stat 30.15 39.56  104.26  58.37  1.24
Lumi 1.81  2.50 -  -  2.50
PDF  -  -  -  -  2.36
MuonPt  7.59 10.45  -  -  0.32
MuonID  14.31 19.72  -  -  0.28
ElectronE  5.56 7.66  -  -  0.35
ElectronID  8.57 11.81  -  -  3.53
Trigger  6.95 9.58  -  -  1.20
PU  8.39 11.56  -  -  1.62
JES  5.56 7.66  -  -  0.47
JER  5.60 7.72  -  -  0.27
Uncl  7.59 10.45  -  -  0.24
BEff  7.59 10.45  -  -  0.72
BMiss  5.49 7.56  -  -  0.50
JMS  5.59 7.70  -  -  0.12
JMR  5.59 7.70  -  -  0.34
Tau21  14.69 20.24  -  -  8.47
MCNorm 28.68  39.52 -  -  -
Fake 2.66  -  30.00 - -
CF 2.97  -  -  16.00 -
Total Systematic 42.47 58.41  30.00  16.00  10.08

Total Background	0.049
- Prompt	0.035
- Fake	0.004
- CF	0.009

####### Result #######
Signal Eff	0.196804
0.048670 1.532850
0.006583 1.101604
