
Processing CyclesForMixingLimit_ElEl_Bin2/HNElEl_300_VBF.C...
[AnalysisInputs::SetMCSF] Get MC SF from /data8/Users/jskim/HN_dilepton_plotter/data/v8-0-7.37_PreApproval/MCSF.txt
[AnalysisInputs::SetMCSF] sample : VVV
[AnalysisInputs::SetMCSF] => MCSF = 1, MCSF_err = 0.5
[AnalysisInputs::SetMCSF] sample : WWW
[AnalysisInputs::SetMCSF] => MCSF = 1, MCSF_err = 0.5
[AnalysisInputs::SetMCSF] sample : WWZ
[AnalysisInputs::SetMCSF] => MCSF = 1, MCSF_err = 0.5
[AnalysisInputs::SetMCSF] sample : WZZ
[AnalysisInputs::SetMCSF] => MCSF = 1, MCSF_err = 0.5
[AnalysisInputs::SetMCSF] sample : ZZZ
[AnalysisInputs::SetMCSF] => MCSF = 1, MCSF_err = 0.5
[AnalysisInputs::SetMCSF] sample : ttV
[AnalysisInputs::SetMCSF] => MCSF = 1, MCSF_err = 0.5
[AnalysisInputs::SetMCSF] sample : ttW
[AnalysisInputs::SetMCSF] => MCSF = 1, MCSF_err = 0.5
[AnalysisInputs::SetMCSF] sample : ttZ
[AnalysisInputs::SetMCSF] => MCSF = 1, MCSF_err = 0.5
[AnalysisInputs::SetMCSF] sample : ttH_nonbb
[AnalysisInputs::SetMCSF] => MCSF = 1, MCSF_err = 0.5
[AnalysisInputs::SetMCSF] sample : top
[AnalysisInputs::SetMCSF] => MCSF = 1, MCSF_err = 0.5
[AnalysisInputs::SetMCSF] sample : WWTo2L2Nu_DS
[AnalysisInputs::SetMCSF] => MCSF = 1, MCSF_err = 0.5
[AnalysisInputs::SetMCSF] sample : WpWpEWK
[AnalysisInputs::SetMCSF] => MCSF = 1, MCSF_err = 0.5
[AnalysisInputs::SetMCSF] sample : WpWpQCD
[AnalysisInputs::SetMCSF] => MCSF = 1, MCSF_err = 0.5
[AnalysisInputs::SetMCSF] sample : WZTo3LNu_mllmin01
[AnalysisInputs::SetMCSF] => MCSF = 0.65, MCSF_err = 0.06
[AnalysisInputs::SetMCSF] sample : WZTo3LNu_powheg
[AnalysisInputs::SetMCSF] => MCSF = 1.05044, MCSF_err = 0.0648798
[AnalysisInputs::SetMCSF] sample : ZGto2LG
[AnalysisInputs::SetMCSF] => MCSF = 1.09954, MCSF_err = 0.076377
[AnalysisInputs::SetMCSF] sample : WGtoLNuG
[AnalysisInputs::SetMCSF] => MCSF = 1, MCSF_err = 0.076377
[AnalysisInputs::SetMCSF] sample : WGtoLNuG_weighted
[AnalysisInputs::SetMCSF] => MCSF = 1, MCSF_err = 0.076377
[AnalysisInputs::SetMCSF] sample : ZZTo4L_powheg
[AnalysisInputs::SetMCSF] => MCSF = 0.978852, MCSF_err = 0.0792882
[AnalysisInputs::SetMCSF] sample : ggZZto2e2mu
[AnalysisInputs::SetMCSF] => MCSF = 0.978852, MCSF_err = 0.0792882
[AnalysisInputs::SetMCSF] sample : ggZZto2e2nu
[AnalysisInputs::SetMCSF] => MCSF = 0.978852, MCSF_err = 0.0792882
[AnalysisInputs::SetMCSF] sample : ggZZto2e2tau
[AnalysisInputs::SetMCSF] => MCSF = 0.978852, MCSF_err = 0.0792882
[AnalysisInputs::SetMCSF] sample : ggZZto2mu2nu
[AnalysisInputs::SetMCSF] => MCSF = 0.978852, MCSF_err = 0.0792882
[AnalysisInputs::SetMCSF] sample : ggZZto2mu2tau
[AnalysisInputs::SetMCSF] => MCSF = 0.978852, MCSF_err = 0.0792882
[AnalysisInputs::SetMCSF] sample : ggZZto4e
[AnalysisInputs::SetMCSF] => MCSF = 0.978852, MCSF_err = 0.0792882
[AnalysisInputs::SetMCSF] sample : ggZZto4mu
[AnalysisInputs::SetMCSF] => MCSF = 0.978852, MCSF_err = 0.0792882
[AnalysisInputs::SetMCSF] sample : ggZZto4tau
[AnalysisInputs::SetMCSF] => MCSF = 0.978852, MCSF_err = 0.0792882
[AnalysisInputs::SetMCSF] sample : ggHtoZZ
[AnalysisInputs::SetMCSF] => MCSF = 0.978852, MCSF_err = 0.0792882
[AnalysisInputs::SetCalculatedSysts] Get Systematics from /data8/Users/jskim/HN_dilepton_plotter/data/v8-0-7.37_PreApproval/Syst.txt
[AnalysisInputs::SetCalculatedSysts] source : Luminosity
[AnalysisInputs::SetCalculatedSysts] => % sysematic = 0.025
[AnalysisInputs::SetCalculatedSysts] source : FakeLooseID
[AnalysisInputs::SetCalculatedSysts] => % sysematic = 0.3
[AnalysisInputs::SetCalculatedSysts] source : ChrageFlipSyst
[AnalysisInputs::SetCalculatedSysts] => % sysematic = 0.16
[CutRangeInfo::ReadCutCard] Get Cutcard from /data8/Users/jskim/HN_dilepton_plotter/data/v8-0-7.37_PreApproval/CutOpCard/RunDirectory/Cards_ElEl_Bin2/HNElEl_300.txt
Central	1.08886	0	0.099843
_MuonEn_up	1.08967	0	0.099843
_MuonEn_down	1.08776	0	0.099843
_MuonIDSF_up	1.10626	0	0.099843
_MuonIDSF_down	1.09801	0	0.099843
_ElectronEn_up	1.09606	0	0.099843
_ElectronEn_down	1.18045	0	0.099843
_ElectronIDSF_up	1.11413	0	0.099843
_ElectronIDSF_down	1.06885	0	0.099843
_TriggerSF_up	1.08942	0	0.099843
_TriggerSF_down	1.088	0	0.099843
_PU_up	1.06623	0	0.099843
_PU_down	1.11781	0	0.099843
_JetEn_up	1.09377	0	0.099843
_JetEn_down	1.26737	0	0.099843
_JetRes_up	1.10066	0	0.099843
_JetRes_down	1.08389	0	0.099843
_Unclustered_up	1.09211	0	0.099843
_Unclustered_down	1.09278	0	0.099843
_BTagSFEff_up	1.09112	0	0.099843
_BTagSFEff_down	1.10077	0	0.099843
_BTagSFMiss_up	1.08599	0	0.099843
_BTagSFMiss_down	1.0869	0	0.099843
_JetMass_up	1.08217	0	0.099843
_JetMass_down	1.09544	0	0.099843
_JetMassRes_up	1.10979	0	0.099843
_JetMassRes_down	1.08733	0	0.099843
_Tau21_up	1.16875	0	0.099843
_Tau21_down	1.00303	0	0.099843

################ Sources ################
Source	SystTotal	SystPrompt	SystFake	Signal
Stat 44.29 48.36  -nan  16.27  2.41
Lumi 2.29  2.50 -  -  2.50
PDF  -  -  -  -  2.36
MuonPt  0.08 0.09  -  -  0.18
MuonID  1.17 1.28  -  -  0.25
ElectronE  5.47 5.97  -  -  0.57
ElectronID  1.92 2.09  -  -  3.01
Trigger  0.06 0.07  -  -  1.59
PU  2.19 2.39  -  -  2.44
JES  10.62 11.60  -  -  0.41
JER  0.76 0.83  -  -  1.24
Uncl  0.30 0.33  -  -  0.26
BEff  0.72 0.79  -  -  0.26
BMiss  0.21 0.23  -  -  0.39
JMS  0.56 0.61  -  -  0.29
JMR  1.25 1.36  -  -  0.10
Tau21  6.97 7.61  -  -  7.14
MCNorm 17.71  19.33 -  -  -
Fake 0.00  -  -nan - -
CF 1.34  -  -  16.00 -
Total Systematic 22.87 24.97  -nan  16.00  9.10

Total Background	1.189
- Prompt	1.089
- Fake	0.000
- CF	0.100

####### Result #######
Signal Eff	0.033384
1.188705 1.498882
0.977206 1.094155
