
Processing CyclesForMixingLimit_ElEl_Bin2/HNElEl_400.C...
[AnalysisInputs::SetMCSF] Get MC SF from /data8/Users/jskim/HN_dilepton_plotter/data/v8-0-7.37_Unblind/MCSF.txt
[AnalysisInputs::SetMCSF] sample : VVV
[AnalysisInputs::SetMCSF] => MCSF = 1, MCSF_err = 0.5
[AnalysisInputs::SetMCSF] sample : WWW
[AnalysisInputs::SetMCSF] => MCSF = 1, MCSF_err = 0.5
[AnalysisInputs::SetMCSF] sample : WWZ
[AnalysisInputs::SetMCSF] => MCSF = 1, MCSF_err = 0.5
[AnalysisInputs::SetMCSF] sample : WZZ
[AnalysisInputs::SetMCSF] => MCSF = 1, MCSF_err = 0.5
[AnalysisInputs::SetMCSF] sample : ZZZ
[AnalysisInputs::SetMCSF] => MCSF = 1, MCSF_err = 0.5
[AnalysisInputs::SetMCSF] sample : ttV
[AnalysisInputs::SetMCSF] => MCSF = 1, MCSF_err = 0.5
[AnalysisInputs::SetMCSF] sample : ttW
[AnalysisInputs::SetMCSF] => MCSF = 1, MCSF_err = 0.5
[AnalysisInputs::SetMCSF] sample : ttZ
[AnalysisInputs::SetMCSF] => MCSF = 1, MCSF_err = 0.5
[AnalysisInputs::SetMCSF] sample : ttH_nonbb
[AnalysisInputs::SetMCSF] => MCSF = 1, MCSF_err = 0.5
[AnalysisInputs::SetMCSF] sample : top
[AnalysisInputs::SetMCSF] => MCSF = 1, MCSF_err = 0.5
[AnalysisInputs::SetMCSF] sample : WWTo2L2Nu_DS
[AnalysisInputs::SetMCSF] => MCSF = 1, MCSF_err = 0.5
[AnalysisInputs::SetMCSF] sample : WpWpEWK
[AnalysisInputs::SetMCSF] => MCSF = 1.3062, MCSF_err = 0.5
[AnalysisInputs::SetMCSF] sample : WpWpQCD
[AnalysisInputs::SetMCSF] => MCSF = 1.70026, MCSF_err = 0.5
[AnalysisInputs::SetMCSF] sample : WZTo3LNu_mllmin01
[AnalysisInputs::SetMCSF] => MCSF = 0.65, MCSF_err = 0.06
[AnalysisInputs::SetMCSF] sample : WZTo3LNu_powheg
[AnalysisInputs::SetMCSF] => MCSF = 1.05044, MCSF_err = 0.0648798
[AnalysisInputs::SetMCSF] sample : ZGto2LG
[AnalysisInputs::SetMCSF] => MCSF = 1.09954, MCSF_err = 0.076377
[AnalysisInputs::SetMCSF] sample : WGtoLNuG
[AnalysisInputs::SetMCSF] => MCSF = 1, MCSF_err = 0.076377
[AnalysisInputs::SetMCSF] sample : WGtoLNuG_weighted
[AnalysisInputs::SetMCSF] => MCSF = 1, MCSF_err = 0.076377
[AnalysisInputs::SetMCSF] sample : ZZTo4L_powheg
[AnalysisInputs::SetMCSF] => MCSF = 0.978852, MCSF_err = 0.0792882
[AnalysisInputs::SetMCSF] sample : ggZZto2e2mu
[AnalysisInputs::SetMCSF] => MCSF = 0.978852, MCSF_err = 0.0792882
[AnalysisInputs::SetMCSF] sample : ggZZto2e2nu
[AnalysisInputs::SetMCSF] => MCSF = 0.978852, MCSF_err = 0.0792882
[AnalysisInputs::SetMCSF] sample : ggZZto2e2tau
[AnalysisInputs::SetMCSF] => MCSF = 0.978852, MCSF_err = 0.0792882
[AnalysisInputs::SetMCSF] sample : ggZZto2mu2nu
[AnalysisInputs::SetMCSF] => MCSF = 0.978852, MCSF_err = 0.0792882
[AnalysisInputs::SetMCSF] sample : ggZZto2mu2tau
[AnalysisInputs::SetMCSF] => MCSF = 0.978852, MCSF_err = 0.0792882
[AnalysisInputs::SetMCSF] sample : ggZZto4e
[AnalysisInputs::SetMCSF] => MCSF = 0.978852, MCSF_err = 0.0792882
[AnalysisInputs::SetMCSF] sample : ggZZto4mu
[AnalysisInputs::SetMCSF] => MCSF = 0.978852, MCSF_err = 0.0792882
[AnalysisInputs::SetMCSF] sample : ggZZto4tau
[AnalysisInputs::SetMCSF] => MCSF = 0.978852, MCSF_err = 0.0792882
[AnalysisInputs::SetMCSF] sample : ggHtoZZ
[AnalysisInputs::SetMCSF] => MCSF = 0.978852, MCSF_err = 0.0792882
[AnalysisInputs::SetCalculatedSysts] Get Systematics from /data8/Users/jskim/HN_dilepton_plotter/data/v8-0-7.37_Unblind/Syst.txt
[AnalysisInputs::SetCalculatedSysts] source : Luminosity
[AnalysisInputs::SetCalculatedSysts] => % sysematic = 0.025
[AnalysisInputs::SetCalculatedSysts] source : FakeLooseID
[AnalysisInputs::SetCalculatedSysts] => % sysematic = 0.3
[AnalysisInputs::SetCalculatedSysts] source : ChrageFlipSyst
[AnalysisInputs::SetCalculatedSysts] => % sysematic = 0.16
[CutRangeInfo::ReadCutCard] Get Cutcard from /data8/Users/jskim/HN_dilepton_plotter/data/v8-0-7.37_Unblind/CutOpCard/RunDirectory/Cards_ElEl_Bin2/HNElEl_400.txt
Central	0.5446	0.0642692	0.106764
_MuonEn_up	0.537717	0.0642692	0.106764
_MuonEn_down	0.535115	0.0642692	0.106764
_MuonIDSF_up	0.551074	0.0642692	0.106764
_MuonIDSF_down	0.5313	0.0642692	0.106764
_ElectronEn_up	0.536604	0.0642692	0.106764
_ElectronEn_down	0.57462	0.0642692	0.106764
_ElectronIDSF_up	0.550132	0.0642692	0.106764
_ElectronIDSF_down	0.551195	0.0642692	0.106764
_TriggerSF_up	0.54558	0.0642692	0.106764
_TriggerSF_down	0.535292	0.0642692	0.106764
_PU_up	0.574344	0.0642692	0.106764
_PU_down	0.523007	0.0642692	0.106764
_JetEn_up	0.546545	0.0642692	0.106764
_JetEn_down	0.537107	0.0642692	0.106764
_JetRes_up	0.502529	0.0642692	0.106764
_JetRes_down	0.53322	0.0642692	0.106764
_Unclustered_up	0.544668	0.0642692	0.106764
_Unclustered_down	0.572782	0.0642692	0.106764
_BTagSFEff_up	0.561712	0.0642692	0.106764
_BTagSFEff_down	0.583957	0.0642692	0.106764
_BTagSFMiss_up	0.546169	0.0642692	0.106764
_BTagSFMiss_down	0.539499	0.0642692	0.106764
_JetMass_up	0.53656	0.0642692	0.106764
_JetMass_down	0.4941	0.0642692	0.106764
_JetMassRes_up	0.451727	0.0642692	0.106764
_JetMassRes_down	0.447741	0.0642692	0.106764
_Tau21_up	0.587962	0.0642692	0.106764
_Tau21_down	0.494993	0.0642692	0.106764

################ Sources ################
Source	SystTotal	SystPrompt	SystFake	Signal
Stat 30.44 27.62  245.14  15.40  1.63
Lumi 1.90  2.50 -  -  2.50
PDF  -  -  -  -  2.36
MuonPt  1.16 1.52  -  -  0.17
MuonID  1.46 1.92  -  -  0.14
ElectronE  3.07 4.03  -  -  0.50
ElectronID  0.85 1.12  -  -  3.58
Trigger  0.92 1.22  -  -  1.53
PU  3.63 4.77  -  -  1.80
JES  0.76 1.01  -  -  1.12
JER  4.31 5.66  -  -  1.05
Uncl  2.78 3.66  -  -  0.20
BEff  4.24 5.57  -  -  0.41
BMiss  0.53 0.69  -  -  0.53
JMS  5.05 6.64  -  -  0.11
JMR  13.26 17.42  -  -  0.19
Tau21  6.51 8.55  -  -  7.59
MCNorm 26.53  34.86 -  -  -
Fake 2.69  -  30.00 - -
CF 2.39  -  -  16.00 -
Total Systematic 32.11 42.05  30.00  16.00  9.54

Total Background	0.716
- Prompt	0.545
- Fake	0.064
- CF	0.107
- Obs	0.000

####### Result #######
Signal Eff	0.082550
0.715633 1.443721
0.719565 1.096795
