
Processing CyclesForMixingLimit_ElEl_Bin2/HNElEl_1000.C...
[AnalysisInputs::SetMCSF] Get MC SF from /data8/Users/jskim/HN_dilepton_plotter/data/v8-0-7.37_Unblind/MCSF.txt
[AnalysisInputs::SetMCSF] sample : VVV
[AnalysisInputs::SetMCSF] => MCSF = 1, MCSF_err = 0.5
[AnalysisInputs::SetMCSF] sample : WWW
[AnalysisInputs::SetMCSF] => MCSF = 1, MCSF_err = 0.5
[AnalysisInputs::SetMCSF] sample : WWZ
[AnalysisInputs::SetMCSF] => MCSF = 1, MCSF_err = 0.5
[AnalysisInputs::SetMCSF] sample : WZZ
[AnalysisInputs::SetMCSF] => MCSF = 1, MCSF_err = 0.5
[AnalysisInputs::SetMCSF] sample : ZZZ
[AnalysisInputs::SetMCSF] => MCSF = 1, MCSF_err = 0.5
[AnalysisInputs::SetMCSF] sample : ttV
[AnalysisInputs::SetMCSF] => MCSF = 1, MCSF_err = 0.5
[AnalysisInputs::SetMCSF] sample : ttW
[AnalysisInputs::SetMCSF] => MCSF = 1, MCSF_err = 0.5
[AnalysisInputs::SetMCSF] sample : ttZ
[AnalysisInputs::SetMCSF] => MCSF = 1, MCSF_err = 0.5
[AnalysisInputs::SetMCSF] sample : ttH_nonbb
[AnalysisInputs::SetMCSF] => MCSF = 1, MCSF_err = 0.5
[AnalysisInputs::SetMCSF] sample : top
[AnalysisInputs::SetMCSF] => MCSF = 1, MCSF_err = 0.5
[AnalysisInputs::SetMCSF] sample : WWTo2L2Nu_DS
[AnalysisInputs::SetMCSF] => MCSF = 1, MCSF_err = 0.5
[AnalysisInputs::SetMCSF] sample : WpWpEWK
[AnalysisInputs::SetMCSF] => MCSF = 1.3062, MCSF_err = 0.5
[AnalysisInputs::SetMCSF] sample : WpWpQCD
[AnalysisInputs::SetMCSF] => MCSF = 1.70026, MCSF_err = 0.5
[AnalysisInputs::SetMCSF] sample : WZTo3LNu_mllmin01
[AnalysisInputs::SetMCSF] => MCSF = 0.65, MCSF_err = 0.06
[AnalysisInputs::SetMCSF] sample : WZTo3LNu_powheg
[AnalysisInputs::SetMCSF] => MCSF = 1.05044, MCSF_err = 0.0648798
[AnalysisInputs::SetMCSF] sample : ZGto2LG
[AnalysisInputs::SetMCSF] => MCSF = 1.09954, MCSF_err = 0.076377
[AnalysisInputs::SetMCSF] sample : WGtoLNuG
[AnalysisInputs::SetMCSF] => MCSF = 1, MCSF_err = 0.076377
[AnalysisInputs::SetMCSF] sample : WGtoLNuG_weighted
[AnalysisInputs::SetMCSF] => MCSF = 1, MCSF_err = 0.076377
[AnalysisInputs::SetMCSF] sample : ZZTo4L_powheg
[AnalysisInputs::SetMCSF] => MCSF = 0.978852, MCSF_err = 0.0792882
[AnalysisInputs::SetMCSF] sample : ggZZto2e2mu
[AnalysisInputs::SetMCSF] => MCSF = 0.978852, MCSF_err = 0.0792882
[AnalysisInputs::SetMCSF] sample : ggZZto2e2nu
[AnalysisInputs::SetMCSF] => MCSF = 0.978852, MCSF_err = 0.0792882
[AnalysisInputs::SetMCSF] sample : ggZZto2e2tau
[AnalysisInputs::SetMCSF] => MCSF = 0.978852, MCSF_err = 0.0792882
[AnalysisInputs::SetMCSF] sample : ggZZto2mu2nu
[AnalysisInputs::SetMCSF] => MCSF = 0.978852, MCSF_err = 0.0792882
[AnalysisInputs::SetMCSF] sample : ggZZto2mu2tau
[AnalysisInputs::SetMCSF] => MCSF = 0.978852, MCSF_err = 0.0792882
[AnalysisInputs::SetMCSF] sample : ggZZto4e
[AnalysisInputs::SetMCSF] => MCSF = 0.978852, MCSF_err = 0.0792882
[AnalysisInputs::SetMCSF] sample : ggZZto4mu
[AnalysisInputs::SetMCSF] => MCSF = 0.978852, MCSF_err = 0.0792882
[AnalysisInputs::SetMCSF] sample : ggZZto4tau
[AnalysisInputs::SetMCSF] => MCSF = 0.978852, MCSF_err = 0.0792882
[AnalysisInputs::SetMCSF] sample : ggHtoZZ
[AnalysisInputs::SetMCSF] => MCSF = 0.978852, MCSF_err = 0.0792882
[AnalysisInputs::SetCalculatedSysts] Get Systematics from /data8/Users/jskim/HN_dilepton_plotter/data/v8-0-7.37_Unblind/Syst.txt
[AnalysisInputs::SetCalculatedSysts] source : Luminosity
[AnalysisInputs::SetCalculatedSysts] => % sysematic = 0.025
[AnalysisInputs::SetCalculatedSysts] source : FakeLooseID
[AnalysisInputs::SetCalculatedSysts] => % sysematic = 0.3
[AnalysisInputs::SetCalculatedSysts] source : ChrageFlipSyst
[AnalysisInputs::SetCalculatedSysts] => % sysematic = 0.16
[CutRangeInfo::ReadCutCard] Get Cutcard from /data8/Users/jskim/HN_dilepton_plotter/data/v8-0-7.37_Unblind/CutOpCard/RunDirectory/Cards_ElEl_Bin2/HNElEl_1000.txt
Central	0.208696	0.00625067	0.0475283
_MuonEn_up	0.205582	0.00625067	0.0475283
_MuonEn_down	0.215213	0.00625067	0.0475283
_MuonIDSF_up	0.212903	0.00625067	0.0475283
_MuonIDSF_down	0.212123	0.00625067	0.0475283
_ElectronEn_up	0.221774	0.00625067	0.0475283
_ElectronEn_down	0.220424	0.00625067	0.0475283
_ElectronIDSF_up	0.224949	0.00625067	0.0475283
_ElectronIDSF_down	0.203149	0.00625067	0.0475283
_TriggerSF_up	0.216707	0.00625067	0.0475283
_TriggerSF_down	0.209086	0.00625067	0.0475283
_PU_up	0.221418	0.00625067	0.0475283
_PU_down	0.194176	0.00625067	0.0475283
_JetEn_up	0.218639	0.00625067	0.0475283
_JetEn_down	0.223689	0.00625067	0.0475283
_JetRes_up	0.209247	0.00625067	0.0475283
_JetRes_down	0.216652	0.00625067	0.0475283
_Unclustered_up	0.215584	0.00625067	0.0475283
_Unclustered_down	0.218884	0.00625067	0.0475283
_BTagSFEff_up	0.209086	0.00625067	0.0475283
_BTagSFEff_down	0.215141	0.00625067	0.0475283
_BTagSFMiss_up	0.217545	0.00625067	0.0475283
_BTagSFMiss_down	0.208934	0.00625067	0.0475283
_JetMass_up	0.200411	0.00625067	0.0475283
_JetMass_down	0.212135	0.00625067	0.0475283
_JetMassRes_up	0.211048	0.00625067	0.0475283
_JetMassRes_down	0.204766	0.00625067	0.0475283
_Tau21_up	0.224779	0.00625067	0.0475283
_Tau21_down	0.193089	0.00625067	0.0475283

################ Sources ################
Source	SystTotal	SystPrompt	SystFake	Signal
Stat 32.35 40.55  109.87  26.76  1.10
Lumi 1.99  2.50 -  -  2.50
PDF  -  -  -  -  2.36
MuonPt  1.95 2.45  -  -  0.14
MuonID  1.46 1.84  -  -  0.10
ElectronE  4.73 5.95  -  -  0.10
ElectronID  4.63 5.82  -  -  3.72
Trigger  2.16 2.72  -  -  1.38
PU  5.20 6.54  -  -  1.51
JES  4.85 6.10  -  -  0.20
JER  2.15 2.70  -  -  0.16
Uncl  3.31 4.17  -  -  0.10
BEff  1.74 2.19  -  -  0.37
BMiss  2.38 3.00  -  -  0.38
JMS  2.42 3.04  -  -  0.12
JMR  1.23 1.55  -  -  0.05
Tau21  6.04 7.59  -  -  8.01
MCNorm 30.46  38.31 -  -  -
Fake 0.71  -  30.00 - -
CF 2.90  -  -  16.00 -
Total Systematic 33.24 41.80  30.00  16.00  9.72

Total Background	0.262
- Prompt	0.209
- Fake	0.006
- CF	0.048
- Obs	1.000

####### Result #######
Signal Eff	0.214569
0.262474 1.467275
0.039875 1.097805
