
Processing CyclesForMixingLimit_ElEl_Bin2/HNElEl_1100.C...
[AnalysisInputs::SetMCSF] Get MC SF from /data8/Users/jskim/HN_dilepton_plotter/data/v8-0-7.37_PreApproval/MCSF.txt
[AnalysisInputs::SetMCSF] sample : VVV
[AnalysisInputs::SetMCSF] => MCSF = 1, MCSF_err = 0.5
[AnalysisInputs::SetMCSF] sample : WWW
[AnalysisInputs::SetMCSF] => MCSF = 1, MCSF_err = 0.5
[AnalysisInputs::SetMCSF] sample : WWZ
[AnalysisInputs::SetMCSF] => MCSF = 1, MCSF_err = 0.5
[AnalysisInputs::SetMCSF] sample : WZZ
[AnalysisInputs::SetMCSF] => MCSF = 1, MCSF_err = 0.5
[AnalysisInputs::SetMCSF] sample : ZZZ
[AnalysisInputs::SetMCSF] => MCSF = 1, MCSF_err = 0.5
[AnalysisInputs::SetMCSF] sample : ttV
[AnalysisInputs::SetMCSF] => MCSF = 1, MCSF_err = 0.5
[AnalysisInputs::SetMCSF] sample : ttW
[AnalysisInputs::SetMCSF] => MCSF = 1, MCSF_err = 0.5
[AnalysisInputs::SetMCSF] sample : ttZ
[AnalysisInputs::SetMCSF] => MCSF = 1, MCSF_err = 0.5
[AnalysisInputs::SetMCSF] sample : ttH_nonbb
[AnalysisInputs::SetMCSF] => MCSF = 1, MCSF_err = 0.5
[AnalysisInputs::SetMCSF] sample : top
[AnalysisInputs::SetMCSF] => MCSF = 1, MCSF_err = 0.5
[AnalysisInputs::SetMCSF] sample : WWTo2L2Nu_DS
[AnalysisInputs::SetMCSF] => MCSF = 1, MCSF_err = 0.5
[AnalysisInputs::SetMCSF] sample : WpWpEWK
[AnalysisInputs::SetMCSF] => MCSF = 1, MCSF_err = 0.5
[AnalysisInputs::SetMCSF] sample : WpWpQCD
[AnalysisInputs::SetMCSF] => MCSF = 1, MCSF_err = 0.5
[AnalysisInputs::SetMCSF] sample : WZTo3LNu_mllmin01
[AnalysisInputs::SetMCSF] => MCSF = 0.65, MCSF_err = 0.06
[AnalysisInputs::SetMCSF] sample : WZTo3LNu_powheg
[AnalysisInputs::SetMCSF] => MCSF = 1.05044, MCSF_err = 0.0648798
[AnalysisInputs::SetMCSF] sample : ZGto2LG
[AnalysisInputs::SetMCSF] => MCSF = 1.09954, MCSF_err = 0.076377
[AnalysisInputs::SetMCSF] sample : WGtoLNuG
[AnalysisInputs::SetMCSF] => MCSF = 1, MCSF_err = 0.076377
[AnalysisInputs::SetMCSF] sample : WGtoLNuG_weighted
[AnalysisInputs::SetMCSF] => MCSF = 1, MCSF_err = 0.076377
[AnalysisInputs::SetMCSF] sample : ZZTo4L_powheg
[AnalysisInputs::SetMCSF] => MCSF = 0.978852, MCSF_err = 0.0792882
[AnalysisInputs::SetMCSF] sample : ggZZto2e2mu
[AnalysisInputs::SetMCSF] => MCSF = 0.978852, MCSF_err = 0.0792882
[AnalysisInputs::SetMCSF] sample : ggZZto2e2nu
[AnalysisInputs::SetMCSF] => MCSF = 0.978852, MCSF_err = 0.0792882
[AnalysisInputs::SetMCSF] sample : ggZZto2e2tau
[AnalysisInputs::SetMCSF] => MCSF = 0.978852, MCSF_err = 0.0792882
[AnalysisInputs::SetMCSF] sample : ggZZto2mu2nu
[AnalysisInputs::SetMCSF] => MCSF = 0.978852, MCSF_err = 0.0792882
[AnalysisInputs::SetMCSF] sample : ggZZto2mu2tau
[AnalysisInputs::SetMCSF] => MCSF = 0.978852, MCSF_err = 0.0792882
[AnalysisInputs::SetMCSF] sample : ggZZto4e
[AnalysisInputs::SetMCSF] => MCSF = 0.978852, MCSF_err = 0.0792882
[AnalysisInputs::SetMCSF] sample : ggZZto4mu
[AnalysisInputs::SetMCSF] => MCSF = 0.978852, MCSF_err = 0.0792882
[AnalysisInputs::SetMCSF] sample : ggZZto4tau
[AnalysisInputs::SetMCSF] => MCSF = 0.978852, MCSF_err = 0.0792882
[AnalysisInputs::SetMCSF] sample : ggHtoZZ
[AnalysisInputs::SetMCSF] => MCSF = 0.978852, MCSF_err = 0.0792882
[AnalysisInputs::SetCalculatedSysts] Get Systematics from /data8/Users/jskim/HN_dilepton_plotter/data/v8-0-7.37_PreApproval/Syst.txt
[AnalysisInputs::SetCalculatedSysts] source : Luminosity
[AnalysisInputs::SetCalculatedSysts] => % sysematic = 0.025
[AnalysisInputs::SetCalculatedSysts] source : FakeLooseID
[AnalysisInputs::SetCalculatedSysts] => % sysematic = 0.3
[AnalysisInputs::SetCalculatedSysts] source : ChrageFlipSyst
[AnalysisInputs::SetCalculatedSysts] => % sysematic = 0.16
[CutRangeInfo::ReadCutCard] Get Cutcard from /data8/Users/jskim/HN_dilepton_plotter/data/v8-0-7.37_PreApproval/CutOpCard/RunDirectory/Cards_ElEl_Bin2/HNElEl_1100.txt
Central	0.0697222	0.00462953	0.0306891
_MuonEn_up	0.0697222	0.00462953	0.0306891
_MuonEn_down	0.0697222	0.00462953	0.0306891
_MuonIDSF_up	0.0697222	0.00462953	0.0306891
_MuonIDSF_down	0.0642836	0.00462953	0.0306891
_ElectronEn_up	0.15606	0.00462953	0.0306891
_ElectronEn_down	0.070822	0.00462953	0.0306891
_ElectronIDSF_up	0.0755591	0.00462953	0.0306891
_ElectronIDSF_down	0.0672812	0.00462953	0.0306891
_TriggerSF_up	0.0711928	0.00462953	0.0306891
_TriggerSF_down	0.0697222	0.00462953	0.0306891
_PU_up	0.0697755	0.00462953	0.0306891
_PU_down	0.0696508	0.00462953	0.0306891
_JetEn_up	0.0697222	0.00462953	0.0306891
_JetEn_down	0.070822	0.00462953	0.0306891
_JetRes_up	0.0749955	0.00462953	0.0306891
_JetRes_down	0.0696214	0.00462953	0.0306891
_Unclustered_up	0.0697222	0.00462953	0.0306891
_Unclustered_down	0.0697222	0.00462953	0.0306891
_BTagSFEff_up	0.0697222	0.00462953	0.0306891
_BTagSFEff_down	0.0697222	0.00462953	0.0306891
_BTagSFMiss_up	0.0684443	0.00462953	0.0306891
_BTagSFMiss_down	0.0697222	0.00462953	0.0306891
_JetMass_up	0.0655487	0.00462953	0.0306891
_JetMass_down	0.0697222	0.00462953	0.0306891
_JetMassRes_up	0.073015	0.00462953	0.0306891
_JetMassRes_down	0.0688415	0.00462953	0.0306891
_Tau21_up	0.0751635	0.00462953	0.0306891
_Tau21_down	0.0604904	0.00462953	0.0306891

################ Sources ################
Source	SystTotal	SystPrompt	SystFake	Signal
Stat 18.66 27.13  111.45  30.68  1.01
Lumi 1.66  2.50 -  -  2.50
PDF  -  -  -  -  2.36
MuonPt  0.00 0.00  -  -  0.12
MuonID  3.66 5.52  -  -  0.08
ElectronE  58.13 87.57  -  -  0.56
ElectronID  4.26 6.42  -  -  3.78
Trigger  0.99 1.49  -  -  1.58
PU  0.06 0.09  -  -  1.49
JES  0.74 1.12  -  -  0.48
JER  3.55 5.35  -  -  0.30
Uncl  0.00 0.00  -  -  0.12
BEff  0.00 0.00  -  -  0.43
BMiss  0.86 1.30  -  -  0.49
JMS  2.81 4.23  -  -  0.08
JMR  2.29 3.46  -  -  0.14
Tau21  7.21 10.87  -  -  8.17
MCNorm 25.15  37.89 -  -  -
Fake 1.32  -  30.00 - -
CF 4.67  -  -  16.00 -
Total Systematic 64.24 96.77  30.00  16.00  9.93

Total Background	0.105
- Prompt	0.070
- Fake	0.005
- CF	0.031

####### Result #######
Signal Eff	0.203174
0.105041 1.676589
0.023783 1.099806
