
Processing CyclesForMixingLimit_ElEl_Bin2/HNElEl_1200_VBFOnly.C...
[AnalysisInputs::SetMCSF] Get MC SF from /data8/Users/jskim/HN_dilepton_plotter/data/v8-0-7.37_PreApproval/MCSF.txt
[AnalysisInputs::SetMCSF] sample : VVV
[AnalysisInputs::SetMCSF] => MCSF = 1, MCSF_err = 0.5
[AnalysisInputs::SetMCSF] sample : WWW
[AnalysisInputs::SetMCSF] => MCSF = 1, MCSF_err = 0.5
[AnalysisInputs::SetMCSF] sample : WWZ
[AnalysisInputs::SetMCSF] => MCSF = 1, MCSF_err = 0.5
[AnalysisInputs::SetMCSF] sample : WZZ
[AnalysisInputs::SetMCSF] => MCSF = 1, MCSF_err = 0.5
[AnalysisInputs::SetMCSF] sample : ZZZ
[AnalysisInputs::SetMCSF] => MCSF = 1, MCSF_err = 0.5
[AnalysisInputs::SetMCSF] sample : ttV
[AnalysisInputs::SetMCSF] => MCSF = 1, MCSF_err = 0.5
[AnalysisInputs::SetMCSF] sample : ttW
[AnalysisInputs::SetMCSF] => MCSF = 1, MCSF_err = 0.5
[AnalysisInputs::SetMCSF] sample : ttZ
[AnalysisInputs::SetMCSF] => MCSF = 1, MCSF_err = 0.5
[AnalysisInputs::SetMCSF] sample : ttH_nonbb
[AnalysisInputs::SetMCSF] => MCSF = 1, MCSF_err = 0.5
[AnalysisInputs::SetMCSF] sample : top
[AnalysisInputs::SetMCSF] => MCSF = 1, MCSF_err = 0.5
[AnalysisInputs::SetMCSF] sample : WWTo2L2Nu_DS
[AnalysisInputs::SetMCSF] => MCSF = 1, MCSF_err = 0.5
[AnalysisInputs::SetMCSF] sample : WpWpEWK
[AnalysisInputs::SetMCSF] => MCSF = 1, MCSF_err = 0.5
[AnalysisInputs::SetMCSF] sample : WpWpQCD
[AnalysisInputs::SetMCSF] => MCSF = 1, MCSF_err = 0.5
[AnalysisInputs::SetMCSF] sample : WZTo3LNu_mllmin01
[AnalysisInputs::SetMCSF] => MCSF = 0.65, MCSF_err = 0.06
[AnalysisInputs::SetMCSF] sample : WZTo3LNu_powheg
[AnalysisInputs::SetMCSF] => MCSF = 1.05044, MCSF_err = 0.0648798
[AnalysisInputs::SetMCSF] sample : ZGto2LG
[AnalysisInputs::SetMCSF] => MCSF = 1.09954, MCSF_err = 0.076377
[AnalysisInputs::SetMCSF] sample : WGtoLNuG
[AnalysisInputs::SetMCSF] => MCSF = 1, MCSF_err = 0.076377
[AnalysisInputs::SetMCSF] sample : WGtoLNuG_weighted
[AnalysisInputs::SetMCSF] => MCSF = 1, MCSF_err = 0.076377
[AnalysisInputs::SetMCSF] sample : ZZTo4L_powheg
[AnalysisInputs::SetMCSF] => MCSF = 0.978852, MCSF_err = 0.0792882
[AnalysisInputs::SetMCSF] sample : ggZZto2e2mu
[AnalysisInputs::SetMCSF] => MCSF = 0.978852, MCSF_err = 0.0792882
[AnalysisInputs::SetMCSF] sample : ggZZto2e2nu
[AnalysisInputs::SetMCSF] => MCSF = 0.978852, MCSF_err = 0.0792882
[AnalysisInputs::SetMCSF] sample : ggZZto2e2tau
[AnalysisInputs::SetMCSF] => MCSF = 0.978852, MCSF_err = 0.0792882
[AnalysisInputs::SetMCSF] sample : ggZZto2mu2nu
[AnalysisInputs::SetMCSF] => MCSF = 0.978852, MCSF_err = 0.0792882
[AnalysisInputs::SetMCSF] sample : ggZZto2mu2tau
[AnalysisInputs::SetMCSF] => MCSF = 0.978852, MCSF_err = 0.0792882
[AnalysisInputs::SetMCSF] sample : ggZZto4e
[AnalysisInputs::SetMCSF] => MCSF = 0.978852, MCSF_err = 0.0792882
[AnalysisInputs::SetMCSF] sample : ggZZto4mu
[AnalysisInputs::SetMCSF] => MCSF = 0.978852, MCSF_err = 0.0792882
[AnalysisInputs::SetMCSF] sample : ggZZto4tau
[AnalysisInputs::SetMCSF] => MCSF = 0.978852, MCSF_err = 0.0792882
[AnalysisInputs::SetMCSF] sample : ggHtoZZ
[AnalysisInputs::SetMCSF] => MCSF = 0.978852, MCSF_err = 0.0792882
[AnalysisInputs::SetCalculatedSysts] Get Systematics from /data8/Users/jskim/HN_dilepton_plotter/data/v8-0-7.37_PreApproval/Syst.txt
[AnalysisInputs::SetCalculatedSysts] source : Luminosity
[AnalysisInputs::SetCalculatedSysts] => % sysematic = 0.025
[AnalysisInputs::SetCalculatedSysts] source : FakeLooseID
[AnalysisInputs::SetCalculatedSysts] => % sysematic = 0.3
[AnalysisInputs::SetCalculatedSysts] source : ChrageFlipSyst
[AnalysisInputs::SetCalculatedSysts] => % sysematic = 0.16
[CutRangeInfo::ReadCutCard] Get Cutcard from /data8/Users/jskim/HN_dilepton_plotter/data/v8-0-7.37_PreApproval/CutOpCard/RunDirectory/Cards_ElEl_Bin2/HNElEl_1200.txt
Central	0.0501526	0	0.022032
_MuonEn_up	0.0501526	0	0.022032
_MuonEn_down	0.0501526	0	0.022032
_MuonIDSF_up	0.0501526	0	0.022032
_MuonIDSF_down	0.044714	0	0.022032
_ElectronEn_up	0.0544034	0	0.022032
_ElectronEn_down	0.0623778	0	0.022032
_ElectronIDSF_up	0.0519705	0	0.022032
_ElectronIDSF_down	0.0483587	0	0.022032
_TriggerSF_up	0.0512226	0	0.022032
_TriggerSF_down	0.0501526	0	0.022032
_PU_up	0.0507691	0	0.022032
_PU_down	0.0490598	0	0.022032
_JetEn_up	0.0544034	0	0.022032
_JetEn_down	0.0499929	0	0.022032
_JetRes_up	0.0501526	0	0.022032
_JetRes_down	0.0543026	0	0.022032
_Unclustered_up	0.0501526	0	0.022032
_Unclustered_down	0.0501526	0	0.022032
_BTagSFEff_up	0.0501526	0	0.022032
_BTagSFEff_down	0.0501526	0	0.022032
_BTagSFMiss_up	0.0530483	0	0.022032
_BTagSFMiss_down	0.0501526	0	0.022032
_JetMass_up	0.0501526	0	0.022032
_JetMass_down	0.0501526	0	0.022032
_JetMassRes_up	0.0501526	0	0.022032
_JetMassRes_down	0.0501526	0	0.022032
_Tau21_up	0.0541273	0	0.022032
_Tau21_down	0.0423876	0	0.022032

################ Sources ################
Source	SystTotal	SystPrompt	SystFake	Signal
Stat 23.06 33.20  -nan  37.42  2.89
Lumi 1.74  2.50 -  -  2.50
PDF  -  -  -  -  2.36
MuonPt  0.00 0.00  -  -  0.21
MuonID  5.33 7.67  -  -  0.07
ElectronE  12.68 18.25  -  -  0.45
ElectronID  2.50 3.60  -  -  3.69
Trigger  1.05 1.51  -  -  1.97
PU  1.23 1.77  -  -  1.60
JES  4.17 6.00  -  -  0.44
JER  4.07 5.85  -  -  0.40
Uncl  0.00 0.00  -  -  0.07
BEff  0.00 0.00  -  -  0.61
BMiss  2.84 4.08  -  -  0.48
JMS  0.00 0.00  -  -  0.09
JMR  0.00 0.00  -  -  0.23
Tau21  8.55 12.30  -  -  8.23
MCNorm 25.59  36.83 -  -  -
Fake 0.00  -  -nan - -
CF 4.88  -  -  16.00 -
Total Systematic 31.16 44.85  -nan  16.00  10.04

Total Background	0.072
- Prompt	0.050
- Fake	0.000
- CF	0.022

####### Result #######
Signal Eff	0.076159
0.072185 1.407073
0.027191 1.104491
