
Processing CyclesForMixingLimit_ElEl_Bin2/HNElEl_800_VBFOnly.C...
[AnalysisInputs::SetMCSF] Get MC SF from /data8/Users/jskim/HN_dilepton_plotter/data/v8-0-7.37_PreApproval/MCSF.txt
[AnalysisInputs::SetMCSF] sample : VVV
[AnalysisInputs::SetMCSF] => MCSF = 1, MCSF_err = 0.5
[AnalysisInputs::SetMCSF] sample : WWW
[AnalysisInputs::SetMCSF] => MCSF = 1, MCSF_err = 0.5
[AnalysisInputs::SetMCSF] sample : WWZ
[AnalysisInputs::SetMCSF] => MCSF = 1, MCSF_err = 0.5
[AnalysisInputs::SetMCSF] sample : WZZ
[AnalysisInputs::SetMCSF] => MCSF = 1, MCSF_err = 0.5
[AnalysisInputs::SetMCSF] sample : ZZZ
[AnalysisInputs::SetMCSF] => MCSF = 1, MCSF_err = 0.5
[AnalysisInputs::SetMCSF] sample : ttV
[AnalysisInputs::SetMCSF] => MCSF = 1, MCSF_err = 0.5
[AnalysisInputs::SetMCSF] sample : ttW
[AnalysisInputs::SetMCSF] => MCSF = 1, MCSF_err = 0.5
[AnalysisInputs::SetMCSF] sample : ttZ
[AnalysisInputs::SetMCSF] => MCSF = 1, MCSF_err = 0.5
[AnalysisInputs::SetMCSF] sample : ttH_nonbb
[AnalysisInputs::SetMCSF] => MCSF = 1, MCSF_err = 0.5
[AnalysisInputs::SetMCSF] sample : top
[AnalysisInputs::SetMCSF] => MCSF = 1, MCSF_err = 0.5
[AnalysisInputs::SetMCSF] sample : WWTo2L2Nu_DS
[AnalysisInputs::SetMCSF] => MCSF = 1, MCSF_err = 0.5
[AnalysisInputs::SetMCSF] sample : WpWpEWK
[AnalysisInputs::SetMCSF] => MCSF = 1, MCSF_err = 0.5
[AnalysisInputs::SetMCSF] sample : WpWpQCD
[AnalysisInputs::SetMCSF] => MCSF = 1, MCSF_err = 0.5
[AnalysisInputs::SetMCSF] sample : WZTo3LNu_mllmin01
[AnalysisInputs::SetMCSF] => MCSF = 0.65, MCSF_err = 0.06
[AnalysisInputs::SetMCSF] sample : WZTo3LNu_powheg
[AnalysisInputs::SetMCSF] => MCSF = 1.05044, MCSF_err = 0.0648798
[AnalysisInputs::SetMCSF] sample : ZGto2LG
[AnalysisInputs::SetMCSF] => MCSF = 1.09954, MCSF_err = 0.076377
[AnalysisInputs::SetMCSF] sample : WGtoLNuG
[AnalysisInputs::SetMCSF] => MCSF = 1, MCSF_err = 0.076377
[AnalysisInputs::SetMCSF] sample : WGtoLNuG_weighted
[AnalysisInputs::SetMCSF] => MCSF = 1, MCSF_err = 0.076377
[AnalysisInputs::SetMCSF] sample : ZZTo4L_powheg
[AnalysisInputs::SetMCSF] => MCSF = 0.978852, MCSF_err = 0.0792882
[AnalysisInputs::SetMCSF] sample : ggZZto2e2mu
[AnalysisInputs::SetMCSF] => MCSF = 0.978852, MCSF_err = 0.0792882
[AnalysisInputs::SetMCSF] sample : ggZZto2e2nu
[AnalysisInputs::SetMCSF] => MCSF = 0.978852, MCSF_err = 0.0792882
[AnalysisInputs::SetMCSF] sample : ggZZto2e2tau
[AnalysisInputs::SetMCSF] => MCSF = 0.978852, MCSF_err = 0.0792882
[AnalysisInputs::SetMCSF] sample : ggZZto2mu2nu
[AnalysisInputs::SetMCSF] => MCSF = 0.978852, MCSF_err = 0.0792882
[AnalysisInputs::SetMCSF] sample : ggZZto2mu2tau
[AnalysisInputs::SetMCSF] => MCSF = 0.978852, MCSF_err = 0.0792882
[AnalysisInputs::SetMCSF] sample : ggZZto4e
[AnalysisInputs::SetMCSF] => MCSF = 0.978852, MCSF_err = 0.0792882
[AnalysisInputs::SetMCSF] sample : ggZZto4mu
[AnalysisInputs::SetMCSF] => MCSF = 0.978852, MCSF_err = 0.0792882
[AnalysisInputs::SetMCSF] sample : ggZZto4tau
[AnalysisInputs::SetMCSF] => MCSF = 0.978852, MCSF_err = 0.0792882
[AnalysisInputs::SetMCSF] sample : ggHtoZZ
[AnalysisInputs::SetMCSF] => MCSF = 0.978852, MCSF_err = 0.0792882
[AnalysisInputs::SetCalculatedSysts] Get Systematics from /data8/Users/jskim/HN_dilepton_plotter/data/v8-0-7.37_PreApproval/Syst.txt
[AnalysisInputs::SetCalculatedSysts] source : Luminosity
[AnalysisInputs::SetCalculatedSysts] => % sysematic = 0.025
[AnalysisInputs::SetCalculatedSysts] source : FakeLooseID
[AnalysisInputs::SetCalculatedSysts] => % sysematic = 0.3
[AnalysisInputs::SetCalculatedSysts] source : ChrageFlipSyst
[AnalysisInputs::SetCalculatedSysts] => % sysematic = 0.16
[CutRangeInfo::ReadCutCard] Get Cutcard from /data8/Users/jskim/HN_dilepton_plotter/data/v8-0-7.37_PreApproval/CutOpCard/RunDirectory/Cards_ElEl_Bin2/HNElEl_800.txt
Central	0.447103	0.317423	0.0773957
_MuonEn_up	0.44694	0.317423	0.0773957
_MuonEn_down	0.462766	0.317423	0.0773957
_MuonIDSF_up	0.454261	0.317423	0.0773957
_MuonIDSF_down	0.456644	0.317423	0.0773957
_ElectronEn_up	0.55737	0.317423	0.0773957
_ElectronEn_down	0.45311	0.317423	0.0773957
_ElectronIDSF_up	0.475895	0.317423	0.0773957
_ElectronIDSF_down	0.435174	0.317423	0.0773957
_TriggerSF_up	0.468056	0.317423	0.0773957
_TriggerSF_down	0.450444	0.317423	0.0773957
_PU_up	0.412027	0.317423	0.0773957
_PU_down	0.48734	0.317423	0.0773957
_JetEn_up	0.596647	0.317423	0.0773957
_JetEn_down	0.491472	0.317423	0.0773957
_JetRes_up	0.445739	0.317423	0.0773957
_JetRes_down	0.550403	0.317423	0.0773957
_Unclustered_up	0.497444	0.317423	0.0773957
_Unclustered_down	0.498228	0.317423	0.0773957
_BTagSFEff_up	0.457069	0.317423	0.0773957
_BTagSFEff_down	0.461157	0.317423	0.0773957
_BTagSFMiss_up	0.459415	0.317423	0.0773957
_BTagSFMiss_down	0.452963	0.317423	0.0773957
_JetMass_up	0.355081	0.317423	0.0773957
_JetMass_down	0.453606	0.317423	0.0773957
_JetMassRes_up	0.449514	0.317423	0.0773957
_JetMassRes_down	0.362041	0.317423	0.0773957
_Tau21_up	0.479197	0.317423	0.0773957
_Tau21_down	0.415833	0.317423	0.0773957

################ Sources ################
Source	SystTotal	SystPrompt	SystFake	Signal
Stat 28.75 32.90  60.55  21.86  2.47
Lumi 1.33  2.50 -  -  2.50
PDF  -  -  -  -  2.36
MuonPt  1.32 2.48  -  -  0.01
MuonID  1.00 1.89  -  -  0.18
ElectronE  9.27 17.46  -  -  0.87
ElectronID  2.62 4.93  -  -  3.58
Trigger  1.78 3.36  -  -  1.86
PU  4.48 8.44  -  -  1.64
JES  13.10 24.67  -  -  0.57
JER  8.68 16.34  -  -  0.35
Uncl  6.03 11.35  -  -  0.12
BEff  1.45 2.72  -  -  0.58
BMiss  1.15 2.16  -  -  0.46
JMS  7.75 14.59  -  -  0.15
JMR  7.15 13.46  -  -  0.13
Tau21  3.76 7.09  -  -  7.89
MCNorm 14.55  27.39 -  -  -
Fake 11.31  -  30.00 - -
CF 1.47  -  -  16.00 -
Total Systematic 29.53 51.37  30.00  16.00  9.74

Total Background	0.842
- Prompt	0.447
- Fake	0.317
- CF	0.077

####### Result #######
Signal Eff	0.070968
0.841921 1.412882
0.077075 1.100517
