
Processing CyclesForMixingLimit_ElEl_Bin2/HNElEl_60.C...
[AnalysisInputs::SetMCSF] Get MC SF from /data8/Users/jskim/HN_dilepton_plotter/data/v8-0-7.37_Unblind/MCSF.txt
[AnalysisInputs::SetMCSF] sample : VVV
[AnalysisInputs::SetMCSF] => MCSF = 1, MCSF_err = 0.5
[AnalysisInputs::SetMCSF] sample : WWW
[AnalysisInputs::SetMCSF] => MCSF = 1, MCSF_err = 0.5
[AnalysisInputs::SetMCSF] sample : WWZ
[AnalysisInputs::SetMCSF] => MCSF = 1, MCSF_err = 0.5
[AnalysisInputs::SetMCSF] sample : WZZ
[AnalysisInputs::SetMCSF] => MCSF = 1, MCSF_err = 0.5
[AnalysisInputs::SetMCSF] sample : ZZZ
[AnalysisInputs::SetMCSF] => MCSF = 1, MCSF_err = 0.5
[AnalysisInputs::SetMCSF] sample : ttV
[AnalysisInputs::SetMCSF] => MCSF = 1, MCSF_err = 0.5
[AnalysisInputs::SetMCSF] sample : ttW
[AnalysisInputs::SetMCSF] => MCSF = 1, MCSF_err = 0.5
[AnalysisInputs::SetMCSF] sample : ttZ
[AnalysisInputs::SetMCSF] => MCSF = 1, MCSF_err = 0.5
[AnalysisInputs::SetMCSF] sample : ttH_nonbb
[AnalysisInputs::SetMCSF] => MCSF = 1, MCSF_err = 0.5
[AnalysisInputs::SetMCSF] sample : top
[AnalysisInputs::SetMCSF] => MCSF = 1, MCSF_err = 0.5
[AnalysisInputs::SetMCSF] sample : WWTo2L2Nu_DS
[AnalysisInputs::SetMCSF] => MCSF = 1, MCSF_err = 0.5
[AnalysisInputs::SetMCSF] sample : WpWpEWK
[AnalysisInputs::SetMCSF] => MCSF = 1.3062, MCSF_err = 0.5
[AnalysisInputs::SetMCSF] sample : WpWpQCD
[AnalysisInputs::SetMCSF] => MCSF = 1.70026, MCSF_err = 0.5
[AnalysisInputs::SetMCSF] sample : WZTo3LNu_mllmin01
[AnalysisInputs::SetMCSF] => MCSF = 0.65, MCSF_err = 0.06
[AnalysisInputs::SetMCSF] sample : WZTo3LNu_powheg
[AnalysisInputs::SetMCSF] => MCSF = 1.05044, MCSF_err = 0.0648798
[AnalysisInputs::SetMCSF] sample : ZGto2LG
[AnalysisInputs::SetMCSF] => MCSF = 1.09954, MCSF_err = 0.076377
[AnalysisInputs::SetMCSF] sample : WGtoLNuG
[AnalysisInputs::SetMCSF] => MCSF = 1, MCSF_err = 0.076377
[AnalysisInputs::SetMCSF] sample : WGtoLNuG_weighted
[AnalysisInputs::SetMCSF] => MCSF = 1, MCSF_err = 0.076377
[AnalysisInputs::SetMCSF] sample : ZZTo4L_powheg
[AnalysisInputs::SetMCSF] => MCSF = 0.978852, MCSF_err = 0.0792882
[AnalysisInputs::SetMCSF] sample : ggZZto2e2mu
[AnalysisInputs::SetMCSF] => MCSF = 0.978852, MCSF_err = 0.0792882
[AnalysisInputs::SetMCSF] sample : ggZZto2e2nu
[AnalysisInputs::SetMCSF] => MCSF = 0.978852, MCSF_err = 0.0792882
[AnalysisInputs::SetMCSF] sample : ggZZto2e2tau
[AnalysisInputs::SetMCSF] => MCSF = 0.978852, MCSF_err = 0.0792882
[AnalysisInputs::SetMCSF] sample : ggZZto2mu2nu
[AnalysisInputs::SetMCSF] => MCSF = 0.978852, MCSF_err = 0.0792882
[AnalysisInputs::SetMCSF] sample : ggZZto2mu2tau
[AnalysisInputs::SetMCSF] => MCSF = 0.978852, MCSF_err = 0.0792882
[AnalysisInputs::SetMCSF] sample : ggZZto4e
[AnalysisInputs::SetMCSF] => MCSF = 0.978852, MCSF_err = 0.0792882
[AnalysisInputs::SetMCSF] sample : ggZZto4mu
[AnalysisInputs::SetMCSF] => MCSF = 0.978852, MCSF_err = 0.0792882
[AnalysisInputs::SetMCSF] sample : ggZZto4tau
[AnalysisInputs::SetMCSF] => MCSF = 0.978852, MCSF_err = 0.0792882
[AnalysisInputs::SetMCSF] sample : ggHtoZZ
[AnalysisInputs::SetMCSF] => MCSF = 0.978852, MCSF_err = 0.0792882
[AnalysisInputs::SetCalculatedSysts] Get Systematics from /data8/Users/jskim/HN_dilepton_plotter/data/v8-0-7.37_Unblind/Syst.txt
[AnalysisInputs::SetCalculatedSysts] source : Luminosity
[AnalysisInputs::SetCalculatedSysts] => % sysematic = 0.025
[AnalysisInputs::SetCalculatedSysts] source : FakeLooseID
[AnalysisInputs::SetCalculatedSysts] => % sysematic = 0.3
[AnalysisInputs::SetCalculatedSysts] source : ChrageFlipSyst
[AnalysisInputs::SetCalculatedSysts] => % sysematic = 0.16
[CutRangeInfo::ReadCutCard] Get Cutcard from /data8/Users/jskim/HN_dilepton_plotter/data/v8-0-7.37_Unblind/CutOpCard/RunDirectory/Cards_ElEl_Bin2/HNElEl_60.txt
Central	31.9344	16.4782	2.32637
_MuonEn_up	31.934	16.4782	2.32637
_MuonEn_down	31.9542	16.4782	2.32637
_MuonIDSF_up	31.9468	16.4782	2.32637
_MuonIDSF_down	31.9354	16.4782	2.32637
_ElectronEn_up	32.3641	16.4782	2.32637
_ElectronEn_down	30.7373	16.4782	2.32637
_ElectronIDSF_up	32.4044	16.4782	2.32637
_ElectronIDSF_down	31.4266	16.4782	2.32637
_TriggerSF_up	33.443	16.4782	2.32637
_TriggerSF_down	32.3402	16.4782	2.32637
_PU_up	31.8703	16.4782	2.32637
_PU_down	32.2222	16.4782	2.32637
_JetEn_up	30.7308	16.4782	2.32637
_JetEn_down	35.6956	16.4782	2.32637
_JetRes_up	33.351	16.4782	2.32637
_JetRes_down	30.0593	16.4782	2.32637
_Unclustered_up	30.0283	16.4782	2.32637
_Unclustered_down	32.8714	16.4782	2.32637
_BTagSFEff_up	31.9467	16.4782	2.32637
_BTagSFEff_down	31.9325	16.4782	2.32637
_BTagSFMiss_up	31.9461	16.4782	2.32637
_BTagSFMiss_down	32.4222	16.4782	2.32637
_JetMass_up	31.8706	16.4782	2.32637
_JetMass_down	31.9542	16.4782	2.32637
_JetMassRes_up	32.4214	16.4782	2.32637
_JetMassRes_down	32.3084	16.4782	2.32637
_Tau21_up	31.9405	16.4782	2.32637
_Tau21_down	31.9405	16.4782	2.32637

################ Sources ################
Source	SystTotal	SystPrompt	SystFake	Signal
Stat 9.11 12.75  13.28  1.06  7.27
Lumi 1.57  2.50 -  -  2.50
PDF  -  -  -  -  7.59
MuonPt  0.03 0.04  -  -  1.09
MuonID  0.02 0.03  -  -  1.91
ElectronE  1.77 2.82  -  -  4.99
ElectronID  0.96 1.53  -  -  2.65
Trigger  2.18 3.46  -  -  5.35
PU  0.41 0.65  -  -  4.17
JES  5.50 8.74  -  -  1.81
JER  3.28 5.20  -  -  1.34
Uncl  2.96 4.70  -  -  2.51
BEff  0.02 0.03  -  -  1.62
BMiss  0.68 1.08  -  -  0.80
JMS  0.09 0.15  -  -  0.89
JMR  0.86 1.36  -  -  1.74
Tau21  0.01 0.02  -  -  1.86
MCNorm 6.46  10.26 -  -  -
Fake 9.74  -  30.00 - -
CF 0.73  -  -  16.00 -
Total Systematic 14.11 16.21  30.00  16.00  12.99

Total Background	50.739
- Prompt	31.934
- Fake	16.478
- CF	2.326
- Obs	55.000

####### Result #######
Signal Eff	0.002360
50.738948 1.168083
827.607680 1.148811
