
Processing CyclesForMixingLimit_ElEl_Bin2/HNElEl_125.C...
[AnalysisInputs::SetMCSF] Get MC SF from /data8/Users/jskim/HN_dilepton_plotter/data/v8-0-7.37_Unblind/MCSF.txt
[AnalysisInputs::SetMCSF] sample : VVV
[AnalysisInputs::SetMCSF] => MCSF = 1, MCSF_err = 0.5
[AnalysisInputs::SetMCSF] sample : WWW
[AnalysisInputs::SetMCSF] => MCSF = 1, MCSF_err = 0.5
[AnalysisInputs::SetMCSF] sample : WWZ
[AnalysisInputs::SetMCSF] => MCSF = 1, MCSF_err = 0.5
[AnalysisInputs::SetMCSF] sample : WZZ
[AnalysisInputs::SetMCSF] => MCSF = 1, MCSF_err = 0.5
[AnalysisInputs::SetMCSF] sample : ZZZ
[AnalysisInputs::SetMCSF] => MCSF = 1, MCSF_err = 0.5
[AnalysisInputs::SetMCSF] sample : ttV
[AnalysisInputs::SetMCSF] => MCSF = 1, MCSF_err = 0.5
[AnalysisInputs::SetMCSF] sample : ttW
[AnalysisInputs::SetMCSF] => MCSF = 1, MCSF_err = 0.5
[AnalysisInputs::SetMCSF] sample : ttZ
[AnalysisInputs::SetMCSF] => MCSF = 1, MCSF_err = 0.5
[AnalysisInputs::SetMCSF] sample : ttH_nonbb
[AnalysisInputs::SetMCSF] => MCSF = 1, MCSF_err = 0.5
[AnalysisInputs::SetMCSF] sample : top
[AnalysisInputs::SetMCSF] => MCSF = 1, MCSF_err = 0.5
[AnalysisInputs::SetMCSF] sample : WWTo2L2Nu_DS
[AnalysisInputs::SetMCSF] => MCSF = 1, MCSF_err = 0.5
[AnalysisInputs::SetMCSF] sample : WpWpEWK
[AnalysisInputs::SetMCSF] => MCSF = 1.3062, MCSF_err = 0.5
[AnalysisInputs::SetMCSF] sample : WpWpQCD
[AnalysisInputs::SetMCSF] => MCSF = 1.70026, MCSF_err = 0.5
[AnalysisInputs::SetMCSF] sample : WZTo3LNu_mllmin01
[AnalysisInputs::SetMCSF] => MCSF = 0.65, MCSF_err = 0.06
[AnalysisInputs::SetMCSF] sample : WZTo3LNu_powheg
[AnalysisInputs::SetMCSF] => MCSF = 1.05044, MCSF_err = 0.0648798
[AnalysisInputs::SetMCSF] sample : ZGto2LG
[AnalysisInputs::SetMCSF] => MCSF = 1.09954, MCSF_err = 0.076377
[AnalysisInputs::SetMCSF] sample : WGtoLNuG
[AnalysisInputs::SetMCSF] => MCSF = 1, MCSF_err = 0.076377
[AnalysisInputs::SetMCSF] sample : WGtoLNuG_weighted
[AnalysisInputs::SetMCSF] => MCSF = 1, MCSF_err = 0.076377
[AnalysisInputs::SetMCSF] sample : ZZTo4L_powheg
[AnalysisInputs::SetMCSF] => MCSF = 0.978852, MCSF_err = 0.0792882
[AnalysisInputs::SetMCSF] sample : ggZZto2e2mu
[AnalysisInputs::SetMCSF] => MCSF = 0.978852, MCSF_err = 0.0792882
[AnalysisInputs::SetMCSF] sample : ggZZto2e2nu
[AnalysisInputs::SetMCSF] => MCSF = 0.978852, MCSF_err = 0.0792882
[AnalysisInputs::SetMCSF] sample : ggZZto2e2tau
[AnalysisInputs::SetMCSF] => MCSF = 0.978852, MCSF_err = 0.0792882
[AnalysisInputs::SetMCSF] sample : ggZZto2mu2nu
[AnalysisInputs::SetMCSF] => MCSF = 0.978852, MCSF_err = 0.0792882
[AnalysisInputs::SetMCSF] sample : ggZZto2mu2tau
[AnalysisInputs::SetMCSF] => MCSF = 0.978852, MCSF_err = 0.0792882
[AnalysisInputs::SetMCSF] sample : ggZZto4e
[AnalysisInputs::SetMCSF] => MCSF = 0.978852, MCSF_err = 0.0792882
[AnalysisInputs::SetMCSF] sample : ggZZto4mu
[AnalysisInputs::SetMCSF] => MCSF = 0.978852, MCSF_err = 0.0792882
[AnalysisInputs::SetMCSF] sample : ggZZto4tau
[AnalysisInputs::SetMCSF] => MCSF = 0.978852, MCSF_err = 0.0792882
[AnalysisInputs::SetMCSF] sample : ggHtoZZ
[AnalysisInputs::SetMCSF] => MCSF = 0.978852, MCSF_err = 0.0792882
[AnalysisInputs::SetCalculatedSysts] Get Systematics from /data8/Users/jskim/HN_dilepton_plotter/data/v8-0-7.37_Unblind/Syst.txt
[AnalysisInputs::SetCalculatedSysts] source : Luminosity
[AnalysisInputs::SetCalculatedSysts] => % sysematic = 0.025
[AnalysisInputs::SetCalculatedSysts] source : FakeLooseID
[AnalysisInputs::SetCalculatedSysts] => % sysematic = 0.3
[AnalysisInputs::SetCalculatedSysts] source : ChrageFlipSyst
[AnalysisInputs::SetCalculatedSysts] => % sysematic = 0.16
[CutRangeInfo::ReadCutCard] Get Cutcard from /data8/Users/jskim/HN_dilepton_plotter/data/v8-0-7.37_Unblind/CutOpCard/RunDirectory/Cards_ElEl_Bin2/HNElEl_125.txt
Central	0.131825	0	0.027925
_MuonEn_up	0.129008	0	0.027925
_MuonEn_down	0.129008	0	0.027925
_MuonIDSF_up	0.132011	0	0.027925
_MuonIDSF_down	0.129008	0	0.027925
_ElectronEn_up	0.134822	0	0.027925
_ElectronEn_down	0.132184	0	0.027925
_ElectronIDSF_up	0.131964	0	0.027925
_ElectronIDSF_down	0.128541	0	0.027925
_TriggerSF_up	0.133318	0	0.027925
_TriggerSF_down	0.129008	0	0.027925
_PU_up	0.10833	0	0.027925
_PU_down	0.153245	0	0.027925
_JetEn_up	0.129008	0	0.027925
_JetEn_down	0.131799	0	0.027925
_JetRes_up	0.129008	0	0.027925
_JetRes_down	0.129008	0	0.027925
_Unclustered_up	0.129008	0	0.027925
_Unclustered_down	0.131611	0	0.027925
_BTagSFEff_up	0.129008	0	0.027925
_BTagSFEff_down	0.129008	0	0.027925
_BTagSFMiss_up	0.129008	0	0.027925
_BTagSFMiss_down	0.129008	0	0.027925
_JetMass_up	0.129008	0	0.027925
_JetMass_down	0.129008	0	0.027925
_JetMassRes_up	0.13152	0	0.027925
_JetMassRes_down	0.129008	0	0.027925
_Tau21_up	0.138439	0	0.027925
_Tau21_down	0.119577	0	0.027925

################ Sources ################
Source	SystTotal	SystPrompt	SystFake	Signal
Stat 53.71 65.09  -nan  30.70  23.20
Lumi 2.06  2.50 -  -  2.50
PDF  -  -  -  -  2.36
MuonPt  1.76 2.14  -  -  4.93
MuonID  1.25 1.51  -  -  4.93
ElectronE  1.34 1.62  -  -  3.70
ElectronID  1.45 1.76  -  -  8.17
Trigger  1.41 1.71  -  -  3.70
PU  14.07 17.05  -  -  4.78
JES  1.25 1.51  -  -  13.59
JER  1.76 2.14  -  -  3.54
Uncl  1.25 1.52  -  -  4.93
BEff  1.76 2.14  -  -  4.93
BMiss  1.76 2.14  -  -  4.93
JMS  1.76 2.14  -  -  4.93
JMR  1.25 1.52  -  -  4.93
Tau21  6.16 7.47  -  -  16.75
MCNorm 16.53  20.03 -  -  -
Fake 0.00  -  -nan - -
CF 2.80  -  -  16.00 -
Total Systematic 23.26 28.19  -nan  16.00  27.87

Total Background	0.160
- Prompt	0.132
- Fake	0.000
- CF	0.028
- Obs	0.000

####### Result #######
Signal Eff	0.000417
0.159750 1.588465
0.362175 1.362598
