
Processing CyclesForMixingLimit_ElEl_Bin2/HNElEl_600_VBF.C...
[AnalysisInputs::SetMCSF] Get MC SF from /data8/Users/jskim/HN_dilepton_plotter/data/v8-0-7.37_Unblind/MCSF.txt
[AnalysisInputs::SetMCSF] sample : VVV
[AnalysisInputs::SetMCSF] => MCSF = 1, MCSF_err = 0.5
[AnalysisInputs::SetMCSF] sample : WWW
[AnalysisInputs::SetMCSF] => MCSF = 1, MCSF_err = 0.5
[AnalysisInputs::SetMCSF] sample : WWZ
[AnalysisInputs::SetMCSF] => MCSF = 1, MCSF_err = 0.5
[AnalysisInputs::SetMCSF] sample : WZZ
[AnalysisInputs::SetMCSF] => MCSF = 1, MCSF_err = 0.5
[AnalysisInputs::SetMCSF] sample : ZZZ
[AnalysisInputs::SetMCSF] => MCSF = 1, MCSF_err = 0.5
[AnalysisInputs::SetMCSF] sample : ttV
[AnalysisInputs::SetMCSF] => MCSF = 1, MCSF_err = 0.5
[AnalysisInputs::SetMCSF] sample : ttW
[AnalysisInputs::SetMCSF] => MCSF = 1, MCSF_err = 0.5
[AnalysisInputs::SetMCSF] sample : ttZ
[AnalysisInputs::SetMCSF] => MCSF = 1, MCSF_err = 0.5
[AnalysisInputs::SetMCSF] sample : ttH_nonbb
[AnalysisInputs::SetMCSF] => MCSF = 1, MCSF_err = 0.5
[AnalysisInputs::SetMCSF] sample : top
[AnalysisInputs::SetMCSF] => MCSF = 1, MCSF_err = 0.5
[AnalysisInputs::SetMCSF] sample : WWTo2L2Nu_DS
[AnalysisInputs::SetMCSF] => MCSF = 1, MCSF_err = 0.5
[AnalysisInputs::SetMCSF] sample : WpWpEWK
[AnalysisInputs::SetMCSF] => MCSF = 1.3062, MCSF_err = 0.5
[AnalysisInputs::SetMCSF] sample : WpWpQCD
[AnalysisInputs::SetMCSF] => MCSF = 1.70026, MCSF_err = 0.5
[AnalysisInputs::SetMCSF] sample : WZTo3LNu_mllmin01
[AnalysisInputs::SetMCSF] => MCSF = 0.65, MCSF_err = 0.06
[AnalysisInputs::SetMCSF] sample : WZTo3LNu_powheg
[AnalysisInputs::SetMCSF] => MCSF = 1.05044, MCSF_err = 0.0648798
[AnalysisInputs::SetMCSF] sample : ZGto2LG
[AnalysisInputs::SetMCSF] => MCSF = 1.09954, MCSF_err = 0.076377
[AnalysisInputs::SetMCSF] sample : WGtoLNuG
[AnalysisInputs::SetMCSF] => MCSF = 1, MCSF_err = 0.076377
[AnalysisInputs::SetMCSF] sample : WGtoLNuG_weighted
[AnalysisInputs::SetMCSF] => MCSF = 1, MCSF_err = 0.076377
[AnalysisInputs::SetMCSF] sample : ZZTo4L_powheg
[AnalysisInputs::SetMCSF] => MCSF = 0.978852, MCSF_err = 0.0792882
[AnalysisInputs::SetMCSF] sample : ggZZto2e2mu
[AnalysisInputs::SetMCSF] => MCSF = 0.978852, MCSF_err = 0.0792882
[AnalysisInputs::SetMCSF] sample : ggZZto2e2nu
[AnalysisInputs::SetMCSF] => MCSF = 0.978852, MCSF_err = 0.0792882
[AnalysisInputs::SetMCSF] sample : ggZZto2e2tau
[AnalysisInputs::SetMCSF] => MCSF = 0.978852, MCSF_err = 0.0792882
[AnalysisInputs::SetMCSF] sample : ggZZto2mu2nu
[AnalysisInputs::SetMCSF] => MCSF = 0.978852, MCSF_err = 0.0792882
[AnalysisInputs::SetMCSF] sample : ggZZto2mu2tau
[AnalysisInputs::SetMCSF] => MCSF = 0.978852, MCSF_err = 0.0792882
[AnalysisInputs::SetMCSF] sample : ggZZto4e
[AnalysisInputs::SetMCSF] => MCSF = 0.978852, MCSF_err = 0.0792882
[AnalysisInputs::SetMCSF] sample : ggZZto4mu
[AnalysisInputs::SetMCSF] => MCSF = 0.978852, MCSF_err = 0.0792882
[AnalysisInputs::SetMCSF] sample : ggZZto4tau
[AnalysisInputs::SetMCSF] => MCSF = 0.978852, MCSF_err = 0.0792882
[AnalysisInputs::SetMCSF] sample : ggHtoZZ
[AnalysisInputs::SetMCSF] => MCSF = 0.978852, MCSF_err = 0.0792882
[AnalysisInputs::SetCalculatedSysts] Get Systematics from /data8/Users/jskim/HN_dilepton_plotter/data/v8-0-7.37_Unblind/Syst.txt
[AnalysisInputs::SetCalculatedSysts] source : Luminosity
[AnalysisInputs::SetCalculatedSysts] => % sysematic = 0.025
[AnalysisInputs::SetCalculatedSysts] source : FakeLooseID
[AnalysisInputs::SetCalculatedSysts] => % sysematic = 0.3
[AnalysisInputs::SetCalculatedSysts] source : ChrageFlipSyst
[AnalysisInputs::SetCalculatedSysts] => % sysematic = 0.16
[CutRangeInfo::ReadCutCard] Get Cutcard from /data8/Users/jskim/HN_dilepton_plotter/data/v8-0-7.37_Unblind/CutOpCard/RunDirectory/Cards_ElEl_Bin2/HNElEl_600.txt
Central	0.498982	0	0.120889
_MuonEn_up	0.504669	0	0.120889
_MuonEn_down	0.542984	0	0.120889
_MuonIDSF_up	0.50825	0	0.120889
_MuonIDSF_down	0.545641	0	0.120889
_ElectronEn_up	0.56838	0	0.120889
_ElectronEn_down	0.581046	0	0.120889
_ElectronIDSF_up	0.527872	0	0.120889
_ElectronIDSF_down	0.523807	0	0.120889
_TriggerSF_up	0.51509	0	0.120889
_TriggerSF_down	0.510924	0	0.120889
_PU_up	0.533139	0	0.120889
_PU_down	0.473932	0	0.120889
_JetEn_up	0.512914	0	0.120889
_JetEn_down	0.634291	0	0.120889
_JetRes_up	0.571584	0	0.120889
_JetRes_down	0.499909	0	0.120889
_Unclustered_up	0.487821	0	0.120889
_Unclustered_down	0.486422	0	0.120889
_BTagSFEff_up	0.532072	0	0.120889
_BTagSFEff_down	0.514883	0	0.120889
_BTagSFMiss_up	0.501321	0	0.120889
_BTagSFMiss_down	0.499841	0	0.120889
_JetMass_up	0.459755	0	0.120889
_JetMass_down	0.513323	0	0.120889
_JetMassRes_up	0.504669	0	0.120889
_JetMassRes_down	0.466601	0	0.120889
_Tau21_up	0.544326	0	0.120889
_Tau21_down	0.467114	0	0.120889

################ Sources ################
Source	SystTotal	SystPrompt	SystFake	Signal
Stat 20.17 25.06  -nan  16.47  1.17
Lumi 2.01  2.50 -  -  2.50
PDF  -  -  -  -  2.36
MuonPt  5.06 6.29  -  -  0.34
MuonID  5.43 6.74  -  -  0.31
ElectronE  12.26 15.23  -  -  0.66
ElectronID  4.35 5.40  -  -  3.68
Trigger  2.29 2.84  -  -  1.34
PU  4.83 6.00  -  -  1.63
JES  15.52 19.28  -  -  0.63
JER  8.28 10.29  -  -  0.62
Uncl  1.92 2.38  -  -  0.28
BEff  4.19 5.20  -  -  0.44
BMiss  0.28 0.35  -  -  0.43
JMS  4.76 5.92  -  -  0.29
JMR  3.75 4.66  -  -  0.34
Tau21  6.32 7.85  -  -  7.65
MCNorm 29.52  36.68 -  -  -
Fake 0.00  -  -nan - -
CF 3.12  -  -  16.00 -
Total Systematic 39.19 48.69  -nan  16.00  9.51

Total Background	0.620
- Prompt	0.499
- Fake	0.000
- CF	0.121
- Obs	1.000

####### Result #######
Signal Eff	0.095276
0.619871 1.443040
0.403860 1.095829
