
Processing CyclesForOptimization_ElEl_Bin2/HNElEl_1300.C...
[AnalysisInputs::SetMCSF] Get MC SF from /data8/Users/jskim/HN_dilepton_plotter/data/v8-0-7.37_PreApproval/MCSF.txt
[AnalysisInputs::SetMCSF] sample : VVV
[AnalysisInputs::SetMCSF] => MCSF = 1, MCSF_err = 0.5
[AnalysisInputs::SetMCSF] sample : WWW
[AnalysisInputs::SetMCSF] => MCSF = 1, MCSF_err = 0.5
[AnalysisInputs::SetMCSF] sample : WWZ
[AnalysisInputs::SetMCSF] => MCSF = 1, MCSF_err = 0.5
[AnalysisInputs::SetMCSF] sample : WZZ
[AnalysisInputs::SetMCSF] => MCSF = 1, MCSF_err = 0.5
[AnalysisInputs::SetMCSF] sample : ZZZ
[AnalysisInputs::SetMCSF] => MCSF = 1, MCSF_err = 0.5
[AnalysisInputs::SetMCSF] sample : ttV
[AnalysisInputs::SetMCSF] => MCSF = 1, MCSF_err = 0.5
[AnalysisInputs::SetMCSF] sample : ttW
[AnalysisInputs::SetMCSF] => MCSF = 1, MCSF_err = 0.5
[AnalysisInputs::SetMCSF] sample : ttZ
[AnalysisInputs::SetMCSF] => MCSF = 1, MCSF_err = 0.5
[AnalysisInputs::SetMCSF] sample : ttH_nonbb
[AnalysisInputs::SetMCSF] => MCSF = 1, MCSF_err = 0.5
[AnalysisInputs::SetMCSF] sample : top
[AnalysisInputs::SetMCSF] => MCSF = 1, MCSF_err = 0.5
[AnalysisInputs::SetMCSF] sample : WWTo2L2Nu_DS
[AnalysisInputs::SetMCSF] => MCSF = 1, MCSF_err = 0.5
[AnalysisInputs::SetMCSF] sample : WpWpEWK
[AnalysisInputs::SetMCSF] => MCSF = 1, MCSF_err = 0.5
[AnalysisInputs::SetMCSF] sample : WpWpQCD
[AnalysisInputs::SetMCSF] => MCSF = 1, MCSF_err = 0.5
[AnalysisInputs::SetMCSF] sample : WZTo3LNu_mllmin01
[AnalysisInputs::SetMCSF] => MCSF = 0.65, MCSF_err = 0.06
[AnalysisInputs::SetMCSF] sample : WZTo3LNu_powheg
[AnalysisInputs::SetMCSF] => MCSF = 1.05044, MCSF_err = 0.0648798
[AnalysisInputs::SetMCSF] sample : ZGto2LG
[AnalysisInputs::SetMCSF] => MCSF = 1.09954, MCSF_err = 0.076377
[AnalysisInputs::SetMCSF] sample : WGtoLNuG
[AnalysisInputs::SetMCSF] => MCSF = 1, MCSF_err = 0.076377
[AnalysisInputs::SetMCSF] sample : WGtoLNuG_weighted
[AnalysisInputs::SetMCSF] => MCSF = 1, MCSF_err = 0.076377
[AnalysisInputs::SetMCSF] sample : ZZTo4L_powheg
[AnalysisInputs::SetMCSF] => MCSF = 0.978852, MCSF_err = 0.0792882
[AnalysisInputs::SetMCSF] sample : ggZZto2e2mu
[AnalysisInputs::SetMCSF] => MCSF = 0.978852, MCSF_err = 0.0792882
[AnalysisInputs::SetMCSF] sample : ggZZto2e2nu
[AnalysisInputs::SetMCSF] => MCSF = 0.978852, MCSF_err = 0.0792882
[AnalysisInputs::SetMCSF] sample : ggZZto2e2tau
[AnalysisInputs::SetMCSF] => MCSF = 0.978852, MCSF_err = 0.0792882
[AnalysisInputs::SetMCSF] sample : ggZZto2mu2nu
[AnalysisInputs::SetMCSF] => MCSF = 0.978852, MCSF_err = 0.0792882
[AnalysisInputs::SetMCSF] sample : ggZZto2mu2tau
[AnalysisInputs::SetMCSF] => MCSF = 0.978852, MCSF_err = 0.0792882
[AnalysisInputs::SetMCSF] sample : ggZZto4e
[AnalysisInputs::SetMCSF] => MCSF = 0.978852, MCSF_err = 0.0792882
[AnalysisInputs::SetMCSF] sample : ggZZto4mu
[AnalysisInputs::SetMCSF] => MCSF = 0.978852, MCSF_err = 0.0792882
[AnalysisInputs::SetMCSF] sample : ggZZto4tau
[AnalysisInputs::SetMCSF] => MCSF = 0.978852, MCSF_err = 0.0792882
[AnalysisInputs::SetMCSF] sample : ggHtoZZ
[AnalysisInputs::SetMCSF] => MCSF = 0.978852, MCSF_err = 0.0792882
[AnalysisInputs::SetCalculatedSysts] Get Systematics from /data8/Users/jskim/HN_dilepton_plotter/data/v8-0-7.37_PreApproval/Syst.txt
[AnalysisInputs::SetCalculatedSysts] source : Luminosity
[AnalysisInputs::SetCalculatedSysts] => % sysematic = 0.025
[AnalysisInputs::SetCalculatedSysts] source : FakeLooseID
[AnalysisInputs::SetCalculatedSysts] => % sysematic = 0.3
[AnalysisInputs::SetCalculatedSysts] source : ChrageFlipSyst
[AnalysisInputs::SetCalculatedSysts] => % sysematic = 0.16
[CutRangeInfo::ReadCutCard] Get Cutcard from /data8/Users/jskim/HN_dilepton_plotter/data/v8-0-7.37_PreApproval/CutOpCard/RunDirectory/CyclesForOptimization_ElEl_Bin2/Cards//HNElEl_1300.txt

##################################################
#### TOTAL # of Loop = 3721
##################################################

[CutRangeInfo::PrintCutRangeInfo] leadingLepton_Pt_>
[CutInfo::PrintCutInfo] leadingLepton_Pt	>	140
[CutRangeInfo::PrintCutRangeInfo] ljj_|<
[CutInfo::PrintCutInfo] ljj	|<	1600
[CutInfo::PrintCutInfo] ljj	|<	1595
[CutInfo::PrintCutInfo] ljj	|<	1590
[CutInfo::PrintCutInfo] ljj	|<	1585
[CutInfo::PrintCutInfo] ljj	|<	1580
[CutInfo::PrintCutInfo] ljj	|<	1575
[CutInfo::PrintCutInfo] ljj	|<	1570
[CutInfo::PrintCutInfo] ljj	|<	1565
[CutInfo::PrintCutInfo] ljj	|<	1560
[CutInfo::PrintCutInfo] ljj	|<	1555
[CutInfo::PrintCutInfo] ljj	|<	1550
[CutInfo::PrintCutInfo] ljj	|<	1545
[CutInfo::PrintCutInfo] ljj	|<	1540
[CutInfo::PrintCutInfo] ljj	|<	1535
[CutInfo::PrintCutInfo] ljj	|<	1530
[CutInfo::PrintCutInfo] ljj	|<	1525
[CutInfo::PrintCutInfo] ljj	|<	1520
[CutInfo::PrintCutInfo] ljj	|<	1515
[CutInfo::PrintCutInfo] ljj	|<	1510
[CutInfo::PrintCutInfo] ljj	|<	1505
[CutInfo::PrintCutInfo] ljj	|<	1500
[CutInfo::PrintCutInfo] ljj	|<	1495
[CutInfo::PrintCutInfo] ljj	|<	1490
[CutInfo::PrintCutInfo] ljj	|<	1485
[CutInfo::PrintCutInfo] ljj	|<	1480
[CutInfo::PrintCutInfo] ljj	|<	1475
[CutInfo::PrintCutInfo] ljj	|<	1470
[CutInfo::PrintCutInfo] ljj	|<	1465
[CutInfo::PrintCutInfo] ljj	|<	1460
[CutInfo::PrintCutInfo] ljj	|<	1455
[CutInfo::PrintCutInfo] ljj	|<	1450
[CutInfo::PrintCutInfo] ljj	|<	1445
[CutInfo::PrintCutInfo] ljj	|<	1440
[CutInfo::PrintCutInfo] ljj	|<	1435
[CutInfo::PrintCutInfo] ljj	|<	1430
[CutInfo::PrintCutInfo] ljj	|<	1425
[CutInfo::PrintCutInfo] ljj	|<	1420
[CutInfo::PrintCutInfo] ljj	|<	1415
[CutInfo::PrintCutInfo] ljj	|<	1410
[CutInfo::PrintCutInfo] ljj	|<	1405
[CutInfo::PrintCutInfo] ljj	|<	1400
[CutInfo::PrintCutInfo] ljj	|<	1395
[CutInfo::PrintCutInfo] ljj	|<	1390
[CutInfo::PrintCutInfo] ljj	|<	1385
[CutInfo::PrintCutInfo] ljj	|<	1380
[CutInfo::PrintCutInfo] ljj	|<	1375
[CutInfo::PrintCutInfo] ljj	|<	1370
[CutInfo::PrintCutInfo] ljj	|<	1365
[CutInfo::PrintCutInfo] ljj	|<	1360
[CutInfo::PrintCutInfo] ljj	|<	1355
[CutInfo::PrintCutInfo] ljj	|<	1350
[CutInfo::PrintCutInfo] ljj	|<	1345
[CutInfo::PrintCutInfo] ljj	|<	1340
[CutInfo::PrintCutInfo] ljj	|<	1335
[CutInfo::PrintCutInfo] ljj	|<	1330
[CutInfo::PrintCutInfo] ljj	|<	1325
[CutInfo::PrintCutInfo] ljj	|<	1320
[CutInfo::PrintCutInfo] ljj	|<	1315
[CutInfo::PrintCutInfo] ljj	|<	1310
[CutInfo::PrintCutInfo] ljj	|<	1305
[CutInfo::PrintCutInfo] ljj	|<	1300
[CutRangeInfo::PrintCutRangeInfo] ljj_|>
[CutInfo::PrintCutInfo] ljj	|>	1000
[CutInfo::PrintCutInfo] ljj	|>	1005
[CutInfo::PrintCutInfo] ljj	|>	1010
[CutInfo::PrintCutInfo] ljj	|>	1015
[CutInfo::PrintCutInfo] ljj	|>	1020
[CutInfo::PrintCutInfo] ljj	|>	1025
[CutInfo::PrintCutInfo] ljj	|>	1030
[CutInfo::PrintCutInfo] ljj	|>	1035
[CutInfo::PrintCutInfo] ljj	|>	1040
[CutInfo::PrintCutInfo] ljj	|>	1045
[CutInfo::PrintCutInfo] ljj	|>	1050
[CutInfo::PrintCutInfo] ljj	|>	1055
[CutInfo::PrintCutInfo] ljj	|>	1060
[CutInfo::PrintCutInfo] ljj	|>	1065
[CutInfo::PrintCutInfo] ljj	|>	1070
[CutInfo::PrintCutInfo] ljj	|>	1075
[CutInfo::PrintCutInfo] ljj	|>	1080
[CutInfo::PrintCutInfo] ljj	|>	1085
[CutInfo::PrintCutInfo] ljj	|>	1090
[CutInfo::PrintCutInfo] ljj	|>	1095
[CutInfo::PrintCutInfo] ljj	|>	1100
[CutInfo::PrintCutInfo] ljj	|>	1105
[CutInfo::PrintCutInfo] ljj	|>	1110
[CutInfo::PrintCutInfo] ljj	|>	1115
[CutInfo::PrintCutInfo] ljj	|>	1120
[CutInfo::PrintCutInfo] ljj	|>	1125
[CutInfo::PrintCutInfo] ljj	|>	1130
[CutInfo::PrintCutInfo] ljj	|>	1135
[CutInfo::PrintCutInfo] ljj	|>	1140
[CutInfo::PrintCutInfo] ljj	|>	1145
[CutInfo::PrintCutInfo] ljj	|>	1150
[CutInfo::PrintCutInfo] ljj	|>	1155
[CutInfo::PrintCutInfo] ljj	|>	1160
[CutInfo::PrintCutInfo] ljj	|>	1165
[CutInfo::PrintCutInfo] ljj	|>	1170
[CutInfo::PrintCutInfo] ljj	|>	1175
[CutInfo::PrintCutInfo] ljj	|>	1180
[CutInfo::PrintCutInfo] ljj	|>	1185
[CutInfo::PrintCutInfo] ljj	|>	1190
[CutInfo::PrintCutInfo] ljj	|>	1195
[CutInfo::PrintCutInfo] ljj	|>	1200
[CutInfo::PrintCutInfo] ljj	|>	1205
[CutInfo::PrintCutInfo] ljj	|>	1210
[CutInfo::PrintCutInfo] ljj	|>	1215
[CutInfo::PrintCutInfo] ljj	|>	1220
[CutInfo::PrintCutInfo] ljj	|>	1225
[CutInfo::PrintCutInfo] ljj	|>	1230
[CutInfo::PrintCutInfo] ljj	|>	1235
[CutInfo::PrintCutInfo] ljj	|>	1240
[CutInfo::PrintCutInfo] ljj	|>	1245
[CutInfo::PrintCutInfo] ljj	|>	1250
[CutInfo::PrintCutInfo] ljj	|>	1255
[CutInfo::PrintCutInfo] ljj	|>	1260
[CutInfo::PrintCutInfo] ljj	|>	1265
[CutInfo::PrintCutInfo] ljj	|>	1270
[CutInfo::PrintCutInfo] ljj	|>	1275
[CutInfo::PrintCutInfo] ljj	|>	1280
[CutInfo::PrintCutInfo] ljj	|>	1285
[CutInfo::PrintCutInfo] ljj	|>	1290
[CutInfo::PrintCutInfo] ljj	|>	1295
[CutInfo::PrintCutInfo] ljj	|>	1300

##############################
#### OPTIMIZATION STARTED ####
##############################


!!!!!!!!!!!!!!!!!
!!!! UPDATED !!!!
!!!!!!!!!!!!!!!!!

[CutInfo::PrintCutInfo] leadingLepton_Pt	>	140
[CutInfo::PrintCutInfo] ljj	|<	1600
[CutInfo::PrintCutInfo] ljj	|>	1000
CF	0.0383511 +- 0.0124757
Fake	0.00858993 +- 0.00733024
Prompt	0.19016 +- 0.0987471
=> total bkg = 0.237101
Signal	Yield	Efficiency	Efficiency@Presel	Punzi
HNElEl_1300	0.0105851	0.21107	5.76843e-07	1.24046e-07
=====================================================================


!!!!!!!!!!!!!!!!!
!!!! UPDATED !!!!
!!!!!!!!!!!!!!!!!

[CutInfo::PrintCutInfo] leadingLepton_Pt	>	140
[CutInfo::PrintCutInfo] ljj	|<	1590
[CutInfo::PrintCutInfo] ljj	|>	1000
CF	0.0383511 +- 0.0124757
Fake	0.00410244 +- 0.00533561
Prompt	0.19016 +- 0.0987471
=> total bkg = 0.232614
Signal	Yield	Efficiency	Efficiency@Presel	Punzi
HNElEl_1300	0.0105681	0.210719	5.75916e-07	1.24225e-07
=====================================================================

####################################################
TIME STAMP : [2018/1/16 21:4:38] 100 / 3721 (2.68745 %)
####################################################
[CutInfo::PrintCutInfo] leadingLepton_Pt	>	140
[CutInfo::PrintCutInfo] ljj	|<	1590
[CutInfo::PrintCutInfo] ljj	|>	1000

!!!!!!!!!!!!!!!!!
!!!! UPDATED !!!!
!!!!!!!!!!!!!!!!!

[CutInfo::PrintCutInfo] leadingLepton_Pt	>	140
[CutInfo::PrintCutInfo] ljj	|<	1600
[CutInfo::PrintCutInfo] ljj	|>	1010
CF	0.0383511 +- 0.0124757
Fake	0.00858993 +- 0.00733024
Prompt	0.185067 +- 0.0973618
=> total bkg = 0.232008
Signal	Yield	Efficiency	Efficiency@Presel	Punzi
HNElEl_1300	0.0105772	0.210895	5.76415e-07	1.24404e-07
=====================================================================


!!!!!!!!!!!!!!!!!
!!!! UPDATED !!!!
!!!!!!!!!!!!!!!!!

[CutInfo::PrintCutInfo] leadingLepton_Pt	>	140
[CutInfo::PrintCutInfo] ljj	|<	1590
[CutInfo::PrintCutInfo] ljj	|>	1010
CF	0.0383511 +- 0.0124757
Fake	0.00410244 +- 0.00533561
Prompt	0.185067 +- 0.0973618
=> total bkg = 0.227521
Signal	Yield	Efficiency	Efficiency@Presel	Punzi
HNElEl_1300	0.0105597	0.210526	5.75461e-07	1.24584e-07
=====================================================================


!!!!!!!!!!!!!!!!!
!!!! UPDATED !!!!
!!!!!!!!!!!!!!!!!

[CutInfo::PrintCutInfo] leadingLepton_Pt	>	140
[CutInfo::PrintCutInfo] ljj	|<	1590
[CutInfo::PrintCutInfo] ljj	|>	1015
CF	0.0351278 +- 0.0117979
Fake	0.00410244 +- 0.00533561
Prompt	0.185067 +- 0.0973618
=> total bkg = 0.224298
Signal	Yield	Efficiency	Efficiency@Presel	Punzi
HNElEl_1300	0.0105442	0.210246	5.74615e-07	1.2468e-07
=====================================================================

####################################################
TIME STAMP : [2018/1/16 21:4:48] 200 / 3721 (5.3749 %)
####################################################
[CutInfo::PrintCutInfo] leadingLepton_Pt	>	140
[CutInfo::PrintCutInfo] ljj	|<	1590
[CutInfo::PrintCutInfo] ljj	|>	1015

!!!!!!!!!!!!!!!!!
!!!! UPDATED !!!!
!!!!!!!!!!!!!!!!!

[CutInfo::PrintCutInfo] leadingLepton_Pt	>	140
[CutInfo::PrintCutInfo] ljj	|<	1600
[CutInfo::PrintCutInfo] ljj	|>	1020
CF	0.0351019 +- 0.0117959
Fake	0.00916407 +- 0.00737022
Prompt	0.180781 +- 0.0962508
=> total bkg = 0.225047
Signal	Yield	Efficiency	Efficiency@Presel	Punzi
HNElEl_1300	0.0105542	0.210491	5.75159e-07	1.2475e-07
=====================================================================


!!!!!!!!!!!!!!!!!
!!!! UPDATED !!!!
!!!!!!!!!!!!!!!!!

[CutInfo::PrintCutInfo] leadingLepton_Pt	>	140
[CutInfo::PrintCutInfo] ljj	|<	1590
[CutInfo::PrintCutInfo] ljj	|>	1020
CF	0.0351019 +- 0.0117959
Fake	0.00467658 +- 0.00534721
Prompt	0.180781 +- 0.0962508
=> total bkg = 0.22056
Signal	Yield	Efficiency	Efficiency@Presel	Punzi
HNElEl_1300	0.0105367	0.210123	5.74206e-07	1.24937e-07
=====================================================================

####################################################
TIME STAMP : [2018/1/16 21:4:58] 300 / 3721 (8.06235 %)
####################################################
[CutInfo::PrintCutInfo] leadingLepton_Pt	>	140
[CutInfo::PrintCutInfo] ljj	|<	1590
[CutInfo::PrintCutInfo] ljj	|>	1020

!!!!!!!!!!!!!!!!!
!!!! UPDATED !!!!
!!!!!!!!!!!!!!!!!

[CutInfo::PrintCutInfo] leadingLepton_Pt	>	140
[CutInfo::PrintCutInfo] ljj	|<	1600
[CutInfo::PrintCutInfo] ljj	|>	1025
CF	0.0351019 +- 0.0117959
Fake	0.00915075 +- 0.00736872
Prompt	0.177411 +- 0.0954182
=> total bkg = 0.221663
Signal	Yield	Efficiency	Efficiency@Presel	Punzi
HNElEl_1300	0.0105456	0.210316	5.74691e-07	1.24957e-07
=====================================================================


!!!!!!!!!!!!!!!!!
!!!! UPDATED !!!!
!!!!!!!!!!!!!!!!!

[CutInfo::PrintCutInfo] leadingLepton_Pt	>	140
[CutInfo::PrintCutInfo] ljj	|<	1590
[CutInfo::PrintCutInfo] ljj	|>	1025
CF	0.0351019 +- 0.0117959
Fake	0.00466326 +- 0.00534615
Prompt	0.177411 +- 0.0954182
=> total bkg = 0.217176
Signal	Yield	Efficiency	Efficiency@Presel	Punzi
HNElEl_1300	0.0105281	0.209947	5.73737e-07	1.25149e-07
=====================================================================


!!!!!!!!!!!!!!!!!
!!!! UPDATED !!!!
!!!!!!!!!!!!!!!!!

[CutInfo::PrintCutInfo] leadingLepton_Pt	>	140
[CutInfo::PrintCutInfo] ljj	|<	1590
[CutInfo::PrintCutInfo] ljj	|>	1030
CF	0.0351019 +- 0.0117959
Fake	0.00466326 +- 0.00534615
Prompt	0.177411 +- 0.0954182
=> total bkg = 0.217176
Signal	Yield	Efficiency	Efficiency@Presel	Punzi
HNElEl_1300	0.0105303	0.209877	5.73857e-07	1.25175e-07
=====================================================================

####################################################
TIME STAMP : [2018/1/16 21:5:9] 400 / 3721 (10.7498 %)
####################################################
[CutInfo::PrintCutInfo] leadingLepton_Pt	>	140
[CutInfo::PrintCutInfo] ljj	|<	1590
[CutInfo::PrintCutInfo] ljj	|>	1030

!!!!!!!!!!!!!!!!!
!!!! UPDATED !!!!
!!!!!!!!!!!!!!!!!

[CutInfo::PrintCutInfo] leadingLepton_Pt	>	140
[CutInfo::PrintCutInfo] ljj	|<	1600
[CutInfo::PrintCutInfo] ljj	|>	1035
CF	0.0351019 +- 0.0117959
Fake	0.00915075 +- 0.00736872
Prompt	0.0910725 +- 0.0401356
=> total bkg = 0.135325
Signal	Yield	Efficiency	Efficiency@Presel	Punzi
HNElEl_1300	0.0105458	0.210211	5.74703e-07	1.35016e-07
=====================================================================


!!!!!!!!!!!!!!!!!
!!!! UPDATED !!!!
!!!!!!!!!!!!!!!!!

[CutInfo::PrintCutInfo] leadingLepton_Pt	>	140
[CutInfo::PrintCutInfo] ljj	|<	1590
[CutInfo::PrintCutInfo] ljj	|>	1035
CF	0.0351019 +- 0.0117959
Fake	0.00466326 +- 0.00534615
Prompt	0.0910725 +- 0.0401356
=> total bkg = 0.130838
Signal	Yield	Efficiency	Efficiency@Presel	Punzi
HNElEl_1300	0.0105283	0.209842	5.73749e-07	1.35399e-07
=====================================================================


!!!!!!!!!!!!!!!!!
!!!! UPDATED !!!!
!!!!!!!!!!!!!!!!!

[CutInfo::PrintCutInfo] leadingLepton_Pt	>	140
[CutInfo::PrintCutInfo] ljj	|<	1600
[CutInfo::PrintCutInfo] ljj	|>	1040
CF	0.0344612 +- 0.0117299
Fake	0.00915075 +- 0.00736872
Prompt	0.0868991 +- 0.0396952
=> total bkg = 0.130511
Signal	Yield	Efficiency	Efficiency@Presel	Punzi
HNElEl_1300	0.0105411	0.210105	5.74448e-07	1.3561e-07
=====================================================================


!!!!!!!!!!!!!!!!!
!!!! UPDATED !!!!
!!!!!!!!!!!!!!!!!

[CutInfo::PrintCutInfo] leadingLepton_Pt	>	140
[CutInfo::PrintCutInfo] ljj	|<	1590
[CutInfo::PrintCutInfo] ljj	|>	1040
CF	0.0344612 +- 0.0117299
Fake	0.00466326 +- 0.00534615
Prompt	0.0868991 +- 0.0396952
=> total bkg = 0.126024
Signal	Yield	Efficiency	Efficiency@Presel	Punzi
HNElEl_1300	0.0105236	0.209737	5.73495e-07	1.3601e-07
=====================================================================

####################################################
TIME STAMP : [2018/1/16 21:5:19] 500 / 3721 (13.4372 %)
####################################################
[CutInfo::PrintCutInfo] leadingLepton_Pt	>	140
[CutInfo::PrintCutInfo] ljj	|<	1590
[CutInfo::PrintCutInfo] ljj	|>	1040
####################################################
TIME STAMP : [2018/1/16 21:5:29] 600 / 3721 (16.1247 %)
####################################################
[CutInfo::PrintCutInfo] leadingLepton_Pt	>	140
[CutInfo::PrintCutInfo] ljj	|<	1590
[CutInfo::PrintCutInfo] ljj	|>	1040

!!!!!!!!!!!!!!!!!
!!!! UPDATED !!!!
!!!!!!!!!!!!!!!!!

[CutInfo::PrintCutInfo] leadingLepton_Pt	>	140
[CutInfo::PrintCutInfo] ljj	|<	1600
[CutInfo::PrintCutInfo] ljj	|>	1050
CF	0.0339208 +- 0.011683
Fake	0.00400518 +- 0.0046614
Prompt	0.0811849 +- 0.0368915
=> total bkg = 0.119111
Signal	Yield	Efficiency	Efficiency@Presel	Punzi
HNElEl_1300	0.0105298	0.20986	5.73833e-07	1.37112e-07
=====================================================================


!!!!!!!!!!!!!!!!!
!!!! UPDATED !!!!
!!!!!!!!!!!!!!!!!

[CutInfo::PrintCutInfo] leadingLepton_Pt	>	140
[CutInfo::PrintCutInfo] ljj	|<	1590
[CutInfo::PrintCutInfo] ljj	|>	1050
CF	0.0339208 +- 0.011683
Fake	0 +- 0
Prompt	0.0811849 +- 0.0368915
=> total bkg = 0.115106
Signal	Yield	Efficiency	Efficiency@Presel	Punzi
HNElEl_1300	0.0105123	0.209491	5.7288e-07	1.37481e-07
=====================================================================


!!!!!!!!!!!!!!!!!
!!!! UPDATED !!!!
!!!!!!!!!!!!!!!!!

[CutInfo::PrintCutInfo] leadingLepton_Pt	>	140
[CutInfo::PrintCutInfo] ljj	|<	1600
[CutInfo::PrintCutInfo] ljj	|>	1055
CF	0.0304161 +- 0.0109893
Fake	0.00400518 +- 0.0046614
Prompt	0.0774085 +- 0.0351478
=> total bkg = 0.11183
Signal	Yield	Efficiency	Efficiency@Presel	Punzi
HNElEl_1300	0.0105224	0.209702	5.7343e-07	1.38129e-07
=====================================================================


!!!!!!!!!!!!!!!!!
!!!! UPDATED !!!!
!!!!!!!!!!!!!!!!!

[CutInfo::PrintCutInfo] leadingLepton_Pt	>	140
[CutInfo::PrintCutInfo] ljj	|<	1590
[CutInfo::PrintCutInfo] ljj	|>	1055
CF	0.0304161 +- 0.0109893
Fake	0 +- 0
Prompt	0.0774085 +- 0.0351478
=> total bkg = 0.107825
Signal	Yield	Efficiency	Efficiency@Presel	Punzi
HNElEl_1300	0.010505	0.209333	5.72477e-07	1.38525e-07
=====================================================================

####################################################
TIME STAMP : [2018/1/16 21:5:40] 700 / 3721 (18.8121 %)
####################################################
[CutInfo::PrintCutInfo] leadingLepton_Pt	>	140
[CutInfo::PrintCutInfo] ljj	|<	1590
[CutInfo::PrintCutInfo] ljj	|>	1055
####################################################
TIME STAMP : [2018/1/16 21:5:50] 800 / 3721 (21.4996 %)
####################################################
[CutInfo::PrintCutInfo] leadingLepton_Pt	>	140
[CutInfo::PrintCutInfo] ljj	|<	1590
[CutInfo::PrintCutInfo] ljj	|>	1055
####################################################
TIME STAMP : [2018/1/16 21:6:0] 900 / 3721 (24.187 %)
####################################################
[CutInfo::PrintCutInfo] leadingLepton_Pt	>	140
[CutInfo::PrintCutInfo] ljj	|<	1590
[CutInfo::PrintCutInfo] ljj	|>	1055

!!!!!!!!!!!!!!!!!
!!!! UPDATED !!!!
!!!!!!!!!!!!!!!!!

[CutInfo::PrintCutInfo] leadingLepton_Pt	>	140
[CutInfo::PrintCutInfo] ljj	|<	1600
[CutInfo::PrintCutInfo] ljj	|>	1075
CF	0.0299721 +- 0.0109532
Fake	0.00392968 +- 0.004655
Prompt	0.0704805 +- 0.0320079
=> total bkg = 0.104382
Signal	Yield	Efficiency	Efficiency@Presel	Punzi
HNElEl_1300	0.0104853	0.208877	5.71408e-07	1.38845e-07
=====================================================================


!!!!!!!!!!!!!!!!!
!!!! UPDATED !!!!
!!!!!!!!!!!!!!!!!

[CutInfo::PrintCutInfo] leadingLepton_Pt	>	140
[CutInfo::PrintCutInfo] ljj	|<	1590
[CutInfo::PrintCutInfo] ljj	|>	1075
CF	0.0299721 +- 0.0109532
Fake	0 +- 0
Prompt	0.0704805 +- 0.0320079
=> total bkg = 0.100453
Signal	Yield	Efficiency	Efficiency@Presel	Punzi
HNElEl_1300	0.0104678	0.208509	5.70454e-07	1.39259e-07
=====================================================================

####################################################
TIME STAMP : [2018/1/16 21:6:11] 1000 / 3721 (26.8745 %)
####################################################
[CutInfo::PrintCutInfo] leadingLepton_Pt	>	140
[CutInfo::PrintCutInfo] ljj	|<	1590
[CutInfo::PrintCutInfo] ljj	|>	1075

!!!!!!!!!!!!!!!!!
!!!! UPDATED !!!!
!!!!!!!!!!!!!!!!!

[CutInfo::PrintCutInfo] leadingLepton_Pt	>	140
[CutInfo::PrintCutInfo] ljj	|<	1600
[CutInfo::PrintCutInfo] ljj	|>	1085
CF	0.0263833 +- 0.0102339
Fake	0.00392968 +- 0.004655
Prompt	0.0662297 +- 0.0300735
=> total bkg = 0.0965427
Signal	Yield	Efficiency	Efficiency@Presel	Punzi
HNElEl_1300	0.0104625	0.208509	5.70163e-07	1.39864e-07
=====================================================================


!!!!!!!!!!!!!!!!!
!!!! UPDATED !!!!
!!!!!!!!!!!!!!!!!

[CutInfo::PrintCutInfo] leadingLepton_Pt	>	140
[CutInfo::PrintCutInfo] ljj	|<	1590
[CutInfo::PrintCutInfo] ljj	|>	1085
CF	0.0263833 +- 0.0102339
Fake	0 +- 0
Prompt	0.0662297 +- 0.0300735
=> total bkg = 0.092613
Signal	Yield	Efficiency	Efficiency@Presel	Punzi
HNElEl_1300	0.010445	0.20814	5.69209e-07	1.40313e-07
=====================================================================

####################################################
TIME STAMP : [2018/1/16 21:6:21] 1100 / 3721 (29.5619 %)
####################################################
[CutInfo::PrintCutInfo] leadingLepton_Pt	>	140
[CutInfo::PrintCutInfo] ljj	|<	1590
[CutInfo::PrintCutInfo] ljj	|>	1085
####################################################
TIME STAMP : [2018/1/16 21:6:31] 1200 / 3721 (32.2494 %)
####################################################
[CutInfo::PrintCutInfo] leadingLepton_Pt	>	140
[CutInfo::PrintCutInfo] ljj	|<	1590
[CutInfo::PrintCutInfo] ljj	|>	1085
####################################################
TIME STAMP : [2018/1/16 21:6:42] 1300 / 3721 (34.9368 %)
####################################################
[CutInfo::PrintCutInfo] leadingLepton_Pt	>	140
[CutInfo::PrintCutInfo] ljj	|<	1590
[CutInfo::PrintCutInfo] ljj	|>	1085
####################################################
TIME STAMP : [2018/1/16 21:6:52] 1400 / 3721 (37.6243 %)
####################################################
[CutInfo::PrintCutInfo] leadingLepton_Pt	>	140
[CutInfo::PrintCutInfo] ljj	|<	1590
[CutInfo::PrintCutInfo] ljj	|>	1085
####################################################
TIME STAMP : [2018/1/16 21:7:3] 1500 / 3721 (40.3117 %)
####################################################
[CutInfo::PrintCutInfo] leadingLepton_Pt	>	140
[CutInfo::PrintCutInfo] ljj	|<	1590
[CutInfo::PrintCutInfo] ljj	|>	1085
####################################################
TIME STAMP : [2018/1/16 21:7:13] 1600 / 3721 (42.9992 %)
####################################################
[CutInfo::PrintCutInfo] leadingLepton_Pt	>	140
[CutInfo::PrintCutInfo] ljj	|<	1590
[CutInfo::PrintCutInfo] ljj	|>	1085

!!!!!!!!!!!!!!!!!
!!!! UPDATED !!!!
!!!!!!!!!!!!!!!!!

[CutInfo::PrintCutInfo] leadingLepton_Pt	>	140
[CutInfo::PrintCutInfo] ljj	|<	1600
[CutInfo::PrintCutInfo] ljj	|>	1135
CF	0.0232598 +- 0.00964547
Fake	0.00408918 +- 0.00466484
Prompt	0.0544928 +- 0.0266088
=> total bkg = 0.0818417
Signal	Yield	Efficiency	Efficiency@Presel	Punzi
HNElEl_1300	0.0103297	0.206	5.62926e-07	1.40754e-07
=====================================================================


!!!!!!!!!!!!!!!!!
!!!! UPDATED !!!!
!!!!!!!!!!!!!!!!!

[CutInfo::PrintCutInfo] leadingLepton_Pt	>	140
[CutInfo::PrintCutInfo] ljj	|<	1590
[CutInfo::PrintCutInfo] ljj	|>	1135
CF	0.0232598 +- 0.00964547
Fake	0 +- 0
Prompt	0.0544928 +- 0.0266088
=> total bkg = 0.0777525
Signal	Yield	Efficiency	Efficiency@Presel	Punzi
HNElEl_1300	0.0103122	0.205632	5.61972e-07	1.4131e-07
=====================================================================

####################################################
TIME STAMP : [2018/1/16 21:7:23] 1700 / 3721 (45.6866 %)
####################################################
[CutInfo::PrintCutInfo] leadingLepton_Pt	>	140
[CutInfo::PrintCutInfo] ljj	|<	1590
[CutInfo::PrintCutInfo] ljj	|>	1135

!!!!!!!!!!!!!!!!!
!!!! UPDATED !!!!
!!!!!!!!!!!!!!!!!

[CutInfo::PrintCutInfo] leadingLepton_Pt	>	140
[CutInfo::PrintCutInfo] ljj	|<	1600
[CutInfo::PrintCutInfo] ljj	|>	1140
CF	0.0190036 +- 0.00858089
Fake	0.00408918 +- 0.00466484
Prompt	0.0544928 +- 0.0266088
=> total bkg = 0.0775856
Signal	Yield	Efficiency	Efficiency@Presel	Punzi
HNElEl_1300	0.0103195	0.20586	5.62372e-07	1.41443e-07
=====================================================================


!!!!!!!!!!!!!!!!!
!!!! UPDATED !!!!
!!!!!!!!!!!!!!!!!

[CutInfo::PrintCutInfo] leadingLepton_Pt	>	140
[CutInfo::PrintCutInfo] ljj	|<	1590
[CutInfo::PrintCutInfo] ljj	|>	1140
CF	0.0190036 +- 0.00858089
Fake	0 +- 0
Prompt	0.0544928 +- 0.0266088
=> total bkg = 0.0734964
Signal	Yield	Efficiency	Efficiency@Presel	Punzi
HNElEl_1300	0.010302	0.205491	5.61418e-07	1.42029e-07
=====================================================================

####################################################
TIME STAMP : [2018/1/16 21:7:34] 1800 / 3721 (48.3741 %)
####################################################
[CutInfo::PrintCutInfo] leadingLepton_Pt	>	140
[CutInfo::PrintCutInfo] ljj	|<	1590
[CutInfo::PrintCutInfo] ljj	|>	1140
####################################################
TIME STAMP : [2018/1/16 21:7:44] 1900 / 3721 (51.0615 %)
####################################################
[CutInfo::PrintCutInfo] leadingLepton_Pt	>	140
[CutInfo::PrintCutInfo] ljj	|<	1590
[CutInfo::PrintCutInfo] ljj	|>	1140
####################################################
TIME STAMP : [2018/1/16 21:7:55] 2000 / 3721 (53.749 %)
####################################################
[CutInfo::PrintCutInfo] leadingLepton_Pt	>	140
[CutInfo::PrintCutInfo] ljj	|<	1590
[CutInfo::PrintCutInfo] ljj	|>	1140
####################################################
TIME STAMP : [2018/1/16 21:8:5] 2100 / 3721 (56.4364 %)
####################################################
[CutInfo::PrintCutInfo] leadingLepton_Pt	>	140
[CutInfo::PrintCutInfo] ljj	|<	1590
[CutInfo::PrintCutInfo] ljj	|>	1140
####################################################
TIME STAMP : [2018/1/16 21:8:15] 2200 / 3721 (59.1239 %)
####################################################
[CutInfo::PrintCutInfo] leadingLepton_Pt	>	140
[CutInfo::PrintCutInfo] ljj	|<	1590
[CutInfo::PrintCutInfo] ljj	|>	1140
####################################################
TIME STAMP : [2018/1/16 21:8:26] 2300 / 3721 (61.8113 %)
####################################################
[CutInfo::PrintCutInfo] leadingLepton_Pt	>	140
[CutInfo::PrintCutInfo] ljj	|<	1590
[CutInfo::PrintCutInfo] ljj	|>	1140
####################################################
TIME STAMP : [2018/1/16 21:8:36] 2400 / 3721 (64.4988 %)
####################################################
[CutInfo::PrintCutInfo] leadingLepton_Pt	>	140
[CutInfo::PrintCutInfo] ljj	|<	1590
[CutInfo::PrintCutInfo] ljj	|>	1140
####################################################
TIME STAMP : [2018/1/16 21:8:46] 2500 / 3721 (67.1862 %)
####################################################
[CutInfo::PrintCutInfo] leadingLepton_Pt	>	140
[CutInfo::PrintCutInfo] ljj	|<	1590
[CutInfo::PrintCutInfo] ljj	|>	1140
####################################################
TIME STAMP : [2018/1/16 21:8:56] 2600 / 3721 (69.8737 %)
####################################################
[CutInfo::PrintCutInfo] leadingLepton_Pt	>	140
[CutInfo::PrintCutInfo] ljj	|<	1590
[CutInfo::PrintCutInfo] ljj	|>	1140
####################################################
TIME STAMP : [2018/1/16 21:9:7] 2700 / 3721 (72.5611 %)
####################################################
[CutInfo::PrintCutInfo] leadingLepton_Pt	>	140
[CutInfo::PrintCutInfo] ljj	|<	1590
[CutInfo::PrintCutInfo] ljj	|>	1140
####################################################
TIME STAMP : [2018/1/16 21:9:17] 2800 / 3721 (75.2486 %)
####################################################
[CutInfo::PrintCutInfo] leadingLepton_Pt	>	140
[CutInfo::PrintCutInfo] ljj	|<	1590
[CutInfo::PrintCutInfo] ljj	|>	1140
####################################################
TIME STAMP : [2018/1/16 21:9:27] 2900 / 3721 (77.936 %)
####################################################
[CutInfo::PrintCutInfo] leadingLepton_Pt	>	140
[CutInfo::PrintCutInfo] ljj	|<	1590
[CutInfo::PrintCutInfo] ljj	|>	1140
####################################################
TIME STAMP : [2018/1/16 21:9:37] 3000 / 3721 (80.6235 %)
####################################################
[CutInfo::PrintCutInfo] leadingLepton_Pt	>	140
[CutInfo::PrintCutInfo] ljj	|<	1590
[CutInfo::PrintCutInfo] ljj	|>	1140
####################################################
TIME STAMP : [2018/1/16 21:9:47] 3100 / 3721 (83.3109 %)
####################################################
[CutInfo::PrintCutInfo] leadingLepton_Pt	>	140
[CutInfo::PrintCutInfo] ljj	|<	1590
[CutInfo::PrintCutInfo] ljj	|>	1140
####################################################
TIME STAMP : [2018/1/16 21:9:58] 3200 / 3721 (85.9984 %)
####################################################
[CutInfo::PrintCutInfo] leadingLepton_Pt	>	140
[CutInfo::PrintCutInfo] ljj	|<	1590
[CutInfo::PrintCutInfo] ljj	|>	1140
####################################################
TIME STAMP : [2018/1/16 21:10:7] 3300 / 3721 (88.6858 %)
####################################################
[CutInfo::PrintCutInfo] leadingLepton_Pt	>	140
[CutInfo::PrintCutInfo] ljj	|<	1590
[CutInfo::PrintCutInfo] ljj	|>	1140
####################################################
TIME STAMP : [2018/1/16 21:10:17] 3400 / 3721 (91.3733 %)
####################################################
[CutInfo::PrintCutInfo] leadingLepton_Pt	>	140
[CutInfo::PrintCutInfo] ljj	|<	1590
[CutInfo::PrintCutInfo] ljj	|>	1140
####################################################
TIME STAMP : [2018/1/16 21:10:26] 3500 / 3721 (94.0607 %)
####################################################
[CutInfo::PrintCutInfo] leadingLepton_Pt	>	140
[CutInfo::PrintCutInfo] ljj	|<	1590
[CutInfo::PrintCutInfo] ljj	|>	1140
####################################################
TIME STAMP : [2018/1/16 21:10:36] 3600 / 3721 (96.7482 %)
####################################################
[CutInfo::PrintCutInfo] leadingLepton_Pt	>	140
[CutInfo::PrintCutInfo] ljj	|<	1590
[CutInfo::PrintCutInfo] ljj	|>	1140
####################################################
TIME STAMP : [2018/1/16 21:10:45] 3700 / 3721 (99.4356 %)
####################################################
[CutInfo::PrintCutInfo] leadingLepton_Pt	>	140
[CutInfo::PrintCutInfo] ljj	|<	1590
[CutInfo::PrintCutInfo] ljj	|>	1140

##################
#### FINISHED ####
##################

[CutInfo::PrintCutInfo] leadingLepton_Pt	>	140
[CutInfo::PrintCutInfo] ljj	|<	1590
[CutInfo::PrintCutInfo] ljj	|>	1140
CF	0.0190036 +- 0.00858089
Fake	0 +- 0
Prompt	0.0544928 +- 0.0266088
=> total bkg = 0.0734964
Signal	Yield	Efficiency	Efficiency@Presel	Punzi
HNElEl_1300	0.010302	0.205491	5.61418e-07	1.42029e-07
