
Processing CyclesForMixingLimit_MuEl_Bin1/HNMuEl_1500_VBFOnly.C...
[AnalysisInputs::SetMCSF] Get MC SF from /data8/Users/jskim/HN_dilepton_plotter/data/v8-0-7.37_Unblind/MCSF.txt
[AnalysisInputs::SetMCSF] sample : VVV
[AnalysisInputs::SetMCSF] => MCSF = 1, MCSF_err = 0.5
[AnalysisInputs::SetMCSF] sample : WWW
[AnalysisInputs::SetMCSF] => MCSF = 1, MCSF_err = 0.5
[AnalysisInputs::SetMCSF] sample : WWZ
[AnalysisInputs::SetMCSF] => MCSF = 1, MCSF_err = 0.5
[AnalysisInputs::SetMCSF] sample : WZZ
[AnalysisInputs::SetMCSF] => MCSF = 1, MCSF_err = 0.5
[AnalysisInputs::SetMCSF] sample : ZZZ
[AnalysisInputs::SetMCSF] => MCSF = 1, MCSF_err = 0.5
[AnalysisInputs::SetMCSF] sample : ttV
[AnalysisInputs::SetMCSF] => MCSF = 1, MCSF_err = 0.5
[AnalysisInputs::SetMCSF] sample : ttW
[AnalysisInputs::SetMCSF] => MCSF = 1, MCSF_err = 0.5
[AnalysisInputs::SetMCSF] sample : ttZ
[AnalysisInputs::SetMCSF] => MCSF = 1, MCSF_err = 0.5
[AnalysisInputs::SetMCSF] sample : ttH_nonbb
[AnalysisInputs::SetMCSF] => MCSF = 1, MCSF_err = 0.5
[AnalysisInputs::SetMCSF] sample : top
[AnalysisInputs::SetMCSF] => MCSF = 1, MCSF_err = 0.5
[AnalysisInputs::SetMCSF] sample : WWTo2L2Nu_DS
[AnalysisInputs::SetMCSF] => MCSF = 1, MCSF_err = 0.5
[AnalysisInputs::SetMCSF] sample : WpWpEWK
[AnalysisInputs::SetMCSF] => MCSF = 1.3062, MCSF_err = 0.5
[AnalysisInputs::SetMCSF] sample : WpWpQCD
[AnalysisInputs::SetMCSF] => MCSF = 1.70026, MCSF_err = 0.5
[AnalysisInputs::SetMCSF] sample : WZTo3LNu_mllmin01
[AnalysisInputs::SetMCSF] => MCSF = 0.65, MCSF_err = 0.06
[AnalysisInputs::SetMCSF] sample : WZTo3LNu_powheg
[AnalysisInputs::SetMCSF] => MCSF = 1.05044, MCSF_err = 0.0648798
[AnalysisInputs::SetMCSF] sample : ZGto2LG
[AnalysisInputs::SetMCSF] => MCSF = 1.09954, MCSF_err = 0.076377
[AnalysisInputs::SetMCSF] sample : WGtoLNuG
[AnalysisInputs::SetMCSF] => MCSF = 1, MCSF_err = 0.076377
[AnalysisInputs::SetMCSF] sample : WGtoLNuG_weighted
[AnalysisInputs::SetMCSF] => MCSF = 1, MCSF_err = 0.076377
[AnalysisInputs::SetMCSF] sample : ZZTo4L_powheg
[AnalysisInputs::SetMCSF] => MCSF = 0.978852, MCSF_err = 0.0792882
[AnalysisInputs::SetMCSF] sample : ggZZto2e2mu
[AnalysisInputs::SetMCSF] => MCSF = 0.978852, MCSF_err = 0.0792882
[AnalysisInputs::SetMCSF] sample : ggZZto2e2nu
[AnalysisInputs::SetMCSF] => MCSF = 0.978852, MCSF_err = 0.0792882
[AnalysisInputs::SetMCSF] sample : ggZZto2e2tau
[AnalysisInputs::SetMCSF] => MCSF = 0.978852, MCSF_err = 0.0792882
[AnalysisInputs::SetMCSF] sample : ggZZto2mu2nu
[AnalysisInputs::SetMCSF] => MCSF = 0.978852, MCSF_err = 0.0792882
[AnalysisInputs::SetMCSF] sample : ggZZto2mu2tau
[AnalysisInputs::SetMCSF] => MCSF = 0.978852, MCSF_err = 0.0792882
[AnalysisInputs::SetMCSF] sample : ggZZto4e
[AnalysisInputs::SetMCSF] => MCSF = 0.978852, MCSF_err = 0.0792882
[AnalysisInputs::SetMCSF] sample : ggZZto4mu
[AnalysisInputs::SetMCSF] => MCSF = 0.978852, MCSF_err = 0.0792882
[AnalysisInputs::SetMCSF] sample : ggZZto4tau
[AnalysisInputs::SetMCSF] => MCSF = 0.978852, MCSF_err = 0.0792882
[AnalysisInputs::SetMCSF] sample : ggHtoZZ
[AnalysisInputs::SetMCSF] => MCSF = 0.978852, MCSF_err = 0.0792882
[AnalysisInputs::SetCalculatedSysts] Get Systematics from /data8/Users/jskim/HN_dilepton_plotter/data/v8-0-7.37_Unblind/Syst.txt
[AnalysisInputs::SetCalculatedSysts] source : Luminosity
[AnalysisInputs::SetCalculatedSysts] => % sysematic = 0.025
[AnalysisInputs::SetCalculatedSysts] source : FakeLooseID
[AnalysisInputs::SetCalculatedSysts] => % sysematic = 0.3
[AnalysisInputs::SetCalculatedSysts] source : ChrageFlipSyst
[AnalysisInputs::SetCalculatedSysts] => % sysematic = 0.16
[CutRangeInfo::ReadCutCard] Get Cutcard from /data8/Users/jskim/HN_dilepton_plotter/data/v8-0-7.37_Unblind/CutOpCard/RunDirectory/Cards_MuEl_Bin1/HNMuEl_1500.txt
Central	0.782316	0.0157537	0
_MuonEn_up	0.839421	0.0157537	0
_MuonEn_down	0.762935	0.0157537	0
_MuonIDSF_up	0.806097	0.0157537	0
_MuonIDSF_down	0.768373	0.0157537	0
_ElectronEn_up	0.794693	0.0157537	0
_ElectronEn_down	0.778886	0.0157537	0
_ElectronIDSF_up	0.814833	0.0157537	0
_ElectronIDSF_down	0.7625	0.0157537	0
_TriggerSF_up	0.786887	0.0157537	0
_TriggerSF_down	0.791652	0.0157537	0
_PU_up	0.727168	0.0157537	0
_PU_down	0.814124	0.0157537	0
_JetEn_up	0.863475	0.0157537	0
_JetEn_down	1.35205	0.0157537	0
_JetRes_up	0.784542	0.0157537	0
_JetRes_down	0.775976	0.0157537	0
_Unclustered_up	0.777543	0.0157537	0
_Unclustered_down	0.795121	0.0157537	0
_BTagSFEff_up	0.781927	0.0157537	0
_BTagSFEff_down	0.788667	0.0157537	0
_BTagSFMiss_up	0.782232	0.0157537	0
_BTagSFMiss_down	0.788667	0.0157537	0
_JetMass_up	0.788667	0.0157537	0
_JetMass_down	0.788667	0.0157537	0
_JetMassRes_up	0.791801	0.0157537	0
_JetMassRes_down	0.791619	0.0157537	0
_Tau21_up	0.788667	0.0157537	0
_Tau21_down	0.788905	0.0157537	0

################ Sources ################
Source	SystTotal	SystPrompt	SystFake	Signal
Stat 65.35 61.08  1326.94  -nan  8.64
Lumi 2.45  2.50 -  -  2.50
PDF  -  -  -  -  2.52
MuonPt  5.34 5.45  -  -  3.27
MuonID  2.44 2.49  -  -  2.51
ElectronE  1.14 1.16  -  -  1.41
ElectronID  3.37 3.44  -  -  2.97
Trigger  0.92 0.94  -  -  0.52
PU  5.64 5.75  -  -  1.68
JES  50.99 52.02  -  -  4.02
JER  0.60 0.61  -  -  1.28
Uncl  1.21 1.24  -  -  0.94
BEff  0.56 0.58  -  -  0.48
BMiss  0.56 0.57  -  -  1.19
JMS  0.80 0.81  -  -  0.64
JMR  1.18 1.20  -  -  0.98
Tau21  0.81 0.83  -  -  1.11
MCNorm 19.64  20.04 -  -  -
Fake 0.59  -  30.00 - -
CF 0.00  -  -  -nan -
Total Systematic 55.47 56.58  30.00  -nan  8.15

Total Background	0.798
- Prompt	0.782
- Fake	0.016
- CF	0.000
- Obs	1.000

####### Result #######
Signal Eff	0.007384
0.798070 1.857177
0.001235 1.118805
