
Processing CyclesForMixingLimit_MuEl_Bin1/HNMuEl_1000.C...
[AnalysisInputs::SetMCSF] Get MC SF from /data8/Users/jskim/HN_dilepton_plotter/data/v8-0-7.37_Unblind/MCSF.txt
[AnalysisInputs::SetMCSF] sample : VVV
[AnalysisInputs::SetMCSF] => MCSF = 1, MCSF_err = 0.5
[AnalysisInputs::SetMCSF] sample : WWW
[AnalysisInputs::SetMCSF] => MCSF = 1, MCSF_err = 0.5
[AnalysisInputs::SetMCSF] sample : WWZ
[AnalysisInputs::SetMCSF] => MCSF = 1, MCSF_err = 0.5
[AnalysisInputs::SetMCSF] sample : WZZ
[AnalysisInputs::SetMCSF] => MCSF = 1, MCSF_err = 0.5
[AnalysisInputs::SetMCSF] sample : ZZZ
[AnalysisInputs::SetMCSF] => MCSF = 1, MCSF_err = 0.5
[AnalysisInputs::SetMCSF] sample : ttV
[AnalysisInputs::SetMCSF] => MCSF = 1, MCSF_err = 0.5
[AnalysisInputs::SetMCSF] sample : ttW
[AnalysisInputs::SetMCSF] => MCSF = 1, MCSF_err = 0.5
[AnalysisInputs::SetMCSF] sample : ttZ
[AnalysisInputs::SetMCSF] => MCSF = 1, MCSF_err = 0.5
[AnalysisInputs::SetMCSF] sample : ttH_nonbb
[AnalysisInputs::SetMCSF] => MCSF = 1, MCSF_err = 0.5
[AnalysisInputs::SetMCSF] sample : top
[AnalysisInputs::SetMCSF] => MCSF = 1, MCSF_err = 0.5
[AnalysisInputs::SetMCSF] sample : WWTo2L2Nu_DS
[AnalysisInputs::SetMCSF] => MCSF = 1, MCSF_err = 0.5
[AnalysisInputs::SetMCSF] sample : WpWpEWK
[AnalysisInputs::SetMCSF] => MCSF = 1.3062, MCSF_err = 0.5
[AnalysisInputs::SetMCSF] sample : WpWpQCD
[AnalysisInputs::SetMCSF] => MCSF = 1.70026, MCSF_err = 0.5
[AnalysisInputs::SetMCSF] sample : WZTo3LNu_mllmin01
[AnalysisInputs::SetMCSF] => MCSF = 0.65, MCSF_err = 0.06
[AnalysisInputs::SetMCSF] sample : WZTo3LNu_powheg
[AnalysisInputs::SetMCSF] => MCSF = 1.05044, MCSF_err = 0.0648798
[AnalysisInputs::SetMCSF] sample : ZGto2LG
[AnalysisInputs::SetMCSF] => MCSF = 1.09954, MCSF_err = 0.076377
[AnalysisInputs::SetMCSF] sample : WGtoLNuG
[AnalysisInputs::SetMCSF] => MCSF = 1, MCSF_err = 0.076377
[AnalysisInputs::SetMCSF] sample : WGtoLNuG_weighted
[AnalysisInputs::SetMCSF] => MCSF = 1, MCSF_err = 0.076377
[AnalysisInputs::SetMCSF] sample : ZZTo4L_powheg
[AnalysisInputs::SetMCSF] => MCSF = 0.978852, MCSF_err = 0.0792882
[AnalysisInputs::SetMCSF] sample : ggZZto2e2mu
[AnalysisInputs::SetMCSF] => MCSF = 0.978852, MCSF_err = 0.0792882
[AnalysisInputs::SetMCSF] sample : ggZZto2e2nu
[AnalysisInputs::SetMCSF] => MCSF = 0.978852, MCSF_err = 0.0792882
[AnalysisInputs::SetMCSF] sample : ggZZto2e2tau
[AnalysisInputs::SetMCSF] => MCSF = 0.978852, MCSF_err = 0.0792882
[AnalysisInputs::SetMCSF] sample : ggZZto2mu2nu
[AnalysisInputs::SetMCSF] => MCSF = 0.978852, MCSF_err = 0.0792882
[AnalysisInputs::SetMCSF] sample : ggZZto2mu2tau
[AnalysisInputs::SetMCSF] => MCSF = 0.978852, MCSF_err = 0.0792882
[AnalysisInputs::SetMCSF] sample : ggZZto4e
[AnalysisInputs::SetMCSF] => MCSF = 0.978852, MCSF_err = 0.0792882
[AnalysisInputs::SetMCSF] sample : ggZZto4mu
[AnalysisInputs::SetMCSF] => MCSF = 0.978852, MCSF_err = 0.0792882
[AnalysisInputs::SetMCSF] sample : ggZZto4tau
[AnalysisInputs::SetMCSF] => MCSF = 0.978852, MCSF_err = 0.0792882
[AnalysisInputs::SetMCSF] sample : ggHtoZZ
[AnalysisInputs::SetMCSF] => MCSF = 0.978852, MCSF_err = 0.0792882
[AnalysisInputs::SetCalculatedSysts] Get Systematics from /data8/Users/jskim/HN_dilepton_plotter/data/v8-0-7.37_Unblind/Syst.txt
[AnalysisInputs::SetCalculatedSysts] source : Luminosity
[AnalysisInputs::SetCalculatedSysts] => % sysematic = 0.025
[AnalysisInputs::SetCalculatedSysts] source : FakeLooseID
[AnalysisInputs::SetCalculatedSysts] => % sysematic = 0.3
[AnalysisInputs::SetCalculatedSysts] source : ChrageFlipSyst
[AnalysisInputs::SetCalculatedSysts] => % sysematic = 0.16
[CutRangeInfo::ReadCutCard] Get Cutcard from /data8/Users/jskim/HN_dilepton_plotter/data/v8-0-7.37_Unblind/CutOpCard/RunDirectory/Cards_MuEl_Bin1/HNMuEl_1000.txt
Central	0.917465	0.116057	0
_MuonEn_up	0.972075	0.116057	0
_MuonEn_down	0.892075	0.116057	0
_MuonIDSF_up	0.943685	0.116057	0
_MuonIDSF_down	0.901083	0.116057	0
_ElectronEn_up	0.928312	0.116057	0
_ElectronEn_down	0.914486	0.116057	0
_ElectronIDSF_up	0.95455	0.116057	0
_ElectronIDSF_down	0.895249	0.116057	0
_TriggerSF_up	0.920984	0.116057	0
_TriggerSF_down	0.926801	0.116057	0
_PU_up	0.860501	0.116057	0
_PU_down	0.951157	0.116057	0
_JetEn_up	1.21348	0.116057	0
_JetEn_down	1.49381	0.116057	0
_JetRes_up	0.950457	0.116057	0
_JetRes_down	0.898496	0.116057	0
_Unclustered_up	0.925554	0.116057	0
_Unclustered_down	0.93566	0.116057	0
_BTagSFEff_up	0.917077	0.116057	0
_BTagSFEff_down	0.915945	0.116057	0
_BTagSFMiss_up	0.917381	0.116057	0
_BTagSFMiss_down	0.923816	0.116057	0
_JetMass_up	0.923816	0.116057	0
_JetMass_down	0.923816	0.116057	0
_JetMassRes_up	0.92695	0.116057	0
_JetMassRes_down	0.926768	0.116057	0
_Tau21_up	0.923685	0.116057	0
_Tau21_down	0.917695	0.116057	0

################ Sources ################
Source	SystTotal	SystPrompt	SystFake	Signal
Stat 51.02 52.14  191.12  -nan  1.91
Lumi 2.22  2.50 -  -  2.50
PDF  -  -  -  -  2.52
MuonPt  4.12 4.64  -  -  1.84
MuonID  2.12 2.38  -  -  1.73
ElectronE  0.77 0.87  -  -  0.22
ElectronID  2.96 3.33  -  -  1.99
Trigger  0.68 0.77  -  -  0.41
PU  4.53 5.10  -  -  0.78
JES  44.33 49.94  -  -  1.73
JER  2.60 2.93  -  -  0.53
Uncl  1.36 1.53  -  -  0.62
BEff  0.11 0.12  -  -  0.40
BMiss  0.43 0.49  -  -  0.56
JMS  0.61 0.69  -  -  0.35
JMR  0.91 1.02  -  -  0.34
Tau21  0.43 0.48  -  -  0.30
MCNorm 22.84  25.73 -  -  -
Fake 3.37  -  30.00 - -
CF 0.00  -  -  -nan -
Total Systematic 50.64 56.92  30.00  -nan  5.31

Total Background	1.034
- Prompt	0.917
- Fake	0.116
- CF	0.000
- Obs	2.000

####### Result #######
Signal Eff	0.033585
1.033522 1.718855
0.005677 1.056434
