
Processing CyclesForMixingLimit_MuEl_Bin1/HNMuEl_400.C...
[AnalysisInputs::SetMCSF] Get MC SF from /data8/Users/jskim/HN_dilepton_plotter/data/v8-0-7.37_PreApproval/MCSF.txt
[AnalysisInputs::SetMCSF] sample : VVV
[AnalysisInputs::SetMCSF] => MCSF = 1, MCSF_err = 0.5
[AnalysisInputs::SetMCSF] sample : WWW
[AnalysisInputs::SetMCSF] => MCSF = 1, MCSF_err = 0.5
[AnalysisInputs::SetMCSF] sample : WWZ
[AnalysisInputs::SetMCSF] => MCSF = 1, MCSF_err = 0.5
[AnalysisInputs::SetMCSF] sample : WZZ
[AnalysisInputs::SetMCSF] => MCSF = 1, MCSF_err = 0.5
[AnalysisInputs::SetMCSF] sample : ZZZ
[AnalysisInputs::SetMCSF] => MCSF = 1, MCSF_err = 0.5
[AnalysisInputs::SetMCSF] sample : ttV
[AnalysisInputs::SetMCSF] => MCSF = 1, MCSF_err = 0.5
[AnalysisInputs::SetMCSF] sample : ttW
[AnalysisInputs::SetMCSF] => MCSF = 1, MCSF_err = 0.5
[AnalysisInputs::SetMCSF] sample : ttZ
[AnalysisInputs::SetMCSF] => MCSF = 1, MCSF_err = 0.5
[AnalysisInputs::SetMCSF] sample : ttH_nonbb
[AnalysisInputs::SetMCSF] => MCSF = 1, MCSF_err = 0.5
[AnalysisInputs::SetMCSF] sample : top
[AnalysisInputs::SetMCSF] => MCSF = 1, MCSF_err = 0.5
[AnalysisInputs::SetMCSF] sample : WWTo2L2Nu_DS
[AnalysisInputs::SetMCSF] => MCSF = 1, MCSF_err = 0.5
[AnalysisInputs::SetMCSF] sample : WpWpEWK
[AnalysisInputs::SetMCSF] => MCSF = 1, MCSF_err = 0.5
[AnalysisInputs::SetMCSF] sample : WpWpQCD
[AnalysisInputs::SetMCSF] => MCSF = 1, MCSF_err = 0.5
[AnalysisInputs::SetMCSF] sample : WZTo3LNu_mllmin01
[AnalysisInputs::SetMCSF] => MCSF = 0.65, MCSF_err = 0.06
[AnalysisInputs::SetMCSF] sample : WZTo3LNu_powheg
[AnalysisInputs::SetMCSF] => MCSF = 1.05044, MCSF_err = 0.0648798
[AnalysisInputs::SetMCSF] sample : ZGto2LG
[AnalysisInputs::SetMCSF] => MCSF = 1.09954, MCSF_err = 0.076377
[AnalysisInputs::SetMCSF] sample : WGtoLNuG
[AnalysisInputs::SetMCSF] => MCSF = 1, MCSF_err = 0.076377
[AnalysisInputs::SetMCSF] sample : WGtoLNuG_weighted
[AnalysisInputs::SetMCSF] => MCSF = 1, MCSF_err = 0.076377
[AnalysisInputs::SetMCSF] sample : ZZTo4L_powheg
[AnalysisInputs::SetMCSF] => MCSF = 0.978852, MCSF_err = 0.0792882
[AnalysisInputs::SetMCSF] sample : ggZZto2e2mu
[AnalysisInputs::SetMCSF] => MCSF = 0.978852, MCSF_err = 0.0792882
[AnalysisInputs::SetMCSF] sample : ggZZto2e2nu
[AnalysisInputs::SetMCSF] => MCSF = 0.978852, MCSF_err = 0.0792882
[AnalysisInputs::SetMCSF] sample : ggZZto2e2tau
[AnalysisInputs::SetMCSF] => MCSF = 0.978852, MCSF_err = 0.0792882
[AnalysisInputs::SetMCSF] sample : ggZZto2mu2nu
[AnalysisInputs::SetMCSF] => MCSF = 0.978852, MCSF_err = 0.0792882
[AnalysisInputs::SetMCSF] sample : ggZZto2mu2tau
[AnalysisInputs::SetMCSF] => MCSF = 0.978852, MCSF_err = 0.0792882
[AnalysisInputs::SetMCSF] sample : ggZZto4e
[AnalysisInputs::SetMCSF] => MCSF = 0.978852, MCSF_err = 0.0792882
[AnalysisInputs::SetMCSF] sample : ggZZto4mu
[AnalysisInputs::SetMCSF] => MCSF = 0.978852, MCSF_err = 0.0792882
[AnalysisInputs::SetMCSF] sample : ggZZto4tau
[AnalysisInputs::SetMCSF] => MCSF = 0.978852, MCSF_err = 0.0792882
[AnalysisInputs::SetMCSF] sample : ggHtoZZ
[AnalysisInputs::SetMCSF] => MCSF = 0.978852, MCSF_err = 0.0792882
[AnalysisInputs::SetCalculatedSysts] Get Systematics from /data8/Users/jskim/HN_dilepton_plotter/data/v8-0-7.37_PreApproval/Syst.txt
[AnalysisInputs::SetCalculatedSysts] source : Luminosity
[AnalysisInputs::SetCalculatedSysts] => % sysematic = 0.025
[AnalysisInputs::SetCalculatedSysts] source : FakeLooseID
[AnalysisInputs::SetCalculatedSysts] => % sysematic = 0.3
[AnalysisInputs::SetCalculatedSysts] source : ChrageFlipSyst
[AnalysisInputs::SetCalculatedSysts] => % sysematic = 0.16
[CutRangeInfo::ReadCutCard] Get Cutcard from /data8/Users/jskim/HN_dilepton_plotter/data/v8-0-7.37_PreApproval/CutOpCard/RunDirectory/Cards_MuEl_Bin1/HNMuEl_400.txt
Central	1.84588	0.0909369	0
_MuonEn_up	2.13248	0.0909369	0
_MuonEn_down	1.75254	0.0909369	0
_MuonIDSF_up	1.87992	0.0909369	0
_MuonIDSF_down	1.81066	0.0909369	0
_ElectronEn_up	2.01804	0.0909369	0
_ElectronEn_down	1.84266	0.0909369	0
_ElectronIDSF_up	1.87941	0.0909369	0
_ElectronIDSF_down	1.8127	0.0909369	0
_TriggerSF_up	1.85202	0.0909369	0
_TriggerSF_down	1.84763	0.0909369	0
_PU_up	1.81826	0.0909369	0
_PU_down	1.85617	0.0909369	0
_JetEn_up	1.63976	0.0909369	0
_JetEn_down	1.4837	0.0909369	0
_JetRes_up	1.84812	0.0909369	0
_JetRes_down	1.98426	0.0909369	0
_Unclustered_up	1.74438	0.0909369	0
_Unclustered_down	1.85176	0.0909369	0
_BTagSFEff_up	1.83577	0.0909369	0
_BTagSFEff_down	1.84844	0.0909369	0
_BTagSFMiss_up	1.84866	0.0909369	0
_BTagSFMiss_down	1.8502	0.0909369	0
_JetMass_up	1.8463	0.0909369	0
_JetMass_down	1.84893	0.0909369	0
_JetMassRes_up	1.85226	0.0909369	0
_JetMassRes_down	1.8569	0.0909369	0
_Tau21_up	1.84994	0.0909369	0
_Tau21_down	1.8449	0.0909369	0

################ Sources ################
Source	SystTotal	SystPrompt	SystFake	Signal
Stat 40.19 41.57  144.05  -nan  1.25
Lumi 2.38  2.50 -  -  2.50
PDF  -  -  -  -  2.52
MuonPt  11.00 11.55  -  -  3.00
MuonID  1.79 1.88  -  -  1.84
ElectronE  6.29 6.60  -  -  0.67
ElectronID  1.72 1.81  -  -  2.01
Trigger  0.23 0.24  -  -  0.14
PU  1.08 1.13  -  -  1.35
JES  15.21 15.96  -  -  0.55
JER  5.05 5.30  -  -  1.16
Uncl  3.71 3.89  -  -  0.82
BEff  0.38 0.40  -  -  0.27
BMiss  0.19 0.20  -  -  0.40
JMS  0.11 0.12  -  -  0.13
JMR  0.46 0.49  -  -  0.02
Tau21  0.15 0.16  -  -  0.19
MCNorm 15.14  15.88 -  -  -
Fake 1.41  -  30.00 - -
CF 0.00  -  -  -nan -
Total Systematic 26.00 27.24  30.00  -nan  5.83

Total Background	1.937
- Prompt	1.846
- Fake	0.091
- CF	0.000

####### Result #######
Signal Eff	0.071425
1.936817 1.478660
0.590521 1.059591
