
Processing CyclesForMixingLimit_MuEl_Bin1/HNMuEl_250.C...
[AnalysisInputs::SetMCSF] Get MC SF from /data8/Users/jskim/HN_dilepton_plotter/data/v8-0-7.37_Unblind/MCSF.txt
[AnalysisInputs::SetMCSF] sample : VVV
[AnalysisInputs::SetMCSF] => MCSF = 1, MCSF_err = 0.5
[AnalysisInputs::SetMCSF] sample : WWW
[AnalysisInputs::SetMCSF] => MCSF = 1, MCSF_err = 0.5
[AnalysisInputs::SetMCSF] sample : WWZ
[AnalysisInputs::SetMCSF] => MCSF = 1, MCSF_err = 0.5
[AnalysisInputs::SetMCSF] sample : WZZ
[AnalysisInputs::SetMCSF] => MCSF = 1, MCSF_err = 0.5
[AnalysisInputs::SetMCSF] sample : ZZZ
[AnalysisInputs::SetMCSF] => MCSF = 1, MCSF_err = 0.5
[AnalysisInputs::SetMCSF] sample : ttV
[AnalysisInputs::SetMCSF] => MCSF = 1, MCSF_err = 0.5
[AnalysisInputs::SetMCSF] sample : ttW
[AnalysisInputs::SetMCSF] => MCSF = 1, MCSF_err = 0.5
[AnalysisInputs::SetMCSF] sample : ttZ
[AnalysisInputs::SetMCSF] => MCSF = 1, MCSF_err = 0.5
[AnalysisInputs::SetMCSF] sample : ttH_nonbb
[AnalysisInputs::SetMCSF] => MCSF = 1, MCSF_err = 0.5
[AnalysisInputs::SetMCSF] sample : top
[AnalysisInputs::SetMCSF] => MCSF = 1, MCSF_err = 0.5
[AnalysisInputs::SetMCSF] sample : WWTo2L2Nu_DS
[AnalysisInputs::SetMCSF] => MCSF = 1, MCSF_err = 0.5
[AnalysisInputs::SetMCSF] sample : WpWpEWK
[AnalysisInputs::SetMCSF] => MCSF = 1.3062, MCSF_err = 0.5
[AnalysisInputs::SetMCSF] sample : WpWpQCD
[AnalysisInputs::SetMCSF] => MCSF = 1.70026, MCSF_err = 0.5
[AnalysisInputs::SetMCSF] sample : WZTo3LNu_mllmin01
[AnalysisInputs::SetMCSF] => MCSF = 0.65, MCSF_err = 0.06
[AnalysisInputs::SetMCSF] sample : WZTo3LNu_powheg
[AnalysisInputs::SetMCSF] => MCSF = 1.05044, MCSF_err = 0.0648798
[AnalysisInputs::SetMCSF] sample : ZGto2LG
[AnalysisInputs::SetMCSF] => MCSF = 1.09954, MCSF_err = 0.076377
[AnalysisInputs::SetMCSF] sample : WGtoLNuG
[AnalysisInputs::SetMCSF] => MCSF = 1, MCSF_err = 0.076377
[AnalysisInputs::SetMCSF] sample : WGtoLNuG_weighted
[AnalysisInputs::SetMCSF] => MCSF = 1, MCSF_err = 0.076377
[AnalysisInputs::SetMCSF] sample : ZZTo4L_powheg
[AnalysisInputs::SetMCSF] => MCSF = 0.978852, MCSF_err = 0.0792882
[AnalysisInputs::SetMCSF] sample : ggZZto2e2mu
[AnalysisInputs::SetMCSF] => MCSF = 0.978852, MCSF_err = 0.0792882
[AnalysisInputs::SetMCSF] sample : ggZZto2e2nu
[AnalysisInputs::SetMCSF] => MCSF = 0.978852, MCSF_err = 0.0792882
[AnalysisInputs::SetMCSF] sample : ggZZto2e2tau
[AnalysisInputs::SetMCSF] => MCSF = 0.978852, MCSF_err = 0.0792882
[AnalysisInputs::SetMCSF] sample : ggZZto2mu2nu
[AnalysisInputs::SetMCSF] => MCSF = 0.978852, MCSF_err = 0.0792882
[AnalysisInputs::SetMCSF] sample : ggZZto2mu2tau
[AnalysisInputs::SetMCSF] => MCSF = 0.978852, MCSF_err = 0.0792882
[AnalysisInputs::SetMCSF] sample : ggZZto4e
[AnalysisInputs::SetMCSF] => MCSF = 0.978852, MCSF_err = 0.0792882
[AnalysisInputs::SetMCSF] sample : ggZZto4mu
[AnalysisInputs::SetMCSF] => MCSF = 0.978852, MCSF_err = 0.0792882
[AnalysisInputs::SetMCSF] sample : ggZZto4tau
[AnalysisInputs::SetMCSF] => MCSF = 0.978852, MCSF_err = 0.0792882
[AnalysisInputs::SetMCSF] sample : ggHtoZZ
[AnalysisInputs::SetMCSF] => MCSF = 0.978852, MCSF_err = 0.0792882
[AnalysisInputs::SetCalculatedSysts] Get Systematics from /data8/Users/jskim/HN_dilepton_plotter/data/v8-0-7.37_Unblind/Syst.txt
[AnalysisInputs::SetCalculatedSysts] source : Luminosity
[AnalysisInputs::SetCalculatedSysts] => % sysematic = 0.025
[AnalysisInputs::SetCalculatedSysts] source : FakeLooseID
[AnalysisInputs::SetCalculatedSysts] => % sysematic = 0.3
[AnalysisInputs::SetCalculatedSysts] source : ChrageFlipSyst
[AnalysisInputs::SetCalculatedSysts] => % sysematic = 0.16
[CutRangeInfo::ReadCutCard] Get Cutcard from /data8/Users/jskim/HN_dilepton_plotter/data/v8-0-7.37_Unblind/CutOpCard/RunDirectory/Cards_MuEl_Bin1/HNMuEl_250.txt
Central	9.88941	1.19974	0
_MuonEn_up	10.0764	1.19974	0
_MuonEn_down	9.50423	1.19974	0
_MuonIDSF_up	10.115	1.19974	0
_MuonIDSF_down	9.62935	1.19974	0
_ElectronEn_up	9.91035	1.19974	0
_ElectronEn_down	9.77019	1.19974	0
_ElectronIDSF_up	9.99892	1.19974	0
_ElectronIDSF_down	9.34439	1.19974	0
_TriggerSF_up	9.88016	1.19974	0
_TriggerSF_down	9.89974	1.19974	0
_PU_up	9.34244	1.19974	0
_PU_down	9.5763	1.19974	0
_JetEn_up	9.70623	1.19974	0
_JetEn_down	10.0215	1.19974	0
_JetRes_up	9.86575	1.19974	0
_JetRes_down	9.9731	1.19974	0
_Unclustered_up	10.2379	1.19974	0
_Unclustered_down	10.4583	1.19974	0
_BTagSFEff_up	9.85232	1.19974	0
_BTagSFEff_down	9.88508	1.19974	0
_BTagSFMiss_up	9.36853	1.19974	0
_BTagSFMiss_down	9.87495	1.19974	0
_JetMass_up	9.86469	1.19974	0
_JetMass_down	9.88682	1.19974	0
_JetMassRes_up	9.86336	1.19974	0
_JetMassRes_down	9.87504	1.19974	0
_Tau21_up	9.9784	1.19974	0
_Tau21_down	9.84976	1.19974	0

################ Sources ################
Source	SystTotal	SystPrompt	SystFake	Signal
Stat 13.43 14.32  38.51  -nan  1.11
Lumi 2.23  2.50 -  -  2.50
PDF  -  -  -  -  2.52
MuonPt  2.73 3.06  -  -  0.53
MuonID  2.20 2.46  -  -  1.79
ElectronE  0.77 0.87  -  -  0.36
ElectronID  3.54 3.97  -  -  1.50
Trigger  0.09 0.10  -  -  0.08
PU  4.02 4.51  -  -  1.80
JES  1.44 1.61  -  -  1.01
JER  0.55 0.62  -  -  1.35
Uncl  4.25 4.77  -  -  1.23
BEff  0.24 0.27  -  -  0.29
BMiss  3.32 3.73  -  -  0.43
JMS  0.16 0.18  -  -  0.03
JMR  0.19 0.21  -  -  0.07
Tau21  0.62 0.70  -  -  0.07
MCNorm 14.03  15.73 -  -  -
Fake 3.25  -  30.00 - -
CF 0.00  -  -  -nan -
Total Systematic 16.91 18.61  30.00  -nan  5.13

Total Background	11.089
- Prompt	9.889
- Fake	1.200
- CF	0.000
- Obs	9.000

####### Result #######
Signal Eff	0.088250
11.089153 1.215966
4.334293 1.052489
