
Processing CyclesForMixingLimit_MuEl_Bin1/HNMuEl_60.C...
[AnalysisInputs::SetMCSF] Get MC SF from /data8/Users/jskim/HN_dilepton_plotter/data/v8-0-7.37_PreApproval/MCSF.txt
[AnalysisInputs::SetMCSF] sample : VVV
[AnalysisInputs::SetMCSF] => MCSF = 1, MCSF_err = 0.5
[AnalysisInputs::SetMCSF] sample : WWW
[AnalysisInputs::SetMCSF] => MCSF = 1, MCSF_err = 0.5
[AnalysisInputs::SetMCSF] sample : WWZ
[AnalysisInputs::SetMCSF] => MCSF = 1, MCSF_err = 0.5
[AnalysisInputs::SetMCSF] sample : WZZ
[AnalysisInputs::SetMCSF] => MCSF = 1, MCSF_err = 0.5
[AnalysisInputs::SetMCSF] sample : ZZZ
[AnalysisInputs::SetMCSF] => MCSF = 1, MCSF_err = 0.5
[AnalysisInputs::SetMCSF] sample : ttV
[AnalysisInputs::SetMCSF] => MCSF = 1, MCSF_err = 0.5
[AnalysisInputs::SetMCSF] sample : ttW
[AnalysisInputs::SetMCSF] => MCSF = 1, MCSF_err = 0.5
[AnalysisInputs::SetMCSF] sample : ttZ
[AnalysisInputs::SetMCSF] => MCSF = 1, MCSF_err = 0.5
[AnalysisInputs::SetMCSF] sample : ttH_nonbb
[AnalysisInputs::SetMCSF] => MCSF = 1, MCSF_err = 0.5
[AnalysisInputs::SetMCSF] sample : top
[AnalysisInputs::SetMCSF] => MCSF = 1, MCSF_err = 0.5
[AnalysisInputs::SetMCSF] sample : WWTo2L2Nu_DS
[AnalysisInputs::SetMCSF] => MCSF = 1, MCSF_err = 0.5
[AnalysisInputs::SetMCSF] sample : WpWpEWK
[AnalysisInputs::SetMCSF] => MCSF = 1, MCSF_err = 0.5
[AnalysisInputs::SetMCSF] sample : WpWpQCD
[AnalysisInputs::SetMCSF] => MCSF = 1, MCSF_err = 0.5
[AnalysisInputs::SetMCSF] sample : WZTo3LNu_mllmin01
[AnalysisInputs::SetMCSF] => MCSF = 0.65, MCSF_err = 0.06
[AnalysisInputs::SetMCSF] sample : WZTo3LNu_powheg
[AnalysisInputs::SetMCSF] => MCSF = 1.05044, MCSF_err = 0.0648798
[AnalysisInputs::SetMCSF] sample : ZGto2LG
[AnalysisInputs::SetMCSF] => MCSF = 1.09954, MCSF_err = 0.076377
[AnalysisInputs::SetMCSF] sample : WGtoLNuG
[AnalysisInputs::SetMCSF] => MCSF = 1, MCSF_err = 0.076377
[AnalysisInputs::SetMCSF] sample : WGtoLNuG_weighted
[AnalysisInputs::SetMCSF] => MCSF = 1, MCSF_err = 0.076377
[AnalysisInputs::SetMCSF] sample : ZZTo4L_powheg
[AnalysisInputs::SetMCSF] => MCSF = 0.978852, MCSF_err = 0.0792882
[AnalysisInputs::SetMCSF] sample : ggZZto2e2mu
[AnalysisInputs::SetMCSF] => MCSF = 0.978852, MCSF_err = 0.0792882
[AnalysisInputs::SetMCSF] sample : ggZZto2e2nu
[AnalysisInputs::SetMCSF] => MCSF = 0.978852, MCSF_err = 0.0792882
[AnalysisInputs::SetMCSF] sample : ggZZto2e2tau
[AnalysisInputs::SetMCSF] => MCSF = 0.978852, MCSF_err = 0.0792882
[AnalysisInputs::SetMCSF] sample : ggZZto2mu2nu
[AnalysisInputs::SetMCSF] => MCSF = 0.978852, MCSF_err = 0.0792882
[AnalysisInputs::SetMCSF] sample : ggZZto2mu2tau
[AnalysisInputs::SetMCSF] => MCSF = 0.978852, MCSF_err = 0.0792882
[AnalysisInputs::SetMCSF] sample : ggZZto4e
[AnalysisInputs::SetMCSF] => MCSF = 0.978852, MCSF_err = 0.0792882
[AnalysisInputs::SetMCSF] sample : ggZZto4mu
[AnalysisInputs::SetMCSF] => MCSF = 0.978852, MCSF_err = 0.0792882
[AnalysisInputs::SetMCSF] sample : ggZZto4tau
[AnalysisInputs::SetMCSF] => MCSF = 0.978852, MCSF_err = 0.0792882
[AnalysisInputs::SetMCSF] sample : ggHtoZZ
[AnalysisInputs::SetMCSF] => MCSF = 0.978852, MCSF_err = 0.0792882
[AnalysisInputs::SetCalculatedSysts] Get Systematics from /data8/Users/jskim/HN_dilepton_plotter/data/v8-0-7.37_PreApproval/Syst.txt
[AnalysisInputs::SetCalculatedSysts] source : Luminosity
[AnalysisInputs::SetCalculatedSysts] => % sysematic = 0.025
[AnalysisInputs::SetCalculatedSysts] source : FakeLooseID
[AnalysisInputs::SetCalculatedSysts] => % sysematic = 0.3
[AnalysisInputs::SetCalculatedSysts] source : ChrageFlipSyst
[AnalysisInputs::SetCalculatedSysts] => % sysematic = 0.16
[CutRangeInfo::ReadCutCard] Get Cutcard from /data8/Users/jskim/HN_dilepton_plotter/data/v8-0-7.37_PreApproval/CutOpCard/RunDirectory/Cards_MuEl_Bin1/HNMuEl_60.txt
Central	21.1326	12.3328	0
_MuonEn_up	21.4253	12.3328	0
_MuonEn_down	21.5769	12.3328	0
_MuonIDSF_up	21.8071	12.3328	0
_MuonIDSF_down	21.7723	12.3328	0
_ElectronEn_up	21.9069	12.3328	0
_ElectronEn_down	22.1536	12.3328	0
_ElectronIDSF_up	21.7333	12.3328	0
_ElectronIDSF_down	21.3325	12.3328	0
_TriggerSF_up	22.3423	12.3328	0
_TriggerSF_down	21.4829	12.3328	0
_PU_up	21.3356	12.3328	0
_PU_down	21.7664	12.3328	0
_JetEn_up	22.6058	12.3328	0
_JetEn_down	20.9283	12.3328	0
_JetRes_up	23.1025	12.3328	0
_JetRes_down	24.0176	12.3328	0
_Unclustered_up	18.326	12.3328	0
_Unclustered_down	20.8967	12.3328	0
_BTagSFEff_up	22.0077	12.3328	0
_BTagSFEff_down	22.4133	12.3328	0
_BTagSFMiss_up	22.0366	12.3328	0
_BTagSFMiss_down	22.0603	12.3328	0
_JetMass_up	20.7379	12.3328	0
_JetMass_down	21.8874	12.3328	0
_JetMassRes_up	21.1437	12.3328	0
_JetMassRes_down	21.5719	12.3328	0
_Tau21_up	21.5752	12.3328	0
_Tau21_down	21.554	12.3328	0

################ Sources ################
Source	SystTotal	SystPrompt	SystFake	Signal
Stat 10.33 14.66  12.44  -nan  6.43
Lumi 1.58  2.50 -  -  2.50
PDF  -  -  -  -  9.88
MuonPt  1.12 1.78  -  -  0.53
MuonID  1.96 3.11  -  -  1.98
ElectronE  2.71 4.29  -  -  0.94
ElectronID  1.34 2.12  -  -  0.70
Trigger  2.66 4.21  -  -  2.98
PU  1.41 2.23  -  -  2.18
JES  3.14 4.98  -  -  6.63
JER  7.38 11.69  -  -  0.80
Uncl  5.95 9.42  -  -  3.62
BEff  3.28 5.19  -  -  0.41
BMiss  2.74 4.33  -  -  0.38
JMS  1.80 2.85  -  -  0.40
JMR  0.93 1.47  -  -  0.35
Tau21  1.29 2.04  -  -  0.88
MCNorm 6.86  10.87 -  -  -
Fake 11.06  -  30.00 - -
CF 0.00  -  -  -nan -
Total Systematic 17.86 22.21  30.00  -nan  13.50

Total Background	33.465
- Prompt	21.133
- Fake	12.333
- CF	0.000

####### Result #######
Signal Eff	0.001665
33.465386 1.206291
595.916577 1.149495
