
Processing CyclesForMixingLimit_MuEl_Bin1/HNMuEl_70.C...
[AnalysisInputs::SetMCSF] Get MC SF from /data8/Users/jskim/HN_dilepton_plotter/data/v8-0-7.37_PreApproval/MCSF.txt
[AnalysisInputs::SetMCSF] sample : VVV
[AnalysisInputs::SetMCSF] => MCSF = 1, MCSF_err = 0.5
[AnalysisInputs::SetMCSF] sample : WWW
[AnalysisInputs::SetMCSF] => MCSF = 1, MCSF_err = 0.5
[AnalysisInputs::SetMCSF] sample : WWZ
[AnalysisInputs::SetMCSF] => MCSF = 1, MCSF_err = 0.5
[AnalysisInputs::SetMCSF] sample : WZZ
[AnalysisInputs::SetMCSF] => MCSF = 1, MCSF_err = 0.5
[AnalysisInputs::SetMCSF] sample : ZZZ
[AnalysisInputs::SetMCSF] => MCSF = 1, MCSF_err = 0.5
[AnalysisInputs::SetMCSF] sample : ttV
[AnalysisInputs::SetMCSF] => MCSF = 1, MCSF_err = 0.5
[AnalysisInputs::SetMCSF] sample : ttW
[AnalysisInputs::SetMCSF] => MCSF = 1, MCSF_err = 0.5
[AnalysisInputs::SetMCSF] sample : ttZ
[AnalysisInputs::SetMCSF] => MCSF = 1, MCSF_err = 0.5
[AnalysisInputs::SetMCSF] sample : ttH_nonbb
[AnalysisInputs::SetMCSF] => MCSF = 1, MCSF_err = 0.5
[AnalysisInputs::SetMCSF] sample : top
[AnalysisInputs::SetMCSF] => MCSF = 1, MCSF_err = 0.5
[AnalysisInputs::SetMCSF] sample : WWTo2L2Nu_DS
[AnalysisInputs::SetMCSF] => MCSF = 1, MCSF_err = 0.5
[AnalysisInputs::SetMCSF] sample : WpWpEWK
[AnalysisInputs::SetMCSF] => MCSF = 1, MCSF_err = 0.5
[AnalysisInputs::SetMCSF] sample : WpWpQCD
[AnalysisInputs::SetMCSF] => MCSF = 1, MCSF_err = 0.5
[AnalysisInputs::SetMCSF] sample : WZTo3LNu_mllmin01
[AnalysisInputs::SetMCSF] => MCSF = 0.65, MCSF_err = 0.06
[AnalysisInputs::SetMCSF] sample : WZTo3LNu_powheg
[AnalysisInputs::SetMCSF] => MCSF = 1.05044, MCSF_err = 0.0648798
[AnalysisInputs::SetMCSF] sample : ZGto2LG
[AnalysisInputs::SetMCSF] => MCSF = 1.09954, MCSF_err = 0.076377
[AnalysisInputs::SetMCSF] sample : WGtoLNuG
[AnalysisInputs::SetMCSF] => MCSF = 1, MCSF_err = 0.076377
[AnalysisInputs::SetMCSF] sample : WGtoLNuG_weighted
[AnalysisInputs::SetMCSF] => MCSF = 1, MCSF_err = 0.076377
[AnalysisInputs::SetMCSF] sample : ZZTo4L_powheg
[AnalysisInputs::SetMCSF] => MCSF = 0.978852, MCSF_err = 0.0792882
[AnalysisInputs::SetMCSF] sample : ggZZto2e2mu
[AnalysisInputs::SetMCSF] => MCSF = 0.978852, MCSF_err = 0.0792882
[AnalysisInputs::SetMCSF] sample : ggZZto2e2nu
[AnalysisInputs::SetMCSF] => MCSF = 0.978852, MCSF_err = 0.0792882
[AnalysisInputs::SetMCSF] sample : ggZZto2e2tau
[AnalysisInputs::SetMCSF] => MCSF = 0.978852, MCSF_err = 0.0792882
[AnalysisInputs::SetMCSF] sample : ggZZto2mu2nu
[AnalysisInputs::SetMCSF] => MCSF = 0.978852, MCSF_err = 0.0792882
[AnalysisInputs::SetMCSF] sample : ggZZto2mu2tau
[AnalysisInputs::SetMCSF] => MCSF = 0.978852, MCSF_err = 0.0792882
[AnalysisInputs::SetMCSF] sample : ggZZto4e
[AnalysisInputs::SetMCSF] => MCSF = 0.978852, MCSF_err = 0.0792882
[AnalysisInputs::SetMCSF] sample : ggZZto4mu
[AnalysisInputs::SetMCSF] => MCSF = 0.978852, MCSF_err = 0.0792882
[AnalysisInputs::SetMCSF] sample : ggZZto4tau
[AnalysisInputs::SetMCSF] => MCSF = 0.978852, MCSF_err = 0.0792882
[AnalysisInputs::SetMCSF] sample : ggHtoZZ
[AnalysisInputs::SetMCSF] => MCSF = 0.978852, MCSF_err = 0.0792882
[AnalysisInputs::SetCalculatedSysts] Get Systematics from /data8/Users/jskim/HN_dilepton_plotter/data/v8-0-7.37_PreApproval/Syst.txt
[AnalysisInputs::SetCalculatedSysts] source : Luminosity
[AnalysisInputs::SetCalculatedSysts] => % sysematic = 0.025
[AnalysisInputs::SetCalculatedSysts] source : FakeLooseID
[AnalysisInputs::SetCalculatedSysts] => % sysematic = 0.3
[AnalysisInputs::SetCalculatedSysts] source : ChrageFlipSyst
[AnalysisInputs::SetCalculatedSysts] => % sysematic = 0.16
[CutRangeInfo::ReadCutCard] Get Cutcard from /data8/Users/jskim/HN_dilepton_plotter/data/v8-0-7.37_PreApproval/CutOpCard/RunDirectory/Cards_MuEl_Bin1/HNMuEl_70.txt
Central	32.3787	18.2384	0
_MuonEn_up	32.0842	18.2384	0
_MuonEn_down	32.8554	18.2384	0
_MuonIDSF_up	33.1956	18.2384	0
_MuonIDSF_down	32.8076	18.2384	0
_ElectronEn_up	32.9146	18.2384	0
_ElectronEn_down	33.0773	18.2384	0
_ElectronIDSF_up	33.0466	18.2384	0
_ElectronIDSF_down	32.3841	18.2384	0
_TriggerSF_up	34.3782	18.2384	0
_TriggerSF_down	31.9101	18.2384	0
_PU_up	31.8	18.2384	0
_PU_down	33.7999	18.2384	0
_JetEn_up	37.3608	18.2384	0
_JetEn_down	33.7403	18.2384	0
_JetRes_up	32.4962	18.2384	0
_JetRes_down	36.7642	18.2384	0
_Unclustered_up	30.4218	18.2384	0
_Unclustered_down	33.1907	18.2384	0
_BTagSFEff_up	33.2219	18.2384	0
_BTagSFEff_down	33.5498	18.2384	0
_BTagSFMiss_up	33.2539	18.2384	0
_BTagSFMiss_down	33.2786	18.2384	0
_JetMass_up	31.8728	18.2384	0
_JetMass_down	33.181	18.2384	0
_JetMassRes_up	32.3532	18.2384	0
_JetMassRes_down	32.3198	18.2384	0
_Tau21_up	32.7859	18.2384	0
_Tau21_down	32.777	18.2384	0

################ Sources ################
Source	SystTotal	SystPrompt	SystFake	Signal
Stat 9.06 12.87  10.52  -nan  7.88
Lumi 1.60  2.50 -  -  2.50
PDF  -  -  -  -  9.88
MuonPt  0.78 1.22  -  -  1.12
MuonID  1.29 2.02  -  -  0.84
ElectronE  1.23 1.92  -  -  0.96
ElectronID  0.93 1.46  -  -  1.05
Trigger  2.87 4.49  -  -  1.17
PU  2.14 3.35  -  -  0.42
JES  7.22 11.28  -  -  8.32
JER  6.13 9.58  -  -  0.44
Uncl  2.96 4.63  -  -  5.32
BEff  2.02 3.15  -  -  0.80
BMiss  1.75 2.74  -  -  1.27
JMS  1.32 2.07  -  -  0.15
JMR  0.09 0.14  -  -  0.41
Tau21  0.80 1.24  -  -  0.83
MCNorm 6.90  10.78 -  -  -
Fake 10.81  -  30.00 - -
CF 0.00  -  -  -nan -
Total Systematic 17.10 20.71  30.00  -nan  14.49

Total Background	50.617
- Prompt	32.379
- Fake	18.238
- CF	0.000

####### Result #######
Signal Eff	0.000920
50.617115 1.193521
116.383480 1.164994
