
Processing CyclesForMixingLimit_MuEl_Bin1/HNMuEl_1200_VBFOnly.C...
[AnalysisInputs::SetMCSF] Get MC SF from /data8/Users/jskim/HN_dilepton_plotter/data/v8-0-7.37_PreApproval/MCSF.txt
[AnalysisInputs::SetMCSF] sample : VVV
[AnalysisInputs::SetMCSF] => MCSF = 1, MCSF_err = 0.5
[AnalysisInputs::SetMCSF] sample : WWW
[AnalysisInputs::SetMCSF] => MCSF = 1, MCSF_err = 0.5
[AnalysisInputs::SetMCSF] sample : WWZ
[AnalysisInputs::SetMCSF] => MCSF = 1, MCSF_err = 0.5
[AnalysisInputs::SetMCSF] sample : WZZ
[AnalysisInputs::SetMCSF] => MCSF = 1, MCSF_err = 0.5
[AnalysisInputs::SetMCSF] sample : ZZZ
[AnalysisInputs::SetMCSF] => MCSF = 1, MCSF_err = 0.5
[AnalysisInputs::SetMCSF] sample : ttV
[AnalysisInputs::SetMCSF] => MCSF = 1, MCSF_err = 0.5
[AnalysisInputs::SetMCSF] sample : ttW
[AnalysisInputs::SetMCSF] => MCSF = 1, MCSF_err = 0.5
[AnalysisInputs::SetMCSF] sample : ttZ
[AnalysisInputs::SetMCSF] => MCSF = 1, MCSF_err = 0.5
[AnalysisInputs::SetMCSF] sample : ttH_nonbb
[AnalysisInputs::SetMCSF] => MCSF = 1, MCSF_err = 0.5
[AnalysisInputs::SetMCSF] sample : top
[AnalysisInputs::SetMCSF] => MCSF = 1, MCSF_err = 0.5
[AnalysisInputs::SetMCSF] sample : WWTo2L2Nu_DS
[AnalysisInputs::SetMCSF] => MCSF = 1, MCSF_err = 0.5
[AnalysisInputs::SetMCSF] sample : WpWpEWK
[AnalysisInputs::SetMCSF] => MCSF = 1, MCSF_err = 0.5
[AnalysisInputs::SetMCSF] sample : WpWpQCD
[AnalysisInputs::SetMCSF] => MCSF = 1, MCSF_err = 0.5
[AnalysisInputs::SetMCSF] sample : WZTo3LNu_mllmin01
[AnalysisInputs::SetMCSF] => MCSF = 0.65, MCSF_err = 0.06
[AnalysisInputs::SetMCSF] sample : WZTo3LNu_powheg
[AnalysisInputs::SetMCSF] => MCSF = 1.05044, MCSF_err = 0.0648798
[AnalysisInputs::SetMCSF] sample : ZGto2LG
[AnalysisInputs::SetMCSF] => MCSF = 1.09954, MCSF_err = 0.076377
[AnalysisInputs::SetMCSF] sample : WGtoLNuG
[AnalysisInputs::SetMCSF] => MCSF = 1, MCSF_err = 0.076377
[AnalysisInputs::SetMCSF] sample : WGtoLNuG_weighted
[AnalysisInputs::SetMCSF] => MCSF = 1, MCSF_err = 0.076377
[AnalysisInputs::SetMCSF] sample : ZZTo4L_powheg
[AnalysisInputs::SetMCSF] => MCSF = 0.978852, MCSF_err = 0.0792882
[AnalysisInputs::SetMCSF] sample : ggZZto2e2mu
[AnalysisInputs::SetMCSF] => MCSF = 0.978852, MCSF_err = 0.0792882
[AnalysisInputs::SetMCSF] sample : ggZZto2e2nu
[AnalysisInputs::SetMCSF] => MCSF = 0.978852, MCSF_err = 0.0792882
[AnalysisInputs::SetMCSF] sample : ggZZto2e2tau
[AnalysisInputs::SetMCSF] => MCSF = 0.978852, MCSF_err = 0.0792882
[AnalysisInputs::SetMCSF] sample : ggZZto2mu2nu
[AnalysisInputs::SetMCSF] => MCSF = 0.978852, MCSF_err = 0.0792882
[AnalysisInputs::SetMCSF] sample : ggZZto2mu2tau
[AnalysisInputs::SetMCSF] => MCSF = 0.978852, MCSF_err = 0.0792882
[AnalysisInputs::SetMCSF] sample : ggZZto4e
[AnalysisInputs::SetMCSF] => MCSF = 0.978852, MCSF_err = 0.0792882
[AnalysisInputs::SetMCSF] sample : ggZZto4mu
[AnalysisInputs::SetMCSF] => MCSF = 0.978852, MCSF_err = 0.0792882
[AnalysisInputs::SetMCSF] sample : ggZZto4tau
[AnalysisInputs::SetMCSF] => MCSF = 0.978852, MCSF_err = 0.0792882
[AnalysisInputs::SetMCSF] sample : ggHtoZZ
[AnalysisInputs::SetMCSF] => MCSF = 0.978852, MCSF_err = 0.0792882
[AnalysisInputs::SetCalculatedSysts] Get Systematics from /data8/Users/jskim/HN_dilepton_plotter/data/v8-0-7.37_PreApproval/Syst.txt
[AnalysisInputs::SetCalculatedSysts] source : Luminosity
[AnalysisInputs::SetCalculatedSysts] => % sysematic = 0.025
[AnalysisInputs::SetCalculatedSysts] source : FakeLooseID
[AnalysisInputs::SetCalculatedSysts] => % sysematic = 0.3
[AnalysisInputs::SetCalculatedSysts] source : ChrageFlipSyst
[AnalysisInputs::SetCalculatedSysts] => % sysematic = 0.16
[CutRangeInfo::ReadCutCard] Get Cutcard from /data8/Users/jskim/HN_dilepton_plotter/data/v8-0-7.37_PreApproval/CutOpCard/RunDirectory/Cards_MuEl_Bin1/HNMuEl_1200.txt
Central	0.793968	0.119863	0
_MuonEn_up	0.851107	0.119863	0
_MuonEn_down	0.774656	0.119863	0
_MuonIDSF_up	0.815406	0.119863	0
_MuonIDSF_down	0.778583	0.119863	0
_ElectronEn_up	0.796953	0.119863	0
_ElectronEn_down	0.794872	0.119863	0
_ElectronIDSF_up	0.825707	0.119863	0
_ElectronIDSF_down	0.771868	0.119863	0
_TriggerSF_up	0.796081	0.119863	0
_TriggerSF_down	0.800689	0.119863	0
_PU_up	0.738417	0.119863	0
_PU_down	0.821068	0.119863	0
_JetEn_up	0.86817	0.119863	0
_JetEn_down	1.35148	0.119863	0
_JetRes_up	0.80185	0.119863	0
_JetRes_down	0.785172	0.119863	0
_Unclustered_up	0.792976	0.119863	0
_Unclustered_down	0.805767	0.119863	0
_BTagSFEff_up	0.792544	0.119863	0
_BTagSFEff_down	0.799162	0.119863	0
_BTagSFMiss_up	0.792777	0.119863	0
_BTagSFMiss_down	0.797703	0.119863	0
_JetMass_up	0.797703	0.119863	0
_JetMass_down	0.797703	0.119863	0
_JetMassRes_up	0.800837	0.119863	0
_JetMassRes_down	0.800656	0.119863	0
_Tau21_up	0.797703	0.119863	0
_Tau21_down	0.793074	0.119863	0

################ Sources ################
Source	SystTotal	SystPrompt	SystFake	Signal
Stat 57.67 60.21  185.03  -nan  4.39
Lumi 2.17  2.50 -  -  2.50
PDF  -  -  -  -  2.52
MuonPt  4.67 5.37  -  -  2.96
MuonID  2.04 2.35  -  -  2.31
ElectronE  0.24 0.28  -  -  0.24
ElectronID  2.99 3.44  -  -  1.73
Trigger  0.55 0.63  -  -  0.26
PU  4.78 5.50  -  -  1.07
JES  43.52 50.09  -  -  1.07
JER  0.91 1.05  -  -  1.12
Uncl  0.92 1.05  -  -  1.72
BEff  0.42 0.48  -  -  0.23
BMiss  0.30 0.35  -  -  0.53
JMS  0.41 0.47  -  -  0.44
JMR  0.74 0.85  -  -  0.93
Tau21  0.30 0.34  -  -  0.90
MCNorm 15.55  17.90 -  -  -
Fake 3.93  -  30.00 - -
CF 0.00  -  -  -nan -
Total Systematic 47.08 54.00  30.00  -nan  6.21

Total Background	0.914
- Prompt	0.794
- Fake	0.120
- CF	0.000

####### Result #######
Signal Eff	0.011575
0.913831 1.744476
0.004215 1.076039
