
Processing CyclesForMixingLimit_MuEl_Bin1/HNMuEl_800_VBF.C...
[AnalysisInputs::SetMCSF] Get MC SF from /data8/Users/jskim/HN_dilepton_plotter/data/v8-0-7.37_PreApproval/MCSF.txt
[AnalysisInputs::SetMCSF] sample : VVV
[AnalysisInputs::SetMCSF] => MCSF = 1, MCSF_err = 0.5
[AnalysisInputs::SetMCSF] sample : WWW
[AnalysisInputs::SetMCSF] => MCSF = 1, MCSF_err = 0.5
[AnalysisInputs::SetMCSF] sample : WWZ
[AnalysisInputs::SetMCSF] => MCSF = 1, MCSF_err = 0.5
[AnalysisInputs::SetMCSF] sample : WZZ
[AnalysisInputs::SetMCSF] => MCSF = 1, MCSF_err = 0.5
[AnalysisInputs::SetMCSF] sample : ZZZ
[AnalysisInputs::SetMCSF] => MCSF = 1, MCSF_err = 0.5
[AnalysisInputs::SetMCSF] sample : ttV
[AnalysisInputs::SetMCSF] => MCSF = 1, MCSF_err = 0.5
[AnalysisInputs::SetMCSF] sample : ttW
[AnalysisInputs::SetMCSF] => MCSF = 1, MCSF_err = 0.5
[AnalysisInputs::SetMCSF] sample : ttZ
[AnalysisInputs::SetMCSF] => MCSF = 1, MCSF_err = 0.5
[AnalysisInputs::SetMCSF] sample : ttH_nonbb
[AnalysisInputs::SetMCSF] => MCSF = 1, MCSF_err = 0.5
[AnalysisInputs::SetMCSF] sample : top
[AnalysisInputs::SetMCSF] => MCSF = 1, MCSF_err = 0.5
[AnalysisInputs::SetMCSF] sample : WWTo2L2Nu_DS
[AnalysisInputs::SetMCSF] => MCSF = 1, MCSF_err = 0.5
[AnalysisInputs::SetMCSF] sample : WpWpEWK
[AnalysisInputs::SetMCSF] => MCSF = 1, MCSF_err = 0.5
[AnalysisInputs::SetMCSF] sample : WpWpQCD
[AnalysisInputs::SetMCSF] => MCSF = 1, MCSF_err = 0.5
[AnalysisInputs::SetMCSF] sample : WZTo3LNu_mllmin01
[AnalysisInputs::SetMCSF] => MCSF = 0.65, MCSF_err = 0.06
[AnalysisInputs::SetMCSF] sample : WZTo3LNu_powheg
[AnalysisInputs::SetMCSF] => MCSF = 1.05044, MCSF_err = 0.0648798
[AnalysisInputs::SetMCSF] sample : ZGto2LG
[AnalysisInputs::SetMCSF] => MCSF = 1.09954, MCSF_err = 0.076377
[AnalysisInputs::SetMCSF] sample : WGtoLNuG
[AnalysisInputs::SetMCSF] => MCSF = 1, MCSF_err = 0.076377
[AnalysisInputs::SetMCSF] sample : WGtoLNuG_weighted
[AnalysisInputs::SetMCSF] => MCSF = 1, MCSF_err = 0.076377
[AnalysisInputs::SetMCSF] sample : ZZTo4L_powheg
[AnalysisInputs::SetMCSF] => MCSF = 0.978852, MCSF_err = 0.0792882
[AnalysisInputs::SetMCSF] sample : ggZZto2e2mu
[AnalysisInputs::SetMCSF] => MCSF = 0.978852, MCSF_err = 0.0792882
[AnalysisInputs::SetMCSF] sample : ggZZto2e2nu
[AnalysisInputs::SetMCSF] => MCSF = 0.978852, MCSF_err = 0.0792882
[AnalysisInputs::SetMCSF] sample : ggZZto2e2tau
[AnalysisInputs::SetMCSF] => MCSF = 0.978852, MCSF_err = 0.0792882
[AnalysisInputs::SetMCSF] sample : ggZZto2mu2nu
[AnalysisInputs::SetMCSF] => MCSF = 0.978852, MCSF_err = 0.0792882
[AnalysisInputs::SetMCSF] sample : ggZZto2mu2tau
[AnalysisInputs::SetMCSF] => MCSF = 0.978852, MCSF_err = 0.0792882
[AnalysisInputs::SetMCSF] sample : ggZZto4e
[AnalysisInputs::SetMCSF] => MCSF = 0.978852, MCSF_err = 0.0792882
[AnalysisInputs::SetMCSF] sample : ggZZto4mu
[AnalysisInputs::SetMCSF] => MCSF = 0.978852, MCSF_err = 0.0792882
[AnalysisInputs::SetMCSF] sample : ggZZto4tau
[AnalysisInputs::SetMCSF] => MCSF = 0.978852, MCSF_err = 0.0792882
[AnalysisInputs::SetMCSF] sample : ggHtoZZ
[AnalysisInputs::SetMCSF] => MCSF = 0.978852, MCSF_err = 0.0792882
[AnalysisInputs::SetCalculatedSysts] Get Systematics from /data8/Users/jskim/HN_dilepton_plotter/data/v8-0-7.37_PreApproval/Syst.txt
[AnalysisInputs::SetCalculatedSysts] source : Luminosity
[AnalysisInputs::SetCalculatedSysts] => % sysematic = 0.025
[AnalysisInputs::SetCalculatedSysts] source : FakeLooseID
[AnalysisInputs::SetCalculatedSysts] => % sysematic = 0.3
[AnalysisInputs::SetCalculatedSysts] source : ChrageFlipSyst
[AnalysisInputs::SetCalculatedSysts] => % sysematic = 0.16
[CutRangeInfo::ReadCutCard] Get Cutcard from /data8/Users/jskim/HN_dilepton_plotter/data/v8-0-7.37_PreApproval/CutOpCard/RunDirectory/Cards_MuEl_Bin1/HNMuEl_800.txt
Central	1.4922	0	0
_MuonEn_up	1.52807	0	0
_MuonEn_down	1.44877	0	0
_MuonIDSF_up	1.52584	0	0
_MuonIDSF_down	1.46462	0	0
_ElectronEn_up	1.49552	0	0
_ElectronEn_down	0.996211	0	0
_ElectronIDSF_up	1.54601	0	0
_ElectronIDSF_down	1.4382	0	0
_TriggerSF_up	1.49244	0	0
_TriggerSF_down	1.4938	0	0
_PU_up	1.37293	0	0
_PU_down	1.56578	0	0
_JetEn_up	1.77978	0	0
_JetEn_down	2.04315	0	0
_JetRes_up	1.50961	0	0
_JetRes_down	1.47204	0	0
_Unclustered_up	1.4847	0	0
_Unclustered_down	1.49968	0	0
_BTagSFEff_up	1.49078	0	0
_BTagSFEff_down	1.4577	0	0
_BTagSFMiss_up	1.49101	0	0
_BTagSFMiss_down	1.49594	0	0
_JetMass_up	1.49594	0	0
_JetMass_down	1.49608	0	0
_JetMassRes_up	1.49907	0	0
_JetMassRes_down	1.49889	0	0
_Tau21_up	1.49581	0	0
_Tau21_down	1.49145	0	0

################ Sources ################
Source	SystTotal	SystPrompt	SystFake	Signal
Stat 48.07 48.07  -nan  -nan  1.81
Lumi 2.50  2.50 -  -  2.50
PDF  -  -  -  -  2.52
MuonPt  2.67 2.67  -  -  1.84
MuonID  2.06 2.06  -  -  1.94
ElectronE  23.50 23.50  -  -  0.28
ElectronID  3.61 3.61  -  -  1.82
Trigger  0.08 0.08  -  -  0.46
PU  6.64 6.64  -  -  1.20
JES  29.45 29.45  -  -  0.68
JER  1.26 1.26  -  -  0.69
Uncl  0.50 0.50  -  -  0.71
BEff  1.64 1.64  -  -  0.23
BMiss  0.19 0.19  -  -  0.38
JMS  0.26 0.26  -  -  0.18
JMR  0.45 0.45  -  -  0.26
Tau21  0.17 0.17  -  -  0.12
MCNorm 17.79  17.79 -  -  -
Fake 0.00  -  -nan - -
CF 0.00  -  -  -nan -
Total Systematic 42.61 42.61  -nan  -nan  5.15

Total Background	1.492
- Prompt	1.492
- Fake	0.000
- CF	0.000

####### Result #######
Signal Eff	0.119425
1.492204 1.642355
0.040714 1.054569
