
Processing CyclesForMixingLimit_MuEl_Bin1/HNMuEl_600_VBF.C...
[AnalysisInputs::SetMCSF] Get MC SF from /data8/Users/jskim/HN_dilepton_plotter/data/v8-0-7.37_Unblind/MCSF.txt
[AnalysisInputs::SetMCSF] sample : VVV
[AnalysisInputs::SetMCSF] => MCSF = 1, MCSF_err = 0.5
[AnalysisInputs::SetMCSF] sample : WWW
[AnalysisInputs::SetMCSF] => MCSF = 1, MCSF_err = 0.5
[AnalysisInputs::SetMCSF] sample : WWZ
[AnalysisInputs::SetMCSF] => MCSF = 1, MCSF_err = 0.5
[AnalysisInputs::SetMCSF] sample : WZZ
[AnalysisInputs::SetMCSF] => MCSF = 1, MCSF_err = 0.5
[AnalysisInputs::SetMCSF] sample : ZZZ
[AnalysisInputs::SetMCSF] => MCSF = 1, MCSF_err = 0.5
[AnalysisInputs::SetMCSF] sample : ttV
[AnalysisInputs::SetMCSF] => MCSF = 1, MCSF_err = 0.5
[AnalysisInputs::SetMCSF] sample : ttW
[AnalysisInputs::SetMCSF] => MCSF = 1, MCSF_err = 0.5
[AnalysisInputs::SetMCSF] sample : ttZ
[AnalysisInputs::SetMCSF] => MCSF = 1, MCSF_err = 0.5
[AnalysisInputs::SetMCSF] sample : ttH_nonbb
[AnalysisInputs::SetMCSF] => MCSF = 1, MCSF_err = 0.5
[AnalysisInputs::SetMCSF] sample : top
[AnalysisInputs::SetMCSF] => MCSF = 1, MCSF_err = 0.5
[AnalysisInputs::SetMCSF] sample : WWTo2L2Nu_DS
[AnalysisInputs::SetMCSF] => MCSF = 1, MCSF_err = 0.5
[AnalysisInputs::SetMCSF] sample : WpWpEWK
[AnalysisInputs::SetMCSF] => MCSF = 1.3062, MCSF_err = 0.5
[AnalysisInputs::SetMCSF] sample : WpWpQCD
[AnalysisInputs::SetMCSF] => MCSF = 1.70026, MCSF_err = 0.5
[AnalysisInputs::SetMCSF] sample : WZTo3LNu_mllmin01
[AnalysisInputs::SetMCSF] => MCSF = 0.65, MCSF_err = 0.06
[AnalysisInputs::SetMCSF] sample : WZTo3LNu_powheg
[AnalysisInputs::SetMCSF] => MCSF = 1.05044, MCSF_err = 0.0648798
[AnalysisInputs::SetMCSF] sample : ZGto2LG
[AnalysisInputs::SetMCSF] => MCSF = 1.09954, MCSF_err = 0.076377
[AnalysisInputs::SetMCSF] sample : WGtoLNuG
[AnalysisInputs::SetMCSF] => MCSF = 1, MCSF_err = 0.076377
[AnalysisInputs::SetMCSF] sample : WGtoLNuG_weighted
[AnalysisInputs::SetMCSF] => MCSF = 1, MCSF_err = 0.076377
[AnalysisInputs::SetMCSF] sample : ZZTo4L_powheg
[AnalysisInputs::SetMCSF] => MCSF = 0.978852, MCSF_err = 0.0792882
[AnalysisInputs::SetMCSF] sample : ggZZto2e2mu
[AnalysisInputs::SetMCSF] => MCSF = 0.978852, MCSF_err = 0.0792882
[AnalysisInputs::SetMCSF] sample : ggZZto2e2nu
[AnalysisInputs::SetMCSF] => MCSF = 0.978852, MCSF_err = 0.0792882
[AnalysisInputs::SetMCSF] sample : ggZZto2e2tau
[AnalysisInputs::SetMCSF] => MCSF = 0.978852, MCSF_err = 0.0792882
[AnalysisInputs::SetMCSF] sample : ggZZto2mu2nu
[AnalysisInputs::SetMCSF] => MCSF = 0.978852, MCSF_err = 0.0792882
[AnalysisInputs::SetMCSF] sample : ggZZto2mu2tau
[AnalysisInputs::SetMCSF] => MCSF = 0.978852, MCSF_err = 0.0792882
[AnalysisInputs::SetMCSF] sample : ggZZto4e
[AnalysisInputs::SetMCSF] => MCSF = 0.978852, MCSF_err = 0.0792882
[AnalysisInputs::SetMCSF] sample : ggZZto4mu
[AnalysisInputs::SetMCSF] => MCSF = 0.978852, MCSF_err = 0.0792882
[AnalysisInputs::SetMCSF] sample : ggZZto4tau
[AnalysisInputs::SetMCSF] => MCSF = 0.978852, MCSF_err = 0.0792882
[AnalysisInputs::SetMCSF] sample : ggHtoZZ
[AnalysisInputs::SetMCSF] => MCSF = 0.978852, MCSF_err = 0.0792882
[AnalysisInputs::SetCalculatedSysts] Get Systematics from /data8/Users/jskim/HN_dilepton_plotter/data/v8-0-7.37_Unblind/Syst.txt
[AnalysisInputs::SetCalculatedSysts] source : Luminosity
[AnalysisInputs::SetCalculatedSysts] => % sysematic = 0.025
[AnalysisInputs::SetCalculatedSysts] source : FakeLooseID
[AnalysisInputs::SetCalculatedSysts] => % sysematic = 0.3
[AnalysisInputs::SetCalculatedSysts] source : ChrageFlipSyst
[AnalysisInputs::SetCalculatedSysts] => % sysematic = 0.16
[CutRangeInfo::ReadCutCard] Get Cutcard from /data8/Users/jskim/HN_dilepton_plotter/data/v8-0-7.37_Unblind/CutOpCard/RunDirectory/Cards_MuEl_Bin1/HNMuEl_600.txt
Central	1.15976	0	0
_MuonEn_up	1.35243	0	0
_MuonEn_down	1.12314	0	0
_MuonIDSF_up	1.18995	0	0
_MuonIDSF_down	1.14582	0	0
_ElectronEn_up	1.17496	0	0
_ElectronEn_down	1.1989	0	0
_ElectronIDSF_up	1.19762	0	0
_ElectronIDSF_down	1.1259	0	0
_TriggerSF_up	1.16693	0	0
_TriggerSF_down	1.15619	0	0
_PU_up	1.09285	0	0
_PU_down	1.21788	0	0
_JetEn_up	1.49556	0	0
_JetEn_down	1.76196	0	0
_JetRes_up	1.17686	0	0
_JetRes_down	1.13382	0	0
_Unclustered_up	1.22176	0	0
_Unclustered_down	1.23884	0	0
_BTagSFEff_up	1.15236	0	0
_BTagSFEff_down	1.1261	0	0
_BTagSFMiss_up	1.16623	0	0
_BTagSFMiss_down	1.16623	0	0
_JetMass_up	1.16623	0	0
_JetMass_down	1.16844	0	0
_JetMassRes_up	1.16829	0	0
_JetMassRes_down	1.17124	0	0
_Tau21_up	1.16908	0	0
_Tau21_down	1.16025	0	0

################ Sources ################
Source	SystTotal	SystPrompt	SystFake	Signal
Stat 46.91 46.91  -nan  -nan  1.42
Lumi 2.50  2.50 -  -  2.50
PDF  -  -  -  -  2.52
MuonPt  11.96 11.96  -  -  3.82
MuonID  2.03 2.03  -  -  1.59
ElectronE  2.56 2.56  -  -  0.57
ElectronID  3.10 3.10  -  -  2.18
Trigger  0.49 0.49  -  -  0.14
PU  5.40 5.40  -  -  0.84
JES  42.04 42.04  -  -  1.01
JER  1.89 1.89  -  -  0.62
Uncl  6.13 6.13  -  -  0.79
BEff  2.10 2.10  -  -  0.31
BMiss  0.56 0.56  -  -  0.45
JMS  0.66 0.66  -  -  0.28
JMR  0.87 0.87  -  -  0.24
Tau21  0.57 0.57  -  -  0.12
MCNorm 29.46  29.46 -  -  -
Fake 0.00  -  -nan - -
CF 0.00  -  -  -nan -
Total Systematic 53.68 53.68  -nan  -nan  6.17

Total Background	1.160
- Prompt	1.160
- Fake	0.000
- CF	0.000
- Obs	4.000

####### Result #######
Signal Eff	0.062233
1.159757 1.712868
0.127252 1.063270
