
Processing CyclesForMixingLimit_MuEl_Bin1/HNMuEl_125.C...
[AnalysisInputs::SetMCSF] Get MC SF from /data8/Users/jskim/HN_dilepton_plotter/data/v8-0-7.37_PreApproval/MCSF.txt
[AnalysisInputs::SetMCSF] sample : VVV
[AnalysisInputs::SetMCSF] => MCSF = 1, MCSF_err = 0.5
[AnalysisInputs::SetMCSF] sample : WWW
[AnalysisInputs::SetMCSF] => MCSF = 1, MCSF_err = 0.5
[AnalysisInputs::SetMCSF] sample : WWZ
[AnalysisInputs::SetMCSF] => MCSF = 1, MCSF_err = 0.5
[AnalysisInputs::SetMCSF] sample : WZZ
[AnalysisInputs::SetMCSF] => MCSF = 1, MCSF_err = 0.5
[AnalysisInputs::SetMCSF] sample : ZZZ
[AnalysisInputs::SetMCSF] => MCSF = 1, MCSF_err = 0.5
[AnalysisInputs::SetMCSF] sample : ttV
[AnalysisInputs::SetMCSF] => MCSF = 1, MCSF_err = 0.5
[AnalysisInputs::SetMCSF] sample : ttW
[AnalysisInputs::SetMCSF] => MCSF = 1, MCSF_err = 0.5
[AnalysisInputs::SetMCSF] sample : ttZ
[AnalysisInputs::SetMCSF] => MCSF = 1, MCSF_err = 0.5
[AnalysisInputs::SetMCSF] sample : ttH_nonbb
[AnalysisInputs::SetMCSF] => MCSF = 1, MCSF_err = 0.5
[AnalysisInputs::SetMCSF] sample : top
[AnalysisInputs::SetMCSF] => MCSF = 1, MCSF_err = 0.5
[AnalysisInputs::SetMCSF] sample : WWTo2L2Nu_DS
[AnalysisInputs::SetMCSF] => MCSF = 1, MCSF_err = 0.5
[AnalysisInputs::SetMCSF] sample : WpWpEWK
[AnalysisInputs::SetMCSF] => MCSF = 1, MCSF_err = 0.5
[AnalysisInputs::SetMCSF] sample : WpWpQCD
[AnalysisInputs::SetMCSF] => MCSF = 1, MCSF_err = 0.5
[AnalysisInputs::SetMCSF] sample : WZTo3LNu_mllmin01
[AnalysisInputs::SetMCSF] => MCSF = 0.65, MCSF_err = 0.06
[AnalysisInputs::SetMCSF] sample : WZTo3LNu_powheg
[AnalysisInputs::SetMCSF] => MCSF = 1.05044, MCSF_err = 0.0648798
[AnalysisInputs::SetMCSF] sample : ZGto2LG
[AnalysisInputs::SetMCSF] => MCSF = 1.09954, MCSF_err = 0.076377
[AnalysisInputs::SetMCSF] sample : WGtoLNuG
[AnalysisInputs::SetMCSF] => MCSF = 1, MCSF_err = 0.076377
[AnalysisInputs::SetMCSF] sample : WGtoLNuG_weighted
[AnalysisInputs::SetMCSF] => MCSF = 1, MCSF_err = 0.076377
[AnalysisInputs::SetMCSF] sample : ZZTo4L_powheg
[AnalysisInputs::SetMCSF] => MCSF = 0.978852, MCSF_err = 0.0792882
[AnalysisInputs::SetMCSF] sample : ggZZto2e2mu
[AnalysisInputs::SetMCSF] => MCSF = 0.978852, MCSF_err = 0.0792882
[AnalysisInputs::SetMCSF] sample : ggZZto2e2nu
[AnalysisInputs::SetMCSF] => MCSF = 0.978852, MCSF_err = 0.0792882
[AnalysisInputs::SetMCSF] sample : ggZZto2e2tau
[AnalysisInputs::SetMCSF] => MCSF = 0.978852, MCSF_err = 0.0792882
[AnalysisInputs::SetMCSF] sample : ggZZto2mu2nu
[AnalysisInputs::SetMCSF] => MCSF = 0.978852, MCSF_err = 0.0792882
[AnalysisInputs::SetMCSF] sample : ggZZto2mu2tau
[AnalysisInputs::SetMCSF] => MCSF = 0.978852, MCSF_err = 0.0792882
[AnalysisInputs::SetMCSF] sample : ggZZto4e
[AnalysisInputs::SetMCSF] => MCSF = 0.978852, MCSF_err = 0.0792882
[AnalysisInputs::SetMCSF] sample : ggZZto4mu
[AnalysisInputs::SetMCSF] => MCSF = 0.978852, MCSF_err = 0.0792882
[AnalysisInputs::SetMCSF] sample : ggZZto4tau
[AnalysisInputs::SetMCSF] => MCSF = 0.978852, MCSF_err = 0.0792882
[AnalysisInputs::SetMCSF] sample : ggHtoZZ
[AnalysisInputs::SetMCSF] => MCSF = 0.978852, MCSF_err = 0.0792882
[AnalysisInputs::SetCalculatedSysts] Get Systematics from /data8/Users/jskim/HN_dilepton_plotter/data/v8-0-7.37_PreApproval/Syst.txt
[AnalysisInputs::SetCalculatedSysts] source : Luminosity
[AnalysisInputs::SetCalculatedSysts] => % sysematic = 0.025
[AnalysisInputs::SetCalculatedSysts] source : FakeLooseID
[AnalysisInputs::SetCalculatedSysts] => % sysematic = 0.3
[AnalysisInputs::SetCalculatedSysts] source : ChrageFlipSyst
[AnalysisInputs::SetCalculatedSysts] => % sysematic = 0.16
[CutRangeInfo::ReadCutCard] Get Cutcard from /data8/Users/jskim/HN_dilepton_plotter/data/v8-0-7.37_PreApproval/CutOpCard/RunDirectory/Cards_MuEl_Bin1/HNMuEl_125.txt
Central	18.7523	6.57687	0
_MuonEn_up	18.6503	6.57687	0
_MuonEn_down	19.7166	6.57687	0
_MuonIDSF_up	19.0529	6.57687	0
_MuonIDSF_down	18.9592	6.57687	0
_ElectronEn_up	19.0328	6.57687	0
_ElectronEn_down	18.6626	6.57687	0
_ElectronIDSF_up	18.8874	6.57687	0
_ElectronIDSF_down	18.6119	6.57687	0
_TriggerSF_up	18.6285	6.57687	0
_TriggerSF_down	18.8035	6.57687	0
_PU_up	18.6821	6.57687	0
_PU_down	18.8684	6.57687	0
_JetEn_up	21.3196	6.57687	0
_JetEn_down	20.5151	6.57687	0
_JetRes_up	19.1074	6.57687	0
_JetRes_down	19.971	6.57687	0
_Unclustered_up	20.5469	6.57687	0
_Unclustered_down	21.0729	6.57687	0
_BTagSFEff_up	18.7532	6.57687	0
_BTagSFEff_down	18.6914	6.57687	0
_BTagSFMiss_up	18.6545	6.57687	0
_BTagSFMiss_down	18.7683	6.57687	0
_JetMass_up	19.1844	6.57687	0
_JetMass_down	18.752	6.57687	0
_JetMassRes_up	18.8484	6.57687	0
_JetMassRes_down	19.2483	6.57687	0
_Tau21_up	18.3327	6.57687	0
_Tau21_down	18.773	6.57687	0

################ Sources ################
Source	SystTotal	SystPrompt	SystFake	Signal
Stat 11.89 15.36  13.32  -nan  1.86
Lumi 1.85  2.50 -  -  2.50
PDF  -  -  -  -  2.52
MuonPt  2.71 3.66  -  -  0.48
MuonID  1.02 1.38  -  -  1.41
ElectronE  0.82 1.11  -  -  0.57
ElectronID  0.54 0.73  -  -  0.81
Trigger  0.37 0.51  -  -  0.09
PU  0.38 0.51  -  -  2.08
JES  8.69 11.74  -  -  1.95
JER  3.54 4.79  -  -  2.77
Uncl  8.19 11.06  -  -  2.78
BEff  0.17 0.23  -  -  0.49
BMiss  0.28 0.37  -  -  0.35
JMS  1.21 1.63  -  -  0.03
JMR  1.41 1.90  -  -  0.26
Tau21  1.17 1.58  -  -  0.22
MCNorm 9.61  12.98 -  -  -
Fake 7.79  -  30.00 - -
CF 0.00  -  -  -nan -
Total Systematic 18.06 22.01  30.00  -nan  6.31

Total Background	25.329
- Prompt	18.752
- Fake	6.577
- CF	0.000

####### Result #######
Signal Eff	0.031153
25.329202 1.216203
25.652271 1.065756
