
Processing CyclesForMixingLimit_MuEl_Bin1/HNMuEl_200.C...
[AnalysisInputs::SetMCSF] Get MC SF from /data8/Users/jskim/HN_dilepton_plotter/data/v8-0-7.37_Unblind/MCSF.txt
[AnalysisInputs::SetMCSF] sample : VVV
[AnalysisInputs::SetMCSF] => MCSF = 1, MCSF_err = 0.5
[AnalysisInputs::SetMCSF] sample : WWW
[AnalysisInputs::SetMCSF] => MCSF = 1, MCSF_err = 0.5
[AnalysisInputs::SetMCSF] sample : WWZ
[AnalysisInputs::SetMCSF] => MCSF = 1, MCSF_err = 0.5
[AnalysisInputs::SetMCSF] sample : WZZ
[AnalysisInputs::SetMCSF] => MCSF = 1, MCSF_err = 0.5
[AnalysisInputs::SetMCSF] sample : ZZZ
[AnalysisInputs::SetMCSF] => MCSF = 1, MCSF_err = 0.5
[AnalysisInputs::SetMCSF] sample : ttV
[AnalysisInputs::SetMCSF] => MCSF = 1, MCSF_err = 0.5
[AnalysisInputs::SetMCSF] sample : ttW
[AnalysisInputs::SetMCSF] => MCSF = 1, MCSF_err = 0.5
[AnalysisInputs::SetMCSF] sample : ttZ
[AnalysisInputs::SetMCSF] => MCSF = 1, MCSF_err = 0.5
[AnalysisInputs::SetMCSF] sample : ttH_nonbb
[AnalysisInputs::SetMCSF] => MCSF = 1, MCSF_err = 0.5
[AnalysisInputs::SetMCSF] sample : top
[AnalysisInputs::SetMCSF] => MCSF = 1, MCSF_err = 0.5
[AnalysisInputs::SetMCSF] sample : WWTo2L2Nu_DS
[AnalysisInputs::SetMCSF] => MCSF = 1, MCSF_err = 0.5
[AnalysisInputs::SetMCSF] sample : WpWpEWK
[AnalysisInputs::SetMCSF] => MCSF = 1.3062, MCSF_err = 0.5
[AnalysisInputs::SetMCSF] sample : WpWpQCD
[AnalysisInputs::SetMCSF] => MCSF = 1.70026, MCSF_err = 0.5
[AnalysisInputs::SetMCSF] sample : WZTo3LNu_mllmin01
[AnalysisInputs::SetMCSF] => MCSF = 0.65, MCSF_err = 0.06
[AnalysisInputs::SetMCSF] sample : WZTo3LNu_powheg
[AnalysisInputs::SetMCSF] => MCSF = 1.05044, MCSF_err = 0.0648798
[AnalysisInputs::SetMCSF] sample : ZGto2LG
[AnalysisInputs::SetMCSF] => MCSF = 1.09954, MCSF_err = 0.076377
[AnalysisInputs::SetMCSF] sample : WGtoLNuG
[AnalysisInputs::SetMCSF] => MCSF = 1, MCSF_err = 0.076377
[AnalysisInputs::SetMCSF] sample : WGtoLNuG_weighted
[AnalysisInputs::SetMCSF] => MCSF = 1, MCSF_err = 0.076377
[AnalysisInputs::SetMCSF] sample : ZZTo4L_powheg
[AnalysisInputs::SetMCSF] => MCSF = 0.978852, MCSF_err = 0.0792882
[AnalysisInputs::SetMCSF] sample : ggZZto2e2mu
[AnalysisInputs::SetMCSF] => MCSF = 0.978852, MCSF_err = 0.0792882
[AnalysisInputs::SetMCSF] sample : ggZZto2e2nu
[AnalysisInputs::SetMCSF] => MCSF = 0.978852, MCSF_err = 0.0792882
[AnalysisInputs::SetMCSF] sample : ggZZto2e2tau
[AnalysisInputs::SetMCSF] => MCSF = 0.978852, MCSF_err = 0.0792882
[AnalysisInputs::SetMCSF] sample : ggZZto2mu2nu
[AnalysisInputs::SetMCSF] => MCSF = 0.978852, MCSF_err = 0.0792882
[AnalysisInputs::SetMCSF] sample : ggZZto2mu2tau
[AnalysisInputs::SetMCSF] => MCSF = 0.978852, MCSF_err = 0.0792882
[AnalysisInputs::SetMCSF] sample : ggZZto4e
[AnalysisInputs::SetMCSF] => MCSF = 0.978852, MCSF_err = 0.0792882
[AnalysisInputs::SetMCSF] sample : ggZZto4mu
[AnalysisInputs::SetMCSF] => MCSF = 0.978852, MCSF_err = 0.0792882
[AnalysisInputs::SetMCSF] sample : ggZZto4tau
[AnalysisInputs::SetMCSF] => MCSF = 0.978852, MCSF_err = 0.0792882
[AnalysisInputs::SetMCSF] sample : ggHtoZZ
[AnalysisInputs::SetMCSF] => MCSF = 0.978852, MCSF_err = 0.0792882
[AnalysisInputs::SetCalculatedSysts] Get Systematics from /data8/Users/jskim/HN_dilepton_plotter/data/v8-0-7.37_Unblind/Syst.txt
[AnalysisInputs::SetCalculatedSysts] source : Luminosity
[AnalysisInputs::SetCalculatedSysts] => % sysematic = 0.025
[AnalysisInputs::SetCalculatedSysts] source : FakeLooseID
[AnalysisInputs::SetCalculatedSysts] => % sysematic = 0.3
[AnalysisInputs::SetCalculatedSysts] source : ChrageFlipSyst
[AnalysisInputs::SetCalculatedSysts] => % sysematic = 0.16
[CutRangeInfo::ReadCutCard] Get Cutcard from /data8/Users/jskim/HN_dilepton_plotter/data/v8-0-7.37_Unblind/CutOpCard/RunDirectory/Cards_MuEl_Bin1/HNMuEl_200.txt
Central	6.91036	1.12668	0
_MuonEn_up	7.12779	1.12668	0
_MuonEn_down	6.87563	1.12668	0
_MuonIDSF_up	7.0586	1.12668	0
_MuonIDSF_down	7.3551	1.12668	0
_ElectronEn_up	7.06023	1.12668	0
_ElectronEn_down	7.03037	1.12668	0
_ElectronIDSF_up	7.07972	1.12668	0
_ElectronIDSF_down	6.79423	1.12668	0
_TriggerSF_up	6.79159	1.12668	0
_TriggerSF_down	6.97048	1.12668	0
_PU_up	6.97453	1.12668	0
_PU_down	6.84014	1.12668	0
_JetEn_up	7.53103	1.12668	0
_JetEn_down	7.27479	1.12668	0
_JetRes_up	7.38829	1.12668	0
_JetRes_down	6.68828	1.12668	0
_Unclustered_up	6.85497	1.12668	0
_Unclustered_down	6.92168	1.12668	0
_BTagSFEff_up	6.91424	1.12668	0
_BTagSFEff_down	6.94397	1.12668	0
_BTagSFMiss_up	6.93533	1.12668	0
_BTagSFMiss_down	6.94028	1.12668	0
_JetMass_up	6.92073	1.12668	0
_JetMass_down	6.96567	1.12668	0
_JetMassRes_up	7.48757	1.12668	0
_JetMassRes_down	7.00744	1.12668	0
_Tau21_up	6.92584	1.12668	0
_Tau21_down	6.94327	1.12668	0

################ Sources ################
Source	SystTotal	SystPrompt	SystFake	Signal
Stat 18.77 20.94  37.91  -nan  1.35
Lumi 2.15  2.50 -  -  2.50
PDF  -  -  -  -  2.52
MuonPt  1.94 2.25  -  -  1.12
MuonID  4.12 4.80  -  -  1.60
ElectronE  1.69 1.96  -  -  0.61
ElectronID  1.81 2.10  -  -  1.39
Trigger  1.17 1.36  -  -  0.23
PU  0.84 0.97  -  -  1.48
JES  6.33 7.36  -  -  1.31
JER  4.64 5.39  -  -  1.66
Uncl  0.50 0.58  -  -  1.39
BEff  0.30 0.35  -  -  0.23
BMiss  0.34 0.40  -  -  0.48
JMS  0.50 0.58  -  -  0.05
JMR  5.15 5.99  -  -  0.06
Tau21  0.32 0.37  -  -  0.09
MCNorm 15.12  17.58 -  -  -
Fake 4.21  -  30.00 - -
CF 0.00  -  -  -nan -
Total Systematic 19.20 21.79  30.00  -nan  5.26

Total Background	8.037
- Prompt	6.910
- Fake	1.127
- CF	0.000
- Obs	11.000

####### Result #######
Signal Eff	0.053731
8.037035 1.268539
6.206270 1.054298
