
Processing CyclesForMixingLimit_MuEl_Bin1/HNMuEl_1100.C...
[AnalysisInputs::SetMCSF] Get MC SF from /data8/Users/jskim/HN_dilepton_plotter/data/v8-0-7.37_Unblind/MCSF.txt
[AnalysisInputs::SetMCSF] sample : VVV
[AnalysisInputs::SetMCSF] => MCSF = 1, MCSF_err = 0.5
[AnalysisInputs::SetMCSF] sample : WWW
[AnalysisInputs::SetMCSF] => MCSF = 1, MCSF_err = 0.5
[AnalysisInputs::SetMCSF] sample : WWZ
[AnalysisInputs::SetMCSF] => MCSF = 1, MCSF_err = 0.5
[AnalysisInputs::SetMCSF] sample : WZZ
[AnalysisInputs::SetMCSF] => MCSF = 1, MCSF_err = 0.5
[AnalysisInputs::SetMCSF] sample : ZZZ
[AnalysisInputs::SetMCSF] => MCSF = 1, MCSF_err = 0.5
[AnalysisInputs::SetMCSF] sample : ttV
[AnalysisInputs::SetMCSF] => MCSF = 1, MCSF_err = 0.5
[AnalysisInputs::SetMCSF] sample : ttW
[AnalysisInputs::SetMCSF] => MCSF = 1, MCSF_err = 0.5
[AnalysisInputs::SetMCSF] sample : ttZ
[AnalysisInputs::SetMCSF] => MCSF = 1, MCSF_err = 0.5
[AnalysisInputs::SetMCSF] sample : ttH_nonbb
[AnalysisInputs::SetMCSF] => MCSF = 1, MCSF_err = 0.5
[AnalysisInputs::SetMCSF] sample : top
[AnalysisInputs::SetMCSF] => MCSF = 1, MCSF_err = 0.5
[AnalysisInputs::SetMCSF] sample : WWTo2L2Nu_DS
[AnalysisInputs::SetMCSF] => MCSF = 1, MCSF_err = 0.5
[AnalysisInputs::SetMCSF] sample : WpWpEWK
[AnalysisInputs::SetMCSF] => MCSF = 1.3062, MCSF_err = 0.5
[AnalysisInputs::SetMCSF] sample : WpWpQCD
[AnalysisInputs::SetMCSF] => MCSF = 1.70026, MCSF_err = 0.5
[AnalysisInputs::SetMCSF] sample : WZTo3LNu_mllmin01
[AnalysisInputs::SetMCSF] => MCSF = 0.65, MCSF_err = 0.06
[AnalysisInputs::SetMCSF] sample : WZTo3LNu_powheg
[AnalysisInputs::SetMCSF] => MCSF = 1.05044, MCSF_err = 0.0648798
[AnalysisInputs::SetMCSF] sample : ZGto2LG
[AnalysisInputs::SetMCSF] => MCSF = 1.09954, MCSF_err = 0.076377
[AnalysisInputs::SetMCSF] sample : WGtoLNuG
[AnalysisInputs::SetMCSF] => MCSF = 1, MCSF_err = 0.076377
[AnalysisInputs::SetMCSF] sample : WGtoLNuG_weighted
[AnalysisInputs::SetMCSF] => MCSF = 1, MCSF_err = 0.076377
[AnalysisInputs::SetMCSF] sample : ZZTo4L_powheg
[AnalysisInputs::SetMCSF] => MCSF = 0.978852, MCSF_err = 0.0792882
[AnalysisInputs::SetMCSF] sample : ggZZto2e2mu
[AnalysisInputs::SetMCSF] => MCSF = 0.978852, MCSF_err = 0.0792882
[AnalysisInputs::SetMCSF] sample : ggZZto2e2nu
[AnalysisInputs::SetMCSF] => MCSF = 0.978852, MCSF_err = 0.0792882
[AnalysisInputs::SetMCSF] sample : ggZZto2e2tau
[AnalysisInputs::SetMCSF] => MCSF = 0.978852, MCSF_err = 0.0792882
[AnalysisInputs::SetMCSF] sample : ggZZto2mu2nu
[AnalysisInputs::SetMCSF] => MCSF = 0.978852, MCSF_err = 0.0792882
[AnalysisInputs::SetMCSF] sample : ggZZto2mu2tau
[AnalysisInputs::SetMCSF] => MCSF = 0.978852, MCSF_err = 0.0792882
[AnalysisInputs::SetMCSF] sample : ggZZto4e
[AnalysisInputs::SetMCSF] => MCSF = 0.978852, MCSF_err = 0.0792882
[AnalysisInputs::SetMCSF] sample : ggZZto4mu
[AnalysisInputs::SetMCSF] => MCSF = 0.978852, MCSF_err = 0.0792882
[AnalysisInputs::SetMCSF] sample : ggZZto4tau
[AnalysisInputs::SetMCSF] => MCSF = 0.978852, MCSF_err = 0.0792882
[AnalysisInputs::SetMCSF] sample : ggHtoZZ
[AnalysisInputs::SetMCSF] => MCSF = 0.978852, MCSF_err = 0.0792882
[AnalysisInputs::SetCalculatedSysts] Get Systematics from /data8/Users/jskim/HN_dilepton_plotter/data/v8-0-7.37_Unblind/Syst.txt
[AnalysisInputs::SetCalculatedSysts] source : Luminosity
[AnalysisInputs::SetCalculatedSysts] => % sysematic = 0.025
[AnalysisInputs::SetCalculatedSysts] source : FakeLooseID
[AnalysisInputs::SetCalculatedSysts] => % sysematic = 0.3
[AnalysisInputs::SetCalculatedSysts] source : ChrageFlipSyst
[AnalysisInputs::SetCalculatedSysts] => % sysematic = 0.16
[CutRangeInfo::ReadCutCard] Get Cutcard from /data8/Users/jskim/HN_dilepton_plotter/data/v8-0-7.37_Unblind/CutOpCard/RunDirectory/Cards_MuEl_Bin1/HNMuEl_1100.txt
Central	0.878491	0.119555	0
_MuonEn_up	0.951841	0.119555	0
_MuonEn_down	0.861369	0.119555	0
_MuonIDSF_up	0.90401	0.119555	0
_MuonIDSF_down	0.862808	0.119555	0
_ElectronEn_up	0.895837	0.119555	0
_ElectronEn_down	0.88201	0.119555	0
_ElectronIDSF_up	0.914771	0.119555	0
_ElectronIDSF_down	0.857079	0.119555	0
_TriggerSF_up	0.881944	0.119555	0
_TriggerSF_down	0.887826	0.119555	0
_PU_up	0.823969	0.119555	0
_PU_down	0.91008	0.119555	0
_JetEn_up	1.18108	0.119555	0
_JetEn_down	1.45071	0.119555	0
_JetRes_up	0.903698	0.119555	0
_JetRes_down	0.86602	0.119555	0
_Unclustered_up	0.886579	0.119555	0
_Unclustered_down	0.896686	0.119555	0
_BTagSFEff_up	0.878102	0.119555	0
_BTagSFEff_down	0.876971	0.119555	0
_BTagSFMiss_up	0.878407	0.119555	0
_BTagSFMiss_down	0.884841	0.119555	0
_JetMass_up	0.884841	0.119555	0
_JetMass_down	0.884841	0.119555	0
_JetMassRes_up	0.887975	0.119555	0
_JetMassRes_down	0.887793	0.119555	0
_Tau21_up	0.884841	0.119555	0
_Tau21_down	0.878721	0.119555	0

################ Sources ################
Source	SystTotal	SystPrompt	SystFake	Signal
Stat 52.81 54.43  185.51  -nan  2.01
Lumi 2.20  2.50 -  -  2.50
PDF  -  -  -  -  2.52
MuonPt  5.34 6.06  -  -  1.81
MuonID  2.12 2.41  -  -  1.88
ElectronE  1.25 1.42  -  -  0.35
ElectronID  2.98 3.39  -  -  1.88
Trigger  0.71 0.80  -  -  0.42
PU  4.46 5.07  -  -  1.28
JES  45.86 52.10  -  -  2.26
JER  1.99 2.26  -  -  1.33
Uncl  1.41 1.60  -  -  1.24
BEff  0.11 0.13  -  -  0.39
BMiss  0.45 0.51  -  -  0.70
JMS  0.64 0.72  -  -  0.42
JMR  0.94 1.07  -  -  0.40
Tau21  0.45 0.51  -  -  0.22
MCNorm 21.37  24.27 -  -  -
Fake 3.59  -  30.00 - -
CF 0.00  -  -  -nan -
Total Systematic 51.47 58.33  30.00  -nan  5.86

Total Background	0.998
- Prompt	0.878
- Fake	0.120
- CF	0.000
- Obs	1.000

####### Result #######
Signal Eff	0.026294
0.998046 1.737441
0.002934 1.061929
