
Processing Bin2_HNMuMu_60.C...
[AnalysisInputs::SetMCSF] Get MC SF from /home/jskim/Documents/trilepton_13TeV/DiLepton/data/v8-0-7.36/MCSF.txt
[AnalysisInputs::SetMCSF] sample : VVV
[AnalysisInputs::SetMCSF] => MCSF = 1, MCSF_err = 0.5
[AnalysisInputs::SetMCSF] sample : WWW
[AnalysisInputs::SetMCSF] => MCSF = 1, MCSF_err = 0.5
[AnalysisInputs::SetMCSF] sample : WWZ
[AnalysisInputs::SetMCSF] => MCSF = 1, MCSF_err = 0.5
[AnalysisInputs::SetMCSF] sample : WZZ
[AnalysisInputs::SetMCSF] => MCSF = 1, MCSF_err = 0.5
[AnalysisInputs::SetMCSF] sample : ZZZ
[AnalysisInputs::SetMCSF] => MCSF = 1, MCSF_err = 0.5
[AnalysisInputs::SetMCSF] sample : ttV
[AnalysisInputs::SetMCSF] => MCSF = 1, MCSF_err = 0.5
[AnalysisInputs::SetMCSF] sample : ttW
[AnalysisInputs::SetMCSF] => MCSF = 1, MCSF_err = 0.5
[AnalysisInputs::SetMCSF] sample : ttZ
[AnalysisInputs::SetMCSF] => MCSF = 1, MCSF_err = 0.5
[AnalysisInputs::SetMCSF] sample : ttH_nonbb
[AnalysisInputs::SetMCSF] => MCSF = 1, MCSF_err = 0.5
[AnalysisInputs::SetMCSF] sample : top
[AnalysisInputs::SetMCSF] => MCSF = 1, MCSF_err = 0.5
[AnalysisInputs::SetMCSF] sample : WZTo3LNu_powheg
[AnalysisInputs::SetMCSF] => MCSF = 1.00165, MCSF_err = 0.0888561
[AnalysisInputs::SetMCSF] sample : ZGto2LG
[AnalysisInputs::SetMCSF] => MCSF = 0.794861, MCSF_err = 0.155181
[AnalysisInputs::SetMCSF] sample : ZZTo4L_powheg
[AnalysisInputs::SetMCSF] => MCSF = 0.926685, MCSF_err = 0.102827
[AnalysisInputs::SetMCSF] sample : ggZZto2e2mu
[AnalysisInputs::SetMCSF] => MCSF = 0.926685, MCSF_err = 0.102827
[AnalysisInputs::SetMCSF] sample : ggZZto2e2nu
[AnalysisInputs::SetMCSF] => MCSF = 0.926685, MCSF_err = 0.102827
[AnalysisInputs::SetMCSF] sample : ggZZto2e2tau
[AnalysisInputs::SetMCSF] => MCSF = 0.926685, MCSF_err = 0.102827
[AnalysisInputs::SetMCSF] sample : ggZZto2mu2nu
[AnalysisInputs::SetMCSF] => MCSF = 0.926685, MCSF_err = 0.102827
[AnalysisInputs::SetMCSF] sample : ggZZto2mu2tau
[AnalysisInputs::SetMCSF] => MCSF = 0.926685, MCSF_err = 0.102827
[AnalysisInputs::SetMCSF] sample : ggZZto4e
[AnalysisInputs::SetMCSF] => MCSF = 0.926685, MCSF_err = 0.102827
[AnalysisInputs::SetMCSF] sample : ggZZto4mu
[AnalysisInputs::SetMCSF] => MCSF = 0.926685, MCSF_err = 0.102827
[AnalysisInputs::SetMCSF] sample : ggZZto4tau
[AnalysisInputs::SetMCSF] => MCSF = 0.926685, MCSF_err = 0.102827
[AnalysisInputs::SetCalculatedSysts] Get Systematics from /home/jskim/Documents/trilepton_13TeV/DiLepton/data/v8-0-7.36/Syst.txt
[AnalysisInputs::SetCalculatedSysts] source : Luminosity
[AnalysisInputs::SetCalculatedSysts] => % sysematic = 0.025
[AnalysisInputs::SetCalculatedSysts] source : FakeLooseID
[AnalysisInputs::SetCalculatedSysts] => % sysematic = 0.3
[AnalysisInputs::SetCalculatedSysts] source : ChrageFlipSyst
[AnalysisInputs::SetCalculatedSysts] => % sysematic = 0.21
[CutRangeInfo::ReadCutCard] Get Cutcard from /home/jskim/Documents/trilepton_13TeV/DiLepton/data/v8-0-7.36/CutOpCard/OPTIMIZED_171021_MuMu_LowMass_Bin2/HNMuMu_60.txt
prompt_tau21_syst = 0
signal_tau21_syst = 0
Central	15.377	19.6922	0
_MuonEn_up	15.1999	19.6922	0
_MuonEn_down	15.4382	19.6922	0
_MuonIDSF_up	15.8755	19.6922	0
_MuonIDSF_down	14.8978	19.6922	0
_ElectronEn_up	15.3571	19.6922	0
_ElectronEn_down	15.3841	19.6922	0
_ElectronIDSF_up	15.2828	19.6922	0
_ElectronIDSF_down	15.3771	19.6922	0
_TriggerSF_up	15.3698	19.6922	0
_TriggerSF_down	15.3771	19.6922	0
_PU_up	15.2269	19.6922	0
_PU_down	15.5592	19.6922	0
_JetEn_up	16.0769	19.6922	0
_JetEn_down	15.0285	19.6922	0
_JetRes_up	15.7911	19.6922	0
_JetRes_down	14.9449	19.6922	0
_Unclustered_up	14.042	19.6922	0
_Unclustered_down	15.9154	19.6922	0
_BTagSFEff_up	15.3764	19.6922	0
_BTagSFEff_down	15.3705	19.6922	0
_BTagSFMiss_up	15.308	19.6922	0
_BTagSFMiss_down	15.384	19.6922	0
_JetMass_up	15.3764	19.6922	0
_JetMass_down	15.2034	19.6922	0
_JetMassRes_up	15.3771	19.6922	0
_JetMassRes_down	15.3833	19.6922	0

################ Sources ################
Source	SystTotal	SystPrompt	SystFake	Signal
Stat 9.50 18.67  8.59  -nan  4.41
Lumi 1.10  2.50 -  -  2.50
PDF  -  -  -  -  7.01
MuonPt  0.38 0.86  -  -  1.85
MuonID  1.39 3.18  -  -  3.36
ElectronE  0.04 0.10  -  -  0.42
ElectronID  0.19 0.43  -  -  0.48
Trigger  0.01 0.03  -  -  0.55
PU  0.48 1.09  -  -  2.90
JES  1.58 3.60  -  -  1.83
JER  1.21 2.75  -  -  1.97
Uncl  2.90 6.62  -  -  4.58
BEff  0.01 0.03  -  -  0.49
BMiss  0.14 0.32  -  -  0.59
JMS  0.35 0.80  -  -  0.52
JMR  0.01 0.03  -  -  0.64
Tau21 0.00  0.00 -  -  0.00
MCNorm 1.31  2.98 -  -  -
Fake 16.85  -  30.00 - -
CF 0.00  -  -  -nan -
Total Systematic 17.37 9.61  30.00  -nan  10.43

Total Background	35.069
- Prompt	15.377
- Fake	19.692
- CF	0.000

####### Result #######
Signal Eff	0.007150
35.069261 1.197944
2807.999559 1.113215
