
Processing HNElEl_1100.C...
[AnalysisInputs::SetMCSF] Get MC SF from /home/jskim/Documents/trilepton_13TeV/DiLepton/data/v8-0-7.36/MCSF.txt
[AnalysisInputs::SetMCSF] sample : VVV
[AnalysisInputs::SetMCSF] => MCSF = 1, MCSF_err = 0.5
[AnalysisInputs::SetMCSF] sample : WWW
[AnalysisInputs::SetMCSF] => MCSF = 1, MCSF_err = 0.5
[AnalysisInputs::SetMCSF] sample : WWZ
[AnalysisInputs::SetMCSF] => MCSF = 1, MCSF_err = 0.5
[AnalysisInputs::SetMCSF] sample : WZZ
[AnalysisInputs::SetMCSF] => MCSF = 1, MCSF_err = 0.5
[AnalysisInputs::SetMCSF] sample : ZZZ
[AnalysisInputs::SetMCSF] => MCSF = 1, MCSF_err = 0.5
[AnalysisInputs::SetMCSF] sample : ttV
[AnalysisInputs::SetMCSF] => MCSF = 1, MCSF_err = 0.5
[AnalysisInputs::SetMCSF] sample : ttW
[AnalysisInputs::SetMCSF] => MCSF = 1, MCSF_err = 0.5
[AnalysisInputs::SetMCSF] sample : ttZ
[AnalysisInputs::SetMCSF] => MCSF = 1, MCSF_err = 0.5
[AnalysisInputs::SetMCSF] sample : ttH_nonbb
[AnalysisInputs::SetMCSF] => MCSF = 1, MCSF_err = 0.5
[AnalysisInputs::SetMCSF] sample : top
[AnalysisInputs::SetMCSF] => MCSF = 1, MCSF_err = 0.5
[AnalysisInputs::SetMCSF] sample : WZTo3LNu_powheg
[AnalysisInputs::SetMCSF] => MCSF = 1.00165, MCSF_err = 0.0888561
[AnalysisInputs::SetMCSF] sample : ZGto2LG
[AnalysisInputs::SetMCSF] => MCSF = 0.794861, MCSF_err = 0.155181
[AnalysisInputs::SetMCSF] sample : ZZTo4L_powheg
[AnalysisInputs::SetMCSF] => MCSF = 0.926685, MCSF_err = 0.102827
[AnalysisInputs::SetMCSF] sample : ggZZto2e2mu
[AnalysisInputs::SetMCSF] => MCSF = 0.926685, MCSF_err = 0.102827
[AnalysisInputs::SetMCSF] sample : ggZZto2e2nu
[AnalysisInputs::SetMCSF] => MCSF = 0.926685, MCSF_err = 0.102827
[AnalysisInputs::SetMCSF] sample : ggZZto2e2tau
[AnalysisInputs::SetMCSF] => MCSF = 0.926685, MCSF_err = 0.102827
[AnalysisInputs::SetMCSF] sample : ggZZto2mu2nu
[AnalysisInputs::SetMCSF] => MCSF = 0.926685, MCSF_err = 0.102827
[AnalysisInputs::SetMCSF] sample : ggZZto2mu2tau
[AnalysisInputs::SetMCSF] => MCSF = 0.926685, MCSF_err = 0.102827
[AnalysisInputs::SetMCSF] sample : ggZZto4e
[AnalysisInputs::SetMCSF] => MCSF = 0.926685, MCSF_err = 0.102827
[AnalysisInputs::SetMCSF] sample : ggZZto4mu
[AnalysisInputs::SetMCSF] => MCSF = 0.926685, MCSF_err = 0.102827
[AnalysisInputs::SetMCSF] sample : ggZZto4tau
[AnalysisInputs::SetMCSF] => MCSF = 0.926685, MCSF_err = 0.102827
[AnalysisInputs::SetCalculatedSysts] Get Systematics from /home/jskim/Documents/trilepton_13TeV/DiLepton/data/v8-0-7.36/Syst.txt
[AnalysisInputs::SetCalculatedSysts] source : Luminosity
[AnalysisInputs::SetCalculatedSysts] => % sysematic = 0.025
[AnalysisInputs::SetCalculatedSysts] source : FakeLooseID
[AnalysisInputs::SetCalculatedSysts] => % sysematic = 0.3
[AnalysisInputs::SetCalculatedSysts] source : ChrageFlipSyst
[AnalysisInputs::SetCalculatedSysts] => % sysematic = 0.21
[CutRangeInfo::ReadCutCard] Get Cutcard from /home/jskim/Documents/trilepton_13TeV/DiLepton/data/v8-0-7.36/CutOpCard/OPTIMIZED_171107_ElEl_HighMass/HNElEl_1100.txt
prompt_tau21_syst = 0
signal_tau21_syst = 0
Central	0.794768	0.0671428	0.230113
_MuonEn_up	0.8329	0.0671428	0.230113
_MuonEn_down	0.789129	0.0671428	0.230113
_MuonIDSF_up	0.795613	0.0671428	0.230113
_MuonIDSF_down	0.830958	0.0671428	0.230113
_ElectronEn_up	0.88626	0.0671428	0.230113
_ElectronEn_down	0.792142	0.0671428	0.230113
_ElectronIDSF_up	0.829191	0.0671428	0.230113
_ElectronIDSF_down	0.764463	0.0671428	0.230113
_TriggerSF_up	0.793823	0.0671428	0.230113
_TriggerSF_down	0.790157	0.0671428	0.230113
_PU_up	0.738534	0.0671428	0.230113
_PU_down	0.856517	0.0671428	0.230113
_JetEn_up	0.953606	0.0671428	0.230113
_JetEn_down	0.890969	0.0671428	0.230113
_JetRes_up	0.720707	0.0671428	0.230113
_JetRes_down	0.722695	0.0671428	0.230113
_Unclustered_up	0.837194	0.0671428	0.230113
_Unclustered_down	0.84123	0.0671428	0.230113
_BTagSFEff_up	0.788811	0.0671428	0.230113
_BTagSFEff_down	0.793335	0.0671428	0.230113
_BTagSFMiss_up	0.789289	0.0671428	0.230113
_BTagSFMiss_down	0.792471	0.0671428	0.230113
_JetMass_up	0.793823	0.0671428	0.230113
_JetMass_down	0.790427	0.0671428	0.230113
_JetMassRes_up	0.720927	0.0671428	0.230113
_JetMassRes_down	0.781373	0.0671428	0.230113

################ Sources ################
Source	SystTotal	SystPrompt	SystFake	Signal
Stat 19.58 24.71  126.10  11.53  2.45
Lumi 1.82  2.50 -  -  2.50
PDF  -  -  -  -  8.53
MuonPt  2.50 3.43  -  -  0.25
MuonID  2.34 3.22  -  -  0.42
ElectronE  5.93 8.14  -  -  0.14
ElectronID  2.97 4.08  -  -  4.25
Trigger  0.30 0.42  -  -  0.19
PU  5.41 7.43  -  -  0.59
JES  12.02 16.52  -  -  1.91
JER  6.69 9.19  -  -  0.93
Uncl  4.07 5.60  -  -  0.76
BEff  0.40 0.55  -  -  0.19
BMiss  0.38 0.53  -  -  0.18
JMS  0.29 0.40  -  -  0.48
JMR  4.86 6.68  -  -  0.15
Tau21 0.00  0.00 -  -  0.00
MCNorm 6.87  9.44 -  -  -
Fake 1.84  -  30.00 - -
CF 4.43  -  -  21.00 -
Total Systematic 19.21 26.27  30.00  21.00  10.16

Total Background	1.092
- Prompt	0.795
- Fake	0.067
- CF	0.230

####### Result #######
Signal Eff	0.035696
1.092024 1.278899
0.003616 1.104467
