
Processing Bin2_HNMuEl_1300.C...
[AnalysisInputs::SetMCSF] Get MC SF from /home/jskim/Documents/trilepton_13TeV/DiLepton/data/v8-0-7.36/MCSF.txt
[AnalysisInputs::SetMCSF] sample : VVV
[AnalysisInputs::SetMCSF] => MCSF = 1, MCSF_err = 0.5
[AnalysisInputs::SetMCSF] sample : WWW
[AnalysisInputs::SetMCSF] => MCSF = 1, MCSF_err = 0.5
[AnalysisInputs::SetMCSF] sample : WWZ
[AnalysisInputs::SetMCSF] => MCSF = 1, MCSF_err = 0.5
[AnalysisInputs::SetMCSF] sample : WZZ
[AnalysisInputs::SetMCSF] => MCSF = 1, MCSF_err = 0.5
[AnalysisInputs::SetMCSF] sample : ZZZ
[AnalysisInputs::SetMCSF] => MCSF = 1, MCSF_err = 0.5
[AnalysisInputs::SetMCSF] sample : ttV
[AnalysisInputs::SetMCSF] => MCSF = 1, MCSF_err = 0.5
[AnalysisInputs::SetMCSF] sample : ttW
[AnalysisInputs::SetMCSF] => MCSF = 1, MCSF_err = 0.5
[AnalysisInputs::SetMCSF] sample : ttZ
[AnalysisInputs::SetMCSF] => MCSF = 1, MCSF_err = 0.5
[AnalysisInputs::SetMCSF] sample : ttH_nonbb
[AnalysisInputs::SetMCSF] => MCSF = 1, MCSF_err = 0.5
[AnalysisInputs::SetMCSF] sample : top
[AnalysisInputs::SetMCSF] => MCSF = 1, MCSF_err = 0.5
[AnalysisInputs::SetMCSF] sample : WZTo3LNu_powheg
[AnalysisInputs::SetMCSF] => MCSF = 1.00165, MCSF_err = 0.0888561
[AnalysisInputs::SetMCSF] sample : ZGto2LG
[AnalysisInputs::SetMCSF] => MCSF = 0.794861, MCSF_err = 0.155181
[AnalysisInputs::SetMCSF] sample : ZZTo4L_powheg
[AnalysisInputs::SetMCSF] => MCSF = 0.926685, MCSF_err = 0.102827
[AnalysisInputs::SetMCSF] sample : ggZZto2e2mu
[AnalysisInputs::SetMCSF] => MCSF = 0.926685, MCSF_err = 0.102827
[AnalysisInputs::SetMCSF] sample : ggZZto2e2nu
[AnalysisInputs::SetMCSF] => MCSF = 0.926685, MCSF_err = 0.102827
[AnalysisInputs::SetMCSF] sample : ggZZto2e2tau
[AnalysisInputs::SetMCSF] => MCSF = 0.926685, MCSF_err = 0.102827
[AnalysisInputs::SetMCSF] sample : ggZZto2mu2nu
[AnalysisInputs::SetMCSF] => MCSF = 0.926685, MCSF_err = 0.102827
[AnalysisInputs::SetMCSF] sample : ggZZto2mu2tau
[AnalysisInputs::SetMCSF] => MCSF = 0.926685, MCSF_err = 0.102827
[AnalysisInputs::SetMCSF] sample : ggZZto4e
[AnalysisInputs::SetMCSF] => MCSF = 0.926685, MCSF_err = 0.102827
[AnalysisInputs::SetMCSF] sample : ggZZto4mu
[AnalysisInputs::SetMCSF] => MCSF = 0.926685, MCSF_err = 0.102827
[AnalysisInputs::SetMCSF] sample : ggZZto4tau
[AnalysisInputs::SetMCSF] => MCSF = 0.926685, MCSF_err = 0.102827
[AnalysisInputs::SetCalculatedSysts] Get Systematics from /home/jskim/Documents/trilepton_13TeV/DiLepton/data/v8-0-7.36/Syst.txt
[AnalysisInputs::SetCalculatedSysts] source : Luminosity
[AnalysisInputs::SetCalculatedSysts] => % sysematic = 0.025
[AnalysisInputs::SetCalculatedSysts] source : FakeLooseID
[AnalysisInputs::SetCalculatedSysts] => % sysematic = 0.3
[AnalysisInputs::SetCalculatedSysts] source : ChrageFlipSyst
[AnalysisInputs::SetCalculatedSysts] => % sysematic = 0.21
[CutRangeInfo::ReadCutCard] Get Cutcard from /home/jskim/Documents/trilepton_13TeV/DiLepton/data/v8-0-7.36/CutOpCard/OPTIMIZED_171108_MuEl_HighMass_Bin2/HNMuEl_1300.txt
prompt_tau21_syst = 0.00405366
signal_tau21_syst = 0.000818338
Central	0.0528962	0	0
_MuonEn_up	0.213316	0	0
_MuonEn_down	0.046868	0	0
_MuonIDSF_up	0.0533149	0	0
_MuonIDSF_down	0.0488008	0	0
_ElectronEn_up	0.0522732	0	0
_ElectronEn_down	0.0498321	0	0
_ElectronIDSF_up	0.0508936	0	0
_ElectronIDSF_down	0.0519085	0	0
_TriggerSF_up	0.0498323	0	0
_TriggerSF_down	0.0498321	0	0
_PU_up	0.0493979	0	0
_PU_down	0.0550487	0	0
_JetEn_up	0.130319	0	0
_JetEn_down	0.20481	0	0
_JetRes_up	0.0502821	0	0
_JetRes_down	0.0498321	0	0
_Unclustered_up	0.121004	0	0
_Unclustered_down	0.125644	0	0
_BTagSFEff_up	0.047546	0	0
_BTagSFEff_down	0.0554641	0	0
_BTagSFMiss_up	0.0498321	0	0
_BTagSFMiss_down	0.0498321	0	0
_JetMass_up	0.0522732	0	0
_JetMass_down	0.0498321	0	0
_JetMassRes_up	0.0498321	0	0
_JetMassRes_down	0.043324	0	0

################ Sources ################
Source	SystTotal	SystPrompt	SystFake	Signal
Stat 27.55 27.55  -nan  -nan  0.72
Lumi 2.50  2.50 -  -  2.50
PDF  -  -  -  -  8.53
MuonPt  214.60 214.60  -  -  0.47
MuonID  5.50 5.50  -  -  1.93
ElectronE  4.18 4.18  -  -  0.05
ElectronID  2.99 2.99  -  -  2.22
Trigger  5.79 5.79  -  -  0.06
PU  5.49 5.49  -  -  0.98
JES  227.93 227.93  -  -  0.18
JER  5.38 5.38  -  -  0.15
Uncl  133.22 133.22  -  -  0.22
BEff  7.93 7.93  -  -  0.56
BMiss  5.79 5.79  -  -  0.44
JMS  4.18 4.18  -  -  0.10
JMR  13.44 13.44  -  -  0.12
Tau21 7.66  7.66 -  -  7.26
MCNorm 17.57  17.57 -  -  -
Fake 0.00  -  -nan - -
CF 0.00  -  -  -nan -
Total Systematic 341.42 341.42  -nan  -nan  9.46

Total Background	0.053
- Prompt	0.053
- Fake	0.000
- CF	0.000

####### Result #######
Signal Eff	0.254557
0.052896 4.425291
0.011269 1.119463
