
Processing Bin2_HNMuEl_250.C...
[AnalysisInputs::SetMCSF] Get MC SF from /home/jskim/Documents/trilepton_13TeV/DiLepton/data/v8-0-7.36/MCSF.txt
[AnalysisInputs::SetMCSF] sample : VVV
[AnalysisInputs::SetMCSF] => MCSF = 1, MCSF_err = 0.5
[AnalysisInputs::SetMCSF] sample : WWW
[AnalysisInputs::SetMCSF] => MCSF = 1, MCSF_err = 0.5
[AnalysisInputs::SetMCSF] sample : WWZ
[AnalysisInputs::SetMCSF] => MCSF = 1, MCSF_err = 0.5
[AnalysisInputs::SetMCSF] sample : WZZ
[AnalysisInputs::SetMCSF] => MCSF = 1, MCSF_err = 0.5
[AnalysisInputs::SetMCSF] sample : ZZZ
[AnalysisInputs::SetMCSF] => MCSF = 1, MCSF_err = 0.5
[AnalysisInputs::SetMCSF] sample : ttV
[AnalysisInputs::SetMCSF] => MCSF = 1, MCSF_err = 0.5
[AnalysisInputs::SetMCSF] sample : ttW
[AnalysisInputs::SetMCSF] => MCSF = 1, MCSF_err = 0.5
[AnalysisInputs::SetMCSF] sample : ttZ
[AnalysisInputs::SetMCSF] => MCSF = 1, MCSF_err = 0.5
[AnalysisInputs::SetMCSF] sample : ttH_nonbb
[AnalysisInputs::SetMCSF] => MCSF = 1, MCSF_err = 0.5
[AnalysisInputs::SetMCSF] sample : top
[AnalysisInputs::SetMCSF] => MCSF = 1, MCSF_err = 0.5
[AnalysisInputs::SetMCSF] sample : WZTo3LNu_powheg
[AnalysisInputs::SetMCSF] => MCSF = 1.00165, MCSF_err = 0.0888561
[AnalysisInputs::SetMCSF] sample : ZGto2LG
[AnalysisInputs::SetMCSF] => MCSF = 0.794861, MCSF_err = 0.155181
[AnalysisInputs::SetMCSF] sample : ZZTo4L_powheg
[AnalysisInputs::SetMCSF] => MCSF = 0.926685, MCSF_err = 0.102827
[AnalysisInputs::SetMCSF] sample : ggZZto2e2mu
[AnalysisInputs::SetMCSF] => MCSF = 0.926685, MCSF_err = 0.102827
[AnalysisInputs::SetMCSF] sample : ggZZto2e2nu
[AnalysisInputs::SetMCSF] => MCSF = 0.926685, MCSF_err = 0.102827
[AnalysisInputs::SetMCSF] sample : ggZZto2e2tau
[AnalysisInputs::SetMCSF] => MCSF = 0.926685, MCSF_err = 0.102827
[AnalysisInputs::SetMCSF] sample : ggZZto2mu2nu
[AnalysisInputs::SetMCSF] => MCSF = 0.926685, MCSF_err = 0.102827
[AnalysisInputs::SetMCSF] sample : ggZZto2mu2tau
[AnalysisInputs::SetMCSF] => MCSF = 0.926685, MCSF_err = 0.102827
[AnalysisInputs::SetMCSF] sample : ggZZto4e
[AnalysisInputs::SetMCSF] => MCSF = 0.926685, MCSF_err = 0.102827
[AnalysisInputs::SetMCSF] sample : ggZZto4mu
[AnalysisInputs::SetMCSF] => MCSF = 0.926685, MCSF_err = 0.102827
[AnalysisInputs::SetMCSF] sample : ggZZto4tau
[AnalysisInputs::SetMCSF] => MCSF = 0.926685, MCSF_err = 0.102827
[AnalysisInputs::SetCalculatedSysts] Get Systematics from /home/jskim/Documents/trilepton_13TeV/DiLepton/data/v8-0-7.36/Syst.txt
[AnalysisInputs::SetCalculatedSysts] source : Luminosity
[AnalysisInputs::SetCalculatedSysts] => % sysematic = 0.025
[AnalysisInputs::SetCalculatedSysts] source : FakeLooseID
[AnalysisInputs::SetCalculatedSysts] => % sysematic = 0.3
[AnalysisInputs::SetCalculatedSysts] source : ChrageFlipSyst
[AnalysisInputs::SetCalculatedSysts] => % sysematic = 0.21
[CutRangeInfo::ReadCutCard] Get Cutcard from /home/jskim/Documents/trilepton_13TeV/DiLepton/data/v8-0-7.36/CutOpCard/OPTIMIZED_171108_MuEl_HighMass_Bin2/HNMuEl_250.txt
prompt_tau21_syst = 0.0869474
signal_tau21_syst = 0.0682975
Central	1.19593	0.264581	0
_MuonEn_up	1.18773	0.264581	0
_MuonEn_down	1.20893	0.264581	0
_MuonIDSF_up	1.24096	0.264581	0
_MuonIDSF_down	1.1822	0.264581	0
_ElectronEn_up	1.2163	0.264581	0
_ElectronEn_down	1.19549	0.264581	0
_ElectronIDSF_up	1.15979	0.264581	0
_ElectronIDSF_down	1.18143	0.264581	0
_TriggerSF_up	1.20805	0.264581	0
_TriggerSF_down	1.20103	0.264581	0
_PU_up	1.19949	0.264581	0
_PU_down	1.2119	0.264581	0
_JetEn_up	1.23223	0.264581	0
_JetEn_down	1.18806	0.264581	0
_JetRes_up	1.13481	0.264581	0
_JetRes_down	1.19612	0.264581	0
_Unclustered_up	1.2093	0.264581	0
_Unclustered_down	1.20789	0.264581	0
_BTagSFEff_up	1.18283	0.264581	0
_BTagSFEff_down	1.21754	0.264581	0
_BTagSFMiss_up	1.18788	0.264581	0
_BTagSFMiss_down	1.19738	0.264581	0
_JetMass_up	1.21727	0.264581	0
_JetMass_down	1.19706	0.264581	0
_JetMassRes_up	1.20076	0.264581	0
_JetMassRes_down	1.20048	0.264581	0

################ Sources ################
Source	SystTotal	SystPrompt	SystFake	Signal
Stat 18.20 19.26  50.14  -nan  2.42
Lumi 2.05  2.50 -  -  2.50
PDF  -  -  -  -  8.53
MuonPt  0.74 0.91  -  -  0.32
MuonID  2.28 2.78  -  -  2.14
ElectronE  0.99 1.20  -  -  0.52
ElectronID  1.89 2.30  -  -  2.10
Trigger  0.64 0.78  -  -  0.12
PU  0.79 0.97  -  -  1.04
JES  1.80 2.20  -  -  1.81
JER  2.96 3.61  -  -  0.14
Uncl  0.87 1.06  -  -  0.52
BEff  1.22 1.49  -  -  0.04
BMiss  0.40 0.48  -  -  0.33
JMS  1.03 1.26  -  -  0.28
JMR  0.32 0.39  -  -  0.08
Tau21 5.95  7.27 -  -  7.24
MCNorm 16.72  20.41 -  -  -
Fake 5.43  -  30.00 - -
CF 0.00  -  -  -nan -
Total Systematic 19.38 22.71  30.00  -nan  9.65

Total Background	1.461
- Prompt	1.196
- Fake	0.265
- CF	0.000

####### Result #######
Signal Eff	0.020034
1.460508 1.265837
0.943807 1.123046
