
Processing Bin2_HNMuEl_125.C...
[AnalysisInputs::SetMCSF] Get MC SF from /home/jskim/Documents/trilepton_13TeV/DiLepton/data/v8-0-7.36/MCSF.txt
[AnalysisInputs::SetMCSF] sample : VVV
[AnalysisInputs::SetMCSF] => MCSF = 1, MCSF_err = 0.5
[AnalysisInputs::SetMCSF] sample : WWW
[AnalysisInputs::SetMCSF] => MCSF = 1, MCSF_err = 0.5
[AnalysisInputs::SetMCSF] sample : WWZ
[AnalysisInputs::SetMCSF] => MCSF = 1, MCSF_err = 0.5
[AnalysisInputs::SetMCSF] sample : WZZ
[AnalysisInputs::SetMCSF] => MCSF = 1, MCSF_err = 0.5
[AnalysisInputs::SetMCSF] sample : ZZZ
[AnalysisInputs::SetMCSF] => MCSF = 1, MCSF_err = 0.5
[AnalysisInputs::SetMCSF] sample : ttV
[AnalysisInputs::SetMCSF] => MCSF = 1, MCSF_err = 0.5
[AnalysisInputs::SetMCSF] sample : ttW
[AnalysisInputs::SetMCSF] => MCSF = 1, MCSF_err = 0.5
[AnalysisInputs::SetMCSF] sample : ttZ
[AnalysisInputs::SetMCSF] => MCSF = 1, MCSF_err = 0.5
[AnalysisInputs::SetMCSF] sample : ttH_nonbb
[AnalysisInputs::SetMCSF] => MCSF = 1, MCSF_err = 0.5
[AnalysisInputs::SetMCSF] sample : top
[AnalysisInputs::SetMCSF] => MCSF = 1, MCSF_err = 0.5
[AnalysisInputs::SetMCSF] sample : WZTo3LNu_powheg
[AnalysisInputs::SetMCSF] => MCSF = 1.00165, MCSF_err = 0.0888561
[AnalysisInputs::SetMCSF] sample : ZGto2LG
[AnalysisInputs::SetMCSF] => MCSF = 0.794861, MCSF_err = 0.155181
[AnalysisInputs::SetMCSF] sample : ZZTo4L_powheg
[AnalysisInputs::SetMCSF] => MCSF = 0.926685, MCSF_err = 0.102827
[AnalysisInputs::SetMCSF] sample : ggZZto2e2mu
[AnalysisInputs::SetMCSF] => MCSF = 0.926685, MCSF_err = 0.102827
[AnalysisInputs::SetMCSF] sample : ggZZto2e2nu
[AnalysisInputs::SetMCSF] => MCSF = 0.926685, MCSF_err = 0.102827
[AnalysisInputs::SetMCSF] sample : ggZZto2e2tau
[AnalysisInputs::SetMCSF] => MCSF = 0.926685, MCSF_err = 0.102827
[AnalysisInputs::SetMCSF] sample : ggZZto2mu2nu
[AnalysisInputs::SetMCSF] => MCSF = 0.926685, MCSF_err = 0.102827
[AnalysisInputs::SetMCSF] sample : ggZZto2mu2tau
[AnalysisInputs::SetMCSF] => MCSF = 0.926685, MCSF_err = 0.102827
[AnalysisInputs::SetMCSF] sample : ggZZto4e
[AnalysisInputs::SetMCSF] => MCSF = 0.926685, MCSF_err = 0.102827
[AnalysisInputs::SetMCSF] sample : ggZZto4mu
[AnalysisInputs::SetMCSF] => MCSF = 0.926685, MCSF_err = 0.102827
[AnalysisInputs::SetMCSF] sample : ggZZto4tau
[AnalysisInputs::SetMCSF] => MCSF = 0.926685, MCSF_err = 0.102827
[AnalysisInputs::SetCalculatedSysts] Get Systematics from /home/jskim/Documents/trilepton_13TeV/DiLepton/data/v8-0-7.36/Syst.txt
[AnalysisInputs::SetCalculatedSysts] source : Luminosity
[AnalysisInputs::SetCalculatedSysts] => % sysematic = 0.025
[AnalysisInputs::SetCalculatedSysts] source : FakeLooseID
[AnalysisInputs::SetCalculatedSysts] => % sysematic = 0.3
[AnalysisInputs::SetCalculatedSysts] source : ChrageFlipSyst
[AnalysisInputs::SetCalculatedSysts] => % sysematic = 0.21
[CutRangeInfo::ReadCutCard] Get Cutcard from /home/jskim/Documents/trilepton_13TeV/DiLepton/data/v8-0-7.36/CutOpCard/OPTIMIZED_171108_MuEl_HighMass_Bin2/HNMuEl_125.txt
prompt_tau21_syst = 0.0212369
signal_tau21_syst = 0.021515
Central	0.28654	0.116071	0
_MuonEn_up	0.27724	0.116071	0
_MuonEn_down	0.27157	0.116071	0
_MuonIDSF_up	0.284812	0.116071	0
_MuonIDSF_down	0.272793	0.116071	0
_ElectronEn_up	0.271906	0.116071	0
_ElectronEn_down	0.272898	0.116071	0
_ElectronIDSF_up	0.35189	0.116071	0
_ElectronIDSF_down	0.273119	0.116071	0
_TriggerSF_up	0.279607	0.116071	0
_TriggerSF_down	0.282241	0.116071	0
_PU_up	0.269988	0.116071	0
_PU_down	0.279382	0.116071	0
_JetEn_up	0.273364	0.116071	0
_JetEn_down	0.299872	0.116071	0
_JetRes_up	0.28082	0.116071	0
_JetRes_down	0.280437	0.116071	0
_Unclustered_up	0.278329	0.116071	0
_Unclustered_down	0.346374	0.116071	0
_BTagSFEff_up	0.268877	0.116071	0
_BTagSFEff_down	0.288768	0.116071	0
_BTagSFMiss_up	0.270712	0.116071	0
_BTagSFMiss_down	0.277535	0.116071	0
_JetMass_up	0.313465	0.116071	0
_JetMass_down	0.290834	0.116071	0
_JetMassRes_up	0.287589	0.116071	0
_JetMassRes_down	0.284591	0.116071	0

################ Sources ################
Source	SystTotal	SystPrompt	SystFake	Signal
Stat 34.69 38.02  75.30  -nan  16.83
Lumi 1.78  2.50 -  -  2.50
PDF  -  -  -  -  8.53
MuonPt  3.10 4.35  -  -  5.75
MuonID  2.43 3.42  -  -  2.99
ElectronE  3.51 4.94  -  -  1.99
ElectronID  11.72 16.46  -  -  1.32
Trigger  1.43 2.01  -  -  0.44
PU  3.17 4.45  -  -  2.78
JES  3.29 4.63  -  -  1.97
JER  1.47 2.06  -  -  0.39
Uncl  10.61 14.90  -  -  1.38
BEff  3.13 4.39  -  -  2.46
BMiss  3.20 4.49  -  -  0.44
JMS  4.79 6.73  -  -  1.94
JMR  0.39 0.55  -  -  1.94
Tau21 5.27  7.41 -  -  7.21
MCNorm 12.15  17.08 -  -  -
Fake 8.65  -  30.00 - -
CF 0.00  -  -  -nan -
Total Systematic 24.48 32.18  30.00  -nan  12.42

Total Background	0.403
- Prompt	0.287
- Fake	0.116
- CF	0.000

####### Result #######
Signal Eff	0.000325
0.402611 1.424612
0.298521 1.221214
