
Processing Bin2_HNMuEl_150.C...
[AnalysisInputs::SetMCSF] Get MC SF from /home/jskim/Documents/trilepton_13TeV/DiLepton/data/v8-0-7.36/MCSF.txt
[AnalysisInputs::SetMCSF] sample : VVV
[AnalysisInputs::SetMCSF] => MCSF = 1, MCSF_err = 0.5
[AnalysisInputs::SetMCSF] sample : WWW
[AnalysisInputs::SetMCSF] => MCSF = 1, MCSF_err = 0.5
[AnalysisInputs::SetMCSF] sample : WWZ
[AnalysisInputs::SetMCSF] => MCSF = 1, MCSF_err = 0.5
[AnalysisInputs::SetMCSF] sample : WZZ
[AnalysisInputs::SetMCSF] => MCSF = 1, MCSF_err = 0.5
[AnalysisInputs::SetMCSF] sample : ZZZ
[AnalysisInputs::SetMCSF] => MCSF = 1, MCSF_err = 0.5
[AnalysisInputs::SetMCSF] sample : ttV
[AnalysisInputs::SetMCSF] => MCSF = 1, MCSF_err = 0.5
[AnalysisInputs::SetMCSF] sample : ttW
[AnalysisInputs::SetMCSF] => MCSF = 1, MCSF_err = 0.5
[AnalysisInputs::SetMCSF] sample : ttZ
[AnalysisInputs::SetMCSF] => MCSF = 1, MCSF_err = 0.5
[AnalysisInputs::SetMCSF] sample : ttH_nonbb
[AnalysisInputs::SetMCSF] => MCSF = 1, MCSF_err = 0.5
[AnalysisInputs::SetMCSF] sample : top
[AnalysisInputs::SetMCSF] => MCSF = 1, MCSF_err = 0.5
[AnalysisInputs::SetMCSF] sample : WZTo3LNu_powheg
[AnalysisInputs::SetMCSF] => MCSF = 1.00165, MCSF_err = 0.0888561
[AnalysisInputs::SetMCSF] sample : ZGto2LG
[AnalysisInputs::SetMCSF] => MCSF = 0.794861, MCSF_err = 0.155181
[AnalysisInputs::SetMCSF] sample : ZZTo4L_powheg
[AnalysisInputs::SetMCSF] => MCSF = 0.926685, MCSF_err = 0.102827
[AnalysisInputs::SetMCSF] sample : ggZZto2e2mu
[AnalysisInputs::SetMCSF] => MCSF = 0.926685, MCSF_err = 0.102827
[AnalysisInputs::SetMCSF] sample : ggZZto2e2nu
[AnalysisInputs::SetMCSF] => MCSF = 0.926685, MCSF_err = 0.102827
[AnalysisInputs::SetMCSF] sample : ggZZto2e2tau
[AnalysisInputs::SetMCSF] => MCSF = 0.926685, MCSF_err = 0.102827
[AnalysisInputs::SetMCSF] sample : ggZZto2mu2nu
[AnalysisInputs::SetMCSF] => MCSF = 0.926685, MCSF_err = 0.102827
[AnalysisInputs::SetMCSF] sample : ggZZto2mu2tau
[AnalysisInputs::SetMCSF] => MCSF = 0.926685, MCSF_err = 0.102827
[AnalysisInputs::SetMCSF] sample : ggZZto4e
[AnalysisInputs::SetMCSF] => MCSF = 0.926685, MCSF_err = 0.102827
[AnalysisInputs::SetMCSF] sample : ggZZto4mu
[AnalysisInputs::SetMCSF] => MCSF = 0.926685, MCSF_err = 0.102827
[AnalysisInputs::SetMCSF] sample : ggZZto4tau
[AnalysisInputs::SetMCSF] => MCSF = 0.926685, MCSF_err = 0.102827
[AnalysisInputs::SetCalculatedSysts] Get Systematics from /home/jskim/Documents/trilepton_13TeV/DiLepton/data/v8-0-7.36/Syst.txt
[AnalysisInputs::SetCalculatedSysts] source : Luminosity
[AnalysisInputs::SetCalculatedSysts] => % sysematic = 0.025
[AnalysisInputs::SetCalculatedSysts] source : FakeLooseID
[AnalysisInputs::SetCalculatedSysts] => % sysematic = 0.3
[AnalysisInputs::SetCalculatedSysts] source : ChrageFlipSyst
[AnalysisInputs::SetCalculatedSysts] => % sysematic = 0.21
[CutRangeInfo::ReadCutCard] Get Cutcard from /home/jskim/Documents/trilepton_13TeV/DiLepton/data/v8-0-7.36/CutOpCard/OPTIMIZED_171108_MuEl_HighMass_Bin2/HNMuEl_150.txt
prompt_tau21_syst = 0.046508
signal_tau21_syst = 0.0405492
Central	0.585381	0.540213	0
_MuonEn_up	0.597319	0.540213	0
_MuonEn_down	0.565651	0.540213	0
_MuonIDSF_up	0.596544	0.540213	0
_MuonIDSF_down	0.581318	0.540213	0
_ElectronEn_up	0.582427	0.540213	0
_ElectronEn_down	0.591788	0.540213	0
_ElectronIDSF_up	0.590564	0.540213	0
_ElectronIDSF_down	0.577821	0.540213	0
_TriggerSF_up	0.579238	0.540213	0
_TriggerSF_down	0.579761	0.540213	0
_PU_up	0.53499	0.540213	0
_PU_down	0.617959	0.540213	0
_JetEn_up	0.572744	0.540213	0
_JetEn_down	0.615659	0.540213	0
_JetRes_up	0.590457	0.540213	0
_JetRes_down	0.581469	0.540213	0
_Unclustered_up	0.613539	0.540213	0
_Unclustered_down	0.577199	0.540213	0
_BTagSFEff_up	0.565798	0.540213	0
_BTagSFEff_down	0.592442	0.540213	0
_BTagSFMiss_up	0.58134	0.540213	0
_BTagSFMiss_down	0.574973	0.540213	0
_JetMass_up	0.685953	0.540213	0
_JetMass_down	0.619836	0.540213	0
_JetMassRes_up	0.565195	0.540213	0
_JetMassRes_down	0.587172	0.540213	0

################ Sources ################
Source	SystTotal	SystPrompt	SystFake	Signal
Stat 20.32 22.63  34.53  -nan  8.34
Lumi 1.30  2.50 -  -  2.50
PDF  -  -  -  -  8.53
MuonPt  1.45 2.79  -  -  0.00
MuonID  0.75 1.43  -  -  2.08
ElectronE  0.44 0.85  -  -  0.85
ElectronID  0.58 1.11  -  -  1.55
Trigger  0.52 1.01  -  -  2.00
PU  3.77 7.25  -  -  3.95
JES  2.06 3.96  -  -  1.26
JER  0.40 0.77  -  -  1.53
Uncl  1.84 3.54  -  -  0.71
BEff  1.31 2.51  -  -  0.00
BMiss  0.70 1.35  -  -  0.00
JMS  6.68 12.84  -  -  0.81
JMR  1.27 2.45  -  -  1.43
Tau21 4.13  7.94 -  -  7.21
MCNorm 14.12  27.15 -  -  -
Fake 14.40  -  30.00 - -
CF 0.00  -  -  -nan -
Total Systematic 22.34 32.86  30.00  -nan  10.64

Total Background	1.126
- Prompt	0.585
- Fake	0.540
- CF	0.000

####### Result #######
Signal Eff	0.001508
1.125593 1.302045
0.562620 1.153185
