
Processing Bin2_HNMuEl_600_VBF.C...
[AnalysisInputs::SetMCSF] Get MC SF from /home/jskim/Documents/trilepton_13TeV/DiLepton/data/v8-0-7.36/MCSF.txt
[AnalysisInputs::SetMCSF] sample : VVV
[AnalysisInputs::SetMCSF] => MCSF = 1, MCSF_err = 0.5
[AnalysisInputs::SetMCSF] sample : WWW
[AnalysisInputs::SetMCSF] => MCSF = 1, MCSF_err = 0.5
[AnalysisInputs::SetMCSF] sample : WWZ
[AnalysisInputs::SetMCSF] => MCSF = 1, MCSF_err = 0.5
[AnalysisInputs::SetMCSF] sample : WZZ
[AnalysisInputs::SetMCSF] => MCSF = 1, MCSF_err = 0.5
[AnalysisInputs::SetMCSF] sample : ZZZ
[AnalysisInputs::SetMCSF] => MCSF = 1, MCSF_err = 0.5
[AnalysisInputs::SetMCSF] sample : ttV
[AnalysisInputs::SetMCSF] => MCSF = 1, MCSF_err = 0.5
[AnalysisInputs::SetMCSF] sample : ttW
[AnalysisInputs::SetMCSF] => MCSF = 1, MCSF_err = 0.5
[AnalysisInputs::SetMCSF] sample : ttZ
[AnalysisInputs::SetMCSF] => MCSF = 1, MCSF_err = 0.5
[AnalysisInputs::SetMCSF] sample : ttH_nonbb
[AnalysisInputs::SetMCSF] => MCSF = 1, MCSF_err = 0.5
[AnalysisInputs::SetMCSF] sample : top
[AnalysisInputs::SetMCSF] => MCSF = 1, MCSF_err = 0.5
[AnalysisInputs::SetMCSF] sample : WZTo3LNu_powheg
[AnalysisInputs::SetMCSF] => MCSF = 1.00165, MCSF_err = 0.0888561
[AnalysisInputs::SetMCSF] sample : ZGto2LG
[AnalysisInputs::SetMCSF] => MCSF = 0.794861, MCSF_err = 0.155181
[AnalysisInputs::SetMCSF] sample : ZZTo4L_powheg
[AnalysisInputs::SetMCSF] => MCSF = 0.926685, MCSF_err = 0.102827
[AnalysisInputs::SetMCSF] sample : ggZZto2e2mu
[AnalysisInputs::SetMCSF] => MCSF = 0.926685, MCSF_err = 0.102827
[AnalysisInputs::SetMCSF] sample : ggZZto2e2nu
[AnalysisInputs::SetMCSF] => MCSF = 0.926685, MCSF_err = 0.102827
[AnalysisInputs::SetMCSF] sample : ggZZto2e2tau
[AnalysisInputs::SetMCSF] => MCSF = 0.926685, MCSF_err = 0.102827
[AnalysisInputs::SetMCSF] sample : ggZZto2mu2nu
[AnalysisInputs::SetMCSF] => MCSF = 0.926685, MCSF_err = 0.102827
[AnalysisInputs::SetMCSF] sample : ggZZto2mu2tau
[AnalysisInputs::SetMCSF] => MCSF = 0.926685, MCSF_err = 0.102827
[AnalysisInputs::SetMCSF] sample : ggZZto4e
[AnalysisInputs::SetMCSF] => MCSF = 0.926685, MCSF_err = 0.102827
[AnalysisInputs::SetMCSF] sample : ggZZto4mu
[AnalysisInputs::SetMCSF] => MCSF = 0.926685, MCSF_err = 0.102827
[AnalysisInputs::SetMCSF] sample : ggZZto4tau
[AnalysisInputs::SetMCSF] => MCSF = 0.926685, MCSF_err = 0.102827
[AnalysisInputs::SetCalculatedSysts] Get Systematics from /home/jskim/Documents/trilepton_13TeV/DiLepton/data/v8-0-7.36/Syst.txt
[AnalysisInputs::SetCalculatedSysts] source : Luminosity
[AnalysisInputs::SetCalculatedSysts] => % sysematic = 0.025
[AnalysisInputs::SetCalculatedSysts] source : FakeLooseID
[AnalysisInputs::SetCalculatedSysts] => % sysematic = 0.3
[AnalysisInputs::SetCalculatedSysts] source : ChrageFlipSyst
[AnalysisInputs::SetCalculatedSysts] => % sysematic = 0.21
[CutRangeInfo::ReadCutCard] Get Cutcard from /home/jskim/Documents/trilepton_13TeV/DiLepton/data/v8-0-7.36/CutOpCard/OPTIMIZED_171108_MuEl_HighMass_Bin2/HNMuEl_600.txt
prompt_tau21_syst = 0.0438887
signal_tau21_syst = 0.0283944
Central	0.608955	0	0
_MuonEn_up	0.665167	0	0
_MuonEn_down	0.545562	0	0
_MuonIDSF_up	0.669134	0	0
_MuonIDSF_down	0.59235	0	0
_ElectronEn_up	0.608999	0	0
_ElectronEn_down	0.593361	0	0
_ElectronIDSF_up	0.599931	0	0
_ElectronIDSF_down	0.588131	0	0
_TriggerSF_up	0.640769	0	0
_TriggerSF_down	0.597533	0	0
_PU_up	0.619574	0	0
_PU_down	0.593796	0	0
_JetEn_up	0.520481	0	0
_JetEn_down	0.49765	0	0
_JetRes_up	0.59701	0	0
_JetRes_down	0.620042	0	0
_Unclustered_up	0.514164	0	0
_Unclustered_down	0.514719	0	0
_BTagSFEff_up	0.59586	0	0
_BTagSFEff_down	0.612021	0	0
_BTagSFMiss_up	0.598556	0	0
_BTagSFMiss_down	0.59743	0	0
_JetMass_up	0.607931	0	0
_JetMass_down	0.611757	0	0
_JetMassRes_up	0.60441	0	0
_JetMassRes_down	0.61655	0	0

################ Sources ################
Source	SystTotal	SystPrompt	SystFake	Signal
Stat 28.23 28.23  -nan  -nan  0.78
Lumi 2.50  2.50 -  -  2.50
PDF  -  -  -  -  8.53
MuonPt  9.84 9.84  -  -  0.70
MuonID  7.25 7.25  -  -  2.08
ElectronE  1.81 1.81  -  -  0.14
ElectronID  2.64 2.64  -  -  2.11
Trigger  3.93 3.93  -  -  0.09
PU  2.15 2.15  -  -  1.16
JES  16.51 16.51  -  -  0.12
JER  1.89 1.89  -  -  0.25
Uncl  15.52 15.52  -  -  0.12
BEff  1.56 1.56  -  -  0.28
BMiss  1.80 1.80  -  -  0.54
JMS  0.35 0.35  -  -  0.05
JMR  1.03 1.03  -  -  0.03
Tau21 7.21  7.21 -  -  7.25
MCNorm 17.36  17.36 -  -  -
Fake 0.00  -  -nan - -
CF 0.00  -  -  -nan -
Total Systematic 32.61 32.61  -nan  -nan  9.49

Total Background	0.609
- Prompt	0.609
- Fake	0.000
- CF	0.000

####### Result #######
Signal Eff	0.234679
0.608955 1.431284
0.391557 1.119710
