
Processing Bin2_HNMuEl_100.C...
[AnalysisInputs::SetMCSF] Get MC SF from /home/jskim/Documents/trilepton_13TeV/DiLepton/data/v8-0-7.36/MCSF.txt
[AnalysisInputs::SetMCSF] sample : VVV
[AnalysisInputs::SetMCSF] => MCSF = 1, MCSF_err = 0.5
[AnalysisInputs::SetMCSF] sample : WWW
[AnalysisInputs::SetMCSF] => MCSF = 1, MCSF_err = 0.5
[AnalysisInputs::SetMCSF] sample : WWZ
[AnalysisInputs::SetMCSF] => MCSF = 1, MCSF_err = 0.5
[AnalysisInputs::SetMCSF] sample : WZZ
[AnalysisInputs::SetMCSF] => MCSF = 1, MCSF_err = 0.5
[AnalysisInputs::SetMCSF] sample : ZZZ
[AnalysisInputs::SetMCSF] => MCSF = 1, MCSF_err = 0.5
[AnalysisInputs::SetMCSF] sample : ttV
[AnalysisInputs::SetMCSF] => MCSF = 1, MCSF_err = 0.5
[AnalysisInputs::SetMCSF] sample : ttW
[AnalysisInputs::SetMCSF] => MCSF = 1, MCSF_err = 0.5
[AnalysisInputs::SetMCSF] sample : ttZ
[AnalysisInputs::SetMCSF] => MCSF = 1, MCSF_err = 0.5
[AnalysisInputs::SetMCSF] sample : ttH_nonbb
[AnalysisInputs::SetMCSF] => MCSF = 1, MCSF_err = 0.5
[AnalysisInputs::SetMCSF] sample : top
[AnalysisInputs::SetMCSF] => MCSF = 1, MCSF_err = 0.5
[AnalysisInputs::SetMCSF] sample : WZTo3LNu_powheg
[AnalysisInputs::SetMCSF] => MCSF = 1.00165, MCSF_err = 0.0888561
[AnalysisInputs::SetMCSF] sample : ZGto2LG
[AnalysisInputs::SetMCSF] => MCSF = 0.794861, MCSF_err = 0.155181
[AnalysisInputs::SetMCSF] sample : ZZTo4L_powheg
[AnalysisInputs::SetMCSF] => MCSF = 0.926685, MCSF_err = 0.102827
[AnalysisInputs::SetMCSF] sample : ggZZto2e2mu
[AnalysisInputs::SetMCSF] => MCSF = 0.926685, MCSF_err = 0.102827
[AnalysisInputs::SetMCSF] sample : ggZZto2e2nu
[AnalysisInputs::SetMCSF] => MCSF = 0.926685, MCSF_err = 0.102827
[AnalysisInputs::SetMCSF] sample : ggZZto2e2tau
[AnalysisInputs::SetMCSF] => MCSF = 0.926685, MCSF_err = 0.102827
[AnalysisInputs::SetMCSF] sample : ggZZto2mu2nu
[AnalysisInputs::SetMCSF] => MCSF = 0.926685, MCSF_err = 0.102827
[AnalysisInputs::SetMCSF] sample : ggZZto2mu2tau
[AnalysisInputs::SetMCSF] => MCSF = 0.926685, MCSF_err = 0.102827
[AnalysisInputs::SetMCSF] sample : ggZZto4e
[AnalysisInputs::SetMCSF] => MCSF = 0.926685, MCSF_err = 0.102827
[AnalysisInputs::SetMCSF] sample : ggZZto4mu
[AnalysisInputs::SetMCSF] => MCSF = 0.926685, MCSF_err = 0.102827
[AnalysisInputs::SetMCSF] sample : ggZZto4tau
[AnalysisInputs::SetMCSF] => MCSF = 0.926685, MCSF_err = 0.102827
[AnalysisInputs::SetCalculatedSysts] Get Systematics from /home/jskim/Documents/trilepton_13TeV/DiLepton/data/v8-0-7.36/Syst.txt
[AnalysisInputs::SetCalculatedSysts] source : Luminosity
[AnalysisInputs::SetCalculatedSysts] => % sysematic = 0.025
[AnalysisInputs::SetCalculatedSysts] source : FakeLooseID
[AnalysisInputs::SetCalculatedSysts] => % sysematic = 0.3
[AnalysisInputs::SetCalculatedSysts] source : ChrageFlipSyst
[AnalysisInputs::SetCalculatedSysts] => % sysematic = 0.21
[CutRangeInfo::ReadCutCard] Get Cutcard from /home/jskim/Documents/trilepton_13TeV/DiLepton/data/v8-0-7.36/CutOpCard/OPTIMIZED_171108_MuEl_HighMass_Bin2/HNMuEl_100.txt
prompt_tau21_syst = 0.0284097
signal_tau21_syst = 0.0038355
Central	0.394185	0.397593	0
_MuonEn_up	0.405248	0.397593	0
_MuonEn_down	0.405941	0.397593	0
_MuonIDSF_up	0.421954	0.397593	0
_MuonIDSF_down	0.302305	0.397593	0
_ElectronEn_up	0.402908	0.397593	0
_ElectronEn_down	0.40328	0.397593	0
_ElectronIDSF_up	0.404779	0.397593	0
_ElectronIDSF_down	0.393692	0.397593	0
_TriggerSF_up	0.400155	0.397593	0
_TriggerSF_down	0.397923	0.397593	0
_PU_up	0.403147	0.397593	0
_PU_down	0.423376	0.397593	0
_JetEn_up	0.393461	0.397593	0
_JetEn_down	0.413824	0.397593	0
_JetRes_up	0.408943	0.397593	0
_JetRes_down	0.402175	0.397593	0
_Unclustered_up	0.398675	0.397593	0
_Unclustered_down	0.397672	0.397593	0
_BTagSFEff_up	0.326849	0.397593	0
_BTagSFEff_down	0.441374	0.397593	0
_BTagSFMiss_up	0.404755	0.397593	0
_BTagSFMiss_down	0.397923	0.397593	0
_JetMass_up	0.412391	0.397593	0
_JetMass_down	0.40033	0.397593	0
_JetMassRes_up	0.405584	0.397593	0
_JetMassRes_down	0.405274	0.397593	0

################ Sources ################
Source	SystTotal	SystPrompt	SystFake	Signal
Stat 29.30 40.00  42.81  -nan  57.85
Lumi 1.24  2.50 -  -  2.50
PDF  -  -  -  -  8.53
MuonPt  1.44 2.90  -  -  0.00
MuonID  8.57 17.22  -  -  6.03
ElectronE  1.13 2.26  -  -  0.00
ElectronID  0.95 1.90  -  -  2.40
Trigger  0.63 1.26  -  -  21.51
PU  2.73 5.48  -  -  16.48
JES  1.76 3.53  -  -  0.00
JER  1.50 3.01  -  -  0.00
Uncl  0.51 1.02  -  -  0.00
BEff  7.34 14.75  -  -  0.00
BMiss  1.00 2.01  -  -  0.00
JMS  1.72 3.45  -  -  0.00
JMR  1.42 2.85  -  -  0.00
Tau21 3.59  7.21 -  -  7.21
MCNorm 5.57  11.18 -  -  -
Fake 15.06  -  30.00 - -
CF 0.00  -  -  -nan -
Total Systematic 20.58 28.15  30.00  -nan  29.25

Total Background	0.792
- Prompt	0.394
- Fake	0.398
- CF	0.000

####### Result #######
Signal Eff	0.000022
0.791778 1.358071
0.053218 1.652183
