
Processing Bin2_HNMuEl_1400.C...
[AnalysisInputs::SetMCSF] Get MC SF from /home/jskim/Documents/trilepton_13TeV/DiLepton/data/v8-0-7.36/MCSF.txt
[AnalysisInputs::SetMCSF] sample : VVV
[AnalysisInputs::SetMCSF] => MCSF = 1, MCSF_err = 0.5
[AnalysisInputs::SetMCSF] sample : WWW
[AnalysisInputs::SetMCSF] => MCSF = 1, MCSF_err = 0.5
[AnalysisInputs::SetMCSF] sample : WWZ
[AnalysisInputs::SetMCSF] => MCSF = 1, MCSF_err = 0.5
[AnalysisInputs::SetMCSF] sample : WZZ
[AnalysisInputs::SetMCSF] => MCSF = 1, MCSF_err = 0.5
[AnalysisInputs::SetMCSF] sample : ZZZ
[AnalysisInputs::SetMCSF] => MCSF = 1, MCSF_err = 0.5
[AnalysisInputs::SetMCSF] sample : ttV
[AnalysisInputs::SetMCSF] => MCSF = 1, MCSF_err = 0.5
[AnalysisInputs::SetMCSF] sample : ttW
[AnalysisInputs::SetMCSF] => MCSF = 1, MCSF_err = 0.5
[AnalysisInputs::SetMCSF] sample : ttZ
[AnalysisInputs::SetMCSF] => MCSF = 1, MCSF_err = 0.5
[AnalysisInputs::SetMCSF] sample : ttH_nonbb
[AnalysisInputs::SetMCSF] => MCSF = 1, MCSF_err = 0.5
[AnalysisInputs::SetMCSF] sample : top
[AnalysisInputs::SetMCSF] => MCSF = 1, MCSF_err = 0.5
[AnalysisInputs::SetMCSF] sample : WZTo3LNu_powheg
[AnalysisInputs::SetMCSF] => MCSF = 1.00165, MCSF_err = 0.0888561
[AnalysisInputs::SetMCSF] sample : ZGto2LG
[AnalysisInputs::SetMCSF] => MCSF = 0.794861, MCSF_err = 0.155181
[AnalysisInputs::SetMCSF] sample : ZZTo4L_powheg
[AnalysisInputs::SetMCSF] => MCSF = 0.926685, MCSF_err = 0.102827
[AnalysisInputs::SetMCSF] sample : ggZZto2e2mu
[AnalysisInputs::SetMCSF] => MCSF = 0.926685, MCSF_err = 0.102827
[AnalysisInputs::SetMCSF] sample : ggZZto2e2nu
[AnalysisInputs::SetMCSF] => MCSF = 0.926685, MCSF_err = 0.102827
[AnalysisInputs::SetMCSF] sample : ggZZto2e2tau
[AnalysisInputs::SetMCSF] => MCSF = 0.926685, MCSF_err = 0.102827
[AnalysisInputs::SetMCSF] sample : ggZZto2mu2nu
[AnalysisInputs::SetMCSF] => MCSF = 0.926685, MCSF_err = 0.102827
[AnalysisInputs::SetMCSF] sample : ggZZto2mu2tau
[AnalysisInputs::SetMCSF] => MCSF = 0.926685, MCSF_err = 0.102827
[AnalysisInputs::SetMCSF] sample : ggZZto4e
[AnalysisInputs::SetMCSF] => MCSF = 0.926685, MCSF_err = 0.102827
[AnalysisInputs::SetMCSF] sample : ggZZto4mu
[AnalysisInputs::SetMCSF] => MCSF = 0.926685, MCSF_err = 0.102827
[AnalysisInputs::SetMCSF] sample : ggZZto4tau
[AnalysisInputs::SetMCSF] => MCSF = 0.926685, MCSF_err = 0.102827
[AnalysisInputs::SetCalculatedSysts] Get Systematics from /home/jskim/Documents/trilepton_13TeV/DiLepton/data/v8-0-7.36/Syst.txt
[AnalysisInputs::SetCalculatedSysts] source : Luminosity
[AnalysisInputs::SetCalculatedSysts] => % sysematic = 0.025
[AnalysisInputs::SetCalculatedSysts] source : FakeLooseID
[AnalysisInputs::SetCalculatedSysts] => % sysematic = 0.3
[AnalysisInputs::SetCalculatedSysts] source : ChrageFlipSyst
[AnalysisInputs::SetCalculatedSysts] => % sysematic = 0.21
[CutRangeInfo::ReadCutCard] Get Cutcard from /home/jskim/Documents/trilepton_13TeV/DiLepton/data/v8-0-7.36/CutOpCard/OPTIMIZED_171108_MuEl_HighMass_Bin2/HNMuEl_1400.txt
prompt_tau21_syst = 0.00205918
signal_tau21_syst = 0.000534234
Central	0.0285712	0	0
_MuonEn_up	0.111757	0	0
_MuonEn_down	0.0284607	0	0
_MuonIDSF_up	0.0316086	0	0
_MuonIDSF_down	0.0279852	0	0
_ElectronEn_up	0.0310123	0	0
_ElectronEn_down	0.0233474	0	0
_ElectronIDSF_up	0.0292028	0	0
_ElectronIDSF_down	0.0310774	0	0
_TriggerSF_up	0.0285713	0	0
_TriggerSF_down	0.0285712	0	0
_PU_up	0.0267864	0	0
_PU_down	0.0306889	0	0
_JetEn_up	0.109058	0	0
_JetEn_down	0.101895	0	0
_JetRes_up	0.0313073	0	0
_JetRes_down	0.0285712	0	0
_Unclustered_up	0.099743	0	0
_Unclustered_down	0.104383	0	0
_BTagSFEff_up	0.0285712	0	0
_BTagSFEff_down	0.0342032	0	0
_BTagSFMiss_up	0.0285712	0	0
_BTagSFMiss_down	0.0285712	0	0
_JetMass_up	0.0310123	0	0
_JetMass_down	0.0285712	0	0
_JetMassRes_up	0.0285712	0	0
_JetMassRes_down	0.023637	0	0

################ Sources ################
Source	SystTotal	SystPrompt	SystFake	Signal
Stat 40.57 40.57  -nan  -nan  0.73
Lumi 2.50  2.50 -  -  2.50
PDF  -  -  -  -  8.53
MuonPt  205.88 205.88  -  -  0.69
MuonID  7.66 7.66  -  -  2.04
ElectronE  14.27 14.27  -  -  0.11
ElectronID  6.40 6.40  -  -  2.17
Trigger  0.00 0.00  -  -  0.07
PU  6.85 6.85  -  -  1.27
JES  269.46 269.46  -  -  0.24
JER  6.77 6.77  -  -  0.16
Uncl  257.35 257.35  -  -  0.13
BEff  13.94 13.94  -  -  0.52
BMiss  0.00 0.00  -  -  0.40
JMS  6.04 6.04  -  -  0.16
JMR  12.21 12.21  -  -  0.05
Tau21 7.21  7.21 -  -  7.25
MCNorm 5.73  5.73 -  -  -
Fake 0.00  -  -nan - -
CF 0.00  -  -  -nan -
Total Systematic 426.72 426.72  -nan  -nan  9.52

Total Background	0.029
- Prompt	0.029
- Fake	0.000
- CF	0.000

####### Result #######
Signal Eff	0.245095
0.028571 5.286471
0.007366 1.119865
