
Processing Bin2_HNMuEl_900.C...
[AnalysisInputs::SetMCSF] Get MC SF from /home/jskim/Documents/trilepton_13TeV/DiLepton/data/v8-0-7.36/MCSF.txt
[AnalysisInputs::SetMCSF] sample : VVV
[AnalysisInputs::SetMCSF] => MCSF = 1, MCSF_err = 0.5
[AnalysisInputs::SetMCSF] sample : WWW
[AnalysisInputs::SetMCSF] => MCSF = 1, MCSF_err = 0.5
[AnalysisInputs::SetMCSF] sample : WWZ
[AnalysisInputs::SetMCSF] => MCSF = 1, MCSF_err = 0.5
[AnalysisInputs::SetMCSF] sample : WZZ
[AnalysisInputs::SetMCSF] => MCSF = 1, MCSF_err = 0.5
[AnalysisInputs::SetMCSF] sample : ZZZ
[AnalysisInputs::SetMCSF] => MCSF = 1, MCSF_err = 0.5
[AnalysisInputs::SetMCSF] sample : ttV
[AnalysisInputs::SetMCSF] => MCSF = 1, MCSF_err = 0.5
[AnalysisInputs::SetMCSF] sample : ttW
[AnalysisInputs::SetMCSF] => MCSF = 1, MCSF_err = 0.5
[AnalysisInputs::SetMCSF] sample : ttZ
[AnalysisInputs::SetMCSF] => MCSF = 1, MCSF_err = 0.5
[AnalysisInputs::SetMCSF] sample : ttH_nonbb
[AnalysisInputs::SetMCSF] => MCSF = 1, MCSF_err = 0.5
[AnalysisInputs::SetMCSF] sample : top
[AnalysisInputs::SetMCSF] => MCSF = 1, MCSF_err = 0.5
[AnalysisInputs::SetMCSF] sample : WZTo3LNu_powheg
[AnalysisInputs::SetMCSF] => MCSF = 1.00165, MCSF_err = 0.0888561
[AnalysisInputs::SetMCSF] sample : ZGto2LG
[AnalysisInputs::SetMCSF] => MCSF = 0.794861, MCSF_err = 0.155181
[AnalysisInputs::SetMCSF] sample : ZZTo4L_powheg
[AnalysisInputs::SetMCSF] => MCSF = 0.926685, MCSF_err = 0.102827
[AnalysisInputs::SetMCSF] sample : ggZZto2e2mu
[AnalysisInputs::SetMCSF] => MCSF = 0.926685, MCSF_err = 0.102827
[AnalysisInputs::SetMCSF] sample : ggZZto2e2nu
[AnalysisInputs::SetMCSF] => MCSF = 0.926685, MCSF_err = 0.102827
[AnalysisInputs::SetMCSF] sample : ggZZto2e2tau
[AnalysisInputs::SetMCSF] => MCSF = 0.926685, MCSF_err = 0.102827
[AnalysisInputs::SetMCSF] sample : ggZZto2mu2nu
[AnalysisInputs::SetMCSF] => MCSF = 0.926685, MCSF_err = 0.102827
[AnalysisInputs::SetMCSF] sample : ggZZto2mu2tau
[AnalysisInputs::SetMCSF] => MCSF = 0.926685, MCSF_err = 0.102827
[AnalysisInputs::SetMCSF] sample : ggZZto4e
[AnalysisInputs::SetMCSF] => MCSF = 0.926685, MCSF_err = 0.102827
[AnalysisInputs::SetMCSF] sample : ggZZto4mu
[AnalysisInputs::SetMCSF] => MCSF = 0.926685, MCSF_err = 0.102827
[AnalysisInputs::SetMCSF] sample : ggZZto4tau
[AnalysisInputs::SetMCSF] => MCSF = 0.926685, MCSF_err = 0.102827
[AnalysisInputs::SetCalculatedSysts] Get Systematics from /home/jskim/Documents/trilepton_13TeV/DiLepton/data/v8-0-7.36/Syst.txt
[AnalysisInputs::SetCalculatedSysts] source : Luminosity
[AnalysisInputs::SetCalculatedSysts] => % sysematic = 0.025
[AnalysisInputs::SetCalculatedSysts] source : FakeLooseID
[AnalysisInputs::SetCalculatedSysts] => % sysematic = 0.3
[AnalysisInputs::SetCalculatedSysts] source : ChrageFlipSyst
[AnalysisInputs::SetCalculatedSysts] => % sysematic = 0.21
[CutRangeInfo::ReadCutCard] Get Cutcard from /home/jskim/Documents/trilepton_13TeV/DiLepton/data/v8-0-7.36/CutOpCard/OPTIMIZED_171108_MuEl_HighMass_Bin2/HNMuEl_900.txt
prompt_tau21_syst = 0.0260147
signal_tau21_syst = 0.00510801
Central	0.350579	0	0
_MuonEn_up	0.490788	0	0
_MuonEn_down	0.337011	0	0
_MuonIDSF_up	0.348492	0	0
_MuonIDSF_down	0.33133	0	0
_ElectronEn_up	0.420519	0	0
_ElectronEn_down	0.341729	0	0
_ElectronIDSF_up	0.351678	0	0
_ElectronIDSF_down	0.340552	0	0
_TriggerSF_up	0.345062	0	0
_TriggerSF_down	0.345024	0	0
_PU_up	0.32542	0	0
_PU_down	0.364438	0	0
_JetEn_up	0.519524	0	0
_JetEn_down	0.488628	0	0
_JetRes_up	0.360455	0	0
_JetRes_down	0.337011	0	0
_Unclustered_up	0.383957	0	0
_Unclustered_down	0.385819	0	0
_BTagSFEff_up	0.339443	0	0
_BTagSFEff_down	0.348252	0	0
_BTagSFMiss_up	0.341729	0	0
_BTagSFMiss_down	0.341729	0	0
_JetMass_up	0.336471	0	0
_JetMass_down	0.341729	0	0
_JetMassRes_up	0.33806	0	0
_JetMassRes_down	0.337654	0	0

################ Sources ################
Source	SystTotal	SystPrompt	SystFake	Signal
Stat 31.17 31.17  -nan  -nan  0.69
Lumi 2.50  2.50 -  -  2.50
PDF  -  -  -  -  8.53
MuonPt  28.41 28.41  -  -  0.99
MuonID  3.91 3.91  -  -  1.95
ElectronE  14.22 14.22  -  -  0.15
ElectronID  2.03 2.03  -  -  2.16
Trigger  1.58 1.58  -  -  0.11
PU  5.79 5.79  -  -  1.18
JES  44.01 44.01  -  -  0.18
JER  3.38 3.38  -  -  0.24
Uncl  9.79 9.79  -  -  0.03
BEff  2.29 2.29  -  -  0.36
BMiss  2.52 2.52  -  -  0.46
JMS  3.36 3.36  -  -  0.09
JMR  3.63 3.63  -  -  0.13
Tau21 7.42  7.42 -  -  7.28
MCNorm 23.48  23.48 -  -  -
Fake 0.00  -  -nan - -
CF 0.00  -  -  -nan -
Total Systematic 61.30 61.30  -nan  -nan  9.50

Total Background	0.351
- Prompt	0.351
- Fake	0.000
- CF	0.000

####### Result #######
Signal Eff	0.256992
0.350579 1.687656
0.070206 1.119884
