
Processing Bin2_HNMuEl_200.C...
[AnalysisInputs::SetMCSF] Get MC SF from /home/jskim/Documents/trilepton_13TeV/DiLepton/data/v8-0-7.36/MCSF.txt
[AnalysisInputs::SetMCSF] sample : VVV
[AnalysisInputs::SetMCSF] => MCSF = 1, MCSF_err = 0.5
[AnalysisInputs::SetMCSF] sample : WWW
[AnalysisInputs::SetMCSF] => MCSF = 1, MCSF_err = 0.5
[AnalysisInputs::SetMCSF] sample : WWZ
[AnalysisInputs::SetMCSF] => MCSF = 1, MCSF_err = 0.5
[AnalysisInputs::SetMCSF] sample : WZZ
[AnalysisInputs::SetMCSF] => MCSF = 1, MCSF_err = 0.5
[AnalysisInputs::SetMCSF] sample : ZZZ
[AnalysisInputs::SetMCSF] => MCSF = 1, MCSF_err = 0.5
[AnalysisInputs::SetMCSF] sample : ttV
[AnalysisInputs::SetMCSF] => MCSF = 1, MCSF_err = 0.5
[AnalysisInputs::SetMCSF] sample : ttW
[AnalysisInputs::SetMCSF] => MCSF = 1, MCSF_err = 0.5
[AnalysisInputs::SetMCSF] sample : ttZ
[AnalysisInputs::SetMCSF] => MCSF = 1, MCSF_err = 0.5
[AnalysisInputs::SetMCSF] sample : ttH_nonbb
[AnalysisInputs::SetMCSF] => MCSF = 1, MCSF_err = 0.5
[AnalysisInputs::SetMCSF] sample : top
[AnalysisInputs::SetMCSF] => MCSF = 1, MCSF_err = 0.5
[AnalysisInputs::SetMCSF] sample : WZTo3LNu_powheg
[AnalysisInputs::SetMCSF] => MCSF = 1.00165, MCSF_err = 0.0888561
[AnalysisInputs::SetMCSF] sample : ZGto2LG
[AnalysisInputs::SetMCSF] => MCSF = 0.794861, MCSF_err = 0.155181
[AnalysisInputs::SetMCSF] sample : ZZTo4L_powheg
[AnalysisInputs::SetMCSF] => MCSF = 0.926685, MCSF_err = 0.102827
[AnalysisInputs::SetMCSF] sample : ggZZto2e2mu
[AnalysisInputs::SetMCSF] => MCSF = 0.926685, MCSF_err = 0.102827
[AnalysisInputs::SetMCSF] sample : ggZZto2e2nu
[AnalysisInputs::SetMCSF] => MCSF = 0.926685, MCSF_err = 0.102827
[AnalysisInputs::SetMCSF] sample : ggZZto2e2tau
[AnalysisInputs::SetMCSF] => MCSF = 0.926685, MCSF_err = 0.102827
[AnalysisInputs::SetMCSF] sample : ggZZto2mu2nu
[AnalysisInputs::SetMCSF] => MCSF = 0.926685, MCSF_err = 0.102827
[AnalysisInputs::SetMCSF] sample : ggZZto2mu2tau
[AnalysisInputs::SetMCSF] => MCSF = 0.926685, MCSF_err = 0.102827
[AnalysisInputs::SetMCSF] sample : ggZZto4e
[AnalysisInputs::SetMCSF] => MCSF = 0.926685, MCSF_err = 0.102827
[AnalysisInputs::SetMCSF] sample : ggZZto4mu
[AnalysisInputs::SetMCSF] => MCSF = 0.926685, MCSF_err = 0.102827
[AnalysisInputs::SetMCSF] sample : ggZZto4tau
[AnalysisInputs::SetMCSF] => MCSF = 0.926685, MCSF_err = 0.102827
[AnalysisInputs::SetCalculatedSysts] Get Systematics from /home/jskim/Documents/trilepton_13TeV/DiLepton/data/v8-0-7.36/Syst.txt
[AnalysisInputs::SetCalculatedSysts] source : Luminosity
[AnalysisInputs::SetCalculatedSysts] => % sysematic = 0.025
[AnalysisInputs::SetCalculatedSysts] source : FakeLooseID
[AnalysisInputs::SetCalculatedSysts] => % sysematic = 0.3
[AnalysisInputs::SetCalculatedSysts] source : ChrageFlipSyst
[AnalysisInputs::SetCalculatedSysts] => % sysematic = 0.21
[CutRangeInfo::ReadCutCard] Get Cutcard from /home/jskim/Documents/trilepton_13TeV/DiLepton/data/v8-0-7.36/CutOpCard/OPTIMIZED_171108_MuEl_HighMass_Bin2/HNMuEl_200.txt
prompt_tau21_syst = 0.0966968
signal_tau21_syst = 0.0765618
Central	1.32344	0.22014	0
_MuonEn_up	1.33978	0.22014	0
_MuonEn_down	1.2039	0.22014	0
_MuonIDSF_up	1.3137	0.22014	0
_MuonIDSF_down	1.30191	0.22014	0
_ElectronEn_up	1.31683	0.22014	0
_ElectronEn_down	1.32684	0.22014	0
_ElectronIDSF_up	1.33401	0.22014	0
_ElectronIDSF_down	1.30848	0.22014	0
_TriggerSF_up	1.33114	0.22014	0
_TriggerSF_down	1.3277	0.22014	0
_PU_up	1.2986	0.22014	0
_PU_down	1.37909	0.22014	0
_JetEn_up	1.27179	0.22014	0
_JetEn_down	1.21499	0.22014	0
_JetRes_up	1.31	0.22014	0
_JetRes_down	1.27705	0.22014	0
_Unclustered_up	1.24654	0.22014	0
_Unclustered_down	1.24439	0.22014	0
_BTagSFEff_up	1.30785	0.22014	0
_BTagSFEff_down	1.3482	0.22014	0
_BTagSFMiss_up	1.31732	0.22014	0
_BTagSFMiss_down	1.33923	0.22014	0
_JetMass_up	1.32564	0.22014	0
_JetMass_down	1.31863	0.22014	0
_JetMassRes_up	1.32257	0.22014	0
_JetMassRes_down	1.32523	0.22014	0

################ Sources ################
Source	SystTotal	SystPrompt	SystFake	Signal
Stat 18.63 19.08  62.48  -nan  3.22
Lumi 2.14  2.50 -  -  2.50
PDF  -  -  -  -  8.53
MuonPt  5.53 6.45  -  -  0.68
MuonID  1.08 1.26  -  -  1.82
ElectronE  0.34 0.40  -  -  1.16
ElectronID  0.84 0.98  -  -  2.06
Trigger  0.40 0.47  -  -  0.97
PU  2.79 3.26  -  -  2.40
JES  5.50 6.42  -  -  1.63
JER  2.21 2.58  -  -  1.19
Uncl  5.05 5.89  -  -  0.71
BEff  1.34 1.56  -  -  0.86
BMiss  0.78 0.90  -  -  1.17
JMS  0.24 0.28  -  -  0.94
JMR  0.09 0.11  -  -  0.73
Tau21 6.26  7.31 -  -  7.26
MCNorm 15.05  17.55 -  -  -
Fake 4.28  -  30.00 - -
CF 0.00  -  -  -nan -
Total Systematic 19.80 22.55  30.00  -nan  10.16

Total Background	1.544
- Prompt	1.323
- Fake	0.220
- CF	0.000

####### Result #######
Signal Eff	0.009310
1.543580 1.271890
1.054497 1.128941
