
Processing CyclesForMixingLimit_MuMu_Bin1/HNMuMu_500.C...
[AnalysisInputs::SetMCSF] Get MC SF from /data8/Users/jskim/HN_dilepton_plotter/data/v8-0-7.37/MCSF.txt
[AnalysisInputs::SetMCSF] sample : VVV
[AnalysisInputs::SetMCSF] => MCSF = 1, MCSF_err = 0.5
[AnalysisInputs::SetMCSF] sample : WWW
[AnalysisInputs::SetMCSF] => MCSF = 1, MCSF_err = 0.5
[AnalysisInputs::SetMCSF] sample : WWZ
[AnalysisInputs::SetMCSF] => MCSF = 1, MCSF_err = 0.5
[AnalysisInputs::SetMCSF] sample : WZZ
[AnalysisInputs::SetMCSF] => MCSF = 1, MCSF_err = 0.5
[AnalysisInputs::SetMCSF] sample : ZZZ
[AnalysisInputs::SetMCSF] => MCSF = 1, MCSF_err = 0.5
[AnalysisInputs::SetMCSF] sample : ttV
[AnalysisInputs::SetMCSF] => MCSF = 1, MCSF_err = 0.5
[AnalysisInputs::SetMCSF] sample : ttW
[AnalysisInputs::SetMCSF] => MCSF = 1, MCSF_err = 0.5
[AnalysisInputs::SetMCSF] sample : ttZ
[AnalysisInputs::SetMCSF] => MCSF = 1, MCSF_err = 0.5
[AnalysisInputs::SetMCSF] sample : ttH_nonbb
[AnalysisInputs::SetMCSF] => MCSF = 1, MCSF_err = 0.5
[AnalysisInputs::SetMCSF] sample : top
[AnalysisInputs::SetMCSF] => MCSF = 1, MCSF_err = 0.5
[AnalysisInputs::SetMCSF] sample : WWTo2L2Nu_DS
[AnalysisInputs::SetMCSF] => MCSF = 1, MCSF_err = 0.5
[AnalysisInputs::SetMCSF] sample : WpWpEWK
[AnalysisInputs::SetMCSF] => MCSF = 1, MCSF_err = 0.5
[AnalysisInputs::SetMCSF] sample : WpWpQCD
[AnalysisInputs::SetMCSF] => MCSF = 1, MCSF_err = 0.5
[AnalysisInputs::SetMCSF] sample : WZTo3LNu_mllmin01
[AnalysisInputs::SetMCSF] => MCSF = 0.65, MCSF_err = 0.06
[AnalysisInputs::SetMCSF] sample : WZTo3LNu_powheg
[AnalysisInputs::SetMCSF] => MCSF = 1.05246, MCSF_err = 0.0646733
[AnalysisInputs::SetMCSF] sample : ZGto2LG
[AnalysisInputs::SetMCSF] => MCSF = 1.09801, MCSF_err = 0.0750731
[AnalysisInputs::SetMCSF] sample : ZZTo4L_powheg
[AnalysisInputs::SetMCSF] => MCSF = 0.978683, MCSF_err = 0.0790547
[AnalysisInputs::SetMCSF] sample : ggZZto2e2mu
[AnalysisInputs::SetMCSF] => MCSF = 0.978683, MCSF_err = 0.0790547
[AnalysisInputs::SetMCSF] sample : ggZZto2e2nu
[AnalysisInputs::SetMCSF] => MCSF = 0.978683, MCSF_err = 0.0790547
[AnalysisInputs::SetMCSF] sample : ggZZto2e2tau
[AnalysisInputs::SetMCSF] => MCSF = 0.978683, MCSF_err = 0.0790547
[AnalysisInputs::SetMCSF] sample : ggZZto2mu2nu
[AnalysisInputs::SetMCSF] => MCSF = 0.978683, MCSF_err = 0.0790547
[AnalysisInputs::SetMCSF] sample : ggZZto2mu2tau
[AnalysisInputs::SetMCSF] => MCSF = 0.978683, MCSF_err = 0.0790547
[AnalysisInputs::SetMCSF] sample : ggZZto4e
[AnalysisInputs::SetMCSF] => MCSF = 0.978683, MCSF_err = 0.0790547
[AnalysisInputs::SetMCSF] sample : ggZZto4mu
[AnalysisInputs::SetMCSF] => MCSF = 0.978683, MCSF_err = 0.0790547
[AnalysisInputs::SetMCSF] sample : ggZZto4tau
[AnalysisInputs::SetMCSF] => MCSF = 0.978683, MCSF_err = 0.0790547
[AnalysisInputs::SetMCSF] sample : ggHtoZZ
[AnalysisInputs::SetMCSF] => MCSF = 0.978683, MCSF_err = 0.0790547
[AnalysisInputs::SetCalculatedSysts] Get Systematics from /data8/Users/jskim/HN_dilepton_plotter/data/v8-0-7.37/Syst.txt
[AnalysisInputs::SetCalculatedSysts] source : Luminosity
[AnalysisInputs::SetCalculatedSysts] => % sysematic = 0.025
[AnalysisInputs::SetCalculatedSysts] source : FakeLooseID
[AnalysisInputs::SetCalculatedSysts] => % sysematic = 0.3
[AnalysisInputs::SetCalculatedSysts] source : ChrageFlipSyst
[AnalysisInputs::SetCalculatedSysts] => % sysematic = 0.23
[CutRangeInfo::ReadCutCard] Get Cutcard from /data8/Users/jskim/HN_dilepton_plotter/data/v8-0-7.37/CutOpCard/RunDirectory/Cards_MuMu_Bin1/HNMuMu_500.txt
Central	0.327425	0	0
_MuonEn_up	0.330605	0	0
_MuonEn_down	0.319083	0	0
_MuonIDSF_up	0.335525	0	0
_MuonIDSF_down	0.310132	0	0
_ElectronEn_up	0.319509	0	0
_ElectronEn_down	0.320888	0	0
_ElectronIDSF_up	0.324169	0	0
_ElectronIDSF_down	0.320888	0	0
_TriggerSF_up	0.322815	0	0
_TriggerSF_down	0.324013	0	0
_PU_up	0.30165	0	0
_PU_down	0.34183	0	0
_JetEn_up	0.319153	0	0
_JetEn_down	0.92488	0	0
_JetRes_up	0.340156	0	0
_JetRes_down	0.309385	0	0
_Unclustered_up	0.82436	0	0
_Unclustered_down	0.324465	0	0
_BTagSFEff_up	0.320888	0	0
_BTagSFEff_down	0.326291	0	0
_BTagSFMiss_up	0.320888	0	0
_BTagSFMiss_down	0.320888	0	0
_JetMass_up	0.315287	0	0
_JetMass_down	0.320888	0	0
_JetMassRes_up	0.326047	0	0
_JetMassRes_down	0.324169	0	0
_Tau21_up	0.320888	0	0
_Tau21_down	0.320888	0	0

################ Sources ################
Source	SystTotal	SystPrompt	SystFake	Signal
Stat 38.01 38.01  -nan  -nan  1.79
Lumi 2.50  2.50 -  -  2.50
PDF  -  -  -  -  2.44
MuonPt  1.93 1.93  -  -  3.01
MuonID  4.12 4.12  -  -  3.62
ElectronE  2.22 2.22  -  -  0.16
ElectronID  1.58 1.58  -  -  0.35
Trigger  1.24 1.24  -  -  0.15
PU  6.38 6.38  -  -  1.00
JES  129.04 129.04  -  -  1.29
JER  4.77 4.77  -  -  1.41
Uncl  107.32 107.32  -  -  0.10
BEff  1.43 1.43  -  -  0.30
BMiss  2.00 2.00  -  -  0.56
JMS  2.98 2.98  -  -  0.13
JMR  0.76 0.76  -  -  0.19
Tau21  2.00 2.00  -  -  0.17
MCNorm 27.37  27.37 -  -  -
Fake 0.00  -  -nan - -
CF 0.00  -  -  -nan -
Total Systematic 170.40 170.40  -nan  -nan  6.30

Total Background	0.327
- Prompt	0.327
- Fake	0.000
- CF	0.000

####### Result #######
Signal Eff	0.083140
0.327425 2.745873
0.288524 1.065497
