
Processing CyclesForMixingLimit_MuMu_Bin1/HNMuMu_80.C...
[AnalysisInputs::SetMCSF] Get MC SF from /data8/Users/jskim/HN_dilepton_plotter/data/v8-0-7.37/MCSF.txt
[AnalysisInputs::SetMCSF] sample : VVV
[AnalysisInputs::SetMCSF] => MCSF = 1, MCSF_err = 0.5
[AnalysisInputs::SetMCSF] sample : WWW
[AnalysisInputs::SetMCSF] => MCSF = 1, MCSF_err = 0.5
[AnalysisInputs::SetMCSF] sample : WWZ
[AnalysisInputs::SetMCSF] => MCSF = 1, MCSF_err = 0.5
[AnalysisInputs::SetMCSF] sample : WZZ
[AnalysisInputs::SetMCSF] => MCSF = 1, MCSF_err = 0.5
[AnalysisInputs::SetMCSF] sample : ZZZ
[AnalysisInputs::SetMCSF] => MCSF = 1, MCSF_err = 0.5
[AnalysisInputs::SetMCSF] sample : ttV
[AnalysisInputs::SetMCSF] => MCSF = 1, MCSF_err = 0.5
[AnalysisInputs::SetMCSF] sample : ttW
[AnalysisInputs::SetMCSF] => MCSF = 1, MCSF_err = 0.5
[AnalysisInputs::SetMCSF] sample : ttZ
[AnalysisInputs::SetMCSF] => MCSF = 1, MCSF_err = 0.5
[AnalysisInputs::SetMCSF] sample : ttH_nonbb
[AnalysisInputs::SetMCSF] => MCSF = 1, MCSF_err = 0.5
[AnalysisInputs::SetMCSF] sample : top
[AnalysisInputs::SetMCSF] => MCSF = 1, MCSF_err = 0.5
[AnalysisInputs::SetMCSF] sample : WWTo2L2Nu_DS
[AnalysisInputs::SetMCSF] => MCSF = 1, MCSF_err = 0.5
[AnalysisInputs::SetMCSF] sample : WpWpEWK
[AnalysisInputs::SetMCSF] => MCSF = 1, MCSF_err = 0.5
[AnalysisInputs::SetMCSF] sample : WpWpQCD
[AnalysisInputs::SetMCSF] => MCSF = 1, MCSF_err = 0.5
[AnalysisInputs::SetMCSF] sample : WZTo3LNu_mllmin01
[AnalysisInputs::SetMCSF] => MCSF = 0.65, MCSF_err = 0.06
[AnalysisInputs::SetMCSF] sample : WZTo3LNu_powheg
[AnalysisInputs::SetMCSF] => MCSF = 1.05246, MCSF_err = 0.0646733
[AnalysisInputs::SetMCSF] sample : ZGto2LG
[AnalysisInputs::SetMCSF] => MCSF = 1.09801, MCSF_err = 0.0750731
[AnalysisInputs::SetMCSF] sample : ZZTo4L_powheg
[AnalysisInputs::SetMCSF] => MCSF = 0.978683, MCSF_err = 0.0790547
[AnalysisInputs::SetMCSF] sample : ggZZto2e2mu
[AnalysisInputs::SetMCSF] => MCSF = 0.978683, MCSF_err = 0.0790547
[AnalysisInputs::SetMCSF] sample : ggZZto2e2nu
[AnalysisInputs::SetMCSF] => MCSF = 0.978683, MCSF_err = 0.0790547
[AnalysisInputs::SetMCSF] sample : ggZZto2e2tau
[AnalysisInputs::SetMCSF] => MCSF = 0.978683, MCSF_err = 0.0790547
[AnalysisInputs::SetMCSF] sample : ggZZto2mu2nu
[AnalysisInputs::SetMCSF] => MCSF = 0.978683, MCSF_err = 0.0790547
[AnalysisInputs::SetMCSF] sample : ggZZto2mu2tau
[AnalysisInputs::SetMCSF] => MCSF = 0.978683, MCSF_err = 0.0790547
[AnalysisInputs::SetMCSF] sample : ggZZto4e
[AnalysisInputs::SetMCSF] => MCSF = 0.978683, MCSF_err = 0.0790547
[AnalysisInputs::SetMCSF] sample : ggZZto4mu
[AnalysisInputs::SetMCSF] => MCSF = 0.978683, MCSF_err = 0.0790547
[AnalysisInputs::SetMCSF] sample : ggZZto4tau
[AnalysisInputs::SetMCSF] => MCSF = 0.978683, MCSF_err = 0.0790547
[AnalysisInputs::SetMCSF] sample : ggHtoZZ
[AnalysisInputs::SetMCSF] => MCSF = 0.978683, MCSF_err = 0.0790547
[AnalysisInputs::SetCalculatedSysts] Get Systematics from /data8/Users/jskim/HN_dilepton_plotter/data/v8-0-7.37/Syst.txt
[AnalysisInputs::SetCalculatedSysts] source : Luminosity
[AnalysisInputs::SetCalculatedSysts] => % sysematic = 0.025
[AnalysisInputs::SetCalculatedSysts] source : FakeLooseID
[AnalysisInputs::SetCalculatedSysts] => % sysematic = 0.3
[AnalysisInputs::SetCalculatedSysts] source : ChrageFlipSyst
[AnalysisInputs::SetCalculatedSysts] => % sysematic = 0.23
[CutRangeInfo::ReadCutCard] Get Cutcard from /data8/Users/jskim/HN_dilepton_plotter/data/v8-0-7.37/CutOpCard/RunDirectory/Cards_MuMu_Bin1/HNMuMu_80.txt
Central	9.18269	9.7742	0
_MuonEn_up	8.83478	9.7742	0
_MuonEn_down	9.01474	9.7742	0
_MuonIDSF_up	9.25328	9.7742	0
_MuonIDSF_down	8.75834	9.7742	0
_ElectronEn_up	8.57557	9.7742	0
_ElectronEn_down	8.99728	9.7742	0
_ElectronIDSF_up	9.00733	9.7742	0
_ElectronIDSF_down	9.09922	9.7742	0
_TriggerSF_up	9.07121	9.7742	0
_TriggerSF_down	9.08292	9.7742	0
_PU_up	8.93792	9.7742	0
_PU_down	9.04281	9.7742	0
_JetEn_up	8.79056	9.7742	0
_JetEn_down	9.156	9.7742	0
_JetRes_up	9.0775	9.7742	0
_JetRes_down	8.39575	9.7742	0
_Unclustered_up	9.42749	9.7742	0
_Unclustered_down	10.1386	9.7742	0
_BTagSFEff_up	9.00675	9.7742	0
_BTagSFEff_down	9.10649	9.7742	0
_BTagSFMiss_up	8.88149	9.7742	0
_BTagSFMiss_down	9.01313	9.7742	0
_JetMass_up	9.00826	9.7742	0
_JetMass_down	9.01923	9.7742	0
_JetMassRes_up	8.92493	9.7742	0
_JetMassRes_down	9.00555	9.7742	0
_Tau21_up	9.10899	9.7742	0
_Tau21_down	8.99809	9.7742	0

################ Sources ################
Source	SystTotal	SystPrompt	SystFake	Signal
Stat 10.54 18.26  11.10  -nan  4.64
Lumi 1.21  2.50 -  -  2.50
PDF  -  -  -  -  8.37
MuonPt  1.44 2.97  -  -  0.23
MuonID  1.60 3.31  -  -  2.80
ElectronE  2.37 4.89  -  -  0.62
ElectronID  0.72 1.50  -  -  0.43
Trigger  0.56 1.15  -  -  0.83
PU  1.05 2.17  -  -  1.24
JES  1.47 3.03  -  -  5.52
JER  2.96 6.11  -  -  0.26
Uncl  3.68 7.60  -  -  2.98
BEff  0.72 1.48  -  -  0.12
BMiss  1.29 2.66  -  -  0.53
JMS  0.89 1.84  -  -  0.05
JMR  1.17 2.41  -  -  0.34
Tau21  0.74 1.53  -  -  0.45
MCNorm 5.50  11.35 -  -  -
Fake 15.47  -  30.00 - -
CF 0.00  -  -  -nan -
Total Systematic 17.68 17.67  30.00  -nan  11.27

Total Background	18.957
- Prompt	9.183
- Fake	9.774
- CF	0.000

####### Result #######
Signal Eff	0.005381
18.956883 1.205787
363.094768 1.121896
