
Processing CyclesForMixingLimit_MuMu_Bin1/HNMuMu_70.C...
[AnalysisInputs::SetMCSF] Get MC SF from /data8/Users/jskim/HN_dilepton_plotter/data/v8-0-7.37/MCSF.txt
[AnalysisInputs::SetMCSF] sample : VVV
[AnalysisInputs::SetMCSF] => MCSF = 1, MCSF_err = 0.5
[AnalysisInputs::SetMCSF] sample : WWW
[AnalysisInputs::SetMCSF] => MCSF = 1, MCSF_err = 0.5
[AnalysisInputs::SetMCSF] sample : WWZ
[AnalysisInputs::SetMCSF] => MCSF = 1, MCSF_err = 0.5
[AnalysisInputs::SetMCSF] sample : WZZ
[AnalysisInputs::SetMCSF] => MCSF = 1, MCSF_err = 0.5
[AnalysisInputs::SetMCSF] sample : ZZZ
[AnalysisInputs::SetMCSF] => MCSF = 1, MCSF_err = 0.5
[AnalysisInputs::SetMCSF] sample : ttV
[AnalysisInputs::SetMCSF] => MCSF = 1, MCSF_err = 0.5
[AnalysisInputs::SetMCSF] sample : ttW
[AnalysisInputs::SetMCSF] => MCSF = 1, MCSF_err = 0.5
[AnalysisInputs::SetMCSF] sample : ttZ
[AnalysisInputs::SetMCSF] => MCSF = 1, MCSF_err = 0.5
[AnalysisInputs::SetMCSF] sample : ttH_nonbb
[AnalysisInputs::SetMCSF] => MCSF = 1, MCSF_err = 0.5
[AnalysisInputs::SetMCSF] sample : top
[AnalysisInputs::SetMCSF] => MCSF = 1, MCSF_err = 0.5
[AnalysisInputs::SetMCSF] sample : WWTo2L2Nu_DS
[AnalysisInputs::SetMCSF] => MCSF = 1, MCSF_err = 0.5
[AnalysisInputs::SetMCSF] sample : WpWpEWK
[AnalysisInputs::SetMCSF] => MCSF = 1, MCSF_err = 0.5
[AnalysisInputs::SetMCSF] sample : WpWpQCD
[AnalysisInputs::SetMCSF] => MCSF = 1, MCSF_err = 0.5
[AnalysisInputs::SetMCSF] sample : WZTo3LNu_mllmin01
[AnalysisInputs::SetMCSF] => MCSF = 0.65, MCSF_err = 0.06
[AnalysisInputs::SetMCSF] sample : WZTo3LNu_powheg
[AnalysisInputs::SetMCSF] => MCSF = 1.05246, MCSF_err = 0.0646733
[AnalysisInputs::SetMCSF] sample : ZGto2LG
[AnalysisInputs::SetMCSF] => MCSF = 1.09801, MCSF_err = 0.0750731
[AnalysisInputs::SetMCSF] sample : ZZTo4L_powheg
[AnalysisInputs::SetMCSF] => MCSF = 0.978683, MCSF_err = 0.0790547
[AnalysisInputs::SetMCSF] sample : ggZZto2e2mu
[AnalysisInputs::SetMCSF] => MCSF = 0.978683, MCSF_err = 0.0790547
[AnalysisInputs::SetMCSF] sample : ggZZto2e2nu
[AnalysisInputs::SetMCSF] => MCSF = 0.978683, MCSF_err = 0.0790547
[AnalysisInputs::SetMCSF] sample : ggZZto2e2tau
[AnalysisInputs::SetMCSF] => MCSF = 0.978683, MCSF_err = 0.0790547
[AnalysisInputs::SetMCSF] sample : ggZZto2mu2nu
[AnalysisInputs::SetMCSF] => MCSF = 0.978683, MCSF_err = 0.0790547
[AnalysisInputs::SetMCSF] sample : ggZZto2mu2tau
[AnalysisInputs::SetMCSF] => MCSF = 0.978683, MCSF_err = 0.0790547
[AnalysisInputs::SetMCSF] sample : ggZZto4e
[AnalysisInputs::SetMCSF] => MCSF = 0.978683, MCSF_err = 0.0790547
[AnalysisInputs::SetMCSF] sample : ggZZto4mu
[AnalysisInputs::SetMCSF] => MCSF = 0.978683, MCSF_err = 0.0790547
[AnalysisInputs::SetMCSF] sample : ggZZto4tau
[AnalysisInputs::SetMCSF] => MCSF = 0.978683, MCSF_err = 0.0790547
[AnalysisInputs::SetMCSF] sample : ggHtoZZ
[AnalysisInputs::SetMCSF] => MCSF = 0.978683, MCSF_err = 0.0790547
[AnalysisInputs::SetCalculatedSysts] Get Systematics from /data8/Users/jskim/HN_dilepton_plotter/data/v8-0-7.37/Syst.txt
[AnalysisInputs::SetCalculatedSysts] source : Luminosity
[AnalysisInputs::SetCalculatedSysts] => % sysematic = 0.025
[AnalysisInputs::SetCalculatedSysts] source : FakeLooseID
[AnalysisInputs::SetCalculatedSysts] => % sysematic = 0.3
[AnalysisInputs::SetCalculatedSysts] source : ChrageFlipSyst
[AnalysisInputs::SetCalculatedSysts] => % sysematic = 0.23
[CutRangeInfo::ReadCutCard] Get Cutcard from /data8/Users/jskim/HN_dilepton_plotter/data/v8-0-7.37/CutOpCard/RunDirectory/Cards_MuMu_Bin1/HNMuMu_70.txt
Central	9.98317	10.4209	0
_MuonEn_up	9.7226	10.4209	0
_MuonEn_down	9.82772	10.4209	0
_MuonIDSF_up	10.0809	10.4209	0
_MuonIDSF_down	9.55302	10.4209	0
_ElectronEn_up	9.3942	10.4209	0
_ElectronEn_down	9.80834	10.4209	0
_ElectronIDSF_up	9.81839	10.4209	0
_ElectronIDSF_down	9.91028	10.4209	0
_TriggerSF_up	9.89085	10.4209	0
_TriggerSF_down	9.89398	10.4209	0
_PU_up	9.82051	10.4209	0
_PU_down	9.77276	10.4209	0
_JetEn_up	9.07709	10.4209	0
_JetEn_down	9.6911	10.4209	0
_JetRes_up	9.75618	10.4209	0
_JetRes_down	9.22282	10.4209	0
_Unclustered_up	9.65461	10.4209	0
_Unclustered_down	10.9124	10.4209	0
_BTagSFEff_up	9.81781	10.4209	0
_BTagSFEff_down	9.91446	10.4209	0
_BTagSFMiss_up	9.70159	10.4209	0
_BTagSFMiss_down	9.82419	10.4209	0
_JetMass_up	9.81933	10.4209	0
_JetMass_down	9.83029	10.4209	0
_JetMassRes_up	9.82541	10.4209	0
_JetMassRes_down	9.81661	10.4209	0
_Tau21_up	9.9055	10.4209	0
_Tau21_down	9.80916	10.4209	0

################ Sources ################
Source	SystTotal	SystPrompt	SystFake	Signal
Stat 11.44 20.39  10.96  -nan  8.16
Lumi 1.22  2.50 -  -  2.50
PDF  -  -  -  -  8.37
MuonPt  1.05 2.15  -  -  0.16
MuonID  1.53 3.12  -  -  3.19
ElectronE  2.13 4.35  -  -  0.51
ElectronID  0.62 1.28  -  -  0.37
Trigger  0.44 0.91  -  -  0.58
PU  0.92 1.88  -  -  0.29
JES  3.30 6.74  -  -  1.74
JER  2.75 5.62  -  -  0.43
Uncl  3.42 6.98  -  -  3.43
BEff  0.62 1.27  -  -  0.37
BMiss  1.12 2.29  -  -  0.19
JMS  0.78 1.59  -  -  0.01
JMR  0.80 1.62  -  -  0.35
Tau21  0.66 1.35  -  -  0.00
MCNorm 5.58  11.41 -  -  -
Fake 15.32  -  30.00 - -
CF 0.00  -  -  -nan -
Total Systematic 17.61 17.76  30.00  -nan  10.13

Total Background	20.404
- Prompt	9.983
- Fake	10.421
- CF	0.000

####### Result #######
Signal Eff	0.001695
20.404064 1.210019
221.531724 1.130097
