
Processing CyclesForMixingLimit_MuMu_Bin1/HNMuMu_400.C...
[AnalysisInputs::SetMCSF] Get MC SF from /data8/Users/jskim/HN_dilepton_plotter/data/v8-0-7.37/MCSF.txt
[AnalysisInputs::SetMCSF] sample : VVV
[AnalysisInputs::SetMCSF] => MCSF = 1, MCSF_err = 0.5
[AnalysisInputs::SetMCSF] sample : WWW
[AnalysisInputs::SetMCSF] => MCSF = 1, MCSF_err = 0.5
[AnalysisInputs::SetMCSF] sample : WWZ
[AnalysisInputs::SetMCSF] => MCSF = 1, MCSF_err = 0.5
[AnalysisInputs::SetMCSF] sample : WZZ
[AnalysisInputs::SetMCSF] => MCSF = 1, MCSF_err = 0.5
[AnalysisInputs::SetMCSF] sample : ZZZ
[AnalysisInputs::SetMCSF] => MCSF = 1, MCSF_err = 0.5
[AnalysisInputs::SetMCSF] sample : ttV
[AnalysisInputs::SetMCSF] => MCSF = 1, MCSF_err = 0.5
[AnalysisInputs::SetMCSF] sample : ttW
[AnalysisInputs::SetMCSF] => MCSF = 1, MCSF_err = 0.5
[AnalysisInputs::SetMCSF] sample : ttZ
[AnalysisInputs::SetMCSF] => MCSF = 1, MCSF_err = 0.5
[AnalysisInputs::SetMCSF] sample : ttH_nonbb
[AnalysisInputs::SetMCSF] => MCSF = 1, MCSF_err = 0.5
[AnalysisInputs::SetMCSF] sample : top
[AnalysisInputs::SetMCSF] => MCSF = 1, MCSF_err = 0.5
[AnalysisInputs::SetMCSF] sample : WWTo2L2Nu_DS
[AnalysisInputs::SetMCSF] => MCSF = 1, MCSF_err = 0.5
[AnalysisInputs::SetMCSF] sample : WpWpEWK
[AnalysisInputs::SetMCSF] => MCSF = 1, MCSF_err = 0.5
[AnalysisInputs::SetMCSF] sample : WpWpQCD
[AnalysisInputs::SetMCSF] => MCSF = 1, MCSF_err = 0.5
[AnalysisInputs::SetMCSF] sample : WZTo3LNu_mllmin01
[AnalysisInputs::SetMCSF] => MCSF = 0.65, MCSF_err = 0.06
[AnalysisInputs::SetMCSF] sample : WZTo3LNu_powheg
[AnalysisInputs::SetMCSF] => MCSF = 1.05246, MCSF_err = 0.0646733
[AnalysisInputs::SetMCSF] sample : ZGto2LG
[AnalysisInputs::SetMCSF] => MCSF = 1.09801, MCSF_err = 0.0750731
[AnalysisInputs::SetMCSF] sample : ZZTo4L_powheg
[AnalysisInputs::SetMCSF] => MCSF = 0.978683, MCSF_err = 0.0790547
[AnalysisInputs::SetMCSF] sample : ggZZto2e2mu
[AnalysisInputs::SetMCSF] => MCSF = 0.978683, MCSF_err = 0.0790547
[AnalysisInputs::SetMCSF] sample : ggZZto2e2nu
[AnalysisInputs::SetMCSF] => MCSF = 0.978683, MCSF_err = 0.0790547
[AnalysisInputs::SetMCSF] sample : ggZZto2e2tau
[AnalysisInputs::SetMCSF] => MCSF = 0.978683, MCSF_err = 0.0790547
[AnalysisInputs::SetMCSF] sample : ggZZto2mu2nu
[AnalysisInputs::SetMCSF] => MCSF = 0.978683, MCSF_err = 0.0790547
[AnalysisInputs::SetMCSF] sample : ggZZto2mu2tau
[AnalysisInputs::SetMCSF] => MCSF = 0.978683, MCSF_err = 0.0790547
[AnalysisInputs::SetMCSF] sample : ggZZto4e
[AnalysisInputs::SetMCSF] => MCSF = 0.978683, MCSF_err = 0.0790547
[AnalysisInputs::SetMCSF] sample : ggZZto4mu
[AnalysisInputs::SetMCSF] => MCSF = 0.978683, MCSF_err = 0.0790547
[AnalysisInputs::SetMCSF] sample : ggZZto4tau
[AnalysisInputs::SetMCSF] => MCSF = 0.978683, MCSF_err = 0.0790547
[AnalysisInputs::SetMCSF] sample : ggHtoZZ
[AnalysisInputs::SetMCSF] => MCSF = 0.978683, MCSF_err = 0.0790547
[AnalysisInputs::SetCalculatedSysts] Get Systematics from /data8/Users/jskim/HN_dilepton_plotter/data/v8-0-7.37/Syst.txt
[AnalysisInputs::SetCalculatedSysts] source : Luminosity
[AnalysisInputs::SetCalculatedSysts] => % sysematic = 0.025
[AnalysisInputs::SetCalculatedSysts] source : FakeLooseID
[AnalysisInputs::SetCalculatedSysts] => % sysematic = 0.3
[AnalysisInputs::SetCalculatedSysts] source : ChrageFlipSyst
[AnalysisInputs::SetCalculatedSysts] => % sysematic = 0.23
[CutRangeInfo::ReadCutCard] Get Cutcard from /data8/Users/jskim/HN_dilepton_plotter/data/v8-0-7.37/CutOpCard/RunDirectory/Cards_MuMu_Bin1/HNMuMu_400.txt
Central	0.762859	0.00788433	0
_MuonEn_up	0.874116	0.00788433	0
_MuonEn_down	0.742628	0.00788433	0
_MuonIDSF_up	0.876215	0.00788433	0
_MuonIDSF_down	0.816751	0.00788433	0
_ElectronEn_up	0.844935	0.00788433	0
_ElectronEn_down	0.854003	0.00788433	0
_ElectronIDSF_up	0.846645	0.00788433	0
_ElectronIDSF_down	0.812277	0.00788433	0
_TriggerSF_up	0.848477	0.00788433	0
_TriggerSF_down	0.846592	0.00788433	0
_PU_up	0.820363	0.00788433	0
_PU_down	0.86857	0.00788433	0
_JetEn_up	0.912664	0.00788433	0
_JetEn_down	0.877899	0.00788433	0
_JetRes_up	0.864842	0.00788433	0
_JetRes_down	0.836748	0.00788433	0
_Unclustered_up	0.846673	0.00788433	0
_Unclustered_down	0.845768	0.00788433	0
_BTagSFEff_up	0.843466	0.00788433	0
_BTagSFEff_down	0.852145	0.00788433	0
_BTagSFMiss_up	0.849793	0.00788433	0
_BTagSFMiss_down	0.846606	0.00788433	0
_JetMass_up	0.841494	0.00788433	0
_JetMass_down	0.853079	0.00788433	0
_JetMassRes_up	0.848626	0.00788433	0
_JetMassRes_down	0.847321	0.00788433	0
_Tau21_up	0.843466	0.00788433	0
_Tau21_down	0.843466	0.00788433	0

################ Sources ################
Source	SystTotal	SystPrompt	SystFake	Signal
Stat 25.55 25.30  493.66  -nan  1.40
Lumi 2.47  2.50 -  -  2.50
PDF  -  -  -  -  2.44
MuonPt  10.37 10.48  -  -  4.38
MuonID  11.52 11.63  -  -  3.85
ElectronE  11.25 11.37  -  -  0.22
ElectronID  8.92 9.02  -  -  0.28
Trigger  10.99 11.10  -  -  0.48
PU  11.04 11.15  -  -  0.74
JES  17.33 17.51  -  -  1.40
JER  11.55 11.67  -  -  1.05
Uncl  10.82 10.93  -  -  1.15
BEff  11.04 11.15  -  -  0.43
BMiss  11.07 11.19  -  -  0.46
JMS  10.98 11.09  -  -  0.04
JMR  11.04 11.16  -  -  0.32
Tau21  10.46 10.57  -  -  0.25
MCNorm 23.05  23.29 -  -  -
Fake 0.31  -  30.00 - -
CF 0.00  -  -  -nan -
Total Systematic 48.72 49.22  30.00  -nan  7.22

Total Background	0.771
- Prompt	0.763
- Fake	0.008
- CF	0.000

####### Result #######
Signal Eff	0.112367
0.770743 1.550144
0.935202 1.073520
