
Processing CyclesForMixingLimit_MuMu_Bin1/HNMuMu_60.C...
[AnalysisInputs::SetMCSF] Get MC SF from /data8/Users/jskim/HN_dilepton_plotter/data/v8-0-7.37/MCSF.txt
[AnalysisInputs::SetMCSF] sample : VVV
[AnalysisInputs::SetMCSF] => MCSF = 1, MCSF_err = 0.5
[AnalysisInputs::SetMCSF] sample : WWW
[AnalysisInputs::SetMCSF] => MCSF = 1, MCSF_err = 0.5
[AnalysisInputs::SetMCSF] sample : WWZ
[AnalysisInputs::SetMCSF] => MCSF = 1, MCSF_err = 0.5
[AnalysisInputs::SetMCSF] sample : WZZ
[AnalysisInputs::SetMCSF] => MCSF = 1, MCSF_err = 0.5
[AnalysisInputs::SetMCSF] sample : ZZZ
[AnalysisInputs::SetMCSF] => MCSF = 1, MCSF_err = 0.5
[AnalysisInputs::SetMCSF] sample : ttV
[AnalysisInputs::SetMCSF] => MCSF = 1, MCSF_err = 0.5
[AnalysisInputs::SetMCSF] sample : ttW
[AnalysisInputs::SetMCSF] => MCSF = 1, MCSF_err = 0.5
[AnalysisInputs::SetMCSF] sample : ttZ
[AnalysisInputs::SetMCSF] => MCSF = 1, MCSF_err = 0.5
[AnalysisInputs::SetMCSF] sample : ttH_nonbb
[AnalysisInputs::SetMCSF] => MCSF = 1, MCSF_err = 0.5
[AnalysisInputs::SetMCSF] sample : top
[AnalysisInputs::SetMCSF] => MCSF = 1, MCSF_err = 0.5
[AnalysisInputs::SetMCSF] sample : WWTo2L2Nu_DS
[AnalysisInputs::SetMCSF] => MCSF = 1, MCSF_err = 0.5
[AnalysisInputs::SetMCSF] sample : WpWpEWK
[AnalysisInputs::SetMCSF] => MCSF = 1, MCSF_err = 0.5
[AnalysisInputs::SetMCSF] sample : WpWpQCD
[AnalysisInputs::SetMCSF] => MCSF = 1, MCSF_err = 0.5
[AnalysisInputs::SetMCSF] sample : WZTo3LNu_mllmin01
[AnalysisInputs::SetMCSF] => MCSF = 0.65, MCSF_err = 0.06
[AnalysisInputs::SetMCSF] sample : WZTo3LNu_powheg
[AnalysisInputs::SetMCSF] => MCSF = 1.05246, MCSF_err = 0.0646733
[AnalysisInputs::SetMCSF] sample : ZGto2LG
[AnalysisInputs::SetMCSF] => MCSF = 1.09801, MCSF_err = 0.0750731
[AnalysisInputs::SetMCSF] sample : ZZTo4L_powheg
[AnalysisInputs::SetMCSF] => MCSF = 0.978683, MCSF_err = 0.0790547
[AnalysisInputs::SetMCSF] sample : ggZZto2e2mu
[AnalysisInputs::SetMCSF] => MCSF = 0.978683, MCSF_err = 0.0790547
[AnalysisInputs::SetMCSF] sample : ggZZto2e2nu
[AnalysisInputs::SetMCSF] => MCSF = 0.978683, MCSF_err = 0.0790547
[AnalysisInputs::SetMCSF] sample : ggZZto2e2tau
[AnalysisInputs::SetMCSF] => MCSF = 0.978683, MCSF_err = 0.0790547
[AnalysisInputs::SetMCSF] sample : ggZZto2mu2nu
[AnalysisInputs::SetMCSF] => MCSF = 0.978683, MCSF_err = 0.0790547
[AnalysisInputs::SetMCSF] sample : ggZZto2mu2tau
[AnalysisInputs::SetMCSF] => MCSF = 0.978683, MCSF_err = 0.0790547
[AnalysisInputs::SetMCSF] sample : ggZZto4e
[AnalysisInputs::SetMCSF] => MCSF = 0.978683, MCSF_err = 0.0790547
[AnalysisInputs::SetMCSF] sample : ggZZto4mu
[AnalysisInputs::SetMCSF] => MCSF = 0.978683, MCSF_err = 0.0790547
[AnalysisInputs::SetMCSF] sample : ggZZto4tau
[AnalysisInputs::SetMCSF] => MCSF = 0.978683, MCSF_err = 0.0790547
[AnalysisInputs::SetMCSF] sample : ggHtoZZ
[AnalysisInputs::SetMCSF] => MCSF = 0.978683, MCSF_err = 0.0790547
[AnalysisInputs::SetCalculatedSysts] Get Systematics from /data8/Users/jskim/HN_dilepton_plotter/data/v8-0-7.37/Syst.txt
[AnalysisInputs::SetCalculatedSysts] source : Luminosity
[AnalysisInputs::SetCalculatedSysts] => % sysematic = 0.025
[AnalysisInputs::SetCalculatedSysts] source : FakeLooseID
[AnalysisInputs::SetCalculatedSysts] => % sysematic = 0.3
[AnalysisInputs::SetCalculatedSysts] source : ChrageFlipSyst
[AnalysisInputs::SetCalculatedSysts] => % sysematic = 0.23
[CutRangeInfo::ReadCutCard] Get Cutcard from /data8/Users/jskim/HN_dilepton_plotter/data/v8-0-7.37/CutOpCard/RunDirectory/Cards_MuMu_Bin1/HNMuMu_60.txt
Central	7.29932	8.11677	0
_MuonEn_up	7.12442	8.11677	0
_MuonEn_down	7.13477	8.11677	0
_MuonIDSF_up	7.33122	8.11677	0
_MuonIDSF_down	6.93226	8.11677	0
_ElectronEn_up	6.70652	8.11677	0
_ElectronEn_down	7.12604	8.11677	0
_ElectronIDSF_up	7.13394	8.11677	0
_ElectronIDSF_down	7.22583	8.11677	0
_TriggerSF_up	7.18638	8.11677	0
_TriggerSF_down	7.20845	8.11677	0
_PU_up	7.00904	8.11677	0
_PU_down	7.25418	8.11677	0
_JetEn_up	6.44904	8.11677	0
_JetEn_down	7.44948	8.11677	0
_JetRes_up	6.83843	8.11677	0
_JetRes_down	6.66025	8.11677	0
_Unclustered_up	7.1065	8.11677	0
_Unclustered_down	7.67778	8.11677	0
_BTagSFEff_up	7.13354	8.11677	0
_BTagSFEff_down	7.23216	8.11677	0
_BTagSFMiss_up	7.00719	8.11677	0
_BTagSFMiss_down	7.1419	8.11677	0
_JetMass_up	7.13181	8.11677	0
_JetMass_down	7.14105	8.11677	0
_JetMassRes_up	7.05063	8.11677	0
_JetMassRes_down	7.13108	8.11677	0
_Tau21_up	7.22165	8.11677	0
_Tau21_down	7.12686	8.11677	0

################ Sources ################
Source	SystTotal	SystPrompt	SystFake	Signal
Stat 11.53 20.14  12.31  -nan  6.13
Lumi 1.18  2.50 -  -  2.50
PDF  -  -  -  -  8.37
MuonPt  1.10 2.33  -  -  1.50
MuonID  1.69 3.57  -  -  3.37
ElectronE  2.83 5.98  -  -  1.39
ElectronID  0.83 1.75  -  -  0.54
Trigger  0.66 1.40  -  -  1.33
PU  1.35 2.85  -  -  1.91
JES  3.96 8.36  -  -  5.84
JER  3.61 7.63  -  -  1.70
Uncl  1.95 4.11  -  -  3.30
BEff  0.82 1.73  -  -  0.12
BMiss  1.52 3.21  -  -  1.03
JMS  1.06 2.23  -  -  0.16
JMR  1.38 2.91  -  -  0.85
Tau21  0.87 1.83  -  -  0.30
MCNorm 5.29  11.17 -  -  -
Fake 15.80  -  30.00 - -
CF 0.00  -  -  -nan -
Total Systematic 18.25 19.33  30.00  -nan  12.14

Total Background	15.416
- Prompt	7.299
- Fake	8.117
- CF	0.000

####### Result #######
Signal Eff	0.003320
15.416095 1.215901
1347.734482 1.135998
