
Processing CyclesForMixingLimit_MuMu_Bin1/HNMuMu_125.C...
[AnalysisInputs::SetMCSF] Get MC SF from /data8/Users/jskim/HN_dilepton_plotter/data/v8-0-7.37/MCSF.txt
[AnalysisInputs::SetMCSF] sample : VVV
[AnalysisInputs::SetMCSF] => MCSF = 1, MCSF_err = 0.5
[AnalysisInputs::SetMCSF] sample : WWW
[AnalysisInputs::SetMCSF] => MCSF = 1, MCSF_err = 0.5
[AnalysisInputs::SetMCSF] sample : WWZ
[AnalysisInputs::SetMCSF] => MCSF = 1, MCSF_err = 0.5
[AnalysisInputs::SetMCSF] sample : WZZ
[AnalysisInputs::SetMCSF] => MCSF = 1, MCSF_err = 0.5
[AnalysisInputs::SetMCSF] sample : ZZZ
[AnalysisInputs::SetMCSF] => MCSF = 1, MCSF_err = 0.5
[AnalysisInputs::SetMCSF] sample : ttV
[AnalysisInputs::SetMCSF] => MCSF = 1, MCSF_err = 0.5
[AnalysisInputs::SetMCSF] sample : ttW
[AnalysisInputs::SetMCSF] => MCSF = 1, MCSF_err = 0.5
[AnalysisInputs::SetMCSF] sample : ttZ
[AnalysisInputs::SetMCSF] => MCSF = 1, MCSF_err = 0.5
[AnalysisInputs::SetMCSF] sample : ttH_nonbb
[AnalysisInputs::SetMCSF] => MCSF = 1, MCSF_err = 0.5
[AnalysisInputs::SetMCSF] sample : top
[AnalysisInputs::SetMCSF] => MCSF = 1, MCSF_err = 0.5
[AnalysisInputs::SetMCSF] sample : WWTo2L2Nu_DS
[AnalysisInputs::SetMCSF] => MCSF = 1, MCSF_err = 0.5
[AnalysisInputs::SetMCSF] sample : WpWpEWK
[AnalysisInputs::SetMCSF] => MCSF = 1, MCSF_err = 0.5
[AnalysisInputs::SetMCSF] sample : WpWpQCD
[AnalysisInputs::SetMCSF] => MCSF = 1, MCSF_err = 0.5
[AnalysisInputs::SetMCSF] sample : WZTo3LNu_mllmin01
[AnalysisInputs::SetMCSF] => MCSF = 0.65, MCSF_err = 0.06
[AnalysisInputs::SetMCSF] sample : WZTo3LNu_powheg
[AnalysisInputs::SetMCSF] => MCSF = 1.05246, MCSF_err = 0.0646733
[AnalysisInputs::SetMCSF] sample : ZGto2LG
[AnalysisInputs::SetMCSF] => MCSF = 1.09801, MCSF_err = 0.0750731
[AnalysisInputs::SetMCSF] sample : ZZTo4L_powheg
[AnalysisInputs::SetMCSF] => MCSF = 0.978683, MCSF_err = 0.0790547
[AnalysisInputs::SetMCSF] sample : ggZZto2e2mu
[AnalysisInputs::SetMCSF] => MCSF = 0.978683, MCSF_err = 0.0790547
[AnalysisInputs::SetMCSF] sample : ggZZto2e2nu
[AnalysisInputs::SetMCSF] => MCSF = 0.978683, MCSF_err = 0.0790547
[AnalysisInputs::SetMCSF] sample : ggZZto2e2tau
[AnalysisInputs::SetMCSF] => MCSF = 0.978683, MCSF_err = 0.0790547
[AnalysisInputs::SetMCSF] sample : ggZZto2mu2nu
[AnalysisInputs::SetMCSF] => MCSF = 0.978683, MCSF_err = 0.0790547
[AnalysisInputs::SetMCSF] sample : ggZZto2mu2tau
[AnalysisInputs::SetMCSF] => MCSF = 0.978683, MCSF_err = 0.0790547
[AnalysisInputs::SetMCSF] sample : ggZZto4e
[AnalysisInputs::SetMCSF] => MCSF = 0.978683, MCSF_err = 0.0790547
[AnalysisInputs::SetMCSF] sample : ggZZto4mu
[AnalysisInputs::SetMCSF] => MCSF = 0.978683, MCSF_err = 0.0790547
[AnalysisInputs::SetMCSF] sample : ggZZto4tau
[AnalysisInputs::SetMCSF] => MCSF = 0.978683, MCSF_err = 0.0790547
[AnalysisInputs::SetMCSF] sample : ggHtoZZ
[AnalysisInputs::SetMCSF] => MCSF = 0.978683, MCSF_err = 0.0790547
[AnalysisInputs::SetCalculatedSysts] Get Systematics from /data8/Users/jskim/HN_dilepton_plotter/data/v8-0-7.37/Syst.txt
[AnalysisInputs::SetCalculatedSysts] source : Luminosity
[AnalysisInputs::SetCalculatedSysts] => % sysematic = 0.025
[AnalysisInputs::SetCalculatedSysts] source : FakeLooseID
[AnalysisInputs::SetCalculatedSysts] => % sysematic = 0.3
[AnalysisInputs::SetCalculatedSysts] source : ChrageFlipSyst
[AnalysisInputs::SetCalculatedSysts] => % sysematic = 0.23
[CutRangeInfo::ReadCutCard] Get Cutcard from /data8/Users/jskim/HN_dilepton_plotter/data/v8-0-7.37/CutOpCard/RunDirectory/Cards_MuMu_Bin1/HNMuMu_125.txt
Central	6.67544	4.93696	0
_MuonEn_up	6.54408	4.93696	0
_MuonEn_down	6.38716	4.93696	0
_MuonIDSF_up	6.74886	4.93696	0
_MuonIDSF_down	6.31295	4.93696	0
_ElectronEn_up	6.60408	4.93696	0
_ElectronEn_down	6.56231	4.93696	0
_ElectronIDSF_up	6.64674	4.93696	0
_ElectronIDSF_down	6.54502	4.93696	0
_TriggerSF_up	6.59772	4.93696	0
_TriggerSF_down	6.56551	4.93696	0
_PU_up	6.32236	4.93696	0
_PU_down	6.22308	4.93696	0
_JetEn_up	7.24501	4.93696	0
_JetEn_down	7.99598	4.93696	0
_JetRes_up	6.86255	4.93696	0
_JetRes_down	6.29081	4.93696	0
_Unclustered_up	6.7654	4.93696	0
_Unclustered_down	7.08189	4.93696	0
_BTagSFEff_up	6.54603	4.93696	0
_BTagSFEff_down	6.57718	4.93696	0
_BTagSFMiss_up	6.50127	4.93696	0
_BTagSFMiss_down	6.57348	4.93696	0
_JetMass_up	6.56838	4.93696	0
_JetMass_down	6.48916	4.93696	0
_JetMassRes_up	6.60387	4.93696	0
_JetMassRes_down	6.56816	4.93696	0
_Tau21_up	6.55475	4.93696	0
_Tau21_down	6.59543	4.93696	0

################ Sources ################
Source	SystTotal	SystPrompt	SystFake	Signal
Stat 8.93 12.32  12.78  -nan  2.08
Lumi 1.44  2.50 -  -  2.50
PDF  -  -  -  -  2.44
MuonPt  1.93 3.36  -  -  0.26
MuonID  2.25 3.92  -  -  2.93
ElectronE  0.81 1.42  -  -  0.28
ElectronID  0.81 1.41  -  -  0.42
Trigger  0.82 1.43  -  -  0.32
PU  3.49 6.08  -  -  2.65
JES  8.76 15.23  -  -  2.24
JER  2.60 4.53  -  -  1.86
Uncl  2.53 4.41  -  -  2.35
BEff  0.99 1.72  -  -  0.37
BMiss  1.23 2.14  -  -  0.46
JMS  1.31 2.28  -  -  0.49
JMR  0.79 1.37  -  -  0.06
Tau21  0.88 1.53  -  -  0.32
MCNorm 10.76  18.72 -  -  -
Fake 12.75  -  30.00 - -
CF 0.00  -  -  -nan -
Total Systematic 19.98 26.74  30.00  -nan  6.55

Total Background	11.612
- Prompt	6.675
- Fake	4.937
- CF	0.000

####### Result #######
Signal Eff	0.051138
11.612408 1.218786
43.591881 1.068724
