
Processing CyclesForMixingLimit_MuMu_Bin1/HNMuMu_100.C...
[AnalysisInputs::SetMCSF] Get MC SF from /data8/Users/jskim/HN_dilepton_plotter/data/v8-0-7.37/MCSF.txt
[AnalysisInputs::SetMCSF] sample : VVV
[AnalysisInputs::SetMCSF] => MCSF = 1, MCSF_err = 0.5
[AnalysisInputs::SetMCSF] sample : WWW
[AnalysisInputs::SetMCSF] => MCSF = 1, MCSF_err = 0.5
[AnalysisInputs::SetMCSF] sample : WWZ
[AnalysisInputs::SetMCSF] => MCSF = 1, MCSF_err = 0.5
[AnalysisInputs::SetMCSF] sample : WZZ
[AnalysisInputs::SetMCSF] => MCSF = 1, MCSF_err = 0.5
[AnalysisInputs::SetMCSF] sample : ZZZ
[AnalysisInputs::SetMCSF] => MCSF = 1, MCSF_err = 0.5
[AnalysisInputs::SetMCSF] sample : ttV
[AnalysisInputs::SetMCSF] => MCSF = 1, MCSF_err = 0.5
[AnalysisInputs::SetMCSF] sample : ttW
[AnalysisInputs::SetMCSF] => MCSF = 1, MCSF_err = 0.5
[AnalysisInputs::SetMCSF] sample : ttZ
[AnalysisInputs::SetMCSF] => MCSF = 1, MCSF_err = 0.5
[AnalysisInputs::SetMCSF] sample : ttH_nonbb
[AnalysisInputs::SetMCSF] => MCSF = 1, MCSF_err = 0.5
[AnalysisInputs::SetMCSF] sample : top
[AnalysisInputs::SetMCSF] => MCSF = 1, MCSF_err = 0.5
[AnalysisInputs::SetMCSF] sample : WWTo2L2Nu_DS
[AnalysisInputs::SetMCSF] => MCSF = 1, MCSF_err = 0.5
[AnalysisInputs::SetMCSF] sample : WpWpEWK
[AnalysisInputs::SetMCSF] => MCSF = 1, MCSF_err = 0.5
[AnalysisInputs::SetMCSF] sample : WpWpQCD
[AnalysisInputs::SetMCSF] => MCSF = 1, MCSF_err = 0.5
[AnalysisInputs::SetMCSF] sample : WZTo3LNu_mllmin01
[AnalysisInputs::SetMCSF] => MCSF = 0.65, MCSF_err = 0.06
[AnalysisInputs::SetMCSF] sample : WZTo3LNu_powheg
[AnalysisInputs::SetMCSF] => MCSF = 1.05246, MCSF_err = 0.0646733
[AnalysisInputs::SetMCSF] sample : ZGto2LG
[AnalysisInputs::SetMCSF] => MCSF = 1.09801, MCSF_err = 0.0750731
[AnalysisInputs::SetMCSF] sample : ZZTo4L_powheg
[AnalysisInputs::SetMCSF] => MCSF = 0.978683, MCSF_err = 0.0790547
[AnalysisInputs::SetMCSF] sample : ggZZto2e2mu
[AnalysisInputs::SetMCSF] => MCSF = 0.978683, MCSF_err = 0.0790547
[AnalysisInputs::SetMCSF] sample : ggZZto2e2nu
[AnalysisInputs::SetMCSF] => MCSF = 0.978683, MCSF_err = 0.0790547
[AnalysisInputs::SetMCSF] sample : ggZZto2e2tau
[AnalysisInputs::SetMCSF] => MCSF = 0.978683, MCSF_err = 0.0790547
[AnalysisInputs::SetMCSF] sample : ggZZto2mu2nu
[AnalysisInputs::SetMCSF] => MCSF = 0.978683, MCSF_err = 0.0790547
[AnalysisInputs::SetMCSF] sample : ggZZto2mu2tau
[AnalysisInputs::SetMCSF] => MCSF = 0.978683, MCSF_err = 0.0790547
[AnalysisInputs::SetMCSF] sample : ggZZto4e
[AnalysisInputs::SetMCSF] => MCSF = 0.978683, MCSF_err = 0.0790547
[AnalysisInputs::SetMCSF] sample : ggZZto4mu
[AnalysisInputs::SetMCSF] => MCSF = 0.978683, MCSF_err = 0.0790547
[AnalysisInputs::SetMCSF] sample : ggZZto4tau
[AnalysisInputs::SetMCSF] => MCSF = 0.978683, MCSF_err = 0.0790547
[AnalysisInputs::SetMCSF] sample : ggHtoZZ
[AnalysisInputs::SetMCSF] => MCSF = 0.978683, MCSF_err = 0.0790547
[AnalysisInputs::SetCalculatedSysts] Get Systematics from /data8/Users/jskim/HN_dilepton_plotter/data/v8-0-7.37/Syst.txt
[AnalysisInputs::SetCalculatedSysts] source : Luminosity
[AnalysisInputs::SetCalculatedSysts] => % sysematic = 0.025
[AnalysisInputs::SetCalculatedSysts] source : FakeLooseID
[AnalysisInputs::SetCalculatedSysts] => % sysematic = 0.3
[AnalysisInputs::SetCalculatedSysts] source : ChrageFlipSyst
[AnalysisInputs::SetCalculatedSysts] => % sysematic = 0.23
[CutRangeInfo::ReadCutCard] Get Cutcard from /data8/Users/jskim/HN_dilepton_plotter/data/v8-0-7.37/CutOpCard/RunDirectory/Cards_MuMu_Bin1/HNMuMu_100.txt
Central	9.75953	8.85509	0
_MuonEn_up	9.54042	8.85509	0
_MuonEn_down	9.52116	8.85509	0
_MuonIDSF_up	9.83279	8.85509	0
_MuonIDSF_down	9.24882	8.85509	0
_ElectronEn_up	9.12992	8.85509	0
_ElectronEn_down	9.55897	8.85509	0
_ElectronIDSF_up	9.65046	8.85509	0
_ElectronIDSF_down	9.5612	8.85509	0
_TriggerSF_up	9.63115	8.85509	0
_TriggerSF_down	9.63781	8.85509	0
_PU_up	9.26571	8.85509	0
_PU_down	9.81935	8.85509	0
_JetEn_up	10.6838	8.85509	0
_JetEn_down	9.68906	8.85509	0
_JetRes_up	10.2338	8.85509	0
_JetRes_down	8.86516	8.85509	0
_Unclustered_up	9.05246	8.85509	0
_Unclustered_down	10.4371	8.85509	0
_BTagSFEff_up	9.55236	8.85509	0
_BTagSFEff_down	9.5307	8.85509	0
_BTagSFMiss_up	9.52542	8.85509	0
_BTagSFMiss_down	9.57359	8.85509	0
_JetMass_up	9.57375	8.85509	0
_JetMass_down	9.56684	8.85509	0
_JetMassRes_up	9.5161	8.85509	0
_JetMassRes_down	9.55946	8.85509	0
_Tau21_up	9.63802	8.85509	0
_Tau21_down	9.58941	8.85509	0

################ Sources ################
Source	SystTotal	SystPrompt	SystFake	Signal
Stat 12.14 20.95  10.87  -nan  2.79
Lumi 1.31  2.50 -  -  2.50
PDF  -  -  -  -  2.44
MuonPt  1.23 2.35  -  -  0.36
MuonID  1.96 3.74  -  -  2.94
ElectronE  2.51 4.79  -  -  0.46
ElectronID  0.86 1.64  -  -  0.35
Trigger  0.67 1.28  -  -  0.89
PU  1.89 3.60  -  -  2.27
JES  3.52 6.72  -  -  1.43
JER  3.85 7.33  -  -  1.81
Uncl  3.72 7.10  -  -  1.95
BEff  1.17 2.24  -  -  0.45
BMiss  1.14 2.17  -  -  0.80
JMS  1.02 1.94  -  -  0.42
JMR  1.20 2.28  -  -  0.21
Tau21  0.79 1.51  -  -  0.27
MCNorm 7.14  13.63 -  -  -
Fake 14.27  -  30.00 - -
CF 0.00  -  -  -nan -
Total Systematic 17.88 20.54  30.00  -nan  6.12

Total Background	18.615
- Prompt	9.760
- Fake	8.855
- CF	0.000

####### Result #######
Signal Eff	0.025758
18.614617 1.216106
69.948458 1.067250
