
Processing CyclesForMixingLimit_MuMu_Bin1/HNMuMu_300_VBFOnly.C...
[AnalysisInputs::SetMCSF] Get MC SF from /data8/Users/jskim/HN_dilepton_plotter/data/v8-0-7.37/MCSF.txt
[AnalysisInputs::SetMCSF] sample : VVV
[AnalysisInputs::SetMCSF] => MCSF = 1, MCSF_err = 0.5
[AnalysisInputs::SetMCSF] sample : WWW
[AnalysisInputs::SetMCSF] => MCSF = 1, MCSF_err = 0.5
[AnalysisInputs::SetMCSF] sample : WWZ
[AnalysisInputs::SetMCSF] => MCSF = 1, MCSF_err = 0.5
[AnalysisInputs::SetMCSF] sample : WZZ
[AnalysisInputs::SetMCSF] => MCSF = 1, MCSF_err = 0.5
[AnalysisInputs::SetMCSF] sample : ZZZ
[AnalysisInputs::SetMCSF] => MCSF = 1, MCSF_err = 0.5
[AnalysisInputs::SetMCSF] sample : ttV
[AnalysisInputs::SetMCSF] => MCSF = 1, MCSF_err = 0.5
[AnalysisInputs::SetMCSF] sample : ttW
[AnalysisInputs::SetMCSF] => MCSF = 1, MCSF_err = 0.5
[AnalysisInputs::SetMCSF] sample : ttZ
[AnalysisInputs::SetMCSF] => MCSF = 1, MCSF_err = 0.5
[AnalysisInputs::SetMCSF] sample : ttH_nonbb
[AnalysisInputs::SetMCSF] => MCSF = 1, MCSF_err = 0.5
[AnalysisInputs::SetMCSF] sample : top
[AnalysisInputs::SetMCSF] => MCSF = 1, MCSF_err = 0.5
[AnalysisInputs::SetMCSF] sample : WWTo2L2Nu_DS
[AnalysisInputs::SetMCSF] => MCSF = 1, MCSF_err = 0.5
[AnalysisInputs::SetMCSF] sample : WpWpEWK
[AnalysisInputs::SetMCSF] => MCSF = 1, MCSF_err = 0.5
[AnalysisInputs::SetMCSF] sample : WpWpQCD
[AnalysisInputs::SetMCSF] => MCSF = 1, MCSF_err = 0.5
[AnalysisInputs::SetMCSF] sample : WZTo3LNu_mllmin01
[AnalysisInputs::SetMCSF] => MCSF = 0.65, MCSF_err = 0.06
[AnalysisInputs::SetMCSF] sample : WZTo3LNu_powheg
[AnalysisInputs::SetMCSF] => MCSF = 1.05246, MCSF_err = 0.0646733
[AnalysisInputs::SetMCSF] sample : ZGto2LG
[AnalysisInputs::SetMCSF] => MCSF = 1.09801, MCSF_err = 0.0750731
[AnalysisInputs::SetMCSF] sample : ZZTo4L_powheg
[AnalysisInputs::SetMCSF] => MCSF = 0.978683, MCSF_err = 0.0790547
[AnalysisInputs::SetMCSF] sample : ggZZto2e2mu
[AnalysisInputs::SetMCSF] => MCSF = 0.978683, MCSF_err = 0.0790547
[AnalysisInputs::SetMCSF] sample : ggZZto2e2nu
[AnalysisInputs::SetMCSF] => MCSF = 0.978683, MCSF_err = 0.0790547
[AnalysisInputs::SetMCSF] sample : ggZZto2e2tau
[AnalysisInputs::SetMCSF] => MCSF = 0.978683, MCSF_err = 0.0790547
[AnalysisInputs::SetMCSF] sample : ggZZto2mu2nu
[AnalysisInputs::SetMCSF] => MCSF = 0.978683, MCSF_err = 0.0790547
[AnalysisInputs::SetMCSF] sample : ggZZto2mu2tau
[AnalysisInputs::SetMCSF] => MCSF = 0.978683, MCSF_err = 0.0790547
[AnalysisInputs::SetMCSF] sample : ggZZto4e
[AnalysisInputs::SetMCSF] => MCSF = 0.978683, MCSF_err = 0.0790547
[AnalysisInputs::SetMCSF] sample : ggZZto4mu
[AnalysisInputs::SetMCSF] => MCSF = 0.978683, MCSF_err = 0.0790547
[AnalysisInputs::SetMCSF] sample : ggZZto4tau
[AnalysisInputs::SetMCSF] => MCSF = 0.978683, MCSF_err = 0.0790547
[AnalysisInputs::SetMCSF] sample : ggHtoZZ
[AnalysisInputs::SetMCSF] => MCSF = 0.978683, MCSF_err = 0.0790547
[AnalysisInputs::SetCalculatedSysts] Get Systematics from /data8/Users/jskim/HN_dilepton_plotter/data/v8-0-7.37/Syst.txt
[AnalysisInputs::SetCalculatedSysts] source : Luminosity
[AnalysisInputs::SetCalculatedSysts] => % sysematic = 0.025
[AnalysisInputs::SetCalculatedSysts] source : FakeLooseID
[AnalysisInputs::SetCalculatedSysts] => % sysematic = 0.3
[AnalysisInputs::SetCalculatedSysts] source : ChrageFlipSyst
[AnalysisInputs::SetCalculatedSysts] => % sysematic = 0.23
[CutRangeInfo::ReadCutCard] Get Cutcard from /data8/Users/jskim/HN_dilepton_plotter/data/v8-0-7.37/CutOpCard/RunDirectory/Cards_MuMu_Bin1/HNMuMu_300.txt
Central	2.23038	0.10278	0
_MuonEn_up	2.47551	0.10278	0
_MuonEn_down	2.23409	0.10278	0
_MuonIDSF_up	2.38994	0.10278	0
_MuonIDSF_down	2.24162	0.10278	0
_ElectronEn_up	2.31213	0.10278	0
_ElectronEn_down	2.31852	0.10278	0
_ElectronIDSF_up	2.31223	0.10278	0
_ElectronIDSF_down	2.27267	0.10278	0
_TriggerSF_up	2.31816	0.10278	0
_TriggerSF_down	2.31182	0.10278	0
_PU_up	2.29335	0.10278	0
_PU_down	2.29952	0.10278	0
_JetEn_up	2.83387	0.10278	0
_JetEn_down	2.80648	0.10278	0
_JetRes_up	2.2336	0.10278	0
_JetRes_down	2.42705	0.10278	0
_Unclustered_up	2.61929	0.10278	0
_Unclustered_down	2.41101	0.10278	0
_BTagSFEff_up	2.31352	0.10278	0
_BTagSFEff_down	2.30802	0.10278	0
_BTagSFMiss_up	2.26703	0.10278	0
_BTagSFMiss_down	2.31196	0.10278	0
_JetMass_up	2.30496	0.10278	0
_JetMass_down	2.31244	0.10278	0
_JetMassRes_up	2.30968	0.10278	0
_JetMassRes_down	2.21884	0.10278	0
_Tau21_up	2.30693	0.10278	0
_Tau21_down	2.30001	0.10278	0

################ Sources ################
Source	SystTotal	SystPrompt	SystFake	Signal
Stat 15.64 15.83  90.14  -nan  4.20
Lumi 2.39  2.50 -  -  2.50
PDF  -  -  -  -  2.44
MuonPt  7.43 7.77  -  -  6.64
MuonID  4.85 5.07  -  -  3.46
ElectronE  3.64 3.81  -  -  0.63
ElectronID  2.79 2.92  -  -  0.18
Trigger  3.63 3.80  -  -  0.41
PU  2.83 2.96  -  -  2.22
JES  25.29 26.45  -  -  1.67
JER  5.96 6.24  -  -  1.51
Uncl  13.00 13.59  -  -  2.04
BEff  3.45 3.61  -  -  0.31
BMiss  2.71 2.84  -  -  0.44
JMS  3.36 3.52  -  -  0.33
JMR  2.43 2.54  -  -  0.07
Tau21  3.14 3.28  -  -  0.25
MCNorm 21.65  22.65 -  -  -
Fake 1.32  -  30.00 - -
CF 0.00  -  -  -nan -
Total Systematic 38.57 40.32  30.00  -nan  9.14

Total Background	2.333
- Prompt	2.230
- Fake	0.103
- CF	0.000

####### Result #######
Signal Eff	0.027031
2.333159 1.416177
0.322282 1.100585
