
Processing CyclesForMixingLimit_MuMu_Bin1/HNMuMu_150.C...
[AnalysisInputs::SetMCSF] Get MC SF from /data8/Users/jskim/HN_dilepton_plotter/data/v8-0-7.37/MCSF.txt
[AnalysisInputs::SetMCSF] sample : VVV
[AnalysisInputs::SetMCSF] => MCSF = 1, MCSF_err = 0.5
[AnalysisInputs::SetMCSF] sample : WWW
[AnalysisInputs::SetMCSF] => MCSF = 1, MCSF_err = 0.5
[AnalysisInputs::SetMCSF] sample : WWZ
[AnalysisInputs::SetMCSF] => MCSF = 1, MCSF_err = 0.5
[AnalysisInputs::SetMCSF] sample : WZZ
[AnalysisInputs::SetMCSF] => MCSF = 1, MCSF_err = 0.5
[AnalysisInputs::SetMCSF] sample : ZZZ
[AnalysisInputs::SetMCSF] => MCSF = 1, MCSF_err = 0.5
[AnalysisInputs::SetMCSF] sample : ttV
[AnalysisInputs::SetMCSF] => MCSF = 1, MCSF_err = 0.5
[AnalysisInputs::SetMCSF] sample : ttW
[AnalysisInputs::SetMCSF] => MCSF = 1, MCSF_err = 0.5
[AnalysisInputs::SetMCSF] sample : ttZ
[AnalysisInputs::SetMCSF] => MCSF = 1, MCSF_err = 0.5
[AnalysisInputs::SetMCSF] sample : ttH_nonbb
[AnalysisInputs::SetMCSF] => MCSF = 1, MCSF_err = 0.5
[AnalysisInputs::SetMCSF] sample : top
[AnalysisInputs::SetMCSF] => MCSF = 1, MCSF_err = 0.5
[AnalysisInputs::SetMCSF] sample : WWTo2L2Nu_DS
[AnalysisInputs::SetMCSF] => MCSF = 1, MCSF_err = 0.5
[AnalysisInputs::SetMCSF] sample : WpWpEWK
[AnalysisInputs::SetMCSF] => MCSF = 1, MCSF_err = 0.5
[AnalysisInputs::SetMCSF] sample : WpWpQCD
[AnalysisInputs::SetMCSF] => MCSF = 1, MCSF_err = 0.5
[AnalysisInputs::SetMCSF] sample : WZTo3LNu_mllmin01
[AnalysisInputs::SetMCSF] => MCSF = 0.65, MCSF_err = 0.06
[AnalysisInputs::SetMCSF] sample : WZTo3LNu_powheg
[AnalysisInputs::SetMCSF] => MCSF = 1.05246, MCSF_err = 0.0646733
[AnalysisInputs::SetMCSF] sample : ZGto2LG
[AnalysisInputs::SetMCSF] => MCSF = 1.09801, MCSF_err = 0.0750731
[AnalysisInputs::SetMCSF] sample : ZZTo4L_powheg
[AnalysisInputs::SetMCSF] => MCSF = 0.978683, MCSF_err = 0.0790547
[AnalysisInputs::SetMCSF] sample : ggZZto2e2mu
[AnalysisInputs::SetMCSF] => MCSF = 0.978683, MCSF_err = 0.0790547
[AnalysisInputs::SetMCSF] sample : ggZZto2e2nu
[AnalysisInputs::SetMCSF] => MCSF = 0.978683, MCSF_err = 0.0790547
[AnalysisInputs::SetMCSF] sample : ggZZto2e2tau
[AnalysisInputs::SetMCSF] => MCSF = 0.978683, MCSF_err = 0.0790547
[AnalysisInputs::SetMCSF] sample : ggZZto2mu2nu
[AnalysisInputs::SetMCSF] => MCSF = 0.978683, MCSF_err = 0.0790547
[AnalysisInputs::SetMCSF] sample : ggZZto2mu2tau
[AnalysisInputs::SetMCSF] => MCSF = 0.978683, MCSF_err = 0.0790547
[AnalysisInputs::SetMCSF] sample : ggZZto4e
[AnalysisInputs::SetMCSF] => MCSF = 0.978683, MCSF_err = 0.0790547
[AnalysisInputs::SetMCSF] sample : ggZZto4mu
[AnalysisInputs::SetMCSF] => MCSF = 0.978683, MCSF_err = 0.0790547
[AnalysisInputs::SetMCSF] sample : ggZZto4tau
[AnalysisInputs::SetMCSF] => MCSF = 0.978683, MCSF_err = 0.0790547
[AnalysisInputs::SetMCSF] sample : ggHtoZZ
[AnalysisInputs::SetMCSF] => MCSF = 0.978683, MCSF_err = 0.0790547
[AnalysisInputs::SetCalculatedSysts] Get Systematics from /data8/Users/jskim/HN_dilepton_plotter/data/v8-0-7.37/Syst.txt
[AnalysisInputs::SetCalculatedSysts] source : Luminosity
[AnalysisInputs::SetCalculatedSysts] => % sysematic = 0.025
[AnalysisInputs::SetCalculatedSysts] source : FakeLooseID
[AnalysisInputs::SetCalculatedSysts] => % sysematic = 0.3
[AnalysisInputs::SetCalculatedSysts] source : ChrageFlipSyst
[AnalysisInputs::SetCalculatedSysts] => % sysematic = 0.23
[CutRangeInfo::ReadCutCard] Get Cutcard from /data8/Users/jskim/HN_dilepton_plotter/data/v8-0-7.37/CutOpCard/RunDirectory/Cards_MuMu_Bin1/HNMuMu_150.txt
Central	5.54987	3.04901	0
_MuonEn_up	5.5181	3.04901	0
_MuonEn_down	5.31164	3.04901	0
_MuonIDSF_up	5.70202	3.04901	0
_MuonIDSF_down	5.35311	3.04901	0
_ElectronEn_up	5.5362	3.04901	0
_ElectronEn_down	5.63088	3.04901	0
_ElectronIDSF_up	5.54123	3.04901	0
_ElectronIDSF_down	5.5359	3.04901	0
_TriggerSF_up	5.58733	3.04901	0
_TriggerSF_down	5.44488	3.04901	0
_PU_up	5.29667	3.04901	0
_PU_down	5.22086	3.04901	0
_JetEn_up	5.82211	3.04901	0
_JetEn_down	5.89577	3.04901	0
_JetRes_up	5.695	3.04901	0
_JetRes_down	5.38757	3.04901	0
_Unclustered_up	5.68436	3.04901	0
_Unclustered_down	6.09619	3.04901	0
_BTagSFEff_up	5.53275	3.04901	0
_BTagSFEff_down	5.53189	3.04901	0
_BTagSFMiss_up	5.264	3.04901	0
_BTagSFMiss_down	5.53652	3.04901	0
_JetMass_up	5.55249	3.04901	0
_JetMass_down	5.47059	3.04901	0
_JetMassRes_up	5.52863	3.04901	0
_JetMassRes_down	5.54698	3.04901	0
_Tau21_up	5.45867	3.04901	0
_Tau21_down	5.45562	3.04901	0

################ Sources ################
Source	SystTotal	SystPrompt	SystFake	Signal
Stat 9.48 12.38  14.38  -nan  1.82
Lumi 1.61  2.50 -  -  2.50
PDF  -  -  -  -  2.44
MuonPt  1.98 3.06  -  -  0.07
MuonID  2.05 3.17  -  -  2.71
ElectronE  0.68 1.05  -  -  0.27
ElectronID  0.14 0.21  -  -  0.12
Trigger  0.92 1.42  -  -  0.38
PU  3.41 5.29  -  -  1.64
JES  3.62 5.61  -  -  2.22
JER  1.79 2.77  -  -  1.65
Uncl  4.63 7.17  -  -  2.93
BEff  0.20 0.32  -  -  0.22
BMiss  2.35 3.65  -  -  0.44
JMS  0.65 1.01  -  -  0.20
JMR  0.18 0.27  -  -  0.23
Tau21  1.08 1.67  -  -  0.29
MCNorm 11.33  17.55 -  -  -
Fake 10.64  -  30.00 - -
CF 0.00  -  -  -nan -
Total Systematic 17.61 21.74  30.00  -nan  6.26

Total Background	8.599
- Prompt	5.550
- Fake	3.049
- CF	0.000

####### Result #######
Signal Eff	0.065817
8.598884 1.199952
25.352491 1.065149
