
Processing CyclesForMixingLimit_MuMu_Bin1/HNMuMu_600_VBF.C...
[AnalysisInputs::SetMCSF] Get MC SF from /data8/Users/jskim/HN_dilepton_plotter/data/v8-0-7.37/MCSF.txt
[AnalysisInputs::SetMCSF] sample : VVV
[AnalysisInputs::SetMCSF] => MCSF = 1, MCSF_err = 0.5
[AnalysisInputs::SetMCSF] sample : WWW
[AnalysisInputs::SetMCSF] => MCSF = 1, MCSF_err = 0.5
[AnalysisInputs::SetMCSF] sample : WWZ
[AnalysisInputs::SetMCSF] => MCSF = 1, MCSF_err = 0.5
[AnalysisInputs::SetMCSF] sample : WZZ
[AnalysisInputs::SetMCSF] => MCSF = 1, MCSF_err = 0.5
[AnalysisInputs::SetMCSF] sample : ZZZ
[AnalysisInputs::SetMCSF] => MCSF = 1, MCSF_err = 0.5
[AnalysisInputs::SetMCSF] sample : ttV
[AnalysisInputs::SetMCSF] => MCSF = 1, MCSF_err = 0.5
[AnalysisInputs::SetMCSF] sample : ttW
[AnalysisInputs::SetMCSF] => MCSF = 1, MCSF_err = 0.5
[AnalysisInputs::SetMCSF] sample : ttZ
[AnalysisInputs::SetMCSF] => MCSF = 1, MCSF_err = 0.5
[AnalysisInputs::SetMCSF] sample : ttH_nonbb
[AnalysisInputs::SetMCSF] => MCSF = 1, MCSF_err = 0.5
[AnalysisInputs::SetMCSF] sample : top
[AnalysisInputs::SetMCSF] => MCSF = 1, MCSF_err = 0.5
[AnalysisInputs::SetMCSF] sample : WWTo2L2Nu_DS
[AnalysisInputs::SetMCSF] => MCSF = 1, MCSF_err = 0.5
[AnalysisInputs::SetMCSF] sample : WpWpEWK
[AnalysisInputs::SetMCSF] => MCSF = 1, MCSF_err = 0.5
[AnalysisInputs::SetMCSF] sample : WpWpQCD
[AnalysisInputs::SetMCSF] => MCSF = 1, MCSF_err = 0.5
[AnalysisInputs::SetMCSF] sample : WZTo3LNu_mllmin01
[AnalysisInputs::SetMCSF] => MCSF = 0.65, MCSF_err = 0.06
[AnalysisInputs::SetMCSF] sample : WZTo3LNu_powheg
[AnalysisInputs::SetMCSF] => MCSF = 1.05246, MCSF_err = 0.0646733
[AnalysisInputs::SetMCSF] sample : ZGto2LG
[AnalysisInputs::SetMCSF] => MCSF = 1.09801, MCSF_err = 0.0750731
[AnalysisInputs::SetMCSF] sample : ZZTo4L_powheg
[AnalysisInputs::SetMCSF] => MCSF = 0.978683, MCSF_err = 0.0790547
[AnalysisInputs::SetMCSF] sample : ggZZto2e2mu
[AnalysisInputs::SetMCSF] => MCSF = 0.978683, MCSF_err = 0.0790547
[AnalysisInputs::SetMCSF] sample : ggZZto2e2nu
[AnalysisInputs::SetMCSF] => MCSF = 0.978683, MCSF_err = 0.0790547
[AnalysisInputs::SetMCSF] sample : ggZZto2e2tau
[AnalysisInputs::SetMCSF] => MCSF = 0.978683, MCSF_err = 0.0790547
[AnalysisInputs::SetMCSF] sample : ggZZto2mu2nu
[AnalysisInputs::SetMCSF] => MCSF = 0.978683, MCSF_err = 0.0790547
[AnalysisInputs::SetMCSF] sample : ggZZto2mu2tau
[AnalysisInputs::SetMCSF] => MCSF = 0.978683, MCSF_err = 0.0790547
[AnalysisInputs::SetMCSF] sample : ggZZto4e
[AnalysisInputs::SetMCSF] => MCSF = 0.978683, MCSF_err = 0.0790547
[AnalysisInputs::SetMCSF] sample : ggZZto4mu
[AnalysisInputs::SetMCSF] => MCSF = 0.978683, MCSF_err = 0.0790547
[AnalysisInputs::SetMCSF] sample : ggZZto4tau
[AnalysisInputs::SetMCSF] => MCSF = 0.978683, MCSF_err = 0.0790547
[AnalysisInputs::SetMCSF] sample : ggHtoZZ
[AnalysisInputs::SetMCSF] => MCSF = 0.978683, MCSF_err = 0.0790547
[AnalysisInputs::SetCalculatedSysts] Get Systematics from /data8/Users/jskim/HN_dilepton_plotter/data/v8-0-7.37/Syst.txt
[AnalysisInputs::SetCalculatedSysts] source : Luminosity
[AnalysisInputs::SetCalculatedSysts] => % sysematic = 0.025
[AnalysisInputs::SetCalculatedSysts] source : FakeLooseID
[AnalysisInputs::SetCalculatedSysts] => % sysematic = 0.3
[AnalysisInputs::SetCalculatedSysts] source : ChrageFlipSyst
[AnalysisInputs::SetCalculatedSysts] => % sysematic = 0.23
[CutRangeInfo::ReadCutCard] Get Cutcard from /data8/Users/jskim/HN_dilepton_plotter/data/v8-0-7.37/CutOpCard/RunDirectory/Cards_MuMu_Bin1/HNMuMu_600.txt
Central	0.21965	0	0
_MuonEn_up	0.250621	0	0
_MuonEn_down	0.211381	0	0
_MuonIDSF_up	0.227423	0	0
_MuonIDSF_down	0.213959	0	0
_ElectronEn_up	0.215014	0	0
_ElectronEn_down	0.216453	0	0
_ElectronIDSF_up	0.216393	0	0
_ElectronIDSF_down	0.219937	0	0
_TriggerSF_up	0.217719	0	0
_TriggerSF_down	0.216301	0	0
_PU_up	0.222393	0	0
_PU_down	0.216352	0	0
_JetEn_up	0.241076	0	0
_JetEn_down	0.408787	0	0
_JetRes_up	0.320913	0	0
_JetRes_down	0.210708	0	0
_Unclustered_up	0.211541	0	0
_Unclustered_down	0.219237	0	0
_BTagSFEff_up	0.216393	0	0
_BTagSFEff_down	0.215834	0	0
_BTagSFMiss_up	0.216393	0	0
_BTagSFMiss_down	0.216393	0	0
_JetMass_up	0.216393	0	0
_JetMass_down	0.211531	0	0
_JetMassRes_up	0.216393	0	0
_JetMassRes_down	0.216393	0	0
_Tau21_up	0.216393	0	0
_Tau21_down	0.216393	0	0

################ Sources ################
Source	SystTotal	SystPrompt	SystFake	Signal
Stat 38.38 38.38  -nan  -nan  1.79
Lumi 2.50  2.50 -  -  2.50
PDF  -  -  -  -  2.44
MuonPt  10.32 10.32  -  -  4.30
MuonID  3.10 3.10  -  -  3.52
ElectronE  1.81 1.81  -  -  0.41
ElectronID  1.05 1.05  -  -  0.27
Trigger  1.24 1.24  -  -  0.63
PU  1.38 1.38  -  -  1.06
JES  61.28 61.28  -  -  2.07
JER  32.73 32.73  -  -  0.92
Uncl  2.61 2.61  -  -  1.47
BEff  1.61 1.61  -  -  0.45
BMiss  1.48 1.48  -  -  0.48
JMS  2.82 2.82  -  -  0.37
JMR  1.48 1.48  -  -  0.32
Tau21  1.48 1.48  -  -  0.30
MCNorm 33.19  33.19 -  -  -
Fake 0.00  -  -nan - -
CF 0.00  -  -  -nan -
Total Systematic 77.99 77.99  -nan  -nan  7.27

Total Background	0.220
- Prompt	0.220
- Fake	0.000
- CF	0.000

####### Result #######
Signal Eff	0.087110
0.219650 1.869193
0.160237 1.074892
