
Processing CyclesForMixingLimit_MuMu_Bin1/HNMuMu_800_VBF.C...
[AnalysisInputs::SetMCSF] Get MC SF from /data8/Users/jskim/HN_dilepton_plotter/data/v8-0-7.37/MCSF.txt
[AnalysisInputs::SetMCSF] sample : VVV
[AnalysisInputs::SetMCSF] => MCSF = 1, MCSF_err = 0.5
[AnalysisInputs::SetMCSF] sample : WWW
[AnalysisInputs::SetMCSF] => MCSF = 1, MCSF_err = 0.5
[AnalysisInputs::SetMCSF] sample : WWZ
[AnalysisInputs::SetMCSF] => MCSF = 1, MCSF_err = 0.5
[AnalysisInputs::SetMCSF] sample : WZZ
[AnalysisInputs::SetMCSF] => MCSF = 1, MCSF_err = 0.5
[AnalysisInputs::SetMCSF] sample : ZZZ
[AnalysisInputs::SetMCSF] => MCSF = 1, MCSF_err = 0.5
[AnalysisInputs::SetMCSF] sample : ttV
[AnalysisInputs::SetMCSF] => MCSF = 1, MCSF_err = 0.5
[AnalysisInputs::SetMCSF] sample : ttW
[AnalysisInputs::SetMCSF] => MCSF = 1, MCSF_err = 0.5
[AnalysisInputs::SetMCSF] sample : ttZ
[AnalysisInputs::SetMCSF] => MCSF = 1, MCSF_err = 0.5
[AnalysisInputs::SetMCSF] sample : ttH_nonbb
[AnalysisInputs::SetMCSF] => MCSF = 1, MCSF_err = 0.5
[AnalysisInputs::SetMCSF] sample : top
[AnalysisInputs::SetMCSF] => MCSF = 1, MCSF_err = 0.5
[AnalysisInputs::SetMCSF] sample : WWTo2L2Nu_DS
[AnalysisInputs::SetMCSF] => MCSF = 1, MCSF_err = 0.5
[AnalysisInputs::SetMCSF] sample : WpWpEWK
[AnalysisInputs::SetMCSF] => MCSF = 1, MCSF_err = 0.5
[AnalysisInputs::SetMCSF] sample : WpWpQCD
[AnalysisInputs::SetMCSF] => MCSF = 1, MCSF_err = 0.5
[AnalysisInputs::SetMCSF] sample : WZTo3LNu_mllmin01
[AnalysisInputs::SetMCSF] => MCSF = 0.65, MCSF_err = 0.06
[AnalysisInputs::SetMCSF] sample : WZTo3LNu_powheg
[AnalysisInputs::SetMCSF] => MCSF = 1.05246, MCSF_err = 0.0646733
[AnalysisInputs::SetMCSF] sample : ZGto2LG
[AnalysisInputs::SetMCSF] => MCSF = 1.09801, MCSF_err = 0.0750731
[AnalysisInputs::SetMCSF] sample : ZZTo4L_powheg
[AnalysisInputs::SetMCSF] => MCSF = 0.978683, MCSF_err = 0.0790547
[AnalysisInputs::SetMCSF] sample : ggZZto2e2mu
[AnalysisInputs::SetMCSF] => MCSF = 0.978683, MCSF_err = 0.0790547
[AnalysisInputs::SetMCSF] sample : ggZZto2e2nu
[AnalysisInputs::SetMCSF] => MCSF = 0.978683, MCSF_err = 0.0790547
[AnalysisInputs::SetMCSF] sample : ggZZto2e2tau
[AnalysisInputs::SetMCSF] => MCSF = 0.978683, MCSF_err = 0.0790547
[AnalysisInputs::SetMCSF] sample : ggZZto2mu2nu
[AnalysisInputs::SetMCSF] => MCSF = 0.978683, MCSF_err = 0.0790547
[AnalysisInputs::SetMCSF] sample : ggZZto2mu2tau
[AnalysisInputs::SetMCSF] => MCSF = 0.978683, MCSF_err = 0.0790547
[AnalysisInputs::SetMCSF] sample : ggZZto4e
[AnalysisInputs::SetMCSF] => MCSF = 0.978683, MCSF_err = 0.0790547
[AnalysisInputs::SetMCSF] sample : ggZZto4mu
[AnalysisInputs::SetMCSF] => MCSF = 0.978683, MCSF_err = 0.0790547
[AnalysisInputs::SetMCSF] sample : ggZZto4tau
[AnalysisInputs::SetMCSF] => MCSF = 0.978683, MCSF_err = 0.0790547
[AnalysisInputs::SetMCSF] sample : ggHtoZZ
[AnalysisInputs::SetMCSF] => MCSF = 0.978683, MCSF_err = 0.0790547
[AnalysisInputs::SetCalculatedSysts] Get Systematics from /data8/Users/jskim/HN_dilepton_plotter/data/v8-0-7.37/Syst.txt
[AnalysisInputs::SetCalculatedSysts] source : Luminosity
[AnalysisInputs::SetCalculatedSysts] => % sysematic = 0.025
[AnalysisInputs::SetCalculatedSysts] source : FakeLooseID
[AnalysisInputs::SetCalculatedSysts] => % sysematic = 0.3
[AnalysisInputs::SetCalculatedSysts] source : ChrageFlipSyst
[AnalysisInputs::SetCalculatedSysts] => % sysematic = 0.23
[CutRangeInfo::ReadCutCard] Get Cutcard from /data8/Users/jskim/HN_dilepton_plotter/data/v8-0-7.37/CutOpCard/RunDirectory/Cards_MuMu_Bin1/HNMuMu_800.txt
Central	0.163799	0	0
_MuonEn_up	0.164827	0	0
_MuonEn_down	0.24282	0	0
_MuonIDSF_up	0.173752	0	0
_MuonIDSF_down	0.15481	0	0
_ElectronEn_up	0.164082	0	0
_ElectronEn_down	0.160602	0	0
_ElectronIDSF_up	0.160542	0	0
_ElectronIDSF_down	0.156771	0	0
_TriggerSF_up	0.161526	0	0
_TriggerSF_down	0.16045	0	0
_PU_up	0.158354	0	0
_PU_down	0.162437	0	0
_JetEn_up	0.276101	0	0
_JetEn_down	0.524742	0	0
_JetRes_up	0.335583	0	0
_JetRes_down	0.166941	0	0
_Unclustered_up	0.246063	0	0
_Unclustered_down	0.242675	0	0
_BTagSFEff_up	0.160542	0	0
_BTagSFEff_down	0.165039	0	0
_BTagSFMiss_up	0.161783	0	0
_BTagSFMiss_down	0.164922	0	0
_JetMass_up	0.160542	0	0
_JetMass_down	0.156935	0	0
_JetMassRes_up	0.164133	0	0
_JetMassRes_down	0.160542	0	0
_Tau21_up	0.160542	0	0
_Tau21_down	0.156741	0	0

################ Sources ################
Source	SystTotal	SystPrompt	SystFake	Signal
Stat 26.83 26.83  -nan  -nan  2.23
Lumi 2.50  2.50 -  -  2.50
PDF  -  -  -  -  2.44
MuonPt  34.12 34.12  -  -  3.30
MuonID  5.79 5.79  -  -  3.42
ElectronE  1.39 1.39  -  -  0.37
ElectronID  3.34 3.34  -  -  0.22
Trigger  1.75 1.75  -  -  0.63
PU  2.42 2.42  -  -  0.78
JES  163.18 163.18  -  -  0.94
JER  74.17 74.17  -  -  1.15
Uncl  49.20 49.20  -  -  0.69
BEff  1.50 1.50  -  -  0.55
BMiss  1.00 1.00  -  -  0.45
JMS  3.28 3.28  -  -  0.53
JMR  1.41 1.41  -  -  0.33
Tau21  3.36 3.36  -  -  0.40
MCNorm 49.91  49.91 -  -  -
Fake 0.00  -  -nan - -
CF 0.00  -  -  -nan -
Total Systematic 195.69 195.69  -nan  -nan  6.30

Total Background	0.164
- Prompt	0.164
- Fake	0.000
- CF	0.000

####### Result #######
Signal Eff	0.081493
0.163799 2.975204
0.055856 1.066817
