
Processing Bin2_HNMuMu_70.C...
[AnalysisInputs::SetMCSF] Get MC SF from /home/jskim/Documents/trilepton_13TeV/DiLepton/data/v8-0-7.36/MCSF.txt
[AnalysisInputs::SetMCSF] sample : VVV
[AnalysisInputs::SetMCSF] => MCSF = 1, MCSF_err = 0.5
[AnalysisInputs::SetMCSF] sample : WWW
[AnalysisInputs::SetMCSF] => MCSF = 1, MCSF_err = 0.5
[AnalysisInputs::SetMCSF] sample : WWZ
[AnalysisInputs::SetMCSF] => MCSF = 1, MCSF_err = 0.5
[AnalysisInputs::SetMCSF] sample : WZZ
[AnalysisInputs::SetMCSF] => MCSF = 1, MCSF_err = 0.5
[AnalysisInputs::SetMCSF] sample : ZZZ
[AnalysisInputs::SetMCSF] => MCSF = 1, MCSF_err = 0.5
[AnalysisInputs::SetMCSF] sample : ttV
[AnalysisInputs::SetMCSF] => MCSF = 1, MCSF_err = 0.5
[AnalysisInputs::SetMCSF] sample : ttW
[AnalysisInputs::SetMCSF] => MCSF = 1, MCSF_err = 0.5
[AnalysisInputs::SetMCSF] sample : ttZ
[AnalysisInputs::SetMCSF] => MCSF = 1, MCSF_err = 0.5
[AnalysisInputs::SetMCSF] sample : ttH_nonbb
[AnalysisInputs::SetMCSF] => MCSF = 1, MCSF_err = 0.5
[AnalysisInputs::SetMCSF] sample : top
[AnalysisInputs::SetMCSF] => MCSF = 1, MCSF_err = 0.5
[AnalysisInputs::SetMCSF] sample : WZTo3LNu_powheg
[AnalysisInputs::SetMCSF] => MCSF = 1.00165, MCSF_err = 0.0888561
[AnalysisInputs::SetMCSF] sample : ZGto2LG
[AnalysisInputs::SetMCSF] => MCSF = 0.794861, MCSF_err = 0.155181
[AnalysisInputs::SetMCSF] sample : ZZTo4L_powheg
[AnalysisInputs::SetMCSF] => MCSF = 0.926685, MCSF_err = 0.102827
[AnalysisInputs::SetMCSF] sample : ggZZto2e2mu
[AnalysisInputs::SetMCSF] => MCSF = 0.926685, MCSF_err = 0.102827
[AnalysisInputs::SetMCSF] sample : ggZZto2e2nu
[AnalysisInputs::SetMCSF] => MCSF = 0.926685, MCSF_err = 0.102827
[AnalysisInputs::SetMCSF] sample : ggZZto2e2tau
[AnalysisInputs::SetMCSF] => MCSF = 0.926685, MCSF_err = 0.102827
[AnalysisInputs::SetMCSF] sample : ggZZto2mu2nu
[AnalysisInputs::SetMCSF] => MCSF = 0.926685, MCSF_err = 0.102827
[AnalysisInputs::SetMCSF] sample : ggZZto2mu2tau
[AnalysisInputs::SetMCSF] => MCSF = 0.926685, MCSF_err = 0.102827
[AnalysisInputs::SetMCSF] sample : ggZZto4e
[AnalysisInputs::SetMCSF] => MCSF = 0.926685, MCSF_err = 0.102827
[AnalysisInputs::SetMCSF] sample : ggZZto4mu
[AnalysisInputs::SetMCSF] => MCSF = 0.926685, MCSF_err = 0.102827
[AnalysisInputs::SetMCSF] sample : ggZZto4tau
[AnalysisInputs::SetMCSF] => MCSF = 0.926685, MCSF_err = 0.102827
[AnalysisInputs::SetCalculatedSysts] Get Systematics from /home/jskim/Documents/trilepton_13TeV/DiLepton/data/v8-0-7.36/Syst.txt
[AnalysisInputs::SetCalculatedSysts] source : Luminosity
[AnalysisInputs::SetCalculatedSysts] => % sysematic = 0.025
[AnalysisInputs::SetCalculatedSysts] source : FakeLooseID
[AnalysisInputs::SetCalculatedSysts] => % sysematic = 0.3
[AnalysisInputs::SetCalculatedSysts] source : ChrageFlipSyst
[AnalysisInputs::SetCalculatedSysts] => % sysematic = 0.21
[CutRangeInfo::ReadCutCard] Get Cutcard from /home/jskim/Documents/trilepton_13TeV/DiLepton/data/v8-0-7.36/CutOpCard/OPTIMIZED_171021_MuMu_LowMass_Bin2/HNMuMu_70.txt
prompt_tau21_syst = 0
signal_tau21_syst = 0
Central	19.1744	22.0872	0
_MuonEn_up	18.9973	22.0872	0
_MuonEn_down	19.2293	22.0872	0
_MuonIDSF_up	19.7962	22.0872	0
_MuonIDSF_down	18.574	22.0872	0
_ElectronEn_up	19.1537	22.0872	0
_ElectronEn_down	19.1815	22.0872	0
_ElectronIDSF_up	19.0802	22.0872	0
_ElectronIDSF_down	19.1745	22.0872	0
_TriggerSF_up	19.1672	22.0872	0
_TriggerSF_down	19.1745	22.0872	0
_PU_up	18.8845	22.0872	0
_PU_down	19.4972	22.0872	0
_JetEn_up	20.0149	22.0872	0
_JetEn_down	18.1132	22.0872	0
_JetRes_up	19.82	22.0872	0
_JetRes_down	18.8604	22.0872	0
_Unclustered_up	17.7692	22.0872	0
_Unclustered_down	20.8127	22.0872	0
_BTagSFEff_up	19.1738	22.0872	0
_BTagSFEff_down	19.1679	22.0872	0
_BTagSFMiss_up	19.1053	22.0872	0
_BTagSFMiss_down	19.1814	22.0872	0
_JetMass_up	19.1737	22.0872	0
_JetMass_down	18.9886	22.0872	0
_JetMassRes_up	19.1745	22.0872	0
_JetMassRes_down	19.1807	22.0872	0

################ Sources ################
Source	SystTotal	SystPrompt	SystFake	Signal
Stat 8.75 16.39  8.06  -nan  8.48
Lumi 1.16  2.50 -  -  2.50
PDF  -  -  -  -  7.01
MuonPt  0.32 0.68  -  -  2.90
MuonID  1.48 3.19  -  -  3.38
ElectronE  0.04 0.08  -  -  0.74
ElectronID  0.16 0.35  -  -  0.54
Trigger  0.01 0.03  -  -  0.62
PU  0.74 1.60  -  -  2.92
JES  2.32 4.99  -  -  5.21
JER  1.23 2.65  -  -  1.76
Uncl  3.70 7.96  -  -  7.91
BEff  0.01 0.02  -  -  1.29
BMiss  0.12 0.26  -  -  0.54
JMS  0.32 0.69  -  -  0.55
JMR  0.01 0.02  -  -  1.04
Tau21 0.00  0.00 -  -  0.00
MCNorm 1.41  3.04 -  -  -
Fake 16.06  -  30.00 - -
CF 0.00  -  -  -nan -
Total Systematic 16.88 11.16  30.00  -nan  13.46

Total Background	41.262
- Prompt	19.174
- Fake	22.087
- CF	0.000

####### Result #######
Signal Eff	0.001636
41.261578 1.190104
218.998669 1.159070
