
Processing Bin2_HNMuMu_250.C...
[AnalysisInputs::SetMCSF] Get MC SF from /home/jskim/Documents/trilepton_13TeV/DiLepton/data/v8-0-7.36/MCSF.txt
[AnalysisInputs::SetMCSF] sample : VVV
[AnalysisInputs::SetMCSF] => MCSF = 1, MCSF_err = 0.5
[AnalysisInputs::SetMCSF] sample : WWW
[AnalysisInputs::SetMCSF] => MCSF = 1, MCSF_err = 0.5
[AnalysisInputs::SetMCSF] sample : WWZ
[AnalysisInputs::SetMCSF] => MCSF = 1, MCSF_err = 0.5
[AnalysisInputs::SetMCSF] sample : WZZ
[AnalysisInputs::SetMCSF] => MCSF = 1, MCSF_err = 0.5
[AnalysisInputs::SetMCSF] sample : ZZZ
[AnalysisInputs::SetMCSF] => MCSF = 1, MCSF_err = 0.5
[AnalysisInputs::SetMCSF] sample : ttV
[AnalysisInputs::SetMCSF] => MCSF = 1, MCSF_err = 0.5
[AnalysisInputs::SetMCSF] sample : ttW
[AnalysisInputs::SetMCSF] => MCSF = 1, MCSF_err = 0.5
[AnalysisInputs::SetMCSF] sample : ttZ
[AnalysisInputs::SetMCSF] => MCSF = 1, MCSF_err = 0.5
[AnalysisInputs::SetMCSF] sample : ttH_nonbb
[AnalysisInputs::SetMCSF] => MCSF = 1, MCSF_err = 0.5
[AnalysisInputs::SetMCSF] sample : top
[AnalysisInputs::SetMCSF] => MCSF = 1, MCSF_err = 0.5
[AnalysisInputs::SetMCSF] sample : WZTo3LNu_powheg
[AnalysisInputs::SetMCSF] => MCSF = 1.00165, MCSF_err = 0.0888561
[AnalysisInputs::SetMCSF] sample : ZGto2LG
[AnalysisInputs::SetMCSF] => MCSF = 0.794861, MCSF_err = 0.155181
[AnalysisInputs::SetMCSF] sample : ZZTo4L_powheg
[AnalysisInputs::SetMCSF] => MCSF = 0.926685, MCSF_err = 0.102827
[AnalysisInputs::SetMCSF] sample : ggZZto2e2mu
[AnalysisInputs::SetMCSF] => MCSF = 0.926685, MCSF_err = 0.102827
[AnalysisInputs::SetMCSF] sample : ggZZto2e2nu
[AnalysisInputs::SetMCSF] => MCSF = 0.926685, MCSF_err = 0.102827
[AnalysisInputs::SetMCSF] sample : ggZZto2e2tau
[AnalysisInputs::SetMCSF] => MCSF = 0.926685, MCSF_err = 0.102827
[AnalysisInputs::SetMCSF] sample : ggZZto2mu2nu
[AnalysisInputs::SetMCSF] => MCSF = 0.926685, MCSF_err = 0.102827
[AnalysisInputs::SetMCSF] sample : ggZZto2mu2tau
[AnalysisInputs::SetMCSF] => MCSF = 0.926685, MCSF_err = 0.102827
[AnalysisInputs::SetMCSF] sample : ggZZto4e
[AnalysisInputs::SetMCSF] => MCSF = 0.926685, MCSF_err = 0.102827
[AnalysisInputs::SetMCSF] sample : ggZZto4mu
[AnalysisInputs::SetMCSF] => MCSF = 0.926685, MCSF_err = 0.102827
[AnalysisInputs::SetMCSF] sample : ggZZto4tau
[AnalysisInputs::SetMCSF] => MCSF = 0.926685, MCSF_err = 0.102827
[AnalysisInputs::SetCalculatedSysts] Get Systematics from /home/jskim/Documents/trilepton_13TeV/DiLepton/data/v8-0-7.36/Syst.txt
[AnalysisInputs::SetCalculatedSysts] source : Luminosity
[AnalysisInputs::SetCalculatedSysts] => % sysematic = 0.025
[AnalysisInputs::SetCalculatedSysts] source : FakeLooseID
[AnalysisInputs::SetCalculatedSysts] => % sysematic = 0.3
[AnalysisInputs::SetCalculatedSysts] source : ChrageFlipSyst
[AnalysisInputs::SetCalculatedSysts] => % sysematic = 0.21
[CutRangeInfo::ReadCutCard] Get Cutcard from /home/jskim/Documents/trilepton_13TeV/DiLepton/data/v8-0-7.36/CutOpCard/OPTIMIZED_171108_MuMu_HighMass_Bin2/HNMuMu_250.txt
prompt_tau21_syst = 0.0226257
signal_tau21_syst = 0.119489
Central	0.304026	0.0652984	0
_MuonEn_up	0.499847	0.0652984	0
_MuonEn_down	0.274429	0.0652984	0
_MuonIDSF_up	0.306722	0.0652984	0
_MuonIDSF_down	0.286081	0.0652984	0
_ElectronEn_up	0.291308	0.0652984	0
_ElectronEn_down	0.297511	0.0652984	0
_ElectronIDSF_up	0.295275	0.0652984	0
_ElectronIDSF_down	0.30457	0.0652984	0
_TriggerSF_up	0.296261	0.0652984	0
_TriggerSF_down	0.308738	0.0652984	0
_PU_up	0.302197	0.0652984	0
_PU_down	0.310947	0.0652984	0
_JetEn_up	0.273165	0.0652984	0
_JetEn_down	0.399496	0.0652984	0
_JetRes_up	0.316559	0.0652984	0
_JetRes_down	0.298376	0.0652984	0
_Unclustered_up	0.292652	0.0652984	0
_Unclustered_down	0.289816	0.0652984	0
_BTagSFEff_up	0.297272	0.0652984	0
_BTagSFEff_down	0.303006	0.0652984	0
_BTagSFMiss_up	0.286668	0.0652984	0
_BTagSFMiss_down	0.296473	0.0652984	0
_JetMass_up	0.29958	0.0652984	0
_JetMass_down	0.297874	0.0652984	0
_JetMassRes_up	0.302745	0.0652984	0
_JetMassRes_down	0.300155	0.0652984	0

################ Sources ################
Source	SystTotal	SystPrompt	SystFake	Signal
Stat 30.12 29.62  100.02  -nan  2.62
Lumi 2.06  2.50 -  -  2.50
PDF  -  -  -  -  8.53
MuonPt  37.92 46.06  -  -  2.61
MuonID  3.47 4.22  -  -  2.89
ElectronE  2.74 3.32  -  -  0.25
ElectronID  1.68 2.04  -  -  0.42
Trigger  1.74 2.11  -  -  0.09
PU  1.37 1.67  -  -  1.42
JES  19.21 23.34  -  -  0.42
JER  2.63 3.20  -  -  0.74
Uncl  3.48 4.23  -  -  0.21
BEff  1.31 1.59  -  -  0.20
BMiss  3.62 4.40  -  -  0.64
JMS  1.45 1.77  -  -  0.10
JMR  0.78 0.95  -  -  0.60
Tau21 6.13  7.44 -  -  7.24
MCNorm 24.13  29.31 -  -  -
Fake 5.30  -  30.00 - -
CF 0.00  -  -  -nan -
Total Systematic 50.23 60.67  30.00  -nan  9.90

Total Background	0.369
- Prompt	0.304
- Fake	0.065
- CF	0.000

####### Result #######
Signal Eff	0.032150
0.369324 1.585642
1.649491 1.125473
