
Processing HNMuMu_40.C...
[AnalysisInputs::SetMCSF] Get MC SF from /home/jskim/Documents/trilepton_13TeV/DiLepton/data/v8-0-7.36/MCSF.txt
[AnalysisInputs::SetMCSF] sample : VVV
[AnalysisInputs::SetMCSF] => MCSF = 1, MCSF_err = 0.5
[AnalysisInputs::SetMCSF] sample : WWW
[AnalysisInputs::SetMCSF] => MCSF = 1, MCSF_err = 0.5
[AnalysisInputs::SetMCSF] sample : WWZ
[AnalysisInputs::SetMCSF] => MCSF = 1, MCSF_err = 0.5
[AnalysisInputs::SetMCSF] sample : WZZ
[AnalysisInputs::SetMCSF] => MCSF = 1, MCSF_err = 0.5
[AnalysisInputs::SetMCSF] sample : ZZZ
[AnalysisInputs::SetMCSF] => MCSF = 1, MCSF_err = 0.5
[AnalysisInputs::SetMCSF] sample : ttV
[AnalysisInputs::SetMCSF] => MCSF = 1, MCSF_err = 0.5
[AnalysisInputs::SetMCSF] sample : ttW
[AnalysisInputs::SetMCSF] => MCSF = 1, MCSF_err = 0.5
[AnalysisInputs::SetMCSF] sample : ttZ
[AnalysisInputs::SetMCSF] => MCSF = 1, MCSF_err = 0.5
[AnalysisInputs::SetMCSF] sample : ttH_nonbb
[AnalysisInputs::SetMCSF] => MCSF = 1, MCSF_err = 0.5
[AnalysisInputs::SetMCSF] sample : top
[AnalysisInputs::SetMCSF] => MCSF = 1, MCSF_err = 0.5
[AnalysisInputs::SetMCSF] sample : WZTo3LNu_powheg
[AnalysisInputs::SetMCSF] => MCSF = 1.00165, MCSF_err = 0.0888561
[AnalysisInputs::SetMCSF] sample : ZGto2LG
[AnalysisInputs::SetMCSF] => MCSF = 0.794861, MCSF_err = 0.155181
[AnalysisInputs::SetMCSF] sample : ZZTo4L_powheg
[AnalysisInputs::SetMCSF] => MCSF = 0.926685, MCSF_err = 0.102827
[AnalysisInputs::SetMCSF] sample : ggZZto2e2mu
[AnalysisInputs::SetMCSF] => MCSF = 0.926685, MCSF_err = 0.102827
[AnalysisInputs::SetMCSF] sample : ggZZto2e2nu
[AnalysisInputs::SetMCSF] => MCSF = 0.926685, MCSF_err = 0.102827
[AnalysisInputs::SetMCSF] sample : ggZZto2e2tau
[AnalysisInputs::SetMCSF] => MCSF = 0.926685, MCSF_err = 0.102827
[AnalysisInputs::SetMCSF] sample : ggZZto2mu2nu
[AnalysisInputs::SetMCSF] => MCSF = 0.926685, MCSF_err = 0.102827
[AnalysisInputs::SetMCSF] sample : ggZZto2mu2tau
[AnalysisInputs::SetMCSF] => MCSF = 0.926685, MCSF_err = 0.102827
[AnalysisInputs::SetMCSF] sample : ggZZto4e
[AnalysisInputs::SetMCSF] => MCSF = 0.926685, MCSF_err = 0.102827
[AnalysisInputs::SetMCSF] sample : ggZZto4mu
[AnalysisInputs::SetMCSF] => MCSF = 0.926685, MCSF_err = 0.102827
[AnalysisInputs::SetMCSF] sample : ggZZto4tau
[AnalysisInputs::SetMCSF] => MCSF = 0.926685, MCSF_err = 0.102827
[AnalysisInputs::SetCalculatedSysts] Get Systematics from /home/jskim/Documents/trilepton_13TeV/DiLepton/data/v8-0-7.36/Syst.txt
[AnalysisInputs::SetCalculatedSysts] source : Luminosity
[AnalysisInputs::SetCalculatedSysts] => % sysematic = 0.025
[AnalysisInputs::SetCalculatedSysts] source : FakeLooseID
[AnalysisInputs::SetCalculatedSysts] => % sysematic = 0.3
[AnalysisInputs::SetCalculatedSysts] source : ChrageFlipSyst
[AnalysisInputs::SetCalculatedSysts] => % sysematic = 0.21
[CutRangeInfo::ReadCutCard] Get Cutcard from /home/jskim/Documents/trilepton_13TeV/DiLepton/data/v8-0-7.36/CutOpCard/OPTIMIZED_171021_MuMu_LowMass/HNMuMu_40.txt
prompt_tau21_syst = 0
signal_tau21_syst = 0
Central	8.66933	13.3376	0
_MuonEn_up	7.93113	13.3376	0
_MuonEn_down	8.66458	13.3376	0
_MuonIDSF_up	9.48508	13.3376	0
_MuonIDSF_down	8.1801	13.3376	0
_ElectronEn_up	8.69314	13.3376	0
_ElectronEn_down	8.64332	13.3376	0
_ElectronIDSF_up	8.79125	13.3376	0
_ElectronIDSF_down	8.67106	13.3376	0
_TriggerSF_up	8.66377	13.3376	0
_TriggerSF_down	8.66865	13.3376	0
_PU_up	7.99347	13.3376	0
_PU_down	9.69151	13.3376	0
_JetEn_up	7.6203	13.3376	0
_JetEn_down	8.78431	13.3376	0
_JetRes_up	8.80131	13.3376	0
_JetRes_down	8.3946	13.3376	0
_Unclustered_up	9.41844	13.3376	0
_Unclustered_down	8.08272	13.3376	0
_BTagSFEff_up	8.64762	13.3376	0
_BTagSFEff_down	8.79307	13.3376	0
_BTagSFMiss_up	8.4305	13.3376	0
_BTagSFMiss_down	8.66037	13.3376	0
_JetMass_up	8.58621	13.3376	0
_JetMass_down	8.72465	13.3376	0
_JetMassRes_up	8.64977	13.3376	0
_JetMassRes_down	8.65468	13.3376	0

################ Sources ################
Source	SystTotal	SystPrompt	SystFake	Signal
Stat 13.03 29.77  9.36  -nan  5.36
Lumi 0.98  2.50 -  -  2.50
PDF  -  -  -  -  8.56
MuonPt  2.37 6.02  -  -  1.04
MuonID  3.06 7.76  -  -  10.99
ElectronE  0.11 0.29  -  -  0.06
ElectronID  0.39 0.99  -  -  0.40
Trigger  0.02 0.05  -  -  0.13
PU  3.94 9.99  -  -  0.25
JES  3.39 8.61  -  -  12.18
JER  0.98 2.49  -  -  3.11
Uncl  3.06 7.76  -  -  1.53
BEff  0.40 1.02  -  -  0.30
BMiss  0.77 1.95  -  -  0.76
JMS  0.32 0.81  -  -  0.56
JMR  0.08 0.20  -  -  0.24
Tau21 0.00  0.00 -  -  0.00
MCNorm 1.71  4.34 -  -  -
Fake 18.18  -  30.00 - -
CF 0.00  -  -  -nan -
Total Systematic 19.69 19.20  30.00  -nan  19.05

Total Background	22.007
- Prompt	8.669
- Fake	13.338
- CF	0.000

####### Result #######
Signal Eff	0.004720
22.006883 1.236110
4568.491018 1.197918
