
Processing CyclesForMixingLimit_ElEl_Bin1/HNElEl_40.C...
[AnalysisInputs::SetMCSF] Get MC SF from /data8/Users/jskim/HN_dilepton_plotter/data/v8-0-7.37/MCSF.txt
[AnalysisInputs::SetMCSF] sample : VVV
[AnalysisInputs::SetMCSF] => MCSF = 1, MCSF_err = 0.5
[AnalysisInputs::SetMCSF] sample : WWW
[AnalysisInputs::SetMCSF] => MCSF = 1, MCSF_err = 0.5
[AnalysisInputs::SetMCSF] sample : WWZ
[AnalysisInputs::SetMCSF] => MCSF = 1, MCSF_err = 0.5
[AnalysisInputs::SetMCSF] sample : WZZ
[AnalysisInputs::SetMCSF] => MCSF = 1, MCSF_err = 0.5
[AnalysisInputs::SetMCSF] sample : ZZZ
[AnalysisInputs::SetMCSF] => MCSF = 1, MCSF_err = 0.5
[AnalysisInputs::SetMCSF] sample : ttV
[AnalysisInputs::SetMCSF] => MCSF = 1, MCSF_err = 0.5
[AnalysisInputs::SetMCSF] sample : ttW
[AnalysisInputs::SetMCSF] => MCSF = 1, MCSF_err = 0.5
[AnalysisInputs::SetMCSF] sample : ttZ
[AnalysisInputs::SetMCSF] => MCSF = 1, MCSF_err = 0.5
[AnalysisInputs::SetMCSF] sample : ttH_nonbb
[AnalysisInputs::SetMCSF] => MCSF = 1, MCSF_err = 0.5
[AnalysisInputs::SetMCSF] sample : top
[AnalysisInputs::SetMCSF] => MCSF = 1, MCSF_err = 0.5
[AnalysisInputs::SetMCSF] sample : WWTo2L2Nu_DS
[AnalysisInputs::SetMCSF] => MCSF = 1, MCSF_err = 0.5
[AnalysisInputs::SetMCSF] sample : WpWpEWK
[AnalysisInputs::SetMCSF] => MCSF = 1, MCSF_err = 0.5
[AnalysisInputs::SetMCSF] sample : WpWpQCD
[AnalysisInputs::SetMCSF] => MCSF = 1, MCSF_err = 0.5
[AnalysisInputs::SetMCSF] sample : WZTo3LNu_mllmin01
[AnalysisInputs::SetMCSF] => MCSF = 0.65, MCSF_err = 0.06
[AnalysisInputs::SetMCSF] sample : WZTo3LNu_powheg
[AnalysisInputs::SetMCSF] => MCSF = 1.05246, MCSF_err = 0.0646733
[AnalysisInputs::SetMCSF] sample : ZGto2LG
[AnalysisInputs::SetMCSF] => MCSF = 1.09801, MCSF_err = 0.0750731
[AnalysisInputs::SetMCSF] sample : ZZTo4L_powheg
[AnalysisInputs::SetMCSF] => MCSF = 0.978683, MCSF_err = 0.0790547
[AnalysisInputs::SetMCSF] sample : ggZZto2e2mu
[AnalysisInputs::SetMCSF] => MCSF = 0.978683, MCSF_err = 0.0790547
[AnalysisInputs::SetMCSF] sample : ggZZto2e2nu
[AnalysisInputs::SetMCSF] => MCSF = 0.978683, MCSF_err = 0.0790547
[AnalysisInputs::SetMCSF] sample : ggZZto2e2tau
[AnalysisInputs::SetMCSF] => MCSF = 0.978683, MCSF_err = 0.0790547
[AnalysisInputs::SetMCSF] sample : ggZZto2mu2nu
[AnalysisInputs::SetMCSF] => MCSF = 0.978683, MCSF_err = 0.0790547
[AnalysisInputs::SetMCSF] sample : ggZZto2mu2tau
[AnalysisInputs::SetMCSF] => MCSF = 0.978683, MCSF_err = 0.0790547
[AnalysisInputs::SetMCSF] sample : ggZZto4e
[AnalysisInputs::SetMCSF] => MCSF = 0.978683, MCSF_err = 0.0790547
[AnalysisInputs::SetMCSF] sample : ggZZto4mu
[AnalysisInputs::SetMCSF] => MCSF = 0.978683, MCSF_err = 0.0790547
[AnalysisInputs::SetMCSF] sample : ggZZto4tau
[AnalysisInputs::SetMCSF] => MCSF = 0.978683, MCSF_err = 0.0790547
[AnalysisInputs::SetMCSF] sample : ggHtoZZ
[AnalysisInputs::SetMCSF] => MCSF = 0.978683, MCSF_err = 0.0790547
[AnalysisInputs::SetCalculatedSysts] Get Systematics from /data8/Users/jskim/HN_dilepton_plotter/data/v8-0-7.37/Syst.txt
[AnalysisInputs::SetCalculatedSysts] source : Luminosity
[AnalysisInputs::SetCalculatedSysts] => % sysematic = 0.025
[AnalysisInputs::SetCalculatedSysts] source : FakeLooseID
[AnalysisInputs::SetCalculatedSysts] => % sysematic = 0.3
[AnalysisInputs::SetCalculatedSysts] source : ChrageFlipSyst
[AnalysisInputs::SetCalculatedSysts] => % sysematic = 0.23
[CutRangeInfo::ReadCutCard] Get Cutcard from /data8/Users/jskim/HN_dilepton_plotter/data/v8-0-7.37/CutOpCard/RunDirectory/Cards_ElEl_Bin1/HNElEl_40.txt
Central	29.9727	17.4215	2.25472
_MuonEn_up	30.3182	17.4215	2.25472
_MuonEn_down	29.1034	17.4215	2.25472
_MuonIDSF_up	29.8406	17.4215	2.25472
_MuonIDSF_down	29.9124	17.4215	2.25472
_ElectronEn_up	29.5968	17.4215	2.25472
_ElectronEn_down	29.8716	17.4215	2.25472
_ElectronIDSF_up	30.3336	17.4215	2.25472
_ElectronIDSF_down	29.5849	17.4215	2.25472
_TriggerSF_up	31.4153	17.4215	2.25472
_TriggerSF_down	29.9896	17.4215	2.25472
_PU_up	28.7716	17.4215	2.25472
_PU_down	30.9361	17.4215	2.25472
_JetEn_up	34.3301	17.4215	2.25472
_JetEn_down	31.0515	17.4215	2.25472
_JetRes_up	28.2772	17.4215	2.25472
_JetRes_down	32.0211	17.4215	2.25472
_Unclustered_up	29.6876	17.4215	2.25472
_Unclustered_down	31.3854	17.4215	2.25472
_BTagSFEff_up	30.048	17.4215	2.25472
_BTagSFEff_down	29.4412	17.4215	2.25472
_BTagSFMiss_up	30.1925	17.4215	2.25472
_BTagSFMiss_down	29.5117	17.4215	2.25472
_JetMass_up	30.2417	17.4215	2.25472
_JetMass_down	29.6496	17.4215	2.25472
_JetMassRes_up	30.0273	17.4215	2.25472
_JetMassRes_down	29.9646	17.4215	2.25472
_Tau21_up	30.0171	17.4215	2.25472
_Tau21_down	29.9849	17.4215	2.25472

################ Sources ################
Source	SystTotal	SystPrompt	SystFake	Signal
Stat 9.44 13.88  12.40  1.27  8.02
Lumi 1.51  2.50 -  -  2.50
PDF  -  -  -  -  8.74
MuonPt  1.33 2.21  -  -  0.33
MuonID  0.21 0.34  -  -  0.29
ElectronE  0.55 0.92  -  -  0.43
ElectronID  0.75 1.25  -  -  0.94
Trigger  2.05 3.40  -  -  2.94
PU  2.19 3.63  -  -  2.59
JES  6.39 10.59  -  -  7.12
JER  3.79 6.27  -  -  2.06
Uncl  2.05 3.40  -  -  4.23
BEff  0.76 1.27  -  -  1.07
BMiss  0.73 1.20  -  -  1.10
JMS  0.60 0.99  -  -  0.90
JMR  0.08 0.13  -  -  0.27
Tau21  0.07 0.11  -  -  0.84
MCNorm 3.29  5.44 -  -  -
Fake 10.53  -  30.00 - -
CF 1.04  -  -  23.00 -
Total Systematic 14.02 15.34  30.00  23.00  13.26

Total Background	49.649
- Prompt	29.973
- Fake	17.422
- CF	2.255

####### Result #######
Signal Eff	0.002090
49.648955 1.169330
1860.572873 1.155007
