
Processing CyclesForMixingLimit_ElEl_Bin1/HNElEl_500.C...
[AnalysisInputs::SetMCSF] Get MC SF from /data8/Users/jskim/HN_dilepton_plotter/data/v8-0-7.37/MCSF.txt
[AnalysisInputs::SetMCSF] sample : VVV
[AnalysisInputs::SetMCSF] => MCSF = 1, MCSF_err = 0.5
[AnalysisInputs::SetMCSF] sample : WWW
[AnalysisInputs::SetMCSF] => MCSF = 1, MCSF_err = 0.5
[AnalysisInputs::SetMCSF] sample : WWZ
[AnalysisInputs::SetMCSF] => MCSF = 1, MCSF_err = 0.5
[AnalysisInputs::SetMCSF] sample : WZZ
[AnalysisInputs::SetMCSF] => MCSF = 1, MCSF_err = 0.5
[AnalysisInputs::SetMCSF] sample : ZZZ
[AnalysisInputs::SetMCSF] => MCSF = 1, MCSF_err = 0.5
[AnalysisInputs::SetMCSF] sample : ttV
[AnalysisInputs::SetMCSF] => MCSF = 1, MCSF_err = 0.5
[AnalysisInputs::SetMCSF] sample : ttW
[AnalysisInputs::SetMCSF] => MCSF = 1, MCSF_err = 0.5
[AnalysisInputs::SetMCSF] sample : ttZ
[AnalysisInputs::SetMCSF] => MCSF = 1, MCSF_err = 0.5
[AnalysisInputs::SetMCSF] sample : ttH_nonbb
[AnalysisInputs::SetMCSF] => MCSF = 1, MCSF_err = 0.5
[AnalysisInputs::SetMCSF] sample : top
[AnalysisInputs::SetMCSF] => MCSF = 1, MCSF_err = 0.5
[AnalysisInputs::SetMCSF] sample : WWTo2L2Nu_DS
[AnalysisInputs::SetMCSF] => MCSF = 1, MCSF_err = 0.5
[AnalysisInputs::SetMCSF] sample : WpWpEWK
[AnalysisInputs::SetMCSF] => MCSF = 1, MCSF_err = 0.5
[AnalysisInputs::SetMCSF] sample : WpWpQCD
[AnalysisInputs::SetMCSF] => MCSF = 1, MCSF_err = 0.5
[AnalysisInputs::SetMCSF] sample : WZTo3LNu_mllmin01
[AnalysisInputs::SetMCSF] => MCSF = 0.65, MCSF_err = 0.06
[AnalysisInputs::SetMCSF] sample : WZTo3LNu_powheg
[AnalysisInputs::SetMCSF] => MCSF = 1.05246, MCSF_err = 0.0646733
[AnalysisInputs::SetMCSF] sample : ZGto2LG
[AnalysisInputs::SetMCSF] => MCSF = 1.09801, MCSF_err = 0.0750731
[AnalysisInputs::SetMCSF] sample : ZZTo4L_powheg
[AnalysisInputs::SetMCSF] => MCSF = 0.978683, MCSF_err = 0.0790547
[AnalysisInputs::SetMCSF] sample : ggZZto2e2mu
[AnalysisInputs::SetMCSF] => MCSF = 0.978683, MCSF_err = 0.0790547
[AnalysisInputs::SetMCSF] sample : ggZZto2e2nu
[AnalysisInputs::SetMCSF] => MCSF = 0.978683, MCSF_err = 0.0790547
[AnalysisInputs::SetMCSF] sample : ggZZto2e2tau
[AnalysisInputs::SetMCSF] => MCSF = 0.978683, MCSF_err = 0.0790547
[AnalysisInputs::SetMCSF] sample : ggZZto2mu2nu
[AnalysisInputs::SetMCSF] => MCSF = 0.978683, MCSF_err = 0.0790547
[AnalysisInputs::SetMCSF] sample : ggZZto2mu2tau
[AnalysisInputs::SetMCSF] => MCSF = 0.978683, MCSF_err = 0.0790547
[AnalysisInputs::SetMCSF] sample : ggZZto4e
[AnalysisInputs::SetMCSF] => MCSF = 0.978683, MCSF_err = 0.0790547
[AnalysisInputs::SetMCSF] sample : ggZZto4mu
[AnalysisInputs::SetMCSF] => MCSF = 0.978683, MCSF_err = 0.0790547
[AnalysisInputs::SetMCSF] sample : ggZZto4tau
[AnalysisInputs::SetMCSF] => MCSF = 0.978683, MCSF_err = 0.0790547
[AnalysisInputs::SetMCSF] sample : ggHtoZZ
[AnalysisInputs::SetMCSF] => MCSF = 0.978683, MCSF_err = 0.0790547
[AnalysisInputs::SetCalculatedSysts] Get Systematics from /data8/Users/jskim/HN_dilepton_plotter/data/v8-0-7.37/Syst.txt
[AnalysisInputs::SetCalculatedSysts] source : Luminosity
[AnalysisInputs::SetCalculatedSysts] => % sysematic = 0.025
[AnalysisInputs::SetCalculatedSysts] source : FakeLooseID
[AnalysisInputs::SetCalculatedSysts] => % sysematic = 0.3
[AnalysisInputs::SetCalculatedSysts] source : ChrageFlipSyst
[AnalysisInputs::SetCalculatedSysts] => % sysematic = 0.23
[CutRangeInfo::ReadCutCard] Get Cutcard from /data8/Users/jskim/HN_dilepton_plotter/data/v8-0-7.37/CutOpCard/RunDirectory/Cards_ElEl_Bin1/HNElEl_500.txt
Central	0.87759	0.133843	0.345716
_MuonEn_up	0.883005	0.133843	0.345716
_MuonEn_down	0.880969	0.133843	0.345716
_MuonIDSF_up	0.878368	0.133843	0.345716
_MuonIDSF_down	0.799512	0.133843	0.345716
_ElectronEn_up	0.791081	0.133843	0.345716
_ElectronEn_down	0.893389	0.133843	0.345716
_ElectronIDSF_up	0.911979	0.133843	0.345716
_ElectronIDSF_down	0.84716	0.133843	0.345716
_TriggerSF_up	0.901056	0.133843	0.345716
_TriggerSF_down	0.880969	0.133843	0.345716
_PU_up	0.821084	0.133843	0.345716
_PU_down	0.951482	0.133843	0.345716
_JetEn_up	0.782936	0.133843	0.345716
_JetEn_down	1.00966	0.133843	0.345716
_JetRes_up	1.41468	0.133843	0.345716
_JetRes_down	0.865474	0.133843	0.345716
_Unclustered_up	1.0056	0.133843	0.345716
_Unclustered_down	0.92671	0.133843	0.345716
_BTagSFEff_up	0.872739	0.133843	0.345716
_BTagSFEff_down	0.880969	0.133843	0.345716
_BTagSFMiss_up	0.871853	0.133843	0.345716
_BTagSFMiss_down	0.878029	0.133843	0.345716
_JetMass_up	0.883005	0.133843	0.345716
_JetMass_down	0.950748	0.133843	0.345716
_JetMassRes_up	0.873591	0.133843	0.345716
_JetMassRes_down	0.961083	0.133843	0.345716
_Tau21_up	0.883059	0.133843	0.345716
_Tau21_down	0.883926	0.133843	0.345716

################ Sources ################
Source	SystTotal	SystPrompt	SystFake	Signal
Stat 24.01 25.22  178.73  10.06  1.95
Lumi 1.62  2.50 -  -  2.50
PDF  -  -  -  -  2.67
MuonPt  0.33 0.51  -  -  0.38
MuonID  4.07 6.29  -  -  0.33
ElectronE  4.58 7.09  -  -  0.55
ElectronID  2.39 3.70  -  -  4.07
Trigger  1.24 1.91  -  -  1.10
PU  4.85 7.50  -  -  1.36
JES  8.47 13.09  -  -  1.54
JER  27.99 43.29  -  -  1.49
Uncl  7.14 11.05  -  -  0.65
BEff  0.31 0.48  -  -  0.39
BMiss  0.30 0.46  -  -  0.58
JMS  3.82 5.91  -  -  0.40
JMR  4.36 6.74  -  -  0.42
Tau21  0.44 0.67  -  -  0.50
MCNorm 13.87  21.45 -  -  -
Fake 2.96  -  30.00 - -
CF 5.86  -  -  23.00 -
Total Systematic 34.82 53.65  30.00  23.00  6.29

Total Background	1.357
- Prompt	0.878
- Fake	0.134
- CF	0.346

####### Result #######
Signal Eff	0.052892
1.357150 1.427764
0.171292 1.065891
