
Processing CyclesForMixingLimit_ElEl_Bin1/HNElEl_200.C...
[AnalysisInputs::SetMCSF] Get MC SF from /data8/Users/jskim/HN_dilepton_plotter/data/v8-0-7.37/MCSF.txt
[AnalysisInputs::SetMCSF] sample : VVV
[AnalysisInputs::SetMCSF] => MCSF = 1, MCSF_err = 0.5
[AnalysisInputs::SetMCSF] sample : WWW
[AnalysisInputs::SetMCSF] => MCSF = 1, MCSF_err = 0.5
[AnalysisInputs::SetMCSF] sample : WWZ
[AnalysisInputs::SetMCSF] => MCSF = 1, MCSF_err = 0.5
[AnalysisInputs::SetMCSF] sample : WZZ
[AnalysisInputs::SetMCSF] => MCSF = 1, MCSF_err = 0.5
[AnalysisInputs::SetMCSF] sample : ZZZ
[AnalysisInputs::SetMCSF] => MCSF = 1, MCSF_err = 0.5
[AnalysisInputs::SetMCSF] sample : ttV
[AnalysisInputs::SetMCSF] => MCSF = 1, MCSF_err = 0.5
[AnalysisInputs::SetMCSF] sample : ttW
[AnalysisInputs::SetMCSF] => MCSF = 1, MCSF_err = 0.5
[AnalysisInputs::SetMCSF] sample : ttZ
[AnalysisInputs::SetMCSF] => MCSF = 1, MCSF_err = 0.5
[AnalysisInputs::SetMCSF] sample : ttH_nonbb
[AnalysisInputs::SetMCSF] => MCSF = 1, MCSF_err = 0.5
[AnalysisInputs::SetMCSF] sample : top
[AnalysisInputs::SetMCSF] => MCSF = 1, MCSF_err = 0.5
[AnalysisInputs::SetMCSF] sample : WWTo2L2Nu_DS
[AnalysisInputs::SetMCSF] => MCSF = 1, MCSF_err = 0.5
[AnalysisInputs::SetMCSF] sample : WpWpEWK
[AnalysisInputs::SetMCSF] => MCSF = 1, MCSF_err = 0.5
[AnalysisInputs::SetMCSF] sample : WpWpQCD
[AnalysisInputs::SetMCSF] => MCSF = 1, MCSF_err = 0.5
[AnalysisInputs::SetMCSF] sample : WZTo3LNu_mllmin01
[AnalysisInputs::SetMCSF] => MCSF = 0.65, MCSF_err = 0.06
[AnalysisInputs::SetMCSF] sample : WZTo3LNu_powheg
[AnalysisInputs::SetMCSF] => MCSF = 1.05246, MCSF_err = 0.0646733
[AnalysisInputs::SetMCSF] sample : ZGto2LG
[AnalysisInputs::SetMCSF] => MCSF = 1.09801, MCSF_err = 0.0750731
[AnalysisInputs::SetMCSF] sample : ZZTo4L_powheg
[AnalysisInputs::SetMCSF] => MCSF = 0.978683, MCSF_err = 0.0790547
[AnalysisInputs::SetMCSF] sample : ggZZto2e2mu
[AnalysisInputs::SetMCSF] => MCSF = 0.978683, MCSF_err = 0.0790547
[AnalysisInputs::SetMCSF] sample : ggZZto2e2nu
[AnalysisInputs::SetMCSF] => MCSF = 0.978683, MCSF_err = 0.0790547
[AnalysisInputs::SetMCSF] sample : ggZZto2e2tau
[AnalysisInputs::SetMCSF] => MCSF = 0.978683, MCSF_err = 0.0790547
[AnalysisInputs::SetMCSF] sample : ggZZto2mu2nu
[AnalysisInputs::SetMCSF] => MCSF = 0.978683, MCSF_err = 0.0790547
[AnalysisInputs::SetMCSF] sample : ggZZto2mu2tau
[AnalysisInputs::SetMCSF] => MCSF = 0.978683, MCSF_err = 0.0790547
[AnalysisInputs::SetMCSF] sample : ggZZto4e
[AnalysisInputs::SetMCSF] => MCSF = 0.978683, MCSF_err = 0.0790547
[AnalysisInputs::SetMCSF] sample : ggZZto4mu
[AnalysisInputs::SetMCSF] => MCSF = 0.978683, MCSF_err = 0.0790547
[AnalysisInputs::SetMCSF] sample : ggZZto4tau
[AnalysisInputs::SetMCSF] => MCSF = 0.978683, MCSF_err = 0.0790547
[AnalysisInputs::SetMCSF] sample : ggHtoZZ
[AnalysisInputs::SetMCSF] => MCSF = 0.978683, MCSF_err = 0.0790547
[AnalysisInputs::SetCalculatedSysts] Get Systematics from /data8/Users/jskim/HN_dilepton_plotter/data/v8-0-7.37/Syst.txt
[AnalysisInputs::SetCalculatedSysts] source : Luminosity
[AnalysisInputs::SetCalculatedSysts] => % sysematic = 0.025
[AnalysisInputs::SetCalculatedSysts] source : FakeLooseID
[AnalysisInputs::SetCalculatedSysts] => % sysematic = 0.3
[AnalysisInputs::SetCalculatedSysts] source : ChrageFlipSyst
[AnalysisInputs::SetCalculatedSysts] => % sysematic = 0.23
[CutRangeInfo::ReadCutCard] Get Cutcard from /data8/Users/jskim/HN_dilepton_plotter/data/v8-0-7.37/CutOpCard/RunDirectory/Cards_ElEl_Bin1/HNElEl_200.txt
Central	6.5235	1.70702	1.47944
_MuonEn_up	6.52924	1.70702	1.47944
_MuonEn_down	6.53645	1.70702	1.47944
_MuonIDSF_up	6.4358	1.70702	1.47944
_MuonIDSF_down	6.53798	1.70702	1.47944
_ElectronEn_up	7.09706	1.70702	1.47944
_ElectronEn_down	6.53315	1.70702	1.47944
_ElectronIDSF_up	6.75154	1.70702	1.47944
_ElectronIDSF_down	6.28054	1.70702	1.47944
_TriggerSF_up	7.08081	1.70702	1.47944
_TriggerSF_down	6.52995	1.70702	1.47944
_PU_up	6.33498	1.70702	1.47944
_PU_down	6.71528	1.70702	1.47944
_JetEn_up	5.6129	1.70702	1.47944
_JetEn_down	7.39327	1.70702	1.47944
_JetRes_up	6.07256	1.70702	1.47944
_JetRes_down	6.77097	1.70702	1.47944
_Unclustered_up	6.82597	1.70702	1.47944
_Unclustered_down	6.46845	1.70702	1.47944
_BTagSFEff_up	6.52485	1.70702	1.47944
_BTagSFEff_down	6.43128	1.70702	1.47944
_BTagSFMiss_up	6.52615	1.70702	1.47944
_BTagSFMiss_down	6.51852	1.70702	1.47944
_JetMass_up	6.09097	1.70702	1.47944
_JetMass_down	6.50786	1.70702	1.47944
_JetMassRes_up	6.54195	1.70702	1.47944
_JetMassRes_down	6.53059	1.70702	1.47944
_Tau21_up	6.94321	1.70702	1.47944
_Tau21_down	6.5132	1.70702	1.47944

################ Sources ################
Source	SystTotal	SystPrompt	SystFake	Signal
Stat 16.98 23.44  36.14  3.57  2.03
Lumi 1.68  2.50 -  -  2.50
PDF  -  -  -  -  2.67
MuonPt  0.10 0.15  -  -  0.33
MuonID  0.65 0.96  -  -  0.31
ElectronE  4.18 6.22  -  -  0.48
ElectronID  2.43 3.61  -  -  2.65
Trigger  4.06 6.04  -  -  1.31
PU  1.96 2.91  -  -  2.80
JES  9.17 13.65  -  -  0.99
JER  3.75 5.58  -  -  1.31
Uncl  2.24 3.33  -  -  1.99
BEff  0.67 1.00  -  -  0.41
BMiss  0.04 0.06  -  -  0.20
JMS  3.15 4.69  -  -  0.11
JMR  0.14 0.21  -  -  0.10
Tau21  3.06 4.55  -  -  0.26
MCNorm 6.85  10.19 -  -  -
Fake 5.27  -  30.00 - -
CF 3.50  -  -  23.00 -
Total Systematic 15.64 21.91  30.00  23.00  6.11

Total Background	9.710
- Prompt	6.523
- Fake	1.707
- CF	1.479

####### Result #######
Signal Eff	0.044614
9.709963 1.233563
4.925193 1.064375
