
Processing CyclesForMixingLimit_ElEl_Bin1/HNElEl_600_VBF.C...
[AnalysisInputs::SetMCSF] Get MC SF from /data8/Users/jskim/HN_dilepton_plotter/data/v8-0-7.37/MCSF.txt
[AnalysisInputs::SetMCSF] sample : VVV
[AnalysisInputs::SetMCSF] => MCSF = 1, MCSF_err = 0.5
[AnalysisInputs::SetMCSF] sample : WWW
[AnalysisInputs::SetMCSF] => MCSF = 1, MCSF_err = 0.5
[AnalysisInputs::SetMCSF] sample : WWZ
[AnalysisInputs::SetMCSF] => MCSF = 1, MCSF_err = 0.5
[AnalysisInputs::SetMCSF] sample : WZZ
[AnalysisInputs::SetMCSF] => MCSF = 1, MCSF_err = 0.5
[AnalysisInputs::SetMCSF] sample : ZZZ
[AnalysisInputs::SetMCSF] => MCSF = 1, MCSF_err = 0.5
[AnalysisInputs::SetMCSF] sample : ttV
[AnalysisInputs::SetMCSF] => MCSF = 1, MCSF_err = 0.5
[AnalysisInputs::SetMCSF] sample : ttW
[AnalysisInputs::SetMCSF] => MCSF = 1, MCSF_err = 0.5
[AnalysisInputs::SetMCSF] sample : ttZ
[AnalysisInputs::SetMCSF] => MCSF = 1, MCSF_err = 0.5
[AnalysisInputs::SetMCSF] sample : ttH_nonbb
[AnalysisInputs::SetMCSF] => MCSF = 1, MCSF_err = 0.5
[AnalysisInputs::SetMCSF] sample : top
[AnalysisInputs::SetMCSF] => MCSF = 1, MCSF_err = 0.5
[AnalysisInputs::SetMCSF] sample : WWTo2L2Nu_DS
[AnalysisInputs::SetMCSF] => MCSF = 1, MCSF_err = 0.5
[AnalysisInputs::SetMCSF] sample : WpWpEWK
[AnalysisInputs::SetMCSF] => MCSF = 1, MCSF_err = 0.5
[AnalysisInputs::SetMCSF] sample : WpWpQCD
[AnalysisInputs::SetMCSF] => MCSF = 1, MCSF_err = 0.5
[AnalysisInputs::SetMCSF] sample : WZTo3LNu_mllmin01
[AnalysisInputs::SetMCSF] => MCSF = 0.65, MCSF_err = 0.06
[AnalysisInputs::SetMCSF] sample : WZTo3LNu_powheg
[AnalysisInputs::SetMCSF] => MCSF = 1.05246, MCSF_err = 0.0646733
[AnalysisInputs::SetMCSF] sample : ZGto2LG
[AnalysisInputs::SetMCSF] => MCSF = 1.09801, MCSF_err = 0.0750731
[AnalysisInputs::SetMCSF] sample : ZZTo4L_powheg
[AnalysisInputs::SetMCSF] => MCSF = 0.978683, MCSF_err = 0.0790547
[AnalysisInputs::SetMCSF] sample : ggZZto2e2mu
[AnalysisInputs::SetMCSF] => MCSF = 0.978683, MCSF_err = 0.0790547
[AnalysisInputs::SetMCSF] sample : ggZZto2e2nu
[AnalysisInputs::SetMCSF] => MCSF = 0.978683, MCSF_err = 0.0790547
[AnalysisInputs::SetMCSF] sample : ggZZto2e2tau
[AnalysisInputs::SetMCSF] => MCSF = 0.978683, MCSF_err = 0.0790547
[AnalysisInputs::SetMCSF] sample : ggZZto2mu2nu
[AnalysisInputs::SetMCSF] => MCSF = 0.978683, MCSF_err = 0.0790547
[AnalysisInputs::SetMCSF] sample : ggZZto2mu2tau
[AnalysisInputs::SetMCSF] => MCSF = 0.978683, MCSF_err = 0.0790547
[AnalysisInputs::SetMCSF] sample : ggZZto4e
[AnalysisInputs::SetMCSF] => MCSF = 0.978683, MCSF_err = 0.0790547
[AnalysisInputs::SetMCSF] sample : ggZZto4mu
[AnalysisInputs::SetMCSF] => MCSF = 0.978683, MCSF_err = 0.0790547
[AnalysisInputs::SetMCSF] sample : ggZZto4tau
[AnalysisInputs::SetMCSF] => MCSF = 0.978683, MCSF_err = 0.0790547
[AnalysisInputs::SetMCSF] sample : ggHtoZZ
[AnalysisInputs::SetMCSF] => MCSF = 0.978683, MCSF_err = 0.0790547
[AnalysisInputs::SetCalculatedSysts] Get Systematics from /data8/Users/jskim/HN_dilepton_plotter/data/v8-0-7.37/Syst.txt
[AnalysisInputs::SetCalculatedSysts] source : Luminosity
[AnalysisInputs::SetCalculatedSysts] => % sysematic = 0.025
[AnalysisInputs::SetCalculatedSysts] source : FakeLooseID
[AnalysisInputs::SetCalculatedSysts] => % sysematic = 0.3
[AnalysisInputs::SetCalculatedSysts] source : ChrageFlipSyst
[AnalysisInputs::SetCalculatedSysts] => % sysematic = 0.23
[CutRangeInfo::ReadCutCard] Get Cutcard from /data8/Users/jskim/HN_dilepton_plotter/data/v8-0-7.37/CutOpCard/RunDirectory/Cards_ElEl_Bin1/HNElEl_600.txt
Central	0.289213	0.224312	0.230324
_MuonEn_up	0.289213	0.224312	0.230324
_MuonEn_down	0.289213	0.224312	0.230324
_MuonIDSF_up	0.286613	0.224312	0.230324
_MuonIDSF_down	0.289213	0.224312	0.230324
_ElectronEn_up	0.289317	0.224312	0.230324
_ElectronEn_down	0.382154	0.224312	0.230324
_ElectronIDSF_up	0.306061	0.224312	0.230324
_ElectronIDSF_down	0.272634	0.224312	0.230324
_TriggerSF_up	0.295131	0.224312	0.230324
_TriggerSF_down	0.289213	0.224312	0.230324
_PU_up	0.237244	0.224312	0.230324
_PU_down	0.303328	0.224312	0.230324
_JetEn_up	0.265553	0.224312	0.230324
_JetEn_down	0.768191	0.224312	0.230324
_JetRes_up	0.754983	0.224312	0.230324
_JetRes_down	0.280255	0.224312	0.230324
_Unclustered_up	0.2845	0.224312	0.230324
_Unclustered_down	0.289209	0.224312	0.230324
_BTagSFEff_up	0.289213	0.224312	0.230324
_BTagSFEff_down	0.289213	0.224312	0.230324
_BTagSFMiss_up	0.283681	0.224312	0.230324
_BTagSFMiss_down	0.289293	0.224312	0.230324
_JetMass_up	0.289213	0.224312	0.230324
_JetMass_down	0.36637	0.224312	0.230324
_JetMassRes_up	0.289213	0.224312	0.230324
_JetMassRes_down	0.36637	0.224312	0.230324
_Tau21_up	0.286645	0.224312	0.230324
_Tau21_down	0.289213	0.224312	0.230324

################ Sources ################
Source	SystTotal	SystPrompt	SystFake	Signal
Stat 34.22 36.80  103.08  12.95  2.42
Lumi 0.97  2.50 -  -  2.50
PDF  -  -  -  -  2.67
MuonPt  0.00 0.00  -  -  0.23
MuonID  0.25 0.64  -  -  0.08
ElectronE  8.84 22.72  -  -  1.17
ElectronID  2.25 5.78  -  -  4.37
Trigger  0.56 1.45  -  -  1.25
PU  5.12 13.17  -  -  2.01
JES  45.59 117.25  -  -  0.45
JER  44.28 113.90  -  -  0.58
Uncl  0.45 1.15  -  -  1.17
BEff  0.00 0.00  -  -  0.26
BMiss  0.53 1.35  -  -  0.40
JMS  7.33 18.86  -  -  0.02
JMR  7.33 18.86  -  -  0.15
Tau21  0.24 0.63  -  -  0.09
MCNorm 13.24  34.06 -  -  -
Fake 9.05  -  30.00 - -
CF 7.12  -  -  23.00 -
Total Systematic 67.20 171.25  30.00  23.00  6.45

Total Background	0.744
- Prompt	0.289
- Fake	0.224
- CF	0.230

####### Result #######
Signal Eff	0.041808
0.743849 1.758497
0.076434 1.068926
