
Processing HNElEl_300_VBF.C...
[AnalysisInputs::SetMCSF] Get MC SF from /home/jskim/Documents/trilepton_13TeV/DiLepton/data/v8-0-7.36/MCSF.txt
[AnalysisInputs::SetMCSF] sample : VVV
[AnalysisInputs::SetMCSF] => MCSF = 1, MCSF_err = 0.5
[AnalysisInputs::SetMCSF] sample : WWW
[AnalysisInputs::SetMCSF] => MCSF = 1, MCSF_err = 0.5
[AnalysisInputs::SetMCSF] sample : WWZ
[AnalysisInputs::SetMCSF] => MCSF = 1, MCSF_err = 0.5
[AnalysisInputs::SetMCSF] sample : WZZ
[AnalysisInputs::SetMCSF] => MCSF = 1, MCSF_err = 0.5
[AnalysisInputs::SetMCSF] sample : ZZZ
[AnalysisInputs::SetMCSF] => MCSF = 1, MCSF_err = 0.5
[AnalysisInputs::SetMCSF] sample : ttV
[AnalysisInputs::SetMCSF] => MCSF = 1, MCSF_err = 0.5
[AnalysisInputs::SetMCSF] sample : ttW
[AnalysisInputs::SetMCSF] => MCSF = 1, MCSF_err = 0.5
[AnalysisInputs::SetMCSF] sample : ttZ
[AnalysisInputs::SetMCSF] => MCSF = 1, MCSF_err = 0.5
[AnalysisInputs::SetMCSF] sample : ttH_nonbb
[AnalysisInputs::SetMCSF] => MCSF = 1, MCSF_err = 0.5
[AnalysisInputs::SetMCSF] sample : top
[AnalysisInputs::SetMCSF] => MCSF = 1, MCSF_err = 0.5
[AnalysisInputs::SetMCSF] sample : WZTo3LNu_powheg
[AnalysisInputs::SetMCSF] => MCSF = 1.00165, MCSF_err = 0.0888561
[AnalysisInputs::SetMCSF] sample : ZGto2LG
[AnalysisInputs::SetMCSF] => MCSF = 0.794861, MCSF_err = 0.155181
[AnalysisInputs::SetMCSF] sample : ZZTo4L_powheg
[AnalysisInputs::SetMCSF] => MCSF = 0.926685, MCSF_err = 0.102827
[AnalysisInputs::SetMCSF] sample : ggZZto2e2mu
[AnalysisInputs::SetMCSF] => MCSF = 0.926685, MCSF_err = 0.102827
[AnalysisInputs::SetMCSF] sample : ggZZto2e2nu
[AnalysisInputs::SetMCSF] => MCSF = 0.926685, MCSF_err = 0.102827
[AnalysisInputs::SetMCSF] sample : ggZZto2e2tau
[AnalysisInputs::SetMCSF] => MCSF = 0.926685, MCSF_err = 0.102827
[AnalysisInputs::SetMCSF] sample : ggZZto2mu2nu
[AnalysisInputs::SetMCSF] => MCSF = 0.926685, MCSF_err = 0.102827
[AnalysisInputs::SetMCSF] sample : ggZZto2mu2tau
[AnalysisInputs::SetMCSF] => MCSF = 0.926685, MCSF_err = 0.102827
[AnalysisInputs::SetMCSF] sample : ggZZto4e
[AnalysisInputs::SetMCSF] => MCSF = 0.926685, MCSF_err = 0.102827
[AnalysisInputs::SetMCSF] sample : ggZZto4mu
[AnalysisInputs::SetMCSF] => MCSF = 0.926685, MCSF_err = 0.102827
[AnalysisInputs::SetMCSF] sample : ggZZto4tau
[AnalysisInputs::SetMCSF] => MCSF = 0.926685, MCSF_err = 0.102827
[AnalysisInputs::SetCalculatedSysts] Get Systematics from /home/jskim/Documents/trilepton_13TeV/DiLepton/data/v8-0-7.36/Syst.txt
[AnalysisInputs::SetCalculatedSysts] source : Luminosity
[AnalysisInputs::SetCalculatedSysts] => % sysematic = 0.025
[AnalysisInputs::SetCalculatedSysts] source : FakeLooseID
[AnalysisInputs::SetCalculatedSysts] => % sysematic = 0.3
[AnalysisInputs::SetCalculatedSysts] source : ChrageFlipSyst
[AnalysisInputs::SetCalculatedSysts] => % sysematic = 0.21
[CutRangeInfo::ReadCutCard] Get Cutcard from /home/jskim/Documents/trilepton_13TeV/DiLepton/data/v8-0-7.36/CutOpCard/OPTIMIZED_171107_ElEl_HighMass/HNElEl_300.txt
prompt_tau21_syst = 0
signal_tau21_syst = 0
Central	5.40375	1.57688	1.31844
_MuonEn_up	5.37578	1.57688	1.31844
_MuonEn_down	5.38491	1.57688	1.31844
_MuonIDSF_up	5.41557	1.57688	1.31844
_MuonIDSF_down	5.36269	1.57688	1.31844
_ElectronEn_up	5.40193	1.57688	1.31844
_ElectronEn_down	5.18899	1.57688	1.31844
_ElectronIDSF_up	5.57899	1.57688	1.31844
_ElectronIDSF_down	5.23064	1.57688	1.31844
_TriggerSF_up	5.37418	1.57688	1.31844
_TriggerSF_down	5.27611	1.57688	1.31844
_PU_up	5.42703	1.57688	1.31844
_PU_down	5.2688	1.57688	1.31844
_JetEn_up	5.47628	1.57688	1.31844
_JetEn_down	5.30736	1.57688	1.31844
_JetRes_up	5.34101	1.57688	1.31844
_JetRes_down	4.97433	1.57688	1.31844
_Unclustered_up	5.55249	1.57688	1.31844
_Unclustered_down	4.66333	1.57688	1.31844
_BTagSFEff_up	5.38528	1.57688	1.31844
_BTagSFEff_down	5.38825	1.57688	1.31844
_BTagSFMiss_up	5.49011	1.57688	1.31844
_BTagSFMiss_down	5.4087	1.57688	1.31844
_JetMass_up	5.44898	1.57688	1.31844
_JetMass_down	5.39126	1.57688	1.31844
_JetMassRes_up	5.37571	1.57688	1.31844
_JetMassRes_down	5.29697	1.57688	1.31844

################ Sources ################
Source	SystTotal	SystPrompt	SystFake	Signal
Stat 22.08 33.27  22.37  3.83  1.47
Lumi 1.63  2.50 -  -  2.50
PDF  -  -  -  -  2.50
MuonPt  0.29 0.44  -  -  0.13
MuonID  0.36 0.56  -  -  0.11
ElectronE  1.83 2.81  -  -  0.79
ElectronID  2.10 3.22  -  -  4.18
Trigger  1.12 1.71  -  -  0.08
PU  1.17 1.79  -  -  2.04
JES  1.03 1.58  -  -  0.98
JER  3.70 5.68  -  -  0.99
Uncl  6.43 9.88  -  -  1.51
BEff  0.21 0.32  -  -  0.18
BMiss  0.74 1.13  -  -  0.39
JMS  0.40 0.61  -  -  0.04
JMR  0.94 1.44  -  -  0.10
Tau21 0.00  0.00 -  -  0.00
MCNorm 6.11  9.39 -  -  -
Fake 5.70  -  30.00 - -
CF 3.34  -  -  21.00 -
Total Systematic 11.87 15.99  30.00  21.00  6.26

Total Background	8.299
- Prompt	5.404
- Fake	1.577
- CF	1.318

####### Result #######
Signal Eff	0.056298
8.299065 1.252928
2.385778 1.064302
