
Processing HNElEl_600_VBF.C...
[AnalysisInputs::SetMCSF] Get MC SF from /home/jskim/Documents/trilepton_13TeV/DiLepton/data/v8-0-7.36/MCSF.txt
[AnalysisInputs::SetMCSF] sample : VVV
[AnalysisInputs::SetMCSF] => MCSF = 1, MCSF_err = 0.5
[AnalysisInputs::SetMCSF] sample : WWW
[AnalysisInputs::SetMCSF] => MCSF = 1, MCSF_err = 0.5
[AnalysisInputs::SetMCSF] sample : WWZ
[AnalysisInputs::SetMCSF] => MCSF = 1, MCSF_err = 0.5
[AnalysisInputs::SetMCSF] sample : WZZ
[AnalysisInputs::SetMCSF] => MCSF = 1, MCSF_err = 0.5
[AnalysisInputs::SetMCSF] sample : ZZZ
[AnalysisInputs::SetMCSF] => MCSF = 1, MCSF_err = 0.5
[AnalysisInputs::SetMCSF] sample : ttV
[AnalysisInputs::SetMCSF] => MCSF = 1, MCSF_err = 0.5
[AnalysisInputs::SetMCSF] sample : ttW
[AnalysisInputs::SetMCSF] => MCSF = 1, MCSF_err = 0.5
[AnalysisInputs::SetMCSF] sample : ttZ
[AnalysisInputs::SetMCSF] => MCSF = 1, MCSF_err = 0.5
[AnalysisInputs::SetMCSF] sample : ttH_nonbb
[AnalysisInputs::SetMCSF] => MCSF = 1, MCSF_err = 0.5
[AnalysisInputs::SetMCSF] sample : top
[AnalysisInputs::SetMCSF] => MCSF = 1, MCSF_err = 0.5
[AnalysisInputs::SetMCSF] sample : WZTo3LNu_powheg
[AnalysisInputs::SetMCSF] => MCSF = 1.00165, MCSF_err = 0.0888561
[AnalysisInputs::SetMCSF] sample : ZGto2LG
[AnalysisInputs::SetMCSF] => MCSF = 0.794861, MCSF_err = 0.155181
[AnalysisInputs::SetMCSF] sample : ZZTo4L_powheg
[AnalysisInputs::SetMCSF] => MCSF = 0.926685, MCSF_err = 0.102827
[AnalysisInputs::SetMCSF] sample : ggZZto2e2mu
[AnalysisInputs::SetMCSF] => MCSF = 0.926685, MCSF_err = 0.102827
[AnalysisInputs::SetMCSF] sample : ggZZto2e2nu
[AnalysisInputs::SetMCSF] => MCSF = 0.926685, MCSF_err = 0.102827
[AnalysisInputs::SetMCSF] sample : ggZZto2e2tau
[AnalysisInputs::SetMCSF] => MCSF = 0.926685, MCSF_err = 0.102827
[AnalysisInputs::SetMCSF] sample : ggZZto2mu2nu
[AnalysisInputs::SetMCSF] => MCSF = 0.926685, MCSF_err = 0.102827
[AnalysisInputs::SetMCSF] sample : ggZZto2mu2tau
[AnalysisInputs::SetMCSF] => MCSF = 0.926685, MCSF_err = 0.102827
[AnalysisInputs::SetMCSF] sample : ggZZto4e
[AnalysisInputs::SetMCSF] => MCSF = 0.926685, MCSF_err = 0.102827
[AnalysisInputs::SetMCSF] sample : ggZZto4mu
[AnalysisInputs::SetMCSF] => MCSF = 0.926685, MCSF_err = 0.102827
[AnalysisInputs::SetMCSF] sample : ggZZto4tau
[AnalysisInputs::SetMCSF] => MCSF = 0.926685, MCSF_err = 0.102827
[AnalysisInputs::SetCalculatedSysts] Get Systematics from /home/jskim/Documents/trilepton_13TeV/DiLepton/data/v8-0-7.36/Syst.txt
[AnalysisInputs::SetCalculatedSysts] source : Luminosity
[AnalysisInputs::SetCalculatedSysts] => % sysematic = 0.025
[AnalysisInputs::SetCalculatedSysts] source : FakeLooseID
[AnalysisInputs::SetCalculatedSysts] => % sysematic = 0.3
[AnalysisInputs::SetCalculatedSysts] source : ChrageFlipSyst
[AnalysisInputs::SetCalculatedSysts] => % sysematic = 0.21
[CutRangeInfo::ReadCutCard] Get Cutcard from /home/jskim/Documents/trilepton_13TeV/DiLepton/data/v8-0-7.36/CutOpCard/OPTIMIZED_171107_ElEl_HighMass/HNElEl_600.txt
prompt_tau21_syst = 0
signal_tau21_syst = 0
Central	0.594704	0.0734361	0.18344
_MuonEn_up	0.588663	0.0734361	0.18344
_MuonEn_down	0.584052	0.0734361	0.18344
_MuonIDSF_up	0.588747	0.0734361	0.18344
_MuonIDSF_down	0.591194	0.0734361	0.18344
_ElectronEn_up	0.595925	0.0734361	0.18344
_ElectronEn_down	0.590063	0.0734361	0.18344
_ElectronIDSF_up	0.613599	0.0734361	0.18344
_ElectronIDSF_down	0.567858	0.0734361	0.18344
_TriggerSF_up	0.588747	0.0734361	0.18344
_TriggerSF_down	0.585081	0.0734361	0.18344
_PU_up	0.545109	0.0734361	0.18344
_PU_down	0.64102	0.0734361	0.18344
_JetEn_up	0.707937	0.0734361	0.18344
_JetEn_down	0.610179	0.0734361	0.18344
_JetRes_up	0.507081	0.0734361	0.18344
_JetRes_down	0.58797	0.0734361	0.18344
_Unclustered_up	0.588004	0.0734361	0.18344
_Unclustered_down	0.592074	0.0734361	0.18344
_BTagSFEff_up	0.588747	0.0734361	0.18344
_BTagSFEff_down	0.588258	0.0734361	0.18344
_BTagSFMiss_up	0.584212	0.0734361	0.18344
_BTagSFMiss_down	0.591825	0.0734361	0.18344
_JetMass_up	0.588747	0.0734361	0.18344
_JetMass_down	0.58535	0.0734361	0.18344
_JetMassRes_up	0.5892	0.0734361	0.18344
_JetMassRes_down	0.576296	0.0734361	0.18344

################ Sources ################
Source	SystTotal	SystPrompt	SystFake	Signal
Stat 21.60 27.48  114.98  12.84  2.14
Lumi 1.75  2.50 -  -  2.50
PDF  -  -  -  -  2.50
MuonPt  1.02 1.46  -  -  0.26
MuonID  0.57 0.82  -  -  0.17
ElectronE  0.40 0.57  -  -  1.27
ElectronID  2.73 3.90  -  -  4.25
Trigger  0.94 1.35  -  -  0.25
PU  5.63 8.07  -  -  1.80
JES  9.49 13.59  -  -  0.75
JER  7.30 10.45  -  -  0.33
Uncl  0.60 0.86  -  -  0.67
BEff  0.73 1.04  -  -  0.40
BMiss  0.90 1.29  -  -  0.58
JMS  0.92 1.32  -  -  0.21
JMR  1.60 2.28  -  -  0.12
Tau21 0.00  0.00 -  -  0.00
MCNorm 6.97  9.98 -  -  -
Fake 2.59  -  30.00 - -
CF 4.52  -  -  21.00 -
Total Systematic 15.76 22.26  30.00  21.00  6.11

Total Background	0.852
- Prompt	0.595
- Fake	0.073
- CF	0.183

####### Result #######
Signal Eff	0.028809
0.851580 1.272594
0.093899 1.064704
