
Processing Bin2_HNElEl_1400.C...
[AnalysisInputs::SetMCSF] Get MC SF from /home/jskim/Documents/trilepton_13TeV/DiLepton/data/v8-0-7.36/MCSF.txt
[AnalysisInputs::SetMCSF] sample : VVV
[AnalysisInputs::SetMCSF] => MCSF = 1, MCSF_err = 0.5
[AnalysisInputs::SetMCSF] sample : WWW
[AnalysisInputs::SetMCSF] => MCSF = 1, MCSF_err = 0.5
[AnalysisInputs::SetMCSF] sample : WWZ
[AnalysisInputs::SetMCSF] => MCSF = 1, MCSF_err = 0.5
[AnalysisInputs::SetMCSF] sample : WZZ
[AnalysisInputs::SetMCSF] => MCSF = 1, MCSF_err = 0.5
[AnalysisInputs::SetMCSF] sample : ZZZ
[AnalysisInputs::SetMCSF] => MCSF = 1, MCSF_err = 0.5
[AnalysisInputs::SetMCSF] sample : ttV
[AnalysisInputs::SetMCSF] => MCSF = 1, MCSF_err = 0.5
[AnalysisInputs::SetMCSF] sample : ttW
[AnalysisInputs::SetMCSF] => MCSF = 1, MCSF_err = 0.5
[AnalysisInputs::SetMCSF] sample : ttZ
[AnalysisInputs::SetMCSF] => MCSF = 1, MCSF_err = 0.5
[AnalysisInputs::SetMCSF] sample : ttH_nonbb
[AnalysisInputs::SetMCSF] => MCSF = 1, MCSF_err = 0.5
[AnalysisInputs::SetMCSF] sample : top
[AnalysisInputs::SetMCSF] => MCSF = 1, MCSF_err = 0.5
[AnalysisInputs::SetMCSF] sample : WZTo3LNu_powheg
[AnalysisInputs::SetMCSF] => MCSF = 1.00165, MCSF_err = 0.0888561
[AnalysisInputs::SetMCSF] sample : ZGto2LG
[AnalysisInputs::SetMCSF] => MCSF = 0.794861, MCSF_err = 0.155181
[AnalysisInputs::SetMCSF] sample : ZZTo4L_powheg
[AnalysisInputs::SetMCSF] => MCSF = 0.926685, MCSF_err = 0.102827
[AnalysisInputs::SetMCSF] sample : ggZZto2e2mu
[AnalysisInputs::SetMCSF] => MCSF = 0.926685, MCSF_err = 0.102827
[AnalysisInputs::SetMCSF] sample : ggZZto2e2nu
[AnalysisInputs::SetMCSF] => MCSF = 0.926685, MCSF_err = 0.102827
[AnalysisInputs::SetMCSF] sample : ggZZto2e2tau
[AnalysisInputs::SetMCSF] => MCSF = 0.926685, MCSF_err = 0.102827
[AnalysisInputs::SetMCSF] sample : ggZZto2mu2nu
[AnalysisInputs::SetMCSF] => MCSF = 0.926685, MCSF_err = 0.102827
[AnalysisInputs::SetMCSF] sample : ggZZto2mu2tau
[AnalysisInputs::SetMCSF] => MCSF = 0.926685, MCSF_err = 0.102827
[AnalysisInputs::SetMCSF] sample : ggZZto4e
[AnalysisInputs::SetMCSF] => MCSF = 0.926685, MCSF_err = 0.102827
[AnalysisInputs::SetMCSF] sample : ggZZto4mu
[AnalysisInputs::SetMCSF] => MCSF = 0.926685, MCSF_err = 0.102827
[AnalysisInputs::SetMCSF] sample : ggZZto4tau
[AnalysisInputs::SetMCSF] => MCSF = 0.926685, MCSF_err = 0.102827
[AnalysisInputs::SetCalculatedSysts] Get Systematics from /home/jskim/Documents/trilepton_13TeV/DiLepton/data/v8-0-7.36/Syst.txt
[AnalysisInputs::SetCalculatedSysts] source : Luminosity
[AnalysisInputs::SetCalculatedSysts] => % sysematic = 0.025
[AnalysisInputs::SetCalculatedSysts] source : FakeLooseID
[AnalysisInputs::SetCalculatedSysts] => % sysematic = 0.3
[AnalysisInputs::SetCalculatedSysts] source : ChrageFlipSyst
[AnalysisInputs::SetCalculatedSysts] => % sysematic = 0.21
[CutRangeInfo::ReadCutCard] Get Cutcard from /home/jskim/Documents/trilepton_13TeV/DiLepton/data/v8-0-7.36/CutOpCard/OPTIMIZED_171108_ElEl_HighMass_Bin2/HNElEl_1400.txt
prompt_tau21_syst = 0.00160381
signal_tau21_syst = 0.000385681
Central	0.0222529	0	0.0034105
_MuonEn_up	0.0222529	0	0.0034105
_MuonEn_down	0.0222529	0	0.0034105
_MuonIDSF_up	0.0221692	0	0.0034105
_MuonIDSF_down	0.0222529	0	0.0034105
_ElectronEn_up	0.0222529	0	0.0034105
_ElectronEn_down	0.0222529	0	0.0034105
_ElectronIDSF_up	0.0231519	0	0.0034105
_ElectronIDSF_down	0.0213715	0	0.0034105
_TriggerSF_up	0.0222529	0	0.0034105
_TriggerSF_down	0.0222529	0	0.0034105
_PU_up	0.0232265	0	0.0034105
_PU_down	0.0209676	0	0.0034105
_JetEn_up	0.0222529	0	0.0034105
_JetEn_down	0.0222529	0	0.0034105
_JetRes_up	0.0222529	0	0.0034105
_JetRes_down	0.0222529	0	0.0034105
_Unclustered_up	0.0222529	0	0.0034105
_Unclustered_down	0.0222529	0	0.0034105
_BTagSFEff_up	0.0222529	0	0.0034105
_BTagSFEff_down	0.0222529	0	0.0034105
_BTagSFMiss_up	0.0222529	0	0.0034105
_BTagSFMiss_down	0.0222529	0	0.0034105
_JetMass_up	0.0222529	0	0.0034105
_JetMass_down	0.0289985	0	0.0034105
_JetMassRes_up	0.0222529	0	0.0034105
_JetMassRes_down	0.0289985	0	0.0034105

################ Sources ################
Source	SystTotal	SystPrompt	SystFake	Signal
Stat 36.26 41.82  -nan  64.50  1.30
Lumi 2.17  2.50 -  -  2.50
PDF  -  -  -  -  2.50
MuonPt  0.00 0.00  -  -  0.10
MuonID  0.23 0.27  -  -  0.10
ElectronE  0.00 0.00  -  -  0.41
ElectronID  3.47 4.00  -  -  4.39
Trigger  0.00 0.00  -  -  0.03
PU  4.44 5.12  -  -  1.71
JES  0.00 0.00  -  -  0.28
JER  0.00 0.00  -  -  0.03
Uncl  0.00 0.00  -  -  0.14
BEff  0.00 0.00  -  -  0.57
BMiss  0.00 0.00  -  -  0.25
JMS  18.59 21.43  -  -  0.16
JMR  18.59 21.43  -  -  0.12
Tau21 6.25  7.21 -  -  7.25
MCNorm 10.12  11.67 -  -  -
Fake 0.00  -  -nan - -
CF 2.79  -  -  21.00 -
Total Systematic 29.48 33.99  -nan  21.00  5.95

Total Background	0.026
- Prompt	0.022
- Fake	0.000
- CF	0.003

####### Result #######
Signal Eff	0.176451
0.025663 1.475937
0.005319 1.094669
