
Processing CyclesForOptimization_MuEl_Bin2/HNMuEl_700.C...
[AnalysisInputs::SetMCSF] Get MC SF from /data8/Users/jskim/HN_dilepton_plotter/data/v8-0-7.37_PreApproval/MCSF.txt
[AnalysisInputs::SetMCSF] sample : VVV
[AnalysisInputs::SetMCSF] => MCSF = 1, MCSF_err = 0.5
[AnalysisInputs::SetMCSF] sample : WWW
[AnalysisInputs::SetMCSF] => MCSF = 1, MCSF_err = 0.5
[AnalysisInputs::SetMCSF] sample : WWZ
[AnalysisInputs::SetMCSF] => MCSF = 1, MCSF_err = 0.5
[AnalysisInputs::SetMCSF] sample : WZZ
[AnalysisInputs::SetMCSF] => MCSF = 1, MCSF_err = 0.5
[AnalysisInputs::SetMCSF] sample : ZZZ
[AnalysisInputs::SetMCSF] => MCSF = 1, MCSF_err = 0.5
[AnalysisInputs::SetMCSF] sample : ttV
[AnalysisInputs::SetMCSF] => MCSF = 1, MCSF_err = 0.5
[AnalysisInputs::SetMCSF] sample : ttW
[AnalysisInputs::SetMCSF] => MCSF = 1, MCSF_err = 0.5
[AnalysisInputs::SetMCSF] sample : ttZ
[AnalysisInputs::SetMCSF] => MCSF = 1, MCSF_err = 0.5
[AnalysisInputs::SetMCSF] sample : ttH_nonbb
[AnalysisInputs::SetMCSF] => MCSF = 1, MCSF_err = 0.5
[AnalysisInputs::SetMCSF] sample : top
[AnalysisInputs::SetMCSF] => MCSF = 1, MCSF_err = 0.5
[AnalysisInputs::SetMCSF] sample : WWTo2L2Nu_DS
[AnalysisInputs::SetMCSF] => MCSF = 1, MCSF_err = 0.5
[AnalysisInputs::SetMCSF] sample : WpWpEWK
[AnalysisInputs::SetMCSF] => MCSF = 1, MCSF_err = 0.5
[AnalysisInputs::SetMCSF] sample : WpWpQCD
[AnalysisInputs::SetMCSF] => MCSF = 1, MCSF_err = 0.5
[AnalysisInputs::SetMCSF] sample : WZTo3LNu_mllmin01
[AnalysisInputs::SetMCSF] => MCSF = 0.65, MCSF_err = 0.06
[AnalysisInputs::SetMCSF] sample : WZTo3LNu_powheg
[AnalysisInputs::SetMCSF] => MCSF = 1.05044, MCSF_err = 0.0648798
[AnalysisInputs::SetMCSF] sample : ZGto2LG
[AnalysisInputs::SetMCSF] => MCSF = 1.09954, MCSF_err = 0.076377
[AnalysisInputs::SetMCSF] sample : WGtoLNuG
[AnalysisInputs::SetMCSF] => MCSF = 1, MCSF_err = 0.076377
[AnalysisInputs::SetMCSF] sample : WGtoLNuG_weighted
[AnalysisInputs::SetMCSF] => MCSF = 1, MCSF_err = 0.076377
[AnalysisInputs::SetMCSF] sample : ZZTo4L_powheg
[AnalysisInputs::SetMCSF] => MCSF = 0.978852, MCSF_err = 0.0792882
[AnalysisInputs::SetMCSF] sample : ggZZto2e2mu
[AnalysisInputs::SetMCSF] => MCSF = 0.978852, MCSF_err = 0.0792882
[AnalysisInputs::SetMCSF] sample : ggZZto2e2nu
[AnalysisInputs::SetMCSF] => MCSF = 0.978852, MCSF_err = 0.0792882
[AnalysisInputs::SetMCSF] sample : ggZZto2e2tau
[AnalysisInputs::SetMCSF] => MCSF = 0.978852, MCSF_err = 0.0792882
[AnalysisInputs::SetMCSF] sample : ggZZto2mu2nu
[AnalysisInputs::SetMCSF] => MCSF = 0.978852, MCSF_err = 0.0792882
[AnalysisInputs::SetMCSF] sample : ggZZto2mu2tau
[AnalysisInputs::SetMCSF] => MCSF = 0.978852, MCSF_err = 0.0792882
[AnalysisInputs::SetMCSF] sample : ggZZto4e
[AnalysisInputs::SetMCSF] => MCSF = 0.978852, MCSF_err = 0.0792882
[AnalysisInputs::SetMCSF] sample : ggZZto4mu
[AnalysisInputs::SetMCSF] => MCSF = 0.978852, MCSF_err = 0.0792882
[AnalysisInputs::SetMCSF] sample : ggZZto4tau
[AnalysisInputs::SetMCSF] => MCSF = 0.978852, MCSF_err = 0.0792882
[AnalysisInputs::SetMCSF] sample : ggHtoZZ
[AnalysisInputs::SetMCSF] => MCSF = 0.978852, MCSF_err = 0.0792882
[AnalysisInputs::SetCalculatedSysts] Get Systematics from /data8/Users/jskim/HN_dilepton_plotter/data/v8-0-7.37_PreApproval/Syst.txt
[AnalysisInputs::SetCalculatedSysts] source : Luminosity
[AnalysisInputs::SetCalculatedSysts] => % sysematic = 0.025
[AnalysisInputs::SetCalculatedSysts] source : FakeLooseID
[AnalysisInputs::SetCalculatedSysts] => % sysematic = 0.3
[AnalysisInputs::SetCalculatedSysts] source : ChrageFlipSyst
[AnalysisInputs::SetCalculatedSysts] => % sysematic = 0.16
[CutRangeInfo::ReadCutCard] Get Cutcard from /data8/Users/jskim/HN_dilepton_plotter/data/v8-0-7.37_PreApproval/CutOpCard/RunDirectory/CyclesForOptimization_MuEl_Bin2/Cards//HNMuEl_700.txt

##################################################
#### TOTAL # of Loop = 3721
##################################################

[CutRangeInfo::PrintCutRangeInfo] leadingLepton_Pt_>
[CutInfo::PrintCutInfo] leadingLepton_Pt	>	170
[CutRangeInfo::PrintCutRangeInfo] ljj_|<
[CutInfo::PrintCutInfo] ljj	|<	1000
[CutInfo::PrintCutInfo] ljj	|<	995
[CutInfo::PrintCutInfo] ljj	|<	990
[CutInfo::PrintCutInfo] ljj	|<	985
[CutInfo::PrintCutInfo] ljj	|<	980
[CutInfo::PrintCutInfo] ljj	|<	975
[CutInfo::PrintCutInfo] ljj	|<	970
[CutInfo::PrintCutInfo] ljj	|<	965
[CutInfo::PrintCutInfo] ljj	|<	960
[CutInfo::PrintCutInfo] ljj	|<	955
[CutInfo::PrintCutInfo] ljj	|<	950
[CutInfo::PrintCutInfo] ljj	|<	945
[CutInfo::PrintCutInfo] ljj	|<	940
[CutInfo::PrintCutInfo] ljj	|<	935
[CutInfo::PrintCutInfo] ljj	|<	930
[CutInfo::PrintCutInfo] ljj	|<	925
[CutInfo::PrintCutInfo] ljj	|<	920
[CutInfo::PrintCutInfo] ljj	|<	915
[CutInfo::PrintCutInfo] ljj	|<	910
[CutInfo::PrintCutInfo] ljj	|<	905
[CutInfo::PrintCutInfo] ljj	|<	900
[CutInfo::PrintCutInfo] ljj	|<	895
[CutInfo::PrintCutInfo] ljj	|<	890
[CutInfo::PrintCutInfo] ljj	|<	885
[CutInfo::PrintCutInfo] ljj	|<	880
[CutInfo::PrintCutInfo] ljj	|<	875
[CutInfo::PrintCutInfo] ljj	|<	870
[CutInfo::PrintCutInfo] ljj	|<	865
[CutInfo::PrintCutInfo] ljj	|<	860
[CutInfo::PrintCutInfo] ljj	|<	855
[CutInfo::PrintCutInfo] ljj	|<	850
[CutInfo::PrintCutInfo] ljj	|<	845
[CutInfo::PrintCutInfo] ljj	|<	840
[CutInfo::PrintCutInfo] ljj	|<	835
[CutInfo::PrintCutInfo] ljj	|<	830
[CutInfo::PrintCutInfo] ljj	|<	825
[CutInfo::PrintCutInfo] ljj	|<	820
[CutInfo::PrintCutInfo] ljj	|<	815
[CutInfo::PrintCutInfo] ljj	|<	810
[CutInfo::PrintCutInfo] ljj	|<	805
[CutInfo::PrintCutInfo] ljj	|<	800
[CutInfo::PrintCutInfo] ljj	|<	795
[CutInfo::PrintCutInfo] ljj	|<	790
[CutInfo::PrintCutInfo] ljj	|<	785
[CutInfo::PrintCutInfo] ljj	|<	780
[CutInfo::PrintCutInfo] ljj	|<	775
[CutInfo::PrintCutInfo] ljj	|<	770
[CutInfo::PrintCutInfo] ljj	|<	765
[CutInfo::PrintCutInfo] ljj	|<	760
[CutInfo::PrintCutInfo] ljj	|<	755
[CutInfo::PrintCutInfo] ljj	|<	750
[CutInfo::PrintCutInfo] ljj	|<	745
[CutInfo::PrintCutInfo] ljj	|<	740
[CutInfo::PrintCutInfo] ljj	|<	735
[CutInfo::PrintCutInfo] ljj	|<	730
[CutInfo::PrintCutInfo] ljj	|<	725
[CutInfo::PrintCutInfo] ljj	|<	720
[CutInfo::PrintCutInfo] ljj	|<	715
[CutInfo::PrintCutInfo] ljj	|<	710
[CutInfo::PrintCutInfo] ljj	|<	705
[CutInfo::PrintCutInfo] ljj	|<	700
[CutRangeInfo::PrintCutRangeInfo] ljj_|>
[CutInfo::PrintCutInfo] ljj	|>	400
[CutInfo::PrintCutInfo] ljj	|>	405
[CutInfo::PrintCutInfo] ljj	|>	410
[CutInfo::PrintCutInfo] ljj	|>	415
[CutInfo::PrintCutInfo] ljj	|>	420
[CutInfo::PrintCutInfo] ljj	|>	425
[CutInfo::PrintCutInfo] ljj	|>	430
[CutInfo::PrintCutInfo] ljj	|>	435
[CutInfo::PrintCutInfo] ljj	|>	440
[CutInfo::PrintCutInfo] ljj	|>	445
[CutInfo::PrintCutInfo] ljj	|>	450
[CutInfo::PrintCutInfo] ljj	|>	455
[CutInfo::PrintCutInfo] ljj	|>	460
[CutInfo::PrintCutInfo] ljj	|>	465
[CutInfo::PrintCutInfo] ljj	|>	470
[CutInfo::PrintCutInfo] ljj	|>	475
[CutInfo::PrintCutInfo] ljj	|>	480
[CutInfo::PrintCutInfo] ljj	|>	485
[CutInfo::PrintCutInfo] ljj	|>	490
[CutInfo::PrintCutInfo] ljj	|>	495
[CutInfo::PrintCutInfo] ljj	|>	500
[CutInfo::PrintCutInfo] ljj	|>	505
[CutInfo::PrintCutInfo] ljj	|>	510
[CutInfo::PrintCutInfo] ljj	|>	515
[CutInfo::PrintCutInfo] ljj	|>	520
[CutInfo::PrintCutInfo] ljj	|>	525
[CutInfo::PrintCutInfo] ljj	|>	530
[CutInfo::PrintCutInfo] ljj	|>	535
[CutInfo::PrintCutInfo] ljj	|>	540
[CutInfo::PrintCutInfo] ljj	|>	545
[CutInfo::PrintCutInfo] ljj	|>	550
[CutInfo::PrintCutInfo] ljj	|>	555
[CutInfo::PrintCutInfo] ljj	|>	560
[CutInfo::PrintCutInfo] ljj	|>	565
[CutInfo::PrintCutInfo] ljj	|>	570
[CutInfo::PrintCutInfo] ljj	|>	575
[CutInfo::PrintCutInfo] ljj	|>	580
[CutInfo::PrintCutInfo] ljj	|>	585
[CutInfo::PrintCutInfo] ljj	|>	590
[CutInfo::PrintCutInfo] ljj	|>	595
[CutInfo::PrintCutInfo] ljj	|>	600
[CutInfo::PrintCutInfo] ljj	|>	605
[CutInfo::PrintCutInfo] ljj	|>	610
[CutInfo::PrintCutInfo] ljj	|>	615
[CutInfo::PrintCutInfo] ljj	|>	620
[CutInfo::PrintCutInfo] ljj	|>	625
[CutInfo::PrintCutInfo] ljj	|>	630
[CutInfo::PrintCutInfo] ljj	|>	635
[CutInfo::PrintCutInfo] ljj	|>	640
[CutInfo::PrintCutInfo] ljj	|>	645
[CutInfo::PrintCutInfo] ljj	|>	650
[CutInfo::PrintCutInfo] ljj	|>	655
[CutInfo::PrintCutInfo] ljj	|>	660
[CutInfo::PrintCutInfo] ljj	|>	665
[CutInfo::PrintCutInfo] ljj	|>	670
[CutInfo::PrintCutInfo] ljj	|>	675
[CutInfo::PrintCutInfo] ljj	|>	680
[CutInfo::PrintCutInfo] ljj	|>	685
[CutInfo::PrintCutInfo] ljj	|>	690
[CutInfo::PrintCutInfo] ljj	|>	695
[CutInfo::PrintCutInfo] ljj	|>	700

##############################
#### OPTIMIZATION STARTED ####
##############################


!!!!!!!!!!!!!!!!!
!!!! UPDATED !!!!
!!!!!!!!!!!!!!!!!

[CutInfo::PrintCutInfo] leadingLepton_Pt	>	170
[CutInfo::PrintCutInfo] ljj	|<	1000
[CutInfo::PrintCutInfo] ljj	|>	400
CF	0 +- 0
Fake	1.2636 +- 0.682419
Prompt	4.98695 +- 1.70117
=> total bkg = 6.25055
Signal	Yield	Efficiency	Efficiency@Presel	Punzi
HNMuEl_700	0.248251	0.266458	4.71297e-06	5.13123e-07
=====================================================================


!!!!!!!!!!!!!!!!!
!!!! UPDATED !!!!
!!!!!!!!!!!!!!!!!

[CutInfo::PrintCutInfo] leadingLepton_Pt	>	170
[CutInfo::PrintCutInfo] ljj	|<	950
[CutInfo::PrintCutInfo] ljj	|>	400
CF	0 +- 0
Fake	1.25699 +- 0.681286
Prompt	4.97772 +- 1.69774
=> total bkg = 6.23471
Signal	Yield	Efficiency	Efficiency@Presel	Punzi
HNMuEl_700	0.24811	0.266305	4.71029e-06	5.13418e-07
=====================================================================


!!!!!!!!!!!!!!!!!
!!!! UPDATED !!!!
!!!!!!!!!!!!!!!!!

[CutInfo::PrintCutInfo] leadingLepton_Pt	>	170
[CutInfo::PrintCutInfo] ljj	|<	930
[CutInfo::PrintCutInfo] ljj	|>	400
CF	0 +- 0
Fake	1.25744 +- 0.68136
Prompt	4.97148 +- 1.69691
=> total bkg = 6.22891
Signal	Yield	Efficiency	Efficiency@Presel	Punzi
HNMuEl_700	0.248065	0.266246	4.70943e-06	5.13497e-07
=====================================================================


!!!!!!!!!!!!!!!!!
!!!! UPDATED !!!!
!!!!!!!!!!!!!!!!!

[CutInfo::PrintCutInfo] leadingLepton_Pt	>	170
[CutInfo::PrintCutInfo] ljj	|<	925
[CutInfo::PrintCutInfo] ljj	|>	400
CF	0 +- 0
Fake	1.25744 +- 0.68136
Prompt	4.97148 +- 1.69691
=> total bkg = 6.22891
Signal	Yield	Efficiency	Efficiency@Presel	Punzi
HNMuEl_700	0.248065	0.266246	4.70943e-06	5.13497e-07
=====================================================================


!!!!!!!!!!!!!!!!!
!!!! UPDATED !!!!
!!!!!!!!!!!!!!!!!

[CutInfo::PrintCutInfo] leadingLepton_Pt	>	170
[CutInfo::PrintCutInfo] ljj	|<	920
[CutInfo::PrintCutInfo] ljj	|>	400
CF	0 +- 0
Fake	1.25744 +- 0.68136
Prompt	4.96804 +- 1.69563
=> total bkg = 6.22548
Signal	Yield	Efficiency	Efficiency@Presel	Punzi
HNMuEl_700	0.248048	0.266212	4.70911e-06	5.13619e-07
=====================================================================


!!!!!!!!!!!!!!!!!
!!!! UPDATED !!!!
!!!!!!!!!!!!!!!!!

[CutInfo::PrintCutInfo] leadingLepton_Pt	>	170
[CutInfo::PrintCutInfo] ljj	|<	910
[CutInfo::PrintCutInfo] ljj	|>	400
CF	0 +- 0
Fake	1.25744 +- 0.68136
Prompt	4.95717 +- 1.69161
=> total bkg = 6.21461
Signal	Yield	Efficiency	Efficiency@Presel	Punzi
HNMuEl_700	0.248014	0.266178	4.70846e-06	5.14046e-07
=====================================================================


!!!!!!!!!!!!!!!!!
!!!! UPDATED !!!!
!!!!!!!!!!!!!!!!!

[CutInfo::PrintCutInfo] leadingLepton_Pt	>	170
[CutInfo::PrintCutInfo] ljj	|<	895
[CutInfo::PrintCutInfo] ljj	|>	400
CF	0 +- 0
Fake	1.25745 +- 0.681362
Prompt	4.91385 +- 1.67516
=> total bkg = 6.1713
Signal	Yield	Efficiency	Efficiency@Presel	Punzi
HNMuEl_700	0.24799	0.266127	4.70801e-06	5.16019e-07
=====================================================================


!!!!!!!!!!!!!!!!!
!!!! UPDATED !!!!
!!!!!!!!!!!!!!!!!

[CutInfo::PrintCutInfo] leadingLepton_Pt	>	170
[CutInfo::PrintCutInfo] ljj	|<	890
[CutInfo::PrintCutInfo] ljj	|>	400
CF	0 +- 0
Fake	1.25745 +- 0.681362
Prompt	4.91015 +- 1.6738
=> total bkg = 6.1676
Signal	Yield	Efficiency	Efficiency@Presel	Punzi
HNMuEl_700	0.247934	0.266059	4.70695e-06	5.16072e-07
=====================================================================


!!!!!!!!!!!!!!!!!
!!!! UPDATED !!!!
!!!!!!!!!!!!!!!!!

[CutInfo::PrintCutInfo] leadingLepton_Pt	>	170
[CutInfo::PrintCutInfo] ljj	|<	875
[CutInfo::PrintCutInfo] ljj	|>	400
CF	0 +- 0
Fake	1.25805 +- 0.681461
Prompt	4.9026 +- 1.67103
=> total bkg = 6.16064
Signal	Yield	Efficiency	Efficiency@Presel	Punzi
HNMuEl_700	0.247844	0.265941	4.70524e-06	5.16217e-07
=====================================================================


!!!!!!!!!!!!!!!!!
!!!! UPDATED !!!!
!!!!!!!!!!!!!!!!!

[CutInfo::PrintCutInfo] leadingLepton_Pt	>	170
[CutInfo::PrintCutInfo] ljj	|<	855
[CutInfo::PrintCutInfo] ljj	|>	400
CF	0 +- 0
Fake	1.25855 +- 0.681545
Prompt	4.86511 +- 1.65698
=> total bkg = 6.12365
Signal	Yield	Efficiency	Efficiency@Presel	Punzi
HNMuEl_700	0.247514	0.265602	4.69897e-06	5.17265e-07
=====================================================================


!!!!!!!!!!!!!!!!!
!!!! UPDATED !!!!
!!!!!!!!!!!!!!!!!

[CutInfo::PrintCutInfo] leadingLepton_Pt	>	170
[CutInfo::PrintCutInfo] ljj	|<	840
[CutInfo::PrintCutInfo] ljj	|>	400
CF	0 +- 0
Fake	1.25925 +- 0.681661
Prompt	4.82622 +- 1.6425
=> total bkg = 6.08547
Signal	Yield	Efficiency	Efficiency@Presel	Punzi
HNMuEl_700	0.247144	0.265263	4.69196e-06	5.18293e-07
=====================================================================


!!!!!!!!!!!!!!!!!
!!!! UPDATED !!!!
!!!!!!!!!!!!!!!!!

[CutInfo::PrintCutInfo] leadingLepton_Pt	>	170
[CutInfo::PrintCutInfo] ljj	|<	835
[CutInfo::PrintCutInfo] ljj	|>	400
CF	0 +- 0
Fake	1.18528 +- 0.665486
Prompt	4.81091 +- 1.63698
=> total bkg = 5.9962
Signal	Yield	Efficiency	Efficiency@Presel	Punzi
HNMuEl_700	0.24706	0.265161	4.69036e-06	5.20863e-07
=====================================================================


!!!!!!!!!!!!!!!!!
!!!! UPDATED !!!!
!!!!!!!!!!!!!!!!!

[CutInfo::PrintCutInfo] leadingLepton_Pt	>	170
[CutInfo::PrintCutInfo] ljj	|<	830
[CutInfo::PrintCutInfo] ljj	|>	400
CF	0 +- 0
Fake	1.18528 +- 0.665486
Prompt	4.72196 +- 1.62767
=> total bkg = 5.90724
Signal	Yield	Efficiency	Efficiency@Presel	Punzi
HNMuEl_700	0.246891	0.265	4.68715e-06	5.23087e-07
=====================================================================


!!!!!!!!!!!!!!!!!
!!!! UPDATED !!!!
!!!!!!!!!!!!!!!!!

[CutInfo::PrintCutInfo] leadingLepton_Pt	>	170
[CutInfo::PrintCutInfo] ljj	|<	825
[CutInfo::PrintCutInfo] ljj	|>	400
CF	0 +- 0
Fake	1.18528 +- 0.665486
Prompt	4.67604 +- 1.6109
=> total bkg = 5.86133
Signal	Yield	Efficiency	Efficiency@Presel	Punzi
HNMuEl_700	0.246691	0.264814	4.68335e-06	5.24861e-07
=====================================================================


!!!!!!!!!!!!!!!!!
!!!! UPDATED !!!!
!!!!!!!!!!!!!!!!!

[CutInfo::PrintCutInfo] leadingLepton_Pt	>	170
[CutInfo::PrintCutInfo] ljj	|<	820
[CutInfo::PrintCutInfo] ljj	|>	400
CF	0 +- 0
Fake	1.18542 +- 0.665508
Prompt	4.66736 +- 1.60781
=> total bkg = 5.85278
Signal	Yield	Efficiency	Efficiency@Presel	Punzi
HNMuEl_700	0.246524	0.264585	4.68018e-06	5.24913e-07
=====================================================================


!!!!!!!!!!!!!!!!!
!!!! UPDATED !!!!
!!!!!!!!!!!!!!!!!

[CutInfo::PrintCutInfo] leadingLepton_Pt	>	170
[CutInfo::PrintCutInfo] ljj	|<	810
[CutInfo::PrintCutInfo] ljj	|>	400
CF	0 +- 0
Fake	1.1867 +- 0.665713
Prompt	4.64423 +- 1.59963
=> total bkg = 5.83093
Signal	Yield	Efficiency	Efficiency@Presel	Punzi
HNMuEl_700	0.246054	0.263975	4.67126e-06	5.24973e-07
=====================================================================


!!!!!!!!!!!!!!!!!
!!!! UPDATED !!!!
!!!!!!!!!!!!!!!!!

[CutInfo::PrintCutInfo] leadingLepton_Pt	>	170
[CutInfo::PrintCutInfo] ljj	|<	825
[CutInfo::PrintCutInfo] ljj	|>	405
CF	0 +- 0
Fake	1.18579 +- 0.665568
Prompt	4.64999 +- 1.60167
=> total bkg = 5.83578
Signal	Yield	Efficiency	Efficiency@Presel	Punzi
HNMuEl_700	0.246666	0.264797	4.68287e-06	5.26029e-07
=====================================================================


!!!!!!!!!!!!!!!!!
!!!! UPDATED !!!!
!!!!!!!!!!!!!!!!!

[CutInfo::PrintCutInfo] leadingLepton_Pt	>	170
[CutInfo::PrintCutInfo] ljj	|<	820
[CutInfo::PrintCutInfo] ljj	|>	405
CF	0 +- 0
Fake	1.18593 +- 0.66559
Prompt	4.64131 +- 1.5986
=> total bkg = 5.82724
Signal	Yield	Efficiency	Efficiency@Presel	Punzi
HNMuEl_700	0.246498	0.264568	4.6797e-06	5.2608e-07
=====================================================================

####################################################
TIME STAMP : [2018/1/16 21:4:48] 100 / 3721 (2.68745 %)
####################################################
[CutInfo::PrintCutInfo] leadingLepton_Pt	>	170
[CutInfo::PrintCutInfo] ljj	|<	820
[CutInfo::PrintCutInfo] ljj	|>	405

!!!!!!!!!!!!!!!!!
!!!! UPDATED !!!!
!!!!!!!!!!!!!!!!!

[CutInfo::PrintCutInfo] leadingLepton_Pt	>	170
[CutInfo::PrintCutInfo] ljj	|<	810
[CutInfo::PrintCutInfo] ljj	|>	405
CF	0 +- 0
Fake	1.18721 +- 0.665795
Prompt	4.61818 +- 1.59047
=> total bkg = 5.80539
Signal	Yield	Efficiency	Efficiency@Presel	Punzi
HNMuEl_700	0.246017	0.263949	4.67056e-06	5.26114e-07
=====================================================================


!!!!!!!!!!!!!!!!!
!!!! UPDATED !!!!
!!!!!!!!!!!!!!!!!

[CutInfo::PrintCutInfo] leadingLepton_Pt	>	170
[CutInfo::PrintCutInfo] ljj	|<	825
[CutInfo::PrintCutInfo] ljj	|>	410
CF	0 +- 0
Fake	1.18601 +- 0.665603
Prompt	4.64349 +- 1.59937
=> total bkg = 5.8295
Signal	Yield	Efficiency	Efficiency@Presel	Punzi
HNMuEl_700	0.24661	0.264746	4.68181e-06	5.26212e-07
=====================================================================


!!!!!!!!!!!!!!!!!
!!!! UPDATED !!!!
!!!!!!!!!!!!!!!!!

[CutInfo::PrintCutInfo] leadingLepton_Pt	>	170
[CutInfo::PrintCutInfo] ljj	|<	820
[CutInfo::PrintCutInfo] ljj	|>	410
CF	0 +- 0
Fake	1.18615 +- 0.665625
Prompt	4.63481 +- 1.59631
=> total bkg = 5.82095
Signal	Yield	Efficiency	Efficiency@Presel	Punzi
HNMuEl_700	0.246443	0.264517	4.67864e-06	5.26263e-07
=====================================================================


!!!!!!!!!!!!!!!!!
!!!! UPDATED !!!!
!!!!!!!!!!!!!!!!!

[CutInfo::PrintCutInfo] leadingLepton_Pt	>	170
[CutInfo::PrintCutInfo] ljj	|<	810
[CutInfo::PrintCutInfo] ljj	|>	410
CF	0 +- 0
Fake	1.18743 +- 0.66583
Prompt	4.61168 +- 1.58819
=> total bkg = 5.7991
Signal	Yield	Efficiency	Efficiency@Presel	Punzi
HNMuEl_700	0.245961	0.263898	4.6695e-06	5.26296e-07
=====================================================================

####################################################
TIME STAMP : [2018/1/16 21:5:8] 200 / 3721 (5.3749 %)
####################################################
[CutInfo::PrintCutInfo] leadingLepton_Pt	>	170
[CutInfo::PrintCutInfo] ljj	|<	810
[CutInfo::PrintCutInfo] ljj	|>	410

!!!!!!!!!!!!!!!!!
!!!! UPDATED !!!!
!!!!!!!!!!!!!!!!!

[CutInfo::PrintCutInfo] leadingLepton_Pt	>	170
[CutInfo::PrintCutInfo] ljj	|<	825
[CutInfo::PrintCutInfo] ljj	|>	415
CF	0 +- 0
Fake	1.18601 +- 0.665603
Prompt	4.63468 +- 1.59627
=> total bkg = 5.8207
Signal	Yield	Efficiency	Efficiency@Presel	Punzi
HNMuEl_700	0.24657	0.264703	4.68105e-06	5.26544e-07
=====================================================================


!!!!!!!!!!!!!!!!!
!!!! UPDATED !!!!
!!!!!!!!!!!!!!!!!

[CutInfo::PrintCutInfo] leadingLepton_Pt	>	170
[CutInfo::PrintCutInfo] ljj	|<	820
[CutInfo::PrintCutInfo] ljj	|>	415
CF	0 +- 0
Fake	1.18615 +- 0.665625
Prompt	4.626 +- 1.59321
=> total bkg = 5.81215
Signal	Yield	Efficiency	Efficiency@Presel	Punzi
HNMuEl_700	0.24639	0.264466	4.67765e-06	5.2657e-07
=====================================================================


!!!!!!!!!!!!!!!!!
!!!! UPDATED !!!!
!!!!!!!!!!!!!!!!!

[CutInfo::PrintCutInfo] leadingLepton_Pt	>	170
[CutInfo::PrintCutInfo] ljj	|<	810
[CutInfo::PrintCutInfo] ljj	|>	415
CF	0 +- 0
Fake	1.18743 +- 0.66583
Prompt	4.60287 +- 1.58511
=> total bkg = 5.7903
Signal	Yield	Efficiency	Efficiency@Presel	Punzi
HNMuEl_700	0.245909	0.263847	4.66851e-06	5.26602e-07
=====================================================================


!!!!!!!!!!!!!!!!!
!!!! UPDATED !!!!
!!!!!!!!!!!!!!!!!

[CutInfo::PrintCutInfo] leadingLepton_Pt	>	170
[CutInfo::PrintCutInfo] ljj	|<	825
[CutInfo::PrintCutInfo] ljj	|>	420
CF	0 +- 0
Fake	1.19249 +- 0.666616
Prompt	4.62156 +- 1.59178
=> total bkg = 5.81406
Signal	Yield	Efficiency	Efficiency@Presel	Punzi
HNMuEl_700	0.246546	0.264669	4.6806e-06	5.26932e-07
=====================================================================


!!!!!!!!!!!!!!!!!
!!!! UPDATED !!!!
!!!!!!!!!!!!!!!!!

[CutInfo::PrintCutInfo] leadingLepton_Pt	>	170
[CutInfo::PrintCutInfo] ljj	|<	820
[CutInfo::PrintCutInfo] ljj	|>	420
CF	0 +- 0
Fake	1.19263 +- 0.666638
Prompt	4.61288 +- 1.58874
=> total bkg = 5.80551
Signal	Yield	Efficiency	Efficiency@Presel	Punzi
HNMuEl_700	0.246367	0.264432	4.6772e-06	5.26957e-07
=====================================================================


!!!!!!!!!!!!!!!!!
!!!! UPDATED !!!!
!!!!!!!!!!!!!!!!!

[CutInfo::PrintCutInfo] leadingLepton_Pt	>	170
[CutInfo::PrintCutInfo] ljj	|<	810
[CutInfo::PrintCutInfo] ljj	|>	420
CF	0 +- 0
Fake	1.19391 +- 0.666843
Prompt	4.58975 +- 1.58066
=> total bkg = 5.78366
Signal	Yield	Efficiency	Efficiency@Presel	Punzi
HNMuEl_700	0.24588	0.263805	4.66796e-06	5.26977e-07
=====================================================================

####################################################
TIME STAMP : [2018/1/16 21:5:27] 300 / 3721 (8.06235 %)
####################################################
[CutInfo::PrintCutInfo] leadingLepton_Pt	>	170
[CutInfo::PrintCutInfo] ljj	|<	810
[CutInfo::PrintCutInfo] ljj	|>	420

!!!!!!!!!!!!!!!!!
!!!! UPDATED !!!!
!!!!!!!!!!!!!!!!!

[CutInfo::PrintCutInfo] leadingLepton_Pt	>	170
[CutInfo::PrintCutInfo] ljj	|<	830
[CutInfo::PrintCutInfo] ljj	|>	425
CF	0 +- 0
Fake	1.19284 +- 0.666671
Prompt	4.56358 +- 1.59399
=> total bkg = 5.75641
Signal	Yield	Efficiency	Efficiency@Presel	Punzi
HNMuEl_700	0.246723	0.264814	4.68396e-06	5.28447e-07
=====================================================================


!!!!!!!!!!!!!!!!!
!!!! UPDATED !!!!
!!!!!!!!!!!!!!!!!

[CutInfo::PrintCutInfo] leadingLepton_Pt	>	170
[CutInfo::PrintCutInfo] ljj	|<	825
[CutInfo::PrintCutInfo] ljj	|>	425
CF	0 +- 0
Fake	1.19284 +- 0.666671
Prompt	4.51766 +- 1.5775
=> total bkg = 5.7105
Signal	Yield	Efficiency	Efficiency@Presel	Punzi
HNMuEl_700	0.246517	0.264619	4.68004e-06	5.30237e-07
=====================================================================


!!!!!!!!!!!!!!!!!
!!!! UPDATED !!!!
!!!!!!!!!!!!!!!!!

[CutInfo::PrintCutInfo] leadingLepton_Pt	>	170
[CutInfo::PrintCutInfo] ljj	|<	810
[CutInfo::PrintCutInfo] ljj	|>	425
CF	0 +- 0
Fake	1.19425 +- 0.666898
Prompt	4.41676 +- 1.55975
=> total bkg = 5.61101
Signal	Yield	Efficiency	Efficiency@Presel	Punzi
HNMuEl_700	0.24582	0.263729	4.66682e-06	5.32315e-07
=====================================================================


!!!!!!!!!!!!!!!!!
!!!! UPDATED !!!!
!!!!!!!!!!!!!!!!!

[CutInfo::PrintCutInfo] leadingLepton_Pt	>	170
[CutInfo::PrintCutInfo] ljj	|<	1000
[CutInfo::PrintCutInfo] ljj	|>	430
CF	0 +- 0
Fake	1.10766 +- 0.63686
Prompt	4.26764 +- 1.53519
=> total bkg = 5.37531
Signal	Yield	Efficiency	Efficiency@Presel	Punzi
HNMuEl_700	0.248139	0.266347	4.71084e-06	5.45822e-07
=====================================================================


!!!!!!!!!!!!!!!!!
!!!! UPDATED !!!!
!!!!!!!!!!!!!!!!!

[CutInfo::PrintCutInfo] leadingLepton_Pt	>	170
[CutInfo::PrintCutInfo] ljj	|<	950
[CutInfo::PrintCutInfo] ljj	|>	430
CF	0 +- 0
Fake	1.10105 +- 0.635792
Prompt	4.25842 +- 1.53165
=> total bkg = 5.35947
Signal	Yield	Efficiency	Efficiency@Presel	Punzi
HNMuEl_700	0.247992	0.266178	4.70805e-06	5.46197e-07
=====================================================================


!!!!!!!!!!!!!!!!!
!!!! UPDATED !!!!
!!!!!!!!!!!!!!!!!

[CutInfo::PrintCutInfo] leadingLepton_Pt	>	170
[CutInfo::PrintCutInfo] ljj	|<	930
[CutInfo::PrintCutInfo] ljj	|>	430
CF	0 +- 0
Fake	1.1015 +- 0.635862
Prompt	4.25217 +- 1.53099
=> total bkg = 5.35367
Signal	Yield	Efficiency	Efficiency@Presel	Punzi
HNMuEl_700	0.247933	0.26611	4.70693e-06	5.46259e-07
=====================================================================


!!!!!!!!!!!!!!!!!
!!!! UPDATED !!!!
!!!!!!!!!!!!!!!!!

[CutInfo::PrintCutInfo] leadingLepton_Pt	>	170
[CutInfo::PrintCutInfo] ljj	|<	925
[CutInfo::PrintCutInfo] ljj	|>	430
CF	0 +- 0
Fake	1.1015 +- 0.635862
Prompt	4.25217 +- 1.53099
=> total bkg = 5.35367
Signal	Yield	Efficiency	Efficiency@Presel	Punzi
HNMuEl_700	0.247933	0.26611	4.70693e-06	5.46259e-07
=====================================================================


!!!!!!!!!!!!!!!!!
!!!! UPDATED !!!!
!!!!!!!!!!!!!!!!!

[CutInfo::PrintCutInfo] leadingLepton_Pt	>	170
[CutInfo::PrintCutInfo] ljj	|<	920
[CutInfo::PrintCutInfo] ljj	|>	430
CF	0 +- 0
Fake	1.1015 +- 0.635862
Prompt	4.24874 +- 1.52968
=> total bkg = 5.35024
Signal	Yield	Efficiency	Efficiency@Presel	Punzi
HNMuEl_700	0.247903	0.266068	4.70637e-06	5.46381e-07
=====================================================================


!!!!!!!!!!!!!!!!!
!!!! UPDATED !!!!
!!!!!!!!!!!!!!!!!

[CutInfo::PrintCutInfo] leadingLepton_Pt	>	170
[CutInfo::PrintCutInfo] ljj	|<	910
[CutInfo::PrintCutInfo] ljj	|>	430
CF	0 +- 0
Fake	1.1015 +- 0.635862
Prompt	4.23787 +- 1.52553
=> total bkg = 5.33937
Signal	Yield	Efficiency	Efficiency@Presel	Punzi
HNMuEl_700	0.247869	0.266034	4.70573e-06	5.46895e-07
=====================================================================


!!!!!!!!!!!!!!!!!
!!!! UPDATED !!!!
!!!!!!!!!!!!!!!!!

[CutInfo::PrintCutInfo] leadingLepton_Pt	>	170
[CutInfo::PrintCutInfo] ljj	|<	895
[CutInfo::PrintCutInfo] ljj	|>	430
CF	0 +- 0
Fake	1.10151 +- 0.635863
Prompt	4.19455 +- 1.50852
=> total bkg = 5.29606
Signal	Yield	Efficiency	Efficiency@Presel	Punzi
HNMuEl_700	0.24784	0.265975	4.70517e-06	5.49226e-07
=====================================================================


!!!!!!!!!!!!!!!!!
!!!! UPDATED !!!!
!!!!!!!!!!!!!!!!!

[CutInfo::PrintCutInfo] leadingLepton_Pt	>	170
[CutInfo::PrintCutInfo] ljj	|<	890
[CutInfo::PrintCutInfo] ljj	|>	430
CF	0 +- 0
Fake	1.10151 +- 0.635863
Prompt	4.19084 +- 1.50713
=> total bkg = 5.29235
Signal	Yield	Efficiency	Efficiency@Presel	Punzi
HNMuEl_700	0.247784	0.265907	4.7041e-06	5.49303e-07
=====================================================================


!!!!!!!!!!!!!!!!!
!!!! UPDATED !!!!
!!!!!!!!!!!!!!!!!

[CutInfo::PrintCutInfo] leadingLepton_Pt	>	170
[CutInfo::PrintCutInfo] ljj	|<	875
[CutInfo::PrintCutInfo] ljj	|>	430
CF	0 +- 0
Fake	1.10211 +- 0.635956
Prompt	4.18329 +- 1.50427
=> total bkg = 5.2854
Signal	Yield	Efficiency	Efficiency@Presel	Punzi
HNMuEl_700	0.247689	0.26578	4.70229e-06	5.49484e-07
=====================================================================


!!!!!!!!!!!!!!!!!
!!!! UPDATED !!!!
!!!!!!!!!!!!!!!!!

[CutInfo::PrintCutInfo] leadingLepton_Pt	>	170
[CutInfo::PrintCutInfo] ljj	|<	855
[CutInfo::PrintCutInfo] ljj	|>	430
CF	0 +- 0
Fake	1.10261 +- 0.636035
Prompt	4.1458 +- 1.48976
=> total bkg = 5.24841
Signal	Yield	Efficiency	Efficiency@Presel	Punzi
HNMuEl_700	0.247307	0.265381	4.69505e-06	5.50697e-07
=====================================================================


!!!!!!!!!!!!!!!!!
!!!! UPDATED !!!!
!!!!!!!!!!!!!!!!!

[CutInfo::PrintCutInfo] leadingLepton_Pt	>	170
[CutInfo::PrintCutInfo] ljj	|<	840
[CutInfo::PrintCutInfo] ljj	|>	430
CF	0 +- 0
Fake	1.10331 +- 0.636144
Prompt	4.10692 +- 1.47478
=> total bkg = 5.21023
Signal	Yield	Efficiency	Efficiency@Presel	Punzi
HNMuEl_700	0.246901	0.265008	4.68734e-06	5.51929e-07
=====================================================================

####################################################
TIME STAMP : [2018/1/16 21:5:47] 400 / 3721 (10.7498 %)
####################################################
[CutInfo::PrintCutInfo] leadingLepton_Pt	>	170
[CutInfo::PrintCutInfo] ljj	|<	840
[CutInfo::PrintCutInfo] ljj	|>	430

!!!!!!!!!!!!!!!!!
!!!! UPDATED !!!!
!!!!!!!!!!!!!!!!!

[CutInfo::PrintCutInfo] leadingLepton_Pt	>	170
[CutInfo::PrintCutInfo] ljj	|<	835
[CutInfo::PrintCutInfo] ljj	|>	430
CF	0 +- 0
Fake	1.02935 +- 0.620456
Prompt	4.09161 +- 1.46909
=> total bkg = 5.12095
Signal	Yield	Efficiency	Efficiency@Presel	Punzi
HNMuEl_700	0.246818	0.26489	4.68576e-06	5.55054e-07
=====================================================================


!!!!!!!!!!!!!!!!!
!!!! UPDATED !!!!
!!!!!!!!!!!!!!!!!

[CutInfo::PrintCutInfo] leadingLepton_Pt	>	170
[CutInfo::PrintCutInfo] ljj	|<	830
[CutInfo::PrintCutInfo] ljj	|>	430
CF	0 +- 0
Fake	1.02935 +- 0.620456
Prompt	4.00265 +- 1.45931
=> total bkg = 5.032
Signal	Yield	Efficiency	Efficiency@Presel	Punzi
HNMuEl_700	0.246648	0.26472	4.68254e-06	5.57827e-07
=====================================================================


!!!!!!!!!!!!!!!!!
!!!! UPDATED !!!!
!!!!!!!!!!!!!!!!!

[CutInfo::PrintCutInfo] leadingLepton_Pt	>	170
[CutInfo::PrintCutInfo] ljj	|<	825
[CutInfo::PrintCutInfo] ljj	|>	430
CF	0 +- 0
Fake	1.02935 +- 0.620456
Prompt	3.95674 +- 1.44199
=> total bkg = 4.98608
Signal	Yield	Efficiency	Efficiency@Presel	Punzi
HNMuEl_700	0.246442	0.264525	4.67862e-06	5.59986e-07
=====================================================================


!!!!!!!!!!!!!!!!!
!!!! UPDATED !!!!
!!!!!!!!!!!!!!!!!

[CutInfo::PrintCutInfo] leadingLepton_Pt	>	170
[CutInfo::PrintCutInfo] ljj	|<	810
[CutInfo::PrintCutInfo] ljj	|>	430
CF	0 +- 0
Fake	1.03076 +- 0.620667
Prompt	3.85584 +- 1.42327
=> total bkg = 4.8866
Signal	Yield	Efficiency	Efficiency@Presel	Punzi
HNMuEl_700	0.245733	0.263627	4.66517e-06	5.62622e-07
=====================================================================


!!!!!!!!!!!!!!!!!
!!!! UPDATED !!!!
!!!!!!!!!!!!!!!!!

[CutInfo::PrintCutInfo] leadingLepton_Pt	>	170
[CutInfo::PrintCutInfo] ljj	|<	810
[CutInfo::PrintCutInfo] ljj	|>	435
CF	0 +- 0
Fake	1.03085 +- 0.62068
Prompt	3.82716 +- 1.41289
=> total bkg = 4.85801
Signal	Yield	Efficiency	Efficiency@Presel	Punzi
HNMuEl_700	0.245629	0.263534	4.66319e-06	5.64023e-07
=====================================================================

####################################################
TIME STAMP : [2018/1/16 21:6:6] 500 / 3721 (13.4372 %)
####################################################
[CutInfo::PrintCutInfo] leadingLepton_Pt	>	170
[CutInfo::PrintCutInfo] ljj	|<	810
[CutInfo::PrintCutInfo] ljj	|>	435

!!!!!!!!!!!!!!!!!
!!!! UPDATED !!!!
!!!!!!!!!!!!!!!!!

[CutInfo::PrintCutInfo] leadingLepton_Pt	>	170
[CutInfo::PrintCutInfo] ljj	|<	810
[CutInfo::PrintCutInfo] ljj	|>	440
CF	0 +- 0
Fake	1.03121 +- 0.620734
Prompt	3.82037 +- 1.41044
=> total bkg = 4.85158
Signal	Yield	Efficiency	Efficiency@Presel	Punzi
HNMuEl_700	0.245547	0.263466	4.66163e-06	5.64211e-07
=====================================================================


!!!!!!!!!!!!!!!!!
!!!! UPDATED !!!!
!!!!!!!!!!!!!!!!!

[CutInfo::PrintCutInfo] leadingLepton_Pt	>	170
[CutInfo::PrintCutInfo] ljj	|<	825
[CutInfo::PrintCutInfo] ljj	|>	445
CF	0 +- 0
Fake	1.0298 +- 0.620524
Prompt	3.85931 +- 1.40858
=> total bkg = 4.88911
Signal	Yield	Efficiency	Efficiency@Presel	Punzi
HNMuEl_700	0.246315	0.264381	4.67621e-06	5.65064e-07
=====================================================================


!!!!!!!!!!!!!!!!!
!!!! UPDATED !!!!
!!!!!!!!!!!!!!!!!

[CutInfo::PrintCutInfo] leadingLepton_Pt	>	170
[CutInfo::PrintCutInfo] ljj	|<	810
[CutInfo::PrintCutInfo] ljj	|>	445
CF	0 +- 0
Fake	1.03121 +- 0.620734
Prompt	3.75841 +- 1.39019
=> total bkg = 4.78962
Signal	Yield	Efficiency	Efficiency@Presel	Punzi
HNMuEl_700	0.245546	0.263432	4.66161e-06	5.6762e-07
=====================================================================

####################################################
TIME STAMP : [2018/1/16 21:6:26] 600 / 3721 (16.1247 %)
####################################################
[CutInfo::PrintCutInfo] leadingLepton_Pt	>	170
[CutInfo::PrintCutInfo] ljj	|<	810
[CutInfo::PrintCutInfo] ljj	|>	445

!!!!!!!!!!!!!!!!!
!!!! UPDATED !!!!
!!!!!!!!!!!!!!!!!

[CutInfo::PrintCutInfo] leadingLepton_Pt	>	170
[CutInfo::PrintCutInfo] ljj	|<	810
[CutInfo::PrintCutInfo] ljj	|>	450
CF	0 +- 0
Fake	1.03981 +- 0.621972
Prompt	3.70692 +- 1.37164
=> total bkg = 4.74672
Signal	Yield	Efficiency	Efficiency@Presel	Punzi
HNMuEl_700	0.245455	0.263339	4.6599e-06	5.7012e-07
=====================================================================

####################################################
TIME STAMP : [2018/1/16 21:6:46] 700 / 3721 (18.8121 %)
####################################################
[CutInfo::PrintCutInfo] leadingLepton_Pt	>	170
[CutInfo::PrintCutInfo] ljj	|<	810
[CutInfo::PrintCutInfo] ljj	|>	450

!!!!!!!!!!!!!!!!!
!!!! UPDATED !!!!
!!!!!!!!!!!!!!!!!

[CutInfo::PrintCutInfo] leadingLepton_Pt	>	170
[CutInfo::PrintCutInfo] ljj	|<	830
[CutInfo::PrintCutInfo] ljj	|>	455
CF	0 +- 0
Fake	1.03839 +- 0.62176
Prompt	3.69634 +- 1.37428
=> total bkg = 4.73474
Signal	Yield	Efficiency	Efficiency@Presel	Punzi
HNMuEl_700	0.246407	0.264458	4.67797e-06	5.7248e-07
=====================================================================


!!!!!!!!!!!!!!!!!
!!!! UPDATED !!!!
!!!!!!!!!!!!!!!!!

[CutInfo::PrintCutInfo] leadingLepton_Pt	>	170
[CutInfo::PrintCutInfo] ljj	|<	825
[CutInfo::PrintCutInfo] ljj	|>	455
CF	0 +- 0
Fake	1.03839 +- 0.62176
Prompt	3.65043 +- 1.35775
=> total bkg = 4.68882
Signal	Yield	Efficiency	Efficiency@Presel	Punzi
HNMuEl_700	0.246201	0.264263	4.67406e-06	5.7472e-07
=====================================================================


!!!!!!!!!!!!!!!!!
!!!! UPDATED !!!!
!!!!!!!!!!!!!!!!!

[CutInfo::PrintCutInfo] leadingLepton_Pt	>	170
[CutInfo::PrintCutInfo] ljj	|<	810
[CutInfo::PrintCutInfo] ljj	|>	455
CF	0 +- 0
Fake	1.03981 +- 0.621972
Prompt	3.54952 +- 1.33983
=> total bkg = 4.58933
Signal	Yield	Efficiency	Efficiency@Presel	Punzi
HNMuEl_700	0.24542	0.263297	4.65923e-06	5.77382e-07
=====================================================================


!!!!!!!!!!!!!!!!!
!!!! UPDATED !!!!
!!!!!!!!!!!!!!!!!

[CutInfo::PrintCutInfo] leadingLepton_Pt	>	170
[CutInfo::PrintCutInfo] ljj	|<	810
[CutInfo::PrintCutInfo] ljj	|>	460
CF	0 +- 0
Fake	1.03998 +- 0.621999
Prompt	3.53411 +- 1.33454
=> total bkg = 4.57409
Signal	Yield	Efficiency	Efficiency@Presel	Punzi
HNMuEl_700	0.245377	0.263237	4.6584e-06	5.78185e-07
=====================================================================

####################################################
TIME STAMP : [2018/1/16 21:7:5] 800 / 3721 (21.4996 %)
####################################################
[CutInfo::PrintCutInfo] leadingLepton_Pt	>	170
[CutInfo::PrintCutInfo] ljj	|<	810
[CutInfo::PrintCutInfo] ljj	|>	460

!!!!!!!!!!!!!!!!!
!!!! UPDATED !!!!
!!!!!!!!!!!!!!!!!

[CutInfo::PrintCutInfo] leadingLepton_Pt	>	170
[CutInfo::PrintCutInfo] ljj	|<	810
[CutInfo::PrintCutInfo] ljj	|>	465
CF	0 +- 0
Fake	1.04039 +- 0.62206
Prompt	3.52218 +- 1.33051
=> total bkg = 4.56256
Signal	Yield	Efficiency	Efficiency@Presel	Punzi
HNMuEl_700	0.245345	0.263161	4.6578e-06	5.78799e-07
=====================================================================


!!!!!!!!!!!!!!!!!
!!!! UPDATED !!!!
!!!!!!!!!!!!!!!!!

[CutInfo::PrintCutInfo] leadingLepton_Pt	>	170
[CutInfo::PrintCutInfo] ljj	|<	830
[CutInfo::PrintCutInfo] ljj	|>	470
CF	0 +- 0
Fake	1.03976 +- 0.621965
Prompt	3.52589 +- 1.33746
=> total bkg = 4.56565
Signal	Yield	Efficiency	Efficiency@Presel	Punzi
HNMuEl_700	0.246235	0.264246	4.67469e-06	5.80229e-07
=====================================================================


!!!!!!!!!!!!!!!!!
!!!! UPDATED !!!!
!!!!!!!!!!!!!!!!!

[CutInfo::PrintCutInfo] leadingLepton_Pt	>	170
[CutInfo::PrintCutInfo] ljj	|<	825
[CutInfo::PrintCutInfo] ljj	|>	470
CF	0 +- 0
Fake	1.03976 +- 0.621965
Prompt	3.47998 +- 1.3213
=> total bkg = 4.51973
Signal	Yield	Efficiency	Efficiency@Presel	Punzi
HNMuEl_700	0.246015	0.264042	4.67053e-06	5.82494e-07
=====================================================================


!!!!!!!!!!!!!!!!!
!!!! UPDATED !!!!
!!!!!!!!!!!!!!!!!

[CutInfo::PrintCutInfo] leadingLepton_Pt	>	170
[CutInfo::PrintCutInfo] ljj	|<	810
[CutInfo::PrintCutInfo] ljj	|>	470
CF	0 +- 0
Fake	1.04117 +- 0.622178
Prompt	3.37908 +- 1.30375
=> total bkg = 4.42025
Signal	Yield	Efficiency	Efficiency@Presel	Punzi
HNMuEl_700	0.245223	0.263042	4.65548e-06	5.85248e-07
=====================================================================

####################################################
TIME STAMP : [2018/1/16 21:7:25] 900 / 3721 (24.187 %)
####################################################
[CutInfo::PrintCutInfo] leadingLepton_Pt	>	170
[CutInfo::PrintCutInfo] ljj	|<	810
[CutInfo::PrintCutInfo] ljj	|>	470

!!!!!!!!!!!!!!!!!
!!!! UPDATED !!!!
!!!!!!!!!!!!!!!!!

[CutInfo::PrintCutInfo] leadingLepton_Pt	>	170
[CutInfo::PrintCutInfo] ljj	|<	810
[CutInfo::PrintCutInfo] ljj	|>	475
CF	0 +- 0
Fake	1.0449 +- 0.622729
Prompt	3.36821 +- 1.30012
=> total bkg = 4.4131
Signal	Yield	Efficiency	Efficiency@Presel	Punzi
HNMuEl_700	0.245115	0.262924	4.65343e-06	5.85505e-07
=====================================================================

####################################################
TIME STAMP : [2018/1/16 21:7:45] 1000 / 3721 (26.8745 %)
####################################################
[CutInfo::PrintCutInfo] leadingLepton_Pt	>	170
[CutInfo::PrintCutInfo] ljj	|<	810
[CutInfo::PrintCutInfo] ljj	|>	475

!!!!!!!!!!!!!!!!!
!!!! UPDATED !!!!
!!!!!!!!!!!!!!!!!

[CutInfo::PrintCutInfo] leadingLepton_Pt	>	170
[CutInfo::PrintCutInfo] ljj	|<	830
[CutInfo::PrintCutInfo] ljj	|>	480
CF	0 +- 0
Fake	1.05011 +- 0.6235
Prompt	3.39025 +- 1.3118
=> total bkg = 4.44036
Signal	Yield	Efficiency	Efficiency@Presel	Punzi
HNMuEl_700	0.246114	0.264119	4.6724e-06	5.85993e-07
=====================================================================


!!!!!!!!!!!!!!!!!
!!!! UPDATED !!!!
!!!!!!!!!!!!!!!!!

[CutInfo::PrintCutInfo] leadingLepton_Pt	>	170
[CutInfo::PrintCutInfo] ljj	|<	825
[CutInfo::PrintCutInfo] ljj	|>	480
CF	0 +- 0
Fake	1.05011 +- 0.6235
Prompt	3.34433 +- 1.29584
=> total bkg = 4.39444
Signal	Yield	Efficiency	Efficiency@Presel	Punzi
HNMuEl_700	0.245895	0.263915	4.66824e-06	5.88308e-07
=====================================================================


!!!!!!!!!!!!!!!!!
!!!! UPDATED !!!!
!!!!!!!!!!!!!!!!!

[CutInfo::PrintCutInfo] leadingLepton_Pt	>	170
[CutInfo::PrintCutInfo] ljj	|<	810
[CutInfo::PrintCutInfo] ljj	|>	480
CF	0 +- 0
Fake	1.05152 +- 0.623714
Prompt	3.24343 +- 1.27846
=> total bkg = 4.29495
Signal	Yield	Efficiency	Efficiency@Presel	Punzi
HNMuEl_700	0.245063	0.262873	4.65245e-06	5.91068e-07
=====================================================================


!!!!!!!!!!!!!!!!!
!!!! UPDATED !!!!
!!!!!!!!!!!!!!!!!

[CutInfo::PrintCutInfo] leadingLepton_Pt	>	170
[CutInfo::PrintCutInfo] ljj	|<	830
[CutInfo::PrintCutInfo] ljj	|>	485
CF	0 +- 0
Fake	1.05063 +- 0.623579
Prompt	3.25712 +- 1.2927
=> total bkg = 4.30774
Signal	Yield	Efficiency	Efficiency@Presel	Punzi
HNMuEl_700	0.246053	0.264025	4.67124e-06	5.91809e-07
=====================================================================


!!!!!!!!!!!!!!!!!
!!!! UPDATED !!!!
!!!!!!!!!!!!!!!!!

[CutInfo::PrintCutInfo] leadingLepton_Pt	>	170
[CutInfo::PrintCutInfo] ljj	|<	825
[CutInfo::PrintCutInfo] ljj	|>	485
CF	0 +- 0
Fake	1.05063 +- 0.623579
Prompt	3.2112 +- 1.27691
=> total bkg = 4.26183
Signal	Yield	Efficiency	Efficiency@Presel	Punzi
HNMuEl_700	0.245834	0.263822	4.66708e-06	5.94182e-07
=====================================================================


!!!!!!!!!!!!!!!!!
!!!! UPDATED !!!!
!!!!!!!!!!!!!!!!!

[CutInfo::PrintCutInfo] leadingLepton_Pt	>	170
[CutInfo::PrintCutInfo] ljj	|<	810
[CutInfo::PrintCutInfo] ljj	|>	485
CF	0 +- 0
Fake	1.05204 +- 0.623793
Prompt	3.1103 +- 1.25971
=> total bkg = 4.16234
Signal	Yield	Efficiency	Efficiency@Presel	Punzi
HNMuEl_700	0.245002	0.26278	4.65129e-06	5.97053e-07
=====================================================================

####################################################
TIME STAMP : [2018/1/16 21:8:4] 1100 / 3721 (29.5619 %)
####################################################
[CutInfo::PrintCutInfo] leadingLepton_Pt	>	170
[CutInfo::PrintCutInfo] ljj	|<	810
[CutInfo::PrintCutInfo] ljj	|>	485

!!!!!!!!!!!!!!!!!
!!!! UPDATED !!!!
!!!!!!!!!!!!!!!!!

[CutInfo::PrintCutInfo] leadingLepton_Pt	>	170
[CutInfo::PrintCutInfo] ljj	|<	810
[CutInfo::PrintCutInfo] ljj	|>	490
CF	0 +- 0
Fake	1.05239 +- 0.623846
Prompt	3.06211 +- 1.24385
=> total bkg = 4.1145
Signal	Yield	Efficiency	Efficiency@Presel	Punzi
HNMuEl_700	0.244924	0.262695	4.6498e-06	5.99918e-07
=====================================================================


!!!!!!!!!!!!!!!!!
!!!! UPDATED !!!!
!!!!!!!!!!!!!!!!!

[CutInfo::PrintCutInfo] leadingLepton_Pt	>	170
[CutInfo::PrintCutInfo] ljj	|<	810
[CutInfo::PrintCutInfo] ljj	|>	495
CF	0 +- 0
Fake	1.06564 +- 0.625794
Prompt	3.04837 +- 1.23946
=> total bkg = 4.11401
Signal	Yield	Efficiency	Efficiency@Presel	Punzi
HNMuEl_700	0.244848	0.262593	4.64836e-06	6.00048e-07
=====================================================================

####################################################
TIME STAMP : [2018/1/16 21:8:24] 1200 / 3721 (32.2494 %)
####################################################
[CutInfo::PrintCutInfo] leadingLepton_Pt	>	170
[CutInfo::PrintCutInfo] ljj	|<	810
[CutInfo::PrintCutInfo] ljj	|>	495

!!!!!!!!!!!!!!!!!
!!!! UPDATED !!!!
!!!!!!!!!!!!!!!!!

[CutInfo::PrintCutInfo] leadingLepton_Pt	>	170
[CutInfo::PrintCutInfo] ljj	|<	825
[CutInfo::PrintCutInfo] ljj	|>	500
CF	0 +- 0
Fake	1.06493 +- 0.625684
Prompt	3.09076 +- 1.23927
=> total bkg = 4.15568
Signal	Yield	Efficiency	Efficiency@Presel	Punzi
HNMuEl_700	0.245569	0.263534	4.66205e-06	6.00368e-07
=====================================================================


!!!!!!!!!!!!!!!!!
!!!! UPDATED !!!!
!!!!!!!!!!!!!!!!!

[CutInfo::PrintCutInfo] leadingLepton_Pt	>	170
[CutInfo::PrintCutInfo] ljj	|<	810
[CutInfo::PrintCutInfo] ljj	|>	500
CF	0 +- 0
Fake	1.06634 +- 0.6259
Prompt	2.98985 +- 1.22263
=> total bkg = 4.05619
Signal	Yield	Efficiency	Efficiency@Presel	Punzi
HNMuEl_700	0.244727	0.262475	4.64606e-06	6.03283e-07
=====================================================================

####################################################
TIME STAMP : [2018/1/16 21:8:44] 1300 / 3721 (34.9368 %)
####################################################
[CutInfo::PrintCutInfo] leadingLepton_Pt	>	170
[CutInfo::PrintCutInfo] ljj	|<	810
[CutInfo::PrintCutInfo] ljj	|>	500

!!!!!!!!!!!!!!!!!
!!!! UPDATED !!!!
!!!!!!!!!!!!!!!!!

[CutInfo::PrintCutInfo] leadingLepton_Pt	>	170
[CutInfo::PrintCutInfo] ljj	|<	835
[CutInfo::PrintCutInfo] ljj	|>	505
CF	0 +- 0
Fake	0.979482 +- 0.606999
Prompt	3.10769 +- 1.24413
=> total bkg = 4.08717
Signal	Yield	Efficiency	Efficiency@Presel	Punzi
HNMuEl_700	0.245934	0.26389	4.66899e-06	6.04077e-07
=====================================================================


!!!!!!!!!!!!!!!!!
!!!! UPDATED !!!!
!!!!!!!!!!!!!!!!!

[CutInfo::PrintCutInfo] leadingLepton_Pt	>	170
[CutInfo::PrintCutInfo] ljj	|<	830
[CutInfo::PrintCutInfo] ljj	|>	505
CF	0 +- 0
Fake	0.979964 +- 0.607069
Prompt	3.01874 +- 1.23494
=> total bkg = 3.9987
Signal	Yield	Efficiency	Efficiency@Presel	Punzi
HNMuEl_700	0.245707	0.263661	4.66468e-06	6.07533e-07
=====================================================================


!!!!!!!!!!!!!!!!!
!!!! UPDATED !!!!
!!!!!!!!!!!!!!!!!

[CutInfo::PrintCutInfo] leadingLepton_Pt	>	170
[CutInfo::PrintCutInfo] ljj	|<	825
[CutInfo::PrintCutInfo] ljj	|>	505
CF	0 +- 0
Fake	0.979964 +- 0.607069
Prompt	2.97282 +- 1.21997
=> total bkg = 3.95279
Signal	Yield	Efficiency	Efficiency@Presel	Punzi
HNMuEl_700	0.245479	0.263449	4.66034e-06	6.10009e-07
=====================================================================


!!!!!!!!!!!!!!!!!
!!!! UPDATED !!!!
!!!!!!!!!!!!!!!!!

[CutInfo::PrintCutInfo] leadingLepton_Pt	>	170
[CutInfo::PrintCutInfo] ljj	|<	810
[CutInfo::PrintCutInfo] ljj	|>	505
CF	0 +- 0
Fake	0.981377 +- 0.607274
Prompt	2.87192 +- 1.20359
=> total bkg = 3.8533
Signal	Yield	Efficiency	Efficiency@Presel	Punzi
HNMuEl_700	0.244637	0.26239	4.64435e-06	6.1313e-07
=====================================================================


!!!!!!!!!!!!!!!!!
!!!! UPDATED !!!!
!!!!!!!!!!!!!!!!!

[CutInfo::PrintCutInfo] leadingLepton_Pt	>	170
[CutInfo::PrintCutInfo] ljj	|<	810
[CutInfo::PrintCutInfo] ljj	|>	510
CF	0 +- 0
Fake	0.981766 +- 0.607331
Prompt	2.81191 +- 1.19282
=> total bkg = 3.79367
Signal	Yield	Efficiency	Efficiency@Presel	Punzi
HNMuEl_700	0.2446	0.262339	4.64366e-06	6.16318e-07
=====================================================================

####################################################
TIME STAMP : [2018/1/16 21:9:3] 1400 / 3721 (37.6243 %)
####################################################
[CutInfo::PrintCutInfo] leadingLepton_Pt	>	170
[CutInfo::PrintCutInfo] ljj	|<	810
[CutInfo::PrintCutInfo] ljj	|>	510

!!!!!!!!!!!!!!!!!
!!!! UPDATED !!!!
!!!!!!!!!!!!!!!!!

[CutInfo::PrintCutInfo] leadingLepton_Pt	>	170
[CutInfo::PrintCutInfo] ljj	|<	835
[CutInfo::PrintCutInfo] ljj	|>	515
CF	0 +- 0
Fake	0.93592 +- 0.593212
Prompt	2.91378 +- 1.2088
=> total bkg = 3.8497
Signal	Yield	Efficiency	Efficiency@Presel	Punzi
HNMuEl_700	0.245794	0.263763	4.66632e-06	6.16333e-07
=====================================================================


!!!!!!!!!!!!!!!!!
!!!! UPDATED !!!!
!!!!!!!!!!!!!!!!!

[CutInfo::PrintCutInfo] leadingLepton_Pt	>	170
[CutInfo::PrintCutInfo] ljj	|<	830
[CutInfo::PrintCutInfo] ljj	|>	515
CF	0 +- 0
Fake	0.936402 +- 0.593281
Prompt	2.82482 +- 1.19976
=> total bkg = 3.76123
Signal	Yield	Efficiency	Efficiency@Presel	Punzi
HNMuEl_700	0.245566	0.263534	4.662e-06	6.2003e-07
=====================================================================


!!!!!!!!!!!!!!!!!
!!!! UPDATED !!!!
!!!!!!!!!!!!!!!!!

[CutInfo::PrintCutInfo] leadingLepton_Pt	>	170
[CutInfo::PrintCutInfo] ljj	|<	825
[CutInfo::PrintCutInfo] ljj	|>	515
CF	0 +- 0
Fake	0.936402 +- 0.593281
Prompt	2.77891 +- 1.18533
=> total bkg = 3.71531
Signal	Yield	Efficiency	Efficiency@Presel	Punzi
HNMuEl_700	0.245338	0.263322	4.65767e-06	6.22628e-07
=====================================================================


!!!!!!!!!!!!!!!!!
!!!! UPDATED !!!!
!!!!!!!!!!!!!!!!!

[CutInfo::PrintCutInfo] leadingLepton_Pt	>	170
[CutInfo::PrintCutInfo] ljj	|<	810
[CutInfo::PrintCutInfo] ljj	|>	515
CF	0 +- 0
Fake	0.937815 +- 0.593481
Prompt	2.67801 +- 1.16948
=> total bkg = 3.61582
Signal	Yield	Efficiency	Efficiency@Presel	Punzi
HNMuEl_700	0.244498	0.262237	4.64173e-06	6.26003e-07
=====================================================================

####################################################
TIME STAMP : [2018/1/16 21:9:23] 1500 / 3721 (40.3117 %)
####################################################
[CutInfo::PrintCutInfo] leadingLepton_Pt	>	170
[CutInfo::PrintCutInfo] ljj	|<	810
[CutInfo::PrintCutInfo] ljj	|>	515
####################################################
TIME STAMP : [2018/1/16 21:9:42] 1600 / 3721 (42.9992 %)
####################################################
[CutInfo::PrintCutInfo] leadingLepton_Pt	>	170
[CutInfo::PrintCutInfo] ljj	|<	810
[CutInfo::PrintCutInfo] ljj	|>	515
####################################################
TIME STAMP : [2018/1/16 21:10:1] 1700 / 3721 (45.6866 %)
####################################################
[CutInfo::PrintCutInfo] leadingLepton_Pt	>	170
[CutInfo::PrintCutInfo] ljj	|<	810
[CutInfo::PrintCutInfo] ljj	|>	515

!!!!!!!!!!!!!!!!!
!!!! UPDATED !!!!
!!!!!!!!!!!!!!!!!

[CutInfo::PrintCutInfo] leadingLepton_Pt	>	170
[CutInfo::PrintCutInfo] ljj	|<	1000
[CutInfo::PrintCutInfo] ljj	|>	545
CF	0 +- 0
Fake	0.223358 +- 0.202086
Prompt	3.53024 +- 1.12713
=> total bkg = 3.7536
Signal	Yield	Efficiency	Efficiency@Presel	Punzi
HNMuEl_700	0.247044	0.265153	4.69006e-06	6.44079e-07
=====================================================================


!!!!!!!!!!!!!!!!!
!!!! UPDATED !!!!
!!!!!!!!!!!!!!!!!

[CutInfo::PrintCutInfo] leadingLepton_Pt	>	170
[CutInfo::PrintCutInfo] ljj	|<	995
[CutInfo::PrintCutInfo] ljj	|>	545
CF	0 +- 0
Fake	0.223358 +- 0.202086
Prompt	3.52592 +- 1.12557
=> total bkg = 3.74928
Signal	Yield	Efficiency	Efficiency@Presel	Punzi
HNMuEl_700	0.247012	0.265119	4.68944e-06	6.4434e-07
=====================================================================


!!!!!!!!!!!!!!!!!
!!!! UPDATED !!!!
!!!!!!!!!!!!!!!!!

[CutInfo::PrintCutInfo] leadingLepton_Pt	>	170
[CutInfo::PrintCutInfo] ljj	|<	950
[CutInfo::PrintCutInfo] ljj	|>	545
CF	0 +- 0
Fake	0.216745 +- 0.201325
Prompt	3.51669 +- 1.12223
=> total bkg = 3.73344
Signal	Yield	Efficiency	Efficiency@Presel	Punzi
HNMuEl_700	0.246762	0.264864	4.6847e-06	6.44733e-07
=====================================================================


!!!!!!!!!!!!!!!!!
!!!! UPDATED !!!!
!!!!!!!!!!!!!!!!!

[CutInfo::PrintCutInfo] leadingLepton_Pt	>	170
[CutInfo::PrintCutInfo] ljj	|<	940
[CutInfo::PrintCutInfo] ljj	|>	545
CF	0 +- 0
Fake	0.216937 +- 0.201343
Prompt	3.50488 +- 1.12224
=> total bkg = 3.72182
Signal	Yield	Efficiency	Efficiency@Presel	Punzi
HNMuEl_700	0.246714	0.264788	4.68379e-06	6.4512e-07
=====================================================================


!!!!!!!!!!!!!!!!!
!!!! UPDATED !!!!
!!!!!!!!!!!!!!!!!

[CutInfo::PrintCutInfo] leadingLepton_Pt	>	170
[CutInfo::PrintCutInfo] ljj	|<	930
[CutInfo::PrintCutInfo] ljj	|>	545
CF	0 +- 0
Fake	0.217193 +- 0.201368
Prompt	3.50102 +- 1.12086
=> total bkg = 3.71821
Signal	Yield	Efficiency	Efficiency@Presel	Punzi
HNMuEl_700	0.246663	0.264746	4.68283e-06	6.45287e-07
=====================================================================


!!!!!!!!!!!!!!!!!
!!!! UPDATED !!!!
!!!!!!!!!!!!!!!!!

[CutInfo::PrintCutInfo] leadingLepton_Pt	>	170
[CutInfo::PrintCutInfo] ljj	|<	920
[CutInfo::PrintCutInfo] ljj	|>	545
CF	0 +- 0
Fake	0.217193 +- 0.201368
Prompt	3.49366 +- 1.11822
=> total bkg = 3.71085
Signal	Yield	Efficiency	Efficiency@Presel	Punzi
HNMuEl_700	0.246608	0.264669	4.68178e-06	6.45733e-07
=====================================================================


!!!!!!!!!!!!!!!!!
!!!! UPDATED !!!!
!!!!!!!!!!!!!!!!!

[CutInfo::PrintCutInfo] leadingLepton_Pt	>	170
[CutInfo::PrintCutInfo] ljj	|<	915
[CutInfo::PrintCutInfo] ljj	|>	545
CF	0 +- 0
Fake	0.217193 +- 0.201368
Prompt	3.48977 +- 1.11683
=> total bkg = 3.70696
Signal	Yield	Efficiency	Efficiency@Presel	Punzi
HNMuEl_700	0.246572	0.264636	4.6811e-06	6.45952e-07
=====================================================================


!!!!!!!!!!!!!!!!!
!!!! UPDATED !!!!
!!!!!!!!!!!!!!!!!

[CutInfo::PrintCutInfo] leadingLepton_Pt	>	170
[CutInfo::PrintCutInfo] ljj	|<	910
[CutInfo::PrintCutInfo] ljj	|>	545
CF	0 +- 0
Fake	0.217193 +- 0.201368
Prompt	3.4789 +- 1.11295
=> total bkg = 3.69609
Signal	Yield	Efficiency	Efficiency@Presel	Punzi
HNMuEl_700	0.24653	0.264602	4.68029e-06	6.46714e-07
=====================================================================


!!!!!!!!!!!!!!!!!
!!!! UPDATED !!!!
!!!!!!!!!!!!!!!!!

[CutInfo::PrintCutInfo] leadingLepton_Pt	>	170
[CutInfo::PrintCutInfo] ljj	|<	895
[CutInfo::PrintCutInfo] ljj	|>	545
CF	0 +- 0
Fake	0.218076 +- 0.201453
Prompt	3.4325 +- 1.09575
=> total bkg = 3.65057
Signal	Yield	Efficiency	Efficiency@Presel	Punzi
HNMuEl_700	0.246469	0.264517	4.67915e-06	6.50338e-07
=====================================================================


!!!!!!!!!!!!!!!!!
!!!! UPDATED !!!!
!!!!!!!!!!!!!!!!!

[CutInfo::PrintCutInfo] leadingLepton_Pt	>	170
[CutInfo::PrintCutInfo] ljj	|<	890
[CutInfo::PrintCutInfo] ljj	|>	545
CF	0 +- 0
Fake	0.218076 +- 0.201453
Prompt	3.4288 +- 1.09446
=> total bkg = 3.64687
Signal	Yield	Efficiency	Efficiency@Presel	Punzi
HNMuEl_700	0.246413	0.264449	4.67808e-06	6.5049e-07
=====================================================================


!!!!!!!!!!!!!!!!!
!!!! UPDATED !!!!
!!!!!!!!!!!!!!!!!

[CutInfo::PrintCutInfo] leadingLepton_Pt	>	170
[CutInfo::PrintCutInfo] ljj	|<	875
[CutInfo::PrintCutInfo] ljj	|>	545
CF	0 +- 0
Fake	0.218674 +- 0.201511
Prompt	3.41774 +- 1.09058
=> total bkg = 3.63641
Signal	Yield	Efficiency	Efficiency@Presel	Punzi
HNMuEl_700	0.246273	0.264288	4.67542e-06	6.50987e-07
=====================================================================


!!!!!!!!!!!!!!!!!
!!!! UPDATED !!!!
!!!!!!!!!!!!!!!!!

[CutInfo::PrintCutInfo] leadingLepton_Pt	>	170
[CutInfo::PrintCutInfo] ljj	|<	855
[CutInfo::PrintCutInfo] ljj	|>	545
CF	0 +- 0
Fake	0.219178 +- 0.201559
Prompt	3.37509 +- 1.07519
=> total bkg = 3.59427
Signal	Yield	Efficiency	Efficiency@Presel	Punzi
HNMuEl_700	0.245841	0.263805	4.66722e-06	6.53345e-07
=====================================================================

####################################################
TIME STAMP : [2018/1/16 21:10:20] 1800 / 3721 (48.3741 %)
####################################################
[CutInfo::PrintCutInfo] leadingLepton_Pt	>	170
[CutInfo::PrintCutInfo] ljj	|<	855
[CutInfo::PrintCutInfo] ljj	|>	545

!!!!!!!!!!!!!!!!!
!!!! UPDATED !!!!
!!!!!!!!!!!!!!!!!

[CutInfo::PrintCutInfo] leadingLepton_Pt	>	170
[CutInfo::PrintCutInfo] ljj	|<	840
[CutInfo::PrintCutInfo] ljj	|>	545
CF	0 +- 0
Fake	0.219877 +- 0.201627
Prompt	3.33261 +- 1.06002
=> total bkg = 3.55249
Signal	Yield	Efficiency	Efficiency@Presel	Punzi
HNMuEl_700	0.245315	0.263305	4.65723e-06	6.55441e-07
=====================================================================


!!!!!!!!!!!!!!!!!
!!!! UPDATED !!!!
!!!!!!!!!!!!!!!!!

[CutInfo::PrintCutInfo] leadingLepton_Pt	>	170
[CutInfo::PrintCutInfo] ljj	|<	835
[CutInfo::PrintCutInfo] ljj	|>	545
CF	0 +- 0
Fake	0.145912 +- 0.180837
Prompt	3.3173 +- 1.05483
=> total bkg = 3.46321
Signal	Yield	Efficiency	Efficiency@Presel	Punzi
HNMuEl_700	0.245151	0.263102	4.65411e-06	6.60218e-07
=====================================================================


!!!!!!!!!!!!!!!!!
!!!! UPDATED !!!!
!!!!!!!!!!!!!!!!!

[CutInfo::PrintCutInfo] leadingLepton_Pt	>	170
[CutInfo::PrintCutInfo] ljj	|<	830
[CutInfo::PrintCutInfo] ljj	|>	545
CF	0 +- 0
Fake	0.146394 +- 0.180872
Prompt	3.22835 +- 1.04473
=> total bkg = 3.37474
Signal	Yield	Efficiency	Efficiency@Presel	Punzi
HNMuEl_700	0.244909	0.262856	4.64953e-06	6.64997e-07
=====================================================================


!!!!!!!!!!!!!!!!!
!!!! UPDATED !!!!
!!!!!!!!!!!!!!!!!

[CutInfo::PrintCutInfo] leadingLepton_Pt	>	170
[CutInfo::PrintCutInfo] ljj	|<	825
[CutInfo::PrintCutInfo] ljj	|>	545
CF	0 +- 0
Fake	0.146394 +- 0.180872
Prompt	3.18243 +- 1.02884
=> total bkg = 3.32882
Signal	Yield	Efficiency	Efficiency@Presel	Punzi
HNMuEl_700	0.244668	0.262636	4.64495e-06	6.68342e-07
=====================================================================


!!!!!!!!!!!!!!!!!
!!!! UPDATED !!!!
!!!!!!!!!!!!!!!!!

[CutInfo::PrintCutInfo] leadingLepton_Pt	>	170
[CutInfo::PrintCutInfo] ljj	|<	815
[CutInfo::PrintCutInfo] ljj	|>	545
CF	0 +- 0
Fake	0.147336 +- 0.18094
Prompt	3.15721 +- 1.02055
=> total bkg = 3.30455
Signal	Yield	Efficiency	Efficiency@Presel	Punzi
HNMuEl_700	0.244048	0.261907	4.63318e-06	6.68768e-07
=====================================================================


!!!!!!!!!!!!!!!!!
!!!! UPDATED !!!!
!!!!!!!!!!!!!!!!!

[CutInfo::PrintCutInfo] leadingLepton_Pt	>	170
[CutInfo::PrintCutInfo] ljj	|<	810
[CutInfo::PrintCutInfo] ljj	|>	545
CF	0 +- 0
Fake	0.147807 +- 0.180974
Prompt	3.07688 +- 1.00976
=> total bkg = 3.22469
Signal	Yield	Efficiency	Efficiency@Presel	Punzi
HNMuEl_700	0.243786	0.261508	4.6282e-06	6.73374e-07
=====================================================================


!!!!!!!!!!!!!!!!!
!!!! UPDATED !!!!
!!!!!!!!!!!!!!!!!

[CutInfo::PrintCutInfo] leadingLepton_Pt	>	170
[CutInfo::PrintCutInfo] ljj	|<	810
[CutInfo::PrintCutInfo] ljj	|>	550
CF	0 +- 0
Fake	0.147887 +- 0.18098
Prompt	3.05549 +- 1.00291
=> total bkg = 3.20338
Signal	Yield	Efficiency	Efficiency@Presel	Punzi
HNMuEl_700	0.243649	0.261364	4.62559e-06	6.74865e-07
=====================================================================

####################################################
TIME STAMP : [2018/1/16 21:10:39] 1900 / 3721 (51.0615 %)
####################################################
[CutInfo::PrintCutInfo] leadingLepton_Pt	>	170
[CutInfo::PrintCutInfo] ljj	|<	810
[CutInfo::PrintCutInfo] ljj	|>	550

!!!!!!!!!!!!!!!!!
!!!! UPDATED !!!!
!!!!!!!!!!!!!!!!!

[CutInfo::PrintCutInfo] leadingLepton_Pt	>	170
[CutInfo::PrintCutInfo] ljj	|<	810
[CutInfo::PrintCutInfo] ljj	|>	555
CF	0 +- 0
Fake	0.152537 +- 0.181273
Prompt	3.04837 +- 1.00065
=> total bkg = 3.20091
Signal	Yield	Efficiency	Efficiency@Presel	Punzi
HNMuEl_700	0.243554	0.261237	4.6238e-06	6.74972e-07
=====================================================================


!!!!!!!!!!!!!!!!!
!!!! UPDATED !!!!
!!!!!!!!!!!!!!!!!

[CutInfo::PrintCutInfo] leadingLepton_Pt	>	170
[CutInfo::PrintCutInfo] ljj	|<	825
[CutInfo::PrintCutInfo] ljj	|>	560
CF	0 +- 0
Fake	0.157381 +- 0.181547
Prompt	3.06643 +- 1.00468
=> total bkg = 3.22381
Signal	Yield	Efficiency	Efficiency@Presel	Punzi
HNMuEl_700	0.244319	0.262229	4.63832e-06	6.75427e-07
=====================================================================


!!!!!!!!!!!!!!!!!
!!!! UPDATED !!!!
!!!!!!!!!!!!!!!!!

[CutInfo::PrintCutInfo] leadingLepton_Pt	>	170
[CutInfo::PrintCutInfo] ljj	|<	815
[CutInfo::PrintCutInfo] ljj	|>	560
CF	0 +- 0
Fake	0.158322 +- 0.18162
Prompt	3.04121 +- 0.996636
=> total bkg = 3.19953
Signal	Yield	Efficiency	Efficiency@Presel	Punzi
HNMuEl_700	0.243681	0.261483	4.62621e-06	6.75823e-07
=====================================================================


!!!!!!!!!!!!!!!!!
!!!! UPDATED !!!!
!!!!!!!!!!!!!!!!!

[CutInfo::PrintCutInfo] leadingLepton_Pt	>	170
[CutInfo::PrintCutInfo] ljj	|<	810
[CutInfo::PrintCutInfo] ljj	|>	560
CF	0 +- 0
Fake	0.158794 +- 0.181656
Prompt	2.96088 +- 0.98605
=> total bkg = 3.11967
Signal	Yield	Efficiency	Efficiency@Presel	Punzi
HNMuEl_700	0.243419	0.261085	4.62123e-06	6.8059e-07
=====================================================================

####################################################
TIME STAMP : [2018/1/16 21:10:58] 2000 / 3721 (53.749 %)
####################################################
[CutInfo::PrintCutInfo] leadingLepton_Pt	>	170
[CutInfo::PrintCutInfo] ljj	|<	810
[CutInfo::PrintCutInfo] ljj	|>	560
####################################################
TIME STAMP : [2018/1/16 21:11:23] 2100 / 3721 (56.4364 %)
####################################################
[CutInfo::PrintCutInfo] leadingLepton_Pt	>	170
[CutInfo::PrintCutInfo] ljj	|<	810
[CutInfo::PrintCutInfo] ljj	|>	560

!!!!!!!!!!!!!!!!!
!!!! UPDATED !!!!
!!!!!!!!!!!!!!!!!

[CutInfo::PrintCutInfo] leadingLepton_Pt	>	170
[CutInfo::PrintCutInfo] ljj	|<	830
[CutInfo::PrintCutInfo] ljj	|>	575
CF	0 +- 0
Fake	0.187805 +- 0.182323
Prompt	2.95315 +- 0.991015
=> total bkg = 3.14096
Signal	Yield	Efficiency	Efficiency@Presel	Punzi
HNMuEl_700	0.244096	0.261873	4.63408e-06	6.80753e-07
=====================================================================


!!!!!!!!!!!!!!!!!
!!!! UPDATED !!!!
!!!!!!!!!!!!!!!!!

[CutInfo::PrintCutInfo] leadingLepton_Pt	>	170
[CutInfo::PrintCutInfo] ljj	|<	825
[CutInfo::PrintCutInfo] ljj	|>	575
CF	0 +- 0
Fake	0.187805 +- 0.182323
Prompt	2.90723 +- 0.975928
=> total bkg = 3.09504
Signal	Yield	Efficiency	Efficiency@Presel	Punzi
HNMuEl_700	0.243823	0.261627	4.62891e-06	6.84186e-07
=====================================================================


!!!!!!!!!!!!!!!!!
!!!! UPDATED !!!!
!!!!!!!!!!!!!!!!!

[CutInfo::PrintCutInfo] leadingLepton_Pt	>	170
[CutInfo::PrintCutInfo] ljj	|<	815
[CutInfo::PrintCutInfo] ljj	|>	575
CF	0 +- 0
Fake	0.188747 +- 0.18241
Prompt	2.88202 +- 0.968123
=> total bkg = 3.07077
Signal	Yield	Efficiency	Efficiency@Presel	Punzi
HNMuEl_700	0.243155	0.260856	4.61623e-06	6.84529e-07
=====================================================================


!!!!!!!!!!!!!!!!!
!!!! UPDATED !!!!
!!!!!!!!!!!!!!!!!

[CutInfo::PrintCutInfo] leadingLepton_Pt	>	170
[CutInfo::PrintCutInfo] ljj	|<	810
[CutInfo::PrintCutInfo] ljj	|>	575
CF	0 +- 0
Fake	0.189218 +- 0.182454
Prompt	2.80169 +- 0.957738
=> total bkg = 2.99091
Signal	Yield	Efficiency	Efficiency@Presel	Punzi
HNMuEl_700	0.242878	0.260449	4.61096e-06	6.89471e-07
=====================================================================

####################################################
TIME STAMP : [2018/1/16 21:11:43] 2200 / 3721 (59.1239 %)
####################################################
[CutInfo::PrintCutInfo] leadingLepton_Pt	>	170
[CutInfo::PrintCutInfo] ljj	|<	810
[CutInfo::PrintCutInfo] ljj	|>	575

!!!!!!!!!!!!!!!!!
!!!! UPDATED !!!!
!!!!!!!!!!!!!!!!!

[CutInfo::PrintCutInfo] leadingLepton_Pt	>	170
[CutInfo::PrintCutInfo] ljj	|<	830
[CutInfo::PrintCutInfo] ljj	|>	580
CF	0 +- 0
Fake	0.188296 +- 0.182369
Prompt	2.75373 +- 0.963943
=> total bkg = 2.94203
Signal	Yield	Efficiency	Efficiency@Presel	Punzi
HNMuEl_700	0.243944	0.261669	4.6312e-06	6.9467e-07
=====================================================================


!!!!!!!!!!!!!!!!!
!!!! UPDATED !!!!
!!!!!!!!!!!!!!!!!

[CutInfo::PrintCutInfo] leadingLepton_Pt	>	170
[CutInfo::PrintCutInfo] ljj	|<	825
[CutInfo::PrintCutInfo] ljj	|>	580
CF	0 +- 0
Fake	0.188296 +- 0.182369
Prompt	2.70782 +- 0.949192
=> total bkg = 2.89611
Signal	Yield	Efficiency	Efficiency@Presel	Punzi
HNMuEl_700	0.243671	0.261424	4.62603e-06	6.98317e-07
=====================================================================


!!!!!!!!!!!!!!!!!
!!!! UPDATED !!!!
!!!!!!!!!!!!!!!!!

[CutInfo::PrintCutInfo] leadingLepton_Pt	>	170
[CutInfo::PrintCutInfo] ljj	|<	815
[CutInfo::PrintCutInfo] ljj	|>	580
CF	0 +- 0
Fake	0.189238 +- 0.182456
Prompt	2.6826 +- 0.94159
=> total bkg = 2.87184
Signal	Yield	Efficiency	Efficiency@Presel	Punzi
HNMuEl_700	0.24298	0.260627	4.61289e-06	6.98672e-07
=====================================================================


!!!!!!!!!!!!!!!!!
!!!! UPDATED !!!!
!!!!!!!!!!!!!!!!!

[CutInfo::PrintCutInfo] leadingLepton_Pt	>	170
[CutInfo::PrintCutInfo] ljj	|<	810
[CutInfo::PrintCutInfo] ljj	|>	580
CF	0 +- 0
Fake	0.189709 +- 0.182499
Prompt	2.60227 +- 0.931366
=> total bkg = 2.79198
Signal	Yield	Efficiency	Efficiency@Presel	Punzi
HNMuEl_700	0.242702	0.260195	4.60762e-06	7.03984e-07
=====================================================================


!!!!!!!!!!!!!!!!!
!!!! UPDATED !!!!
!!!!!!!!!!!!!!!!!

[CutInfo::PrintCutInfo] leadingLepton_Pt	>	170
[CutInfo::PrintCutInfo] ljj	|<	810
[CutInfo::PrintCutInfo] ljj	|>	585
CF	0 +- 0
Fake	0.197374 +- 0.183149
Prompt	2.57119 +- 0.92226
=> total bkg = 2.76857
Signal	Yield	Efficiency	Efficiency@Presel	Punzi
HNMuEl_700	0.242521	0.260034	4.60418e-06	7.05985e-07
=====================================================================

####################################################
TIME STAMP : [2018/1/16 21:12:0] 2300 / 3721 (61.8113 %)
####################################################
[CutInfo::PrintCutInfo] leadingLepton_Pt	>	170
[CutInfo::PrintCutInfo] ljj	|<	810
[CutInfo::PrintCutInfo] ljj	|>	585

!!!!!!!!!!!!!!!!!
!!!! UPDATED !!!!
!!!!!!!!!!!!!!!!!

[CutInfo::PrintCutInfo] leadingLepton_Pt	>	170
[CutInfo::PrintCutInfo] ljj	|<	780
[CutInfo::PrintCutInfo] ljj	|>	585
CF	0 +- 0
Fake	0.199442 +- 0.183303
Prompt	2.39561 +- 0.888322
=> total bkg = 2.59505
Signal	Yield	Efficiency	Efficiency@Presel	Punzi
HNMuEl_700	0.237548	0.254263	4.50977e-06	7.06674e-07
=====================================================================


!!!!!!!!!!!!!!!!!
!!!! UPDATED !!!!
!!!!!!!!!!!!!!!!!

[CutInfo::PrintCutInfo] leadingLepton_Pt	>	170
[CutInfo::PrintCutInfo] ljj	|<	1000
[CutInfo::PrintCutInfo] ljj	|>	595
CF	0 +- 0
Fake	0.285717 +- 0.207007
Prompt	2.42677 +- 0.858526
=> total bkg = 2.71248
Signal	Yield	Efficiency	Efficiency@Presel	Punzi
HNMuEl_700	0.245808	0.26378	4.66659e-06	7.2613e-07
=====================================================================


!!!!!!!!!!!!!!!!!
!!!! UPDATED !!!!
!!!!!!!!!!!!!!!!!

[CutInfo::PrintCutInfo] leadingLepton_Pt	>	170
[CutInfo::PrintCutInfo] ljj	|<	995
[CutInfo::PrintCutInfo] ljj	|>	595
CF	0 +- 0
Fake	0.285717 +- 0.207007
Prompt	2.42244 +- 0.856915
=> total bkg = 2.70816
Signal	Yield	Efficiency	Efficiency@Presel	Punzi
HNMuEl_700	0.245756	0.263729	4.66561e-06	7.26457e-07
=====================================================================


!!!!!!!!!!!!!!!!!
!!!! UPDATED !!!!
!!!!!!!!!!!!!!!!!

[CutInfo::PrintCutInfo] leadingLepton_Pt	>	170
[CutInfo::PrintCutInfo] ljj	|<	950
[CutInfo::PrintCutInfo] ljj	|>	595
CF	0 +- 0
Fake	0.279105 +- 0.206084
Prompt	2.41322 +- 0.85348
=> total bkg = 2.69232
Signal	Yield	Efficiency	Efficiency@Presel	Punzi
HNMuEl_700	0.245465	0.263415	4.66008e-06	7.271e-07
=====================================================================


!!!!!!!!!!!!!!!!!
!!!! UPDATED !!!!
!!!!!!!!!!!!!!!!!

[CutInfo::PrintCutInfo] leadingLepton_Pt	>	170
[CutInfo::PrintCutInfo] ljj	|<	940
[CutInfo::PrintCutInfo] ljj	|>	595
CF	0 +- 0
Fake	0.279296 +- 0.206107
Prompt	2.40141 +- 0.854046
=> total bkg = 2.68071
Signal	Yield	Efficiency	Efficiency@Presel	Punzi
HNMuEl_700	0.245412	0.263331	4.65907e-06	7.2767e-07
=====================================================================


!!!!!!!!!!!!!!!!!
!!!! UPDATED !!!!
!!!!!!!!!!!!!!!!!

[CutInfo::PrintCutInfo] leadingLepton_Pt	>	170
[CutInfo::PrintCutInfo] ljj	|<	930
[CutInfo::PrintCutInfo] ljj	|>	595
CF	0 +- 0
Fake	0.279552 +- 0.206138
Prompt	2.39755 +- 0.85262
=> total bkg = 2.6771
Signal	Yield	Efficiency	Efficiency@Presel	Punzi
HNMuEl_700	0.24532	0.263263	4.65734e-06	7.27812e-07
=====================================================================


!!!!!!!!!!!!!!!!!
!!!! UPDATED !!!!
!!!!!!!!!!!!!!!!!

[CutInfo::PrintCutInfo] leadingLepton_Pt	>	170
[CutInfo::PrintCutInfo] ljj	|<	920
[CutInfo::PrintCutInfo] ljj	|>	595
CF	0 +- 0
Fake	0.279552 +- 0.206138
Prompt	2.39019 +- 0.849912
=> total bkg = 2.66974
Signal	Yield	Efficiency	Efficiency@Presel	Punzi
HNMuEl_700	0.245269	0.263169	4.65636e-06	7.28482e-07
=====================================================================


!!!!!!!!!!!!!!!!!
!!!! UPDATED !!!!
!!!!!!!!!!!!!!!!!

[CutInfo::PrintCutInfo] leadingLepton_Pt	>	170
[CutInfo::PrintCutInfo] ljj	|<	915
[CutInfo::PrintCutInfo] ljj	|>	595
CF	0 +- 0
Fake	0.279552 +- 0.206138
Prompt	2.38629 +- 0.84848
=> total bkg = 2.66584
Signal	Yield	Efficiency	Efficiency@Presel	Punzi
HNMuEl_700	0.245233	0.263136	4.65568e-06	7.28812e-07
=====================================================================


!!!!!!!!!!!!!!!!!
!!!! UPDATED !!!!
!!!!!!!!!!!!!!!!!

[CutInfo::PrintCutInfo] leadingLepton_Pt	>	170
[CutInfo::PrintCutInfo] ljj	|<	910
[CutInfo::PrintCutInfo] ljj	|>	595
CF	0 +- 0
Fake	0.279552 +- 0.206138
Prompt	2.37542 +- 0.844496
=> total bkg = 2.65498
Signal	Yield	Efficiency	Efficiency@Presel	Punzi
HNMuEl_700	0.245191	0.263102	4.65487e-06	7.29905e-07
=====================================================================

####################################################
TIME STAMP : [2018/1/16 21:12:18] 2400 / 3721 (64.4988 %)
####################################################
[CutInfo::PrintCutInfo] leadingLepton_Pt	>	170
[CutInfo::PrintCutInfo] ljj	|<	910
[CutInfo::PrintCutInfo] ljj	|>	595

!!!!!!!!!!!!!!!!!
!!!! UPDATED !!!!
!!!!!!!!!!!!!!!!!

[CutInfo::PrintCutInfo] leadingLepton_Pt	>	170
[CutInfo::PrintCutInfo] ljj	|<	895
[CutInfo::PrintCutInfo] ljj	|>	595
CF	0 +- 0
Fake	0.280435 +- 0.206245
Prompt	2.32902 +- 0.82665
=> total bkg = 2.60946
Signal	Yield	Efficiency	Efficiency@Presel	Punzi
HNMuEl_700	0.245107	0.262992	4.65327e-06	7.34946e-07
=====================================================================


!!!!!!!!!!!!!!!!!
!!!! UPDATED !!!!
!!!!!!!!!!!!!!!!!

[CutInfo::PrintCutInfo] leadingLepton_Pt	>	170
[CutInfo::PrintCutInfo] ljj	|<	890
[CutInfo::PrintCutInfo] ljj	|>	595
CF	0 +- 0
Fake	0.280435 +- 0.206245
Prompt	2.32532 +- 0.825325
=> total bkg = 2.60576
Signal	Yield	Efficiency	Efficiency@Presel	Punzi
HNMuEl_700	0.24505	0.262907	4.6522e-06	7.35197e-07
=====================================================================


!!!!!!!!!!!!!!!!!
!!!! UPDATED !!!!
!!!!!!!!!!!!!!!!!

[CutInfo::PrintCutInfo] leadingLepton_Pt	>	170
[CutInfo::PrintCutInfo] ljj	|<	875
[CutInfo::PrintCutInfo] ljj	|>	595
CF	0 +- 0
Fake	0.281034 +- 0.206318
Prompt	2.31426 +- 0.821366
=> total bkg = 2.5953
Signal	Yield	Efficiency	Efficiency@Presel	Punzi
HNMuEl_700	0.244849	0.262686	4.64839e-06	7.35806e-07
=====================================================================


!!!!!!!!!!!!!!!!!
!!!! UPDATED !!!!
!!!!!!!!!!!!!!!!!

[CutInfo::PrintCutInfo] leadingLepton_Pt	>	170
[CutInfo::PrintCutInfo] ljj	|<	855
[CutInfo::PrintCutInfo] ljj	|>	595
CF	0 +- 0
Fake	0.281537 +- 0.206379
Prompt	2.27162 +- 0.805481
=> total bkg = 2.55315
Signal	Yield	Efficiency	Efficiency@Presel	Punzi
HNMuEl_700	0.244353	0.262127	4.63897e-06	7.39235e-07
=====================================================================


!!!!!!!!!!!!!!!!!
!!!! UPDATED !!!!
!!!!!!!!!!!!!!!!!

[CutInfo::PrintCutInfo] leadingLepton_Pt	>	170
[CutInfo::PrintCutInfo] ljj	|<	840
[CutInfo::PrintCutInfo] ljj	|>	595
CF	0 +- 0
Fake	0.282237 +- 0.206464
Prompt	2.2245 +- 0.788253
=> total bkg = 2.50674
Signal	Yield	Efficiency	Efficiency@Presel	Punzi
HNMuEl_700	0.243738	0.261525	4.6273e-06	7.42841e-07
=====================================================================


!!!!!!!!!!!!!!!!!
!!!! UPDATED !!!!
!!!!!!!!!!!!!!!!!

[CutInfo::PrintCutInfo] leadingLepton_Pt	>	170
[CutInfo::PrintCutInfo] ljj	|<	835
[CutInfo::PrintCutInfo] ljj	|>	595
CF	0 +- 0
Fake	0.208271 +- 0.183973
Prompt	2.20919 +- 0.782996
=> total bkg = 2.41746
Signal	Yield	Efficiency	Efficiency@Presel	Punzi
HNMuEl_700	0.243562	0.261314	4.62395e-06	7.50429e-07
=====================================================================


!!!!!!!!!!!!!!!!!
!!!! UPDATED !!!!
!!!!!!!!!!!!!!!!!

[CutInfo::PrintCutInfo] leadingLepton_Pt	>	170
[CutInfo::PrintCutInfo] ljj	|<	830
[CutInfo::PrintCutInfo] ljj	|>	595
CF	0 +- 0
Fake	0.208753 +- 0.184021
Prompt	2.12024 +- 0.771661
=> total bkg = 2.32899
Signal	Yield	Efficiency	Efficiency@Presel	Punzi
HNMuEl_700	0.243309	0.261051	4.61915e-06	7.58074e-07
=====================================================================


!!!!!!!!!!!!!!!!!
!!!! UPDATED !!!!
!!!!!!!!!!!!!!!!!

[CutInfo::PrintCutInfo] leadingLepton_Pt	>	170
[CutInfo::PrintCutInfo] ljj	|<	825
[CutInfo::PrintCutInfo] ljj	|>	595
CF	0 +- 0
Fake	0.208753 +- 0.184021
Prompt	2.07432 +- 0.755424
=> total bkg = 2.28307
Signal	Yield	Efficiency	Efficiency@Presel	Punzi
HNMuEl_700	0.243025	0.260797	4.61375e-06	7.62989e-07
=====================================================================


!!!!!!!!!!!!!!!!!
!!!! UPDATED !!!!
!!!!!!!!!!!!!!!!!

[CutInfo::PrintCutInfo] leadingLepton_Pt	>	170
[CutInfo::PrintCutInfo] ljj	|<	815
[CutInfo::PrintCutInfo] ljj	|>	595
CF	0 +- 0
Fake	0.209695 +- 0.184117
Prompt	2.0491 +- 0.747108
=> total bkg = 2.2588
Signal	Yield	Efficiency	Efficiency@Presel	Punzi
HNMuEl_700	0.242305	0.259966	4.60008e-06	7.63797e-07
=====================================================================


!!!!!!!!!!!!!!!!!
!!!! UPDATED !!!!
!!!!!!!!!!!!!!!!!

[CutInfo::PrintCutInfo] leadingLepton_Pt	>	170
[CutInfo::PrintCutInfo] ljj	|<	810
[CutInfo::PrintCutInfo] ljj	|>	595
CF	0 +- 0
Fake	0.210166 +- 0.184165
Prompt	1.96877 +- 0.735549
=> total bkg = 2.17894
Signal	Yield	Efficiency	Efficiency@Presel	Punzi
HNMuEl_700	0.242015	0.259517	4.59458e-06	7.71192e-07
=====================================================================


!!!!!!!!!!!!!!!!!
!!!! UPDATED !!!!
!!!!!!!!!!!!!!!!!

[CutInfo::PrintCutInfo] leadingLepton_Pt	>	170
[CutInfo::PrintCutInfo] ljj	|<	780
[CutInfo::PrintCutInfo] ljj	|>	595
CF	0 +- 0
Fake	0.212234 +- 0.184331
Prompt	1.79319 +- 0.696964
=> total bkg = 2.00543
Signal	Yield	Efficiency	Efficiency@Presel	Punzi
HNMuEl_700	0.23699	0.253686	4.49918e-06	7.75716e-07
=====================================================================

####################################################
TIME STAMP : [2018/1/16 21:12:35] 2500 / 3721 (67.1862 %)
####################################################
[CutInfo::PrintCutInfo] leadingLepton_Pt	>	170
[CutInfo::PrintCutInfo] ljj	|<	780
[CutInfo::PrintCutInfo] ljj	|>	595

!!!!!!!!!!!!!!!!!
!!!! UPDATED !!!!
!!!!!!!!!!!!!!!!!

[CutInfo::PrintCutInfo] leadingLepton_Pt	>	170
[CutInfo::PrintCutInfo] ljj	|<	780
[CutInfo::PrintCutInfo] ljj	|>	605
CF	0 +- 0
Fake	0.220426 +- 0.185127
Prompt	1.7396 +- 0.680001
=> total bkg = 1.96003
Signal	Yield	Efficiency	Efficiency@Presel	Punzi
HNMuEl_700	0.236131	0.25278	4.48288e-06	7.79435e-07
=====================================================================

####################################################
TIME STAMP : [2018/1/16 21:12:53] 2600 / 3721 (69.8737 %)
####################################################
[CutInfo::PrintCutInfo] leadingLepton_Pt	>	170
[CutInfo::PrintCutInfo] ljj	|<	780
[CutInfo::PrintCutInfo] ljj	|>	605

!!!!!!!!!!!!!!!!!
!!!! UPDATED !!!!
!!!!!!!!!!!!!!!!!

[CutInfo::PrintCutInfo] leadingLepton_Pt	>	170
[CutInfo::PrintCutInfo] ljj	|<	810
[CutInfo::PrintCutInfo] ljj	|>	610
CF	0 +- 0
Fake	0.162185 +- 0.170584
Prompt	1.90653 +- 0.714852
=> total bkg = 2.06871
Signal	Yield	Efficiency	Efficiency@Presel	Punzi
HNMuEl_700	0.240992	0.258398	4.57515e-06	7.8094e-07
=====================================================================


!!!!!!!!!!!!!!!!!
!!!! UPDATED !!!!
!!!!!!!!!!!!!!!!!

[CutInfo::PrintCutInfo] leadingLepton_Pt	>	170
[CutInfo::PrintCutInfo] ljj	|<	780
[CutInfo::PrintCutInfo] ljj	|>	610
CF	0 +- 0
Fake	0.164254 +- 0.170711
Prompt	1.73095 +- 0.677482
=> total bkg = 1.8952
Signal	Yield	Efficiency	Efficiency@Presel	Punzi
HNMuEl_700	0.235789	0.252398	4.47638e-06	7.85522e-07
=====================================================================

####################################################
TIME STAMP : [2018/1/16 21:13:10] 2700 / 3721 (72.5611 %)
####################################################
[CutInfo::PrintCutInfo] leadingLepton_Pt	>	170
[CutInfo::PrintCutInfo] ljj	|<	780
[CutInfo::PrintCutInfo] ljj	|>	610
####################################################
TIME STAMP : [2018/1/16 21:13:28] 2800 / 3721 (75.2486 %)
####################################################
[CutInfo::PrintCutInfo] leadingLepton_Pt	>	170
[CutInfo::PrintCutInfo] ljj	|<	780
[CutInfo::PrintCutInfo] ljj	|>	610
####################################################
TIME STAMP : [2018/1/16 21:13:45] 2900 / 3721 (77.936 %)
####################################################
[CutInfo::PrintCutInfo] leadingLepton_Pt	>	170
[CutInfo::PrintCutInfo] ljj	|<	780
[CutInfo::PrintCutInfo] ljj	|>	610
####################################################
TIME STAMP : [2018/1/16 21:14:3] 3000 / 3721 (80.6235 %)
####################################################
[CutInfo::PrintCutInfo] leadingLepton_Pt	>	170
[CutInfo::PrintCutInfo] ljj	|<	780
[CutInfo::PrintCutInfo] ljj	|>	610
####################################################
TIME STAMP : [2018/1/16 21:14:20] 3100 / 3721 (83.3109 %)
####################################################
[CutInfo::PrintCutInfo] leadingLepton_Pt	>	170
[CutInfo::PrintCutInfo] ljj	|<	780
[CutInfo::PrintCutInfo] ljj	|>	610
####################################################
TIME STAMP : [2018/1/16 21:14:38] 3200 / 3721 (85.9984 %)
####################################################
[CutInfo::PrintCutInfo] leadingLepton_Pt	>	170
[CutInfo::PrintCutInfo] ljj	|<	780
[CutInfo::PrintCutInfo] ljj	|>	610
####################################################
TIME STAMP : [2018/1/16 21:14:54] 3300 / 3721 (88.6858 %)
####################################################
[CutInfo::PrintCutInfo] leadingLepton_Pt	>	170
[CutInfo::PrintCutInfo] ljj	|<	780
[CutInfo::PrintCutInfo] ljj	|>	610
####################################################
TIME STAMP : [2018/1/16 21:15:11] 3400 / 3721 (91.3733 %)
####################################################
[CutInfo::PrintCutInfo] leadingLepton_Pt	>	170
[CutInfo::PrintCutInfo] ljj	|<	780
[CutInfo::PrintCutInfo] ljj	|>	610
####################################################
TIME STAMP : [2018/1/16 21:15:27] 3500 / 3721 (94.0607 %)
####################################################
[CutInfo::PrintCutInfo] leadingLepton_Pt	>	170
[CutInfo::PrintCutInfo] ljj	|<	780
[CutInfo::PrintCutInfo] ljj	|>	610
####################################################
TIME STAMP : [2018/1/16 21:15:43] 3600 / 3721 (96.7482 %)
####################################################
[CutInfo::PrintCutInfo] leadingLepton_Pt	>	170
[CutInfo::PrintCutInfo] ljj	|<	780
[CutInfo::PrintCutInfo] ljj	|>	610
####################################################
TIME STAMP : [2018/1/16 21:15:58] 3700 / 3721 (99.4356 %)
####################################################
[CutInfo::PrintCutInfo] leadingLepton_Pt	>	170
[CutInfo::PrintCutInfo] ljj	|<	780
[CutInfo::PrintCutInfo] ljj	|>	610

##################
#### FINISHED ####
##################

[CutInfo::PrintCutInfo] leadingLepton_Pt	>	170
[CutInfo::PrintCutInfo] ljj	|<	780
[CutInfo::PrintCutInfo] ljj	|>	610
CF	0 +- 0
Fake	0.164254 +- 0.170711
Prompt	1.73095 +- 0.677482
=> total bkg = 1.8952
Signal	Yield	Efficiency	Efficiency@Presel	Punzi
HNMuEl_700	0.235789	0.252398	4.47638e-06	7.85522e-07
