
Processing HNElEl_250.C...
[AnalysisInputs::SetMCSF] Get MC SF from /home/jskim/Documents/trilepton_13TeV/DiLepton/data/v8-0-7.32/MCSF.txt
[AnalysisInputs::SetMCSF] sample : VVV
[AnalysisInputs::SetMCSF] => MCSF = 1, MCSF_err = 0.5
[AnalysisInputs::SetMCSF] sample : WWW
[AnalysisInputs::SetMCSF] => MCSF = 1, MCSF_err = 0.5
[AnalysisInputs::SetMCSF] sample : WWZ
[AnalysisInputs::SetMCSF] => MCSF = 1, MCSF_err = 0.5
[AnalysisInputs::SetMCSF] sample : WZZ
[AnalysisInputs::SetMCSF] => MCSF = 1, MCSF_err = 0.5
[AnalysisInputs::SetMCSF] sample : ZZZ
[AnalysisInputs::SetMCSF] => MCSF = 1, MCSF_err = 0.5
[AnalysisInputs::SetMCSF] sample : ttV
[AnalysisInputs::SetMCSF] => MCSF = 1, MCSF_err = 0.5
[AnalysisInputs::SetMCSF] sample : ttW
[AnalysisInputs::SetMCSF] => MCSF = 1, MCSF_err = 0.5
[AnalysisInputs::SetMCSF] sample : ttZ
[AnalysisInputs::SetMCSF] => MCSF = 1, MCSF_err = 0.5
[AnalysisInputs::SetMCSF] sample : ttH_nonbb
[AnalysisInputs::SetMCSF] => MCSF = 1, MCSF_err = 0.5
[AnalysisInputs::SetMCSF] sample : top
[AnalysisInputs::SetMCSF] => MCSF = 1, MCSF_err = 0.5
[AnalysisInputs::SetMCSF] sample : WZTo3LNu_powheg
[AnalysisInputs::SetMCSF] => MCSF = 0.988021, MCSF_err = 0.0652167
[AnalysisInputs::SetMCSF] sample : ZGto2LG
[AnalysisInputs::SetMCSF] => MCSF = 0.83069, MCSF_err = 0.174719
[AnalysisInputs::SetMCSF] sample : ZZTo4L_powheg
[AnalysisInputs::SetMCSF] => MCSF = 0.94117, MCSF_err = 0.105665
[AnalysisInputs::SetMCSF] sample : ggZZto2e2mu
[AnalysisInputs::SetMCSF] => MCSF = 0.94117, MCSF_err = 0.105665
[AnalysisInputs::SetMCSF] sample : ggZZto2e2nu
[AnalysisInputs::SetMCSF] => MCSF = 0.94117, MCSF_err = 0.105665
[AnalysisInputs::SetMCSF] sample : ggZZto2e2tau
[AnalysisInputs::SetMCSF] => MCSF = 0.94117, MCSF_err = 0.105665
[AnalysisInputs::SetMCSF] sample : ggZZto2mu2nu
[AnalysisInputs::SetMCSF] => MCSF = 0.94117, MCSF_err = 0.105665
[AnalysisInputs::SetMCSF] sample : ggZZto2mu2tau
[AnalysisInputs::SetMCSF] => MCSF = 0.94117, MCSF_err = 0.105665
[AnalysisInputs::SetMCSF] sample : ggZZto4e
[AnalysisInputs::SetMCSF] => MCSF = 0.94117, MCSF_err = 0.105665
[AnalysisInputs::SetMCSF] sample : ggZZto4mu
[AnalysisInputs::SetMCSF] => MCSF = 0.94117, MCSF_err = 0.105665
[AnalysisInputs::SetMCSF] sample : ggZZto4tau
[AnalysisInputs::SetMCSF] => MCSF = 0.94117, MCSF_err = 0.105665
[AnalysisInputs::SetCalculatedSysts] Get Systematics from /home/jskim/Documents/trilepton_13TeV/DiLepton/data/v8-0-7.32/Syst.txt
[AnalysisInputs::SetCalculatedSysts] source : Luminosity
[AnalysisInputs::SetCalculatedSysts] => % sysematic = 0.025
[AnalysisInputs::SetCalculatedSysts] source : FakeLooseID
[AnalysisInputs::SetCalculatedSysts] => % sysematic = 0.3
[AnalysisInputs::SetCalculatedSysts] source : ChrageFlipSyst
[AnalysisInputs::SetCalculatedSysts] => % sysematic = 0.21
[CutRangeInfo::ReadCutCard] Get Cutcard from /home/jskim/Documents/trilepton_13TeV/DiLepton/data/v8-0-7.32/CutOpCard/UseNonSkim/OPTIMIZED_171021_ElEl_HighMass/HNElEl_250.txt
Central	9.51777	2.6254	2.87002
_MuonEn_up	9.5919	2.6254	2.87002
_MuonEn_down	9.47112	2.6254	2.87002
_MuonIDSF_up	9.41985	2.6254	2.87002
_MuonIDSF_down	9.51644	2.6254	2.87002
_ElectronEn_up	10.4544	2.6254	2.87002
_ElectronEn_down	9.22813	2.6254	2.87002
_ElectronIDSF_up	9.60252	2.6254	2.87002
_ElectronIDSF_down	9.57969	2.6254	2.87002
_TriggerSF_up	9.84906	2.6254	2.87002
_TriggerSF_down	9.51481	2.6254	2.87002
_PU_up	9.55082	2.6254	2.87002
_PU_down	9.45431	2.6254	2.87002
_JetEn_up	9.77056	2.6254	2.87002
_JetEn_down	9.88969	2.6254	2.87002
_JetRes_up	9.57634	2.6254	2.87002
_JetRes_down	8.91026	2.6254	2.87002
_Unclustered_up	9.52285	2.6254	2.87002
_Unclustered_down	9.00307	2.6254	2.87002
_BTagSFEff_up	8.63541	2.6254	2.87002
_BTagSFEff_down	9.68981	2.6254	2.87002
_BTagSFMiss_up	9.47936	2.6254	2.87002
_BTagSFMiss_down	9.48015	2.6254	2.87002
_JetMass_up	9.45617	2.6254	2.87002
_JetMass_down	9.40542	2.6254	2.87002
_JetMassRes_up	9.49647	2.6254	2.87002
_JetMassRes_down	9.45959	2.6254	2.87002

################ Sources ################
Source	SystTotal	SystPrompt	SystFake	Signal
Stat 12.93 19.93  15.63  2.62  1.56
Lumi 1.58  2.50 -  -  2.50
PDF  -  -  -  -  2.50
MuonPt  0.41 0.65  -  -  0.13
MuonID  0.46 0.73  -  -  0.15
ElectronE  4.62 7.28  -  -  0.91
ElectronID  0.49 0.78  -  -  0.18
Trigger  1.56 2.46  -  -  0.04
PU  0.34 0.53  -  -  1.95
JES  2.12 3.34  -  -  2.18
JER  2.87 4.53  -  -  0.73
Uncl  2.42 3.82  -  -  2.24
BEff  4.23 6.68  -  -  0.44
BMiss  0.25 0.40  -  -  0.34
JMS  0.60 0.95  -  -  0.11
JMR  0.29 0.46  -  -  0.08
MCNorm 5.94  9.37 -  -  -
Fake 5.25  -  30.00 - -
CF 4.01  -  -  21.00 -
Total Systematic 11.27 15.73  30.00  21.00  5.28

Total Background	15.013
- Prompt	9.518
- Fake	2.625
- CF	2.870

####### Result #######
Signal Eff	0.094172
15.013188 1.176
4.159 1.055
