
Processing HNElEl_150.C...
[AnalysisInputs::SetMCSF] Get MC SF from /home/jskim/Documents/trilepton_13TeV/DiLepton/data/v8-0-7.32/MCSF.txt
[AnalysisInputs::SetMCSF] sample : VVV
[AnalysisInputs::SetMCSF] => MCSF = 1, MCSF_err = 0.5
[AnalysisInputs::SetMCSF] sample : WWW
[AnalysisInputs::SetMCSF] => MCSF = 1, MCSF_err = 0.5
[AnalysisInputs::SetMCSF] sample : WWZ
[AnalysisInputs::SetMCSF] => MCSF = 1, MCSF_err = 0.5
[AnalysisInputs::SetMCSF] sample : WZZ
[AnalysisInputs::SetMCSF] => MCSF = 1, MCSF_err = 0.5
[AnalysisInputs::SetMCSF] sample : ZZZ
[AnalysisInputs::SetMCSF] => MCSF = 1, MCSF_err = 0.5
[AnalysisInputs::SetMCSF] sample : ttV
[AnalysisInputs::SetMCSF] => MCSF = 1, MCSF_err = 0.5
[AnalysisInputs::SetMCSF] sample : ttW
[AnalysisInputs::SetMCSF] => MCSF = 1, MCSF_err = 0.5
[AnalysisInputs::SetMCSF] sample : ttZ
[AnalysisInputs::SetMCSF] => MCSF = 1, MCSF_err = 0.5
[AnalysisInputs::SetMCSF] sample : ttH_nonbb
[AnalysisInputs::SetMCSF] => MCSF = 1, MCSF_err = 0.5
[AnalysisInputs::SetMCSF] sample : top
[AnalysisInputs::SetMCSF] => MCSF = 1, MCSF_err = 0.5
[AnalysisInputs::SetMCSF] sample : WZTo3LNu_powheg
[AnalysisInputs::SetMCSF] => MCSF = 0.988021, MCSF_err = 0.0652167
[AnalysisInputs::SetMCSF] sample : ZGto2LG
[AnalysisInputs::SetMCSF] => MCSF = 0.83069, MCSF_err = 0.174719
[AnalysisInputs::SetMCSF] sample : ZZTo4L_powheg
[AnalysisInputs::SetMCSF] => MCSF = 0.94117, MCSF_err = 0.105665
[AnalysisInputs::SetMCSF] sample : ggZZto2e2mu
[AnalysisInputs::SetMCSF] => MCSF = 0.94117, MCSF_err = 0.105665
[AnalysisInputs::SetMCSF] sample : ggZZto2e2nu
[AnalysisInputs::SetMCSF] => MCSF = 0.94117, MCSF_err = 0.105665
[AnalysisInputs::SetMCSF] sample : ggZZto2e2tau
[AnalysisInputs::SetMCSF] => MCSF = 0.94117, MCSF_err = 0.105665
[AnalysisInputs::SetMCSF] sample : ggZZto2mu2nu
[AnalysisInputs::SetMCSF] => MCSF = 0.94117, MCSF_err = 0.105665
[AnalysisInputs::SetMCSF] sample : ggZZto2mu2tau
[AnalysisInputs::SetMCSF] => MCSF = 0.94117, MCSF_err = 0.105665
[AnalysisInputs::SetMCSF] sample : ggZZto4e
[AnalysisInputs::SetMCSF] => MCSF = 0.94117, MCSF_err = 0.105665
[AnalysisInputs::SetMCSF] sample : ggZZto4mu
[AnalysisInputs::SetMCSF] => MCSF = 0.94117, MCSF_err = 0.105665
[AnalysisInputs::SetMCSF] sample : ggZZto4tau
[AnalysisInputs::SetMCSF] => MCSF = 0.94117, MCSF_err = 0.105665
[AnalysisInputs::SetCalculatedSysts] Get Systematics from /home/jskim/Documents/trilepton_13TeV/DiLepton/data/v8-0-7.32/Syst.txt
[AnalysisInputs::SetCalculatedSysts] source : Luminosity
[AnalysisInputs::SetCalculatedSysts] => % sysematic = 0.025
[AnalysisInputs::SetCalculatedSysts] source : FakeLooseID
[AnalysisInputs::SetCalculatedSysts] => % sysematic = 0.3
[AnalysisInputs::SetCalculatedSysts] source : ChrageFlipSyst
[AnalysisInputs::SetCalculatedSysts] => % sysematic = 0.21
[CutRangeInfo::ReadCutCard] Get Cutcard from /home/jskim/Documents/trilepton_13TeV/DiLepton/data/v8-0-7.32/CutOpCard/UseNonSkim/OPTIMIZED_171021_ElEl_HighMass/HNElEl_150.txt
Central	12.0761	4.94181	2.22222
_MuonEn_up	11.1905	4.94181	2.22222
_MuonEn_down	11.1117	4.94181	2.22222
_MuonIDSF_up	11.0464	4.94181	2.22222
_MuonIDSF_down	11.0908	4.94181	2.22222
_ElectronEn_up	12.686	4.94181	2.22222
_ElectronEn_down	11.4134	4.94181	2.22222
_ElectronIDSF_up	11.1274	4.94181	2.22222
_ElectronIDSF_down	11.1588	4.94181	2.22222
_TriggerSF_up	11.1328	4.94181	2.22222
_TriggerSF_down	12.1219	4.94181	2.22222
_PU_up	11.5388	4.94181	2.22222
_PU_down	10.5786	4.94181	2.22222
_JetEn_up	13.5152	4.94181	2.22222
_JetEn_down	10.0577	4.94181	2.22222
_JetRes_up	11.3838	4.94181	2.22222
_JetRes_down	11.2562	4.94181	2.22222
_Unclustered_up	11.8119	4.94181	2.22222
_Unclustered_down	10.3232	4.94181	2.22222
_BTagSFEff_up	11.0693	4.94181	2.22222
_BTagSFEff_down	12.2432	4.94181	2.22222
_BTagSFMiss_up	11.0768	4.94181	2.22222
_BTagSFMiss_down	11.1877	4.94181	2.22222
_JetMass_up	11.4085	4.94181	2.22222
_JetMass_down	11.1131	4.94181	2.22222
_JetMassRes_up	11.1197	4.94181	2.22222
_JetMassRes_down	11.1327	4.94181	2.22222

################ Sources ################
Source	SystTotal	SystPrompt	SystFake	Signal
Stat 13.33 20.67  11.94  1.95  2.38
Lumi 1.57  2.50 -  -  2.50
PDF  -  -  -  -  2.50
MuonPt  4.81 7.67  -  -  0.27
MuonID  5.24 8.34  -  -  0.22
ElectronE  3.31 5.27  -  -  0.69
ElectronID  4.85 7.73  -  -  0.27
Trigger  3.47 5.53  -  -  0.32
PU  5.85 9.32  -  -  3.02
JES  9.11 14.52  -  -  0.70
JER  3.94 6.28  -  -  1.78
Uncl  6.51 10.38  -  -  2.18
BEff  3.75 5.98  -  -  0.15
BMiss  4.91 7.83  -  -  0.77
JMS  4.31 6.86  -  -  0.50
JMR  4.94 7.87  -  -  0.13
MCNorm 4.46  7.11 -  -  -
Fake 7.71  -  30.00 - -
CF 2.43  -  -  21.00 -
Total Systematic 20.86 30.89  30.00  21.00  5.63

Total Background	19.240
- Prompt	12.076
- Fake	4.942
- CF	2.222

####### Result #######
Signal Eff	0.041173
19.240082 1.249
13.202 1.061
