
Processing HNElEl_125.C...
[AnalysisInputs::SetMCSF] Get MC SF from /home/jskim/Documents/trilepton_13TeV/DiLepton/data/v8-0-7.32/MCSF.txt
[AnalysisInputs::SetMCSF] sample : VVV
[AnalysisInputs::SetMCSF] => MCSF = 1, MCSF_err = 0.5
[AnalysisInputs::SetMCSF] sample : WWW
[AnalysisInputs::SetMCSF] => MCSF = 1, MCSF_err = 0.5
[AnalysisInputs::SetMCSF] sample : WWZ
[AnalysisInputs::SetMCSF] => MCSF = 1, MCSF_err = 0.5
[AnalysisInputs::SetMCSF] sample : WZZ
[AnalysisInputs::SetMCSF] => MCSF = 1, MCSF_err = 0.5
[AnalysisInputs::SetMCSF] sample : ZZZ
[AnalysisInputs::SetMCSF] => MCSF = 1, MCSF_err = 0.5
[AnalysisInputs::SetMCSF] sample : ttV
[AnalysisInputs::SetMCSF] => MCSF = 1, MCSF_err = 0.5
[AnalysisInputs::SetMCSF] sample : ttW
[AnalysisInputs::SetMCSF] => MCSF = 1, MCSF_err = 0.5
[AnalysisInputs::SetMCSF] sample : ttZ
[AnalysisInputs::SetMCSF] => MCSF = 1, MCSF_err = 0.5
[AnalysisInputs::SetMCSF] sample : ttH_nonbb
[AnalysisInputs::SetMCSF] => MCSF = 1, MCSF_err = 0.5
[AnalysisInputs::SetMCSF] sample : top
[AnalysisInputs::SetMCSF] => MCSF = 1, MCSF_err = 0.5
[AnalysisInputs::SetMCSF] sample : WZTo3LNu_powheg
[AnalysisInputs::SetMCSF] => MCSF = 0.988021, MCSF_err = 0.0652167
[AnalysisInputs::SetMCSF] sample : ZGto2LG
[AnalysisInputs::SetMCSF] => MCSF = 0.83069, MCSF_err = 0.174719
[AnalysisInputs::SetMCSF] sample : ZZTo4L_powheg
[AnalysisInputs::SetMCSF] => MCSF = 0.94117, MCSF_err = 0.105665
[AnalysisInputs::SetMCSF] sample : ggZZto2e2mu
[AnalysisInputs::SetMCSF] => MCSF = 0.94117, MCSF_err = 0.105665
[AnalysisInputs::SetMCSF] sample : ggZZto2e2nu
[AnalysisInputs::SetMCSF] => MCSF = 0.94117, MCSF_err = 0.105665
[AnalysisInputs::SetMCSF] sample : ggZZto2e2tau
[AnalysisInputs::SetMCSF] => MCSF = 0.94117, MCSF_err = 0.105665
[AnalysisInputs::SetMCSF] sample : ggZZto2mu2nu
[AnalysisInputs::SetMCSF] => MCSF = 0.94117, MCSF_err = 0.105665
[AnalysisInputs::SetMCSF] sample : ggZZto2mu2tau
[AnalysisInputs::SetMCSF] => MCSF = 0.94117, MCSF_err = 0.105665
[AnalysisInputs::SetMCSF] sample : ggZZto4e
[AnalysisInputs::SetMCSF] => MCSF = 0.94117, MCSF_err = 0.105665
[AnalysisInputs::SetMCSF] sample : ggZZto4mu
[AnalysisInputs::SetMCSF] => MCSF = 0.94117, MCSF_err = 0.105665
[AnalysisInputs::SetMCSF] sample : ggZZto4tau
[AnalysisInputs::SetMCSF] => MCSF = 0.94117, MCSF_err = 0.105665
[AnalysisInputs::SetCalculatedSysts] Get Systematics from /home/jskim/Documents/trilepton_13TeV/DiLepton/data/v8-0-7.32/Syst.txt
[AnalysisInputs::SetCalculatedSysts] source : Luminosity
[AnalysisInputs::SetCalculatedSysts] => % sysematic = 0.025
[AnalysisInputs::SetCalculatedSysts] source : FakeLooseID
[AnalysisInputs::SetCalculatedSysts] => % sysematic = 0.3
[AnalysisInputs::SetCalculatedSysts] source : ChrageFlipSyst
[AnalysisInputs::SetCalculatedSysts] => % sysematic = 0.21
[CutRangeInfo::ReadCutCard] Get Cutcard from /home/jskim/Documents/trilepton_13TeV/DiLepton/data/v8-0-7.32/CutOpCard/UseNonSkim/OPTIMIZED_171021_ElEl_HighMass/HNElEl_125.txt
Central	18.8153	10.4321	3.57196
_MuonEn_up	18.7208	10.4321	3.57196
_MuonEn_down	18.515	10.4321	3.57196
_MuonIDSF_up	18.8847	10.4321	3.57196
_MuonIDSF_down	18.759	10.4321	3.57196
_ElectronEn_up	18.4183	10.4321	3.57196
_ElectronEn_down	20.171	10.4321	3.57196
_ElectronIDSF_up	18.8312	10.4321	3.57196
_ElectronIDSF_down	18.7899	10.4321	3.57196
_TriggerSF_up	18.8146	10.4321	3.57196
_TriggerSF_down	18.9256	10.4321	3.57196
_PU_up	18.7742	10.4321	3.57196
_PU_down	18.6437	10.4321	3.57196
_JetEn_up	19.8456	10.4321	3.57196
_JetEn_down	18.5815	10.4321	3.57196
_JetRes_up	20.4723	10.4321	3.57196
_JetRes_down	17.9117	10.4321	3.57196
_Unclustered_up	18.1868	10.4321	3.57196
_Unclustered_down	20.1337	10.4321	3.57196
_BTagSFEff_up	18.593	10.4321	3.57196
_BTagSFEff_down	18.8829	10.4321	3.57196
_BTagSFMiss_up	17.7834	10.4321	3.57196
_BTagSFMiss_down	18.8372	10.4321	3.57196
_JetMass_up	18.8309	10.4321	3.57196
_JetMass_down	18.7194	10.4321	3.57196
_JetMassRes_up	18.793	10.4321	3.57196
_JetMassRes_down	18.7922	10.4321	3.57196

################ Sources ################
Source	SystTotal	SystPrompt	SystFake	Signal
Stat 10.13 17.04  8.50  1.39  2.60
Lumi 1.43  2.50 -  -  2.50
PDF  -  -  -  -  2.50
MuonPt  0.68 1.18  -  -  0.10
MuonID  0.19 0.34  -  -  0.13
ElectronE  3.04 5.31  -  -  1.21
ElectronID  0.06 0.11  -  -  0.36
Trigger  0.24 0.41  -  -  0.12
PU  0.38 0.66  -  -  2.76
JES  2.28 3.97  -  -  2.36
JER  4.07 7.09  -  -  1.92
Uncl  3.15 5.49  -  -  3.14
BEff  0.50 0.87  -  -  0.49
BMiss  2.22 3.88  -  -  0.47
JMS  0.21 0.37  -  -  0.08
JMR  0.07 0.12  -  -  0.21
MCNorm 2.67  4.65 -  -  -
Fake 9.54  -  30.00 - -
CF 2.29  -  -  21.00 -
Total Systematic 12.12 13.05  30.00  21.00  6.43

Total Background	32.819
- Prompt	18.815
- Fake	10.432
- CF	3.572

####### Result #######
Signal Eff	0.036613
32.819339 1.160
24.982 1.069
