
Processing HNMuMu_150.C...
[AnalysisInputs::SetMCSF] Get MC SF from /home/jskim/Documents/trilepton_13TeV/DiLepton/data/v8-0-7.36/MCSF.txt
[AnalysisInputs::SetMCSF] sample : VVV
[AnalysisInputs::SetMCSF] => MCSF = 1, MCSF_err = 0.5
[AnalysisInputs::SetMCSF] sample : WWW
[AnalysisInputs::SetMCSF] => MCSF = 1, MCSF_err = 0.5
[AnalysisInputs::SetMCSF] sample : WWZ
[AnalysisInputs::SetMCSF] => MCSF = 1, MCSF_err = 0.5
[AnalysisInputs::SetMCSF] sample : WZZ
[AnalysisInputs::SetMCSF] => MCSF = 1, MCSF_err = 0.5
[AnalysisInputs::SetMCSF] sample : ZZZ
[AnalysisInputs::SetMCSF] => MCSF = 1, MCSF_err = 0.5
[AnalysisInputs::SetMCSF] sample : ttV
[AnalysisInputs::SetMCSF] => MCSF = 1, MCSF_err = 0.5
[AnalysisInputs::SetMCSF] sample : ttW
[AnalysisInputs::SetMCSF] => MCSF = 1, MCSF_err = 0.5
[AnalysisInputs::SetMCSF] sample : ttZ
[AnalysisInputs::SetMCSF] => MCSF = 1, MCSF_err = 0.5
[AnalysisInputs::SetMCSF] sample : ttH_nonbb
[AnalysisInputs::SetMCSF] => MCSF = 1, MCSF_err = 0.5
[AnalysisInputs::SetMCSF] sample : top
[AnalysisInputs::SetMCSF] => MCSF = 1, MCSF_err = 0.5
[AnalysisInputs::SetMCSF] sample : WZTo3LNu_powheg
[AnalysisInputs::SetMCSF] => MCSF = 1.00165, MCSF_err = 0.0888561
[AnalysisInputs::SetMCSF] sample : ZGto2LG
[AnalysisInputs::SetMCSF] => MCSF = 0.794861, MCSF_err = 0.155181
[AnalysisInputs::SetMCSF] sample : ZZTo4L_powheg
[AnalysisInputs::SetMCSF] => MCSF = 0.926685, MCSF_err = 0.102827
[AnalysisInputs::SetMCSF] sample : ggZZto2e2mu
[AnalysisInputs::SetMCSF] => MCSF = 0.926685, MCSF_err = 0.102827
[AnalysisInputs::SetMCSF] sample : ggZZto2e2nu
[AnalysisInputs::SetMCSF] => MCSF = 0.926685, MCSF_err = 0.102827
[AnalysisInputs::SetMCSF] sample : ggZZto2e2tau
[AnalysisInputs::SetMCSF] => MCSF = 0.926685, MCSF_err = 0.102827
[AnalysisInputs::SetMCSF] sample : ggZZto2mu2nu
[AnalysisInputs::SetMCSF] => MCSF = 0.926685, MCSF_err = 0.102827
[AnalysisInputs::SetMCSF] sample : ggZZto2mu2tau
[AnalysisInputs::SetMCSF] => MCSF = 0.926685, MCSF_err = 0.102827
[AnalysisInputs::SetMCSF] sample : ggZZto4e
[AnalysisInputs::SetMCSF] => MCSF = 0.926685, MCSF_err = 0.102827
[AnalysisInputs::SetMCSF] sample : ggZZto4mu
[AnalysisInputs::SetMCSF] => MCSF = 0.926685, MCSF_err = 0.102827
[AnalysisInputs::SetMCSF] sample : ggZZto4tau
[AnalysisInputs::SetMCSF] => MCSF = 0.926685, MCSF_err = 0.102827
[AnalysisInputs::SetCalculatedSysts] Get Systematics from /home/jskim/Documents/trilepton_13TeV/DiLepton/data/v8-0-7.36/Syst.txt
[AnalysisInputs::SetCalculatedSysts] source : Luminosity
[AnalysisInputs::SetCalculatedSysts] => % sysematic = 0.025
[AnalysisInputs::SetCalculatedSysts] source : FakeLooseID
[AnalysisInputs::SetCalculatedSysts] => % sysematic = 0.3
[AnalysisInputs::SetCalculatedSysts] source : ChrageFlipSyst
[AnalysisInputs::SetCalculatedSysts] => % sysematic = 0.21
[CutRangeInfo::ReadCutCard] Get Cutcard from /home/jskim/Documents/trilepton_13TeV/DiLepton/data/v8-0-7.36/CutOpCard/OPTIMIZED_171107_MuMu_HighMass/HNMuMu_150.txt
prompt_tau21_syst = 0
signal_tau21_syst = 0
Central	14.392	9.59581	0
_MuonEn_up	14.9473	9.59581	0
_MuonEn_down	14.4914	9.59581	0
_MuonIDSF_up	15.0984	9.59581	0
_MuonIDSF_down	14.0731	9.59581	0
_ElectronEn_up	14.4769	9.59581	0
_ElectronEn_down	14.5001	9.59581	0
_ElectronIDSF_up	14.2198	9.59581	0
_ElectronIDSF_down	14.0146	9.59581	0
_TriggerSF_up	14.3805	9.59581	0
_TriggerSF_down	14.4002	9.59581	0
_PU_up	14.3321	9.59581	0
_PU_down	14.519	9.59581	0
_JetEn_up	15.0786	9.59581	0
_JetEn_down	14.3997	9.59581	0
_JetRes_up	13.9894	9.59581	0
_JetRes_down	14.919	9.59581	0
_Unclustered_up	14.6817	9.59581	0
_Unclustered_down	15.2652	9.59581	0
_BTagSFEff_up	14.2556	9.59581	0
_BTagSFEff_down	14.4422	9.59581	0
_BTagSFMiss_up	14.4911	9.59581	0
_BTagSFMiss_down	14.5347	9.59581	0
_JetMass_up	14.4931	9.59581	0
_JetMass_down	14.43	9.59581	0
_JetMassRes_up	14.7017	9.59581	0
_JetMassRes_down	14.4273	9.59581	0

################ Sources ################
Source	SystTotal	SystPrompt	SystFake	Signal
Stat 5.41 6.63  9.16  -nan  1.46
Lumi 1.50  2.50 -  -  2.50
PDF  -  -  -  -  8.53
MuonPt  1.66 2.77  -  -  0.01
MuonID  2.28 3.81  -  -  2.84
ElectronE  0.41 0.68  -  -  0.07
ElectronID  1.22 2.04  -  -  0.18
Trigger  0.04 0.07  -  -  0.18
PU  0.41 0.69  -  -  1.44
JES  2.02 3.37  -  -  1.76
JER  1.95 3.26  -  -  1.49
Uncl  2.71 4.52  -  -  2.63
BEff  0.43 0.71  -  -  0.41
BMiss  0.51 0.85  -  -  0.49
JMS  0.32 0.53  -  -  0.04
JMR  0.92 1.53  -  -  0.21
Tau21 0.00  0.00 -  -  0.00
MCNorm 8.84  14.73 -  -  -
Fake 12.00  -  30.00 - -
CF 0.00  -  -  -nan -
Total Systematic 15.84 17.23  30.00  -nan  10.09

Total Background	23.988
- Prompt	14.392
- Fake	9.596
- CF	0.000

####### Result #######
Signal Eff	0.102600
23.987798 1.167377
39.693682 1.102000
