
Processing Bin2_HNElEl_70.C...
[AnalysisInputs::SetMCSF] Get MC SF from /home/jskim/Documents/trilepton_13TeV/DiLepton/data/v8-0-7.36/MCSF.txt
[AnalysisInputs::SetMCSF] sample : VVV
[AnalysisInputs::SetMCSF] => MCSF = 1, MCSF_err = 0.5
[AnalysisInputs::SetMCSF] sample : WWW
[AnalysisInputs::SetMCSF] => MCSF = 1, MCSF_err = 0.5
[AnalysisInputs::SetMCSF] sample : WWZ
[AnalysisInputs::SetMCSF] => MCSF = 1, MCSF_err = 0.5
[AnalysisInputs::SetMCSF] sample : WZZ
[AnalysisInputs::SetMCSF] => MCSF = 1, MCSF_err = 0.5
[AnalysisInputs::SetMCSF] sample : ZZZ
[AnalysisInputs::SetMCSF] => MCSF = 1, MCSF_err = 0.5
[AnalysisInputs::SetMCSF] sample : ttV
[AnalysisInputs::SetMCSF] => MCSF = 1, MCSF_err = 0.5
[AnalysisInputs::SetMCSF] sample : ttW
[AnalysisInputs::SetMCSF] => MCSF = 1, MCSF_err = 0.5
[AnalysisInputs::SetMCSF] sample : ttZ
[AnalysisInputs::SetMCSF] => MCSF = 1, MCSF_err = 0.5
[AnalysisInputs::SetMCSF] sample : ttH_nonbb
[AnalysisInputs::SetMCSF] => MCSF = 1, MCSF_err = 0.5
[AnalysisInputs::SetMCSF] sample : top
[AnalysisInputs::SetMCSF] => MCSF = 1, MCSF_err = 0.5
[AnalysisInputs::SetMCSF] sample : WZTo3LNu_powheg
[AnalysisInputs::SetMCSF] => MCSF = 1.00165, MCSF_err = 0.0888561
[AnalysisInputs::SetMCSF] sample : ZGto2LG
[AnalysisInputs::SetMCSF] => MCSF = 0.794861, MCSF_err = 0.155181
[AnalysisInputs::SetMCSF] sample : ZZTo4L_powheg
[AnalysisInputs::SetMCSF] => MCSF = 0.926685, MCSF_err = 0.102827
[AnalysisInputs::SetMCSF] sample : ggZZto2e2mu
[AnalysisInputs::SetMCSF] => MCSF = 0.926685, MCSF_err = 0.102827
[AnalysisInputs::SetMCSF] sample : ggZZto2e2nu
[AnalysisInputs::SetMCSF] => MCSF = 0.926685, MCSF_err = 0.102827
[AnalysisInputs::SetMCSF] sample : ggZZto2e2tau
[AnalysisInputs::SetMCSF] => MCSF = 0.926685, MCSF_err = 0.102827
[AnalysisInputs::SetMCSF] sample : ggZZto2mu2nu
[AnalysisInputs::SetMCSF] => MCSF = 0.926685, MCSF_err = 0.102827
[AnalysisInputs::SetMCSF] sample : ggZZto2mu2tau
[AnalysisInputs::SetMCSF] => MCSF = 0.926685, MCSF_err = 0.102827
[AnalysisInputs::SetMCSF] sample : ggZZto4e
[AnalysisInputs::SetMCSF] => MCSF = 0.926685, MCSF_err = 0.102827
[AnalysisInputs::SetMCSF] sample : ggZZto4mu
[AnalysisInputs::SetMCSF] => MCSF = 0.926685, MCSF_err = 0.102827
[AnalysisInputs::SetMCSF] sample : ggZZto4tau
[AnalysisInputs::SetMCSF] => MCSF = 0.926685, MCSF_err = 0.102827
[AnalysisInputs::SetCalculatedSysts] Get Systematics from /home/jskim/Documents/trilepton_13TeV/DiLepton/data/v8-0-7.36/Syst.txt
[AnalysisInputs::SetCalculatedSysts] source : Luminosity
[AnalysisInputs::SetCalculatedSysts] => % sysematic = 0.025
[AnalysisInputs::SetCalculatedSysts] source : FakeLooseID
[AnalysisInputs::SetCalculatedSysts] => % sysematic = 0.3
[AnalysisInputs::SetCalculatedSysts] source : ChrageFlipSyst
[AnalysisInputs::SetCalculatedSysts] => % sysematic = 0.21
[CutRangeInfo::ReadCutCard] Get Cutcard from /home/jskim/Documents/trilepton_13TeV/DiLepton/data/v8-0-7.36/CutOpCard/OPTIMIZED_171021_ElEl_LowMass_Bin2/HNElEl_70.txt
prompt_tau21_syst = 0
signal_tau21_syst = 0
Central	21.0297	17.4057	1.48851
_MuonEn_up	21.0291	17.4057	1.48851
_MuonEn_down	20.705	17.4057	1.48851
_MuonIDSF_up	21.0226	17.4057	1.48851
_MuonIDSF_down	21.0173	17.4057	1.48851
_ElectronEn_up	20.3432	17.4057	1.48851
_ElectronEn_down	22.0638	17.4057	1.48851
_ElectronIDSF_up	21.6351	17.4057	1.48851
_ElectronIDSF_down	20.7082	17.4057	1.48851
_TriggerSF_up	21.0236	17.4057	1.48851
_TriggerSF_down	20.7115	17.4057	1.48851
_PU_up	20.0504	17.4057	1.48851
_PU_down	21.5578	17.4057	1.48851
_JetEn_up	23.3833	17.4057	1.48851
_JetEn_down	22.9688	17.4057	1.48851
_JetRes_up	21.0309	17.4057	1.48851
_JetRes_down	19.2672	17.4057	1.48851
_Unclustered_up	19.9951	17.4057	1.48851
_Unclustered_down	21.9284	17.4057	1.48851
_BTagSFEff_up	20.953	17.4057	1.48851
_BTagSFEff_down	20.711	17.4057	1.48851
_BTagSFMiss_up	20.9294	17.4057	1.48851
_BTagSFMiss_down	21.0238	17.4057	1.48851
_JetMass_up	21.0181	17.4057	1.48851
_JetMass_down	21.0302	17.4057	1.48851
_JetMassRes_up	21.0232	17.4057	1.48851
_JetMassRes_down	20.7106	17.4057	1.48851

################ Sources ################
Source	SystTotal	SystPrompt	SystFake	Signal
Stat 11.80 21.30  8.37  0.87  15.00
Lumi 1.32  2.50 -  -  2.50
PDF  -  -  -  -  7.58
MuonPt  0.58 1.09  -  -  1.72
MuonID  0.03 0.05  -  -  1.26
ElectronE  2.20 4.17  -  -  0.47
ElectronID  1.21 2.30  -  -  2.85
Trigger  0.56 1.07  -  -  1.09
PU  1.97 3.74  -  -  7.04
JES  5.40 10.25  -  -  2.81
JER  3.12 5.93  -  -  3.28
Uncl  2.43 4.61  -  -  5.44
BEff  0.58 1.10  -  -  0.00
BMiss  0.18 0.34  -  -  0.00
JMS  0.02 0.04  -  -  0.00
JMR  0.57 1.07  -  -  0.00
Tau21 0.00  0.00 -  -  0.00
MCNorm 0.56  1.06 -  -  -
Fake 13.08  -  30.00 - -
CF 0.78  -  -  21.00 -
Total Systematic 15.15 14.51  30.00  21.00  13.25

Total Background	39.924
- Prompt	21.030
- Fake	17.406
- CF	1.489

####### Result #######
Signal Eff	0.000492
39.923944 1.192166
56.139148 1.200161
