
Processing Bin2_HNElEl_60.C...
[AnalysisInputs::SetMCSF] Get MC SF from /home/jskim/Documents/trilepton_13TeV/DiLepton/data/v8-0-7.36/MCSF.txt
[AnalysisInputs::SetMCSF] sample : VVV
[AnalysisInputs::SetMCSF] => MCSF = 1, MCSF_err = 0.5
[AnalysisInputs::SetMCSF] sample : WWW
[AnalysisInputs::SetMCSF] => MCSF = 1, MCSF_err = 0.5
[AnalysisInputs::SetMCSF] sample : WWZ
[AnalysisInputs::SetMCSF] => MCSF = 1, MCSF_err = 0.5
[AnalysisInputs::SetMCSF] sample : WZZ
[AnalysisInputs::SetMCSF] => MCSF = 1, MCSF_err = 0.5
[AnalysisInputs::SetMCSF] sample : ZZZ
[AnalysisInputs::SetMCSF] => MCSF = 1, MCSF_err = 0.5
[AnalysisInputs::SetMCSF] sample : ttV
[AnalysisInputs::SetMCSF] => MCSF = 1, MCSF_err = 0.5
[AnalysisInputs::SetMCSF] sample : ttW
[AnalysisInputs::SetMCSF] => MCSF = 1, MCSF_err = 0.5
[AnalysisInputs::SetMCSF] sample : ttZ
[AnalysisInputs::SetMCSF] => MCSF = 1, MCSF_err = 0.5
[AnalysisInputs::SetMCSF] sample : ttH_nonbb
[AnalysisInputs::SetMCSF] => MCSF = 1, MCSF_err = 0.5
[AnalysisInputs::SetMCSF] sample : top
[AnalysisInputs::SetMCSF] => MCSF = 1, MCSF_err = 0.5
[AnalysisInputs::SetMCSF] sample : WZTo3LNu_powheg
[AnalysisInputs::SetMCSF] => MCSF = 1.00165, MCSF_err = 0.0888561
[AnalysisInputs::SetMCSF] sample : ZGto2LG
[AnalysisInputs::SetMCSF] => MCSF = 0.794861, MCSF_err = 0.155181
[AnalysisInputs::SetMCSF] sample : ZZTo4L_powheg
[AnalysisInputs::SetMCSF] => MCSF = 0.926685, MCSF_err = 0.102827
[AnalysisInputs::SetMCSF] sample : ggZZto2e2mu
[AnalysisInputs::SetMCSF] => MCSF = 0.926685, MCSF_err = 0.102827
[AnalysisInputs::SetMCSF] sample : ggZZto2e2nu
[AnalysisInputs::SetMCSF] => MCSF = 0.926685, MCSF_err = 0.102827
[AnalysisInputs::SetMCSF] sample : ggZZto2e2tau
[AnalysisInputs::SetMCSF] => MCSF = 0.926685, MCSF_err = 0.102827
[AnalysisInputs::SetMCSF] sample : ggZZto2mu2nu
[AnalysisInputs::SetMCSF] => MCSF = 0.926685, MCSF_err = 0.102827
[AnalysisInputs::SetMCSF] sample : ggZZto2mu2tau
[AnalysisInputs::SetMCSF] => MCSF = 0.926685, MCSF_err = 0.102827
[AnalysisInputs::SetMCSF] sample : ggZZto4e
[AnalysisInputs::SetMCSF] => MCSF = 0.926685, MCSF_err = 0.102827
[AnalysisInputs::SetMCSF] sample : ggZZto4mu
[AnalysisInputs::SetMCSF] => MCSF = 0.926685, MCSF_err = 0.102827
[AnalysisInputs::SetMCSF] sample : ggZZto4tau
[AnalysisInputs::SetMCSF] => MCSF = 0.926685, MCSF_err = 0.102827
[AnalysisInputs::SetCalculatedSysts] Get Systematics from /home/jskim/Documents/trilepton_13TeV/DiLepton/data/v8-0-7.36/Syst.txt
[AnalysisInputs::SetCalculatedSysts] source : Luminosity
[AnalysisInputs::SetCalculatedSysts] => % sysematic = 0.025
[AnalysisInputs::SetCalculatedSysts] source : FakeLooseID
[AnalysisInputs::SetCalculatedSysts] => % sysematic = 0.3
[AnalysisInputs::SetCalculatedSysts] source : ChrageFlipSyst
[AnalysisInputs::SetCalculatedSysts] => % sysematic = 0.21
[CutRangeInfo::ReadCutCard] Get Cutcard from /home/jskim/Documents/trilepton_13TeV/DiLepton/data/v8-0-7.36/CutOpCard/OPTIMIZED_171021_ElEl_LowMass_Bin2/HNElEl_60.txt
prompt_tau21_syst = 0
signal_tau21_syst = 0
Central	21.0234	15.817	1.48851
_MuonEn_up	21.0292	15.817	1.48851
_MuonEn_down	21.0143	15.817	1.48851
_MuonIDSF_up	21.0177	15.817	1.48851
_MuonIDSF_down	21.0105	15.817	1.48851
_ElectronEn_up	20.4293	15.817	1.48851
_ElectronEn_down	22.0626	15.817	1.48851
_ElectronIDSF_up	21.6353	15.817	1.48851
_ElectronIDSF_down	20.4202	15.817	1.48851
_TriggerSF_up	21.0182	15.817	1.48851
_TriggerSF_down	21.0241	15.817	1.48851
_PU_up	20.0483	15.817	1.48851
_PU_down	21.5404	15.817	1.48851
_JetEn_up	23.2373	15.817	1.48851
_JetEn_down	22.9633	15.817	1.48851
_JetRes_up	20.9712	15.817	1.48851
_JetRes_down	19.262	15.817	1.48851
_Unclustered_up	19.9879	15.817	1.48851
_Unclustered_down	21.9279	15.817	1.48851
_BTagSFEff_up	20.9456	15.817	1.48851
_BTagSFEff_down	21.0231	15.817	1.48851
_BTagSFMiss_up	21.0062	15.817	1.48851
_BTagSFMiss_down	20.7107	15.817	1.48851
_JetMass_up	21.0237	15.817	1.48851
_JetMass_down	21.0191	15.817	1.48851
_JetMassRes_up	21.0129	15.817	1.48851
_JetMassRes_down	21.0178	15.817	1.48851

################ Sources ################
Source	SystTotal	SystPrompt	SystFake	Signal
Stat 12.25 21.31  8.87  0.87  8.02
Lumi 1.37  2.50 -  -  2.50
PDF  -  -  -  -  7.58
MuonPt  0.02 0.04  -  -  0.67
MuonID  0.03 0.05  -  -  0.03
ElectronE  2.21 4.03  -  -  5.32
ElectronID  1.59 2.89  -  -  3.63
Trigger  0.01 0.02  -  -  0.38
PU  2.04 3.71  -  -  3.75
JES  5.43 9.90  -  -  1.99
JER  3.25 5.93  -  -  1.48
Uncl  2.54 4.62  -  -  2.15
BEff  0.14 0.26  -  -  0.40
BMiss  0.58 1.05  -  -  0.00
JMS  0.01 0.01  -  -  0.56
JMR  0.02 0.04  -  -  0.40
Tau21 0.00  0.00 -  -  0.00
MCNorm 0.58  1.06 -  -  -
Fake 12.38  -  30.00 - -
CF 0.82  -  -  21.00 -
Total Systematic 14.62 14.19  30.00  21.00  11.46

Total Background	38.329
- Prompt	21.023
- Fake	15.817
- CF	1.489

####### Result #######
Signal Eff	0.002050
38.328912 1.190926
685.220794 1.139888
