
Processing Bin2_HNElEl_200.C...
[AnalysisInputs::SetMCSF] Get MC SF from /home/jskim/Documents/trilepton_13TeV/DiLepton/data/v8-0-7.36/MCSF.txt
[AnalysisInputs::SetMCSF] sample : VVV
[AnalysisInputs::SetMCSF] => MCSF = 1, MCSF_err = 0.5
[AnalysisInputs::SetMCSF] sample : WWW
[AnalysisInputs::SetMCSF] => MCSF = 1, MCSF_err = 0.5
[AnalysisInputs::SetMCSF] sample : WWZ
[AnalysisInputs::SetMCSF] => MCSF = 1, MCSF_err = 0.5
[AnalysisInputs::SetMCSF] sample : WZZ
[AnalysisInputs::SetMCSF] => MCSF = 1, MCSF_err = 0.5
[AnalysisInputs::SetMCSF] sample : ZZZ
[AnalysisInputs::SetMCSF] => MCSF = 1, MCSF_err = 0.5
[AnalysisInputs::SetMCSF] sample : ttV
[AnalysisInputs::SetMCSF] => MCSF = 1, MCSF_err = 0.5
[AnalysisInputs::SetMCSF] sample : ttW
[AnalysisInputs::SetMCSF] => MCSF = 1, MCSF_err = 0.5
[AnalysisInputs::SetMCSF] sample : ttZ
[AnalysisInputs::SetMCSF] => MCSF = 1, MCSF_err = 0.5
[AnalysisInputs::SetMCSF] sample : ttH_nonbb
[AnalysisInputs::SetMCSF] => MCSF = 1, MCSF_err = 0.5
[AnalysisInputs::SetMCSF] sample : top
[AnalysisInputs::SetMCSF] => MCSF = 1, MCSF_err = 0.5
[AnalysisInputs::SetMCSF] sample : WZTo3LNu_powheg
[AnalysisInputs::SetMCSF] => MCSF = 1.00165, MCSF_err = 0.0888561
[AnalysisInputs::SetMCSF] sample : ZGto2LG
[AnalysisInputs::SetMCSF] => MCSF = 0.794861, MCSF_err = 0.155181
[AnalysisInputs::SetMCSF] sample : ZZTo4L_powheg
[AnalysisInputs::SetMCSF] => MCSF = 0.926685, MCSF_err = 0.102827
[AnalysisInputs::SetMCSF] sample : ggZZto2e2mu
[AnalysisInputs::SetMCSF] => MCSF = 0.926685, MCSF_err = 0.102827
[AnalysisInputs::SetMCSF] sample : ggZZto2e2nu
[AnalysisInputs::SetMCSF] => MCSF = 0.926685, MCSF_err = 0.102827
[AnalysisInputs::SetMCSF] sample : ggZZto2e2tau
[AnalysisInputs::SetMCSF] => MCSF = 0.926685, MCSF_err = 0.102827
[AnalysisInputs::SetMCSF] sample : ggZZto2mu2nu
[AnalysisInputs::SetMCSF] => MCSF = 0.926685, MCSF_err = 0.102827
[AnalysisInputs::SetMCSF] sample : ggZZto2mu2tau
[AnalysisInputs::SetMCSF] => MCSF = 0.926685, MCSF_err = 0.102827
[AnalysisInputs::SetMCSF] sample : ggZZto4e
[AnalysisInputs::SetMCSF] => MCSF = 0.926685, MCSF_err = 0.102827
[AnalysisInputs::SetMCSF] sample : ggZZto4mu
[AnalysisInputs::SetMCSF] => MCSF = 0.926685, MCSF_err = 0.102827
[AnalysisInputs::SetMCSF] sample : ggZZto4tau
[AnalysisInputs::SetMCSF] => MCSF = 0.926685, MCSF_err = 0.102827
[AnalysisInputs::SetCalculatedSysts] Get Systematics from /home/jskim/Documents/trilepton_13TeV/DiLepton/data/v8-0-7.36/Syst.txt
[AnalysisInputs::SetCalculatedSysts] source : Luminosity
[AnalysisInputs::SetCalculatedSysts] => % sysematic = 0.025
[AnalysisInputs::SetCalculatedSysts] source : FakeLooseID
[AnalysisInputs::SetCalculatedSysts] => % sysematic = 0.3
[AnalysisInputs::SetCalculatedSysts] source : ChrageFlipSyst
[AnalysisInputs::SetCalculatedSysts] => % sysematic = 0.21
[CutRangeInfo::ReadCutCard] Get Cutcard from /home/jskim/Documents/trilepton_13TeV/DiLepton/data/v8-0-7.36/CutOpCard/OPTIMIZED_171108_ElEl_HighMass_Bin2/HNElEl_200.txt
prompt_tau21_syst = 0.0618624
signal_tau21_syst = 0.0580547
Central	0.850901	0.062464	0.0806805
_MuonEn_up	0.854887	0.062464	0.0806805
_MuonEn_down	0.855402	0.062464	0.0806805
_MuonIDSF_up	0.853276	0.062464	0.0806805
_MuonIDSF_down	0.85965	0.062464	0.0806805
_ElectronEn_up	0.808084	0.062464	0.0806805
_ElectronEn_down	0.785454	0.062464	0.0806805
_ElectronIDSF_up	0.883405	0.062464	0.0806805
_ElectronIDSF_down	0.824779	0.062464	0.0806805
_TriggerSF_up	0.856778	0.062464	0.0806805
_TriggerSF_down	0.85017	0.062464	0.0806805
_PU_up	0.914044	0.062464	0.0806805
_PU_down	0.897541	0.062464	0.0806805
_JetEn_up	0.857795	0.062464	0.0806805
_JetEn_down	0.855895	0.062464	0.0806805
_JetRes_up	0.780038	0.062464	0.0806805
_JetRes_down	0.863807	0.062464	0.0806805
_Unclustered_up	0.874824	0.062464	0.0806805
_Unclustered_down	0.848544	0.062464	0.0806805
_BTagSFEff_up	0.850281	0.062464	0.0806805
_BTagSFEff_down	0.857706	0.062464	0.0806805
_BTagSFMiss_up	0.862137	0.062464	0.0806805
_BTagSFMiss_down	0.904809	0.062464	0.0806805
_JetMass_up	0.861264	0.062464	0.0806805
_JetMass_down	0.902027	0.062464	0.0806805
_JetMassRes_up	0.848912	0.062464	0.0806805
_JetMassRes_down	0.858618	0.062464	0.0806805

################ Sources ################
Source	SystTotal	SystPrompt	SystFake	Signal
Stat 21.32 23.60  108.58  16.20  5.01
Lumi 2.14  2.50 -  -  2.50
PDF  -  -  -  -  2.50
MuonPt  0.43 0.50  -  -  0.73
MuonID  0.64 0.75  -  -  0.34
ElectronE  5.56 6.50  -  -  1.37
ElectronID  2.97 3.47  -  -  3.69
Trigger  0.42 0.49  -  -  0.73
PU  5.58 6.52  -  -  2.00
JES  0.61 0.71  -  -  1.10
JER  5.12 5.99  -  -  1.11
Uncl  1.71 2.00  -  -  0.58
BEff  0.49 0.57  -  -  0.67
BMiss  3.92 4.58  -  -  1.12
JMS  3.71 4.33  -  -  0.45
JMR  0.57 0.66  -  -  1.71
Tau21 6.22  7.27 -  -  7.30
MCNorm 11.28  13.18 -  -  -
Fake 1.89  -  30.00 - -
CF 1.70  -  -  21.00 -
Total Systematic 17.47 20.29  30.00  21.00  6.38

Total Background	0.994
- Prompt	0.851
- Fake	0.062
- CF	0.081

####### Result #######
Signal Eff	0.007214
0.994046 1.276468
0.795508 1.109135
