
Processing CyclesForOptimization_ElEl_Bin2/HNElEl_1000.C...
[AnalysisInputs::SetMCSF] Get MC SF from /data8/Users/jskim/HN_dilepton_plotter/data/v8-0-7.37_PreApproval/MCSF.txt
[AnalysisInputs::SetMCSF] sample : VVV
[AnalysisInputs::SetMCSF] => MCSF = 1, MCSF_err = 0.5
[AnalysisInputs::SetMCSF] sample : WWW
[AnalysisInputs::SetMCSF] => MCSF = 1, MCSF_err = 0.5
[AnalysisInputs::SetMCSF] sample : WWZ
[AnalysisInputs::SetMCSF] => MCSF = 1, MCSF_err = 0.5
[AnalysisInputs::SetMCSF] sample : WZZ
[AnalysisInputs::SetMCSF] => MCSF = 1, MCSF_err = 0.5
[AnalysisInputs::SetMCSF] sample : ZZZ
[AnalysisInputs::SetMCSF] => MCSF = 1, MCSF_err = 0.5
[AnalysisInputs::SetMCSF] sample : ttV
[AnalysisInputs::SetMCSF] => MCSF = 1, MCSF_err = 0.5
[AnalysisInputs::SetMCSF] sample : ttW
[AnalysisInputs::SetMCSF] => MCSF = 1, MCSF_err = 0.5
[AnalysisInputs::SetMCSF] sample : ttZ
[AnalysisInputs::SetMCSF] => MCSF = 1, MCSF_err = 0.5
[AnalysisInputs::SetMCSF] sample : ttH_nonbb
[AnalysisInputs::SetMCSF] => MCSF = 1, MCSF_err = 0.5
[AnalysisInputs::SetMCSF] sample : top
[AnalysisInputs::SetMCSF] => MCSF = 1, MCSF_err = 0.5
[AnalysisInputs::SetMCSF] sample : WWTo2L2Nu_DS
[AnalysisInputs::SetMCSF] => MCSF = 1, MCSF_err = 0.5
[AnalysisInputs::SetMCSF] sample : WpWpEWK
[AnalysisInputs::SetMCSF] => MCSF = 1, MCSF_err = 0.5
[AnalysisInputs::SetMCSF] sample : WpWpQCD
[AnalysisInputs::SetMCSF] => MCSF = 1, MCSF_err = 0.5
[AnalysisInputs::SetMCSF] sample : WZTo3LNu_mllmin01
[AnalysisInputs::SetMCSF] => MCSF = 0.65, MCSF_err = 0.06
[AnalysisInputs::SetMCSF] sample : WZTo3LNu_powheg
[AnalysisInputs::SetMCSF] => MCSF = 1.05044, MCSF_err = 0.0648798
[AnalysisInputs::SetMCSF] sample : ZGto2LG
[AnalysisInputs::SetMCSF] => MCSF = 1.09954, MCSF_err = 0.076377
[AnalysisInputs::SetMCSF] sample : WGtoLNuG
[AnalysisInputs::SetMCSF] => MCSF = 1, MCSF_err = 0.076377
[AnalysisInputs::SetMCSF] sample : WGtoLNuG_weighted
[AnalysisInputs::SetMCSF] => MCSF = 1, MCSF_err = 0.076377
[AnalysisInputs::SetMCSF] sample : ZZTo4L_powheg
[AnalysisInputs::SetMCSF] => MCSF = 0.978852, MCSF_err = 0.0792882
[AnalysisInputs::SetMCSF] sample : ggZZto2e2mu
[AnalysisInputs::SetMCSF] => MCSF = 0.978852, MCSF_err = 0.0792882
[AnalysisInputs::SetMCSF] sample : ggZZto2e2nu
[AnalysisInputs::SetMCSF] => MCSF = 0.978852, MCSF_err = 0.0792882
[AnalysisInputs::SetMCSF] sample : ggZZto2e2tau
[AnalysisInputs::SetMCSF] => MCSF = 0.978852, MCSF_err = 0.0792882
[AnalysisInputs::SetMCSF] sample : ggZZto2mu2nu
[AnalysisInputs::SetMCSF] => MCSF = 0.978852, MCSF_err = 0.0792882
[AnalysisInputs::SetMCSF] sample : ggZZto2mu2tau
[AnalysisInputs::SetMCSF] => MCSF = 0.978852, MCSF_err = 0.0792882
[AnalysisInputs::SetMCSF] sample : ggZZto4e
[AnalysisInputs::SetMCSF] => MCSF = 0.978852, MCSF_err = 0.0792882
[AnalysisInputs::SetMCSF] sample : ggZZto4mu
[AnalysisInputs::SetMCSF] => MCSF = 0.978852, MCSF_err = 0.0792882
[AnalysisInputs::SetMCSF] sample : ggZZto4tau
[AnalysisInputs::SetMCSF] => MCSF = 0.978852, MCSF_err = 0.0792882
[AnalysisInputs::SetMCSF] sample : ggHtoZZ
[AnalysisInputs::SetMCSF] => MCSF = 0.978852, MCSF_err = 0.0792882
[AnalysisInputs::SetCalculatedSysts] Get Systematics from /data8/Users/jskim/HN_dilepton_plotter/data/v8-0-7.37_PreApproval/Syst.txt
[AnalysisInputs::SetCalculatedSysts] source : Luminosity
[AnalysisInputs::SetCalculatedSysts] => % sysematic = 0.025
[AnalysisInputs::SetCalculatedSysts] source : FakeLooseID
[AnalysisInputs::SetCalculatedSysts] => % sysematic = 0.3
[AnalysisInputs::SetCalculatedSysts] source : ChrageFlipSyst
[AnalysisInputs::SetCalculatedSysts] => % sysematic = 0.16
[CutRangeInfo::ReadCutCard] Get Cutcard from /data8/Users/jskim/HN_dilepton_plotter/data/v8-0-7.37_PreApproval/CutOpCard/RunDirectory/CyclesForOptimization_ElEl_Bin2/Cards//HNElEl_1000.txt

##################################################
#### TOTAL # of Loop = 3721
##################################################

[CutRangeInfo::PrintCutRangeInfo] leadingLepton_Pt_>
[CutInfo::PrintCutInfo] leadingLepton_Pt	>	140
[CutRangeInfo::PrintCutRangeInfo] ljj_|<
[CutInfo::PrintCutInfo] ljj	|<	1300
[CutInfo::PrintCutInfo] ljj	|<	1295
[CutInfo::PrintCutInfo] ljj	|<	1290
[CutInfo::PrintCutInfo] ljj	|<	1285
[CutInfo::PrintCutInfo] ljj	|<	1280
[CutInfo::PrintCutInfo] ljj	|<	1275
[CutInfo::PrintCutInfo] ljj	|<	1270
[CutInfo::PrintCutInfo] ljj	|<	1265
[CutInfo::PrintCutInfo] ljj	|<	1260
[CutInfo::PrintCutInfo] ljj	|<	1255
[CutInfo::PrintCutInfo] ljj	|<	1250
[CutInfo::PrintCutInfo] ljj	|<	1245
[CutInfo::PrintCutInfo] ljj	|<	1240
[CutInfo::PrintCutInfo] ljj	|<	1235
[CutInfo::PrintCutInfo] ljj	|<	1230
[CutInfo::PrintCutInfo] ljj	|<	1225
[CutInfo::PrintCutInfo] ljj	|<	1220
[CutInfo::PrintCutInfo] ljj	|<	1215
[CutInfo::PrintCutInfo] ljj	|<	1210
[CutInfo::PrintCutInfo] ljj	|<	1205
[CutInfo::PrintCutInfo] ljj	|<	1200
[CutInfo::PrintCutInfo] ljj	|<	1195
[CutInfo::PrintCutInfo] ljj	|<	1190
[CutInfo::PrintCutInfo] ljj	|<	1185
[CutInfo::PrintCutInfo] ljj	|<	1180
[CutInfo::PrintCutInfo] ljj	|<	1175
[CutInfo::PrintCutInfo] ljj	|<	1170
[CutInfo::PrintCutInfo] ljj	|<	1165
[CutInfo::PrintCutInfo] ljj	|<	1160
[CutInfo::PrintCutInfo] ljj	|<	1155
[CutInfo::PrintCutInfo] ljj	|<	1150
[CutInfo::PrintCutInfo] ljj	|<	1145
[CutInfo::PrintCutInfo] ljj	|<	1140
[CutInfo::PrintCutInfo] ljj	|<	1135
[CutInfo::PrintCutInfo] ljj	|<	1130
[CutInfo::PrintCutInfo] ljj	|<	1125
[CutInfo::PrintCutInfo] ljj	|<	1120
[CutInfo::PrintCutInfo] ljj	|<	1115
[CutInfo::PrintCutInfo] ljj	|<	1110
[CutInfo::PrintCutInfo] ljj	|<	1105
[CutInfo::PrintCutInfo] ljj	|<	1100
[CutInfo::PrintCutInfo] ljj	|<	1095
[CutInfo::PrintCutInfo] ljj	|<	1090
[CutInfo::PrintCutInfo] ljj	|<	1085
[CutInfo::PrintCutInfo] ljj	|<	1080
[CutInfo::PrintCutInfo] ljj	|<	1075
[CutInfo::PrintCutInfo] ljj	|<	1070
[CutInfo::PrintCutInfo] ljj	|<	1065
[CutInfo::PrintCutInfo] ljj	|<	1060
[CutInfo::PrintCutInfo] ljj	|<	1055
[CutInfo::PrintCutInfo] ljj	|<	1050
[CutInfo::PrintCutInfo] ljj	|<	1045
[CutInfo::PrintCutInfo] ljj	|<	1040
[CutInfo::PrintCutInfo] ljj	|<	1035
[CutInfo::PrintCutInfo] ljj	|<	1030
[CutInfo::PrintCutInfo] ljj	|<	1025
[CutInfo::PrintCutInfo] ljj	|<	1020
[CutInfo::PrintCutInfo] ljj	|<	1015
[CutInfo::PrintCutInfo] ljj	|<	1010
[CutInfo::PrintCutInfo] ljj	|<	1005
[CutInfo::PrintCutInfo] ljj	|<	1000
[CutRangeInfo::PrintCutRangeInfo] ljj_|>
[CutInfo::PrintCutInfo] ljj	|>	700
[CutInfo::PrintCutInfo] ljj	|>	705
[CutInfo::PrintCutInfo] ljj	|>	710
[CutInfo::PrintCutInfo] ljj	|>	715
[CutInfo::PrintCutInfo] ljj	|>	720
[CutInfo::PrintCutInfo] ljj	|>	725
[CutInfo::PrintCutInfo] ljj	|>	730
[CutInfo::PrintCutInfo] ljj	|>	735
[CutInfo::PrintCutInfo] ljj	|>	740
[CutInfo::PrintCutInfo] ljj	|>	745
[CutInfo::PrintCutInfo] ljj	|>	750
[CutInfo::PrintCutInfo] ljj	|>	755
[CutInfo::PrintCutInfo] ljj	|>	760
[CutInfo::PrintCutInfo] ljj	|>	765
[CutInfo::PrintCutInfo] ljj	|>	770
[CutInfo::PrintCutInfo] ljj	|>	775
[CutInfo::PrintCutInfo] ljj	|>	780
[CutInfo::PrintCutInfo] ljj	|>	785
[CutInfo::PrintCutInfo] ljj	|>	790
[CutInfo::PrintCutInfo] ljj	|>	795
[CutInfo::PrintCutInfo] ljj	|>	800
[CutInfo::PrintCutInfo] ljj	|>	805
[CutInfo::PrintCutInfo] ljj	|>	810
[CutInfo::PrintCutInfo] ljj	|>	815
[CutInfo::PrintCutInfo] ljj	|>	820
[CutInfo::PrintCutInfo] ljj	|>	825
[CutInfo::PrintCutInfo] ljj	|>	830
[CutInfo::PrintCutInfo] ljj	|>	835
[CutInfo::PrintCutInfo] ljj	|>	840
[CutInfo::PrintCutInfo] ljj	|>	845
[CutInfo::PrintCutInfo] ljj	|>	850
[CutInfo::PrintCutInfo] ljj	|>	855
[CutInfo::PrintCutInfo] ljj	|>	860
[CutInfo::PrintCutInfo] ljj	|>	865
[CutInfo::PrintCutInfo] ljj	|>	870
[CutInfo::PrintCutInfo] ljj	|>	875
[CutInfo::PrintCutInfo] ljj	|>	880
[CutInfo::PrintCutInfo] ljj	|>	885
[CutInfo::PrintCutInfo] ljj	|>	890
[CutInfo::PrintCutInfo] ljj	|>	895
[CutInfo::PrintCutInfo] ljj	|>	900
[CutInfo::PrintCutInfo] ljj	|>	905
[CutInfo::PrintCutInfo] ljj	|>	910
[CutInfo::PrintCutInfo] ljj	|>	915
[CutInfo::PrintCutInfo] ljj	|>	920
[CutInfo::PrintCutInfo] ljj	|>	925
[CutInfo::PrintCutInfo] ljj	|>	930
[CutInfo::PrintCutInfo] ljj	|>	935
[CutInfo::PrintCutInfo] ljj	|>	940
[CutInfo::PrintCutInfo] ljj	|>	945
[CutInfo::PrintCutInfo] ljj	|>	950
[CutInfo::PrintCutInfo] ljj	|>	955
[CutInfo::PrintCutInfo] ljj	|>	960
[CutInfo::PrintCutInfo] ljj	|>	965
[CutInfo::PrintCutInfo] ljj	|>	970
[CutInfo::PrintCutInfo] ljj	|>	975
[CutInfo::PrintCutInfo] ljj	|>	980
[CutInfo::PrintCutInfo] ljj	|>	985
[CutInfo::PrintCutInfo] ljj	|>	990
[CutInfo::PrintCutInfo] ljj	|>	995
[CutInfo::PrintCutInfo] ljj	|>	1000

##############################
#### OPTIMIZATION STARTED ####
##############################


!!!!!!!!!!!!!!!!!
!!!! UPDATED !!!!
!!!!!!!!!!!!!!!!!

[CutInfo::PrintCutInfo] leadingLepton_Pt	>	140
[CutInfo::PrintCutInfo] ljj	|<	1300
[CutInfo::PrintCutInfo] ljj	|>	700
CF	0.140802 +- 0.0314766
Fake	0.307573 +- 0.213631
Prompt	0.787363 +- 0.29085
=> total bkg = 1.23574
Signal	Yield	Efficiency	Efficiency@Presel	Punzi
HNElEl_1000	0.0415801	0.223776	2.12806e-06	3.30494e-07
=====================================================================


!!!!!!!!!!!!!!!!!
!!!! UPDATED !!!!
!!!!!!!!!!!!!!!!!

[CutInfo::PrintCutInfo] leadingLepton_Pt	>	140
[CutInfo::PrintCutInfo] ljj	|<	1295
[CutInfo::PrintCutInfo] ljj	|>	700
CF	0.140802 +- 0.0314766
Fake	0.307573 +- 0.213631
Prompt	0.783242 +- 0.289303
=> total bkg = 1.23162
Signal	Yield	Efficiency	Efficiency@Presel	Punzi
HNElEl_1000	0.0415708	0.223724	2.12758e-06	3.30747e-07
=====================================================================


!!!!!!!!!!!!!!!!!
!!!! UPDATED !!!!
!!!!!!!!!!!!!!!!!

[CutInfo::PrintCutInfo] leadingLepton_Pt	>	140
[CutInfo::PrintCutInfo] ljj	|<	1290
[CutInfo::PrintCutInfo] ljj	|>	700
CF	0.140802 +- 0.0314766
Fake	0.307573 +- 0.213631
Prompt	0.778936 +- 0.287691
=> total bkg = 1.22731
Signal	Yield	Efficiency	Efficiency@Presel	Punzi
HNElEl_1000	0.0415648	0.22369	2.12727e-06	3.31043e-07
=====================================================================


!!!!!!!!!!!!!!!!!
!!!! UPDATED !!!!
!!!!!!!!!!!!!!!!!

[CutInfo::PrintCutInfo] leadingLepton_Pt	>	140
[CutInfo::PrintCutInfo] ljj	|<	1300
[CutInfo::PrintCutInfo] ljj	|>	705
CF	0.132299 +- 0.0300357
Fake	0.307928 +- 0.213677
Prompt	0.779113 +- 0.287756
=> total bkg = 1.21934
Signal	Yield	Efficiency	Efficiency@Presel	Punzi
HNElEl_1000	0.0415752	0.223759	2.12781e-06	3.31653e-07
=====================================================================


!!!!!!!!!!!!!!!!!
!!!! UPDATED !!!!
!!!!!!!!!!!!!!!!!

[CutInfo::PrintCutInfo] leadingLepton_Pt	>	140
[CutInfo::PrintCutInfo] ljj	|<	1295
[CutInfo::PrintCutInfo] ljj	|>	705
CF	0.132299 +- 0.0300357
Fake	0.307928 +- 0.213677
Prompt	0.774992 +- 0.286221
=> total bkg = 1.21522
Signal	Yield	Efficiency	Efficiency@Presel	Punzi
HNElEl_1000	0.0415658	0.223707	2.12733e-06	3.31909e-07
=====================================================================


!!!!!!!!!!!!!!!!!
!!!! UPDATED !!!!
!!!!!!!!!!!!!!!!!

[CutInfo::PrintCutInfo] leadingLepton_Pt	>	140
[CutInfo::PrintCutInfo] ljj	|<	1290
[CutInfo::PrintCutInfo] ljj	|>	705
CF	0.132299 +- 0.0300357
Fake	0.307928 +- 0.213677
Prompt	0.770686 +- 0.284623
=> total bkg = 1.21091
Signal	Yield	Efficiency	Efficiency@Presel	Punzi
HNElEl_1000	0.0415598	0.223672	2.12702e-06	3.32208e-07
=====================================================================

####################################################
TIME STAMP : [2018/1/16 21:4:46] 100 / 3721 (2.68745 %)
####################################################
[CutInfo::PrintCutInfo] leadingLepton_Pt	>	140
[CutInfo::PrintCutInfo] ljj	|<	1290
[CutInfo::PrintCutInfo] ljj	|>	705

!!!!!!!!!!!!!!!!!
!!!! UPDATED !!!!
!!!!!!!!!!!!!!!!!

[CutInfo::PrintCutInfo] leadingLepton_Pt	>	140
[CutInfo::PrintCutInfo] ljj	|<	1290
[CutInfo::PrintCutInfo] ljj	|>	710
CF	0.132156 +- 0.0300194
Fake	0.308578 +- 0.213761
Prompt	0.767637 +- 0.283502
=> total bkg = 1.20837
Signal	Yield	Efficiency	Efficiency@Presel	Punzi
HNElEl_1000	0.0415426	0.223586	2.12614e-06	3.3228e-07
=====================================================================


!!!!!!!!!!!!!!!!!
!!!! UPDATED !!!!
!!!!!!!!!!!!!!!!!

[CutInfo::PrintCutInfo] leadingLepton_Pt	>	140
[CutInfo::PrintCutInfo] ljj	|<	1300
[CutInfo::PrintCutInfo] ljj	|>	715
CF	0.126367 +- 0.0290828
Fake	0.308586 +- 0.213762
Prompt	0.77011 +- 0.284429
=> total bkg = 1.20506
Signal	Yield	Efficiency	Efficiency@Presel	Punzi
HNElEl_1000	0.0415493	0.223621	2.12648e-06	3.32523e-07
=====================================================================


!!!!!!!!!!!!!!!!!
!!!! UPDATED !!!!
!!!!!!!!!!!!!!!!!

[CutInfo::PrintCutInfo] leadingLepton_Pt	>	140
[CutInfo::PrintCutInfo] ljj	|<	1295
[CutInfo::PrintCutInfo] ljj	|>	715
CF	0.126367 +- 0.0290828
Fake	0.308586 +- 0.213762
Prompt	0.765989 +- 0.282909
=> total bkg = 1.20094
Signal	Yield	Efficiency	Efficiency@Presel	Punzi
HNElEl_1000	0.04154	0.223569	2.126e-06	3.32782e-07
=====================================================================


!!!!!!!!!!!!!!!!!
!!!! UPDATED !!!!
!!!!!!!!!!!!!!!!!

[CutInfo::PrintCutInfo] leadingLepton_Pt	>	140
[CutInfo::PrintCutInfo] ljj	|<	1290
[CutInfo::PrintCutInfo] ljj	|>	715
CF	0.126367 +- 0.0290828
Fake	0.308586 +- 0.213762
Prompt	0.761683 +- 0.281326
=> total bkg = 1.19664
Signal	Yield	Efficiency	Efficiency@Presel	Punzi
HNElEl_1000	0.041534	0.223534	2.12569e-06	3.33083e-07
=====================================================================

####################################################
TIME STAMP : [2018/1/16 21:5:4] 200 / 3721 (5.3749 %)
####################################################
[CutInfo::PrintCutInfo] leadingLepton_Pt	>	140
[CutInfo::PrintCutInfo] ljj	|<	1290
[CutInfo::PrintCutInfo] ljj	|>	715

!!!!!!!!!!!!!!!!!
!!!! UPDATED !!!!
!!!!!!!!!!!!!!!!!

[CutInfo::PrintCutInfo] leadingLepton_Pt	>	140
[CutInfo::PrintCutInfo] ljj	|<	1300
[CutInfo::PrintCutInfo] ljj	|>	720
CF	0.122666 +- 0.0284343
Fake	0.308586 +- 0.213762
Prompt	0.725458 +- 0.265782
=> total bkg = 1.15671
Signal	Yield	Efficiency	Efficiency@Presel	Punzi
HNElEl_1000	0.0415493	0.223621	2.12648e-06	3.36536e-07
=====================================================================


!!!!!!!!!!!!!!!!!
!!!! UPDATED !!!!
!!!!!!!!!!!!!!!!!

[CutInfo::PrintCutInfo] leadingLepton_Pt	>	140
[CutInfo::PrintCutInfo] ljj	|<	1295
[CutInfo::PrintCutInfo] ljj	|>	720
CF	0.122666 +- 0.0284343
Fake	0.308586 +- 0.213762
Prompt	0.721337 +- 0.264329
=> total bkg = 1.15259
Signal	Yield	Efficiency	Efficiency@Presel	Punzi
HNElEl_1000	0.04154	0.223569	2.126e-06	3.36803e-07
=====================================================================


!!!!!!!!!!!!!!!!!
!!!! UPDATED !!!!
!!!!!!!!!!!!!!!!!

[CutInfo::PrintCutInfo] leadingLepton_Pt	>	140
[CutInfo::PrintCutInfo] ljj	|<	1290
[CutInfo::PrintCutInfo] ljj	|>	720
CF	0.122666 +- 0.0284343
Fake	0.308586 +- 0.213762
Prompt	0.717031 +- 0.262818
=> total bkg = 1.14828
Signal	Yield	Efficiency	Efficiency@Presel	Punzi
HNElEl_1000	0.041534	0.223534	2.12569e-06	3.37114e-07
=====================================================================

####################################################
TIME STAMP : [2018/1/16 21:5:22] 300 / 3721 (8.06235 %)
####################################################
[CutInfo::PrintCutInfo] leadingLepton_Pt	>	140
[CutInfo::PrintCutInfo] ljj	|<	1290
[CutInfo::PrintCutInfo] ljj	|>	720

!!!!!!!!!!!!!!!!!
!!!! UPDATED !!!!
!!!!!!!!!!!!!!!!!

[CutInfo::PrintCutInfo] leadingLepton_Pt	>	140
[CutInfo::PrintCutInfo] ljj	|<	1300
[CutInfo::PrintCutInfo] ljj	|>	725
CF	0.119117 +- 0.0278507
Fake	0.308931 +- 0.213806
Prompt	0.713972 +- 0.261746
=> total bkg = 1.14202
Signal	Yield	Efficiency	Efficiency@Presel	Punzi
HNElEl_1000	0.0415414	0.223586	2.12608e-06	3.37659e-07
=====================================================================


!!!!!!!!!!!!!!!!!
!!!! UPDATED !!!!
!!!!!!!!!!!!!!!!!

[CutInfo::PrintCutInfo] leadingLepton_Pt	>	140
[CutInfo::PrintCutInfo] ljj	|<	1295
[CutInfo::PrintCutInfo] ljj	|>	725
CF	0.119117 +- 0.0278507
Fake	0.308931 +- 0.213806
Prompt	0.709851 +- 0.260316
=> total bkg = 1.1379
Signal	Yield	Efficiency	Efficiency@Presel	Punzi
HNElEl_1000	0.0415321	0.223534	2.1256e-06	3.37929e-07
=====================================================================


!!!!!!!!!!!!!!!!!
!!!! UPDATED !!!!
!!!!!!!!!!!!!!!!!

[CutInfo::PrintCutInfo] leadingLepton_Pt	>	140
[CutInfo::PrintCutInfo] ljj	|<	1290
[CutInfo::PrintCutInfo] ljj	|>	725
CF	0.119117 +- 0.0278507
Fake	0.308931 +- 0.213806
Prompt	0.705545 +- 0.25883
=> total bkg = 1.13359
Signal	Yield	Efficiency	Efficiency@Presel	Punzi
HNElEl_1000	0.0415261	0.2235	2.12529e-06	3.38243e-07
=====================================================================


!!!!!!!!!!!!!!!!!
!!!! UPDATED !!!!
!!!!!!!!!!!!!!!!!

[CutInfo::PrintCutInfo] leadingLepton_Pt	>	140
[CutInfo::PrintCutInfo] ljj	|<	1295
[CutInfo::PrintCutInfo] ljj	|>	730
CF	0.115436 +- 0.0272076
Fake	0.308931 +- 0.213806
Prompt	0.704875 +- 0.258593
=> total bkg = 1.12924
Signal	Yield	Efficiency	Efficiency@Presel	Punzi
HNElEl_1000	0.0415038	0.223379	2.12415e-06	3.38384e-07
=====================================================================


!!!!!!!!!!!!!!!!!
!!!! UPDATED !!!!
!!!!!!!!!!!!!!!!!

[CutInfo::PrintCutInfo] leadingLepton_Pt	>	140
[CutInfo::PrintCutInfo] ljj	|<	1290
[CutInfo::PrintCutInfo] ljj	|>	730
CF	0.115436 +- 0.0272076
Fake	0.308931 +- 0.213806
Prompt	0.700569 +- 0.257118
=> total bkg = 1.12494
Signal	Yield	Efficiency	Efficiency@Presel	Punzi
HNElEl_1000	0.0414978	0.223345	2.12384e-06	3.387e-07
=====================================================================

####################################################
TIME STAMP : [2018/1/16 21:5:39] 400 / 3721 (10.7498 %)
####################################################
[CutInfo::PrintCutInfo] leadingLepton_Pt	>	140
[CutInfo::PrintCutInfo] ljj	|<	1290
[CutInfo::PrintCutInfo] ljj	|>	730

!!!!!!!!!!!!!!!!!
!!!! UPDATED !!!!
!!!!!!!!!!!!!!!!!

[CutInfo::PrintCutInfo] leadingLepton_Pt	>	140
[CutInfo::PrintCutInfo] ljj	|<	1300
[CutInfo::PrintCutInfo] ljj	|>	740
CF	0.107386 +- 0.025893
Fake	0.321492 +- 0.2151
Prompt	0.611502 +- 0.235463
=> total bkg = 1.04038
Signal	Yield	Efficiency	Efficiency@Presel	Punzi
HNElEl_1000	0.0414716	0.223241	2.12251e-06	3.45591e-07
=====================================================================


!!!!!!!!!!!!!!!!!
!!!! UPDATED !!!!
!!!!!!!!!!!!!!!!!

[CutInfo::PrintCutInfo] leadingLepton_Pt	>	140
[CutInfo::PrintCutInfo] ljj	|<	1295
[CutInfo::PrintCutInfo] ljj	|>	740
CF	0.107386 +- 0.025893
Fake	0.321492 +- 0.2151
Prompt	0.607381 +- 0.234002
=> total bkg = 1.03626
Signal	Yield	Efficiency	Efficiency@Presel	Punzi
HNElEl_1000	0.0414603	0.223172	2.12193e-06	3.45873e-07
=====================================================================


!!!!!!!!!!!!!!!!!
!!!! UPDATED !!!!
!!!!!!!!!!!!!!!!!

[CutInfo::PrintCutInfo] leadingLepton_Pt	>	140
[CutInfo::PrintCutInfo] ljj	|<	1290
[CutInfo::PrintCutInfo] ljj	|>	740
CF	0.107386 +- 0.025893
Fake	0.321492 +- 0.2151
Prompt	0.603075 +- 0.232484
=> total bkg = 1.03195
Signal	Yield	Efficiency	Efficiency@Presel	Punzi
HNElEl_1000	0.0414543	0.223138	2.12162e-06	3.46217e-07
=====================================================================

####################################################
TIME STAMP : [2018/1/16 21:5:57] 500 / 3721 (13.4372 %)
####################################################
[CutInfo::PrintCutInfo] leadingLepton_Pt	>	140
[CutInfo::PrintCutInfo] ljj	|<	1290
[CutInfo::PrintCutInfo] ljj	|>	740

!!!!!!!!!!!!!!!!!
!!!! UPDATED !!!!
!!!!!!!!!!!!!!!!!

[CutInfo::PrintCutInfo] leadingLepton_Pt	>	140
[CutInfo::PrintCutInfo] ljj	|<	1290
[CutInfo::PrintCutInfo] ljj	|>	745
CF	0.107014 +- 0.0258512
Fake	0.321492 +- 0.2151
Prompt	0.59932 +- 0.231173
=> total bkg = 1.02783
Signal	Yield	Efficiency	Efficiency@Presel	Punzi
HNElEl_1000	0.041438	0.223052	2.12078e-06	3.46455e-07
=====================================================================

####################################################
TIME STAMP : [2018/1/16 21:6:15] 600 / 3721 (16.1247 %)
####################################################
[CutInfo::PrintCutInfo] leadingLepton_Pt	>	140
[CutInfo::PrintCutInfo] ljj	|<	1290
[CutInfo::PrintCutInfo] ljj	|>	745

!!!!!!!!!!!!!!!!!
!!!! UPDATED !!!!
!!!!!!!!!!!!!!!!!

[CutInfo::PrintCutInfo] leadingLepton_Pt	>	140
[CutInfo::PrintCutInfo] ljj	|<	1290
[CutInfo::PrintCutInfo] ljj	|>	750
CF	0.102348 +- 0.0250735
Fake	0.321981 +- 0.215166
Prompt	0.59932 +- 0.231173
=> total bkg = 1.02365
Signal	Yield	Efficiency	Efficiency@Presel	Punzi
HNElEl_1000	0.041415	0.222931	2.1196e-06	3.46594e-07
=====================================================================


!!!!!!!!!!!!!!!!!
!!!! UPDATED !!!!
!!!!!!!!!!!!!!!!!

[CutInfo::PrintCutInfo] leadingLepton_Pt	>	140
[CutInfo::PrintCutInfo] ljj	|<	1300
[CutInfo::PrintCutInfo] ljj	|>	755
CF	0.102078 +- 0.0250443
Fake	0.322634 +- 0.215253
Prompt	0.596695 +- 0.23026
=> total bkg = 1.02141
Signal	Yield	Efficiency	Efficiency@Presel	Punzi
HNElEl_1000	0.0414322	0.223	2.12049e-06	3.46947e-07
=====================================================================


!!!!!!!!!!!!!!!!!
!!!! UPDATED !!!!
!!!!!!!!!!!!!!!!!

[CutInfo::PrintCutInfo] leadingLepton_Pt	>	140
[CutInfo::PrintCutInfo] ljj	|<	1295
[CutInfo::PrintCutInfo] ljj	|>	755
CF	0.102078 +- 0.0250443
Fake	0.322634 +- 0.215253
Prompt	0.592574 +- 0.228833
=> total bkg = 1.01729
Signal	Yield	Efficiency	Efficiency@Presel	Punzi
HNElEl_1000	0.0414209	0.222931	2.11991e-06	3.47233e-07
=====================================================================


!!!!!!!!!!!!!!!!!
!!!! UPDATED !!!!
!!!!!!!!!!!!!!!!!

[CutInfo::PrintCutInfo] leadingLepton_Pt	>	140
[CutInfo::PrintCutInfo] ljj	|<	1290
[CutInfo::PrintCutInfo] ljj	|>	755
CF	0.102078 +- 0.0250443
Fake	0.322634 +- 0.215253
Prompt	0.588268 +- 0.227351
=> total bkg = 1.01298
Signal	Yield	Efficiency	Efficiency@Presel	Punzi
HNElEl_1000	0.0414149	0.222897	2.1196e-06	3.47581e-07
=====================================================================

####################################################
TIME STAMP : [2018/1/16 21:6:33] 700 / 3721 (18.8121 %)
####################################################
[CutInfo::PrintCutInfo] leadingLepton_Pt	>	140
[CutInfo::PrintCutInfo] ljj	|<	1290
[CutInfo::PrintCutInfo] ljj	|>	755

!!!!!!!!!!!!!!!!!
!!!! UPDATED !!!!
!!!!!!!!!!!!!!!!!

[CutInfo::PrintCutInfo] leadingLepton_Pt	>	140
[CutInfo::PrintCutInfo] ljj	|<	1300
[CutInfo::PrintCutInfo] ljj	|>	760
CF	0.0921541 +- 0.0229625
Fake	0.322823 +- 0.215278
Prompt	0.589389 +- 0.227742
=> total bkg = 1.00437
Signal	Yield	Efficiency	Efficiency@Presel	Punzi
HNElEl_1000	0.0414225	0.222948	2.11999e-06	3.48332e-07
=====================================================================


!!!!!!!!!!!!!!!!!
!!!! UPDATED !!!!
!!!!!!!!!!!!!!!!!

[CutInfo::PrintCutInfo] leadingLepton_Pt	>	140
[CutInfo::PrintCutInfo] ljj	|<	1295
[CutInfo::PrintCutInfo] ljj	|>	760
CF	0.0921541 +- 0.0229625
Fake	0.322823 +- 0.215278
Prompt	0.585268 +- 0.226333
=> total bkg = 1.00025
Signal	Yield	Efficiency	Efficiency@Presel	Punzi
HNElEl_1000	0.0414112	0.222879	2.11941e-06	3.48623e-07
=====================================================================


!!!!!!!!!!!!!!!!!
!!!! UPDATED !!!!
!!!!!!!!!!!!!!!!!

[CutInfo::PrintCutInfo] leadingLepton_Pt	>	140
[CutInfo::PrintCutInfo] ljj	|<	1290
[CutInfo::PrintCutInfo] ljj	|>	760
CF	0.0921541 +- 0.0229625
Fake	0.322823 +- 0.215278
Prompt	0.580962 +- 0.224869
=> total bkg = 0.995939
Signal	Yield	Efficiency	Efficiency@Presel	Punzi
HNElEl_1000	0.0414052	0.222845	2.1191e-06	3.48976e-07
=====================================================================


!!!!!!!!!!!!!!!!!
!!!! UPDATED !!!!
!!!!!!!!!!!!!!!!!

[CutInfo::PrintCutInfo] leadingLepton_Pt	>	140
[CutInfo::PrintCutInfo] ljj	|<	1295
[CutInfo::PrintCutInfo] ljj	|>	765
CF	0.0921541 +- 0.0229625
Fake	0.323246 +- 0.215335
Prompt	0.57545 +- 0.222993
=> total bkg = 0.99085
Signal	Yield	Efficiency	Efficiency@Presel	Punzi
HNElEl_1000	0.0413794	0.222707	2.11778e-06	3.49242e-07
=====================================================================


!!!!!!!!!!!!!!!!!
!!!! UPDATED !!!!
!!!!!!!!!!!!!!!!!

[CutInfo::PrintCutInfo] leadingLepton_Pt	>	140
[CutInfo::PrintCutInfo] ljj	|<	1290
[CutInfo::PrintCutInfo] ljj	|>	765
CF	0.0921541 +- 0.0229625
Fake	0.323246 +- 0.215335
Prompt	0.571144 +- 0.221555
=> total bkg = 0.986544
Signal	Yield	Efficiency	Efficiency@Presel	Punzi
HNElEl_1000	0.0413734	0.222672	2.11748e-06	3.49597e-07
=====================================================================

####################################################
TIME STAMP : [2018/1/16 21:6:51] 800 / 3721 (21.4996 %)
####################################################
[CutInfo::PrintCutInfo] leadingLepton_Pt	>	140
[CutInfo::PrintCutInfo] ljj	|<	1290
[CutInfo::PrintCutInfo] ljj	|>	765

!!!!!!!!!!!!!!!!!
!!!! UPDATED !!!!
!!!!!!!!!!!!!!!!!

[CutInfo::PrintCutInfo] leadingLepton_Pt	>	140
[CutInfo::PrintCutInfo] ljj	|<	1295
[CutInfo::PrintCutInfo] ljj	|>	770
CF	0.0918192 +- 0.0229256
Fake	0.323246 +- 0.215335
Prompt	0.568652 +- 0.220733
=> total bkg = 0.983717
Signal	Yield	Efficiency	Efficiency@Presel	Punzi
HNElEl_1000	0.0413755	0.222672	2.11759e-06	3.49879e-07
=====================================================================


!!!!!!!!!!!!!!!!!
!!!! UPDATED !!!!
!!!!!!!!!!!!!!!!!

[CutInfo::PrintCutInfo] leadingLepton_Pt	>	140
[CutInfo::PrintCutInfo] ljj	|<	1290
[CutInfo::PrintCutInfo] ljj	|>	770
CF	0.0918192 +- 0.0229256
Fake	0.323246 +- 0.215335
Prompt	0.564346 +- 0.219314
=> total bkg = 0.979411
Signal	Yield	Efficiency	Efficiency@Presel	Punzi
HNElEl_1000	0.0413695	0.222638	2.11728e-06	3.50236e-07
=====================================================================

####################################################
TIME STAMP : [2018/1/16 21:7:8] 900 / 3721 (24.187 %)
####################################################
[CutInfo::PrintCutInfo] leadingLepton_Pt	>	140
[CutInfo::PrintCutInfo] ljj	|<	1290
[CutInfo::PrintCutInfo] ljj	|>	770

!!!!!!!!!!!!!!!!!
!!!! UPDATED !!!!
!!!!!!!!!!!!!!!!!

[CutInfo::PrintCutInfo] leadingLepton_Pt	>	140
[CutInfo::PrintCutInfo] ljj	|<	1300
[CutInfo::PrintCutInfo] ljj	|>	775
CF	0.0865733 +- 0.021931
Fake	0.323246 +- 0.215335
Prompt	0.565645 +- 0.219751
=> total bkg = 0.975464
Signal	Yield	Efficiency	Efficiency@Presel	Punzi
HNElEl_1000	0.0413657	0.222621	2.11708e-06	3.50519e-07
=====================================================================


!!!!!!!!!!!!!!!!!
!!!! UPDATED !!!!
!!!!!!!!!!!!!!!!!

[CutInfo::PrintCutInfo] leadingLepton_Pt	>	140
[CutInfo::PrintCutInfo] ljj	|<	1295
[CutInfo::PrintCutInfo] ljj	|>	775
CF	0.0865733 +- 0.021931
Fake	0.323246 +- 0.215335
Prompt	0.561524 +- 0.218402
=> total bkg = 0.971344
Signal	Yield	Efficiency	Efficiency@Presel	Punzi
HNElEl_1000	0.0413544	0.222552	2.1165e-06	3.50816e-07
=====================================================================


!!!!!!!!!!!!!!!!!
!!!! UPDATED !!!!
!!!!!!!!!!!!!!!!!

[CutInfo::PrintCutInfo] leadingLepton_Pt	>	140
[CutInfo::PrintCutInfo] ljj	|<	1290
[CutInfo::PrintCutInfo] ljj	|>	775
CF	0.0865733 +- 0.021931
Fake	0.323246 +- 0.215335
Prompt	0.557218 +- 0.217003
=> total bkg = 0.967038
Signal	Yield	Efficiency	Efficiency@Presel	Punzi
HNElEl_1000	0.0413484	0.222517	2.1162e-06	3.51177e-07
=====================================================================


!!!!!!!!!!!!!!!!!
!!!! UPDATED !!!!
!!!!!!!!!!!!!!!!!

[CutInfo::PrintCutInfo] leadingLepton_Pt	>	140
[CutInfo::PrintCutInfo] ljj	|<	1300
[CutInfo::PrintCutInfo] ljj	|>	780
CF	0.0829078 +- 0.0213624
Fake	0.323246 +- 0.215335
Prompt	0.382588 +- 0.167806
=> total bkg = 0.788742
Signal	Yield	Efficiency	Efficiency@Presel	Punzi
HNElEl_1000	0.0413485	0.222517	2.1162e-06	3.69502e-07
=====================================================================


!!!!!!!!!!!!!!!!!
!!!! UPDATED !!!!
!!!!!!!!!!!!!!!!!

[CutInfo::PrintCutInfo] leadingLepton_Pt	>	140
[CutInfo::PrintCutInfo] ljj	|<	1295
[CutInfo::PrintCutInfo] ljj	|>	780
CF	0.0829078 +- 0.0213624
Fake	0.323246 +- 0.215335
Prompt	0.378468 +- 0.166315
=> total bkg = 0.784621
Signal	Yield	Efficiency	Efficiency@Presel	Punzi
HNElEl_1000	0.0413372	0.222448	2.11562e-06	3.69878e-07
=====================================================================


!!!!!!!!!!!!!!!!!
!!!! UPDATED !!!!
!!!!!!!!!!!!!!!!!

[CutInfo::PrintCutInfo] leadingLepton_Pt	>	140
[CutInfo::PrintCutInfo] ljj	|<	1290
[CutInfo::PrintCutInfo] ljj	|>	780
CF	0.0829078 +- 0.0213624
Fake	0.323246 +- 0.215335
Prompt	0.374162 +- 0.164769
=> total bkg = 0.780316
Signal	Yield	Efficiency	Efficiency@Presel	Punzi
HNElEl_1000	0.0413312	0.222414	2.11532e-06	3.70324e-07
=====================================================================

####################################################
TIME STAMP : [2018/1/16 21:7:26] 1000 / 3721 (26.8745 %)
####################################################
[CutInfo::PrintCutInfo] leadingLepton_Pt	>	140
[CutInfo::PrintCutInfo] ljj	|<	1290
[CutInfo::PrintCutInfo] ljj	|>	780

!!!!!!!!!!!!!!!!!
!!!! UPDATED !!!!
!!!!!!!!!!!!!!!!!

[CutInfo::PrintCutInfo] leadingLepton_Pt	>	140
[CutInfo::PrintCutInfo] ljj	|<	1290
[CutInfo::PrintCutInfo] ljj	|>	785
CF	0.0824554 +- 0.0213127
Fake	0.323758 +- 0.215403
Prompt	0.369892 +- 0.163249
=> total bkg = 0.776105
Signal	Yield	Efficiency	Efficiency@Presel	Punzi
HNElEl_1000	0.0413049	0.222293	2.11397e-06	3.70577e-07
=====================================================================


!!!!!!!!!!!!!!!!!
!!!! UPDATED !!!!
!!!!!!!!!!!!!!!!!

[CutInfo::PrintCutInfo] leadingLepton_Pt	>	140
[CutInfo::PrintCutInfo] ljj	|<	1300
[CutInfo::PrintCutInfo] ljj	|>	790
CF	0.0824284 +- 0.02131
Fake	0.323758 +- 0.215403
Prompt	0.345531 +- 0.152749
=> total bkg = 0.751718
Signal	Yield	Efficiency	Efficiency@Presel	Punzi
HNElEl_1000	0.0413107	0.222328	2.11427e-06	3.73575e-07
=====================================================================

####################################################
TIME STAMP : [2018/1/16 21:7:44] 1100 / 3721 (29.5619 %)
####################################################
[CutInfo::PrintCutInfo] leadingLepton_Pt	>	140
[CutInfo::PrintCutInfo] ljj	|<	1300
[CutInfo::PrintCutInfo] ljj	|>	790

!!!!!!!!!!!!!!!!!
!!!! UPDATED !!!!
!!!!!!!!!!!!!!!!!

[CutInfo::PrintCutInfo] leadingLepton_Pt	>	140
[CutInfo::PrintCutInfo] ljj	|<	1295
[CutInfo::PrintCutInfo] ljj	|>	790
CF	0.0824284 +- 0.02131
Fake	0.323758 +- 0.215403
Prompt	0.34141 +- 0.151363
=> total bkg = 0.747597
Signal	Yield	Efficiency	Efficiency@Presel	Punzi
HNElEl_1000	0.0412994	0.222259	2.11369e-06	3.73965e-07
=====================================================================


!!!!!!!!!!!!!!!!!
!!!! UPDATED !!!!
!!!!!!!!!!!!!!!!!

[CutInfo::PrintCutInfo] leadingLepton_Pt	>	140
[CutInfo::PrintCutInfo] ljj	|<	1290
[CutInfo::PrintCutInfo] ljj	|>	790
CF	0.0824284 +- 0.02131
Fake	0.323758 +- 0.215403
Prompt	0.337104 +- 0.149929
=> total bkg = 0.743291
Signal	Yield	Efficiency	Efficiency@Presel	Punzi
HNElEl_1000	0.0412934	0.222224	2.11338e-06	3.74426e-07
=====================================================================


!!!!!!!!!!!!!!!!!
!!!! UPDATED !!!!
!!!!!!!!!!!!!!!!!

[CutInfo::PrintCutInfo] leadingLepton_Pt	>	140
[CutInfo::PrintCutInfo] ljj	|<	1300
[CutInfo::PrintCutInfo] ljj	|>	795
CF	0.082359 +- 0.0213031
Fake	0.245812 +- 0.190597
Prompt	0.341309 +- 0.151327
=> total bkg = 0.669479
Signal	Yield	Efficiency	Efficiency@Presel	Punzi
HNElEl_1000	0.0413032	0.222293	2.11389e-06	3.84121e-07
=====================================================================


!!!!!!!!!!!!!!!!!
!!!! UPDATED !!!!
!!!!!!!!!!!!!!!!!

[CutInfo::PrintCutInfo] leadingLepton_Pt	>	140
[CutInfo::PrintCutInfo] ljj	|<	1295
[CutInfo::PrintCutInfo] ljj	|>	795
CF	0.082359 +- 0.0213031
Fake	0.245812 +- 0.190597
Prompt	0.337188 +- 0.149958
=> total bkg = 0.665358
Signal	Yield	Efficiency	Efficiency@Presel	Punzi
HNElEl_1000	0.0412919	0.222224	2.11331e-06	3.84567e-07
=====================================================================


!!!!!!!!!!!!!!!!!
!!!! UPDATED !!!!
!!!!!!!!!!!!!!!!!

[CutInfo::PrintCutInfo] leadingLepton_Pt	>	140
[CutInfo::PrintCutInfo] ljj	|<	1290
[CutInfo::PrintCutInfo] ljj	|>	795
CF	0.082359 +- 0.0213031
Fake	0.245812 +- 0.190597
Prompt	0.332882 +- 0.148541
=> total bkg = 0.661052
Signal	Yield	Efficiency	Efficiency@Presel	Punzi
HNElEl_1000	0.0412807	0.222172	2.11274e-06	3.85042e-07
=====================================================================

####################################################
TIME STAMP : [2018/1/16 21:8:2] 1200 / 3721 (32.2494 %)
####################################################
[CutInfo::PrintCutInfo] leadingLepton_Pt	>	140
[CutInfo::PrintCutInfo] ljj	|<	1290
[CutInfo::PrintCutInfo] ljj	|>	795

!!!!!!!!!!!!!!!!!
!!!! UPDATED !!!!
!!!!!!!!!!!!!!!!!

[CutInfo::PrintCutInfo] leadingLepton_Pt	>	140
[CutInfo::PrintCutInfo] ljj	|<	1300
[CutInfo::PrintCutInfo] ljj	|>	805
CF	0.0819164 +- 0.0212554
Fake	0.245812 +- 0.190597
Prompt	0.259831 +- 0.123494
=> total bkg = 0.587559
Signal	Yield	Efficiency	Efficiency@Presel	Punzi
HNElEl_1000	0.0412691	0.222103	2.11214e-06	3.95355e-07
=====================================================================


!!!!!!!!!!!!!!!!!
!!!! UPDATED !!!!
!!!!!!!!!!!!!!!!!

[CutInfo::PrintCutInfo] leadingLepton_Pt	>	140
[CutInfo::PrintCutInfo] ljj	|<	1295
[CutInfo::PrintCutInfo] ljj	|>	805
CF	0.0819164 +- 0.0212554
Fake	0.245812 +- 0.190597
Prompt	0.25571 +- 0.121964
=> total bkg = 0.583438
Signal	Yield	Efficiency	Efficiency@Presel	Punzi
HNElEl_1000	0.0412578	0.222034	2.11156e-06	3.95866e-07
=====================================================================


!!!!!!!!!!!!!!!!!
!!!! UPDATED !!!!
!!!!!!!!!!!!!!!!!

[CutInfo::PrintCutInfo] leadingLepton_Pt	>	140
[CutInfo::PrintCutInfo] ljj	|<	1290
[CutInfo::PrintCutInfo] ljj	|>	805
CF	0.0819164 +- 0.0212554
Fake	0.245812 +- 0.190597
Prompt	0.251404 +- 0.12038
=> total bkg = 0.579132
Signal	Yield	Efficiency	Efficiency@Presel	Punzi
HNElEl_1000	0.0412466	0.221983	2.11099e-06	3.96409e-07
=====================================================================

####################################################
TIME STAMP : [2018/1/16 21:8:20] 1300 / 3721 (34.9368 %)
####################################################
[CutInfo::PrintCutInfo] leadingLepton_Pt	>	140
[CutInfo::PrintCutInfo] ljj	|<	1290
[CutInfo::PrintCutInfo] ljj	|>	805

!!!!!!!!!!!!!!!!!
!!!! UPDATED !!!!
!!!!!!!!!!!!!!!!!

[CutInfo::PrintCutInfo] leadingLepton_Pt	>	140
[CutInfo::PrintCutInfo] ljj	|<	1290
[CutInfo::PrintCutInfo] ljj	|>	810
CF	0.0819164 +- 0.0212554
Fake	0.245812 +- 0.190597
Prompt	0.248381 +- 0.119294
=> total bkg = 0.576109
Signal	Yield	Efficiency	Efficiency@Presel	Punzi
HNElEl_1000	0.0412217	0.221879	2.10972e-06	3.96627e-07
=====================================================================

####################################################
TIME STAMP : [2018/1/16 21:8:38] 1400 / 3721 (37.6243 %)
####################################################
[CutInfo::PrintCutInfo] leadingLepton_Pt	>	140
[CutInfo::PrintCutInfo] ljj	|<	1290
[CutInfo::PrintCutInfo] ljj	|>	810

!!!!!!!!!!!!!!!!!
!!!! UPDATED !!!!
!!!!!!!!!!!!!!!!!

[CutInfo::PrintCutInfo] leadingLepton_Pt	>	140
[CutInfo::PrintCutInfo] ljj	|<	1290
[CutInfo::PrintCutInfo] ljj	|>	815
CF	0.0818504 +- 0.0212489
Fake	0.245812 +- 0.190597
Prompt	0.245691 +- 0.11834
=> total bkg = 0.573352
Signal	Yield	Efficiency	Efficiency@Presel	Punzi
HNElEl_1000	0.0411947	0.221707	2.10833e-06	3.96785e-07
=====================================================================


!!!!!!!!!!!!!!!!!
!!!! UPDATED !!!!
!!!!!!!!!!!!!!!!!

[CutInfo::PrintCutInfo] leadingLepton_Pt	>	140
[CutInfo::PrintCutInfo] ljj	|<	1295
[CutInfo::PrintCutInfo] ljj	|>	820
CF	0.0818504 +- 0.0212489
Fake	0.245797 +- 0.190595
Prompt	0.244941 +- 0.118087
=> total bkg = 0.572588
Signal	Yield	Efficiency	Efficiency@Presel	Punzi
HNElEl_1000	0.0411843	0.221655	2.1078e-06	3.968e-07
=====================================================================


!!!!!!!!!!!!!!!!!
!!!! UPDATED !!!!
!!!!!!!!!!!!!!!!!

[CutInfo::PrintCutInfo] leadingLepton_Pt	>	140
[CutInfo::PrintCutInfo] ljj	|<	1290
[CutInfo::PrintCutInfo] ljj	|>	820
CF	0.0818504 +- 0.0212489
Fake	0.245797 +- 0.190595
Prompt	0.240635 +- 0.116548
=> total bkg = 0.568282
Signal	Yield	Efficiency	Efficiency@Presel	Punzi
HNElEl_1000	0.0411731	0.221603	2.10723e-06	3.9735e-07
=====================================================================

####################################################
TIME STAMP : [2018/1/16 21:8:56] 1500 / 3721 (40.3117 %)
####################################################
[CutInfo::PrintCutInfo] leadingLepton_Pt	>	140
[CutInfo::PrintCutInfo] ljj	|<	1290
[CutInfo::PrintCutInfo] ljj	|>	820
####################################################
TIME STAMP : [2018/1/16 21:9:13] 1600 / 3721 (42.9992 %)
####################################################
[CutInfo::PrintCutInfo] leadingLepton_Pt	>	140
[CutInfo::PrintCutInfo] ljj	|<	1290
[CutInfo::PrintCutInfo] ljj	|>	820
####################################################
TIME STAMP : [2018/1/16 21:9:31] 1700 / 3721 (45.6866 %)
####################################################
[CutInfo::PrintCutInfo] leadingLepton_Pt	>	140
[CutInfo::PrintCutInfo] ljj	|<	1290
[CutInfo::PrintCutInfo] ljj	|>	820

!!!!!!!!!!!!!!!!!
!!!! UPDATED !!!!
!!!!!!!!!!!!!!!!!

[CutInfo::PrintCutInfo] leadingLepton_Pt	>	140
[CutInfo::PrintCutInfo] ljj	|<	1300
[CutInfo::PrintCutInfo] ljj	|>	840
CF	0.0810209 +- 0.0211613
Fake	0.127058 +- 0.132737
Prompt	0.242692 +- 0.117305
=> total bkg = 0.450771
Signal	Yield	Efficiency	Efficiency@Presel	Punzi
HNElEl_1000	0.0410671	0.221155	2.1018e-06	4.17806e-07
=====================================================================


!!!!!!!!!!!!!!!!!
!!!! UPDATED !!!!
!!!!!!!!!!!!!!!!!

[CutInfo::PrintCutInfo] leadingLepton_Pt	>	140
[CutInfo::PrintCutInfo] ljj	|<	1295
[CutInfo::PrintCutInfo] ljj	|>	840
CF	0.0810209 +- 0.0211613
Fake	0.127058 +- 0.132737
Prompt	0.238571 +- 0.115846
=> total bkg = 0.44665
Signal	Yield	Efficiency	Efficiency@Presel	Punzi
HNElEl_1000	0.0410558	0.221086	2.10122e-06	4.18486e-07
=====================================================================


!!!!!!!!!!!!!!!!!
!!!! UPDATED !!!!
!!!!!!!!!!!!!!!!!

[CutInfo::PrintCutInfo] leadingLepton_Pt	>	140
[CutInfo::PrintCutInfo] ljj	|<	1290
[CutInfo::PrintCutInfo] ljj	|>	840
CF	0.0810209 +- 0.0211613
Fake	0.127058 +- 0.132737
Prompt	0.234265 +- 0.114337
=> total bkg = 0.442344
Signal	Yield	Efficiency	Efficiency@Presel	Punzi
HNElEl_1000	0.0410389	0.221017	2.10036e-06	4.1915e-07
=====================================================================

####################################################
TIME STAMP : [2018/1/16 21:9:49] 1800 / 3721 (48.3741 %)
####################################################
[CutInfo::PrintCutInfo] leadingLepton_Pt	>	140
[CutInfo::PrintCutInfo] ljj	|<	1290
[CutInfo::PrintCutInfo] ljj	|>	840

!!!!!!!!!!!!!!!!!
!!!! UPDATED !!!!
!!!!!!!!!!!!!!!!!

[CutInfo::PrintCutInfo] leadingLepton_Pt	>	140
[CutInfo::PrintCutInfo] ljj	|<	1290
[CutInfo::PrintCutInfo] ljj	|>	855
CF	0.0750138 +- 0.0200505
Fake	0.127708 +- 0.132792
Prompt	0.231623 +- 0.113441
=> total bkg = 0.434344
Signal	Yield	Efficiency	Efficiency@Presel	Punzi
HNElEl_1000	0.0409076	0.220276	2.09364e-06	4.19302e-07
=====================================================================

####################################################
TIME STAMP : [2018/1/16 21:10:6] 1900 / 3721 (51.0615 %)
####################################################
[CutInfo::PrintCutInfo] leadingLepton_Pt	>	140
[CutInfo::PrintCutInfo] ljj	|<	1290
[CutInfo::PrintCutInfo] ljj	|>	855

!!!!!!!!!!!!!!!!!
!!!! UPDATED !!!!
!!!!!!!!!!!!!!!!!

[CutInfo::PrintCutInfo] leadingLepton_Pt	>	140
[CutInfo::PrintCutInfo] ljj	|<	1295
[CutInfo::PrintCutInfo] ljj	|>	860
CF	0.0711243 +- 0.0193635
Fake	0.127708 +- 0.132792
Prompt	0.23231 +- 0.11369
=> total bkg = 0.431142
Signal	Yield	Efficiency	Efficiency@Presel	Punzi
HNElEl_1000	0.0408851	0.220103	2.09249e-06	4.19652e-07
=====================================================================


!!!!!!!!!!!!!!!!!
!!!! UPDATED !!!!
!!!!!!!!!!!!!!!!!

[CutInfo::PrintCutInfo] leadingLepton_Pt	>	140
[CutInfo::PrintCutInfo] ljj	|<	1290
[CutInfo::PrintCutInfo] ljj	|>	860
CF	0.0711243 +- 0.0193635
Fake	0.127708 +- 0.132792
Prompt	0.228004 +- 0.112212
=> total bkg = 0.426836
Signal	Yield	Efficiency	Efficiency@Presel	Punzi
HNElEl_1000	0.0408683	0.220034	2.09162e-06	4.20335e-07
=====================================================================

####################################################
TIME STAMP : [2018/1/16 21:10:23] 2000 / 3721 (53.749 %)
####################################################
[CutInfo::PrintCutInfo] leadingLepton_Pt	>	140
[CutInfo::PrintCutInfo] ljj	|<	1290
[CutInfo::PrintCutInfo] ljj	|>	860

!!!!!!!!!!!!!!!!!
!!!! UPDATED !!!!
!!!!!!!!!!!!!!!!!

[CutInfo::PrintCutInfo] leadingLepton_Pt	>	140
[CutInfo::PrintCutInfo] ljj	|<	1300
[CutInfo::PrintCutInfo] ljj	|>	865
CF	0.0703923 +- 0.0192879
Fake	0.000811053 +- 0.00794994
Prompt	0.236431 +- 0.11512
=> total bkg = 0.307634
Signal	Yield	Efficiency	Efficiency@Presel	Punzi
HNElEl_1000	0.0408545	0.219914	2.09092e-06	4.49556e-07
=====================================================================


!!!!!!!!!!!!!!!!!
!!!! UPDATED !!!!
!!!!!!!!!!!!!!!!!

[CutInfo::PrintCutInfo] leadingLepton_Pt	>	140
[CutInfo::PrintCutInfo] ljj	|<	1295
[CutInfo::PrintCutInfo] ljj	|>	865
CF	0.0703923 +- 0.0192879
Fake	0.000811053 +- 0.00794994
Prompt	0.23231 +- 0.11369
=> total bkg = 0.303513
Signal	Yield	Efficiency	Efficiency@Presel	Punzi
HNElEl_1000	0.0408432	0.219845	2.09034e-06	4.50564e-07
=====================================================================


!!!!!!!!!!!!!!!!!
!!!! UPDATED !!!!
!!!!!!!!!!!!!!!!!

[CutInfo::PrintCutInfo] leadingLepton_Pt	>	140
[CutInfo::PrintCutInfo] ljj	|<	1290
[CutInfo::PrintCutInfo] ljj	|>	865
CF	0.0703923 +- 0.0192879
Fake	0.000811053 +- 0.00794994
Prompt	0.228004 +- 0.112212
=> total bkg = 0.299208
Signal	Yield	Efficiency	Efficiency@Presel	Punzi
HNElEl_1000	0.0408264	0.219776	2.08948e-06	4.51573e-07
=====================================================================


!!!!!!!!!!!!!!!!!
!!!! UPDATED !!!!
!!!!!!!!!!!!!!!!!

[CutInfo::PrintCutInfo] leadingLepton_Pt	>	140
[CutInfo::PrintCutInfo] ljj	|<	1185
[CutInfo::PrintCutInfo] ljj	|>	865
CF	0.061866 +- 0.0176532
Fake	0.00124309 +- 0.00794764
Prompt	0.20852 +- 0.107824
=> total bkg = 0.271629
Signal	Yield	Efficiency	Efficiency@Presel	Punzi
HNElEl_1000	0.0402163	0.216448	2.05826e-06	4.52433e-07
=====================================================================


!!!!!!!!!!!!!!!!!
!!!! UPDATED !!!!
!!!!!!!!!!!!!!!!!

[CutInfo::PrintCutInfo] leadingLepton_Pt	>	140
[CutInfo::PrintCutInfo] ljj	|<	1295
[CutInfo::PrintCutInfo] ljj	|>	870
CF	0.0635605 +- 0.0180104
Fake	0.000811053 +- 0.00794994
Prompt	0.228477 +- 0.112381
=> total bkg = 0.292848
Signal	Yield	Efficiency	Efficiency@Presel	Punzi
HNElEl_1000	0.0407889	0.219517	2.08756e-06	4.52823e-07
=====================================================================


!!!!!!!!!!!!!!!!!
!!!! UPDATED !!!!
!!!!!!!!!!!!!!!!!

[CutInfo::PrintCutInfo] leadingLepton_Pt	>	140
[CutInfo::PrintCutInfo] ljj	|<	1290
[CutInfo::PrintCutInfo] ljj	|>	870
CF	0.0635605 +- 0.0180104
Fake	0.000811053 +- 0.00794994
Prompt	0.224171 +- 0.110924
=> total bkg = 0.288542
Signal	Yield	Efficiency	Efficiency@Presel	Punzi
HNElEl_1000	0.040772	0.219448	2.0867e-06	4.53864e-07
=====================================================================


!!!!!!!!!!!!!!!!!
!!!! UPDATED !!!!
!!!!!!!!!!!!!!!!!

[CutInfo::PrintCutInfo] leadingLepton_Pt	>	140
[CutInfo::PrintCutInfo] ljj	|<	1185
[CutInfo::PrintCutInfo] ljj	|>	870
CF	0.0550342 +- 0.0163391
Fake	0.00124309 +- 0.00794764
Prompt	0.204686 +- 0.106593
=> total bkg = 0.260964
Signal	Yield	Efficiency	Efficiency@Presel	Punzi
HNElEl_1000	0.0401551	0.216086	2.05513e-06	4.54832e-07
=====================================================================

####################################################
TIME STAMP : [2018/1/16 21:10:40] 2100 / 3721 (56.4364 %)
####################################################
[CutInfo::PrintCutInfo] leadingLepton_Pt	>	140
[CutInfo::PrintCutInfo] ljj	|<	1185
[CutInfo::PrintCutInfo] ljj	|>	870

!!!!!!!!!!!!!!!!!
!!!! UPDATED !!!!
!!!!!!!!!!!!!!!!!

[CutInfo::PrintCutInfo] leadingLepton_Pt	>	140
[CutInfo::PrintCutInfo] ljj	|<	1185
[CutInfo::PrintCutInfo] ljj	|>	875
CF	0.0550342 +- 0.0163391
Fake	0.00146525 +- 0.00794794
Prompt	0.201974 +- 0.105749
=> total bkg = 0.258473
Signal	Yield	Efficiency	Efficiency@Presel	Punzi
HNElEl_1000	0.0400932	0.215741	2.05196e-06	4.54897e-07
=====================================================================


!!!!!!!!!!!!!!!!!
!!!! UPDATED !!!!
!!!!!!!!!!!!!!!!!

[CutInfo::PrintCutInfo] leadingLepton_Pt	>	140
[CutInfo::PrintCutInfo] ljj	|<	1290
[CutInfo::PrintCutInfo] ljj	|>	880
CF	0.0594448 +- 0.0171688
Fake	0.00151836 +- 0.00794136
Prompt	0.218795 +- 0.109177
=> total bkg = 0.279758
Signal	Yield	Efficiency	Efficiency@Presel	Punzi
HNElEl_1000	0.0406636	0.218862	2.08115e-06	4.55139e-07
=====================================================================

####################################################
TIME STAMP : [2018/1/16 21:10:54] 2200 / 3721 (59.1239 %)
####################################################
[CutInfo::PrintCutInfo] leadingLepton_Pt	>	140
[CutInfo::PrintCutInfo] ljj	|<	1290
[CutInfo::PrintCutInfo] ljj	|>	880

!!!!!!!!!!!!!!!!!
!!!! UPDATED !!!!
!!!!!!!!!!!!!!!!!

[CutInfo::PrintCutInfo] leadingLepton_Pt	>	140
[CutInfo::PrintCutInfo] ljj	|<	1185
[CutInfo::PrintCutInfo] ljj	|>	880
CF	0.0509186 +- 0.0154647
Fake	0.00195039 +- 0.00794252
Prompt	0.199311 +- 0.104931
=> total bkg = 0.252179
Signal	Yield	Efficiency	Efficiency@Presel	Punzi
HNElEl_1000	0.0400374	0.215448	2.0491e-06	4.56151e-07
=====================================================================


!!!!!!!!!!!!!!!!!
!!!! UPDATED !!!!
!!!!!!!!!!!!!!!!!

[CutInfo::PrintCutInfo] leadingLepton_Pt	>	140
[CutInfo::PrintCutInfo] ljj	|<	1295
[CutInfo::PrintCutInfo] ljj	|>	885
CF	0.0561185 +- 0.0165488
Fake	0.00581864 +- 0.00709419
Prompt	0.209191 +- 0.106049
=> total bkg = 0.271128
Signal	Yield	Efficiency	Efficiency@Presel	Punzi
HNElEl_1000	0.0406019	0.218552	2.07799e-06	4.57032e-07
=====================================================================


!!!!!!!!!!!!!!!!!
!!!! UPDATED !!!!
!!!!!!!!!!!!!!!!!

[CutInfo::PrintCutInfo] leadingLepton_Pt	>	140
[CutInfo::PrintCutInfo] ljj	|<	1290
[CutInfo::PrintCutInfo] ljj	|>	885
CF	0.0561185 +- 0.0165488
Fake	0.00581864 +- 0.00709419
Prompt	0.204885 +- 0.104703
=> total bkg = 0.266822
Signal	Yield	Efficiency	Efficiency@Presel	Punzi
HNElEl_1000	0.040585	0.218483	2.07713e-06	4.58138e-07
=====================================================================


!!!!!!!!!!!!!!!!!
!!!! UPDATED !!!!
!!!!!!!!!!!!!!!!!

[CutInfo::PrintCutInfo] leadingLepton_Pt	>	140
[CutInfo::PrintCutInfo] ljj	|<	1200
[CutInfo::PrintCutInfo] ljj	|>	885
CF	0.0475922 +- 0.0148224
Fake	0.00625067 +- 0.00711901
Prompt	0.193591 +- 0.101312
=> total bkg = 0.247434
Signal	Yield	Efficiency	Efficiency@Presel	Punzi
HNElEl_1000	0.04007	0.215672	2.05077e-06	4.5816e-07
=====================================================================


!!!!!!!!!!!!!!!!!
!!!! UPDATED !!!!
!!!!!!!!!!!!!!!!!

[CutInfo::PrintCutInfo] leadingLepton_Pt	>	140
[CutInfo::PrintCutInfo] ljj	|<	1185
[CutInfo::PrintCutInfo] ljj	|>	885
CF	0.0475922 +- 0.0148224
Fake	0.00625067 +- 0.00711901
Prompt	0.1854 +- 0.100694
=> total bkg = 0.239243
Signal	Yield	Efficiency	Efficiency@Presel	Punzi
HNElEl_1000	0.0399588	0.215069	2.04508e-06	4.59403e-07
=====================================================================

####################################################
TIME STAMP : [2018/1/16 21:11:4] 2300 / 3721 (61.8113 %)
####################################################
[CutInfo::PrintCutInfo] leadingLepton_Pt	>	140
[CutInfo::PrintCutInfo] ljj	|<	1185
[CutInfo::PrintCutInfo] ljj	|>	885

!!!!!!!!!!!!!!!!!
!!!! UPDATED !!!!
!!!!!!!!!!!!!!!!!

[CutInfo::PrintCutInfo] leadingLepton_Pt	>	140
[CutInfo::PrintCutInfo] ljj	|<	1185
[CutInfo::PrintCutInfo] ljj	|>	890
CF	0.0475283 +- 0.014817
Fake	0.00625067 +- 0.00711901
Prompt	0.180378 +- 0.0992336
=> total bkg = 0.234157
Signal	Yield	Efficiency	Efficiency@Presel	Punzi
HNElEl_1000	0.0398747	0.214569	2.04078e-06	4.60096e-07
=====================================================================

####################################################
TIME STAMP : [2018/1/16 21:11:14] 2400 / 3721 (64.4988 %)
####################################################
[CutInfo::PrintCutInfo] leadingLepton_Pt	>	140
[CutInfo::PrintCutInfo] ljj	|<	1185
[CutInfo::PrintCutInfo] ljj	|>	890
####################################################
TIME STAMP : [2018/1/16 21:11:24] 2500 / 3721 (67.1862 %)
####################################################
[CutInfo::PrintCutInfo] leadingLepton_Pt	>	140
[CutInfo::PrintCutInfo] ljj	|<	1185
[CutInfo::PrintCutInfo] ljj	|>	890
####################################################
TIME STAMP : [2018/1/16 21:11:33] 2600 / 3721 (69.8737 %)
####################################################
[CutInfo::PrintCutInfo] leadingLepton_Pt	>	140
[CutInfo::PrintCutInfo] ljj	|<	1185
[CutInfo::PrintCutInfo] ljj	|>	890
####################################################
TIME STAMP : [2018/1/16 21:11:43] 2700 / 3721 (72.5611 %)
####################################################
[CutInfo::PrintCutInfo] leadingLepton_Pt	>	140
[CutInfo::PrintCutInfo] ljj	|<	1185
[CutInfo::PrintCutInfo] ljj	|>	890
####################################################
TIME STAMP : [2018/1/16 21:11:53] 2800 / 3721 (75.2486 %)
####################################################
[CutInfo::PrintCutInfo] leadingLepton_Pt	>	140
[CutInfo::PrintCutInfo] ljj	|<	1185
[CutInfo::PrintCutInfo] ljj	|>	890
####################################################
TIME STAMP : [2018/1/16 21:12:3] 2900 / 3721 (77.936 %)
####################################################
[CutInfo::PrintCutInfo] leadingLepton_Pt	>	140
[CutInfo::PrintCutInfo] ljj	|<	1185
[CutInfo::PrintCutInfo] ljj	|>	890
####################################################
TIME STAMP : [2018/1/16 21:12:13] 3000 / 3721 (80.6235 %)
####################################################
[CutInfo::PrintCutInfo] leadingLepton_Pt	>	140
[CutInfo::PrintCutInfo] ljj	|<	1185
[CutInfo::PrintCutInfo] ljj	|>	890
####################################################
TIME STAMP : [2018/1/16 21:12:23] 3100 / 3721 (83.3109 %)
####################################################
[CutInfo::PrintCutInfo] leadingLepton_Pt	>	140
[CutInfo::PrintCutInfo] ljj	|<	1185
[CutInfo::PrintCutInfo] ljj	|>	890
####################################################
TIME STAMP : [2018/1/16 21:12:32] 3200 / 3721 (85.9984 %)
####################################################
[CutInfo::PrintCutInfo] leadingLepton_Pt	>	140
[CutInfo::PrintCutInfo] ljj	|<	1185
[CutInfo::PrintCutInfo] ljj	|>	890
####################################################
TIME STAMP : [2018/1/16 21:12:42] 3300 / 3721 (88.6858 %)
####################################################
[CutInfo::PrintCutInfo] leadingLepton_Pt	>	140
[CutInfo::PrintCutInfo] ljj	|<	1185
[CutInfo::PrintCutInfo] ljj	|>	890
####################################################
TIME STAMP : [2018/1/16 21:12:52] 3400 / 3721 (91.3733 %)
####################################################
[CutInfo::PrintCutInfo] leadingLepton_Pt	>	140
[CutInfo::PrintCutInfo] ljj	|<	1185
[CutInfo::PrintCutInfo] ljj	|>	890
####################################################
TIME STAMP : [2018/1/16 21:13:2] 3500 / 3721 (94.0607 %)
####################################################
[CutInfo::PrintCutInfo] leadingLepton_Pt	>	140
[CutInfo::PrintCutInfo] ljj	|<	1185
[CutInfo::PrintCutInfo] ljj	|>	890
####################################################
TIME STAMP : [2018/1/16 21:13:11] 3600 / 3721 (96.7482 %)
####################################################
[CutInfo::PrintCutInfo] leadingLepton_Pt	>	140
[CutInfo::PrintCutInfo] ljj	|<	1185
[CutInfo::PrintCutInfo] ljj	|>	890
####################################################
TIME STAMP : [2018/1/16 21:13:21] 3700 / 3721 (99.4356 %)
####################################################
[CutInfo::PrintCutInfo] leadingLepton_Pt	>	140
[CutInfo::PrintCutInfo] ljj	|<	1185
[CutInfo::PrintCutInfo] ljj	|>	890

##################
#### FINISHED ####
##################

[CutInfo::PrintCutInfo] leadingLepton_Pt	>	140
[CutInfo::PrintCutInfo] ljj	|<	1185
[CutInfo::PrintCutInfo] ljj	|>	890
CF	0.0475283 +- 0.014817
Fake	0.00625067 +- 0.00711901
Prompt	0.180378 +- 0.0992336
=> total bkg = 0.234157
Signal	Yield	Efficiency	Efficiency@Presel	Punzi
HNElEl_1000	0.0398747	0.214569	2.04078e-06	4.60096e-07
