
Processing HNMuEl_700.C...
[AnalysisInputs::SetMCSF] Get MC SF from /home/jskim/Documents/trilepton_13TeV/DiLepton/data/v8-0-7.32/MCSF.txt
[AnalysisInputs::SetMCSF] sample : VVV
[AnalysisInputs::SetMCSF] => MCSF = 1, MCSF_err = 0.5
[AnalysisInputs::SetMCSF] sample : WWW
[AnalysisInputs::SetMCSF] => MCSF = 1, MCSF_err = 0.5
[AnalysisInputs::SetMCSF] sample : WWZ
[AnalysisInputs::SetMCSF] => MCSF = 1, MCSF_err = 0.5
[AnalysisInputs::SetMCSF] sample : WZZ
[AnalysisInputs::SetMCSF] => MCSF = 1, MCSF_err = 0.5
[AnalysisInputs::SetMCSF] sample : ZZZ
[AnalysisInputs::SetMCSF] => MCSF = 1, MCSF_err = 0.5
[AnalysisInputs::SetMCSF] sample : ttV
[AnalysisInputs::SetMCSF] => MCSF = 1, MCSF_err = 0.5
[AnalysisInputs::SetMCSF] sample : ttW
[AnalysisInputs::SetMCSF] => MCSF = 1, MCSF_err = 0.5
[AnalysisInputs::SetMCSF] sample : ttZ
[AnalysisInputs::SetMCSF] => MCSF = 1, MCSF_err = 0.5
[AnalysisInputs::SetMCSF] sample : ttH_nonbb
[AnalysisInputs::SetMCSF] => MCSF = 1, MCSF_err = 0.5
[AnalysisInputs::SetMCSF] sample : top
[AnalysisInputs::SetMCSF] => MCSF = 1, MCSF_err = 0.5
[AnalysisInputs::SetMCSF] sample : WZTo3LNu_powheg
[AnalysisInputs::SetMCSF] => MCSF = 0.990529, MCSF_err = 0.0659614
[AnalysisInputs::SetMCSF] sample : ZGto2LG
[AnalysisInputs::SetMCSF] => MCSF = 0.779045, MCSF_err = 0.182441
[AnalysisInputs::SetMCSF] sample : ZZTo4L_powheg
[AnalysisInputs::SetMCSF] => MCSF = 0.93079, MCSF_err = 0.110885
[AnalysisInputs::SetMCSF] sample : ggZZto2e2mu
[AnalysisInputs::SetMCSF] => MCSF = 0.93079, MCSF_err = 0.110885
[AnalysisInputs::SetMCSF] sample : ggZZto2e2nu
[AnalysisInputs::SetMCSF] => MCSF = 0.93079, MCSF_err = 0.110885
[AnalysisInputs::SetMCSF] sample : ggZZto2e2tau
[AnalysisInputs::SetMCSF] => MCSF = 0.93079, MCSF_err = 0.110885
[AnalysisInputs::SetMCSF] sample : ggZZto2mu2nu
[AnalysisInputs::SetMCSF] => MCSF = 0.93079, MCSF_err = 0.110885
[AnalysisInputs::SetMCSF] sample : ggZZto2mu2tau
[AnalysisInputs::SetMCSF] => MCSF = 0.93079, MCSF_err = 0.110885
[AnalysisInputs::SetMCSF] sample : ggZZto4e
[AnalysisInputs::SetMCSF] => MCSF = 0.93079, MCSF_err = 0.110885
[AnalysisInputs::SetMCSF] sample : ggZZto4mu
[AnalysisInputs::SetMCSF] => MCSF = 0.93079, MCSF_err = 0.110885
[AnalysisInputs::SetMCSF] sample : ggZZto4tau
[AnalysisInputs::SetMCSF] => MCSF = 0.93079, MCSF_err = 0.110885
[AnalysisInputs::SetCalculatedSysts] Get Systematics from /home/jskim/Documents/trilepton_13TeV/DiLepton/data/v8-0-7.32/Syst.txt
[AnalysisInputs::SetCalculatedSysts] source : Luminosity
[AnalysisInputs::SetCalculatedSysts] => % sysematic = 0.025
[AnalysisInputs::SetCalculatedSysts] source : FakeLooseID
[AnalysisInputs::SetCalculatedSysts] => % sysematic = 0.3
[AnalysisInputs::SetCalculatedSysts] source : ChrageFlipSyst
[AnalysisInputs::SetCalculatedSysts] => % sysematic = 0.21
[CutRangeInfo::ReadCutCard] Get Cutcard from /home/jskim/Documents/trilepton_13TeV/DiLepton/data/v8-0-7.32/CutOpCard/OPTIMIZED_171030_MuEl/HNMuEl_700.txt
prompt_tau21_syst = 0
signal_tau21_syst = 0
Central	2.02305	0.268281	0
_MuonEn_up	2.25788	0.268281	0
_MuonEn_down	1.88127	0.268281	0
_MuonIDSF_up	2.07367	0.268281	0
_MuonIDSF_down	1.98529	0.268281	0
_ElectronEn_up	2.03983	0.268281	0
_ElectronEn_down	2.01324	0.268281	0
_ElectronIDSF_up	2.07216	0.268281	0
_ElectronIDSF_down	1.97536	0.268281	0
_TriggerSF_up	2.03014	0.268281	0
_TriggerSF_down	2.02475	0.268281	0
_PU_up	2.13929	0.268281	0
_PU_down	1.90781	0.268281	0
_JetEn_up	1.86651	0.268281	0
_JetEn_down	1.96483	0.268281	0
_JetRes_up	2.02686	0.268281	0
_JetRes_down	2.01328	0.268281	0
_Unclustered_up	1.97471	0.268281	0
_Unclustered_down	1.94094	0.268281	0
_BTagSFEff_up	2.0108	0.268281	0
_BTagSFEff_down	2.04238	0.268281	0
_BTagSFMiss_up	2.01889	0.268281	0
_BTagSFMiss_down	2.03499	0.268281	0
_JetMass_up	2.02487	0.268281	0
_JetMass_down	2.02975	0.268281	0
_JetMassRes_up	2.034	0.268281	0
_JetMassRes_down	2.03134	0.268281	0

################ Sources ################
Source	SystTotal	SystPrompt	SystFake	Signal
Stat 43.39 48.68  50.98  -nan  1.35
Lumi 2.21  2.50 -  -  2.50
PDF  -  -  -  -  8.53
MuonPt  8.47 9.59  -  -  1.78
MuonID  1.95 2.21  -  -  2.22
ElectronE  0.60 0.68  -  -  0.22
ElectronID  2.11 2.39  -  -  1.99
Trigger  0.23 0.26  -  -  0.17
PU  5.05 5.72  -  -  0.84
JES  5.15 5.84  -  -  1.38
JER  0.32 0.37  -  -  0.40
Uncl  2.94 3.33  -  -  0.83
BEff  0.71 0.80  -  -  0.46
BMiss  0.39 0.44  -  -  0.61
JMS  0.21 0.24  -  -  0.40
JMR  0.42 0.48  -  -  0.29
Tau21 0.00  0.00 -  -  0.00
MCNorm 6.65  7.53 -  -  -
Fake 3.51  -  30.00 - -
CF 0.00  -  -  -nan -
Total Systematic 14.26 15.66  30.00  -nan  9.77

Total Background	2.291
- Prompt	2.023
- Fake	0.268
- CF	0.000

####### Result #######
Signal Eff	0.066756
2.291327 1.456783
0.053683 1.098617
