
Processing HNMuEl_80.C...
[AnalysisInputs::SetMCSF] Get MC SF from /home/jskim/Documents/trilepton_13TeV/DiLepton/data/v8-0-7.32/MCSF.txt
[AnalysisInputs::SetMCSF] sample : VVV
[AnalysisInputs::SetMCSF] => MCSF = 1, MCSF_err = 0.5
[AnalysisInputs::SetMCSF] sample : WWW
[AnalysisInputs::SetMCSF] => MCSF = 1, MCSF_err = 0.5
[AnalysisInputs::SetMCSF] sample : WWZ
[AnalysisInputs::SetMCSF] => MCSF = 1, MCSF_err = 0.5
[AnalysisInputs::SetMCSF] sample : WZZ
[AnalysisInputs::SetMCSF] => MCSF = 1, MCSF_err = 0.5
[AnalysisInputs::SetMCSF] sample : ZZZ
[AnalysisInputs::SetMCSF] => MCSF = 1, MCSF_err = 0.5
[AnalysisInputs::SetMCSF] sample : ttV
[AnalysisInputs::SetMCSF] => MCSF = 1, MCSF_err = 0.5
[AnalysisInputs::SetMCSF] sample : ttW
[AnalysisInputs::SetMCSF] => MCSF = 1, MCSF_err = 0.5
[AnalysisInputs::SetMCSF] sample : ttZ
[AnalysisInputs::SetMCSF] => MCSF = 1, MCSF_err = 0.5
[AnalysisInputs::SetMCSF] sample : ttH_nonbb
[AnalysisInputs::SetMCSF] => MCSF = 1, MCSF_err = 0.5
[AnalysisInputs::SetMCSF] sample : top
[AnalysisInputs::SetMCSF] => MCSF = 1, MCSF_err = 0.5
[AnalysisInputs::SetMCSF] sample : WZTo3LNu_powheg
[AnalysisInputs::SetMCSF] => MCSF = 0.9878, MCSF_err = 0.0890059
[AnalysisInputs::SetMCSF] sample : ZGto2LG
[AnalysisInputs::SetMCSF] => MCSF = 0.771776, MCSF_err = 0.152815
[AnalysisInputs::SetMCSF] sample : ZZTo4L_powheg
[AnalysisInputs::SetMCSF] => MCSF = 0.929269, MCSF_err = 0.103637
[AnalysisInputs::SetMCSF] sample : ggZZto2e2mu
[AnalysisInputs::SetMCSF] => MCSF = 0.929269, MCSF_err = 0.103637
[AnalysisInputs::SetMCSF] sample : ggZZto2e2nu
[AnalysisInputs::SetMCSF] => MCSF = 0.929269, MCSF_err = 0.103637
[AnalysisInputs::SetMCSF] sample : ggZZto2e2tau
[AnalysisInputs::SetMCSF] => MCSF = 0.929269, MCSF_err = 0.103637
[AnalysisInputs::SetMCSF] sample : ggZZto2mu2nu
[AnalysisInputs::SetMCSF] => MCSF = 0.929269, MCSF_err = 0.103637
[AnalysisInputs::SetMCSF] sample : ggZZto2mu2tau
[AnalysisInputs::SetMCSF] => MCSF = 0.929269, MCSF_err = 0.103637
[AnalysisInputs::SetMCSF] sample : ggZZto4e
[AnalysisInputs::SetMCSF] => MCSF = 0.929269, MCSF_err = 0.103637
[AnalysisInputs::SetMCSF] sample : ggZZto4mu
[AnalysisInputs::SetMCSF] => MCSF = 0.929269, MCSF_err = 0.103637
[AnalysisInputs::SetMCSF] sample : ggZZto4tau
[AnalysisInputs::SetMCSF] => MCSF = 0.929269, MCSF_err = 0.103637
[AnalysisInputs::SetCalculatedSysts] Get Systematics from /home/jskim/Documents/trilepton_13TeV/DiLepton/data/v8-0-7.32/Syst.txt
[AnalysisInputs::SetCalculatedSysts] source : Luminosity
[AnalysisInputs::SetCalculatedSysts] => % sysematic = 0.025
[AnalysisInputs::SetCalculatedSysts] source : FakeLooseID
[AnalysisInputs::SetCalculatedSysts] => % sysematic = 0.3
[AnalysisInputs::SetCalculatedSysts] source : ChrageFlipSyst
[AnalysisInputs::SetCalculatedSysts] => % sysematic = 0.21
[CutRangeInfo::ReadCutCard] Get Cutcard from /home/jskim/Documents/trilepton_13TeV/DiLepton/data/v8-0-7.32/CutOpCard/OPTIMIZED_171030_MuEl/HNMuEl_80.txt
prompt_tau21_syst = 0
signal_tau21_syst = 0
Central	20.304	18.8215	0
_MuonEn_up	20.5813	18.8215	0
_MuonEn_down	21.2276	18.8215	0
_MuonIDSF_up	20.9609	18.8215	0
_MuonIDSF_down	19.0936	18.8215	0
_ElectronEn_up	20.4623	18.8215	0
_ElectronEn_down	21.2051	18.8215	0
_ElectronIDSF_up	20.4464	18.8215	0
_ElectronIDSF_down	20.439	18.8215	0
_TriggerSF_up	20.0097	18.8215	0
_TriggerSF_down	20.0366	18.8215	0
_PU_up	21.0359	18.8215	0
_PU_down	19.2313	18.8215	0
_JetEn_up	22.2467	18.8215	0
_JetEn_down	19.785	18.8215	0
_JetRes_up	21.8519	18.8215	0
_JetRes_down	22.458	18.8215	0
_Unclustered_up	17.964	18.8215	0
_Unclustered_down	18.6342	18.8215	0
_BTagSFEff_up	20.0151	18.8215	0
_BTagSFEff_down	20.3199	18.8215	0
_BTagSFMiss_up	20.0448	18.8215	0
_BTagSFMiss_down	20.2749	18.8215	0
_JetMass_up	20.0145	18.8215	0
_JetMass_down	20.0553	18.8215	0
_JetMassRes_up	19.9987	18.8215	0
_JetMassRes_down	19.1434	18.8215	0

################ Sources ################
Source	SystTotal	SystPrompt	SystFake	Signal
Stat 9.24 16.24  7.87  -nan  4.42
Lumi 1.30  2.50 -  -  2.50
PDF  -  -  -  -  8.53
MuonPt  1.74 3.36  -  -  0.72
MuonID  2.49 4.80  -  -  5.42
ElectronE  1.65 3.19  -  -  0.52
ElectronID  0.35 0.68  -  -  2.07
Trigger  0.72 1.38  -  -  1.27
PU  2.35 4.52  -  -  2.27
JES  3.63 7.00  -  -  3.76
JER  4.79 9.24  -  -  1.50
Uncl  5.20 10.01  -  -  1.69
BEff  0.52 1.01  -  -  0.74
BMiss  0.47 0.91  -  -  1.39
JMS  0.69 1.33  -  -  0.42
JMR  2.17 4.18  -  -  0.58
Tau21 0.00  0.00 -  -  0.00
MCNorm 0.85  1.64 -  -  -
Fake 14.43  -  30.00 - -
CF 0.00  -  -  -nan -
Total Systematic 17.25 18.22  30.00  -nan  11.94

Total Background	39.125
- Prompt	20.304
- Fake	18.821
- CF	0.000

####### Result #######
Signal Eff	0.002992
39.125495 1.195712
186.328589 1.127291
