
Processing HNMuMu_125.C...
[AnalysisInputs::SetMCSF] Get MC SF from /home/jskim/Documents/trilepton_13TeV/DiLepton/data/v8-0-7.36/MCSF.txt
[AnalysisInputs::SetMCSF] sample : VVV
[AnalysisInputs::SetMCSF] => MCSF = 1, MCSF_err = 0.5
[AnalysisInputs::SetMCSF] sample : WWW
[AnalysisInputs::SetMCSF] => MCSF = 1, MCSF_err = 0.5
[AnalysisInputs::SetMCSF] sample : WWZ
[AnalysisInputs::SetMCSF] => MCSF = 1, MCSF_err = 0.5
[AnalysisInputs::SetMCSF] sample : WZZ
[AnalysisInputs::SetMCSF] => MCSF = 1, MCSF_err = 0.5
[AnalysisInputs::SetMCSF] sample : ZZZ
[AnalysisInputs::SetMCSF] => MCSF = 1, MCSF_err = 0.5
[AnalysisInputs::SetMCSF] sample : ttV
[AnalysisInputs::SetMCSF] => MCSF = 1, MCSF_err = 0.5
[AnalysisInputs::SetMCSF] sample : ttW
[AnalysisInputs::SetMCSF] => MCSF = 1, MCSF_err = 0.5
[AnalysisInputs::SetMCSF] sample : ttZ
[AnalysisInputs::SetMCSF] => MCSF = 1, MCSF_err = 0.5
[AnalysisInputs::SetMCSF] sample : ttH_nonbb
[AnalysisInputs::SetMCSF] => MCSF = 1, MCSF_err = 0.5
[AnalysisInputs::SetMCSF] sample : top
[AnalysisInputs::SetMCSF] => MCSF = 1, MCSF_err = 0.5
[AnalysisInputs::SetMCSF] sample : WZTo3LNu_powheg
[AnalysisInputs::SetMCSF] => MCSF = 1.00165, MCSF_err = 0.0888561
[AnalysisInputs::SetMCSF] sample : ZGto2LG
[AnalysisInputs::SetMCSF] => MCSF = 0.794861, MCSF_err = 0.155181
[AnalysisInputs::SetMCSF] sample : ZZTo4L_powheg
[AnalysisInputs::SetMCSF] => MCSF = 0.926685, MCSF_err = 0.102827
[AnalysisInputs::SetMCSF] sample : ggZZto2e2mu
[AnalysisInputs::SetMCSF] => MCSF = 0.926685, MCSF_err = 0.102827
[AnalysisInputs::SetMCSF] sample : ggZZto2e2nu
[AnalysisInputs::SetMCSF] => MCSF = 0.926685, MCSF_err = 0.102827
[AnalysisInputs::SetMCSF] sample : ggZZto2e2tau
[AnalysisInputs::SetMCSF] => MCSF = 0.926685, MCSF_err = 0.102827
[AnalysisInputs::SetMCSF] sample : ggZZto2mu2nu
[AnalysisInputs::SetMCSF] => MCSF = 0.926685, MCSF_err = 0.102827
[AnalysisInputs::SetMCSF] sample : ggZZto2mu2tau
[AnalysisInputs::SetMCSF] => MCSF = 0.926685, MCSF_err = 0.102827
[AnalysisInputs::SetMCSF] sample : ggZZto4e
[AnalysisInputs::SetMCSF] => MCSF = 0.926685, MCSF_err = 0.102827
[AnalysisInputs::SetMCSF] sample : ggZZto4mu
[AnalysisInputs::SetMCSF] => MCSF = 0.926685, MCSF_err = 0.102827
[AnalysisInputs::SetMCSF] sample : ggZZto4tau
[AnalysisInputs::SetMCSF] => MCSF = 0.926685, MCSF_err = 0.102827
[AnalysisInputs::SetCalculatedSysts] Get Systematics from /home/jskim/Documents/trilepton_13TeV/DiLepton/data/v8-0-7.36/Syst.txt
[AnalysisInputs::SetCalculatedSysts] source : Luminosity
[AnalysisInputs::SetCalculatedSysts] => % sysematic = 0.025
[AnalysisInputs::SetCalculatedSysts] source : FakeLooseID
[AnalysisInputs::SetCalculatedSysts] => % sysematic = 0.3
[AnalysisInputs::SetCalculatedSysts] source : ChrageFlipSyst
[AnalysisInputs::SetCalculatedSysts] => % sysematic = 0.21
[CutRangeInfo::ReadCutCard] Get Cutcard from /home/jskim/Documents/trilepton_13TeV/DiLepton/data/v8-0-7.36/CutOpCard/OPTIMIZED_171107_MuMu_HighMass/HNMuMu_125.txt
prompt_tau21_syst = 0
signal_tau21_syst = 0
Central	15.2658	14.443	0
_MuonEn_up	15.8963	14.443	0
_MuonEn_down	15.2718	14.443	0
_MuonIDSF_up	16.8023	14.443	0
_MuonIDSF_down	14.8882	14.443	0
_ElectronEn_up	16.4324	14.443	0
_ElectronEn_down	15.46	14.443	0
_ElectronIDSF_up	15.3164	14.443	0
_ElectronIDSF_down	15.0772	14.443	0
_TriggerSF_up	15.1759	14.443	0
_TriggerSF_down	15.3277	14.443	0
_PU_up	15.4785	14.443	0
_PU_down	15.3761	14.443	0
_JetEn_up	17.3778	14.443	0
_JetEn_down	16.9699	14.443	0
_JetRes_up	15.4821	14.443	0
_JetRes_down	15.4241	14.443	0
_Unclustered_up	16.089	14.443	0
_Unclustered_down	17.5468	14.443	0
_BTagSFEff_up	15.132	14.443	0
_BTagSFEff_down	15.4953	14.443	0
_BTagSFMiss_up	16.2764	14.443	0
_BTagSFMiss_down	15.4032	14.443	0
_JetMass_up	15.3637	14.443	0
_JetMass_down	15.4516	14.443	0
_JetMassRes_up	15.581	14.443	0
_JetMassRes_down	15.3429	14.443	0

################ Sources ################
Source	SystTotal	SystPrompt	SystFake	Signal
Stat 5.06 6.51  7.82  -nan  1.71
Lumi 1.28  2.50 -  -  2.50
PDF  -  -  -  -  8.53
MuonPt  1.50 2.92  -  -  0.58
MuonID  3.77 7.33  -  -  2.66
ElectronE  2.81 5.48  -  -  0.37
ElectronID  0.46 0.90  -  -  0.17
Trigger  0.26 0.51  -  -  0.33
PU  0.57 1.11  -  -  2.30
JES  6.46 12.57  -  -  1.97
JER  0.64 1.24  -  -  0.93
Uncl  5.77 11.23  -  -  2.49
BEff  0.63 1.23  -  -  0.32
BMiss  2.43 4.72  -  -  0.71
JMS  0.50 0.97  -  -  0.22
JMR  0.77 1.50  -  -  0.07
Tau21 0.00  0.00 -  -  0.00
MCNorm 7.00  13.61 -  -  -
Fake 14.58  -  30.00 - -
CF 0.00  -  -  -nan -
Total Systematic 19.26 24.47  30.00  -nan  10.18

Total Background	29.709
- Prompt	15.266
- Fake	14.443
- CF	0.000

####### Result #######
Signal Eff	0.076810
29.708878 1.199118
65.272211 1.103212
