
Processing HNMuMu_1400.C...
[AnalysisInputs::SetMCSF] Get MC SF from /home/jskim/Documents/trilepton_13TeV/DiLepton/data/v8-0-7.36/MCSF.txt
[AnalysisInputs::SetMCSF] sample : VVV
[AnalysisInputs::SetMCSF] => MCSF = 1, MCSF_err = 0.5
[AnalysisInputs::SetMCSF] sample : WWW
[AnalysisInputs::SetMCSF] => MCSF = 1, MCSF_err = 0.5
[AnalysisInputs::SetMCSF] sample : WWZ
[AnalysisInputs::SetMCSF] => MCSF = 1, MCSF_err = 0.5
[AnalysisInputs::SetMCSF] sample : WZZ
[AnalysisInputs::SetMCSF] => MCSF = 1, MCSF_err = 0.5
[AnalysisInputs::SetMCSF] sample : ZZZ
[AnalysisInputs::SetMCSF] => MCSF = 1, MCSF_err = 0.5
[AnalysisInputs::SetMCSF] sample : ttV
[AnalysisInputs::SetMCSF] => MCSF = 1, MCSF_err = 0.5
[AnalysisInputs::SetMCSF] sample : ttW
[AnalysisInputs::SetMCSF] => MCSF = 1, MCSF_err = 0.5
[AnalysisInputs::SetMCSF] sample : ttZ
[AnalysisInputs::SetMCSF] => MCSF = 1, MCSF_err = 0.5
[AnalysisInputs::SetMCSF] sample : ttH_nonbb
[AnalysisInputs::SetMCSF] => MCSF = 1, MCSF_err = 0.5
[AnalysisInputs::SetMCSF] sample : top
[AnalysisInputs::SetMCSF] => MCSF = 1, MCSF_err = 0.5
[AnalysisInputs::SetMCSF] sample : WZTo3LNu_powheg
[AnalysisInputs::SetMCSF] => MCSF = 1.00165, MCSF_err = 0.0888561
[AnalysisInputs::SetMCSF] sample : ZGto2LG
[AnalysisInputs::SetMCSF] => MCSF = 0.794861, MCSF_err = 0.155181
[AnalysisInputs::SetMCSF] sample : ZZTo4L_powheg
[AnalysisInputs::SetMCSF] => MCSF = 0.926685, MCSF_err = 0.102827
[AnalysisInputs::SetMCSF] sample : ggZZto2e2mu
[AnalysisInputs::SetMCSF] => MCSF = 0.926685, MCSF_err = 0.102827
[AnalysisInputs::SetMCSF] sample : ggZZto2e2nu
[AnalysisInputs::SetMCSF] => MCSF = 0.926685, MCSF_err = 0.102827
[AnalysisInputs::SetMCSF] sample : ggZZto2e2tau
[AnalysisInputs::SetMCSF] => MCSF = 0.926685, MCSF_err = 0.102827
[AnalysisInputs::SetMCSF] sample : ggZZto2mu2nu
[AnalysisInputs::SetMCSF] => MCSF = 0.926685, MCSF_err = 0.102827
[AnalysisInputs::SetMCSF] sample : ggZZto2mu2tau
[AnalysisInputs::SetMCSF] => MCSF = 0.926685, MCSF_err = 0.102827
[AnalysisInputs::SetMCSF] sample : ggZZto4e
[AnalysisInputs::SetMCSF] => MCSF = 0.926685, MCSF_err = 0.102827
[AnalysisInputs::SetMCSF] sample : ggZZto4mu
[AnalysisInputs::SetMCSF] => MCSF = 0.926685, MCSF_err = 0.102827
[AnalysisInputs::SetMCSF] sample : ggZZto4tau
[AnalysisInputs::SetMCSF] => MCSF = 0.926685, MCSF_err = 0.102827
[AnalysisInputs::SetCalculatedSysts] Get Systematics from /home/jskim/Documents/trilepton_13TeV/DiLepton/data/v8-0-7.36/Syst.txt
[AnalysisInputs::SetCalculatedSysts] source : Luminosity
[AnalysisInputs::SetCalculatedSysts] => % sysematic = 0.025
[AnalysisInputs::SetCalculatedSysts] source : FakeLooseID
[AnalysisInputs::SetCalculatedSysts] => % sysematic = 0.3
[AnalysisInputs::SetCalculatedSysts] source : ChrageFlipSyst
[AnalysisInputs::SetCalculatedSysts] => % sysematic = 0.21
[CutRangeInfo::ReadCutCard] Get Cutcard from /home/jskim/Documents/trilepton_13TeV/DiLepton/data/v8-0-7.36/CutOpCard/OPTIMIZED_171107_MuMu_HighMass/HNMuMu_1400.txt
prompt_tau21_syst = 0
signal_tau21_syst = 0
Central	0.931451	0	0
_MuonEn_up	1.10394	0	0
_MuonEn_down	0.84025	0	0
_MuonIDSF_up	0.970451	0	0
_MuonIDSF_down	0.897368	0	0
_ElectronEn_up	0.918502	0	0
_ElectronEn_down	0.926836	0	0
_ElectronIDSF_up	0.921138	0	0
_ElectronIDSF_down	0.932673	0	0
_TriggerSF_up	0.940672	0	0
_TriggerSF_down	0.930139	0	0
_PU_up	0.96333	0	0
_PU_down	0.894208	0	0
_JetEn_up	1.04558	0	0
_JetEn_down	1.03686	0	0
_JetRes_up	1.02738	0	0
_JetRes_down	0.927287	0	0
_Unclustered_up	0.941186	0	0
_Unclustered_down	0.962151	0	0
_BTagSFEff_up	0.926679	0	0
_BTagSFEff_down	0.928978	0	0
_BTagSFMiss_up	0.932292	0	0
_BTagSFMiss_down	0.933955	0	0
_JetMass_up	0.924164	0	0
_JetMass_down	0.930139	0	0
_JetMassRes_up	0.927803	0	0
_JetMassRes_down	0.931489	0	0

################ Sources ################
Source	SystTotal	SystPrompt	SystFake	Signal
Stat 21.93 21.93  -nan  -nan  2.19
Lumi 2.50  2.50 -  -  2.50
PDF  -  -  -  -  8.53
MuonPt  14.81 14.81  -  -  3.52
MuonID  3.93 3.93  -  -  3.62
ElectronE  1.04 1.04  -  -  0.63
ElectronID  0.79 0.79  -  -  0.46
Trigger  0.71 0.71  -  -  0.38
PU  3.72 3.72  -  -  0.41
JES  11.79 11.79  -  -  2.41
JER  7.29 7.29  -  -  1.11
Uncl  2.44 2.44  -  -  0.31
BEff  0.41 0.41  -  -  0.31
BMiss  0.20 0.20  -  -  0.67
JMS  0.56 0.56  -  -  0.34
JMR  0.28 0.28  -  -  0.32
Tau21 0.00  0.00 -  -  0.00
MCNorm 13.81  13.81 -  -  -
Fake 0.00  -  -nan - -
CF 0.00  -  -  -nan -
Total Systematic 25.43 25.43  -nan  -nan  10.65

Total Background	0.931
- Prompt	0.931
- Fake	0.000
- CF	0.000

####### Result #######
Signal Eff	0.058559
0.931451 1.335817
0.001743 1.108690
