
Processing HNElEl_400.C...
[AnalysisInputs::SetMCSF] Get MC SF from /home/jskim/Documents/trilepton_13TeV/DiLepton/data/v8-0-7.32/MCSF.txt
[AnalysisInputs::SetMCSF] sample : VVV
[AnalysisInputs::SetMCSF] => MCSF = 1, MCSF_err = 0.5
[AnalysisInputs::SetMCSF] sample : WWW
[AnalysisInputs::SetMCSF] => MCSF = 1, MCSF_err = 0.5
[AnalysisInputs::SetMCSF] sample : WWZ
[AnalysisInputs::SetMCSF] => MCSF = 1, MCSF_err = 0.5
[AnalysisInputs::SetMCSF] sample : WZZ
[AnalysisInputs::SetMCSF] => MCSF = 1, MCSF_err = 0.5
[AnalysisInputs::SetMCSF] sample : ZZZ
[AnalysisInputs::SetMCSF] => MCSF = 1, MCSF_err = 0.5
[AnalysisInputs::SetMCSF] sample : ttV
[AnalysisInputs::SetMCSF] => MCSF = 1, MCSF_err = 0.5
[AnalysisInputs::SetMCSF] sample : ttW
[AnalysisInputs::SetMCSF] => MCSF = 1, MCSF_err = 0.5
[AnalysisInputs::SetMCSF] sample : ttZ
[AnalysisInputs::SetMCSF] => MCSF = 1, MCSF_err = 0.5
[AnalysisInputs::SetMCSF] sample : ttH_nonbb
[AnalysisInputs::SetMCSF] => MCSF = 1, MCSF_err = 0.5
[AnalysisInputs::SetMCSF] sample : top
[AnalysisInputs::SetMCSF] => MCSF = 1, MCSF_err = 0.5
[AnalysisInputs::SetMCSF] sample : WZTo3LNu_powheg
[AnalysisInputs::SetMCSF] => MCSF = 0.990529, MCSF_err = 0.0659614
[AnalysisInputs::SetMCSF] sample : ZGto2LG
[AnalysisInputs::SetMCSF] => MCSF = 0.779045, MCSF_err = 0.182441
[AnalysisInputs::SetMCSF] sample : ZZTo4L_powheg
[AnalysisInputs::SetMCSF] => MCSF = 0.93079, MCSF_err = 0.110885
[AnalysisInputs::SetMCSF] sample : ggZZto2e2mu
[AnalysisInputs::SetMCSF] => MCSF = 0.93079, MCSF_err = 0.110885
[AnalysisInputs::SetMCSF] sample : ggZZto2e2nu
[AnalysisInputs::SetMCSF] => MCSF = 0.93079, MCSF_err = 0.110885
[AnalysisInputs::SetMCSF] sample : ggZZto2e2tau
[AnalysisInputs::SetMCSF] => MCSF = 0.93079, MCSF_err = 0.110885
[AnalysisInputs::SetMCSF] sample : ggZZto2mu2nu
[AnalysisInputs::SetMCSF] => MCSF = 0.93079, MCSF_err = 0.110885
[AnalysisInputs::SetMCSF] sample : ggZZto2mu2tau
[AnalysisInputs::SetMCSF] => MCSF = 0.93079, MCSF_err = 0.110885
[AnalysisInputs::SetMCSF] sample : ggZZto4e
[AnalysisInputs::SetMCSF] => MCSF = 0.93079, MCSF_err = 0.110885
[AnalysisInputs::SetMCSF] sample : ggZZto4mu
[AnalysisInputs::SetMCSF] => MCSF = 0.93079, MCSF_err = 0.110885
[AnalysisInputs::SetMCSF] sample : ggZZto4tau
[AnalysisInputs::SetMCSF] => MCSF = 0.93079, MCSF_err = 0.110885
[AnalysisInputs::SetCalculatedSysts] Get Systematics from /home/jskim/Documents/trilepton_13TeV/DiLepton/data/v8-0-7.32/Syst.txt
[AnalysisInputs::SetCalculatedSysts] source : Luminosity
[AnalysisInputs::SetCalculatedSysts] => % sysematic = 0.025
[AnalysisInputs::SetCalculatedSysts] source : FakeLooseID
[AnalysisInputs::SetCalculatedSysts] => % sysematic = 0.3
[AnalysisInputs::SetCalculatedSysts] source : ChrageFlipSyst
[AnalysisInputs::SetCalculatedSysts] => % sysematic = 0.21
[CutRangeInfo::ReadCutCard] Get Cutcard from /home/jskim/Documents/trilepton_13TeV/DiLepton/data/v8-0-7.32/CutOpCard/OPTIMIZED_171021_ElEl_HighMass/HNElEl_400.txt
prompt_tau21_syst = 0
signal_tau21_syst = 0
Central	3.47463	0.897916	1.25744
_MuonEn_up	3.44756	0.897916	1.25744
_MuonEn_down	3.57641	0.897916	1.25744
_MuonIDSF_up	3.46661	0.897916	1.25744
_MuonIDSF_down	3.94137	0.897916	1.25744
_ElectronEn_up	3.48022	0.897916	1.25744
_ElectronEn_down	3.47106	0.897916	1.25744
_ElectronIDSF_up	3.60786	0.897916	1.25744
_ElectronIDSF_down	3.44973	0.897916	1.25744
_TriggerSF_up	3.86936	0.897916	1.25744
_TriggerSF_down	3.53992	0.897916	1.25744
_PU_up	3.42235	0.897916	1.25744
_PU_down	3.46994	0.897916	1.25744
_JetEn_up	3.55098	0.897916	1.25744
_JetEn_down	3.61951	0.897916	1.25744
_JetRes_up	3.57945	0.897916	1.25744
_JetRes_down	3.26943	0.897916	1.25744
_Unclustered_up	3.71677	0.897916	1.25744
_Unclustered_down	3.66031	0.897916	1.25744
_BTagSFEff_up	3.51452	0.897916	1.25744
_BTagSFEff_down	3.53213	0.897916	1.25744
_BTagSFMiss_up	3.52878	0.897916	1.25744
_BTagSFMiss_down	3.53922	0.897916	1.25744
_JetMass_up	3.48805	0.897916	1.25744
_JetMass_down	3.53222	0.897916	1.25744
_JetMassRes_up	3.55057	0.897916	1.25744
_JetMassRes_down	3.47293	0.897916	1.25744

################ Sources ################
Source	SystTotal	SystPrompt	SystFake	Signal
Stat 14.11 21.87  25.77  4.48  1.60
Lumi 1.54  2.50 -  -  2.50
PDF  -  -  -  -  2.50
MuonPt  1.32 2.14  -  -  0.09
MuonID  5.86 9.50  -  -  0.11
ElectronE  0.08 0.13  -  -  0.34
ElectronID  1.70 2.76  -  -  3.95
Trigger  5.03 8.14  -  -  0.25
PU  0.66 1.07  -  -  2.06
JES  2.06 3.33  -  -  1.42
JER  2.89 4.69  -  -  0.66
Uncl  3.83 6.21  -  -  1.50
BEff  0.88 1.42  -  -  0.33
BMiss  1.06 1.72  -  -  0.39
JMS  0.74 1.20  -  -  0.15
JMR  0.95 1.55  -  -  0.04
Tau21 0.00  0.00 -  -  0.00
MCNorm 6.59  10.67 -  -  -
Fake 4.78  -  30.00 - -
CF 4.69  -  -  21.00 -
Total Systematic 12.81 19.25  30.00  21.00  6.13

Total Background	5.630
- Prompt	3.475
- Fake	0.898
- CF	1.257

####### Result #######
Signal Eff	0.088550
5.629987 1.196490
0.680827 1.063343
