
Processing HNElEl_90.C...
[AnalysisInputs::SetMCSF] Get MC SF from /home/jskim/Documents/trilepton_13TeV/DiLepton/data/v8-0-7.32/MCSF.txt
[AnalysisInputs::SetMCSF] sample : VVV
[AnalysisInputs::SetMCSF] => MCSF = 1, MCSF_err = 0.5
[AnalysisInputs::SetMCSF] sample : WWW
[AnalysisInputs::SetMCSF] => MCSF = 1, MCSF_err = 0.5
[AnalysisInputs::SetMCSF] sample : WWZ
[AnalysisInputs::SetMCSF] => MCSF = 1, MCSF_err = 0.5
[AnalysisInputs::SetMCSF] sample : WZZ
[AnalysisInputs::SetMCSF] => MCSF = 1, MCSF_err = 0.5
[AnalysisInputs::SetMCSF] sample : ZZZ
[AnalysisInputs::SetMCSF] => MCSF = 1, MCSF_err = 0.5
[AnalysisInputs::SetMCSF] sample : ttV
[AnalysisInputs::SetMCSF] => MCSF = 1, MCSF_err = 0.5
[AnalysisInputs::SetMCSF] sample : ttW
[AnalysisInputs::SetMCSF] => MCSF = 1, MCSF_err = 0.5
[AnalysisInputs::SetMCSF] sample : ttZ
[AnalysisInputs::SetMCSF] => MCSF = 1, MCSF_err = 0.5
[AnalysisInputs::SetMCSF] sample : ttH_nonbb
[AnalysisInputs::SetMCSF] => MCSF = 1, MCSF_err = 0.5
[AnalysisInputs::SetMCSF] sample : top
[AnalysisInputs::SetMCSF] => MCSF = 1, MCSF_err = 0.5
[AnalysisInputs::SetMCSF] sample : WZTo3LNu_powheg
[AnalysisInputs::SetMCSF] => MCSF = 0.990529, MCSF_err = 0.0659614
[AnalysisInputs::SetMCSF] sample : ZGto2LG
[AnalysisInputs::SetMCSF] => MCSF = 0.779045, MCSF_err = 0.182441
[AnalysisInputs::SetMCSF] sample : ZZTo4L_powheg
[AnalysisInputs::SetMCSF] => MCSF = 0.93079, MCSF_err = 0.110885
[AnalysisInputs::SetMCSF] sample : ggZZto2e2mu
[AnalysisInputs::SetMCSF] => MCSF = 0.93079, MCSF_err = 0.110885
[AnalysisInputs::SetMCSF] sample : ggZZto2e2nu
[AnalysisInputs::SetMCSF] => MCSF = 0.93079, MCSF_err = 0.110885
[AnalysisInputs::SetMCSF] sample : ggZZto2e2tau
[AnalysisInputs::SetMCSF] => MCSF = 0.93079, MCSF_err = 0.110885
[AnalysisInputs::SetMCSF] sample : ggZZto2mu2nu
[AnalysisInputs::SetMCSF] => MCSF = 0.93079, MCSF_err = 0.110885
[AnalysisInputs::SetMCSF] sample : ggZZto2mu2tau
[AnalysisInputs::SetMCSF] => MCSF = 0.93079, MCSF_err = 0.110885
[AnalysisInputs::SetMCSF] sample : ggZZto4e
[AnalysisInputs::SetMCSF] => MCSF = 0.93079, MCSF_err = 0.110885
[AnalysisInputs::SetMCSF] sample : ggZZto4mu
[AnalysisInputs::SetMCSF] => MCSF = 0.93079, MCSF_err = 0.110885
[AnalysisInputs::SetMCSF] sample : ggZZto4tau
[AnalysisInputs::SetMCSF] => MCSF = 0.93079, MCSF_err = 0.110885
[AnalysisInputs::SetCalculatedSysts] Get Systematics from /home/jskim/Documents/trilepton_13TeV/DiLepton/data/v8-0-7.32/Syst.txt
[AnalysisInputs::SetCalculatedSysts] source : Luminosity
[AnalysisInputs::SetCalculatedSysts] => % sysematic = 0.025
[AnalysisInputs::SetCalculatedSysts] source : FakeLooseID
[AnalysisInputs::SetCalculatedSysts] => % sysematic = 0.3
[AnalysisInputs::SetCalculatedSysts] source : ChrageFlipSyst
[AnalysisInputs::SetCalculatedSysts] => % sysematic = 0.21
[CutRangeInfo::ReadCutCard] Get Cutcard from /home/jskim/Documents/trilepton_13TeV/DiLepton/data/v8-0-7.32/CutOpCard/OPTIMIZED_171021_ElEl_HighMass/HNElEl_90.txt
prompt_tau21_syst = 0
signal_tau21_syst = 0
Central	6.84477	11.4914	2.21098
_MuonEn_up	7.13701	11.4914	2.21098
_MuonEn_down	6.79097	11.4914	2.21098
_MuonIDSF_up	6.79731	11.4914	2.21098
_MuonIDSF_down	6.79584	11.4914	2.21098
_ElectronEn_up	6.8359	11.4914	2.21098
_ElectronEn_down	6.79596	11.4914	2.21098
_ElectronIDSF_up	6.8313	11.4914	2.21098
_ElectronIDSF_down	6.58217	11.4914	2.21098
_TriggerSF_up	6.90861	11.4914	2.21098
_TriggerSF_down	6.71339	11.4914	2.21098
_PU_up	6.75594	11.4914	2.21098
_PU_down	6.85002	11.4914	2.21098
_JetEn_up	9.42398	11.4914	2.21098
_JetEn_down	7.16812	11.4914	2.21098
_JetRes_up	7.30598	11.4914	2.21098
_JetRes_down	7.05544	11.4914	2.21098
_Unclustered_up	7.45054	11.4914	2.21098
_Unclustered_down	6.64103	11.4914	2.21098
_BTagSFEff_up	6.82743	11.4914	2.21098
_BTagSFEff_down	6.86318	11.4914	2.21098
_BTagSFMiss_up	6.89288	11.4914	2.21098
_BTagSFMiss_down	6.80599	11.4914	2.21098
_JetMass_up	6.79627	11.4914	2.21098
_JetMass_down	6.80203	11.4914	2.21098
_JetMassRes_up	6.87754	11.4914	2.21098
_JetMassRes_down	6.78445	11.4914	2.21098

################ Sources ################
Source	SystTotal	SystPrompt	SystFake	Signal
Stat 9.37 23.27  9.40  1.54  8.51
Lumi 0.83  2.50 -  -  2.50
PDF  -  -  -  -  2.50
MuonPt  1.02 3.07  -  -  0.60
MuonID  0.23 0.70  -  -  1.03
ElectronE  0.17 0.51  -  -  2.12
ElectronID  0.90 2.72  -  -  4.69
Trigger  0.50 1.51  -  -  1.12
PU  0.31 0.92  -  -  6.95
JES  8.95 26.85  -  -  6.34
JER  1.74 5.24  -  -  5.52
Uncl  2.20 6.60  -  -  5.22
BEff  0.09 0.26  -  -  1.77
BMiss  0.21 0.64  -  -  1.40
JMS  0.22 0.67  -  -  0.94
JMR  0.24 0.71  -  -  1.55
Tau21 0.00  0.00 -  -  0.00
MCNorm 0.82  2.46 -  -  -
Fake 16.78  -  30.00 - -
CF 2.26  -  -  21.00 -
Total Systematic 19.32 28.75  30.00  21.00  14.01

Total Background	20.547
- Prompt	6.845
- Fake	11.491
- CF	2.211

####### Result #######
Signal Eff	0.002833
20.547167 1.215892
13.342610 1.163945
