
Processing CyclesForOptimization_MuMu_Bin2/HNMuMu_1000.C...
[AnalysisInputs::SetMCSF] Get MC SF from /data8/Users/jskim/HN_dilepton_plotter/data/v8-0-7.37_PreApproval/MCSF.txt
[AnalysisInputs::SetMCSF] sample : VVV
[AnalysisInputs::SetMCSF] => MCSF = 1, MCSF_err = 0.5
[AnalysisInputs::SetMCSF] sample : WWW
[AnalysisInputs::SetMCSF] => MCSF = 1, MCSF_err = 0.5
[AnalysisInputs::SetMCSF] sample : WWZ
[AnalysisInputs::SetMCSF] => MCSF = 1, MCSF_err = 0.5
[AnalysisInputs::SetMCSF] sample : WZZ
[AnalysisInputs::SetMCSF] => MCSF = 1, MCSF_err = 0.5
[AnalysisInputs::SetMCSF] sample : ZZZ
[AnalysisInputs::SetMCSF] => MCSF = 1, MCSF_err = 0.5
[AnalysisInputs::SetMCSF] sample : ttV
[AnalysisInputs::SetMCSF] => MCSF = 1, MCSF_err = 0.5
[AnalysisInputs::SetMCSF] sample : ttW
[AnalysisInputs::SetMCSF] => MCSF = 1, MCSF_err = 0.5
[AnalysisInputs::SetMCSF] sample : ttZ
[AnalysisInputs::SetMCSF] => MCSF = 1, MCSF_err = 0.5
[AnalysisInputs::SetMCSF] sample : ttH_nonbb
[AnalysisInputs::SetMCSF] => MCSF = 1, MCSF_err = 0.5
[AnalysisInputs::SetMCSF] sample : top
[AnalysisInputs::SetMCSF] => MCSF = 1, MCSF_err = 0.5
[AnalysisInputs::SetMCSF] sample : WWTo2L2Nu_DS
[AnalysisInputs::SetMCSF] => MCSF = 1, MCSF_err = 0.5
[AnalysisInputs::SetMCSF] sample : WpWpEWK
[AnalysisInputs::SetMCSF] => MCSF = 1, MCSF_err = 0.5
[AnalysisInputs::SetMCSF] sample : WpWpQCD
[AnalysisInputs::SetMCSF] => MCSF = 1, MCSF_err = 0.5
[AnalysisInputs::SetMCSF] sample : WZTo3LNu_mllmin01
[AnalysisInputs::SetMCSF] => MCSF = 0.65, MCSF_err = 0.06
[AnalysisInputs::SetMCSF] sample : WZTo3LNu_powheg
[AnalysisInputs::SetMCSF] => MCSF = 1.05044, MCSF_err = 0.0648798
[AnalysisInputs::SetMCSF] sample : ZGto2LG
[AnalysisInputs::SetMCSF] => MCSF = 1.09954, MCSF_err = 0.076377
[AnalysisInputs::SetMCSF] sample : WGtoLNuG
[AnalysisInputs::SetMCSF] => MCSF = 1, MCSF_err = 0.076377
[AnalysisInputs::SetMCSF] sample : WGtoLNuG_weighted
[AnalysisInputs::SetMCSF] => MCSF = 1, MCSF_err = 0.076377
[AnalysisInputs::SetMCSF] sample : ZZTo4L_powheg
[AnalysisInputs::SetMCSF] => MCSF = 0.978852, MCSF_err = 0.0792882
[AnalysisInputs::SetMCSF] sample : ggZZto2e2mu
[AnalysisInputs::SetMCSF] => MCSF = 0.978852, MCSF_err = 0.0792882
[AnalysisInputs::SetMCSF] sample : ggZZto2e2nu
[AnalysisInputs::SetMCSF] => MCSF = 0.978852, MCSF_err = 0.0792882
[AnalysisInputs::SetMCSF] sample : ggZZto2e2tau
[AnalysisInputs::SetMCSF] => MCSF = 0.978852, MCSF_err = 0.0792882
[AnalysisInputs::SetMCSF] sample : ggZZto2mu2nu
[AnalysisInputs::SetMCSF] => MCSF = 0.978852, MCSF_err = 0.0792882
[AnalysisInputs::SetMCSF] sample : ggZZto2mu2tau
[AnalysisInputs::SetMCSF] => MCSF = 0.978852, MCSF_err = 0.0792882
[AnalysisInputs::SetMCSF] sample : ggZZto4e
[AnalysisInputs::SetMCSF] => MCSF = 0.978852, MCSF_err = 0.0792882
[AnalysisInputs::SetMCSF] sample : ggZZto4mu
[AnalysisInputs::SetMCSF] => MCSF = 0.978852, MCSF_err = 0.0792882
[AnalysisInputs::SetMCSF] sample : ggZZto4tau
[AnalysisInputs::SetMCSF] => MCSF = 0.978852, MCSF_err = 0.0792882
[AnalysisInputs::SetMCSF] sample : ggHtoZZ
[AnalysisInputs::SetMCSF] => MCSF = 0.978852, MCSF_err = 0.0792882
[AnalysisInputs::SetCalculatedSysts] Get Systematics from /data8/Users/jskim/HN_dilepton_plotter/data/v8-0-7.37_PreApproval/Syst.txt
[AnalysisInputs::SetCalculatedSysts] source : Luminosity
[AnalysisInputs::SetCalculatedSysts] => % sysematic = 0.025
[AnalysisInputs::SetCalculatedSysts] source : FakeLooseID
[AnalysisInputs::SetCalculatedSysts] => % sysematic = 0.3
[AnalysisInputs::SetCalculatedSysts] source : ChrageFlipSyst
[AnalysisInputs::SetCalculatedSysts] => % sysematic = 0.16
[CutRangeInfo::ReadCutCard] Get Cutcard from /data8/Users/jskim/HN_dilepton_plotter/data/v8-0-7.37_PreApproval/CutOpCard/RunDirectory/CyclesForOptimization_MuMu_Bin2/Cards//HNMuMu_1000.txt

##################################################
#### TOTAL # of Loop = 3721
##################################################

[CutRangeInfo::PrintCutRangeInfo] leadingLepton_Pt_>
[CutInfo::PrintCutInfo] leadingLepton_Pt	>	140
[CutRangeInfo::PrintCutRangeInfo] ljj_|<
[CutInfo::PrintCutInfo] ljj	|<	1300
[CutInfo::PrintCutInfo] ljj	|<	1295
[CutInfo::PrintCutInfo] ljj	|<	1290
[CutInfo::PrintCutInfo] ljj	|<	1285
[CutInfo::PrintCutInfo] ljj	|<	1280
[CutInfo::PrintCutInfo] ljj	|<	1275
[CutInfo::PrintCutInfo] ljj	|<	1270
[CutInfo::PrintCutInfo] ljj	|<	1265
[CutInfo::PrintCutInfo] ljj	|<	1260
[CutInfo::PrintCutInfo] ljj	|<	1255
[CutInfo::PrintCutInfo] ljj	|<	1250
[CutInfo::PrintCutInfo] ljj	|<	1245
[CutInfo::PrintCutInfo] ljj	|<	1240
[CutInfo::PrintCutInfo] ljj	|<	1235
[CutInfo::PrintCutInfo] ljj	|<	1230
[CutInfo::PrintCutInfo] ljj	|<	1225
[CutInfo::PrintCutInfo] ljj	|<	1220
[CutInfo::PrintCutInfo] ljj	|<	1215
[CutInfo::PrintCutInfo] ljj	|<	1210
[CutInfo::PrintCutInfo] ljj	|<	1205
[CutInfo::PrintCutInfo] ljj	|<	1200
[CutInfo::PrintCutInfo] ljj	|<	1195
[CutInfo::PrintCutInfo] ljj	|<	1190
[CutInfo::PrintCutInfo] ljj	|<	1185
[CutInfo::PrintCutInfo] ljj	|<	1180
[CutInfo::PrintCutInfo] ljj	|<	1175
[CutInfo::PrintCutInfo] ljj	|<	1170
[CutInfo::PrintCutInfo] ljj	|<	1165
[CutInfo::PrintCutInfo] ljj	|<	1160
[CutInfo::PrintCutInfo] ljj	|<	1155
[CutInfo::PrintCutInfo] ljj	|<	1150
[CutInfo::PrintCutInfo] ljj	|<	1145
[CutInfo::PrintCutInfo] ljj	|<	1140
[CutInfo::PrintCutInfo] ljj	|<	1135
[CutInfo::PrintCutInfo] ljj	|<	1130
[CutInfo::PrintCutInfo] ljj	|<	1125
[CutInfo::PrintCutInfo] ljj	|<	1120
[CutInfo::PrintCutInfo] ljj	|<	1115
[CutInfo::PrintCutInfo] ljj	|<	1110
[CutInfo::PrintCutInfo] ljj	|<	1105
[CutInfo::PrintCutInfo] ljj	|<	1100
[CutInfo::PrintCutInfo] ljj	|<	1095
[CutInfo::PrintCutInfo] ljj	|<	1090
[CutInfo::PrintCutInfo] ljj	|<	1085
[CutInfo::PrintCutInfo] ljj	|<	1080
[CutInfo::PrintCutInfo] ljj	|<	1075
[CutInfo::PrintCutInfo] ljj	|<	1070
[CutInfo::PrintCutInfo] ljj	|<	1065
[CutInfo::PrintCutInfo] ljj	|<	1060
[CutInfo::PrintCutInfo] ljj	|<	1055
[CutInfo::PrintCutInfo] ljj	|<	1050
[CutInfo::PrintCutInfo] ljj	|<	1045
[CutInfo::PrintCutInfo] ljj	|<	1040
[CutInfo::PrintCutInfo] ljj	|<	1035
[CutInfo::PrintCutInfo] ljj	|<	1030
[CutInfo::PrintCutInfo] ljj	|<	1025
[CutInfo::PrintCutInfo] ljj	|<	1020
[CutInfo::PrintCutInfo] ljj	|<	1015
[CutInfo::PrintCutInfo] ljj	|<	1010
[CutInfo::PrintCutInfo] ljj	|<	1005
[CutInfo::PrintCutInfo] ljj	|<	1000
[CutRangeInfo::PrintCutRangeInfo] ljj_|>
[CutInfo::PrintCutInfo] ljj	|>	700
[CutInfo::PrintCutInfo] ljj	|>	705
[CutInfo::PrintCutInfo] ljj	|>	710
[CutInfo::PrintCutInfo] ljj	|>	715
[CutInfo::PrintCutInfo] ljj	|>	720
[CutInfo::PrintCutInfo] ljj	|>	725
[CutInfo::PrintCutInfo] ljj	|>	730
[CutInfo::PrintCutInfo] ljj	|>	735
[CutInfo::PrintCutInfo] ljj	|>	740
[CutInfo::PrintCutInfo] ljj	|>	745
[CutInfo::PrintCutInfo] ljj	|>	750
[CutInfo::PrintCutInfo] ljj	|>	755
[CutInfo::PrintCutInfo] ljj	|>	760
[CutInfo::PrintCutInfo] ljj	|>	765
[CutInfo::PrintCutInfo] ljj	|>	770
[CutInfo::PrintCutInfo] ljj	|>	775
[CutInfo::PrintCutInfo] ljj	|>	780
[CutInfo::PrintCutInfo] ljj	|>	785
[CutInfo::PrintCutInfo] ljj	|>	790
[CutInfo::PrintCutInfo] ljj	|>	795
[CutInfo::PrintCutInfo] ljj	|>	800
[CutInfo::PrintCutInfo] ljj	|>	805
[CutInfo::PrintCutInfo] ljj	|>	810
[CutInfo::PrintCutInfo] ljj	|>	815
[CutInfo::PrintCutInfo] ljj	|>	820
[CutInfo::PrintCutInfo] ljj	|>	825
[CutInfo::PrintCutInfo] ljj	|>	830
[CutInfo::PrintCutInfo] ljj	|>	835
[CutInfo::PrintCutInfo] ljj	|>	840
[CutInfo::PrintCutInfo] ljj	|>	845
[CutInfo::PrintCutInfo] ljj	|>	850
[CutInfo::PrintCutInfo] ljj	|>	855
[CutInfo::PrintCutInfo] ljj	|>	860
[CutInfo::PrintCutInfo] ljj	|>	865
[CutInfo::PrintCutInfo] ljj	|>	870
[CutInfo::PrintCutInfo] ljj	|>	875
[CutInfo::PrintCutInfo] ljj	|>	880
[CutInfo::PrintCutInfo] ljj	|>	885
[CutInfo::PrintCutInfo] ljj	|>	890
[CutInfo::PrintCutInfo] ljj	|>	895
[CutInfo::PrintCutInfo] ljj	|>	900
[CutInfo::PrintCutInfo] ljj	|>	905
[CutInfo::PrintCutInfo] ljj	|>	910
[CutInfo::PrintCutInfo] ljj	|>	915
[CutInfo::PrintCutInfo] ljj	|>	920
[CutInfo::PrintCutInfo] ljj	|>	925
[CutInfo::PrintCutInfo] ljj	|>	930
[CutInfo::PrintCutInfo] ljj	|>	935
[CutInfo::PrintCutInfo] ljj	|>	940
[CutInfo::PrintCutInfo] ljj	|>	945
[CutInfo::PrintCutInfo] ljj	|>	950
[CutInfo::PrintCutInfo] ljj	|>	955
[CutInfo::PrintCutInfo] ljj	|>	960
[CutInfo::PrintCutInfo] ljj	|>	965
[CutInfo::PrintCutInfo] ljj	|>	970
[CutInfo::PrintCutInfo] ljj	|>	975
[CutInfo::PrintCutInfo] ljj	|>	980
[CutInfo::PrintCutInfo] ljj	|>	985
[CutInfo::PrintCutInfo] ljj	|>	990
[CutInfo::PrintCutInfo] ljj	|>	995
[CutInfo::PrintCutInfo] ljj	|>	1000

##############################
#### OPTIMIZATION STARTED ####
##############################


!!!!!!!!!!!!!!!!!
!!!! UPDATED !!!!
!!!!!!!!!!!!!!!!!

[CutInfo::PrintCutInfo] leadingLepton_Pt	>	140
[CutInfo::PrintCutInfo] ljj	|<	1300
[CutInfo::PrintCutInfo] ljj	|>	700
CF	0 +- 0
Fake	0.268327 +- 0.252248
Prompt	0.759562 +- 0.323003
=> total bkg = 1.02789
Signal	Yield	Efficiency	Efficiency@Presel	Punzi
HNMuMu_1000	0.0790121	0.40445	2.12335e-06	6.29012e-07
=====================================================================


!!!!!!!!!!!!!!!!!
!!!! UPDATED !!!!
!!!!!!!!!!!!!!!!!

[CutInfo::PrintCutInfo] leadingLepton_Pt	>	140
[CutInfo::PrintCutInfo] ljj	|<	1290
[CutInfo::PrintCutInfo] ljj	|>	700
CF	0 +- 0
Fake	0.268327 +- 0.252248
Prompt	0.755942 +- 0.321495
=> total bkg = 1.02427
Signal	Yield	Efficiency	Efficiency@Presel	Punzi
HNMuMu_1000	0.0790007	0.404333	2.12305e-06	6.29554e-07
=====================================================================


!!!!!!!!!!!!!!!!!
!!!! UPDATED !!!!
!!!!!!!!!!!!!!!!!

[CutInfo::PrintCutInfo] leadingLepton_Pt	>	140
[CutInfo::PrintCutInfo] ljj	|<	1280
[CutInfo::PrintCutInfo] ljj	|>	700
CF	0 +- 0
Fake	0.268327 +- 0.252248
Prompt	0.651998 +- 0.295975
=> total bkg = 0.920325
Signal	Yield	Efficiency	Efficiency@Presel	Punzi
HNMuMu_1000	0.0789549	0.404133	2.12182e-06	6.4659e-07
=====================================================================


!!!!!!!!!!!!!!!!!
!!!! UPDATED !!!!
!!!!!!!!!!!!!!!!!

[CutInfo::PrintCutInfo] leadingLepton_Pt	>	140
[CutInfo::PrintCutInfo] ljj	|<	1265
[CutInfo::PrintCutInfo] ljj	|>	700
CF	0 +- 0
Fake	0.268327 +- 0.252248
Prompt	0.643718 +- 0.29238
=> total bkg = 0.912045
Signal	Yield	Efficiency	Efficiency@Presel	Punzi
HNMuMu_1000	0.0788736	0.40375	2.11963e-06	6.47526e-07
=====================================================================


!!!!!!!!!!!!!!!!!
!!!! UPDATED !!!!
!!!!!!!!!!!!!!!!!

[CutInfo::PrintCutInfo] leadingLepton_Pt	>	140
[CutInfo::PrintCutInfo] ljj	|<	1255
[CutInfo::PrintCutInfo] ljj	|>	700
CF	0 +- 0
Fake	0.268327 +- 0.252248
Prompt	0.638095 +- 0.289941
=> total bkg = 0.906422
Signal	Yield	Efficiency	Efficiency@Presel	Punzi
HNMuMu_1000	0.0787907	0.40335	2.1174e-06	6.47939e-07
=====================================================================


!!!!!!!!!!!!!!!!!
!!!! UPDATED !!!!
!!!!!!!!!!!!!!!!!

[CutInfo::PrintCutInfo] leadingLepton_Pt	>	140
[CutInfo::PrintCutInfo] ljj	|<	1250
[CutInfo::PrintCutInfo] ljj	|>	700
CF	0 +- 0
Fake	0.268327 +- 0.252248
Prompt	0.63492 +- 0.28858
=> total bkg = 0.903247
Signal	Yield	Efficiency	Efficiency@Presel	Punzi
HNMuMu_1000	0.0787644	0.403217	2.1167e-06	6.4834e-07
=====================================================================


!!!!!!!!!!!!!!!!!
!!!! UPDATED !!!!
!!!!!!!!!!!!!!!!!

[CutInfo::PrintCutInfo] leadingLepton_Pt	>	140
[CutInfo::PrintCutInfo] ljj	|<	1225
[CutInfo::PrintCutInfo] ljj	|>	700
CF	0 +- 0
Fake	0.268324 +- 0.252248
Prompt	0.625765 +- 0.284645
=> total bkg = 0.894089
Signal	Yield	Efficiency	Efficiency@Presel	Punzi
HNMuMu_1000	0.0785529	0.402167	2.11101e-06	6.48387e-07
=====================================================================


!!!!!!!!!!!!!!!!!
!!!! UPDATED !!!!
!!!!!!!!!!!!!!!!!

[CutInfo::PrintCutInfo] leadingLepton_Pt	>	140
[CutInfo::PrintCutInfo] ljj	|<	1220
[CutInfo::PrintCutInfo] ljj	|>	700
CF	0 +- 0
Fake	0.268324 +- 0.252248
Prompt	0.616743 +- 0.280786
=> total bkg = 0.885067
Signal	Yield	Efficiency	Efficiency@Presel	Punzi
HNMuMu_1000	0.0785162	0.401933	2.11003e-06	6.49859e-07
=====================================================================


!!!!!!!!!!!!!!!!!
!!!! UPDATED !!!!
!!!!!!!!!!!!!!!!!

[CutInfo::PrintCutInfo] leadingLepton_Pt	>	140
[CutInfo::PrintCutInfo] ljj	|<	1220
[CutInfo::PrintCutInfo] ljj	|>	705
CF	0 +- 0
Fake	0.268487 +- 0.252264
Prompt	0.612254 +- 0.278875
=> total bkg = 0.880741
Signal	Yield	Efficiency	Efficiency@Presel	Punzi
HNMuMu_1000	0.0784975	0.401817	2.10953e-06	6.50564e-07
=====================================================================

####################################################
TIME STAMP : [2018/1/16 21:4:23] 100 / 3721 (2.68745 %)
####################################################
[CutInfo::PrintCutInfo] leadingLepton_Pt	>	140
[CutInfo::PrintCutInfo] ljj	|<	1220
[CutInfo::PrintCutInfo] ljj	|>	705

!!!!!!!!!!!!!!!!!
!!!! UPDATED !!!!
!!!!!!!!!!!!!!!!!

[CutInfo::PrintCutInfo] leadingLepton_Pt	>	140
[CutInfo::PrintCutInfo] ljj	|<	1280
[CutInfo::PrintCutInfo] ljj	|>	710
CF	0 +- 0
Fake	0.212277 +- 0.240873
Prompt	0.638015 +- 0.28992
=> total bkg = 0.850291
Signal	Yield	Efficiency	Efficiency@Presel	Punzi
HNMuMu_1000	0.0789223	0.403933	2.12094e-06	6.58946e-07
=====================================================================


!!!!!!!!!!!!!!!!!
!!!! UPDATED !!!!
!!!!!!!!!!!!!!!!!

[CutInfo::PrintCutInfo] leadingLepton_Pt	>	140
[CutInfo::PrintCutInfo] ljj	|<	1270
[CutInfo::PrintCutInfo] ljj	|>	710
CF	0 +- 0
Fake	0.212277 +- 0.240873
Prompt	0.635818 +- 0.288982
=> total bkg = 0.848095
Signal	Yield	Efficiency	Efficiency@Presel	Punzi
HNMuMu_1000	0.0788693	0.403683	2.11952e-06	6.58958e-07
=====================================================================


!!!!!!!!!!!!!!!!!
!!!! UPDATED !!!!
!!!!!!!!!!!!!!!!!

[CutInfo::PrintCutInfo] leadingLepton_Pt	>	140
[CutInfo::PrintCutInfo] ljj	|<	1265
[CutInfo::PrintCutInfo] ljj	|>	710
CF	0 +- 0
Fake	0.212277 +- 0.240873
Prompt	0.629734 +- 0.28635
=> total bkg = 0.842011
Signal	Yield	Efficiency	Efficiency@Presel	Punzi
HNMuMu_1000	0.078841	0.40355	2.11875e-06	6.59987e-07
=====================================================================


!!!!!!!!!!!!!!!!!
!!!! UPDATED !!!!
!!!!!!!!!!!!!!!!!

[CutInfo::PrintCutInfo] leadingLepton_Pt	>	140
[CutInfo::PrintCutInfo] ljj	|<	1255
[CutInfo::PrintCutInfo] ljj	|>	710
CF	0 +- 0
Fake	0.212277 +- 0.240873
Prompt	0.624112 +- 0.283929
=> total bkg = 0.836388
Signal	Yield	Efficiency	Efficiency@Presel	Punzi
HNMuMu_1000	0.0787581	0.40315	2.11653e-06	6.60468e-07
=====================================================================


!!!!!!!!!!!!!!!!!
!!!! UPDATED !!!!
!!!!!!!!!!!!!!!!!

[CutInfo::PrintCutInfo] leadingLepton_Pt	>	140
[CutInfo::PrintCutInfo] ljj	|<	1250
[CutInfo::PrintCutInfo] ljj	|>	710
CF	0 +- 0
Fake	0.212277 +- 0.240873
Prompt	0.620936 +- 0.282578
=> total bkg = 0.833213
Signal	Yield	Efficiency	Efficiency@Presel	Punzi
HNMuMu_1000	0.0787318	0.403017	2.11582e-06	6.60911e-07
=====================================================================


!!!!!!!!!!!!!!!!!
!!!! UPDATED !!!!
!!!!!!!!!!!!!!!!!

[CutInfo::PrintCutInfo] leadingLepton_Pt	>	140
[CutInfo::PrintCutInfo] ljj	|<	1225
[CutInfo::PrintCutInfo] ljj	|>	710
CF	0 +- 0
Fake	0.212273 +- 0.240873
Prompt	0.611781 +- 0.278674
=> total bkg = 0.824055
Signal	Yield	Efficiency	Efficiency@Presel	Punzi
HNMuMu_1000	0.0785203	0.401967	2.11014e-06	6.61059e-07
=====================================================================


!!!!!!!!!!!!!!!!!
!!!! UPDATED !!!!
!!!!!!!!!!!!!!!!!

[CutInfo::PrintCutInfo] leadingLepton_Pt	>	140
[CutInfo::PrintCutInfo] ljj	|<	1220
[CutInfo::PrintCutInfo] ljj	|>	710
CF	0 +- 0
Fake	0.212273 +- 0.240873
Prompt	0.602759 +- 0.274845
=> total bkg = 0.815033
Signal	Yield	Efficiency	Efficiency@Presel	Punzi
HNMuMu_1000	0.0784781	0.401717	2.109e-06	6.62612e-07
=====================================================================


!!!!!!!!!!!!!!!!!
!!!! UPDATED !!!!
!!!!!!!!!!!!!!!!!

[CutInfo::PrintCutInfo] leadingLepton_Pt	>	140
[CutInfo::PrintCutInfo] ljj	|<	1250
[CutInfo::PrintCutInfo] ljj	|>	715
CF	0 +- 0
Fake	0.212277 +- 0.240873
Prompt	0.610399 +- 0.278108
=> total bkg = 0.822676
Signal	Yield	Efficiency	Efficiency@Presel	Punzi
HNMuMu_1000	0.0787004	0.4029	2.11498e-06	6.62864e-07
=====================================================================


!!!!!!!!!!!!!!!!!
!!!! UPDATED !!!!
!!!!!!!!!!!!!!!!!

[CutInfo::PrintCutInfo] leadingLepton_Pt	>	140
[CutInfo::PrintCutInfo] ljj	|<	1225
[CutInfo::PrintCutInfo] ljj	|>	715
CF	0 +- 0
Fake	0.212273 +- 0.240873
Prompt	0.601244 +- 0.274228
=> total bkg = 0.813518
Signal	Yield	Efficiency	Efficiency@Presel	Punzi
HNMuMu_1000	0.0784838	0.401833	2.10915e-06	6.6298e-07
=====================================================================

####################################################
TIME STAMP : [2018/1/16 21:4:38] 200 / 3721 (5.3749 %)
####################################################
[CutInfo::PrintCutInfo] leadingLepton_Pt	>	140
[CutInfo::PrintCutInfo] ljj	|<	1225
[CutInfo::PrintCutInfo] ljj	|>	715

!!!!!!!!!!!!!!!!!
!!!! UPDATED !!!!
!!!!!!!!!!!!!!!!!

[CutInfo::PrintCutInfo] leadingLepton_Pt	>	140
[CutInfo::PrintCutInfo] ljj	|<	1220
[CutInfo::PrintCutInfo] ljj	|>	715
CF	0 +- 0
Fake	0.212273 +- 0.240873
Prompt	0.592222 +- 0.270425
=> total bkg = 0.804496
Signal	Yield	Efficiency	Efficiency@Presel	Punzi
HNMuMu_1000	0.0784415	0.401583	2.10802e-06	6.64549e-07
=====================================================================


!!!!!!!!!!!!!!!!!
!!!! UPDATED !!!!
!!!!!!!!!!!!!!!!!

[CutInfo::PrintCutInfo] leadingLepton_Pt	>	140
[CutInfo::PrintCutInfo] ljj	|<	1255
[CutInfo::PrintCutInfo] ljj	|>	720
CF	0 +- 0
Fake	0.212368 +- 0.24088
Prompt	0.602139 +- 0.274577
=> total bkg = 0.814507
Signal	Yield	Efficiency	Efficiency@Presel	Punzi
HNMuMu_1000	0.0787083	0.402933	2.11519e-06	6.64671e-07
=====================================================================


!!!!!!!!!!!!!!!!!
!!!! UPDATED !!!!
!!!!!!!!!!!!!!!!!

[CutInfo::PrintCutInfo] leadingLepton_Pt	>	140
[CutInfo::PrintCutInfo] ljj	|<	1250
[CutInfo::PrintCutInfo] ljj	|>	720
CF	0 +- 0
Fake	0.212368 +- 0.24088
Prompt	0.598964 +- 0.273244
=> total bkg = 0.811332
Signal	Yield	Efficiency	Efficiency@Presel	Punzi
HNMuMu_1000	0.0786819	0.4028	2.11448e-06	6.65125e-07
=====================================================================


!!!!!!!!!!!!!!!!!
!!!! UPDATED !!!!
!!!!!!!!!!!!!!!!!

[CutInfo::PrintCutInfo] leadingLepton_Pt	>	140
[CutInfo::PrintCutInfo] ljj	|<	1225
[CutInfo::PrintCutInfo] ljj	|>	720
CF	0 +- 0
Fake	0.212365 +- 0.24088
Prompt	0.589809 +- 0.269391
=> total bkg = 0.802174
Signal	Yield	Efficiency	Efficiency@Presel	Punzi
HNMuMu_1000	0.0784599	0.401717	2.10851e-06	6.65208e-07
=====================================================================


!!!!!!!!!!!!!!!!!
!!!! UPDATED !!!!
!!!!!!!!!!!!!!!!!

[CutInfo::PrintCutInfo] leadingLepton_Pt	>	140
[CutInfo::PrintCutInfo] ljj	|<	1220
[CutInfo::PrintCutInfo] ljj	|>	720
CF	0 +- 0
Fake	0.212365 +- 0.24088
Prompt	0.580787 +- 0.265616
=> total bkg = 0.793152
Signal	Yield	Efficiency	Efficiency@Presel	Punzi
HNMuMu_1000	0.0784177	0.401467	2.10738e-06	6.66795e-07
=====================================================================

####################################################
TIME STAMP : [2018/1/16 21:4:53] 300 / 3721 (8.06235 %)
####################################################
[CutInfo::PrintCutInfo] leadingLepton_Pt	>	140
[CutInfo::PrintCutInfo] ljj	|<	1220
[CutInfo::PrintCutInfo] ljj	|>	720

!!!!!!!!!!!!!!!!!
!!!! UPDATED !!!!
!!!!!!!!!!!!!!!!!

[CutInfo::PrintCutInfo] leadingLepton_Pt	>	140
[CutInfo::PrintCutInfo] ljj	|<	1255
[CutInfo::PrintCutInfo] ljj	|>	725
CF	0 +- 0
Fake	0.212368 +- 0.24088
Prompt	0.591275 +- 0.27002
=> total bkg = 0.803643
Signal	Yield	Efficiency	Efficiency@Presel	Punzi
HNMuMu_1000	0.0786915	0.402867	2.11474e-06	6.66854e-07
=====================================================================


!!!!!!!!!!!!!!!!!
!!!! UPDATED !!!!
!!!!!!!!!!!!!!!!!

[CutInfo::PrintCutInfo] leadingLepton_Pt	>	140
[CutInfo::PrintCutInfo] ljj	|<	1250
[CutInfo::PrintCutInfo] ljj	|>	725
CF	0 +- 0
Fake	0.212368 +- 0.24088
Prompt	0.5881 +- 0.268697
=> total bkg = 0.800468
Signal	Yield	Efficiency	Efficiency@Presel	Punzi
HNMuMu_1000	0.0786651	0.402733	2.11403e-06	6.67313e-07
=====================================================================


!!!!!!!!!!!!!!!!!
!!!! UPDATED !!!!
!!!!!!!!!!!!!!!!!

[CutInfo::PrintCutInfo] leadingLepton_Pt	>	140
[CutInfo::PrintCutInfo] ljj	|<	1225
[CutInfo::PrintCutInfo] ljj	|>	725
CF	0 +- 0
Fake	0.212365 +- 0.24088
Prompt	0.578945 +- 0.264872
=> total bkg = 0.79131
Signal	Yield	Efficiency	Efficiency@Presel	Punzi
HNMuMu_1000	0.0784432	0.40165	2.10806e-06	6.67408e-07
=====================================================================


!!!!!!!!!!!!!!!!!
!!!! UPDATED !!!!
!!!!!!!!!!!!!!!!!

[CutInfo::PrintCutInfo] leadingLepton_Pt	>	140
[CutInfo::PrintCutInfo] ljj	|<	1220
[CutInfo::PrintCutInfo] ljj	|>	725
CF	0 +- 0
Fake	0.212365 +- 0.24088
Prompt	0.569923 +- 0.261126
=> total bkg = 0.782288
Signal	Yield	Efficiency	Efficiency@Presel	Punzi
HNMuMu_1000	0.0783957	0.401383	2.10679e-06	6.68968e-07
=====================================================================


!!!!!!!!!!!!!!!!!
!!!! UPDATED !!!!
!!!!!!!!!!!!!!!!!

[CutInfo::PrintCutInfo] leadingLepton_Pt	>	140
[CutInfo::PrintCutInfo] ljj	|<	1255
[CutInfo::PrintCutInfo] ljj	|>	730
CF	0 +- 0
Fake	0.212974 +- 0.240928
Prompt	0.579706 +- 0.265157
=> total bkg = 0.79268
Signal	Yield	Efficiency	Efficiency@Presel	Punzi
HNMuMu_1000	0.0786663	0.40275	2.11406e-06	6.69031e-07
=====================================================================


!!!!!!!!!!!!!!!!!
!!!! UPDATED !!!!
!!!!!!!!!!!!!!!!!

[CutInfo::PrintCutInfo] leadingLepton_Pt	>	140
[CutInfo::PrintCutInfo] ljj	|<	1250
[CutInfo::PrintCutInfo] ljj	|>	730
CF	0 +- 0
Fake	0.212974 +- 0.240928
Prompt	0.576531 +- 0.263844
=> total bkg = 0.789505
Signal	Yield	Efficiency	Efficiency@Presel	Punzi
HNMuMu_1000	0.0786399	0.402617	2.11335e-06	6.69497e-07
=====================================================================


!!!!!!!!!!!!!!!!!
!!!! UPDATED !!!!
!!!!!!!!!!!!!!!!!

[CutInfo::PrintCutInfo] leadingLepton_Pt	>	140
[CutInfo::PrintCutInfo] ljj	|<	1225
[CutInfo::PrintCutInfo] ljj	|>	730
CF	0 +- 0
Fake	0.21297 +- 0.240928
Prompt	0.567376 +- 0.26005
=> total bkg = 0.780347
Signal	Yield	Efficiency	Efficiency@Presel	Punzi
HNMuMu_1000	0.0784157	0.401517	2.10733e-06	6.69585e-07
=====================================================================


!!!!!!!!!!!!!!!!!
!!!! UPDATED !!!!
!!!!!!!!!!!!!!!!!

[CutInfo::PrintCutInfo] leadingLepton_Pt	>	140
[CutInfo::PrintCutInfo] ljj	|<	1220
[CutInfo::PrintCutInfo] ljj	|>	730
CF	0 +- 0
Fake	0.21297 +- 0.240928
Prompt	0.558354 +- 0.256336
=> total bkg = 0.771325
Signal	Yield	Efficiency	Efficiency@Presel	Punzi
HNMuMu_1000	0.0783683	0.40125	2.10605e-06	6.71162e-07
=====================================================================

####################################################
TIME STAMP : [2018/1/16 21:5:8] 400 / 3721 (10.7498 %)
####################################################
[CutInfo::PrintCutInfo] leadingLepton_Pt	>	140
[CutInfo::PrintCutInfo] ljj	|<	1220
[CutInfo::PrintCutInfo] ljj	|>	730

!!!!!!!!!!!!!!!!!
!!!! UPDATED !!!!
!!!!!!!!!!!!!!!!!

[CutInfo::PrintCutInfo] leadingLepton_Pt	>	140
[CutInfo::PrintCutInfo] ljj	|<	1220
[CutInfo::PrintCutInfo] ljj	|>	735
CF	0 +- 0
Fake	0.21297 +- 0.240928
Prompt	0.551014 +- 0.253331
=> total bkg = 0.763985
Signal	Yield	Efficiency	Efficiency@Presel	Punzi
HNMuMu_1000	0.0783525	0.401133	2.10563e-06	6.7265e-07
=====================================================================


!!!!!!!!!!!!!!!!!
!!!! UPDATED !!!!
!!!!!!!!!!!!!!!!!

[CutInfo::PrintCutInfo] leadingLepton_Pt	>	140
[CutInfo::PrintCutInfo] ljj	|<	1300
[CutInfo::PrintCutInfo] ljj	|>	740
CF	0 +- 0
Fake	0 +- 0
Prompt	0.687483 +- 0.29346
=> total bkg = 0.687483
Signal	Yield	Efficiency	Efficiency@Presel	Punzi
HNMuMu_1000	0.0788352	0.403567	2.1186e-06	6.99062e-07
=====================================================================


!!!!!!!!!!!!!!!!!
!!!! UPDATED !!!!
!!!!!!!!!!!!!!!!!

[CutInfo::PrintCutInfo] leadingLepton_Pt	>	140
[CutInfo::PrintCutInfo] ljj	|<	1290
[CutInfo::PrintCutInfo] ljj	|>	740
CF	0 +- 0
Fake	0 +- 0
Prompt	0.683863 +- 0.292023
=> total bkg = 0.683863
Signal	Yield	Efficiency	Efficiency@Presel	Punzi
HNMuMu_1000	0.0788239	0.40345	2.1183e-06	6.99908e-07
=====================================================================


!!!!!!!!!!!!!!!!!
!!!! UPDATED !!!!
!!!!!!!!!!!!!!!!!

[CutInfo::PrintCutInfo] leadingLepton_Pt	>	140
[CutInfo::PrintCutInfo] ljj	|<	1280
[CutInfo::PrintCutInfo] ljj	|>	740
CF	0 +- 0
Fake	0 +- 0
Prompt	0.579919 +- 0.265239
=> total bkg = 0.579919
Signal	Yield	Efficiency	Efficiency@Presel	Punzi
HNMuMu_1000	0.078776	0.403233	2.11701e-06	7.26826e-07
=====================================================================


!!!!!!!!!!!!!!!!!
!!!! UPDATED !!!!
!!!!!!!!!!!!!!!!!

[CutInfo::PrintCutInfo] leadingLepton_Pt	>	140
[CutInfo::PrintCutInfo] ljj	|<	1270
[CutInfo::PrintCutInfo] ljj	|>	740
CF	0 +- 0
Fake	0 +- 0
Prompt	0.577723 +- 0.264334
=> total bkg = 0.577723
Signal	Yield	Efficiency	Efficiency@Presel	Punzi
HNMuMu_1000	0.078717	0.402967	2.11542e-06	7.2695e-07
=====================================================================


!!!!!!!!!!!!!!!!!
!!!! UPDATED !!!!
!!!!!!!!!!!!!!!!!

[CutInfo::PrintCutInfo] leadingLepton_Pt	>	140
[CutInfo::PrintCutInfo] ljj	|<	1265
[CutInfo::PrintCutInfo] ljj	|>	740
CF	0 +- 0
Fake	0 +- 0
Prompt	0.571639 +- 0.261792
=> total bkg = 0.571639
Signal	Yield	Efficiency	Efficiency@Presel	Punzi
HNMuMu_1000	0.0786887	0.402833	2.11466e-06	7.28555e-07
=====================================================================


!!!!!!!!!!!!!!!!!
!!!! UPDATED !!!!
!!!!!!!!!!!!!!!!!

[CutInfo::PrintCutInfo] leadingLepton_Pt	>	140
[CutInfo::PrintCutInfo] ljj	|<	1255
[CutInfo::PrintCutInfo] ljj	|>	740
CF	0 +- 0
Fake	0 +- 0
Prompt	0.566016 +- 0.259458
=> total bkg = 0.566016
Signal	Yield	Efficiency	Efficiency@Presel	Punzi
HNMuMu_1000	0.0786037	0.402417	2.11238e-06	7.29505e-07
=====================================================================


!!!!!!!!!!!!!!!!!
!!!! UPDATED !!!!
!!!!!!!!!!!!!!!!!

[CutInfo::PrintCutInfo] leadingLepton_Pt	>	140
[CutInfo::PrintCutInfo] ljj	|<	1250
[CutInfo::PrintCutInfo] ljj	|>	740
CF	0 +- 0
Fake	0 +- 0
Prompt	0.562841 +- 0.258158
=> total bkg = 0.562841
Signal	Yield	Efficiency	Efficiency@Presel	Punzi
HNMuMu_1000	0.0785774	0.402283	2.11167e-06	7.30245e-07
=====================================================================

####################################################
TIME STAMP : [2018/1/16 21:5:24] 500 / 3721 (13.4372 %)
####################################################
[CutInfo::PrintCutInfo] leadingLepton_Pt	>	140
[CutInfo::PrintCutInfo] ljj	|<	1250
[CutInfo::PrintCutInfo] ljj	|>	740

!!!!!!!!!!!!!!!!!
!!!! UPDATED !!!!
!!!!!!!!!!!!!!!!!

[CutInfo::PrintCutInfo] leadingLepton_Pt	>	140
[CutInfo::PrintCutInfo] ljj	|<	1225
[CutInfo::PrintCutInfo] ljj	|>	740
CF	0 +- 0
Fake	0 +- 0
Prompt	0.553686 +- 0.254403
=> total bkg = 0.553686
Signal	Yield	Efficiency	Efficiency@Presel	Punzi
HNMuMu_1000	0.0783532	0.401183	2.10565e-06	7.3102e-07
=====================================================================


!!!!!!!!!!!!!!!!!
!!!! UPDATED !!!!
!!!!!!!!!!!!!!!!!

[CutInfo::PrintCutInfo] leadingLepton_Pt	>	140
[CutInfo::PrintCutInfo] ljj	|<	1220
[CutInfo::PrintCutInfo] ljj	|>	740
CF	0 +- 0
Fake	0 +- 0
Prompt	0.544664 +- 0.250728
=> total bkg = 0.544664
Signal	Yield	Efficiency	Efficiency@Presel	Punzi
HNMuMu_1000	0.0783057	0.400917	2.10437e-06	7.3343e-07
=====================================================================


!!!!!!!!!!!!!!!!!
!!!! UPDATED !!!!
!!!!!!!!!!!!!!!!!

[CutInfo::PrintCutInfo] leadingLepton_Pt	>	140
[CutInfo::PrintCutInfo] ljj	|<	1280
[CutInfo::PrintCutInfo] ljj	|>	745
CF	0 +- 0
Fake	0 +- 0
Prompt	0.541248 +- 0.247861
=> total bkg = 0.541248
Signal	Yield	Efficiency	Efficiency@Presel	Punzi
HNMuMu_1000	0.0787456	0.403033	2.11619e-06	7.38843e-07
=====================================================================


!!!!!!!!!!!!!!!!!
!!!! UPDATED !!!!
!!!!!!!!!!!!!!!!!

[CutInfo::PrintCutInfo] leadingLepton_Pt	>	140
[CutInfo::PrintCutInfo] ljj	|<	1270
[CutInfo::PrintCutInfo] ljj	|>	745
CF	0 +- 0
Fake	0 +- 0
Prompt	0.539052 +- 0.246979
=> total bkg = 0.539052
Signal	Yield	Efficiency	Efficiency@Presel	Punzi
HNMuMu_1000	0.0786844	0.40275	2.11455e-06	7.38975e-07
=====================================================================


!!!!!!!!!!!!!!!!!
!!!! UPDATED !!!!
!!!!!!!!!!!!!!!!!

[CutInfo::PrintCutInfo] leadingLepton_Pt	>	140
[CutInfo::PrintCutInfo] ljj	|<	1265
[CutInfo::PrintCutInfo] ljj	|>	745
CF	0 +- 0
Fake	0 +- 0
Prompt	0.532968 +- 0.244498
=> total bkg = 0.532968
Signal	Yield	Efficiency	Efficiency@Presel	Punzi
HNMuMu_1000	0.0786561	0.402617	2.11379e-06	7.40683e-07
=====================================================================


!!!!!!!!!!!!!!!!!
!!!! UPDATED !!!!
!!!!!!!!!!!!!!!!!

[CutInfo::PrintCutInfo] leadingLepton_Pt	>	140
[CutInfo::PrintCutInfo] ljj	|<	1255
[CutInfo::PrintCutInfo] ljj	|>	745
CF	0 +- 0
Fake	0 +- 0
Prompt	0.527346 +- 0.242221
=> total bkg = 0.527346
Signal	Yield	Efficiency	Efficiency@Presel	Punzi
HNMuMu_1000	0.0785711	0.4022	2.1115e-06	7.41719e-07
=====================================================================


!!!!!!!!!!!!!!!!!
!!!! UPDATED !!!!
!!!!!!!!!!!!!!!!!

[CutInfo::PrintCutInfo] leadingLepton_Pt	>	140
[CutInfo::PrintCutInfo] ljj	|<	1250
[CutInfo::PrintCutInfo] ljj	|>	745
CF	0 +- 0
Fake	0 +- 0
Prompt	0.52417 +- 0.240957
=> total bkg = 0.52417
Signal	Yield	Efficiency	Efficiency@Presel	Punzi
HNMuMu_1000	0.0785447	0.402067	2.11079e-06	7.42512e-07
=====================================================================


!!!!!!!!!!!!!!!!!
!!!! UPDATED !!!!
!!!!!!!!!!!!!!!!!

[CutInfo::PrintCutInfo] leadingLepton_Pt	>	140
[CutInfo::PrintCutInfo] ljj	|<	1225
[CutInfo::PrintCutInfo] ljj	|>	745
CF	0 +- 0
Fake	0 +- 0
Prompt	0.515015 +- 0.237303
=> total bkg = 0.515015
Signal	Yield	Efficiency	Efficiency@Presel	Punzi
HNMuMu_1000	0.0783205	0.400967	2.10477e-06	7.43419e-07
=====================================================================


!!!!!!!!!!!!!!!!!
!!!! UPDATED !!!!
!!!!!!!!!!!!!!!!!

[CutInfo::PrintCutInfo] leadingLepton_Pt	>	140
[CutInfo::PrintCutInfo] ljj	|<	1220
[CutInfo::PrintCutInfo] ljj	|>	745
CF	0 +- 0
Fake	0 +- 0
Prompt	0.505993 +- 0.233733
=> total bkg = 0.505993
Signal	Yield	Efficiency	Efficiency@Presel	Punzi
HNMuMu_1000	0.0782731	0.4007	2.10349e-06	7.45992e-07
=====================================================================

####################################################
TIME STAMP : [2018/1/16 21:5:39] 600 / 3721 (16.1247 %)
####################################################
[CutInfo::PrintCutInfo] leadingLepton_Pt	>	140
[CutInfo::PrintCutInfo] ljj	|<	1220
[CutInfo::PrintCutInfo] ljj	|>	745

!!!!!!!!!!!!!!!!!
!!!! UPDATED !!!!
!!!!!!!!!!!!!!!!!

[CutInfo::PrintCutInfo] leadingLepton_Pt	>	140
[CutInfo::PrintCutInfo] ljj	|<	1220
[CutInfo::PrintCutInfo] ljj	|>	750
CF	0 +- 0
Fake	0 +- 0
Prompt	0.501764 +- 0.232076
=> total bkg = 0.501764
Signal	Yield	Efficiency	Efficiency@Presel	Punzi
HNMuMu_1000	0.0782077	0.400433	2.10174e-06	7.46798e-07
=====================================================================


!!!!!!!!!!!!!!!!!
!!!! UPDATED !!!!
!!!!!!!!!!!!!!!!!

[CutInfo::PrintCutInfo] leadingLepton_Pt	>	140
[CutInfo::PrintCutInfo] ljj	|<	1280
[CutInfo::PrintCutInfo] ljj	|>	755
CF	0 +- 0
Fake	0 +- 0
Prompt	0.442442 +- 0.220225
=> total bkg = 0.442442
Signal	Yield	Efficiency	Efficiency@Presel	Punzi
HNMuMu_1000	0.0786511	0.4026	2.11365e-06	7.70785e-07
=====================================================================


!!!!!!!!!!!!!!!!!
!!!! UPDATED !!!!
!!!!!!!!!!!!!!!!!

[CutInfo::PrintCutInfo] leadingLepton_Pt	>	140
[CutInfo::PrintCutInfo] ljj	|<	1270
[CutInfo::PrintCutInfo] ljj	|>	755
CF	0 +- 0
Fake	0 +- 0
Prompt	0.440245 +- 0.219295
=> total bkg = 0.440245
Signal	Yield	Efficiency	Efficiency@Presel	Punzi
HNMuMu_1000	0.0785878	0.4023	2.11195e-06	7.71008e-07
=====================================================================


!!!!!!!!!!!!!!!!!
!!!! UPDATED !!!!
!!!!!!!!!!!!!!!!!

[CutInfo::PrintCutInfo] leadingLepton_Pt	>	140
[CutInfo::PrintCutInfo] ljj	|<	1265
[CutInfo::PrintCutInfo] ljj	|>	755
CF	0 +- 0
Fake	0 +- 0
Prompt	0.434161 +- 0.216674
=> total bkg = 0.434161
Signal	Yield	Efficiency	Efficiency@Presel	Punzi
HNMuMu_1000	0.0785595	0.402167	2.11119e-06	7.73092e-07
=====================================================================


!!!!!!!!!!!!!!!!!
!!!! UPDATED !!!!
!!!!!!!!!!!!!!!!!

[CutInfo::PrintCutInfo] leadingLepton_Pt	>	140
[CutInfo::PrintCutInfo] ljj	|<	1255
[CutInfo::PrintCutInfo] ljj	|>	755
CF	0 +- 0
Fake	0 +- 0
Prompt	0.428539 +- 0.214268
=> total bkg = 0.428539
Signal	Yield	Efficiency	Efficiency@Presel	Punzi
HNMuMu_1000	0.0784745	0.40175	2.10891e-06	7.74459e-07
=====================================================================


!!!!!!!!!!!!!!!!!
!!!! UPDATED !!!!
!!!!!!!!!!!!!!!!!

[CutInfo::PrintCutInfo] leadingLepton_Pt	>	140
[CutInfo::PrintCutInfo] ljj	|<	1250
[CutInfo::PrintCutInfo] ljj	|>	755
CF	0 +- 0
Fake	0 +- 0
Prompt	0.425363 +- 0.212931
=> total bkg = 0.425363
Signal	Yield	Efficiency	Efficiency@Presel	Punzi
HNMuMu_1000	0.0784429	0.4016	2.10806e-06	7.75398e-07
=====================================================================


!!!!!!!!!!!!!!!!!
!!!! UPDATED !!!!
!!!!!!!!!!!!!!!!!

[CutInfo::PrintCutInfo] leadingLepton_Pt	>	140
[CutInfo::PrintCutInfo] ljj	|<	1230
[CutInfo::PrintCutInfo] ljj	|>	755
CF	0 +- 0
Fake	0 +- 0
Prompt	0.421651 +- 0.211369
=> total bkg = 0.421651
Signal	Yield	Efficiency	Efficiency@Presel	Punzi
HNMuMu_1000	0.0782947	0.400817	2.10407e-06	7.75403e-07
=====================================================================


!!!!!!!!!!!!!!!!!
!!!! UPDATED !!!!
!!!!!!!!!!!!!!!!!

[CutInfo::PrintCutInfo] leadingLepton_Pt	>	140
[CutInfo::PrintCutInfo] ljj	|<	1225
[CutInfo::PrintCutInfo] ljj	|>	755
CF	0 +- 0
Fake	0 +- 0
Prompt	0.416208 +- 0.209064
=> total bkg = 0.416208
Signal	Yield	Efficiency	Efficiency@Presel	Punzi
HNMuMu_1000	0.0782167	0.400483	2.10198e-06	7.76805e-07
=====================================================================


!!!!!!!!!!!!!!!!!
!!!! UPDATED !!!!
!!!!!!!!!!!!!!!!!

[CutInfo::PrintCutInfo] leadingLepton_Pt	>	140
[CutInfo::PrintCutInfo] ljj	|<	1220
[CutInfo::PrintCutInfo] ljj	|>	755
CF	0 +- 0
Fake	0 +- 0
Prompt	0.407186 +- 0.205281
=> total bkg = 0.407186
Signal	Yield	Efficiency	Efficiency@Presel	Punzi
HNMuMu_1000	0.0781693	0.400217	2.1007e-06	7.79984e-07
=====================================================================


!!!!!!!!!!!!!!!!!
!!!! UPDATED !!!!
!!!!!!!!!!!!!!!!!

[CutInfo::PrintCutInfo] leadingLepton_Pt	>	140
[CutInfo::PrintCutInfo] ljj	|<	1205
[CutInfo::PrintCutInfo] ljj	|>	755
CF	0 +- 0
Fake	0 +- 0
Prompt	0.403301 +- 0.203669
=> total bkg = 0.403301
Signal	Yield	Efficiency	Efficiency@Presel	Punzi
HNMuMu_1000	0.0780192	0.3995	2.09667e-06	7.80073e-07
=====================================================================

####################################################
TIME STAMP : [2018/1/16 21:5:54] 700 / 3721 (18.8121 %)
####################################################
[CutInfo::PrintCutInfo] leadingLepton_Pt	>	140
[CutInfo::PrintCutInfo] ljj	|<	1205
[CutInfo::PrintCutInfo] ljj	|>	755

!!!!!!!!!!!!!!!!!
!!!! UPDATED !!!!
!!!!!!!!!!!!!!!!!

[CutInfo::PrintCutInfo] leadingLepton_Pt	>	140
[CutInfo::PrintCutInfo] ljj	|<	1220
[CutInfo::PrintCutInfo] ljj	|>	760
CF	0 +- 0
Fake	0 +- 0
Prompt	0.404219 +- 0.204057
=> total bkg = 0.404219
Signal	Yield	Efficiency	Efficiency@Presel	Punzi
HNMuMu_1000	0.0781343	0.4	2.09976e-06	7.80847e-07
=====================================================================


!!!!!!!!!!!!!!!!!
!!!! UPDATED !!!!
!!!!!!!!!!!!!!!!!

[CutInfo::PrintCutInfo] leadingLepton_Pt	>	140
[CutInfo::PrintCutInfo] ljj	|<	1205
[CutInfo::PrintCutInfo] ljj	|>	760
CF	0 +- 0
Fake	0 +- 0
Prompt	0.400334 +- 0.20245
=> total bkg = 0.400334
Signal	Yield	Efficiency	Efficiency@Presel	Punzi
HNMuMu_1000	0.0779787	0.399267	2.09558e-06	7.80887e-07
=====================================================================

####################################################
TIME STAMP : [2018/1/16 21:6:9] 800 / 3721 (21.4996 %)
####################################################
[CutInfo::PrintCutInfo] leadingLepton_Pt	>	140
[CutInfo::PrintCutInfo] ljj	|<	1205
[CutInfo::PrintCutInfo] ljj	|>	760

!!!!!!!!!!!!!!!!!
!!!! UPDATED !!!!
!!!!!!!!!!!!!!!!!

[CutInfo::PrintCutInfo] leadingLepton_Pt	>	140
[CutInfo::PrintCutInfo] ljj	|<	1220
[CutInfo::PrintCutInfo] ljj	|>	765
CF	0 +- 0
Fake	0 +- 0
Prompt	0.395791 +- 0.200595
=> total bkg = 0.395791
Signal	Yield	Efficiency	Efficiency@Presel	Punzi
HNMuMu_1000	0.078099	0.399833	2.09881e-06	7.83973e-07
=====================================================================


!!!!!!!!!!!!!!!!!
!!!! UPDATED !!!!
!!!!!!!!!!!!!!!!!

[CutInfo::PrintCutInfo] leadingLepton_Pt	>	140
[CutInfo::PrintCutInfo] ljj	|<	1205
[CutInfo::PrintCutInfo] ljj	|>	765
CF	0 +- 0
Fake	0 +- 0
Prompt	0.391905 +- 0.199001
=> total bkg = 0.391905
Signal	Yield	Efficiency	Efficiency@Presel	Punzi
HNMuMu_1000	0.0779434	0.3991	2.09463e-06	7.84033e-07
=====================================================================


!!!!!!!!!!!!!!!!!
!!!! UPDATED !!!!
!!!!!!!!!!!!!!!!!

[CutInfo::PrintCutInfo] leadingLepton_Pt	>	140
[CutInfo::PrintCutInfo] ljj	|<	1220
[CutInfo::PrintCutInfo] ljj	|>	770
CF	0 +- 0
Fake	0 +- 0
Prompt	0.388325 +- 0.197541
=> total bkg = 0.388325
Signal	Yield	Efficiency	Efficiency@Presel	Punzi
HNMuMu_1000	0.0780651	0.399567	2.0979e-06	7.86764e-07
=====================================================================


!!!!!!!!!!!!!!!!!
!!!! UPDATED !!!!
!!!!!!!!!!!!!!!!!

[CutInfo::PrintCutInfo] leadingLepton_Pt	>	140
[CutInfo::PrintCutInfo] ljj	|<	1205
[CutInfo::PrintCutInfo] ljj	|>	770
CF	0 +- 0
Fake	0 +- 0
Prompt	0.38444 +- 0.19596
=> total bkg = 0.38444
Signal	Yield	Efficiency	Efficiency@Presel	Punzi
HNMuMu_1000	0.0779026	0.3988	2.09354e-06	7.8677e-07
=====================================================================

####################################################
TIME STAMP : [2018/1/16 21:6:25] 900 / 3721 (24.187 %)
####################################################
[CutInfo::PrintCutInfo] leadingLepton_Pt	>	140
[CutInfo::PrintCutInfo] ljj	|<	1205
[CutInfo::PrintCutInfo] ljj	|>	770

!!!!!!!!!!!!!!!!!
!!!! UPDATED !!!!
!!!!!!!!!!!!!!!!!

[CutInfo::PrintCutInfo] leadingLepton_Pt	>	140
[CutInfo::PrintCutInfo] ljj	|<	1280
[CutInfo::PrintCutInfo] ljj	|>	775
CF	0 +- 0
Fake	0 +- 0
Prompt	0.378999 +- 0.190658
=> total bkg = 0.378999
Signal	Yield	Efficiency	Efficiency@Presel	Punzi
HNMuMu_1000	0.0784953	0.40175	2.10947e-06	7.95545e-07
=====================================================================


!!!!!!!!!!!!!!!!!
!!!! UPDATED !!!!
!!!!!!!!!!!!!!!!!

[CutInfo::PrintCutInfo] leadingLepton_Pt	>	140
[CutInfo::PrintCutInfo] ljj	|<	1270
[CutInfo::PrintCutInfo] ljj	|>	775
CF	0 +- 0
Fake	0 +- 0
Prompt	0.376803 +- 0.189767
=> total bkg = 0.376803
Signal	Yield	Efficiency	Efficiency@Presel	Punzi
HNMuMu_1000	0.0784267	0.401433	2.10762e-06	7.95803e-07
=====================================================================


!!!!!!!!!!!!!!!!!
!!!! UPDATED !!!!
!!!!!!!!!!!!!!!!!

[CutInfo::PrintCutInfo] leadingLepton_Pt	>	140
[CutInfo::PrintCutInfo] ljj	|<	1265
[CutInfo::PrintCutInfo] ljj	|>	775
CF	0 +- 0
Fake	0 +- 0
Prompt	0.370719 +- 0.187249
=> total bkg = 0.370719
Signal	Yield	Efficiency	Efficiency@Presel	Punzi
HNMuMu_1000	0.0783984	0.4013	2.10686e-06	7.98187e-07
=====================================================================


!!!!!!!!!!!!!!!!!
!!!! UPDATED !!!!
!!!!!!!!!!!!!!!!!

[CutInfo::PrintCutInfo] leadingLepton_Pt	>	140
[CutInfo::PrintCutInfo] ljj	|<	1255
[CutInfo::PrintCutInfo] ljj	|>	775
CF	0 +- 0
Fake	0 +- 0
Prompt	0.365096 +- 0.184944
=> total bkg = 0.365096
Signal	Yield	Efficiency	Efficiency@Presel	Punzi
HNMuMu_1000	0.0783133	0.400883	2.10457e-06	7.99817e-07
=====================================================================


!!!!!!!!!!!!!!!!!
!!!! UPDATED !!!!
!!!!!!!!!!!!!!!!!

[CutInfo::PrintCutInfo] leadingLepton_Pt	>	140
[CutInfo::PrintCutInfo] ljj	|<	1250
[CutInfo::PrintCutInfo] ljj	|>	775
CF	0 +- 0
Fake	0 +- 0
Prompt	0.361921 +- 0.183669
=> total bkg = 0.361921
Signal	Yield	Efficiency	Efficiency@Presel	Punzi
HNMuMu_1000	0.0782818	0.400733	2.10373e-06	8.00913e-07
=====================================================================


!!!!!!!!!!!!!!!!!
!!!! UPDATED !!!!
!!!!!!!!!!!!!!!!!

[CutInfo::PrintCutInfo] leadingLepton_Pt	>	140
[CutInfo::PrintCutInfo] ljj	|<	1230
[CutInfo::PrintCutInfo] ljj	|>	775
CF	0 +- 0
Fake	0 +- 0
Prompt	0.358209 +- 0.182179
=> total bkg = 0.358209
Signal	Yield	Efficiency	Efficiency@Presel	Punzi
HNMuMu_1000	0.0781314	0.399933	2.09968e-06	8.01043e-07
=====================================================================


!!!!!!!!!!!!!!!!!
!!!! UPDATED !!!!
!!!!!!!!!!!!!!!!!

[CutInfo::PrintCutInfo] leadingLepton_Pt	>	140
[CutInfo::PrintCutInfo] ljj	|<	1225
[CutInfo::PrintCutInfo] ljj	|>	775
CF	0 +- 0
Fake	0 +- 0
Prompt	0.352766 +- 0.179982
=> total bkg = 0.352766
Signal	Yield	Efficiency	Efficiency@Presel	Punzi
HNMuMu_1000	0.0780533	0.3996	2.09759e-06	8.02715e-07
=====================================================================


!!!!!!!!!!!!!!!!!
!!!! UPDATED !!!!
!!!!!!!!!!!!!!!!!

[CutInfo::PrintCutInfo] leadingLepton_Pt	>	140
[CutInfo::PrintCutInfo] ljj	|<	1220
[CutInfo::PrintCutInfo] ljj	|>	775
CF	0 +- 0
Fake	0 +- 0
Prompt	0.343744 +- 0.176388
=> total bkg = 0.343744
Signal	Yield	Efficiency	Efficiency@Presel	Punzi
HNMuMu_1000	0.0780038	0.399317	2.09626e-06	8.06363e-07
=====================================================================


!!!!!!!!!!!!!!!!!
!!!! UPDATED !!!!
!!!!!!!!!!!!!!!!!

[CutInfo::PrintCutInfo] leadingLepton_Pt	>	140
[CutInfo::PrintCutInfo] ljj	|<	1205
[CutInfo::PrintCutInfo] ljj	|>	775
CF	0 +- 0
Fake	0 +- 0
Prompt	0.339858 +- 0.174864
=> total bkg = 0.339858
Signal	Yield	Efficiency	Efficiency@Presel	Punzi
HNMuMu_1000	0.0778413	0.39855	2.09189e-06	8.06495e-07
=====================================================================


!!!!!!!!!!!!!!!!!
!!!! UPDATED !!!!
!!!!!!!!!!!!!!!!!

[CutInfo::PrintCutInfo] leadingLepton_Pt	>	140
[CutInfo::PrintCutInfo] ljj	|<	1250
[CutInfo::PrintCutInfo] ljj	|>	780
CF	0 +- 0
Fake	0 +- 0
Prompt	0.349981 +- 0.168875
=> total bkg = 0.349981
Signal	Yield	Efficiency	Efficiency@Presel	Punzi
HNMuMu_1000	0.078236	0.40055	2.1025e-06	8.07277e-07
=====================================================================


!!!!!!!!!!!!!!!!!
!!!! UPDATED !!!!
!!!!!!!!!!!!!!!!!

[CutInfo::PrintCutInfo] leadingLepton_Pt	>	140
[CutInfo::PrintCutInfo] ljj	|<	1230
[CutInfo::PrintCutInfo] ljj	|>	780
CF	0 +- 0
Fake	0 +- 0
Prompt	0.346269 +- 0.16732
=> total bkg = 0.346269
Signal	Yield	Efficiency	Efficiency@Presel	Punzi
HNMuMu_1000	0.0780855	0.39975	2.09845e-06	8.0745e-07
=====================================================================


!!!!!!!!!!!!!!!!!
!!!! UPDATED !!!!
!!!!!!!!!!!!!!!!!

[CutInfo::PrintCutInfo] leadingLepton_Pt	>	140
[CutInfo::PrintCutInfo] ljj	|<	1225
[CutInfo::PrintCutInfo] ljj	|>	780
CF	0 +- 0
Fake	0 +- 0
Prompt	0.340826 +- 0.165023
=> total bkg = 0.340826
Signal	Yield	Efficiency	Efficiency@Presel	Punzi
HNMuMu_1000	0.0780075	0.399417	2.09636e-06	8.09201e-07
=====================================================================


!!!!!!!!!!!!!!!!!
!!!! UPDATED !!!!
!!!!!!!!!!!!!!!!!

[CutInfo::PrintCutInfo] leadingLepton_Pt	>	140
[CutInfo::PrintCutInfo] ljj	|<	1220
[CutInfo::PrintCutInfo] ljj	|>	780
CF	0 +- 0
Fake	0 +- 0
Prompt	0.331804 +- 0.161264
=> total bkg = 0.331804
Signal	Yield	Efficiency	Efficiency@Presel	Punzi
HNMuMu_1000	0.077958	0.399133	2.09503e-06	8.12991e-07
=====================================================================


!!!!!!!!!!!!!!!!!
!!!! UPDATED !!!!
!!!!!!!!!!!!!!!!!

[CutInfo::PrintCutInfo] leadingLepton_Pt	>	140
[CutInfo::PrintCutInfo] ljj	|<	1205
[CutInfo::PrintCutInfo] ljj	|>	780
CF	0 +- 0
Fake	0 +- 0
Prompt	0.327918 +- 0.159668
=> total bkg = 0.327918
Signal	Yield	Efficiency	Efficiency@Presel	Punzi
HNMuMu_1000	0.0777904	0.39835	2.09052e-06	8.13119e-07
=====================================================================

####################################################
TIME STAMP : [2018/1/16 21:6:40] 1000 / 3721 (26.8745 %)
####################################################
[CutInfo::PrintCutInfo] leadingLepton_Pt	>	140
[CutInfo::PrintCutInfo] ljj	|<	1205
[CutInfo::PrintCutInfo] ljj	|>	780

!!!!!!!!!!!!!!!!!
!!!! UPDATED !!!!
!!!!!!!!!!!!!!!!!

[CutInfo::PrintCutInfo] leadingLepton_Pt	>	140
[CutInfo::PrintCutInfo] ljj	|<	1220
[CutInfo::PrintCutInfo] ljj	|>	785
CF	0 +- 0
Fake	0 +- 0
Prompt	0.324741 +- 0.158376
=> total bkg = 0.324741
Signal	Yield	Efficiency	Efficiency@Presel	Punzi
HNMuMu_1000	0.0779052	0.398867	2.09361e-06	8.15868e-07
=====================================================================


!!!!!!!!!!!!!!!!!
!!!! UPDATED !!!!
!!!!!!!!!!!!!!!!!

[CutInfo::PrintCutInfo] leadingLepton_Pt	>	140
[CutInfo::PrintCutInfo] ljj	|<	1205
[CutInfo::PrintCutInfo] ljj	|>	785
CF	0 +- 0
Fake	0 +- 0
Prompt	0.320856 +- 0.156795
=> total bkg = 0.320856
Signal	Yield	Efficiency	Efficiency@Presel	Punzi
HNMuMu_1000	0.0777376	0.398083	2.0891e-06	8.16018e-07
=====================================================================

####################################################
TIME STAMP : [2018/1/16 21:6:55] 1100 / 3721 (29.5619 %)
####################################################
[CutInfo::PrintCutInfo] leadingLepton_Pt	>	140
[CutInfo::PrintCutInfo] ljj	|<	1205
[CutInfo::PrintCutInfo] ljj	|>	785

!!!!!!!!!!!!!!!!!
!!!! UPDATED !!!!
!!!!!!!!!!!!!!!!!

[CutInfo::PrintCutInfo] leadingLepton_Pt	>	140
[CutInfo::PrintCutInfo] ljj	|<	1225
[CutInfo::PrintCutInfo] ljj	|>	790
CF	0 +- 0
Fake	0 +- 0
Prompt	0.322627 +- 0.157528
=> total bkg = 0.322627
Signal	Yield	Efficiency	Efficiency@Presel	Punzi
HNMuMu_1000	0.0779163	0.398983	2.0939e-06	8.17019e-07
=====================================================================


!!!!!!!!!!!!!!!!!
!!!! UPDATED !!!!
!!!!!!!!!!!!!!!!!

[CutInfo::PrintCutInfo] leadingLepton_Pt	>	140
[CutInfo::PrintCutInfo] ljj	|<	1220
[CutInfo::PrintCutInfo] ljj	|>	790
CF	0 +- 0
Fake	0 +- 0
Prompt	0.313605 +- 0.153853
=> total bkg = 0.313605
Signal	Yield	Efficiency	Efficiency@Presel	Punzi
HNMuMu_1000	0.0778617	0.398683	2.09244e-06	8.20934e-07
=====================================================================


!!!!!!!!!!!!!!!!!
!!!! UPDATED !!!!
!!!!!!!!!!!!!!!!!

[CutInfo::PrintCutInfo] leadingLepton_Pt	>	140
[CutInfo::PrintCutInfo] ljj	|<	1205
[CutInfo::PrintCutInfo] ljj	|>	790
CF	0 +- 0
Fake	0 +- 0
Prompt	0.30972 +- 0.152295
=> total bkg = 0.30972
Signal	Yield	Efficiency	Efficiency@Presel	Punzi
HNMuMu_1000	0.0776885	0.397883	2.08778e-06	8.21065e-07
=====================================================================

####################################################
TIME STAMP : [2018/1/16 21:7:10] 1200 / 3721 (32.2494 %)
####################################################
[CutInfo::PrintCutInfo] leadingLepton_Pt	>	140
[CutInfo::PrintCutInfo] ljj	|<	1205
[CutInfo::PrintCutInfo] ljj	|>	790

!!!!!!!!!!!!!!!!!
!!!! UPDATED !!!!
!!!!!!!!!!!!!!!!!

[CutInfo::PrintCutInfo] leadingLepton_Pt	>	140
[CutInfo::PrintCutInfo] ljj	|<	1220
[CutInfo::PrintCutInfo] ljj	|>	800
CF	0 +- 0
Fake	0 +- 0
Prompt	0.308166 +- 0.151647
=> total bkg = 0.308166
Signal	Yield	Efficiency	Efficiency@Presel	Punzi
HNMuMu_1000	0.0777158	0.398083	2.08852e-06	8.22145e-07
=====================================================================


!!!!!!!!!!!!!!!!!
!!!! UPDATED !!!!
!!!!!!!!!!!!!!!!!

[CutInfo::PrintCutInfo] leadingLepton_Pt	>	140
[CutInfo::PrintCutInfo] ljj	|<	1205
[CutInfo::PrintCutInfo] ljj	|>	800
CF	0 +- 0
Fake	0 +- 0
Prompt	0.304281 +- 0.150103
=> total bkg = 0.304281
Signal	Yield	Efficiency	Efficiency@Presel	Punzi
HNMuMu_1000	0.0775425	0.397283	2.08386e-06	8.22292e-07
=====================================================================


!!!!!!!!!!!!!!!!!
!!!! UPDATED !!!!
!!!!!!!!!!!!!!!!!

[CutInfo::PrintCutInfo] leadingLepton_Pt	>	140
[CutInfo::PrintCutInfo] ljj	|<	1220
[CutInfo::PrintCutInfo] ljj	|>	805
CF	0 +- 0
Fake	0 +- 0
Prompt	0.304368 +- 0.150147
=> total bkg = 0.304368
Signal	Yield	Efficiency	Efficiency@Presel	Punzi
HNMuMu_1000	0.0776613	0.397783	2.08705e-06	8.23506e-07
=====================================================================

####################################################
TIME STAMP : [2018/1/16 21:7:26] 1300 / 3721 (34.9368 %)
####################################################
[CutInfo::PrintCutInfo] leadingLepton_Pt	>	140
[CutInfo::PrintCutInfo] ljj	|<	1220
[CutInfo::PrintCutInfo] ljj	|>	805

!!!!!!!!!!!!!!!!!
!!!! UPDATED !!!!
!!!!!!!!!!!!!!!!!

[CutInfo::PrintCutInfo] leadingLepton_Pt	>	140
[CutInfo::PrintCutInfo] ljj	|<	1205
[CutInfo::PrintCutInfo] ljj	|>	805
CF	0 +- 0
Fake	0 +- 0
Prompt	0.300483 +- 0.148611
=> total bkg = 0.300483
Signal	Yield	Efficiency	Efficiency@Presel	Punzi
HNMuMu_1000	0.0774881	0.396983	2.0824e-06	8.23667e-07
=====================================================================


!!!!!!!!!!!!!!!!!
!!!! UPDATED !!!!
!!!!!!!!!!!!!!!!!

[CutInfo::PrintCutInfo] leadingLepton_Pt	>	140
[CutInfo::PrintCutInfo] ljj	|<	1250
[CutInfo::PrintCutInfo] ljj	|>	810
CF	0 +- 0
Fake	0 +- 0
Prompt	0.309362 +- 0.152156
=> total bkg = 0.309362
Signal	Yield	Efficiency	Efficiency@Presel	Punzi
HNMuMu_1000	0.0779196	0.398933	2.09399e-06	8.23688e-07
=====================================================================


!!!!!!!!!!!!!!!!!
!!!! UPDATED !!!!
!!!!!!!!!!!!!!!!!

[CutInfo::PrintCutInfo] leadingLepton_Pt	>	140
[CutInfo::PrintCutInfo] ljj	|<	1230
[CutInfo::PrintCutInfo] ljj	|>	810
CF	0 +- 0
Fake	0 +- 0
Prompt	0.30565 +- 0.150679
=> total bkg = 0.30565
Signal	Yield	Efficiency	Efficiency@Presel	Punzi
HNMuMu_1000	0.0777691	0.398133	2.08995e-06	8.23989e-07
=====================================================================


!!!!!!!!!!!!!!!!!
!!!! UPDATED !!!!
!!!!!!!!!!!!!!!!!

[CutInfo::PrintCutInfo] leadingLepton_Pt	>	140
[CutInfo::PrintCutInfo] ljj	|<	1225
[CutInfo::PrintCutInfo] ljj	|>	810
CF	0 +- 0
Fake	0 +- 0
Prompt	0.300207 +- 0.148498
=> total bkg = 0.300207
Signal	Yield	Efficiency	Efficiency@Presel	Punzi
HNMuMu_1000	0.0776911	0.3978	2.08785e-06	8.25968e-07
=====================================================================


!!!!!!!!!!!!!!!!!
!!!! UPDATED !!!!
!!!!!!!!!!!!!!!!!

[CutInfo::PrintCutInfo] leadingLepton_Pt	>	140
[CutInfo::PrintCutInfo] ljj	|<	1220
[CutInfo::PrintCutInfo] ljj	|>	810
CF	0 +- 0
Fake	0 +- 0
Prompt	0.291185 +- 0.144944
=> total bkg = 0.291185
Signal	Yield	Efficiency	Efficiency@Presel	Punzi
HNMuMu_1000	0.0776365	0.3975	2.08639e-06	8.30119e-07
=====================================================================


!!!!!!!!!!!!!!!!!
!!!! UPDATED !!!!
!!!!!!!!!!!!!!!!!

[CutInfo::PrintCutInfo] leadingLepton_Pt	>	140
[CutInfo::PrintCutInfo] ljj	|<	1205
[CutInfo::PrintCutInfo] ljj	|>	810
CF	0 +- 0
Fake	0 +- 0
Prompt	0.287299 +- 0.143442
=> total bkg = 0.287299
Signal	Yield	Efficiency	Efficiency@Presel	Punzi
HNMuMu_1000	0.0774587	0.396683	2.08161e-06	8.30283e-07
=====================================================================

####################################################
TIME STAMP : [2018/1/16 21:7:41] 1400 / 3721 (37.6243 %)
####################################################
[CutInfo::PrintCutInfo] leadingLepton_Pt	>	140
[CutInfo::PrintCutInfo] ljj	|<	1205
[CutInfo::PrintCutInfo] ljj	|>	810

!!!!!!!!!!!!!!!!!
!!!! UPDATED !!!!
!!!!!!!!!!!!!!!!!

[CutInfo::PrintCutInfo] leadingLepton_Pt	>	140
[CutInfo::PrintCutInfo] ljj	|<	1220
[CutInfo::PrintCutInfo] ljj	|>	815
CF	0 +- 0
Fake	0 +- 0
Prompt	0.284702 +- 0.142455
=> total bkg = 0.284702
Signal	Yield	Efficiency	Efficiency@Presel	Punzi
HNMuMu_1000	0.077568	0.39705	2.08455e-06	8.32848e-07
=====================================================================


!!!!!!!!!!!!!!!!!
!!!! UPDATED !!!!
!!!!!!!!!!!!!!!!!

[CutInfo::PrintCutInfo] leadingLepton_Pt	>	140
[CutInfo::PrintCutInfo] ljj	|<	1205
[CutInfo::PrintCutInfo] ljj	|>	815
CF	0 +- 0
Fake	0 +- 0
Prompt	0.280817 +- 0.140972
=> total bkg = 0.280817
Signal	Yield	Efficiency	Efficiency@Presel	Punzi
HNMuMu_1000	0.077394	0.3962	2.07987e-06	8.33079e-07
=====================================================================

####################################################
TIME STAMP : [2018/1/16 21:7:56] 1500 / 3721 (40.3117 %)
####################################################
[CutInfo::PrintCutInfo] leadingLepton_Pt	>	140
[CutInfo::PrintCutInfo] ljj	|<	1205
[CutInfo::PrintCutInfo] ljj	|>	815
####################################################
TIME STAMP : [2018/1/16 21:8:12] 1600 / 3721 (42.9992 %)
####################################################
[CutInfo::PrintCutInfo] leadingLepton_Pt	>	140
[CutInfo::PrintCutInfo] ljj	|<	1205
[CutInfo::PrintCutInfo] ljj	|>	815

!!!!!!!!!!!!!!!!!
!!!! UPDATED !!!!
!!!!!!!!!!!!!!!!!

[CutInfo::PrintCutInfo] leadingLepton_Pt	>	140
[CutInfo::PrintCutInfo] ljj	|<	1220
[CutInfo::PrintCutInfo] ljj	|>	830
CF	0 +- 0
Fake	0 +- 0
Prompt	0.27902 +- 0.140253
=> total bkg = 0.27902
Signal	Yield	Efficiency	Efficiency@Presel	Punzi
HNMuMu_1000	0.077324	0.395833	2.07799e-06	8.33308e-07
=====================================================================


!!!!!!!!!!!!!!!!!
!!!! UPDATED !!!!
!!!!!!!!!!!!!!!!!

[CutInfo::PrintCutInfo] leadingLepton_Pt	>	140
[CutInfo::PrintCutInfo] ljj	|<	1205
[CutInfo::PrintCutInfo] ljj	|>	830
CF	0 +- 0
Fake	0 +- 0
Prompt	0.275134 +- 0.138786
=> total bkg = 0.275134
Signal	Yield	Efficiency	Efficiency@Presel	Punzi
HNMuMu_1000	0.07715	0.394983	2.07331e-06	8.33559e-07
=====================================================================


!!!!!!!!!!!!!!!!!
!!!! UPDATED !!!!
!!!!!!!!!!!!!!!!!

[CutInfo::PrintCutInfo] leadingLepton_Pt	>	140
[CutInfo::PrintCutInfo] ljj	|<	1225
[CutInfo::PrintCutInfo] ljj	|>	835
CF	0 +- 0
Fake	0 +- 0
Prompt	0.27506 +- 0.138713
=> total bkg = 0.27506
Signal	Yield	Efficiency	Efficiency@Presel	Punzi
HNMuMu_1000	0.0773099	0.395783	2.07761e-06	8.35334e-07
=====================================================================


!!!!!!!!!!!!!!!!!
!!!! UPDATED !!!!
!!!!!!!!!!!!!!!!!

[CutInfo::PrintCutInfo] leadingLepton_Pt	>	140
[CutInfo::PrintCutInfo] ljj	|<	1220
[CutInfo::PrintCutInfo] ljj	|>	835
CF	0 +- 0
Fake	0 +- 0
Prompt	0.266038 +- 0.135322
=> total bkg = 0.266038
Signal	Yield	Efficiency	Efficiency@Presel	Punzi
HNMuMu_1000	0.0772565	0.395467	2.07617e-06	8.39793e-07
=====================================================================


!!!!!!!!!!!!!!!!!
!!!! UPDATED !!!!
!!!!!!!!!!!!!!!!!

[CutInfo::PrintCutInfo] leadingLepton_Pt	>	140
[CutInfo::PrintCutInfo] ljj	|<	1205
[CutInfo::PrintCutInfo] ljj	|>	835
CF	0 +- 0
Fake	0 +- 0
Prompt	0.262152 +- 0.133895
=> total bkg = 0.262152
Signal	Yield	Efficiency	Efficiency@Presel	Punzi
HNMuMu_1000	0.0770824	0.394617	2.0715e-06	8.40103e-07
=====================================================================

####################################################
TIME STAMP : [2018/1/16 21:8:27] 1700 / 3721 (45.6866 %)
####################################################
[CutInfo::PrintCutInfo] leadingLepton_Pt	>	140
[CutInfo::PrintCutInfo] ljj	|<	1205
[CutInfo::PrintCutInfo] ljj	|>	835

!!!!!!!!!!!!!!!!!
!!!! UPDATED !!!!
!!!!!!!!!!!!!!!!!

[CutInfo::PrintCutInfo] leadingLepton_Pt	>	140
[CutInfo::PrintCutInfo] ljj	|<	1280
[CutInfo::PrintCutInfo] ljj	|>	840
CF	0 +- 0
Fake	0 +- 0
Prompt	0.200143 +- 0.104807
=> total bkg = 0.200143
Signal	Yield	Efficiency	Efficiency@Presel	Punzi
HNMuMu_1000	0.0776888	0.397617	2.08779e-06	8.87171e-07
=====================================================================


!!!!!!!!!!!!!!!!!
!!!! UPDATED !!!!
!!!!!!!!!!!!!!!!!

[CutInfo::PrintCutInfo] leadingLepton_Pt	>	140
[CutInfo::PrintCutInfo] ljj	|<	1270
[CutInfo::PrintCutInfo] ljj	|>	840
CF	0 +- 0
Fake	0 +- 0
Prompt	0.197946 +- 0.103733
=> total bkg = 0.197946
Signal	Yield	Efficiency	Efficiency@Presel	Punzi
HNMuMu_1000	0.0776071	0.39725	2.0856e-06	8.87845e-07
=====================================================================


!!!!!!!!!!!!!!!!!
!!!! UPDATED !!!!
!!!!!!!!!!!!!!!!!

[CutInfo::PrintCutInfo] leadingLepton_Pt	>	140
[CutInfo::PrintCutInfo] ljj	|<	1265
[CutInfo::PrintCutInfo] ljj	|>	840
CF	0 +- 0
Fake	0 +- 0
Prompt	0.191862 +- 0.100644
=> total bkg = 0.191862
Signal	Yield	Efficiency	Efficiency@Presel	Punzi
HNMuMu_1000	0.0775767	0.3971	2.08478e-06	8.92034e-07
=====================================================================


!!!!!!!!!!!!!!!!!
!!!! UPDATED !!!!
!!!!!!!!!!!!!!!!!

[CutInfo::PrintCutInfo] leadingLepton_Pt	>	140
[CutInfo::PrintCutInfo] ljj	|<	1255
[CutInfo::PrintCutInfo] ljj	|>	840
CF	0 +- 0
Fake	0 +- 0
Prompt	0.18624 +- 0.0978002
=> total bkg = 0.18624
Signal	Yield	Efficiency	Efficiency@Presel	Punzi
HNMuMu_1000	0.077487	0.39665	2.08237e-06	8.95287e-07
=====================================================================


!!!!!!!!!!!!!!!!!
!!!! UPDATED !!!!
!!!!!!!!!!!!!!!!!

[CutInfo::PrintCutInfo] leadingLepton_Pt	>	140
[CutInfo::PrintCutInfo] ljj	|<	1250
[CutInfo::PrintCutInfo] ljj	|>	840
CF	0 +- 0
Fake	0 +- 0
Prompt	0.183064 +- 0.0962338
=> total bkg = 0.183064
Signal	Yield	Efficiency	Efficiency@Presel	Punzi
HNMuMu_1000	0.0774555	0.3965	2.08152e-06	8.9738e-07
=====================================================================


!!!!!!!!!!!!!!!!!
!!!! UPDATED !!!!
!!!!!!!!!!!!!!!!!

[CutInfo::PrintCutInfo] leadingLepton_Pt	>	140
[CutInfo::PrintCutInfo] ljj	|<	1230
[CutInfo::PrintCutInfo] ljj	|>	840
CF	0 +- 0
Fake	0 +- 0
Prompt	0.179352 +- 0.0943931
=> total bkg = 0.179352
Signal	Yield	Efficiency	Efficiency@Presel	Punzi
HNMuMu_1000	0.0772807	0.395617	2.07682e-06	8.98263e-07
=====================================================================


!!!!!!!!!!!!!!!!!
!!!! UPDATED !!!!
!!!!!!!!!!!!!!!!!

[CutInfo::PrintCutInfo] leadingLepton_Pt	>	140
[CutInfo::PrintCutInfo] ljj	|<	1225
[CutInfo::PrintCutInfo] ljj	|>	840
CF	0 +- 0
Fake	0 +- 0
Prompt	0.173909 +- 0.0916441
=> total bkg = 0.173909
Signal	Yield	Efficiency	Efficiency@Presel	Punzi
HNMuMu_1000	0.077197	0.395267	2.07458e-06	9.01639e-07
=====================================================================


!!!!!!!!!!!!!!!!!
!!!! UPDATED !!!!
!!!!!!!!!!!!!!!!!

[CutInfo::PrintCutInfo] leadingLepton_Pt	>	140
[CutInfo::PrintCutInfo] ljj	|<	1220
[CutInfo::PrintCutInfo] ljj	|>	840
CF	0 +- 0
Fake	0 +- 0
Prompt	0.164887 +- 0.0871181
=> total bkg = 0.164887
Signal	Yield	Efficiency	Efficiency@Presel	Punzi
HNMuMu_1000	0.0771436	0.39495	2.07314e-06	9.08446e-07
=====================================================================


!!!!!!!!!!!!!!!!!
!!!! UPDATED !!!!
!!!!!!!!!!!!!!!!!

[CutInfo::PrintCutInfo] leadingLepton_Pt	>	140
[CutInfo::PrintCutInfo] ljj	|<	1205
[CutInfo::PrintCutInfo] ljj	|>	840
CF	0 +- 0
Fake	0 +- 0
Prompt	0.161002 +- 0.0851891
=> total bkg = 0.161002
Signal	Yield	Efficiency	Efficiency@Presel	Punzi
HNMuMu_1000	0.0769696	0.3941	2.06846e-06	9.09681e-07
=====================================================================


!!!!!!!!!!!!!!!!!
!!!! UPDATED !!!!
!!!!!!!!!!!!!!!!!

[CutInfo::PrintCutInfo] leadingLepton_Pt	>	140
[CutInfo::PrintCutInfo] ljj	|<	1220
[CutInfo::PrintCutInfo] ljj	|>	845
CF	0 +- 0
Fake	0 +- 0
Prompt	0.161125 +- 0.085253
=> total bkg = 0.161125
Signal	Yield	Efficiency	Efficiency@Presel	Punzi
HNMuMu_1000	0.0770767	0.394533	2.07134e-06	9.10841e-07
=====================================================================


!!!!!!!!!!!!!!!!!
!!!! UPDATED !!!!
!!!!!!!!!!!!!!!!!

[CutInfo::PrintCutInfo] leadingLepton_Pt	>	140
[CutInfo::PrintCutInfo] ljj	|<	1205
[CutInfo::PrintCutInfo] ljj	|>	845
CF	0 +- 0
Fake	0 +- 0
Prompt	0.15724 +- 0.0833248
=> total bkg = 0.15724
Signal	Yield	Efficiency	Efficiency@Presel	Punzi
HNMuMu_1000	0.0769026	0.393683	2.06666e-06	9.12123e-07
=====================================================================

####################################################
TIME STAMP : [2018/1/16 21:8:42] 1800 / 3721 (48.3741 %)
####################################################
[CutInfo::PrintCutInfo] leadingLepton_Pt	>	140
[CutInfo::PrintCutInfo] ljj	|<	1205
[CutInfo::PrintCutInfo] ljj	|>	845

!!!!!!!!!!!!!!!!!
!!!! UPDATED !!!!
!!!!!!!!!!!!!!!!!

[CutInfo::PrintCutInfo] leadingLepton_Pt	>	140
[CutInfo::PrintCutInfo] ljj	|<	1220
[CutInfo::PrintCutInfo] ljj	|>	850
CF	0 +- 0
Fake	0 +- 0
Prompt	0.155546 +- 0.0824273
=> total bkg = 0.155546
Signal	Yield	Efficiency	Efficiency@Presel	Punzi
HNMuMu_1000	0.0769674	0.393967	2.0684e-06	9.14375e-07
=====================================================================


!!!!!!!!!!!!!!!!!
!!!! UPDATED !!!!
!!!!!!!!!!!!!!!!!

[CutInfo::PrintCutInfo] leadingLepton_Pt	>	140
[CutInfo::PrintCutInfo] ljj	|<	1205
[CutInfo::PrintCutInfo] ljj	|>	850
CF	0 +- 0
Fake	0 +- 0
Prompt	0.15166 +- 0.0804989
=> total bkg = 0.15166
Signal	Yield	Efficiency	Efficiency@Presel	Punzi
HNMuMu_1000	0.0767898	0.3931	2.06363e-06	9.15689e-07
=====================================================================

####################################################
TIME STAMP : [2018/1/16 21:8:57] 1900 / 3721 (51.0615 %)
####################################################
[CutInfo::PrintCutInfo] leadingLepton_Pt	>	140
[CutInfo::PrintCutInfo] ljj	|<	1205
[CutInfo::PrintCutInfo] ljj	|>	850

!!!!!!!!!!!!!!!!!
!!!! UPDATED !!!!
!!!!!!!!!!!!!!!!!

[CutInfo::PrintCutInfo] leadingLepton_Pt	>	140
[CutInfo::PrintCutInfo] ljj	|<	1220
[CutInfo::PrintCutInfo] ljj	|>	855
CF	0 +- 0
Fake	0 +- 0
Prompt	0.152041 +- 0.0806961
=> total bkg = 0.152041
Signal	Yield	Efficiency	Efficiency@Presel	Punzi
HNMuMu_1000	0.0768581	0.39335	2.06547e-06	9.16163e-07
=====================================================================


!!!!!!!!!!!!!!!!!
!!!! UPDATED !!!!
!!!!!!!!!!!!!!!!!

[CutInfo::PrintCutInfo] leadingLepton_Pt	>	140
[CutInfo::PrintCutInfo] ljj	|<	1205
[CutInfo::PrintCutInfo] ljj	|>	855
CF	0 +- 0
Fake	0 +- 0
Prompt	0.148156 +- 0.0787686
=> total bkg = 0.148156
Signal	Yield	Efficiency	Efficiency@Presel	Punzi
HNMuMu_1000	0.0766783	0.392467	2.06064e-06	9.17499e-07
=====================================================================


!!!!!!!!!!!!!!!!!
!!!! UPDATED !!!!
!!!!!!!!!!!!!!!!!

[CutInfo::PrintCutInfo] leadingLepton_Pt	>	140
[CutInfo::PrintCutInfo] ljj	|<	1220
[CutInfo::PrintCutInfo] ljj	|>	860
CF	0 +- 0
Fake	0 +- 0
Prompt	0.142568 +- 0.0759776
=> total bkg = 0.142568
Signal	Yield	Efficiency	Efficiency@Presel	Punzi
HNMuMu_1000	0.0767257	0.39275	2.06191e-06	9.23193e-07
=====================================================================


!!!!!!!!!!!!!!!!!
!!!! UPDATED !!!!
!!!!!!!!!!!!!!!!!

[CutInfo::PrintCutInfo] leadingLepton_Pt	>	140
[CutInfo::PrintCutInfo] ljj	|<	1205
[CutInfo::PrintCutInfo] ljj	|>	860
CF	0 +- 0
Fake	0 +- 0
Prompt	0.138683 +- 0.0740519
=> total bkg = 0.138683
Signal	Yield	Efficiency	Efficiency@Presel	Punzi
HNMuMu_1000	0.0765458	0.39185	2.05707e-06	9.24672e-07
=====================================================================

####################################################
TIME STAMP : [2018/1/16 21:9:13] 2000 / 3721 (53.749 %)
####################################################
[CutInfo::PrintCutInfo] leadingLepton_Pt	>	140
[CutInfo::PrintCutInfo] ljj	|<	1205
[CutInfo::PrintCutInfo] ljj	|>	860
####################################################
TIME STAMP : [2018/1/16 21:9:28] 2100 / 3721 (56.4364 %)
####################################################
[CutInfo::PrintCutInfo] leadingLepton_Pt	>	140
[CutInfo::PrintCutInfo] ljj	|<	1205
[CutInfo::PrintCutInfo] ljj	|>	860
####################################################
TIME STAMP : [2018/1/16 21:9:43] 2200 / 3721 (59.1239 %)
####################################################
[CutInfo::PrintCutInfo] leadingLepton_Pt	>	140
[CutInfo::PrintCutInfo] ljj	|<	1205
[CutInfo::PrintCutInfo] ljj	|>	860
####################################################
TIME STAMP : [2018/1/16 21:9:58] 2300 / 3721 (61.8113 %)
####################################################
[CutInfo::PrintCutInfo] leadingLepton_Pt	>	140
[CutInfo::PrintCutInfo] ljj	|<	1205
[CutInfo::PrintCutInfo] ljj	|>	860

!!!!!!!!!!!!!!!!!
!!!! UPDATED !!!!
!!!!!!!!!!!!!!!!!

[CutInfo::PrintCutInfo] leadingLepton_Pt	>	140
[CutInfo::PrintCutInfo] ljj	|<	1220
[CutInfo::PrintCutInfo] ljj	|>	890
CF	0 +- 0
Fake	0 +- 0
Prompt	0.127315 +- 0.0682829
=> total bkg = 0.127315
Signal	Yield	Efficiency	Efficiency@Presel	Punzi
HNMuMu_1000	0.0756881	0.387433	2.03403e-06	9.25315e-07
=====================================================================


!!!!!!!!!!!!!!!!!
!!!! UPDATED !!!!
!!!!!!!!!!!!!!!!!

[CutInfo::PrintCutInfo] leadingLepton_Pt	>	140
[CutInfo::PrintCutInfo] ljj	|<	1205
[CutInfo::PrintCutInfo] ljj	|>	890
CF	0 +- 0
Fake	0 +- 0
Prompt	0.123429 +- 0.0663577
=> total bkg = 0.123429
Signal	Yield	Efficiency	Efficiency@Presel	Punzi
HNMuMu_1000	0.0754987	0.386433	2.02893e-06	9.26908e-07
=====================================================================


!!!!!!!!!!!!!!!!!
!!!! UPDATED !!!!
!!!!!!!!!!!!!!!!!

[CutInfo::PrintCutInfo] leadingLepton_Pt	>	140
[CutInfo::PrintCutInfo] ljj	|<	1205
[CutInfo::PrintCutInfo] ljj	|>	895
CF	0 +- 0
Fake	0 +- 0
Prompt	0.120006 +- 0.0646749
=> total bkg = 0.120006
Signal	Yield	Efficiency	Efficiency@Presel	Punzi
HNMuMu_1000	0.0752222	0.385217	2.0215e-06	9.27018e-07
=====================================================================

####################################################
TIME STAMP : [2018/1/16 21:10:12] 2400 / 3721 (64.4988 %)
####################################################
[CutInfo::PrintCutInfo] leadingLepton_Pt	>	140
[CutInfo::PrintCutInfo] ljj	|<	1205
[CutInfo::PrintCutInfo] ljj	|>	895

!!!!!!!!!!!!!!!!!
!!!! UPDATED !!!!
!!!!!!!!!!!!!!!!!

[CutInfo::PrintCutInfo] leadingLepton_Pt	>	140
[CutInfo::PrintCutInfo] ljj	|<	1220
[CutInfo::PrintCutInfo] ljj	|>	900
CF	0 +- 0
Fake	0 +- 0
Prompt	0.11759 +- 0.0633595
=> total bkg = 0.11759
Signal	Yield	Efficiency	Efficiency@Presel	Punzi
HNMuMu_1000	0.0751531	0.38485	2.01965e-06	9.28697e-07
=====================================================================


!!!!!!!!!!!!!!!!!
!!!! UPDATED !!!!
!!!!!!!!!!!!!!!!!

[CutInfo::PrintCutInfo] leadingLepton_Pt	>	140
[CutInfo::PrintCutInfo] ljj	|<	1205
[CutInfo::PrintCutInfo] ljj	|>	900
CF	0 +- 0
Fake	0 +- 0
Prompt	0.113705 +- 0.0614343
=> total bkg = 0.113705
Signal	Yield	Efficiency	Efficiency@Presel	Punzi
HNMuMu_1000	0.0749616	0.383833	2.0145e-06	9.30447e-07
=====================================================================

####################################################
TIME STAMP : [2018/1/16 21:10:26] 2500 / 3721 (67.1862 %)
####################################################
[CutInfo::PrintCutInfo] leadingLepton_Pt	>	140
[CutInfo::PrintCutInfo] ljj	|<	1205
[CutInfo::PrintCutInfo] ljj	|>	900
####################################################
TIME STAMP : [2018/1/16 21:10:40] 2600 / 3721 (69.8737 %)
####################################################
[CutInfo::PrintCutInfo] leadingLepton_Pt	>	140
[CutInfo::PrintCutInfo] ljj	|<	1205
[CutInfo::PrintCutInfo] ljj	|>	900
####################################################
TIME STAMP : [2018/1/16 21:10:54] 2700 / 3721 (72.5611 %)
####################################################
[CutInfo::PrintCutInfo] leadingLepton_Pt	>	140
[CutInfo::PrintCutInfo] ljj	|<	1205
[CutInfo::PrintCutInfo] ljj	|>	900
####################################################
TIME STAMP : [2018/1/16 21:11:8] 2800 / 3721 (75.2486 %)
####################################################
[CutInfo::PrintCutInfo] leadingLepton_Pt	>	140
[CutInfo::PrintCutInfo] ljj	|<	1205
[CutInfo::PrintCutInfo] ljj	|>	900
####################################################
TIME STAMP : [2018/1/16 21:11:22] 2900 / 3721 (77.936 %)
####################################################
[CutInfo::PrintCutInfo] leadingLepton_Pt	>	140
[CutInfo::PrintCutInfo] ljj	|<	1205
[CutInfo::PrintCutInfo] ljj	|>	900
####################################################
TIME STAMP : [2018/1/16 21:11:36] 3000 / 3721 (80.6235 %)
####################################################
[CutInfo::PrintCutInfo] leadingLepton_Pt	>	140
[CutInfo::PrintCutInfo] ljj	|<	1205
[CutInfo::PrintCutInfo] ljj	|>	900
####################################################
TIME STAMP : [2018/1/16 21:11:50] 3100 / 3721 (83.3109 %)
####################################################
[CutInfo::PrintCutInfo] leadingLepton_Pt	>	140
[CutInfo::PrintCutInfo] ljj	|<	1205
[CutInfo::PrintCutInfo] ljj	|>	900
####################################################
TIME STAMP : [2018/1/16 21:12:4] 3200 / 3721 (85.9984 %)
####################################################
[CutInfo::PrintCutInfo] leadingLepton_Pt	>	140
[CutInfo::PrintCutInfo] ljj	|<	1205
[CutInfo::PrintCutInfo] ljj	|>	900
####################################################
TIME STAMP : [2018/1/16 21:12:17] 3300 / 3721 (88.6858 %)
####################################################
[CutInfo::PrintCutInfo] leadingLepton_Pt	>	140
[CutInfo::PrintCutInfo] ljj	|<	1205
[CutInfo::PrintCutInfo] ljj	|>	900
####################################################
TIME STAMP : [2018/1/16 21:12:31] 3400 / 3721 (91.3733 %)
####################################################
[CutInfo::PrintCutInfo] leadingLepton_Pt	>	140
[CutInfo::PrintCutInfo] ljj	|<	1205
[CutInfo::PrintCutInfo] ljj	|>	900
####################################################
TIME STAMP : [2018/1/16 21:12:45] 3500 / 3721 (94.0607 %)
####################################################
[CutInfo::PrintCutInfo] leadingLepton_Pt	>	140
[CutInfo::PrintCutInfo] ljj	|<	1205
[CutInfo::PrintCutInfo] ljj	|>	900
####################################################
TIME STAMP : [2018/1/16 21:12:58] 3600 / 3721 (96.7482 %)
####################################################
[CutInfo::PrintCutInfo] leadingLepton_Pt	>	140
[CutInfo::PrintCutInfo] ljj	|<	1205
[CutInfo::PrintCutInfo] ljj	|>	900
####################################################
TIME STAMP : [2018/1/16 21:13:12] 3700 / 3721 (99.4356 %)
####################################################
[CutInfo::PrintCutInfo] leadingLepton_Pt	>	140
[CutInfo::PrintCutInfo] ljj	|<	1205
[CutInfo::PrintCutInfo] ljj	|>	900

##################
#### FINISHED ####
##################

[CutInfo::PrintCutInfo] leadingLepton_Pt	>	140
[CutInfo::PrintCutInfo] ljj	|<	1205
[CutInfo::PrintCutInfo] ljj	|>	900
CF	0 +- 0
Fake	0 +- 0
Prompt	0.113705 +- 0.0614343
=> total bkg = 0.113705
Signal	Yield	Efficiency	Efficiency@Presel	Punzi
HNMuMu_1000	0.0749616	0.383833	2.0145e-06	9.30447e-07
