
Processing CyclesForOptimization_MuMu_Bin2/HNMuMu_1100.C...
[AnalysisInputs::SetMCSF] Get MC SF from /data8/Users/jskim/HN_dilepton_plotter/data/v8-0-7.37_PreApproval/MCSF.txt
[AnalysisInputs::SetMCSF] sample : VVV
[AnalysisInputs::SetMCSF] => MCSF = 1, MCSF_err = 0.5
[AnalysisInputs::SetMCSF] sample : WWW
[AnalysisInputs::SetMCSF] => MCSF = 1, MCSF_err = 0.5
[AnalysisInputs::SetMCSF] sample : WWZ
[AnalysisInputs::SetMCSF] => MCSF = 1, MCSF_err = 0.5
[AnalysisInputs::SetMCSF] sample : WZZ
[AnalysisInputs::SetMCSF] => MCSF = 1, MCSF_err = 0.5
[AnalysisInputs::SetMCSF] sample : ZZZ
[AnalysisInputs::SetMCSF] => MCSF = 1, MCSF_err = 0.5
[AnalysisInputs::SetMCSF] sample : ttV
[AnalysisInputs::SetMCSF] => MCSF = 1, MCSF_err = 0.5
[AnalysisInputs::SetMCSF] sample : ttW
[AnalysisInputs::SetMCSF] => MCSF = 1, MCSF_err = 0.5
[AnalysisInputs::SetMCSF] sample : ttZ
[AnalysisInputs::SetMCSF] => MCSF = 1, MCSF_err = 0.5
[AnalysisInputs::SetMCSF] sample : ttH_nonbb
[AnalysisInputs::SetMCSF] => MCSF = 1, MCSF_err = 0.5
[AnalysisInputs::SetMCSF] sample : top
[AnalysisInputs::SetMCSF] => MCSF = 1, MCSF_err = 0.5
[AnalysisInputs::SetMCSF] sample : WWTo2L2Nu_DS
[AnalysisInputs::SetMCSF] => MCSF = 1, MCSF_err = 0.5
[AnalysisInputs::SetMCSF] sample : WpWpEWK
[AnalysisInputs::SetMCSF] => MCSF = 1, MCSF_err = 0.5
[AnalysisInputs::SetMCSF] sample : WpWpQCD
[AnalysisInputs::SetMCSF] => MCSF = 1, MCSF_err = 0.5
[AnalysisInputs::SetMCSF] sample : WZTo3LNu_mllmin01
[AnalysisInputs::SetMCSF] => MCSF = 0.65, MCSF_err = 0.06
[AnalysisInputs::SetMCSF] sample : WZTo3LNu_powheg
[AnalysisInputs::SetMCSF] => MCSF = 1.05044, MCSF_err = 0.0648798
[AnalysisInputs::SetMCSF] sample : ZGto2LG
[AnalysisInputs::SetMCSF] => MCSF = 1.09954, MCSF_err = 0.076377
[AnalysisInputs::SetMCSF] sample : WGtoLNuG
[AnalysisInputs::SetMCSF] => MCSF = 1, MCSF_err = 0.076377
[AnalysisInputs::SetMCSF] sample : WGtoLNuG_weighted
[AnalysisInputs::SetMCSF] => MCSF = 1, MCSF_err = 0.076377
[AnalysisInputs::SetMCSF] sample : ZZTo4L_powheg
[AnalysisInputs::SetMCSF] => MCSF = 0.978852, MCSF_err = 0.0792882
[AnalysisInputs::SetMCSF] sample : ggZZto2e2mu
[AnalysisInputs::SetMCSF] => MCSF = 0.978852, MCSF_err = 0.0792882
[AnalysisInputs::SetMCSF] sample : ggZZto2e2nu
[AnalysisInputs::SetMCSF] => MCSF = 0.978852, MCSF_err = 0.0792882
[AnalysisInputs::SetMCSF] sample : ggZZto2e2tau
[AnalysisInputs::SetMCSF] => MCSF = 0.978852, MCSF_err = 0.0792882
[AnalysisInputs::SetMCSF] sample : ggZZto2mu2nu
[AnalysisInputs::SetMCSF] => MCSF = 0.978852, MCSF_err = 0.0792882
[AnalysisInputs::SetMCSF] sample : ggZZto2mu2tau
[AnalysisInputs::SetMCSF] => MCSF = 0.978852, MCSF_err = 0.0792882
[AnalysisInputs::SetMCSF] sample : ggZZto4e
[AnalysisInputs::SetMCSF] => MCSF = 0.978852, MCSF_err = 0.0792882
[AnalysisInputs::SetMCSF] sample : ggZZto4mu
[AnalysisInputs::SetMCSF] => MCSF = 0.978852, MCSF_err = 0.0792882
[AnalysisInputs::SetMCSF] sample : ggZZto4tau
[AnalysisInputs::SetMCSF] => MCSF = 0.978852, MCSF_err = 0.0792882
[AnalysisInputs::SetMCSF] sample : ggHtoZZ
[AnalysisInputs::SetMCSF] => MCSF = 0.978852, MCSF_err = 0.0792882
[AnalysisInputs::SetCalculatedSysts] Get Systematics from /data8/Users/jskim/HN_dilepton_plotter/data/v8-0-7.37_PreApproval/Syst.txt
[AnalysisInputs::SetCalculatedSysts] source : Luminosity
[AnalysisInputs::SetCalculatedSysts] => % sysematic = 0.025
[AnalysisInputs::SetCalculatedSysts] source : FakeLooseID
[AnalysisInputs::SetCalculatedSysts] => % sysematic = 0.3
[AnalysisInputs::SetCalculatedSysts] source : ChrageFlipSyst
[AnalysisInputs::SetCalculatedSysts] => % sysematic = 0.16
[CutRangeInfo::ReadCutCard] Get Cutcard from /data8/Users/jskim/HN_dilepton_plotter/data/v8-0-7.37_PreApproval/CutOpCard/RunDirectory/CyclesForOptimization_MuMu_Bin2/Cards//HNMuMu_1100.txt

##################################################
#### TOTAL # of Loop = 3721
##################################################

[CutRangeInfo::PrintCutRangeInfo] leadingLepton_Pt_>
[CutInfo::PrintCutInfo] leadingLepton_Pt	>	140
[CutRangeInfo::PrintCutRangeInfo] ljj_|<
[CutInfo::PrintCutInfo] ljj	|<	1400
[CutInfo::PrintCutInfo] ljj	|<	1395
[CutInfo::PrintCutInfo] ljj	|<	1390
[CutInfo::PrintCutInfo] ljj	|<	1385
[CutInfo::PrintCutInfo] ljj	|<	1380
[CutInfo::PrintCutInfo] ljj	|<	1375
[CutInfo::PrintCutInfo] ljj	|<	1370
[CutInfo::PrintCutInfo] ljj	|<	1365
[CutInfo::PrintCutInfo] ljj	|<	1360
[CutInfo::PrintCutInfo] ljj	|<	1355
[CutInfo::PrintCutInfo] ljj	|<	1350
[CutInfo::PrintCutInfo] ljj	|<	1345
[CutInfo::PrintCutInfo] ljj	|<	1340
[CutInfo::PrintCutInfo] ljj	|<	1335
[CutInfo::PrintCutInfo] ljj	|<	1330
[CutInfo::PrintCutInfo] ljj	|<	1325
[CutInfo::PrintCutInfo] ljj	|<	1320
[CutInfo::PrintCutInfo] ljj	|<	1315
[CutInfo::PrintCutInfo] ljj	|<	1310
[CutInfo::PrintCutInfo] ljj	|<	1305
[CutInfo::PrintCutInfo] ljj	|<	1300
[CutInfo::PrintCutInfo] ljj	|<	1295
[CutInfo::PrintCutInfo] ljj	|<	1290
[CutInfo::PrintCutInfo] ljj	|<	1285
[CutInfo::PrintCutInfo] ljj	|<	1280
[CutInfo::PrintCutInfo] ljj	|<	1275
[CutInfo::PrintCutInfo] ljj	|<	1270
[CutInfo::PrintCutInfo] ljj	|<	1265
[CutInfo::PrintCutInfo] ljj	|<	1260
[CutInfo::PrintCutInfo] ljj	|<	1255
[CutInfo::PrintCutInfo] ljj	|<	1250
[CutInfo::PrintCutInfo] ljj	|<	1245
[CutInfo::PrintCutInfo] ljj	|<	1240
[CutInfo::PrintCutInfo] ljj	|<	1235
[CutInfo::PrintCutInfo] ljj	|<	1230
[CutInfo::PrintCutInfo] ljj	|<	1225
[CutInfo::PrintCutInfo] ljj	|<	1220
[CutInfo::PrintCutInfo] ljj	|<	1215
[CutInfo::PrintCutInfo] ljj	|<	1210
[CutInfo::PrintCutInfo] ljj	|<	1205
[CutInfo::PrintCutInfo] ljj	|<	1200
[CutInfo::PrintCutInfo] ljj	|<	1195
[CutInfo::PrintCutInfo] ljj	|<	1190
[CutInfo::PrintCutInfo] ljj	|<	1185
[CutInfo::PrintCutInfo] ljj	|<	1180
[CutInfo::PrintCutInfo] ljj	|<	1175
[CutInfo::PrintCutInfo] ljj	|<	1170
[CutInfo::PrintCutInfo] ljj	|<	1165
[CutInfo::PrintCutInfo] ljj	|<	1160
[CutInfo::PrintCutInfo] ljj	|<	1155
[CutInfo::PrintCutInfo] ljj	|<	1150
[CutInfo::PrintCutInfo] ljj	|<	1145
[CutInfo::PrintCutInfo] ljj	|<	1140
[CutInfo::PrintCutInfo] ljj	|<	1135
[CutInfo::PrintCutInfo] ljj	|<	1130
[CutInfo::PrintCutInfo] ljj	|<	1125
[CutInfo::PrintCutInfo] ljj	|<	1120
[CutInfo::PrintCutInfo] ljj	|<	1115
[CutInfo::PrintCutInfo] ljj	|<	1110
[CutInfo::PrintCutInfo] ljj	|<	1105
[CutInfo::PrintCutInfo] ljj	|<	1100
[CutRangeInfo::PrintCutRangeInfo] ljj_|>
[CutInfo::PrintCutInfo] ljj	|>	800
[CutInfo::PrintCutInfo] ljj	|>	805
[CutInfo::PrintCutInfo] ljj	|>	810
[CutInfo::PrintCutInfo] ljj	|>	815
[CutInfo::PrintCutInfo] ljj	|>	820
[CutInfo::PrintCutInfo] ljj	|>	825
[CutInfo::PrintCutInfo] ljj	|>	830
[CutInfo::PrintCutInfo] ljj	|>	835
[CutInfo::PrintCutInfo] ljj	|>	840
[CutInfo::PrintCutInfo] ljj	|>	845
[CutInfo::PrintCutInfo] ljj	|>	850
[CutInfo::PrintCutInfo] ljj	|>	855
[CutInfo::PrintCutInfo] ljj	|>	860
[CutInfo::PrintCutInfo] ljj	|>	865
[CutInfo::PrintCutInfo] ljj	|>	870
[CutInfo::PrintCutInfo] ljj	|>	875
[CutInfo::PrintCutInfo] ljj	|>	880
[CutInfo::PrintCutInfo] ljj	|>	885
[CutInfo::PrintCutInfo] ljj	|>	890
[CutInfo::PrintCutInfo] ljj	|>	895
[CutInfo::PrintCutInfo] ljj	|>	900
[CutInfo::PrintCutInfo] ljj	|>	905
[CutInfo::PrintCutInfo] ljj	|>	910
[CutInfo::PrintCutInfo] ljj	|>	915
[CutInfo::PrintCutInfo] ljj	|>	920
[CutInfo::PrintCutInfo] ljj	|>	925
[CutInfo::PrintCutInfo] ljj	|>	930
[CutInfo::PrintCutInfo] ljj	|>	935
[CutInfo::PrintCutInfo] ljj	|>	940
[CutInfo::PrintCutInfo] ljj	|>	945
[CutInfo::PrintCutInfo] ljj	|>	950
[CutInfo::PrintCutInfo] ljj	|>	955
[CutInfo::PrintCutInfo] ljj	|>	960
[CutInfo::PrintCutInfo] ljj	|>	965
[CutInfo::PrintCutInfo] ljj	|>	970
[CutInfo::PrintCutInfo] ljj	|>	975
[CutInfo::PrintCutInfo] ljj	|>	980
[CutInfo::PrintCutInfo] ljj	|>	985
[CutInfo::PrintCutInfo] ljj	|>	990
[CutInfo::PrintCutInfo] ljj	|>	995
[CutInfo::PrintCutInfo] ljj	|>	1000
[CutInfo::PrintCutInfo] ljj	|>	1005
[CutInfo::PrintCutInfo] ljj	|>	1010
[CutInfo::PrintCutInfo] ljj	|>	1015
[CutInfo::PrintCutInfo] ljj	|>	1020
[CutInfo::PrintCutInfo] ljj	|>	1025
[CutInfo::PrintCutInfo] ljj	|>	1030
[CutInfo::PrintCutInfo] ljj	|>	1035
[CutInfo::PrintCutInfo] ljj	|>	1040
[CutInfo::PrintCutInfo] ljj	|>	1045
[CutInfo::PrintCutInfo] ljj	|>	1050
[CutInfo::PrintCutInfo] ljj	|>	1055
[CutInfo::PrintCutInfo] ljj	|>	1060
[CutInfo::PrintCutInfo] ljj	|>	1065
[CutInfo::PrintCutInfo] ljj	|>	1070
[CutInfo::PrintCutInfo] ljj	|>	1075
[CutInfo::PrintCutInfo] ljj	|>	1080
[CutInfo::PrintCutInfo] ljj	|>	1085
[CutInfo::PrintCutInfo] ljj	|>	1090
[CutInfo::PrintCutInfo] ljj	|>	1095
[CutInfo::PrintCutInfo] ljj	|>	1100

##############################
#### OPTIMIZATION STARTED ####
##############################


!!!!!!!!!!!!!!!!!
!!!! UPDATED !!!!
!!!!!!!!!!!!!!!!!

[CutInfo::PrintCutInfo] leadingLepton_Pt	>	140
[CutInfo::PrintCutInfo] ljj	|<	1400
[CutInfo::PrintCutInfo] ljj	|>	800
CF	0 +- 0
Fake	0 +- 0
Prompt	0.465338 +- 0.208376
=> total bkg = 0.465338
Signal	Yield	Efficiency	Efficiency@Presel	Punzi
HNMuMu_1100	0.0486853	0.400866	1.17979e-06	4.24127e-07
=====================================================================


!!!!!!!!!!!!!!!!!
!!!! UPDATED !!!!
!!!!!!!!!!!!!!!!!

[CutInfo::PrintCutInfo] leadingLepton_Pt	>	140
[CutInfo::PrintCutInfo] ljj	|<	1280
[CutInfo::PrintCutInfo] ljj	|>	800
CF	0 +- 0
Fake	0 +- 0
Prompt	0.343422 +- 0.16615
=> total bkg = 0.343422
Signal	Yield	Efficiency	Efficiency@Presel	Punzi
HNMuMu_1100	0.0477559	0.392627	1.15727e-06	4.42959e-07
=====================================================================


!!!!!!!!!!!!!!!!!
!!!! UPDATED !!!!
!!!!!!!!!!!!!!!!!

[CutInfo::PrintCutInfo] leadingLepton_Pt	>	140
[CutInfo::PrintCutInfo] ljj	|<	1280
[CutInfo::PrintCutInfo] ljj	|>	805
CF	0 +- 0
Fake	0 +- 0
Prompt	0.339624 +- 0.164578
=> total bkg = 0.339624
Signal	Yield	Efficiency	Efficiency@Presel	Punzi
HNMuMu_1100	0.0477335	0.392418	1.15673e-06	4.43732e-07
=====================================================================

####################################################
TIME STAMP : [2018/1/16 21:4:24] 100 / 3721 (2.68745 %)
####################################################
[CutInfo::PrintCutInfo] leadingLepton_Pt	>	140
[CutInfo::PrintCutInfo] ljj	|<	1280
[CutInfo::PrintCutInfo] ljj	|>	805

!!!!!!!!!!!!!!!!!
!!!! UPDATED !!!!
!!!!!!!!!!!!!!!!!

[CutInfo::PrintCutInfo] leadingLepton_Pt	>	140
[CutInfo::PrintCutInfo] ljj	|<	1280
[CutInfo::PrintCutInfo] ljj	|>	810
CF	0 +- 0
Fake	0 +- 0
Prompt	0.32644 +- 0.159115
=> total bkg = 0.32644
Signal	Yield	Efficiency	Efficiency@Presel	Punzi
HNMuMu_1100	0.0477119	0.392224	1.1562e-06	4.47004e-07
=====================================================================

####################################################
TIME STAMP : [2018/1/16 21:4:40] 200 / 3721 (5.3749 %)
####################################################
[CutInfo::PrintCutInfo] leadingLepton_Pt	>	140
[CutInfo::PrintCutInfo] ljj	|<	1280
[CutInfo::PrintCutInfo] ljj	|>	810

!!!!!!!!!!!!!!!!!
!!!! UPDATED !!!!
!!!!!!!!!!!!!!!!!

[CutInfo::PrintCutInfo] leadingLepton_Pt	>	140
[CutInfo::PrintCutInfo] ljj	|<	1280
[CutInfo::PrintCutInfo] ljj	|>	815
CF	0 +- 0
Fake	0 +- 0
Prompt	0.319958 +- 0.156485
=> total bkg = 0.319958
Signal	Yield	Efficiency	Efficiency@Presel	Punzi
HNMuMu_1100	0.0476693	0.391896	1.15517e-06	4.48349e-07
=====================================================================

####################################################
TIME STAMP : [2018/1/16 21:4:57] 300 / 3721 (8.06235 %)
####################################################
[CutInfo::PrintCutInfo] leadingLepton_Pt	>	140
[CutInfo::PrintCutInfo] ljj	|<	1280
[CutInfo::PrintCutInfo] ljj	|>	815

!!!!!!!!!!!!!!!!!
!!!! UPDATED !!!!
!!!!!!!!!!!!!!!!!

[CutInfo::PrintCutInfo] leadingLepton_Pt	>	140
[CutInfo::PrintCutInfo] ljj	|<	1280
[CutInfo::PrintCutInfo] ljj	|>	830
CF	0 +- 0
Fake	0 +- 0
Prompt	0.314275 +- 0.154158
=> total bkg = 0.314275
Signal	Yield	Efficiency	Efficiency@Presel	Punzi
HNMuMu_1100	0.0475932	0.391194	1.15333e-06	4.49185e-07
=====================================================================

####################################################
TIME STAMP : [2018/1/16 21:5:13] 400 / 3721 (10.7498 %)
####################################################
[CutInfo::PrintCutInfo] leadingLepton_Pt	>	140
[CutInfo::PrintCutInfo] ljj	|<	1280
[CutInfo::PrintCutInfo] ljj	|>	830

!!!!!!!!!!!!!!!!!
!!!! UPDATED !!!!
!!!!!!!!!!!!!!!!!

[CutInfo::PrintCutInfo] leadingLepton_Pt	>	140
[CutInfo::PrintCutInfo] ljj	|<	1280
[CutInfo::PrintCutInfo] ljj	|>	835
CF	0 +- 0
Fake	0 +- 0
Prompt	0.301293 +- 0.148917
=> total bkg = 0.301293
Signal	Yield	Efficiency	Efficiency@Presel	Punzi
HNMuMu_1100	0.04757	0.391	1.15276e-06	4.52591e-07
=====================================================================


!!!!!!!!!!!!!!!!!
!!!! UPDATED !!!!
!!!!!!!!!!!!!!!!!

[CutInfo::PrintCutInfo] leadingLepton_Pt	>	140
[CutInfo::PrintCutInfo] ljj	|<	1400
[CutInfo::PrintCutInfo] ljj	|>	840
CF	0 +- 0
Fake	0 +- 0
Prompt	0.322059 +- 0.159311
=> total bkg = 0.322059
Signal	Yield	Efficiency	Efficiency@Presel	Punzi
HNMuMu_1100	0.0485314	0.399567	1.17606e-06	4.55726e-07
=====================================================================

####################################################
TIME STAMP : [2018/1/16 21:5:30] 500 / 3721 (13.4372 %)
####################################################
[CutInfo::PrintCutInfo] leadingLepton_Pt	>	140
[CutInfo::PrintCutInfo] ljj	|<	1400
[CutInfo::PrintCutInfo] ljj	|>	840

!!!!!!!!!!!!!!!!!
!!!! UPDATED !!!!
!!!!!!!!!!!!!!!!!

[CutInfo::PrintCutInfo] leadingLepton_Pt	>	140
[CutInfo::PrintCutInfo] ljj	|<	1280
[CutInfo::PrintCutInfo] ljj	|>	840
CF	0 +- 0
Fake	0 +- 0
Prompt	0.200143 +- 0.104807
=> total bkg = 0.200143
Signal	Yield	Efficiency	Efficiency@Presel	Punzi
HNMuMu_1100	0.0475544	0.390866	1.15239e-06	4.86314e-07
=====================================================================


!!!!!!!!!!!!!!!!!
!!!! UPDATED !!!!
!!!!!!!!!!!!!!!!!

[CutInfo::PrintCutInfo] leadingLepton_Pt	>	140
[CutInfo::PrintCutInfo] ljj	|<	1265
[CutInfo::PrintCutInfo] ljj	|>	840
CF	0 +- 0
Fake	0 +- 0
Prompt	0.191862 +- 0.100644
=> total bkg = 0.191862
Signal	Yield	Efficiency	Efficiency@Presel	Punzi
HNMuMu_1100	0.0473025	0.388716	1.14628e-06	4.87092e-07
=====================================================================


!!!!!!!!!!!!!!!!!
!!!! UPDATED !!!!
!!!!!!!!!!!!!!!!!

[CutInfo::PrintCutInfo] leadingLepton_Pt	>	140
[CutInfo::PrintCutInfo] ljj	|<	1255
[CutInfo::PrintCutInfo] ljj	|>	840
CF	0 +- 0
Fake	0 +- 0
Prompt	0.18624 +- 0.0978002
=> total bkg = 0.18624
Signal	Yield	Efficiency	Efficiency@Presel	Punzi
HNMuMu_1100	0.0471002	0.387045	1.14138e-06	4.87341e-07
=====================================================================


!!!!!!!!!!!!!!!!!
!!!! UPDATED !!!!
!!!!!!!!!!!!!!!!!

[CutInfo::PrintCutInfo] leadingLepton_Pt	>	140
[CutInfo::PrintCutInfo] ljj	|<	1250
[CutInfo::PrintCutInfo] ljj	|>	840
CF	0 +- 0
Fake	0 +- 0
Prompt	0.183064 +- 0.0962338
=> total bkg = 0.183064
Signal	Yield	Efficiency	Efficiency@Presel	Punzi
HNMuMu_1100	0.0469764	0.38594	1.13838e-06	4.87394e-07
=====================================================================


!!!!!!!!!!!!!!!!!
!!!! UPDATED !!!!
!!!!!!!!!!!!!!!!!

[CutInfo::PrintCutInfo] leadingLepton_Pt	>	140
[CutInfo::PrintCutInfo] ljj	|<	1280
[CutInfo::PrintCutInfo] ljj	|>	845
CF	0 +- 0
Fake	0 +- 0
Prompt	0.19638 +- 0.102939
=> total bkg = 0.19638
Signal	Yield	Efficiency	Efficiency@Presel	Punzi
HNMuMu_1100	0.0475347	0.390716	1.15191e-06	4.87628e-07
=====================================================================


!!!!!!!!!!!!!!!!!
!!!! UPDATED !!!!
!!!!!!!!!!!!!!!!!

[CutInfo::PrintCutInfo] leadingLepton_Pt	>	140
[CutInfo::PrintCutInfo] ljj	|<	1265
[CutInfo::PrintCutInfo] ljj	|>	845
CF	0 +- 0
Fake	0 +- 0
Prompt	0.1881 +- 0.0987769
=> total bkg = 0.1881
Signal	Yield	Efficiency	Efficiency@Presel	Punzi
HNMuMu_1100	0.0472816	0.388552	1.14578e-06	4.88434e-07
=====================================================================


!!!!!!!!!!!!!!!!!
!!!! UPDATED !!!!
!!!!!!!!!!!!!!!!!

[CutInfo::PrintCutInfo] leadingLepton_Pt	>	140
[CutInfo::PrintCutInfo] ljj	|<	1255
[CutInfo::PrintCutInfo] ljj	|>	845
CF	0 +- 0
Fake	0 +- 0
Prompt	0.182477 +- 0.0959329
=> total bkg = 0.182477
Signal	Yield	Efficiency	Efficiency@Presel	Punzi
HNMuMu_1100	0.0470781	0.386866	1.14084e-06	4.88699e-07
=====================================================================


!!!!!!!!!!!!!!!!!
!!!! UPDATED !!!!
!!!!!!!!!!!!!!!!!

[CutInfo::PrintCutInfo] leadingLepton_Pt	>	140
[CutInfo::PrintCutInfo] ljj	|<	1250
[CutInfo::PrintCutInfo] ljj	|>	845
CF	0 +- 0
Fake	0 +- 0
Prompt	0.179302 +- 0.0943673
=> total bkg = 0.179302
Signal	Yield	Efficiency	Efficiency@Presel	Punzi
HNMuMu_1100	0.0469532	0.385746	1.13782e-06	4.88757e-07
=====================================================================

####################################################
TIME STAMP : [2018/1/16 21:5:54] 600 / 3721 (16.1247 %)
####################################################
[CutInfo::PrintCutInfo] leadingLepton_Pt	>	140
[CutInfo::PrintCutInfo] ljj	|<	1250
[CutInfo::PrintCutInfo] ljj	|>	845

!!!!!!!!!!!!!!!!!
!!!! UPDATED !!!!
!!!!!!!!!!!!!!!!!

[CutInfo::PrintCutInfo] leadingLepton_Pt	>	140
[CutInfo::PrintCutInfo] ljj	|<	1280
[CutInfo::PrintCutInfo] ljj	|>	850
CF	0 +- 0
Fake	0 +- 0
Prompt	0.190801 +- 0.10012
=> total bkg = 0.190801
Signal	Yield	Efficiency	Efficiency@Presel	Punzi
HNMuMu_1100	0.0474973	0.390388	1.151e-06	4.89536e-07
=====================================================================


!!!!!!!!!!!!!!!!!
!!!! UPDATED !!!!
!!!!!!!!!!!!!!!!!

[CutInfo::PrintCutInfo] leadingLepton_Pt	>	140
[CutInfo::PrintCutInfo] ljj	|<	1265
[CutInfo::PrintCutInfo] ljj	|>	850
CF	0 +- 0
Fake	0 +- 0
Prompt	0.182521 +- 0.0959563
=> total bkg = 0.182521
Signal	Yield	Efficiency	Efficiency@Presel	Punzi
HNMuMu_1100	0.0472411	0.388209	1.1448e-06	4.90373e-07
=====================================================================


!!!!!!!!!!!!!!!!!
!!!! UPDATED !!!!
!!!!!!!!!!!!!!!!!

[CutInfo::PrintCutInfo] leadingLepton_Pt	>	140
[CutInfo::PrintCutInfo] ljj	|<	1255
[CutInfo::PrintCutInfo] ljj	|>	850
CF	0 +- 0
Fake	0 +- 0
Prompt	0.176898 +- 0.0931107
=> total bkg = 0.176898
Signal	Yield	Efficiency	Efficiency@Presel	Punzi
HNMuMu_1100	0.0470376	0.386522	1.13986e-06	4.90681e-07
=====================================================================


!!!!!!!!!!!!!!!!!
!!!! UPDATED !!!!
!!!!!!!!!!!!!!!!!

[CutInfo::PrintCutInfo] leadingLepton_Pt	>	140
[CutInfo::PrintCutInfo] ljj	|<	1250
[CutInfo::PrintCutInfo] ljj	|>	850
CF	0 +- 0
Fake	0 +- 0
Prompt	0.173723 +- 0.0915452
=> total bkg = 0.173723
Signal	Yield	Efficiency	Efficiency@Presel	Punzi
HNMuMu_1100	0.0469096	0.385388	1.13676e-06	4.90731e-07
=====================================================================


!!!!!!!!!!!!!!!!!
!!!! UPDATED !!!!
!!!!!!!!!!!!!!!!!

[CutInfo::PrintCutInfo] leadingLepton_Pt	>	140
[CutInfo::PrintCutInfo] ljj	|<	1265
[CutInfo::PrintCutInfo] ljj	|>	855
CF	0 +- 0
Fake	0 +- 0
Prompt	0.179016 +- 0.0942222
=> total bkg = 0.179016
Signal	Yield	Efficiency	Efficiency@Presel	Punzi
HNMuMu_1100	0.0472015	0.387866	1.14383e-06	4.91465e-07
=====================================================================

####################################################
TIME STAMP : [2018/1/16 21:6:21] 700 / 3721 (18.8121 %)
####################################################
[CutInfo::PrintCutInfo] leadingLepton_Pt	>	140
[CutInfo::PrintCutInfo] ljj	|<	1265
[CutInfo::PrintCutInfo] ljj	|>	855

!!!!!!!!!!!!!!!!!
!!!! UPDATED !!!!
!!!!!!!!!!!!!!!!!

[CutInfo::PrintCutInfo] leadingLepton_Pt	>	140
[CutInfo::PrintCutInfo] ljj	|<	1255
[CutInfo::PrintCutInfo] ljj	|>	855
CF	0 +- 0
Fake	0 +- 0
Prompt	0.173394 +- 0.0913766
=> total bkg = 0.173394
Signal	Yield	Efficiency	Efficiency@Presel	Punzi
HNMuMu_1100	0.046998	0.386179	1.1389e-06	4.91801e-07
=====================================================================


!!!!!!!!!!!!!!!!!
!!!! UPDATED !!!!
!!!!!!!!!!!!!!!!!

[CutInfo::PrintCutInfo] leadingLepton_Pt	>	140
[CutInfo::PrintCutInfo] ljj	|<	1250
[CutInfo::PrintCutInfo] ljj	|>	855
CF	0 +- 0
Fake	0 +- 0
Prompt	0.170218 +- 0.089812
=> total bkg = 0.170218
Signal	Yield	Efficiency	Efficiency@Presel	Punzi
HNMuMu_1100	0.0468657	0.385015	1.1357e-06	4.91823e-07
=====================================================================


!!!!!!!!!!!!!!!!!
!!!! UPDATED !!!!
!!!!!!!!!!!!!!!!!

[CutInfo::PrintCutInfo] leadingLepton_Pt	>	140
[CutInfo::PrintCutInfo] ljj	|<	1280
[CutInfo::PrintCutInfo] ljj	|>	860
CF	0 +- 0
Fake	0 +- 0
Prompt	0.177824 +- 0.0936644
=> total bkg = 0.177824
Signal	Yield	Efficiency	Efficiency@Presel	Punzi
HNMuMu_1100	0.047432	0.389836	1.14942e-06	4.94383e-07
=====================================================================


!!!!!!!!!!!!!!!!!
!!!! UPDATED !!!!
!!!!!!!!!!!!!!!!!

[CutInfo::PrintCutInfo] leadingLepton_Pt	>	140
[CutInfo::PrintCutInfo] ljj	|<	1265
[CutInfo::PrintCutInfo] ljj	|>	860
CF	0 +- 0
Fake	0 +- 0
Prompt	0.169544 +- 0.0895013
=> total bkg = 0.169544
Signal	Yield	Efficiency	Efficiency@Presel	Punzi
HNMuMu_1100	0.0471701	0.387627	1.14307e-06	4.95319e-07
=====================================================================


!!!!!!!!!!!!!!!!!
!!!! UPDATED !!!!
!!!!!!!!!!!!!!!!!

[CutInfo::PrintCutInfo] leadingLepton_Pt	>	140
[CutInfo::PrintCutInfo] ljj	|<	1255
[CutInfo::PrintCutInfo] ljj	|>	860
CF	0 +- 0
Fake	0 +- 0
Prompt	0.163921 +- 0.0866547
=> total bkg = 0.163921
Signal	Yield	Efficiency	Efficiency@Presel	Punzi
HNMuMu_1100	0.0469666	0.38594	1.13814e-06	4.95738e-07
=====================================================================


!!!!!!!!!!!!!!!!!
!!!! UPDATED !!!!
!!!!!!!!!!!!!!!!!

[CutInfo::PrintCutInfo] leadingLepton_Pt	>	140
[CutInfo::PrintCutInfo] ljj	|<	1250
[CutInfo::PrintCutInfo] ljj	|>	860
CF	0 +- 0
Fake	0 +- 0
Prompt	0.160745 +- 0.0850919
=> total bkg = 0.160745
Signal	Yield	Efficiency	Efficiency@Presel	Punzi
HNMuMu_1100	0.0468344	0.384776	1.13494e-06	4.95808e-07
=====================================================================

####################################################
TIME STAMP : [2018/1/16 21:6:48] 800 / 3721 (21.4996 %)
####################################################
[CutInfo::PrintCutInfo] leadingLepton_Pt	>	140
[CutInfo::PrintCutInfo] ljj	|<	1250
[CutInfo::PrintCutInfo] ljj	|>	860
####################################################
TIME STAMP : [2018/1/16 21:7:16] 900 / 3721 (24.187 %)
####################################################
[CutInfo::PrintCutInfo] leadingLepton_Pt	>	140
[CutInfo::PrintCutInfo] ljj	|<	1250
[CutInfo::PrintCutInfo] ljj	|>	860

!!!!!!!!!!!!!!!!!
!!!! UPDATED !!!!
!!!!!!!!!!!!!!!!!

[CutInfo::PrintCutInfo] leadingLepton_Pt	>	140
[CutInfo::PrintCutInfo] ljj	|<	1265
[CutInfo::PrintCutInfo] ljj	|>	875
CF	0 +- 0
Fake	0 +- 0
Prompt	0.165273 +- 0.0873725
=> total bkg = 0.165273
Signal	Yield	Efficiency	Efficiency@Presel	Punzi
HNMuMu_1100	0.0470521	0.386716	1.14021e-06	4.96016e-07
=====================================================================


!!!!!!!!!!!!!!!!!
!!!! UPDATED !!!!
!!!!!!!!!!!!!!!!!

[CutInfo::PrintCutInfo] leadingLepton_Pt	>	140
[CutInfo::PrintCutInfo] ljj	|<	1255
[CutInfo::PrintCutInfo] ljj	|>	875
CF	0 +- 0
Fake	0 +- 0
Prompt	0.15965 +- 0.0845255
=> total bkg = 0.15965
Signal	Yield	Efficiency	Efficiency@Presel	Punzi
HNMuMu_1100	0.0468449	0.384985	1.13519e-06	4.96433e-07
=====================================================================


!!!!!!!!!!!!!!!!!
!!!! UPDATED !!!!
!!!!!!!!!!!!!!!!!

[CutInfo::PrintCutInfo] leadingLepton_Pt	>	140
[CutInfo::PrintCutInfo] ljj	|<	1250
[CutInfo::PrintCutInfo] ljj	|>	875
CF	0 +- 0
Fake	0 +- 0
Prompt	0.156475 +- 0.0829635
=> total bkg = 0.156475
Signal	Yield	Efficiency	Efficiency@Presel	Punzi
HNMuMu_1100	0.0467047	0.383776	1.1318e-06	4.96438e-07
=====================================================================

####################################################
TIME STAMP : [2018/1/16 21:7:43] 1000 / 3721 (26.8745 %)
####################################################
[CutInfo::PrintCutInfo] leadingLepton_Pt	>	140
[CutInfo::PrintCutInfo] ljj	|<	1250
[CutInfo::PrintCutInfo] ljj	|>	875
####################################################
TIME STAMP : [2018/1/16 21:8:11] 1100 / 3721 (29.5619 %)
####################################################
[CutInfo::PrintCutInfo] leadingLepton_Pt	>	140
[CutInfo::PrintCutInfo] ljj	|<	1250
[CutInfo::PrintCutInfo] ljj	|>	875

!!!!!!!!!!!!!!!!!
!!!! UPDATED !!!!
!!!!!!!!!!!!!!!!!

[CutInfo::PrintCutInfo] leadingLepton_Pt	>	140
[CutInfo::PrintCutInfo] ljj	|<	1280
[CutInfo::PrintCutInfo] ljj	|>	890
CF	0 +- 0
Fake	0 +- 0
Prompt	0.16257 +- 0.085985
=> total bkg = 0.16257
Signal	Yield	Efficiency	Efficiency@Presel	Punzi
HNMuMu_1100	0.047174	0.387955	1.14317e-06	4.98553e-07
=====================================================================


!!!!!!!!!!!!!!!!!
!!!! UPDATED !!!!
!!!!!!!!!!!!!!!!!

[CutInfo::PrintCutInfo] leadingLepton_Pt	>	140
[CutInfo::PrintCutInfo] ljj	|<	1265
[CutInfo::PrintCutInfo] ljj	|>	890
CF	0 +- 0
Fake	0 +- 0
Prompt	0.15429 +- 0.081818
=> total bkg = 0.15429
Signal	Yield	Efficiency	Efficiency@Presel	Punzi
HNMuMu_1100	0.0469094	0.385687	1.13676e-06	4.99661e-07
=====================================================================


!!!!!!!!!!!!!!!!!
!!!! UPDATED !!!!
!!!!!!!!!!!!!!!!!

[CutInfo::PrintCutInfo] leadingLepton_Pt	>	140
[CutInfo::PrintCutInfo] ljj	|<	1255
[CutInfo::PrintCutInfo] ljj	|>	890
CF	0 +- 0
Fake	0 +- 0
Prompt	0.148667 +- 0.0789667
=> total bkg = 0.148667
Signal	Yield	Efficiency	Efficiency@Presel	Punzi
HNMuMu_1100	0.0466993	0.38394	1.13167e-06	5.00155e-07
=====================================================================


!!!!!!!!!!!!!!!!!
!!!! UPDATED !!!!
!!!!!!!!!!!!!!!!!

[CutInfo::PrintCutInfo] leadingLepton_Pt	>	140
[CutInfo::PrintCutInfo] ljj	|<	1250
[CutInfo::PrintCutInfo] ljj	|>	890
CF	0 +- 0
Fake	0 +- 0
Prompt	0.145492 +- 0.0774055
=> total bkg = 0.145492
Signal	Yield	Efficiency	Efficiency@Presel	Punzi
HNMuMu_1100	0.046558	0.382716	1.12824e-06	5.00209e-07
=====================================================================


!!!!!!!!!!!!!!!!!
!!!! UPDATED !!!!
!!!!!!!!!!!!!!!!!

[CutInfo::PrintCutInfo] leadingLepton_Pt	>	140
[CutInfo::PrintCutInfo] ljj	|<	1265
[CutInfo::PrintCutInfo] ljj	|>	895
CF	0 +- 0
Fake	0 +- 0
Prompt	0.150867 +- 0.0801295
=> total bkg = 0.150867
Signal	Yield	Efficiency	Efficiency@Presel	Punzi
HNMuMu_1100	0.0468496	0.385299	1.13531e-06	5.0068e-07
=====================================================================


!!!!!!!!!!!!!!!!!
!!!! UPDATED !!!!
!!!!!!!!!!!!!!!!!

[CutInfo::PrintCutInfo] leadingLepton_Pt	>	140
[CutInfo::PrintCutInfo] ljj	|<	1255
[CutInfo::PrintCutInfo] ljj	|>	895
CF	0 +- 0
Fake	0 +- 0
Prompt	0.145244 +- 0.0772783
=> total bkg = 0.145244
Signal	Yield	Efficiency	Efficiency@Presel	Punzi
HNMuMu_1100	0.0466396	0.383552	1.13022e-06	5.0121e-07
=====================================================================


!!!!!!!!!!!!!!!!!
!!!! UPDATED !!!!
!!!!!!!!!!!!!!!!!

[CutInfo::PrintCutInfo] leadingLepton_Pt	>	140
[CutInfo::PrintCutInfo] ljj	|<	1250
[CutInfo::PrintCutInfo] ljj	|>	895
CF	0 +- 0
Fake	0 +- 0
Prompt	0.142069 +- 0.0757182
=> total bkg = 0.142069
Signal	Yield	Efficiency	Efficiency@Presel	Punzi
HNMuMu_1100	0.0464982	0.382328	1.12679e-06	5.01284e-07
=====================================================================

####################################################
TIME STAMP : [2018/1/16 21:8:39] 1200 / 3721 (32.2494 %)
####################################################
[CutInfo::PrintCutInfo] leadingLepton_Pt	>	140
[CutInfo::PrintCutInfo] ljj	|<	1250
[CutInfo::PrintCutInfo] ljj	|>	895

!!!!!!!!!!!!!!!!!
!!!! UPDATED !!!!
!!!!!!!!!!!!!!!!!

[CutInfo::PrintCutInfo] leadingLepton_Pt	>	140
[CutInfo::PrintCutInfo] ljj	|<	1280
[CutInfo::PrintCutInfo] ljj	|>	900
CF	0 +- 0
Fake	0 +- 0
Prompt	0.152846 +- 0.0810769
=> total bkg = 0.152846
Signal	Yield	Efficiency	Efficiency@Presel	Punzi
HNMuMu_1100	0.0470718	0.387239	1.14069e-06	5.02092e-07
=====================================================================


!!!!!!!!!!!!!!!!!
!!!! UPDATED !!!!
!!!!!!!!!!!!!!!!!

[CutInfo::PrintCutInfo] leadingLepton_Pt	>	140
[CutInfo::PrintCutInfo] ljj	|<	1265
[CutInfo::PrintCutInfo] ljj	|>	900
CF	0 +- 0
Fake	0 +- 0
Prompt	0.144566 +- 0.0769063
=> total bkg = 0.144566
Signal	Yield	Efficiency	Efficiency@Presel	Punzi
HNMuMu_1100	0.0468026	0.38494	1.13417e-06	5.03306e-07
=====================================================================


!!!!!!!!!!!!!!!!!
!!!! UPDATED !!!!
!!!!!!!!!!!!!!!!!

[CutInfo::PrintCutInfo] leadingLepton_Pt	>	140
[CutInfo::PrintCutInfo] ljj	|<	1255
[CutInfo::PrintCutInfo] ljj	|>	900
CF	0 +- 0
Fake	0 +- 0
Prompt	0.138943 +- 0.0740509
=> total bkg = 0.138943
Signal	Yield	Efficiency	Efficiency@Presel	Punzi
HNMuMu_1100	0.0465897	0.383179	1.12901e-06	5.03878e-07
=====================================================================


!!!!!!!!!!!!!!!!!
!!!! UPDATED !!!!
!!!!!!!!!!!!!!!!!

[CutInfo::PrintCutInfo] leadingLepton_Pt	>	140
[CutInfo::PrintCutInfo] ljj	|<	1250
[CutInfo::PrintCutInfo] ljj	|>	900
CF	0 +- 0
Fake	0 +- 0
Prompt	0.135767 +- 0.0724906
=> total bkg = 0.135767
Signal	Yield	Efficiency	Efficiency@Presel	Punzi
HNMuMu_1100	0.0464484	0.381955	1.12558e-06	5.03994e-07
=====================================================================

####################################################
TIME STAMP : [2018/1/16 21:9:6] 1300 / 3721 (34.9368 %)
####################################################
[CutInfo::PrintCutInfo] leadingLepton_Pt	>	140
[CutInfo::PrintCutInfo] ljj	|<	1250
[CutInfo::PrintCutInfo] ljj	|>	900

!!!!!!!!!!!!!!!!!
!!!! UPDATED !!!!
!!!!!!!!!!!!!!!!!

[CutInfo::PrintCutInfo] leadingLepton_Pt	>	140
[CutInfo::PrintCutInfo] ljj	|<	1255
[CutInfo::PrintCutInfo] ljj	|>	910
CF	0 +- 0
Fake	0 +- 0
Prompt	0.135337 +- 0.0722686
=> total bkg = 0.135337
Signal	Yield	Efficiency	Efficiency@Presel	Punzi
HNMuMu_1100	0.046466	0.382224	1.12601e-06	5.04412e-07
=====================================================================


!!!!!!!!!!!!!!!!!
!!!! UPDATED !!!!
!!!!!!!!!!!!!!!!!

[CutInfo::PrintCutInfo] leadingLepton_Pt	>	140
[CutInfo::PrintCutInfo] ljj	|<	1250
[CutInfo::PrintCutInfo] ljj	|>	910
CF	0 +- 0
Fake	0 +- 0
Prompt	0.132162 +- 0.0707096
=> total bkg = 0.132162
Signal	Yield	Efficiency	Efficiency@Presel	Punzi
HNMuMu_1100	0.0463246	0.381	1.12259e-06	5.04551e-07
=====================================================================

####################################################
TIME STAMP : [2018/1/16 21:9:32] 1400 / 3721 (37.6243 %)
####################################################
[CutInfo::PrintCutInfo] leadingLepton_Pt	>	140
[CutInfo::PrintCutInfo] ljj	|<	1250
[CutInfo::PrintCutInfo] ljj	|>	910

!!!!!!!!!!!!!!!!!
!!!! UPDATED !!!!
!!!!!!!!!!!!!!!!!

[CutInfo::PrintCutInfo] leadingLepton_Pt	>	140
[CutInfo::PrintCutInfo] ljj	|<	1280
[CutInfo::PrintCutInfo] ljj	|>	915
CF	0 +- 0
Fake	0 +- 0
Prompt	0.141265 +- 0.0752935
=> total bkg = 0.141265
Signal	Yield	Efficiency	Efficiency@Presel	Punzi
HNMuMu_1100	0.0468876	0.385746	1.13623e-06	5.05895e-07
=====================================================================


!!!!!!!!!!!!!!!!!
!!!! UPDATED !!!!
!!!!!!!!!!!!!!!!!

[CutInfo::PrintCutInfo] leadingLepton_Pt	>	140
[CutInfo::PrintCutInfo] ljj	|<	1265
[CutInfo::PrintCutInfo] ljj	|>	915
CF	0 +- 0
Fake	0 +- 0
Prompt	0.132985 +- 0.0711218
=> total bkg = 0.132985
Signal	Yield	Efficiency	Efficiency@Presel	Punzi
HNMuMu_1100	0.0466101	0.383358	1.1295e-06	5.0722e-07
=====================================================================


!!!!!!!!!!!!!!!!!
!!!! UPDATED !!!!
!!!!!!!!!!!!!!!!!

[CutInfo::PrintCutInfo] leadingLepton_Pt	>	140
[CutInfo::PrintCutInfo] ljj	|<	1255
[CutInfo::PrintCutInfo] ljj	|>	915
CF	0 +- 0
Fake	0 +- 0
Prompt	0.127362 +- 0.0682635
=> total bkg = 0.127362
Signal	Yield	Efficiency	Efficiency@Presel	Punzi
HNMuMu_1100	0.0463943	0.381582	1.12427e-06	5.07905e-07
=====================================================================


!!!!!!!!!!!!!!!!!
!!!! UPDATED !!!!
!!!!!!!!!!!!!!!!!

[CutInfo::PrintCutInfo] leadingLepton_Pt	>	140
[CutInfo::PrintCutInfo] ljj	|<	1250
[CutInfo::PrintCutInfo] ljj	|>	915
CF	0 +- 0
Fake	0 +- 0
Prompt	0.124186 +- 0.066706
=> total bkg = 0.124186
Signal	Yield	Efficiency	Efficiency@Presel	Punzi
HNMuMu_1100	0.0462529	0.380358	1.12085e-06	5.08106e-07
=====================================================================

####################################################
TIME STAMP : [2018/1/16 21:9:48] 1500 / 3721 (40.3117 %)
####################################################
[CutInfo::PrintCutInfo] leadingLepton_Pt	>	140
[CutInfo::PrintCutInfo] ljj	|<	1250
[CutInfo::PrintCutInfo] ljj	|>	915
####################################################
TIME STAMP : [2018/1/16 21:10:4] 1600 / 3721 (42.9992 %)
####################################################
[CutInfo::PrintCutInfo] leadingLepton_Pt	>	140
[CutInfo::PrintCutInfo] ljj	|<	1250
[CutInfo::PrintCutInfo] ljj	|>	915

!!!!!!!!!!!!!!!!!
!!!! UPDATED !!!!
!!!!!!!!!!!!!!!!!

[CutInfo::PrintCutInfo] leadingLepton_Pt	>	140
[CutInfo::PrintCutInfo] ljj	|<	1255
[CutInfo::PrintCutInfo] ljj	|>	930
CF	0 +- 0
Fake	0 +- 0
Prompt	0.123063 +- 0.0661186
=> total bkg = 0.123063
Signal	Yield	Efficiency	Efficiency@Presel	Punzi
HNMuMu_1100	0.0462116	0.379925	1.11985e-06	5.08279e-07
=====================================================================


!!!!!!!!!!!!!!!!!
!!!! UPDATED !!!!
!!!!!!!!!!!!!!!!!

[CutInfo::PrintCutInfo] leadingLepton_Pt	>	140
[CutInfo::PrintCutInfo] ljj	|<	1250
[CutInfo::PrintCutInfo] ljj	|>	930
CF	0 +- 0
Fake	0 +- 0
Prompt	0.119887 +- 0.0645624
=> total bkg = 0.119887
Signal	Yield	Efficiency	Efficiency@Presel	Punzi
HNMuMu_1100	0.0460673	0.378687	1.11635e-06	5.08478e-07
=====================================================================

####################################################
TIME STAMP : [2018/1/16 21:10:19] 1700 / 3721 (45.6866 %)
####################################################
[CutInfo::PrintCutInfo] leadingLepton_Pt	>	140
[CutInfo::PrintCutInfo] ljj	|<	1250
[CutInfo::PrintCutInfo] ljj	|>	930
####################################################
TIME STAMP : [2018/1/16 21:10:35] 1800 / 3721 (48.3741 %)
####################################################
[CutInfo::PrintCutInfo] leadingLepton_Pt	>	140
[CutInfo::PrintCutInfo] ljj	|<	1250
[CutInfo::PrintCutInfo] ljj	|>	930

!!!!!!!!!!!!!!!!!
!!!! UPDATED !!!!
!!!!!!!!!!!!!!!!!

[CutInfo::PrintCutInfo] leadingLepton_Pt	>	140
[CutInfo::PrintCutInfo] ljj	|<	1265
[CutInfo::PrintCutInfo] ljj	|>	950
CF	0 +- 0
Fake	0 +- 0
Prompt	0.120323 +- 0.0648309
=> total bkg = 0.120323
Signal	Yield	Efficiency	Efficiency@Presel	Punzi
HNMuMu_1100	0.0461171	0.379194	1.11756e-06	5.08777e-07
=====================================================================


!!!!!!!!!!!!!!!!!
!!!! UPDATED !!!!
!!!!!!!!!!!!!!!!!

[CutInfo::PrintCutInfo] leadingLepton_Pt	>	140
[CutInfo::PrintCutInfo] ljj	|<	1255
[CutInfo::PrintCutInfo] ljj	|>	950
CF	0 +- 0
Fake	0 +- 0
Prompt	0.1147 +- 0.0619696
=> total bkg = 0.1147
Signal	Yield	Efficiency	Efficiency@Presel	Punzi
HNMuMu_1100	0.0458938	0.377313	1.11214e-06	5.09546e-07
=====================================================================


!!!!!!!!!!!!!!!!!
!!!! UPDATED !!!!
!!!!!!!!!!!!!!!!!

[CutInfo::PrintCutInfo] leadingLepton_Pt	>	140
[CutInfo::PrintCutInfo] ljj	|<	1250
[CutInfo::PrintCutInfo] ljj	|>	950
CF	0 +- 0
Fake	0 +- 0
Prompt	0.111525 +- 0.0604161
=> total bkg = 0.111525
Signal	Yield	Efficiency	Efficiency@Presel	Punzi
HNMuMu_1100	0.0457483	0.37606	1.10862e-06	5.09799e-07
=====================================================================

####################################################
TIME STAMP : [2018/1/16 21:10:50] 1900 / 3721 (51.0615 %)
####################################################
[CutInfo::PrintCutInfo] leadingLepton_Pt	>	140
[CutInfo::PrintCutInfo] ljj	|<	1250
[CutInfo::PrintCutInfo] ljj	|>	950
####################################################
TIME STAMP : [2018/1/16 21:11:5] 2000 / 3721 (53.749 %)
####################################################
[CutInfo::PrintCutInfo] leadingLepton_Pt	>	140
[CutInfo::PrintCutInfo] ljj	|<	1250
[CutInfo::PrintCutInfo] ljj	|>	950

!!!!!!!!!!!!!!!!!
!!!! UPDATED !!!!
!!!!!!!!!!!!!!!!!

[CutInfo::PrintCutInfo] leadingLepton_Pt	>	140
[CutInfo::PrintCutInfo] ljj	|<	1280
[CutInfo::PrintCutInfo] ljj	|>	970
CF	0 +- 0
Fake	0 +- 0
Prompt	0.113378 +- 0.0613227
=> total bkg = 0.113378
Signal	Yield	Efficiency	Efficiency@Presel	Punzi
HNMuMu_1100	0.0459774	0.378358	1.11417e-06	5.11252e-07
=====================================================================

####################################################
TIME STAMP : [2018/1/16 21:11:20] 2100 / 3721 (56.4364 %)
####################################################
[CutInfo::PrintCutInfo] leadingLepton_Pt	>	140
[CutInfo::PrintCutInfo] ljj	|<	1280
[CutInfo::PrintCutInfo] ljj	|>	970

!!!!!!!!!!!!!!!!!
!!!! UPDATED !!!!
!!!!!!!!!!!!!!!!!

[CutInfo::PrintCutInfo] leadingLepton_Pt	>	140
[CutInfo::PrintCutInfo] ljj	|<	1265
[CutInfo::PrintCutInfo] ljj	|>	970
CF	0 +- 0
Fake	0 +- 0
Prompt	0.105098 +- 0.0571424
=> total bkg = 0.105098
Signal	Yield	Efficiency	Efficiency@Presel	Punzi
HNMuMu_1100	0.0456738	0.375806	1.10681e-06	5.12869e-07
=====================================================================


!!!!!!!!!!!!!!!!!
!!!! UPDATED !!!!
!!!!!!!!!!!!!!!!!

[CutInfo::PrintCutInfo] leadingLepton_Pt	>	140
[CutInfo::PrintCutInfo] ljj	|<	1255
[CutInfo::PrintCutInfo] ljj	|>	970
CF	0 +- 0
Fake	0 +- 0
Prompt	0.0994754 +- 0.054271
=> total bkg = 0.0994754
Signal	Yield	Efficiency	Efficiency@Presel	Punzi
HNMuMu_1100	0.0454364	0.373806	1.10106e-06	5.13741e-07
=====================================================================


!!!!!!!!!!!!!!!!!
!!!! UPDATED !!!!
!!!!!!!!!!!!!!!!!

[CutInfo::PrintCutInfo] leadingLepton_Pt	>	140
[CutInfo::PrintCutInfo] ljj	|<	1250
[CutInfo::PrintCutInfo] ljj	|>	970
CF	0 +- 0
Fake	0 +- 0
Prompt	0.0963 +- 0.0527206
=> total bkg = 0.0963
Signal	Yield	Efficiency	Efficiency@Presel	Punzi
HNMuMu_1100	0.0452872	0.372507	1.09745e-06	5.14104e-07
=====================================================================


!!!!!!!!!!!!!!!!!
!!!! UPDATED !!!!
!!!!!!!!!!!!!!!!!

[CutInfo::PrintCutInfo] leadingLepton_Pt	>	140
[CutInfo::PrintCutInfo] ljj	|<	1255
[CutInfo::PrintCutInfo] ljj	|>	975
CF	0 +- 0
Fake	0 +- 0
Prompt	0.095529 +- 0.0523154
=> total bkg = 0.095529
Signal	Yield	Efficiency	Efficiency@Presel	Punzi
HNMuMu_1100	0.0453251	0.372791	1.09836e-06	5.15042e-07
=====================================================================


!!!!!!!!!!!!!!!!!
!!!! UPDATED !!!!
!!!!!!!!!!!!!!!!!

[CutInfo::PrintCutInfo] leadingLepton_Pt	>	140
[CutInfo::PrintCutInfo] ljj	|<	1250
[CutInfo::PrintCutInfo] ljj	|>	975
CF	0 +- 0
Fake	0 +- 0
Prompt	0.0923536 +- 0.050767
=> total bkg = 0.0923536
Signal	Yield	Efficiency	Efficiency@Presel	Punzi
HNMuMu_1100	0.0451748	0.371478	1.09472e-06	5.15439e-07
=====================================================================

####################################################
TIME STAMP : [2018/1/16 21:11:35] 2200 / 3721 (59.1239 %)
####################################################
[CutInfo::PrintCutInfo] leadingLepton_Pt	>	140
[CutInfo::PrintCutInfo] ljj	|<	1250
[CutInfo::PrintCutInfo] ljj	|>	975
####################################################
TIME STAMP : [2018/1/16 21:11:50] 2300 / 3721 (61.8113 %)
####################################################
[CutInfo::PrintCutInfo] leadingLepton_Pt	>	140
[CutInfo::PrintCutInfo] ljj	|<	1250
[CutInfo::PrintCutInfo] ljj	|>	975

!!!!!!!!!!!!!!!!!
!!!! UPDATED !!!!
!!!!!!!!!!!!!!!!!

[CutInfo::PrintCutInfo] leadingLepton_Pt	>	140
[CutInfo::PrintCutInfo] ljj	|<	1255
[CutInfo::PrintCutInfo] ljj	|>	990
CF	0 +- 0
Fake	0 +- 0
Prompt	0.0865385 +- 0.0477624
=> total bkg = 0.0865385
Signal	Yield	Efficiency	Efficiency@Presel	Punzi
HNMuMu_1100	0.04483	0.368642	1.08637e-06	5.15478e-07
=====================================================================


!!!!!!!!!!!!!!!!!
!!!! UPDATED !!!!
!!!!!!!!!!!!!!!!!

[CutInfo::PrintCutInfo] leadingLepton_Pt	>	140
[CutInfo::PrintCutInfo] ljj	|<	1250
[CutInfo::PrintCutInfo] ljj	|>	990
CF	0 +- 0
Fake	0 +- 0
Prompt	0.0833631 +- 0.0462163
=> total bkg = 0.0833631
Signal	Yield	Efficiency	Efficiency@Presel	Punzi
HNMuMu_1100	0.0446742	0.367269	1.08259e-06	5.15922e-07
=====================================================================

####################################################
TIME STAMP : [2018/1/16 21:12:5] 2400 / 3721 (64.4988 %)
####################################################
[CutInfo::PrintCutInfo] leadingLepton_Pt	>	140
[CutInfo::PrintCutInfo] ljj	|<	1250
[CutInfo::PrintCutInfo] ljj	|>	990
####################################################
TIME STAMP : [2018/1/16 21:12:19] 2500 / 3721 (67.1862 %)
####################################################
[CutInfo::PrintCutInfo] leadingLepton_Pt	>	140
[CutInfo::PrintCutInfo] ljj	|<	1250
[CutInfo::PrintCutInfo] ljj	|>	990
####################################################
TIME STAMP : [2018/1/16 21:12:34] 2600 / 3721 (69.8737 %)
####################################################
[CutInfo::PrintCutInfo] leadingLepton_Pt	>	140
[CutInfo::PrintCutInfo] ljj	|<	1250
[CutInfo::PrintCutInfo] ljj	|>	990
####################################################
TIME STAMP : [2018/1/16 21:12:49] 2700 / 3721 (72.5611 %)
####################################################
[CutInfo::PrintCutInfo] leadingLepton_Pt	>	140
[CutInfo::PrintCutInfo] ljj	|<	1250
[CutInfo::PrintCutInfo] ljj	|>	990
####################################################
TIME STAMP : [2018/1/16 21:13:4] 2800 / 3721 (75.2486 %)
####################################################
[CutInfo::PrintCutInfo] leadingLepton_Pt	>	140
[CutInfo::PrintCutInfo] ljj	|<	1250
[CutInfo::PrintCutInfo] ljj	|>	990
####################################################
TIME STAMP : [2018/1/16 21:13:19] 2900 / 3721 (77.936 %)
####################################################
[CutInfo::PrintCutInfo] leadingLepton_Pt	>	140
[CutInfo::PrintCutInfo] ljj	|<	1250
[CutInfo::PrintCutInfo] ljj	|>	990
####################################################
TIME STAMP : [2018/1/16 21:13:34] 3000 / 3721 (80.6235 %)
####################################################
[CutInfo::PrintCutInfo] leadingLepton_Pt	>	140
[CutInfo::PrintCutInfo] ljj	|<	1250
[CutInfo::PrintCutInfo] ljj	|>	990
####################################################
TIME STAMP : [2018/1/16 21:13:49] 3100 / 3721 (83.3109 %)
####################################################
[CutInfo::PrintCutInfo] leadingLepton_Pt	>	140
[CutInfo::PrintCutInfo] ljj	|<	1250
[CutInfo::PrintCutInfo] ljj	|>	990
####################################################
TIME STAMP : [2018/1/16 21:14:4] 3200 / 3721 (85.9984 %)
####################################################
[CutInfo::PrintCutInfo] leadingLepton_Pt	>	140
[CutInfo::PrintCutInfo] ljj	|<	1250
[CutInfo::PrintCutInfo] ljj	|>	990
####################################################
TIME STAMP : [2018/1/16 21:14:19] 3300 / 3721 (88.6858 %)
####################################################
[CutInfo::PrintCutInfo] leadingLepton_Pt	>	140
[CutInfo::PrintCutInfo] ljj	|<	1250
[CutInfo::PrintCutInfo] ljj	|>	990
####################################################
TIME STAMP : [2018/1/16 21:14:34] 3400 / 3721 (91.3733 %)
####################################################
[CutInfo::PrintCutInfo] leadingLepton_Pt	>	140
[CutInfo::PrintCutInfo] ljj	|<	1250
[CutInfo::PrintCutInfo] ljj	|>	990
####################################################
TIME STAMP : [2018/1/16 21:14:48] 3500 / 3721 (94.0607 %)
####################################################
[CutInfo::PrintCutInfo] leadingLepton_Pt	>	140
[CutInfo::PrintCutInfo] ljj	|<	1250
[CutInfo::PrintCutInfo] ljj	|>	990
####################################################
TIME STAMP : [2018/1/16 21:15:2] 3600 / 3721 (96.7482 %)
####################################################
[CutInfo::PrintCutInfo] leadingLepton_Pt	>	140
[CutInfo::PrintCutInfo] ljj	|<	1250
[CutInfo::PrintCutInfo] ljj	|>	990
####################################################
TIME STAMP : [2018/1/16 21:15:16] 3700 / 3721 (99.4356 %)
####################################################
[CutInfo::PrintCutInfo] leadingLepton_Pt	>	140
[CutInfo::PrintCutInfo] ljj	|<	1250
[CutInfo::PrintCutInfo] ljj	|>	990

##################
#### FINISHED ####
##################

[CutInfo::PrintCutInfo] leadingLepton_Pt	>	140
[CutInfo::PrintCutInfo] ljj	|<	1250
[CutInfo::PrintCutInfo] ljj	|>	990
CF	0 +- 0
Fake	0 +- 0
Prompt	0.0833631 +- 0.0462163
=> total bkg = 0.0833631
Signal	Yield	Efficiency	Efficiency@Presel	Punzi
HNMuMu_1100	0.0446742	0.367269	1.08259e-06	5.15922e-07
