
Processing CyclesForOptimization_MuMu_Bin2/HNMuMu_200.C...
[AnalysisInputs::SetMCSF] Get MC SF from /data8/Users/jskim/HN_dilepton_plotter/data/v8-0-7.37_PreApproval/MCSF.txt
[AnalysisInputs::SetMCSF] sample : VVV
[AnalysisInputs::SetMCSF] => MCSF = 1, MCSF_err = 0.5
[AnalysisInputs::SetMCSF] sample : WWW
[AnalysisInputs::SetMCSF] => MCSF = 1, MCSF_err = 0.5
[AnalysisInputs::SetMCSF] sample : WWZ
[AnalysisInputs::SetMCSF] => MCSF = 1, MCSF_err = 0.5
[AnalysisInputs::SetMCSF] sample : WZZ
[AnalysisInputs::SetMCSF] => MCSF = 1, MCSF_err = 0.5
[AnalysisInputs::SetMCSF] sample : ZZZ
[AnalysisInputs::SetMCSF] => MCSF = 1, MCSF_err = 0.5
[AnalysisInputs::SetMCSF] sample : ttV
[AnalysisInputs::SetMCSF] => MCSF = 1, MCSF_err = 0.5
[AnalysisInputs::SetMCSF] sample : ttW
[AnalysisInputs::SetMCSF] => MCSF = 1, MCSF_err = 0.5
[AnalysisInputs::SetMCSF] sample : ttZ
[AnalysisInputs::SetMCSF] => MCSF = 1, MCSF_err = 0.5
[AnalysisInputs::SetMCSF] sample : ttH_nonbb
[AnalysisInputs::SetMCSF] => MCSF = 1, MCSF_err = 0.5
[AnalysisInputs::SetMCSF] sample : top
[AnalysisInputs::SetMCSF] => MCSF = 1, MCSF_err = 0.5
[AnalysisInputs::SetMCSF] sample : WWTo2L2Nu_DS
[AnalysisInputs::SetMCSF] => MCSF = 1, MCSF_err = 0.5
[AnalysisInputs::SetMCSF] sample : WpWpEWK
[AnalysisInputs::SetMCSF] => MCSF = 1, MCSF_err = 0.5
[AnalysisInputs::SetMCSF] sample : WpWpQCD
[AnalysisInputs::SetMCSF] => MCSF = 1, MCSF_err = 0.5
[AnalysisInputs::SetMCSF] sample : WZTo3LNu_mllmin01
[AnalysisInputs::SetMCSF] => MCSF = 0.65, MCSF_err = 0.06
[AnalysisInputs::SetMCSF] sample : WZTo3LNu_powheg
[AnalysisInputs::SetMCSF] => MCSF = 1.05044, MCSF_err = 0.0648798
[AnalysisInputs::SetMCSF] sample : ZGto2LG
[AnalysisInputs::SetMCSF] => MCSF = 1.09954, MCSF_err = 0.076377
[AnalysisInputs::SetMCSF] sample : WGtoLNuG
[AnalysisInputs::SetMCSF] => MCSF = 1, MCSF_err = 0.076377
[AnalysisInputs::SetMCSF] sample : WGtoLNuG_weighted
[AnalysisInputs::SetMCSF] => MCSF = 1, MCSF_err = 0.076377
[AnalysisInputs::SetMCSF] sample : ZZTo4L_powheg
[AnalysisInputs::SetMCSF] => MCSF = 0.978852, MCSF_err = 0.0792882
[AnalysisInputs::SetMCSF] sample : ggZZto2e2mu
[AnalysisInputs::SetMCSF] => MCSF = 0.978852, MCSF_err = 0.0792882
[AnalysisInputs::SetMCSF] sample : ggZZto2e2nu
[AnalysisInputs::SetMCSF] => MCSF = 0.978852, MCSF_err = 0.0792882
[AnalysisInputs::SetMCSF] sample : ggZZto2e2tau
[AnalysisInputs::SetMCSF] => MCSF = 0.978852, MCSF_err = 0.0792882
[AnalysisInputs::SetMCSF] sample : ggZZto2mu2nu
[AnalysisInputs::SetMCSF] => MCSF = 0.978852, MCSF_err = 0.0792882
[AnalysisInputs::SetMCSF] sample : ggZZto2mu2tau
[AnalysisInputs::SetMCSF] => MCSF = 0.978852, MCSF_err = 0.0792882
[AnalysisInputs::SetMCSF] sample : ggZZto4e
[AnalysisInputs::SetMCSF] => MCSF = 0.978852, MCSF_err = 0.0792882
[AnalysisInputs::SetMCSF] sample : ggZZto4mu
[AnalysisInputs::SetMCSF] => MCSF = 0.978852, MCSF_err = 0.0792882
[AnalysisInputs::SetMCSF] sample : ggZZto4tau
[AnalysisInputs::SetMCSF] => MCSF = 0.978852, MCSF_err = 0.0792882
[AnalysisInputs::SetMCSF] sample : ggHtoZZ
[AnalysisInputs::SetMCSF] => MCSF = 0.978852, MCSF_err = 0.0792882
[AnalysisInputs::SetCalculatedSysts] Get Systematics from /data8/Users/jskim/HN_dilepton_plotter/data/v8-0-7.37_PreApproval/Syst.txt
[AnalysisInputs::SetCalculatedSysts] source : Luminosity
[AnalysisInputs::SetCalculatedSysts] => % sysematic = 0.025
[AnalysisInputs::SetCalculatedSysts] source : FakeLooseID
[AnalysisInputs::SetCalculatedSysts] => % sysematic = 0.3
[AnalysisInputs::SetCalculatedSysts] source : ChrageFlipSyst
[AnalysisInputs::SetCalculatedSysts] => % sysematic = 0.16
[CutRangeInfo::ReadCutCard] Get Cutcard from /data8/Users/jskim/HN_dilepton_plotter/data/v8-0-7.37_PreApproval/CutOpCard/RunDirectory/CyclesForOptimization_MuMu_Bin2/Cards//HNMuMu_200.txt

##################################################
#### TOTAL # of Loop = 3721
##################################################

[CutRangeInfo::PrintCutRangeInfo] leadingLepton_Pt_>
[CutInfo::PrintCutInfo] leadingLepton_Pt	>	100
[CutRangeInfo::PrintCutRangeInfo] m_SubLeadljj_jjWclosest_<
[CutInfo::PrintCutInfo] m_SubLeadljj_jjWclosest	<	500
[CutInfo::PrintCutInfo] m_SubLeadljj_jjWclosest	<	495
[CutInfo::PrintCutInfo] m_SubLeadljj_jjWclosest	<	490
[CutInfo::PrintCutInfo] m_SubLeadljj_jjWclosest	<	485
[CutInfo::PrintCutInfo] m_SubLeadljj_jjWclosest	<	480
[CutInfo::PrintCutInfo] m_SubLeadljj_jjWclosest	<	475
[CutInfo::PrintCutInfo] m_SubLeadljj_jjWclosest	<	470
[CutInfo::PrintCutInfo] m_SubLeadljj_jjWclosest	<	465
[CutInfo::PrintCutInfo] m_SubLeadljj_jjWclosest	<	460
[CutInfo::PrintCutInfo] m_SubLeadljj_jjWclosest	<	455
[CutInfo::PrintCutInfo] m_SubLeadljj_jjWclosest	<	450
[CutInfo::PrintCutInfo] m_SubLeadljj_jjWclosest	<	445
[CutInfo::PrintCutInfo] m_SubLeadljj_jjWclosest	<	440
[CutInfo::PrintCutInfo] m_SubLeadljj_jjWclosest	<	435
[CutInfo::PrintCutInfo] m_SubLeadljj_jjWclosest	<	430
[CutInfo::PrintCutInfo] m_SubLeadljj_jjWclosest	<	425
[CutInfo::PrintCutInfo] m_SubLeadljj_jjWclosest	<	420
[CutInfo::PrintCutInfo] m_SubLeadljj_jjWclosest	<	415
[CutInfo::PrintCutInfo] m_SubLeadljj_jjWclosest	<	410
[CutInfo::PrintCutInfo] m_SubLeadljj_jjWclosest	<	405
[CutInfo::PrintCutInfo] m_SubLeadljj_jjWclosest	<	400
[CutInfo::PrintCutInfo] m_SubLeadljj_jjWclosest	<	395
[CutInfo::PrintCutInfo] m_SubLeadljj_jjWclosest	<	390
[CutInfo::PrintCutInfo] m_SubLeadljj_jjWclosest	<	385
[CutInfo::PrintCutInfo] m_SubLeadljj_jjWclosest	<	380
[CutInfo::PrintCutInfo] m_SubLeadljj_jjWclosest	<	375
[CutInfo::PrintCutInfo] m_SubLeadljj_jjWclosest	<	370
[CutInfo::PrintCutInfo] m_SubLeadljj_jjWclosest	<	365
[CutInfo::PrintCutInfo] m_SubLeadljj_jjWclosest	<	360
[CutInfo::PrintCutInfo] m_SubLeadljj_jjWclosest	<	355
[CutInfo::PrintCutInfo] m_SubLeadljj_jjWclosest	<	350
[CutInfo::PrintCutInfo] m_SubLeadljj_jjWclosest	<	345
[CutInfo::PrintCutInfo] m_SubLeadljj_jjWclosest	<	340
[CutInfo::PrintCutInfo] m_SubLeadljj_jjWclosest	<	335
[CutInfo::PrintCutInfo] m_SubLeadljj_jjWclosest	<	330
[CutInfo::PrintCutInfo] m_SubLeadljj_jjWclosest	<	325
[CutInfo::PrintCutInfo] m_SubLeadljj_jjWclosest	<	320
[CutInfo::PrintCutInfo] m_SubLeadljj_jjWclosest	<	315
[CutInfo::PrintCutInfo] m_SubLeadljj_jjWclosest	<	310
[CutInfo::PrintCutInfo] m_SubLeadljj_jjWclosest	<	305
[CutInfo::PrintCutInfo] m_SubLeadljj_jjWclosest	<	300
[CutInfo::PrintCutInfo] m_SubLeadljj_jjWclosest	<	295
[CutInfo::PrintCutInfo] m_SubLeadljj_jjWclosest	<	290
[CutInfo::PrintCutInfo] m_SubLeadljj_jjWclosest	<	285
[CutInfo::PrintCutInfo] m_SubLeadljj_jjWclosest	<	280
[CutInfo::PrintCutInfo] m_SubLeadljj_jjWclosest	<	275
[CutInfo::PrintCutInfo] m_SubLeadljj_jjWclosest	<	270
[CutInfo::PrintCutInfo] m_SubLeadljj_jjWclosest	<	265
[CutInfo::PrintCutInfo] m_SubLeadljj_jjWclosest	<	260
[CutInfo::PrintCutInfo] m_SubLeadljj_jjWclosest	<	255
[CutInfo::PrintCutInfo] m_SubLeadljj_jjWclosest	<	250
[CutInfo::PrintCutInfo] m_SubLeadljj_jjWclosest	<	245
[CutInfo::PrintCutInfo] m_SubLeadljj_jjWclosest	<	240
[CutInfo::PrintCutInfo] m_SubLeadljj_jjWclosest	<	235
[CutInfo::PrintCutInfo] m_SubLeadljj_jjWclosest	<	230
[CutInfo::PrintCutInfo] m_SubLeadljj_jjWclosest	<	225
[CutInfo::PrintCutInfo] m_SubLeadljj_jjWclosest	<	220
[CutInfo::PrintCutInfo] m_SubLeadljj_jjWclosest	<	215
[CutInfo::PrintCutInfo] m_SubLeadljj_jjWclosest	<	210
[CutInfo::PrintCutInfo] m_SubLeadljj_jjWclosest	<	205
[CutInfo::PrintCutInfo] m_SubLeadljj_jjWclosest	<	200
[CutRangeInfo::PrintCutRangeInfo] m_SubLeadljj_jjWclosest_>
[CutInfo::PrintCutInfo] m_SubLeadljj_jjWclosest	>	0
[CutInfo::PrintCutInfo] m_SubLeadljj_jjWclosest	>	3.33333
[CutInfo::PrintCutInfo] m_SubLeadljj_jjWclosest	>	6.66667
[CutInfo::PrintCutInfo] m_SubLeadljj_jjWclosest	>	10
[CutInfo::PrintCutInfo] m_SubLeadljj_jjWclosest	>	13.3333
[CutInfo::PrintCutInfo] m_SubLeadljj_jjWclosest	>	16.6667
[CutInfo::PrintCutInfo] m_SubLeadljj_jjWclosest	>	20
[CutInfo::PrintCutInfo] m_SubLeadljj_jjWclosest	>	23.3333
[CutInfo::PrintCutInfo] m_SubLeadljj_jjWclosest	>	26.6667
[CutInfo::PrintCutInfo] m_SubLeadljj_jjWclosest	>	30
[CutInfo::PrintCutInfo] m_SubLeadljj_jjWclosest	>	33.3333
[CutInfo::PrintCutInfo] m_SubLeadljj_jjWclosest	>	36.6667
[CutInfo::PrintCutInfo] m_SubLeadljj_jjWclosest	>	40
[CutInfo::PrintCutInfo] m_SubLeadljj_jjWclosest	>	43.3333
[CutInfo::PrintCutInfo] m_SubLeadljj_jjWclosest	>	46.6667
[CutInfo::PrintCutInfo] m_SubLeadljj_jjWclosest	>	50
[CutInfo::PrintCutInfo] m_SubLeadljj_jjWclosest	>	53.3333
[CutInfo::PrintCutInfo] m_SubLeadljj_jjWclosest	>	56.6667
[CutInfo::PrintCutInfo] m_SubLeadljj_jjWclosest	>	60
[CutInfo::PrintCutInfo] m_SubLeadljj_jjWclosest	>	63.3333
[CutInfo::PrintCutInfo] m_SubLeadljj_jjWclosest	>	66.6667
[CutInfo::PrintCutInfo] m_SubLeadljj_jjWclosest	>	70
[CutInfo::PrintCutInfo] m_SubLeadljj_jjWclosest	>	73.3333
[CutInfo::PrintCutInfo] m_SubLeadljj_jjWclosest	>	76.6667
[CutInfo::PrintCutInfo] m_SubLeadljj_jjWclosest	>	80
[CutInfo::PrintCutInfo] m_SubLeadljj_jjWclosest	>	83.3333
[CutInfo::PrintCutInfo] m_SubLeadljj_jjWclosest	>	86.6667
[CutInfo::PrintCutInfo] m_SubLeadljj_jjWclosest	>	90
[CutInfo::PrintCutInfo] m_SubLeadljj_jjWclosest	>	93.3333
[CutInfo::PrintCutInfo] m_SubLeadljj_jjWclosest	>	96.6667
[CutInfo::PrintCutInfo] m_SubLeadljj_jjWclosest	>	100
[CutInfo::PrintCutInfo] m_SubLeadljj_jjWclosest	>	103.333
[CutInfo::PrintCutInfo] m_SubLeadljj_jjWclosest	>	106.667
[CutInfo::PrintCutInfo] m_SubLeadljj_jjWclosest	>	110
[CutInfo::PrintCutInfo] m_SubLeadljj_jjWclosest	>	113.333
[CutInfo::PrintCutInfo] m_SubLeadljj_jjWclosest	>	116.667
[CutInfo::PrintCutInfo] m_SubLeadljj_jjWclosest	>	120
[CutInfo::PrintCutInfo] m_SubLeadljj_jjWclosest	>	123.333
[CutInfo::PrintCutInfo] m_SubLeadljj_jjWclosest	>	126.667
[CutInfo::PrintCutInfo] m_SubLeadljj_jjWclosest	>	130
[CutInfo::PrintCutInfo] m_SubLeadljj_jjWclosest	>	133.333
[CutInfo::PrintCutInfo] m_SubLeadljj_jjWclosest	>	136.667
[CutInfo::PrintCutInfo] m_SubLeadljj_jjWclosest	>	140
[CutInfo::PrintCutInfo] m_SubLeadljj_jjWclosest	>	143.333
[CutInfo::PrintCutInfo] m_SubLeadljj_jjWclosest	>	146.667
[CutInfo::PrintCutInfo] m_SubLeadljj_jjWclosest	>	150
[CutInfo::PrintCutInfo] m_SubLeadljj_jjWclosest	>	153.333
[CutInfo::PrintCutInfo] m_SubLeadljj_jjWclosest	>	156.667
[CutInfo::PrintCutInfo] m_SubLeadljj_jjWclosest	>	160
[CutInfo::PrintCutInfo] m_SubLeadljj_jjWclosest	>	163.333
[CutInfo::PrintCutInfo] m_SubLeadljj_jjWclosest	>	166.667
[CutInfo::PrintCutInfo] m_SubLeadljj_jjWclosest	>	170
[CutInfo::PrintCutInfo] m_SubLeadljj_jjWclosest	>	173.333
[CutInfo::PrintCutInfo] m_SubLeadljj_jjWclosest	>	176.667
[CutInfo::PrintCutInfo] m_SubLeadljj_jjWclosest	>	180
[CutInfo::PrintCutInfo] m_SubLeadljj_jjWclosest	>	183.333
[CutInfo::PrintCutInfo] m_SubLeadljj_jjWclosest	>	186.667
[CutInfo::PrintCutInfo] m_SubLeadljj_jjWclosest	>	190
[CutInfo::PrintCutInfo] m_SubLeadljj_jjWclosest	>	193.333
[CutInfo::PrintCutInfo] m_SubLeadljj_jjWclosest	>	196.667
[CutInfo::PrintCutInfo] m_SubLeadljj_jjWclosest	>	200
[CutRangeInfo::PrintCutRangeInfo] secondLepton_Pt_>
[CutInfo::PrintCutInfo] secondLepton_Pt	>	20

##############################
#### OPTIMIZATION STARTED ####
##############################


!!!!!!!!!!!!!!!!!
!!!! UPDATED !!!!
!!!!!!!!!!!!!!!!!

[CutInfo::PrintCutInfo] leadingLepton_Pt	>	100
[CutInfo::PrintCutInfo] m_SubLeadljj_jjWclosest	<	500
[CutInfo::PrintCutInfo] m_SubLeadljj_jjWclosest	>	0
[CutInfo::PrintCutInfo] secondLepton_Pt	>	20
CF	0 +- 0
Fake	0.600559 +- 0.284025
Prompt	3.80527 +- 1.34641
=> total bkg = 4.40583
Signal	Yield	Efficiency	Efficiency@Presel	Punzi
HNMuMu_200	2.13772	0.01645	9.65722e-05	1.01511e-05
=====================================================================


!!!!!!!!!!!!!!!!!
!!!! UPDATED !!!!
!!!!!!!!!!!!!!!!!

[CutInfo::PrintCutInfo] leadingLepton_Pt	>	100
[CutInfo::PrintCutInfo] m_SubLeadljj_jjWclosest	<	495
[CutInfo::PrintCutInfo] m_SubLeadljj_jjWclosest	>	0
[CutInfo::PrintCutInfo] secondLepton_Pt	>	20
CF	0 +- 0
Fake	0.600557 +- 0.284025
Prompt	3.79895 +- 1.34374
=> total bkg = 4.3995
Signal	Yield	Efficiency	Efficiency@Presel	Punzi
HNMuMu_200	2.13772	0.01645	9.65722e-05	1.01589e-05
=====================================================================


!!!!!!!!!!!!!!!!!
!!!! UPDATED !!!!
!!!!!!!!!!!!!!!!!

[CutInfo::PrintCutInfo] leadingLepton_Pt	>	100
[CutInfo::PrintCutInfo] m_SubLeadljj_jjWclosest	<	490
[CutInfo::PrintCutInfo] m_SubLeadljj_jjWclosest	>	0
[CutInfo::PrintCutInfo] secondLepton_Pt	>	20
CF	0 +- 0
Fake	0.600785 +- 0.284068
Prompt	3.75386 +- 1.33608
=> total bkg = 4.35464
Signal	Yield	Efficiency	Efficiency@Presel	Punzi
HNMuMu_200	2.13379	0.0164333	9.63944e-05	1.01781e-05
=====================================================================


!!!!!!!!!!!!!!!!!
!!!! UPDATED !!!!
!!!!!!!!!!!!!!!!!

[CutInfo::PrintCutInfo] leadingLepton_Pt	>	100
[CutInfo::PrintCutInfo] m_SubLeadljj_jjWclosest	<	485
[CutInfo::PrintCutInfo] m_SubLeadljj_jjWclosest	>	0
[CutInfo::PrintCutInfo] secondLepton_Pt	>	20
CF	0 +- 0
Fake	0.600785 +- 0.284068
Prompt	3.74155 +- 1.33091
=> total bkg = 4.34234
Signal	Yield	Efficiency	Efficiency@Presel	Punzi
HNMuMu_200	2.13254	0.0164167	9.63382e-05	1.01874e-05
=====================================================================


!!!!!!!!!!!!!!!!!
!!!! UPDATED !!!!
!!!!!!!!!!!!!!!!!

[CutInfo::PrintCutInfo] leadingLepton_Pt	>	100
[CutInfo::PrintCutInfo] m_SubLeadljj_jjWclosest	<	480
[CutInfo::PrintCutInfo] m_SubLeadljj_jjWclosest	>	0
[CutInfo::PrintCutInfo] secondLepton_Pt	>	20
CF	0 +- 0
Fake	0.600971 +- 0.284103
Prompt	3.63797 +- 1.31524
=> total bkg = 4.23894
Signal	Yield	Efficiency	Efficiency@Presel	Punzi
HNMuMu_200	2.13254	0.0164167	9.63382e-05	1.02736e-05
=====================================================================


!!!!!!!!!!!!!!!!!
!!!! UPDATED !!!!
!!!!!!!!!!!!!!!!!

[CutInfo::PrintCutInfo] leadingLepton_Pt	>	100
[CutInfo::PrintCutInfo] m_SubLeadljj_jjWclosest	<	475
[CutInfo::PrintCutInfo] m_SubLeadljj_jjWclosest	>	0
[CutInfo::PrintCutInfo] secondLepton_Pt	>	20
CF	0 +- 0
Fake	0.600971 +- 0.284103
Prompt	3.62699 +- 1.31063
=> total bkg = 4.22796
Signal	Yield	Efficiency	Efficiency@Presel	Punzi
HNMuMu_200	2.13095	0.0164	9.62661e-05	1.02799e-05
=====================================================================


!!!!!!!!!!!!!!!!!
!!!! UPDATED !!!!
!!!!!!!!!!!!!!!!!

[CutInfo::PrintCutInfo] leadingLepton_Pt	>	100
[CutInfo::PrintCutInfo] m_SubLeadljj_jjWclosest	<	470
[CutInfo::PrintCutInfo] m_SubLeadljj_jjWclosest	>	0
[CutInfo::PrintCutInfo] secondLepton_Pt	>	20
CF	0 +- 0
Fake	0.600971 +- 0.284103
Prompt	3.61451 +- 1.30541
=> total bkg = 4.21548
Signal	Yield	Efficiency	Efficiency@Presel	Punzi
HNMuMu_200	2.13095	0.0164	9.62661e-05	1.02958e-05
=====================================================================


!!!!!!!!!!!!!!!!!
!!!! UPDATED !!!!
!!!!!!!!!!!!!!!!!

[CutInfo::PrintCutInfo] leadingLepton_Pt	>	100
[CutInfo::PrintCutInfo] m_SubLeadljj_jjWclosest	<	460
[CutInfo::PrintCutInfo] m_SubLeadljj_jjWclosest	>	0
[CutInfo::PrintCutInfo] secondLepton_Pt	>	20
CF	0 +- 0
Fake	0.601479 +- 0.2842
Prompt	3.59693 +- 1.29807
=> total bkg = 4.19841
Signal	Yield	Efficiency	Efficiency@Presel	Punzi
HNMuMu_200	2.12681	0.0163833	9.60793e-05	1.02978e-05
=====================================================================


!!!!!!!!!!!!!!!!!
!!!! UPDATED !!!!
!!!!!!!!!!!!!!!!!

[CutInfo::PrintCutInfo] leadingLepton_Pt	>	100
[CutInfo::PrintCutInfo] m_SubLeadljj_jjWclosest	<	455
[CutInfo::PrintCutInfo] m_SubLeadljj_jjWclosest	>	0
[CutInfo::PrintCutInfo] secondLepton_Pt	>	20
CF	0 +- 0
Fake	0.601822 +- 0.284265
Prompt	3.58375 +- 1.29257
=> total bkg = 4.18557
Signal	Yield	Efficiency	Efficiency@Presel	Punzi
HNMuMu_200	2.12517	0.0163667	9.6005e-05	1.03065e-05
=====================================================================


!!!!!!!!!!!!!!!!!
!!!! UPDATED !!!!
!!!!!!!!!!!!!!!!!

[CutInfo::PrintCutInfo] leadingLepton_Pt	>	100
[CutInfo::PrintCutInfo] m_SubLeadljj_jjWclosest	<	450
[CutInfo::PrintCutInfo] m_SubLeadljj_jjWclosest	>	0
[CutInfo::PrintCutInfo] secondLepton_Pt	>	20
CF	0 +- 0
Fake	0.601913 +- 0.284283
Prompt	3.57976 +- 1.29091
=> total bkg = 4.18167
Signal	Yield	Efficiency	Efficiency@Presel	Punzi
HNMuMu_200	2.12517	0.0163667	9.6005e-05	1.03115e-05
=====================================================================


!!!!!!!!!!!!!!!!!
!!!! UPDATED !!!!
!!!!!!!!!!!!!!!!!

[CutInfo::PrintCutInfo] leadingLepton_Pt	>	100
[CutInfo::PrintCutInfo] m_SubLeadljj_jjWclosest	<	445
[CutInfo::PrintCutInfo] m_SubLeadljj_jjWclosest	>	0
[CutInfo::PrintCutInfo] secondLepton_Pt	>	20
CF	0 +- 0
Fake	0.603656 +- 0.28461
Prompt	3.56204 +- 1.28353
=> total bkg = 4.16569
Signal	Yield	Efficiency	Efficiency@Presel	Punzi
HNMuMu_200	2.12517	0.0163667	9.6005e-05	1.0333e-05
=====================================================================


!!!!!!!!!!!!!!!!!
!!!! UPDATED !!!!
!!!!!!!!!!!!!!!!!

[CutInfo::PrintCutInfo] leadingLepton_Pt	>	100
[CutInfo::PrintCutInfo] m_SubLeadljj_jjWclosest	<	435
[CutInfo::PrintCutInfo] m_SubLeadljj_jjWclosest	>	0
[CutInfo::PrintCutInfo] secondLepton_Pt	>	20
CF	0 +- 0
Fake	0.569949 +- 0.276217
Prompt	3.53293 +- 1.27146
=> total bkg = 4.10288
Signal	Yield	Efficiency	Efficiency@Presel	Punzi
HNMuMu_200	2.12134	0.01635	9.58322e-05	1.0376e-05
=====================================================================


!!!!!!!!!!!!!!!!!
!!!! UPDATED !!!!
!!!!!!!!!!!!!!!!!

[CutInfo::PrintCutInfo] leadingLepton_Pt	>	100
[CutInfo::PrintCutInfo] m_SubLeadljj_jjWclosest	<	430
[CutInfo::PrintCutInfo] m_SubLeadljj_jjWclosest	>	0
[CutInfo::PrintCutInfo] secondLepton_Pt	>	20
CF	0 +- 0
Fake	0.569949 +- 0.276217
Prompt	3.52705 +- 1.26903
=> total bkg = 4.097
Signal	Yield	Efficiency	Efficiency@Presel	Punzi
HNMuMu_200	2.12134	0.01635	9.58322e-05	1.03836e-05
=====================================================================


!!!!!!!!!!!!!!!!!
!!!! UPDATED !!!!
!!!!!!!!!!!!!!!!!

[CutInfo::PrintCutInfo] leadingLepton_Pt	>	100
[CutInfo::PrintCutInfo] m_SubLeadljj_jjWclosest	<	425
[CutInfo::PrintCutInfo] m_SubLeadljj_jjWclosest	>	0
[CutInfo::PrintCutInfo] secondLepton_Pt	>	20
CF	0 +- 0
Fake	0.569949 +- 0.276217
Prompt	3.47405 +- 1.24668
=> total bkg = 4.044
Signal	Yield	Efficiency	Efficiency@Presel	Punzi
HNMuMu_200	2.12134	0.01635	9.58322e-05	1.04537e-05
=====================================================================


!!!!!!!!!!!!!!!!!
!!!! UPDATED !!!!
!!!!!!!!!!!!!!!!!

[CutInfo::PrintCutInfo] leadingLepton_Pt	>	100
[CutInfo::PrintCutInfo] m_SubLeadljj_jjWclosest	<	415
[CutInfo::PrintCutInfo] m_SubLeadljj_jjWclosest	>	0
[CutInfo::PrintCutInfo] secondLepton_Pt	>	20
CF	0 +- 0
Fake	0.570201 +- 0.276264
Prompt	3.43968 +- 1.23262
=> total bkg = 4.00988
Signal	Yield	Efficiency	Efficiency@Presel	Punzi
HNMuMu_200	2.11401	0.0163	9.55008e-05	1.04625e-05
=====================================================================


!!!!!!!!!!!!!!!!!
!!!! UPDATED !!!!
!!!!!!!!!!!!!!!!!

[CutInfo::PrintCutInfo] leadingLepton_Pt	>	100
[CutInfo::PrintCutInfo] m_SubLeadljj_jjWclosest	<	410
[CutInfo::PrintCutInfo] m_SubLeadljj_jjWclosest	>	0
[CutInfo::PrintCutInfo] secondLepton_Pt	>	20
CF	0 +- 0
Fake	0.570293 +- 0.276281
Prompt	3.43118 +- 1.22916
=> total bkg = 4.00147
Signal	Yield	Efficiency	Efficiency@Presel	Punzi
HNMuMu_200	2.11401	0.0163	9.55008e-05	1.04736e-05
=====================================================================


!!!!!!!!!!!!!!!!!
!!!! UPDATED !!!!
!!!!!!!!!!!!!!!!!

[CutInfo::PrintCutInfo] leadingLepton_Pt	>	100
[CutInfo::PrintCutInfo] m_SubLeadljj_jjWclosest	<	405
[CutInfo::PrintCutInfo] m_SubLeadljj_jjWclosest	>	0
[CutInfo::PrintCutInfo] secondLepton_Pt	>	20
CF	0 +- 0
Fake	0.570429 +- 0.276306
Prompt	3.41462 +- 1.22242
=> total bkg = 3.98505
Signal	Yield	Efficiency	Efficiency@Presel	Punzi
HNMuMu_200	2.11401	0.0163	9.55008e-05	1.04953e-05
=====================================================================


!!!!!!!!!!!!!!!!!
!!!! UPDATED !!!!
!!!!!!!!!!!!!!!!!

[CutInfo::PrintCutInfo] leadingLepton_Pt	>	100
[CutInfo::PrintCutInfo] m_SubLeadljj_jjWclosest	<	400
[CutInfo::PrintCutInfo] m_SubLeadljj_jjWclosest	>	0
[CutInfo::PrintCutInfo] secondLepton_Pt	>	20
CF	0 +- 0
Fake	0.570524 +- 0.276323
Prompt	3.35638 +- 1.19859
=> total bkg = 3.9269
Signal	Yield	Efficiency	Efficiency@Presel	Punzi
HNMuMu_200	2.11401	0.0163	9.55008e-05	1.05731e-05
=====================================================================


!!!!!!!!!!!!!!!!!
!!!! UPDATED !!!!
!!!!!!!!!!!!!!!!!

[CutInfo::PrintCutInfo] leadingLepton_Pt	>	100
[CutInfo::PrintCutInfo] m_SubLeadljj_jjWclosest	<	395
[CutInfo::PrintCutInfo] m_SubLeadljj_jjWclosest	>	0
[CutInfo::PrintCutInfo] secondLepton_Pt	>	20
CF	0 +- 0
Fake	0.570545 +- 0.276327
Prompt	3.34808 +- 1.19526
=> total bkg = 3.91862
Signal	Yield	Efficiency	Efficiency@Presel	Punzi
HNMuMu_200	2.11263	0.0162833	9.54387e-05	1.05773e-05
=====================================================================


!!!!!!!!!!!!!!!!!
!!!! UPDATED !!!!
!!!!!!!!!!!!!!!!!

[CutInfo::PrintCutInfo] leadingLepton_Pt	>	100
[CutInfo::PrintCutInfo] m_SubLeadljj_jjWclosest	<	390
[CutInfo::PrintCutInfo] m_SubLeadljj_jjWclosest	>	0
[CutInfo::PrintCutInfo] secondLepton_Pt	>	20
CF	0 +- 0
Fake	0.570619 +- 0.276341
Prompt	3.3313 +- 1.18854
=> total bkg = 3.90192
Signal	Yield	Efficiency	Efficiency@Presel	Punzi
HNMuMu_200	2.11085	0.0162667	9.53584e-05	1.05908e-05
=====================================================================


!!!!!!!!!!!!!!!!!
!!!! UPDATED !!!!
!!!!!!!!!!!!!!!!!

[CutInfo::PrintCutInfo] leadingLepton_Pt	>	100
[CutInfo::PrintCutInfo] m_SubLeadljj_jjWclosest	<	385
[CutInfo::PrintCutInfo] m_SubLeadljj_jjWclosest	>	0
[CutInfo::PrintCutInfo] secondLepton_Pt	>	20
CF	0 +- 0
Fake	0.570921 +- 0.276397
Prompt	3.28024 +- 1.16822
=> total bkg = 3.85116
Signal	Yield	Efficiency	Efficiency@Presel	Punzi
HNMuMu_200	2.10761	0.0162333	9.5212e-05	1.06429e-05
=====================================================================


!!!!!!!!!!!!!!!!!
!!!! UPDATED !!!!
!!!!!!!!!!!!!!!!!

[CutInfo::PrintCutInfo] leadingLepton_Pt	>	100
[CutInfo::PrintCutInfo] m_SubLeadljj_jjWclosest	<	380
[CutInfo::PrintCutInfo] m_SubLeadljj_jjWclosest	>	0
[CutInfo::PrintCutInfo] secondLepton_Pt	>	20
CF	0 +- 0
Fake	0.571164 +- 0.276442
Prompt	3.13745 +- 1.14024
=> total bkg = 3.70862
Signal	Yield	Efficiency	Efficiency@Presel	Punzi
HNMuMu_200	2.10744	0.0162167	9.52043e-05	1.07907e-05
=====================================================================


!!!!!!!!!!!!!!!!!
!!!! UPDATED !!!!
!!!!!!!!!!!!!!!!!

[CutInfo::PrintCutInfo] leadingLepton_Pt	>	100
[CutInfo::PrintCutInfo] m_SubLeadljj_jjWclosest	<	370
[CutInfo::PrintCutInfo] m_SubLeadljj_jjWclosest	>	0
[CutInfo::PrintCutInfo] secondLepton_Pt	>	20
CF	0 +- 0
Fake	0.571873 +- 0.276574
Prompt	3.05939 +- 1.10968
=> total bkg = 3.63127
Signal	Yield	Efficiency	Efficiency@Presel	Punzi
HNMuMu_200	2.09854	0.0161667	9.48021e-05	1.08539e-05
=====================================================================


!!!!!!!!!!!!!!!!!
!!!! UPDATED !!!!
!!!!!!!!!!!!!!!!!

[CutInfo::PrintCutInfo] leadingLepton_Pt	>	100
[CutInfo::PrintCutInfo] m_SubLeadljj_jjWclosest	<	365
[CutInfo::PrintCutInfo] m_SubLeadljj_jjWclosest	>	0
[CutInfo::PrintCutInfo] secondLepton_Pt	>	20
CF	0 +- 0
Fake	0.571873 +- 0.276574
Prompt	3.03957 +- 1.10206
=> total bkg = 3.61145
Signal	Yield	Efficiency	Efficiency@Presel	Punzi
HNMuMu_200	2.09694	0.01615	9.473e-05	1.08735e-05
=====================================================================


!!!!!!!!!!!!!!!!!
!!!! UPDATED !!!!
!!!!!!!!!!!!!!!!!

[CutInfo::PrintCutInfo] leadingLepton_Pt	>	100
[CutInfo::PrintCutInfo] m_SubLeadljj_jjWclosest	<	360
[CutInfo::PrintCutInfo] m_SubLeadljj_jjWclosest	>	0
[CutInfo::PrintCutInfo] secondLepton_Pt	>	20
CF	0 +- 0
Fake	0.572371 +- 0.276666
Prompt	2.98635 +- 1.09186
=> total bkg = 3.55872
Signal	Yield	Efficiency	Efficiency@Presel	Punzi
HNMuMu_200	2.08947	0.0161	9.43923e-05	1.08924e-05
=====================================================================


!!!!!!!!!!!!!!!!!
!!!! UPDATED !!!!
!!!!!!!!!!!!!!!!!

[CutInfo::PrintCutInfo] leadingLepton_Pt	>	100
[CutInfo::PrintCutInfo] m_SubLeadljj_jjWclosest	<	355
[CutInfo::PrintCutInfo] m_SubLeadljj_jjWclosest	>	0
[CutInfo::PrintCutInfo] secondLepton_Pt	>	20
CF	0 +- 0
Fake	0.572873 +- 0.276759
Prompt	2.93961 +- 1.07371
=> total bkg = 3.51248
Signal	Yield	Efficiency	Efficiency@Presel	Punzi
HNMuMu_200	2.08581	0.0160833	9.4227e-05	1.09402e-05
=====================================================================


!!!!!!!!!!!!!!!!!
!!!! UPDATED !!!!
!!!!!!!!!!!!!!!!!

[CutInfo::PrintCutInfo] leadingLepton_Pt	>	100
[CutInfo::PrintCutInfo] m_SubLeadljj_jjWclosest	<	350
[CutInfo::PrintCutInfo] m_SubLeadljj_jjWclosest	>	0
[CutInfo::PrintCutInfo] secondLepton_Pt	>	20
CF	0 +- 0
Fake	0.573399 +- 0.276857
Prompt	2.84004 +- 1.06039
=> total bkg = 3.41343
Signal	Yield	Efficiency	Efficiency@Presel	Punzi
HNMuMu_200	2.08581	0.0160833	9.4227e-05	1.10425e-05
=====================================================================


!!!!!!!!!!!!!!!!!
!!!! UPDATED !!!!
!!!!!!!!!!!!!!!!!

[CutInfo::PrintCutInfo] leadingLepton_Pt	>	100
[CutInfo::PrintCutInfo] m_SubLeadljj_jjWclosest	<	345
[CutInfo::PrintCutInfo] m_SubLeadljj_jjWclosest	>	0
[CutInfo::PrintCutInfo] secondLepton_Pt	>	20
CF	0 +- 0
Fake	0.573511 +- 0.276878
Prompt	2.76828 +- 1.03298
=> total bkg = 3.34179
Signal	Yield	Efficiency	Efficiency@Presel	Punzi
HNMuMu_200	2.08581	0.0160833	9.4227e-05	1.11496e-05
=====================================================================


!!!!!!!!!!!!!!!!!
!!!! UPDATED !!!!
!!!!!!!!!!!!!!!!!

[CutInfo::PrintCutInfo] leadingLepton_Pt	>	100
[CutInfo::PrintCutInfo] m_SubLeadljj_jjWclosest	<	340
[CutInfo::PrintCutInfo] m_SubLeadljj_jjWclosest	>	0
[CutInfo::PrintCutInfo] secondLepton_Pt	>	20
CF	0 +- 0
Fake	0.573511 +- 0.276878
Prompt	2.65669 +- 1.01692
=> total bkg = 3.2302
Signal	Yield	Efficiency	Efficiency@Presel	Punzi
HNMuMu_200	2.08418	0.0160667	9.41534e-05	1.12652e-05
=====================================================================


!!!!!!!!!!!!!!!!!
!!!! UPDATED !!!!
!!!!!!!!!!!!!!!!!

[CutInfo::PrintCutInfo] leadingLepton_Pt	>	100
[CutInfo::PrintCutInfo] m_SubLeadljj_jjWclosest	<	335
[CutInfo::PrintCutInfo] m_SubLeadljj_jjWclosest	>	0
[CutInfo::PrintCutInfo] secondLepton_Pt	>	20
CF	0 +- 0
Fake	0.573511 +- 0.276878
Prompt	2.62585 +- 1.00566
=> total bkg = 3.19936
Signal	Yield	Efficiency	Efficiency@Presel	Punzi
HNMuMu_200	2.07676	0.0160167	9.38183e-05	1.12723e-05
=====================================================================


!!!!!!!!!!!!!!!!!
!!!! UPDATED !!!!
!!!!!!!!!!!!!!!!!

[CutInfo::PrintCutInfo] leadingLepton_Pt	>	100
[CutInfo::PrintCutInfo] m_SubLeadljj_jjWclosest	<	320
[CutInfo::PrintCutInfo] m_SubLeadljj_jjWclosest	>	0
[CutInfo::PrintCutInfo] secondLepton_Pt	>	20
CF	0 +- 0
Fake	0.574405 +- 0.277045
Prompt	2.44833 +- 0.963577
=> total bkg = 3.02273
Signal	Yield	Efficiency	Efficiency@Presel	Punzi
HNMuMu_200	2.0553	0.01585	9.28487e-05	1.13918e-05
=====================================================================


!!!!!!!!!!!!!!!!!
!!!! UPDATED !!!!
!!!!!!!!!!!!!!!!!

[CutInfo::PrintCutInfo] leadingLepton_Pt	>	100
[CutInfo::PrintCutInfo] m_SubLeadljj_jjWclosest	<	300
[CutInfo::PrintCutInfo] m_SubLeadljj_jjWclosest	>	0
[CutInfo::PrintCutInfo] secondLepton_Pt	>	20
CF	0 +- 0
Fake	0.577929 +- 0.277686
Prompt	2.26076 +- 0.924648
=> total bkg = 2.83869
Signal	Yield	Efficiency	Efficiency@Presel	Punzi
HNMuMu_200	2.02297	0.0156333	9.13881e-05	1.14609e-05
=====================================================================


!!!!!!!!!!!!!!!!!
!!!! UPDATED !!!!
!!!!!!!!!!!!!!!!!

[CutInfo::PrintCutInfo] leadingLepton_Pt	>	100
[CutInfo::PrintCutInfo] m_SubLeadljj_jjWclosest	<	295
[CutInfo::PrintCutInfo] m_SubLeadljj_jjWclosest	>	0
[CutInfo::PrintCutInfo] secondLepton_Pt	>	20
CF	0 +- 0
Fake	0.578056 +- 0.27771
Prompt	2.20067 +- 0.903826
=> total bkg = 2.77872
Signal	Yield	Efficiency	Efficiency@Presel	Punzi
HNMuMu_200	2.00988	0.0155	9.07968e-05	1.14859e-05
=====================================================================


!!!!!!!!!!!!!!!!!
!!!! UPDATED !!!!
!!!!!!!!!!!!!!!!!

[CutInfo::PrintCutInfo] leadingLepton_Pt	>	100
[CutInfo::PrintCutInfo] m_SubLeadljj_jjWclosest	<	290
[CutInfo::PrintCutInfo] m_SubLeadljj_jjWclosest	>	0
[CutInfo::PrintCutInfo] secondLepton_Pt	>	20
CF	0 +- 0
Fake	0.578501 +- 0.277793
Prompt	2.11861 +- 0.876084
=> total bkg = 2.69711
Signal	Yield	Efficiency	Efficiency@Presel	Punzi
HNMuMu_200	2.00586	0.0154833	9.06151e-05	1.16e-05
=====================================================================


!!!!!!!!!!!!!!!!!
!!!! UPDATED !!!!
!!!!!!!!!!!!!!!!!

[CutInfo::PrintCutInfo] leadingLepton_Pt	>	100
[CutInfo::PrintCutInfo] m_SubLeadljj_jjWclosest	<	280
[CutInfo::PrintCutInfo] m_SubLeadljj_jjWclosest	>	0
[CutInfo::PrintCutInfo] secondLepton_Pt	>	20
CF	0 +- 0
Fake	0.585731 +- 0.27908
Prompt	1.957 +- 0.845416
=> total bkg = 2.54273
Signal	Yield	Efficiency	Efficiency@Presel	Punzi
HNMuMu_200	1.97146	0.0152833	8.9061e-05	1.16257e-05
=====================================================================


!!!!!!!!!!!!!!!!!
!!!! UPDATED !!!!
!!!!!!!!!!!!!!!!!

[CutInfo::PrintCutInfo] leadingLepton_Pt	>	100
[CutInfo::PrintCutInfo] m_SubLeadljj_jjWclosest	<	275
[CutInfo::PrintCutInfo] m_SubLeadljj_jjWclosest	>	0
[CutInfo::PrintCutInfo] secondLepton_Pt	>	20
CF	0 +- 0
Fake	0.522672 +- 0.259881
Prompt	1.93946 +- 0.84007
=> total bkg = 2.46214
Signal	Yield	Efficiency	Efficiency@Presel	Punzi
HNMuMu_200	1.97175	0.0152167	8.90744e-05	1.1742e-05
=====================================================================


!!!!!!!!!!!!!!!!!
!!!! UPDATED !!!!
!!!!!!!!!!!!!!!!!

[CutInfo::PrintCutInfo] leadingLepton_Pt	>	100
[CutInfo::PrintCutInfo] m_SubLeadljj_jjWclosest	<	265
[CutInfo::PrintCutInfo] m_SubLeadljj_jjWclosest	>	0
[CutInfo::PrintCutInfo] secondLepton_Pt	>	20
CF	0 +- 0
Fake	0.434345 +- 0.236856
Prompt	1.9201 +- 0.833258
=> total bkg = 2.35445
Signal	Yield	Efficiency	Efficiency@Presel	Punzi
HNMuMu_200	1.94945	0.0150833	8.80669e-05	1.17632e-05
=====================================================================


!!!!!!!!!!!!!!!!!
!!!! UPDATED !!!!
!!!!!!!!!!!!!!!!!

[CutInfo::PrintCutInfo] leadingLepton_Pt	>	100
[CutInfo::PrintCutInfo] m_SubLeadljj_jjWclosest	<	260
[CutInfo::PrintCutInfo] m_SubLeadljj_jjWclosest	>	0
[CutInfo::PrintCutInfo] secondLepton_Pt	>	20
CF	0 +- 0
Fake	0.459619 +- 0.239953
Prompt	1.84813 +- 0.81182
=> total bkg = 2.30775
Signal	Yield	Efficiency	Efficiency@Presel	Punzi
HNMuMu_200	1.94921	0.0150667	8.80559e-05	1.18605e-05
=====================================================================


!!!!!!!!!!!!!!!!!
!!!! UPDATED !!!!
!!!!!!!!!!!!!!!!!

[CutInfo::PrintCutInfo] leadingLepton_Pt	>	100
[CutInfo::PrintCutInfo] m_SubLeadljj_jjWclosest	<	255
[CutInfo::PrintCutInfo] m_SubLeadljj_jjWclosest	>	0
[CutInfo::PrintCutInfo] secondLepton_Pt	>	20
CF	0 +- 0
Fake	0.466947 +- 0.241126
Prompt	1.78714 +- 0.796443
=> total bkg = 2.25409
Signal	Yield	Efficiency	Efficiency@Presel	Punzi
HNMuMu_200	1.93972	0.0149833	8.76273e-05	1.19006e-05
=====================================================================


!!!!!!!!!!!!!!!!!
!!!! UPDATED !!!!
!!!!!!!!!!!!!!!!!

[CutInfo::PrintCutInfo] leadingLepton_Pt	>	100
[CutInfo::PrintCutInfo] m_SubLeadljj_jjWclosest	<	250
[CutInfo::PrintCutInfo] m_SubLeadljj_jjWclosest	>	0
[CutInfo::PrintCutInfo] secondLepton_Pt	>	20
CF	0 +- 0
Fake	0.467521 +- 0.241225
Prompt	1.66739 +- 0.778684
=> total bkg = 2.13491
Signal	Yield	Efficiency	Efficiency@Presel	Punzi
HNMuMu_200	1.93647	0.01495	8.74804e-05	1.20735e-05
=====================================================================


!!!!!!!!!!!!!!!!!
!!!! UPDATED !!!!
!!!!!!!!!!!!!!!!!

[CutInfo::PrintCutInfo] leadingLepton_Pt	>	100
[CutInfo::PrintCutInfo] m_SubLeadljj_jjWclosest	<	245
[CutInfo::PrintCutInfo] m_SubLeadljj_jjWclosest	>	0
[CutInfo::PrintCutInfo] secondLepton_Pt	>	20
CF	0 +- 0
Fake	0.463905 +- 0.240565
Prompt	1.6454 +- 0.772884
=> total bkg = 2.1093
Signal	Yield	Efficiency	Efficiency@Presel	Punzi
HNMuMu_200	1.93318	0.0149167	8.73321e-05	1.21005e-05
=====================================================================


!!!!!!!!!!!!!!!!!
!!!! UPDATED !!!!
!!!!!!!!!!!!!!!!!

[CutInfo::PrintCutInfo] leadingLepton_Pt	>	100
[CutInfo::PrintCutInfo] m_SubLeadljj_jjWclosest	<	240
[CutInfo::PrintCutInfo] m_SubLeadljj_jjWclosest	>	0
[CutInfo::PrintCutInfo] secondLepton_Pt	>	20
CF	0 +- 0
Fake	0.464103 +- 0.2406
Prompt	1.51834 +- 0.756017
=> total bkg = 1.98244
Signal	Yield	Efficiency	Efficiency@Presel	Punzi
HNMuMu_200	1.91777	0.01475	8.66357e-05	1.22176e-05
=====================================================================

####################################################
TIME STAMP : [2018/1/16 21:4:14] 100 / 3721 (2.68745 %)
####################################################
[CutInfo::PrintCutInfo] leadingLepton_Pt	>	100
[CutInfo::PrintCutInfo] m_SubLeadljj_jjWclosest	<	240
[CutInfo::PrintCutInfo] m_SubLeadljj_jjWclosest	>	0
[CutInfo::PrintCutInfo] secondLepton_Pt	>	20

!!!!!!!!!!!!!!!!!
!!!! UPDATED !!!!
!!!!!!!!!!!!!!!!!

[CutInfo::PrintCutInfo] leadingLepton_Pt	>	100
[CutInfo::PrintCutInfo] m_SubLeadljj_jjWclosest	<	240
[CutInfo::PrintCutInfo] m_SubLeadljj_jjWclosest	>	3.33333
[CutInfo::PrintCutInfo] secondLepton_Pt	>	20
CF	0 +- 0
Fake	0.464103 +- 0.2406
Prompt	1.51834 +- 0.756017
=> total bkg = 1.98244
Signal	Yield	Efficiency	Efficiency@Presel	Punzi
HNMuMu_200	1.91777	0.01475	8.66357e-05	1.22176e-05
=====================================================================


!!!!!!!!!!!!!!!!!
!!!! UPDATED !!!!
!!!!!!!!!!!!!!!!!

[CutInfo::PrintCutInfo] leadingLepton_Pt	>	100
[CutInfo::PrintCutInfo] m_SubLeadljj_jjWclosest	<	240
[CutInfo::PrintCutInfo] m_SubLeadljj_jjWclosest	>	6.66667
[CutInfo::PrintCutInfo] secondLepton_Pt	>	20
CF	0 +- 0
Fake	0.464103 +- 0.2406
Prompt	1.51834 +- 0.756017
=> total bkg = 1.98244
Signal	Yield	Efficiency	Efficiency@Presel	Punzi
HNMuMu_200	1.91777	0.01475	8.66357e-05	1.22176e-05
=====================================================================

####################################################
TIME STAMP : [2018/1/16 21:4:18] 200 / 3721 (5.3749 %)
####################################################
[CutInfo::PrintCutInfo] leadingLepton_Pt	>	100
[CutInfo::PrintCutInfo] m_SubLeadljj_jjWclosest	<	240
[CutInfo::PrintCutInfo] m_SubLeadljj_jjWclosest	>	6.66667
[CutInfo::PrintCutInfo] secondLepton_Pt	>	20

!!!!!!!!!!!!!!!!!
!!!! UPDATED !!!!
!!!!!!!!!!!!!!!!!

[CutInfo::PrintCutInfo] leadingLepton_Pt	>	100
[CutInfo::PrintCutInfo] m_SubLeadljj_jjWclosest	<	240
[CutInfo::PrintCutInfo] m_SubLeadljj_jjWclosest	>	10
[CutInfo::PrintCutInfo] secondLepton_Pt	>	20
CF	0 +- 0
Fake	0.464103 +- 0.2406
Prompt	1.51834 +- 0.756017
=> total bkg = 1.98244
Signal	Yield	Efficiency	Efficiency@Presel	Punzi
HNMuMu_200	1.91777	0.01475	8.66357e-05	1.22176e-05
=====================================================================


!!!!!!!!!!!!!!!!!
!!!! UPDATED !!!!
!!!!!!!!!!!!!!!!!

[CutInfo::PrintCutInfo] leadingLepton_Pt	>	100
[CutInfo::PrintCutInfo] m_SubLeadljj_jjWclosest	<	240
[CutInfo::PrintCutInfo] m_SubLeadljj_jjWclosest	>	13.3333
[CutInfo::PrintCutInfo] secondLepton_Pt	>	20
CF	0 +- 0
Fake	0.464103 +- 0.2406
Prompt	1.51834 +- 0.756017
=> total bkg = 1.98244
Signal	Yield	Efficiency	Efficiency@Presel	Punzi
HNMuMu_200	1.91777	0.01475	8.66357e-05	1.22176e-05
=====================================================================

####################################################
TIME STAMP : [2018/1/16 21:4:23] 300 / 3721 (8.06235 %)
####################################################
[CutInfo::PrintCutInfo] leadingLepton_Pt	>	100
[CutInfo::PrintCutInfo] m_SubLeadljj_jjWclosest	<	240
[CutInfo::PrintCutInfo] m_SubLeadljj_jjWclosest	>	13.3333
[CutInfo::PrintCutInfo] secondLepton_Pt	>	20

!!!!!!!!!!!!!!!!!
!!!! UPDATED !!!!
!!!!!!!!!!!!!!!!!

[CutInfo::PrintCutInfo] leadingLepton_Pt	>	100
[CutInfo::PrintCutInfo] m_SubLeadljj_jjWclosest	<	240
[CutInfo::PrintCutInfo] m_SubLeadljj_jjWclosest	>	16.6667
[CutInfo::PrintCutInfo] secondLepton_Pt	>	20
CF	0 +- 0
Fake	0.464103 +- 0.2406
Prompt	1.51834 +- 0.756017
=> total bkg = 1.98244
Signal	Yield	Efficiency	Efficiency@Presel	Punzi
HNMuMu_200	1.91777	0.01475	8.66357e-05	1.22176e-05
=====================================================================

####################################################
TIME STAMP : [2018/1/16 21:4:31] 400 / 3721 (10.7498 %)
####################################################
[CutInfo::PrintCutInfo] leadingLepton_Pt	>	100
[CutInfo::PrintCutInfo] m_SubLeadljj_jjWclosest	<	240
[CutInfo::PrintCutInfo] m_SubLeadljj_jjWclosest	>	16.6667
[CutInfo::PrintCutInfo] secondLepton_Pt	>	20

!!!!!!!!!!!!!!!!!
!!!! UPDATED !!!!
!!!!!!!!!!!!!!!!!

[CutInfo::PrintCutInfo] leadingLepton_Pt	>	100
[CutInfo::PrintCutInfo] m_SubLeadljj_jjWclosest	<	240
[CutInfo::PrintCutInfo] m_SubLeadljj_jjWclosest	>	20
[CutInfo::PrintCutInfo] secondLepton_Pt	>	20
CF	0 +- 0
Fake	0.464103 +- 0.2406
Prompt	1.51834 +- 0.756017
=> total bkg = 1.98244
Signal	Yield	Efficiency	Efficiency@Presel	Punzi
HNMuMu_200	1.91777	0.01475	8.66357e-05	1.22176e-05
=====================================================================


!!!!!!!!!!!!!!!!!
!!!! UPDATED !!!!
!!!!!!!!!!!!!!!!!

[CutInfo::PrintCutInfo] leadingLepton_Pt	>	100
[CutInfo::PrintCutInfo] m_SubLeadljj_jjWclosest	<	240
[CutInfo::PrintCutInfo] m_SubLeadljj_jjWclosest	>	23.3333
[CutInfo::PrintCutInfo] secondLepton_Pt	>	20
CF	0 +- 0
Fake	0.464103 +- 0.2406
Prompt	1.51834 +- 0.756017
=> total bkg = 1.98244
Signal	Yield	Efficiency	Efficiency@Presel	Punzi
HNMuMu_200	1.91777	0.01475	8.66357e-05	1.22176e-05
=====================================================================

####################################################
TIME STAMP : [2018/1/16 21:4:39] 500 / 3721 (13.4372 %)
####################################################
[CutInfo::PrintCutInfo] leadingLepton_Pt	>	100
[CutInfo::PrintCutInfo] m_SubLeadljj_jjWclosest	<	240
[CutInfo::PrintCutInfo] m_SubLeadljj_jjWclosest	>	23.3333
[CutInfo::PrintCutInfo] secondLepton_Pt	>	20

!!!!!!!!!!!!!!!!!
!!!! UPDATED !!!!
!!!!!!!!!!!!!!!!!

[CutInfo::PrintCutInfo] leadingLepton_Pt	>	100
[CutInfo::PrintCutInfo] m_SubLeadljj_jjWclosest	<	240
[CutInfo::PrintCutInfo] m_SubLeadljj_jjWclosest	>	26.6667
[CutInfo::PrintCutInfo] secondLepton_Pt	>	20
CF	0 +- 0
Fake	0.464103 +- 0.2406
Prompt	1.51834 +- 0.756017
=> total bkg = 1.98244
Signal	Yield	Efficiency	Efficiency@Presel	Punzi
HNMuMu_200	1.91777	0.01475	8.66357e-05	1.22176e-05
=====================================================================

####################################################
TIME STAMP : [2018/1/16 21:4:48] 600 / 3721 (16.1247 %)
####################################################
[CutInfo::PrintCutInfo] leadingLepton_Pt	>	100
[CutInfo::PrintCutInfo] m_SubLeadljj_jjWclosest	<	240
[CutInfo::PrintCutInfo] m_SubLeadljj_jjWclosest	>	26.6667
[CutInfo::PrintCutInfo] secondLepton_Pt	>	20

!!!!!!!!!!!!!!!!!
!!!! UPDATED !!!!
!!!!!!!!!!!!!!!!!

[CutInfo::PrintCutInfo] leadingLepton_Pt	>	100
[CutInfo::PrintCutInfo] m_SubLeadljj_jjWclosest	<	240
[CutInfo::PrintCutInfo] m_SubLeadljj_jjWclosest	>	30
[CutInfo::PrintCutInfo] secondLepton_Pt	>	20
CF	0 +- 0
Fake	0.464103 +- 0.2406
Prompt	1.51834 +- 0.756017
=> total bkg = 1.98244
Signal	Yield	Efficiency	Efficiency@Presel	Punzi
HNMuMu_200	1.91777	0.01475	8.66357e-05	1.22176e-05
=====================================================================


!!!!!!!!!!!!!!!!!
!!!! UPDATED !!!!
!!!!!!!!!!!!!!!!!

[CutInfo::PrintCutInfo] leadingLepton_Pt	>	100
[CutInfo::PrintCutInfo] m_SubLeadljj_jjWclosest	<	240
[CutInfo::PrintCutInfo] m_SubLeadljj_jjWclosest	>	33.3333
[CutInfo::PrintCutInfo] secondLepton_Pt	>	20
CF	0 +- 0
Fake	0.464103 +- 0.2406
Prompt	1.51834 +- 0.756017
=> total bkg = 1.98244
Signal	Yield	Efficiency	Efficiency@Presel	Punzi
HNMuMu_200	1.91777	0.01475	8.66357e-05	1.22176e-05
=====================================================================

####################################################
TIME STAMP : [2018/1/16 21:4:57] 700 / 3721 (18.8121 %)
####################################################
[CutInfo::PrintCutInfo] leadingLepton_Pt	>	100
[CutInfo::PrintCutInfo] m_SubLeadljj_jjWclosest	<	240
[CutInfo::PrintCutInfo] m_SubLeadljj_jjWclosest	>	33.3333
[CutInfo::PrintCutInfo] secondLepton_Pt	>	20

!!!!!!!!!!!!!!!!!
!!!! UPDATED !!!!
!!!!!!!!!!!!!!!!!

[CutInfo::PrintCutInfo] leadingLepton_Pt	>	100
[CutInfo::PrintCutInfo] m_SubLeadljj_jjWclosest	<	240
[CutInfo::PrintCutInfo] m_SubLeadljj_jjWclosest	>	36.6667
[CutInfo::PrintCutInfo] secondLepton_Pt	>	20
CF	0 +- 0
Fake	0.464103 +- 0.2406
Prompt	1.51834 +- 0.756017
=> total bkg = 1.98244
Signal	Yield	Efficiency	Efficiency@Presel	Punzi
HNMuMu_200	1.91777	0.01475	8.66357e-05	1.22176e-05
=====================================================================


!!!!!!!!!!!!!!!!!
!!!! UPDATED !!!!
!!!!!!!!!!!!!!!!!

[CutInfo::PrintCutInfo] leadingLepton_Pt	>	100
[CutInfo::PrintCutInfo] m_SubLeadljj_jjWclosest	<	240
[CutInfo::PrintCutInfo] m_SubLeadljj_jjWclosest	>	40
[CutInfo::PrintCutInfo] secondLepton_Pt	>	20
CF	0 +- 0
Fake	0.464103 +- 0.2406
Prompt	1.51834 +- 0.756017
=> total bkg = 1.98244
Signal	Yield	Efficiency	Efficiency@Presel	Punzi
HNMuMu_200	1.91777	0.01475	8.66357e-05	1.22176e-05
=====================================================================

####################################################
TIME STAMP : [2018/1/16 21:5:6] 800 / 3721 (21.4996 %)
####################################################
[CutInfo::PrintCutInfo] leadingLepton_Pt	>	100
[CutInfo::PrintCutInfo] m_SubLeadljj_jjWclosest	<	240
[CutInfo::PrintCutInfo] m_SubLeadljj_jjWclosest	>	40
[CutInfo::PrintCutInfo] secondLepton_Pt	>	20

!!!!!!!!!!!!!!!!!
!!!! UPDATED !!!!
!!!!!!!!!!!!!!!!!

[CutInfo::PrintCutInfo] leadingLepton_Pt	>	100
[CutInfo::PrintCutInfo] m_SubLeadljj_jjWclosest	<	240
[CutInfo::PrintCutInfo] m_SubLeadljj_jjWclosest	>	43.3333
[CutInfo::PrintCutInfo] secondLepton_Pt	>	20
CF	0 +- 0
Fake	0.464103 +- 0.2406
Prompt	1.51834 +- 0.756017
=> total bkg = 1.98244
Signal	Yield	Efficiency	Efficiency@Presel	Punzi
HNMuMu_200	1.91777	0.01475	8.66357e-05	1.22176e-05
=====================================================================

####################################################
TIME STAMP : [2018/1/16 21:5:15] 900 / 3721 (24.187 %)
####################################################
[CutInfo::PrintCutInfo] leadingLepton_Pt	>	100
[CutInfo::PrintCutInfo] m_SubLeadljj_jjWclosest	<	240
[CutInfo::PrintCutInfo] m_SubLeadljj_jjWclosest	>	43.3333
[CutInfo::PrintCutInfo] secondLepton_Pt	>	20

!!!!!!!!!!!!!!!!!
!!!! UPDATED !!!!
!!!!!!!!!!!!!!!!!

[CutInfo::PrintCutInfo] leadingLepton_Pt	>	100
[CutInfo::PrintCutInfo] m_SubLeadljj_jjWclosest	<	240
[CutInfo::PrintCutInfo] m_SubLeadljj_jjWclosest	>	46.6667
[CutInfo::PrintCutInfo] secondLepton_Pt	>	20
CF	0 +- 0
Fake	0.464103 +- 0.2406
Prompt	1.51834 +- 0.756017
=> total bkg = 1.98244
Signal	Yield	Efficiency	Efficiency@Presel	Punzi
HNMuMu_200	1.91777	0.01475	8.66357e-05	1.22176e-05
=====================================================================


!!!!!!!!!!!!!!!!!
!!!! UPDATED !!!!
!!!!!!!!!!!!!!!!!

[CutInfo::PrintCutInfo] leadingLepton_Pt	>	100
[CutInfo::PrintCutInfo] m_SubLeadljj_jjWclosest	<	240
[CutInfo::PrintCutInfo] m_SubLeadljj_jjWclosest	>	50
[CutInfo::PrintCutInfo] secondLepton_Pt	>	20
CF	0 +- 0
Fake	0.464103 +- 0.2406
Prompt	1.51834 +- 0.756017
=> total bkg = 1.98244
Signal	Yield	Efficiency	Efficiency@Presel	Punzi
HNMuMu_200	1.91777	0.01475	8.66357e-05	1.22176e-05
=====================================================================

####################################################
TIME STAMP : [2018/1/16 21:5:23] 1000 / 3721 (26.8745 %)
####################################################
[CutInfo::PrintCutInfo] leadingLepton_Pt	>	100
[CutInfo::PrintCutInfo] m_SubLeadljj_jjWclosest	<	240
[CutInfo::PrintCutInfo] m_SubLeadljj_jjWclosest	>	50
[CutInfo::PrintCutInfo] secondLepton_Pt	>	20

!!!!!!!!!!!!!!!!!
!!!! UPDATED !!!!
!!!!!!!!!!!!!!!!!

[CutInfo::PrintCutInfo] leadingLepton_Pt	>	100
[CutInfo::PrintCutInfo] m_SubLeadljj_jjWclosest	<	240
[CutInfo::PrintCutInfo] m_SubLeadljj_jjWclosest	>	53.3333
[CutInfo::PrintCutInfo] secondLepton_Pt	>	20
CF	0 +- 0
Fake	0.464103 +- 0.2406
Prompt	1.51834 +- 0.756017
=> total bkg = 1.98244
Signal	Yield	Efficiency	Efficiency@Presel	Punzi
HNMuMu_200	1.91777	0.01475	8.66357e-05	1.22176e-05
=====================================================================


!!!!!!!!!!!!!!!!!
!!!! UPDATED !!!!
!!!!!!!!!!!!!!!!!

[CutInfo::PrintCutInfo] leadingLepton_Pt	>	100
[CutInfo::PrintCutInfo] m_SubLeadljj_jjWclosest	<	240
[CutInfo::PrintCutInfo] m_SubLeadljj_jjWclosest	>	56.6667
[CutInfo::PrintCutInfo] secondLepton_Pt	>	20
CF	0 +- 0
Fake	0.464103 +- 0.2406
Prompt	1.51834 +- 0.756017
=> total bkg = 1.98244
Signal	Yield	Efficiency	Efficiency@Presel	Punzi
HNMuMu_200	1.91777	0.01475	8.66357e-05	1.22176e-05
=====================================================================

####################################################
TIME STAMP : [2018/1/16 21:5:32] 1100 / 3721 (29.5619 %)
####################################################
[CutInfo::PrintCutInfo] leadingLepton_Pt	>	100
[CutInfo::PrintCutInfo] m_SubLeadljj_jjWclosest	<	240
[CutInfo::PrintCutInfo] m_SubLeadljj_jjWclosest	>	56.6667
[CutInfo::PrintCutInfo] secondLepton_Pt	>	20

!!!!!!!!!!!!!!!!!
!!!! UPDATED !!!!
!!!!!!!!!!!!!!!!!

[CutInfo::PrintCutInfo] leadingLepton_Pt	>	100
[CutInfo::PrintCutInfo] m_SubLeadljj_jjWclosest	<	240
[CutInfo::PrintCutInfo] m_SubLeadljj_jjWclosest	>	60
[CutInfo::PrintCutInfo] secondLepton_Pt	>	20
CF	0 +- 0
Fake	0.464103 +- 0.2406
Prompt	1.51834 +- 0.756017
=> total bkg = 1.98244
Signal	Yield	Efficiency	Efficiency@Presel	Punzi
HNMuMu_200	1.91777	0.01475	8.66357e-05	1.22176e-05
=====================================================================

####################################################
TIME STAMP : [2018/1/16 21:5:41] 1200 / 3721 (32.2494 %)
####################################################
[CutInfo::PrintCutInfo] leadingLepton_Pt	>	100
[CutInfo::PrintCutInfo] m_SubLeadljj_jjWclosest	<	240
[CutInfo::PrintCutInfo] m_SubLeadljj_jjWclosest	>	60
[CutInfo::PrintCutInfo] secondLepton_Pt	>	20

!!!!!!!!!!!!!!!!!
!!!! UPDATED !!!!
!!!!!!!!!!!!!!!!!

[CutInfo::PrintCutInfo] leadingLepton_Pt	>	100
[CutInfo::PrintCutInfo] m_SubLeadljj_jjWclosest	<	240
[CutInfo::PrintCutInfo] m_SubLeadljj_jjWclosest	>	63.3333
[CutInfo::PrintCutInfo] secondLepton_Pt	>	20
CF	0 +- 0
Fake	0.464103 +- 0.2406
Prompt	1.51834 +- 0.756017
=> total bkg = 1.98244
Signal	Yield	Efficiency	Efficiency@Presel	Punzi
HNMuMu_200	1.91777	0.01475	8.66357e-05	1.22176e-05
=====================================================================


!!!!!!!!!!!!!!!!!
!!!! UPDATED !!!!
!!!!!!!!!!!!!!!!!

[CutInfo::PrintCutInfo] leadingLepton_Pt	>	100
[CutInfo::PrintCutInfo] m_SubLeadljj_jjWclosest	<	240
[CutInfo::PrintCutInfo] m_SubLeadljj_jjWclosest	>	66.6667
[CutInfo::PrintCutInfo] secondLepton_Pt	>	20
CF	0 +- 0
Fake	0.464103 +- 0.2406
Prompt	1.51834 +- 0.756017
=> total bkg = 1.98244
Signal	Yield	Efficiency	Efficiency@Presel	Punzi
HNMuMu_200	1.91777	0.01475	8.66357e-05	1.22176e-05
=====================================================================

####################################################
TIME STAMP : [2018/1/16 21:5:50] 1300 / 3721 (34.9368 %)
####################################################
[CutInfo::PrintCutInfo] leadingLepton_Pt	>	100
[CutInfo::PrintCutInfo] m_SubLeadljj_jjWclosest	<	240
[CutInfo::PrintCutInfo] m_SubLeadljj_jjWclosest	>	66.6667
[CutInfo::PrintCutInfo] secondLepton_Pt	>	20

!!!!!!!!!!!!!!!!!
!!!! UPDATED !!!!
!!!!!!!!!!!!!!!!!

[CutInfo::PrintCutInfo] leadingLepton_Pt	>	100
[CutInfo::PrintCutInfo] m_SubLeadljj_jjWclosest	<	240
[CutInfo::PrintCutInfo] m_SubLeadljj_jjWclosest	>	70
[CutInfo::PrintCutInfo] secondLepton_Pt	>	20
CF	0 +- 0
Fake	0.464103 +- 0.2406
Prompt	1.51834 +- 0.756017
=> total bkg = 1.98244
Signal	Yield	Efficiency	Efficiency@Presel	Punzi
HNMuMu_200	1.91777	0.01475	8.66357e-05	1.22176e-05
=====================================================================


!!!!!!!!!!!!!!!!!
!!!! UPDATED !!!!
!!!!!!!!!!!!!!!!!

[CutInfo::PrintCutInfo] leadingLepton_Pt	>	100
[CutInfo::PrintCutInfo] m_SubLeadljj_jjWclosest	<	240
[CutInfo::PrintCutInfo] m_SubLeadljj_jjWclosest	>	73.3333
[CutInfo::PrintCutInfo] secondLepton_Pt	>	20
CF	0 +- 0
Fake	0.464103 +- 0.2406
Prompt	1.51834 +- 0.756017
=> total bkg = 1.98244
Signal	Yield	Efficiency	Efficiency@Presel	Punzi
HNMuMu_200	1.91777	0.01475	8.66357e-05	1.22176e-05
=====================================================================

####################################################
TIME STAMP : [2018/1/16 21:5:59] 1400 / 3721 (37.6243 %)
####################################################
[CutInfo::PrintCutInfo] leadingLepton_Pt	>	100
[CutInfo::PrintCutInfo] m_SubLeadljj_jjWclosest	<	240
[CutInfo::PrintCutInfo] m_SubLeadljj_jjWclosest	>	73.3333
[CutInfo::PrintCutInfo] secondLepton_Pt	>	20

!!!!!!!!!!!!!!!!!
!!!! UPDATED !!!!
!!!!!!!!!!!!!!!!!

[CutInfo::PrintCutInfo] leadingLepton_Pt	>	100
[CutInfo::PrintCutInfo] m_SubLeadljj_jjWclosest	<	240
[CutInfo::PrintCutInfo] m_SubLeadljj_jjWclosest	>	76.6667
[CutInfo::PrintCutInfo] secondLepton_Pt	>	20
CF	0 +- 0
Fake	0.464103 +- 0.2406
Prompt	1.51834 +- 0.756017
=> total bkg = 1.98244
Signal	Yield	Efficiency	Efficiency@Presel	Punzi
HNMuMu_200	1.91777	0.01475	8.66357e-05	1.22176e-05
=====================================================================

####################################################
TIME STAMP : [2018/1/16 21:6:8] 1500 / 3721 (40.3117 %)
####################################################
[CutInfo::PrintCutInfo] leadingLepton_Pt	>	100
[CutInfo::PrintCutInfo] m_SubLeadljj_jjWclosest	<	240
[CutInfo::PrintCutInfo] m_SubLeadljj_jjWclosest	>	76.6667
[CutInfo::PrintCutInfo] secondLepton_Pt	>	20

!!!!!!!!!!!!!!!!!
!!!! UPDATED !!!!
!!!!!!!!!!!!!!!!!

[CutInfo::PrintCutInfo] leadingLepton_Pt	>	100
[CutInfo::PrintCutInfo] m_SubLeadljj_jjWclosest	<	240
[CutInfo::PrintCutInfo] m_SubLeadljj_jjWclosest	>	80
[CutInfo::PrintCutInfo] secondLepton_Pt	>	20
CF	0 +- 0
Fake	0.464103 +- 0.2406
Prompt	1.51834 +- 0.756017
=> total bkg = 1.98244
Signal	Yield	Efficiency	Efficiency@Presel	Punzi
HNMuMu_200	1.91777	0.01475	8.66357e-05	1.22176e-05
=====================================================================


!!!!!!!!!!!!!!!!!
!!!! UPDATED !!!!
!!!!!!!!!!!!!!!!!

[CutInfo::PrintCutInfo] leadingLepton_Pt	>	100
[CutInfo::PrintCutInfo] m_SubLeadljj_jjWclosest	<	240
[CutInfo::PrintCutInfo] m_SubLeadljj_jjWclosest	>	83.3333
[CutInfo::PrintCutInfo] secondLepton_Pt	>	20
CF	0 +- 0
Fake	0.464103 +- 0.2406
Prompt	1.51834 +- 0.756017
=> total bkg = 1.98244
Signal	Yield	Efficiency	Efficiency@Presel	Punzi
HNMuMu_200	1.91777	0.01475	8.66357e-05	1.22176e-05
=====================================================================

####################################################
TIME STAMP : [2018/1/16 21:6:17] 1600 / 3721 (42.9992 %)
####################################################
[CutInfo::PrintCutInfo] leadingLepton_Pt	>	100
[CutInfo::PrintCutInfo] m_SubLeadljj_jjWclosest	<	240
[CutInfo::PrintCutInfo] m_SubLeadljj_jjWclosest	>	83.3333
[CutInfo::PrintCutInfo] secondLepton_Pt	>	20

!!!!!!!!!!!!!!!!!
!!!! UPDATED !!!!
!!!!!!!!!!!!!!!!!

[CutInfo::PrintCutInfo] leadingLepton_Pt	>	100
[CutInfo::PrintCutInfo] m_SubLeadljj_jjWclosest	<	240
[CutInfo::PrintCutInfo] m_SubLeadljj_jjWclosest	>	86.6667
[CutInfo::PrintCutInfo] secondLepton_Pt	>	20
CF	0 +- 0
Fake	0.464103 +- 0.2406
Prompt	1.51834 +- 0.756017
=> total bkg = 1.98244
Signal	Yield	Efficiency	Efficiency@Presel	Punzi
HNMuMu_200	1.91777	0.01475	8.66357e-05	1.22176e-05
=====================================================================

####################################################
TIME STAMP : [2018/1/16 21:6:25] 1700 / 3721 (45.6866 %)
####################################################
[CutInfo::PrintCutInfo] leadingLepton_Pt	>	100
[CutInfo::PrintCutInfo] m_SubLeadljj_jjWclosest	<	240
[CutInfo::PrintCutInfo] m_SubLeadljj_jjWclosest	>	86.6667
[CutInfo::PrintCutInfo] secondLepton_Pt	>	20

!!!!!!!!!!!!!!!!!
!!!! UPDATED !!!!
!!!!!!!!!!!!!!!!!

[CutInfo::PrintCutInfo] leadingLepton_Pt	>	100
[CutInfo::PrintCutInfo] m_SubLeadljj_jjWclosest	<	240
[CutInfo::PrintCutInfo] m_SubLeadljj_jjWclosest	>	90
[CutInfo::PrintCutInfo] secondLepton_Pt	>	20
CF	0 +- 0
Fake	0.464103 +- 0.2406
Prompt	1.51834 +- 0.756017
=> total bkg = 1.98244
Signal	Yield	Efficiency	Efficiency@Presel	Punzi
HNMuMu_200	1.91777	0.01475	8.66357e-05	1.22176e-05
=====================================================================


!!!!!!!!!!!!!!!!!
!!!! UPDATED !!!!
!!!!!!!!!!!!!!!!!

[CutInfo::PrintCutInfo] leadingLepton_Pt	>	100
[CutInfo::PrintCutInfo] m_SubLeadljj_jjWclosest	<	240
[CutInfo::PrintCutInfo] m_SubLeadljj_jjWclosest	>	93.3333
[CutInfo::PrintCutInfo] secondLepton_Pt	>	20
CF	0 +- 0
Fake	0.464103 +- 0.2406
Prompt	1.51834 +- 0.756017
=> total bkg = 1.98244
Signal	Yield	Efficiency	Efficiency@Presel	Punzi
HNMuMu_200	1.91777	0.01475	8.66357e-05	1.22176e-05
=====================================================================

####################################################
TIME STAMP : [2018/1/16 21:6:34] 1800 / 3721 (48.3741 %)
####################################################
[CutInfo::PrintCutInfo] leadingLepton_Pt	>	100
[CutInfo::PrintCutInfo] m_SubLeadljj_jjWclosest	<	240
[CutInfo::PrintCutInfo] m_SubLeadljj_jjWclosest	>	93.3333
[CutInfo::PrintCutInfo] secondLepton_Pt	>	20

!!!!!!!!!!!!!!!!!
!!!! UPDATED !!!!
!!!!!!!!!!!!!!!!!

[CutInfo::PrintCutInfo] leadingLepton_Pt	>	100
[CutInfo::PrintCutInfo] m_SubLeadljj_jjWclosest	<	240
[CutInfo::PrintCutInfo] m_SubLeadljj_jjWclosest	>	96.6667
[CutInfo::PrintCutInfo] secondLepton_Pt	>	20
CF	0 +- 0
Fake	0.464103 +- 0.2406
Prompt	1.51834 +- 0.756017
=> total bkg = 1.98244
Signal	Yield	Efficiency	Efficiency@Presel	Punzi
HNMuMu_200	1.91777	0.01475	8.66357e-05	1.22176e-05
=====================================================================


!!!!!!!!!!!!!!!!!
!!!! UPDATED !!!!
!!!!!!!!!!!!!!!!!

[CutInfo::PrintCutInfo] leadingLepton_Pt	>	100
[CutInfo::PrintCutInfo] m_SubLeadljj_jjWclosest	<	240
[CutInfo::PrintCutInfo] m_SubLeadljj_jjWclosest	>	100
[CutInfo::PrintCutInfo] secondLepton_Pt	>	20
CF	0 +- 0
Fake	0.464103 +- 0.2406
Prompt	1.51834 +- 0.756017
=> total bkg = 1.98244
Signal	Yield	Efficiency	Efficiency@Presel	Punzi
HNMuMu_200	1.91777	0.01475	8.66357e-05	1.22176e-05
=====================================================================

####################################################
TIME STAMP : [2018/1/16 21:6:43] 1900 / 3721 (51.0615 %)
####################################################
[CutInfo::PrintCutInfo] leadingLepton_Pt	>	100
[CutInfo::PrintCutInfo] m_SubLeadljj_jjWclosest	<	240
[CutInfo::PrintCutInfo] m_SubLeadljj_jjWclosest	>	100
[CutInfo::PrintCutInfo] secondLepton_Pt	>	20

!!!!!!!!!!!!!!!!!
!!!! UPDATED !!!!
!!!!!!!!!!!!!!!!!

[CutInfo::PrintCutInfo] leadingLepton_Pt	>	100
[CutInfo::PrintCutInfo] m_SubLeadljj_jjWclosest	<	240
[CutInfo::PrintCutInfo] m_SubLeadljj_jjWclosest	>	103.333
[CutInfo::PrintCutInfo] secondLepton_Pt	>	20
CF	0 +- 0
Fake	0.464103 +- 0.2406
Prompt	1.51834 +- 0.756017
=> total bkg = 1.98244
Signal	Yield	Efficiency	Efficiency@Presel	Punzi
HNMuMu_200	1.91777	0.01475	8.66357e-05	1.22176e-05
=====================================================================

####################################################
TIME STAMP : [2018/1/16 21:6:52] 2000 / 3721 (53.749 %)
####################################################
[CutInfo::PrintCutInfo] leadingLepton_Pt	>	100
[CutInfo::PrintCutInfo] m_SubLeadljj_jjWclosest	<	240
[CutInfo::PrintCutInfo] m_SubLeadljj_jjWclosest	>	103.333
[CutInfo::PrintCutInfo] secondLepton_Pt	>	20

!!!!!!!!!!!!!!!!!
!!!! UPDATED !!!!
!!!!!!!!!!!!!!!!!

[CutInfo::PrintCutInfo] leadingLepton_Pt	>	100
[CutInfo::PrintCutInfo] m_SubLeadljj_jjWclosest	<	240
[CutInfo::PrintCutInfo] m_SubLeadljj_jjWclosest	>	106.667
[CutInfo::PrintCutInfo] secondLepton_Pt	>	20
CF	0 +- 0
Fake	0.464103 +- 0.2406
Prompt	1.51834 +- 0.756017
=> total bkg = 1.98244
Signal	Yield	Efficiency	Efficiency@Presel	Punzi
HNMuMu_200	1.91777	0.01475	8.66357e-05	1.22176e-05
=====================================================================

####################################################
TIME STAMP : [2018/1/16 21:7:1] 2100 / 3721 (56.4364 %)
####################################################
[CutInfo::PrintCutInfo] leadingLepton_Pt	>	100
[CutInfo::PrintCutInfo] m_SubLeadljj_jjWclosest	<	240
[CutInfo::PrintCutInfo] m_SubLeadljj_jjWclosest	>	106.667
[CutInfo::PrintCutInfo] secondLepton_Pt	>	20

!!!!!!!!!!!!!!!!!
!!!! UPDATED !!!!
!!!!!!!!!!!!!!!!!

[CutInfo::PrintCutInfo] leadingLepton_Pt	>	100
[CutInfo::PrintCutInfo] m_SubLeadljj_jjWclosest	<	240
[CutInfo::PrintCutInfo] m_SubLeadljj_jjWclosest	>	113.333
[CutInfo::PrintCutInfo] secondLepton_Pt	>	20
CF	0 +- 0
Fake	0.466862 +- 0.241064
Prompt	1.51385 +- 0.754891
=> total bkg = 1.98071
Signal	Yield	Efficiency	Efficiency@Presel	Punzi
HNMuMu_200	1.91777	0.01475	8.66357e-05	1.22222e-05
=====================================================================


!!!!!!!!!!!!!!!!!
!!!! UPDATED !!!!
!!!!!!!!!!!!!!!!!

[CutInfo::PrintCutInfo] leadingLepton_Pt	>	100
[CutInfo::PrintCutInfo] m_SubLeadljj_jjWclosest	<	240
[CutInfo::PrintCutInfo] m_SubLeadljj_jjWclosest	>	116.667
[CutInfo::PrintCutInfo] secondLepton_Pt	>	20
CF	0 +- 0
Fake	0.466862 +- 0.241064
Prompt	1.50963 +- 0.753839
=> total bkg = 1.97649
Signal	Yield	Efficiency	Efficiency@Presel	Punzi
HNMuMu_200	1.91777	0.01475	8.66357e-05	1.22306e-05
=====================================================================

####################################################
TIME STAMP : [2018/1/16 21:7:10] 2200 / 3721 (59.1239 %)
####################################################
[CutInfo::PrintCutInfo] leadingLepton_Pt	>	100
[CutInfo::PrintCutInfo] m_SubLeadljj_jjWclosest	<	240
[CutInfo::PrintCutInfo] m_SubLeadljj_jjWclosest	>	116.667
[CutInfo::PrintCutInfo] secondLepton_Pt	>	20
####################################################
TIME STAMP : [2018/1/16 21:7:19] 2300 / 3721 (61.8113 %)
####################################################
[CutInfo::PrintCutInfo] leadingLepton_Pt	>	100
[CutInfo::PrintCutInfo] m_SubLeadljj_jjWclosest	<	240
[CutInfo::PrintCutInfo] m_SubLeadljj_jjWclosest	>	116.667
[CutInfo::PrintCutInfo] secondLepton_Pt	>	20

!!!!!!!!!!!!!!!!!
!!!! UPDATED !!!!
!!!!!!!!!!!!!!!!!

[CutInfo::PrintCutInfo] leadingLepton_Pt	>	100
[CutInfo::PrintCutInfo] m_SubLeadljj_jjWclosest	<	240
[CutInfo::PrintCutInfo] m_SubLeadljj_jjWclosest	>	126.667
[CutInfo::PrintCutInfo] secondLepton_Pt	>	20
CF	0 +- 0
Fake	0.46719 +- 0.241121
Prompt	1.50015 +- 0.751496
=> total bkg = 1.96734
Signal	Yield	Efficiency	Efficiency@Presel	Punzi
HNMuMu_200	1.91777	0.01475	8.66357e-05	1.2249e-05
=====================================================================

####################################################
TIME STAMP : [2018/1/16 21:7:27] 2400 / 3721 (64.4988 %)
####################################################
[CutInfo::PrintCutInfo] leadingLepton_Pt	>	100
[CutInfo::PrintCutInfo] m_SubLeadljj_jjWclosest	<	240
[CutInfo::PrintCutInfo] m_SubLeadljj_jjWclosest	>	126.667
[CutInfo::PrintCutInfo] secondLepton_Pt	>	20

!!!!!!!!!!!!!!!!!
!!!! UPDATED !!!!
!!!!!!!!!!!!!!!!!

[CutInfo::PrintCutInfo] leadingLepton_Pt	>	100
[CutInfo::PrintCutInfo] m_SubLeadljj_jjWclosest	<	240
[CutInfo::PrintCutInfo] m_SubLeadljj_jjWclosest	>	130
[CutInfo::PrintCutInfo] secondLepton_Pt	>	20
CF	0 +- 0
Fake	0.46719 +- 0.241121
Prompt	1.49951 +- 0.751342
=> total bkg = 1.9667
Signal	Yield	Efficiency	Efficiency@Presel	Punzi
HNMuMu_200	1.91777	0.01475	8.66357e-05	1.22503e-05
=====================================================================


!!!!!!!!!!!!!!!!!
!!!! UPDATED !!!!
!!!!!!!!!!!!!!!!!

[CutInfo::PrintCutInfo] leadingLepton_Pt	>	100
[CutInfo::PrintCutInfo] m_SubLeadljj_jjWclosest	<	240
[CutInfo::PrintCutInfo] m_SubLeadljj_jjWclosest	>	133.333
[CutInfo::PrintCutInfo] secondLepton_Pt	>	20
CF	0 +- 0
Fake	0.467203 +- 0.241123
Prompt	1.4921 +- 0.749526
=> total bkg = 1.95931
Signal	Yield	Efficiency	Efficiency@Presel	Punzi
HNMuMu_200	1.91777	0.01475	8.66357e-05	1.22651e-05
=====================================================================

####################################################
TIME STAMP : [2018/1/16 21:7:36] 2500 / 3721 (67.1862 %)
####################################################
[CutInfo::PrintCutInfo] leadingLepton_Pt	>	100
[CutInfo::PrintCutInfo] m_SubLeadljj_jjWclosest	<	240
[CutInfo::PrintCutInfo] m_SubLeadljj_jjWclosest	>	133.333
[CutInfo::PrintCutInfo] secondLepton_Pt	>	20
####################################################
TIME STAMP : [2018/1/16 21:7:45] 2600 / 3721 (69.8737 %)
####################################################
[CutInfo::PrintCutInfo] leadingLepton_Pt	>	100
[CutInfo::PrintCutInfo] m_SubLeadljj_jjWclosest	<	240
[CutInfo::PrintCutInfo] m_SubLeadljj_jjWclosest	>	133.333
[CutInfo::PrintCutInfo] secondLepton_Pt	>	20

!!!!!!!!!!!!!!!!!
!!!! UPDATED !!!!
!!!!!!!!!!!!!!!!!

[CutInfo::PrintCutInfo] leadingLepton_Pt	>	100
[CutInfo::PrintCutInfo] m_SubLeadljj_jjWclosest	<	240
[CutInfo::PrintCutInfo] m_SubLeadljj_jjWclosest	>	140
[CutInfo::PrintCutInfo] secondLepton_Pt	>	20
CF	0 +- 0
Fake	0.467715 +- 0.241212
Prompt	1.4843 +- 0.747628
=> total bkg = 1.95202
Signal	Yield	Efficiency	Efficiency@Presel	Punzi
HNMuMu_200	1.91777	0.01475	8.66357e-05	1.22799e-05
=====================================================================


!!!!!!!!!!!!!!!!!
!!!! UPDATED !!!!
!!!!!!!!!!!!!!!!!

[CutInfo::PrintCutInfo] leadingLepton_Pt	>	100
[CutInfo::PrintCutInfo] m_SubLeadljj_jjWclosest	<	250
[CutInfo::PrintCutInfo] m_SubLeadljj_jjWclosest	>	143.333
[CutInfo::PrintCutInfo] secondLepton_Pt	>	20
CF	0 +- 0
Fake	0.357469 +- 0.208645
Prompt	1.58389 +- 0.756501
=> total bkg = 1.94136
Signal	Yield	Efficiency	Efficiency@Presel	Punzi
HNMuMu_200	1.93647	0.01495	8.74804e-05	1.24174e-05
=====================================================================


!!!!!!!!!!!!!!!!!
!!!! UPDATED !!!!
!!!!!!!!!!!!!!!!!

[CutInfo::PrintCutInfo] leadingLepton_Pt	>	100
[CutInfo::PrintCutInfo] m_SubLeadljj_jjWclosest	<	245
[CutInfo::PrintCutInfo] m_SubLeadljj_jjWclosest	>	143.333
[CutInfo::PrintCutInfo] secondLepton_Pt	>	20
CF	0 +- 0
Fake	0.353853 +- 0.208054
Prompt	1.5619 +- 0.751143
=> total bkg = 1.91575
Signal	Yield	Efficiency	Efficiency@Presel	Punzi
HNMuMu_200	1.93318	0.0149167	8.73321e-05	1.24474e-05
=====================================================================


!!!!!!!!!!!!!!!!!
!!!! UPDATED !!!!
!!!!!!!!!!!!!!!!!

[CutInfo::PrintCutInfo] leadingLepton_Pt	>	100
[CutInfo::PrintCutInfo] m_SubLeadljj_jjWclosest	<	240
[CutInfo::PrintCutInfo] m_SubLeadljj_jjWclosest	>	143.333
[CutInfo::PrintCutInfo] secondLepton_Pt	>	20
CF	0 +- 0
Fake	0.354051 +- 0.208084
Prompt	1.43484 +- 0.735058
=> total bkg = 1.78889
Signal	Yield	Efficiency	Efficiency@Presel	Punzi
HNMuMu_200	1.91777	0.01475	8.66357e-05	1.25823e-05
=====================================================================

####################################################
TIME STAMP : [2018/1/16 21:7:54] 2700 / 3721 (72.5611 %)
####################################################
[CutInfo::PrintCutInfo] leadingLepton_Pt	>	100
[CutInfo::PrintCutInfo] m_SubLeadljj_jjWclosest	<	240
[CutInfo::PrintCutInfo] m_SubLeadljj_jjWclosest	>	143.333
[CutInfo::PrintCutInfo] secondLepton_Pt	>	20

!!!!!!!!!!!!!!!!!
!!!! UPDATED !!!!
!!!!!!!!!!!!!!!!!

[CutInfo::PrintCutInfo] leadingLepton_Pt	>	100
[CutInfo::PrintCutInfo] m_SubLeadljj_jjWclosest	<	240
[CutInfo::PrintCutInfo] m_SubLeadljj_jjWclosest	>	150
[CutInfo::PrintCutInfo] secondLepton_Pt	>	20
CF	0 +- 0
Fake	0.35481 +- 0.2082
Prompt	1.41699 +- 0.731087
=> total bkg = 1.7718
Signal	Yield	Efficiency	Efficiency@Presel	Punzi
HNMuMu_200	1.91233	0.0147167	8.639e-05	1.25835e-05
=====================================================================

####################################################
TIME STAMP : [2018/1/16 21:8:3] 2800 / 3721 (75.2486 %)
####################################################
[CutInfo::PrintCutInfo] leadingLepton_Pt	>	100
[CutInfo::PrintCutInfo] m_SubLeadljj_jjWclosest	<	240
[CutInfo::PrintCutInfo] m_SubLeadljj_jjWclosest	>	150
[CutInfo::PrintCutInfo] secondLepton_Pt	>	20

!!!!!!!!!!!!!!!!!
!!!! UPDATED !!!!
!!!!!!!!!!!!!!!!!

[CutInfo::PrintCutInfo] leadingLepton_Pt	>	100
[CutInfo::PrintCutInfo] m_SubLeadljj_jjWclosest	<	240
[CutInfo::PrintCutInfo] m_SubLeadljj_jjWclosest	>	153.333
[CutInfo::PrintCutInfo] secondLepton_Pt	>	20
CF	0 +- 0
Fake	0.311495 +- 0.197164
Prompt	1.41279 +- 0.730146
=> total bkg = 1.72429
Signal	Yield	Efficiency	Efficiency@Presel	Punzi
HNMuMu_200	1.91233	0.0147167	8.639e-05	1.26711e-05
=====================================================================

####################################################
TIME STAMP : [2018/1/16 21:8:12] 2900 / 3721 (77.936 %)
####################################################
[CutInfo::PrintCutInfo] leadingLepton_Pt	>	100
[CutInfo::PrintCutInfo] m_SubLeadljj_jjWclosest	<	240
[CutInfo::PrintCutInfo] m_SubLeadljj_jjWclosest	>	153.333
[CutInfo::PrintCutInfo] secondLepton_Pt	>	20

!!!!!!!!!!!!!!!!!
!!!! UPDATED !!!!
!!!!!!!!!!!!!!!!!

[CutInfo::PrintCutInfo] leadingLepton_Pt	>	100
[CutInfo::PrintCutInfo] m_SubLeadljj_jjWclosest	<	250
[CutInfo::PrintCutInfo] m_SubLeadljj_jjWclosest	>	156.667
[CutInfo::PrintCutInfo] secondLepton_Pt	>	20
CF	0 +- 0
Fake	0.209933 +- 0.151706
Prompt	1.50778 +- 0.737639
=> total bkg = 1.71771
Signal	Yield	Efficiency	Efficiency@Presel	Punzi
HNMuMu_200	1.92735	0.0149	8.70685e-05	1.27898e-05
=====================================================================


!!!!!!!!!!!!!!!!!
!!!! UPDATED !!!!
!!!!!!!!!!!!!!!!!

[CutInfo::PrintCutInfo] leadingLepton_Pt	>	100
[CutInfo::PrintCutInfo] m_SubLeadljj_jjWclosest	<	245
[CutInfo::PrintCutInfo] m_SubLeadljj_jjWclosest	>	156.667
[CutInfo::PrintCutInfo] secondLepton_Pt	>	20
CF	0 +- 0
Fake	0.206317 +- 0.15121
Prompt	1.48579 +- 0.732713
=> total bkg = 1.6921
Signal	Yield	Efficiency	Efficiency@Presel	Punzi
HNMuMu_200	1.92407	0.0148667	8.69202e-05	1.2824e-05
=====================================================================


!!!!!!!!!!!!!!!!!
!!!! UPDATED !!!!
!!!!!!!!!!!!!!!!!

[CutInfo::PrintCutInfo] leadingLepton_Pt	>	100
[CutInfo::PrintCutInfo] m_SubLeadljj_jjWclosest	<	240
[CutInfo::PrintCutInfo] m_SubLeadljj_jjWclosest	>	156.667
[CutInfo::PrintCutInfo] secondLepton_Pt	>	20
CF	0 +- 0
Fake	0.206515 +- 0.151234
Prompt	1.35873 +- 0.717405
=> total bkg = 1.56524
Signal	Yield	Efficiency	Efficiency@Presel	Punzi
HNMuMu_200	1.90865	0.0147	8.62238e-05	1.29835e-05
=====================================================================


!!!!!!!!!!!!!!!!!
!!!! UPDATED !!!!
!!!!!!!!!!!!!!!!!

[CutInfo::PrintCutInfo] leadingLepton_Pt	>	100
[CutInfo::PrintCutInfo] m_SubLeadljj_jjWclosest	<	240
[CutInfo::PrintCutInfo] m_SubLeadljj_jjWclosest	>	160
[CutInfo::PrintCutInfo] secondLepton_Pt	>	20
CF	0 +- 0
Fake	0.152702 +- 0.133522
Prompt	1.35082 +- 0.715763
=> total bkg = 1.50352
Signal	Yield	Efficiency	Efficiency@Presel	Punzi
HNMuMu_200	1.90496	0.0146833	8.6057e-05	1.30867e-05
=====================================================================

####################################################
TIME STAMP : [2018/1/16 21:8:20] 3000 / 3721 (80.6235 %)
####################################################
[CutInfo::PrintCutInfo] leadingLepton_Pt	>	100
[CutInfo::PrintCutInfo] m_SubLeadljj_jjWclosest	<	240
[CutInfo::PrintCutInfo] m_SubLeadljj_jjWclosest	>	160
[CutInfo::PrintCutInfo] secondLepton_Pt	>	20
####################################################
TIME STAMP : [2018/1/16 21:8:29] 3100 / 3721 (83.3109 %)
####################################################
[CutInfo::PrintCutInfo] leadingLepton_Pt	>	100
[CutInfo::PrintCutInfo] m_SubLeadljj_jjWclosest	<	240
[CutInfo::PrintCutInfo] m_SubLeadljj_jjWclosest	>	160
[CutInfo::PrintCutInfo] secondLepton_Pt	>	20

!!!!!!!!!!!!!!!!!
!!!! UPDATED !!!!
!!!!!!!!!!!!!!!!!

[CutInfo::PrintCutInfo] leadingLepton_Pt	>	100
[CutInfo::PrintCutInfo] m_SubLeadljj_jjWclosest	<	250
[CutInfo::PrintCutInfo] m_SubLeadljj_jjWclosest	>	166.667
[CutInfo::PrintCutInfo] secondLepton_Pt	>	20
CF	0 +- 0
Fake	0.0513429 +- 0.069814
Prompt	1.38654 +- 0.722152
=> total bkg = 1.43788
Signal	Yield	Efficiency	Efficiency@Presel	Punzi
HNMuMu_200	1.90481	0.01475	8.60505e-05	1.32195e-05
=====================================================================


!!!!!!!!!!!!!!!!!
!!!! UPDATED !!!!
!!!!!!!!!!!!!!!!!

[CutInfo::PrintCutInfo] leadingLepton_Pt	>	100
[CutInfo::PrintCutInfo] m_SubLeadljj_jjWclosest	<	245
[CutInfo::PrintCutInfo] m_SubLeadljj_jjWclosest	>	166.667
[CutInfo::PrintCutInfo] secondLepton_Pt	>	20
CF	0 +- 0
Fake	0.047727 +- 0.069476
Prompt	1.36455 +- 0.717423
=> total bkg = 1.41228
Signal	Yield	Efficiency	Efficiency@Presel	Punzi
HNMuMu_200	1.90153	0.0147167	8.59022e-05	1.32609e-05
=====================================================================


!!!!!!!!!!!!!!!!!
!!!! UPDATED !!!!
!!!!!!!!!!!!!!!!!

[CutInfo::PrintCutInfo] leadingLepton_Pt	>	100
[CutInfo::PrintCutInfo] m_SubLeadljj_jjWclosest	<	240
[CutInfo::PrintCutInfo] m_SubLeadljj_jjWclosest	>	166.667
[CutInfo::PrintCutInfo] secondLepton_Pt	>	20
CF	0 +- 0
Fake	0.0479252 +- 0.0694881
Prompt	1.23749 +- 0.702422
=> total bkg = 1.28542
Signal	Yield	Efficiency	Efficiency@Presel	Punzi
HNMuMu_200	1.88612	0.01455	8.52058e-05	1.34596e-05
=====================================================================


!!!!!!!!!!!!!!!!!
!!!! UPDATED !!!!
!!!!!!!!!!!!!!!!!

[CutInfo::PrintCutInfo] leadingLepton_Pt	>	100
[CutInfo::PrintCutInfo] m_SubLeadljj_jjWclosest	<	240
[CutInfo::PrintCutInfo] m_SubLeadljj_jjWclosest	>	170
[CutInfo::PrintCutInfo] secondLepton_Pt	>	20
CF	0 +- 0
Fake	0.048643 +- 0.069532
Prompt	1.23504 +- 0.701939
=> total bkg = 1.28369
Signal	Yield	Efficiency	Efficiency@Presel	Punzi
HNMuMu_200	1.88612	0.01455	8.52058e-05	1.34648e-05
=====================================================================

####################################################
TIME STAMP : [2018/1/16 21:8:38] 3200 / 3721 (85.9984 %)
####################################################
[CutInfo::PrintCutInfo] leadingLepton_Pt	>	100
[CutInfo::PrintCutInfo] m_SubLeadljj_jjWclosest	<	240
[CutInfo::PrintCutInfo] m_SubLeadljj_jjWclosest	>	170
[CutInfo::PrintCutInfo] secondLepton_Pt	>	20

!!!!!!!!!!!!!!!!!
!!!! UPDATED !!!!
!!!!!!!!!!!!!!!!!

[CutInfo::PrintCutInfo] leadingLepton_Pt	>	100
[CutInfo::PrintCutInfo] m_SubLeadljj_jjWclosest	<	240
[CutInfo::PrintCutInfo] m_SubLeadljj_jjWclosest	>	173.333
[CutInfo::PrintCutInfo] secondLepton_Pt	>	20
CF	0 +- 0
Fake	0.049014 +- 0.0695549
Prompt	1.22887 +- 0.700711
=> total bkg = 1.27789
Signal	Yield	Efficiency	Efficiency@Presel	Punzi
HNMuMu_200	1.88454	0.0145333	8.51346e-05	1.34698e-05
=====================================================================


!!!!!!!!!!!!!!!!!
!!!! UPDATED !!!!
!!!!!!!!!!!!!!!!!

[CutInfo::PrintCutInfo] leadingLepton_Pt	>	100
[CutInfo::PrintCutInfo] m_SubLeadljj_jjWclosest	<	240
[CutInfo::PrintCutInfo] m_SubLeadljj_jjWclosest	>	176.667
[CutInfo::PrintCutInfo] secondLepton_Pt	>	20
CF	0 +- 0
Fake	0.0493035 +- 0.0695731
Prompt	1.17755 +- 0.689724
=> total bkg = 1.22685
Signal	Yield	Efficiency	Efficiency@Presel	Punzi
HNMuMu_200	1.88454	0.0145333	8.51346e-05	1.36165e-05
=====================================================================

####################################################
TIME STAMP : [2018/1/16 21:8:47] 3300 / 3721 (88.6858 %)
####################################################
[CutInfo::PrintCutInfo] leadingLepton_Pt	>	100
[CutInfo::PrintCutInfo] m_SubLeadljj_jjWclosest	<	240
[CutInfo::PrintCutInfo] m_SubLeadljj_jjWclosest	>	176.667
[CutInfo::PrintCutInfo] secondLepton_Pt	>	20

!!!!!!!!!!!!!!!!!
!!!! UPDATED !!!!
!!!!!!!!!!!!!!!!!

[CutInfo::PrintCutInfo] leadingLepton_Pt	>	100
[CutInfo::PrintCutInfo] m_SubLeadljj_jjWclosest	<	335
[CutInfo::PrintCutInfo] m_SubLeadljj_jjWclosest	>	180
[CutInfo::PrintCutInfo] secondLepton_Pt	>	20
CF	0 +- 0
Fake	0.159114 +- 0.124324
Prompt	1.63684 +- 0.601657
=> total bkg = 1.79595
Signal	Yield	Efficiency	Efficiency@Presel	Punzi
HNMuMu_200	2.02217	0.0156667	9.13521e-05	1.36214e-05
=====================================================================


!!!!!!!!!!!!!!!!!
!!!! UPDATED !!!!
!!!!!!!!!!!!!!!!!

[CutInfo::PrintCutInfo] leadingLepton_Pt	>	100
[CutInfo::PrintCutInfo] m_SubLeadljj_jjWclosest	<	320
[CutInfo::PrintCutInfo] m_SubLeadljj_jjWclosest	>	180
[CutInfo::PrintCutInfo] secondLepton_Pt	>	20
CF	0 +- 0
Fake	0.160008 +- 0.124426
Prompt	1.45932 +- 0.546673
=> total bkg = 1.61933
Signal	Yield	Efficiency	Efficiency@Presel	Punzi
HNMuMu_200	2.00071	0.0155	9.03825e-05	1.39487e-05
=====================================================================


!!!!!!!!!!!!!!!!!
!!!! UPDATED !!!!
!!!!!!!!!!!!!!!!!

[CutInfo::PrintCutInfo] leadingLepton_Pt	>	100
[CutInfo::PrintCutInfo] m_SubLeadljj_jjWclosest	<	315
[CutInfo::PrintCutInfo] m_SubLeadljj_jjWclosest	>	180
[CutInfo::PrintCutInfo] secondLepton_Pt	>	20
CF	0 +- 0
Fake	0.160554 +- 0.124489
Prompt	1.43827 +- 0.537255
=> total bkg = 1.59882
Signal	Yield	Efficiency	Efficiency@Presel	Punzi
HNMuMu_200	1.99309	0.01545	9.00385e-05	1.39603e-05
=====================================================================


!!!!!!!!!!!!!!!!!
!!!! UPDATED !!!!
!!!!!!!!!!!!!!!!!

[CutInfo::PrintCutInfo] leadingLepton_Pt	>	100
[CutInfo::PrintCutInfo] m_SubLeadljj_jjWclosest	<	305
[CutInfo::PrintCutInfo] m_SubLeadljj_jjWclosest	>	180
[CutInfo::PrintCutInfo] secondLepton_Pt	>	20
CF	0 +- 0
Fake	0.160734 +- 0.124499
Prompt	1.39409 +- 0.521144
=> total bkg = 1.55483
Signal	Yield	Efficiency	Efficiency@Presel	Punzi
HNMuMu_200	1.97846	0.01535	8.93777e-05	1.3989e-05
=====================================================================


!!!!!!!!!!!!!!!!!
!!!! UPDATED !!!!
!!!!!!!!!!!!!!!!!

[CutInfo::PrintCutInfo] leadingLepton_Pt	>	100
[CutInfo::PrintCutInfo] m_SubLeadljj_jjWclosest	<	300
[CutInfo::PrintCutInfo] m_SubLeadljj_jjWclosest	>	180
[CutInfo::PrintCutInfo] secondLepton_Pt	>	20
CF	0 +- 0
Fake	0.163532 +- 0.124799
Prompt	1.27175 +- 0.49352
=> total bkg = 1.43528
Signal	Yield	Efficiency	Efficiency@Presel	Punzi
HNMuMu_200	1.96837	0.0152833	8.89218e-05	1.42531e-05
=====================================================================


!!!!!!!!!!!!!!!!!
!!!! UPDATED !!!!
!!!!!!!!!!!!!!!!!

[CutInfo::PrintCutInfo] leadingLepton_Pt	>	100
[CutInfo::PrintCutInfo] m_SubLeadljj_jjWclosest	<	295
[CutInfo::PrintCutInfo] m_SubLeadljj_jjWclosest	>	180
[CutInfo::PrintCutInfo] secondLepton_Pt	>	20
CF	0 +- 0
Fake	0.16366 +- 0.124814
Prompt	1.21166 +- 0.465598
=> total bkg = 1.37532
Signal	Yield	Efficiency	Efficiency@Presel	Punzi
HNMuMu_200	1.95529	0.01515	8.83306e-05	1.4369e-05
=====================================================================


!!!!!!!!!!!!!!!!!
!!!! UPDATED !!!!
!!!!!!!!!!!!!!!!!

[CutInfo::PrintCutInfo] leadingLepton_Pt	>	100
[CutInfo::PrintCutInfo] m_SubLeadljj_jjWclosest	<	290
[CutInfo::PrintCutInfo] m_SubLeadljj_jjWclosest	>	180
[CutInfo::PrintCutInfo] secondLepton_Pt	>	20
CF	0 +- 0
Fake	0.164105 +- 0.124866
Prompt	1.1296 +- 0.427579
=> total bkg = 1.29371
Signal	Yield	Efficiency	Efficiency@Presel	Punzi
HNMuMu_200	1.95126	0.0151333	8.81489e-05	1.46391e-05
=====================================================================


!!!!!!!!!!!!!!!!!
!!!! UPDATED !!!!
!!!!!!!!!!!!!!!!!

[CutInfo::PrintCutInfo] leadingLepton_Pt	>	100
[CutInfo::PrintCutInfo] m_SubLeadljj_jjWclosest	<	280
[CutInfo::PrintCutInfo] m_SubLeadljj_jjWclosest	>	180
[CutInfo::PrintCutInfo] secondLepton_Pt	>	20
CF	0 +- 0
Fake	0.171335 +- 0.125575
Prompt	0.967992 +- 0.381078
=> total bkg = 1.13933
Signal	Yield	Efficiency	Efficiency@Presel	Punzi
HNMuMu_200	1.91686	0.0149333	8.65948e-05	1.49266e-05
=====================================================================


!!!!!!!!!!!!!!!!!
!!!! UPDATED !!!!
!!!!!!!!!!!!!!!!!

[CutInfo::PrintCutInfo] leadingLepton_Pt	>	100
[CutInfo::PrintCutInfo] m_SubLeadljj_jjWclosest	<	275
[CutInfo::PrintCutInfo] m_SubLeadljj_jjWclosest	>	180
[CutInfo::PrintCutInfo] secondLepton_Pt	>	20
CF	0 +- 0
Fake	0.108276 +- 0.100624
Prompt	0.950454 +- 0.373506
=> total bkg = 1.05873
Signal	Yield	Efficiency	Efficiency@Presel	Punzi
HNMuMu_200	1.91716	0.0148667	8.66082e-05	1.52209e-05
=====================================================================


!!!!!!!!!!!!!!!!!
!!!! UPDATED !!!!
!!!!!!!!!!!!!!!!!

[CutInfo::PrintCutInfo] leadingLepton_Pt	>	100
[CutInfo::PrintCutInfo] m_SubLeadljj_jjWclosest	<	265
[CutInfo::PrintCutInfo] m_SubLeadljj_jjWclosest	>	180
[CutInfo::PrintCutInfo] secondLepton_Pt	>	20
CF	0 +- 0
Fake	0.0199484 +- 0.0726393
Prompt	0.93109 +- 0.362968
=> total bkg = 0.951038
Signal	Yield	Efficiency	Efficiency@Presel	Punzi
HNMuMu_200	1.89486	0.0147333	8.56007e-05	1.54574e-05
=====================================================================


!!!!!!!!!!!!!!!!!
!!!! UPDATED !!!!
!!!!!!!!!!!!!!!!!

[CutInfo::PrintCutInfo] leadingLepton_Pt	>	100
[CutInfo::PrintCutInfo] m_SubLeadljj_jjWclosest	<	260
[CutInfo::PrintCutInfo] m_SubLeadljj_jjWclosest	>	180
[CutInfo::PrintCutInfo] secondLepton_Pt	>	20
CF	0 +- 0
Fake	0.0452231 +- 0.0697696
Prompt	0.859116 +- 0.331456
=> total bkg = 0.904339
Signal	Yield	Efficiency	Efficiency@Presel	Punzi
HNMuMu_200	1.89461	0.0147167	8.55897e-05	1.57139e-05
=====================================================================


!!!!!!!!!!!!!!!!!
!!!! UPDATED !!!!
!!!!!!!!!!!!!!!!!

[CutInfo::PrintCutInfo] leadingLepton_Pt	>	100
[CutInfo::PrintCutInfo] m_SubLeadljj_jjWclosest	<	255
[CutInfo::PrintCutInfo] m_SubLeadljj_jjWclosest	>	180
[CutInfo::PrintCutInfo] secondLepton_Pt	>	20
CF	0 +- 0
Fake	0.052551 +- 0.0698935
Prompt	0.798129 +- 0.308505
=> total bkg = 0.85068
Signal	Yield	Efficiency	Efficiency@Presel	Punzi
HNMuMu_200	1.88513	0.0146333	8.51611e-05	1.59078e-05
=====================================================================


!!!!!!!!!!!!!!!!!
!!!! UPDATED !!!!
!!!!!!!!!!!!!!!!!

[CutInfo::PrintCutInfo] leadingLepton_Pt	>	100
[CutInfo::PrintCutInfo] m_SubLeadljj_jjWclosest	<	250
[CutInfo::PrintCutInfo] m_SubLeadljj_jjWclosest	>	180
[CutInfo::PrintCutInfo] secondLepton_Pt	>	20
CF	0 +- 0
Fake	0.0531245 +- 0.0699316
Prompt	0.678377 +- 0.276018
=> total bkg = 0.731502
Signal	Yield	Efficiency	Efficiency@Presel	Punzi
HNMuMu_200	1.88187	0.0146	8.50142e-05	1.64952e-05
=====================================================================


!!!!!!!!!!!!!!!!!
!!!! UPDATED !!!!
!!!!!!!!!!!!!!!!!

[CutInfo::PrintCutInfo] leadingLepton_Pt	>	100
[CutInfo::PrintCutInfo] m_SubLeadljj_jjWclosest	<	245
[CutInfo::PrintCutInfo] m_SubLeadljj_jjWclosest	>	180
[CutInfo::PrintCutInfo] secondLepton_Pt	>	20
CF	0 +- 0
Fake	0.0495086 +- 0.0695858
Prompt	0.656387 +- 0.267058
=> total bkg = 0.705895
Signal	Yield	Efficiency	Efficiency@Presel	Punzi
HNMuMu_200	1.87859	0.0145667	8.48659e-05	1.66158e-05
=====================================================================


!!!!!!!!!!!!!!!!!
!!!! UPDATED !!!!
!!!!!!!!!!!!!!!!!

[CutInfo::PrintCutInfo] leadingLepton_Pt	>	100
[CutInfo::PrintCutInfo] m_SubLeadljj_jjWclosest	<	240
[CutInfo::PrintCutInfo] m_SubLeadljj_jjWclosest	>	180
[CutInfo::PrintCutInfo] secondLepton_Pt	>	20
CF	0 +- 0
Fake	0.0497068 +- 0.0695984
Prompt	0.52933 +- 0.232488
=> total bkg = 0.579036
Signal	Yield	Efficiency	Efficiency@Presel	Punzi
HNMuMu_200	1.86318	0.0144	8.41695e-05	1.7264e-05
=====================================================================

####################################################
TIME STAMP : [2018/1/16 21:8:56] 3400 / 3721 (91.3733 %)
####################################################
[CutInfo::PrintCutInfo] leadingLepton_Pt	>	100
[CutInfo::PrintCutInfo] m_SubLeadljj_jjWclosest	<	240
[CutInfo::PrintCutInfo] m_SubLeadljj_jjWclosest	>	180
[CutInfo::PrintCutInfo] secondLepton_Pt	>	20

!!!!!!!!!!!!!!!!!
!!!! UPDATED !!!!
!!!!!!!!!!!!!!!!!

[CutInfo::PrintCutInfo] leadingLepton_Pt	>	100
[CutInfo::PrintCutInfo] m_SubLeadljj_jjWclosest	<	240
[CutInfo::PrintCutInfo] m_SubLeadljj_jjWclosest	>	183.333
[CutInfo::PrintCutInfo] secondLepton_Pt	>	20
CF	0 +- 0
Fake	0 +- 0
Prompt	0.521738 +- 0.230016
=> total bkg = 0.521738
Signal	Yield	Efficiency	Efficiency@Presel	Punzi
HNMuMu_200	1.85197	0.0143333	8.36633e-05	1.7557e-05
=====================================================================


!!!!!!!!!!!!!!!!!
!!!! UPDATED !!!!
!!!!!!!!!!!!!!!!!

[CutInfo::PrintCutInfo] leadingLepton_Pt	>	100
[CutInfo::PrintCutInfo] m_SubLeadljj_jjWclosest	<	240
[CutInfo::PrintCutInfo] m_SubLeadljj_jjWclosest	>	186.667
[CutInfo::PrintCutInfo] secondLepton_Pt	>	20
CF	0 +- 0
Fake	0 +- 0
Prompt	0.411045 +- 0.199062
=> total bkg = 0.411045
Signal	Yield	Efficiency	Efficiency@Presel	Punzi
HNMuMu_200	1.82677	0.0141667	8.2525e-05	1.82169e-05
=====================================================================

####################################################
TIME STAMP : [2018/1/16 21:9:5] 3500 / 3721 (94.0607 %)
####################################################
[CutInfo::PrintCutInfo] leadingLepton_Pt	>	100
[CutInfo::PrintCutInfo] m_SubLeadljj_jjWclosest	<	240
[CutInfo::PrintCutInfo] m_SubLeadljj_jjWclosest	>	186.667
[CutInfo::PrintCutInfo] secondLepton_Pt	>	20

!!!!!!!!!!!!!!!!!
!!!! UPDATED !!!!
!!!!!!!!!!!!!!!!!

[CutInfo::PrintCutInfo] leadingLepton_Pt	>	100
[CutInfo::PrintCutInfo] m_SubLeadljj_jjWclosest	<	240
[CutInfo::PrintCutInfo] m_SubLeadljj_jjWclosest	>	190
[CutInfo::PrintCutInfo] secondLepton_Pt	>	20
CF	0 +- 0
Fake	0 +- 0
Prompt	0.345685 +- 0.166198
=> total bkg = 0.345685
Signal	Yield	Efficiency	Efficiency@Presel	Punzi
HNMuMu_200	1.77811	0.0138	8.03265e-05	1.83956e-05
=====================================================================


!!!!!!!!!!!!!!!!!
!!!! UPDATED !!!!
!!!!!!!!!!!!!!!!!

[CutInfo::PrintCutInfo] leadingLepton_Pt	>	100
[CutInfo::PrintCutInfo] m_SubLeadljj_jjWclosest	<	240
[CutInfo::PrintCutInfo] m_SubLeadljj_jjWclosest	>	193.333
[CutInfo::PrintCutInfo] secondLepton_Pt	>	20
CF	0 +- 0
Fake	0 +- 0
Prompt	0.245957 +- 0.129282
=> total bkg = 0.245957
Signal	Yield	Efficiency	Efficiency@Presel	Punzi
HNMuMu_200	1.733	0.0134667	7.82889e-05	1.90963e-05
=====================================================================


!!!!!!!!!!!!!!!!!
!!!! UPDATED !!!!
!!!!!!!!!!!!!!!!!

[CutInfo::PrintCutInfo] leadingLepton_Pt	>	100
[CutInfo::PrintCutInfo] m_SubLeadljj_jjWclosest	<	235
[CutInfo::PrintCutInfo] m_SubLeadljj_jjWclosest	>	193.333
[CutInfo::PrintCutInfo] secondLepton_Pt	>	20
CF	0 +- 0
Fake	0 +- 0
Prompt	0.225297 +- 0.11942
=> total bkg = 0.225297
Signal	Yield	Efficiency	Efficiency@Presel	Punzi
HNMuMu_200	1.71007	0.0132	7.72529e-05	1.91354e-05
=====================================================================

####################################################
TIME STAMP : [2018/1/16 21:9:13] 3600 / 3721 (96.7482 %)
####################################################
[CutInfo::PrintCutInfo] leadingLepton_Pt	>	100
[CutInfo::PrintCutInfo] m_SubLeadljj_jjWclosest	<	235
[CutInfo::PrintCutInfo] m_SubLeadljj_jjWclosest	>	193.333
[CutInfo::PrintCutInfo] secondLepton_Pt	>	20
####################################################
TIME STAMP : [2018/1/16 21:9:22] 3700 / 3721 (99.4356 %)
####################################################
[CutInfo::PrintCutInfo] leadingLepton_Pt	>	100
[CutInfo::PrintCutInfo] m_SubLeadljj_jjWclosest	<	235
[CutInfo::PrintCutInfo] m_SubLeadljj_jjWclosest	>	193.333
[CutInfo::PrintCutInfo] secondLepton_Pt	>	20

##################
#### FINISHED ####
##################

[CutInfo::PrintCutInfo] leadingLepton_Pt	>	100
[CutInfo::PrintCutInfo] m_SubLeadljj_jjWclosest	<	235
[CutInfo::PrintCutInfo] m_SubLeadljj_jjWclosest	>	193.333
[CutInfo::PrintCutInfo] secondLepton_Pt	>	20
CF	0 +- 0
Fake	0 +- 0
Prompt	0.225297 +- 0.11942
=> total bkg = 0.225297
Signal	Yield	Efficiency	Efficiency@Presel	Punzi
HNMuMu_200	1.71007	0.0132	7.72529e-05	1.91354e-05
