
Processing HNMuMu_200.C...
[AnalysisInputs::SetMCSF] Get MC SF from /home/jskim/Documents/trilepton_13TeV/DiLepton/data/v8-0-7.31/MCSF.txt
[AnalysisInputs::SetMCSF] sample : VVV
[AnalysisInputs::SetMCSF] => MCSF = 1, MCSF_err = 0.5
[AnalysisInputs::SetMCSF] sample : WWW
[AnalysisInputs::SetMCSF] => MCSF = 1, MCSF_err = 0.5
[AnalysisInputs::SetMCSF] sample : WWZ
[AnalysisInputs::SetMCSF] => MCSF = 1, MCSF_err = 0.5
[AnalysisInputs::SetMCSF] sample : WZZ
[AnalysisInputs::SetMCSF] => MCSF = 1, MCSF_err = 0.5
[AnalysisInputs::SetMCSF] sample : ZZZ
[AnalysisInputs::SetMCSF] => MCSF = 1, MCSF_err = 0.5
[AnalysisInputs::SetMCSF] sample : ttV
[AnalysisInputs::SetMCSF] => MCSF = 1, MCSF_err = 0.5
[AnalysisInputs::SetMCSF] sample : ttW
[AnalysisInputs::SetMCSF] => MCSF = 1, MCSF_err = 0.5
[AnalysisInputs::SetMCSF] sample : ttZ
[AnalysisInputs::SetMCSF] => MCSF = 1, MCSF_err = 0.5
[AnalysisInputs::SetMCSF] sample : ttH_nonbb
[AnalysisInputs::SetMCSF] => MCSF = 1, MCSF_err = 0.5
[AnalysisInputs::SetMCSF] sample : top
[AnalysisInputs::SetMCSF] => MCSF = 1, MCSF_err = 0.5
[AnalysisInputs::SetMCSF] sample : WZTo3LNu_powheg
[AnalysisInputs::SetMCSF] => MCSF = 0.976142, MCSF_err = 0.0636323
[AnalysisInputs::SetMCSF] sample : ZGto2LG
[AnalysisInputs::SetMCSF] => MCSF = 0.825569, MCSF_err = 0.161879
[AnalysisInputs::SetMCSF] sample : ZZTo4L_powheg
[AnalysisInputs::SetMCSF] => MCSF = 0.922493, MCSF_err = 0.0870635
[AnalysisInputs::SetMCSF] sample : ggZZto2e2mu
[AnalysisInputs::SetMCSF] => MCSF = 0.922493, MCSF_err = 0.0870635
[AnalysisInputs::SetMCSF] sample : ggZZto2e2nu
[AnalysisInputs::SetMCSF] => MCSF = 0.922493, MCSF_err = 0.0870635
[AnalysisInputs::SetMCSF] sample : ggZZto2e2tau
[AnalysisInputs::SetMCSF] => MCSF = 0.922493, MCSF_err = 0.0870635
[AnalysisInputs::SetMCSF] sample : ggZZto2mu2nu
[AnalysisInputs::SetMCSF] => MCSF = 0.922493, MCSF_err = 0.0870635
[AnalysisInputs::SetMCSF] sample : ggZZto2mu2tau
[AnalysisInputs::SetMCSF] => MCSF = 0.922493, MCSF_err = 0.0870635
[AnalysisInputs::SetMCSF] sample : ggZZto4e
[AnalysisInputs::SetMCSF] => MCSF = 0.922493, MCSF_err = 0.0870635
[AnalysisInputs::SetMCSF] sample : ggZZto4mu
[AnalysisInputs::SetMCSF] => MCSF = 0.922493, MCSF_err = 0.0870635
[AnalysisInputs::SetMCSF] sample : ggZZto4tau
[AnalysisInputs::SetMCSF] => MCSF = 0.922493, MCSF_err = 0.0870635
[AnalysisInputs::SetCalculatedSysts] Get Systematics from /home/jskim/Documents/trilepton_13TeV/DiLepton/data/v8-0-7.31/Syst.txt
[AnalysisInputs::SetCalculatedSysts] source : Luminosity
[AnalysisInputs::SetCalculatedSysts] => % sysematic = 0.025
[AnalysisInputs::SetCalculatedSysts] source : FakeLooseID
[AnalysisInputs::SetCalculatedSysts] => % sysematic = 0.3
[AnalysisInputs::SetCalculatedSysts] source : ChrageFlipSyst
[AnalysisInputs::SetCalculatedSysts] => % sysematic = 0.21
[CutRangeInfo::ReadCutCard] Get Cutcard from /home/jskim/Documents/trilepton_13TeV/DiLepton/data/v8-0-7.31/CutOpCard/PARTIALLY_OPTIMIZED_171016_HighMass_mjj_scan/HNMuMu_200.txt
Central	3.08377	1.4658	0
_MuonEn_up	3.19186	1.4658	0
_MuonEn_down	2.96707	1.4658	0
_MuonIDSF_up	3.11141	1.4658	0
_MuonIDSF_down	3.05981	1.4658	0
_ElectronEn_up	3.10519	1.4658	0
_ElectronEn_down	3.08745	1.4658	0
_ElectronIDSF_up	3.09866	1.4658	0
_ElectronIDSF_down	3.12372	1.4658	0
_TriggerSF_up	3.07586	1.4658	0
_TriggerSF_down	3.0974	1.4658	0
_PU_up	3.09778	1.4658	0
_PU_down	3.09169	1.4658	0
_JetEn_up	4.86159	1.4658	0
_JetEn_down	3.01373	1.4658	0
_JetRes_up	3.25814	1.4658	0
_JetRes_down	4.17293	1.4658	0
_Unclustered_up	2.94095	1.4658	0
_Unclustered_down	2.90229	1.4658	0
_BTagSFEff_up	3.06583	1.4658	0
_BTagSFEff_down	3.1134	1.4658	0
_BTagSFMiss_up	3.11331	1.4658	0
_BTagSFMiss_down	3.12371	1.4658	0

################ Sources ################
Source	SystTotal	SystPrompt	SystFake	Signal
Lumi	1.69	2.50	0.00	2.50
PDF	0.00	0.00	0.00	3.00
Muon Energy Scale	2.47	3.65	0.00	2.61
Muon ID	0.57	0.84	0.00	0.18
Electron Energy Scale	0.34	0.50	0.00	0.13
Electron ID	0.66	0.98	0.00	0.11
Trigger SF	0.24	0.36	0.00	0.20
PU	0.25	0.37	0.00	0.09
Jet Energy Scale	27.65	40.80	0.00	2.24
Jet Energy Resolution	17.14	25.29	0.00	2.40
Unclustered Energy	3.59	5.30	0.00	2.29
B-tagging Eff	0.54	0.79	0.00	0.31
B-taggin Miss	0.77	1.14	0.00	0.64
MCNorm	12.43	18.33	0.00	0.00
Fake	9.67	0.00	30.00	0.00
Total Systematic	36.47	51.88	30.00	6.22

Total Background	4.55
- Prompt	3.08
- Fake	1.47
- CF	0.00

####### Result #######
4.55 1.383
12.630 1.064
