
Processing HNMuMu_100.C...
[AnalysisInputs::SetMCSF] Get MC SF from /home/jskim/Documents/trilepton_13TeV/DiLepton/data/v8-0-7.31/MCSF.txt
[AnalysisInputs::SetMCSF] sample : VVV
[AnalysisInputs::SetMCSF] => MCSF = 1, MCSF_err = 0.5
[AnalysisInputs::SetMCSF] sample : WWW
[AnalysisInputs::SetMCSF] => MCSF = 1, MCSF_err = 0.5
[AnalysisInputs::SetMCSF] sample : WWZ
[AnalysisInputs::SetMCSF] => MCSF = 1, MCSF_err = 0.5
[AnalysisInputs::SetMCSF] sample : WZZ
[AnalysisInputs::SetMCSF] => MCSF = 1, MCSF_err = 0.5
[AnalysisInputs::SetMCSF] sample : ZZZ
[AnalysisInputs::SetMCSF] => MCSF = 1, MCSF_err = 0.5
[AnalysisInputs::SetMCSF] sample : ttV
[AnalysisInputs::SetMCSF] => MCSF = 1, MCSF_err = 0.5
[AnalysisInputs::SetMCSF] sample : ttW
[AnalysisInputs::SetMCSF] => MCSF = 1, MCSF_err = 0.5
[AnalysisInputs::SetMCSF] sample : ttZ
[AnalysisInputs::SetMCSF] => MCSF = 1, MCSF_err = 0.5
[AnalysisInputs::SetMCSF] sample : ttH_nonbb
[AnalysisInputs::SetMCSF] => MCSF = 1, MCSF_err = 0.5
[AnalysisInputs::SetMCSF] sample : top
[AnalysisInputs::SetMCSF] => MCSF = 1, MCSF_err = 0.5
[AnalysisInputs::SetMCSF] sample : WZTo3LNu_powheg
[AnalysisInputs::SetMCSF] => MCSF = 0.976142, MCSF_err = 0.0636323
[AnalysisInputs::SetMCSF] sample : ZGto2LG
[AnalysisInputs::SetMCSF] => MCSF = 0.825569, MCSF_err = 0.161879
[AnalysisInputs::SetMCSF] sample : ZZTo4L_powheg
[AnalysisInputs::SetMCSF] => MCSF = 0.922493, MCSF_err = 0.0870635
[AnalysisInputs::SetMCSF] sample : ggZZto2e2mu
[AnalysisInputs::SetMCSF] => MCSF = 0.922493, MCSF_err = 0.0870635
[AnalysisInputs::SetMCSF] sample : ggZZto2e2nu
[AnalysisInputs::SetMCSF] => MCSF = 0.922493, MCSF_err = 0.0870635
[AnalysisInputs::SetMCSF] sample : ggZZto2e2tau
[AnalysisInputs::SetMCSF] => MCSF = 0.922493, MCSF_err = 0.0870635
[AnalysisInputs::SetMCSF] sample : ggZZto2mu2nu
[AnalysisInputs::SetMCSF] => MCSF = 0.922493, MCSF_err = 0.0870635
[AnalysisInputs::SetMCSF] sample : ggZZto2mu2tau
[AnalysisInputs::SetMCSF] => MCSF = 0.922493, MCSF_err = 0.0870635
[AnalysisInputs::SetMCSF] sample : ggZZto4e
[AnalysisInputs::SetMCSF] => MCSF = 0.922493, MCSF_err = 0.0870635
[AnalysisInputs::SetMCSF] sample : ggZZto4mu
[AnalysisInputs::SetMCSF] => MCSF = 0.922493, MCSF_err = 0.0870635
[AnalysisInputs::SetMCSF] sample : ggZZto4tau
[AnalysisInputs::SetMCSF] => MCSF = 0.922493, MCSF_err = 0.0870635
[AnalysisInputs::SetCalculatedSysts] Get Systematics from /home/jskim/Documents/trilepton_13TeV/DiLepton/data/v8-0-7.31/Syst.txt
[AnalysisInputs::SetCalculatedSysts] source : Luminosity
[AnalysisInputs::SetCalculatedSysts] => % sysematic = 0.025
[AnalysisInputs::SetCalculatedSysts] source : FakeLooseID
[AnalysisInputs::SetCalculatedSysts] => % sysematic = 0.3
[AnalysisInputs::SetCalculatedSysts] source : ChrageFlipSyst
[AnalysisInputs::SetCalculatedSysts] => % sysematic = 0.21
[CutRangeInfo::ReadCutCard] Get Cutcard from /home/jskim/Documents/trilepton_13TeV/DiLepton/data/v8-0-7.31/CutOpCard/PARTIALLY_OPTIMIZED_171016_HighMass_mjj_scan/HNMuMu_100.txt
Central	6.60624	10.318	0
_MuonEn_up	6.5862	10.318	0
_MuonEn_down	6.78422	10.318	0
_MuonIDSF_up	6.5875	10.318	0
_MuonIDSF_down	6.5535	10.318	0
_ElectronEn_up	6.57375	10.318	0
_ElectronEn_down	6.56884	10.318	0
_ElectronIDSF_up	6.59421	10.318	0
_ElectronIDSF_down	6.51719	10.318	0
_TriggerSF_up	6.59928	10.318	0
_TriggerSF_down	6.56356	10.318	0
_PU_up	6.496	10.318	0
_PU_down	6.59613	10.318	0
_JetEn_up	6.8942	10.318	0
_JetEn_down	6.23428	10.318	0
_JetRes_up	6.63536	10.318	0
_JetRes_down	7.7917	10.318	0
_Unclustered_up	6.46763	10.318	0
_Unclustered_down	6.79999	10.318	0
_BTagSFEff_up	6.44889	10.318	0
_BTagSFEff_down	6.59429	10.318	0
_BTagSFMiss_up	6.59129	10.318	0
_BTagSFMiss_down	6.58598	10.318	0

################ Sources ################
Source	SystTotal	SystPrompt	SystFake	Signal
Lumi	0.98	2.50	0.00	2.50
PDF	0.00	0.00	0.00	3.00
Muon Energy Scale	0.75	1.92	0.00	1.05
Muon ID	0.23	0.60	0.00	0.34
Electron Energy Scale	0.21	0.53	0.00	0.14
Electron ID	0.38	0.96	0.00	0.30
Trigger SF	0.18	0.46	0.00	0.48
PU	0.46	1.18	0.00	0.18
Jet Energy Scale	1.97	5.03	0.00	5.35
Jet Energy Resolution	4.95	12.69	0.00	1.84
Unclustered Energy	1.00	2.55	0.00	3.64
B-tagging Eff	0.66	1.69	0.00	0.17
B-taggin Miss	0.11	0.27	0.00	0.18
MCNorm	4.09	10.47	0.00	0.00
Fake	18.29	0.00	30.00	0.00
Total Systematic	19.57	17.85	30.00	7.89

Total Background	16.92
- Prompt	6.61
- Fake	10.32
- CF	0.00

####### Result #######
16.92 1.210
61.610 1.084
