
Processing HNMuMu_90.C...
[AnalysisInputs::SetMCSF] Get MC SF from /home/jskim/Documents/trilepton_13TeV/DiLepton/data/v8-0-7.31/MCSF.txt
[AnalysisInputs::SetMCSF] sample : VVV
[AnalysisInputs::SetMCSF] => MCSF = 1, MCSF_err = 0.5
[AnalysisInputs::SetMCSF] sample : WWW
[AnalysisInputs::SetMCSF] => MCSF = 1, MCSF_err = 0.5
[AnalysisInputs::SetMCSF] sample : WWZ
[AnalysisInputs::SetMCSF] => MCSF = 1, MCSF_err = 0.5
[AnalysisInputs::SetMCSF] sample : WZZ
[AnalysisInputs::SetMCSF] => MCSF = 1, MCSF_err = 0.5
[AnalysisInputs::SetMCSF] sample : ZZZ
[AnalysisInputs::SetMCSF] => MCSF = 1, MCSF_err = 0.5
[AnalysisInputs::SetMCSF] sample : ttV
[AnalysisInputs::SetMCSF] => MCSF = 1, MCSF_err = 0.5
[AnalysisInputs::SetMCSF] sample : ttW
[AnalysisInputs::SetMCSF] => MCSF = 1, MCSF_err = 0.5
[AnalysisInputs::SetMCSF] sample : ttZ
[AnalysisInputs::SetMCSF] => MCSF = 1, MCSF_err = 0.5
[AnalysisInputs::SetMCSF] sample : ttH_nonbb
[AnalysisInputs::SetMCSF] => MCSF = 1, MCSF_err = 0.5
[AnalysisInputs::SetMCSF] sample : top
[AnalysisInputs::SetMCSF] => MCSF = 1, MCSF_err = 0.5
[AnalysisInputs::SetMCSF] sample : WZTo3LNu_powheg
[AnalysisInputs::SetMCSF] => MCSF = 0.976142, MCSF_err = 0.0636323
[AnalysisInputs::SetMCSF] sample : ZGto2LG
[AnalysisInputs::SetMCSF] => MCSF = 0.825569, MCSF_err = 0.161879
[AnalysisInputs::SetMCSF] sample : ZZTo4L_powheg
[AnalysisInputs::SetMCSF] => MCSF = 0.922493, MCSF_err = 0.0870635
[AnalysisInputs::SetMCSF] sample : ggZZto2e2mu
[AnalysisInputs::SetMCSF] => MCSF = 0.922493, MCSF_err = 0.0870635
[AnalysisInputs::SetMCSF] sample : ggZZto2e2nu
[AnalysisInputs::SetMCSF] => MCSF = 0.922493, MCSF_err = 0.0870635
[AnalysisInputs::SetMCSF] sample : ggZZto2e2tau
[AnalysisInputs::SetMCSF] => MCSF = 0.922493, MCSF_err = 0.0870635
[AnalysisInputs::SetMCSF] sample : ggZZto2mu2nu
[AnalysisInputs::SetMCSF] => MCSF = 0.922493, MCSF_err = 0.0870635
[AnalysisInputs::SetMCSF] sample : ggZZto2mu2tau
[AnalysisInputs::SetMCSF] => MCSF = 0.922493, MCSF_err = 0.0870635
[AnalysisInputs::SetMCSF] sample : ggZZto4e
[AnalysisInputs::SetMCSF] => MCSF = 0.922493, MCSF_err = 0.0870635
[AnalysisInputs::SetMCSF] sample : ggZZto4mu
[AnalysisInputs::SetMCSF] => MCSF = 0.922493, MCSF_err = 0.0870635
[AnalysisInputs::SetMCSF] sample : ggZZto4tau
[AnalysisInputs::SetMCSF] => MCSF = 0.922493, MCSF_err = 0.0870635
[AnalysisInputs::SetCalculatedSysts] Get Systematics from /home/jskim/Documents/trilepton_13TeV/DiLepton/data/v8-0-7.31/Syst.txt
[AnalysisInputs::SetCalculatedSysts] source : Luminosity
[AnalysisInputs::SetCalculatedSysts] => % sysematic = 0.025
[AnalysisInputs::SetCalculatedSysts] source : FakeLooseID
[AnalysisInputs::SetCalculatedSysts] => % sysematic = 0.3
[AnalysisInputs::SetCalculatedSysts] source : ChrageFlipSyst
[AnalysisInputs::SetCalculatedSysts] => % sysematic = 0.21
[CutRangeInfo::ReadCutCard] Get Cutcard from /home/jskim/Documents/trilepton_13TeV/DiLepton/data/v8-0-7.31/CutOpCard/PARTIALLY_OPTIMIZED_171016_HighMass_mjj_scan/HNMuMu_90.txt
Central	3.44986	9.11974	0
_MuonEn_up	3.42134	9.11974	0
_MuonEn_down	3.44838	9.11974	0
_MuonIDSF_up	3.45912	9.11974	0
_MuonIDSF_down	3.52423	9.11974	0
_ElectronEn_up	3.53803	9.11974	0
_ElectronEn_down	3.46249	9.11974	0
_ElectronIDSF_up	3.46462	9.11974	0
_ElectronIDSF_down	3.45507	9.11974	0
_TriggerSF_up	3.47393	9.11974	0
_TriggerSF_down	3.45642	9.11974	0
_PU_up	3.36035	9.11974	0
_PU_down	3.45473	9.11974	0
_JetEn_up	4.29019	9.11974	0
_JetEn_down	3.30942	9.11974	0
_JetRes_up	3.85259	9.11974	0
_JetRes_down	3.98505	9.11974	0
_Unclustered_up	3.60736	9.11974	0
_Unclustered_down	4.04309	9.11974	0
_BTagSFEff_up	3.37405	9.11974	0
_BTagSFEff_down	3.45773	9.11974	0
_BTagSFMiss_up	3.45482	9.11974	0
_BTagSFMiss_down	3.4489	9.11974	0

################ Sources ################
Source	SystTotal	SystPrompt	SystFake	Signal
Lumi	0.69	2.50	0.00	2.50
PDF	0.00	0.00	0.00	3.00
Muon Energy Scale	0.16	0.59	0.00	0.44
Muon ID	0.42	1.54	0.00	0.79
Electron Energy Scale	0.50	1.83	0.00	0.75
Electron ID	0.09	0.32	0.00	0.11
Trigger SF	0.14	0.51	0.00	0.95
PU	0.50	1.84	0.00	1.30
Jet Energy Scale	4.79	17.46	0.00	4.80
Jet Energy Resolution	3.77	13.73	0.00	2.47
Unclustered Energy	3.45	12.58	0.00	3.56
B-tagging Eff	0.43	1.56	0.00	1.18
B-taggin Miss	0.03	0.10	0.00	1.34
MCNorm	1.82	6.64	0.00	0.00
Fake	21.77	0.00	30.00	0.00
Total Systematic	22.97	26.73	30.00	8.02

Total Background	12.57
- Prompt	3.45
- Fake	9.12
- CF	0.00

####### Result #######
12.57 1.253
39.590 1.096
