
Processing HNMuMu_1200.C...
[AnalysisInputs::SetMCSF] Get MC SF from /home/jskim/Documents/trilepton_13TeV/DiLepton/data/v8-0-7.31/MCSF.txt
[AnalysisInputs::SetMCSF] sample : VVV
[AnalysisInputs::SetMCSF] => MCSF = 1, MCSF_err = 0.5
[AnalysisInputs::SetMCSF] sample : WWW
[AnalysisInputs::SetMCSF] => MCSF = 1, MCSF_err = 0.5
[AnalysisInputs::SetMCSF] sample : WWZ
[AnalysisInputs::SetMCSF] => MCSF = 1, MCSF_err = 0.5
[AnalysisInputs::SetMCSF] sample : WZZ
[AnalysisInputs::SetMCSF] => MCSF = 1, MCSF_err = 0.5
[AnalysisInputs::SetMCSF] sample : ZZZ
[AnalysisInputs::SetMCSF] => MCSF = 1, MCSF_err = 0.5
[AnalysisInputs::SetMCSF] sample : ttV
[AnalysisInputs::SetMCSF] => MCSF = 1, MCSF_err = 0.5
[AnalysisInputs::SetMCSF] sample : ttW
[AnalysisInputs::SetMCSF] => MCSF = 1, MCSF_err = 0.5
[AnalysisInputs::SetMCSF] sample : ttZ
[AnalysisInputs::SetMCSF] => MCSF = 1, MCSF_err = 0.5
[AnalysisInputs::SetMCSF] sample : ttH_nonbb
[AnalysisInputs::SetMCSF] => MCSF = 1, MCSF_err = 0.5
[AnalysisInputs::SetMCSF] sample : top
[AnalysisInputs::SetMCSF] => MCSF = 1, MCSF_err = 0.5
[AnalysisInputs::SetMCSF] sample : WZTo3LNu_powheg
[AnalysisInputs::SetMCSF] => MCSF = 0.976142, MCSF_err = 0.0636323
[AnalysisInputs::SetMCSF] sample : ZGto2LG
[AnalysisInputs::SetMCSF] => MCSF = 0.825569, MCSF_err = 0.161879
[AnalysisInputs::SetMCSF] sample : ZZTo4L_powheg
[AnalysisInputs::SetMCSF] => MCSF = 0.922493, MCSF_err = 0.0870635
[AnalysisInputs::SetMCSF] sample : ggZZto2e2mu
[AnalysisInputs::SetMCSF] => MCSF = 0.922493, MCSF_err = 0.0870635
[AnalysisInputs::SetMCSF] sample : ggZZto2e2nu
[AnalysisInputs::SetMCSF] => MCSF = 0.922493, MCSF_err = 0.0870635
[AnalysisInputs::SetMCSF] sample : ggZZto2e2tau
[AnalysisInputs::SetMCSF] => MCSF = 0.922493, MCSF_err = 0.0870635
[AnalysisInputs::SetMCSF] sample : ggZZto2mu2nu
[AnalysisInputs::SetMCSF] => MCSF = 0.922493, MCSF_err = 0.0870635
[AnalysisInputs::SetMCSF] sample : ggZZto2mu2tau
[AnalysisInputs::SetMCSF] => MCSF = 0.922493, MCSF_err = 0.0870635
[AnalysisInputs::SetMCSF] sample : ggZZto4e
[AnalysisInputs::SetMCSF] => MCSF = 0.922493, MCSF_err = 0.0870635
[AnalysisInputs::SetMCSF] sample : ggZZto4mu
[AnalysisInputs::SetMCSF] => MCSF = 0.922493, MCSF_err = 0.0870635
[AnalysisInputs::SetMCSF] sample : ggZZto4tau
[AnalysisInputs::SetMCSF] => MCSF = 0.922493, MCSF_err = 0.0870635
[AnalysisInputs::SetCalculatedSysts] Get Systematics from /home/jskim/Documents/trilepton_13TeV/DiLepton/data/v8-0-7.31/Syst.txt
[AnalysisInputs::SetCalculatedSysts] source : Luminosity
[AnalysisInputs::SetCalculatedSysts] => % sysematic = 0.025
[AnalysisInputs::SetCalculatedSysts] source : FakeLooseID
[AnalysisInputs::SetCalculatedSysts] => % sysematic = 0.3
[AnalysisInputs::SetCalculatedSysts] source : ChrageFlipSyst
[AnalysisInputs::SetCalculatedSysts] => % sysematic = 0.21
[CutRangeInfo::ReadCutCard] Get Cutcard from /home/jskim/Documents/trilepton_13TeV/DiLepton/data/v8-0-7.31/CutOpCard/PARTIALLY_OPTIMIZED_171016_HighMass_mjj_scan/HNMuMu_1200.txt
Central	0.0354043	0	0
_MuonEn_up	0.130548	0	0
_MuonEn_down	0.0296214	0	0
_MuonIDSF_up	0.0354043	0	0
_MuonIDSF_down	0.0323806	0	0
_ElectronEn_up	0.0383611	0	0
_ElectronEn_down	0.0354043	0	0
_ElectronIDSF_up	0.0354043	0	0
_ElectronIDSF_down	0.0354952	0	0
_TriggerSF_up	0.0384797	0	0
_TriggerSF_down	0.0354043	0	0
_PU_up	0.0386412	0	0
_PU_down	0.0354043	0	0
_JetEn_up	0.0449866	0	0
_JetEn_down	0.117363	0	0
_JetRes_up	0.0419868	0	0
_JetRes_down	0.0363938	0	0
_Unclustered_up	0.0386877	0	0
_Unclustered_down	0.0454058	0	0
_BTagSFEff_up	0.0351762	0	0
_BTagSFEff_down	0.0426579	0	0
_BTagSFMiss_up	0.0446593	0	0
_BTagSFMiss_down	0.0417175	0	0

################ Sources ################
Source	SystTotal	SystPrompt	SystFake	Signal
Lumi	2.50	2.50	0.00	2.50
PDF	0.00	0.00	0.00	3.00
Muon Energy Scale	190.38	190.38	-nan	3.24
Muon ID	6.04	6.04	-nan	0.05
Electron Energy Scale	5.91	5.91	-nan	0.28
Electron ID	0.18	0.18	-nan	0.07
Trigger SF	6.14	6.14	-nan	0.07
PU	6.46	6.46	-nan	0.26
Jet Energy Scale	164.81	164.81	-nan	2.31
Jet Energy Resolution	13.29	13.29	-nan	5.24
Unclustered Energy	21.02	21.02	-nan	0.39
B-tagging Eff	14.49	14.49	-nan	0.44
B-taggin Miss	22.38	22.38	-nan	0.65
MCNorm	39.36	39.36	0.00	0.00
Fake	0.00	0.00	-nan	0.00
Total Systematic	257.76	257.76	-nan	7.71

Total Background	0.04
- Prompt	0.04
- Fake	0.00
- CF	0.00

####### Result #######
0.04 3.600
0.011 1.078
