
Processing HNMuMu_150.C...
[AnalysisInputs::SetMCSF] Get MC SF from /home/jskim/Documents/trilepton_13TeV/DiLepton/data/v8-0-7.31/MCSF.txt
[AnalysisInputs::SetMCSF] sample : VVV
[AnalysisInputs::SetMCSF] => MCSF = 1, MCSF_err = 0.5
[AnalysisInputs::SetMCSF] sample : WWW
[AnalysisInputs::SetMCSF] => MCSF = 1, MCSF_err = 0.5
[AnalysisInputs::SetMCSF] sample : WWZ
[AnalysisInputs::SetMCSF] => MCSF = 1, MCSF_err = 0.5
[AnalysisInputs::SetMCSF] sample : WZZ
[AnalysisInputs::SetMCSF] => MCSF = 1, MCSF_err = 0.5
[AnalysisInputs::SetMCSF] sample : ZZZ
[AnalysisInputs::SetMCSF] => MCSF = 1, MCSF_err = 0.5
[AnalysisInputs::SetMCSF] sample : ttV
[AnalysisInputs::SetMCSF] => MCSF = 1, MCSF_err = 0.5
[AnalysisInputs::SetMCSF] sample : ttW
[AnalysisInputs::SetMCSF] => MCSF = 1, MCSF_err = 0.5
[AnalysisInputs::SetMCSF] sample : ttZ
[AnalysisInputs::SetMCSF] => MCSF = 1, MCSF_err = 0.5
[AnalysisInputs::SetMCSF] sample : ttH_nonbb
[AnalysisInputs::SetMCSF] => MCSF = 1, MCSF_err = 0.5
[AnalysisInputs::SetMCSF] sample : top
[AnalysisInputs::SetMCSF] => MCSF = 1, MCSF_err = 0.5
[AnalysisInputs::SetMCSF] sample : WZTo3LNu_powheg
[AnalysisInputs::SetMCSF] => MCSF = 0.976142, MCSF_err = 0.0636323
[AnalysisInputs::SetMCSF] sample : ZGto2LG
[AnalysisInputs::SetMCSF] => MCSF = 0.825569, MCSF_err = 0.161879
[AnalysisInputs::SetMCSF] sample : ZZTo4L_powheg
[AnalysisInputs::SetMCSF] => MCSF = 0.922493, MCSF_err = 0.0870635
[AnalysisInputs::SetMCSF] sample : ggZZto2e2mu
[AnalysisInputs::SetMCSF] => MCSF = 0.922493, MCSF_err = 0.0870635
[AnalysisInputs::SetMCSF] sample : ggZZto2e2nu
[AnalysisInputs::SetMCSF] => MCSF = 0.922493, MCSF_err = 0.0870635
[AnalysisInputs::SetMCSF] sample : ggZZto2e2tau
[AnalysisInputs::SetMCSF] => MCSF = 0.922493, MCSF_err = 0.0870635
[AnalysisInputs::SetMCSF] sample : ggZZto2mu2nu
[AnalysisInputs::SetMCSF] => MCSF = 0.922493, MCSF_err = 0.0870635
[AnalysisInputs::SetMCSF] sample : ggZZto2mu2tau
[AnalysisInputs::SetMCSF] => MCSF = 0.922493, MCSF_err = 0.0870635
[AnalysisInputs::SetMCSF] sample : ggZZto4e
[AnalysisInputs::SetMCSF] => MCSF = 0.922493, MCSF_err = 0.0870635
[AnalysisInputs::SetMCSF] sample : ggZZto4mu
[AnalysisInputs::SetMCSF] => MCSF = 0.922493, MCSF_err = 0.0870635
[AnalysisInputs::SetMCSF] sample : ggZZto4tau
[AnalysisInputs::SetMCSF] => MCSF = 0.922493, MCSF_err = 0.0870635
[AnalysisInputs::SetCalculatedSysts] Get Systematics from /home/jskim/Documents/trilepton_13TeV/DiLepton/data/v8-0-7.31/Syst.txt
[AnalysisInputs::SetCalculatedSysts] source : Luminosity
[AnalysisInputs::SetCalculatedSysts] => % sysematic = 0.025
[AnalysisInputs::SetCalculatedSysts] source : FakeLooseID
[AnalysisInputs::SetCalculatedSysts] => % sysematic = 0.3
[AnalysisInputs::SetCalculatedSysts] source : ChrageFlipSyst
[AnalysisInputs::SetCalculatedSysts] => % sysematic = 0.21
[CutRangeInfo::ReadCutCard] Get Cutcard from /home/jskim/Documents/trilepton_13TeV/DiLepton/data/v8-0-7.31/CutOpCard/PARTIALLY_OPTIMIZED_171016_HighMass_mjj_scan/HNMuMu_150.txt
Central	10.8766	7.54582	0
_MuonEn_up	10.8711	7.54582	0
_MuonEn_down	10.755	7.54582	0
_MuonIDSF_up	10.8622	7.54582	0
_MuonIDSF_down	10.8477	7.54582	0
_ElectronEn_up	10.7663	7.54582	0
_ElectronEn_down	10.8805	7.54582	0
_ElectronIDSF_up	10.9081	7.54582	0
_ElectronIDSF_down	10.8119	7.54582	0
_TriggerSF_up	10.9028	7.54582	0
_TriggerSF_down	10.8988	7.54582	0
_PU_up	10.8821	7.54582	0
_PU_down	10.864	7.54582	0
_JetEn_up	12.075	7.54582	0
_JetEn_down	11.2356	7.54582	0
_JetRes_up	13.4789	7.54582	0
_JetRes_down	13.9064	7.54582	0
_Unclustered_up	10.5487	7.54582	0
_Unclustered_down	11.3505	7.54582	0
_BTagSFEff_up	10.8648	7.54582	0
_BTagSFEff_down	10.8665	7.54582	0
_BTagSFMiss_up	10.7852	7.54582	0
_BTagSFMiss_down	10.9075	7.54582	0

################ Sources ################
Source	SystTotal	SystPrompt	SystFake	Signal
Lumi	1.48	2.50	0.00	2.50
PDF	0.00	0.00	0.00	3.00
Muon Energy Scale	0.47	0.79	0.00	0.66
Muon ID	0.12	0.21	0.00	0.09
Electron Energy Scale	0.42	0.72	0.00	0.04
Electron ID	0.28	0.47	0.00	0.16
Trigger SF	0.13	0.22	0.00	0.06
PU	0.05	0.09	0.00	0.09
Jet Energy Scale	4.80	8.13	0.00	3.10
Jet Energy Resolution	15.33	25.97	0.00	1.28
Unclustered Energy	2.21	3.75	0.00	3.18
B-tagging Eff	0.06	0.10	0.00	0.43
B-taggin Miss	0.37	0.63	0.00	0.35
MCNorm	7.32	12.39	0.00	0.00
Fake	12.29	0.00	30.00	0.00
Total Systematic	21.69	30.27	30.00	6.11

Total Background	18.42
- Prompt	10.88
- Fake	7.55
- CF	0.00

####### Result #######
18.42 1.225
37.235 1.063
