
Processing HNMuMu_300.C...
[AnalysisInputs::SetMCSF] Get MC SF from /home/jskim/Documents/trilepton_13TeV/DiLepton/data/v8-0-7.31/MCSF.txt
[AnalysisInputs::SetMCSF] sample : VVV
[AnalysisInputs::SetMCSF] => MCSF = 1, MCSF_err = 0.5
[AnalysisInputs::SetMCSF] sample : WWW
[AnalysisInputs::SetMCSF] => MCSF = 1, MCSF_err = 0.5
[AnalysisInputs::SetMCSF] sample : WWZ
[AnalysisInputs::SetMCSF] => MCSF = 1, MCSF_err = 0.5
[AnalysisInputs::SetMCSF] sample : WZZ
[AnalysisInputs::SetMCSF] => MCSF = 1, MCSF_err = 0.5
[AnalysisInputs::SetMCSF] sample : ZZZ
[AnalysisInputs::SetMCSF] => MCSF = 1, MCSF_err = 0.5
[AnalysisInputs::SetMCSF] sample : ttV
[AnalysisInputs::SetMCSF] => MCSF = 1, MCSF_err = 0.5
[AnalysisInputs::SetMCSF] sample : ttW
[AnalysisInputs::SetMCSF] => MCSF = 1, MCSF_err = 0.5
[AnalysisInputs::SetMCSF] sample : ttZ
[AnalysisInputs::SetMCSF] => MCSF = 1, MCSF_err = 0.5
[AnalysisInputs::SetMCSF] sample : ttH_nonbb
[AnalysisInputs::SetMCSF] => MCSF = 1, MCSF_err = 0.5
[AnalysisInputs::SetMCSF] sample : top
[AnalysisInputs::SetMCSF] => MCSF = 1, MCSF_err = 0.5
[AnalysisInputs::SetMCSF] sample : WZTo3LNu_powheg
[AnalysisInputs::SetMCSF] => MCSF = 0.976142, MCSF_err = 0.0636323
[AnalysisInputs::SetMCSF] sample : ZGto2LG
[AnalysisInputs::SetMCSF] => MCSF = 0.825569, MCSF_err = 0.161879
[AnalysisInputs::SetMCSF] sample : ZZTo4L_powheg
[AnalysisInputs::SetMCSF] => MCSF = 0.922493, MCSF_err = 0.0870635
[AnalysisInputs::SetMCSF] sample : ggZZto2e2mu
[AnalysisInputs::SetMCSF] => MCSF = 0.922493, MCSF_err = 0.0870635
[AnalysisInputs::SetMCSF] sample : ggZZto2e2nu
[AnalysisInputs::SetMCSF] => MCSF = 0.922493, MCSF_err = 0.0870635
[AnalysisInputs::SetMCSF] sample : ggZZto2e2tau
[AnalysisInputs::SetMCSF] => MCSF = 0.922493, MCSF_err = 0.0870635
[AnalysisInputs::SetMCSF] sample : ggZZto2mu2nu
[AnalysisInputs::SetMCSF] => MCSF = 0.922493, MCSF_err = 0.0870635
[AnalysisInputs::SetMCSF] sample : ggZZto2mu2tau
[AnalysisInputs::SetMCSF] => MCSF = 0.922493, MCSF_err = 0.0870635
[AnalysisInputs::SetMCSF] sample : ggZZto4e
[AnalysisInputs::SetMCSF] => MCSF = 0.922493, MCSF_err = 0.0870635
[AnalysisInputs::SetMCSF] sample : ggZZto4mu
[AnalysisInputs::SetMCSF] => MCSF = 0.922493, MCSF_err = 0.0870635
[AnalysisInputs::SetMCSF] sample : ggZZto4tau
[AnalysisInputs::SetMCSF] => MCSF = 0.922493, MCSF_err = 0.0870635
[AnalysisInputs::SetCalculatedSysts] Get Systematics from /home/jskim/Documents/trilepton_13TeV/DiLepton/data/v8-0-7.31/Syst.txt
[AnalysisInputs::SetCalculatedSysts] source : Luminosity
[AnalysisInputs::SetCalculatedSysts] => % sysematic = 0.025
[AnalysisInputs::SetCalculatedSysts] source : FakeLooseID
[AnalysisInputs::SetCalculatedSysts] => % sysematic = 0.3
[AnalysisInputs::SetCalculatedSysts] source : ChrageFlipSyst
[AnalysisInputs::SetCalculatedSysts] => % sysematic = 0.21
[CutRangeInfo::ReadCutCard] Get Cutcard from /home/jskim/Documents/trilepton_13TeV/DiLepton/data/v8-0-7.31/CutOpCard/PARTIALLY_OPTIMIZED_171016_HighMass_mjj_scan/HNMuMu_300.txt
Central	2.10645	0.253704	0
_MuonEn_up	2.24407	0.253704	0
_MuonEn_down	1.76365	0.253704	0
_MuonIDSF_up	2.10058	0.253704	0
_MuonIDSF_down	2.12361	0.253704	0
_ElectronEn_up	2.10799	0.253704	0
_ElectronEn_down	2.10871	0.253704	0
_ElectronIDSF_up	2.1129	0.253704	0
_ElectronIDSF_down	2.10294	0.253704	0
_TriggerSF_up	2.12196	0.253704	0
_TriggerSF_down	2.07314	0.253704	0
_PU_up	2.11533	0.253704	0
_PU_down	2.11773	0.253704	0
_JetEn_up	2.28042	0.253704	0
_JetEn_down	2.13986	0.253704	0
_JetRes_up	2.40223	0.253704	0
_JetRes_down	2.55679	0.253704	0
_Unclustered_up	1.97142	0.253704	0
_Unclustered_down	2.28183	0.253704	0
_BTagSFEff_up	2.10634	0.253704	0
_BTagSFEff_down	2.14201	0.253704	0
_BTagSFMiss_up	2.05082	0.253704	0
_BTagSFMiss_down	2.11745	0.253704	0

################ Sources ################
Source	SystTotal	SystPrompt	SystFake	Signal
Lumi	2.23	2.50	0.00	2.50
PDF	0.00	0.00	0.00	3.00
Muon Energy Scale	11.07	12.40	0.00	4.97
Muon ID	0.54	0.61	0.00	0.07
Electron Energy Scale	0.08	0.09	0.00	0.13
Electron ID	0.22	0.25	0.00	0.02
Trigger SF	1.10	1.23	0.00	0.11
PU	0.43	0.48	0.00	0.08
Jet Energy Scale	5.31	5.95	0.00	1.36
Jet Energy Resolution	16.14	18.09	0.00	1.33
Unclustered Energy	6.63	7.43	0.00	2.75
B-tagging Eff	1.07	1.19	0.00	0.26
B-taggin Miss	1.70	1.90	0.00	0.59
MCNorm	15.67	17.56	0.00	0.00
Fake	3.22	0.00	30.00	0.00
Total Systematic	26.87	29.89	30.00	7.19

Total Background	2.36
- Prompt	2.11
- Fake	0.25
- CF	0.00

####### Result #######
2.36 1.314
4.639 1.073
