
Processing HNMuMu_400.C...
[AnalysisInputs::SetMCSF] Get MC SF from /home/jskim/Documents/trilepton_13TeV/DiLepton/data/v8-0-7.31/MCSF.txt
[AnalysisInputs::SetMCSF] sample : VVV
[AnalysisInputs::SetMCSF] => MCSF = 1, MCSF_err = 0.5
[AnalysisInputs::SetMCSF] sample : WWW
[AnalysisInputs::SetMCSF] => MCSF = 1, MCSF_err = 0.5
[AnalysisInputs::SetMCSF] sample : WWZ
[AnalysisInputs::SetMCSF] => MCSF = 1, MCSF_err = 0.5
[AnalysisInputs::SetMCSF] sample : WZZ
[AnalysisInputs::SetMCSF] => MCSF = 1, MCSF_err = 0.5
[AnalysisInputs::SetMCSF] sample : ZZZ
[AnalysisInputs::SetMCSF] => MCSF = 1, MCSF_err = 0.5
[AnalysisInputs::SetMCSF] sample : ttV
[AnalysisInputs::SetMCSF] => MCSF = 1, MCSF_err = 0.5
[AnalysisInputs::SetMCSF] sample : ttW
[AnalysisInputs::SetMCSF] => MCSF = 1, MCSF_err = 0.5
[AnalysisInputs::SetMCSF] sample : ttZ
[AnalysisInputs::SetMCSF] => MCSF = 1, MCSF_err = 0.5
[AnalysisInputs::SetMCSF] sample : ttH_nonbb
[AnalysisInputs::SetMCSF] => MCSF = 1, MCSF_err = 0.5
[AnalysisInputs::SetMCSF] sample : top
[AnalysisInputs::SetMCSF] => MCSF = 1, MCSF_err = 0.5
[AnalysisInputs::SetMCSF] sample : WZTo3LNu_powheg
[AnalysisInputs::SetMCSF] => MCSF = 0.976142, MCSF_err = 0.0636323
[AnalysisInputs::SetMCSF] sample : ZGto2LG
[AnalysisInputs::SetMCSF] => MCSF = 0.825569, MCSF_err = 0.161879
[AnalysisInputs::SetMCSF] sample : ZZTo4L_powheg
[AnalysisInputs::SetMCSF] => MCSF = 0.922493, MCSF_err = 0.0870635
[AnalysisInputs::SetMCSF] sample : ggZZto2e2mu
[AnalysisInputs::SetMCSF] => MCSF = 0.922493, MCSF_err = 0.0870635
[AnalysisInputs::SetMCSF] sample : ggZZto2e2nu
[AnalysisInputs::SetMCSF] => MCSF = 0.922493, MCSF_err = 0.0870635
[AnalysisInputs::SetMCSF] sample : ggZZto2e2tau
[AnalysisInputs::SetMCSF] => MCSF = 0.922493, MCSF_err = 0.0870635
[AnalysisInputs::SetMCSF] sample : ggZZto2mu2nu
[AnalysisInputs::SetMCSF] => MCSF = 0.922493, MCSF_err = 0.0870635
[AnalysisInputs::SetMCSF] sample : ggZZto2mu2tau
[AnalysisInputs::SetMCSF] => MCSF = 0.922493, MCSF_err = 0.0870635
[AnalysisInputs::SetMCSF] sample : ggZZto4e
[AnalysisInputs::SetMCSF] => MCSF = 0.922493, MCSF_err = 0.0870635
[AnalysisInputs::SetMCSF] sample : ggZZto4mu
[AnalysisInputs::SetMCSF] => MCSF = 0.922493, MCSF_err = 0.0870635
[AnalysisInputs::SetMCSF] sample : ggZZto4tau
[AnalysisInputs::SetMCSF] => MCSF = 0.922493, MCSF_err = 0.0870635
[AnalysisInputs::SetCalculatedSysts] Get Systematics from /home/jskim/Documents/trilepton_13TeV/DiLepton/data/v8-0-7.31/Syst.txt
[AnalysisInputs::SetCalculatedSysts] source : Luminosity
[AnalysisInputs::SetCalculatedSysts] => % sysematic = 0.025
[AnalysisInputs::SetCalculatedSysts] source : FakeLooseID
[AnalysisInputs::SetCalculatedSysts] => % sysematic = 0.3
[AnalysisInputs::SetCalculatedSysts] source : ChrageFlipSyst
[AnalysisInputs::SetCalculatedSysts] => % sysematic = 0.21
[CutRangeInfo::ReadCutCard] Get Cutcard from /home/jskim/Documents/trilepton_13TeV/DiLepton/data/v8-0-7.31/CutOpCard/PARTIALLY_OPTIMIZED_171016_HighMass_mjj_scan/HNMuMu_400.txt
Central	0.70391	0	0
_MuonEn_up	1.25923	0	0
_MuonEn_down	0.709342	0	0
_MuonIDSF_up	0.695092	0	0
_MuonIDSF_down	0.703574	0	0
_ElectronEn_up	0.703628	0	0
_ElectronEn_down	0.714524	0	0
_ElectronIDSF_up	0.704802	0	0
_ElectronIDSF_down	0.690255	0	0
_TriggerSF_up	0.720034	0	0
_TriggerSF_down	0.700964	0	0
_PU_up	0.713971	0	0
_PU_down	0.708737	0	0
_JetEn_up	0.77512	0	0
_JetEn_down	0.920668	0	0
_JetRes_up	0.934068	0	0
_JetRes_down	0.979826	0	0
_Unclustered_up	0.772701	0	0
_Unclustered_down	0.798917	0	0
_BTagSFEff_up	0.708462	0	0
_BTagSFEff_down	0.729471	0	0
_BTagSFMiss_up	0.71299	0	0
_BTagSFMiss_down	0.715817	0	0

################ Sources ################
Source	SystTotal	SystPrompt	SystFake	Signal
Lumi	2.50	2.50	0.00	2.50
PDF	0.00	0.00	0.00	3.00
Muon Energy Scale	55.79	55.79	-nan	4.24
Muon ID	0.89	0.89	-nan	0.04
Electron Energy Scale	1.07	1.07	-nan	0.08
Electron ID	1.37	1.37	-nan	0.08
Trigger SF	1.65	1.65	-nan	0.12
PU	1.12	1.12	-nan	0.08
Jet Energy Scale	22.92	22.92	-nan	0.83
Jet Energy Resolution	36.09	36.09	-nan	0.56
Unclustered Energy	11.78	11.78	-nan	0.73
B-tagging Eff	2.61	2.61	-nan	0.29
B-taggin Miss	1.50	1.50	-nan	0.64
MCNorm	20.85	20.85	0.00	0.00
Fake	0.00	0.00	-nan	0.00
Total Systematic	74.41	74.41	-nan	5.94

Total Background	0.70
- Prompt	0.70
- Fake	0.00
- CF	0.00

####### Result #######
0.70 1.799
1.888 1.060
