
Processing CyclesForMixingLimit_MuMu_Bin2/HNMuMu_800_VBF.C...
[AnalysisInputs::SetMCSF] Get MC SF from /data8/Users/jskim/HN_dilepton_plotter/data/v8-0-7.37/MCSF.txt
[AnalysisInputs::SetMCSF] sample : VVV
[AnalysisInputs::SetMCSF] => MCSF = 1, MCSF_err = 0.5
[AnalysisInputs::SetMCSF] sample : WWW
[AnalysisInputs::SetMCSF] => MCSF = 1, MCSF_err = 0.5
[AnalysisInputs::SetMCSF] sample : WWZ
[AnalysisInputs::SetMCSF] => MCSF = 1, MCSF_err = 0.5
[AnalysisInputs::SetMCSF] sample : WZZ
[AnalysisInputs::SetMCSF] => MCSF = 1, MCSF_err = 0.5
[AnalysisInputs::SetMCSF] sample : ZZZ
[AnalysisInputs::SetMCSF] => MCSF = 1, MCSF_err = 0.5
[AnalysisInputs::SetMCSF] sample : ttV
[AnalysisInputs::SetMCSF] => MCSF = 1, MCSF_err = 0.5
[AnalysisInputs::SetMCSF] sample : ttW
[AnalysisInputs::SetMCSF] => MCSF = 1, MCSF_err = 0.5
[AnalysisInputs::SetMCSF] sample : ttZ
[AnalysisInputs::SetMCSF] => MCSF = 1, MCSF_err = 0.5
[AnalysisInputs::SetMCSF] sample : ttH_nonbb
[AnalysisInputs::SetMCSF] => MCSF = 1, MCSF_err = 0.5
[AnalysisInputs::SetMCSF] sample : top
[AnalysisInputs::SetMCSF] => MCSF = 1, MCSF_err = 0.5
[AnalysisInputs::SetMCSF] sample : WWTo2L2Nu_DS
[AnalysisInputs::SetMCSF] => MCSF = 1, MCSF_err = 0.5
[AnalysisInputs::SetMCSF] sample : WpWpEWK
[AnalysisInputs::SetMCSF] => MCSF = 1, MCSF_err = 0.5
[AnalysisInputs::SetMCSF] sample : WpWpQCD
[AnalysisInputs::SetMCSF] => MCSF = 1, MCSF_err = 0.5
[AnalysisInputs::SetMCSF] sample : WZTo3LNu_mllmin01
[AnalysisInputs::SetMCSF] => MCSF = 0.65, MCSF_err = 0.06
[AnalysisInputs::SetMCSF] sample : WZTo3LNu_powheg
[AnalysisInputs::SetMCSF] => MCSF = 1.05246, MCSF_err = 0.0646733
[AnalysisInputs::SetMCSF] sample : ZGto2LG
[AnalysisInputs::SetMCSF] => MCSF = 1.09801, MCSF_err = 0.0750731
[AnalysisInputs::SetMCSF] sample : ZZTo4L_powheg
[AnalysisInputs::SetMCSF] => MCSF = 0.978683, MCSF_err = 0.0790547
[AnalysisInputs::SetMCSF] sample : ggZZto2e2mu
[AnalysisInputs::SetMCSF] => MCSF = 0.978683, MCSF_err = 0.0790547
[AnalysisInputs::SetMCSF] sample : ggZZto2e2nu
[AnalysisInputs::SetMCSF] => MCSF = 0.978683, MCSF_err = 0.0790547
[AnalysisInputs::SetMCSF] sample : ggZZto2e2tau
[AnalysisInputs::SetMCSF] => MCSF = 0.978683, MCSF_err = 0.0790547
[AnalysisInputs::SetMCSF] sample : ggZZto2mu2nu
[AnalysisInputs::SetMCSF] => MCSF = 0.978683, MCSF_err = 0.0790547
[AnalysisInputs::SetMCSF] sample : ggZZto2mu2tau
[AnalysisInputs::SetMCSF] => MCSF = 0.978683, MCSF_err = 0.0790547
[AnalysisInputs::SetMCSF] sample : ggZZto4e
[AnalysisInputs::SetMCSF] => MCSF = 0.978683, MCSF_err = 0.0790547
[AnalysisInputs::SetMCSF] sample : ggZZto4mu
[AnalysisInputs::SetMCSF] => MCSF = 0.978683, MCSF_err = 0.0790547
[AnalysisInputs::SetMCSF] sample : ggZZto4tau
[AnalysisInputs::SetMCSF] => MCSF = 0.978683, MCSF_err = 0.0790547
[AnalysisInputs::SetMCSF] sample : ggHtoZZ
[AnalysisInputs::SetMCSF] => MCSF = 0.978683, MCSF_err = 0.0790547
[AnalysisInputs::SetCalculatedSysts] Get Systematics from /data8/Users/jskim/HN_dilepton_plotter/data/v8-0-7.37/Syst.txt
[AnalysisInputs::SetCalculatedSysts] source : Luminosity
[AnalysisInputs::SetCalculatedSysts] => % sysematic = 0.025
[AnalysisInputs::SetCalculatedSysts] source : FakeLooseID
[AnalysisInputs::SetCalculatedSysts] => % sysematic = 0.3
[AnalysisInputs::SetCalculatedSysts] source : ChrageFlipSyst
[AnalysisInputs::SetCalculatedSysts] => % sysematic = 0.23
[CutRangeInfo::ReadCutCard] Get Cutcard from /data8/Users/jskim/HN_dilepton_plotter/data/v8-0-7.37/CutOpCard/RunDirectory/Cards_MuMu_Bin2/HNMuMu_800.txt
Central	0.634928	0.268016	0
_MuonEn_up	0.73736	0.268016	0
_MuonEn_down	0.377073	0.268016	0
_MuonIDSF_up	0.651983	0.268016	0
_MuonIDSF_down	0.591373	0.268016	0
_ElectronEn_up	0.621529	0.268016	0
_ElectronEn_down	0.631491	0.268016	0
_ElectronIDSF_up	0.619795	0.268016	0
_ElectronIDSF_down	0.629019	0.268016	0
_TriggerSF_up	0.622231	0.268016	0
_TriggerSF_down	0.615986	0.268016	0
_PU_up	0.627688	0.268016	0
_PU_down	0.624787	0.268016	0
_JetEn_up	0.610482	0.268016	0
_JetEn_down	0.619515	0.268016	0
_JetRes_up	0.623245	0.268016	0
_JetRes_down	0.524336	0.268016	0
_Unclustered_up	0.624913	0.268016	0
_Unclustered_down	0.651227	0.268016	0
_BTagSFEff_up	0.617444	0.268016	0
_BTagSFEff_down	0.628182	0.268016	0
_BTagSFMiss_up	0.605947	0.268016	0
_BTagSFMiss_down	0.627453	0.268016	0
_JetMass_up	0.628406	0.268016	0
_JetMass_down	0.622263	0.268016	0
_JetMassRes_up	0.637544	0.268016	0
_JetMassRes_down	0.622172	0.268016	0
_Tau21_up	0.672429	0.268016	0
_Tau21_down	0.573542	0.268016	0

################ Sources ################
Source	SystTotal	SystPrompt	SystFake	Signal
Stat 31.87 25.22  89.20  -nan  0.91
Lumi 1.76  2.50 -  -  2.50
PDF  -  -  -  -  2.44
MuonPt  21.73 30.90  -  -  1.63
MuonID  3.66 5.21  -  -  3.45
ElectronE  1.08 1.54  -  -  0.13
ElectronID  1.27 1.81  -  -  0.11
Trigger  1.79 2.54  -  -  0.49
PU  0.98 1.39  -  -  0.60
JES  2.26 3.22  -  -  0.17
JER  8.71 12.39  -  -  0.20
Uncl  1.50 2.13  -  -  0.30
BEff  1.47 2.09  -  -  0.38
BMiss  2.34 3.33  -  -  0.49
JMS  1.12 1.59  -  -  0.10
JMR  1.02 1.45  -  -  0.11
Tau21  5.63 8.01  -  -  7.87
MCNorm 26.95  38.32 -  -  -
Fake 8.90  -  30.00 - -
CF 0.00  -  -  -nan -
Total Systematic 37.76 52.18  30.00  -nan  9.48

Total Background	0.903
- Prompt	0.635
- Fake	0.268
- CF	0.000

####### Result #######
Signal Eff	0.492055
0.902945 1.494098
0.366577 1.095197
