
Processing CyclesForMixingLimit_MuMu_Bin2/HNMuMu_500.C...
[AnalysisInputs::SetMCSF] Get MC SF from /data8/Users/jskim/HN_dilepton_plotter/data/v8-0-7.37/MCSF.txt
[AnalysisInputs::SetMCSF] sample : VVV
[AnalysisInputs::SetMCSF] => MCSF = 1, MCSF_err = 0.5
[AnalysisInputs::SetMCSF] sample : WWW
[AnalysisInputs::SetMCSF] => MCSF = 1, MCSF_err = 0.5
[AnalysisInputs::SetMCSF] sample : WWZ
[AnalysisInputs::SetMCSF] => MCSF = 1, MCSF_err = 0.5
[AnalysisInputs::SetMCSF] sample : WZZ
[AnalysisInputs::SetMCSF] => MCSF = 1, MCSF_err = 0.5
[AnalysisInputs::SetMCSF] sample : ZZZ
[AnalysisInputs::SetMCSF] => MCSF = 1, MCSF_err = 0.5
[AnalysisInputs::SetMCSF] sample : ttV
[AnalysisInputs::SetMCSF] => MCSF = 1, MCSF_err = 0.5
[AnalysisInputs::SetMCSF] sample : ttW
[AnalysisInputs::SetMCSF] => MCSF = 1, MCSF_err = 0.5
[AnalysisInputs::SetMCSF] sample : ttZ
[AnalysisInputs::SetMCSF] => MCSF = 1, MCSF_err = 0.5
[AnalysisInputs::SetMCSF] sample : ttH_nonbb
[AnalysisInputs::SetMCSF] => MCSF = 1, MCSF_err = 0.5
[AnalysisInputs::SetMCSF] sample : top
[AnalysisInputs::SetMCSF] => MCSF = 1, MCSF_err = 0.5
[AnalysisInputs::SetMCSF] sample : WWTo2L2Nu_DS
[AnalysisInputs::SetMCSF] => MCSF = 1, MCSF_err = 0.5
[AnalysisInputs::SetMCSF] sample : WpWpEWK
[AnalysisInputs::SetMCSF] => MCSF = 1, MCSF_err = 0.5
[AnalysisInputs::SetMCSF] sample : WpWpQCD
[AnalysisInputs::SetMCSF] => MCSF = 1, MCSF_err = 0.5
[AnalysisInputs::SetMCSF] sample : WZTo3LNu_mllmin01
[AnalysisInputs::SetMCSF] => MCSF = 0.65, MCSF_err = 0.06
[AnalysisInputs::SetMCSF] sample : WZTo3LNu_powheg
[AnalysisInputs::SetMCSF] => MCSF = 1.05246, MCSF_err = 0.0646733
[AnalysisInputs::SetMCSF] sample : ZGto2LG
[AnalysisInputs::SetMCSF] => MCSF = 1.09801, MCSF_err = 0.0750731
[AnalysisInputs::SetMCSF] sample : ZZTo4L_powheg
[AnalysisInputs::SetMCSF] => MCSF = 0.978683, MCSF_err = 0.0790547
[AnalysisInputs::SetMCSF] sample : ggZZto2e2mu
[AnalysisInputs::SetMCSF] => MCSF = 0.978683, MCSF_err = 0.0790547
[AnalysisInputs::SetMCSF] sample : ggZZto2e2nu
[AnalysisInputs::SetMCSF] => MCSF = 0.978683, MCSF_err = 0.0790547
[AnalysisInputs::SetMCSF] sample : ggZZto2e2tau
[AnalysisInputs::SetMCSF] => MCSF = 0.978683, MCSF_err = 0.0790547
[AnalysisInputs::SetMCSF] sample : ggZZto2mu2nu
[AnalysisInputs::SetMCSF] => MCSF = 0.978683, MCSF_err = 0.0790547
[AnalysisInputs::SetMCSF] sample : ggZZto2mu2tau
[AnalysisInputs::SetMCSF] => MCSF = 0.978683, MCSF_err = 0.0790547
[AnalysisInputs::SetMCSF] sample : ggZZto4e
[AnalysisInputs::SetMCSF] => MCSF = 0.978683, MCSF_err = 0.0790547
[AnalysisInputs::SetMCSF] sample : ggZZto4mu
[AnalysisInputs::SetMCSF] => MCSF = 0.978683, MCSF_err = 0.0790547
[AnalysisInputs::SetMCSF] sample : ggZZto4tau
[AnalysisInputs::SetMCSF] => MCSF = 0.978683, MCSF_err = 0.0790547
[AnalysisInputs::SetMCSF] sample : ggHtoZZ
[AnalysisInputs::SetMCSF] => MCSF = 0.978683, MCSF_err = 0.0790547
[AnalysisInputs::SetCalculatedSysts] Get Systematics from /data8/Users/jskim/HN_dilepton_plotter/data/v8-0-7.37/Syst.txt
[AnalysisInputs::SetCalculatedSysts] source : Luminosity
[AnalysisInputs::SetCalculatedSysts] => % sysematic = 0.025
[AnalysisInputs::SetCalculatedSysts] source : FakeLooseID
[AnalysisInputs::SetCalculatedSysts] => % sysematic = 0.3
[AnalysisInputs::SetCalculatedSysts] source : ChrageFlipSyst
[AnalysisInputs::SetCalculatedSysts] => % sysematic = 0.23
[CutRangeInfo::ReadCutCard] Get Cutcard from /data8/Users/jskim/HN_dilepton_plotter/data/v8-0-7.37/CutOpCard/RunDirectory/Cards_MuMu_Bin2/HNMuMu_500.txt
Central	0.651173	0	0
_MuonEn_up	0.964929	0	0
_MuonEn_down	0.62866	0	0
_MuonIDSF_up	0.671015	0	0
_MuonIDSF_down	0.62075	0	0
_ElectronEn_up	0.611351	0	0
_ElectronEn_down	0.657395	0	0
_ElectronIDSF_up	0.646857	0	0
_ElectronIDSF_down	0.638782	0	0
_TriggerSF_up	0.652265	0	0
_TriggerSF_down	0.646639	0	0
_PU_up	0.694432	0	0
_PU_down	0.613644	0	0
_JetEn_up	0.696153	0	0
_JetEn_down	0.71692	0	0
_JetRes_up	0.60082	0	0
_JetRes_down	0.748026	0	0
_Unclustered_up	0.570588	0	0
_Unclustered_down	0.609067	0	0
_BTagSFEff_up	0.615752	0	0
_BTagSFEff_down	0.655084	0	0
_BTagSFMiss_up	0.634671	0	0
_BTagSFMiss_down	0.644726	0	0
_JetMass_up	0.647363	0	0
_JetMass_down	0.644007	0	0
_JetMassRes_up	0.640587	0	0
_JetMassRes_down	0.639069	0	0
_Tau21_up	0.662152	0	0
_Tau21_down	0.599003	0	0

################ Sources ################
Source	SystTotal	SystPrompt	SystFake	Signal
Stat 24.51 24.51  -nan  -nan  1.10
Lumi 2.50  2.50 -  -  2.50
PDF  -  -  -  -  2.44
MuonPt  34.16 34.16  -  -  4.65
MuonID  3.94 3.94  -  -  3.64
ElectronE  4.38 4.38  -  -  0.13
ElectronID  1.42 1.42  -  -  0.08
Trigger  0.51 0.51  -  -  0.43
PU  6.22 6.22  -  -  0.75
JES  8.65 8.65  -  -  0.52
JER  11.85 11.85  -  -  0.47
Uncl  9.87 9.87  -  -  0.11
BEff  3.87 3.87  -  -  0.29
BMiss  1.92 1.92  -  -  0.50
JMS  0.88 0.88  -  -  0.06
JMR  1.75 1.75  -  -  0.07
Tau21  5.79 5.79  -  -  7.38
MCNorm 34.41  34.41 -  -  -
Fake 0.00  -  -nan - -
CF 0.00  -  -  -nan -
Total Systematic 52.93 52.93  -nan  -nan  10.15

Total Background	0.651
- Prompt	0.651
- Fake	0.000
- CF	0.000

####### Result #######
Signal Eff	0.228460
0.651173 1.583330
0.877035 1.102120
