
Processing CyclesForMixingLimit_MuMu_Bin2/HNMuMu_1200_VBFOnly.C...
[AnalysisInputs::SetMCSF] Get MC SF from /data8/Users/jskim/HN_dilepton_plotter/data/v8-0-7.37/MCSF.txt
[AnalysisInputs::SetMCSF] sample : VVV
[AnalysisInputs::SetMCSF] => MCSF = 1, MCSF_err = 0.5
[AnalysisInputs::SetMCSF] sample : WWW
[AnalysisInputs::SetMCSF] => MCSF = 1, MCSF_err = 0.5
[AnalysisInputs::SetMCSF] sample : WWZ
[AnalysisInputs::SetMCSF] => MCSF = 1, MCSF_err = 0.5
[AnalysisInputs::SetMCSF] sample : WZZ
[AnalysisInputs::SetMCSF] => MCSF = 1, MCSF_err = 0.5
[AnalysisInputs::SetMCSF] sample : ZZZ
[AnalysisInputs::SetMCSF] => MCSF = 1, MCSF_err = 0.5
[AnalysisInputs::SetMCSF] sample : ttV
[AnalysisInputs::SetMCSF] => MCSF = 1, MCSF_err = 0.5
[AnalysisInputs::SetMCSF] sample : ttW
[AnalysisInputs::SetMCSF] => MCSF = 1, MCSF_err = 0.5
[AnalysisInputs::SetMCSF] sample : ttZ
[AnalysisInputs::SetMCSF] => MCSF = 1, MCSF_err = 0.5
[AnalysisInputs::SetMCSF] sample : ttH_nonbb
[AnalysisInputs::SetMCSF] => MCSF = 1, MCSF_err = 0.5
[AnalysisInputs::SetMCSF] sample : top
[AnalysisInputs::SetMCSF] => MCSF = 1, MCSF_err = 0.5
[AnalysisInputs::SetMCSF] sample : WWTo2L2Nu_DS
[AnalysisInputs::SetMCSF] => MCSF = 1, MCSF_err = 0.5
[AnalysisInputs::SetMCSF] sample : WpWpEWK
[AnalysisInputs::SetMCSF] => MCSF = 1, MCSF_err = 0.5
[AnalysisInputs::SetMCSF] sample : WpWpQCD
[AnalysisInputs::SetMCSF] => MCSF = 1, MCSF_err = 0.5
[AnalysisInputs::SetMCSF] sample : WZTo3LNu_mllmin01
[AnalysisInputs::SetMCSF] => MCSF = 0.65, MCSF_err = 0.06
[AnalysisInputs::SetMCSF] sample : WZTo3LNu_powheg
[AnalysisInputs::SetMCSF] => MCSF = 1.05246, MCSF_err = 0.0646733
[AnalysisInputs::SetMCSF] sample : ZGto2LG
[AnalysisInputs::SetMCSF] => MCSF = 1.09801, MCSF_err = 0.0750731
[AnalysisInputs::SetMCSF] sample : ZZTo4L_powheg
[AnalysisInputs::SetMCSF] => MCSF = 0.978683, MCSF_err = 0.0790547
[AnalysisInputs::SetMCSF] sample : ggZZto2e2mu
[AnalysisInputs::SetMCSF] => MCSF = 0.978683, MCSF_err = 0.0790547
[AnalysisInputs::SetMCSF] sample : ggZZto2e2nu
[AnalysisInputs::SetMCSF] => MCSF = 0.978683, MCSF_err = 0.0790547
[AnalysisInputs::SetMCSF] sample : ggZZto2e2tau
[AnalysisInputs::SetMCSF] => MCSF = 0.978683, MCSF_err = 0.0790547
[AnalysisInputs::SetMCSF] sample : ggZZto2mu2nu
[AnalysisInputs::SetMCSF] => MCSF = 0.978683, MCSF_err = 0.0790547
[AnalysisInputs::SetMCSF] sample : ggZZto2mu2tau
[AnalysisInputs::SetMCSF] => MCSF = 0.978683, MCSF_err = 0.0790547
[AnalysisInputs::SetMCSF] sample : ggZZto4e
[AnalysisInputs::SetMCSF] => MCSF = 0.978683, MCSF_err = 0.0790547
[AnalysisInputs::SetMCSF] sample : ggZZto4mu
[AnalysisInputs::SetMCSF] => MCSF = 0.978683, MCSF_err = 0.0790547
[AnalysisInputs::SetMCSF] sample : ggZZto4tau
[AnalysisInputs::SetMCSF] => MCSF = 0.978683, MCSF_err = 0.0790547
[AnalysisInputs::SetMCSF] sample : ggHtoZZ
[AnalysisInputs::SetMCSF] => MCSF = 0.978683, MCSF_err = 0.0790547
[AnalysisInputs::SetCalculatedSysts] Get Systematics from /data8/Users/jskim/HN_dilepton_plotter/data/v8-0-7.37/Syst.txt
[AnalysisInputs::SetCalculatedSysts] source : Luminosity
[AnalysisInputs::SetCalculatedSysts] => % sysematic = 0.025
[AnalysisInputs::SetCalculatedSysts] source : FakeLooseID
[AnalysisInputs::SetCalculatedSysts] => % sysematic = 0.3
[AnalysisInputs::SetCalculatedSysts] source : ChrageFlipSyst
[AnalysisInputs::SetCalculatedSysts] => % sysematic = 0.23
[CutRangeInfo::ReadCutCard] Get Cutcard from /data8/Users/jskim/HN_dilepton_plotter/data/v8-0-7.37/CutOpCard/RunDirectory/Cards_MuMu_Bin2/HNMuMu_1200.txt
Central	0.327037	0	0
_MuonEn_up	0.365455	0	0
_MuonEn_down	0.289397	0	0
_MuonIDSF_up	0.340327	0	0
_MuonIDSF_down	0.30244	0	0
_ElectronEn_up	0.316973	0	0
_ElectronEn_down	0.32414	0	0
_ElectronIDSF_up	0.321555	0	0
_ElectronIDSF_down	0.328158	0	0
_TriggerSF_up	0.326129	0	0
_TriggerSF_down	0.324373	0	0
_PU_up	0.318523	0	0
_PU_down	0.335078	0	0
_JetEn_up	0.325703	0	0
_JetEn_down	0.329789	0	0
_JetRes_up	0.31987	0	0
_JetRes_down	0.320535	0	0
_Unclustered_up	0.335152	0	0
_Unclustered_down	0.344975	0	0
_BTagSFEff_up	0.32414	0	0
_BTagSFEff_down	0.324976	0	0
_BTagSFMiss_up	0.308579	0	0
_BTagSFMiss_down	0.327818	0	0
_JetMass_up	0.329409	0	0
_JetMass_down	0.318147	0	0
_JetMassRes_up	0.322831	0	0
_JetMassRes_down	0.318974	0	0
_Tau21_up	0.345497	0	0
_Tau21_down	0.301147	0	0

################ Sources ################
Source	SystTotal	SystPrompt	SystFake	Signal
Stat 31.89 31.89  -nan  -nan  1.66
Lumi 2.50  2.50 -  -  2.50
PDF  -  -  -  -  2.44
MuonPt  11.63 11.63  -  -  0.76
MuonID  6.04 6.04  -  -  3.31
ElectronE  2.26 2.26  -  -  0.44
ElectronID  1.21 1.21  -  -  0.61
Trigger  0.61 0.61  -  -  0.83
PU  2.53 2.53  -  -  0.93
JES  0.66 0.66  -  -  0.35
JER  2.09 2.09  -  -  0.40
Uncl  4.26 4.26  -  -  0.80
BEff  0.77 0.77  -  -  0.68
BMiss  3.99 3.99  -  -  0.57
JMS  1.99 1.99  -  -  0.37
JMR  1.97 1.97  -  -  0.33
Tau21  6.88 6.88  -  -  8.18
MCNorm 37.62  37.62 -  -  -
Fake 0.00  -  -nan - -
CF 0.00  -  -  -nan -
Total Systematic 41.24 41.24  -nan  -nan  9.73

Total Background	0.327
- Prompt	0.327
- Fake	0.000
- CF	0.000

####### Result #######
Signal Eff	0.157939
0.327037 1.521349
0.061529 1.098692
