
Processing CyclesForMixingLimit_MuMu_Bin2/HNMuMu_40.C...
[AnalysisInputs::SetMCSF] Get MC SF from /data8/Users/jskim/HN_dilepton_plotter/data/v8-0-7.37/MCSF.txt
[AnalysisInputs::SetMCSF] sample : VVV
[AnalysisInputs::SetMCSF] => MCSF = 1, MCSF_err = 0.5
[AnalysisInputs::SetMCSF] sample : WWW
[AnalysisInputs::SetMCSF] => MCSF = 1, MCSF_err = 0.5
[AnalysisInputs::SetMCSF] sample : WWZ
[AnalysisInputs::SetMCSF] => MCSF = 1, MCSF_err = 0.5
[AnalysisInputs::SetMCSF] sample : WZZ
[AnalysisInputs::SetMCSF] => MCSF = 1, MCSF_err = 0.5
[AnalysisInputs::SetMCSF] sample : ZZZ
[AnalysisInputs::SetMCSF] => MCSF = 1, MCSF_err = 0.5
[AnalysisInputs::SetMCSF] sample : ttV
[AnalysisInputs::SetMCSF] => MCSF = 1, MCSF_err = 0.5
[AnalysisInputs::SetMCSF] sample : ttW
[AnalysisInputs::SetMCSF] => MCSF = 1, MCSF_err = 0.5
[AnalysisInputs::SetMCSF] sample : ttZ
[AnalysisInputs::SetMCSF] => MCSF = 1, MCSF_err = 0.5
[AnalysisInputs::SetMCSF] sample : ttH_nonbb
[AnalysisInputs::SetMCSF] => MCSF = 1, MCSF_err = 0.5
[AnalysisInputs::SetMCSF] sample : top
[AnalysisInputs::SetMCSF] => MCSF = 1, MCSF_err = 0.5
[AnalysisInputs::SetMCSF] sample : WWTo2L2Nu_DS
[AnalysisInputs::SetMCSF] => MCSF = 1, MCSF_err = 0.5
[AnalysisInputs::SetMCSF] sample : WpWpEWK
[AnalysisInputs::SetMCSF] => MCSF = 1, MCSF_err = 0.5
[AnalysisInputs::SetMCSF] sample : WpWpQCD
[AnalysisInputs::SetMCSF] => MCSF = 1, MCSF_err = 0.5
[AnalysisInputs::SetMCSF] sample : WZTo3LNu_mllmin01
[AnalysisInputs::SetMCSF] => MCSF = 0.65, MCSF_err = 0.06
[AnalysisInputs::SetMCSF] sample : WZTo3LNu_powheg
[AnalysisInputs::SetMCSF] => MCSF = 1.05246, MCSF_err = 0.0646733
[AnalysisInputs::SetMCSF] sample : ZGto2LG
[AnalysisInputs::SetMCSF] => MCSF = 1.09801, MCSF_err = 0.0750731
[AnalysisInputs::SetMCSF] sample : ZZTo4L_powheg
[AnalysisInputs::SetMCSF] => MCSF = 0.978683, MCSF_err = 0.0790547
[AnalysisInputs::SetMCSF] sample : ggZZto2e2mu
[AnalysisInputs::SetMCSF] => MCSF = 0.978683, MCSF_err = 0.0790547
[AnalysisInputs::SetMCSF] sample : ggZZto2e2nu
[AnalysisInputs::SetMCSF] => MCSF = 0.978683, MCSF_err = 0.0790547
[AnalysisInputs::SetMCSF] sample : ggZZto2e2tau
[AnalysisInputs::SetMCSF] => MCSF = 0.978683, MCSF_err = 0.0790547
[AnalysisInputs::SetMCSF] sample : ggZZto2mu2nu
[AnalysisInputs::SetMCSF] => MCSF = 0.978683, MCSF_err = 0.0790547
[AnalysisInputs::SetMCSF] sample : ggZZto2mu2tau
[AnalysisInputs::SetMCSF] => MCSF = 0.978683, MCSF_err = 0.0790547
[AnalysisInputs::SetMCSF] sample : ggZZto4e
[AnalysisInputs::SetMCSF] => MCSF = 0.978683, MCSF_err = 0.0790547
[AnalysisInputs::SetMCSF] sample : ggZZto4mu
[AnalysisInputs::SetMCSF] => MCSF = 0.978683, MCSF_err = 0.0790547
[AnalysisInputs::SetMCSF] sample : ggZZto4tau
[AnalysisInputs::SetMCSF] => MCSF = 0.978683, MCSF_err = 0.0790547
[AnalysisInputs::SetMCSF] sample : ggHtoZZ
[AnalysisInputs::SetMCSF] => MCSF = 0.978683, MCSF_err = 0.0790547
[AnalysisInputs::SetCalculatedSysts] Get Systematics from /data8/Users/jskim/HN_dilepton_plotter/data/v8-0-7.37/Syst.txt
[AnalysisInputs::SetCalculatedSysts] source : Luminosity
[AnalysisInputs::SetCalculatedSysts] => % sysematic = 0.025
[AnalysisInputs::SetCalculatedSysts] source : FakeLooseID
[AnalysisInputs::SetCalculatedSysts] => % sysematic = 0.3
[AnalysisInputs::SetCalculatedSysts] source : ChrageFlipSyst
[AnalysisInputs::SetCalculatedSysts] => % sysematic = 0.23
[CutRangeInfo::ReadCutCard] Get Cutcard from /data8/Users/jskim/HN_dilepton_plotter/data/v8-0-7.37/CutOpCard/RunDirectory/Cards_MuMu_Bin2/HNMuMu_40.txt
Central	11.4888	14.4082	0
_MuonEn_up	11.2511	14.4082	0
_MuonEn_down	11.5111	14.4082	0
_MuonIDSF_up	11.8448	14.4082	0
_MuonIDSF_down	11.1497	14.4082	0
_ElectronEn_up	11.5596	14.4082	0
_ElectronEn_down	11.4969	14.4082	0
_ElectronIDSF_up	11.4832	14.4082	0
_ElectronIDSF_down	11.4146	14.4082	0
_TriggerSF_up	11.5972	14.4082	0
_TriggerSF_down	11.4969	14.4082	0
_PU_up	11.133	14.4082	0
_PU_down	11.8901	14.4082	0
_JetEn_up	13.7562	14.4082	0
_JetEn_down	12.8124	14.4082	0
_JetRes_up	11.8491	14.4082	0
_JetRes_down	11.6555	14.4082	0
_Unclustered_up	10.6915	14.4082	0
_Unclustered_down	13.9287	14.4082	0
_BTagSFEff_up	11.4817	14.4082	0
_BTagSFEff_down	11.4969	14.4082	0
_BTagSFMiss_up	11.4876	14.4082	0
_BTagSFMiss_down	11.5664	14.4082	0
_JetMass_up	11.4969	14.4082	0
_JetMass_down	11.5038	14.4082	0
_JetMassRes_up	11.5723	14.4082	0
_JetMassRes_down	11.4916	14.4082	0
_Tau21_up	11.4976	14.4082	0
_Tau21_down	11.5074	14.4082	0

################ Sources ################
Source	SystTotal	SystPrompt	SystFake	Signal
Stat 9.57 17.66  9.89  -nan  4.05
Lumi 1.11  2.50 -  -  2.50
PDF  -  -  -  -  6.97
MuonPt  0.65 1.47  -  -  0.31
MuonID  1.34 3.03  -  -  3.20
ElectronE  0.19 0.44  -  -  0.22
ElectronID  0.20 0.46  -  -  0.05
Trigger  0.30 0.67  -  -  0.58
PU  1.46 3.30  -  -  1.19
JES  7.17 16.16  -  -  5.31
JER  1.08 2.44  -  -  0.66
Uncl  7.01 15.80  -  -  3.26
BEff  0.03 0.07  -  -  0.23
BMiss  0.21 0.48  -  -  0.46
JMS  0.05 0.11  -  -  0.26
JMR  0.23 0.51  -  -  0.03
Tau21  0.06 0.13  -  -  0.11
MCNorm 4.61  10.38 -  -  -
Fake 16.69  -  30.00 - -
CF 0.00  -  -  -nan -
Total Systematic 20.18 25.58  30.00  -nan  10.32

Total Background	25.897
- Prompt	11.489
- Fake	14.408
- CF	0.000

####### Result #######
Signal Eff	0.008360
25.897015 1.223385
8290.907329 1.110863
