
Processing CyclesForMixingLimit_MuMu_Bin2/HNMuMu_1300.C...
[AnalysisInputs::SetMCSF] Get MC SF from /data8/Users/jskim/HN_dilepton_plotter/data/v8-0-7.37/MCSF.txt
[AnalysisInputs::SetMCSF] sample : VVV
[AnalysisInputs::SetMCSF] => MCSF = 1, MCSF_err = 0.5
[AnalysisInputs::SetMCSF] sample : WWW
[AnalysisInputs::SetMCSF] => MCSF = 1, MCSF_err = 0.5
[AnalysisInputs::SetMCSF] sample : WWZ
[AnalysisInputs::SetMCSF] => MCSF = 1, MCSF_err = 0.5
[AnalysisInputs::SetMCSF] sample : WZZ
[AnalysisInputs::SetMCSF] => MCSF = 1, MCSF_err = 0.5
[AnalysisInputs::SetMCSF] sample : ZZZ
[AnalysisInputs::SetMCSF] => MCSF = 1, MCSF_err = 0.5
[AnalysisInputs::SetMCSF] sample : ttV
[AnalysisInputs::SetMCSF] => MCSF = 1, MCSF_err = 0.5
[AnalysisInputs::SetMCSF] sample : ttW
[AnalysisInputs::SetMCSF] => MCSF = 1, MCSF_err = 0.5
[AnalysisInputs::SetMCSF] sample : ttZ
[AnalysisInputs::SetMCSF] => MCSF = 1, MCSF_err = 0.5
[AnalysisInputs::SetMCSF] sample : ttH_nonbb
[AnalysisInputs::SetMCSF] => MCSF = 1, MCSF_err = 0.5
[AnalysisInputs::SetMCSF] sample : top
[AnalysisInputs::SetMCSF] => MCSF = 1, MCSF_err = 0.5
[AnalysisInputs::SetMCSF] sample : WWTo2L2Nu_DS
[AnalysisInputs::SetMCSF] => MCSF = 1, MCSF_err = 0.5
[AnalysisInputs::SetMCSF] sample : WpWpEWK
[AnalysisInputs::SetMCSF] => MCSF = 1, MCSF_err = 0.5
[AnalysisInputs::SetMCSF] sample : WpWpQCD
[AnalysisInputs::SetMCSF] => MCSF = 1, MCSF_err = 0.5
[AnalysisInputs::SetMCSF] sample : WZTo3LNu_mllmin01
[AnalysisInputs::SetMCSF] => MCSF = 0.65, MCSF_err = 0.06
[AnalysisInputs::SetMCSF] sample : WZTo3LNu_powheg
[AnalysisInputs::SetMCSF] => MCSF = 1.05246, MCSF_err = 0.0646733
[AnalysisInputs::SetMCSF] sample : ZGto2LG
[AnalysisInputs::SetMCSF] => MCSF = 1.09801, MCSF_err = 0.0750731
[AnalysisInputs::SetMCSF] sample : ZZTo4L_powheg
[AnalysisInputs::SetMCSF] => MCSF = 0.978683, MCSF_err = 0.0790547
[AnalysisInputs::SetMCSF] sample : ggZZto2e2mu
[AnalysisInputs::SetMCSF] => MCSF = 0.978683, MCSF_err = 0.0790547
[AnalysisInputs::SetMCSF] sample : ggZZto2e2nu
[AnalysisInputs::SetMCSF] => MCSF = 0.978683, MCSF_err = 0.0790547
[AnalysisInputs::SetMCSF] sample : ggZZto2e2tau
[AnalysisInputs::SetMCSF] => MCSF = 0.978683, MCSF_err = 0.0790547
[AnalysisInputs::SetMCSF] sample : ggZZto2mu2nu
[AnalysisInputs::SetMCSF] => MCSF = 0.978683, MCSF_err = 0.0790547
[AnalysisInputs::SetMCSF] sample : ggZZto2mu2tau
[AnalysisInputs::SetMCSF] => MCSF = 0.978683, MCSF_err = 0.0790547
[AnalysisInputs::SetMCSF] sample : ggZZto4e
[AnalysisInputs::SetMCSF] => MCSF = 0.978683, MCSF_err = 0.0790547
[AnalysisInputs::SetMCSF] sample : ggZZto4mu
[AnalysisInputs::SetMCSF] => MCSF = 0.978683, MCSF_err = 0.0790547
[AnalysisInputs::SetMCSF] sample : ggZZto4tau
[AnalysisInputs::SetMCSF] => MCSF = 0.978683, MCSF_err = 0.0790547
[AnalysisInputs::SetMCSF] sample : ggHtoZZ
[AnalysisInputs::SetMCSF] => MCSF = 0.978683, MCSF_err = 0.0790547
[AnalysisInputs::SetCalculatedSysts] Get Systematics from /data8/Users/jskim/HN_dilepton_plotter/data/v8-0-7.37/Syst.txt
[AnalysisInputs::SetCalculatedSysts] source : Luminosity
[AnalysisInputs::SetCalculatedSysts] => % sysematic = 0.025
[AnalysisInputs::SetCalculatedSysts] source : FakeLooseID
[AnalysisInputs::SetCalculatedSysts] => % sysematic = 0.3
[AnalysisInputs::SetCalculatedSysts] source : ChrageFlipSyst
[AnalysisInputs::SetCalculatedSysts] => % sysematic = 0.23
[CutRangeInfo::ReadCutCard] Get Cutcard from /data8/Users/jskim/HN_dilepton_plotter/data/v8-0-7.37/CutOpCard/RunDirectory/Cards_MuMu_Bin2/HNMuMu_1300.txt
Central	0.284541	0	0
_MuonEn_up	0.314708	0	0
_MuonEn_down	0.248464	0	0
_MuonIDSF_up	0.296575	0	0
_MuonIDSF_down	0.261181	0	0
_ElectronEn_up	0.274477	0	0
_ElectronEn_down	0.281645	0	0
_ElectronIDSF_up	0.282665	0	0
_ElectronIDSF_down	0.279368	0	0
_TriggerSF_up	0.283386	0	0
_TriggerSF_down	0.278238	0	0
_PU_up	0.269728	0	0
_PU_down	0.297627	0	0
_JetEn_up	0.288583	0	0
_JetEn_down	0.286218	0	0
_JetRes_up	0.281645	0	0
_JetRes_down	0.281645	0	0
_Unclustered_up	0.281645	0	0
_Unclustered_down	0.291468	0	0
_BTagSFEff_up	0.281645	0	0
_BTagSFEff_down	0.282481	0	0
_BTagSFMiss_up	0.275808	0	0
_BTagSFMiss_down	0.285323	0	0
_JetMass_up	0.27776	0	0
_JetMass_down	0.279257	0	0
_JetMassRes_up	0.276389	0	0
_JetMassRes_down	0.272104	0	0
_Tau21_up	0.299635	0	0
_Tau21_down	0.260439	0	0

################ Sources ################
Source	SystTotal	SystPrompt	SystFake	Signal
Stat 36.34 36.34  -nan  -nan  0.80
Lumi 2.50  2.50 -  -  2.50
PDF  -  -  -  -  2.44
MuonPt  11.69 11.69  -  -  0.97
MuonID  6.53 6.53  -  -  3.57
ElectronE  2.60 2.60  -  -  0.18
ElectronID  1.37 1.37  -  -  0.16
Trigger  1.59 1.59  -  -  0.44
PU  4.91 4.91  -  -  0.68
JES  1.09 1.09  -  -  0.29
JER  1.02 1.02  -  -  0.18
Uncl  1.87 1.87  -  -  0.07
BEff  0.88 0.88  -  -  0.61
BMiss  2.18 2.18  -  -  0.49
JMS  2.14 2.14  -  -  0.07
JMR  3.70 3.70  -  -  0.10
Tau21  7.07 7.07  -  -  8.38
MCNorm 35.77  35.77 -  -  -
Fake 0.00  -  -nan - -
CF 0.00  -  -  -nan -
Total Systematic 39.75 39.75  -nan  -nan  9.88

Total Background	0.285
- Prompt	0.285
- Fake	0.000
- CF	0.000

####### Result #######
Signal Eff	0.393967
0.284541 1.538536
0.020480 1.099083
