
Processing CyclesForMixingLimit_MuMu_Bin2/HNMuMu_90.C...
[AnalysisInputs::SetMCSF] Get MC SF from /data8/Users/jskim/HN_dilepton_plotter/data/v8-0-7.37/MCSF.txt
[AnalysisInputs::SetMCSF] sample : VVV
[AnalysisInputs::SetMCSF] => MCSF = 1, MCSF_err = 0.5
[AnalysisInputs::SetMCSF] sample : WWW
[AnalysisInputs::SetMCSF] => MCSF = 1, MCSF_err = 0.5
[AnalysisInputs::SetMCSF] sample : WWZ
[AnalysisInputs::SetMCSF] => MCSF = 1, MCSF_err = 0.5
[AnalysisInputs::SetMCSF] sample : WZZ
[AnalysisInputs::SetMCSF] => MCSF = 1, MCSF_err = 0.5
[AnalysisInputs::SetMCSF] sample : ZZZ
[AnalysisInputs::SetMCSF] => MCSF = 1, MCSF_err = 0.5
[AnalysisInputs::SetMCSF] sample : ttV
[AnalysisInputs::SetMCSF] => MCSF = 1, MCSF_err = 0.5
[AnalysisInputs::SetMCSF] sample : ttW
[AnalysisInputs::SetMCSF] => MCSF = 1, MCSF_err = 0.5
[AnalysisInputs::SetMCSF] sample : ttZ
[AnalysisInputs::SetMCSF] => MCSF = 1, MCSF_err = 0.5
[AnalysisInputs::SetMCSF] sample : ttH_nonbb
[AnalysisInputs::SetMCSF] => MCSF = 1, MCSF_err = 0.5
[AnalysisInputs::SetMCSF] sample : top
[AnalysisInputs::SetMCSF] => MCSF = 1, MCSF_err = 0.5
[AnalysisInputs::SetMCSF] sample : WWTo2L2Nu_DS
[AnalysisInputs::SetMCSF] => MCSF = 1, MCSF_err = 0.5
[AnalysisInputs::SetMCSF] sample : WpWpEWK
[AnalysisInputs::SetMCSF] => MCSF = 1, MCSF_err = 0.5
[AnalysisInputs::SetMCSF] sample : WpWpQCD
[AnalysisInputs::SetMCSF] => MCSF = 1, MCSF_err = 0.5
[AnalysisInputs::SetMCSF] sample : WZTo3LNu_mllmin01
[AnalysisInputs::SetMCSF] => MCSF = 0.65, MCSF_err = 0.06
[AnalysisInputs::SetMCSF] sample : WZTo3LNu_powheg
[AnalysisInputs::SetMCSF] => MCSF = 1.05246, MCSF_err = 0.0646733
[AnalysisInputs::SetMCSF] sample : ZGto2LG
[AnalysisInputs::SetMCSF] => MCSF = 1.09801, MCSF_err = 0.0750731
[AnalysisInputs::SetMCSF] sample : ZZTo4L_powheg
[AnalysisInputs::SetMCSF] => MCSF = 0.978683, MCSF_err = 0.0790547
[AnalysisInputs::SetMCSF] sample : ggZZto2e2mu
[AnalysisInputs::SetMCSF] => MCSF = 0.978683, MCSF_err = 0.0790547
[AnalysisInputs::SetMCSF] sample : ggZZto2e2nu
[AnalysisInputs::SetMCSF] => MCSF = 0.978683, MCSF_err = 0.0790547
[AnalysisInputs::SetMCSF] sample : ggZZto2e2tau
[AnalysisInputs::SetMCSF] => MCSF = 0.978683, MCSF_err = 0.0790547
[AnalysisInputs::SetMCSF] sample : ggZZto2mu2nu
[AnalysisInputs::SetMCSF] => MCSF = 0.978683, MCSF_err = 0.0790547
[AnalysisInputs::SetMCSF] sample : ggZZto2mu2tau
[AnalysisInputs::SetMCSF] => MCSF = 0.978683, MCSF_err = 0.0790547
[AnalysisInputs::SetMCSF] sample : ggZZto4e
[AnalysisInputs::SetMCSF] => MCSF = 0.978683, MCSF_err = 0.0790547
[AnalysisInputs::SetMCSF] sample : ggZZto4mu
[AnalysisInputs::SetMCSF] => MCSF = 0.978683, MCSF_err = 0.0790547
[AnalysisInputs::SetMCSF] sample : ggZZto4tau
[AnalysisInputs::SetMCSF] => MCSF = 0.978683, MCSF_err = 0.0790547
[AnalysisInputs::SetMCSF] sample : ggHtoZZ
[AnalysisInputs::SetMCSF] => MCSF = 0.978683, MCSF_err = 0.0790547
[AnalysisInputs::SetCalculatedSysts] Get Systematics from /data8/Users/jskim/HN_dilepton_plotter/data/v8-0-7.37/Syst.txt
[AnalysisInputs::SetCalculatedSysts] source : Luminosity
[AnalysisInputs::SetCalculatedSysts] => % sysematic = 0.025
[AnalysisInputs::SetCalculatedSysts] source : FakeLooseID
[AnalysisInputs::SetCalculatedSysts] => % sysematic = 0.3
[AnalysisInputs::SetCalculatedSysts] source : ChrageFlipSyst
[AnalysisInputs::SetCalculatedSysts] => % sysematic = 0.23
[CutRangeInfo::ReadCutCard] Get Cutcard from /data8/Users/jskim/HN_dilepton_plotter/data/v8-0-7.37/CutOpCard/RunDirectory/Cards_MuMu_Bin2/HNMuMu_90.txt
Central	0.845238	1.29532	0
_MuonEn_up	0.854393	1.29532	0
_MuonEn_down	0.805212	1.29532	0
_MuonIDSF_up	0.869575	1.29532	0
_MuonIDSF_down	0.81182	1.29532	0
_ElectronEn_up	0.852501	1.29532	0
_ElectronEn_down	0.841728	1.29532	0
_ElectronIDSF_up	0.833413	1.29532	0
_ElectronIDSF_down	0.853059	1.29532	0
_TriggerSF_up	0.847389	1.29532	0
_TriggerSF_down	0.848446	1.29532	0
_PU_up	0.820917	1.29532	0
_PU_down	0.877879	1.29532	0
_JetEn_up	0.814382	1.29532	0
_JetEn_down	0.96797	1.29532	0
_JetRes_up	0.846096	1.29532	0
_JetRes_down	0.837765	1.29532	0
_Unclustered_up	0.851533	1.29532	0
_Unclustered_down	0.827875	1.29532	0
_BTagSFEff_up	0.836515	1.29532	0
_BTagSFEff_down	0.844335	1.29532	0
_BTagSFMiss_up	0.846896	1.29532	0
_BTagSFMiss_down	0.841033	1.29532	0
_JetMass_up	0.850602	1.29532	0
_JetMass_down	0.847881	1.29532	0
_JetMassRes_up	0.838334	1.29532	0
_JetMassRes_down	0.91619	1.29532	0
_Tau21_up	0.90499	1.29532	0
_Tau21_down	0.781694	1.29532	0

################ Sources ################
Source	SystTotal	SystPrompt	SystFake	Signal
Stat 17.32 22.12  24.72  -nan  100.00
Lumi 0.99  2.50 -  -  2.50
PDF  -  -  -  -  2.44
MuonPt  1.36 3.44  -  -  0.00
MuonID  1.37 3.46  -  -  4.98
ElectronE  0.27 0.67  -  -  0.00
ElectronID  0.47 1.19  -  -  0.00
Trigger  0.13 0.32  -  -  1.33
PU  1.34 3.41  -  -  1.14
JES  4.18 10.59  -  -  100.90
JER  0.25 0.63  -  -  0.00
Uncl  0.61 1.55  -  -  0.00
BEff  0.29 0.73  -  -  0.00
BMiss  0.15 0.38  -  -  0.00
JMS  0.20 0.50  -  -  0.00
JMR  2.35 5.96  -  -  0.00
Tau21  2.88 7.30  -  -  7.21
MCNorm 12.91  32.70 -  -  -
Fake 18.15  -  30.00 - -
CF 0.00  -  -  -nan -
Total Systematic 23.13 36.30  30.00  -nan  101.36

Total Background	2.141
- Prompt	0.845
- Fake	1.295
- CF	0.000

####### Result #######
Signal Eff	0.000017
2.140558 1.288981
0.087086 2.423853
