
Processing CyclesForMixingLimit_MuMu_Bin2/HNMuMu_1100.C...
[AnalysisInputs::SetMCSF] Get MC SF from /data8/Users/jskim/HN_dilepton_plotter/data/v8-0-7.37/MCSF.txt
[AnalysisInputs::SetMCSF] sample : VVV
[AnalysisInputs::SetMCSF] => MCSF = 1, MCSF_err = 0.5
[AnalysisInputs::SetMCSF] sample : WWW
[AnalysisInputs::SetMCSF] => MCSF = 1, MCSF_err = 0.5
[AnalysisInputs::SetMCSF] sample : WWZ
[AnalysisInputs::SetMCSF] => MCSF = 1, MCSF_err = 0.5
[AnalysisInputs::SetMCSF] sample : WZZ
[AnalysisInputs::SetMCSF] => MCSF = 1, MCSF_err = 0.5
[AnalysisInputs::SetMCSF] sample : ZZZ
[AnalysisInputs::SetMCSF] => MCSF = 1, MCSF_err = 0.5
[AnalysisInputs::SetMCSF] sample : ttV
[AnalysisInputs::SetMCSF] => MCSF = 1, MCSF_err = 0.5
[AnalysisInputs::SetMCSF] sample : ttW
[AnalysisInputs::SetMCSF] => MCSF = 1, MCSF_err = 0.5
[AnalysisInputs::SetMCSF] sample : ttZ
[AnalysisInputs::SetMCSF] => MCSF = 1, MCSF_err = 0.5
[AnalysisInputs::SetMCSF] sample : ttH_nonbb
[AnalysisInputs::SetMCSF] => MCSF = 1, MCSF_err = 0.5
[AnalysisInputs::SetMCSF] sample : top
[AnalysisInputs::SetMCSF] => MCSF = 1, MCSF_err = 0.5
[AnalysisInputs::SetMCSF] sample : WWTo2L2Nu_DS
[AnalysisInputs::SetMCSF] => MCSF = 1, MCSF_err = 0.5
[AnalysisInputs::SetMCSF] sample : WpWpEWK
[AnalysisInputs::SetMCSF] => MCSF = 1, MCSF_err = 0.5
[AnalysisInputs::SetMCSF] sample : WpWpQCD
[AnalysisInputs::SetMCSF] => MCSF = 1, MCSF_err = 0.5
[AnalysisInputs::SetMCSF] sample : WZTo3LNu_mllmin01
[AnalysisInputs::SetMCSF] => MCSF = 0.65, MCSF_err = 0.06
[AnalysisInputs::SetMCSF] sample : WZTo3LNu_powheg
[AnalysisInputs::SetMCSF] => MCSF = 1.05246, MCSF_err = 0.0646733
[AnalysisInputs::SetMCSF] sample : ZGto2LG
[AnalysisInputs::SetMCSF] => MCSF = 1.09801, MCSF_err = 0.0750731
[AnalysisInputs::SetMCSF] sample : ZZTo4L_powheg
[AnalysisInputs::SetMCSF] => MCSF = 0.978683, MCSF_err = 0.0790547
[AnalysisInputs::SetMCSF] sample : ggZZto2e2mu
[AnalysisInputs::SetMCSF] => MCSF = 0.978683, MCSF_err = 0.0790547
[AnalysisInputs::SetMCSF] sample : ggZZto2e2nu
[AnalysisInputs::SetMCSF] => MCSF = 0.978683, MCSF_err = 0.0790547
[AnalysisInputs::SetMCSF] sample : ggZZto2e2tau
[AnalysisInputs::SetMCSF] => MCSF = 0.978683, MCSF_err = 0.0790547
[AnalysisInputs::SetMCSF] sample : ggZZto2mu2nu
[AnalysisInputs::SetMCSF] => MCSF = 0.978683, MCSF_err = 0.0790547
[AnalysisInputs::SetMCSF] sample : ggZZto2mu2tau
[AnalysisInputs::SetMCSF] => MCSF = 0.978683, MCSF_err = 0.0790547
[AnalysisInputs::SetMCSF] sample : ggZZto4e
[AnalysisInputs::SetMCSF] => MCSF = 0.978683, MCSF_err = 0.0790547
[AnalysisInputs::SetMCSF] sample : ggZZto4mu
[AnalysisInputs::SetMCSF] => MCSF = 0.978683, MCSF_err = 0.0790547
[AnalysisInputs::SetMCSF] sample : ggZZto4tau
[AnalysisInputs::SetMCSF] => MCSF = 0.978683, MCSF_err = 0.0790547
[AnalysisInputs::SetMCSF] sample : ggHtoZZ
[AnalysisInputs::SetMCSF] => MCSF = 0.978683, MCSF_err = 0.0790547
[AnalysisInputs::SetCalculatedSysts] Get Systematics from /data8/Users/jskim/HN_dilepton_plotter/data/v8-0-7.37/Syst.txt
[AnalysisInputs::SetCalculatedSysts] source : Luminosity
[AnalysisInputs::SetCalculatedSysts] => % sysematic = 0.025
[AnalysisInputs::SetCalculatedSysts] source : FakeLooseID
[AnalysisInputs::SetCalculatedSysts] => % sysematic = 0.3
[AnalysisInputs::SetCalculatedSysts] source : ChrageFlipSyst
[AnalysisInputs::SetCalculatedSysts] => % sysematic = 0.23
[CutRangeInfo::ReadCutCard] Get Cutcard from /data8/Users/jskim/HN_dilepton_plotter/data/v8-0-7.37/CutOpCard/RunDirectory/Cards_MuMu_Bin2/HNMuMu_1100.txt
Central	0.438966	0	0
_MuonEn_up	0.556054	0	0
_MuonEn_down	0.325127	0	0
_MuonIDSF_up	0.450984	0	0
_MuonIDSF_down	0.40813	0	0
_ElectronEn_up	0.429211	0	0
_ElectronEn_down	0.432126	0	0
_ElectronIDSF_up	0.429541	0	0
_ElectronIDSF_down	0.440093	0	0
_TriggerSF_up	0.43221	0	0
_TriggerSF_down	0.432359	0	0
_PU_up	0.440697	0	0
_PU_down	0.432178	0	0
_JetEn_up	0.434517	0	0
_JetEn_down	0.447155	0	0
_JetRes_up	0.431189	0	0
_JetRes_down	0.33541	0	0
_Unclustered_up	0.443138	0	0
_Unclustered_down	0.46464	0	0
_BTagSFEff_up	0.428518	0	0
_BTagSFEff_down	0.440375	0	0
_BTagSFMiss_up	0.416565	0	0
_BTagSFMiss_down	0.438717	0	0
_JetMass_up	0.437394	0	0
_JetMass_down	0.436205	0	0
_JetMassRes_up	0.44467	0	0
_JetMassRes_down	0.433265	0	0
_Tau21_up	0.462038	0	0
_Tau21_down	0.399492	0	0

################ Sources ################
Source	SystTotal	SystPrompt	SystFake	Signal
Stat 31.59 31.59  -nan  -nan  0.74
Lumi 2.50  2.50 -  -  2.50
PDF  -  -  -  -  2.44
MuonPt  26.31 26.31  -  -  0.78
MuonID  5.33 5.33  -  -  3.61
ElectronE  1.92 1.92  -  -  0.12
ElectronID  1.53 1.53  -  -  0.08
Trigger  1.52 1.52  -  -  0.41
PU  1.13 1.13  -  -  0.58
JES  1.50 1.50  -  -  0.20
JER  16.73 16.73  -  -  0.21
Uncl  4.19 4.19  -  -  0.20
BEff  1.70 1.70  -  -  0.46
BMiss  3.61 3.61  -  -  0.51
JMS  0.51 0.51  -  -  0.11
JMR  1.30 1.30  -  -  0.12
Tau21  7.37 7.37  -  -  8.29
MCNorm 32.27  32.27 -  -  -
Fake 0.00  -  -nan - -
CF 0.00  -  -  -nan -
Total Systematic 46.36 46.36  -nan  -nan  9.78

Total Background	0.439
- Prompt	0.439
- Fake	0.000
- CF	0.000

####### Result #######
Signal Eff	0.400627
0.438966 1.561027
0.048679 1.098124
