
Processing CyclesForMixingLimit_MuMu_Bin2/HNMuMu_300_VBF.C...
[AnalysisInputs::SetMCSF] Get MC SF from /data8/Users/jskim/HN_dilepton_plotter/data/v8-0-7.37/MCSF.txt
[AnalysisInputs::SetMCSF] sample : VVV
[AnalysisInputs::SetMCSF] => MCSF = 1, MCSF_err = 0.5
[AnalysisInputs::SetMCSF] sample : WWW
[AnalysisInputs::SetMCSF] => MCSF = 1, MCSF_err = 0.5
[AnalysisInputs::SetMCSF] sample : WWZ
[AnalysisInputs::SetMCSF] => MCSF = 1, MCSF_err = 0.5
[AnalysisInputs::SetMCSF] sample : WZZ
[AnalysisInputs::SetMCSF] => MCSF = 1, MCSF_err = 0.5
[AnalysisInputs::SetMCSF] sample : ZZZ
[AnalysisInputs::SetMCSF] => MCSF = 1, MCSF_err = 0.5
[AnalysisInputs::SetMCSF] sample : ttV
[AnalysisInputs::SetMCSF] => MCSF = 1, MCSF_err = 0.5
[AnalysisInputs::SetMCSF] sample : ttW
[AnalysisInputs::SetMCSF] => MCSF = 1, MCSF_err = 0.5
[AnalysisInputs::SetMCSF] sample : ttZ
[AnalysisInputs::SetMCSF] => MCSF = 1, MCSF_err = 0.5
[AnalysisInputs::SetMCSF] sample : ttH_nonbb
[AnalysisInputs::SetMCSF] => MCSF = 1, MCSF_err = 0.5
[AnalysisInputs::SetMCSF] sample : top
[AnalysisInputs::SetMCSF] => MCSF = 1, MCSF_err = 0.5
[AnalysisInputs::SetMCSF] sample : WWTo2L2Nu_DS
[AnalysisInputs::SetMCSF] => MCSF = 1, MCSF_err = 0.5
[AnalysisInputs::SetMCSF] sample : WpWpEWK
[AnalysisInputs::SetMCSF] => MCSF = 1, MCSF_err = 0.5
[AnalysisInputs::SetMCSF] sample : WpWpQCD
[AnalysisInputs::SetMCSF] => MCSF = 1, MCSF_err = 0.5
[AnalysisInputs::SetMCSF] sample : WZTo3LNu_mllmin01
[AnalysisInputs::SetMCSF] => MCSF = 0.65, MCSF_err = 0.06
[AnalysisInputs::SetMCSF] sample : WZTo3LNu_powheg
[AnalysisInputs::SetMCSF] => MCSF = 1.05246, MCSF_err = 0.0646733
[AnalysisInputs::SetMCSF] sample : ZGto2LG
[AnalysisInputs::SetMCSF] => MCSF = 1.09801, MCSF_err = 0.0750731
[AnalysisInputs::SetMCSF] sample : ZZTo4L_powheg
[AnalysisInputs::SetMCSF] => MCSF = 0.978683, MCSF_err = 0.0790547
[AnalysisInputs::SetMCSF] sample : ggZZto2e2mu
[AnalysisInputs::SetMCSF] => MCSF = 0.978683, MCSF_err = 0.0790547
[AnalysisInputs::SetMCSF] sample : ggZZto2e2nu
[AnalysisInputs::SetMCSF] => MCSF = 0.978683, MCSF_err = 0.0790547
[AnalysisInputs::SetMCSF] sample : ggZZto2e2tau
[AnalysisInputs::SetMCSF] => MCSF = 0.978683, MCSF_err = 0.0790547
[AnalysisInputs::SetMCSF] sample : ggZZto2mu2nu
[AnalysisInputs::SetMCSF] => MCSF = 0.978683, MCSF_err = 0.0790547
[AnalysisInputs::SetMCSF] sample : ggZZto2mu2tau
[AnalysisInputs::SetMCSF] => MCSF = 0.978683, MCSF_err = 0.0790547
[AnalysisInputs::SetMCSF] sample : ggZZto4e
[AnalysisInputs::SetMCSF] => MCSF = 0.978683, MCSF_err = 0.0790547
[AnalysisInputs::SetMCSF] sample : ggZZto4mu
[AnalysisInputs::SetMCSF] => MCSF = 0.978683, MCSF_err = 0.0790547
[AnalysisInputs::SetMCSF] sample : ggZZto4tau
[AnalysisInputs::SetMCSF] => MCSF = 0.978683, MCSF_err = 0.0790547
[AnalysisInputs::SetMCSF] sample : ggHtoZZ
[AnalysisInputs::SetMCSF] => MCSF = 0.978683, MCSF_err = 0.0790547
[AnalysisInputs::SetCalculatedSysts] Get Systematics from /data8/Users/jskim/HN_dilepton_plotter/data/v8-0-7.37/Syst.txt
[AnalysisInputs::SetCalculatedSysts] source : Luminosity
[AnalysisInputs::SetCalculatedSysts] => % sysematic = 0.025
[AnalysisInputs::SetCalculatedSysts] source : FakeLooseID
[AnalysisInputs::SetCalculatedSysts] => % sysematic = 0.3
[AnalysisInputs::SetCalculatedSysts] source : ChrageFlipSyst
[AnalysisInputs::SetCalculatedSysts] => % sysematic = 0.23
[CutRangeInfo::ReadCutCard] Get Cutcard from /data8/Users/jskim/HN_dilepton_plotter/data/v8-0-7.37/CutOpCard/RunDirectory/Cards_MuMu_Bin2/HNMuMu_300.txt
Central	0.532327	0.0361946	0
_MuonEn_up	0.676262	0.0361946	0
_MuonEn_down	0.503384	0.0361946	0
_MuonIDSF_up	0.541821	0.0361946	0
_MuonIDSF_down	0.50697	0.0361946	0
_ElectronEn_up	0.518708	0.0361946	0
_ElectronEn_down	0.526692	0.0361946	0
_ElectronIDSF_up	0.524311	0.0361946	0
_ElectronIDSF_down	0.519226	0.0361946	0
_TriggerSF_up	0.538797	0.0361946	0
_TriggerSF_down	0.524499	0.0361946	0
_PU_up	0.518497	0.0361946	0
_PU_down	0.551872	0.0361946	0
_JetEn_up	0.52917	0.0361946	0
_JetEn_down	0.626548	0.0361946	0
_JetRes_up	0.56412	0.0361946	0
_JetRes_down	0.633954	0.0361946	0
_Unclustered_up	0.529434	0.0361946	0
_Unclustered_down	0.533229	0.0361946	0
_BTagSFEff_up	0.520853	0.0361946	0
_BTagSFEff_down	0.536368	0.0361946	0
_BTagSFMiss_up	0.525886	0.0361946	0
_BTagSFMiss_down	0.522426	0.0361946	0
_JetMass_up	0.519522	0.0361946	0
_JetMass_down	0.519005	0.0361946	0
_JetMassRes_up	0.513571	0.0361946	0
_JetMassRes_down	0.501663	0.0361946	0
_Tau21_up	0.562783	0.0361946	0
_Tau21_down	0.491171	0.0361946	0

################ Sources ################
Source	SystTotal	SystPrompt	SystFake	Signal
Stat 29.86 30.80  121.09  -nan  1.89
Lumi 2.34  2.50 -  -  2.50
PDF  -  -  -  -  2.44
MuonPt  18.26 19.50  -  -  3.81
MuonID  3.37 3.60  -  -  3.41
ElectronE  1.83 1.96  -  -  0.10
ElectronID  1.91 2.04  -  -  0.07
Trigger  1.26 1.35  -  -  0.47
PU  2.98 3.18  -  -  0.95
JES  11.73 12.52  -  -  0.33
JER  13.24 14.14  -  -  0.30
Uncl  0.38 0.40  -  -  0.28
BEff  1.51 1.62  -  -  0.35
BMiss  1.47 1.57  -  -  0.61
JMS  2.30 2.45  -  -  0.20
JMR  4.47 4.77  -  -  0.03
Tau21  6.37 6.80  -  -  7.44
MCNorm 32.61  34.83 -  -  -
Fake 1.91  -  30.00 - -
CF 0.00  -  -  -nan -
Total Systematic 42.64 45.49  30.00  -nan  9.78

Total Background	0.569
- Prompt	0.532
- Fake	0.036
- CF	0.000

####### Result #######
Signal Eff	0.055027
0.568522 1.520514
1.741245 1.099634
