
Processing CyclesForMixingLimit_MuMu_Bin2/HNMuMu_1400.C...
[AnalysisInputs::SetMCSF] Get MC SF from /data8/Users/jskim/HN_dilepton_plotter/data/v8-0-7.37/MCSF.txt
[AnalysisInputs::SetMCSF] sample : VVV
[AnalysisInputs::SetMCSF] => MCSF = 1, MCSF_err = 0.5
[AnalysisInputs::SetMCSF] sample : WWW
[AnalysisInputs::SetMCSF] => MCSF = 1, MCSF_err = 0.5
[AnalysisInputs::SetMCSF] sample : WWZ
[AnalysisInputs::SetMCSF] => MCSF = 1, MCSF_err = 0.5
[AnalysisInputs::SetMCSF] sample : WZZ
[AnalysisInputs::SetMCSF] => MCSF = 1, MCSF_err = 0.5
[AnalysisInputs::SetMCSF] sample : ZZZ
[AnalysisInputs::SetMCSF] => MCSF = 1, MCSF_err = 0.5
[AnalysisInputs::SetMCSF] sample : ttV
[AnalysisInputs::SetMCSF] => MCSF = 1, MCSF_err = 0.5
[AnalysisInputs::SetMCSF] sample : ttW
[AnalysisInputs::SetMCSF] => MCSF = 1, MCSF_err = 0.5
[AnalysisInputs::SetMCSF] sample : ttZ
[AnalysisInputs::SetMCSF] => MCSF = 1, MCSF_err = 0.5
[AnalysisInputs::SetMCSF] sample : ttH_nonbb
[AnalysisInputs::SetMCSF] => MCSF = 1, MCSF_err = 0.5
[AnalysisInputs::SetMCSF] sample : top
[AnalysisInputs::SetMCSF] => MCSF = 1, MCSF_err = 0.5
[AnalysisInputs::SetMCSF] sample : WWTo2L2Nu_DS
[AnalysisInputs::SetMCSF] => MCSF = 1, MCSF_err = 0.5
[AnalysisInputs::SetMCSF] sample : WpWpEWK
[AnalysisInputs::SetMCSF] => MCSF = 1, MCSF_err = 0.5
[AnalysisInputs::SetMCSF] sample : WpWpQCD
[AnalysisInputs::SetMCSF] => MCSF = 1, MCSF_err = 0.5
[AnalysisInputs::SetMCSF] sample : WZTo3LNu_mllmin01
[AnalysisInputs::SetMCSF] => MCSF = 0.65, MCSF_err = 0.06
[AnalysisInputs::SetMCSF] sample : WZTo3LNu_powheg
[AnalysisInputs::SetMCSF] => MCSF = 1.05246, MCSF_err = 0.0646733
[AnalysisInputs::SetMCSF] sample : ZGto2LG
[AnalysisInputs::SetMCSF] => MCSF = 1.09801, MCSF_err = 0.0750731
[AnalysisInputs::SetMCSF] sample : ZZTo4L_powheg
[AnalysisInputs::SetMCSF] => MCSF = 0.978683, MCSF_err = 0.0790547
[AnalysisInputs::SetMCSF] sample : ggZZto2e2mu
[AnalysisInputs::SetMCSF] => MCSF = 0.978683, MCSF_err = 0.0790547
[AnalysisInputs::SetMCSF] sample : ggZZto2e2nu
[AnalysisInputs::SetMCSF] => MCSF = 0.978683, MCSF_err = 0.0790547
[AnalysisInputs::SetMCSF] sample : ggZZto2e2tau
[AnalysisInputs::SetMCSF] => MCSF = 0.978683, MCSF_err = 0.0790547
[AnalysisInputs::SetMCSF] sample : ggZZto2mu2nu
[AnalysisInputs::SetMCSF] => MCSF = 0.978683, MCSF_err = 0.0790547
[AnalysisInputs::SetMCSF] sample : ggZZto2mu2tau
[AnalysisInputs::SetMCSF] => MCSF = 0.978683, MCSF_err = 0.0790547
[AnalysisInputs::SetMCSF] sample : ggZZto4e
[AnalysisInputs::SetMCSF] => MCSF = 0.978683, MCSF_err = 0.0790547
[AnalysisInputs::SetMCSF] sample : ggZZto4mu
[AnalysisInputs::SetMCSF] => MCSF = 0.978683, MCSF_err = 0.0790547
[AnalysisInputs::SetMCSF] sample : ggZZto4tau
[AnalysisInputs::SetMCSF] => MCSF = 0.978683, MCSF_err = 0.0790547
[AnalysisInputs::SetMCSF] sample : ggHtoZZ
[AnalysisInputs::SetMCSF] => MCSF = 0.978683, MCSF_err = 0.0790547
[AnalysisInputs::SetCalculatedSysts] Get Systematics from /data8/Users/jskim/HN_dilepton_plotter/data/v8-0-7.37/Syst.txt
[AnalysisInputs::SetCalculatedSysts] source : Luminosity
[AnalysisInputs::SetCalculatedSysts] => % sysematic = 0.025
[AnalysisInputs::SetCalculatedSysts] source : FakeLooseID
[AnalysisInputs::SetCalculatedSysts] => % sysematic = 0.3
[AnalysisInputs::SetCalculatedSysts] source : ChrageFlipSyst
[AnalysisInputs::SetCalculatedSysts] => % sysematic = 0.23
[CutRangeInfo::ReadCutCard] Get Cutcard from /data8/Users/jskim/HN_dilepton_plotter/data/v8-0-7.37/CutOpCard/RunDirectory/Cards_MuMu_Bin2/HNMuMu_1400.txt
Central	0.250194	0	0
_MuonEn_up	0.272475	0	0
_MuonEn_down	0.222348	0	0
_MuonIDSF_up	0.26399	0	0
_MuonIDSF_down	0.234163	0	0
_ElectronEn_up	0.246509	0	0
_ElectronEn_down	0.247298	0	0
_ElectronIDSF_up	0.248318	0	0
_ElectronIDSF_down	0.241003	0	0
_TriggerSF_up	0.254462	0	0
_TriggerSF_down	0.249487	0	0
_PU_up	0.236904	0	0
_PU_down	0.262031	0	0
_JetEn_up	0.257882	0	0
_JetEn_down	0.241496	0	0
_JetRes_up	0.243677	0	0
_JetRes_down	0.252759	0	0
_Unclustered_up	0.247298	0	0
_Unclustered_down	0.257121	0	0
_BTagSFEff_up	0.250762	0	0
_BTagSFEff_down	0.251996	0	0
_BTagSFMiss_up	0.246876	0	0
_BTagSFMiss_down	0.250976	0	0
_JetMass_up	0.246876	0	0
_JetMass_down	0.24491	0	0
_JetMassRes_up	0.242042	0	0
_JetMassRes_down	0.241619	0	0
_Tau21_up	0.26683	0	0
_Tau21_down	0.23387	0	0

################ Sources ################
Source	SystTotal	SystPrompt	SystFake	Signal
Stat 40.98 40.98  -nan  -nan  0.81
Lumi 2.50  2.50 -  -  2.50
PDF  -  -  -  -  2.44
MuonPt  10.08 10.08  -  -  1.00
MuonID  5.98 5.98  -  -  3.62
ElectronE  1.32 1.32  -  -  0.14
ElectronID  2.65 2.65  -  -  0.15
Trigger  1.22 1.22  -  -  0.51
PU  5.03 5.03  -  -  1.20
JES  3.28 3.28  -  -  0.33
JER  1.98 1.98  -  -  0.28
Uncl  2.12 2.12  -  -  0.31
BEff  0.53 0.53  -  -  0.57
BMiss  0.96 0.96  -  -  0.51
JMS  1.76 1.76  -  -  0.06
JMR  3.34 3.34  -  -  0.09
Tau21  6.59 6.59  -  -  8.58
MCNorm 33.82  33.82 -  -  -
Fake 0.00  -  -nan - -
CF 0.00  -  -  -nan -
Total Systematic 37.43 37.43  -nan  -nan  10.12

Total Background	0.250
- Prompt	0.250
- Fake	0.000
- CF	0.000

####### Result #######
Signal Eff	0.390525
0.250194 1.555003
0.013618 1.101557
