
Processing CyclesForMixingLimit_MuMu_Bin2/HNMuMu_1500_VBF.C...
[AnalysisInputs::SetMCSF] Get MC SF from /data8/Users/jskim/HN_dilepton_plotter/data/v8-0-7.37/MCSF.txt
[AnalysisInputs::SetMCSF] sample : VVV
[AnalysisInputs::SetMCSF] => MCSF = 1, MCSF_err = 0.5
[AnalysisInputs::SetMCSF] sample : WWW
[AnalysisInputs::SetMCSF] => MCSF = 1, MCSF_err = 0.5
[AnalysisInputs::SetMCSF] sample : WWZ
[AnalysisInputs::SetMCSF] => MCSF = 1, MCSF_err = 0.5
[AnalysisInputs::SetMCSF] sample : WZZ
[AnalysisInputs::SetMCSF] => MCSF = 1, MCSF_err = 0.5
[AnalysisInputs::SetMCSF] sample : ZZZ
[AnalysisInputs::SetMCSF] => MCSF = 1, MCSF_err = 0.5
[AnalysisInputs::SetMCSF] sample : ttV
[AnalysisInputs::SetMCSF] => MCSF = 1, MCSF_err = 0.5
[AnalysisInputs::SetMCSF] sample : ttW
[AnalysisInputs::SetMCSF] => MCSF = 1, MCSF_err = 0.5
[AnalysisInputs::SetMCSF] sample : ttZ
[AnalysisInputs::SetMCSF] => MCSF = 1, MCSF_err = 0.5
[AnalysisInputs::SetMCSF] sample : ttH_nonbb
[AnalysisInputs::SetMCSF] => MCSF = 1, MCSF_err = 0.5
[AnalysisInputs::SetMCSF] sample : top
[AnalysisInputs::SetMCSF] => MCSF = 1, MCSF_err = 0.5
[AnalysisInputs::SetMCSF] sample : WWTo2L2Nu_DS
[AnalysisInputs::SetMCSF] => MCSF = 1, MCSF_err = 0.5
[AnalysisInputs::SetMCSF] sample : WpWpEWK
[AnalysisInputs::SetMCSF] => MCSF = 1, MCSF_err = 0.5
[AnalysisInputs::SetMCSF] sample : WpWpQCD
[AnalysisInputs::SetMCSF] => MCSF = 1, MCSF_err = 0.5
[AnalysisInputs::SetMCSF] sample : WZTo3LNu_mllmin01
[AnalysisInputs::SetMCSF] => MCSF = 0.65, MCSF_err = 0.06
[AnalysisInputs::SetMCSF] sample : WZTo3LNu_powheg
[AnalysisInputs::SetMCSF] => MCSF = 1.05246, MCSF_err = 0.0646733
[AnalysisInputs::SetMCSF] sample : ZGto2LG
[AnalysisInputs::SetMCSF] => MCSF = 1.09801, MCSF_err = 0.0750731
[AnalysisInputs::SetMCSF] sample : ZZTo4L_powheg
[AnalysisInputs::SetMCSF] => MCSF = 0.978683, MCSF_err = 0.0790547
[AnalysisInputs::SetMCSF] sample : ggZZto2e2mu
[AnalysisInputs::SetMCSF] => MCSF = 0.978683, MCSF_err = 0.0790547
[AnalysisInputs::SetMCSF] sample : ggZZto2e2nu
[AnalysisInputs::SetMCSF] => MCSF = 0.978683, MCSF_err = 0.0790547
[AnalysisInputs::SetMCSF] sample : ggZZto2e2tau
[AnalysisInputs::SetMCSF] => MCSF = 0.978683, MCSF_err = 0.0790547
[AnalysisInputs::SetMCSF] sample : ggZZto2mu2nu
[AnalysisInputs::SetMCSF] => MCSF = 0.978683, MCSF_err = 0.0790547
[AnalysisInputs::SetMCSF] sample : ggZZto2mu2tau
[AnalysisInputs::SetMCSF] => MCSF = 0.978683, MCSF_err = 0.0790547
[AnalysisInputs::SetMCSF] sample : ggZZto4e
[AnalysisInputs::SetMCSF] => MCSF = 0.978683, MCSF_err = 0.0790547
[AnalysisInputs::SetMCSF] sample : ggZZto4mu
[AnalysisInputs::SetMCSF] => MCSF = 0.978683, MCSF_err = 0.0790547
[AnalysisInputs::SetMCSF] sample : ggZZto4tau
[AnalysisInputs::SetMCSF] => MCSF = 0.978683, MCSF_err = 0.0790547
[AnalysisInputs::SetMCSF] sample : ggHtoZZ
[AnalysisInputs::SetMCSF] => MCSF = 0.978683, MCSF_err = 0.0790547
[AnalysisInputs::SetCalculatedSysts] Get Systematics from /data8/Users/jskim/HN_dilepton_plotter/data/v8-0-7.37/Syst.txt
[AnalysisInputs::SetCalculatedSysts] source : Luminosity
[AnalysisInputs::SetCalculatedSysts] => % sysematic = 0.025
[AnalysisInputs::SetCalculatedSysts] source : FakeLooseID
[AnalysisInputs::SetCalculatedSysts] => % sysematic = 0.3
[AnalysisInputs::SetCalculatedSysts] source : ChrageFlipSyst
[AnalysisInputs::SetCalculatedSysts] => % sysematic = 0.23
[CutRangeInfo::ReadCutCard] Get Cutcard from /data8/Users/jskim/HN_dilepton_plotter/data/v8-0-7.37/CutOpCard/RunDirectory/Cards_MuMu_Bin2/HNMuMu_1500.txt
Central	0.218371	0	0
_MuonEn_up	0.242463	0	0
_MuonEn_down	0.208049	0	0
_MuonIDSF_up	0.234011	0	0
_MuonIDSF_down	0.206269	0	0
_ElectronEn_up	0.217582	0	0
_ElectronEn_down	0.218371	0	0
_ElectronIDSF_up	0.219391	0	0
_ElectronIDSF_down	0.212076	0	0
_TriggerSF_up	0.225346	0	0
_TriggerSF_down	0.223967	0	0
_PU_up	0.207308	0	0
_PU_down	0.232179	0	0
_JetEn_up	0.223495	0	0
_JetEn_down	0.23675	0	0
_JetRes_up	0.22393	0	0
_JetRes_down	0.218371	0	0
_Unclustered_up	0.218371	0	0
_Unclustered_down	0.228194	0	0
_BTagSFEff_up	0.221835	0	0
_BTagSFEff_down	0.223069	0	0
_BTagSFMiss_up	0.217949	0	0
_BTagSFMiss_down	0.222049	0	0
_JetMass_up	0.217949	0	0
_JetMass_down	0.21493	0	0
_JetMassRes_up	0.212061	0	0
_JetMassRes_down	0.212692	0	0
_Tau21_up	0.235711	0	0
_Tau21_down	0.207135	0	0

################ Sources ################
Source	SystTotal	SystPrompt	SystFake	Signal
Stat 46.63 46.63  -nan  -nan  1.46
Lumi 2.50  2.50 -  -  2.50
PDF  -  -  -  -  2.44
MuonPt  8.49 8.49  -  -  1.37
MuonID  6.40 6.40  -  -  3.37
ElectronE  0.26 0.26  -  -  0.06
ElectronID  2.06 2.06  -  -  0.07
Trigger  2.90 2.90  -  -  0.58
PU  5.73 5.73  -  -  0.84
JES  6.18 6.18  -  -  0.33
JER  1.80 1.80  -  -  0.18
Uncl  3.18 3.18  -  -  0.31
BEff  1.89 1.89  -  -  0.65
BMiss  1.20 1.20  -  -  0.41
JMS  1.12 1.12  -  -  0.06
JMR  2.75 2.75  -  -  0.11
Tau21  6.69 6.69  -  -  8.45
MCNorm 31.46  31.46 -  -  -
Fake 0.00  -  -nan - -
CF 0.00  -  -  -nan -
Total Systematic 35.56 35.56  -nan  -nan  9.93

Total Background	0.218
- Prompt	0.218
- Fake	0.000
- CF	0.000

####### Result #######
Signal Eff	0.526932
0.218371 1.586447
0.039086 1.100408
