
Processing CyclesForMixingLimit_MuMu_Bin2/HNMuMu_900.C...
[AnalysisInputs::SetMCSF] Get MC SF from /data8/Users/jskim/HN_dilepton_plotter/data/v8-0-7.37/MCSF.txt
[AnalysisInputs::SetMCSF] sample : VVV
[AnalysisInputs::SetMCSF] => MCSF = 1, MCSF_err = 0.5
[AnalysisInputs::SetMCSF] sample : WWW
[AnalysisInputs::SetMCSF] => MCSF = 1, MCSF_err = 0.5
[AnalysisInputs::SetMCSF] sample : WWZ
[AnalysisInputs::SetMCSF] => MCSF = 1, MCSF_err = 0.5
[AnalysisInputs::SetMCSF] sample : WZZ
[AnalysisInputs::SetMCSF] => MCSF = 1, MCSF_err = 0.5
[AnalysisInputs::SetMCSF] sample : ZZZ
[AnalysisInputs::SetMCSF] => MCSF = 1, MCSF_err = 0.5
[AnalysisInputs::SetMCSF] sample : ttV
[AnalysisInputs::SetMCSF] => MCSF = 1, MCSF_err = 0.5
[AnalysisInputs::SetMCSF] sample : ttW
[AnalysisInputs::SetMCSF] => MCSF = 1, MCSF_err = 0.5
[AnalysisInputs::SetMCSF] sample : ttZ
[AnalysisInputs::SetMCSF] => MCSF = 1, MCSF_err = 0.5
[AnalysisInputs::SetMCSF] sample : ttH_nonbb
[AnalysisInputs::SetMCSF] => MCSF = 1, MCSF_err = 0.5
[AnalysisInputs::SetMCSF] sample : top
[AnalysisInputs::SetMCSF] => MCSF = 1, MCSF_err = 0.5
[AnalysisInputs::SetMCSF] sample : WWTo2L2Nu_DS
[AnalysisInputs::SetMCSF] => MCSF = 1, MCSF_err = 0.5
[AnalysisInputs::SetMCSF] sample : WpWpEWK
[AnalysisInputs::SetMCSF] => MCSF = 1, MCSF_err = 0.5
[AnalysisInputs::SetMCSF] sample : WpWpQCD
[AnalysisInputs::SetMCSF] => MCSF = 1, MCSF_err = 0.5
[AnalysisInputs::SetMCSF] sample : WZTo3LNu_mllmin01
[AnalysisInputs::SetMCSF] => MCSF = 0.65, MCSF_err = 0.06
[AnalysisInputs::SetMCSF] sample : WZTo3LNu_powheg
[AnalysisInputs::SetMCSF] => MCSF = 1.05246, MCSF_err = 0.0646733
[AnalysisInputs::SetMCSF] sample : ZGto2LG
[AnalysisInputs::SetMCSF] => MCSF = 1.09801, MCSF_err = 0.0750731
[AnalysisInputs::SetMCSF] sample : ZZTo4L_powheg
[AnalysisInputs::SetMCSF] => MCSF = 0.978683, MCSF_err = 0.0790547
[AnalysisInputs::SetMCSF] sample : ggZZto2e2mu
[AnalysisInputs::SetMCSF] => MCSF = 0.978683, MCSF_err = 0.0790547
[AnalysisInputs::SetMCSF] sample : ggZZto2e2nu
[AnalysisInputs::SetMCSF] => MCSF = 0.978683, MCSF_err = 0.0790547
[AnalysisInputs::SetMCSF] sample : ggZZto2e2tau
[AnalysisInputs::SetMCSF] => MCSF = 0.978683, MCSF_err = 0.0790547
[AnalysisInputs::SetMCSF] sample : ggZZto2mu2nu
[AnalysisInputs::SetMCSF] => MCSF = 0.978683, MCSF_err = 0.0790547
[AnalysisInputs::SetMCSF] sample : ggZZto2mu2tau
[AnalysisInputs::SetMCSF] => MCSF = 0.978683, MCSF_err = 0.0790547
[AnalysisInputs::SetMCSF] sample : ggZZto4e
[AnalysisInputs::SetMCSF] => MCSF = 0.978683, MCSF_err = 0.0790547
[AnalysisInputs::SetMCSF] sample : ggZZto4mu
[AnalysisInputs::SetMCSF] => MCSF = 0.978683, MCSF_err = 0.0790547
[AnalysisInputs::SetMCSF] sample : ggZZto4tau
[AnalysisInputs::SetMCSF] => MCSF = 0.978683, MCSF_err = 0.0790547
[AnalysisInputs::SetMCSF] sample : ggHtoZZ
[AnalysisInputs::SetMCSF] => MCSF = 0.978683, MCSF_err = 0.0790547
[AnalysisInputs::SetCalculatedSysts] Get Systematics from /data8/Users/jskim/HN_dilepton_plotter/data/v8-0-7.37/Syst.txt
[AnalysisInputs::SetCalculatedSysts] source : Luminosity
[AnalysisInputs::SetCalculatedSysts] => % sysematic = 0.025
[AnalysisInputs::SetCalculatedSysts] source : FakeLooseID
[AnalysisInputs::SetCalculatedSysts] => % sysematic = 0.3
[AnalysisInputs::SetCalculatedSysts] source : ChrageFlipSyst
[AnalysisInputs::SetCalculatedSysts] => % sysematic = 0.23
[CutRangeInfo::ReadCutCard] Get Cutcard from /data8/Users/jskim/HN_dilepton_plotter/data/v8-0-7.37/CutOpCard/RunDirectory/Cards_MuMu_Bin2/HNMuMu_900.txt
Central	0.52278	0	0
_MuonEn_up	0.596298	0	0
_MuonEn_down	0.186095	0	0
_MuonIDSF_up	0.532618	0	0
_MuonIDSF_down	0.487983	0	0
_ElectronEn_up	0.50938	0	0
_ElectronEn_down	0.51594	0	0
_ElectronIDSF_up	0.505298	0	0
_ElectronIDSF_down	0.516871	0	0
_TriggerSF_up	0.509428	0	0
_TriggerSF_down	0.509136	0	0
_PU_up	0.524013	0	0
_PU_down	0.505142	0	0
_JetEn_up	0.498302	0	0
_JetEn_down	0.480238	0	0
_JetRes_up	0.519075	0	0
_JetRes_down	0.412187	0	0
_Unclustered_up	0.518616	0	0
_Unclustered_down	0.531595	0	0
_BTagSFEff_up	0.505295	0	0
_BTagSFEff_down	0.516033	0	0
_BTagSFMiss_up	0.490295	0	0
_BTagSFMiss_down	0.515304	0	0
_JetMass_up	0.522004	0	0
_JetMass_down	0.510114	0	0
_JetMassRes_up	0.525395	0	0
_JetMassRes_down	0.506027	0	0
_Tau21_up	0.548277	0	0
_Tau21_down	0.469739	0	0

################ Sources ################
Source	SystTotal	SystPrompt	SystFake	Signal
Stat 29.23 29.23  -nan  -nan  0.79
Lumi 2.50  2.50 -  -  2.50
PDF  -  -  -  -  2.44
MuonPt  46.61 46.61  -  -  0.84
MuonID  4.89 4.89  -  -  3.61
ElectronE  2.03 2.03  -  -  0.09
ElectronID  2.50 2.50  -  -  0.06
Trigger  2.58 2.58  -  -  0.45
PU  2.39 2.39  -  -  0.80
JES  6.64 6.64  -  -  0.18
JER  14.97 14.97  -  -  0.26
Uncl  1.32 1.32  -  -  0.15
BEff  2.53 2.53  -  -  0.49
BMiss  4.51 4.51  -  -  0.55
JMS  1.72 1.72  -  -  0.09
JMR  2.29 2.29  -  -  0.05
Tau21  7.96 7.96  -  -  7.98
MCNorm 35.81  35.81 -  -  -
Fake 0.00  -  -nan - -
CF 0.00  -  -  -nan -
Total Systematic 62.26 62.26  -nan  -nan  9.55

Total Background	0.523
- Prompt	0.523
- Fake	0.000
- CF	0.000

####### Result #######
Signal Eff	0.391200
0.522780 1.687825
0.124204 1.095807
