
Processing HNElEl_90.C...
[AnalysisInputs::SetMCSF] Get MC SF from /home/jskim/Documents/trilepton_13TeV/DiLepton/data/v8-0-7.36/MCSF.txt
[AnalysisInputs::SetMCSF] sample : VVV
[AnalysisInputs::SetMCSF] => MCSF = 1, MCSF_err = 0.5
[AnalysisInputs::SetMCSF] sample : WWW
[AnalysisInputs::SetMCSF] => MCSF = 1, MCSF_err = 0.5
[AnalysisInputs::SetMCSF] sample : WWZ
[AnalysisInputs::SetMCSF] => MCSF = 1, MCSF_err = 0.5
[AnalysisInputs::SetMCSF] sample : WZZ
[AnalysisInputs::SetMCSF] => MCSF = 1, MCSF_err = 0.5
[AnalysisInputs::SetMCSF] sample : ZZZ
[AnalysisInputs::SetMCSF] => MCSF = 1, MCSF_err = 0.5
[AnalysisInputs::SetMCSF] sample : ttV
[AnalysisInputs::SetMCSF] => MCSF = 1, MCSF_err = 0.5
[AnalysisInputs::SetMCSF] sample : ttW
[AnalysisInputs::SetMCSF] => MCSF = 1, MCSF_err = 0.5
[AnalysisInputs::SetMCSF] sample : ttZ
[AnalysisInputs::SetMCSF] => MCSF = 1, MCSF_err = 0.5
[AnalysisInputs::SetMCSF] sample : ttH_nonbb
[AnalysisInputs::SetMCSF] => MCSF = 1, MCSF_err = 0.5
[AnalysisInputs::SetMCSF] sample : top
[AnalysisInputs::SetMCSF] => MCSF = 1, MCSF_err = 0.5
[AnalysisInputs::SetMCSF] sample : WZTo3LNu_powheg
[AnalysisInputs::SetMCSF] => MCSF = 1.00165, MCSF_err = 0.0888561
[AnalysisInputs::SetMCSF] sample : ZGto2LG
[AnalysisInputs::SetMCSF] => MCSF = 0.794861, MCSF_err = 0.155181
[AnalysisInputs::SetMCSF] sample : ZZTo4L_powheg
[AnalysisInputs::SetMCSF] => MCSF = 0.926685, MCSF_err = 0.102827
[AnalysisInputs::SetMCSF] sample : ggZZto2e2mu
[AnalysisInputs::SetMCSF] => MCSF = 0.926685, MCSF_err = 0.102827
[AnalysisInputs::SetMCSF] sample : ggZZto2e2nu
[AnalysisInputs::SetMCSF] => MCSF = 0.926685, MCSF_err = 0.102827
[AnalysisInputs::SetMCSF] sample : ggZZto2e2tau
[AnalysisInputs::SetMCSF] => MCSF = 0.926685, MCSF_err = 0.102827
[AnalysisInputs::SetMCSF] sample : ggZZto2mu2nu
[AnalysisInputs::SetMCSF] => MCSF = 0.926685, MCSF_err = 0.102827
[AnalysisInputs::SetMCSF] sample : ggZZto2mu2tau
[AnalysisInputs::SetMCSF] => MCSF = 0.926685, MCSF_err = 0.102827
[AnalysisInputs::SetMCSF] sample : ggZZto4e
[AnalysisInputs::SetMCSF] => MCSF = 0.926685, MCSF_err = 0.102827
[AnalysisInputs::SetMCSF] sample : ggZZto4mu
[AnalysisInputs::SetMCSF] => MCSF = 0.926685, MCSF_err = 0.102827
[AnalysisInputs::SetMCSF] sample : ggZZto4tau
[AnalysisInputs::SetMCSF] => MCSF = 0.926685, MCSF_err = 0.102827
[AnalysisInputs::SetCalculatedSysts] Get Systematics from /home/jskim/Documents/trilepton_13TeV/DiLepton/data/v8-0-7.36/Syst.txt
[AnalysisInputs::SetCalculatedSysts] source : Luminosity
[AnalysisInputs::SetCalculatedSysts] => % sysematic = 0.025
[AnalysisInputs::SetCalculatedSysts] source : FakeLooseID
[AnalysisInputs::SetCalculatedSysts] => % sysematic = 0.3
[AnalysisInputs::SetCalculatedSysts] source : ChrageFlipSyst
[AnalysisInputs::SetCalculatedSysts] => % sysematic = 0.21
[CutRangeInfo::ReadCutCard] Get Cutcard from /home/jskim/Documents/trilepton_13TeV/DiLepton/data/v8-0-7.36/CutOpCard/OPTIMIZED_171107_ElEl_HighMass/HNElEl_90.txt
prompt_tau21_syst = 0
signal_tau21_syst = 0
Central	8.70618	14.6201	2.45008
_MuonEn_up	8.71809	14.6201	2.45008
_MuonEn_down	8.39392	14.6201	2.45008
_MuonIDSF_up	8.65201	14.6201	2.45008
_MuonIDSF_down	8.702	14.6201	2.45008
_ElectronEn_up	10.7939	14.6201	2.45008
_ElectronEn_down	8.65612	14.6201	2.45008
_ElectronIDSF_up	8.85059	14.6201	2.45008
_ElectronIDSF_down	8.46886	14.6201	2.45008
_TriggerSF_up	8.66888	14.6201	2.45008
_TriggerSF_down	8.65703	14.6201	2.45008
_PU_up	8.51181	14.6201	2.45008
_PU_down	8.93592	14.6201	2.45008
_JetEn_up	13.4864	14.6201	2.45008
_JetEn_down	9.56058	14.6201	2.45008
_JetRes_up	9.24647	14.6201	2.45008
_JetRes_down	10.3906	14.6201	2.45008
_Unclustered_up	10.7793	14.6201	2.45008
_Unclustered_down	9.43385	14.6201	2.45008
_BTagSFEff_up	8.63429	14.6201	2.45008
_BTagSFEff_down	8.76878	14.6201	2.45008
_BTagSFMiss_up	8.27617	14.6201	2.45008
_BTagSFMiss_down	8.73491	14.6201	2.45008
_JetMass_up	8.68269	14.6201	2.45008
_JetMass_down	8.66102	14.6201	2.45008
_JetMassRes_up	8.66048	14.6201	2.45008
_JetMassRes_down	8.71552	14.6201	2.45008

################ Sources ################
Source	SystTotal	SystPrompt	SystFake	Signal
Stat 14.80 41.25  8.83  1.45  8.43
Lumi 0.84  2.50 -  -  2.50
PDF  -  -  -  -  8.53
MuonPt  0.86 2.54  -  -  0.75
MuonID  0.15 0.44  -  -  0.48
ElectronE  5.73 16.96  -  -  1.94
ElectronID  0.76 2.26  -  -  4.59
Trigger  0.17 0.50  -  -  1.00
PU  0.83 2.44  -  -  6.80
JES  13.32 39.44  -  -  6.04
JER  4.85 14.37  -  -  5.97
Uncl  6.03 17.85  -  -  3.73
BEff  0.26 0.77  -  -  1.44
BMiss  1.18 3.50  -  -  1.60
JMS  0.14 0.41  -  -  0.78
JMR  0.13 0.38  -  -  1.31
Tau21 0.00  0.00 -  -  0.00
MCNorm 0.76  2.26 -  -  -
Fake 17.02  -  30.00 - -
CF 2.00  -  -  21.00 -
Total Systematic 23.76 49.10  30.00  21.00  15.64

Total Background	25.776
- Prompt	8.706
- Fake	14.620
- CF	2.450

####### Result #######
Signal Eff	0.002967
25.776328 1.280663
14.158838 1.177721
