
Processing Bin2_HNMuMu_900.C...
[AnalysisInputs::SetMCSF] Get MC SF from /home/jskim/Documents/trilepton_13TeV/DiLepton/data/v8-0-7.32/MCSF.txt
[AnalysisInputs::SetMCSF] sample : VVV
[AnalysisInputs::SetMCSF] => MCSF = 1, MCSF_err = 0.5
[AnalysisInputs::SetMCSF] sample : WWW
[AnalysisInputs::SetMCSF] => MCSF = 1, MCSF_err = 0.5
[AnalysisInputs::SetMCSF] sample : WWZ
[AnalysisInputs::SetMCSF] => MCSF = 1, MCSF_err = 0.5
[AnalysisInputs::SetMCSF] sample : WZZ
[AnalysisInputs::SetMCSF] => MCSF = 1, MCSF_err = 0.5
[AnalysisInputs::SetMCSF] sample : ZZZ
[AnalysisInputs::SetMCSF] => MCSF = 1, MCSF_err = 0.5
[AnalysisInputs::SetMCSF] sample : ttV
[AnalysisInputs::SetMCSF] => MCSF = 1, MCSF_err = 0.5
[AnalysisInputs::SetMCSF] sample : ttW
[AnalysisInputs::SetMCSF] => MCSF = 1, MCSF_err = 0.5
[AnalysisInputs::SetMCSF] sample : ttZ
[AnalysisInputs::SetMCSF] => MCSF = 1, MCSF_err = 0.5
[AnalysisInputs::SetMCSF] sample : ttH_nonbb
[AnalysisInputs::SetMCSF] => MCSF = 1, MCSF_err = 0.5
[AnalysisInputs::SetMCSF] sample : top
[AnalysisInputs::SetMCSF] => MCSF = 1, MCSF_err = 0.5
[AnalysisInputs::SetMCSF] sample : WZTo3LNu_powheg
[AnalysisInputs::SetMCSF] => MCSF = 0.990529, MCSF_err = 0.0659614
[AnalysisInputs::SetMCSF] sample : ZGto2LG
[AnalysisInputs::SetMCSF] => MCSF = 0.779045, MCSF_err = 0.182441
[AnalysisInputs::SetMCSF] sample : ZZTo4L_powheg
[AnalysisInputs::SetMCSF] => MCSF = 0.93079, MCSF_err = 0.110885
[AnalysisInputs::SetMCSF] sample : ggZZto2e2mu
[AnalysisInputs::SetMCSF] => MCSF = 0.93079, MCSF_err = 0.110885
[AnalysisInputs::SetMCSF] sample : ggZZto2e2nu
[AnalysisInputs::SetMCSF] => MCSF = 0.93079, MCSF_err = 0.110885
[AnalysisInputs::SetMCSF] sample : ggZZto2e2tau
[AnalysisInputs::SetMCSF] => MCSF = 0.93079, MCSF_err = 0.110885
[AnalysisInputs::SetMCSF] sample : ggZZto2mu2nu
[AnalysisInputs::SetMCSF] => MCSF = 0.93079, MCSF_err = 0.110885
[AnalysisInputs::SetMCSF] sample : ggZZto2mu2tau
[AnalysisInputs::SetMCSF] => MCSF = 0.93079, MCSF_err = 0.110885
[AnalysisInputs::SetMCSF] sample : ggZZto4e
[AnalysisInputs::SetMCSF] => MCSF = 0.93079, MCSF_err = 0.110885
[AnalysisInputs::SetMCSF] sample : ggZZto4mu
[AnalysisInputs::SetMCSF] => MCSF = 0.93079, MCSF_err = 0.110885
[AnalysisInputs::SetMCSF] sample : ggZZto4tau
[AnalysisInputs::SetMCSF] => MCSF = 0.93079, MCSF_err = 0.110885
[AnalysisInputs::SetCalculatedSysts] Get Systematics from /home/jskim/Documents/trilepton_13TeV/DiLepton/data/v8-0-7.32/Syst.txt
[AnalysisInputs::SetCalculatedSysts] source : Luminosity
[AnalysisInputs::SetCalculatedSysts] => % sysematic = 0.025
[AnalysisInputs::SetCalculatedSysts] source : FakeLooseID
[AnalysisInputs::SetCalculatedSysts] => % sysematic = 0.3
[AnalysisInputs::SetCalculatedSysts] source : ChrageFlipSyst
[AnalysisInputs::SetCalculatedSysts] => % sysematic = 0.21
[CutRangeInfo::ReadCutCard] Get Cutcard from /home/jskim/Documents/trilepton_13TeV/DiLepton/data/v8-0-7.32/CutOpCard/OPTIMIZED_171108_MuMu_HighMass_Bin2/HNMuMu_900.txt
prompt_tau21_syst = 0.0134834
signal_tau21_syst = 0.00729415
Central	0.187082	0	0
_MuonEn_up	0.217439	0	0
_MuonEn_down	0.0643045	0	0
_MuonIDSF_up	0.197483	0	0
_MuonIDSF_down	0.177825	0	0
_ElectronEn_up	0.191382	0	0
_ElectronEn_down	0.185481	0	0
_ElectronIDSF_up	0.162878	0	0
_ElectronIDSF_down	0.188704	0	0
_TriggerSF_up	0.182521	0	0
_TriggerSF_down	0.191181	0	0
_PU_up	0.182786	0	0
_PU_down	0.190212	0	0
_JetEn_up	0.184539	0	0
_JetEn_down	0.240827	0	0
_JetRes_up	0.230171	0	0
_JetRes_down	0.192982	0	0
_Unclustered_up	0.222733	0	0
_Unclustered_down	0.234228	0	0
_BTagSFEff_up	0.186718	0	0
_BTagSFEff_down	0.191639	0	0
_BTagSFMiss_up	0.182297	0	0
_BTagSFMiss_down	0.18867	0	0
_JetMass_up	0.188921	0	0
_JetMass_down	0.181997	0	0
_JetMassRes_up	0.19611	0	0
_JetMassRes_down	0.186021	0	0

################ Sources ################
Source	SystTotal	SystPrompt	SystFake	Signal
Stat 45.19 45.19  -nan  -nan  0.81
Lumi 2.50  2.50 -  -  2.50
PDF  -  -  -  -  8.53
MuonPt  47.80 47.80  -  -  0.99
MuonID  5.26 5.26  -  -  4.16
ElectronE  1.73 1.73  -  -  0.04
ElectronID  9.17 9.17  -  -  0.08
Trigger  2.32 2.32  -  -  0.15
PU  2.01 2.01  -  -  0.74
JES  20.34 20.34  -  -  0.11
JER  16.44 16.44  -  -  0.24
Uncl  22.34 22.34  -  -  0.02
BEff  1.73 1.73  -  -  0.46
BMiss  1.91 1.91  -  -  0.52
JMS  2.04 2.04  -  -  0.09
JMR  3.44 3.44  -  -  0.04
Tau21 7.21  7.21 -  -  7.29
MCNorm 19.61  19.61 -  -  -
Fake 0.00  -  -nan - -
CF 0.00  -  -  -nan -
Total Systematic 63.70 63.70  -nan  -nan  9.92

Total Background	0.187
- Prompt	0.187
- Fake	0.000
- CF	0.000

####### Result #######
Signal Eff	0.362833
0.187082 1.781021
0.100020 1.123388
