
Processing Bin2_HNMuMu_700.C...
[AnalysisInputs::SetMCSF] Get MC SF from /home/jskim/Documents/trilepton_13TeV/DiLepton/data/v8-0-7.32/MCSF.txt
[AnalysisInputs::SetMCSF] sample : VVV
[AnalysisInputs::SetMCSF] => MCSF = 1, MCSF_err = 0.5
[AnalysisInputs::SetMCSF] sample : WWW
[AnalysisInputs::SetMCSF] => MCSF = 1, MCSF_err = 0.5
[AnalysisInputs::SetMCSF] sample : WWZ
[AnalysisInputs::SetMCSF] => MCSF = 1, MCSF_err = 0.5
[AnalysisInputs::SetMCSF] sample : WZZ
[AnalysisInputs::SetMCSF] => MCSF = 1, MCSF_err = 0.5
[AnalysisInputs::SetMCSF] sample : ZZZ
[AnalysisInputs::SetMCSF] => MCSF = 1, MCSF_err = 0.5
[AnalysisInputs::SetMCSF] sample : ttV
[AnalysisInputs::SetMCSF] => MCSF = 1, MCSF_err = 0.5
[AnalysisInputs::SetMCSF] sample : ttW
[AnalysisInputs::SetMCSF] => MCSF = 1, MCSF_err = 0.5
[AnalysisInputs::SetMCSF] sample : ttZ
[AnalysisInputs::SetMCSF] => MCSF = 1, MCSF_err = 0.5
[AnalysisInputs::SetMCSF] sample : ttH_nonbb
[AnalysisInputs::SetMCSF] => MCSF = 1, MCSF_err = 0.5
[AnalysisInputs::SetMCSF] sample : top
[AnalysisInputs::SetMCSF] => MCSF = 1, MCSF_err = 0.5
[AnalysisInputs::SetMCSF] sample : WZTo3LNu_powheg
[AnalysisInputs::SetMCSF] => MCSF = 0.990529, MCSF_err = 0.0659614
[AnalysisInputs::SetMCSF] sample : ZGto2LG
[AnalysisInputs::SetMCSF] => MCSF = 0.779045, MCSF_err = 0.182441
[AnalysisInputs::SetMCSF] sample : ZZTo4L_powheg
[AnalysisInputs::SetMCSF] => MCSF = 0.93079, MCSF_err = 0.110885
[AnalysisInputs::SetMCSF] sample : ggZZto2e2mu
[AnalysisInputs::SetMCSF] => MCSF = 0.93079, MCSF_err = 0.110885
[AnalysisInputs::SetMCSF] sample : ggZZto2e2nu
[AnalysisInputs::SetMCSF] => MCSF = 0.93079, MCSF_err = 0.110885
[AnalysisInputs::SetMCSF] sample : ggZZto2e2tau
[AnalysisInputs::SetMCSF] => MCSF = 0.93079, MCSF_err = 0.110885
[AnalysisInputs::SetMCSF] sample : ggZZto2mu2nu
[AnalysisInputs::SetMCSF] => MCSF = 0.93079, MCSF_err = 0.110885
[AnalysisInputs::SetMCSF] sample : ggZZto2mu2tau
[AnalysisInputs::SetMCSF] => MCSF = 0.93079, MCSF_err = 0.110885
[AnalysisInputs::SetMCSF] sample : ggZZto4e
[AnalysisInputs::SetMCSF] => MCSF = 0.93079, MCSF_err = 0.110885
[AnalysisInputs::SetMCSF] sample : ggZZto4mu
[AnalysisInputs::SetMCSF] => MCSF = 0.93079, MCSF_err = 0.110885
[AnalysisInputs::SetMCSF] sample : ggZZto4tau
[AnalysisInputs::SetMCSF] => MCSF = 0.93079, MCSF_err = 0.110885
[AnalysisInputs::SetCalculatedSysts] Get Systematics from /home/jskim/Documents/trilepton_13TeV/DiLepton/data/v8-0-7.32/Syst.txt
[AnalysisInputs::SetCalculatedSysts] source : Luminosity
[AnalysisInputs::SetCalculatedSysts] => % sysematic = 0.025
[AnalysisInputs::SetCalculatedSysts] source : FakeLooseID
[AnalysisInputs::SetCalculatedSysts] => % sysematic = 0.3
[AnalysisInputs::SetCalculatedSysts] source : ChrageFlipSyst
[AnalysisInputs::SetCalculatedSysts] => % sysematic = 0.21
[CutRangeInfo::ReadCutCard] Get Cutcard from /home/jskim/Documents/trilepton_13TeV/DiLepton/data/v8-0-7.32/CutOpCard/OPTIMIZED_171108_MuMu_HighMass_Bin2/HNMuMu_700.txt
prompt_tau21_syst = 0.0197257
signal_tau21_syst = 0.0198166
Central	0.273694	0	0
_MuonEn_up	0.369788	0	0
_MuonEn_down	0.161121	0	0
_MuonIDSF_up	0.285472	0	0
_MuonIDSF_down	0.29845	0	0
_ElectronEn_up	0.271638	0	0
_ElectronEn_down	0.268997	0	0
_ElectronIDSF_up	0.294041	0	0
_ElectronIDSF_down	0.268564	0	0
_TriggerSF_up	0.271175	0	0
_TriggerSF_down	0.27473	0	0
_PU_up	0.288669	0	0
_PU_down	0.281311	0	0
_JetEn_up	0.34391	0	0
_JetEn_down	0.330322	0	0
_JetRes_up	0.311439	0	0
_JetRes_down	0.271499	0	0
_Unclustered_up	0.299488	0	0
_Unclustered_down	0.312829	0	0
_BTagSFEff_up	0.269361	0	0
_BTagSFEff_down	0.275367	0	0
_BTagSFMiss_up	0.265812	0	0
_BTagSFMiss_down	0.269364	0	0
_JetMass_up	0.269524	0	0
_JetMass_down	0.270491	0	0
_JetMassRes_up	0.276329	0	0
_JetMassRes_down	0.271709	0	0

################ Sources ################
Source	SystTotal	SystPrompt	SystFake	Signal
Stat 31.64 31.64  -nan  -nan  0.85
Lumi 2.50  2.50 -  -  2.50
PDF  -  -  -  -  8.53
MuonPt  38.24 38.24  -  -  1.51
MuonID  7.08 7.08  -  -  4.17
ElectronE  1.32 1.32  -  -  0.09
ElectronID  5.42 5.42  -  -  0.08
Trigger  0.70 0.70  -  -  0.13
PU  4.34 4.34  -  -  0.78
JES  23.31 23.31  -  -  0.09
JER  9.77 9.77  -  -  0.22
Uncl  12.11 12.11  -  -  0.05
BEff  1.20 1.20  -  -  0.34
BMiss  2.32 2.32  -  -  0.48
JMS  1.36 1.36  -  -  0.11
JMR  0.85 0.85  -  -  0.06
Tau21 7.21  7.21 -  -  7.28
MCNorm 19.88  19.88 -  -  -
Fake 0.00  -  -nan - -
CF 0.00  -  -  -nan -
Total Systematic 53.02 53.02  -nan  -nan  9.99

Total Background	0.274
- Prompt	0.274
- Fake	0.000
- CF	0.000

####### Result #######
Signal Eff	0.326500
0.273694 1.617404
0.272336 1.123847
