
Processing Bin2_HNMuMu_400.C...
[AnalysisInputs::SetMCSF] Get MC SF from /home/jskim/Documents/trilepton_13TeV/DiLepton/data/v8-0-7.32/MCSF.txt
[AnalysisInputs::SetMCSF] sample : VVV
[AnalysisInputs::SetMCSF] => MCSF = 1, MCSF_err = 0.5
[AnalysisInputs::SetMCSF] sample : WWW
[AnalysisInputs::SetMCSF] => MCSF = 1, MCSF_err = 0.5
[AnalysisInputs::SetMCSF] sample : WWZ
[AnalysisInputs::SetMCSF] => MCSF = 1, MCSF_err = 0.5
[AnalysisInputs::SetMCSF] sample : WZZ
[AnalysisInputs::SetMCSF] => MCSF = 1, MCSF_err = 0.5
[AnalysisInputs::SetMCSF] sample : ZZZ
[AnalysisInputs::SetMCSF] => MCSF = 1, MCSF_err = 0.5
[AnalysisInputs::SetMCSF] sample : ttV
[AnalysisInputs::SetMCSF] => MCSF = 1, MCSF_err = 0.5
[AnalysisInputs::SetMCSF] sample : ttW
[AnalysisInputs::SetMCSF] => MCSF = 1, MCSF_err = 0.5
[AnalysisInputs::SetMCSF] sample : ttZ
[AnalysisInputs::SetMCSF] => MCSF = 1, MCSF_err = 0.5
[AnalysisInputs::SetMCSF] sample : ttH_nonbb
[AnalysisInputs::SetMCSF] => MCSF = 1, MCSF_err = 0.5
[AnalysisInputs::SetMCSF] sample : top
[AnalysisInputs::SetMCSF] => MCSF = 1, MCSF_err = 0.5
[AnalysisInputs::SetMCSF] sample : WZTo3LNu_powheg
[AnalysisInputs::SetMCSF] => MCSF = 0.990529, MCSF_err = 0.0659614
[AnalysisInputs::SetMCSF] sample : ZGto2LG
[AnalysisInputs::SetMCSF] => MCSF = 0.779045, MCSF_err = 0.182441
[AnalysisInputs::SetMCSF] sample : ZZTo4L_powheg
[AnalysisInputs::SetMCSF] => MCSF = 0.93079, MCSF_err = 0.110885
[AnalysisInputs::SetMCSF] sample : ggZZto2e2mu
[AnalysisInputs::SetMCSF] => MCSF = 0.93079, MCSF_err = 0.110885
[AnalysisInputs::SetMCSF] sample : ggZZto2e2nu
[AnalysisInputs::SetMCSF] => MCSF = 0.93079, MCSF_err = 0.110885
[AnalysisInputs::SetMCSF] sample : ggZZto2e2tau
[AnalysisInputs::SetMCSF] => MCSF = 0.93079, MCSF_err = 0.110885
[AnalysisInputs::SetMCSF] sample : ggZZto2mu2nu
[AnalysisInputs::SetMCSF] => MCSF = 0.93079, MCSF_err = 0.110885
[AnalysisInputs::SetMCSF] sample : ggZZto2mu2tau
[AnalysisInputs::SetMCSF] => MCSF = 0.93079, MCSF_err = 0.110885
[AnalysisInputs::SetMCSF] sample : ggZZto4e
[AnalysisInputs::SetMCSF] => MCSF = 0.93079, MCSF_err = 0.110885
[AnalysisInputs::SetMCSF] sample : ggZZto4mu
[AnalysisInputs::SetMCSF] => MCSF = 0.93079, MCSF_err = 0.110885
[AnalysisInputs::SetMCSF] sample : ggZZto4tau
[AnalysisInputs::SetMCSF] => MCSF = 0.93079, MCSF_err = 0.110885
[AnalysisInputs::SetCalculatedSysts] Get Systematics from /home/jskim/Documents/trilepton_13TeV/DiLepton/data/v8-0-7.32/Syst.txt
[AnalysisInputs::SetCalculatedSysts] source : Luminosity
[AnalysisInputs::SetCalculatedSysts] => % sysematic = 0.025
[AnalysisInputs::SetCalculatedSysts] source : FakeLooseID
[AnalysisInputs::SetCalculatedSysts] => % sysematic = 0.3
[AnalysisInputs::SetCalculatedSysts] source : ChrageFlipSyst
[AnalysisInputs::SetCalculatedSysts] => % sysematic = 0.21
[CutRangeInfo::ReadCutCard] Get Cutcard from /home/jskim/Documents/trilepton_13TeV/DiLepton/data/v8-0-7.32/CutOpCard/OPTIMIZED_171108_MuMu_HighMass_Bin2/HNMuMu_400.txt
prompt_tau21_syst = 0.0281084
signal_tau21_syst = 0.08407
Central	0.383922	0	0
_MuonEn_up	0.570555	0	0
_MuonEn_down	0.354501	0	0
_MuonIDSF_up	0.383579	0	0
_MuonIDSF_down	0.355575	0	0
_ElectronEn_up	0.368815	0	0
_ElectronEn_down	0.36603	0	0
_ElectronIDSF_up	0.34204	0	0
_ElectronIDSF_down	0.370196	0	0
_TriggerSF_up	0.377322	0	0
_TriggerSF_down	0.362896	0	0
_PU_up	0.342316	0	0
_PU_down	0.403483	0	0
_JetEn_up	0.406289	0	0
_JetEn_down	0.307632	0	0
_JetRes_up	0.358705	0	0
_JetRes_down	0.365439	0	0
_Unclustered_up	0.392954	0	0
_Unclustered_down	0.398102	0	0
_BTagSFEff_up	0.358685	0	0
_BTagSFEff_down	0.375502	0	0
_BTagSFMiss_up	0.359846	0	0
_BTagSFMiss_down	0.368815	0	0
_JetMass_up	0.362261	0	0
_JetMass_down	0.370808	0	0
_JetMassRes_up	0.382172	0	0
_JetMassRes_down	0.355239	0	0

################ Sources ################
Source	SystTotal	SystPrompt	SystFake	Signal
Stat 27.70 27.70  -nan  -nan  1.25
Lumi 2.50  2.50 -  -  2.50
PDF  -  -  -  -  8.53
MuonPt  34.80 34.80  -  -  3.67
MuonID  5.22 5.22  -  -  4.22
ElectronE  4.31 4.31  -  -  0.19
ElectronID  8.12 8.12  -  -  0.08
Trigger  4.06 4.06  -  -  0.07
PU  8.47 8.47  -  -  1.06
JES  14.64 14.64  -  -  0.45
JER  5.76 5.76  -  -  0.32
Uncl  3.10 3.10  -  -  0.06
BEff  4.90 4.90  -  -  0.43
BMiss  5.23 5.23  -  -  0.44
JMS  4.66 4.66  -  -  0.21
JMR  5.29 5.29  -  -  0.26
Tau21 7.32  7.32 -  -  7.27
MCNorm 24.13  24.13 -  -  -
Fake 0.00  -  -nan - -
CF 0.00  -  -  -nan -
Total Systematic 49.11 49.11  -nan  -nan  10.59

Total Background	0.384
- Prompt	0.384
- Fake	0.000
- CF	0.000

####### Result #######
Signal Eff	0.144200
0.383922 1.563799
1.156799 1.129077
