
Processing Bin2_HNMuMu_200.C...
[AnalysisInputs::SetMCSF] Get MC SF from /home/jskim/Documents/trilepton_13TeV/DiLepton/data/v8-0-7.32/MCSF.txt
[AnalysisInputs::SetMCSF] sample : VVV
[AnalysisInputs::SetMCSF] => MCSF = 1, MCSF_err = 0.5
[AnalysisInputs::SetMCSF] sample : WWW
[AnalysisInputs::SetMCSF] => MCSF = 1, MCSF_err = 0.5
[AnalysisInputs::SetMCSF] sample : WWZ
[AnalysisInputs::SetMCSF] => MCSF = 1, MCSF_err = 0.5
[AnalysisInputs::SetMCSF] sample : WZZ
[AnalysisInputs::SetMCSF] => MCSF = 1, MCSF_err = 0.5
[AnalysisInputs::SetMCSF] sample : ZZZ
[AnalysisInputs::SetMCSF] => MCSF = 1, MCSF_err = 0.5
[AnalysisInputs::SetMCSF] sample : ttV
[AnalysisInputs::SetMCSF] => MCSF = 1, MCSF_err = 0.5
[AnalysisInputs::SetMCSF] sample : ttW
[AnalysisInputs::SetMCSF] => MCSF = 1, MCSF_err = 0.5
[AnalysisInputs::SetMCSF] sample : ttZ
[AnalysisInputs::SetMCSF] => MCSF = 1, MCSF_err = 0.5
[AnalysisInputs::SetMCSF] sample : ttH_nonbb
[AnalysisInputs::SetMCSF] => MCSF = 1, MCSF_err = 0.5
[AnalysisInputs::SetMCSF] sample : top
[AnalysisInputs::SetMCSF] => MCSF = 1, MCSF_err = 0.5
[AnalysisInputs::SetMCSF] sample : WZTo3LNu_powheg
[AnalysisInputs::SetMCSF] => MCSF = 0.990529, MCSF_err = 0.0659614
[AnalysisInputs::SetMCSF] sample : ZGto2LG
[AnalysisInputs::SetMCSF] => MCSF = 0.779045, MCSF_err = 0.182441
[AnalysisInputs::SetMCSF] sample : ZZTo4L_powheg
[AnalysisInputs::SetMCSF] => MCSF = 0.93079, MCSF_err = 0.110885
[AnalysisInputs::SetMCSF] sample : ggZZto2e2mu
[AnalysisInputs::SetMCSF] => MCSF = 0.93079, MCSF_err = 0.110885
[AnalysisInputs::SetMCSF] sample : ggZZto2e2nu
[AnalysisInputs::SetMCSF] => MCSF = 0.93079, MCSF_err = 0.110885
[AnalysisInputs::SetMCSF] sample : ggZZto2e2tau
[AnalysisInputs::SetMCSF] => MCSF = 0.93079, MCSF_err = 0.110885
[AnalysisInputs::SetMCSF] sample : ggZZto2mu2nu
[AnalysisInputs::SetMCSF] => MCSF = 0.93079, MCSF_err = 0.110885
[AnalysisInputs::SetMCSF] sample : ggZZto2mu2tau
[AnalysisInputs::SetMCSF] => MCSF = 0.93079, MCSF_err = 0.110885
[AnalysisInputs::SetMCSF] sample : ggZZto4e
[AnalysisInputs::SetMCSF] => MCSF = 0.93079, MCSF_err = 0.110885
[AnalysisInputs::SetMCSF] sample : ggZZto4mu
[AnalysisInputs::SetMCSF] => MCSF = 0.93079, MCSF_err = 0.110885
[AnalysisInputs::SetMCSF] sample : ggZZto4tau
[AnalysisInputs::SetMCSF] => MCSF = 0.93079, MCSF_err = 0.110885
[AnalysisInputs::SetCalculatedSysts] Get Systematics from /home/jskim/Documents/trilepton_13TeV/DiLepton/data/v8-0-7.32/Syst.txt
[AnalysisInputs::SetCalculatedSysts] source : Luminosity
[AnalysisInputs::SetCalculatedSysts] => % sysematic = 0.025
[AnalysisInputs::SetCalculatedSysts] source : FakeLooseID
[AnalysisInputs::SetCalculatedSysts] => % sysematic = 0.3
[AnalysisInputs::SetCalculatedSysts] source : ChrageFlipSyst
[AnalysisInputs::SetCalculatedSysts] => % sysematic = 0.21
[CutRangeInfo::ReadCutCard] Get Cutcard from /home/jskim/Documents/trilepton_13TeV/DiLepton/data/v8-0-7.32/CutOpCard/OPTIMIZED_171108_MuMu_HighMass_Bin2/HNMuMu_200.txt
prompt_tau21_syst = 0.0313417
signal_tau21_syst = 0.134908
Central	0.427297	0.0432286	0
_MuonEn_up	0.476538	0.0432286	0
_MuonEn_down	0.392396	0.0432286	0
_MuonIDSF_up	0.451779	0.0432286	0
_MuonIDSF_down	0.397401	0.0432286	0
_ElectronEn_up	0.446928	0.0432286	0
_ElectronEn_down	0.436718	0.0432286	0
_ElectronIDSF_up	0.437142	0.0432286	0
_ElectronIDSF_down	0.424195	0.0432286	0
_TriggerSF_up	0.432298	0.0432286	0
_TriggerSF_down	0.430073	0.0432286	0
_PU_up	0.481582	0.0432286	0
_PU_down	0.436402	0.0432286	0
_JetEn_up	0.41491	0.0432286	0
_JetEn_down	0.53069	0.0432286	0
_JetRes_up	0.421586	0.0432286	0
_JetRes_down	0.422772	0.0432286	0
_Unclustered_up	0.424868	0.0432286	0
_Unclustered_down	0.447465	0.0432286	0
_BTagSFEff_up	0.432418	0.0432286	0
_BTagSFEff_down	0.429628	0.0432286	0
_BTagSFMiss_up	0.440074	0.0432286	0
_BTagSFMiss_down	0.438738	0.0432286	0
_JetMass_up	0.433599	0.0432286	0
_JetMass_down	0.42678	0.0432286	0
_JetMassRes_up	0.428836	0.0432286	0
_JetMassRes_down	0.456492	0.0432286	0

################ Sources ################
Source	SystTotal	SystPrompt	SystFake	Signal
Stat 26.76 27.67  100.02  -nan  3.87
Lumi 2.27  2.50 -  -  2.50
PDF  -  -  -  -  8.53
MuonPt  9.07 9.99  -  -  1.79
MuonID  5.81 6.39  -  -  4.57
ElectronE  3.27 3.60  -  -  0.06
ElectronID  1.55 1.71  -  -  0.62
Trigger  0.86 0.95  -  -  0.09
PU  8.27 9.11  -  -  1.24
JES  15.65 17.23  -  -  0.52
JER  1.10 1.21  -  -  0.40
Uncl  3.05 3.36  -  -  0.47
BEff  0.85 0.93  -  -  0.49
BMiss  2.58 2.84  -  -  0.51
JMS  0.95 1.05  -  -  0.19
JMR  4.39 4.84  -  -  0.52
Tau21 6.66  7.33 -  -  7.23
MCNorm 18.75  20.64 -  -  -
Fake 2.76  -  30.00 - -
CF 0.00  -  -  -nan -
Total Systematic 29.83 32.71  30.00  -nan  10.32

Total Background	0.471
- Prompt	0.427
- Fake	0.043
- CF	0.000

####### Result #######
Signal Eff	0.016400
0.470526 1.400728
1.865965 1.131813
