
Processing Bin2_HNMuMu_100.C...
[AnalysisInputs::SetMCSF] Get MC SF from /home/jskim/Documents/trilepton_13TeV/DiLepton/data/v8-0-7.32/MCSF.txt
[AnalysisInputs::SetMCSF] sample : VVV
[AnalysisInputs::SetMCSF] => MCSF = 1, MCSF_err = 0.5
[AnalysisInputs::SetMCSF] sample : WWW
[AnalysisInputs::SetMCSF] => MCSF = 1, MCSF_err = 0.5
[AnalysisInputs::SetMCSF] sample : WWZ
[AnalysisInputs::SetMCSF] => MCSF = 1, MCSF_err = 0.5
[AnalysisInputs::SetMCSF] sample : WZZ
[AnalysisInputs::SetMCSF] => MCSF = 1, MCSF_err = 0.5
[AnalysisInputs::SetMCSF] sample : ZZZ
[AnalysisInputs::SetMCSF] => MCSF = 1, MCSF_err = 0.5
[AnalysisInputs::SetMCSF] sample : ttV
[AnalysisInputs::SetMCSF] => MCSF = 1, MCSF_err = 0.5
[AnalysisInputs::SetMCSF] sample : ttW
[AnalysisInputs::SetMCSF] => MCSF = 1, MCSF_err = 0.5
[AnalysisInputs::SetMCSF] sample : ttZ
[AnalysisInputs::SetMCSF] => MCSF = 1, MCSF_err = 0.5
[AnalysisInputs::SetMCSF] sample : ttH_nonbb
[AnalysisInputs::SetMCSF] => MCSF = 1, MCSF_err = 0.5
[AnalysisInputs::SetMCSF] sample : top
[AnalysisInputs::SetMCSF] => MCSF = 1, MCSF_err = 0.5
[AnalysisInputs::SetMCSF] sample : WZTo3LNu_powheg
[AnalysisInputs::SetMCSF] => MCSF = 0.990529, MCSF_err = 0.0659614
[AnalysisInputs::SetMCSF] sample : ZGto2LG
[AnalysisInputs::SetMCSF] => MCSF = 0.779045, MCSF_err = 0.182441
[AnalysisInputs::SetMCSF] sample : ZZTo4L_powheg
[AnalysisInputs::SetMCSF] => MCSF = 0.93079, MCSF_err = 0.110885
[AnalysisInputs::SetMCSF] sample : ggZZto2e2mu
[AnalysisInputs::SetMCSF] => MCSF = 0.93079, MCSF_err = 0.110885
[AnalysisInputs::SetMCSF] sample : ggZZto2e2nu
[AnalysisInputs::SetMCSF] => MCSF = 0.93079, MCSF_err = 0.110885
[AnalysisInputs::SetMCSF] sample : ggZZto2e2tau
[AnalysisInputs::SetMCSF] => MCSF = 0.93079, MCSF_err = 0.110885
[AnalysisInputs::SetMCSF] sample : ggZZto2mu2nu
[AnalysisInputs::SetMCSF] => MCSF = 0.93079, MCSF_err = 0.110885
[AnalysisInputs::SetMCSF] sample : ggZZto2mu2tau
[AnalysisInputs::SetMCSF] => MCSF = 0.93079, MCSF_err = 0.110885
[AnalysisInputs::SetMCSF] sample : ggZZto4e
[AnalysisInputs::SetMCSF] => MCSF = 0.93079, MCSF_err = 0.110885
[AnalysisInputs::SetMCSF] sample : ggZZto4mu
[AnalysisInputs::SetMCSF] => MCSF = 0.93079, MCSF_err = 0.110885
[AnalysisInputs::SetMCSF] sample : ggZZto4tau
[AnalysisInputs::SetMCSF] => MCSF = 0.93079, MCSF_err = 0.110885
[AnalysisInputs::SetCalculatedSysts] Get Systematics from /home/jskim/Documents/trilepton_13TeV/DiLepton/data/v8-0-7.32/Syst.txt
[AnalysisInputs::SetCalculatedSysts] source : Luminosity
[AnalysisInputs::SetCalculatedSysts] => % sysematic = 0.025
[AnalysisInputs::SetCalculatedSysts] source : FakeLooseID
[AnalysisInputs::SetCalculatedSysts] => % sysematic = 0.3
[AnalysisInputs::SetCalculatedSysts] source : ChrageFlipSyst
[AnalysisInputs::SetCalculatedSysts] => % sysematic = 0.21
[CutRangeInfo::ReadCutCard] Get Cutcard from /home/jskim/Documents/trilepton_13TeV/DiLepton/data/v8-0-7.32/CutOpCard/OPTIMIZED_171108_MuMu_HighMass_Bin2/HNMuMu_100.txt
prompt_tau21_syst = 0.0142235
signal_tau21_syst = 0.0132247
Central	0.184567	0.124856	0
_MuonEn_up	0.184793	0.124856	0
_MuonEn_down	0.179095	0.124856	0
_MuonIDSF_up	0.190394	0.124856	0
_MuonIDSF_down	0.175278	0.124856	0
_ElectronEn_up	0.18477	0.124856	0
_ElectronEn_down	0.184075	0.124856	0
_ElectronIDSF_up	0.180716	0.124856	0
_ElectronIDSF_down	0.187146	0.124856	0
_TriggerSF_up	0.182257	0.124856	0
_TriggerSF_down	0.180633	0.124856	0
_PU_up	0.174328	0.124856	0
_PU_down	0.186082	0.124856	0
_JetEn_up	0.173571	0.124856	0
_JetEn_down	0.195151	0.124856	0
_JetRes_up	0.183359	0.124856	0
_JetRes_down	0.184407	0.124856	0
_Unclustered_up	0.17575	0.124856	0
_Unclustered_down	0.18798	0.124856	0
_BTagSFEff_up	0.181914	0.124856	0
_BTagSFEff_down	0.189454	0.124856	0
_BTagSFMiss_up	0.184668	0.124856	0
_BTagSFMiss_down	0.181297	0.124856	0
_JetMass_up	0.178813	0.124856	0
_JetMass_down	0.170018	0.124856	0
_JetMassRes_up	0.170168	0.124856	0
_JetMassRes_down	0.167358	0.124856	0

################ Sources ################
Source	SystTotal	SystPrompt	SystFake	Signal
Stat 47.81 27.63  111.21  -nan  50.55
Lumi 1.49  2.50 -  -  2.50
PDF  -  -  -  -  8.53
MuonPt  1.25 2.10  -  -  0.00
MuonID  2.51 4.20  -  -  8.61
ElectronE  0.12 0.20  -  -  0.00
ElectronID  1.06 1.78  -  -  0.00
Trigger  1.04 1.75  -  -  0.51
PU  2.37 3.97  -  -  6.04
JES  3.49 5.85  -  -  15.89
JER  0.28 0.47  -  -  0.00
Uncl  2.16 3.62  -  -  0.00
BEff  1.27 2.13  -  -  0.00
BMiss  0.75 1.25  -  -  0.00
JMS  3.58 5.99  -  -  0.00
JMR  5.13 8.60  -  -  0.00
Tau21 4.60  7.71 -  -  7.21
MCNorm 11.98  20.09 -  -  -
Fake 12.11  -  30.00 - -
CF 0.00  -  -  -nan -
Total Systematic 19.68 26.01  30.00  -nan  21.03

Total Background	0.309
- Prompt	0.185
- Fake	0.125
- CF	0.000

####### Result #######
Signal Eff	0.000061
0.309423 1.516999
0.183492 1.552262
