
Processing Bin2_HNMuMu_600_VBF.C...
[AnalysisInputs::SetMCSF] Get MC SF from /home/jskim/Documents/trilepton_13TeV/DiLepton/data/v8-0-7.32/MCSF.txt
[AnalysisInputs::SetMCSF] sample : VVV
[AnalysisInputs::SetMCSF] => MCSF = 1, MCSF_err = 0.5
[AnalysisInputs::SetMCSF] sample : WWW
[AnalysisInputs::SetMCSF] => MCSF = 1, MCSF_err = 0.5
[AnalysisInputs::SetMCSF] sample : WWZ
[AnalysisInputs::SetMCSF] => MCSF = 1, MCSF_err = 0.5
[AnalysisInputs::SetMCSF] sample : WZZ
[AnalysisInputs::SetMCSF] => MCSF = 1, MCSF_err = 0.5
[AnalysisInputs::SetMCSF] sample : ZZZ
[AnalysisInputs::SetMCSF] => MCSF = 1, MCSF_err = 0.5
[AnalysisInputs::SetMCSF] sample : ttV
[AnalysisInputs::SetMCSF] => MCSF = 1, MCSF_err = 0.5
[AnalysisInputs::SetMCSF] sample : ttW
[AnalysisInputs::SetMCSF] => MCSF = 1, MCSF_err = 0.5
[AnalysisInputs::SetMCSF] sample : ttZ
[AnalysisInputs::SetMCSF] => MCSF = 1, MCSF_err = 0.5
[AnalysisInputs::SetMCSF] sample : ttH_nonbb
[AnalysisInputs::SetMCSF] => MCSF = 1, MCSF_err = 0.5
[AnalysisInputs::SetMCSF] sample : top
[AnalysisInputs::SetMCSF] => MCSF = 1, MCSF_err = 0.5
[AnalysisInputs::SetMCSF] sample : WZTo3LNu_powheg
[AnalysisInputs::SetMCSF] => MCSF = 0.9878, MCSF_err = 0.0890059
[AnalysisInputs::SetMCSF] sample : ZGto2LG
[AnalysisInputs::SetMCSF] => MCSF = 0.771776, MCSF_err = 0.152815
[AnalysisInputs::SetMCSF] sample : ZZTo4L_powheg
[AnalysisInputs::SetMCSF] => MCSF = 0.929269, MCSF_err = 0.103637
[AnalysisInputs::SetMCSF] sample : ggZZto2e2mu
[AnalysisInputs::SetMCSF] => MCSF = 0.929269, MCSF_err = 0.103637
[AnalysisInputs::SetMCSF] sample : ggZZto2e2nu
[AnalysisInputs::SetMCSF] => MCSF = 0.929269, MCSF_err = 0.103637
[AnalysisInputs::SetMCSF] sample : ggZZto2e2tau
[AnalysisInputs::SetMCSF] => MCSF = 0.929269, MCSF_err = 0.103637
[AnalysisInputs::SetMCSF] sample : ggZZto2mu2nu
[AnalysisInputs::SetMCSF] => MCSF = 0.929269, MCSF_err = 0.103637
[AnalysisInputs::SetMCSF] sample : ggZZto2mu2tau
[AnalysisInputs::SetMCSF] => MCSF = 0.929269, MCSF_err = 0.103637
[AnalysisInputs::SetMCSF] sample : ggZZto4e
[AnalysisInputs::SetMCSF] => MCSF = 0.929269, MCSF_err = 0.103637
[AnalysisInputs::SetMCSF] sample : ggZZto4mu
[AnalysisInputs::SetMCSF] => MCSF = 0.929269, MCSF_err = 0.103637
[AnalysisInputs::SetMCSF] sample : ggZZto4tau
[AnalysisInputs::SetMCSF] => MCSF = 0.929269, MCSF_err = 0.103637
[AnalysisInputs::SetCalculatedSysts] Get Systematics from /home/jskim/Documents/trilepton_13TeV/DiLepton/data/v8-0-7.32/Syst.txt
[AnalysisInputs::SetCalculatedSysts] source : Luminosity
[AnalysisInputs::SetCalculatedSysts] => % sysematic = 0.025
[AnalysisInputs::SetCalculatedSysts] source : FakeLooseID
[AnalysisInputs::SetCalculatedSysts] => % sysematic = 0.3
[AnalysisInputs::SetCalculatedSysts] source : ChrageFlipSyst
[AnalysisInputs::SetCalculatedSysts] => % sysematic = 0.21
[CutRangeInfo::ReadCutCard] Get Cutcard from /home/jskim/Documents/trilepton_13TeV/DiLepton/data/v8-0-7.32/CutOpCard/OPTIMIZED_171108_MuMu_HighMass_Bin2/HNMuMu_600.txt
prompt_tau21_syst = 0.0257014
signal_tau21_syst = 0.0398994
Central	0.356607	0	0
_MuonEn_up	0.438659	0	0
_MuonEn_down	0.281372	0	0
_MuonIDSF_up	0.359306	0	0
_MuonIDSF_down	0.370147	0	0
_ElectronEn_up	0.338654	0	0
_ElectronEn_down	0.343357	0	0
_ElectronIDSF_up	0.394442	0	0
_ElectronIDSF_down	0.339702	0	0
_TriggerSF_up	0.342409	0	0
_TriggerSF_down	0.349091	0	0
_PU_up	0.399315	0	0
_PU_down	0.326549	0	0
_JetEn_up	0.414517	0	0
_JetEn_down	0.33282	0	0
_JetRes_up	0.423888	0	0
_JetRes_down	0.344589	0	0
_Unclustered_up	0.328302	0	0
_Unclustered_down	0.345132	0	0
_BTagSFEff_up	0.343357	0	0
_BTagSFEff_down	0.350057	0	0
_BTagSFMiss_up	0.343357	0	0
_BTagSFMiss_down	0.343724	0	0
_JetMass_up	0.34429	0	0
_JetMass_down	0.340149	0	0
_JetMassRes_up	0.34332	0	0
_JetMassRes_down	0.346478	0	0

################ Sources ################
Source	SystTotal	SystPrompt	SystFake	Signal
Stat 27.17 27.17  -nan  -nan  0.91
Lumi 2.50  2.50 -  -  2.50
PDF  -  -  -  -  2.50
MuonPt  22.07 22.07  -  -  2.24
MuonID  2.74 2.74  -  -  4.11
ElectronE  4.42 4.42  -  -  0.05
ElectronID  8.22 8.22  -  -  0.17
Trigger  3.19 3.19  -  -  0.14
PU  10.36 10.36  -  -  0.77
JES  12.41 12.41  -  -  0.06
JER  13.55 13.55  -  -  0.27
Uncl  6.06 6.06  -  -  0.16
BEff  2.93 2.93  -  -  0.37
BMiss  3.66 3.66  -  -  0.53
JMS  4.08 4.08  -  -  0.05
JMR  3.31 3.31  -  -  0.11
Tau21 7.21  7.21 -  -  7.27
MCNorm 19.86  19.86 -  -  -
Fake 0.00  -  -nan - -
CF 0.00  -  -  -nan -
Total Systematic 39.70 39.70  -nan  -nan  5.97

Total Background	0.357
- Prompt	0.357
- Fake	0.000
- CF	0.000

####### Result #######
Signal Eff	0.168458
0.356607 1.481075
0.548860 1.094478
