
Processing Bin2_HNMuMu_1000_VBF.C...
[AnalysisInputs::SetMCSF] Get MC SF from /home/jskim/Documents/trilepton_13TeV/DiLepton/data/v8-0-7.32/MCSF.txt
[AnalysisInputs::SetMCSF] sample : VVV
[AnalysisInputs::SetMCSF] => MCSF = 1, MCSF_err = 0.5
[AnalysisInputs::SetMCSF] sample : WWW
[AnalysisInputs::SetMCSF] => MCSF = 1, MCSF_err = 0.5
[AnalysisInputs::SetMCSF] sample : WWZ
[AnalysisInputs::SetMCSF] => MCSF = 1, MCSF_err = 0.5
[AnalysisInputs::SetMCSF] sample : WZZ
[AnalysisInputs::SetMCSF] => MCSF = 1, MCSF_err = 0.5
[AnalysisInputs::SetMCSF] sample : ZZZ
[AnalysisInputs::SetMCSF] => MCSF = 1, MCSF_err = 0.5
[AnalysisInputs::SetMCSF] sample : ttV
[AnalysisInputs::SetMCSF] => MCSF = 1, MCSF_err = 0.5
[AnalysisInputs::SetMCSF] sample : ttW
[AnalysisInputs::SetMCSF] => MCSF = 1, MCSF_err = 0.5
[AnalysisInputs::SetMCSF] sample : ttZ
[AnalysisInputs::SetMCSF] => MCSF = 1, MCSF_err = 0.5
[AnalysisInputs::SetMCSF] sample : ttH_nonbb
[AnalysisInputs::SetMCSF] => MCSF = 1, MCSF_err = 0.5
[AnalysisInputs::SetMCSF] sample : top
[AnalysisInputs::SetMCSF] => MCSF = 1, MCSF_err = 0.5
[AnalysisInputs::SetMCSF] sample : WZTo3LNu_powheg
[AnalysisInputs::SetMCSF] => MCSF = 0.9878, MCSF_err = 0.0890059
[AnalysisInputs::SetMCSF] sample : ZGto2LG
[AnalysisInputs::SetMCSF] => MCSF = 0.771776, MCSF_err = 0.152815
[AnalysisInputs::SetMCSF] sample : ZZTo4L_powheg
[AnalysisInputs::SetMCSF] => MCSF = 0.929269, MCSF_err = 0.103637
[AnalysisInputs::SetMCSF] sample : ggZZto2e2mu
[AnalysisInputs::SetMCSF] => MCSF = 0.929269, MCSF_err = 0.103637
[AnalysisInputs::SetMCSF] sample : ggZZto2e2nu
[AnalysisInputs::SetMCSF] => MCSF = 0.929269, MCSF_err = 0.103637
[AnalysisInputs::SetMCSF] sample : ggZZto2e2tau
[AnalysisInputs::SetMCSF] => MCSF = 0.929269, MCSF_err = 0.103637
[AnalysisInputs::SetMCSF] sample : ggZZto2mu2nu
[AnalysisInputs::SetMCSF] => MCSF = 0.929269, MCSF_err = 0.103637
[AnalysisInputs::SetMCSF] sample : ggZZto2mu2tau
[AnalysisInputs::SetMCSF] => MCSF = 0.929269, MCSF_err = 0.103637
[AnalysisInputs::SetMCSF] sample : ggZZto4e
[AnalysisInputs::SetMCSF] => MCSF = 0.929269, MCSF_err = 0.103637
[AnalysisInputs::SetMCSF] sample : ggZZto4mu
[AnalysisInputs::SetMCSF] => MCSF = 0.929269, MCSF_err = 0.103637
[AnalysisInputs::SetMCSF] sample : ggZZto4tau
[AnalysisInputs::SetMCSF] => MCSF = 0.929269, MCSF_err = 0.103637
[AnalysisInputs::SetCalculatedSysts] Get Systematics from /home/jskim/Documents/trilepton_13TeV/DiLepton/data/v8-0-7.32/Syst.txt
[AnalysisInputs::SetCalculatedSysts] source : Luminosity
[AnalysisInputs::SetCalculatedSysts] => % sysematic = 0.025
[AnalysisInputs::SetCalculatedSysts] source : FakeLooseID
[AnalysisInputs::SetCalculatedSysts] => % sysematic = 0.3
[AnalysisInputs::SetCalculatedSysts] source : ChrageFlipSyst
[AnalysisInputs::SetCalculatedSysts] => % sysematic = 0.21
[CutRangeInfo::ReadCutCard] Get Cutcard from /home/jskim/Documents/trilepton_13TeV/DiLepton/data/v8-0-7.32/CutOpCard/OPTIMIZED_171108_MuMu_HighMass_Bin2/HNMuMu_1000.txt
prompt_tau21_syst = 0.00568419
signal_tau21_syst = 0.00782605
Central	0.0788219	0	0
_MuonEn_up	0.091436	0	0
_MuonEn_down	0.147629	0	0
_MuonIDSF_up	0.0847116	0	0
_MuonIDSF_down	0.0768961	0	0
_ElectronEn_up	0.0861942	0	0
_ElectronEn_down	0.0802938	0	0
_ElectronIDSF_up	0.083515	0	0
_ElectronIDSF_down	0.0802938	0	0
_TriggerSF_up	0.0772056	0	0
_TriggerSF_down	0.0827056	0	0
_PU_up	0.0804068	0	0
_PU_down	0.0829902	0	0
_JetEn_up	0.0793954	0	0
_JetEn_down	0.0934165	0	0
_JetRes_up	0.0858669	0	0
_JetRes_down	0.0877941	0	0
_Unclustered_up	0.0815802	0	0
_Unclustered_down	0.0841569	0	0
_BTagSFEff_up	0.0789863	0	0
_BTagSFEff_down	0.0833448	0	0
_BTagSFMiss_up	0.077109	0	0
_BTagSFMiss_down	0.0834823	0	0
_JetMass_up	0.0806265	0	0
_JetMass_down	0.0837978	0	0
_JetMassRes_up	0.085228	0	0
_JetMassRes_down	0.080833	0	0

################ Sources ################
Source	SystTotal	SystPrompt	SystFake	Signal
Stat 22.98 22.98  -nan  -nan  1.12
Lumi 2.50  2.50 -  -  2.50
PDF  -  -  -  -  2.50
MuonPt  62.75 62.75  -  -  1.12
MuonID  5.56 5.56  -  -  4.24
ElectronE  6.74 6.74  -  -  0.06
ElectronID  4.41 4.41  -  -  0.07
Trigger  3.77 3.77  -  -  0.11
PU  4.00 4.00  -  -  0.62
JES  13.10 13.10  -  -  0.21
JER  10.23 10.23  -  -  0.13
Uncl  5.39 5.39  -  -  0.09
BEff  4.06 4.06  -  -  0.30
BMiss  4.45 4.45  -  -  0.41
JMS  4.75 4.75  -  -  0.08
JMR  6.02 6.02  -  -  0.03
Tau21 7.21  7.21 -  -  7.28
MCNorm 15.30  15.30 -  -  -
Fake 0.00  -  -nan - -
CF 0.00  -  -  -nan -
Total Systematic 68.97 68.97  -nan  -nan  5.70

Total Background	0.079
- Prompt	0.079
- Fake	0.000
- CF	0.000

####### Result #######
Signal Eff	0.233985
0.078822 1.727012
0.107566 1.093078
