
Processing Bin2_HNMuMu_1500.C...
[AnalysisInputs::SetMCSF] Get MC SF from /home/jskim/Documents/trilepton_13TeV/DiLepton/data/v8-0-7.32/MCSF.txt
[AnalysisInputs::SetMCSF] sample : VVV
[AnalysisInputs::SetMCSF] => MCSF = 1, MCSF_err = 0.5
[AnalysisInputs::SetMCSF] sample : WWW
[AnalysisInputs::SetMCSF] => MCSF = 1, MCSF_err = 0.5
[AnalysisInputs::SetMCSF] sample : WWZ
[AnalysisInputs::SetMCSF] => MCSF = 1, MCSF_err = 0.5
[AnalysisInputs::SetMCSF] sample : WZZ
[AnalysisInputs::SetMCSF] => MCSF = 1, MCSF_err = 0.5
[AnalysisInputs::SetMCSF] sample : ZZZ
[AnalysisInputs::SetMCSF] => MCSF = 1, MCSF_err = 0.5
[AnalysisInputs::SetMCSF] sample : ttV
[AnalysisInputs::SetMCSF] => MCSF = 1, MCSF_err = 0.5
[AnalysisInputs::SetMCSF] sample : ttW
[AnalysisInputs::SetMCSF] => MCSF = 1, MCSF_err = 0.5
[AnalysisInputs::SetMCSF] sample : ttZ
[AnalysisInputs::SetMCSF] => MCSF = 1, MCSF_err = 0.5
[AnalysisInputs::SetMCSF] sample : ttH_nonbb
[AnalysisInputs::SetMCSF] => MCSF = 1, MCSF_err = 0.5
[AnalysisInputs::SetMCSF] sample : top
[AnalysisInputs::SetMCSF] => MCSF = 1, MCSF_err = 0.5
[AnalysisInputs::SetMCSF] sample : WZTo3LNu_powheg
[AnalysisInputs::SetMCSF] => MCSF = 0.9878, MCSF_err = 0.0890059
[AnalysisInputs::SetMCSF] sample : ZGto2LG
[AnalysisInputs::SetMCSF] => MCSF = 0.771776, MCSF_err = 0.152815
[AnalysisInputs::SetMCSF] sample : ZZTo4L_powheg
[AnalysisInputs::SetMCSF] => MCSF = 0.929269, MCSF_err = 0.103637
[AnalysisInputs::SetMCSF] sample : ggZZto2e2mu
[AnalysisInputs::SetMCSF] => MCSF = 0.929269, MCSF_err = 0.103637
[AnalysisInputs::SetMCSF] sample : ggZZto2e2nu
[AnalysisInputs::SetMCSF] => MCSF = 0.929269, MCSF_err = 0.103637
[AnalysisInputs::SetMCSF] sample : ggZZto2e2tau
[AnalysisInputs::SetMCSF] => MCSF = 0.929269, MCSF_err = 0.103637
[AnalysisInputs::SetMCSF] sample : ggZZto2mu2nu
[AnalysisInputs::SetMCSF] => MCSF = 0.929269, MCSF_err = 0.103637
[AnalysisInputs::SetMCSF] sample : ggZZto2mu2tau
[AnalysisInputs::SetMCSF] => MCSF = 0.929269, MCSF_err = 0.103637
[AnalysisInputs::SetMCSF] sample : ggZZto4e
[AnalysisInputs::SetMCSF] => MCSF = 0.929269, MCSF_err = 0.103637
[AnalysisInputs::SetMCSF] sample : ggZZto4mu
[AnalysisInputs::SetMCSF] => MCSF = 0.929269, MCSF_err = 0.103637
[AnalysisInputs::SetMCSF] sample : ggZZto4tau
[AnalysisInputs::SetMCSF] => MCSF = 0.929269, MCSF_err = 0.103637
[AnalysisInputs::SetCalculatedSysts] Get Systematics from /home/jskim/Documents/trilepton_13TeV/DiLepton/data/v8-0-7.32/Syst.txt
[AnalysisInputs::SetCalculatedSysts] source : Luminosity
[AnalysisInputs::SetCalculatedSysts] => % sysematic = 0.025
[AnalysisInputs::SetCalculatedSysts] source : FakeLooseID
[AnalysisInputs::SetCalculatedSysts] => % sysematic = 0.3
[AnalysisInputs::SetCalculatedSysts] source : ChrageFlipSyst
[AnalysisInputs::SetCalculatedSysts] => % sysematic = 0.21
[CutRangeInfo::ReadCutCard] Get Cutcard from /home/jskim/Documents/trilepton_13TeV/DiLepton/data/v8-0-7.32/CutOpCard/OPTIMIZED_171108_MuMu_HighMass_Bin2/HNMuMu_1500.txt
prompt_tau21_syst = 0.0097139
signal_tau21_syst = 0.000540717
Central	0.134734	0	0
_MuonEn_up	0.132251	0	0
_MuonEn_down	0.12635	0	0
_MuonIDSF_up	0.136835	0	0
_MuonIDSF_down	0.126226	0	0
_ElectronEn_up	0.131477	0	0
_ElectronEn_down	0.131477	0	0
_ElectronIDSF_up	0.131477	0	0
_ElectronIDSF_down	0.131477	0	0
_TriggerSF_up	0.131616	0	0
_TriggerSF_down	0.131337	0	0
_PU_up	0.119183	0	0
_PU_down	0.148634	0	0
_JetEn_up	0.123444	0	0
_JetEn_down	0.126022	0	0
_JetRes_up	0.131477	0	0
_JetRes_down	0.126619	0	0
_Unclustered_up	0.128302	0	0
_Unclustered_down	0.131477	0	0
_BTagSFEff_up	0.131477	0	0
_BTagSFEff_down	0.131477	0	0
_BTagSFMiss_up	0.131477	0	0
_BTagSFMiss_down	0.131477	0	0
_JetMass_up	0.131477	0	0
_JetMass_down	0.129513	0	0
_JetMassRes_up	0.121108	0	0
_JetMassRes_down	0.125966	0	0

################ Sources ################
Source	SystTotal	SystPrompt	SystFake	Signal
Stat 64.86 64.86  -nan  -nan  0.78
Lumi 2.50  2.50 -  -  2.50
PDF  -  -  -  -  8.53
MuonPt  4.59 4.59  -  -  1.33
MuonID  4.60 4.60  -  -  4.03
ElectronE  2.42 2.42  -  -  0.13
ElectronID  2.42 2.42  -  -  0.10
Trigger  2.42 2.42  -  -  0.04
PU  10.95 10.95  -  -  0.76
JES  7.48 7.48  -  -  0.21
JER  4.59 4.59  -  -  0.26
Uncl  3.78 3.78  -  -  0.20
BEff  2.42 2.42  -  -  0.62
BMiss  2.42 2.42  -  -  0.41
JMS  3.23 3.23  -  -  0.02
JMR  8.50 8.50  -  -  0.10
Tau21 7.21  7.21 -  -  7.27
MCNorm 8.26  8.26 -  -  -
Fake 0.00  -  -nan - -
CF 0.00  -  -  -nan -
Total Systematic 22.18 22.18  -nan  -nan  9.92

Total Background	0.135
- Prompt	0.135
- Fake	0.000
- CF	0.000

####### Result #######
Signal Eff	0.362857
0.134734 1.685506
0.007442 1.123201
