
Processing Bin2_HNMuMu_150.C...
[AnalysisInputs::SetMCSF] Get MC SF from /home/jskim/Documents/trilepton_13TeV/DiLepton/data/v8-0-7.32/MCSF.txt
[AnalysisInputs::SetMCSF] sample : VVV
[AnalysisInputs::SetMCSF] => MCSF = 1, MCSF_err = 0.5
[AnalysisInputs::SetMCSF] sample : WWW
[AnalysisInputs::SetMCSF] => MCSF = 1, MCSF_err = 0.5
[AnalysisInputs::SetMCSF] sample : WWZ
[AnalysisInputs::SetMCSF] => MCSF = 1, MCSF_err = 0.5
[AnalysisInputs::SetMCSF] sample : WZZ
[AnalysisInputs::SetMCSF] => MCSF = 1, MCSF_err = 0.5
[AnalysisInputs::SetMCSF] sample : ZZZ
[AnalysisInputs::SetMCSF] => MCSF = 1, MCSF_err = 0.5
[AnalysisInputs::SetMCSF] sample : ttV
[AnalysisInputs::SetMCSF] => MCSF = 1, MCSF_err = 0.5
[AnalysisInputs::SetMCSF] sample : ttW
[AnalysisInputs::SetMCSF] => MCSF = 1, MCSF_err = 0.5
[AnalysisInputs::SetMCSF] sample : ttZ
[AnalysisInputs::SetMCSF] => MCSF = 1, MCSF_err = 0.5
[AnalysisInputs::SetMCSF] sample : ttH_nonbb
[AnalysisInputs::SetMCSF] => MCSF = 1, MCSF_err = 0.5
[AnalysisInputs::SetMCSF] sample : top
[AnalysisInputs::SetMCSF] => MCSF = 1, MCSF_err = 0.5
[AnalysisInputs::SetMCSF] sample : WZTo3LNu_powheg
[AnalysisInputs::SetMCSF] => MCSF = 0.988021, MCSF_err = 0.0652167
[AnalysisInputs::SetMCSF] sample : ZGto2LG
[AnalysisInputs::SetMCSF] => MCSF = 0.83069, MCSF_err = 0.174719
[AnalysisInputs::SetMCSF] sample : ZZTo4L_powheg
[AnalysisInputs::SetMCSF] => MCSF = 0.94117, MCSF_err = 0.105665
[AnalysisInputs::SetMCSF] sample : ggZZto2e2mu
[AnalysisInputs::SetMCSF] => MCSF = 0.94117, MCSF_err = 0.105665
[AnalysisInputs::SetMCSF] sample : ggZZto2e2nu
[AnalysisInputs::SetMCSF] => MCSF = 0.94117, MCSF_err = 0.105665
[AnalysisInputs::SetMCSF] sample : ggZZto2e2tau
[AnalysisInputs::SetMCSF] => MCSF = 0.94117, MCSF_err = 0.105665
[AnalysisInputs::SetMCSF] sample : ggZZto2mu2nu
[AnalysisInputs::SetMCSF] => MCSF = 0.94117, MCSF_err = 0.105665
[AnalysisInputs::SetMCSF] sample : ggZZto2mu2tau
[AnalysisInputs::SetMCSF] => MCSF = 0.94117, MCSF_err = 0.105665
[AnalysisInputs::SetMCSF] sample : ggZZto4e
[AnalysisInputs::SetMCSF] => MCSF = 0.94117, MCSF_err = 0.105665
[AnalysisInputs::SetMCSF] sample : ggZZto4mu
[AnalysisInputs::SetMCSF] => MCSF = 0.94117, MCSF_err = 0.105665
[AnalysisInputs::SetMCSF] sample : ggZZto4tau
[AnalysisInputs::SetMCSF] => MCSF = 0.94117, MCSF_err = 0.105665
[AnalysisInputs::SetCalculatedSysts] Get Systematics from /home/jskim/Documents/trilepton_13TeV/DiLepton/data/v8-0-7.32/Syst.txt
[AnalysisInputs::SetCalculatedSysts] source : Luminosity
[AnalysisInputs::SetCalculatedSysts] => % sysematic = 0.025
[AnalysisInputs::SetCalculatedSysts] source : FakeLooseID
[AnalysisInputs::SetCalculatedSysts] => % sysematic = 0.3
[AnalysisInputs::SetCalculatedSysts] source : ChrageFlipSyst
[AnalysisInputs::SetCalculatedSysts] => % sysematic = 0.21
[CutRangeInfo::ReadCutCard] Get Cutcard from /home/jskim/Documents/trilepton_13TeV/DiLepton/data/v8-0-7.32/CutOpCard/OPTIMIZED_171021_MuMu_HighMass_Bin2/HNMuMu_150.txt
prompt_tau21_syst = 0.353703
signal_tau21_syst = 0.167147
Central	4.73979	1.36251	0
_MuonEn_up	5.05181	1.36251	0
_MuonEn_down	4.45768	1.36251	0
_MuonIDSF_up	5.00063	1.36251	0
_MuonIDSF_down	4.53317	1.36251	0
_ElectronEn_up	4.73691	1.36251	0
_ElectronEn_down	4.65081	1.36251	0
_ElectronIDSF_up	4.59963	1.36251	0
_ElectronIDSF_down	4.73111	1.36251	0
_TriggerSF_up	4.66296	1.36251	0
_TriggerSF_down	4.77516	1.36251	0
_PU_up	4.69917	1.36251	0
_PU_down	4.7831	1.36251	0
_JetEn_up	4.6616	1.36251	0
_JetEn_down	5.07875	1.36251	0
_JetRes_up	4.72332	1.36251	0
_JetRes_down	4.7679	1.36251	0
_Unclustered_up	4.76576	1.36251	0
_Unclustered_down	4.91834	1.36251	0
_BTagSFEff_up	4.64693	1.36251	0
_BTagSFEff_down	4.79341	1.36251	0
_BTagSFMiss_up	4.66791	1.36251	0
_BTagSFMiss_down	4.96777	1.36251	0
_JetMass_up	4.73633	1.36251	0
_JetMass_down	4.79235	1.36251	0
_JetMassRes_up	4.7131	1.36251	0
_JetMassRes_down	4.69183	1.36251	0

################ Sources ################
Source	SystTotal	SystPrompt	SystFake	Signal
Stat 9.02 9.07  25.22  -nan  5.92
Lumi 1.94  2.50 -  -  2.50
PDF  -  -  -  -  2.50
MuonPt  4.87 6.28  -  -  0.59
MuonID  3.86 4.96  -  -  6.55
ElectronE  1.03 1.33  -  -  0.35
ElectronID  1.63 2.09  -  -  0.56
Trigger  0.98 1.26  -  -  0.62
PU  0.69 0.89  -  -  1.22
JES  4.03 5.19  -  -  0.33
JER  0.38 0.49  -  -  0.62
Uncl  2.09 2.69  -  -  1.10
BEff  1.24 1.60  -  -  1.12
BMiss  2.77 3.57  -  -  1.02
JMS  0.61 0.79  -  -  0.98
JMR  0.64 0.82  -  -  0.80
Tau21 5.80  7.46 -  -  7.31
MCNorm 14.28  18.39 -  -  -
Fake 6.70  -  30.00 - -
CF 0.00  -  -  -nan -
Total Systematic 18.99 22.88  30.00  -nan  7.98

Total Background	6.102
- Prompt	4.740
- Fake	1.363
- CF	0.000

####### Result #######
Signal Eff	0.005783
6.102296 1.210244
2.287548 1.123377
