
Processing Bin2_HNMuMu_300_VBF.C...
[AnalysisInputs::SetMCSF] Get MC SF from /home/jskim/Documents/trilepton_13TeV/DiLepton/data/v8-0-7.32/MCSF.txt
[AnalysisInputs::SetMCSF] sample : VVV
[AnalysisInputs::SetMCSF] => MCSF = 1, MCSF_err = 0.5
[AnalysisInputs::SetMCSF] sample : WWW
[AnalysisInputs::SetMCSF] => MCSF = 1, MCSF_err = 0.5
[AnalysisInputs::SetMCSF] sample : WWZ
[AnalysisInputs::SetMCSF] => MCSF = 1, MCSF_err = 0.5
[AnalysisInputs::SetMCSF] sample : WZZ
[AnalysisInputs::SetMCSF] => MCSF = 1, MCSF_err = 0.5
[AnalysisInputs::SetMCSF] sample : ZZZ
[AnalysisInputs::SetMCSF] => MCSF = 1, MCSF_err = 0.5
[AnalysisInputs::SetMCSF] sample : ttV
[AnalysisInputs::SetMCSF] => MCSF = 1, MCSF_err = 0.5
[AnalysisInputs::SetMCSF] sample : ttW
[AnalysisInputs::SetMCSF] => MCSF = 1, MCSF_err = 0.5
[AnalysisInputs::SetMCSF] sample : ttZ
[AnalysisInputs::SetMCSF] => MCSF = 1, MCSF_err = 0.5
[AnalysisInputs::SetMCSF] sample : ttH_nonbb
[AnalysisInputs::SetMCSF] => MCSF = 1, MCSF_err = 0.5
[AnalysisInputs::SetMCSF] sample : top
[AnalysisInputs::SetMCSF] => MCSF = 1, MCSF_err = 0.5
[AnalysisInputs::SetMCSF] sample : WZTo3LNu_powheg
[AnalysisInputs::SetMCSF] => MCSF = 0.988021, MCSF_err = 0.0652167
[AnalysisInputs::SetMCSF] sample : ZGto2LG
[AnalysisInputs::SetMCSF] => MCSF = 0.83069, MCSF_err = 0.174719
[AnalysisInputs::SetMCSF] sample : ZZTo4L_powheg
[AnalysisInputs::SetMCSF] => MCSF = 0.94117, MCSF_err = 0.105665
[AnalysisInputs::SetMCSF] sample : ggZZto2e2mu
[AnalysisInputs::SetMCSF] => MCSF = 0.94117, MCSF_err = 0.105665
[AnalysisInputs::SetMCSF] sample : ggZZto2e2nu
[AnalysisInputs::SetMCSF] => MCSF = 0.94117, MCSF_err = 0.105665
[AnalysisInputs::SetMCSF] sample : ggZZto2e2tau
[AnalysisInputs::SetMCSF] => MCSF = 0.94117, MCSF_err = 0.105665
[AnalysisInputs::SetMCSF] sample : ggZZto2mu2nu
[AnalysisInputs::SetMCSF] => MCSF = 0.94117, MCSF_err = 0.105665
[AnalysisInputs::SetMCSF] sample : ggZZto2mu2tau
[AnalysisInputs::SetMCSF] => MCSF = 0.94117, MCSF_err = 0.105665
[AnalysisInputs::SetMCSF] sample : ggZZto4e
[AnalysisInputs::SetMCSF] => MCSF = 0.94117, MCSF_err = 0.105665
[AnalysisInputs::SetMCSF] sample : ggZZto4mu
[AnalysisInputs::SetMCSF] => MCSF = 0.94117, MCSF_err = 0.105665
[AnalysisInputs::SetMCSF] sample : ggZZto4tau
[AnalysisInputs::SetMCSF] => MCSF = 0.94117, MCSF_err = 0.105665
[AnalysisInputs::SetCalculatedSysts] Get Systematics from /home/jskim/Documents/trilepton_13TeV/DiLepton/data/v8-0-7.32/Syst.txt
[AnalysisInputs::SetCalculatedSysts] source : Luminosity
[AnalysisInputs::SetCalculatedSysts] => % sysematic = 0.025
[AnalysisInputs::SetCalculatedSysts] source : FakeLooseID
[AnalysisInputs::SetCalculatedSysts] => % sysematic = 0.3
[AnalysisInputs::SetCalculatedSysts] source : ChrageFlipSyst
[AnalysisInputs::SetCalculatedSysts] => % sysematic = 0.21
[CutRangeInfo::ReadCutCard] Get Cutcard from /home/jskim/Documents/trilepton_13TeV/DiLepton/data/v8-0-7.32/CutOpCard/OPTIMIZED_171021_MuMu_HighMass_Bin2/HNMuMu_300.txt
prompt_tau21_syst = 0.205389
signal_tau21_syst = 0.151637
Central	2.72824	0.0941168	0
_MuonEn_up	2.97996	0.0941168	0
_MuonEn_down	2.45752	0.0941168	0
_MuonIDSF_up	2.8427	0.0941168	0
_MuonIDSF_down	2.62414	0.0941168	0
_ElectronEn_up	2.71979	0.0941168	0
_ElectronEn_down	2.63149	0.0941168	0
_ElectronIDSF_up	2.56409	0.0941168	0
_ElectronIDSF_down	2.699	0.0941168	0
_TriggerSF_up	2.63812	0.0941168	0
_TriggerSF_down	2.70562	0.0941168	0
_PU_up	2.66461	0.0941168	0
_PU_down	2.76084	0.0941168	0
_JetEn_up	2.77744	0.0941168	0
_JetEn_down	2.91097	0.0941168	0
_JetRes_up	2.86013	0.0941168	0
_JetRes_down	2.75143	0.0941168	0
_Unclustered_up	2.88591	0.0941168	0
_Unclustered_down	2.83294	0.0941168	0
_BTagSFEff_up	2.69993	0.0941168	0
_BTagSFEff_down	2.74041	0.0941168	0
_BTagSFMiss_up	2.70129	0.0941168	0
_BTagSFMiss_down	2.79019	0.0941168	0
_JetMass_up	2.72433	0.0941168	0
_JetMass_down	2.76755	0.0941168	0
_JetMassRes_up	2.67065	0.0941168	0
_JetMassRes_down	2.68943	0.0941168	0

################ Sources ################
Source	SystTotal	SystPrompt	SystFake	Signal
Stat 12.22 12.41  70.97  -nan  1.61
Lumi 2.42  2.50 -  -  2.50
PDF  -  -  -  -  2.50
MuonPt  9.26 9.58  -  -  2.40
MuonID  3.88 4.01  -  -  4.29
ElectronE  2.43 2.52  -  -  0.13
ElectronID  4.18 4.32  -  -  0.06
Trigger  2.33 2.41  -  -  0.16
PU  1.79 1.85  -  -  1.11
JES  4.74 4.90  -  -  0.35
JER  3.36 3.47  -  -  0.31
Uncl  4.74 4.91  -  -  0.23
BEff  0.77 0.80  -  -  0.37
BMiss  1.69 1.75  -  -  0.44
JMS  0.99 1.02  -  -  0.03
JMR  1.74 1.80  -  -  0.16
Tau21 7.28  7.53 -  -  7.28
MCNorm 17.50  18.11 -  -  -
Fake 1.00  -  30.00 - -
CF 0.00  -  -  -nan -
Total Systematic 23.72 24.52  30.00  -nan  6.21

Total Background	2.822
- Prompt	2.728
- Fake	0.094
- CF	0.000

####### Result #######
Signal Eff	0.043420
2.822357 1.266837
2.081535 1.097065
