
Processing Bin2_HNMuMu_250.C...
[AnalysisInputs::SetMCSF] Get MC SF from /home/jskim/Documents/trilepton_13TeV/DiLepton/data/v8-0-7.32/MCSF.txt
[AnalysisInputs::SetMCSF] sample : VVV
[AnalysisInputs::SetMCSF] => MCSF = 1, MCSF_err = 0.5
[AnalysisInputs::SetMCSF] sample : WWW
[AnalysisInputs::SetMCSF] => MCSF = 1, MCSF_err = 0.5
[AnalysisInputs::SetMCSF] sample : WWZ
[AnalysisInputs::SetMCSF] => MCSF = 1, MCSF_err = 0.5
[AnalysisInputs::SetMCSF] sample : WZZ
[AnalysisInputs::SetMCSF] => MCSF = 1, MCSF_err = 0.5
[AnalysisInputs::SetMCSF] sample : ZZZ
[AnalysisInputs::SetMCSF] => MCSF = 1, MCSF_err = 0.5
[AnalysisInputs::SetMCSF] sample : ttV
[AnalysisInputs::SetMCSF] => MCSF = 1, MCSF_err = 0.5
[AnalysisInputs::SetMCSF] sample : ttW
[AnalysisInputs::SetMCSF] => MCSF = 1, MCSF_err = 0.5
[AnalysisInputs::SetMCSF] sample : ttZ
[AnalysisInputs::SetMCSF] => MCSF = 1, MCSF_err = 0.5
[AnalysisInputs::SetMCSF] sample : ttH_nonbb
[AnalysisInputs::SetMCSF] => MCSF = 1, MCSF_err = 0.5
[AnalysisInputs::SetMCSF] sample : top
[AnalysisInputs::SetMCSF] => MCSF = 1, MCSF_err = 0.5
[AnalysisInputs::SetMCSF] sample : WZTo3LNu_powheg
[AnalysisInputs::SetMCSF] => MCSF = 0.988021, MCSF_err = 0.0652167
[AnalysisInputs::SetMCSF] sample : ZGto2LG
[AnalysisInputs::SetMCSF] => MCSF = 0.83069, MCSF_err = 0.174719
[AnalysisInputs::SetMCSF] sample : ZZTo4L_powheg
[AnalysisInputs::SetMCSF] => MCSF = 0.94117, MCSF_err = 0.105665
[AnalysisInputs::SetMCSF] sample : ggZZto2e2mu
[AnalysisInputs::SetMCSF] => MCSF = 0.94117, MCSF_err = 0.105665
[AnalysisInputs::SetMCSF] sample : ggZZto2e2nu
[AnalysisInputs::SetMCSF] => MCSF = 0.94117, MCSF_err = 0.105665
[AnalysisInputs::SetMCSF] sample : ggZZto2e2tau
[AnalysisInputs::SetMCSF] => MCSF = 0.94117, MCSF_err = 0.105665
[AnalysisInputs::SetMCSF] sample : ggZZto2mu2nu
[AnalysisInputs::SetMCSF] => MCSF = 0.94117, MCSF_err = 0.105665
[AnalysisInputs::SetMCSF] sample : ggZZto2mu2tau
[AnalysisInputs::SetMCSF] => MCSF = 0.94117, MCSF_err = 0.105665
[AnalysisInputs::SetMCSF] sample : ggZZto4e
[AnalysisInputs::SetMCSF] => MCSF = 0.94117, MCSF_err = 0.105665
[AnalysisInputs::SetMCSF] sample : ggZZto4mu
[AnalysisInputs::SetMCSF] => MCSF = 0.94117, MCSF_err = 0.105665
[AnalysisInputs::SetMCSF] sample : ggZZto4tau
[AnalysisInputs::SetMCSF] => MCSF = 0.94117, MCSF_err = 0.105665
[AnalysisInputs::SetCalculatedSysts] Get Systematics from /home/jskim/Documents/trilepton_13TeV/DiLepton/data/v8-0-7.32/Syst.txt
[AnalysisInputs::SetCalculatedSysts] source : Luminosity
[AnalysisInputs::SetCalculatedSysts] => % sysematic = 0.025
[AnalysisInputs::SetCalculatedSysts] source : FakeLooseID
[AnalysisInputs::SetCalculatedSysts] => % sysematic = 0.3
[AnalysisInputs::SetCalculatedSysts] source : ChrageFlipSyst
[AnalysisInputs::SetCalculatedSysts] => % sysematic = 0.21
[CutRangeInfo::ReadCutCard] Get Cutcard from /home/jskim/Documents/trilepton_13TeV/DiLepton/data/v8-0-7.32/CutOpCard/OPTIMIZED_171021_MuMu_HighMass_Bin2/HNMuMu_250.txt
prompt_tau21_syst = 0.153609
signal_tau21_syst = 0.141885
Central	2.01251	0.0941168	0
_MuonEn_up	2.74876	0.0941168	0
_MuonEn_down	1.71375	0.0941168	0
_MuonIDSF_up	2.09389	0.0941168	0
_MuonIDSF_down	1.93662	0.0941168	0
_ElectronEn_up	1.98062	0.0941168	0
_ElectronEn_down	1.93709	0.0941168	0
_ElectronIDSF_up	1.85694	0.0941168	0
_ElectronIDSF_down	1.98853	0.0941168	0
_TriggerSF_up	1.92975	0.0941168	0
_TriggerSF_down	2.02999	0.0941168	0
_PU_up	1.99326	0.0941168	0
_PU_down	1.9876	0.0941168	0
_JetEn_up	1.95474	0.0941168	0
_JetEn_down	2.24924	0.0941168	0
_JetRes_up	2.06749	0.0941168	0
_JetRes_down	2.03747	0.0941168	0
_Unclustered_up	2.10618	0.0941168	0
_Unclustered_down	2.0841	0.0941168	0
_BTagSFEff_up	1.98696	0.0941168	0
_BTagSFEff_down	2.01316	0.0941168	0
_BTagSFMiss_up	1.97073	0.0941168	0
_BTagSFMiss_down	2.0566	0.0941168	0
_JetMass_up	1.98954	0.0941168	0
_JetMass_down	1.97357	0.0941168	0
_JetMassRes_up	1.9704	0.0941168	0
_JetMassRes_down	1.97678	0.0941168	0

################ Sources ################
Source	SystTotal	SystPrompt	SystFake	Signal
Stat 13.50 13.73  70.97  -nan  2.36
Lumi 2.39  2.50 -  -  2.50
PDF  -  -  -  -  2.50
MuonPt  26.67 27.92  -  -  4.36
MuonID  3.74 3.91  -  -  4.85
ElectronE  2.75 2.88  -  -  0.14
ElectronID  5.28 5.53  -  -  0.22
Trigger  2.84 2.97  -  -  0.26
PU  1.06 1.11  -  -  1.06
JES  8.18 8.56  -  -  0.61
JER  2.03 2.12  -  -  0.38
Uncl  3.96 4.14  -  -  0.46
BEff  0.86 0.90  -  -  0.50
BMiss  2.04 2.13  -  -  0.34
JMS  1.52 1.59  -  -  0.25
JMR  1.85 1.94  -  -  0.14
Tau21 7.29  7.63 -  -  7.29
MCNorm 18.93  19.81 -  -  -
Fake 1.34  -  30.00 - -
CF 0.00  -  -  -nan -
Total Systematic 35.86 37.51  30.00  -nan  7.58

Total Background	2.107
- Prompt	2.013
- Fake	0.094
- CF	0.000

####### Result #######
Signal Eff	0.039650
2.106632 1.383170
1.946491 1.107775
