
Processing Bin2_HNMuMu_400.C...
[AnalysisInputs::SetMCSF] Get MC SF from /home/jskim/Documents/trilepton_13TeV/DiLepton/data/v8-0-7.32/MCSF.txt
[AnalysisInputs::SetMCSF] sample : VVV
[AnalysisInputs::SetMCSF] => MCSF = 1, MCSF_err = 0.5
[AnalysisInputs::SetMCSF] sample : WWW
[AnalysisInputs::SetMCSF] => MCSF = 1, MCSF_err = 0.5
[AnalysisInputs::SetMCSF] sample : WWZ
[AnalysisInputs::SetMCSF] => MCSF = 1, MCSF_err = 0.5
[AnalysisInputs::SetMCSF] sample : WZZ
[AnalysisInputs::SetMCSF] => MCSF = 1, MCSF_err = 0.5
[AnalysisInputs::SetMCSF] sample : ZZZ
[AnalysisInputs::SetMCSF] => MCSF = 1, MCSF_err = 0.5
[AnalysisInputs::SetMCSF] sample : ttV
[AnalysisInputs::SetMCSF] => MCSF = 1, MCSF_err = 0.5
[AnalysisInputs::SetMCSF] sample : ttW
[AnalysisInputs::SetMCSF] => MCSF = 1, MCSF_err = 0.5
[AnalysisInputs::SetMCSF] sample : ttZ
[AnalysisInputs::SetMCSF] => MCSF = 1, MCSF_err = 0.5
[AnalysisInputs::SetMCSF] sample : ttH_nonbb
[AnalysisInputs::SetMCSF] => MCSF = 1, MCSF_err = 0.5
[AnalysisInputs::SetMCSF] sample : top
[AnalysisInputs::SetMCSF] => MCSF = 1, MCSF_err = 0.5
[AnalysisInputs::SetMCSF] sample : WZTo3LNu_powheg
[AnalysisInputs::SetMCSF] => MCSF = 0.988021, MCSF_err = 0.0652167
[AnalysisInputs::SetMCSF] sample : ZGto2LG
[AnalysisInputs::SetMCSF] => MCSF = 0.83069, MCSF_err = 0.174719
[AnalysisInputs::SetMCSF] sample : ZZTo4L_powheg
[AnalysisInputs::SetMCSF] => MCSF = 0.94117, MCSF_err = 0.105665
[AnalysisInputs::SetMCSF] sample : ggZZto2e2mu
[AnalysisInputs::SetMCSF] => MCSF = 0.94117, MCSF_err = 0.105665
[AnalysisInputs::SetMCSF] sample : ggZZto2e2nu
[AnalysisInputs::SetMCSF] => MCSF = 0.94117, MCSF_err = 0.105665
[AnalysisInputs::SetMCSF] sample : ggZZto2e2tau
[AnalysisInputs::SetMCSF] => MCSF = 0.94117, MCSF_err = 0.105665
[AnalysisInputs::SetMCSF] sample : ggZZto2mu2nu
[AnalysisInputs::SetMCSF] => MCSF = 0.94117, MCSF_err = 0.105665
[AnalysisInputs::SetMCSF] sample : ggZZto2mu2tau
[AnalysisInputs::SetMCSF] => MCSF = 0.94117, MCSF_err = 0.105665
[AnalysisInputs::SetMCSF] sample : ggZZto4e
[AnalysisInputs::SetMCSF] => MCSF = 0.94117, MCSF_err = 0.105665
[AnalysisInputs::SetMCSF] sample : ggZZto4mu
[AnalysisInputs::SetMCSF] => MCSF = 0.94117, MCSF_err = 0.105665
[AnalysisInputs::SetMCSF] sample : ggZZto4tau
[AnalysisInputs::SetMCSF] => MCSF = 0.94117, MCSF_err = 0.105665
[AnalysisInputs::SetCalculatedSysts] Get Systematics from /home/jskim/Documents/trilepton_13TeV/DiLepton/data/v8-0-7.32/Syst.txt
[AnalysisInputs::SetCalculatedSysts] source : Luminosity
[AnalysisInputs::SetCalculatedSysts] => % sysematic = 0.025
[AnalysisInputs::SetCalculatedSysts] source : FakeLooseID
[AnalysisInputs::SetCalculatedSysts] => % sysematic = 0.3
[AnalysisInputs::SetCalculatedSysts] source : ChrageFlipSyst
[AnalysisInputs::SetCalculatedSysts] => % sysematic = 0.21
[CutRangeInfo::ReadCutCard] Get Cutcard from /home/jskim/Documents/trilepton_13TeV/DiLepton/data/v8-0-7.32/CutOpCard/OPTIMIZED_171021_MuMu_HighMass_Bin2/HNMuMu_400.txt
prompt_tau21_syst = 0.0764412
signal_tau21_syst = 0.0890869
Central	1.04641	0	0
_MuonEn_up	1.4067	0	0
_MuonEn_down	0.963865	0	0
_MuonIDSF_up	1.08721	0	0
_MuonIDSF_down	1.0079	0	0
_ElectronEn_up	1.03077	0	0
_ElectronEn_down	0.962407	0	0
_ElectronIDSF_up	0.880394	0	0
_ElectronIDSF_down	1.02439	0	0
_TriggerSF_up	1.03315	0	0
_TriggerSF_down	1.0177	0	0
_PU_up	1.05124	0	0
_PU_down	1.0126	0	0
_JetEn_up	1.08356	0	0
_JetEn_down	1.1163	0	0
_JetRes_up	1.08968	0	0
_JetRes_down	1.04764	0	0
_Unclustered_up	1.09637	0	0
_Unclustered_down	1.1103	0	0
_BTagSFEff_up	1.02344	0	0
_BTagSFEff_down	1.02941	0	0
_BTagSFMiss_up	1.00702	0	0
_BTagSFMiss_down	1.0863	0	0
_JetMass_up	1.02452	0	0
_JetMass_down	1.0212	0	0
_JetMassRes_up	1.03917	0	0
_JetMassRes_down	0.999926	0	0

################ Sources ################
Source	SystTotal	SystPrompt	SystFake	Signal
Stat 18.85 18.85  -nan  -nan  1.22
Lumi 2.50  2.50 -  -  2.50
PDF  -  -  -  -  2.50
MuonPt  24.98 24.98  -  -  4.75
MuonID  3.79 3.79  -  -  4.44
ElectronE  5.77 5.77  -  -  0.10
ElectronID  11.32 11.32  -  -  0.14
Trigger  2.14 2.14  -  -  0.10
PU  2.31 2.31  -  -  0.86
JES  5.35 5.35  -  -  0.10
JER  2.93 2.93  -  -  0.11
Uncl  5.48 5.48  -  -  0.07
BEff  1.93 1.93  -  -  0.37
BMiss  3.79 3.79  -  -  0.55
JMS  2.26 2.26  -  -  0.08
JMR  3.18 3.18  -  -  0.34
Tau21 7.31  7.31 -  -  7.30
MCNorm 19.34  19.34 -  -  -
Fake 0.00  -  -nan - -
CF 0.00  -  -  -nan -
Total Systematic 36.65 36.65  -nan  -nan  7.50

Total Background	1.046
- Prompt	1.046
- Fake	0.000
- CF	0.000

####### Result #######
Signal Eff	0.152450
1.046407 1.412170
1.220451 1.105347
