
Processing Bin2_HNMuMu_100.C...
[AnalysisInputs::SetMCSF] Get MC SF from /home/jskim/Documents/trilepton_13TeV/DiLepton/data/v8-0-7.32/MCSF.txt
[AnalysisInputs::SetMCSF] sample : VVV
[AnalysisInputs::SetMCSF] => MCSF = 1, MCSF_err = 0.5
[AnalysisInputs::SetMCSF] sample : WWW
[AnalysisInputs::SetMCSF] => MCSF = 1, MCSF_err = 0.5
[AnalysisInputs::SetMCSF] sample : WWZ
[AnalysisInputs::SetMCSF] => MCSF = 1, MCSF_err = 0.5
[AnalysisInputs::SetMCSF] sample : WZZ
[AnalysisInputs::SetMCSF] => MCSF = 1, MCSF_err = 0.5
[AnalysisInputs::SetMCSF] sample : ZZZ
[AnalysisInputs::SetMCSF] => MCSF = 1, MCSF_err = 0.5
[AnalysisInputs::SetMCSF] sample : ttV
[AnalysisInputs::SetMCSF] => MCSF = 1, MCSF_err = 0.5
[AnalysisInputs::SetMCSF] sample : ttW
[AnalysisInputs::SetMCSF] => MCSF = 1, MCSF_err = 0.5
[AnalysisInputs::SetMCSF] sample : ttZ
[AnalysisInputs::SetMCSF] => MCSF = 1, MCSF_err = 0.5
[AnalysisInputs::SetMCSF] sample : ttH_nonbb
[AnalysisInputs::SetMCSF] => MCSF = 1, MCSF_err = 0.5
[AnalysisInputs::SetMCSF] sample : top
[AnalysisInputs::SetMCSF] => MCSF = 1, MCSF_err = 0.5
[AnalysisInputs::SetMCSF] sample : WZTo3LNu_powheg
[AnalysisInputs::SetMCSF] => MCSF = 0.988021, MCSF_err = 0.0652167
[AnalysisInputs::SetMCSF] sample : ZGto2LG
[AnalysisInputs::SetMCSF] => MCSF = 0.83069, MCSF_err = 0.174719
[AnalysisInputs::SetMCSF] sample : ZZTo4L_powheg
[AnalysisInputs::SetMCSF] => MCSF = 0.94117, MCSF_err = 0.105665
[AnalysisInputs::SetMCSF] sample : ggZZto2e2mu
[AnalysisInputs::SetMCSF] => MCSF = 0.94117, MCSF_err = 0.105665
[AnalysisInputs::SetMCSF] sample : ggZZto2e2nu
[AnalysisInputs::SetMCSF] => MCSF = 0.94117, MCSF_err = 0.105665
[AnalysisInputs::SetMCSF] sample : ggZZto2e2tau
[AnalysisInputs::SetMCSF] => MCSF = 0.94117, MCSF_err = 0.105665
[AnalysisInputs::SetMCSF] sample : ggZZto2mu2nu
[AnalysisInputs::SetMCSF] => MCSF = 0.94117, MCSF_err = 0.105665
[AnalysisInputs::SetMCSF] sample : ggZZto2mu2tau
[AnalysisInputs::SetMCSF] => MCSF = 0.94117, MCSF_err = 0.105665
[AnalysisInputs::SetMCSF] sample : ggZZto4e
[AnalysisInputs::SetMCSF] => MCSF = 0.94117, MCSF_err = 0.105665
[AnalysisInputs::SetMCSF] sample : ggZZto4mu
[AnalysisInputs::SetMCSF] => MCSF = 0.94117, MCSF_err = 0.105665
[AnalysisInputs::SetMCSF] sample : ggZZto4tau
[AnalysisInputs::SetMCSF] => MCSF = 0.94117, MCSF_err = 0.105665
[AnalysisInputs::SetCalculatedSysts] Get Systematics from /home/jskim/Documents/trilepton_13TeV/DiLepton/data/v8-0-7.32/Syst.txt
[AnalysisInputs::SetCalculatedSysts] source : Luminosity
[AnalysisInputs::SetCalculatedSysts] => % sysematic = 0.025
[AnalysisInputs::SetCalculatedSysts] source : FakeLooseID
[AnalysisInputs::SetCalculatedSysts] => % sysematic = 0.3
[AnalysisInputs::SetCalculatedSysts] source : ChrageFlipSyst
[AnalysisInputs::SetCalculatedSysts] => % sysematic = 0.21
[CutRangeInfo::ReadCutCard] Get Cutcard from /home/jskim/Documents/trilepton_13TeV/DiLepton/data/v8-0-7.32/CutOpCard/OPTIMIZED_171021_MuMu_HighMass_Bin2/HNMuMu_100.txt
prompt_tau21_syst = 0.431927
signal_tau21_syst = 0.0487419
Central	5.70737	2.12388	0
_MuonEn_up	6.04812	2.12388	0
_MuonEn_down	5.44625	2.12388	0
_MuonIDSF_up	6.06844	2.12388	0
_MuonIDSF_down	5.44466	2.12388	0
_ElectronEn_up	5.71392	2.12388	0
_ElectronEn_down	5.63246	2.12388	0
_ElectronIDSF_up	5.5776	2.12388	0
_ElectronIDSF_down	5.71275	2.12388	0
_TriggerSF_up	5.65368	2.12388	0
_TriggerSF_down	5.80809	2.12388	0
_PU_up	5.62706	2.12388	0
_PU_down	5.86681	2.12388	0
_JetEn_up	5.63974	2.12388	0
_JetEn_down	6.06365	2.12388	0
_JetRes_up	5.73328	2.12388	0
_JetRes_down	5.78742	2.12388	0
_Unclustered_up	5.75616	2.12388	0
_Unclustered_down	5.88141	2.12388	0
_BTagSFEff_up	5.63537	2.12388	0
_BTagSFEff_down	5.79723	2.12388	0
_BTagSFMiss_up	5.63882	2.12388	0
_BTagSFMiss_down	5.9588	2.12388	0
_JetMass_up	5.74317	2.12388	0
_JetMass_down	5.75728	2.12388	0
_JetMassRes_up	5.68853	2.12388	0
_JetMassRes_down	5.71312	2.12388	0

################ Sources ################
Source	SystTotal	SystPrompt	SystFake	Signal
Stat 8.21 8.02  21.27  -nan  28.20
Lumi 1.82  2.50 -  -  2.50
PDF  -  -  -  -  2.50
MuonPt  3.88 5.32  -  -  8.57
MuonID  4.03 5.53  -  -  12.22
ElectronE  0.68 0.93  -  -  13.47
ElectronID  1.17 1.61  -  -  6.41
Trigger  1.03 1.41  -  -  8.72
PU  1.61 2.21  -  -  8.23
JES  3.27 4.49  -  -  8.57
JER  0.76 1.04  -  -  8.57
Uncl  1.63 2.24  -  -  8.60
BEff  1.04 1.43  -  -  8.57
BMiss  2.35 3.23  -  -  8.60
JMS  0.55 0.76  -  -  8.57
JMR  0.18 0.24  -  -  8.32
Tau21 5.52  7.57 -  -  7.21
MCNorm 14.28  19.60 -  -  -
Fake 8.14  -  30.00 - -
CF 0.00  -  -  -nan -
Total Systematic 19.02 23.58  30.00  -nan  33.36

Total Background	7.831
- Prompt	5.707
- Fake	2.124
- CF	0.000

####### Result #######
Signal Eff	0.000197
7.831256 1.207130
0.676293 1.442714
