
Processing Bin2_HNMuMu_1200.C...
[AnalysisInputs::SetMCSF] Get MC SF from /home/jskim/Documents/trilepton_13TeV/DiLepton/data/v8-0-7.32/MCSF.txt
[AnalysisInputs::SetMCSF] sample : VVV
[AnalysisInputs::SetMCSF] => MCSF = 1, MCSF_err = 0.5
[AnalysisInputs::SetMCSF] sample : WWW
[AnalysisInputs::SetMCSF] => MCSF = 1, MCSF_err = 0.5
[AnalysisInputs::SetMCSF] sample : WWZ
[AnalysisInputs::SetMCSF] => MCSF = 1, MCSF_err = 0.5
[AnalysisInputs::SetMCSF] sample : WZZ
[AnalysisInputs::SetMCSF] => MCSF = 1, MCSF_err = 0.5
[AnalysisInputs::SetMCSF] sample : ZZZ
[AnalysisInputs::SetMCSF] => MCSF = 1, MCSF_err = 0.5
[AnalysisInputs::SetMCSF] sample : ttV
[AnalysisInputs::SetMCSF] => MCSF = 1, MCSF_err = 0.5
[AnalysisInputs::SetMCSF] sample : ttW
[AnalysisInputs::SetMCSF] => MCSF = 1, MCSF_err = 0.5
[AnalysisInputs::SetMCSF] sample : ttZ
[AnalysisInputs::SetMCSF] => MCSF = 1, MCSF_err = 0.5
[AnalysisInputs::SetMCSF] sample : ttH_nonbb
[AnalysisInputs::SetMCSF] => MCSF = 1, MCSF_err = 0.5
[AnalysisInputs::SetMCSF] sample : top
[AnalysisInputs::SetMCSF] => MCSF = 1, MCSF_err = 0.5
[AnalysisInputs::SetMCSF] sample : WZTo3LNu_powheg
[AnalysisInputs::SetMCSF] => MCSF = 0.988021, MCSF_err = 0.0652167
[AnalysisInputs::SetMCSF] sample : ZGto2LG
[AnalysisInputs::SetMCSF] => MCSF = 0.83069, MCSF_err = 0.174719
[AnalysisInputs::SetMCSF] sample : ZZTo4L_powheg
[AnalysisInputs::SetMCSF] => MCSF = 0.94117, MCSF_err = 0.105665
[AnalysisInputs::SetMCSF] sample : ggZZto2e2mu
[AnalysisInputs::SetMCSF] => MCSF = 0.94117, MCSF_err = 0.105665
[AnalysisInputs::SetMCSF] sample : ggZZto2e2nu
[AnalysisInputs::SetMCSF] => MCSF = 0.94117, MCSF_err = 0.105665
[AnalysisInputs::SetMCSF] sample : ggZZto2e2tau
[AnalysisInputs::SetMCSF] => MCSF = 0.94117, MCSF_err = 0.105665
[AnalysisInputs::SetMCSF] sample : ggZZto2mu2nu
[AnalysisInputs::SetMCSF] => MCSF = 0.94117, MCSF_err = 0.105665
[AnalysisInputs::SetMCSF] sample : ggZZto2mu2tau
[AnalysisInputs::SetMCSF] => MCSF = 0.94117, MCSF_err = 0.105665
[AnalysisInputs::SetMCSF] sample : ggZZto4e
[AnalysisInputs::SetMCSF] => MCSF = 0.94117, MCSF_err = 0.105665
[AnalysisInputs::SetMCSF] sample : ggZZto4mu
[AnalysisInputs::SetMCSF] => MCSF = 0.94117, MCSF_err = 0.105665
[AnalysisInputs::SetMCSF] sample : ggZZto4tau
[AnalysisInputs::SetMCSF] => MCSF = 0.94117, MCSF_err = 0.105665
[AnalysisInputs::SetCalculatedSysts] Get Systematics from /home/jskim/Documents/trilepton_13TeV/DiLepton/data/v8-0-7.32/Syst.txt
[AnalysisInputs::SetCalculatedSysts] source : Luminosity
[AnalysisInputs::SetCalculatedSysts] => % sysematic = 0.025
[AnalysisInputs::SetCalculatedSysts] source : FakeLooseID
[AnalysisInputs::SetCalculatedSysts] => % sysematic = 0.3
[AnalysisInputs::SetCalculatedSysts] source : ChrageFlipSyst
[AnalysisInputs::SetCalculatedSysts] => % sysematic = 0.21
[CutRangeInfo::ReadCutCard] Get Cutcard from /home/jskim/Documents/trilepton_13TeV/DiLepton/data/v8-0-7.32/CutOpCard/OPTIMIZED_171021_MuMu_HighMass_Bin2/HNMuMu_1200.txt
prompt_tau21_syst = 0.0560308
signal_tau21_syst = 0.00192797
Central	0.777381	0	0
_MuonEn_up	0.837065	0	0
_MuonEn_down	0.695243	0	0
_MuonIDSF_up	0.80476	0	0
_MuonIDSF_down	0.748767	0	0
_ElectronEn_up	0.767335	0	0
_ElectronEn_down	0.699574	0	0
_ElectronIDSF_up	0.698841	0	0
_ElectronIDSF_down	0.765805	0	0
_TriggerSF_up	0.775008	0	0
_TriggerSF_down	0.751618	0	0
_PU_up	0.78199	0	0
_PU_down	0.751942	0	0
_JetEn_up	0.822271	0	0
_JetEn_down	0.848551	0	0
_JetRes_up	0.824162	0	0
_JetRes_down	0.779332	0	0
_Unclustered_up	0.827479	0	0
_Unclustered_down	0.844331	0	0
_BTagSFEff_up	0.763875	0	0
_BTagSFEff_down	0.767564	0	0
_BTagSFMiss_up	0.770431	0	0
_BTagSFMiss_down	0.820123	0	0
_JetMass_up	0.764565	0	0
_JetMass_down	0.755546	0	0
_JetMassRes_up	0.777029	0	0
_JetMassRes_down	0.752646	0	0

################ Sources ################
Source	SystTotal	SystPrompt	SystFake	Signal
Stat 22.40 22.40  -nan  -nan  0.81
Lumi 2.50  2.50 -  -  2.50
PDF  -  -  -  -  2.50
MuonPt  9.24 9.24  -  -  1.00
MuonID  3.60 3.60  -  -  4.25
ElectronE  7.14 7.14  -  -  0.16
ElectronID  7.22 7.22  -  -  0.07
Trigger  2.35 2.35  -  -  0.09
PU  2.35 2.35  -  -  0.97
JES  7.65 7.65  -  -  0.18
JER  4.26 4.26  -  -  0.14
Uncl  7.61 7.61  -  -  0.13
BEff  1.52 1.52  -  -  0.45
BMiss  3.94 3.94  -  -  0.52
JMS  2.30 2.30  -  -  0.05
JMR  2.25 2.25  -  -  0.13
Tau21 7.21  7.21 -  -  7.33
MCNorm 15.56  15.56 -  -  -
Fake 0.00  -  -nan - -
CF 0.00  -  -  -nan -
Total Systematic 25.99 25.99  -nan  -nan  5.75

Total Background	0.777
- Prompt	0.777
- Fake	0.000
- CF	0.000

####### Result #######
Signal Eff	0.386933
0.777381 1.343109
0.026296 1.093557
