
Processing Bin2_HNMuMu_800.C...
[AnalysisInputs::SetMCSF] Get MC SF from /home/jskim/Documents/trilepton_13TeV/DiLepton/data/v8-0-7.32/MCSF.txt
[AnalysisInputs::SetMCSF] sample : VVV
[AnalysisInputs::SetMCSF] => MCSF = 1, MCSF_err = 0.5
[AnalysisInputs::SetMCSF] sample : WWW
[AnalysisInputs::SetMCSF] => MCSF = 1, MCSF_err = 0.5
[AnalysisInputs::SetMCSF] sample : WWZ
[AnalysisInputs::SetMCSF] => MCSF = 1, MCSF_err = 0.5
[AnalysisInputs::SetMCSF] sample : WZZ
[AnalysisInputs::SetMCSF] => MCSF = 1, MCSF_err = 0.5
[AnalysisInputs::SetMCSF] sample : ZZZ
[AnalysisInputs::SetMCSF] => MCSF = 1, MCSF_err = 0.5
[AnalysisInputs::SetMCSF] sample : ttV
[AnalysisInputs::SetMCSF] => MCSF = 1, MCSF_err = 0.5
[AnalysisInputs::SetMCSF] sample : ttW
[AnalysisInputs::SetMCSF] => MCSF = 1, MCSF_err = 0.5
[AnalysisInputs::SetMCSF] sample : ttZ
[AnalysisInputs::SetMCSF] => MCSF = 1, MCSF_err = 0.5
[AnalysisInputs::SetMCSF] sample : ttH_nonbb
[AnalysisInputs::SetMCSF] => MCSF = 1, MCSF_err = 0.5
[AnalysisInputs::SetMCSF] sample : top
[AnalysisInputs::SetMCSF] => MCSF = 1, MCSF_err = 0.5
[AnalysisInputs::SetMCSF] sample : WZTo3LNu_powheg
[AnalysisInputs::SetMCSF] => MCSF = 0.990529, MCSF_err = 0.0659614
[AnalysisInputs::SetMCSF] sample : ZGto2LG
[AnalysisInputs::SetMCSF] => MCSF = 0.779045, MCSF_err = 0.182441
[AnalysisInputs::SetMCSF] sample : ZZTo4L_powheg
[AnalysisInputs::SetMCSF] => MCSF = 0.93079, MCSF_err = 0.110885
[AnalysisInputs::SetMCSF] sample : ggZZto2e2mu
[AnalysisInputs::SetMCSF] => MCSF = 0.93079, MCSF_err = 0.110885
[AnalysisInputs::SetMCSF] sample : ggZZto2e2nu
[AnalysisInputs::SetMCSF] => MCSF = 0.93079, MCSF_err = 0.110885
[AnalysisInputs::SetMCSF] sample : ggZZto2e2tau
[AnalysisInputs::SetMCSF] => MCSF = 0.93079, MCSF_err = 0.110885
[AnalysisInputs::SetMCSF] sample : ggZZto2mu2nu
[AnalysisInputs::SetMCSF] => MCSF = 0.93079, MCSF_err = 0.110885
[AnalysisInputs::SetMCSF] sample : ggZZto2mu2tau
[AnalysisInputs::SetMCSF] => MCSF = 0.93079, MCSF_err = 0.110885
[AnalysisInputs::SetMCSF] sample : ggZZto4e
[AnalysisInputs::SetMCSF] => MCSF = 0.93079, MCSF_err = 0.110885
[AnalysisInputs::SetMCSF] sample : ggZZto4mu
[AnalysisInputs::SetMCSF] => MCSF = 0.93079, MCSF_err = 0.110885
[AnalysisInputs::SetMCSF] sample : ggZZto4tau
[AnalysisInputs::SetMCSF] => MCSF = 0.93079, MCSF_err = 0.110885
[AnalysisInputs::SetCalculatedSysts] Get Systematics from /home/jskim/Documents/trilepton_13TeV/DiLepton/data/v8-0-7.32/Syst.txt
[AnalysisInputs::SetCalculatedSysts] source : Luminosity
[AnalysisInputs::SetCalculatedSysts] => % sysematic = 0.025
[AnalysisInputs::SetCalculatedSysts] source : FakeLooseID
[AnalysisInputs::SetCalculatedSysts] => % sysematic = 0.3
[AnalysisInputs::SetCalculatedSysts] source : ChrageFlipSyst
[AnalysisInputs::SetCalculatedSysts] => % sysematic = 0.21
[CutRangeInfo::ReadCutCard] Get Cutcard from /home/jskim/Documents/trilepton_13TeV/DiLepton/data/v8-0-7.32/CutOpCard/OPTIMIZED_171108_MuMu_HighMass_Bin2/HNMuMu_800.txt
prompt_tau21_syst = 0.0159849
signal_tau21_syst = 0.0118923
Central	0.22179	0	0
_MuonEn_up	0.239298	0	0
_MuonEn_down	0.115114	0	0
_MuonIDSF_up	0.230301	0	0
_MuonIDSF_down	0.207937	0	0
_ElectronEn_up	0.222833	0	0
_ElectronEn_down	0.216932	0	0
_ElectronIDSF_up	0.194329	0	0
_ElectronIDSF_down	0.220155	0	0
_TriggerSF_up	0.214007	0	0
_TriggerSF_down	0.222631	0	0
_PU_up	0.212598	0	0
_PU_down	0.226048	0	0
_JetEn_up	0.212377	0	0
_JetEn_down	0.269193	0	0
_JetRes_up	0.261622	0	0
_JetRes_down	0.224432	0	0
_Unclustered_up	0.250571	0	0
_Unclustered_down	0.265679	0	0
_BTagSFEff_up	0.218169	0	0
_BTagSFEff_down	0.22309	0	0
_BTagSFMiss_up	0.213747	0	0
_BTagSFMiss_down	0.220121	0	0
_JetMass_up	0.220372	0	0
_JetMass_down	0.213448	0	0
_JetMassRes_up	0.227561	0	0
_JetMassRes_down	0.217471	0	0

################ Sources ################
Source	SystTotal	SystPrompt	SystFake	Signal
Stat 38.49 38.49  -nan  -nan  0.84
Lumi 2.50  2.50 -  -  2.50
PDF  -  -  -  -  8.53
MuonPt  34.47 34.47  -  -  1.62
MuonID  5.18 5.18  -  -  4.03
ElectronE  1.58 1.58  -  -  0.08
ElectronID  8.77 8.77  -  -  0.14
Trigger  2.50 2.50  -  -  0.12
PU  3.23 3.23  -  -  0.67
JES  15.41 15.41  -  -  0.13
JER  12.73 12.73  -  -  0.16
Uncl  16.73 16.73  -  -  0.10
BEff  1.23 1.23  -  -  0.55
BMiss  2.62 2.62  -  -  0.55
JMS  2.70 2.70  -  -  0.05
JMR  2.30 2.30  -  -  0.12
Tau21 7.21  7.21 -  -  7.29
MCNorm 19.35  19.35 -  -  -
Fake 0.00  -  -nan - -
CF 0.00  -  -  -nan -
Total Systematic 49.44 49.44  -nan  -nan  9.95

Total Background	0.222
- Prompt	0.222
- Fake	0.000
- CF	0.000

####### Result #######
Signal Eff	0.349780
0.221790 1.626540
0.163206 1.123621
