
Processing Bin2_HNMuMu_150.C...
[AnalysisInputs::SetMCSF] Get MC SF from /home/jskim/Documents/trilepton_13TeV/DiLepton/data/v8-0-7.32/MCSF.txt
[AnalysisInputs::SetMCSF] sample : VVV
[AnalysisInputs::SetMCSF] => MCSF = 1, MCSF_err = 0.5
[AnalysisInputs::SetMCSF] sample : WWW
[AnalysisInputs::SetMCSF] => MCSF = 1, MCSF_err = 0.5
[AnalysisInputs::SetMCSF] sample : WWZ
[AnalysisInputs::SetMCSF] => MCSF = 1, MCSF_err = 0.5
[AnalysisInputs::SetMCSF] sample : WZZ
[AnalysisInputs::SetMCSF] => MCSF = 1, MCSF_err = 0.5
[AnalysisInputs::SetMCSF] sample : ZZZ
[AnalysisInputs::SetMCSF] => MCSF = 1, MCSF_err = 0.5
[AnalysisInputs::SetMCSF] sample : ttV
[AnalysisInputs::SetMCSF] => MCSF = 1, MCSF_err = 0.5
[AnalysisInputs::SetMCSF] sample : ttW
[AnalysisInputs::SetMCSF] => MCSF = 1, MCSF_err = 0.5
[AnalysisInputs::SetMCSF] sample : ttZ
[AnalysisInputs::SetMCSF] => MCSF = 1, MCSF_err = 0.5
[AnalysisInputs::SetMCSF] sample : ttH_nonbb
[AnalysisInputs::SetMCSF] => MCSF = 1, MCSF_err = 0.5
[AnalysisInputs::SetMCSF] sample : top
[AnalysisInputs::SetMCSF] => MCSF = 1, MCSF_err = 0.5
[AnalysisInputs::SetMCSF] sample : WZTo3LNu_powheg
[AnalysisInputs::SetMCSF] => MCSF = 0.990529, MCSF_err = 0.0659614
[AnalysisInputs::SetMCSF] sample : ZGto2LG
[AnalysisInputs::SetMCSF] => MCSF = 0.779045, MCSF_err = 0.182441
[AnalysisInputs::SetMCSF] sample : ZZTo4L_powheg
[AnalysisInputs::SetMCSF] => MCSF = 0.93079, MCSF_err = 0.110885
[AnalysisInputs::SetMCSF] sample : ggZZto2e2mu
[AnalysisInputs::SetMCSF] => MCSF = 0.93079, MCSF_err = 0.110885
[AnalysisInputs::SetMCSF] sample : ggZZto2e2nu
[AnalysisInputs::SetMCSF] => MCSF = 0.93079, MCSF_err = 0.110885
[AnalysisInputs::SetMCSF] sample : ggZZto2e2tau
[AnalysisInputs::SetMCSF] => MCSF = 0.93079, MCSF_err = 0.110885
[AnalysisInputs::SetMCSF] sample : ggZZto2mu2nu
[AnalysisInputs::SetMCSF] => MCSF = 0.93079, MCSF_err = 0.110885
[AnalysisInputs::SetMCSF] sample : ggZZto2mu2tau
[AnalysisInputs::SetMCSF] => MCSF = 0.93079, MCSF_err = 0.110885
[AnalysisInputs::SetMCSF] sample : ggZZto4e
[AnalysisInputs::SetMCSF] => MCSF = 0.93079, MCSF_err = 0.110885
[AnalysisInputs::SetMCSF] sample : ggZZto4mu
[AnalysisInputs::SetMCSF] => MCSF = 0.93079, MCSF_err = 0.110885
[AnalysisInputs::SetMCSF] sample : ggZZto4tau
[AnalysisInputs::SetMCSF] => MCSF = 0.93079, MCSF_err = 0.110885
[AnalysisInputs::SetCalculatedSysts] Get Systematics from /home/jskim/Documents/trilepton_13TeV/DiLepton/data/v8-0-7.32/Syst.txt
[AnalysisInputs::SetCalculatedSysts] source : Luminosity
[AnalysisInputs::SetCalculatedSysts] => % sysematic = 0.025
[AnalysisInputs::SetCalculatedSysts] source : FakeLooseID
[AnalysisInputs::SetCalculatedSysts] => % sysematic = 0.3
[AnalysisInputs::SetCalculatedSysts] source : ChrageFlipSyst
[AnalysisInputs::SetCalculatedSysts] => % sysematic = 0.21
[CutRangeInfo::ReadCutCard] Get Cutcard from /home/jskim/Documents/trilepton_13TeV/DiLepton/data/v8-0-7.32/CutOpCard/OPTIMIZED_171108_MuMu_HighMass_Bin2/HNMuMu_150.txt
prompt_tau21_syst = 0.0606815
signal_tau21_syst = 0.116496
Central	0.733556	0.405	0
_MuonEn_up	0.748815	0.405	0
_MuonEn_down	0.724092	0.405	0
_MuonIDSF_up	0.823993	0.405	0
_MuonIDSF_down	0.750307	0.405	0
_ElectronEn_up	0.725647	0.405	0
_ElectronEn_down	0.89681	0.405	0
_ElectronIDSF_up	0.740575	0.405	0
_ElectronIDSF_down	0.722976	0.405	0
_TriggerSF_up	0.727481	0.405	0
_TriggerSF_down	0.731366	0.405	0
_PU_up	0.703169	0.405	0
_PU_down	0.716739	0.405	0
_JetEn_up	0.692957	0.405	0
_JetEn_down	0.66243	0.405	0
_JetRes_up	0.728603	0.405	0
_JetRes_down	0.727759	0.405	0
_Unclustered_up	0.700372	0.405	0
_Unclustered_down	0.689675	0.405	0
_BTagSFEff_up	0.726421	0.405	0
_BTagSFEff_down	0.729101	0.405	0
_BTagSFMiss_up	0.731105	0.405	0
_BTagSFMiss_down	0.726458	0.405	0
_JetMass_up	0.744638	0.405	0
_JetMass_down	0.723696	0.405	0
_JetMassRes_up	0.723981	0.405	0
_JetMassRes_down	0.738102	0.405	0

################ Sources ################
Source	SystTotal	SystPrompt	SystFake	Signal
Stat 22.58 25.04  44.41  -nan  7.16
Lumi 1.61  2.50 -  -  2.50
PDF  -  -  -  -  8.53
MuonPt  1.12 1.73  -  -  1.84
MuonID  5.71 8.87  -  -  6.22
ElectronE  10.15 15.76  -  -  1.46
ElectronID  0.79 1.22  -  -  1.22
Trigger  0.40 0.62  -  -  0.47
PU  2.16 3.35  -  -  1.73
JES  5.09 7.89  -  -  1.94
JER  0.47 0.73  -  -  1.16
Uncl  3.42 5.30  -  -  0.94
BEff  0.52 0.81  -  -  0.81
BMiss  0.47 0.72  -  -  2.24
JMS  0.92 1.43  -  -  0.62
JMR  0.66 1.02  -  -  0.56
Tau21 5.33  8.27 -  -  7.23
MCNorm 12.74  19.77 -  -  -
Fake 10.67  -  30.00 - -
CF 0.00  -  -  -nan -
Total Systematic 22.12 30.06  30.00  -nan  11.84

Total Background	1.139
- Prompt	0.734
- Fake	0.405
- CF	0.000

####### Result #######
Signal Eff	0.004083
1.138556 1.316042
1.610536 1.156149
