
Processing Bin2_HNMuMu_250.C...
[AnalysisInputs::SetMCSF] Get MC SF from /home/jskim/Documents/trilepton_13TeV/DiLepton/data/v8-0-7.32/MCSF.txt
[AnalysisInputs::SetMCSF] sample : VVV
[AnalysisInputs::SetMCSF] => MCSF = 1, MCSF_err = 0.5
[AnalysisInputs::SetMCSF] sample : WWW
[AnalysisInputs::SetMCSF] => MCSF = 1, MCSF_err = 0.5
[AnalysisInputs::SetMCSF] sample : WWZ
[AnalysisInputs::SetMCSF] => MCSF = 1, MCSF_err = 0.5
[AnalysisInputs::SetMCSF] sample : WZZ
[AnalysisInputs::SetMCSF] => MCSF = 1, MCSF_err = 0.5
[AnalysisInputs::SetMCSF] sample : ZZZ
[AnalysisInputs::SetMCSF] => MCSF = 1, MCSF_err = 0.5
[AnalysisInputs::SetMCSF] sample : ttV
[AnalysisInputs::SetMCSF] => MCSF = 1, MCSF_err = 0.5
[AnalysisInputs::SetMCSF] sample : ttW
[AnalysisInputs::SetMCSF] => MCSF = 1, MCSF_err = 0.5
[AnalysisInputs::SetMCSF] sample : ttZ
[AnalysisInputs::SetMCSF] => MCSF = 1, MCSF_err = 0.5
[AnalysisInputs::SetMCSF] sample : ttH_nonbb
[AnalysisInputs::SetMCSF] => MCSF = 1, MCSF_err = 0.5
[AnalysisInputs::SetMCSF] sample : top
[AnalysisInputs::SetMCSF] => MCSF = 1, MCSF_err = 0.5
[AnalysisInputs::SetMCSF] sample : WZTo3LNu_powheg
[AnalysisInputs::SetMCSF] => MCSF = 0.990529, MCSF_err = 0.0659614
[AnalysisInputs::SetMCSF] sample : ZGto2LG
[AnalysisInputs::SetMCSF] => MCSF = 0.779045, MCSF_err = 0.182441
[AnalysisInputs::SetMCSF] sample : ZZTo4L_powheg
[AnalysisInputs::SetMCSF] => MCSF = 0.93079, MCSF_err = 0.110885
[AnalysisInputs::SetMCSF] sample : ggZZto2e2mu
[AnalysisInputs::SetMCSF] => MCSF = 0.93079, MCSF_err = 0.110885
[AnalysisInputs::SetMCSF] sample : ggZZto2e2nu
[AnalysisInputs::SetMCSF] => MCSF = 0.93079, MCSF_err = 0.110885
[AnalysisInputs::SetMCSF] sample : ggZZto2e2tau
[AnalysisInputs::SetMCSF] => MCSF = 0.93079, MCSF_err = 0.110885
[AnalysisInputs::SetMCSF] sample : ggZZto2mu2nu
[AnalysisInputs::SetMCSF] => MCSF = 0.93079, MCSF_err = 0.110885
[AnalysisInputs::SetMCSF] sample : ggZZto2mu2tau
[AnalysisInputs::SetMCSF] => MCSF = 0.93079, MCSF_err = 0.110885
[AnalysisInputs::SetMCSF] sample : ggZZto4e
[AnalysisInputs::SetMCSF] => MCSF = 0.93079, MCSF_err = 0.110885
[AnalysisInputs::SetMCSF] sample : ggZZto4mu
[AnalysisInputs::SetMCSF] => MCSF = 0.93079, MCSF_err = 0.110885
[AnalysisInputs::SetMCSF] sample : ggZZto4tau
[AnalysisInputs::SetMCSF] => MCSF = 0.93079, MCSF_err = 0.110885
[AnalysisInputs::SetCalculatedSysts] Get Systematics from /home/jskim/Documents/trilepton_13TeV/DiLepton/data/v8-0-7.32/Syst.txt
[AnalysisInputs::SetCalculatedSysts] source : Luminosity
[AnalysisInputs::SetCalculatedSysts] => % sysematic = 0.025
[AnalysisInputs::SetCalculatedSysts] source : FakeLooseID
[AnalysisInputs::SetCalculatedSysts] => % sysematic = 0.3
[AnalysisInputs::SetCalculatedSysts] source : ChrageFlipSyst
[AnalysisInputs::SetCalculatedSysts] => % sysematic = 0.21
[CutRangeInfo::ReadCutCard] Get Cutcard from /home/jskim/Documents/trilepton_13TeV/DiLepton/data/v8-0-7.32/CutOpCard/OPTIMIZED_171108_MuMu_HighMass_Bin2/HNMuMu_250.txt
prompt_tau21_syst = 0.022194
signal_tau21_syst = 0.123776
Central	0.298393	0.0508883	0
_MuonEn_up	0.479477	0.0508883	0
_MuonEn_down	0.273719	0.0508883	0
_MuonIDSF_up	0.306983	0.0508883	0
_MuonIDSF_down	0.29257	0.0508883	0
_ElectronEn_up	0.313921	0.0508883	0
_ElectronEn_down	0.292251	0.0508883	0
_ElectronIDSF_up	0.308869	0.0508883	0
_ElectronIDSF_down	0.299645	0.0508883	0
_TriggerSF_up	0.296366	0.0508883	0
_TriggerSF_down	0.293143	0.0508883	0
_PU_up	0.307003	0.0508883	0
_PU_down	0.298358	0.0508883	0
_JetEn_up	0.271721	0.0508883	0
_JetEn_down	0.38854	0.0508883	0
_JetRes_up	0.31115	0.0508883	0
_JetRes_down	0.290059	0.0508883	0
_Unclustered_up	0.300134	0.0508883	0
_Unclustered_down	0.294171	0.0508883	0
_BTagSFEff_up	0.290902	0.0508883	0
_BTagSFEff_down	0.294206	0.0508883	0
_BTagSFMiss_up	0.307834	0.0508883	0
_BTagSFMiss_down	0.299782	0.0508883	0
_JetMass_up	0.30273	0.0508883	0
_JetMass_down	0.281395	0.0508883	0
_JetMassRes_up	0.303525	0.0508883	0
_JetMassRes_down	0.289868	0.0508883	0

################ Sources ################
Source	SystTotal	SystPrompt	SystFake	Signal
Stat 28.74 29.00  100.02  -nan  2.53
Lumi 2.14  2.50 -  -  2.50
PDF  -  -  -  -  8.53
MuonPt  37.00 43.31  -  -  3.68
MuonID  2.10 2.46  -  -  4.31
ElectronE  3.38 3.96  -  -  0.18
ElectronID  2.14 2.50  -  -  0.19
Trigger  1.14 1.33  -  -  0.11
PU  1.74 2.04  -  -  1.86
JES  19.03 22.28  -  -  1.40
JER  3.08 3.61  -  -  0.61
Uncl  0.92 1.08  -  -  0.41
BEff  1.74 2.03  -  -  0.29
BMiss  1.93 2.26  -  -  0.72
JMS  3.55 4.16  -  -  0.27
JMR  2.01 2.36  -  -  0.26
Tau21 6.35  7.44 -  -  7.26
MCNorm 23.59  27.61 -  -  -
Fake 4.37  -  30.00 - -
CF 0.00  -  -  -nan -
Total Systematic 49.09 57.24  30.00  -nan  10.86

Total Background	0.349
- Prompt	0.298
- Fake	0.051
- CF	0.000

####### Result #######
Signal Eff	0.034267
0.349281 1.568878
1.705474 1.133031
