
Processing Bin2_HNMuMu_1000.C...
[AnalysisInputs::SetMCSF] Get MC SF from /home/jskim/Documents/trilepton_13TeV/DiLepton/data/v8-0-7.36/MCSF.txt
[AnalysisInputs::SetMCSF] sample : VVV
[AnalysisInputs::SetMCSF] => MCSF = 1, MCSF_err = 0.5
[AnalysisInputs::SetMCSF] sample : WWW
[AnalysisInputs::SetMCSF] => MCSF = 1, MCSF_err = 0.5
[AnalysisInputs::SetMCSF] sample : WWZ
[AnalysisInputs::SetMCSF] => MCSF = 1, MCSF_err = 0.5
[AnalysisInputs::SetMCSF] sample : WZZ
[AnalysisInputs::SetMCSF] => MCSF = 1, MCSF_err = 0.5
[AnalysisInputs::SetMCSF] sample : ZZZ
[AnalysisInputs::SetMCSF] => MCSF = 1, MCSF_err = 0.5
[AnalysisInputs::SetMCSF] sample : ttV
[AnalysisInputs::SetMCSF] => MCSF = 1, MCSF_err = 0.5
[AnalysisInputs::SetMCSF] sample : ttW
[AnalysisInputs::SetMCSF] => MCSF = 1, MCSF_err = 0.5
[AnalysisInputs::SetMCSF] sample : ttZ
[AnalysisInputs::SetMCSF] => MCSF = 1, MCSF_err = 0.5
[AnalysisInputs::SetMCSF] sample : ttH_nonbb
[AnalysisInputs::SetMCSF] => MCSF = 1, MCSF_err = 0.5
[AnalysisInputs::SetMCSF] sample : top
[AnalysisInputs::SetMCSF] => MCSF = 1, MCSF_err = 0.5
[AnalysisInputs::SetMCSF] sample : WZTo3LNu_powheg
[AnalysisInputs::SetMCSF] => MCSF = 1.00165, MCSF_err = 0.0888561
[AnalysisInputs::SetMCSF] sample : ZGto2LG
[AnalysisInputs::SetMCSF] => MCSF = 0.794861, MCSF_err = 0.155181
[AnalysisInputs::SetMCSF] sample : ZZTo4L_powheg
[AnalysisInputs::SetMCSF] => MCSF = 0.926685, MCSF_err = 0.102827
[AnalysisInputs::SetMCSF] sample : ggZZto2e2mu
[AnalysisInputs::SetMCSF] => MCSF = 0.926685, MCSF_err = 0.102827
[AnalysisInputs::SetMCSF] sample : ggZZto2e2nu
[AnalysisInputs::SetMCSF] => MCSF = 0.926685, MCSF_err = 0.102827
[AnalysisInputs::SetMCSF] sample : ggZZto2e2tau
[AnalysisInputs::SetMCSF] => MCSF = 0.926685, MCSF_err = 0.102827
[AnalysisInputs::SetMCSF] sample : ggZZto2mu2nu
[AnalysisInputs::SetMCSF] => MCSF = 0.926685, MCSF_err = 0.102827
[AnalysisInputs::SetMCSF] sample : ggZZto2mu2tau
[AnalysisInputs::SetMCSF] => MCSF = 0.926685, MCSF_err = 0.102827
[AnalysisInputs::SetMCSF] sample : ggZZto4e
[AnalysisInputs::SetMCSF] => MCSF = 0.926685, MCSF_err = 0.102827
[AnalysisInputs::SetMCSF] sample : ggZZto4mu
[AnalysisInputs::SetMCSF] => MCSF = 0.926685, MCSF_err = 0.102827
[AnalysisInputs::SetMCSF] sample : ggZZto4tau
[AnalysisInputs::SetMCSF] => MCSF = 0.926685, MCSF_err = 0.102827
[AnalysisInputs::SetCalculatedSysts] Get Systematics from /home/jskim/Documents/trilepton_13TeV/DiLepton/data/v8-0-7.36/Syst.txt
[AnalysisInputs::SetCalculatedSysts] source : Luminosity
[AnalysisInputs::SetCalculatedSysts] => % sysematic = 0.025
[AnalysisInputs::SetCalculatedSysts] source : FakeLooseID
[AnalysisInputs::SetCalculatedSysts] => % sysematic = 0.3
[AnalysisInputs::SetCalculatedSysts] source : ChrageFlipSyst
[AnalysisInputs::SetCalculatedSysts] => % sysematic = 0.21
[CutRangeInfo::ReadCutCard] Get Cutcard from /home/jskim/Documents/trilepton_13TeV/DiLepton/data/v8-0-7.36/CutOpCard/OPTIMIZED_171108_MuMu_HighMass_Bin2/HNMuMu_1000.txt
prompt_tau21_syst = 0.00529841
signal_tau21_syst = 0.00488383
Central	0.0734674	0	0
_MuonEn_up	0.134361	0	0
_MuonEn_down	0.147168	0	0
_MuonIDSF_up	0.0777704	0	0
_MuonIDSF_down	0.0733332	0	0
_ElectronEn_up	0.0819124	0	0
_ElectronEn_down	0.121013	0	0
_ElectronIDSF_up	0.0816468	0	0
_ElectronIDSF_down	0.0792242	0	0
_TriggerSF_up	0.07753	0	0
_TriggerSF_down	0.0750603	0	0
_PU_up	0.0750007	0	0
_PU_down	0.0755449	0	0
_JetEn_up	0.119022	0	0
_JetEn_down	0.0894385	0	0
_JetRes_up	0.079185	0	0
_JetRes_down	0.0932793	0	0
_Unclustered_up	0.0763759	0	0
_Unclustered_down	0.0790344	0	0
_BTagSFEff_up	0.0753038	0	0
_BTagSFEff_down	0.0775291	0	0
_BTagSFMiss_up	0.0750603	0	0
_BTagSFMiss_down	0.0750603	0	0
_JetMass_up	0.0820125	0	0
_JetMass_down	0.0757535	0	0
_JetMassRes_up	0.0770263	0	0
_JetMassRes_down	0.0786657	0	0

################ Sources ################
Source	SystTotal	SystPrompt	SystFake	Signal
Stat 24.30 24.30  -nan  -nan  0.81
Lumi 2.50  2.50 -  -  2.50
PDF  -  -  -  -  8.53
MuonPt  92.02 92.02  -  -  0.88
MuonID  4.14 4.14  -  -  3.61
ElectronE  46.48 46.48  -  -  0.07
ElectronID  9.63 9.63  -  -  0.19
Trigger  4.20 4.20  -  -  0.04
PU  2.49 2.49  -  -  0.94
JES  46.46 46.46  -  -  0.06
JER  19.85 19.85  -  -  0.24
Uncl  6.05 6.05  -  -  0.02
BEff  4.29 4.29  -  -  0.47
BMiss  2.17 2.17  -  -  0.38
JMS  8.51 8.51  -  -  0.09
JMR  6.06 6.06  -  -  0.06
Tau21 7.21  7.21 -  -  7.27
MCNorm 14.69  14.69 -  -  -
Fake 0.00  -  -nan - -
CF 0.00  -  -  -nan -
Total Systematic 117.29 117.29  -nan  -nan  9.70

Total Background	0.073
- Prompt	0.073
- Fake	0.000
- CF	0.000

####### Result #######
Signal Eff	0.378967
0.073467 2.197769
0.067133 1.121554
