
Processing Bin2_HNMuMu_125.C...
[AnalysisInputs::SetMCSF] Get MC SF from /home/jskim/Documents/trilepton_13TeV/DiLepton/data/v8-0-7.32/MCSF.txt
[AnalysisInputs::SetMCSF] sample : VVV
[AnalysisInputs::SetMCSF] => MCSF = 1, MCSF_err = 0.5
[AnalysisInputs::SetMCSF] sample : WWW
[AnalysisInputs::SetMCSF] => MCSF = 1, MCSF_err = 0.5
[AnalysisInputs::SetMCSF] sample : WWZ
[AnalysisInputs::SetMCSF] => MCSF = 1, MCSF_err = 0.5
[AnalysisInputs::SetMCSF] sample : WZZ
[AnalysisInputs::SetMCSF] => MCSF = 1, MCSF_err = 0.5
[AnalysisInputs::SetMCSF] sample : ZZZ
[AnalysisInputs::SetMCSF] => MCSF = 1, MCSF_err = 0.5
[AnalysisInputs::SetMCSF] sample : ttV
[AnalysisInputs::SetMCSF] => MCSF = 1, MCSF_err = 0.5
[AnalysisInputs::SetMCSF] sample : ttW
[AnalysisInputs::SetMCSF] => MCSF = 1, MCSF_err = 0.5
[AnalysisInputs::SetMCSF] sample : ttZ
[AnalysisInputs::SetMCSF] => MCSF = 1, MCSF_err = 0.5
[AnalysisInputs::SetMCSF] sample : ttH_nonbb
[AnalysisInputs::SetMCSF] => MCSF = 1, MCSF_err = 0.5
[AnalysisInputs::SetMCSF] sample : top
[AnalysisInputs::SetMCSF] => MCSF = 1, MCSF_err = 0.5
[AnalysisInputs::SetMCSF] sample : WZTo3LNu_powheg
[AnalysisInputs::SetMCSF] => MCSF = 0.990529, MCSF_err = 0.0659614
[AnalysisInputs::SetMCSF] sample : ZGto2LG
[AnalysisInputs::SetMCSF] => MCSF = 0.779045, MCSF_err = 0.182441
[AnalysisInputs::SetMCSF] sample : ZZTo4L_powheg
[AnalysisInputs::SetMCSF] => MCSF = 0.93079, MCSF_err = 0.110885
[AnalysisInputs::SetMCSF] sample : ggZZto2e2mu
[AnalysisInputs::SetMCSF] => MCSF = 0.93079, MCSF_err = 0.110885
[AnalysisInputs::SetMCSF] sample : ggZZto2e2nu
[AnalysisInputs::SetMCSF] => MCSF = 0.93079, MCSF_err = 0.110885
[AnalysisInputs::SetMCSF] sample : ggZZto2e2tau
[AnalysisInputs::SetMCSF] => MCSF = 0.93079, MCSF_err = 0.110885
[AnalysisInputs::SetMCSF] sample : ggZZto2mu2nu
[AnalysisInputs::SetMCSF] => MCSF = 0.93079, MCSF_err = 0.110885
[AnalysisInputs::SetMCSF] sample : ggZZto2mu2tau
[AnalysisInputs::SetMCSF] => MCSF = 0.93079, MCSF_err = 0.110885
[AnalysisInputs::SetMCSF] sample : ggZZto4e
[AnalysisInputs::SetMCSF] => MCSF = 0.93079, MCSF_err = 0.110885
[AnalysisInputs::SetMCSF] sample : ggZZto4mu
[AnalysisInputs::SetMCSF] => MCSF = 0.93079, MCSF_err = 0.110885
[AnalysisInputs::SetMCSF] sample : ggZZto4tau
[AnalysisInputs::SetMCSF] => MCSF = 0.93079, MCSF_err = 0.110885
[AnalysisInputs::SetCalculatedSysts] Get Systematics from /home/jskim/Documents/trilepton_13TeV/DiLepton/data/v8-0-7.32/Syst.txt
[AnalysisInputs::SetCalculatedSysts] source : Luminosity
[AnalysisInputs::SetCalculatedSysts] => % sysematic = 0.025
[AnalysisInputs::SetCalculatedSysts] source : FakeLooseID
[AnalysisInputs::SetCalculatedSysts] => % sysematic = 0.3
[AnalysisInputs::SetCalculatedSysts] source : ChrageFlipSyst
[AnalysisInputs::SetCalculatedSysts] => % sysematic = 0.21
[CutRangeInfo::ReadCutCard] Get Cutcard from /home/jskim/Documents/trilepton_13TeV/DiLepton/data/v8-0-7.32/CutOpCard/OPTIMIZED_171108_MuMu_HighMass_Bin2/HNMuMu_125.txt
prompt_tau21_syst = 0.0321395
signal_tau21_syst = 0.0630107
Central	0.433438	0.613828	0
_MuonEn_up	0.423239	0.613828	0
_MuonEn_down	0.421326	0.613828	0
_MuonIDSF_up	0.455208	0.613828	0
_MuonIDSF_down	0.400116	0.613828	0
_ElectronEn_up	0.430186	0.613828	0
_ElectronEn_down	0.422231	0.613828	0
_ElectronIDSF_up	0.430954	0.613828	0
_ElectronIDSF_down	0.431401	0.613828	0
_TriggerSF_up	0.422669	0.613828	0
_TriggerSF_down	0.426016	0.613828	0
_PU_up	0.434587	0.613828	0
_PU_down	0.407921	0.613828	0
_JetEn_up	0.418797	0.613828	0
_JetEn_down	0.422962	0.613828	0
_JetRes_up	0.415165	0.613828	0
_JetRes_down	0.420649	0.613828	0
_Unclustered_up	0.424034	0.613828	0
_Unclustered_down	0.43368	0.613828	0
_BTagSFEff_up	0.435061	0.613828	0
_BTagSFEff_down	0.436467	0.613828	0
_BTagSFMiss_up	0.430475	0.613828	0
_BTagSFMiss_down	0.423891	0.613828	0
_JetMass_up	0.431054	0.613828	0
_JetMass_down	0.409475	0.613828	0
_JetMassRes_up	0.415415	0.613828	0
_JetMassRes_down	0.422164	0.613828	0

################ Sources ################
Source	SystTotal	SystPrompt	SystFake	Signal
Stat 27.68 27.86  42.94  -nan  13.66
Lumi 1.03  2.50 -  -  2.50
PDF  -  -  -  -  8.53
MuonPt  1.07 2.58  -  -  3.09
MuonID  2.69 6.49  -  -  9.37
ElectronE  0.79 1.90  -  -  1.70
ElectronID  0.22 0.52  -  -  1.70
Trigger  0.88 2.13  -  -  1.47
PU  1.72 4.17  -  -  1.70
JES  1.22 2.94  -  -  4.58
JER  1.51 3.64  -  -  1.20
Uncl  0.64 1.53  -  -  0.00
BEff  0.23 0.56  -  -  3.12
BMiss  0.67 1.63  -  -  1.00
JMS  1.63 3.93  -  -  0.00
JMR  1.44 3.47  -  -  0.00
Tau21 3.07  7.42 -  -  7.21
MCNorm 9.00  21.73 -  -  -
Fake 17.58  -  30.00 - -
CF 0.00  -  -  -nan -
Total Systematic 20.56 25.75  30.00  -nan  14.84

Total Background	1.047
- Prompt	0.433
- Fake	0.614
- CF	0.000

####### Result #######
Signal Eff	0.001034
1.047265 1.344844
0.874274 1.214197
