
Processing Bin2_HNMuMu_800_VBF.C...
[AnalysisInputs::SetMCSF] Get MC SF from /home/jskim/Documents/trilepton_13TeV/DiLepton/data/v8-0-7.36/MCSF.txt
[AnalysisInputs::SetMCSF] sample : VVV
[AnalysisInputs::SetMCSF] => MCSF = 1, MCSF_err = 0.5
[AnalysisInputs::SetMCSF] sample : WWW
[AnalysisInputs::SetMCSF] => MCSF = 1, MCSF_err = 0.5
[AnalysisInputs::SetMCSF] sample : WWZ
[AnalysisInputs::SetMCSF] => MCSF = 1, MCSF_err = 0.5
[AnalysisInputs::SetMCSF] sample : WZZ
[AnalysisInputs::SetMCSF] => MCSF = 1, MCSF_err = 0.5
[AnalysisInputs::SetMCSF] sample : ZZZ
[AnalysisInputs::SetMCSF] => MCSF = 1, MCSF_err = 0.5
[AnalysisInputs::SetMCSF] sample : ttV
[AnalysisInputs::SetMCSF] => MCSF = 1, MCSF_err = 0.5
[AnalysisInputs::SetMCSF] sample : ttW
[AnalysisInputs::SetMCSF] => MCSF = 1, MCSF_err = 0.5
[AnalysisInputs::SetMCSF] sample : ttZ
[AnalysisInputs::SetMCSF] => MCSF = 1, MCSF_err = 0.5
[AnalysisInputs::SetMCSF] sample : ttH_nonbb
[AnalysisInputs::SetMCSF] => MCSF = 1, MCSF_err = 0.5
[AnalysisInputs::SetMCSF] sample : top
[AnalysisInputs::SetMCSF] => MCSF = 1, MCSF_err = 0.5
[AnalysisInputs::SetMCSF] sample : WZTo3LNu_powheg
[AnalysisInputs::SetMCSF] => MCSF = 1.00165, MCSF_err = 0.0888561
[AnalysisInputs::SetMCSF] sample : ZGto2LG
[AnalysisInputs::SetMCSF] => MCSF = 0.794861, MCSF_err = 0.155181
[AnalysisInputs::SetMCSF] sample : ZZTo4L_powheg
[AnalysisInputs::SetMCSF] => MCSF = 0.926685, MCSF_err = 0.102827
[AnalysisInputs::SetMCSF] sample : ggZZto2e2mu
[AnalysisInputs::SetMCSF] => MCSF = 0.926685, MCSF_err = 0.102827
[AnalysisInputs::SetMCSF] sample : ggZZto2e2nu
[AnalysisInputs::SetMCSF] => MCSF = 0.926685, MCSF_err = 0.102827
[AnalysisInputs::SetMCSF] sample : ggZZto2e2tau
[AnalysisInputs::SetMCSF] => MCSF = 0.926685, MCSF_err = 0.102827
[AnalysisInputs::SetMCSF] sample : ggZZto2mu2nu
[AnalysisInputs::SetMCSF] => MCSF = 0.926685, MCSF_err = 0.102827
[AnalysisInputs::SetMCSF] sample : ggZZto2mu2tau
[AnalysisInputs::SetMCSF] => MCSF = 0.926685, MCSF_err = 0.102827
[AnalysisInputs::SetMCSF] sample : ggZZto4e
[AnalysisInputs::SetMCSF] => MCSF = 0.926685, MCSF_err = 0.102827
[AnalysisInputs::SetMCSF] sample : ggZZto4mu
[AnalysisInputs::SetMCSF] => MCSF = 0.926685, MCSF_err = 0.102827
[AnalysisInputs::SetMCSF] sample : ggZZto4tau
[AnalysisInputs::SetMCSF] => MCSF = 0.926685, MCSF_err = 0.102827
[AnalysisInputs::SetCalculatedSysts] Get Systematics from /home/jskim/Documents/trilepton_13TeV/DiLepton/data/v8-0-7.36/Syst.txt
[AnalysisInputs::SetCalculatedSysts] source : Luminosity
[AnalysisInputs::SetCalculatedSysts] => % sysematic = 0.025
[AnalysisInputs::SetCalculatedSysts] source : FakeLooseID
[AnalysisInputs::SetCalculatedSysts] => % sysematic = 0.3
[AnalysisInputs::SetCalculatedSysts] source : ChrageFlipSyst
[AnalysisInputs::SetCalculatedSysts] => % sysematic = 0.21
[CutRangeInfo::ReadCutCard] Get Cutcard from /home/jskim/Documents/trilepton_13TeV/DiLepton/data/v8-0-7.36/CutOpCard/OPTIMIZED_171108_MuMu_HighMass_Bin2/HNMuMu_800.txt
prompt_tau21_syst = 0.0145896
signal_tau21_syst = 0.01722
Central	0.202431	0	0
_MuonEn_up	0.264428	0	0
_MuonEn_down	0.184756	0	0
_MuonIDSF_up	0.211077	0	0
_MuonIDSF_down	0.196597	0	0
_ElectronEn_up	0.208315	0	0
_ElectronEn_down	0.195557	0	0
_ElectronIDSF_up	0.202843	0	0
_ElectronIDSF_down	0.247429	0	0
_TriggerSF_up	0.208277	0	0
_TriggerSF_down	0.204469	0	0
_PU_up	0.204485	0	0
_PU_down	0.209489	0	0
_JetEn_up	0.1985	0	0
_JetEn_down	0.252167	0	0
_JetRes_up	0.248126	0	0
_JetRes_down	0.21626	0	0
_Unclustered_up	0.24268	0	0
_Unclustered_down	0.243179	0	0
_BTagSFEff_up	0.199	0	0
_BTagSFEff_down	0.212188	0	0
_BTagSFMiss_up	0.199399	0	0
_BTagSFMiss_down	0.205067	0	0
_JetMass_up	0.202509	0	0
_JetMass_down	0.207558	0	0
_JetMassRes_up	0.210419	0	0
_JetMassRes_down	0.20777	0	0

################ Sources ################
Source	SystTotal	SystPrompt	SystFake	Signal
Stat 42.27 42.27  -nan  -nan  0.96
Lumi 2.50  2.50 -  -  2.50
PDF  -  -  -  -  2.50
MuonPt  22.52 22.52  -  -  1.68
MuonID  3.64 3.64  -  -  4.18
ElectronE  3.16 3.16  -  -  0.11
ElectronID  15.72 15.72  -  -  0.05
Trigger  2.16 2.16  -  -  0.05
PU  2.57 2.57  -  -  0.73
JES  17.43 17.43  -  -  0.15
JER  16.68 16.68  -  -  0.26
Uncl  20.01 20.01  -  -  0.11
BEff  3.61 3.61  -  -  0.36
BMiss  1.40 1.40  -  -  0.51
JMS  1.79 1.79  -  -  0.06
JMR  3.36 3.36  -  -  0.03
Tau21 7.21  7.21 -  -  7.26
MCNorm 18.65  18.65 -  -  -
Fake 0.00  -  -nan - -
CF 0.00  -  -  -nan -
Total Systematic 46.97 46.97  -nan  -nan  5.82

Total Background	0.202
- Prompt	0.202
- Fake	0.000
- CF	0.000

####### Result #######
Signal Eff	0.210168
0.202431 1.631928
0.237033 1.093585
