
Processing Bin2_HNMuMu_600.C...
[AnalysisInputs::SetMCSF] Get MC SF from /home/jskim/Documents/trilepton_13TeV/DiLepton/data/v8-0-7.32/MCSF.txt
[AnalysisInputs::SetMCSF] sample : VVV
[AnalysisInputs::SetMCSF] => MCSF = 1, MCSF_err = 0.5
[AnalysisInputs::SetMCSF] sample : WWW
[AnalysisInputs::SetMCSF] => MCSF = 1, MCSF_err = 0.5
[AnalysisInputs::SetMCSF] sample : WWZ
[AnalysisInputs::SetMCSF] => MCSF = 1, MCSF_err = 0.5
[AnalysisInputs::SetMCSF] sample : WZZ
[AnalysisInputs::SetMCSF] => MCSF = 1, MCSF_err = 0.5
[AnalysisInputs::SetMCSF] sample : ZZZ
[AnalysisInputs::SetMCSF] => MCSF = 1, MCSF_err = 0.5
[AnalysisInputs::SetMCSF] sample : ttV
[AnalysisInputs::SetMCSF] => MCSF = 1, MCSF_err = 0.5
[AnalysisInputs::SetMCSF] sample : ttW
[AnalysisInputs::SetMCSF] => MCSF = 1, MCSF_err = 0.5
[AnalysisInputs::SetMCSF] sample : ttZ
[AnalysisInputs::SetMCSF] => MCSF = 1, MCSF_err = 0.5
[AnalysisInputs::SetMCSF] sample : ttH_nonbb
[AnalysisInputs::SetMCSF] => MCSF = 1, MCSF_err = 0.5
[AnalysisInputs::SetMCSF] sample : top
[AnalysisInputs::SetMCSF] => MCSF = 1, MCSF_err = 0.5
[AnalysisInputs::SetMCSF] sample : WZTo3LNu_powheg
[AnalysisInputs::SetMCSF] => MCSF = 0.990529, MCSF_err = 0.0659614
[AnalysisInputs::SetMCSF] sample : ZGto2LG
[AnalysisInputs::SetMCSF] => MCSF = 0.779045, MCSF_err = 0.182441
[AnalysisInputs::SetMCSF] sample : ZZTo4L_powheg
[AnalysisInputs::SetMCSF] => MCSF = 0.93079, MCSF_err = 0.110885
[AnalysisInputs::SetMCSF] sample : ggZZto2e2mu
[AnalysisInputs::SetMCSF] => MCSF = 0.93079, MCSF_err = 0.110885
[AnalysisInputs::SetMCSF] sample : ggZZto2e2nu
[AnalysisInputs::SetMCSF] => MCSF = 0.93079, MCSF_err = 0.110885
[AnalysisInputs::SetMCSF] sample : ggZZto2e2tau
[AnalysisInputs::SetMCSF] => MCSF = 0.93079, MCSF_err = 0.110885
[AnalysisInputs::SetMCSF] sample : ggZZto2mu2nu
[AnalysisInputs::SetMCSF] => MCSF = 0.93079, MCSF_err = 0.110885
[AnalysisInputs::SetMCSF] sample : ggZZto2mu2tau
[AnalysisInputs::SetMCSF] => MCSF = 0.93079, MCSF_err = 0.110885
[AnalysisInputs::SetMCSF] sample : ggZZto4e
[AnalysisInputs::SetMCSF] => MCSF = 0.93079, MCSF_err = 0.110885
[AnalysisInputs::SetMCSF] sample : ggZZto4mu
[AnalysisInputs::SetMCSF] => MCSF = 0.93079, MCSF_err = 0.110885
[AnalysisInputs::SetMCSF] sample : ggZZto4tau
[AnalysisInputs::SetMCSF] => MCSF = 0.93079, MCSF_err = 0.110885
[AnalysisInputs::SetCalculatedSysts] Get Systematics from /home/jskim/Documents/trilepton_13TeV/DiLepton/data/v8-0-7.32/Syst.txt
[AnalysisInputs::SetCalculatedSysts] source : Luminosity
[AnalysisInputs::SetCalculatedSysts] => % sysematic = 0.025
[AnalysisInputs::SetCalculatedSysts] source : FakeLooseID
[AnalysisInputs::SetCalculatedSysts] => % sysematic = 0.3
[AnalysisInputs::SetCalculatedSysts] source : ChrageFlipSyst
[AnalysisInputs::SetCalculatedSysts] => % sysematic = 0.21
[CutRangeInfo::ReadCutCard] Get Cutcard from /home/jskim/Documents/trilepton_13TeV/DiLepton/data/v8-0-7.32/CutOpCard/OPTIMIZED_171108_MuMu_HighMass_Bin2/HNMuMu_600.txt
prompt_tau21_syst = 0.0257224
signal_tau21_syst = 0.0334203
Central	0.356899	0	0
_MuonEn_up	0.439163	0	0
_MuonEn_down	0.281664	0	0
_MuonIDSF_up	0.359609	0	0
_MuonIDSF_down	0.370427	0	0
_ElectronEn_up	0.338946	0	0
_ElectronEn_down	0.343649	0	0
_ElectronIDSF_up	0.394733	0	0
_ElectronIDSF_down	0.339993	0	0
_TriggerSF_up	0.342701	0	0
_TriggerSF_down	0.349382	0	0
_PU_up	0.399662	0	0
_PU_down	0.326792	0	0
_JetEn_up	0.415022	0	0
_JetEn_down	0.333112	0	0
_JetRes_up	0.424393	0	0
_JetRes_down	0.34488	0	0
_Unclustered_up	0.328593	0	0
_Unclustered_down	0.345424	0	0
_BTagSFEff_up	0.343649	0	0
_BTagSFEff_down	0.350349	0	0
_BTagSFMiss_up	0.343649	0	0
_BTagSFMiss_down	0.344016	0	0
_JetMass_up	0.344581	0	0
_JetMass_down	0.34044	0	0
_JetMassRes_up	0.343611	0	0
_JetMassRes_down	0.34677	0	0

################ Sources ################
Source	SystTotal	SystPrompt	SystFake	Signal
Stat 27.15 27.15  -nan  -nan  0.90
Lumi 2.50  2.50 -  -  2.50
PDF  -  -  -  -  8.53
MuonPt  22.09 22.09  -  -  2.12
MuonID  2.73 2.73  -  -  4.10
ElectronE  4.42 4.42  -  -  0.14
ElectronID  8.21 8.21  -  -  0.11
Trigger  3.18 3.18  -  -  0.12
PU  10.36 10.36  -  -  0.74
JES  12.44 12.44  -  -  0.10
JER  13.58 13.58  -  -  0.26
Uncl  6.05 6.05  -  -  0.15
BEff  2.93 2.93  -  -  0.38
BMiss  3.66 3.66  -  -  0.56
JMS  4.07 4.07  -  -  0.08
JMR  3.31 3.31  -  -  0.14
Tau21 7.21  7.21 -  -  7.27
MCNorm 19.24  19.24 -  -  -
Fake 0.00  -  -nan - -
CF 0.00  -  -  -nan -
Total Systematic 39.41 39.41  -nan  -nan  10.07

Total Background	0.357
- Prompt	0.357
- Fake	0.000
- CF	0.000

####### Result #######
Signal Eff	0.288650
0.356899 1.478608
0.459439 1.124577
