
Processing Bin2_HNMuMu_500.C...
[AnalysisInputs::SetMCSF] Get MC SF from /home/jskim/Documents/trilepton_13TeV/DiLepton/data/v8-0-7.32/MCSF.txt
[AnalysisInputs::SetMCSF] sample : VVV
[AnalysisInputs::SetMCSF] => MCSF = 1, MCSF_err = 0.5
[AnalysisInputs::SetMCSF] sample : WWW
[AnalysisInputs::SetMCSF] => MCSF = 1, MCSF_err = 0.5
[AnalysisInputs::SetMCSF] sample : WWZ
[AnalysisInputs::SetMCSF] => MCSF = 1, MCSF_err = 0.5
[AnalysisInputs::SetMCSF] sample : WZZ
[AnalysisInputs::SetMCSF] => MCSF = 1, MCSF_err = 0.5
[AnalysisInputs::SetMCSF] sample : ZZZ
[AnalysisInputs::SetMCSF] => MCSF = 1, MCSF_err = 0.5
[AnalysisInputs::SetMCSF] sample : ttV
[AnalysisInputs::SetMCSF] => MCSF = 1, MCSF_err = 0.5
[AnalysisInputs::SetMCSF] sample : ttW
[AnalysisInputs::SetMCSF] => MCSF = 1, MCSF_err = 0.5
[AnalysisInputs::SetMCSF] sample : ttZ
[AnalysisInputs::SetMCSF] => MCSF = 1, MCSF_err = 0.5
[AnalysisInputs::SetMCSF] sample : ttH_nonbb
[AnalysisInputs::SetMCSF] => MCSF = 1, MCSF_err = 0.5
[AnalysisInputs::SetMCSF] sample : top
[AnalysisInputs::SetMCSF] => MCSF = 1, MCSF_err = 0.5
[AnalysisInputs::SetMCSF] sample : WZTo3LNu_powheg
[AnalysisInputs::SetMCSF] => MCSF = 0.990529, MCSF_err = 0.0659614
[AnalysisInputs::SetMCSF] sample : ZGto2LG
[AnalysisInputs::SetMCSF] => MCSF = 0.779045, MCSF_err = 0.182441
[AnalysisInputs::SetMCSF] sample : ZZTo4L_powheg
[AnalysisInputs::SetMCSF] => MCSF = 0.93079, MCSF_err = 0.110885
[AnalysisInputs::SetMCSF] sample : ggZZto2e2mu
[AnalysisInputs::SetMCSF] => MCSF = 0.93079, MCSF_err = 0.110885
[AnalysisInputs::SetMCSF] sample : ggZZto2e2nu
[AnalysisInputs::SetMCSF] => MCSF = 0.93079, MCSF_err = 0.110885
[AnalysisInputs::SetMCSF] sample : ggZZto2e2tau
[AnalysisInputs::SetMCSF] => MCSF = 0.93079, MCSF_err = 0.110885
[AnalysisInputs::SetMCSF] sample : ggZZto2mu2nu
[AnalysisInputs::SetMCSF] => MCSF = 0.93079, MCSF_err = 0.110885
[AnalysisInputs::SetMCSF] sample : ggZZto2mu2tau
[AnalysisInputs::SetMCSF] => MCSF = 0.93079, MCSF_err = 0.110885
[AnalysisInputs::SetMCSF] sample : ggZZto4e
[AnalysisInputs::SetMCSF] => MCSF = 0.93079, MCSF_err = 0.110885
[AnalysisInputs::SetMCSF] sample : ggZZto4mu
[AnalysisInputs::SetMCSF] => MCSF = 0.93079, MCSF_err = 0.110885
[AnalysisInputs::SetMCSF] sample : ggZZto4tau
[AnalysisInputs::SetMCSF] => MCSF = 0.93079, MCSF_err = 0.110885
[AnalysisInputs::SetCalculatedSysts] Get Systematics from /home/jskim/Documents/trilepton_13TeV/DiLepton/data/v8-0-7.32/Syst.txt
[AnalysisInputs::SetCalculatedSysts] source : Luminosity
[AnalysisInputs::SetCalculatedSysts] => % sysematic = 0.025
[AnalysisInputs::SetCalculatedSysts] source : FakeLooseID
[AnalysisInputs::SetCalculatedSysts] => % sysematic = 0.3
[AnalysisInputs::SetCalculatedSysts] source : ChrageFlipSyst
[AnalysisInputs::SetCalculatedSysts] => % sysematic = 0.21
[CutRangeInfo::ReadCutCard] Get Cutcard from /home/jskim/Documents/trilepton_13TeV/DiLepton/data/v8-0-7.32/CutOpCard/OPTIMIZED_171108_MuMu_HighMass_Bin2/HNMuMu_500.txt
prompt_tau21_syst = 0.0331772
signal_tau21_syst = 0.0552564
Central	0.45907	0	0
_MuonEn_up	0.710344	0	0
_MuonEn_down	0.405344	0	0
_MuonIDSF_up	0.469238	0	0
_MuonIDSF_down	0.434823	0	0
_ElectronEn_up	0.451981	0	0
_ElectronEn_down	0.454392	0	0
_ElectronIDSF_up	0.45168	0	0
_ElectronIDSF_down	0.446726	0	0
_TriggerSF_up	0.454188	0	0
_TriggerSF_down	0.458558	0	0
_PU_up	0.484359	0	0
_PU_down	0.430103	0	0
_JetEn_up	0.466464	0	0
_JetEn_down	0.53527	0	0
_JetRes_up	0.487357	0	0
_JetRes_down	0.45568	0	0
_Unclustered_up	0.504071	0	0
_Unclustered_down	0.527066	0	0
_BTagSFEff_up	0.446723	0	0
_BTagSFEff_down	0.456869	0	0
_BTagSFMiss_up	0.447196	0	0
_BTagSFMiss_down	0.450748	0	0
_JetMass_up	0.456752	0	0
_JetMass_down	0.448763	0	0
_JetMassRes_up	0.454476	0	0
_JetMassRes_down	0.446798	0	0

################ Sources ################
Source	SystTotal	SystPrompt	SystFake	Signal
Stat 27.35 27.35  -nan  -nan  1.10
Lumi 2.50  2.50 -  -  2.50
PDF  -  -  -  -  8.53
MuonPt  39.58 39.58  -  -  4.76
MuonID  4.05 4.05  -  -  4.21
ElectronE  1.31 1.31  -  -  0.09
ElectronID  2.22 2.22  -  -  0.06
Trigger  0.76 0.76  -  -  0.08
PU  5.92 5.92  -  -  0.75
JES  11.79 11.79  -  -  0.42
JER  4.39 4.39  -  -  0.52
Uncl  12.56 12.56  -  -  0.06
BEff  1.93 1.93  -  -  0.34
BMiss  2.23 2.23  -  -  0.46
JMS  1.63 1.63  -  -  0.12
JMR  2.02 2.02  -  -  0.09
Tau21 7.23  7.23 -  -  7.28
MCNorm 17.92  17.92 -  -  -
Fake 0.00  -  -nan - -
CF 0.00  -  -  -nan -
Total Systematic 48.33 48.33  -nan  -nan  10.99

Total Background	0.459
- Prompt	0.459
- Fake	0.000
- CF	0.000

####### Result #######
Signal Eff	0.227400
0.459070 1.555348
0.759333 1.132284
