
Processing Bin2_HNMuMu_90.C...
[AnalysisInputs::SetMCSF] Get MC SF from /home/jskim/Documents/trilepton_13TeV/DiLepton/data/v8-0-7.36/MCSF.txt
[AnalysisInputs::SetMCSF] sample : VVV
[AnalysisInputs::SetMCSF] => MCSF = 1, MCSF_err = 0.5
[AnalysisInputs::SetMCSF] sample : WWW
[AnalysisInputs::SetMCSF] => MCSF = 1, MCSF_err = 0.5
[AnalysisInputs::SetMCSF] sample : WWZ
[AnalysisInputs::SetMCSF] => MCSF = 1, MCSF_err = 0.5
[AnalysisInputs::SetMCSF] sample : WZZ
[AnalysisInputs::SetMCSF] => MCSF = 1, MCSF_err = 0.5
[AnalysisInputs::SetMCSF] sample : ZZZ
[AnalysisInputs::SetMCSF] => MCSF = 1, MCSF_err = 0.5
[AnalysisInputs::SetMCSF] sample : ttV
[AnalysisInputs::SetMCSF] => MCSF = 1, MCSF_err = 0.5
[AnalysisInputs::SetMCSF] sample : ttW
[AnalysisInputs::SetMCSF] => MCSF = 1, MCSF_err = 0.5
[AnalysisInputs::SetMCSF] sample : ttZ
[AnalysisInputs::SetMCSF] => MCSF = 1, MCSF_err = 0.5
[AnalysisInputs::SetMCSF] sample : ttH_nonbb
[AnalysisInputs::SetMCSF] => MCSF = 1, MCSF_err = 0.5
[AnalysisInputs::SetMCSF] sample : top
[AnalysisInputs::SetMCSF] => MCSF = 1, MCSF_err = 0.5
[AnalysisInputs::SetMCSF] sample : WZTo3LNu_powheg
[AnalysisInputs::SetMCSF] => MCSF = 1.00165, MCSF_err = 0.0888561
[AnalysisInputs::SetMCSF] sample : ZGto2LG
[AnalysisInputs::SetMCSF] => MCSF = 0.794861, MCSF_err = 0.155181
[AnalysisInputs::SetMCSF] sample : ZZTo4L_powheg
[AnalysisInputs::SetMCSF] => MCSF = 0.926685, MCSF_err = 0.102827
[AnalysisInputs::SetMCSF] sample : ggZZto2e2mu
[AnalysisInputs::SetMCSF] => MCSF = 0.926685, MCSF_err = 0.102827
[AnalysisInputs::SetMCSF] sample : ggZZto2e2nu
[AnalysisInputs::SetMCSF] => MCSF = 0.926685, MCSF_err = 0.102827
[AnalysisInputs::SetMCSF] sample : ggZZto2e2tau
[AnalysisInputs::SetMCSF] => MCSF = 0.926685, MCSF_err = 0.102827
[AnalysisInputs::SetMCSF] sample : ggZZto2mu2nu
[AnalysisInputs::SetMCSF] => MCSF = 0.926685, MCSF_err = 0.102827
[AnalysisInputs::SetMCSF] sample : ggZZto2mu2tau
[AnalysisInputs::SetMCSF] => MCSF = 0.926685, MCSF_err = 0.102827
[AnalysisInputs::SetMCSF] sample : ggZZto4e
[AnalysisInputs::SetMCSF] => MCSF = 0.926685, MCSF_err = 0.102827
[AnalysisInputs::SetMCSF] sample : ggZZto4mu
[AnalysisInputs::SetMCSF] => MCSF = 0.926685, MCSF_err = 0.102827
[AnalysisInputs::SetMCSF] sample : ggZZto4tau
[AnalysisInputs::SetMCSF] => MCSF = 0.926685, MCSF_err = 0.102827
[AnalysisInputs::SetCalculatedSysts] Get Systematics from /home/jskim/Documents/trilepton_13TeV/DiLepton/data/v8-0-7.36/Syst.txt
[AnalysisInputs::SetCalculatedSysts] source : Luminosity
[AnalysisInputs::SetCalculatedSysts] => % sysematic = 0.025
[AnalysisInputs::SetCalculatedSysts] source : FakeLooseID
[AnalysisInputs::SetCalculatedSysts] => % sysematic = 0.3
[AnalysisInputs::SetCalculatedSysts] source : ChrageFlipSyst
[AnalysisInputs::SetCalculatedSysts] => % sysematic = 0.21
[CutRangeInfo::ReadCutCard] Get Cutcard from /home/jskim/Documents/trilepton_13TeV/DiLepton/data/v8-0-7.36/CutOpCard/OPTIMIZED_171108_MuMu_HighMass_Bin2/HNMuMu_90.txt
prompt_tau21_syst = 0.0589065
signal_tau21_syst = 0.00601065
Central	0.793929	1.50866	0
_MuonEn_up	0.806412	1.50866	0
_MuonEn_down	0.792025	1.50866	0
_MuonIDSF_up	0.81113	1.50866	0
_MuonIDSF_down	0.752482	1.50866	0
_ElectronEn_up	0.784852	1.50866	0
_ElectronEn_down	0.783243	1.50866	0
_ElectronIDSF_up	0.781557	1.50866	0
_ElectronIDSF_down	0.794745	1.50866	0
_TriggerSF_up	0.786162	1.50866	0
_TriggerSF_down	0.784525	1.50866	0
_PU_up	0.762461	1.50866	0
_PU_down	0.806256	1.50866	0
_JetEn_up	0.663392	1.50866	0
_JetEn_down	0.711763	1.50866	0
_JetRes_up	0.787883	1.50866	0
_JetRes_down	0.775459	1.50866	0
_Unclustered_up	0.782953	1.50866	0
_Unclustered_down	0.750584	1.50866	0
_BTagSFEff_up	0.769284	1.50866	0
_BTagSFEff_down	0.79048	1.50866	0
_BTagSFMiss_up	0.782929	1.50866	0
_BTagSFMiss_down	0.781973	1.50866	0
_JetMass_up	0.801922	1.50866	0
_JetMass_down	0.776883	1.50866	0
_JetMassRes_up	0.787573	1.50866	0
_JetMassRes_down	0.78824	1.50866	0

################ Sources ################
Source	SystTotal	SystPrompt	SystFake	Signal
Stat 18.01 24.10  24.39  -nan  100.00
Lumi 0.86  2.50 -  -  2.50
PDF  -  -  -  -  8.53
MuonPt  0.39 1.12  -  -  0.00
MuonID  1.38 4.00  -  -  4.98
ElectronE  0.43 1.25  -  -  0.00
ElectronID  0.38 1.10  -  -  0.00
Trigger  0.37 1.09  -  -  0.00
PU  1.04 3.01  -  -  1.14
JES  4.74 13.74  -  -  99.95
JER  0.60 1.73  -  -  0.00
Uncl  1.37 3.98  -  -  0.00
BEff  0.76 2.22  -  -  0.00
BMiss  0.50 1.45  -  -  0.00
JMS  0.58 1.68  -  -  0.00
JMR  0.26 0.76  -  -  0.00
Tau21 2.56  7.42 -  -  7.21
MCNorm 6.73  19.52 -  -  -
Fake 19.66  -  30.00 - -
CF 0.00  -  -  -nan -
Total Systematic 21.64 26.28  30.00  -nan  100.48

Total Background	2.303
- Prompt	0.794
- Fake	1.509
- CF	0.000

####### Result #######
Signal Eff	0.000017
2.302593 1.281581
0.083398 2.419429
