
Processing Bin2_HNMuMu_1100.C...
[AnalysisInputs::SetMCSF] Get MC SF from /home/jskim/Documents/trilepton_13TeV/DiLepton/data/v8-0-7.36/MCSF.txt
[AnalysisInputs::SetMCSF] sample : VVV
[AnalysisInputs::SetMCSF] => MCSF = 1, MCSF_err = 0.5
[AnalysisInputs::SetMCSF] sample : WWW
[AnalysisInputs::SetMCSF] => MCSF = 1, MCSF_err = 0.5
[AnalysisInputs::SetMCSF] sample : WWZ
[AnalysisInputs::SetMCSF] => MCSF = 1, MCSF_err = 0.5
[AnalysisInputs::SetMCSF] sample : WZZ
[AnalysisInputs::SetMCSF] => MCSF = 1, MCSF_err = 0.5
[AnalysisInputs::SetMCSF] sample : ZZZ
[AnalysisInputs::SetMCSF] => MCSF = 1, MCSF_err = 0.5
[AnalysisInputs::SetMCSF] sample : ttV
[AnalysisInputs::SetMCSF] => MCSF = 1, MCSF_err = 0.5
[AnalysisInputs::SetMCSF] sample : ttW
[AnalysisInputs::SetMCSF] => MCSF = 1, MCSF_err = 0.5
[AnalysisInputs::SetMCSF] sample : ttZ
[AnalysisInputs::SetMCSF] => MCSF = 1, MCSF_err = 0.5
[AnalysisInputs::SetMCSF] sample : ttH_nonbb
[AnalysisInputs::SetMCSF] => MCSF = 1, MCSF_err = 0.5
[AnalysisInputs::SetMCSF] sample : top
[AnalysisInputs::SetMCSF] => MCSF = 1, MCSF_err = 0.5
[AnalysisInputs::SetMCSF] sample : WZTo3LNu_powheg
[AnalysisInputs::SetMCSF] => MCSF = 1.00165, MCSF_err = 0.0888561
[AnalysisInputs::SetMCSF] sample : ZGto2LG
[AnalysisInputs::SetMCSF] => MCSF = 0.794861, MCSF_err = 0.155181
[AnalysisInputs::SetMCSF] sample : ZZTo4L_powheg
[AnalysisInputs::SetMCSF] => MCSF = 0.926685, MCSF_err = 0.102827
[AnalysisInputs::SetMCSF] sample : ggZZto2e2mu
[AnalysisInputs::SetMCSF] => MCSF = 0.926685, MCSF_err = 0.102827
[AnalysisInputs::SetMCSF] sample : ggZZto2e2nu
[AnalysisInputs::SetMCSF] => MCSF = 0.926685, MCSF_err = 0.102827
[AnalysisInputs::SetMCSF] sample : ggZZto2e2tau
[AnalysisInputs::SetMCSF] => MCSF = 0.926685, MCSF_err = 0.102827
[AnalysisInputs::SetMCSF] sample : ggZZto2mu2nu
[AnalysisInputs::SetMCSF] => MCSF = 0.926685, MCSF_err = 0.102827
[AnalysisInputs::SetMCSF] sample : ggZZto2mu2tau
[AnalysisInputs::SetMCSF] => MCSF = 0.926685, MCSF_err = 0.102827
[AnalysisInputs::SetMCSF] sample : ggZZto4e
[AnalysisInputs::SetMCSF] => MCSF = 0.926685, MCSF_err = 0.102827
[AnalysisInputs::SetMCSF] sample : ggZZto4mu
[AnalysisInputs::SetMCSF] => MCSF = 0.926685, MCSF_err = 0.102827
[AnalysisInputs::SetMCSF] sample : ggZZto4tau
[AnalysisInputs::SetMCSF] => MCSF = 0.926685, MCSF_err = 0.102827
[AnalysisInputs::SetCalculatedSysts] Get Systematics from /home/jskim/Documents/trilepton_13TeV/DiLepton/data/v8-0-7.36/Syst.txt
[AnalysisInputs::SetCalculatedSysts] source : Luminosity
[AnalysisInputs::SetCalculatedSysts] => % sysematic = 0.025
[AnalysisInputs::SetCalculatedSysts] source : FakeLooseID
[AnalysisInputs::SetCalculatedSysts] => % sysematic = 0.3
[AnalysisInputs::SetCalculatedSysts] source : ChrageFlipSyst
[AnalysisInputs::SetCalculatedSysts] => % sysematic = 0.21
[CutRangeInfo::ReadCutCard] Get Cutcard from /home/jskim/Documents/trilepton_13TeV/DiLepton/data/v8-0-7.36/CutOpCard/OPTIMIZED_171108_MuMu_HighMass_Bin2/HNMuMu_1100.txt
prompt_tau21_syst = 0.0114215
signal_tau21_syst = 0.00292725
Central	0.158427	0	0
_MuonEn_up	0.217561	0	0
_MuonEn_down	0.147384	0	0
_MuonIDSF_up	0.168227	0	0
_MuonIDSF_down	0.157659	0	0
_ElectronEn_up	0.161637	0	0
_ElectronEn_down	0.158195	0	0
_ElectronIDSF_up	0.161972	0	0
_ElectronIDSF_down	0.198239	0	0
_TriggerSF_up	0.167404	0	0
_TriggerSF_down	0.161637	0	0
_PU_up	0.152657	0	0
_PU_down	0.17376	0	0
_JetEn_up	0.154932	0	0
_JetEn_down	0.175482	0	0
_JetRes_up	0.167898	0	0
_JetRes_down	0.172285	0	0
_Unclustered_up	0.166091	0	0
_Unclustered_down	0.162951	0	0
_BTagSFEff_up	0.16472	0	0
_BTagSFEff_down	0.168666	0	0
_BTagSFMiss_up	0.15833	0	0
_BTagSFMiss_down	0.161637	0	0
_JetMass_up	0.159117	0	0
_JetMass_down	0.161637	0	0
_JetMassRes_up	0.164499	0	0
_JetMassRes_down	0.168404	0	0

################ Sources ################
Source	SystTotal	SystPrompt	SystFake	Signal
Stat 55.94 55.94  -nan  -nan  0.76
Lumi 2.50  2.50 -  -  2.50
PDF  -  -  -  -  8.53
MuonPt  26.85 26.85  -  -  0.85
MuonID  4.39 4.39  -  -  4.01
ElectronE  1.44 1.44  -  -  0.09
ElectronID  17.84 17.84  -  -  0.08
Trigger  4.26 4.26  -  -  0.09
PU  7.31 7.31  -  -  0.63
JES  7.77 7.77  -  -  0.11
JER  7.49 7.49  -  -  0.16
Uncl  3.97 3.97  -  -  0.05
BEff  5.36 5.36  -  -  0.49
BMiss  1.43 1.43  -  -  0.47
JMS  1.47 1.47  -  -  0.16
JMR  5.21 5.21  -  -  0.18
Tau21 7.21  7.21 -  -  7.28
MCNorm 10.26  10.26 -  -  -
Fake 0.00  -  -nan - -
CF 0.00  -  -  -nan -
Total Systematic 38.57 38.57  -nan  -nan  9.84

Total Background	0.158
- Prompt	0.158
- Fake	0.000
- CF	0.000

####### Result #######
Signal Eff	0.379209
0.158427 1.679501
0.040198 1.122629
