
Processing Bin2_HNMuMu_400.C...
[AnalysisInputs::SetMCSF] Get MC SF from /home/jskim/Documents/trilepton_13TeV/DiLepton/data/v8-0-7.36/MCSF.txt
[AnalysisInputs::SetMCSF] sample : VVV
[AnalysisInputs::SetMCSF] => MCSF = 1, MCSF_err = 0.5
[AnalysisInputs::SetMCSF] sample : WWW
[AnalysisInputs::SetMCSF] => MCSF = 1, MCSF_err = 0.5
[AnalysisInputs::SetMCSF] sample : WWZ
[AnalysisInputs::SetMCSF] => MCSF = 1, MCSF_err = 0.5
[AnalysisInputs::SetMCSF] sample : WZZ
[AnalysisInputs::SetMCSF] => MCSF = 1, MCSF_err = 0.5
[AnalysisInputs::SetMCSF] sample : ZZZ
[AnalysisInputs::SetMCSF] => MCSF = 1, MCSF_err = 0.5
[AnalysisInputs::SetMCSF] sample : ttV
[AnalysisInputs::SetMCSF] => MCSF = 1, MCSF_err = 0.5
[AnalysisInputs::SetMCSF] sample : ttW
[AnalysisInputs::SetMCSF] => MCSF = 1, MCSF_err = 0.5
[AnalysisInputs::SetMCSF] sample : ttZ
[AnalysisInputs::SetMCSF] => MCSF = 1, MCSF_err = 0.5
[AnalysisInputs::SetMCSF] sample : ttH_nonbb
[AnalysisInputs::SetMCSF] => MCSF = 1, MCSF_err = 0.5
[AnalysisInputs::SetMCSF] sample : top
[AnalysisInputs::SetMCSF] => MCSF = 1, MCSF_err = 0.5
[AnalysisInputs::SetMCSF] sample : WZTo3LNu_powheg
[AnalysisInputs::SetMCSF] => MCSF = 1.00165, MCSF_err = 0.0888561
[AnalysisInputs::SetMCSF] sample : ZGto2LG
[AnalysisInputs::SetMCSF] => MCSF = 0.794861, MCSF_err = 0.155181
[AnalysisInputs::SetMCSF] sample : ZZTo4L_powheg
[AnalysisInputs::SetMCSF] => MCSF = 0.926685, MCSF_err = 0.102827
[AnalysisInputs::SetMCSF] sample : ggZZto2e2mu
[AnalysisInputs::SetMCSF] => MCSF = 0.926685, MCSF_err = 0.102827
[AnalysisInputs::SetMCSF] sample : ggZZto2e2nu
[AnalysisInputs::SetMCSF] => MCSF = 0.926685, MCSF_err = 0.102827
[AnalysisInputs::SetMCSF] sample : ggZZto2e2tau
[AnalysisInputs::SetMCSF] => MCSF = 0.926685, MCSF_err = 0.102827
[AnalysisInputs::SetMCSF] sample : ggZZto2mu2nu
[AnalysisInputs::SetMCSF] => MCSF = 0.926685, MCSF_err = 0.102827
[AnalysisInputs::SetMCSF] sample : ggZZto2mu2tau
[AnalysisInputs::SetMCSF] => MCSF = 0.926685, MCSF_err = 0.102827
[AnalysisInputs::SetMCSF] sample : ggZZto4e
[AnalysisInputs::SetMCSF] => MCSF = 0.926685, MCSF_err = 0.102827
[AnalysisInputs::SetMCSF] sample : ggZZto4mu
[AnalysisInputs::SetMCSF] => MCSF = 0.926685, MCSF_err = 0.102827
[AnalysisInputs::SetMCSF] sample : ggZZto4tau
[AnalysisInputs::SetMCSF] => MCSF = 0.926685, MCSF_err = 0.102827
[AnalysisInputs::SetCalculatedSysts] Get Systematics from /home/jskim/Documents/trilepton_13TeV/DiLepton/data/v8-0-7.36/Syst.txt
[AnalysisInputs::SetCalculatedSysts] source : Luminosity
[AnalysisInputs::SetCalculatedSysts] => % sysematic = 0.025
[AnalysisInputs::SetCalculatedSysts] source : FakeLooseID
[AnalysisInputs::SetCalculatedSysts] => % sysematic = 0.3
[AnalysisInputs::SetCalculatedSysts] source : ChrageFlipSyst
[AnalysisInputs::SetCalculatedSysts] => % sysematic = 0.21
[CutRangeInfo::ReadCutCard] Get Cutcard from /home/jskim/Documents/trilepton_13TeV/DiLepton/data/v8-0-7.36/CutOpCard/OPTIMIZED_171108_MuMu_HighMass_Bin2/HNMuMu_400.txt
prompt_tau21_syst = 0.0264396
signal_tau21_syst = 0.0844718
Central	0.359824	0.0578495	0
_MuonEn_up	0.498986	0.0578495	0
_MuonEn_down	0.341424	0.0578495	0
_MuonIDSF_up	0.378116	0.0578495	0
_MuonIDSF_down	0.343411	0.0578495	0
_ElectronEn_up	0.358377	0.0578495	0
_ElectronEn_down	0.364222	0.0578495	0
_ElectronIDSF_up	0.359332	0.0578495	0
_ElectronIDSF_down	0.361769	0.0578495	0
_TriggerSF_up	0.359343	0.0578495	0
_TriggerSF_down	0.361992	0.0578495	0
_PU_up	0.339303	0.0578495	0
_PU_down	0.388265	0.0578495	0
_JetEn_up	0.392275	0.0578495	0
_JetEn_down	0.30094	0.0578495	0
_JetRes_up	0.395396	0.0578495	0
_JetRes_down	0.371959	0.0578495	0
_Unclustered_up	0.387527	0.0578495	0
_Unclustered_down	0.386323	0.0578495	0
_BTagSFEff_up	0.353108	0.0578495	0
_BTagSFEff_down	0.365585	0.0578495	0
_BTagSFMiss_up	0.359766	0.0578495	0
_BTagSFMiss_down	0.362373	0.0578495	0
_JetMass_up	0.372441	0.0578495	0
_JetMass_down	0.374586	0.0578495	0
_JetMassRes_up	0.373634	0.0578495	0
_JetMassRes_down	0.367015	0.0578495	0

################ Sources ################
Source	SystTotal	SystPrompt	SystFake	Signal
Stat 29.87 30.72  100.02  -nan  1.28
Lumi 2.15  2.50 -  -  2.50
PDF  -  -  -  -  8.53
MuonPt  23.76 27.59  -  -  3.48
MuonID  4.16 4.83  -  -  3.54
ElectronE  0.78 0.91  -  -  0.18
ElectronID  0.34 0.39  -  -  0.06
Trigger  0.38 0.44  -  -  0.02
PU  5.94 6.89  -  -  0.89
JES  11.38 13.21  -  -  0.22
JER  6.36 7.39  -  -  0.32
Uncl  6.49 7.53  -  -  0.22
BEff  1.50 1.74  -  -  0.38
BMiss  0.43 0.50  -  -  0.65
JMS  3.29 3.82  -  -  0.08
JMR  2.64 3.06  -  -  0.16
Tau21 6.33  7.35 -  -  7.27
MCNorm 20.71  24.04 -  -  -
Fake 4.16  -  30.00 - -
CF 0.00  -  -  -nan -
Total Systematic 36.62 42.24  30.00  -nan  10.26

Total Background	0.418
- Prompt	0.360
- Fake	0.058
- CF	0.000

####### Result #######
Signal Eff	0.138517
0.417674 1.472632
1.162657 1.126374
