
Processing CyclesForMixingLimit_MuMu_Bin2/HNMuMu_400_VBF.C...
[AnalysisInputs::SetMCSF] Get MC SF from /data8/Users/jskim/HN_dilepton_plotter/data/v8-0-7.37_Approved/MCSF.txt
[AnalysisInputs::SetMCSF] sample : VVV
[AnalysisInputs::SetMCSF] => MCSF = 1, MCSF_err = 0.5
[AnalysisInputs::SetMCSF] sample : WWW
[AnalysisInputs::SetMCSF] => MCSF = 1, MCSF_err = 0.5
[AnalysisInputs::SetMCSF] sample : WWZ
[AnalysisInputs::SetMCSF] => MCSF = 1, MCSF_err = 0.5
[AnalysisInputs::SetMCSF] sample : WZZ
[AnalysisInputs::SetMCSF] => MCSF = 1, MCSF_err = 0.5
[AnalysisInputs::SetMCSF] sample : ZZZ
[AnalysisInputs::SetMCSF] => MCSF = 1, MCSF_err = 0.5
[AnalysisInputs::SetMCSF] sample : ttV
[AnalysisInputs::SetMCSF] => MCSF = 1, MCSF_err = 0.5
[AnalysisInputs::SetMCSF] sample : ttW
[AnalysisInputs::SetMCSF] => MCSF = 1, MCSF_err = 0.5
[AnalysisInputs::SetMCSF] sample : ttZ
[AnalysisInputs::SetMCSF] => MCSF = 1, MCSF_err = 0.5
[AnalysisInputs::SetMCSF] sample : ttH_nonbb
[AnalysisInputs::SetMCSF] => MCSF = 1, MCSF_err = 0.5
[AnalysisInputs::SetMCSF] sample : top
[AnalysisInputs::SetMCSF] => MCSF = 1, MCSF_err = 0.5
[AnalysisInputs::SetMCSF] sample : WWTo2L2Nu_DS
[AnalysisInputs::SetMCSF] => MCSF = 1, MCSF_err = 0.5
[AnalysisInputs::SetMCSF] sample : WpWpEWK
[AnalysisInputs::SetMCSF] => MCSF = 1.3062, MCSF_err = 0.5
[AnalysisInputs::SetMCSF] sample : WpWpQCD
[AnalysisInputs::SetMCSF] => MCSF = 1.70026, MCSF_err = 0.5
[AnalysisInputs::SetMCSF] sample : WZTo3LNu_mllmin01
[AnalysisInputs::SetMCSF] => MCSF = 0.65, MCSF_err = 0.06
[AnalysisInputs::SetMCSF] sample : WZTo3LNu_powheg
[AnalysisInputs::SetMCSF] => MCSF = 1.05149, MCSF_err = 0.064601
[AnalysisInputs::SetMCSF] sample : ZGto2LG
[AnalysisInputs::SetMCSF] => MCSF = 1.09319, MCSF_err = 0.0752381
[AnalysisInputs::SetMCSF] sample : ZZTo4L_powheg
[AnalysisInputs::SetMCSF] => MCSF = 0.97851, MCSF_err = 0.25
[AnalysisInputs::SetMCSF] sample : ggZZto2e2mu
[AnalysisInputs::SetMCSF] => MCSF = 0.97851, MCSF_err = 0.25
[AnalysisInputs::SetMCSF] sample : ggZZto2e2nu
[AnalysisInputs::SetMCSF] => MCSF = 0.97851, MCSF_err = 0.25
[AnalysisInputs::SetMCSF] sample : ggZZto2e2tau
[AnalysisInputs::SetMCSF] => MCSF = 0.97851, MCSF_err = 0.25
[AnalysisInputs::SetMCSF] sample : ggZZto2mu2nu
[AnalysisInputs::SetMCSF] => MCSF = 0.97851, MCSF_err = 0.25
[AnalysisInputs::SetMCSF] sample : ggZZto2mu2tau
[AnalysisInputs::SetMCSF] => MCSF = 0.97851, MCSF_err = 0.25
[AnalysisInputs::SetMCSF] sample : ggZZto4e
[AnalysisInputs::SetMCSF] => MCSF = 0.97851, MCSF_err = 0.25
[AnalysisInputs::SetMCSF] sample : ggZZto4mu
[AnalysisInputs::SetMCSF] => MCSF = 0.97851, MCSF_err = 0.25
[AnalysisInputs::SetMCSF] sample : ggZZto4tau
[AnalysisInputs::SetMCSF] => MCSF = 0.97851, MCSF_err = 0.25
[AnalysisInputs::SetMCSF] sample : ggHtoZZ
[AnalysisInputs::SetMCSF] => MCSF = 0.97851, MCSF_err = 0.25
[AnalysisInputs::SetMCSF] sample : WGtoLNuG
[AnalysisInputs::SetMCSF] => MCSF = 1, MCSF_err = 0.0752381
[AnalysisInputs::SetMCSF] sample : WGtoLNuG_weighted
[AnalysisInputs::SetMCSF] => MCSF = 1, MCSF_err = 0.0752381
[AnalysisInputs::SetCalculatedSysts] Get Systematics from /data8/Users/jskim/HN_dilepton_plotter/data/v8-0-7.37_Approved/Syst.txt
[AnalysisInputs::SetCalculatedSysts] source : Luminosity
[AnalysisInputs::SetCalculatedSysts] => % sysematic = 0.025
[AnalysisInputs::SetCalculatedSysts] source : FakeLooseID
[AnalysisInputs::SetCalculatedSysts] => % sysematic = 0.3
[AnalysisInputs::SetCalculatedSysts] source : ChrageFlipSyst
[AnalysisInputs::SetCalculatedSysts] => % sysematic = 0.16
[CutRangeInfo::ReadCutCard] Get Cutcard from /data8/Users/jskim/HN_dilepton_plotter/data/v8-0-7.37_Approved/CutOpCard/RunDirectory/Cards_MuMu_Bin2/HNMuMu_400.txt
Central	0.477618	0.0338234	0
_MuonEn_up	0.488737	0.0338234	0
_MuonEn_down	0.48203	0.0338234	0
_MuonIDSF_up	0.504302	0.0338234	0
_MuonIDSF_down	0.469477	0.0338234	0
_ElectronEn_up	0.492138	0.0338234	0
_ElectronEn_down	0.477537	0.0338234	0
_ElectronIDSF_up	0.477253	0.0338234	0
_ElectronIDSF_down	0.481216	0.0338234	0
_TriggerSF_up	0.488616	0.0338234	0
_TriggerSF_down	0.48464	0.0338234	0
_PU_up	0.479267	0.0338234	0
_PU_down	0.48402	0.0338234	0
_JetEn_up	0.579434	0.0338234	0
_JetEn_down	0.573638	0.0338234	0
_JetRes_up	0.493216	0.0338234	0
_JetRes_down	0.478954	0.0338234	0
_Unclustered_up	0.559199	0.0338234	0
_Unclustered_down	0.567538	0.0338234	0
_BTagSFEff_up	0.477512	0.0338234	0
_BTagSFEff_down	0.492484	0.0338234	0
_BTagSFMiss_up	0.484693	0.0338234	0
_BTagSFMiss_down	0.487492	0.0338234	0
_JetMass_up	0.477185	0.0338234	0
_JetMass_down	0.481408	0.0338234	0
_JetMassRes_up	0.467554	0.0338234	0
_JetMassRes_down	0.488658	0.0338234	0
_Tau21_up	0.485952	0.0338234	0
_Tau21_down	0.440974	0.0338234	0

################ Sources ################
Source	SystTotal	SystPrompt	SystFake	Signal
Stat 25.17 25.99  100.41  -nan  1.27
Lumi 2.33  2.50 -  -  2.50
PDF  -  -  -  -  4.80
MuonPt  1.65 1.77  -  -  0.32
MuonID  3.86 4.13  -  -  3.64
ElectronE  2.01 2.15  -  -  0.27
ElectronID  0.50 0.54  -  -  0.28
Trigger  1.80 1.93  -  -  0.32
PU  0.91 0.98  -  -  0.96
JES  19.35 20.72  -  -  0.45
JER  2.16 2.32  -  -  0.57
Uncl  16.79 17.98  -  -  0.44
BEff  2.06 2.20  -  -  0.46
BMiss  1.68 1.80  -  -  0.61
JMS  0.53 0.56  -  -  0.19
JMR  2.07 2.21  -  -  0.28
Tau21  5.20 5.56  -  -  7.54
MCNorm 40.82  43.71 -  -  -
Fake 1.98  -  30.00 - -
CF 0.00  -  -  -nan -
Total Systematic 49.00 52.43  30.00  -nan  10.10

Total Background	0.511
- Prompt	0.478
- Fake	0.034
- CF	0.000
- Obs	2.000

####### Result #######
Signal Eff	0.143074
0.511441 1.550870
1.291368 1.101826
