
Processing CyclesForMixingLimit_MuMu_Bin2/HNMuMu_75.C...
[AnalysisInputs::SetMCSF] Get MC SF from /data8/Users/jskim/HN_dilepton_plotter/data/v8-0-7.37_Approved/MCSF.txt
[AnalysisInputs::SetMCSF] sample : VVV
[AnalysisInputs::SetMCSF] => MCSF = 1, MCSF_err = 0.5
[AnalysisInputs::SetMCSF] sample : WWW
[AnalysisInputs::SetMCSF] => MCSF = 1, MCSF_err = 0.5
[AnalysisInputs::SetMCSF] sample : WWZ
[AnalysisInputs::SetMCSF] => MCSF = 1, MCSF_err = 0.5
[AnalysisInputs::SetMCSF] sample : WZZ
[AnalysisInputs::SetMCSF] => MCSF = 1, MCSF_err = 0.5
[AnalysisInputs::SetMCSF] sample : ZZZ
[AnalysisInputs::SetMCSF] => MCSF = 1, MCSF_err = 0.5
[AnalysisInputs::SetMCSF] sample : ttV
[AnalysisInputs::SetMCSF] => MCSF = 1, MCSF_err = 0.5
[AnalysisInputs::SetMCSF] sample : ttW
[AnalysisInputs::SetMCSF] => MCSF = 1, MCSF_err = 0.5
[AnalysisInputs::SetMCSF] sample : ttZ
[AnalysisInputs::SetMCSF] => MCSF = 1, MCSF_err = 0.5
[AnalysisInputs::SetMCSF] sample : ttH_nonbb
[AnalysisInputs::SetMCSF] => MCSF = 1, MCSF_err = 0.5
[AnalysisInputs::SetMCSF] sample : top
[AnalysisInputs::SetMCSF] => MCSF = 1, MCSF_err = 0.5
[AnalysisInputs::SetMCSF] sample : WWTo2L2Nu_DS
[AnalysisInputs::SetMCSF] => MCSF = 1, MCSF_err = 0.5
[AnalysisInputs::SetMCSF] sample : WpWpEWK
[AnalysisInputs::SetMCSF] => MCSF = 1.3062, MCSF_err = 0.5
[AnalysisInputs::SetMCSF] sample : WpWpQCD
[AnalysisInputs::SetMCSF] => MCSF = 1.70026, MCSF_err = 0.5
[AnalysisInputs::SetMCSF] sample : WZTo3LNu_mllmin01
[AnalysisInputs::SetMCSF] => MCSF = 0.65, MCSF_err = 0.06
[AnalysisInputs::SetMCSF] sample : WZTo3LNu_powheg
[AnalysisInputs::SetMCSF] => MCSF = 1.05149, MCSF_err = 0.064601
[AnalysisInputs::SetMCSF] sample : ZGto2LG
[AnalysisInputs::SetMCSF] => MCSF = 1.09319, MCSF_err = 0.0752381
[AnalysisInputs::SetMCSF] sample : ZZTo4L_powheg
[AnalysisInputs::SetMCSF] => MCSF = 0.97851, MCSF_err = 0.25
[AnalysisInputs::SetMCSF] sample : ggZZto2e2mu
[AnalysisInputs::SetMCSF] => MCSF = 0.97851, MCSF_err = 0.25
[AnalysisInputs::SetMCSF] sample : ggZZto2e2nu
[AnalysisInputs::SetMCSF] => MCSF = 0.97851, MCSF_err = 0.25
[AnalysisInputs::SetMCSF] sample : ggZZto2e2tau
[AnalysisInputs::SetMCSF] => MCSF = 0.97851, MCSF_err = 0.25
[AnalysisInputs::SetMCSF] sample : ggZZto2mu2nu
[AnalysisInputs::SetMCSF] => MCSF = 0.97851, MCSF_err = 0.25
[AnalysisInputs::SetMCSF] sample : ggZZto2mu2tau
[AnalysisInputs::SetMCSF] => MCSF = 0.97851, MCSF_err = 0.25
[AnalysisInputs::SetMCSF] sample : ggZZto4e
[AnalysisInputs::SetMCSF] => MCSF = 0.97851, MCSF_err = 0.25
[AnalysisInputs::SetMCSF] sample : ggZZto4mu
[AnalysisInputs::SetMCSF] => MCSF = 0.97851, MCSF_err = 0.25
[AnalysisInputs::SetMCSF] sample : ggZZto4tau
[AnalysisInputs::SetMCSF] => MCSF = 0.97851, MCSF_err = 0.25
[AnalysisInputs::SetMCSF] sample : ggHtoZZ
[AnalysisInputs::SetMCSF] => MCSF = 0.97851, MCSF_err = 0.25
[AnalysisInputs::SetMCSF] sample : WGtoLNuG
[AnalysisInputs::SetMCSF] => MCSF = 1, MCSF_err = 0.0752381
[AnalysisInputs::SetMCSF] sample : WGtoLNuG_weighted
[AnalysisInputs::SetMCSF] => MCSF = 1, MCSF_err = 0.0752381
[AnalysisInputs::SetCalculatedSysts] Get Systematics from /data8/Users/jskim/HN_dilepton_plotter/data/v8-0-7.37_Approved/Syst.txt
[AnalysisInputs::SetCalculatedSysts] source : Luminosity
[AnalysisInputs::SetCalculatedSysts] => % sysematic = 0.025
[AnalysisInputs::SetCalculatedSysts] source : FakeLooseID
[AnalysisInputs::SetCalculatedSysts] => % sysematic = 0.3
[AnalysisInputs::SetCalculatedSysts] source : ChrageFlipSyst
[AnalysisInputs::SetCalculatedSysts] => % sysematic = 0.16
[CutRangeInfo::ReadCutCard] Get Cutcard from /data8/Users/jskim/HN_dilepton_plotter/data/v8-0-7.37_Approved/CutOpCard/RunDirectory/Cards_MuMu_Bin2/HNMuMu_75.txt
Central	13.4138	16.2405	0
_MuonEn_up	13.2077	16.2405	0
_MuonEn_down	13.4153	16.2405	0
_MuonIDSF_up	13.793	16.2405	0
_MuonIDSF_down	12.9951	16.2405	0
_ElectronEn_up	13.4098	16.2405	0
_ElectronEn_down	13.394	16.2405	0
_ElectronIDSF_up	13.3933	16.2405	0
_ElectronIDSF_down	13.4046	16.2405	0
_TriggerSF_up	13.5063	16.2405	0
_TriggerSF_down	13.5509	16.2405	0
_PU_up	12.9527	16.2405	0
_PU_down	13.5216	16.2405	0
_JetEn_up	15.9402	16.2405	0
_JetEn_down	15.5884	16.2405	0
_JetRes_up	13.992	16.2405	0
_JetRes_down	13.4502	16.2405	0
_Unclustered_up	13.6344	16.2405	0
_Unclustered_down	16.1682	16.2405	0
_BTagSFEff_up	13.4005	16.2405	0
_BTagSFEff_down	13.4073	16.2405	0
_BTagSFMiss_up	13.3985	16.2405	0
_BTagSFMiss_down	13.4152	16.2405	0
_JetMass_up	13.3929	16.2405	0
_JetMass_down	13.3948	16.2405	0
_JetMassRes_up	13.3933	16.2405	0
_JetMassRes_down	13.3901	16.2405	0
_Tau21_up	13.3864	16.2405	0
_Tau21_down	13.3939	16.2405	0

################ Sources ################
Source	SystTotal	SystPrompt	SystFake	Signal
Stat 8.82 16.03  9.17  -nan  7.96
Lumi 1.13  2.50 -  -  2.50
PDF  -  -  -  -  9.00
MuonPt  0.49 1.09  -  -  0.66
MuonID  1.35 2.98  -  -  3.26
ElectronE  0.05 0.11  -  -  0.51
ElectronID  0.05 0.12  -  -  0.64
Trigger  0.39 0.87  -  -  1.09
PU  1.13 2.50  -  -  2.39
JES  7.95 17.57  -  -  4.07
JER  1.38 3.05  -  -  2.67
Uncl  6.59 14.57  -  -  1.65
BEff  0.04 0.08  -  -  0.33
BMiss  0.04 0.08  -  -  0.67
JMS  0.07 0.15  -  -  0.53
JMR  0.07 0.17  -  -  0.33
Tau21  0.08 0.18  -  -  0.73
MCNorm 6.60  14.60 -  -  -
Fake 16.43  -  30.00 - -
CF 0.00  -  -  -nan -
Total Systematic 20.66 27.69  30.00  -nan  11.57

Total Background	29.654
- Prompt	13.414
- Fake	16.241
- CF	0.000
- Obs	34.000

####### Result #######
Signal Eff	0.002428
29.654359 1.224633
137.249531 1.140398
