
Processing CyclesForMixingLimit_MuMu_Bin2/HNMuMu_2000_VBFOnly.C...
[AnalysisInputs::SetMCSF] Get MC SF from /data8/Users/jskim/HN_dilepton_plotter/data/v8-0-7.37_Approved/MCSF.txt
[AnalysisInputs::SetMCSF] sample : VVV
[AnalysisInputs::SetMCSF] => MCSF = 1, MCSF_err = 0.5
[AnalysisInputs::SetMCSF] sample : WWW
[AnalysisInputs::SetMCSF] => MCSF = 1, MCSF_err = 0.5
[AnalysisInputs::SetMCSF] sample : WWZ
[AnalysisInputs::SetMCSF] => MCSF = 1, MCSF_err = 0.5
[AnalysisInputs::SetMCSF] sample : WZZ
[AnalysisInputs::SetMCSF] => MCSF = 1, MCSF_err = 0.5
[AnalysisInputs::SetMCSF] sample : ZZZ
[AnalysisInputs::SetMCSF] => MCSF = 1, MCSF_err = 0.5
[AnalysisInputs::SetMCSF] sample : ttV
[AnalysisInputs::SetMCSF] => MCSF = 1, MCSF_err = 0.5
[AnalysisInputs::SetMCSF] sample : ttW
[AnalysisInputs::SetMCSF] => MCSF = 1, MCSF_err = 0.5
[AnalysisInputs::SetMCSF] sample : ttZ
[AnalysisInputs::SetMCSF] => MCSF = 1, MCSF_err = 0.5
[AnalysisInputs::SetMCSF] sample : ttH_nonbb
[AnalysisInputs::SetMCSF] => MCSF = 1, MCSF_err = 0.5
[AnalysisInputs::SetMCSF] sample : top
[AnalysisInputs::SetMCSF] => MCSF = 1, MCSF_err = 0.5
[AnalysisInputs::SetMCSF] sample : WWTo2L2Nu_DS
[AnalysisInputs::SetMCSF] => MCSF = 1, MCSF_err = 0.5
[AnalysisInputs::SetMCSF] sample : WpWpEWK
[AnalysisInputs::SetMCSF] => MCSF = 1.3062, MCSF_err = 0.5
[AnalysisInputs::SetMCSF] sample : WpWpQCD
[AnalysisInputs::SetMCSF] => MCSF = 1.70026, MCSF_err = 0.5
[AnalysisInputs::SetMCSF] sample : WZTo3LNu_mllmin01
[AnalysisInputs::SetMCSF] => MCSF = 0.65, MCSF_err = 0.06
[AnalysisInputs::SetMCSF] sample : WZTo3LNu_powheg
[AnalysisInputs::SetMCSF] => MCSF = 1.05149, MCSF_err = 0.064601
[AnalysisInputs::SetMCSF] sample : ZGto2LG
[AnalysisInputs::SetMCSF] => MCSF = 1.09319, MCSF_err = 0.0752381
[AnalysisInputs::SetMCSF] sample : ZZTo4L_powheg
[AnalysisInputs::SetMCSF] => MCSF = 0.97851, MCSF_err = 0.25
[AnalysisInputs::SetMCSF] sample : ggZZto2e2mu
[AnalysisInputs::SetMCSF] => MCSF = 0.97851, MCSF_err = 0.25
[AnalysisInputs::SetMCSF] sample : ggZZto2e2nu
[AnalysisInputs::SetMCSF] => MCSF = 0.97851, MCSF_err = 0.25
[AnalysisInputs::SetMCSF] sample : ggZZto2e2tau
[AnalysisInputs::SetMCSF] => MCSF = 0.97851, MCSF_err = 0.25
[AnalysisInputs::SetMCSF] sample : ggZZto2mu2nu
[AnalysisInputs::SetMCSF] => MCSF = 0.97851, MCSF_err = 0.25
[AnalysisInputs::SetMCSF] sample : ggZZto2mu2tau
[AnalysisInputs::SetMCSF] => MCSF = 0.97851, MCSF_err = 0.25
[AnalysisInputs::SetMCSF] sample : ggZZto4e
[AnalysisInputs::SetMCSF] => MCSF = 0.97851, MCSF_err = 0.25
[AnalysisInputs::SetMCSF] sample : ggZZto4mu
[AnalysisInputs::SetMCSF] => MCSF = 0.97851, MCSF_err = 0.25
[AnalysisInputs::SetMCSF] sample : ggZZto4tau
[AnalysisInputs::SetMCSF] => MCSF = 0.97851, MCSF_err = 0.25
[AnalysisInputs::SetMCSF] sample : ggHtoZZ
[AnalysisInputs::SetMCSF] => MCSF = 0.97851, MCSF_err = 0.25
[AnalysisInputs::SetMCSF] sample : WGtoLNuG
[AnalysisInputs::SetMCSF] => MCSF = 1, MCSF_err = 0.0752381
[AnalysisInputs::SetMCSF] sample : WGtoLNuG_weighted
[AnalysisInputs::SetMCSF] => MCSF = 1, MCSF_err = 0.0752381
[AnalysisInputs::SetCalculatedSysts] Get Systematics from /data8/Users/jskim/HN_dilepton_plotter/data/v8-0-7.37_Approved/Syst.txt
[AnalysisInputs::SetCalculatedSysts] source : Luminosity
[AnalysisInputs::SetCalculatedSysts] => % sysematic = 0.025
[AnalysisInputs::SetCalculatedSysts] source : FakeLooseID
[AnalysisInputs::SetCalculatedSysts] => % sysematic = 0.3
[AnalysisInputs::SetCalculatedSysts] source : ChrageFlipSyst
[AnalysisInputs::SetCalculatedSysts] => % sysematic = 0.16
[CutRangeInfo::ReadCutCard] Get Cutcard from /data8/Users/jskim/HN_dilepton_plotter/data/v8-0-7.37_Approved/CutOpCard/RunDirectory/Cards_MuMu_Bin2/HNMuMu_2000.txt
Signal Eff = 0.267222
Central	0.0132868	0	0
_MuonEn_up	0.0132868	0	0
_MuonEn_down	0.0132868	0	0
_MuonIDSF_up	0.0136122	0	0
_MuonIDSF_down	0.0129647	0	0
_ElectronEn_up	0.0132868	0	0
_ElectronEn_down	0.0132868	0	0
_ElectronIDSF_up	0.0132868	0	0
_ElectronIDSF_down	0.0132868	0	0
_TriggerSF_up	0.0133651	0	0
_TriggerSF_down	0.0132868	0	0
_PU_up	0.015013	0	0
_PU_down	0.0115697	0	0
_JetEn_up	0.0132868	0	0
_JetEn_down	0.0132868	0	0
_JetRes_up	0.0132868	0	0
_JetRes_down	0.0132868	0	0
_Unclustered_up	0.0132868	0	0
_Unclustered_down	0.0132868	0	0
_BTagSFEff_up	0.0132868	0	0
_BTagSFEff_down	0.0132868	0	0
_BTagSFMiss_up	0.0132868	0	0
_BTagSFMiss_down	0.0132868	0	0
_JetMass_up	0.0132868	0	0
_JetMass_down	0.0132868	0	0
_JetMassRes_up	0.0132868	0	0
_JetMassRes_down	0.0132868	0	0
_Tau21_up	0.0142946	0	0
_Tau21_down	0.012279	0	0

################ Sources ################
Source	SystTotal	SystPrompt	SystFake	Signal
Stat 54.09 54.09  -nan  -nan  1.85
Lumi 2.50  2.50 -  -  2.50
PDF  -  -  -  -  1.89
MuonPt  0.00 0.00  -  -  1.88
MuonID  2.44 2.44  -  -  3.51
ElectronE  0.00 0.00  -  -  0.09
ElectronID  0.00 0.00  -  -  0.24
Trigger  0.42 0.42  -  -  0.62
PU  12.96 12.96  -  -  1.15
JES  0.00 0.00  -  -  0.43
JER  0.00 0.00  -  -  0.08
Uncl  0.00 0.00  -  -  0.24
BEff  0.00 0.00  -  -  0.56
BMiss  0.00 0.00  -  -  0.29
JMS  0.00 0.00  -  -  0.12
JMR  0.00 0.00  -  -  0.21
Tau21  7.58 7.58  -  -  9.00
MCNorm 61.72  61.72 -  -  -
Fake 0.00  -  -nan - -
CF 0.00  -  -  -nan -
Total Systematic 63.62 63.62  -nan  -nan  10.45

Total Background	0.013
- Prompt	0.013
- Fake	0.000
- CF	0.000
- Obs	0.000

####### Result #######
Signal Eff	0.267222
0.013287 1.835043
0.009157 1.106122
