
Processing CyclesForMixingLimit_MuMu_Bin2/HNMuMu_1700_VBFOnly.C...
[AnalysisInputs::SetMCSF] Get MC SF from /data8/Users/jskim/HN_dilepton_plotter/data/v8-0-7.37_ForApproval/MCSF.txt
[AnalysisInputs::SetMCSF] sample : VVV
[AnalysisInputs::SetMCSF] => MCSF = 1, MCSF_err = 0.5
[AnalysisInputs::SetMCSF] sample : WWW
[AnalysisInputs::SetMCSF] => MCSF = 1, MCSF_err = 0.5
[AnalysisInputs::SetMCSF] sample : WWZ
[AnalysisInputs::SetMCSF] => MCSF = 1, MCSF_err = 0.5
[AnalysisInputs::SetMCSF] sample : WZZ
[AnalysisInputs::SetMCSF] => MCSF = 1, MCSF_err = 0.5
[AnalysisInputs::SetMCSF] sample : ZZZ
[AnalysisInputs::SetMCSF] => MCSF = 1, MCSF_err = 0.5
[AnalysisInputs::SetMCSF] sample : ttV
[AnalysisInputs::SetMCSF] => MCSF = 1, MCSF_err = 0.5
[AnalysisInputs::SetMCSF] sample : ttW
[AnalysisInputs::SetMCSF] => MCSF = 1, MCSF_err = 0.5
[AnalysisInputs::SetMCSF] sample : ttZ
[AnalysisInputs::SetMCSF] => MCSF = 1, MCSF_err = 0.5
[AnalysisInputs::SetMCSF] sample : ttH_nonbb
[AnalysisInputs::SetMCSF] => MCSF = 1, MCSF_err = 0.5
[AnalysisInputs::SetMCSF] sample : top
[AnalysisInputs::SetMCSF] => MCSF = 1, MCSF_err = 0.5
[AnalysisInputs::SetMCSF] sample : WWTo2L2Nu_DS
[AnalysisInputs::SetMCSF] => MCSF = 1, MCSF_err = 0.5
[AnalysisInputs::SetMCSF] sample : WpWpEWK
[AnalysisInputs::SetMCSF] => MCSF = 1.3062, MCSF_err = 0.5
[AnalysisInputs::SetMCSF] sample : WpWpQCD
[AnalysisInputs::SetMCSF] => MCSF = 1.70026, MCSF_err = 0.5
[AnalysisInputs::SetMCSF] sample : WZTo3LNu_mllmin01
[AnalysisInputs::SetMCSF] => MCSF = 0.65, MCSF_err = 0.06
[AnalysisInputs::SetMCSF] sample : WZTo3LNu_powheg
[AnalysisInputs::SetMCSF] => MCSF = 1.05149, MCSF_err = 0.064601
[AnalysisInputs::SetMCSF] sample : ZGto2LG
[AnalysisInputs::SetMCSF] => MCSF = 1.09319, MCSF_err = 0.0752381
[AnalysisInputs::SetMCSF] sample : ZZTo4L_powheg
[AnalysisInputs::SetMCSF] => MCSF = 0.97851, MCSF_err = 0.25
[AnalysisInputs::SetMCSF] sample : ggZZto2e2mu
[AnalysisInputs::SetMCSF] => MCSF = 0.97851, MCSF_err = 0.25
[AnalysisInputs::SetMCSF] sample : ggZZto2e2nu
[AnalysisInputs::SetMCSF] => MCSF = 0.97851, MCSF_err = 0.25
[AnalysisInputs::SetMCSF] sample : ggZZto2e2tau
[AnalysisInputs::SetMCSF] => MCSF = 0.97851, MCSF_err = 0.25
[AnalysisInputs::SetMCSF] sample : ggZZto2mu2nu
[AnalysisInputs::SetMCSF] => MCSF = 0.97851, MCSF_err = 0.25
[AnalysisInputs::SetMCSF] sample : ggZZto2mu2tau
[AnalysisInputs::SetMCSF] => MCSF = 0.97851, MCSF_err = 0.25
[AnalysisInputs::SetMCSF] sample : ggZZto4e
[AnalysisInputs::SetMCSF] => MCSF = 0.97851, MCSF_err = 0.25
[AnalysisInputs::SetMCSF] sample : ggZZto4mu
[AnalysisInputs::SetMCSF] => MCSF = 0.97851, MCSF_err = 0.25
[AnalysisInputs::SetMCSF] sample : ggZZto4tau
[AnalysisInputs::SetMCSF] => MCSF = 0.97851, MCSF_err = 0.25
[AnalysisInputs::SetMCSF] sample : ggHtoZZ
[AnalysisInputs::SetMCSF] => MCSF = 0.97851, MCSF_err = 0.25
[AnalysisInputs::SetMCSF] sample : WGtoLNuG
[AnalysisInputs::SetMCSF] => MCSF = 1, MCSF_err = 0.0752381
[AnalysisInputs::SetMCSF] sample : WGtoLNuG_weighted
[AnalysisInputs::SetMCSF] => MCSF = 1, MCSF_err = 0.0752381
[AnalysisInputs::SetCalculatedSysts] Get Systematics from /data8/Users/jskim/HN_dilepton_plotter/data/v8-0-7.37_ForApproval/Syst.txt
[AnalysisInputs::SetCalculatedSysts] source : Luminosity
[AnalysisInputs::SetCalculatedSysts] => % sysematic = 0.025
[AnalysisInputs::SetCalculatedSysts] source : FakeLooseID
[AnalysisInputs::SetCalculatedSysts] => % sysematic = 0.3
[AnalysisInputs::SetCalculatedSysts] source : ChrageFlipSyst
[AnalysisInputs::SetCalculatedSysts] => % sysematic = 0.16
[CutRangeInfo::ReadCutCard] Get Cutcard from /data8/Users/jskim/HN_dilepton_plotter/data/v8-0-7.37_ForApproval/CutOpCard/RunDirectory/Cards_MuMu_Bin2/HNMuMu_1700.txt
Signal Eff = 0.290246
Central	0.0223185	0	0
_MuonEn_up	0.0257028	0	0
_MuonEn_down	0.0223185	0	0
_MuonIDSF_up	0.0230461	0	0
_MuonIDSF_down	0.0216024	0	0
_ElectronEn_up	0.0223185	0	0
_ElectronEn_down	0.0296271	0	0
_ElectronIDSF_up	0.0223185	0	0
_ElectronIDSF_down	0.0223185	0	0
_TriggerSF_up	0.0259355	0	0
_TriggerSF_down	0.0223185	0	0
_PU_up	0.0297716	0	0
_PU_down	0.0231069	0	0
_JetEn_up	0.0223185	0	0
_JetEn_down	0.0223185	0	0
_JetRes_up	0.0223185	0	0
_JetRes_down	0.0223185	0	0
_Unclustered_up	0.0296271	0	0
_Unclustered_down	0.0223185	0	0
_BTagSFEff_up	0.0223185	0	0
_BTagSFEff_down	0.014096	0	0
_BTagSFMiss_up	0.0223185	0	0
_BTagSFMiss_down	0.0223185	0	0
_JetMass_up	0.0223185	0	0
_JetMass_down	0.0257818	0	0
_JetMassRes_up	0.0153116	0	0
_JetMassRes_down	0.0153116	0	0
_Tau21_up	0.0240521	0	0
_Tau21_down	0.02375	0	0

################ Sources ################
Source	SystTotal	SystPrompt	SystFake	Signal
Stat 41.49 41.49  -nan  -nan  1.65
Lumi 2.50  2.50 -  -  2.50
PDF  -  -  -  -  2.31
MuonPt  10.72 10.72  -  -  0.71
MuonID  3.23 3.23  -  -  3.32
ElectronE  23.16 23.16  -  -  0.22
ElectronID  0.00 0.00  -  -  0.09
Trigger  11.46 11.46  -  -  0.50
PU  23.75 23.75  -  -  0.52
JES  0.00 0.00  -  -  0.43
JER  0.00 0.00  -  -  0.19
Uncl  23.16 23.16  -  -  0.42
BEff  26.05 26.05  -  -  0.39
BMiss  0.00 0.00  -  -  0.34
JMS  10.97 10.97  -  -  0.04
JMR  31.39 31.39  -  -  0.10
Tau21  7.12 7.12  -  -  8.34
MCNorm 64.51  64.51 -  -  -
Fake 0.00  -  -nan - -
CF 0.00  -  -  -nan -
Total Systematic 88.86 88.86  -nan  -nan  9.69

Total Background	0.022
- Prompt	0.022
- Fake	0.000
- CF	0.000
- Obs	0.000

####### Result #######
Signal Eff	0.290246
0.022318 1.980670
0.018593 1.098319
