
Processing CyclesForMixingLimit_MuMu_Bin2/HNMuMu_100.C...
[AnalysisInputs::SetMCSF] Get MC SF from /data8/Users/jskim/HN_dilepton_plotter/data/v8-0-7.37_ForApproval/MCSF.txt
[AnalysisInputs::SetMCSF] sample : VVV
[AnalysisInputs::SetMCSF] => MCSF = 1, MCSF_err = 0.5
[AnalysisInputs::SetMCSF] sample : WWW
[AnalysisInputs::SetMCSF] => MCSF = 1, MCSF_err = 0.5
[AnalysisInputs::SetMCSF] sample : WWZ
[AnalysisInputs::SetMCSF] => MCSF = 1, MCSF_err = 0.5
[AnalysisInputs::SetMCSF] sample : WZZ
[AnalysisInputs::SetMCSF] => MCSF = 1, MCSF_err = 0.5
[AnalysisInputs::SetMCSF] sample : ZZZ
[AnalysisInputs::SetMCSF] => MCSF = 1, MCSF_err = 0.5
[AnalysisInputs::SetMCSF] sample : ttV
[AnalysisInputs::SetMCSF] => MCSF = 1, MCSF_err = 0.5
[AnalysisInputs::SetMCSF] sample : ttW
[AnalysisInputs::SetMCSF] => MCSF = 1, MCSF_err = 0.5
[AnalysisInputs::SetMCSF] sample : ttZ
[AnalysisInputs::SetMCSF] => MCSF = 1, MCSF_err = 0.5
[AnalysisInputs::SetMCSF] sample : ttH_nonbb
[AnalysisInputs::SetMCSF] => MCSF = 1, MCSF_err = 0.5
[AnalysisInputs::SetMCSF] sample : top
[AnalysisInputs::SetMCSF] => MCSF = 1, MCSF_err = 0.5
[AnalysisInputs::SetMCSF] sample : WWTo2L2Nu_DS
[AnalysisInputs::SetMCSF] => MCSF = 1, MCSF_err = 0.5
[AnalysisInputs::SetMCSF] sample : WpWpEWK
[AnalysisInputs::SetMCSF] => MCSF = 1.3062, MCSF_err = 0.5
[AnalysisInputs::SetMCSF] sample : WpWpQCD
[AnalysisInputs::SetMCSF] => MCSF = 1.70026, MCSF_err = 0.5
[AnalysisInputs::SetMCSF] sample : WZTo3LNu_mllmin01
[AnalysisInputs::SetMCSF] => MCSF = 0.65, MCSF_err = 0.06
[AnalysisInputs::SetMCSF] sample : WZTo3LNu_powheg
[AnalysisInputs::SetMCSF] => MCSF = 1.05149, MCSF_err = 0.064601
[AnalysisInputs::SetMCSF] sample : ZGto2LG
[AnalysisInputs::SetMCSF] => MCSF = 1.09319, MCSF_err = 0.0752381
[AnalysisInputs::SetMCSF] sample : ZZTo4L_powheg
[AnalysisInputs::SetMCSF] => MCSF = 0.97851, MCSF_err = 0.25
[AnalysisInputs::SetMCSF] sample : ggZZto2e2mu
[AnalysisInputs::SetMCSF] => MCSF = 0.97851, MCSF_err = 0.25
[AnalysisInputs::SetMCSF] sample : ggZZto2e2nu
[AnalysisInputs::SetMCSF] => MCSF = 0.97851, MCSF_err = 0.25
[AnalysisInputs::SetMCSF] sample : ggZZto2e2tau
[AnalysisInputs::SetMCSF] => MCSF = 0.97851, MCSF_err = 0.25
[AnalysisInputs::SetMCSF] sample : ggZZto2mu2nu
[AnalysisInputs::SetMCSF] => MCSF = 0.97851, MCSF_err = 0.25
[AnalysisInputs::SetMCSF] sample : ggZZto2mu2tau
[AnalysisInputs::SetMCSF] => MCSF = 0.97851, MCSF_err = 0.25
[AnalysisInputs::SetMCSF] sample : ggZZto4e
[AnalysisInputs::SetMCSF] => MCSF = 0.97851, MCSF_err = 0.25
[AnalysisInputs::SetMCSF] sample : ggZZto4mu
[AnalysisInputs::SetMCSF] => MCSF = 0.97851, MCSF_err = 0.25
[AnalysisInputs::SetMCSF] sample : ggZZto4tau
[AnalysisInputs::SetMCSF] => MCSF = 0.97851, MCSF_err = 0.25
[AnalysisInputs::SetMCSF] sample : ggHtoZZ
[AnalysisInputs::SetMCSF] => MCSF = 0.97851, MCSF_err = 0.25
[AnalysisInputs::SetMCSF] sample : WGtoLNuG
[AnalysisInputs::SetMCSF] => MCSF = 1, MCSF_err = 0.0752381
[AnalysisInputs::SetMCSF] sample : WGtoLNuG_weighted
[AnalysisInputs::SetMCSF] => MCSF = 1, MCSF_err = 0.0752381
[AnalysisInputs::SetCalculatedSysts] Get Systematics from /data8/Users/jskim/HN_dilepton_plotter/data/v8-0-7.37_ForApproval/Syst.txt
[AnalysisInputs::SetCalculatedSysts] source : Luminosity
[AnalysisInputs::SetCalculatedSysts] => % sysematic = 0.025
[AnalysisInputs::SetCalculatedSysts] source : FakeLooseID
[AnalysisInputs::SetCalculatedSysts] => % sysematic = 0.3
[AnalysisInputs::SetCalculatedSysts] source : ChrageFlipSyst
[AnalysisInputs::SetCalculatedSysts] => % sysematic = 0.16
[CutRangeInfo::ReadCutCard] Get Cutcard from /data8/Users/jskim/HN_dilepton_plotter/data/v8-0-7.37_ForApproval/CutOpCard/RunDirectory/Cards_MuMu_Bin2/HNMuMu_100.txt
Central	0.392199	0.593431	0
_MuonEn_up	0.394344	0.593431	0
_MuonEn_down	0.389442	0.593431	0
_MuonIDSF_up	0.402428	0.593431	0
_MuonIDSF_down	0.384602	0.593431	0
_ElectronEn_up	0.391717	0.593431	0
_ElectronEn_down	0.393005	0.593431	0
_ElectronIDSF_up	0.393029	0.593431	0
_ElectronIDSF_down	0.392893	0.593431	0
_TriggerSF_up	0.392046	0.593431	0
_TriggerSF_down	0.389442	0.593431	0
_PU_up	0.37701	0.593431	0
_PU_down	0.407275	0.593431	0
_JetEn_up	0.388859	0.593431	0
_JetEn_down	0.354767	0.593431	0
_JetRes_up	0.390719	0.593431	0
_JetRes_down	0.389969	0.593431	0
_Unclustered_up	0.40045	0.593431	0
_Unclustered_down	0.397059	0.593431	0
_BTagSFEff_up	0.38919	0.593431	0
_BTagSFEff_down	0.393668	0.593431	0
_BTagSFMiss_up	0.388237	0.593431	0
_BTagSFMiss_down	0.397054	0.593431	0
_JetMass_up	0.393029	0.593431	0
_JetMass_down	0.375309	0.593431	0
_JetMassRes_up	0.373822	0.593431	0
_JetMassRes_down	0.381771	0.593431	0
_Tau21_up	0.418659	0.593431	0
_Tau21_down	0.362324	0.593431	0

################ Sources ################
Source	SystTotal	SystPrompt	SystFake	Signal
Stat 24.48 28.87  35.91  -nan  50.71
Lumi 0.99  2.50 -  -  2.50
PDF  -  -  -  -  5.00
MuonPt  0.25 0.63  -  -  0.00
MuonID  0.91 2.30  -  -  3.18
ElectronE  0.07 0.17  -  -  0.00
ElectronID  0.08 0.19  -  -  0.00
Trigger  0.20 0.50  -  -  0.62
PU  1.54 3.86  -  -  0.83
JES  2.70 6.78  -  -  0.00
JER  0.19 0.48  -  -  0.00
Uncl  0.69 1.73  -  -  0.00
BEff  0.24 0.60  -  -  0.00
BMiss  0.45 1.13  -  -  0.00
JMS  1.21 3.05  -  -  0.00
JMR  1.52 3.81  -  -  18.50
Tau21  2.86 7.20  -  -  7.21
MCNorm 15.62  39.24 -  -  -
Fake 18.06  -  30.00 - -
CF 0.00  -  -  -nan -
Total Systematic 24.38 41.15  30.00  -nan  20.90

Total Background	0.986
- Prompt	0.392
- Fake	0.593
- CF	0.000
- Obs	0.000

####### Result #######
Signal Eff	0.000061
0.985630 1.345513
0.209658 1.548432
