
Processing CyclesForMixingLimit_MuMu_Bin2/HNMuMu_300_VBFOnly.C...
[AnalysisInputs::SetMCSF] Get MC SF from /data8/Users/jskim/HN_dilepton_plotter/data/v8-0-7.37_Approved/MCSF.txt
[AnalysisInputs::SetMCSF] sample : VVV
[AnalysisInputs::SetMCSF] => MCSF = 1, MCSF_err = 0.5
[AnalysisInputs::SetMCSF] sample : WWW
[AnalysisInputs::SetMCSF] => MCSF = 1, MCSF_err = 0.5
[AnalysisInputs::SetMCSF] sample : WWZ
[AnalysisInputs::SetMCSF] => MCSF = 1, MCSF_err = 0.5
[AnalysisInputs::SetMCSF] sample : WZZ
[AnalysisInputs::SetMCSF] => MCSF = 1, MCSF_err = 0.5
[AnalysisInputs::SetMCSF] sample : ZZZ
[AnalysisInputs::SetMCSF] => MCSF = 1, MCSF_err = 0.5
[AnalysisInputs::SetMCSF] sample : ttV
[AnalysisInputs::SetMCSF] => MCSF = 1, MCSF_err = 0.5
[AnalysisInputs::SetMCSF] sample : ttW
[AnalysisInputs::SetMCSF] => MCSF = 1, MCSF_err = 0.5
[AnalysisInputs::SetMCSF] sample : ttZ
[AnalysisInputs::SetMCSF] => MCSF = 1, MCSF_err = 0.5
[AnalysisInputs::SetMCSF] sample : ttH_nonbb
[AnalysisInputs::SetMCSF] => MCSF = 1, MCSF_err = 0.5
[AnalysisInputs::SetMCSF] sample : top
[AnalysisInputs::SetMCSF] => MCSF = 1, MCSF_err = 0.5
[AnalysisInputs::SetMCSF] sample : WWTo2L2Nu_DS
[AnalysisInputs::SetMCSF] => MCSF = 1, MCSF_err = 0.5
[AnalysisInputs::SetMCSF] sample : WpWpEWK
[AnalysisInputs::SetMCSF] => MCSF = 1.3062, MCSF_err = 0.5
[AnalysisInputs::SetMCSF] sample : WpWpQCD
[AnalysisInputs::SetMCSF] => MCSF = 1.70026, MCSF_err = 0.5
[AnalysisInputs::SetMCSF] sample : WZTo3LNu_mllmin01
[AnalysisInputs::SetMCSF] => MCSF = 0.65, MCSF_err = 0.06
[AnalysisInputs::SetMCSF] sample : WZTo3LNu_powheg
[AnalysisInputs::SetMCSF] => MCSF = 1.05149, MCSF_err = 0.064601
[AnalysisInputs::SetMCSF] sample : ZGto2LG
[AnalysisInputs::SetMCSF] => MCSF = 1.09319, MCSF_err = 0.0752381
[AnalysisInputs::SetMCSF] sample : ZZTo4L_powheg
[AnalysisInputs::SetMCSF] => MCSF = 0.97851, MCSF_err = 0.25
[AnalysisInputs::SetMCSF] sample : ggZZto2e2mu
[AnalysisInputs::SetMCSF] => MCSF = 0.97851, MCSF_err = 0.25
[AnalysisInputs::SetMCSF] sample : ggZZto2e2nu
[AnalysisInputs::SetMCSF] => MCSF = 0.97851, MCSF_err = 0.25
[AnalysisInputs::SetMCSF] sample : ggZZto2e2tau
[AnalysisInputs::SetMCSF] => MCSF = 0.97851, MCSF_err = 0.25
[AnalysisInputs::SetMCSF] sample : ggZZto2mu2nu
[AnalysisInputs::SetMCSF] => MCSF = 0.97851, MCSF_err = 0.25
[AnalysisInputs::SetMCSF] sample : ggZZto2mu2tau
[AnalysisInputs::SetMCSF] => MCSF = 0.97851, MCSF_err = 0.25
[AnalysisInputs::SetMCSF] sample : ggZZto4e
[AnalysisInputs::SetMCSF] => MCSF = 0.97851, MCSF_err = 0.25
[AnalysisInputs::SetMCSF] sample : ggZZto4mu
[AnalysisInputs::SetMCSF] => MCSF = 0.97851, MCSF_err = 0.25
[AnalysisInputs::SetMCSF] sample : ggZZto4tau
[AnalysisInputs::SetMCSF] => MCSF = 0.97851, MCSF_err = 0.25
[AnalysisInputs::SetMCSF] sample : ggHtoZZ
[AnalysisInputs::SetMCSF] => MCSF = 0.97851, MCSF_err = 0.25
[AnalysisInputs::SetMCSF] sample : WGtoLNuG
[AnalysisInputs::SetMCSF] => MCSF = 1, MCSF_err = 0.0752381
[AnalysisInputs::SetMCSF] sample : WGtoLNuG_weighted
[AnalysisInputs::SetMCSF] => MCSF = 1, MCSF_err = 0.0752381
[AnalysisInputs::SetCalculatedSysts] Get Systematics from /data8/Users/jskim/HN_dilepton_plotter/data/v8-0-7.37_Approved/Syst.txt
[AnalysisInputs::SetCalculatedSysts] source : Luminosity
[AnalysisInputs::SetCalculatedSysts] => % sysematic = 0.025
[AnalysisInputs::SetCalculatedSysts] source : FakeLooseID
[AnalysisInputs::SetCalculatedSysts] => % sysematic = 0.3
[AnalysisInputs::SetCalculatedSysts] source : ChrageFlipSyst
[AnalysisInputs::SetCalculatedSysts] => % sysematic = 0.16
[CutRangeInfo::ReadCutCard] Get Cutcard from /data8/Users/jskim/HN_dilepton_plotter/data/v8-0-7.37_Approved/CutOpCard/RunDirectory/Cards_MuMu_Bin2/HNMuMu_300.txt
Signal Eff = 0.00730769
Central	0.403824	0	0
_MuonEn_up	0.497478	0	0
_MuonEn_down	0.386551	0	0
_MuonIDSF_up	0.401758	0	0
_MuonIDSF_down	0.38879	0	0
_ElectronEn_up	0.391058	0	0
_ElectronEn_down	0.391043	0	0
_ElectronIDSF_up	0.391043	0	0
_ElectronIDSF_down	0.398365	0	0
_TriggerSF_up	0.388889	0	0
_TriggerSF_down	0.387246	0	0
_PU_up	0.381958	0	0
_PU_down	0.403934	0	0
_JetEn_up	0.38516	0	0
_JetEn_down	0.5151	0	0
_JetRes_up	0.397618	0	0
_JetRes_down	0.499622	0	0
_Unclustered_up	0.397746	0	0
_Unclustered_down	0.402925	0	0
_BTagSFEff_up	0.390974	0	0
_BTagSFEff_down	0.407924	0	0
_BTagSFMiss_up	0.395983	0	0
_BTagSFMiss_down	0.391043	0	0
_JetMass_up	0.410631	0	0
_JetMass_down	0.399055	0	0
_JetMassRes_up	0.387023	0	0
_JetMassRes_down	0.372774	0	0
_Tau21_up	0.425985	0	0
_Tau21_down	0.363905	0	0

################ Sources ################
Source	SystTotal	SystPrompt	SystFake	Signal
Stat 28.95 28.95  -nan  -nan  9.59
Lumi 2.50  2.50 -  -  2.50
PDF  -  -  -  -  4.55
MuonPt  16.68 16.68  -  -  2.00
MuonID  2.66 2.66  -  -  3.13
ElectronE  3.16 3.16  -  -  0.33
ElectronID  2.43 2.43  -  -  0.28
Trigger  3.91 3.91  -  -  0.95
PU  3.83 3.83  -  -  2.02
JES  19.76 19.76  -  -  2.44
JER  16.81 16.81  -  -  0.54
Uncl  1.08 1.08  -  -  0.25
BEff  2.36 2.36  -  -  0.60
BMiss  2.63 2.63  -  -  1.97
JMS  1.46 1.46  -  -  0.38
JMR  6.18 6.18  -  -  0.47
Tau21  7.99 7.99  -  -  7.63
MCNorm 45.57  45.57 -  -  -
Fake 0.00  -  -nan - -
CF 0.00  -  -  -nan -
Total Systematic 56.61 56.61  -nan  -nan  10.73

Total Background	0.404
- Prompt	0.404
- Fake	0.000
- CF	0.000
- Obs	0.000

####### Result #######
Signal Eff	0.007308
0.403824 1.635835
0.029876 1.143900
