
Processing CyclesForMixingLimit_MuMu_Bin2/HNMuMu_90.C...
[AnalysisInputs::SetMCSF] Get MC SF from /data8/Users/jskim/HN_dilepton_plotter/data/v8-0-7.37_Approved/MCSF.txt
[AnalysisInputs::SetMCSF] sample : VVV
[AnalysisInputs::SetMCSF] => MCSF = 1, MCSF_err = 0.5
[AnalysisInputs::SetMCSF] sample : WWW
[AnalysisInputs::SetMCSF] => MCSF = 1, MCSF_err = 0.5
[AnalysisInputs::SetMCSF] sample : WWZ
[AnalysisInputs::SetMCSF] => MCSF = 1, MCSF_err = 0.5
[AnalysisInputs::SetMCSF] sample : WZZ
[AnalysisInputs::SetMCSF] => MCSF = 1, MCSF_err = 0.5
[AnalysisInputs::SetMCSF] sample : ZZZ
[AnalysisInputs::SetMCSF] => MCSF = 1, MCSF_err = 0.5
[AnalysisInputs::SetMCSF] sample : ttV
[AnalysisInputs::SetMCSF] => MCSF = 1, MCSF_err = 0.5
[AnalysisInputs::SetMCSF] sample : ttW
[AnalysisInputs::SetMCSF] => MCSF = 1, MCSF_err = 0.5
[AnalysisInputs::SetMCSF] sample : ttZ
[AnalysisInputs::SetMCSF] => MCSF = 1, MCSF_err = 0.5
[AnalysisInputs::SetMCSF] sample : ttH_nonbb
[AnalysisInputs::SetMCSF] => MCSF = 1, MCSF_err = 0.5
[AnalysisInputs::SetMCSF] sample : top
[AnalysisInputs::SetMCSF] => MCSF = 1, MCSF_err = 0.5
[AnalysisInputs::SetMCSF] sample : WWTo2L2Nu_DS
[AnalysisInputs::SetMCSF] => MCSF = 1, MCSF_err = 0.5
[AnalysisInputs::SetMCSF] sample : WpWpEWK
[AnalysisInputs::SetMCSF] => MCSF = 1.3062, MCSF_err = 0.5
[AnalysisInputs::SetMCSF] sample : WpWpQCD
[AnalysisInputs::SetMCSF] => MCSF = 1.70026, MCSF_err = 0.5
[AnalysisInputs::SetMCSF] sample : WZTo3LNu_mllmin01
[AnalysisInputs::SetMCSF] => MCSF = 0.65, MCSF_err = 0.06
[AnalysisInputs::SetMCSF] sample : WZTo3LNu_powheg
[AnalysisInputs::SetMCSF] => MCSF = 1.05149, MCSF_err = 0.064601
[AnalysisInputs::SetMCSF] sample : ZGto2LG
[AnalysisInputs::SetMCSF] => MCSF = 1.09319, MCSF_err = 0.0752381
[AnalysisInputs::SetMCSF] sample : ZZTo4L_powheg
[AnalysisInputs::SetMCSF] => MCSF = 0.97851, MCSF_err = 0.25
[AnalysisInputs::SetMCSF] sample : ggZZto2e2mu
[AnalysisInputs::SetMCSF] => MCSF = 0.97851, MCSF_err = 0.25
[AnalysisInputs::SetMCSF] sample : ggZZto2e2nu
[AnalysisInputs::SetMCSF] => MCSF = 0.97851, MCSF_err = 0.25
[AnalysisInputs::SetMCSF] sample : ggZZto2e2tau
[AnalysisInputs::SetMCSF] => MCSF = 0.97851, MCSF_err = 0.25
[AnalysisInputs::SetMCSF] sample : ggZZto2mu2nu
[AnalysisInputs::SetMCSF] => MCSF = 0.97851, MCSF_err = 0.25
[AnalysisInputs::SetMCSF] sample : ggZZto2mu2tau
[AnalysisInputs::SetMCSF] => MCSF = 0.97851, MCSF_err = 0.25
[AnalysisInputs::SetMCSF] sample : ggZZto4e
[AnalysisInputs::SetMCSF] => MCSF = 0.97851, MCSF_err = 0.25
[AnalysisInputs::SetMCSF] sample : ggZZto4mu
[AnalysisInputs::SetMCSF] => MCSF = 0.97851, MCSF_err = 0.25
[AnalysisInputs::SetMCSF] sample : ggZZto4tau
[AnalysisInputs::SetMCSF] => MCSF = 0.97851, MCSF_err = 0.25
[AnalysisInputs::SetMCSF] sample : ggHtoZZ
[AnalysisInputs::SetMCSF] => MCSF = 0.97851, MCSF_err = 0.25
[AnalysisInputs::SetMCSF] sample : WGtoLNuG
[AnalysisInputs::SetMCSF] => MCSF = 1, MCSF_err = 0.0752381
[AnalysisInputs::SetMCSF] sample : WGtoLNuG_weighted
[AnalysisInputs::SetMCSF] => MCSF = 1, MCSF_err = 0.0752381
[AnalysisInputs::SetCalculatedSysts] Get Systematics from /data8/Users/jskim/HN_dilepton_plotter/data/v8-0-7.37_Approved/Syst.txt
[AnalysisInputs::SetCalculatedSysts] source : Luminosity
[AnalysisInputs::SetCalculatedSysts] => % sysematic = 0.025
[AnalysisInputs::SetCalculatedSysts] source : FakeLooseID
[AnalysisInputs::SetCalculatedSysts] => % sysematic = 0.3
[AnalysisInputs::SetCalculatedSysts] source : ChrageFlipSyst
[AnalysisInputs::SetCalculatedSysts] => % sysematic = 0.16
[CutRangeInfo::ReadCutCard] Get Cutcard from /data8/Users/jskim/HN_dilepton_plotter/data/v8-0-7.37_Approved/CutOpCard/RunDirectory/Cards_MuMu_Bin2/HNMuMu_90.txt
Central	0.819141	3.31969	0
_MuonEn_up	0.917498	3.31969	0
_MuonEn_down	0.81968	3.31969	0
_MuonIDSF_up	0.792942	3.31969	0
_MuonIDSF_down	0.800498	3.31969	0
_ElectronEn_up	0.819537	3.31969	0
_ElectronEn_down	0.786379	3.31969	0
_ElectronIDSF_up	0.828264	3.31969	0
_ElectronIDSF_down	0.830413	3.31969	0
_TriggerSF_up	0.818799	3.31969	0
_TriggerSF_down	0.822102	3.31969	0
_PU_up	0.777316	3.31969	0
_PU_down	0.849589	3.31969	0
_JetEn_up	0.930041	3.31969	0
_JetEn_down	0.802305	3.31969	0
_JetRes_up	0.935944	3.31969	0
_JetRes_down	0.822913	3.31969	0
_Unclustered_up	0.831918	3.31969	0
_Unclustered_down	0.834456	3.31969	0
_BTagSFEff_up	0.811717	3.31969	0
_BTagSFEff_down	0.844192	3.31969	0
_BTagSFMiss_up	0.81065	3.31969	0
_BTagSFMiss_down	0.823502	3.31969	0
_JetMass_up	0.831605	3.31969	0
_JetMass_down	0.792393	3.31969	0
_JetMassRes_up	0.805945	3.31969	0
_JetMassRes_down	0.815165	3.31969	0
_Tau21_up	0.88547	3.31969	0
_Tau21_down	0.760672	3.31969	0

################ Sources ################
Source	SystTotal	SystPrompt	SystFake	Signal
Stat 16.93 19.89  20.53  -nan  70.71
Lumi 0.49  2.50 -  -  2.50
PDF  -  -  -  -  5.00
MuonPt  1.68 8.49  -  -  0.00
MuonID  0.55 2.78  -  -  4.10
ElectronE  0.56 2.83  -  -  0.00
ElectronID  0.25 1.25  -  -  0.00
Trigger  0.05 0.26  -  -  1.09
PU  0.88 4.47  -  -  3.49
JES  1.92 9.68  -  -  0.00
JER  2.00 10.09  -  -  0.00
Uncl  0.34 1.72  -  -  0.00
BEff  0.45 2.26  -  -  0.00
BMiss  0.16 0.82  -  -  0.00
JMS  0.50 2.55  -  -  0.00
JMR  0.24 1.19  -  -  0.00
Tau21  1.51 7.63  -  -  33.30
MCNorm 8.33  42.07 -  -  -
Fake 24.06  -  30.00 - -
CF 0.00  -  -  -nan -
Total Systematic 25.76 46.43  30.00  -nan  34.21

Total Background	4.139
- Prompt	0.819
- Fake	3.320
- CF	0.000
- Obs	4.000

####### Result #######
Signal Eff	0.000033
4.138829 1.308242
0.249282 1.785507
