
Processing CyclesForMixingLimit_MuMu_Bin2/HNMuMu_1000.C...
[AnalysisInputs::SetMCSF] Get MC SF from /data8/Users/jskim/HN_dilepton_plotter/data/v8-0-7.37_ForApproval/MCSF.txt
[AnalysisInputs::SetMCSF] sample : VVV
[AnalysisInputs::SetMCSF] => MCSF = 1, MCSF_err = 0.5
[AnalysisInputs::SetMCSF] sample : WWW
[AnalysisInputs::SetMCSF] => MCSF = 1, MCSF_err = 0.5
[AnalysisInputs::SetMCSF] sample : WWZ
[AnalysisInputs::SetMCSF] => MCSF = 1, MCSF_err = 0.5
[AnalysisInputs::SetMCSF] sample : WZZ
[AnalysisInputs::SetMCSF] => MCSF = 1, MCSF_err = 0.5
[AnalysisInputs::SetMCSF] sample : ZZZ
[AnalysisInputs::SetMCSF] => MCSF = 1, MCSF_err = 0.5
[AnalysisInputs::SetMCSF] sample : ttV
[AnalysisInputs::SetMCSF] => MCSF = 1, MCSF_err = 0.5
[AnalysisInputs::SetMCSF] sample : ttW
[AnalysisInputs::SetMCSF] => MCSF = 1, MCSF_err = 0.5
[AnalysisInputs::SetMCSF] sample : ttZ
[AnalysisInputs::SetMCSF] => MCSF = 1, MCSF_err = 0.5
[AnalysisInputs::SetMCSF] sample : ttH_nonbb
[AnalysisInputs::SetMCSF] => MCSF = 1, MCSF_err = 0.5
[AnalysisInputs::SetMCSF] sample : top
[AnalysisInputs::SetMCSF] => MCSF = 1, MCSF_err = 0.5
[AnalysisInputs::SetMCSF] sample : WWTo2L2Nu_DS
[AnalysisInputs::SetMCSF] => MCSF = 1, MCSF_err = 0.5
[AnalysisInputs::SetMCSF] sample : WpWpEWK
[AnalysisInputs::SetMCSF] => MCSF = 1.3062, MCSF_err = 0.5
[AnalysisInputs::SetMCSF] sample : WpWpQCD
[AnalysisInputs::SetMCSF] => MCSF = 1.70026, MCSF_err = 0.5
[AnalysisInputs::SetMCSF] sample : WZTo3LNu_mllmin01
[AnalysisInputs::SetMCSF] => MCSF = 0.65, MCSF_err = 0.06
[AnalysisInputs::SetMCSF] sample : WZTo3LNu_powheg
[AnalysisInputs::SetMCSF] => MCSF = 1.05149, MCSF_err = 0.064601
[AnalysisInputs::SetMCSF] sample : ZGto2LG
[AnalysisInputs::SetMCSF] => MCSF = 1.09319, MCSF_err = 0.0752381
[AnalysisInputs::SetMCSF] sample : ZZTo4L_powheg
[AnalysisInputs::SetMCSF] => MCSF = 0.97851, MCSF_err = 0.25
[AnalysisInputs::SetMCSF] sample : ggZZto2e2mu
[AnalysisInputs::SetMCSF] => MCSF = 0.97851, MCSF_err = 0.25
[AnalysisInputs::SetMCSF] sample : ggZZto2e2nu
[AnalysisInputs::SetMCSF] => MCSF = 0.97851, MCSF_err = 0.25
[AnalysisInputs::SetMCSF] sample : ggZZto2e2tau
[AnalysisInputs::SetMCSF] => MCSF = 0.97851, MCSF_err = 0.25
[AnalysisInputs::SetMCSF] sample : ggZZto2mu2nu
[AnalysisInputs::SetMCSF] => MCSF = 0.97851, MCSF_err = 0.25
[AnalysisInputs::SetMCSF] sample : ggZZto2mu2tau
[AnalysisInputs::SetMCSF] => MCSF = 0.97851, MCSF_err = 0.25
[AnalysisInputs::SetMCSF] sample : ggZZto4e
[AnalysisInputs::SetMCSF] => MCSF = 0.97851, MCSF_err = 0.25
[AnalysisInputs::SetMCSF] sample : ggZZto4mu
[AnalysisInputs::SetMCSF] => MCSF = 0.97851, MCSF_err = 0.25
[AnalysisInputs::SetMCSF] sample : ggZZto4tau
[AnalysisInputs::SetMCSF] => MCSF = 0.97851, MCSF_err = 0.25
[AnalysisInputs::SetMCSF] sample : ggHtoZZ
[AnalysisInputs::SetMCSF] => MCSF = 0.97851, MCSF_err = 0.25
[AnalysisInputs::SetMCSF] sample : WGtoLNuG
[AnalysisInputs::SetMCSF] => MCSF = 1, MCSF_err = 0.0752381
[AnalysisInputs::SetMCSF] sample : WGtoLNuG_weighted
[AnalysisInputs::SetMCSF] => MCSF = 1, MCSF_err = 0.0752381
[AnalysisInputs::SetCalculatedSysts] Get Systematics from /data8/Users/jskim/HN_dilepton_plotter/data/v8-0-7.37_ForApproval/Syst.txt
[AnalysisInputs::SetCalculatedSysts] source : Luminosity
[AnalysisInputs::SetCalculatedSysts] => % sysematic = 0.025
[AnalysisInputs::SetCalculatedSysts] source : FakeLooseID
[AnalysisInputs::SetCalculatedSysts] => % sysematic = 0.3
[AnalysisInputs::SetCalculatedSysts] source : ChrageFlipSyst
[AnalysisInputs::SetCalculatedSysts] => % sysematic = 0.16
[CutRangeInfo::ReadCutCard] Get Cutcard from /data8/Users/jskim/HN_dilepton_plotter/data/v8-0-7.37_ForApproval/CutOpCard/RunDirectory/Cards_MuMu_Bin2/HNMuMu_1000.txt
Central	0.145033	0	0
_MuonEn_up	0.152795	0	0
_MuonEn_down	0.117571	0	0
_MuonIDSF_up	0.145702	0	0
_MuonIDSF_down	0.129541	0	0
_ElectronEn_up	0.140794	0	0
_ElectronEn_down	0.141169	0	0
_ElectronIDSF_up	0.137387	0	0
_ElectronIDSF_down	0.148453	0	0
_TriggerSF_up	0.141718	0	0
_TriggerSF_down	0.140794	0	0
_PU_up	0.138557	0	0
_PU_down	0.142163	0	0
_JetEn_up	0.15192	0	0
_JetEn_down	0.157414	0	0
_JetRes_up	0.148204	0	0
_JetRes_down	0.155386	0	0
_Unclustered_up	0.155722	0	0
_Unclustered_down	0.155938	0	0
_BTagSFEff_up	0.140754	0	0
_BTagSFEff_down	0.143979	0	0
_BTagSFMiss_up	0.144472	0	0
_BTagSFMiss_down	0.141825	0	0
_JetMass_up	0.140373	0	0
_JetMass_down	0.134227	0	0
_JetMassRes_up	0.143058	0	0
_JetMassRes_down	0.13167	0	0
_Tau21_up	0.151554	0	0
_Tau21_down	0.175878	0	0

################ Sources ################
Source	SystTotal	SystPrompt	SystFake	Signal
Stat 15.83 15.83  -nan  -nan  0.80
Lumi 2.50  2.50 -  -  2.50
PDF  -  -  -  -  5.00
MuonPt  13.91 13.91  -  -  0.25
MuonID  7.56 7.56  -  -  3.57
ElectronE  2.80 2.80  -  -  0.07
ElectronID  4.08 4.08  -  -  0.08
Trigger  2.62 2.62  -  -  0.48
PU  3.45 3.45  -  -  1.03
JES  6.91 6.91  -  -  0.19
JER  5.28 5.28  -  -  0.17
Uncl  7.44 7.44  -  -  0.09
BEff  2.15 2.15  -  -  0.38
BMiss  1.59 1.59  -  -  0.40
JMS  5.74 5.74  -  -  0.09
JMR  6.59 6.59  -  -  0.11
Tau21  15.37 15.37  -  -  8.17
MCNorm 61.69  61.69 -  -  -
Fake 0.00  -  -nan - -
CF 0.00  -  -  -nan -
Total Systematic 67.50 67.50  -nan  -nan  10.61

Total Background	0.145
- Prompt	0.145
- Fake	0.000
- CF	0.000
- Obs	1.000

####### Result #######
Signal Eff	0.384300
0.145033 1.693343
0.075048 1.106357
