
Processing CyclesForMixingLimit_MuMu_Bin2/HNMuMu_70.C...
[AnalysisInputs::SetMCSF] Get MC SF from /data8/Users/jskim/HN_dilepton_plotter/data/v8-0-7.37_Approved/MCSF.txt
[AnalysisInputs::SetMCSF] sample : VVV
[AnalysisInputs::SetMCSF] => MCSF = 1, MCSF_err = 0.5
[AnalysisInputs::SetMCSF] sample : WWW
[AnalysisInputs::SetMCSF] => MCSF = 1, MCSF_err = 0.5
[AnalysisInputs::SetMCSF] sample : WWZ
[AnalysisInputs::SetMCSF] => MCSF = 1, MCSF_err = 0.5
[AnalysisInputs::SetMCSF] sample : WZZ
[AnalysisInputs::SetMCSF] => MCSF = 1, MCSF_err = 0.5
[AnalysisInputs::SetMCSF] sample : ZZZ
[AnalysisInputs::SetMCSF] => MCSF = 1, MCSF_err = 0.5
[AnalysisInputs::SetMCSF] sample : ttV
[AnalysisInputs::SetMCSF] => MCSF = 1, MCSF_err = 0.5
[AnalysisInputs::SetMCSF] sample : ttW
[AnalysisInputs::SetMCSF] => MCSF = 1, MCSF_err = 0.5
[AnalysisInputs::SetMCSF] sample : ttZ
[AnalysisInputs::SetMCSF] => MCSF = 1, MCSF_err = 0.5
[AnalysisInputs::SetMCSF] sample : ttH_nonbb
[AnalysisInputs::SetMCSF] => MCSF = 1, MCSF_err = 0.5
[AnalysisInputs::SetMCSF] sample : top
[AnalysisInputs::SetMCSF] => MCSF = 1, MCSF_err = 0.5
[AnalysisInputs::SetMCSF] sample : WWTo2L2Nu_DS
[AnalysisInputs::SetMCSF] => MCSF = 1, MCSF_err = 0.5
[AnalysisInputs::SetMCSF] sample : WpWpEWK
[AnalysisInputs::SetMCSF] => MCSF = 1.3062, MCSF_err = 0.5
[AnalysisInputs::SetMCSF] sample : WpWpQCD
[AnalysisInputs::SetMCSF] => MCSF = 1.70026, MCSF_err = 0.5
[AnalysisInputs::SetMCSF] sample : WZTo3LNu_mllmin01
[AnalysisInputs::SetMCSF] => MCSF = 0.65, MCSF_err = 0.06
[AnalysisInputs::SetMCSF] sample : WZTo3LNu_powheg
[AnalysisInputs::SetMCSF] => MCSF = 1.05149, MCSF_err = 0.064601
[AnalysisInputs::SetMCSF] sample : ZGto2LG
[AnalysisInputs::SetMCSF] => MCSF = 1.09319, MCSF_err = 0.0752381
[AnalysisInputs::SetMCSF] sample : ZZTo4L_powheg
[AnalysisInputs::SetMCSF] => MCSF = 0.97851, MCSF_err = 0.25
[AnalysisInputs::SetMCSF] sample : ggZZto2e2mu
[AnalysisInputs::SetMCSF] => MCSF = 0.97851, MCSF_err = 0.25
[AnalysisInputs::SetMCSF] sample : ggZZto2e2nu
[AnalysisInputs::SetMCSF] => MCSF = 0.97851, MCSF_err = 0.25
[AnalysisInputs::SetMCSF] sample : ggZZto2e2tau
[AnalysisInputs::SetMCSF] => MCSF = 0.97851, MCSF_err = 0.25
[AnalysisInputs::SetMCSF] sample : ggZZto2mu2nu
[AnalysisInputs::SetMCSF] => MCSF = 0.97851, MCSF_err = 0.25
[AnalysisInputs::SetMCSF] sample : ggZZto2mu2tau
[AnalysisInputs::SetMCSF] => MCSF = 0.97851, MCSF_err = 0.25
[AnalysisInputs::SetMCSF] sample : ggZZto4e
[AnalysisInputs::SetMCSF] => MCSF = 0.97851, MCSF_err = 0.25
[AnalysisInputs::SetMCSF] sample : ggZZto4mu
[AnalysisInputs::SetMCSF] => MCSF = 0.97851, MCSF_err = 0.25
[AnalysisInputs::SetMCSF] sample : ggZZto4tau
[AnalysisInputs::SetMCSF] => MCSF = 0.97851, MCSF_err = 0.25
[AnalysisInputs::SetMCSF] sample : ggHtoZZ
[AnalysisInputs::SetMCSF] => MCSF = 0.97851, MCSF_err = 0.25
[AnalysisInputs::SetMCSF] sample : WGtoLNuG
[AnalysisInputs::SetMCSF] => MCSF = 1, MCSF_err = 0.0752381
[AnalysisInputs::SetMCSF] sample : WGtoLNuG_weighted
[AnalysisInputs::SetMCSF] => MCSF = 1, MCSF_err = 0.0752381
[AnalysisInputs::SetCalculatedSysts] Get Systematics from /data8/Users/jskim/HN_dilepton_plotter/data/v8-0-7.37_Approved/Syst.txt
[AnalysisInputs::SetCalculatedSysts] source : Luminosity
[AnalysisInputs::SetCalculatedSysts] => % sysematic = 0.025
[AnalysisInputs::SetCalculatedSysts] source : FakeLooseID
[AnalysisInputs::SetCalculatedSysts] => % sysematic = 0.3
[AnalysisInputs::SetCalculatedSysts] source : ChrageFlipSyst
[AnalysisInputs::SetCalculatedSysts] => % sysematic = 0.16
[CutRangeInfo::ReadCutCard] Get Cutcard from /data8/Users/jskim/HN_dilepton_plotter/data/v8-0-7.37_Approved/CutOpCard/RunDirectory/Cards_MuMu_Bin2/HNMuMu_70.txt
Central	19.5575	17.9575	0
_MuonEn_up	19.3515	17.9575	0
_MuonEn_down	19.551	17.9575	0
_MuonIDSF_up	20.1306	17.9575	0
_MuonIDSF_down	18.9483	17.9575	0
_ElectronEn_up	19.5536	17.9575	0
_ElectronEn_down	19.5377	17.9575	0
_ElectronIDSF_up	19.537	17.9575	0
_ElectronIDSF_down	19.5483	17.9575	0
_TriggerSF_up	19.7119	17.9575	0
_TriggerSF_down	19.6946	17.9575	0
_PU_up	18.7533	17.9575	0
_PU_down	20.0429	17.9575	0
_JetEn_up	20.7103	17.9575	0
_JetEn_down	20.4453	17.9575	0
_JetRes_up	19.646	17.9575	0
_JetRes_down	19.4249	17.9575	0
_Unclustered_up	18.0577	17.9575	0
_Unclustered_down	21.432	17.9575	0
_BTagSFEff_up	19.5368	17.9575	0
_BTagSFEff_down	19.551	17.9575	0
_BTagSFMiss_up	19.4955	17.9575	0
_BTagSFMiss_down	19.5589	17.9575	0
_JetMass_up	19.5366	17.9575	0
_JetMass_down	19.5385	17.9575	0
_JetMassRes_up	19.537	17.9575	0
_JetMassRes_down	19.5338	17.9575	0
_Tau21_up	19.5301	17.9575	0
_Tau21_down	19.5375	17.9575	0

################ Sources ################
Source	SystTotal	SystPrompt	SystFake	Signal
Stat 8.28 13.70  8.78  -nan  7.64
Lumi 1.30  2.50 -  -  2.50
PDF  -  -  -  -  9.00
MuonPt  0.39 0.75  -  -  0.69
MuonID  1.58 3.02  -  -  3.26
ElectronE  0.04 0.07  -  -  0.31
ElectronID  0.04 0.08  -  -  0.30
Trigger  0.39 0.75  -  -  0.03
PU  1.77 3.40  -  -  2.17
JES  2.74 5.26  -  -  4.69
JER  0.30 0.58  -  -  2.57
Uncl  4.52 8.68  -  -  7.09
BEff  0.04 0.08  -  -  0.44
BMiss  0.12 0.22  -  -  0.43
JMS  0.05 0.10  -  -  0.00
JMR  0.06 0.11  -  -  0.00
Tau21  0.06 0.12  -  -  0.30
MCNorm 6.88  13.20 -  -  -
Fake 14.36  -  30.00 - -
CF 0.00  -  -  -nan -
Total Systematic 17.01 17.48  30.00  -nan  13.51

Total Background	37.515
- Prompt	19.558
- Fake	17.957
- CF	0.000
- Obs	41.000

####### Result #######
Signal Eff	0.001958
37.514989 1.189184
260.915239 1.155238
