
Processing CyclesForMixingLimit_MuMu_Bin2/HNMuMu_600.C...
[AnalysisInputs::SetMCSF] Get MC SF from /data8/Users/jskim/HN_dilepton_plotter/data/v8-0-7.37_Approved/MCSF.txt
[AnalysisInputs::SetMCSF] sample : VVV
[AnalysisInputs::SetMCSF] => MCSF = 1, MCSF_err = 0.5
[AnalysisInputs::SetMCSF] sample : WWW
[AnalysisInputs::SetMCSF] => MCSF = 1, MCSF_err = 0.5
[AnalysisInputs::SetMCSF] sample : WWZ
[AnalysisInputs::SetMCSF] => MCSF = 1, MCSF_err = 0.5
[AnalysisInputs::SetMCSF] sample : WZZ
[AnalysisInputs::SetMCSF] => MCSF = 1, MCSF_err = 0.5
[AnalysisInputs::SetMCSF] sample : ZZZ
[AnalysisInputs::SetMCSF] => MCSF = 1, MCSF_err = 0.5
[AnalysisInputs::SetMCSF] sample : ttV
[AnalysisInputs::SetMCSF] => MCSF = 1, MCSF_err = 0.5
[AnalysisInputs::SetMCSF] sample : ttW
[AnalysisInputs::SetMCSF] => MCSF = 1, MCSF_err = 0.5
[AnalysisInputs::SetMCSF] sample : ttZ
[AnalysisInputs::SetMCSF] => MCSF = 1, MCSF_err = 0.5
[AnalysisInputs::SetMCSF] sample : ttH_nonbb
[AnalysisInputs::SetMCSF] => MCSF = 1, MCSF_err = 0.5
[AnalysisInputs::SetMCSF] sample : top
[AnalysisInputs::SetMCSF] => MCSF = 1, MCSF_err = 0.5
[AnalysisInputs::SetMCSF] sample : WWTo2L2Nu_DS
[AnalysisInputs::SetMCSF] => MCSF = 1, MCSF_err = 0.5
[AnalysisInputs::SetMCSF] sample : WpWpEWK
[AnalysisInputs::SetMCSF] => MCSF = 1.3062, MCSF_err = 0.5
[AnalysisInputs::SetMCSF] sample : WpWpQCD
[AnalysisInputs::SetMCSF] => MCSF = 1.70026, MCSF_err = 0.5
[AnalysisInputs::SetMCSF] sample : WZTo3LNu_mllmin01
[AnalysisInputs::SetMCSF] => MCSF = 0.65, MCSF_err = 0.06
[AnalysisInputs::SetMCSF] sample : WZTo3LNu_powheg
[AnalysisInputs::SetMCSF] => MCSF = 1.05149, MCSF_err = 0.064601
[AnalysisInputs::SetMCSF] sample : ZGto2LG
[AnalysisInputs::SetMCSF] => MCSF = 1.09319, MCSF_err = 0.0752381
[AnalysisInputs::SetMCSF] sample : ZZTo4L_powheg
[AnalysisInputs::SetMCSF] => MCSF = 0.97851, MCSF_err = 0.25
[AnalysisInputs::SetMCSF] sample : ggZZto2e2mu
[AnalysisInputs::SetMCSF] => MCSF = 0.97851, MCSF_err = 0.25
[AnalysisInputs::SetMCSF] sample : ggZZto2e2nu
[AnalysisInputs::SetMCSF] => MCSF = 0.97851, MCSF_err = 0.25
[AnalysisInputs::SetMCSF] sample : ggZZto2e2tau
[AnalysisInputs::SetMCSF] => MCSF = 0.97851, MCSF_err = 0.25
[AnalysisInputs::SetMCSF] sample : ggZZto2mu2nu
[AnalysisInputs::SetMCSF] => MCSF = 0.97851, MCSF_err = 0.25
[AnalysisInputs::SetMCSF] sample : ggZZto2mu2tau
[AnalysisInputs::SetMCSF] => MCSF = 0.97851, MCSF_err = 0.25
[AnalysisInputs::SetMCSF] sample : ggZZto4e
[AnalysisInputs::SetMCSF] => MCSF = 0.97851, MCSF_err = 0.25
[AnalysisInputs::SetMCSF] sample : ggZZto4mu
[AnalysisInputs::SetMCSF] => MCSF = 0.97851, MCSF_err = 0.25
[AnalysisInputs::SetMCSF] sample : ggZZto4tau
[AnalysisInputs::SetMCSF] => MCSF = 0.97851, MCSF_err = 0.25
[AnalysisInputs::SetMCSF] sample : ggHtoZZ
[AnalysisInputs::SetMCSF] => MCSF = 0.97851, MCSF_err = 0.25
[AnalysisInputs::SetMCSF] sample : WGtoLNuG
[AnalysisInputs::SetMCSF] => MCSF = 1, MCSF_err = 0.0752381
[AnalysisInputs::SetMCSF] sample : WGtoLNuG_weighted
[AnalysisInputs::SetMCSF] => MCSF = 1, MCSF_err = 0.0752381
[AnalysisInputs::SetCalculatedSysts] Get Systematics from /data8/Users/jskim/HN_dilepton_plotter/data/v8-0-7.37_Approved/Syst.txt
[AnalysisInputs::SetCalculatedSysts] source : Luminosity
[AnalysisInputs::SetCalculatedSysts] => % sysematic = 0.025
[AnalysisInputs::SetCalculatedSysts] source : FakeLooseID
[AnalysisInputs::SetCalculatedSysts] => % sysematic = 0.3
[AnalysisInputs::SetCalculatedSysts] source : ChrageFlipSyst
[AnalysisInputs::SetCalculatedSysts] => % sysematic = 0.16
[CutRangeInfo::ReadCutCard] Get Cutcard from /data8/Users/jskim/HN_dilepton_plotter/data/v8-0-7.37_Approved/CutOpCard/RunDirectory/Cards_MuMu_Bin2/HNMuMu_600.txt
Central	0.670273	0	0
_MuonEn_up	0.662662	0	0
_MuonEn_down	0.616555	0	0
_MuonIDSF_up	0.677474	0	0
_MuonIDSF_down	0.638695	0	0
_ElectronEn_up	0.660571	0	0
_ElectronEn_down	0.655065	0	0
_ElectronIDSF_up	0.649614	0	0
_ElectronIDSF_down	0.663879	0	0
_TriggerSF_up	0.673722	0	0
_TriggerSF_down	0.661558	0	0
_PU_up	0.678476	0	0
_PU_down	0.644282	0	0
_JetEn_up	0.753759	0	0
_JetEn_down	0.733396	0	0
_JetRes_up	0.714432	0	0
_JetRes_down	0.624497	0	0
_Unclustered_up	0.757068	0	0
_Unclustered_down	0.781213	0	0
_BTagSFEff_up	0.663921	0	0
_BTagSFEff_down	0.654859	0	0
_BTagSFMiss_up	0.646582	0	0
_BTagSFMiss_down	0.660333	0	0
_JetMass_up	0.701133	0	0
_JetMass_down	0.653379	0	0
_JetMassRes_up	0.64183	0	0
_JetMassRes_down	0.64818	0	0
_Tau21_up	0.755847	0	0
_Tau21_down	0.654998	0	0

################ Sources ################
Source	SystTotal	SystPrompt	SystFake	Signal
Stat 22.31 22.31  -nan  -nan  0.88
Lumi 2.50  2.50 -  -  2.50
PDF  -  -  -  -  5.00
MuonPt  5.72 5.72  -  -  0.17
MuonID  3.42 3.42  -  -  3.44
ElectronE  1.90 1.90  -  -  0.03
ElectronID  2.28 2.28  -  -  0.06
Trigger  0.99 0.99  -  -  0.51
PU  2.88 2.88  -  -  0.92
JES  11.04 11.04  -  -  0.57
JER  6.71 6.71  -  -  0.36
Uncl  14.86 14.86  -  -  0.09
BEff  1.76 1.76  -  -  0.36
BMiss  2.71 2.71  -  -  0.45
JMS  3.71 3.71  -  -  0.02
JMR  3.80 3.80  -  -  0.03
Tau21  9.17 9.17  -  -  7.61
MCNorm 40.99  40.99 -  -  -
Fake 0.00  -  -nan - -
CF 0.00  -  -  -nan -
Total Systematic 47.53 47.53  -nan  -nan  10.14

Total Background	0.670
- Prompt	0.670
- Fake	0.000
- CF	0.000
- Obs	0.000

####### Result #######
Signal Eff	0.302117
0.670273 1.525094
0.553866 1.101824
