
Processing CyclesForMixingLimit_MuMu_Bin2/HNMuMu_1400_VBF.C...
[AnalysisInputs::SetMCSF] Get MC SF from /data8/Users/jskim/HN_dilepton_plotter/data/v8-0-7.37_Approved/MCSF.txt
[AnalysisInputs::SetMCSF] sample : VVV
[AnalysisInputs::SetMCSF] => MCSF = 1, MCSF_err = 0.5
[AnalysisInputs::SetMCSF] sample : WWW
[AnalysisInputs::SetMCSF] => MCSF = 1, MCSF_err = 0.5
[AnalysisInputs::SetMCSF] sample : WWZ
[AnalysisInputs::SetMCSF] => MCSF = 1, MCSF_err = 0.5
[AnalysisInputs::SetMCSF] sample : WZZ
[AnalysisInputs::SetMCSF] => MCSF = 1, MCSF_err = 0.5
[AnalysisInputs::SetMCSF] sample : ZZZ
[AnalysisInputs::SetMCSF] => MCSF = 1, MCSF_err = 0.5
[AnalysisInputs::SetMCSF] sample : ttV
[AnalysisInputs::SetMCSF] => MCSF = 1, MCSF_err = 0.5
[AnalysisInputs::SetMCSF] sample : ttW
[AnalysisInputs::SetMCSF] => MCSF = 1, MCSF_err = 0.5
[AnalysisInputs::SetMCSF] sample : ttZ
[AnalysisInputs::SetMCSF] => MCSF = 1, MCSF_err = 0.5
[AnalysisInputs::SetMCSF] sample : ttH_nonbb
[AnalysisInputs::SetMCSF] => MCSF = 1, MCSF_err = 0.5
[AnalysisInputs::SetMCSF] sample : top
[AnalysisInputs::SetMCSF] => MCSF = 1, MCSF_err = 0.5
[AnalysisInputs::SetMCSF] sample : WWTo2L2Nu_DS
[AnalysisInputs::SetMCSF] => MCSF = 1, MCSF_err = 0.5
[AnalysisInputs::SetMCSF] sample : WpWpEWK
[AnalysisInputs::SetMCSF] => MCSF = 1.3062, MCSF_err = 0.5
[AnalysisInputs::SetMCSF] sample : WpWpQCD
[AnalysisInputs::SetMCSF] => MCSF = 1.70026, MCSF_err = 0.5
[AnalysisInputs::SetMCSF] sample : WZTo3LNu_mllmin01
[AnalysisInputs::SetMCSF] => MCSF = 0.65, MCSF_err = 0.06
[AnalysisInputs::SetMCSF] sample : WZTo3LNu_powheg
[AnalysisInputs::SetMCSF] => MCSF = 1.05149, MCSF_err = 0.064601
[AnalysisInputs::SetMCSF] sample : ZGto2LG
[AnalysisInputs::SetMCSF] => MCSF = 1.09319, MCSF_err = 0.0752381
[AnalysisInputs::SetMCSF] sample : ZZTo4L_powheg
[AnalysisInputs::SetMCSF] => MCSF = 0.97851, MCSF_err = 0.25
[AnalysisInputs::SetMCSF] sample : ggZZto2e2mu
[AnalysisInputs::SetMCSF] => MCSF = 0.97851, MCSF_err = 0.25
[AnalysisInputs::SetMCSF] sample : ggZZto2e2nu
[AnalysisInputs::SetMCSF] => MCSF = 0.97851, MCSF_err = 0.25
[AnalysisInputs::SetMCSF] sample : ggZZto2e2tau
[AnalysisInputs::SetMCSF] => MCSF = 0.97851, MCSF_err = 0.25
[AnalysisInputs::SetMCSF] sample : ggZZto2mu2nu
[AnalysisInputs::SetMCSF] => MCSF = 0.97851, MCSF_err = 0.25
[AnalysisInputs::SetMCSF] sample : ggZZto2mu2tau
[AnalysisInputs::SetMCSF] => MCSF = 0.97851, MCSF_err = 0.25
[AnalysisInputs::SetMCSF] sample : ggZZto4e
[AnalysisInputs::SetMCSF] => MCSF = 0.97851, MCSF_err = 0.25
[AnalysisInputs::SetMCSF] sample : ggZZto4mu
[AnalysisInputs::SetMCSF] => MCSF = 0.97851, MCSF_err = 0.25
[AnalysisInputs::SetMCSF] sample : ggZZto4tau
[AnalysisInputs::SetMCSF] => MCSF = 0.97851, MCSF_err = 0.25
[AnalysisInputs::SetMCSF] sample : ggHtoZZ
[AnalysisInputs::SetMCSF] => MCSF = 0.97851, MCSF_err = 0.25
[AnalysisInputs::SetMCSF] sample : WGtoLNuG
[AnalysisInputs::SetMCSF] => MCSF = 1, MCSF_err = 0.0752381
[AnalysisInputs::SetMCSF] sample : WGtoLNuG_weighted
[AnalysisInputs::SetMCSF] => MCSF = 1, MCSF_err = 0.0752381
[AnalysisInputs::SetCalculatedSysts] Get Systematics from /data8/Users/jskim/HN_dilepton_plotter/data/v8-0-7.37_Approved/Syst.txt
[AnalysisInputs::SetCalculatedSysts] source : Luminosity
[AnalysisInputs::SetCalculatedSysts] => % sysematic = 0.025
[AnalysisInputs::SetCalculatedSysts] source : FakeLooseID
[AnalysisInputs::SetCalculatedSysts] => % sysematic = 0.3
[AnalysisInputs::SetCalculatedSysts] source : ChrageFlipSyst
[AnalysisInputs::SetCalculatedSysts] => % sysematic = 0.16
[CutRangeInfo::ReadCutCard] Get Cutcard from /data8/Users/jskim/HN_dilepton_plotter/data/v8-0-7.37_Approved/CutOpCard/RunDirectory/Cards_MuMu_Bin2/HNMuMu_1400.txt
Central	0.097422	0	0
_MuonEn_up	0.206296	0	0
_MuonEn_down	0.0894273	0	0
_MuonIDSF_up	0.100823	0	0
_MuonIDSF_down	0.0871679	0	0
_ElectronEn_up	0.0975059	0	0
_ElectronEn_down	0.104815	0	0
_ElectronIDSF_up	0.0975059	0	0
_ElectronIDSF_down	0.0975059	0	0
_TriggerSF_up	0.101602	0	0
_TriggerSF_down	0.0975059	0	0
_PU_up	0.104166	0	0
_PU_down	0.0993931	0	0
_JetEn_up	0.194522	0	0
_JetEn_down	0.114161	0	0
_JetRes_up	0.0975059	0	0
_JetRes_down	0.0893209	0	0
_Unclustered_up	0.109556	0	0
_Unclustered_down	0.0959998	0	0
_BTagSFEff_up	0.097422	0	0
_BTagSFEff_down	0.0892834	0	0
_BTagSFMiss_up	0.0975059	0	0
_BTagSFMiss_down	0.0975059	0	0
_JetMass_up	0.105665	0	0
_JetMass_down	0.100969	0	0
_JetMassRes_up	0.0975059	0	0
_JetMassRes_down	0.0945535	0	0
_Tau21_up	0.105073	0	0
_Tau21_down	0.0931036	0	0

################ Sources ################
Source	SystTotal	SystPrompt	SystFake	Signal
Stat 19.49 19.49  -nan  -nan  1.34
Lumi 2.50  2.50 -  -  2.50
PDF  -  -  -  -  2.40
MuonPt  79.24 79.24  -  -  0.89
MuonID  7.84 7.84  -  -  3.50
ElectronE  5.37 5.37  -  -  0.03
ElectronID  0.09 0.09  -  -  0.04
Trigger  3.03 3.03  -  -  0.53
PU  5.10 5.10  -  -  0.67
JES  71.52 71.52  -  -  0.28
JER  5.88 5.88  -  -  0.38
Uncl  8.87 8.87  -  -  0.12
BEff  5.91 5.91  -  -  0.18
BMiss  0.09 0.09  -  -  0.50
JMS  6.51 6.51  -  -  0.18
JMR  2.08 2.08  -  -  0.16
Tau21  6.38 6.38  -  -  8.37
MCNorm 63.25  63.25 -  -  -
Fake 0.00  -  -nan - -
CF 0.00  -  -  -nan -
Total Systematic 125.54 125.54  -nan  -nan  9.82

Total Background	0.097
- Prompt	0.097
- Fake	0.000
- CF	0.000
- Obs	1.000

####### Result #######
Signal Eff	0.557956
0.097422 2.270453
0.049505 1.099064
