
Processing CyclesForMixingLimit_MuMu_Bin2/HNMuMu_60.C...
[AnalysisInputs::SetMCSF] Get MC SF from /data8/Users/jskim/HN_dilepton_plotter/data/v8-0-7.37_Approved/MCSF.txt
[AnalysisInputs::SetMCSF] sample : VVV
[AnalysisInputs::SetMCSF] => MCSF = 1, MCSF_err = 0.5
[AnalysisInputs::SetMCSF] sample : WWW
[AnalysisInputs::SetMCSF] => MCSF = 1, MCSF_err = 0.5
[AnalysisInputs::SetMCSF] sample : WWZ
[AnalysisInputs::SetMCSF] => MCSF = 1, MCSF_err = 0.5
[AnalysisInputs::SetMCSF] sample : WZZ
[AnalysisInputs::SetMCSF] => MCSF = 1, MCSF_err = 0.5
[AnalysisInputs::SetMCSF] sample : ZZZ
[AnalysisInputs::SetMCSF] => MCSF = 1, MCSF_err = 0.5
[AnalysisInputs::SetMCSF] sample : ttV
[AnalysisInputs::SetMCSF] => MCSF = 1, MCSF_err = 0.5
[AnalysisInputs::SetMCSF] sample : ttW
[AnalysisInputs::SetMCSF] => MCSF = 1, MCSF_err = 0.5
[AnalysisInputs::SetMCSF] sample : ttZ
[AnalysisInputs::SetMCSF] => MCSF = 1, MCSF_err = 0.5
[AnalysisInputs::SetMCSF] sample : ttH_nonbb
[AnalysisInputs::SetMCSF] => MCSF = 1, MCSF_err = 0.5
[AnalysisInputs::SetMCSF] sample : top
[AnalysisInputs::SetMCSF] => MCSF = 1, MCSF_err = 0.5
[AnalysisInputs::SetMCSF] sample : WWTo2L2Nu_DS
[AnalysisInputs::SetMCSF] => MCSF = 1, MCSF_err = 0.5
[AnalysisInputs::SetMCSF] sample : WpWpEWK
[AnalysisInputs::SetMCSF] => MCSF = 1.3062, MCSF_err = 0.5
[AnalysisInputs::SetMCSF] sample : WpWpQCD
[AnalysisInputs::SetMCSF] => MCSF = 1.70026, MCSF_err = 0.5
[AnalysisInputs::SetMCSF] sample : WZTo3LNu_mllmin01
[AnalysisInputs::SetMCSF] => MCSF = 0.65, MCSF_err = 0.06
[AnalysisInputs::SetMCSF] sample : WZTo3LNu_powheg
[AnalysisInputs::SetMCSF] => MCSF = 1.05149, MCSF_err = 0.064601
[AnalysisInputs::SetMCSF] sample : ZGto2LG
[AnalysisInputs::SetMCSF] => MCSF = 1.09319, MCSF_err = 0.0752381
[AnalysisInputs::SetMCSF] sample : ZZTo4L_powheg
[AnalysisInputs::SetMCSF] => MCSF = 0.97851, MCSF_err = 0.25
[AnalysisInputs::SetMCSF] sample : ggZZto2e2mu
[AnalysisInputs::SetMCSF] => MCSF = 0.97851, MCSF_err = 0.25
[AnalysisInputs::SetMCSF] sample : ggZZto2e2nu
[AnalysisInputs::SetMCSF] => MCSF = 0.97851, MCSF_err = 0.25
[AnalysisInputs::SetMCSF] sample : ggZZto2e2tau
[AnalysisInputs::SetMCSF] => MCSF = 0.97851, MCSF_err = 0.25
[AnalysisInputs::SetMCSF] sample : ggZZto2mu2nu
[AnalysisInputs::SetMCSF] => MCSF = 0.97851, MCSF_err = 0.25
[AnalysisInputs::SetMCSF] sample : ggZZto2mu2tau
[AnalysisInputs::SetMCSF] => MCSF = 0.97851, MCSF_err = 0.25
[AnalysisInputs::SetMCSF] sample : ggZZto4e
[AnalysisInputs::SetMCSF] => MCSF = 0.97851, MCSF_err = 0.25
[AnalysisInputs::SetMCSF] sample : ggZZto4mu
[AnalysisInputs::SetMCSF] => MCSF = 0.97851, MCSF_err = 0.25
[AnalysisInputs::SetMCSF] sample : ggZZto4tau
[AnalysisInputs::SetMCSF] => MCSF = 0.97851, MCSF_err = 0.25
[AnalysisInputs::SetMCSF] sample : ggHtoZZ
[AnalysisInputs::SetMCSF] => MCSF = 0.97851, MCSF_err = 0.25
[AnalysisInputs::SetMCSF] sample : WGtoLNuG
[AnalysisInputs::SetMCSF] => MCSF = 1, MCSF_err = 0.0752381
[AnalysisInputs::SetMCSF] sample : WGtoLNuG_weighted
[AnalysisInputs::SetMCSF] => MCSF = 1, MCSF_err = 0.0752381
[AnalysisInputs::SetCalculatedSysts] Get Systematics from /data8/Users/jskim/HN_dilepton_plotter/data/v8-0-7.37_Approved/Syst.txt
[AnalysisInputs::SetCalculatedSysts] source : Luminosity
[AnalysisInputs::SetCalculatedSysts] => % sysematic = 0.025
[AnalysisInputs::SetCalculatedSysts] source : FakeLooseID
[AnalysisInputs::SetCalculatedSysts] => % sysematic = 0.3
[AnalysisInputs::SetCalculatedSysts] source : ChrageFlipSyst
[AnalysisInputs::SetCalculatedSysts] => % sysematic = 0.16
[CutRangeInfo::ReadCutCard] Get Cutcard from /data8/Users/jskim/HN_dilepton_plotter/data/v8-0-7.37_Approved/CutOpCard/RunDirectory/Cards_MuMu_Bin2/HNMuMu_60.txt
Central	11.5012	14.4058	0
_MuonEn_up	11.3125	14.4058	0
_MuonEn_down	11.4947	14.4058	0
_MuonIDSF_up	11.8357	14.4058	0
_MuonIDSF_down	11.139	14.4058	0
_ElectronEn_up	11.4973	14.4058	0
_ElectronEn_down	11.4814	14.4058	0
_ElectronIDSF_up	11.4807	14.4058	0
_ElectronIDSF_down	11.492	14.4058	0
_TriggerSF_up	11.5828	14.4058	0
_TriggerSF_down	11.558	14.4058	0
_PU_up	11.1209	14.4058	0
_PU_down	11.5359	14.4058	0
_JetEn_up	13.8956	14.4058	0
_JetEn_down	12.7995	14.4058	0
_JetRes_up	11.8535	14.4058	0
_JetRes_down	11.645	14.4058	0
_Unclustered_up	11.1357	14.4058	0
_Unclustered_down	13.937	14.4058	0
_BTagSFEff_up	11.4879	14.4058	0
_BTagSFEff_down	11.4947	14.4058	0
_BTagSFMiss_up	11.4056	14.4058	0
_BTagSFMiss_down	11.5026	14.4058	0
_JetMass_up	11.4803	14.4058	0
_JetMass_down	11.4822	14.4058	0
_JetMassRes_up	11.4807	14.4058	0
_JetMassRes_down	11.4775	14.4058	0
_Tau21_up	11.4738	14.4058	0
_Tau21_down	11.4813	14.4058	0

################ Sources ################
Source	SystTotal	SystPrompt	SystFake	Signal
Stat 9.57 17.64  9.89  -nan  4.35
Lumi 1.11  2.50 -  -  2.50
PDF  -  -  -  -  9.00
MuonPt  0.52 1.16  -  -  0.76
MuonID  1.35 3.03  -  -  3.32
ElectronE  0.06 0.12  -  -  0.50
ElectronID  0.06 0.14  -  -  0.19
Trigger  0.27 0.61  -  -  0.87
PU  1.04 2.35  -  -  2.84
JES  7.43 16.75  -  -  2.47
JER  1.04 2.34  -  -  2.17
Uncl  6.72 15.14  -  -  4.40
BEff  0.04 0.09  -  -  0.61
BMiss  0.26 0.59  -  -  0.24
JMS  0.08 0.17  -  -  0.20
JMR  0.09 0.19  -  -  0.40
Tau21  0.09 0.21  -  -  0.53
MCNorm 6.46  14.56 -  -  -
Fake 16.68  -  30.00 - -
CF 0.00  -  -  -nan -
Total Systematic 20.64 27.39  30.00  -nan  11.79

Total Background	25.907
- Prompt	11.501
- Fake	14.406
- CF	0.000
- Obs	29.000

####### Result #######
Signal Eff	0.007250
25.907053 1.227535
2803.603638 1.125680
