
Processing CyclesForMixingLimit_MuMu_Bin2/HNMuMu_200.C...
[AnalysisInputs::SetMCSF] Get MC SF from /data8/Users/jskim/HN_dilepton_plotter/data/v8-0-7.37_Approved/MCSF.txt
[AnalysisInputs::SetMCSF] sample : VVV
[AnalysisInputs::SetMCSF] => MCSF = 1, MCSF_err = 0.5
[AnalysisInputs::SetMCSF] sample : WWW
[AnalysisInputs::SetMCSF] => MCSF = 1, MCSF_err = 0.5
[AnalysisInputs::SetMCSF] sample : WWZ
[AnalysisInputs::SetMCSF] => MCSF = 1, MCSF_err = 0.5
[AnalysisInputs::SetMCSF] sample : WZZ
[AnalysisInputs::SetMCSF] => MCSF = 1, MCSF_err = 0.5
[AnalysisInputs::SetMCSF] sample : ZZZ
[AnalysisInputs::SetMCSF] => MCSF = 1, MCSF_err = 0.5
[AnalysisInputs::SetMCSF] sample : ttV
[AnalysisInputs::SetMCSF] => MCSF = 1, MCSF_err = 0.5
[AnalysisInputs::SetMCSF] sample : ttW
[AnalysisInputs::SetMCSF] => MCSF = 1, MCSF_err = 0.5
[AnalysisInputs::SetMCSF] sample : ttZ
[AnalysisInputs::SetMCSF] => MCSF = 1, MCSF_err = 0.5
[AnalysisInputs::SetMCSF] sample : ttH_nonbb
[AnalysisInputs::SetMCSF] => MCSF = 1, MCSF_err = 0.5
[AnalysisInputs::SetMCSF] sample : top
[AnalysisInputs::SetMCSF] => MCSF = 1, MCSF_err = 0.5
[AnalysisInputs::SetMCSF] sample : WWTo2L2Nu_DS
[AnalysisInputs::SetMCSF] => MCSF = 1, MCSF_err = 0.5
[AnalysisInputs::SetMCSF] sample : WpWpEWK
[AnalysisInputs::SetMCSF] => MCSF = 1.3062, MCSF_err = 0.5
[AnalysisInputs::SetMCSF] sample : WpWpQCD
[AnalysisInputs::SetMCSF] => MCSF = 1.70026, MCSF_err = 0.5
[AnalysisInputs::SetMCSF] sample : WZTo3LNu_mllmin01
[AnalysisInputs::SetMCSF] => MCSF = 0.65, MCSF_err = 0.06
[AnalysisInputs::SetMCSF] sample : WZTo3LNu_powheg
[AnalysisInputs::SetMCSF] => MCSF = 1.05149, MCSF_err = 0.064601
[AnalysisInputs::SetMCSF] sample : ZGto2LG
[AnalysisInputs::SetMCSF] => MCSF = 1.09319, MCSF_err = 0.0752381
[AnalysisInputs::SetMCSF] sample : ZZTo4L_powheg
[AnalysisInputs::SetMCSF] => MCSF = 0.97851, MCSF_err = 0.25
[AnalysisInputs::SetMCSF] sample : ggZZto2e2mu
[AnalysisInputs::SetMCSF] => MCSF = 0.97851, MCSF_err = 0.25
[AnalysisInputs::SetMCSF] sample : ggZZto2e2nu
[AnalysisInputs::SetMCSF] => MCSF = 0.97851, MCSF_err = 0.25
[AnalysisInputs::SetMCSF] sample : ggZZto2e2tau
[AnalysisInputs::SetMCSF] => MCSF = 0.97851, MCSF_err = 0.25
[AnalysisInputs::SetMCSF] sample : ggZZto2mu2nu
[AnalysisInputs::SetMCSF] => MCSF = 0.97851, MCSF_err = 0.25
[AnalysisInputs::SetMCSF] sample : ggZZto2mu2tau
[AnalysisInputs::SetMCSF] => MCSF = 0.97851, MCSF_err = 0.25
[AnalysisInputs::SetMCSF] sample : ggZZto4e
[AnalysisInputs::SetMCSF] => MCSF = 0.97851, MCSF_err = 0.25
[AnalysisInputs::SetMCSF] sample : ggZZto4mu
[AnalysisInputs::SetMCSF] => MCSF = 0.97851, MCSF_err = 0.25
[AnalysisInputs::SetMCSF] sample : ggZZto4tau
[AnalysisInputs::SetMCSF] => MCSF = 0.97851, MCSF_err = 0.25
[AnalysisInputs::SetMCSF] sample : ggHtoZZ
[AnalysisInputs::SetMCSF] => MCSF = 0.97851, MCSF_err = 0.25
[AnalysisInputs::SetMCSF] sample : WGtoLNuG
[AnalysisInputs::SetMCSF] => MCSF = 1, MCSF_err = 0.0752381
[AnalysisInputs::SetMCSF] sample : WGtoLNuG_weighted
[AnalysisInputs::SetMCSF] => MCSF = 1, MCSF_err = 0.0752381
[AnalysisInputs::SetCalculatedSysts] Get Systematics from /data8/Users/jskim/HN_dilepton_plotter/data/v8-0-7.37_Approved/Syst.txt
[AnalysisInputs::SetCalculatedSysts] source : Luminosity
[AnalysisInputs::SetCalculatedSysts] => % sysematic = 0.025
[AnalysisInputs::SetCalculatedSysts] source : FakeLooseID
[AnalysisInputs::SetCalculatedSysts] => % sysematic = 0.3
[AnalysisInputs::SetCalculatedSysts] source : ChrageFlipSyst
[AnalysisInputs::SetCalculatedSysts] => % sysematic = 0.16
[CutRangeInfo::ReadCutCard] Get Cutcard from /data8/Users/jskim/HN_dilepton_plotter/data/v8-0-7.37_Approved/CutOpCard/RunDirectory/Cards_MuMu_Bin2/HNMuMu_200.txt
Central	1.24808	0.0494954	0
_MuonEn_up	1.25207	0.0494954	0
_MuonEn_down	1.23861	0.0494954	0
_MuonIDSF_up	1.28792	0.0494954	0
_MuonIDSF_down	1.15362	0.0494954	0
_ElectronEn_up	1.2453	0.0494954	0
_ElectronEn_down	1.24681	0.0494954	0
_ElectronIDSF_up	1.25485	0.0494954	0
_ElectronIDSF_down	1.23808	0.0494954	0
_TriggerSF_up	1.23436	0.0494954	0
_TriggerSF_down	1.23998	0.0494954	0
_PU_up	1.16406	0.0494954	0
_PU_down	1.34114	0.0494954	0
_JetEn_up	0.66622	0.0494954	0
_JetEn_down	1.28909	0.0494954	0
_JetRes_up	1.24844	0.0494954	0
_JetRes_down	1.23913	0.0494954	0
_Unclustered_up	1.29647	0.0494954	0
_Unclustered_down	1.31857	0.0494954	0
_BTagSFEff_up	1.23846	0.0494954	0
_BTagSFEff_down	1.25831	0.0494954	0
_BTagSFMiss_up	1.18997	0.0494954	0
_BTagSFMiss_down	1.25203	0.0494954	0
_JetMass_up	1.26323	0.0494954	0
_JetMass_down	1.24139	0.0494954	0
_JetMassRes_up	1.24509	0.0494954	0
_JetMassRes_down	1.26012	0.0494954	0
_Tau21_up	1.33623	0.0494954	0
_Tau21_down	1.14923	0.0494954	0

################ Sources ################
Source	SystTotal	SystPrompt	SystFake	Signal
Stat 50.05 51.75  137.38  -nan  4.14
Lumi 2.40  2.50 -  -  2.50
PDF  -  -  -  -  5.00
MuonPt  0.56 0.58  -  -  0.61
MuonID  5.59 5.81  -  -  2.84
ElectronE  0.17 0.17  -  -  0.62
ElectronID  0.66 0.68  -  -  0.35
Trigger  0.87 0.90  -  -  0.59
PU  6.83 7.10  -  -  2.01
JES  31.79 33.05  -  -  2.02
JER  0.49 0.51  -  -  1.70
Uncl  4.66 4.84  -  -  0.55
BEff  0.77 0.80  -  -  0.78
BMiss  3.17 3.30  -  -  0.81
JMS  0.90 0.94  -  -  0.38
JMR  0.68 0.70  -  -  0.78
Tau21  7.22 7.50  -  -  6.71
MCNorm 23.41  24.34 -  -  -
Fake 1.14  -  30.00 - -
CF 0.00  -  -  -nan -
Total Systematic 41.60 43.24  30.00  -nan  9.95

Total Background	1.298
- Prompt	1.248
- Fake	0.049
- CF	0.000
- Obs	0.000

####### Result #######
Signal Eff	0.014317
1.297573 1.650840
1.869245 1.107747
