
Processing CyclesForMixingLimit_MuMu_Bin2/HNMuMu_900_VBF.C...
[AnalysisInputs::SetMCSF] Get MC SF from /data8/Users/jskim/HN_dilepton_plotter/data/v8-0-7.37_Approved/MCSF.txt
[AnalysisInputs::SetMCSF] sample : VVV
[AnalysisInputs::SetMCSF] => MCSF = 1, MCSF_err = 0.5
[AnalysisInputs::SetMCSF] sample : WWW
[AnalysisInputs::SetMCSF] => MCSF = 1, MCSF_err = 0.5
[AnalysisInputs::SetMCSF] sample : WWZ
[AnalysisInputs::SetMCSF] => MCSF = 1, MCSF_err = 0.5
[AnalysisInputs::SetMCSF] sample : WZZ
[AnalysisInputs::SetMCSF] => MCSF = 1, MCSF_err = 0.5
[AnalysisInputs::SetMCSF] sample : ZZZ
[AnalysisInputs::SetMCSF] => MCSF = 1, MCSF_err = 0.5
[AnalysisInputs::SetMCSF] sample : ttV
[AnalysisInputs::SetMCSF] => MCSF = 1, MCSF_err = 0.5
[AnalysisInputs::SetMCSF] sample : ttW
[AnalysisInputs::SetMCSF] => MCSF = 1, MCSF_err = 0.5
[AnalysisInputs::SetMCSF] sample : ttZ
[AnalysisInputs::SetMCSF] => MCSF = 1, MCSF_err = 0.5
[AnalysisInputs::SetMCSF] sample : ttH_nonbb
[AnalysisInputs::SetMCSF] => MCSF = 1, MCSF_err = 0.5
[AnalysisInputs::SetMCSF] sample : top
[AnalysisInputs::SetMCSF] => MCSF = 1, MCSF_err = 0.5
[AnalysisInputs::SetMCSF] sample : WWTo2L2Nu_DS
[AnalysisInputs::SetMCSF] => MCSF = 1, MCSF_err = 0.5
[AnalysisInputs::SetMCSF] sample : WpWpEWK
[AnalysisInputs::SetMCSF] => MCSF = 1.3062, MCSF_err = 0.5
[AnalysisInputs::SetMCSF] sample : WpWpQCD
[AnalysisInputs::SetMCSF] => MCSF = 1.70026, MCSF_err = 0.5
[AnalysisInputs::SetMCSF] sample : WZTo3LNu_mllmin01
[AnalysisInputs::SetMCSF] => MCSF = 0.65, MCSF_err = 0.06
[AnalysisInputs::SetMCSF] sample : WZTo3LNu_powheg
[AnalysisInputs::SetMCSF] => MCSF = 1.05149, MCSF_err = 0.064601
[AnalysisInputs::SetMCSF] sample : ZGto2LG
[AnalysisInputs::SetMCSF] => MCSF = 1.09319, MCSF_err = 0.0752381
[AnalysisInputs::SetMCSF] sample : ZZTo4L_powheg
[AnalysisInputs::SetMCSF] => MCSF = 0.97851, MCSF_err = 0.25
[AnalysisInputs::SetMCSF] sample : ggZZto2e2mu
[AnalysisInputs::SetMCSF] => MCSF = 0.97851, MCSF_err = 0.25
[AnalysisInputs::SetMCSF] sample : ggZZto2e2nu
[AnalysisInputs::SetMCSF] => MCSF = 0.97851, MCSF_err = 0.25
[AnalysisInputs::SetMCSF] sample : ggZZto2e2tau
[AnalysisInputs::SetMCSF] => MCSF = 0.97851, MCSF_err = 0.25
[AnalysisInputs::SetMCSF] sample : ggZZto2mu2nu
[AnalysisInputs::SetMCSF] => MCSF = 0.97851, MCSF_err = 0.25
[AnalysisInputs::SetMCSF] sample : ggZZto2mu2tau
[AnalysisInputs::SetMCSF] => MCSF = 0.97851, MCSF_err = 0.25
[AnalysisInputs::SetMCSF] sample : ggZZto4e
[AnalysisInputs::SetMCSF] => MCSF = 0.97851, MCSF_err = 0.25
[AnalysisInputs::SetMCSF] sample : ggZZto4mu
[AnalysisInputs::SetMCSF] => MCSF = 0.97851, MCSF_err = 0.25
[AnalysisInputs::SetMCSF] sample : ggZZto4tau
[AnalysisInputs::SetMCSF] => MCSF = 0.97851, MCSF_err = 0.25
[AnalysisInputs::SetMCSF] sample : ggHtoZZ
[AnalysisInputs::SetMCSF] => MCSF = 0.97851, MCSF_err = 0.25
[AnalysisInputs::SetMCSF] sample : WGtoLNuG
[AnalysisInputs::SetMCSF] => MCSF = 1, MCSF_err = 0.0752381
[AnalysisInputs::SetMCSF] sample : WGtoLNuG_weighted
[AnalysisInputs::SetMCSF] => MCSF = 1, MCSF_err = 0.0752381
[AnalysisInputs::SetCalculatedSysts] Get Systematics from /data8/Users/jskim/HN_dilepton_plotter/data/v8-0-7.37_Approved/Syst.txt
[AnalysisInputs::SetCalculatedSysts] source : Luminosity
[AnalysisInputs::SetCalculatedSysts] => % sysematic = 0.025
[AnalysisInputs::SetCalculatedSysts] source : FakeLooseID
[AnalysisInputs::SetCalculatedSysts] => % sysematic = 0.3
[AnalysisInputs::SetCalculatedSysts] source : ChrageFlipSyst
[AnalysisInputs::SetCalculatedSysts] => % sysematic = 0.16
[CutRangeInfo::ReadCutCard] Get Cutcard from /data8/Users/jskim/HN_dilepton_plotter/data/v8-0-7.37_Approved/CutOpCard/RunDirectory/Cards_MuMu_Bin2/HNMuMu_900.txt
Central	0.158674	0	0
_MuonEn_up	0.167177	0	0
_MuonEn_down	0.131643	0	0
_MuonIDSF_up	0.159602	0	0
_MuonIDSF_down	0.142725	0	0
_ElectronEn_up	0.157232	0	0
_ElectronEn_down	0.15473	0	0
_ElectronIDSF_up	0.154354	0	0
_ElectronIDSF_down	0.154354	0	0
_TriggerSF_up	0.15535	0	0
_TriggerSF_down	0.157994	0	0
_PU_up	0.156635	0	0
_PU_down	0.152075	0	0
_JetEn_up	0.161687	0	0
_JetEn_down	0.171935	0	0
_JetRes_up	0.169097	0	0
_JetRes_down	0.252712	0	0
_Unclustered_up	0.165419	0	0
_Unclustered_down	0.16959	0	0
_BTagSFEff_up	0.161136	0	0
_BTagSFEff_down	0.163439	0	0
_BTagSFMiss_up	0.154354	0	0
_BTagSFMiss_down	0.159256	0	0
_JetMass_up	0.150172	0	0
_JetMass_down	0.157156	0	0
_JetMassRes_up	0.144026	0	0
_JetMassRes_down	0.150283	0	0
_Tau21_up	0.16618	0	0
_Tau21_down	0.191016	0	0

################ Sources ################
Source	SystTotal	SystPrompt	SystFake	Signal
Stat 15.10 15.10  -nan  -nan  1.00
Lumi 2.50  2.50 -  -  2.50
PDF  -  -  -  -  3.10
MuonPt  12.63 12.63  -  -  0.69
MuonID  7.12 7.12  -  -  3.38
ElectronE  1.87 1.87  -  -  0.11
ElectronID  2.72 2.72  -  -  0.09
Trigger  1.51 1.51  -  -  0.45
PU  3.08 3.08  -  -  0.74
JES  6.06 6.06  -  -  0.53
JER  42.16 42.16  -  -  0.46
Uncl  5.72 5.72  -  -  0.16
BEff  2.39 2.39  -  -  0.52
BMiss  1.94 1.94  -  -  0.53
JMS  3.85 3.85  -  -  0.17
JMR  7.52 7.52  -  -  0.11
Tau21  14.80 14.80  -  -  7.91
MCNorm 62.19  62.19 -  -  -
Fake 0.00  -  -nan - -
CF 0.00  -  -  -nan -
Total Systematic 79.08 79.08  -nan  -nan  9.60

Total Background	0.159
- Prompt	0.159
- Fake	0.000
- CF	0.000
- Obs	1.000

####### Result #######
Signal Eff	0.545544
0.158674 1.805074
0.233452 1.096518
