
Processing CyclesForMixingLimit_MuMu_Bin2/HNMuMu_1300_VBF.C...
[AnalysisInputs::SetMCSF] Get MC SF from /data8/Users/jskim/HN_dilepton_plotter/data/v8-0-7.37_ForApproval/MCSF.txt
[AnalysisInputs::SetMCSF] sample : VVV
[AnalysisInputs::SetMCSF] => MCSF = 1, MCSF_err = 0.5
[AnalysisInputs::SetMCSF] sample : WWW
[AnalysisInputs::SetMCSF] => MCSF = 1, MCSF_err = 0.5
[AnalysisInputs::SetMCSF] sample : WWZ
[AnalysisInputs::SetMCSF] => MCSF = 1, MCSF_err = 0.5
[AnalysisInputs::SetMCSF] sample : WZZ
[AnalysisInputs::SetMCSF] => MCSF = 1, MCSF_err = 0.5
[AnalysisInputs::SetMCSF] sample : ZZZ
[AnalysisInputs::SetMCSF] => MCSF = 1, MCSF_err = 0.5
[AnalysisInputs::SetMCSF] sample : ttV
[AnalysisInputs::SetMCSF] => MCSF = 1, MCSF_err = 0.5
[AnalysisInputs::SetMCSF] sample : ttW
[AnalysisInputs::SetMCSF] => MCSF = 1, MCSF_err = 0.5
[AnalysisInputs::SetMCSF] sample : ttZ
[AnalysisInputs::SetMCSF] => MCSF = 1, MCSF_err = 0.5
[AnalysisInputs::SetMCSF] sample : ttH_nonbb
[AnalysisInputs::SetMCSF] => MCSF = 1, MCSF_err = 0.5
[AnalysisInputs::SetMCSF] sample : top
[AnalysisInputs::SetMCSF] => MCSF = 1, MCSF_err = 0.5
[AnalysisInputs::SetMCSF] sample : WWTo2L2Nu_DS
[AnalysisInputs::SetMCSF] => MCSF = 1, MCSF_err = 0.5
[AnalysisInputs::SetMCSF] sample : WpWpEWK
[AnalysisInputs::SetMCSF] => MCSF = 1.3062, MCSF_err = 0.5
[AnalysisInputs::SetMCSF] sample : WpWpQCD
[AnalysisInputs::SetMCSF] => MCSF = 1.70026, MCSF_err = 0.5
[AnalysisInputs::SetMCSF] sample : WZTo3LNu_mllmin01
[AnalysisInputs::SetMCSF] => MCSF = 0.65, MCSF_err = 0.06
[AnalysisInputs::SetMCSF] sample : WZTo3LNu_powheg
[AnalysisInputs::SetMCSF] => MCSF = 1.05149, MCSF_err = 0.064601
[AnalysisInputs::SetMCSF] sample : ZGto2LG
[AnalysisInputs::SetMCSF] => MCSF = 1.09319, MCSF_err = 0.0752381
[AnalysisInputs::SetMCSF] sample : ZZTo4L_powheg
[AnalysisInputs::SetMCSF] => MCSF = 0.97851, MCSF_err = 0.25
[AnalysisInputs::SetMCSF] sample : ggZZto2e2mu
[AnalysisInputs::SetMCSF] => MCSF = 0.97851, MCSF_err = 0.25
[AnalysisInputs::SetMCSF] sample : ggZZto2e2nu
[AnalysisInputs::SetMCSF] => MCSF = 0.97851, MCSF_err = 0.25
[AnalysisInputs::SetMCSF] sample : ggZZto2e2tau
[AnalysisInputs::SetMCSF] => MCSF = 0.97851, MCSF_err = 0.25
[AnalysisInputs::SetMCSF] sample : ggZZto2mu2nu
[AnalysisInputs::SetMCSF] => MCSF = 0.97851, MCSF_err = 0.25
[AnalysisInputs::SetMCSF] sample : ggZZto2mu2tau
[AnalysisInputs::SetMCSF] => MCSF = 0.97851, MCSF_err = 0.25
[AnalysisInputs::SetMCSF] sample : ggZZto4e
[AnalysisInputs::SetMCSF] => MCSF = 0.97851, MCSF_err = 0.25
[AnalysisInputs::SetMCSF] sample : ggZZto4mu
[AnalysisInputs::SetMCSF] => MCSF = 0.97851, MCSF_err = 0.25
[AnalysisInputs::SetMCSF] sample : ggZZto4tau
[AnalysisInputs::SetMCSF] => MCSF = 0.97851, MCSF_err = 0.25
[AnalysisInputs::SetMCSF] sample : ggHtoZZ
[AnalysisInputs::SetMCSF] => MCSF = 0.97851, MCSF_err = 0.25
[AnalysisInputs::SetMCSF] sample : WGtoLNuG
[AnalysisInputs::SetMCSF] => MCSF = 1, MCSF_err = 0.0752381
[AnalysisInputs::SetMCSF] sample : WGtoLNuG_weighted
[AnalysisInputs::SetMCSF] => MCSF = 1, MCSF_err = 0.0752381
[AnalysisInputs::SetCalculatedSysts] Get Systematics from /data8/Users/jskim/HN_dilepton_plotter/data/v8-0-7.37_ForApproval/Syst.txt
[AnalysisInputs::SetCalculatedSysts] source : Luminosity
[AnalysisInputs::SetCalculatedSysts] => % sysematic = 0.025
[AnalysisInputs::SetCalculatedSysts] source : FakeLooseID
[AnalysisInputs::SetCalculatedSysts] => % sysematic = 0.3
[AnalysisInputs::SetCalculatedSysts] source : ChrageFlipSyst
[AnalysisInputs::SetCalculatedSysts] => % sysematic = 0.16
[CutRangeInfo::ReadCutCard] Get Cutcard from /data8/Users/jskim/HN_dilepton_plotter/data/v8-0-7.37_ForApproval/CutOpCard/RunDirectory/Cards_MuMu_Bin2/HNMuMu_1300.txt
Central	0.257763	0	0
_MuonEn_up	0.258725	0	0
_MuonEn_down	0.257023	0	0
_MuonIDSF_up	0.262905	0	0
_MuonIDSF_down	0.239195	0	0
_ElectronEn_up	0.253983	0	0
_ElectronEn_down	0.253983	0	0
_ElectronIDSF_up	0.253983	0	0
_ElectronIDSF_down	0.261642	0	0
_TriggerSF_up	0.255537	0	0
_TriggerSF_down	0.250271	0	0
_PU_up	0.240841	0	0
_PU_down	0.265426	0	0
_JetEn_up	0.252294	0	0
_JetEn_down	0.28614	0	0
_JetRes_up	0.262205	0	0
_JetRes_down	0.251879	0	0
_Unclustered_up	0.262373	0	0
_Unclustered_down	0.252477	0	0
_BTagSFEff_up	0.250498	0	0
_BTagSFEff_down	0.260684	0	0
_BTagSFMiss_up	0.257661	0	0
_BTagSFMiss_down	0.253983	0	0
_JetMass_up	0.26542	0	0
_JetMass_down	0.253983	0	0
_JetMassRes_up	0.255037	0	0
_JetMassRes_down	0.243683	0	0
_Tau21_up	0.274068	0	0
_Tau21_down	0.233898	0	0

################ Sources ################
Source	SystTotal	SystPrompt	SystFake	Signal
Stat 39.49 39.49  -nan  -nan  1.12
Lumi 2.50  2.50 -  -  2.50
PDF  -  -  -  -  2.40
MuonPt  0.33 0.33  -  -  0.22
MuonID  5.29 5.29  -  -  3.42
ElectronE  1.47 1.47  -  -  0.12
ElectronID  1.49 1.49  -  -  0.14
Trigger  2.14 2.14  -  -  0.56
PU  5.10 5.10  -  -  1.29
JES  7.93 7.93  -  -  0.15
JER  2.02 2.02  -  -  0.10
Uncl  1.92 1.92  -  -  0.29
BEff  2.15 2.15  -  -  0.55
BMiss  1.04 1.04  -  -  0.40
JMS  2.34 2.34  -  -  0.16
JMR  3.93 3.93  -  -  0.18
Tau21  7.93 7.93  -  -  8.31
MCNorm 41.18  41.18 -  -  -
Fake 0.00  -  -nan - -
CF 0.00  -  -  -nan -
Total Systematic 43.87 43.87  -nan  -nan  9.77

Total Background	0.258
- Prompt	0.258
- Fake	0.000
- CF	0.000
- Obs	1.000

####### Result #######
Signal Eff	0.417665
0.257763 1.590290
0.069963 1.098321
