
Processing HNMuEl_250.C...
[AnalysisInputs::SetMCSF] Get MC SF from /home/jskim/Documents/trilepton_13TeV/DiLepton/data/v8-0-7.32/MCSF.txt
[AnalysisInputs::SetMCSF] sample : VVV
[AnalysisInputs::SetMCSF] => MCSF = 1, MCSF_err = 0.5
[AnalysisInputs::SetMCSF] sample : WWW
[AnalysisInputs::SetMCSF] => MCSF = 1, MCSF_err = 0.5
[AnalysisInputs::SetMCSF] sample : WWZ
[AnalysisInputs::SetMCSF] => MCSF = 1, MCSF_err = 0.5
[AnalysisInputs::SetMCSF] sample : WZZ
[AnalysisInputs::SetMCSF] => MCSF = 1, MCSF_err = 0.5
[AnalysisInputs::SetMCSF] sample : ZZZ
[AnalysisInputs::SetMCSF] => MCSF = 1, MCSF_err = 0.5
[AnalysisInputs::SetMCSF] sample : ttV
[AnalysisInputs::SetMCSF] => MCSF = 1, MCSF_err = 0.5
[AnalysisInputs::SetMCSF] sample : ttW
[AnalysisInputs::SetMCSF] => MCSF = 1, MCSF_err = 0.5
[AnalysisInputs::SetMCSF] sample : ttZ
[AnalysisInputs::SetMCSF] => MCSF = 1, MCSF_err = 0.5
[AnalysisInputs::SetMCSF] sample : ttH_nonbb
[AnalysisInputs::SetMCSF] => MCSF = 1, MCSF_err = 0.5
[AnalysisInputs::SetMCSF] sample : top
[AnalysisInputs::SetMCSF] => MCSF = 1, MCSF_err = 0.5
[AnalysisInputs::SetMCSF] sample : WZTo3LNu_powheg
[AnalysisInputs::SetMCSF] => MCSF = 0.9878, MCSF_err = 0.0890059
[AnalysisInputs::SetMCSF] sample : ZGto2LG
[AnalysisInputs::SetMCSF] => MCSF = 0.771776, MCSF_err = 0.152815
[AnalysisInputs::SetMCSF] sample : ZZTo4L_powheg
[AnalysisInputs::SetMCSF] => MCSF = 0.929269, MCSF_err = 0.103637
[AnalysisInputs::SetMCSF] sample : ggZZto2e2mu
[AnalysisInputs::SetMCSF] => MCSF = 0.929269, MCSF_err = 0.103637
[AnalysisInputs::SetMCSF] sample : ggZZto2e2nu
[AnalysisInputs::SetMCSF] => MCSF = 0.929269, MCSF_err = 0.103637
[AnalysisInputs::SetMCSF] sample : ggZZto2e2tau
[AnalysisInputs::SetMCSF] => MCSF = 0.929269, MCSF_err = 0.103637
[AnalysisInputs::SetMCSF] sample : ggZZto2mu2nu
[AnalysisInputs::SetMCSF] => MCSF = 0.929269, MCSF_err = 0.103637
[AnalysisInputs::SetMCSF] sample : ggZZto2mu2tau
[AnalysisInputs::SetMCSF] => MCSF = 0.929269, MCSF_err = 0.103637
[AnalysisInputs::SetMCSF] sample : ggZZto4e
[AnalysisInputs::SetMCSF] => MCSF = 0.929269, MCSF_err = 0.103637
[AnalysisInputs::SetMCSF] sample : ggZZto4mu
[AnalysisInputs::SetMCSF] => MCSF = 0.929269, MCSF_err = 0.103637
[AnalysisInputs::SetMCSF] sample : ggZZto4tau
[AnalysisInputs::SetMCSF] => MCSF = 0.929269, MCSF_err = 0.103637
[AnalysisInputs::SetCalculatedSysts] Get Systematics from /home/jskim/Documents/trilepton_13TeV/DiLepton/data/v8-0-7.32/Syst.txt
[AnalysisInputs::SetCalculatedSysts] source : Luminosity
[AnalysisInputs::SetCalculatedSysts] => % sysematic = 0.025
[AnalysisInputs::SetCalculatedSysts] source : FakeLooseID
[AnalysisInputs::SetCalculatedSysts] => % sysematic = 0.3
[AnalysisInputs::SetCalculatedSysts] source : ChrageFlipSyst
[AnalysisInputs::SetCalculatedSysts] => % sysematic = 0.21
[CutRangeInfo::ReadCutCard] Get Cutcard from /home/jskim/Documents/trilepton_13TeV/DiLepton/data/v8-0-7.32/CutOpCard/OPTIMIZED_171107_MuEl_HighMass/HNMuEl_250.txt
prompt_tau21_syst = 0
signal_tau21_syst = 0
Central	11.7959	2.1655	0
_MuonEn_up	13.3197	2.1655	0
_MuonEn_down	11.2687	2.1655	0
_MuonIDSF_up	12.0114	2.1655	0
_MuonIDSF_down	11.5607	2.1655	0
_ElectronEn_up	12.0991	2.1655	0
_ElectronEn_down	11.5548	2.1655	0
_ElectronIDSF_up	12.0342	2.1655	0
_ElectronIDSF_down	11.6061	2.1655	0
_TriggerSF_up	11.8007	2.1655	0
_TriggerSF_down	11.8323	2.1655	0
_PU_up	11.3979	2.1655	0
_PU_down	12.2498	2.1655	0
_JetEn_up	11.9243	2.1655	0
_JetEn_down	12.2088	2.1655	0
_JetRes_up	11.6138	2.1655	0
_JetRes_down	11.5218	2.1655	0
_Unclustered_up	11.2804	2.1655	0
_Unclustered_down	11.7338	2.1655	0
_BTagSFEff_up	11.4617	2.1655	0
_BTagSFEff_down	12.0156	2.1655	0
_BTagSFMiss_up	11.6899	2.1655	0
_BTagSFMiss_down	11.7774	2.1655	0
_JetMass_up	11.7854	2.1655	0
_JetMass_down	11.7047	2.1655	0
_JetMassRes_up	11.7697	2.1655	0
_JetMassRes_down	11.773	2.1655	0

################ Sources ################
Source	SystTotal	SystPrompt	SystFake	Signal
Stat 7.22 7.90  17.72  -nan  1.01
Lumi 2.11  2.50 -  -  2.50
PDF  -  -  -  -  8.53
MuonPt  8.17 9.67  -  -  0.55
MuonID  1.62 1.91  -  -  2.09
ElectronE  1.96 2.32  -  -  0.51
ElectronID  1.54 1.83  -  -  2.15
Trigger  0.19 0.22  -  -  0.12
PU  3.06 3.62  -  -  1.43
JES  2.19 2.59  -  -  0.83
JER  1.67 1.97  -  -  0.90
Uncl  2.63 3.11  -  -  1.22
BEff  2.03 2.40  -  -  0.33
BMiss  0.55 0.65  -  -  0.53
JMS  0.47 0.55  -  -  0.18
JMR  0.18 0.21  -  -  0.11
Tau21 0.00  0.00 -  -  0.00
MCNorm 10.54  12.47 -  -  -
Fake 4.65  -  30.00 - -
CF 0.00  -  -  -nan -
Total Systematic 15.53 17.54  30.00  -nan  9.70

Total Background	13.961
- Prompt	11.796
- Fake	2.166
- CF	0.000

####### Result #######
Signal Eff	0.109101
13.961439 1.171264
5.145882 1.097494
