
Processing HNMuEl_500.C...
[AnalysisInputs::SetMCSF] Get MC SF from /home/jskim/Documents/trilepton_13TeV/DiLepton/data/v8-0-7.32/MCSF.txt
[AnalysisInputs::SetMCSF] sample : VVV
[AnalysisInputs::SetMCSF] => MCSF = 1, MCSF_err = 0.5
[AnalysisInputs::SetMCSF] sample : WWW
[AnalysisInputs::SetMCSF] => MCSF = 1, MCSF_err = 0.5
[AnalysisInputs::SetMCSF] sample : WWZ
[AnalysisInputs::SetMCSF] => MCSF = 1, MCSF_err = 0.5
[AnalysisInputs::SetMCSF] sample : WZZ
[AnalysisInputs::SetMCSF] => MCSF = 1, MCSF_err = 0.5
[AnalysisInputs::SetMCSF] sample : ZZZ
[AnalysisInputs::SetMCSF] => MCSF = 1, MCSF_err = 0.5
[AnalysisInputs::SetMCSF] sample : ttV
[AnalysisInputs::SetMCSF] => MCSF = 1, MCSF_err = 0.5
[AnalysisInputs::SetMCSF] sample : ttW
[AnalysisInputs::SetMCSF] => MCSF = 1, MCSF_err = 0.5
[AnalysisInputs::SetMCSF] sample : ttZ
[AnalysisInputs::SetMCSF] => MCSF = 1, MCSF_err = 0.5
[AnalysisInputs::SetMCSF] sample : ttH_nonbb
[AnalysisInputs::SetMCSF] => MCSF = 1, MCSF_err = 0.5
[AnalysisInputs::SetMCSF] sample : top
[AnalysisInputs::SetMCSF] => MCSF = 1, MCSF_err = 0.5
[AnalysisInputs::SetMCSF] sample : WZTo3LNu_powheg
[AnalysisInputs::SetMCSF] => MCSF = 0.9878, MCSF_err = 0.0890059
[AnalysisInputs::SetMCSF] sample : ZGto2LG
[AnalysisInputs::SetMCSF] => MCSF = 0.771776, MCSF_err = 0.152815
[AnalysisInputs::SetMCSF] sample : ZZTo4L_powheg
[AnalysisInputs::SetMCSF] => MCSF = 0.929269, MCSF_err = 0.103637
[AnalysisInputs::SetMCSF] sample : ggZZto2e2mu
[AnalysisInputs::SetMCSF] => MCSF = 0.929269, MCSF_err = 0.103637
[AnalysisInputs::SetMCSF] sample : ggZZto2e2nu
[AnalysisInputs::SetMCSF] => MCSF = 0.929269, MCSF_err = 0.103637
[AnalysisInputs::SetMCSF] sample : ggZZto2e2tau
[AnalysisInputs::SetMCSF] => MCSF = 0.929269, MCSF_err = 0.103637
[AnalysisInputs::SetMCSF] sample : ggZZto2mu2nu
[AnalysisInputs::SetMCSF] => MCSF = 0.929269, MCSF_err = 0.103637
[AnalysisInputs::SetMCSF] sample : ggZZto2mu2tau
[AnalysisInputs::SetMCSF] => MCSF = 0.929269, MCSF_err = 0.103637
[AnalysisInputs::SetMCSF] sample : ggZZto4e
[AnalysisInputs::SetMCSF] => MCSF = 0.929269, MCSF_err = 0.103637
[AnalysisInputs::SetMCSF] sample : ggZZto4mu
[AnalysisInputs::SetMCSF] => MCSF = 0.929269, MCSF_err = 0.103637
[AnalysisInputs::SetMCSF] sample : ggZZto4tau
[AnalysisInputs::SetMCSF] => MCSF = 0.929269, MCSF_err = 0.103637
[AnalysisInputs::SetCalculatedSysts] Get Systematics from /home/jskim/Documents/trilepton_13TeV/DiLepton/data/v8-0-7.32/Syst.txt
[AnalysisInputs::SetCalculatedSysts] source : Luminosity
[AnalysisInputs::SetCalculatedSysts] => % sysematic = 0.025
[AnalysisInputs::SetCalculatedSysts] source : FakeLooseID
[AnalysisInputs::SetCalculatedSysts] => % sysematic = 0.3
[AnalysisInputs::SetCalculatedSysts] source : ChrageFlipSyst
[AnalysisInputs::SetCalculatedSysts] => % sysematic = 0.21
[CutRangeInfo::ReadCutCard] Get Cutcard from /home/jskim/Documents/trilepton_13TeV/DiLepton/data/v8-0-7.32/CutOpCard/OPTIMIZED_171107_MuEl_HighMass/HNMuEl_500.txt
prompt_tau21_syst = 0
signal_tau21_syst = 0
Central	1.84198	0.268281	0
_MuonEn_up	2.17045	0.268281	0
_MuonEn_down	1.69409	0.268281	0
_MuonIDSF_up	1.88931	0.268281	0
_MuonIDSF_down	1.80513	0.268281	0
_ElectronEn_up	1.86603	0.268281	0
_ElectronEn_down	1.78722	0.268281	0
_ElectronIDSF_up	1.88767	0.268281	0
_ElectronIDSF_down	1.81063	0.268281	0
_TriggerSF_up	1.8497	0.268281	0
_TriggerSF_down	1.84475	0.268281	0
_PU_up	1.88663	0.268281	0
_PU_down	1.80349	0.268281	0
_JetEn_up	1.84736	0.268281	0
_JetEn_down	2.9502	0.268281	0
_JetRes_up	1.88266	0.268281	0
_JetRes_down	1.81711	0.268281	0
_Unclustered_up	1.89714	0.268281	0
_Unclustered_down	1.72717	0.268281	0
_BTagSFEff_up	1.845	0.268281	0
_BTagSFEff_down	1.86787	0.268281	0
_BTagSFMiss_up	1.83925	0.268281	0
_BTagSFMiss_down	1.85439	0.268281	0
_JetMass_up	1.84369	0.268281	0
_JetMass_down	1.88095	0.268281	0
_JetMassRes_up	1.86166	0.268281	0
_JetMassRes_down	1.8593	0.268281	0

################ Sources ################
Source	SystTotal	SystPrompt	SystFake	Signal
Stat 15.12 15.65  50.98  -nan  1.21
Lumi 2.18  2.50 -  -  2.50
PDF  -  -  -  -  8.53
MuonPt  12.07 13.83  -  -  2.00
MuonID  2.01 2.30  -  -  2.05
ElectronE  2.00 2.30  -  -  0.18
ElectronID  1.86 2.13  -  -  2.02
Trigger  0.27 0.31  -  -  0.42
PU  1.98 2.26  -  -  0.72
JES  37.13 42.54  -  -  0.57
JER  1.60 1.83  -  -  1.01
Uncl  4.27 4.89  -  -  0.46
BEff  0.87 1.00  -  -  0.36
BMiss  0.43 0.49  -  -  0.34
JMS  1.31 1.50  -  -  0.20
JMR  0.88 1.01  -  -  0.25
Tau21 0.00  0.00 -  -  0.00
MCNorm 12.81  14.67 -  -  -
Fake 3.81  -  30.00 - -
CF 0.00  -  -  -nan -
Total Systematic 41.81 47.69  30.00  -nan  9.69

Total Background	2.110
- Prompt	1.842
- Fake	0.268
- CF	0.000

####### Result #######
Signal Eff	0.080967
2.110264 1.444556
0.263357 1.097666
