
Processing HNMuEl_90.C...
[AnalysisInputs::SetMCSF] Get MC SF from /home/jskim/Documents/trilepton_13TeV/DiLepton/data/v8-0-7.32/MCSF.txt
[AnalysisInputs::SetMCSF] sample : VVV
[AnalysisInputs::SetMCSF] => MCSF = 1, MCSF_err = 0.5
[AnalysisInputs::SetMCSF] sample : WWW
[AnalysisInputs::SetMCSF] => MCSF = 1, MCSF_err = 0.5
[AnalysisInputs::SetMCSF] sample : WWZ
[AnalysisInputs::SetMCSF] => MCSF = 1, MCSF_err = 0.5
[AnalysisInputs::SetMCSF] sample : WZZ
[AnalysisInputs::SetMCSF] => MCSF = 1, MCSF_err = 0.5
[AnalysisInputs::SetMCSF] sample : ZZZ
[AnalysisInputs::SetMCSF] => MCSF = 1, MCSF_err = 0.5
[AnalysisInputs::SetMCSF] sample : ttV
[AnalysisInputs::SetMCSF] => MCSF = 1, MCSF_err = 0.5
[AnalysisInputs::SetMCSF] sample : ttW
[AnalysisInputs::SetMCSF] => MCSF = 1, MCSF_err = 0.5
[AnalysisInputs::SetMCSF] sample : ttZ
[AnalysisInputs::SetMCSF] => MCSF = 1, MCSF_err = 0.5
[AnalysisInputs::SetMCSF] sample : ttH_nonbb
[AnalysisInputs::SetMCSF] => MCSF = 1, MCSF_err = 0.5
[AnalysisInputs::SetMCSF] sample : top
[AnalysisInputs::SetMCSF] => MCSF = 1, MCSF_err = 0.5
[AnalysisInputs::SetMCSF] sample : WZTo3LNu_powheg
[AnalysisInputs::SetMCSF] => MCSF = 0.9878, MCSF_err = 0.0890059
[AnalysisInputs::SetMCSF] sample : ZGto2LG
[AnalysisInputs::SetMCSF] => MCSF = 0.771776, MCSF_err = 0.152815
[AnalysisInputs::SetMCSF] sample : ZZTo4L_powheg
[AnalysisInputs::SetMCSF] => MCSF = 0.929269, MCSF_err = 0.103637
[AnalysisInputs::SetMCSF] sample : ggZZto2e2mu
[AnalysisInputs::SetMCSF] => MCSF = 0.929269, MCSF_err = 0.103637
[AnalysisInputs::SetMCSF] sample : ggZZto2e2nu
[AnalysisInputs::SetMCSF] => MCSF = 0.929269, MCSF_err = 0.103637
[AnalysisInputs::SetMCSF] sample : ggZZto2e2tau
[AnalysisInputs::SetMCSF] => MCSF = 0.929269, MCSF_err = 0.103637
[AnalysisInputs::SetMCSF] sample : ggZZto2mu2nu
[AnalysisInputs::SetMCSF] => MCSF = 0.929269, MCSF_err = 0.103637
[AnalysisInputs::SetMCSF] sample : ggZZto2mu2tau
[AnalysisInputs::SetMCSF] => MCSF = 0.929269, MCSF_err = 0.103637
[AnalysisInputs::SetMCSF] sample : ggZZto4e
[AnalysisInputs::SetMCSF] => MCSF = 0.929269, MCSF_err = 0.103637
[AnalysisInputs::SetMCSF] sample : ggZZto4mu
[AnalysisInputs::SetMCSF] => MCSF = 0.929269, MCSF_err = 0.103637
[AnalysisInputs::SetMCSF] sample : ggZZto4tau
[AnalysisInputs::SetMCSF] => MCSF = 0.929269, MCSF_err = 0.103637
[AnalysisInputs::SetCalculatedSysts] Get Systematics from /home/jskim/Documents/trilepton_13TeV/DiLepton/data/v8-0-7.32/Syst.txt
[AnalysisInputs::SetCalculatedSysts] source : Luminosity
[AnalysisInputs::SetCalculatedSysts] => % sysematic = 0.025
[AnalysisInputs::SetCalculatedSysts] source : FakeLooseID
[AnalysisInputs::SetCalculatedSysts] => % sysematic = 0.3
[AnalysisInputs::SetCalculatedSysts] source : ChrageFlipSyst
[AnalysisInputs::SetCalculatedSysts] => % sysematic = 0.21
[CutRangeInfo::ReadCutCard] Get Cutcard from /home/jskim/Documents/trilepton_13TeV/DiLepton/data/v8-0-7.32/CutOpCard/OPTIMIZED_171107_MuEl_HighMass/HNMuEl_90.txt
prompt_tau21_syst = 0
signal_tau21_syst = 0
Central	28.4851	18.4804	0
_MuonEn_up	27.4414	18.4804	0
_MuonEn_down	27.9784	18.4804	0
_MuonIDSF_up	29.1994	18.4804	0
_MuonIDSF_down	27.0536	18.4804	0
_ElectronEn_up	28.1512	18.4804	0
_ElectronEn_down	28.2181	18.4804	0
_ElectronIDSF_up	28.7397	18.4804	0
_ElectronIDSF_down	27.7694	18.4804	0
_TriggerSF_up	28.1464	18.4804	0
_TriggerSF_down	28.1487	18.4804	0
_PU_up	26.4604	18.4804	0
_PU_down	28.8547	18.4804	0
_JetEn_up	27.284	18.4804	0
_JetEn_down	27.3793	18.4804	0
_JetRes_up	26.8651	18.4804	0
_JetRes_down	27.0542	18.4804	0
_Unclustered_up	26.2402	18.4804	0
_Unclustered_down	28.5691	18.4804	0
_BTagSFEff_up	28.1109	18.4804	0
_BTagSFEff_down	28.1767	18.4804	0
_BTagSFMiss_up	27.9922	18.4804	0
_BTagSFMiss_down	28.6126	18.4804	0
_JetMass_up	28.1242	18.4804	0
_JetMass_down	28.0862	18.4804	0
_JetMassRes_up	28.1973	18.4804	0
_JetMassRes_down	28.0882	18.4804	0

################ Sources ################
Source	SystTotal	SystPrompt	SystFake	Signal
Stat 10.15 15.95  7.80  -nan  5.17
Lumi 1.52  2.50 -  -  2.50
PDF  -  -  -  -  8.53
MuonPt  1.75 2.88  -  -  0.71
MuonID  2.41 3.97  -  -  3.82
ElectronE  0.64 1.06  -  -  0.76
ElectronID  1.14 1.89  -  -  2.03
Trigger  0.72 1.19  -  -  0.51
PU  3.10 5.11  -  -  2.57
JES  2.46 4.05  -  -  4.40
JER  3.25 5.37  -  -  2.19
Uncl  3.38 5.58  -  -  5.63
BEff  0.73 1.20  -  -  1.00
BMiss  0.77 1.26  -  -  0.18
JMS  0.81 1.34  -  -  0.89
JMR  0.74 1.22  -  -  0.19
Tau21 0.00  0.00 -  -  0.00
MCNorm 1.27  2.10 -  -  -
Fake 11.80  -  30.00 - -
CF 0.00  -  -  -nan -
Total Systematic 13.94 12.23  30.00  -nan  12.78

Total Background	46.966
- Prompt	28.485
- Fake	18.480
- CF	0.000

####### Result #######
Signal Eff	0.004008
46.965525 1.172445
19.808725 1.137910
