
Processing HNMuEl_1500.C...
[AnalysisInputs::SetMCSF] Get MC SF from /home/jskim/Documents/trilepton_13TeV/DiLepton/data/v8-0-7.32/MCSF.txt
[AnalysisInputs::SetMCSF] sample : VVV
[AnalysisInputs::SetMCSF] => MCSF = 1, MCSF_err = 0.5
[AnalysisInputs::SetMCSF] sample : WWW
[AnalysisInputs::SetMCSF] => MCSF = 1, MCSF_err = 0.5
[AnalysisInputs::SetMCSF] sample : WWZ
[AnalysisInputs::SetMCSF] => MCSF = 1, MCSF_err = 0.5
[AnalysisInputs::SetMCSF] sample : WZZ
[AnalysisInputs::SetMCSF] => MCSF = 1, MCSF_err = 0.5
[AnalysisInputs::SetMCSF] sample : ZZZ
[AnalysisInputs::SetMCSF] => MCSF = 1, MCSF_err = 0.5
[AnalysisInputs::SetMCSF] sample : ttV
[AnalysisInputs::SetMCSF] => MCSF = 1, MCSF_err = 0.5
[AnalysisInputs::SetMCSF] sample : ttW
[AnalysisInputs::SetMCSF] => MCSF = 1, MCSF_err = 0.5
[AnalysisInputs::SetMCSF] sample : ttZ
[AnalysisInputs::SetMCSF] => MCSF = 1, MCSF_err = 0.5
[AnalysisInputs::SetMCSF] sample : ttH_nonbb
[AnalysisInputs::SetMCSF] => MCSF = 1, MCSF_err = 0.5
[AnalysisInputs::SetMCSF] sample : top
[AnalysisInputs::SetMCSF] => MCSF = 1, MCSF_err = 0.5
[AnalysisInputs::SetMCSF] sample : WZTo3LNu_powheg
[AnalysisInputs::SetMCSF] => MCSF = 0.9878, MCSF_err = 0.0890059
[AnalysisInputs::SetMCSF] sample : ZGto2LG
[AnalysisInputs::SetMCSF] => MCSF = 0.771776, MCSF_err = 0.152815
[AnalysisInputs::SetMCSF] sample : ZZTo4L_powheg
[AnalysisInputs::SetMCSF] => MCSF = 0.929269, MCSF_err = 0.103637
[AnalysisInputs::SetMCSF] sample : ggZZto2e2mu
[AnalysisInputs::SetMCSF] => MCSF = 0.929269, MCSF_err = 0.103637
[AnalysisInputs::SetMCSF] sample : ggZZto2e2nu
[AnalysisInputs::SetMCSF] => MCSF = 0.929269, MCSF_err = 0.103637
[AnalysisInputs::SetMCSF] sample : ggZZto2e2tau
[AnalysisInputs::SetMCSF] => MCSF = 0.929269, MCSF_err = 0.103637
[AnalysisInputs::SetMCSF] sample : ggZZto2mu2nu
[AnalysisInputs::SetMCSF] => MCSF = 0.929269, MCSF_err = 0.103637
[AnalysisInputs::SetMCSF] sample : ggZZto2mu2tau
[AnalysisInputs::SetMCSF] => MCSF = 0.929269, MCSF_err = 0.103637
[AnalysisInputs::SetMCSF] sample : ggZZto4e
[AnalysisInputs::SetMCSF] => MCSF = 0.929269, MCSF_err = 0.103637
[AnalysisInputs::SetMCSF] sample : ggZZto4mu
[AnalysisInputs::SetMCSF] => MCSF = 0.929269, MCSF_err = 0.103637
[AnalysisInputs::SetMCSF] sample : ggZZto4tau
[AnalysisInputs::SetMCSF] => MCSF = 0.929269, MCSF_err = 0.103637
[AnalysisInputs::SetCalculatedSysts] Get Systematics from /home/jskim/Documents/trilepton_13TeV/DiLepton/data/v8-0-7.32/Syst.txt
[AnalysisInputs::SetCalculatedSysts] source : Luminosity
[AnalysisInputs::SetCalculatedSysts] => % sysematic = 0.025
[AnalysisInputs::SetCalculatedSysts] source : FakeLooseID
[AnalysisInputs::SetCalculatedSysts] => % sysematic = 0.3
[AnalysisInputs::SetCalculatedSysts] source : ChrageFlipSyst
[AnalysisInputs::SetCalculatedSysts] => % sysematic = 0.21
[CutRangeInfo::ReadCutCard] Get Cutcard from /home/jskim/Documents/trilepton_13TeV/DiLepton/data/v8-0-7.32/CutOpCard/OPTIMIZED_171107_MuEl_HighMass/HNMuEl_1500.txt
prompt_tau21_syst = 0
signal_tau21_syst = 0
Central	1.40993	0.194165	0
_MuonEn_up	1.36587	0.194165	0
_MuonEn_down	1.37848	0.194165	0
_MuonIDSF_up	1.44434	0.194165	0
_MuonIDSF_down	1.37803	0.194165	0
_ElectronEn_up	1.41664	0.194165	0
_ElectronEn_down	1.40449	0.194165	0
_ElectronIDSF_up	1.4373	0.194165	0
_ElectronIDSF_down	1.38057	0.194165	0
_TriggerSF_up	1.40898	0.194165	0
_TriggerSF_down	1.40898	0.194165	0
_PU_up	1.47909	0.194165	0
_PU_down	1.32109	0.194165	0
_JetEn_up	1.317	0.194165	0
_JetEn_down	1.41775	0.194165	0
_JetRes_up	1.418	0.194165	0
_JetRes_down	1.39118	0.194165	0
_Unclustered_up	1.41759	0.194165	0
_Unclustered_down	1.32844	0.194165	0
_BTagSFEff_up	1.39599	0.194165	0
_BTagSFEff_down	1.41733	0.194165	0
_BTagSFMiss_up	1.40513	0.194165	0
_BTagSFMiss_down	1.41212	0.194165	0
_JetMass_up	1.40638	0.194165	0
_JetMass_down	1.41205	0.194165	0
_JetMassRes_up	1.4121	0.194165	0
_JetMassRes_down	1.40603	0.194165	0

################ Sources ################
Source	SystTotal	SystPrompt	SystFake	Signal
Stat 61.30 69.26  59.19  -nan  2.21
Lumi 2.20  2.50 -  -  2.50
PDF  -  -  -  -  8.53
MuonPt  2.39 2.71  -  -  3.61
MuonID  2.07 2.35  -  -  2.05
ElectronE  0.38 0.43  -  -  0.62
ElectronID  1.77 2.01  -  -  2.07
Trigger  0.06 0.07  -  -  0.03
PU  4.96 5.65  -  -  0.73
JES  4.11 4.68  -  -  1.77
JER  0.90 1.02  -  -  0.94
Uncl  3.61 4.10  -  -  0.26
BEff  0.70 0.79  -  -  0.87
BMiss  0.23 0.26  -  -  0.60
JMS  0.18 0.21  -  -  0.44
JMR  0.20 0.22  -  -  0.58
Tau21 0.00  0.00 -  -  0.00
MCNorm 5.00  5.69 -  -  -
Fake 3.63  -  30.00 - -
CF 0.00  -  -  -nan -
Total Systematic 10.59 11.32  30.00  -nan  10.36

Total Background	1.604
- Prompt	1.410
- Fake	0.194
- CF	0.000

####### Result #######
Signal Eff	0.024672
1.604093 1.622094
0.000486 1.105891
