
Processing HNMuEl_400.C...
[AnalysisInputs::SetMCSF] Get MC SF from /home/jskim/Documents/trilepton_13TeV/DiLepton/data/v8-0-7.32/MCSF.txt
[AnalysisInputs::SetMCSF] sample : VVV
[AnalysisInputs::SetMCSF] => MCSF = 1, MCSF_err = 0.5
[AnalysisInputs::SetMCSF] sample : WWW
[AnalysisInputs::SetMCSF] => MCSF = 1, MCSF_err = 0.5
[AnalysisInputs::SetMCSF] sample : WWZ
[AnalysisInputs::SetMCSF] => MCSF = 1, MCSF_err = 0.5
[AnalysisInputs::SetMCSF] sample : WZZ
[AnalysisInputs::SetMCSF] => MCSF = 1, MCSF_err = 0.5
[AnalysisInputs::SetMCSF] sample : ZZZ
[AnalysisInputs::SetMCSF] => MCSF = 1, MCSF_err = 0.5
[AnalysisInputs::SetMCSF] sample : ttV
[AnalysisInputs::SetMCSF] => MCSF = 1, MCSF_err = 0.5
[AnalysisInputs::SetMCSF] sample : ttW
[AnalysisInputs::SetMCSF] => MCSF = 1, MCSF_err = 0.5
[AnalysisInputs::SetMCSF] sample : ttZ
[AnalysisInputs::SetMCSF] => MCSF = 1, MCSF_err = 0.5
[AnalysisInputs::SetMCSF] sample : ttH_nonbb
[AnalysisInputs::SetMCSF] => MCSF = 1, MCSF_err = 0.5
[AnalysisInputs::SetMCSF] sample : top
[AnalysisInputs::SetMCSF] => MCSF = 1, MCSF_err = 0.5
[AnalysisInputs::SetMCSF] sample : WZTo3LNu_powheg
[AnalysisInputs::SetMCSF] => MCSF = 0.9878, MCSF_err = 0.0890059
[AnalysisInputs::SetMCSF] sample : ZGto2LG
[AnalysisInputs::SetMCSF] => MCSF = 0.771776, MCSF_err = 0.152815
[AnalysisInputs::SetMCSF] sample : ZZTo4L_powheg
[AnalysisInputs::SetMCSF] => MCSF = 0.929269, MCSF_err = 0.103637
[AnalysisInputs::SetMCSF] sample : ggZZto2e2mu
[AnalysisInputs::SetMCSF] => MCSF = 0.929269, MCSF_err = 0.103637
[AnalysisInputs::SetMCSF] sample : ggZZto2e2nu
[AnalysisInputs::SetMCSF] => MCSF = 0.929269, MCSF_err = 0.103637
[AnalysisInputs::SetMCSF] sample : ggZZto2e2tau
[AnalysisInputs::SetMCSF] => MCSF = 0.929269, MCSF_err = 0.103637
[AnalysisInputs::SetMCSF] sample : ggZZto2mu2nu
[AnalysisInputs::SetMCSF] => MCSF = 0.929269, MCSF_err = 0.103637
[AnalysisInputs::SetMCSF] sample : ggZZto2mu2tau
[AnalysisInputs::SetMCSF] => MCSF = 0.929269, MCSF_err = 0.103637
[AnalysisInputs::SetMCSF] sample : ggZZto4e
[AnalysisInputs::SetMCSF] => MCSF = 0.929269, MCSF_err = 0.103637
[AnalysisInputs::SetMCSF] sample : ggZZto4mu
[AnalysisInputs::SetMCSF] => MCSF = 0.929269, MCSF_err = 0.103637
[AnalysisInputs::SetMCSF] sample : ggZZto4tau
[AnalysisInputs::SetMCSF] => MCSF = 0.929269, MCSF_err = 0.103637
[AnalysisInputs::SetCalculatedSysts] Get Systematics from /home/jskim/Documents/trilepton_13TeV/DiLepton/data/v8-0-7.32/Syst.txt
[AnalysisInputs::SetCalculatedSysts] source : Luminosity
[AnalysisInputs::SetCalculatedSysts] => % sysematic = 0.025
[AnalysisInputs::SetCalculatedSysts] source : FakeLooseID
[AnalysisInputs::SetCalculatedSysts] => % sysematic = 0.3
[AnalysisInputs::SetCalculatedSysts] source : ChrageFlipSyst
[AnalysisInputs::SetCalculatedSysts] => % sysematic = 0.21
[CutRangeInfo::ReadCutCard] Get Cutcard from /home/jskim/Documents/trilepton_13TeV/DiLepton/data/v8-0-7.32/CutOpCard/OPTIMIZED_171107_MuEl_HighMass/HNMuEl_400.txt
prompt_tau21_syst = 0
signal_tau21_syst = 0
Central	2.14987	0.312494	0
_MuonEn_up	2.33846	0.312494	0
_MuonEn_down	2.11168	0.312494	0
_MuonIDSF_up	2.1928	0.312494	0
_MuonIDSF_down	2.09632	0.312494	0
_ElectronEn_up	2.22413	0.312494	0
_ElectronEn_down	1.99927	0.312494	0
_ElectronIDSF_up	2.19228	0.312494	0
_ElectronIDSF_down	2.10033	0.312494	0
_TriggerSF_up	2.06881	0.312494	0
_TriggerSF_down	2.14026	0.312494	0
_PU_up	2.14399	0.312494	0
_PU_down	2.13367	0.312494	0
_JetEn_up	2.04739	0.312494	0
_JetEn_down	2.39051	0.312494	0
_JetRes_up	2.06634	0.312494	0
_JetRes_down	2.08299	0.312494	0
_Unclustered_up	2.16079	0.312494	0
_Unclustered_down	2.0968	0.312494	0
_BTagSFEff_up	2.14861	0.312494	0
_BTagSFEff_down	2.16464	0.312494	0
_BTagSFMiss_up	2.1545	0.312494	0
_BTagSFMiss_down	2.15383	0.312494	0
_JetMass_up	2.15047	0.312494	0
_JetMass_down	2.14286	0.312494	0
_JetMassRes_up	2.1485	0.312494	0
_JetMassRes_down	2.15026	0.312494	0

################ Sources ################
Source	SystTotal	SystPrompt	SystFake	Signal
Stat 14.79 15.56  46.01  -nan  1.16
Lumi 2.18  2.50 -  -  2.50
PDF  -  -  -  -  8.53
MuonPt  5.53 6.33  -  -  3.10
MuonID  1.97 2.26  -  -  2.12
ElectronE  4.82 5.52  -  -  0.45
ElectronID  1.87 2.15  -  -  2.02
Trigger  2.34 2.68  -  -  0.21
PU  0.49 0.57  -  -  1.28
JES  7.51 8.60  -  -  1.47
JER  3.07 3.52  -  -  0.67
Uncl  1.56 1.78  -  -  0.84
BEff  0.43 0.49  -  -  0.43
BMiss  0.18 0.20  -  -  0.46
JMS  0.20 0.23  -  -  0.32
JMR  0.04 0.05  -  -  0.24
Tau21 0.00  0.00 -  -  0.00
MCNorm 12.35  14.15 -  -  -
Fake 3.81  -  30.00 - -
CF 0.00  -  -  -nan -
Total Systematic 17.53 19.60  30.00  -nan  10.14

Total Background	2.462
- Prompt	2.150
- Fake	0.312
- CF	0.000

####### Result #######
Signal Eff	0.083500
2.462363 1.229342
0.669563 1.102098
