
Processing HNMuEl_100.C...
[AnalysisInputs::SetMCSF] Get MC SF from /home/jskim/Documents/trilepton_13TeV/DiLepton/data/v8-0-7.32/MCSF.txt
[AnalysisInputs::SetMCSF] sample : VVV
[AnalysisInputs::SetMCSF] => MCSF = 1, MCSF_err = 0.5
[AnalysisInputs::SetMCSF] sample : WWW
[AnalysisInputs::SetMCSF] => MCSF = 1, MCSF_err = 0.5
[AnalysisInputs::SetMCSF] sample : WWZ
[AnalysisInputs::SetMCSF] => MCSF = 1, MCSF_err = 0.5
[AnalysisInputs::SetMCSF] sample : WZZ
[AnalysisInputs::SetMCSF] => MCSF = 1, MCSF_err = 0.5
[AnalysisInputs::SetMCSF] sample : ZZZ
[AnalysisInputs::SetMCSF] => MCSF = 1, MCSF_err = 0.5
[AnalysisInputs::SetMCSF] sample : ttV
[AnalysisInputs::SetMCSF] => MCSF = 1, MCSF_err = 0.5
[AnalysisInputs::SetMCSF] sample : ttW
[AnalysisInputs::SetMCSF] => MCSF = 1, MCSF_err = 0.5
[AnalysisInputs::SetMCSF] sample : ttZ
[AnalysisInputs::SetMCSF] => MCSF = 1, MCSF_err = 0.5
[AnalysisInputs::SetMCSF] sample : ttH_nonbb
[AnalysisInputs::SetMCSF] => MCSF = 1, MCSF_err = 0.5
[AnalysisInputs::SetMCSF] sample : top
[AnalysisInputs::SetMCSF] => MCSF = 1, MCSF_err = 0.5
[AnalysisInputs::SetMCSF] sample : WZTo3LNu_powheg
[AnalysisInputs::SetMCSF] => MCSF = 0.9878, MCSF_err = 0.0890059
[AnalysisInputs::SetMCSF] sample : ZGto2LG
[AnalysisInputs::SetMCSF] => MCSF = 0.771776, MCSF_err = 0.152815
[AnalysisInputs::SetMCSF] sample : ZZTo4L_powheg
[AnalysisInputs::SetMCSF] => MCSF = 0.929269, MCSF_err = 0.103637
[AnalysisInputs::SetMCSF] sample : ggZZto2e2mu
[AnalysisInputs::SetMCSF] => MCSF = 0.929269, MCSF_err = 0.103637
[AnalysisInputs::SetMCSF] sample : ggZZto2e2nu
[AnalysisInputs::SetMCSF] => MCSF = 0.929269, MCSF_err = 0.103637
[AnalysisInputs::SetMCSF] sample : ggZZto2e2tau
[AnalysisInputs::SetMCSF] => MCSF = 0.929269, MCSF_err = 0.103637
[AnalysisInputs::SetMCSF] sample : ggZZto2mu2nu
[AnalysisInputs::SetMCSF] => MCSF = 0.929269, MCSF_err = 0.103637
[AnalysisInputs::SetMCSF] sample : ggZZto2mu2tau
[AnalysisInputs::SetMCSF] => MCSF = 0.929269, MCSF_err = 0.103637
[AnalysisInputs::SetMCSF] sample : ggZZto4e
[AnalysisInputs::SetMCSF] => MCSF = 0.929269, MCSF_err = 0.103637
[AnalysisInputs::SetMCSF] sample : ggZZto4mu
[AnalysisInputs::SetMCSF] => MCSF = 0.929269, MCSF_err = 0.103637
[AnalysisInputs::SetMCSF] sample : ggZZto4tau
[AnalysisInputs::SetMCSF] => MCSF = 0.929269, MCSF_err = 0.103637
[AnalysisInputs::SetCalculatedSysts] Get Systematics from /home/jskim/Documents/trilepton_13TeV/DiLepton/data/v8-0-7.32/Syst.txt
[AnalysisInputs::SetCalculatedSysts] source : Luminosity
[AnalysisInputs::SetCalculatedSysts] => % sysematic = 0.025
[AnalysisInputs::SetCalculatedSysts] source : FakeLooseID
[AnalysisInputs::SetCalculatedSysts] => % sysematic = 0.3
[AnalysisInputs::SetCalculatedSysts] source : ChrageFlipSyst
[AnalysisInputs::SetCalculatedSysts] => % sysematic = 0.21
[CutRangeInfo::ReadCutCard] Get Cutcard from /home/jskim/Documents/trilepton_13TeV/DiLepton/data/v8-0-7.32/CutOpCard/OPTIMIZED_171107_MuEl_HighMass/HNMuEl_100.txt
prompt_tau21_syst = 0
signal_tau21_syst = 0
Central	35.1908	17.1591	0
_MuonEn_up	35.4535	17.1591	0
_MuonEn_down	34.7866	17.1591	0
_MuonIDSF_up	36.6052	17.1591	0
_MuonIDSF_down	34.2034	17.1591	0
_ElectronEn_up	35.5441	17.1591	0
_ElectronEn_down	35.3913	17.1591	0
_ElectronIDSF_up	35.8346	17.1591	0
_ElectronIDSF_down	34.244	17.1591	0
_TriggerSF_up	35.0862	17.1591	0
_TriggerSF_down	35.1108	17.1591	0
_PU_up	34.3808	17.1591	0
_PU_down	34.8535	17.1591	0
_JetEn_up	34.8565	17.1591	0
_JetEn_down	27.5758	17.1591	0
_JetRes_up	31.3707	17.1591	0
_JetRes_down	34.4165	17.1591	0
_Unclustered_up	33.1785	17.1591	0
_Unclustered_down	33.1669	17.1591	0
_BTagSFEff_up	35.2835	17.1591	0
_BTagSFEff_down	35.1765	17.1591	0
_BTagSFMiss_up	34.0788	17.1591	0
_BTagSFMiss_down	35.1768	17.1591	0
_JetMass_up	35.1422	17.1591	0
_JetMass_down	34.9384	17.1591	0
_JetMassRes_up	35.0515	17.1591	0
_JetMassRes_down	35.3532	17.1591	0

################ Sources ################
Source	SystTotal	SystPrompt	SystFake	Signal
Stat 9.52 13.76  6.87  -nan  2.53
Lumi 1.68  2.50 -  -  2.50
PDF  -  -  -  -  8.53
MuonPt  0.65 0.97  -  -  0.78
MuonID  2.33 3.47  -  -  3.52
ElectronE  0.55 0.82  -  -  1.19
ElectronID  1.55 2.30  -  -  2.05
Trigger  0.18 0.26  -  -  0.22
PU  1.19 1.76  -  -  2.51
JES  10.30 15.32  -  -  0.93
JER  5.26 7.83  -  -  2.31
Uncl  3.85 5.73  -  -  3.60
BEff  0.13 0.19  -  -  0.33
BMiss  1.50 2.23  -  -  0.73
JMS  0.35 0.52  -  -  0.07
JMR  0.29 0.43  -  -  0.23
Tau21 0.00  0.00 -  -  0.00
MCNorm 3.78  5.63 -  -  -
Fake 9.83  -  30.00 - -
CF 0.00  -  -  -nan -
Total Systematic 16.58 19.86  30.00  -nan  11.13

Total Background	52.350
- Prompt	35.191
- Fake	17.159
- CF	0.000

####### Result #######
Signal Eff	0.015159
52.349897 1.191194
41.530367 1.114131
