
Processing HNMuEl_600.C...
[AnalysisInputs::SetMCSF] Get MC SF from /home/jskim/Documents/trilepton_13TeV/DiLepton/data/v8-0-7.32/MCSF.txt
[AnalysisInputs::SetMCSF] sample : VVV
[AnalysisInputs::SetMCSF] => MCSF = 1, MCSF_err = 0.5
[AnalysisInputs::SetMCSF] sample : WWW
[AnalysisInputs::SetMCSF] => MCSF = 1, MCSF_err = 0.5
[AnalysisInputs::SetMCSF] sample : WWZ
[AnalysisInputs::SetMCSF] => MCSF = 1, MCSF_err = 0.5
[AnalysisInputs::SetMCSF] sample : WZZ
[AnalysisInputs::SetMCSF] => MCSF = 1, MCSF_err = 0.5
[AnalysisInputs::SetMCSF] sample : ZZZ
[AnalysisInputs::SetMCSF] => MCSF = 1, MCSF_err = 0.5
[AnalysisInputs::SetMCSF] sample : ttV
[AnalysisInputs::SetMCSF] => MCSF = 1, MCSF_err = 0.5
[AnalysisInputs::SetMCSF] sample : ttW
[AnalysisInputs::SetMCSF] => MCSF = 1, MCSF_err = 0.5
[AnalysisInputs::SetMCSF] sample : ttZ
[AnalysisInputs::SetMCSF] => MCSF = 1, MCSF_err = 0.5
[AnalysisInputs::SetMCSF] sample : ttH_nonbb
[AnalysisInputs::SetMCSF] => MCSF = 1, MCSF_err = 0.5
[AnalysisInputs::SetMCSF] sample : top
[AnalysisInputs::SetMCSF] => MCSF = 1, MCSF_err = 0.5
[AnalysisInputs::SetMCSF] sample : WZTo3LNu_powheg
[AnalysisInputs::SetMCSF] => MCSF = 0.9878, MCSF_err = 0.0890059
[AnalysisInputs::SetMCSF] sample : ZGto2LG
[AnalysisInputs::SetMCSF] => MCSF = 0.771776, MCSF_err = 0.152815
[AnalysisInputs::SetMCSF] sample : ZZTo4L_powheg
[AnalysisInputs::SetMCSF] => MCSF = 0.929269, MCSF_err = 0.103637
[AnalysisInputs::SetMCSF] sample : ggZZto2e2mu
[AnalysisInputs::SetMCSF] => MCSF = 0.929269, MCSF_err = 0.103637
[AnalysisInputs::SetMCSF] sample : ggZZto2e2nu
[AnalysisInputs::SetMCSF] => MCSF = 0.929269, MCSF_err = 0.103637
[AnalysisInputs::SetMCSF] sample : ggZZto2e2tau
[AnalysisInputs::SetMCSF] => MCSF = 0.929269, MCSF_err = 0.103637
[AnalysisInputs::SetMCSF] sample : ggZZto2mu2nu
[AnalysisInputs::SetMCSF] => MCSF = 0.929269, MCSF_err = 0.103637
[AnalysisInputs::SetMCSF] sample : ggZZto2mu2tau
[AnalysisInputs::SetMCSF] => MCSF = 0.929269, MCSF_err = 0.103637
[AnalysisInputs::SetMCSF] sample : ggZZto4e
[AnalysisInputs::SetMCSF] => MCSF = 0.929269, MCSF_err = 0.103637
[AnalysisInputs::SetMCSF] sample : ggZZto4mu
[AnalysisInputs::SetMCSF] => MCSF = 0.929269, MCSF_err = 0.103637
[AnalysisInputs::SetMCSF] sample : ggZZto4tau
[AnalysisInputs::SetMCSF] => MCSF = 0.929269, MCSF_err = 0.103637
[AnalysisInputs::SetCalculatedSysts] Get Systematics from /home/jskim/Documents/trilepton_13TeV/DiLepton/data/v8-0-7.32/Syst.txt
[AnalysisInputs::SetCalculatedSysts] source : Luminosity
[AnalysisInputs::SetCalculatedSysts] => % sysematic = 0.025
[AnalysisInputs::SetCalculatedSysts] source : FakeLooseID
[AnalysisInputs::SetCalculatedSysts] => % sysematic = 0.3
[AnalysisInputs::SetCalculatedSysts] source : ChrageFlipSyst
[AnalysisInputs::SetCalculatedSysts] => % sysematic = 0.21
[CutRangeInfo::ReadCutCard] Get Cutcard from /home/jskim/Documents/trilepton_13TeV/DiLepton/data/v8-0-7.32/CutOpCard/OPTIMIZED_171107_MuEl_HighMass/HNMuEl_600.txt
prompt_tau21_syst = 0
signal_tau21_syst = 0
Central	2.29252	0.26742	0
_MuonEn_up	2.62895	0.26742	0
_MuonEn_down	2.14818	0.26742	0
_MuonIDSF_up	2.35088	0.26742	0
_MuonIDSF_down	2.25969	0.26742	0
_ElectronEn_up	2.33909	0.26742	0
_ElectronEn_down	2.30663	0.26742	0
_ElectronIDSF_up	2.35154	0.26742	0
_ElectronIDSF_down	2.2582	0.26742	0
_TriggerSF_up	2.30502	0.26742	0
_TriggerSF_down	2.30173	0.26742	0
_PU_up	2.406	0.26742	0
_PU_down	2.17592	0.26742	0
_JetEn_up	2.34355	0.26742	0
_JetEn_down	2.39907	0.26742	0
_JetRes_up	2.28211	0.26742	0
_JetRes_down	3.32914	0.26742	0
_Unclustered_up	2.4085	0.26742	0
_Unclustered_down	2.29505	0.26742	0
_BTagSFEff_up	2.20716	0.26742	0
_BTagSFEff_down	2.30852	0.26742	0
_BTagSFMiss_up	2.30348	0.26742	0
_BTagSFMiss_down	2.3084	0.26742	0
_JetMass_up	2.3011	0.26742	0
_JetMass_down	2.30316	0.26742	0
_JetMassRes_up	2.31019	0.26742	0
_JetMassRes_down	2.3016	0.26742	0

################ Sources ################
Source	SystTotal	SystPrompt	SystFake	Signal
Stat 39.20 43.36  50.97  -nan  1.28
Lumi 2.24  2.50 -  -  2.50
PDF  -  -  -  -  8.53
MuonPt  10.11 11.29  -  -  2.52
MuonID  1.85 2.07  -  -  1.92
ElectronE  1.34 1.50  -  -  0.30
ElectronID  1.89 2.11  -  -  1.89
Trigger  0.43 0.48  -  -  0.19
PU  4.49 5.02  -  -  0.30
JES  3.26 3.64  -  -  0.79
JER  28.64 31.98  -  -  0.39
Uncl  3.20 3.58  -  -  0.38
BEff  2.40 2.68  -  -  0.55
BMiss  0.53 0.60  -  -  0.42
JMS  0.38 0.42  -  -  0.06
JMR  0.55 0.61  -  -  0.09
Tau21 0.00  0.00 -  -  0.00
MCNorm 6.73  7.52 -  -  -
Fake 3.13  -  30.00 - -
CF 0.00  -  -  -nan -
Total Systematic 32.23 35.82  30.00  -nan  9.71

Total Background	2.560
- Prompt	2.293
- Fake	0.267
- CF	0.000

####### Result #######
Signal Eff	0.073856
2.559939 1.507470
0.114236 1.097894
