
Processing HNMuEl_200.C...
[AnalysisInputs::SetMCSF] Get MC SF from /home/jskim/Documents/trilepton_13TeV/DiLepton/data/v8-0-7.32/MCSF.txt
[AnalysisInputs::SetMCSF] sample : VVV
[AnalysisInputs::SetMCSF] => MCSF = 1, MCSF_err = 0.5
[AnalysisInputs::SetMCSF] sample : WWW
[AnalysisInputs::SetMCSF] => MCSF = 1, MCSF_err = 0.5
[AnalysisInputs::SetMCSF] sample : WWZ
[AnalysisInputs::SetMCSF] => MCSF = 1, MCSF_err = 0.5
[AnalysisInputs::SetMCSF] sample : WZZ
[AnalysisInputs::SetMCSF] => MCSF = 1, MCSF_err = 0.5
[AnalysisInputs::SetMCSF] sample : ZZZ
[AnalysisInputs::SetMCSF] => MCSF = 1, MCSF_err = 0.5
[AnalysisInputs::SetMCSF] sample : ttV
[AnalysisInputs::SetMCSF] => MCSF = 1, MCSF_err = 0.5
[AnalysisInputs::SetMCSF] sample : ttW
[AnalysisInputs::SetMCSF] => MCSF = 1, MCSF_err = 0.5
[AnalysisInputs::SetMCSF] sample : ttZ
[AnalysisInputs::SetMCSF] => MCSF = 1, MCSF_err = 0.5
[AnalysisInputs::SetMCSF] sample : ttH_nonbb
[AnalysisInputs::SetMCSF] => MCSF = 1, MCSF_err = 0.5
[AnalysisInputs::SetMCSF] sample : top
[AnalysisInputs::SetMCSF] => MCSF = 1, MCSF_err = 0.5
[AnalysisInputs::SetMCSF] sample : WZTo3LNu_powheg
[AnalysisInputs::SetMCSF] => MCSF = 0.9878, MCSF_err = 0.0890059
[AnalysisInputs::SetMCSF] sample : ZGto2LG
[AnalysisInputs::SetMCSF] => MCSF = 0.771776, MCSF_err = 0.152815
[AnalysisInputs::SetMCSF] sample : ZZTo4L_powheg
[AnalysisInputs::SetMCSF] => MCSF = 0.929269, MCSF_err = 0.103637
[AnalysisInputs::SetMCSF] sample : ggZZto2e2mu
[AnalysisInputs::SetMCSF] => MCSF = 0.929269, MCSF_err = 0.103637
[AnalysisInputs::SetMCSF] sample : ggZZto2e2nu
[AnalysisInputs::SetMCSF] => MCSF = 0.929269, MCSF_err = 0.103637
[AnalysisInputs::SetMCSF] sample : ggZZto2e2tau
[AnalysisInputs::SetMCSF] => MCSF = 0.929269, MCSF_err = 0.103637
[AnalysisInputs::SetMCSF] sample : ggZZto2mu2nu
[AnalysisInputs::SetMCSF] => MCSF = 0.929269, MCSF_err = 0.103637
[AnalysisInputs::SetMCSF] sample : ggZZto2mu2tau
[AnalysisInputs::SetMCSF] => MCSF = 0.929269, MCSF_err = 0.103637
[AnalysisInputs::SetMCSF] sample : ggZZto4e
[AnalysisInputs::SetMCSF] => MCSF = 0.929269, MCSF_err = 0.103637
[AnalysisInputs::SetMCSF] sample : ggZZto4mu
[AnalysisInputs::SetMCSF] => MCSF = 0.929269, MCSF_err = 0.103637
[AnalysisInputs::SetMCSF] sample : ggZZto4tau
[AnalysisInputs::SetMCSF] => MCSF = 0.929269, MCSF_err = 0.103637
[AnalysisInputs::SetCalculatedSysts] Get Systematics from /home/jskim/Documents/trilepton_13TeV/DiLepton/data/v8-0-7.32/Syst.txt
[AnalysisInputs::SetCalculatedSysts] source : Luminosity
[AnalysisInputs::SetCalculatedSysts] => % sysematic = 0.025
[AnalysisInputs::SetCalculatedSysts] source : FakeLooseID
[AnalysisInputs::SetCalculatedSysts] => % sysematic = 0.3
[AnalysisInputs::SetCalculatedSysts] source : ChrageFlipSyst
[AnalysisInputs::SetCalculatedSysts] => % sysematic = 0.21
[CutRangeInfo::ReadCutCard] Get Cutcard from /home/jskim/Documents/trilepton_13TeV/DiLepton/data/v8-0-7.32/CutOpCard/OPTIMIZED_171107_MuEl_HighMass/HNMuEl_200.txt
prompt_tau21_syst = 0
signal_tau21_syst = 0
Central	11.3641	2.15775	0
_MuonEn_up	11.8191	2.15775	0
_MuonEn_down	11.4416	2.15775	0
_MuonIDSF_up	11.6932	2.15775	0
_MuonIDSF_down	11.1083	2.15775	0
_ElectronEn_up	11.4803	2.15775	0
_ElectronEn_down	11.2583	2.15775	0
_ElectronIDSF_up	11.5251	2.15775	0
_ElectronIDSF_down	11.2007	2.15775	0
_TriggerSF_up	11.2981	2.15775	0
_TriggerSF_down	11.3537	2.15775	0
_PU_up	11.3064	2.15775	0
_PU_down	11.74	2.15775	0
_JetEn_up	12.3221	2.15775	0
_JetEn_down	11.7269	2.15775	0
_JetRes_up	10.7857	2.15775	0
_JetRes_down	11.4045	2.15775	0
_Unclustered_up	11.116	2.15775	0
_Unclustered_down	12.0356	2.15775	0
_BTagSFEff_up	11.17	2.15775	0
_BTagSFEff_down	11.4682	2.15775	0
_BTagSFMiss_up	11.2852	2.15775	0
_BTagSFMiss_down	11.3989	2.15775	0
_JetMass_up	11.389	2.15775	0
_JetMass_down	11.3865	2.15775	0
_JetMassRes_up	11.2316	2.15775	0
_JetMassRes_down	11.3451	2.15775	0

################ Sources ################
Source	SystTotal	SystPrompt	SystFake	Signal
Stat 6.61 7.06  18.27  -nan  1.21
Lumi 2.10  2.50 -  -  2.50
PDF  -  -  -  -  8.53
MuonPt  2.41 2.87  -  -  1.64
MuonID  2.18 2.59  -  -  2.20
ElectronE  0.82 0.98  -  -  0.68
ElectronID  1.20 1.43  -  -  2.23
Trigger  0.35 0.42  -  -  0.11
PU  1.99 2.37  -  -  1.49
JES  5.36 6.37  -  -  2.29
JER  3.03 3.61  -  -  1.30
Uncl  3.74 4.45  -  -  1.40
BEff  1.15 1.37  -  -  0.23
BMiss  0.45 0.54  -  -  0.37
JMS  0.18 0.21  -  -  0.13
JMR  0.70 0.83  -  -  0.10
Tau21 0.00  0.00 -  -  0.00
MCNorm 10.53  12.52 -  -  -
Fake 4.79  -  30.00 - -
CF 0.00  -  -  -nan -
Total Systematic 14.45 16.22  30.00  -nan  10.16

Total Background	13.522
- Prompt	11.364
- Fake	2.158
- CF	0.000

####### Result #######
Signal Eff	0.067822
13.521881 1.158905
7.616000 1.102364
