
Processing HNMuEl_1200.C...
[AnalysisInputs::SetMCSF] Get MC SF from /home/jskim/Documents/trilepton_13TeV/DiLepton/data/v8-0-7.32/MCSF.txt
[AnalysisInputs::SetMCSF] sample : VVV
[AnalysisInputs::SetMCSF] => MCSF = 1, MCSF_err = 0.5
[AnalysisInputs::SetMCSF] sample : WWW
[AnalysisInputs::SetMCSF] => MCSF = 1, MCSF_err = 0.5
[AnalysisInputs::SetMCSF] sample : WWZ
[AnalysisInputs::SetMCSF] => MCSF = 1, MCSF_err = 0.5
[AnalysisInputs::SetMCSF] sample : WZZ
[AnalysisInputs::SetMCSF] => MCSF = 1, MCSF_err = 0.5
[AnalysisInputs::SetMCSF] sample : ZZZ
[AnalysisInputs::SetMCSF] => MCSF = 1, MCSF_err = 0.5
[AnalysisInputs::SetMCSF] sample : ttV
[AnalysisInputs::SetMCSF] => MCSF = 1, MCSF_err = 0.5
[AnalysisInputs::SetMCSF] sample : ttW
[AnalysisInputs::SetMCSF] => MCSF = 1, MCSF_err = 0.5
[AnalysisInputs::SetMCSF] sample : ttZ
[AnalysisInputs::SetMCSF] => MCSF = 1, MCSF_err = 0.5
[AnalysisInputs::SetMCSF] sample : ttH_nonbb
[AnalysisInputs::SetMCSF] => MCSF = 1, MCSF_err = 0.5
[AnalysisInputs::SetMCSF] sample : top
[AnalysisInputs::SetMCSF] => MCSF = 1, MCSF_err = 0.5
[AnalysisInputs::SetMCSF] sample : WZTo3LNu_powheg
[AnalysisInputs::SetMCSF] => MCSF = 0.9878, MCSF_err = 0.0890059
[AnalysisInputs::SetMCSF] sample : ZGto2LG
[AnalysisInputs::SetMCSF] => MCSF = 0.771776, MCSF_err = 0.152815
[AnalysisInputs::SetMCSF] sample : ZZTo4L_powheg
[AnalysisInputs::SetMCSF] => MCSF = 0.929269, MCSF_err = 0.103637
[AnalysisInputs::SetMCSF] sample : ggZZto2e2mu
[AnalysisInputs::SetMCSF] => MCSF = 0.929269, MCSF_err = 0.103637
[AnalysisInputs::SetMCSF] sample : ggZZto2e2nu
[AnalysisInputs::SetMCSF] => MCSF = 0.929269, MCSF_err = 0.103637
[AnalysisInputs::SetMCSF] sample : ggZZto2e2tau
[AnalysisInputs::SetMCSF] => MCSF = 0.929269, MCSF_err = 0.103637
[AnalysisInputs::SetMCSF] sample : ggZZto2mu2nu
[AnalysisInputs::SetMCSF] => MCSF = 0.929269, MCSF_err = 0.103637
[AnalysisInputs::SetMCSF] sample : ggZZto2mu2tau
[AnalysisInputs::SetMCSF] => MCSF = 0.929269, MCSF_err = 0.103637
[AnalysisInputs::SetMCSF] sample : ggZZto4e
[AnalysisInputs::SetMCSF] => MCSF = 0.929269, MCSF_err = 0.103637
[AnalysisInputs::SetMCSF] sample : ggZZto4mu
[AnalysisInputs::SetMCSF] => MCSF = 0.929269, MCSF_err = 0.103637
[AnalysisInputs::SetMCSF] sample : ggZZto4tau
[AnalysisInputs::SetMCSF] => MCSF = 0.929269, MCSF_err = 0.103637
[AnalysisInputs::SetCalculatedSysts] Get Systematics from /home/jskim/Documents/trilepton_13TeV/DiLepton/data/v8-0-7.32/Syst.txt
[AnalysisInputs::SetCalculatedSysts] source : Luminosity
[AnalysisInputs::SetCalculatedSysts] => % sysematic = 0.025
[AnalysisInputs::SetCalculatedSysts] source : FakeLooseID
[AnalysisInputs::SetCalculatedSysts] => % sysematic = 0.3
[AnalysisInputs::SetCalculatedSysts] source : ChrageFlipSyst
[AnalysisInputs::SetCalculatedSysts] => % sysematic = 0.21
[CutRangeInfo::ReadCutCard] Get Cutcard from /home/jskim/Documents/trilepton_13TeV/DiLepton/data/v8-0-7.32/CutOpCard/OPTIMIZED_171107_MuEl_HighMass/HNMuEl_1200.txt
prompt_tau21_syst = 0
signal_tau21_syst = 0
Central	1.52938	0.194165	0
_MuonEn_up	1.55473	0.194165	0
_MuonEn_down	1.47666	0.194165	0
_MuonIDSF_up	1.56048	0.194165	0
_MuonIDSF_down	1.48848	0.194165	0
_ElectronEn_up	1.53223	0.194165	0
_ElectronEn_down	1.51581	0.194165	0
_ElectronIDSF_up	1.55618	0.194165	0
_ElectronIDSF_down	1.48666	0.194165	0
_TriggerSF_up	1.52577	0.194165	0
_TriggerSF_down	1.52228	0.194165	0
_PU_up	1.59654	0.194165	0
_PU_down	1.43682	0.194165	0
_JetEn_up	1.42916	0.194165	0
_JetEn_down	1.53076	0.194165	0
_JetRes_up	1.51086	0.194165	0
_JetRes_down	1.51034	0.194165	0
_Unclustered_up	1.53909	0.194165	0
_Unclustered_down	1.50801	0.194165	0
_BTagSFEff_up	1.50729	0.194165	0
_BTagSFEff_down	1.53378	0.194165	0
_BTagSFMiss_up	1.52144	0.194165	0
_BTagSFMiss_down	1.52541	0.194165	0
_JetMass_up	1.51967	0.194165	0
_JetMass_down	1.52741	0.194165	0
_JetMassRes_up	1.5254	0.194165	0
_JetMassRes_down	1.51907	0.194165	0

################ Sources ################
Source	SystTotal	SystPrompt	SystFake	Signal
Stat 57.07 63.87  59.19  -nan  1.97
Lumi 2.22  2.50 -  -  2.50
PDF  -  -  -  -  8.53
MuonPt  2.40 2.70  -  -  3.28
MuonID  2.11 2.38  -  -  2.08
ElectronE  0.57 0.64  -  -  0.44
ElectronID  2.07 2.33  -  -  1.81
Trigger  0.33 0.37  -  -  0.02
PU  4.69 5.29  -  -  0.42
JES  4.11 4.63  -  -  1.57
JER  1.09 1.23  -  -  0.68
Uncl  0.96 1.09  -  -  0.25
BEff  0.92 1.04  -  -  0.59
BMiss  0.36 0.41  -  -  0.55
JMS  0.41 0.46  -  -  0.16
JMR  0.45 0.51  -  -  0.10
Tau21 0.00  0.00 -  -  0.00
MCNorm 5.23  5.89 -  -  -
Fake 3.38  -  30.00 - -
CF 0.00  -  -  -nan -
Total Systematic 10.05 10.66  30.00  -nan  10.07

Total Background	1.724
- Prompt	1.529
- Fake	0.194
- CF	0.000

####### Result #######
Signal Eff	0.034370
1.723543 1.579474
0.002268 1.102621
