
Processing HNElEl_200.C...
[AnalysisInputs::SetMCSF] Get MC SF from /home/jskim/Documents/trilepton_13TeV/DiLepton/data/v8-0-7.36/MCSF.txt
[AnalysisInputs::SetMCSF] sample : VVV
[AnalysisInputs::SetMCSF] => MCSF = 1, MCSF_err = 0.5
[AnalysisInputs::SetMCSF] sample : WWW
[AnalysisInputs::SetMCSF] => MCSF = 1, MCSF_err = 0.5
[AnalysisInputs::SetMCSF] sample : WWZ
[AnalysisInputs::SetMCSF] => MCSF = 1, MCSF_err = 0.5
[AnalysisInputs::SetMCSF] sample : WZZ
[AnalysisInputs::SetMCSF] => MCSF = 1, MCSF_err = 0.5
[AnalysisInputs::SetMCSF] sample : ZZZ
[AnalysisInputs::SetMCSF] => MCSF = 1, MCSF_err = 0.5
[AnalysisInputs::SetMCSF] sample : ttV
[AnalysisInputs::SetMCSF] => MCSF = 1, MCSF_err = 0.5
[AnalysisInputs::SetMCSF] sample : ttW
[AnalysisInputs::SetMCSF] => MCSF = 1, MCSF_err = 0.5
[AnalysisInputs::SetMCSF] sample : ttZ
[AnalysisInputs::SetMCSF] => MCSF = 1, MCSF_err = 0.5
[AnalysisInputs::SetMCSF] sample : ttH_nonbb
[AnalysisInputs::SetMCSF] => MCSF = 1, MCSF_err = 0.5
[AnalysisInputs::SetMCSF] sample : top
[AnalysisInputs::SetMCSF] => MCSF = 1, MCSF_err = 0.5
[AnalysisInputs::SetMCSF] sample : WZTo3LNu_powheg
[AnalysisInputs::SetMCSF] => MCSF = 1.00165, MCSF_err = 0.0888561
[AnalysisInputs::SetMCSF] sample : ZGto2LG
[AnalysisInputs::SetMCSF] => MCSF = 0.794861, MCSF_err = 0.155181
[AnalysisInputs::SetMCSF] sample : ZZTo4L_powheg
[AnalysisInputs::SetMCSF] => MCSF = 0.926685, MCSF_err = 0.102827
[AnalysisInputs::SetMCSF] sample : ggZZto2e2mu
[AnalysisInputs::SetMCSF] => MCSF = 0.926685, MCSF_err = 0.102827
[AnalysisInputs::SetMCSF] sample : ggZZto2e2nu
[AnalysisInputs::SetMCSF] => MCSF = 0.926685, MCSF_err = 0.102827
[AnalysisInputs::SetMCSF] sample : ggZZto2e2tau
[AnalysisInputs::SetMCSF] => MCSF = 0.926685, MCSF_err = 0.102827
[AnalysisInputs::SetMCSF] sample : ggZZto2mu2nu
[AnalysisInputs::SetMCSF] => MCSF = 0.926685, MCSF_err = 0.102827
[AnalysisInputs::SetMCSF] sample : ggZZto2mu2tau
[AnalysisInputs::SetMCSF] => MCSF = 0.926685, MCSF_err = 0.102827
[AnalysisInputs::SetMCSF] sample : ggZZto4e
[AnalysisInputs::SetMCSF] => MCSF = 0.926685, MCSF_err = 0.102827
[AnalysisInputs::SetMCSF] sample : ggZZto4mu
[AnalysisInputs::SetMCSF] => MCSF = 0.926685, MCSF_err = 0.102827
[AnalysisInputs::SetMCSF] sample : ggZZto4tau
[AnalysisInputs::SetMCSF] => MCSF = 0.926685, MCSF_err = 0.102827
[AnalysisInputs::SetCalculatedSysts] Get Systematics from /home/jskim/Documents/trilepton_13TeV/DiLepton/data/v8-0-7.36/Syst.txt
[AnalysisInputs::SetCalculatedSysts] source : Luminosity
[AnalysisInputs::SetCalculatedSysts] => % sysematic = 0.025
[AnalysisInputs::SetCalculatedSysts] source : FakeLooseID
[AnalysisInputs::SetCalculatedSysts] => % sysematic = 0.3
[AnalysisInputs::SetCalculatedSysts] source : ChrageFlipSyst
[AnalysisInputs::SetCalculatedSysts] => % sysematic = 0.21
[CutRangeInfo::ReadCutCard] Get Cutcard from /home/jskim/Documents/trilepton_13TeV/DiLepton/data/v8-0-7.36/CutOpCard/OPTIMIZED_171107_ElEl_HighMass/HNElEl_200.txt
prompt_tau21_syst = 0
signal_tau21_syst = 0
Central	17.6576	6.4497	3.05947
_MuonEn_up	17.7688	6.4497	3.05947
_MuonEn_down	17.3684	6.4497	3.05947
_MuonIDSF_up	18.0526	6.4497	3.05947
_MuonIDSF_down	17.8655	6.4497	3.05947
_ElectronEn_up	17.6559	6.4497	3.05947
_ElectronEn_down	17.428	6.4497	3.05947
_ElectronIDSF_up	18.4099	6.4497	3.05947
_ElectronIDSF_down	17.1945	6.4497	3.05947
_TriggerSF_up	18.1077	6.4497	3.05947
_TriggerSF_down	17.746	6.4497	3.05947
_PU_up	17.2696	6.4497	3.05947
_PU_down	18.2739	6.4497	3.05947
_JetEn_up	16.463	6.4497	3.05947
_JetEn_down	17.3112	6.4497	3.05947
_JetRes_up	16.3578	6.4497	3.05947
_JetRes_down	17.1297	6.4497	3.05947
_Unclustered_up	14.7897	6.4497	3.05947
_Unclustered_down	16.7132	6.4497	3.05947
_BTagSFEff_up	17.6452	6.4497	3.05947
_BTagSFEff_down	17.7523	6.4497	3.05947
_BTagSFMiss_up	17.6547	6.4497	3.05947
_BTagSFMiss_down	17.7639	6.4497	3.05947
_JetMass_up	17.6552	6.4497	3.05947
_JetMass_down	17.6969	6.4497	3.05947
_JetMassRes_up	17.7724	6.4497	3.05947
_JetMassRes_down	18.0942	6.4497	3.05947

################ Sources ################
Source	SystTotal	SystPrompt	SystFake	Signal
Stat 10.45 15.55  11.15  1.96  1.52
Lumi 1.62  2.50 -  -  2.50
PDF  -  -  -  -  8.53
MuonPt  0.81 1.24  -  -  0.21
MuonID  1.16 1.79  -  -  0.39
ElectronE  0.60 0.92  -  -  1.09
ElectronID  2.30 3.54  -  -  3.88
Trigger  1.19 1.84  -  -  0.53
PU  1.90 2.92  -  -  2.59
JES  3.24 4.98  -  -  1.06
JER  3.65 5.62  -  -  0.84
Uncl  7.86 12.09  -  -  1.98
BEff  0.25 0.38  -  -  0.45
BMiss  0.28 0.43  -  -  0.69
JMS  0.10 0.16  -  -  0.49
JMR  1.18 1.81  -  -  0.40
Tau21 0.00  0.00 -  -  0.00
MCNorm 4.54  6.98 -  -  -
Fake 7.12  -  30.00 - -
CF 2.36  -  -  21.00 -
Total Systematic 13.18 17.06  30.00  21.00  10.45

Total Background	27.167
- Prompt	17.658
- Fake	6.450
- CF	3.059

####### Result #######
Signal Eff	0.079500
27.166728 1.169886
8.765094 1.105630
