
Processing Bin2_HNMuMu_40.C...
[AnalysisInputs::SetMCSF] Get MC SF from /home/jskim/Documents/trilepton_13TeV/DiLepton/data/v8-0-7.32/MCSF.txt
[AnalysisInputs::SetMCSF] sample : VVV
[AnalysisInputs::SetMCSF] => MCSF = 1, MCSF_err = 0.5
[AnalysisInputs::SetMCSF] sample : WWW
[AnalysisInputs::SetMCSF] => MCSF = 1, MCSF_err = 0.5
[AnalysisInputs::SetMCSF] sample : WWZ
[AnalysisInputs::SetMCSF] => MCSF = 1, MCSF_err = 0.5
[AnalysisInputs::SetMCSF] sample : WZZ
[AnalysisInputs::SetMCSF] => MCSF = 1, MCSF_err = 0.5
[AnalysisInputs::SetMCSF] sample : ZZZ
[AnalysisInputs::SetMCSF] => MCSF = 1, MCSF_err = 0.5
[AnalysisInputs::SetMCSF] sample : ttV
[AnalysisInputs::SetMCSF] => MCSF = 1, MCSF_err = 0.5
[AnalysisInputs::SetMCSF] sample : ttW
[AnalysisInputs::SetMCSF] => MCSF = 1, MCSF_err = 0.5
[AnalysisInputs::SetMCSF] sample : ttZ
[AnalysisInputs::SetMCSF] => MCSF = 1, MCSF_err = 0.5
[AnalysisInputs::SetMCSF] sample : ttH_nonbb
[AnalysisInputs::SetMCSF] => MCSF = 1, MCSF_err = 0.5
[AnalysisInputs::SetMCSF] sample : top
[AnalysisInputs::SetMCSF] => MCSF = 1, MCSF_err = 0.5
[AnalysisInputs::SetMCSF] sample : WZTo3LNu_powheg
[AnalysisInputs::SetMCSF] => MCSF = 0.990529, MCSF_err = 0.0659614
[AnalysisInputs::SetMCSF] sample : ZGto2LG
[AnalysisInputs::SetMCSF] => MCSF = 0.779045, MCSF_err = 0.182441
[AnalysisInputs::SetMCSF] sample : ZZTo4L_powheg
[AnalysisInputs::SetMCSF] => MCSF = 0.93079, MCSF_err = 0.110885
[AnalysisInputs::SetMCSF] sample : ggZZto2e2mu
[AnalysisInputs::SetMCSF] => MCSF = 0.93079, MCSF_err = 0.110885
[AnalysisInputs::SetMCSF] sample : ggZZto2e2nu
[AnalysisInputs::SetMCSF] => MCSF = 0.93079, MCSF_err = 0.110885
[AnalysisInputs::SetMCSF] sample : ggZZto2e2tau
[AnalysisInputs::SetMCSF] => MCSF = 0.93079, MCSF_err = 0.110885
[AnalysisInputs::SetMCSF] sample : ggZZto2mu2nu
[AnalysisInputs::SetMCSF] => MCSF = 0.93079, MCSF_err = 0.110885
[AnalysisInputs::SetMCSF] sample : ggZZto2mu2tau
[AnalysisInputs::SetMCSF] => MCSF = 0.93079, MCSF_err = 0.110885
[AnalysisInputs::SetMCSF] sample : ggZZto4e
[AnalysisInputs::SetMCSF] => MCSF = 0.93079, MCSF_err = 0.110885
[AnalysisInputs::SetMCSF] sample : ggZZto4mu
[AnalysisInputs::SetMCSF] => MCSF = 0.93079, MCSF_err = 0.110885
[AnalysisInputs::SetMCSF] sample : ggZZto4tau
[AnalysisInputs::SetMCSF] => MCSF = 0.93079, MCSF_err = 0.110885
[AnalysisInputs::SetCalculatedSysts] Get Systematics from /home/jskim/Documents/trilepton_13TeV/DiLepton/data/v8-0-7.32/Syst.txt
[AnalysisInputs::SetCalculatedSysts] source : Luminosity
[AnalysisInputs::SetCalculatedSysts] => % sysematic = 0.025
[AnalysisInputs::SetCalculatedSysts] source : FakeLooseID
[AnalysisInputs::SetCalculatedSysts] => % sysematic = 0.3
[AnalysisInputs::SetCalculatedSysts] source : ChrageFlipSyst
[AnalysisInputs::SetCalculatedSysts] => % sysematic = 0.21
[CutRangeInfo::ReadCutCard] Get Cutcard from /home/jskim/Documents/trilepton_13TeV/DiLepton/data/v8-0-7.32/CutOpCard/OPTIMIZED_171021_MuMu_LowMass_Bin2/HNMuMu_40.txt
prompt_tau21_syst = 0
signal_tau21_syst = 0
Central	14.5979	15.6366	0
_MuonEn_up	14.431	15.6366	0
_MuonEn_down	14.4175	15.6366	0
_MuonIDSF_up	16.4631	15.6366	0
_MuonIDSF_down	12.8539	15.6366	0
_ElectronEn_up	13.5983	15.6366	0
_ElectronEn_down	14.5272	15.6366	0
_ElectronIDSF_up	14.6114	15.6366	0
_ElectronIDSF_down	14.5951	15.6366	0
_TriggerSF_up	14.6601	15.6366	0
_TriggerSF_down	14.6107	15.6366	0
_PU_up	14.4326	15.6366	0
_PU_down	14.5104	15.6366	0
_JetEn_up	15.3438	15.6366	0
_JetEn_down	14.5991	15.6366	0
_JetRes_up	15.5312	15.6366	0
_JetRes_down	14.0184	15.6366	0
_Unclustered_up	13.6032	15.6366	0
_Unclustered_down	15.0123	15.6366	0
_BTagSFEff_up	14.6054	15.6366	0
_BTagSFEff_down	14.6057	15.6366	0
_BTagSFMiss_up	14.5974	15.6366	0
_BTagSFMiss_down	14.67	15.6366	0
_JetMass_up	14.6184	15.6366	0
_JetMass_down	14.6054	15.6366	0
_JetMassRes_up	14.6054	15.6366	0
_JetMassRes_down	14.5254	15.6366	0

################ Sources ################
Source	SystTotal	SystPrompt	SystFake	Signal
Stat 10.51 18.98  9.96  -nan  3.91
Lumi 1.21  2.50 -  -  2.50
PDF  -  -  -  -  7.01
MuonPt  0.57 1.19  -  -  0.41
MuonID  5.97 12.37  -  -  12.20
ElectronE  2.34 4.85  -  -  0.35
ElectronID  0.03 0.07  -  -  0.64
Trigger  0.15 0.31  -  -  0.42
PU  0.44 0.91  -  -  1.67
JES  1.74 3.61  -  -  4.62
JER  2.57 5.32  -  -  0.72
Uncl  2.52 5.22  -  -  3.49
BEff  0.03 0.05  -  -  0.61
BMiss  0.17 0.35  -  -  0.53
JMS  0.05 0.11  -  -  0.70
JMR  0.17 0.35  -  -  0.56
Tau21 0.00  0.00 -  -  0.00
MCNorm 1.00  2.07 -  -  -
Fake 15.52  -  30.00 - -
CF 0.00  -  -  -nan -
Total Systematic 17.35 16.07  30.00  -nan  15.60

Total Background	30.234
- Prompt	14.598
- Fake	15.637
- CF	0.000

####### Result #######
Signal Eff	0.008820
30.234414 1.202836
8696.216334 1.160851
