
Processing HNMuMu_700.C...
[AnalysisInputs::SetMCSF] Get MC SF from /home/jskim/Documents/trilepton_13TeV/DiLepton/data/v8-0-7.32/MCSF.txt
[AnalysisInputs::SetMCSF] sample : VVV
[AnalysisInputs::SetMCSF] => MCSF = 1, MCSF_err = 0.5
[AnalysisInputs::SetMCSF] sample : WWW
[AnalysisInputs::SetMCSF] => MCSF = 1, MCSF_err = 0.5
[AnalysisInputs::SetMCSF] sample : WWZ
[AnalysisInputs::SetMCSF] => MCSF = 1, MCSF_err = 0.5
[AnalysisInputs::SetMCSF] sample : WZZ
[AnalysisInputs::SetMCSF] => MCSF = 1, MCSF_err = 0.5
[AnalysisInputs::SetMCSF] sample : ZZZ
[AnalysisInputs::SetMCSF] => MCSF = 1, MCSF_err = 0.5
[AnalysisInputs::SetMCSF] sample : ttV
[AnalysisInputs::SetMCSF] => MCSF = 1, MCSF_err = 0.5
[AnalysisInputs::SetMCSF] sample : ttW
[AnalysisInputs::SetMCSF] => MCSF = 1, MCSF_err = 0.5
[AnalysisInputs::SetMCSF] sample : ttZ
[AnalysisInputs::SetMCSF] => MCSF = 1, MCSF_err = 0.5
[AnalysisInputs::SetMCSF] sample : ttH_nonbb
[AnalysisInputs::SetMCSF] => MCSF = 1, MCSF_err = 0.5
[AnalysisInputs::SetMCSF] sample : top
[AnalysisInputs::SetMCSF] => MCSF = 1, MCSF_err = 0.5
[AnalysisInputs::SetMCSF] sample : WZTo3LNu_powheg
[AnalysisInputs::SetMCSF] => MCSF = 0.9878, MCSF_err = 0.0890059
[AnalysisInputs::SetMCSF] sample : ZGto2LG
[AnalysisInputs::SetMCSF] => MCSF = 0.771776, MCSF_err = 0.152815
[AnalysisInputs::SetMCSF] sample : ZZTo4L_powheg
[AnalysisInputs::SetMCSF] => MCSF = 0.929269, MCSF_err = 0.103637
[AnalysisInputs::SetMCSF] sample : ggZZto2e2mu
[AnalysisInputs::SetMCSF] => MCSF = 0.929269, MCSF_err = 0.103637
[AnalysisInputs::SetMCSF] sample : ggZZto2e2nu
[AnalysisInputs::SetMCSF] => MCSF = 0.929269, MCSF_err = 0.103637
[AnalysisInputs::SetMCSF] sample : ggZZto2e2tau
[AnalysisInputs::SetMCSF] => MCSF = 0.929269, MCSF_err = 0.103637
[AnalysisInputs::SetMCSF] sample : ggZZto2mu2nu
[AnalysisInputs::SetMCSF] => MCSF = 0.929269, MCSF_err = 0.103637
[AnalysisInputs::SetMCSF] sample : ggZZto2mu2tau
[AnalysisInputs::SetMCSF] => MCSF = 0.929269, MCSF_err = 0.103637
[AnalysisInputs::SetMCSF] sample : ggZZto4e
[AnalysisInputs::SetMCSF] => MCSF = 0.929269, MCSF_err = 0.103637
[AnalysisInputs::SetMCSF] sample : ggZZto4mu
[AnalysisInputs::SetMCSF] => MCSF = 0.929269, MCSF_err = 0.103637
[AnalysisInputs::SetMCSF] sample : ggZZto4tau
[AnalysisInputs::SetMCSF] => MCSF = 0.929269, MCSF_err = 0.103637
[AnalysisInputs::SetCalculatedSysts] Get Systematics from /home/jskim/Documents/trilepton_13TeV/DiLepton/data/v8-0-7.32/Syst.txt
[AnalysisInputs::SetCalculatedSysts] source : Luminosity
[AnalysisInputs::SetCalculatedSysts] => % sysematic = 0.025
[AnalysisInputs::SetCalculatedSysts] source : FakeLooseID
[AnalysisInputs::SetCalculatedSysts] => % sysematic = 0.3
[AnalysisInputs::SetCalculatedSysts] source : ChrageFlipSyst
[AnalysisInputs::SetCalculatedSysts] => % sysematic = 0.21
[CutRangeInfo::ReadCutCard] Get Cutcard from /home/jskim/Documents/trilepton_13TeV/DiLepton/data/v8-0-7.32/CutOpCard/OPTIMIZED_171107_MuMu_HighMass/HNMuMu_700.txt
prompt_tau21_syst = 0
signal_tau21_syst = 0
Central	0.613241	0	0
_MuonEn_up	0.824717	0	0
_MuonEn_down	0.641547	0	0
_MuonIDSF_up	0.648427	0	0
_MuonIDSF_down	0.587052	0	0
_ElectronEn_up	0.617288	0	0
_ElectronEn_down	0.615317	0	0
_ElectronIDSF_up	0.619394	0	0
_ElectronIDSF_down	0.612654	0	0
_TriggerSF_up	0.617055	0	0
_TriggerSF_down	0.612595	0	0
_PU_up	0.622977	0	0
_PU_down	0.611175	0	0
_JetEn_up	0.729512	0	0
_JetEn_down	0.798785	0	0
_JetRes_up	0.767987	0	0
_JetRes_down	0.625859	0	0
_Unclustered_up	0.62529	0	0
_Unclustered_down	0.618584	0	0
_BTagSFEff_up	0.622526	0	0
_BTagSFEff_down	0.622043	0	0
_BTagSFMiss_up	0.527706	0	0
_BTagSFMiss_down	0.612595	0	0
_JetMass_up	0.614207	0	0
_JetMass_down	0.615768	0	0
_JetMassRes_up	0.612595	0	0
_JetMassRes_down	0.531134	0	0

################ Sources ################
Source	SystTotal	SystPrompt	SystFake	Signal
Stat 25.50 25.50  -nan  -nan  1.65
Lumi 2.50  2.50 -  -  2.50
PDF  -  -  -  -  8.53
MuonPt  24.60 24.60  -  -  4.55
MuonID  5.06 5.06  -  -  4.27
ElectronE  0.52 0.52  -  -  0.20
ElectronID  0.71 0.71  -  -  0.13
Trigger  0.45 0.45  -  -  0.16
PU  1.15 1.15  -  -  0.49
JES  25.25 25.25  -  -  0.85
JER  17.90 17.90  -  -  0.48
Uncl  1.52 1.52  -  -  0.35
BEff  1.48 1.48  -  -  0.42
BMiss  9.86 9.86  -  -  0.78
JMS  0.31 0.31  -  -  0.13
JMR  9.47 9.47  -  -  0.35
Tau21 0.00  0.00 -  -  0.00
MCNorm 14.81  14.81 -  -  -
Fake 0.00  -  -nan - -
CF 0.00  -  -  -nan -
Total Systematic 44.81 44.81  -nan  -nan  10.97

Total Background	0.613
- Prompt	0.613
- Fake	0.000
- CF	0.000

####### Result #######
Signal Eff	0.087700
0.613241 1.515603
0.071832 1.110932
