
Processing HNMuMu_200.C...
[AnalysisInputs::SetMCSF] Get MC SF from /home/jskim/Documents/trilepton_13TeV/DiLepton/data/v8-0-7.32/MCSF.txt
[AnalysisInputs::SetMCSF] sample : VVV
[AnalysisInputs::SetMCSF] => MCSF = 1, MCSF_err = 0.5
[AnalysisInputs::SetMCSF] sample : WWW
[AnalysisInputs::SetMCSF] => MCSF = 1, MCSF_err = 0.5
[AnalysisInputs::SetMCSF] sample : WWZ
[AnalysisInputs::SetMCSF] => MCSF = 1, MCSF_err = 0.5
[AnalysisInputs::SetMCSF] sample : WZZ
[AnalysisInputs::SetMCSF] => MCSF = 1, MCSF_err = 0.5
[AnalysisInputs::SetMCSF] sample : ZZZ
[AnalysisInputs::SetMCSF] => MCSF = 1, MCSF_err = 0.5
[AnalysisInputs::SetMCSF] sample : ttV
[AnalysisInputs::SetMCSF] => MCSF = 1, MCSF_err = 0.5
[AnalysisInputs::SetMCSF] sample : ttW
[AnalysisInputs::SetMCSF] => MCSF = 1, MCSF_err = 0.5
[AnalysisInputs::SetMCSF] sample : ttZ
[AnalysisInputs::SetMCSF] => MCSF = 1, MCSF_err = 0.5
[AnalysisInputs::SetMCSF] sample : ttH_nonbb
[AnalysisInputs::SetMCSF] => MCSF = 1, MCSF_err = 0.5
[AnalysisInputs::SetMCSF] sample : top
[AnalysisInputs::SetMCSF] => MCSF = 1, MCSF_err = 0.5
[AnalysisInputs::SetMCSF] sample : WZTo3LNu_powheg
[AnalysisInputs::SetMCSF] => MCSF = 0.990529, MCSF_err = 0.0659614
[AnalysisInputs::SetMCSF] sample : ZGto2LG
[AnalysisInputs::SetMCSF] => MCSF = 0.779045, MCSF_err = 0.182441
[AnalysisInputs::SetMCSF] sample : ZZTo4L_powheg
[AnalysisInputs::SetMCSF] => MCSF = 0.93079, MCSF_err = 0.110885
[AnalysisInputs::SetMCSF] sample : ggZZto2e2mu
[AnalysisInputs::SetMCSF] => MCSF = 0.93079, MCSF_err = 0.110885
[AnalysisInputs::SetMCSF] sample : ggZZto2e2nu
[AnalysisInputs::SetMCSF] => MCSF = 0.93079, MCSF_err = 0.110885
[AnalysisInputs::SetMCSF] sample : ggZZto2e2tau
[AnalysisInputs::SetMCSF] => MCSF = 0.93079, MCSF_err = 0.110885
[AnalysisInputs::SetMCSF] sample : ggZZto2mu2nu
[AnalysisInputs::SetMCSF] => MCSF = 0.93079, MCSF_err = 0.110885
[AnalysisInputs::SetMCSF] sample : ggZZto2mu2tau
[AnalysisInputs::SetMCSF] => MCSF = 0.93079, MCSF_err = 0.110885
[AnalysisInputs::SetMCSF] sample : ggZZto4e
[AnalysisInputs::SetMCSF] => MCSF = 0.93079, MCSF_err = 0.110885
[AnalysisInputs::SetMCSF] sample : ggZZto4mu
[AnalysisInputs::SetMCSF] => MCSF = 0.93079, MCSF_err = 0.110885
[AnalysisInputs::SetMCSF] sample : ggZZto4tau
[AnalysisInputs::SetMCSF] => MCSF = 0.93079, MCSF_err = 0.110885
[AnalysisInputs::SetCalculatedSysts] Get Systematics from /home/jskim/Documents/trilepton_13TeV/DiLepton/data/v8-0-7.32/Syst.txt
[AnalysisInputs::SetCalculatedSysts] source : Luminosity
[AnalysisInputs::SetCalculatedSysts] => % sysematic = 0.025
[AnalysisInputs::SetCalculatedSysts] source : FakeLooseID
[AnalysisInputs::SetCalculatedSysts] => % sysematic = 0.3
[AnalysisInputs::SetCalculatedSysts] source : ChrageFlipSyst
[AnalysisInputs::SetCalculatedSysts] => % sysematic = 0.21
[CutRangeInfo::ReadCutCard] Get Cutcard from /home/jskim/Documents/trilepton_13TeV/DiLepton/data/v8-0-7.32/CutOpCard/OPTIMIZED_171107_MuMu_HighMass/HNMuMu_200.txt
prompt_tau21_syst = 0
signal_tau21_syst = 0
Central	9.96455	1.79472	0
_MuonEn_up	9.99797	1.79472	0
_MuonEn_down	11.0547	1.79472	0
_MuonIDSF_up	10.4571	1.79472	0
_MuonIDSF_down	9.45801	1.79472	0
_ElectronEn_up	9.93803	1.79472	0
_ElectronEn_down	9.92929	1.79472	0
_ElectronIDSF_up	9.89892	1.79472	0
_ElectronIDSF_down	9.95253	1.79472	0
_TriggerSF_up	9.95321	1.79472	0
_TriggerSF_down	9.82161	1.79472	0
_PU_up	9.8159	1.79472	0
_PU_down	10.1341	1.79472	0
_JetEn_up	11.2302	1.79472	0
_JetEn_down	11.0668	1.79472	0
_JetRes_up	9.90787	1.79472	0
_JetRes_down	11.0089	1.79472	0
_Unclustered_up	10.1727	1.79472	0
_Unclustered_down	10.3687	1.79472	0
_BTagSFEff_up	9.84612	1.79472	0
_BTagSFEff_down	10.0194	1.79472	0
_BTagSFMiss_up	9.90936	1.79472	0
_BTagSFMiss_down	9.99831	1.79472	0
_JetMass_up	9.94987	1.79472	0
_JetMass_down	9.88745	1.79472	0
_JetMassRes_up	10.0023	1.79472	0
_JetMassRes_down	9.97246	1.79472	0

################ Sources ################
Source	SystTotal	SystPrompt	SystFake	Signal
Stat 11.36 13.05  16.95  -nan  1.32
Lumi 2.12  2.50 -  -  2.50
PDF  -  -  -  -  8.53
MuonPt  6.56 7.74  -  -  1.33
MuonID  4.25 5.01  -  -  4.22
ElectronE  0.27 0.31  -  -  0.11
ElectronID  0.40 0.47  -  -  0.21
Trigger  0.86 1.02  -  -  0.15
PU  1.36 1.60  -  -  1.30
JES  10.09 11.91  -  -  0.40
JER  6.29 7.42  -  -  1.40
Uncl  2.73 3.23  -  -  1.31
BEff  0.78 0.93  -  -  0.28
BMiss  0.39 0.46  -  -  0.43
JMS  0.47 0.56  -  -  0.27
JMR  0.23 0.27  -  -  0.16
Tau21 0.00  0.00 -  -  0.00
MCNorm 10.75  12.69 -  -  -
Fake 4.58  -  30.00 - -
CF 0.00  -  -  -nan -
Total Systematic 18.84 21.56  30.00  -nan  10.22

Total Background	11.759
- Prompt	9.965
- Fake	1.795
- CF	0.000

####### Result #######
Signal Eff	0.136983
11.759272 1.219954
15.707454 1.103086
