
Processing CyclesForOptimization_MuMu_Bin2/HNMuMu_80.C(3)...
[AnalysisInputs::SetMCSF] Get MC SF from /data8/Users/jskim/HN_dilepton_plotter/data/v8-0-7.37_ForApproval/MCSF.txt
[AnalysisInputs::SetMCSF] sample : VVV
[AnalysisInputs::SetMCSF] => MCSF = 1, MCSF_err = 0.5
[AnalysisInputs::SetMCSF] sample : WWW
[AnalysisInputs::SetMCSF] => MCSF = 1, MCSF_err = 0.5
[AnalysisInputs::SetMCSF] sample : WWZ
[AnalysisInputs::SetMCSF] => MCSF = 1, MCSF_err = 0.5
[AnalysisInputs::SetMCSF] sample : WZZ
[AnalysisInputs::SetMCSF] => MCSF = 1, MCSF_err = 0.5
[AnalysisInputs::SetMCSF] sample : ZZZ
[AnalysisInputs::SetMCSF] => MCSF = 1, MCSF_err = 0.5
[AnalysisInputs::SetMCSF] sample : ttV
[AnalysisInputs::SetMCSF] => MCSF = 1, MCSF_err = 0.5
[AnalysisInputs::SetMCSF] sample : ttW
[AnalysisInputs::SetMCSF] => MCSF = 1, MCSF_err = 0.5
[AnalysisInputs::SetMCSF] sample : ttZ
[AnalysisInputs::SetMCSF] => MCSF = 1, MCSF_err = 0.5
[AnalysisInputs::SetMCSF] sample : ttH_nonbb
[AnalysisInputs::SetMCSF] => MCSF = 1, MCSF_err = 0.5
[AnalysisInputs::SetMCSF] sample : top
[AnalysisInputs::SetMCSF] => MCSF = 1, MCSF_err = 0.5
[AnalysisInputs::SetMCSF] sample : WWTo2L2Nu_DS
[AnalysisInputs::SetMCSF] => MCSF = 1, MCSF_err = 0.5
[AnalysisInputs::SetMCSF] sample : WpWpEWK
[AnalysisInputs::SetMCSF] => MCSF = 1.3062, MCSF_err = 0.5
[AnalysisInputs::SetMCSF] sample : WpWpQCD
[AnalysisInputs::SetMCSF] => MCSF = 1.70026, MCSF_err = 0.5
[AnalysisInputs::SetMCSF] sample : WZTo3LNu_mllmin01
[AnalysisInputs::SetMCSF] => MCSF = 0.65, MCSF_err = 0.06
[AnalysisInputs::SetMCSF] sample : WZTo3LNu_powheg
[AnalysisInputs::SetMCSF] => MCSF = 1.05212, MCSF_err = 0.066085
[AnalysisInputs::SetMCSF] sample : ZGto2LG
[AnalysisInputs::SetMCSF] => MCSF = 1.09608, MCSF_err = 0.0747672
[AnalysisInputs::SetMCSF] sample : WGtoLNuG
[AnalysisInputs::SetMCSF] => MCSF = 1, MCSF_err = 0.0747672
[AnalysisInputs::SetMCSF] sample : WGtoLNuG_weighted
[AnalysisInputs::SetMCSF] => MCSF = 1, MCSF_err = 0.0747672
[AnalysisInputs::SetMCSF] sample : ZZTo4L_powheg
[AnalysisInputs::SetMCSF] => MCSF = 0.978495, MCSF_err = 0.0795031
[AnalysisInputs::SetMCSF] sample : ggZZto2e2mu
[AnalysisInputs::SetMCSF] => MCSF = 0.978495, MCSF_err = 0.0795031
[AnalysisInputs::SetMCSF] sample : ggZZto2e2nu
[AnalysisInputs::SetMCSF] => MCSF = 0.978495, MCSF_err = 0.0795031
[AnalysisInputs::SetMCSF] sample : ggZZto2e2tau
[AnalysisInputs::SetMCSF] => MCSF = 0.978495, MCSF_err = 0.0795031
[AnalysisInputs::SetMCSF] sample : ggZZto2mu2nu
[AnalysisInputs::SetMCSF] => MCSF = 0.978495, MCSF_err = 0.0795031
[AnalysisInputs::SetMCSF] sample : ggZZto2mu2tau
[AnalysisInputs::SetMCSF] => MCSF = 0.978495, MCSF_err = 0.0795031
[AnalysisInputs::SetMCSF] sample : ggZZto4e
[AnalysisInputs::SetMCSF] => MCSF = 0.978495, MCSF_err = 0.0795031
[AnalysisInputs::SetMCSF] sample : ggZZto4mu
[AnalysisInputs::SetMCSF] => MCSF = 0.978495, MCSF_err = 0.0795031
[AnalysisInputs::SetMCSF] sample : ggZZto4tau
[AnalysisInputs::SetMCSF] => MCSF = 0.978495, MCSF_err = 0.0795031
[AnalysisInputs::SetMCSF] sample : ggHtoZZ
[AnalysisInputs::SetMCSF] => MCSF = 0.978495, MCSF_err = 0.0795031
[AnalysisInputs::SetCalculatedSysts] Get Systematics from /data8/Users/jskim/HN_dilepton_plotter/data/v8-0-7.37_ForApproval/Syst.txt
[AnalysisInputs::SetCalculatedSysts] source : Luminosity
[AnalysisInputs::SetCalculatedSysts] => % sysematic = 0.025
[AnalysisInputs::SetCalculatedSysts] source : FakeLooseID
[AnalysisInputs::SetCalculatedSysts] => % sysematic = 0.3
[AnalysisInputs::SetCalculatedSysts] source : ChrageFlipSyst
[AnalysisInputs::SetCalculatedSysts] => % sysematic = 0.16
[CutRangeInfo::ReadCutCard] Get Cutcard from /data8/Users/jskim/HN_dilepton_plotter/data/v8-0-7.37_ForApproval/CutOpCard/RunDirectory/Nminus1/Cards_MuMu_Bin2/step3_HNMuMu_80.txt

##################################################
#### TOTAL # of Loop = 1
##################################################

[CutRangeInfo::PrintCutRangeInfo] DeltaRl1l2_<
[CutInfo::PrintCutInfo] DeltaRl1l2	<	3.2
[CutRangeInfo::PrintCutRangeInfo] PFMET_<
[CutInfo::PrintCutInfo] PFMET	<	40
[CutRangeInfo::PrintCutRangeInfo] m_Leadljj_lljjWclosest_<
[CutInfo::PrintCutInfo] m_Leadljj_lljjWclosest	<	70
[CutRangeInfo::PrintCutRangeInfo] m_SubLeadljj_lljjWclosest_<
[CutInfo::PrintCutInfo] m_SubLeadljj_lljjWclosest	<	70
[CutRangeInfo::PrintCutRangeInfo] m_ll_<
[CutInfo::PrintCutInfo] m_ll	<	80
[CutRangeInfo::PrintCutRangeInfo] m_ll_>
[CutInfo::PrintCutInfo] m_ll	>	20
[CutRangeInfo::PrintCutRangeInfo] m_lljj_lljjWclosest_<
[CutInfo::PrintCutInfo] m_lljj_lljjWclosest	<	100
[CutRangeInfo::PrintCutRangeInfo] secondLepton_Pt_<
[CutInfo::PrintCutInfo] secondLepton_Pt	<	50
[CutRangeInfo::PrintCutRangeInfo] secondLepton_Pt_>
[CutInfo::PrintCutInfo] secondLepton_Pt	>	15

##############################
#### OPTIMIZATION STARTED ####
##############################


!!!!!!!!!!!!!!!!!
!!!! UPDATED !!!!
!!!!!!!!!!!!!!!!!

[CutInfo::PrintCutInfo] DeltaRl1l2	<	3.2
[CutInfo::PrintCutInfo] PFMET	<	40
[CutInfo::PrintCutInfo] m_Leadljj_lljjWclosest	<	70
[CutInfo::PrintCutInfo] m_SubLeadljj_lljjWclosest	<	70
[CutInfo::PrintCutInfo] m_ll	<	80
[CutInfo::PrintCutInfo] m_ll	>	20
[CutInfo::PrintCutInfo] m_lljj_lljjWclosest	<	100
[CutInfo::PrintCutInfo] secondLepton_Pt	<	50
[CutInfo::PrintCutInfo] secondLepton_Pt	>	15
CF	0 +- 0
Fake	16.2405 +- 5.09454
Prompt	13.4171 +- 2.71192
=> total bkg = 29.6576
Signal	Yield	Efficiency	Efficiency@Presel	Punzi
HNMuMu_80	261.062	0.00389831	0.0450807	0.000247606
=====================================================================


##################
#### FINISHED ####
##################

[CutInfo::PrintCutInfo] DeltaRl1l2	<	3.2
[CutInfo::PrintCutInfo] PFMET	<	40
[CutInfo::PrintCutInfo] m_Leadljj_lljjWclosest	<	70
[CutInfo::PrintCutInfo] m_SubLeadljj_lljjWclosest	<	70
[CutInfo::PrintCutInfo] m_ll	<	80
[CutInfo::PrintCutInfo] m_ll	>	20
[CutInfo::PrintCutInfo] m_lljj_lljjWclosest	<	100
[CutInfo::PrintCutInfo] secondLepton_Pt	<	50
[CutInfo::PrintCutInfo] secondLepton_Pt	>	15
CF	0 +- 0
Fake	16.2405 +- 5.09454
Prompt	13.4171 +- 2.71192
=> total bkg = 29.6576
Signal	Yield	Efficiency	Efficiency@Presel	Punzi
HNMuMu_80	261.062	0.00389831	0.0450807	0.000247606
