
Processing HNElEl_250.C...
[AnalysisInputs::SetMCSF] Get MC SF from /home/jskim/Documents/trilepton_13TeV/DiLepton/data/v8-0-7.32/MCSF.txt
[AnalysisInputs::SetMCSF] sample : VVV
[AnalysisInputs::SetMCSF] => MCSF = 1, MCSF_err = 0.5
[AnalysisInputs::SetMCSF] sample : WWW
[AnalysisInputs::SetMCSF] => MCSF = 1, MCSF_err = 0.5
[AnalysisInputs::SetMCSF] sample : WWZ
[AnalysisInputs::SetMCSF] => MCSF = 1, MCSF_err = 0.5
[AnalysisInputs::SetMCSF] sample : WZZ
[AnalysisInputs::SetMCSF] => MCSF = 1, MCSF_err = 0.5
[AnalysisInputs::SetMCSF] sample : ZZZ
[AnalysisInputs::SetMCSF] => MCSF = 1, MCSF_err = 0.5
[AnalysisInputs::SetMCSF] sample : ttV
[AnalysisInputs::SetMCSF] => MCSF = 1, MCSF_err = 0.5
[AnalysisInputs::SetMCSF] sample : ttW
[AnalysisInputs::SetMCSF] => MCSF = 1, MCSF_err = 0.5
[AnalysisInputs::SetMCSF] sample : ttZ
[AnalysisInputs::SetMCSF] => MCSF = 1, MCSF_err = 0.5
[AnalysisInputs::SetMCSF] sample : ttH_nonbb
[AnalysisInputs::SetMCSF] => MCSF = 1, MCSF_err = 0.5
[AnalysisInputs::SetMCSF] sample : top
[AnalysisInputs::SetMCSF] => MCSF = 1, MCSF_err = 0.5
[AnalysisInputs::SetMCSF] sample : WZTo3LNu_powheg
[AnalysisInputs::SetMCSF] => MCSF = 0.988021, MCSF_err = 0.0652167
[AnalysisInputs::SetMCSF] sample : ZGto2LG
[AnalysisInputs::SetMCSF] => MCSF = 0.83069, MCSF_err = 0.174719
[AnalysisInputs::SetMCSF] sample : ZZTo4L_powheg
[AnalysisInputs::SetMCSF] => MCSF = 0.94117, MCSF_err = 0.105665
[AnalysisInputs::SetMCSF] sample : ggZZto2e2mu
[AnalysisInputs::SetMCSF] => MCSF = 0.94117, MCSF_err = 0.105665
[AnalysisInputs::SetMCSF] sample : ggZZto2e2nu
[AnalysisInputs::SetMCSF] => MCSF = 0.94117, MCSF_err = 0.105665
[AnalysisInputs::SetMCSF] sample : ggZZto2e2tau
[AnalysisInputs::SetMCSF] => MCSF = 0.94117, MCSF_err = 0.105665
[AnalysisInputs::SetMCSF] sample : ggZZto2mu2nu
[AnalysisInputs::SetMCSF] => MCSF = 0.94117, MCSF_err = 0.105665
[AnalysisInputs::SetMCSF] sample : ggZZto2mu2tau
[AnalysisInputs::SetMCSF] => MCSF = 0.94117, MCSF_err = 0.105665
[AnalysisInputs::SetMCSF] sample : ggZZto4e
[AnalysisInputs::SetMCSF] => MCSF = 0.94117, MCSF_err = 0.105665
[AnalysisInputs::SetMCSF] sample : ggZZto4mu
[AnalysisInputs::SetMCSF] => MCSF = 0.94117, MCSF_err = 0.105665
[AnalysisInputs::SetMCSF] sample : ggZZto4tau
[AnalysisInputs::SetMCSF] => MCSF = 0.94117, MCSF_err = 0.105665
[AnalysisInputs::SetCalculatedSysts] Get Systematics from /home/jskim/Documents/trilepton_13TeV/DiLepton/data/v8-0-7.32/Syst.txt
[AnalysisInputs::SetCalculatedSysts] source : Luminosity
[AnalysisInputs::SetCalculatedSysts] => % sysematic = 0.025
[AnalysisInputs::SetCalculatedSysts] source : FakeLooseID
[AnalysisInputs::SetCalculatedSysts] => % sysematic = 0.3
[AnalysisInputs::SetCalculatedSysts] source : ChrageFlipSyst
[AnalysisInputs::SetCalculatedSysts] => % sysematic = 0.21
[CutRangeInfo::ReadCutCard] Get Cutcard from /home/jskim/Documents/trilepton_13TeV/DiLepton/data/v8-0-7.32/CutOpCard/OPTIMIZED_171021_ElEl_HighMass/HNElEl_250.txt
prompt_tau21_syst = 0
signal_tau21_syst = 0
Central	9.78111	2.6254	2.86765
_MuonEn_up	9.3807	2.6254	2.86765
_MuonEn_down	9.58801	2.6254	2.86765
_MuonIDSF_up	9.49185	2.6254	2.86765
_MuonIDSF_down	9.42912	2.6254	2.86765
_ElectronEn_up	10.4854	2.6254	2.86765
_ElectronEn_down	9.28479	2.6254	2.86765
_ElectronIDSF_up	9.98747	2.6254	2.86765
_ElectronIDSF_down	9.0238	2.6254	2.86765
_TriggerSF_up	9.65675	2.6254	2.86765
_TriggerSF_down	9.45995	2.6254	2.86765
_PU_up	9.49146	2.6254	2.86765
_PU_down	9.56038	2.6254	2.86765
_JetEn_up	9.99206	2.6254	2.86765
_JetEn_down	9.80226	2.6254	2.86765
_JetRes_up	9.48253	2.6254	2.86765
_JetRes_down	9.00083	2.6254	2.86765
_Unclustered_up	9.62149	2.6254	2.86765
_Unclustered_down	9.02337	2.6254	2.86765
_BTagSFEff_up	9.45309	2.6254	2.86765
_BTagSFEff_down	9.56635	2.6254	2.86765
_BTagSFMiss_up	9.36266	2.6254	2.86765
_BTagSFMiss_down	9.50062	2.6254	2.86765
_JetMass_up	9.38395	2.6254	2.86765
_JetMass_down	9.56927	2.6254	2.86765
_JetMassRes_up	9.58087	2.6254	2.86765
_JetMassRes_down	9.46279	2.6254	2.86765

################ Sources ################
Source	SystTotal	SystPrompt	SystFake	Signal
Stat 12.88 19.67  15.63  2.62  1.56
Lumi 1.60  2.50 -  -  2.50
PDF  -  -  -  -  2.50
MuonPt  2.06 3.21  -  -  0.09
MuonID  2.11 3.29  -  -  0.08
ElectronE  3.99 6.23  -  -  1.01
ElectronID  3.63 5.67  -  -  4.24
Trigger  1.59 2.49  -  -  0.29
PU  1.69 2.63  -  -  1.88
JES  0.98 1.53  -  -  2.24
JER  3.87 6.04  -  -  1.00
Uncl  3.58 5.60  -  -  1.80
BEff  1.82 2.83  -  -  0.34
BMiss  2.33 3.64  -  -  0.44
JMS  2.08 3.25  -  -  0.27
JMR  1.74 2.72  -  -  0.09
Tau21 0.00  0.00 -  -  0.00
MCNorm 5.90  9.21 -  -  -
Fake 5.16  -  30.00 - -
CF 3.94  -  -  21.00 -
Total Systematic 12.33 17.49  30.00  21.00  6.69

Total Background	15.274
- Prompt	9.781
- Fake	2.625
- CF	2.868

####### Result #######
Signal Eff	0.094311
15.274158 1.182661
4.163682 1.068680
