
Processing HNElEl_200.C...
[AnalysisInputs::SetMCSF] Get MC SF from /home/jskim/Documents/trilepton_13TeV/DiLepton/data/v8-0-7.32/MCSF.txt
[AnalysisInputs::SetMCSF] sample : VVV
[AnalysisInputs::SetMCSF] => MCSF = 1, MCSF_err = 0.5
[AnalysisInputs::SetMCSF] sample : WWW
[AnalysisInputs::SetMCSF] => MCSF = 1, MCSF_err = 0.5
[AnalysisInputs::SetMCSF] sample : WWZ
[AnalysisInputs::SetMCSF] => MCSF = 1, MCSF_err = 0.5
[AnalysisInputs::SetMCSF] sample : WZZ
[AnalysisInputs::SetMCSF] => MCSF = 1, MCSF_err = 0.5
[AnalysisInputs::SetMCSF] sample : ZZZ
[AnalysisInputs::SetMCSF] => MCSF = 1, MCSF_err = 0.5
[AnalysisInputs::SetMCSF] sample : ttV
[AnalysisInputs::SetMCSF] => MCSF = 1, MCSF_err = 0.5
[AnalysisInputs::SetMCSF] sample : ttW
[AnalysisInputs::SetMCSF] => MCSF = 1, MCSF_err = 0.5
[AnalysisInputs::SetMCSF] sample : ttZ
[AnalysisInputs::SetMCSF] => MCSF = 1, MCSF_err = 0.5
[AnalysisInputs::SetMCSF] sample : ttH_nonbb
[AnalysisInputs::SetMCSF] => MCSF = 1, MCSF_err = 0.5
[AnalysisInputs::SetMCSF] sample : top
[AnalysisInputs::SetMCSF] => MCSF = 1, MCSF_err = 0.5
[AnalysisInputs::SetMCSF] sample : WZTo3LNu_powheg
[AnalysisInputs::SetMCSF] => MCSF = 0.988021, MCSF_err = 0.0652167
[AnalysisInputs::SetMCSF] sample : ZGto2LG
[AnalysisInputs::SetMCSF] => MCSF = 0.83069, MCSF_err = 0.174719
[AnalysisInputs::SetMCSF] sample : ZZTo4L_powheg
[AnalysisInputs::SetMCSF] => MCSF = 0.94117, MCSF_err = 0.105665
[AnalysisInputs::SetMCSF] sample : ggZZto2e2mu
[AnalysisInputs::SetMCSF] => MCSF = 0.94117, MCSF_err = 0.105665
[AnalysisInputs::SetMCSF] sample : ggZZto2e2nu
[AnalysisInputs::SetMCSF] => MCSF = 0.94117, MCSF_err = 0.105665
[AnalysisInputs::SetMCSF] sample : ggZZto2e2tau
[AnalysisInputs::SetMCSF] => MCSF = 0.94117, MCSF_err = 0.105665
[AnalysisInputs::SetMCSF] sample : ggZZto2mu2nu
[AnalysisInputs::SetMCSF] => MCSF = 0.94117, MCSF_err = 0.105665
[AnalysisInputs::SetMCSF] sample : ggZZto2mu2tau
[AnalysisInputs::SetMCSF] => MCSF = 0.94117, MCSF_err = 0.105665
[AnalysisInputs::SetMCSF] sample : ggZZto4e
[AnalysisInputs::SetMCSF] => MCSF = 0.94117, MCSF_err = 0.105665
[AnalysisInputs::SetMCSF] sample : ggZZto4mu
[AnalysisInputs::SetMCSF] => MCSF = 0.94117, MCSF_err = 0.105665
[AnalysisInputs::SetMCSF] sample : ggZZto4tau
[AnalysisInputs::SetMCSF] => MCSF = 0.94117, MCSF_err = 0.105665
[AnalysisInputs::SetCalculatedSysts] Get Systematics from /home/jskim/Documents/trilepton_13TeV/DiLepton/data/v8-0-7.32/Syst.txt
[AnalysisInputs::SetCalculatedSysts] source : Luminosity
[AnalysisInputs::SetCalculatedSysts] => % sysematic = 0.025
[AnalysisInputs::SetCalculatedSysts] source : FakeLooseID
[AnalysisInputs::SetCalculatedSysts] => % sysematic = 0.3
[AnalysisInputs::SetCalculatedSysts] source : ChrageFlipSyst
[AnalysisInputs::SetCalculatedSysts] => % sysematic = 0.21
[CutRangeInfo::ReadCutCard] Get Cutcard from /home/jskim/Documents/trilepton_13TeV/DiLepton/data/v8-0-7.32/CutOpCard/OPTIMIZED_171021_ElEl_HighMass/HNElEl_200.txt
prompt_tau21_syst = 0
signal_tau21_syst = 0
Central	13.7039	3.51218	2.8914
_MuonEn_up	13.3927	3.51218	2.8914
_MuonEn_down	13.564	3.51218	2.8914
_MuonIDSF_up	13.4535	3.51218	2.8914
_MuonIDSF_down	13.4857	3.51218	2.8914
_ElectronEn_up	13.9729	3.51218	2.8914
_ElectronEn_down	12.4778	3.51218	2.8914
_ElectronIDSF_up	14.2047	3.51218	2.8914
_ElectronIDSF_down	12.9558	3.51218	2.8914
_TriggerSF_up	13.6565	3.51218	2.8914
_TriggerSF_down	13.0913	3.51218	2.8914
_PU_up	13.2862	3.51218	2.8914
_PU_down	13.5331	3.51218	2.8914
_JetEn_up	12.7653	3.51218	2.8914
_JetEn_down	12.4639	3.51218	2.8914
_JetRes_up	11.5799	3.51218	2.8914
_JetRes_down	13.5178	3.51218	2.8914
_Unclustered_up	11.1719	3.51218	2.8914
_Unclustered_down	13.7523	3.51218	2.8914
_BTagSFEff_up	13.442	3.51218	2.8914
_BTagSFEff_down	13.5526	3.51218	2.8914
_BTagSFMiss_up	13.3037	3.51218	2.8914
_BTagSFMiss_down	13.5658	3.51218	2.8914
_JetMass_up	13.429	3.51218	2.8914
_JetMass_down	13.5672	3.51218	2.8914
_JetMassRes_up	13.5475	3.51218	2.8914
_JetMassRes_down	13.4727	3.51218	2.8914

################ Sources ################
Source	SystTotal	SystPrompt	SystFake	Signal
Stat 13.93 20.13  13.91  2.15  1.68
Lumi 1.70  2.50 -  -  2.50
PDF  -  -  -  -  2.50
MuonPt  1.20 1.76  -  -  0.17
MuonID  1.17 1.71  -  -  0.16
ElectronE  4.41 6.48  -  -  0.92
ElectronID  3.17 4.65  -  -  4.39
Trigger  2.16 3.17  -  -  0.15
PU  1.59 2.33  -  -  2.21
JES  5.47 8.02  -  -  2.17
JER  7.50 11.00  -  -  0.43
Uncl  8.91 13.07  -  -  2.07
BEff  1.06 1.56  -  -  0.26
BMiss  1.49 2.18  -  -  0.65
JMS  1.08 1.58  -  -  0.08
JMR  0.98 1.44  -  -  0.11
Tau21 0.00  0.00 -  -  0.00
MCNorm 4.61  6.76 -  -  -
Fake 5.24  -  30.00 - -
CF 3.02  -  -  21.00 -
Total Systematic 16.19 22.47  30.00  21.00  6.88

Total Background	20.107
- Prompt	13.704
- Fake	3.512
- CF	2.891

####### Result #######
Signal Eff	0.069054
20.107467 1.215722
7.174110 1.070783
