
Processing HNElEl_300.C...
[AnalysisInputs::SetMCSF] Get MC SF from /home/jskim/Documents/trilepton_13TeV/DiLepton/data/v8-0-7.32/MCSF.txt
[AnalysisInputs::SetMCSF] sample : VVV
[AnalysisInputs::SetMCSF] => MCSF = 1, MCSF_err = 0.5
[AnalysisInputs::SetMCSF] sample : WWW
[AnalysisInputs::SetMCSF] => MCSF = 1, MCSF_err = 0.5
[AnalysisInputs::SetMCSF] sample : WWZ
[AnalysisInputs::SetMCSF] => MCSF = 1, MCSF_err = 0.5
[AnalysisInputs::SetMCSF] sample : WZZ
[AnalysisInputs::SetMCSF] => MCSF = 1, MCSF_err = 0.5
[AnalysisInputs::SetMCSF] sample : ZZZ
[AnalysisInputs::SetMCSF] => MCSF = 1, MCSF_err = 0.5
[AnalysisInputs::SetMCSF] sample : ttV
[AnalysisInputs::SetMCSF] => MCSF = 1, MCSF_err = 0.5
[AnalysisInputs::SetMCSF] sample : ttW
[AnalysisInputs::SetMCSF] => MCSF = 1, MCSF_err = 0.5
[AnalysisInputs::SetMCSF] sample : ttZ
[AnalysisInputs::SetMCSF] => MCSF = 1, MCSF_err = 0.5
[AnalysisInputs::SetMCSF] sample : ttH_nonbb
[AnalysisInputs::SetMCSF] => MCSF = 1, MCSF_err = 0.5
[AnalysisInputs::SetMCSF] sample : top
[AnalysisInputs::SetMCSF] => MCSF = 1, MCSF_err = 0.5
[AnalysisInputs::SetMCSF] sample : WZTo3LNu_powheg
[AnalysisInputs::SetMCSF] => MCSF = 0.988021, MCSF_err = 0.0652167
[AnalysisInputs::SetMCSF] sample : ZGto2LG
[AnalysisInputs::SetMCSF] => MCSF = 0.83069, MCSF_err = 0.174719
[AnalysisInputs::SetMCSF] sample : ZZTo4L_powheg
[AnalysisInputs::SetMCSF] => MCSF = 0.94117, MCSF_err = 0.105665
[AnalysisInputs::SetMCSF] sample : ggZZto2e2mu
[AnalysisInputs::SetMCSF] => MCSF = 0.94117, MCSF_err = 0.105665
[AnalysisInputs::SetMCSF] sample : ggZZto2e2nu
[AnalysisInputs::SetMCSF] => MCSF = 0.94117, MCSF_err = 0.105665
[AnalysisInputs::SetMCSF] sample : ggZZto2e2tau
[AnalysisInputs::SetMCSF] => MCSF = 0.94117, MCSF_err = 0.105665
[AnalysisInputs::SetMCSF] sample : ggZZto2mu2nu
[AnalysisInputs::SetMCSF] => MCSF = 0.94117, MCSF_err = 0.105665
[AnalysisInputs::SetMCSF] sample : ggZZto2mu2tau
[AnalysisInputs::SetMCSF] => MCSF = 0.94117, MCSF_err = 0.105665
[AnalysisInputs::SetMCSF] sample : ggZZto4e
[AnalysisInputs::SetMCSF] => MCSF = 0.94117, MCSF_err = 0.105665
[AnalysisInputs::SetMCSF] sample : ggZZto4mu
[AnalysisInputs::SetMCSF] => MCSF = 0.94117, MCSF_err = 0.105665
[AnalysisInputs::SetMCSF] sample : ggZZto4tau
[AnalysisInputs::SetMCSF] => MCSF = 0.94117, MCSF_err = 0.105665
[AnalysisInputs::SetCalculatedSysts] Get Systematics from /home/jskim/Documents/trilepton_13TeV/DiLepton/data/v8-0-7.32/Syst.txt
[AnalysisInputs::SetCalculatedSysts] source : Luminosity
[AnalysisInputs::SetCalculatedSysts] => % sysematic = 0.025
[AnalysisInputs::SetCalculatedSysts] source : FakeLooseID
[AnalysisInputs::SetCalculatedSysts] => % sysematic = 0.3
[AnalysisInputs::SetCalculatedSysts] source : ChrageFlipSyst
[AnalysisInputs::SetCalculatedSysts] => % sysematic = 0.21
[CutRangeInfo::ReadCutCard] Get Cutcard from /home/jskim/Documents/trilepton_13TeV/DiLepton/data/v8-0-7.32/CutOpCard/OPTIMIZED_171021_ElEl_HighMass/HNElEl_300.txt
prompt_tau21_syst = 0
signal_tau21_syst = 0
Central	6.6439	1.61754	2.15266
_MuonEn_up	6.61803	1.61754	2.15266
_MuonEn_down	6.72146	1.61754	2.15266
_MuonIDSF_up	6.63917	1.61754	2.15266
_MuonIDSF_down	6.56683	1.61754	2.15266
_ElectronEn_up	7.60297	1.61754	2.15266
_ElectronEn_down	6.40505	1.61754	2.15266
_ElectronIDSF_up	6.93833	1.61754	2.15266
_ElectronIDSF_down	6.28445	1.61754	2.15266
_TriggerSF_up	6.69592	1.61754	2.15266
_TriggerSF_down	6.62064	1.61754	2.15266
_PU_up	6.64098	1.61754	2.15266
_PU_down	6.67771	1.61754	2.15266
_JetEn_up	6.62862	1.61754	2.15266
_JetEn_down	6.76049	1.61754	2.15266
_JetRes_up	6.69868	1.61754	2.15266
_JetRes_down	6.09016	1.61754	2.15266
_Unclustered_up	6.84217	1.61754	2.15266
_Unclustered_down	7.0378	1.61754	2.15266
_BTagSFEff_up	6.62326	1.61754	2.15266
_BTagSFEff_down	6.67954	1.61754	2.15266
_BTagSFMiss_up	6.51079	1.61754	2.15266
_BTagSFMiss_down	6.61663	1.61754	2.15266
_JetMass_up	6.58765	1.61754	2.15266
_JetMass_down	6.63571	1.61754	2.15266
_JetMassRes_up	6.68734	1.61754	2.15266
_JetMassRes_down	6.60991	1.61754	2.15266

################ Sources ################
Source	SystTotal	SystPrompt	SystFake	Signal
Stat 10.52 15.77  19.70  3.18  1.51
Lumi 1.59  2.50 -  -  2.50
PDF  -  -  -  -  2.50
MuonPt  0.56 0.87  -  -  0.16
MuonID  0.52 0.82  -  -  0.17
ElectronE  6.71 10.52  -  -  0.78
ElectronID  3.15 4.95  -  -  4.17
Trigger  0.39 0.61  -  -  0.17
PU  0.23 0.36  -  -  1.80
JES  0.80 1.25  -  -  1.57
JER  3.78 5.92  -  -  0.62
Uncl  2.99 4.69  -  -  1.55
BEff  0.28 0.44  -  -  0.16
BMiss  0.92 1.45  -  -  0.68
JMS  0.39 0.61  -  -  0.24
JMR  0.37 0.59  -  -  0.16
Tau21 0.00  0.00 -  -  0.00
MCNorm 6.75  10.57 -  -  -
Fake 4.66  -  30.00 - -
CF 4.34  -  -  21.00 -
Total Systematic 12.27 17.80  30.00  21.00  6.30

Total Background	10.414
- Prompt	6.644
- Fake	1.618
- CF	2.153

####### Result #######
Signal Eff	0.100110
10.414097 1.167477
2.255293 1.064744
