
Processing HNElEl_90.C...
[AnalysisInputs::SetMCSF] Get MC SF from /home/jskim/Documents/trilepton_13TeV/DiLepton/data/v8-0-7.32/MCSF.txt
[AnalysisInputs::SetMCSF] sample : VVV
[AnalysisInputs::SetMCSF] => MCSF = 1, MCSF_err = 0.5
[AnalysisInputs::SetMCSF] sample : WWW
[AnalysisInputs::SetMCSF] => MCSF = 1, MCSF_err = 0.5
[AnalysisInputs::SetMCSF] sample : WWZ
[AnalysisInputs::SetMCSF] => MCSF = 1, MCSF_err = 0.5
[AnalysisInputs::SetMCSF] sample : WZZ
[AnalysisInputs::SetMCSF] => MCSF = 1, MCSF_err = 0.5
[AnalysisInputs::SetMCSF] sample : ZZZ
[AnalysisInputs::SetMCSF] => MCSF = 1, MCSF_err = 0.5
[AnalysisInputs::SetMCSF] sample : ttV
[AnalysisInputs::SetMCSF] => MCSF = 1, MCSF_err = 0.5
[AnalysisInputs::SetMCSF] sample : ttW
[AnalysisInputs::SetMCSF] => MCSF = 1, MCSF_err = 0.5
[AnalysisInputs::SetMCSF] sample : ttZ
[AnalysisInputs::SetMCSF] => MCSF = 1, MCSF_err = 0.5
[AnalysisInputs::SetMCSF] sample : ttH_nonbb
[AnalysisInputs::SetMCSF] => MCSF = 1, MCSF_err = 0.5
[AnalysisInputs::SetMCSF] sample : top
[AnalysisInputs::SetMCSF] => MCSF = 1, MCSF_err = 0.5
[AnalysisInputs::SetMCSF] sample : WZTo3LNu_powheg
[AnalysisInputs::SetMCSF] => MCSF = 0.988021, MCSF_err = 0.0652167
[AnalysisInputs::SetMCSF] sample : ZGto2LG
[AnalysisInputs::SetMCSF] => MCSF = 0.83069, MCSF_err = 0.174719
[AnalysisInputs::SetMCSF] sample : ZZTo4L_powheg
[AnalysisInputs::SetMCSF] => MCSF = 0.94117, MCSF_err = 0.105665
[AnalysisInputs::SetMCSF] sample : ggZZto2e2mu
[AnalysisInputs::SetMCSF] => MCSF = 0.94117, MCSF_err = 0.105665
[AnalysisInputs::SetMCSF] sample : ggZZto2e2nu
[AnalysisInputs::SetMCSF] => MCSF = 0.94117, MCSF_err = 0.105665
[AnalysisInputs::SetMCSF] sample : ggZZto2e2tau
[AnalysisInputs::SetMCSF] => MCSF = 0.94117, MCSF_err = 0.105665
[AnalysisInputs::SetMCSF] sample : ggZZto2mu2nu
[AnalysisInputs::SetMCSF] => MCSF = 0.94117, MCSF_err = 0.105665
[AnalysisInputs::SetMCSF] sample : ggZZto2mu2tau
[AnalysisInputs::SetMCSF] => MCSF = 0.94117, MCSF_err = 0.105665
[AnalysisInputs::SetMCSF] sample : ggZZto4e
[AnalysisInputs::SetMCSF] => MCSF = 0.94117, MCSF_err = 0.105665
[AnalysisInputs::SetMCSF] sample : ggZZto4mu
[AnalysisInputs::SetMCSF] => MCSF = 0.94117, MCSF_err = 0.105665
[AnalysisInputs::SetMCSF] sample : ggZZto4tau
[AnalysisInputs::SetMCSF] => MCSF = 0.94117, MCSF_err = 0.105665
[AnalysisInputs::SetCalculatedSysts] Get Systematics from /home/jskim/Documents/trilepton_13TeV/DiLepton/data/v8-0-7.32/Syst.txt
[AnalysisInputs::SetCalculatedSysts] source : Luminosity
[AnalysisInputs::SetCalculatedSysts] => % sysematic = 0.025
[AnalysisInputs::SetCalculatedSysts] source : FakeLooseID
[AnalysisInputs::SetCalculatedSysts] => % sysematic = 0.3
[AnalysisInputs::SetCalculatedSysts] source : ChrageFlipSyst
[AnalysisInputs::SetCalculatedSysts] => % sysematic = 0.21
[CutRangeInfo::ReadCutCard] Get Cutcard from /home/jskim/Documents/trilepton_13TeV/DiLepton/data/v8-0-7.32/CutOpCard/OPTIMIZED_171021_ElEl_HighMass/HNElEl_90.txt
prompt_tau21_syst = 0
signal_tau21_syst = 0
Central	6.96652	11.4914	2.21098
_MuonEn_up	6.96223	11.4914	2.21098
_MuonEn_down	6.9445	11.4914	2.21098
_MuonIDSF_up	6.94637	11.4914	2.21098
_MuonIDSF_down	7.01808	11.4914	2.21098
_ElectronEn_up	7.0558	11.4914	2.21098
_ElectronEn_down	6.93481	11.4914	2.21098
_ElectronIDSF_up	7.23907	11.4914	2.21098
_ElectronIDSF_down	6.6208	11.4914	2.21098
_TriggerSF_up	6.96861	11.4914	2.21098
_TriggerSF_down	6.91948	11.4914	2.21098
_PU_up	6.91555	11.4914	2.21098
_PU_down	7.00751	11.4914	2.21098
_JetEn_up	9.68366	11.4914	2.21098
_JetEn_down	7.28964	11.4914	2.21098
_JetRes_up	7.42616	11.4914	2.21098
_JetRes_down	6.76967	11.4914	2.21098
_Unclustered_up	7.69954	11.4914	2.21098
_Unclustered_down	6.80799	11.4914	2.21098
_BTagSFEff_up	6.97525	11.4914	2.21098
_BTagSFEff_down	6.89159	11.4914	2.21098
_BTagSFMiss_up	7.01581	11.4914	2.21098
_BTagSFMiss_down	7.06334	11.4914	2.21098
_JetMass_up	6.93496	11.4914	2.21098
_JetMass_down	6.9955	11.4914	2.21098
_JetMassRes_up	6.92013	11.4914	2.21098
_JetMassRes_down	6.91932	11.4914	2.21098

################ Sources ################
Source	SystTotal	SystPrompt	SystFake	Signal
Stat 9.31 22.85  9.40  1.54  8.58
Lumi 0.84  2.50 -  -  2.50
PDF  -  -  -  -  2.50
MuonPt  0.08 0.23  -  -  0.53
MuonID  0.19 0.56  -  -  1.06
ElectronE  0.32 0.96  -  -  1.48
ElectronID  1.51 4.47  -  -  4.58
Trigger  0.16 0.48  -  -  0.40
PU  0.22 0.66  -  -  6.36
JES  9.36 27.77  -  -  6.62
JER  1.71 5.08  -  -  5.66
Uncl  2.57 7.61  -  -  6.14
BEff  0.26 0.77  -  -  0.59
BMiss  0.37 1.10  -  -  0.67
JMS  0.15 0.43  -  -  0.61
JMR  0.23 0.67  -  -  0.53
Tau21 0.00  0.00 -  -  0.00
MCNorm 1.41  4.18 -  -  -
Fake 16.68  -  30.00 - -
CF 2.25  -  -  21.00 -
Total Systematic 19.51 30.05  30.00  21.00  13.88

Total Background	20.669
- Prompt	6.967
- Fake	11.491
- CF	2.211

####### Result #######
Signal Eff	0.004011
20.668914 1.217368
13.165996 1.163198
