
Processing HNElEl_500.C...
[AnalysisInputs::SetMCSF] Get MC SF from /home/jskim/Documents/trilepton_13TeV/DiLepton/data/v8-0-7.32/MCSF.txt
[AnalysisInputs::SetMCSF] sample : VVV
[AnalysisInputs::SetMCSF] => MCSF = 1, MCSF_err = 0.5
[AnalysisInputs::SetMCSF] sample : WWW
[AnalysisInputs::SetMCSF] => MCSF = 1, MCSF_err = 0.5
[AnalysisInputs::SetMCSF] sample : WWZ
[AnalysisInputs::SetMCSF] => MCSF = 1, MCSF_err = 0.5
[AnalysisInputs::SetMCSF] sample : WZZ
[AnalysisInputs::SetMCSF] => MCSF = 1, MCSF_err = 0.5
[AnalysisInputs::SetMCSF] sample : ZZZ
[AnalysisInputs::SetMCSF] => MCSF = 1, MCSF_err = 0.5
[AnalysisInputs::SetMCSF] sample : ttV
[AnalysisInputs::SetMCSF] => MCSF = 1, MCSF_err = 0.5
[AnalysisInputs::SetMCSF] sample : ttW
[AnalysisInputs::SetMCSF] => MCSF = 1, MCSF_err = 0.5
[AnalysisInputs::SetMCSF] sample : ttZ
[AnalysisInputs::SetMCSF] => MCSF = 1, MCSF_err = 0.5
[AnalysisInputs::SetMCSF] sample : ttH_nonbb
[AnalysisInputs::SetMCSF] => MCSF = 1, MCSF_err = 0.5
[AnalysisInputs::SetMCSF] sample : top
[AnalysisInputs::SetMCSF] => MCSF = 1, MCSF_err = 0.5
[AnalysisInputs::SetMCSF] sample : WZTo3LNu_powheg
[AnalysisInputs::SetMCSF] => MCSF = 0.988021, MCSF_err = 0.0652167
[AnalysisInputs::SetMCSF] sample : ZGto2LG
[AnalysisInputs::SetMCSF] => MCSF = 0.83069, MCSF_err = 0.174719
[AnalysisInputs::SetMCSF] sample : ZZTo4L_powheg
[AnalysisInputs::SetMCSF] => MCSF = 0.94117, MCSF_err = 0.105665
[AnalysisInputs::SetMCSF] sample : ggZZto2e2mu
[AnalysisInputs::SetMCSF] => MCSF = 0.94117, MCSF_err = 0.105665
[AnalysisInputs::SetMCSF] sample : ggZZto2e2nu
[AnalysisInputs::SetMCSF] => MCSF = 0.94117, MCSF_err = 0.105665
[AnalysisInputs::SetMCSF] sample : ggZZto2e2tau
[AnalysisInputs::SetMCSF] => MCSF = 0.94117, MCSF_err = 0.105665
[AnalysisInputs::SetMCSF] sample : ggZZto2mu2nu
[AnalysisInputs::SetMCSF] => MCSF = 0.94117, MCSF_err = 0.105665
[AnalysisInputs::SetMCSF] sample : ggZZto2mu2tau
[AnalysisInputs::SetMCSF] => MCSF = 0.94117, MCSF_err = 0.105665
[AnalysisInputs::SetMCSF] sample : ggZZto4e
[AnalysisInputs::SetMCSF] => MCSF = 0.94117, MCSF_err = 0.105665
[AnalysisInputs::SetMCSF] sample : ggZZto4mu
[AnalysisInputs::SetMCSF] => MCSF = 0.94117, MCSF_err = 0.105665
[AnalysisInputs::SetMCSF] sample : ggZZto4tau
[AnalysisInputs::SetMCSF] => MCSF = 0.94117, MCSF_err = 0.105665
[AnalysisInputs::SetCalculatedSysts] Get Systematics from /home/jskim/Documents/trilepton_13TeV/DiLepton/data/v8-0-7.32/Syst.txt
[AnalysisInputs::SetCalculatedSysts] source : Luminosity
[AnalysisInputs::SetCalculatedSysts] => % sysematic = 0.025
[AnalysisInputs::SetCalculatedSysts] source : FakeLooseID
[AnalysisInputs::SetCalculatedSysts] => % sysematic = 0.3
[AnalysisInputs::SetCalculatedSysts] source : ChrageFlipSyst
[AnalysisInputs::SetCalculatedSysts] => % sysematic = 0.21
[CutRangeInfo::ReadCutCard] Get Cutcard from /home/jskim/Documents/trilepton_13TeV/DiLepton/data/v8-0-7.32/CutOpCard/OPTIMIZED_171021_ElEl_HighMass/HNElEl_500.txt
prompt_tau21_syst = 0
signal_tau21_syst = 0
Central	2.7851	0.507307	0.694486
_MuonEn_up	2.79432	0.507307	0.694486
_MuonEn_down	2.85895	0.507307	0.694486
_MuonIDSF_up	2.78239	0.507307	0.694486
_MuonIDSF_down	2.78703	0.507307	0.694486
_ElectronEn_up	2.85585	0.507307	0.694486
_ElectronEn_down	2.78966	0.507307	0.694486
_ElectronIDSF_up	2.91754	0.507307	0.694486
_ElectronIDSF_down	2.67003	0.507307	0.694486
_TriggerSF_up	2.77755	0.507307	0.694486
_TriggerSF_down	2.78004	0.507307	0.694486
_PU_up	2.77751	0.507307	0.694486
_PU_down	2.77143	0.507307	0.694486
_JetEn_up	2.82587	0.507307	0.694486
_JetEn_down	2.9307	0.507307	0.694486
_JetRes_up	2.87469	0.507307	0.694486
_JetRes_down	2.59428	0.507307	0.694486
_Unclustered_up	2.89554	0.507307	0.694486
_Unclustered_down	2.87966	0.507307	0.694486
_BTagSFEff_up	2.77678	0.507307	0.694486
_BTagSFEff_down	2.79857	0.507307	0.694486
_BTagSFMiss_up	2.79074	0.507307	0.694486
_BTagSFMiss_down	2.79064	0.507307	0.694486
_JetMass_up	2.7787	0.507307	0.694486
_JetMass_down	2.74855	0.507307	0.694486
_JetMassRes_up	2.79458	0.507307	0.694486
_JetMassRes_down	2.82865	0.507307	0.694486

################ Sources ################
Source	SystTotal	SystPrompt	SystFake	Signal
Stat 24.10 33.92  34.48  6.40  1.71
Lumi 1.75  2.50 -  -  2.50
PDF  -  -  -  -  2.50
MuonPt  1.32 1.89  -  -  0.27
MuonID  0.06 0.08  -  -  0.21
ElectronE  1.26 1.80  -  -  0.80
ElectronID  3.11 4.45  -  -  4.09
Trigger  0.16 0.23  -  -  0.30
PU  0.28 0.40  -  -  1.48
JES  2.68 3.84  -  -  1.36
JER  3.74 5.35  -  -  0.71
Uncl  2.58 3.69  -  -  1.43
BEff  0.28 0.40  -  -  0.29
BMiss  0.14 0.20  -  -  0.38
JMS  0.66 0.94  -  -  0.40
JMR  0.79 1.13  -  -  0.37
Tau21 0.00  0.00 -  -  0.00
MCNorm 5.54  7.93 -  -  -
Fake 3.82  -  30.00 - -
CF 3.66  -  -  21.00 -
Total Systematic 9.51 12.47  30.00  21.00  6.10

Total Background	3.987
- Prompt	2.785
- Fake	0.507
- CF	0.694

####### Result #######
Signal Eff	0.073014
3.986893 1.261848
0.226812 1.063364
