
Processing CyclesForOptimization_MuEl_Bin1/HNMuEl_50.C(5)...
[AnalysisInputs::SetMCSF] Get MC SF from /data8/Users/jskim/HN_dilepton_plotter/data/v8-0-7.37_ForApproval/MCSF.txt
[AnalysisInputs::SetMCSF] sample : VVV
[AnalysisInputs::SetMCSF] => MCSF = 1, MCSF_err = 0.5
[AnalysisInputs::SetMCSF] sample : WWW
[AnalysisInputs::SetMCSF] => MCSF = 1, MCSF_err = 0.5
[AnalysisInputs::SetMCSF] sample : WWZ
[AnalysisInputs::SetMCSF] => MCSF = 1, MCSF_err = 0.5
[AnalysisInputs::SetMCSF] sample : WZZ
[AnalysisInputs::SetMCSF] => MCSF = 1, MCSF_err = 0.5
[AnalysisInputs::SetMCSF] sample : ZZZ
[AnalysisInputs::SetMCSF] => MCSF = 1, MCSF_err = 0.5
[AnalysisInputs::SetMCSF] sample : ttV
[AnalysisInputs::SetMCSF] => MCSF = 1, MCSF_err = 0.5
[AnalysisInputs::SetMCSF] sample : ttW
[AnalysisInputs::SetMCSF] => MCSF = 1, MCSF_err = 0.5
[AnalysisInputs::SetMCSF] sample : ttZ
[AnalysisInputs::SetMCSF] => MCSF = 1, MCSF_err = 0.5
[AnalysisInputs::SetMCSF] sample : ttH_nonbb
[AnalysisInputs::SetMCSF] => MCSF = 1, MCSF_err = 0.5
[AnalysisInputs::SetMCSF] sample : top
[AnalysisInputs::SetMCSF] => MCSF = 1, MCSF_err = 0.5
[AnalysisInputs::SetMCSF] sample : WWTo2L2Nu_DS
[AnalysisInputs::SetMCSF] => MCSF = 1, MCSF_err = 0.5
[AnalysisInputs::SetMCSF] sample : WpWpEWK
[AnalysisInputs::SetMCSF] => MCSF = 1.3062, MCSF_err = 0.5
[AnalysisInputs::SetMCSF] sample : WpWpQCD
[AnalysisInputs::SetMCSF] => MCSF = 1.70026, MCSF_err = 0.5
[AnalysisInputs::SetMCSF] sample : WZTo3LNu_mllmin01
[AnalysisInputs::SetMCSF] => MCSF = 0.65, MCSF_err = 0.06
[AnalysisInputs::SetMCSF] sample : WZTo3LNu_powheg
[AnalysisInputs::SetMCSF] => MCSF = 1.05212, MCSF_err = 0.066085
[AnalysisInputs::SetMCSF] sample : ZGto2LG
[AnalysisInputs::SetMCSF] => MCSF = 1.09608, MCSF_err = 0.0747672
[AnalysisInputs::SetMCSF] sample : WGtoLNuG
[AnalysisInputs::SetMCSF] => MCSF = 1, MCSF_err = 0.0747672
[AnalysisInputs::SetMCSF] sample : WGtoLNuG_weighted
[AnalysisInputs::SetMCSF] => MCSF = 1, MCSF_err = 0.0747672
[AnalysisInputs::SetMCSF] sample : ZZTo4L_powheg
[AnalysisInputs::SetMCSF] => MCSF = 0.978495, MCSF_err = 0.0795031
[AnalysisInputs::SetMCSF] sample : ggZZto2e2mu
[AnalysisInputs::SetMCSF] => MCSF = 0.978495, MCSF_err = 0.0795031
[AnalysisInputs::SetMCSF] sample : ggZZto2e2nu
[AnalysisInputs::SetMCSF] => MCSF = 0.978495, MCSF_err = 0.0795031
[AnalysisInputs::SetMCSF] sample : ggZZto2e2tau
[AnalysisInputs::SetMCSF] => MCSF = 0.978495, MCSF_err = 0.0795031
[AnalysisInputs::SetMCSF] sample : ggZZto2mu2nu
[AnalysisInputs::SetMCSF] => MCSF = 0.978495, MCSF_err = 0.0795031
[AnalysisInputs::SetMCSF] sample : ggZZto2mu2tau
[AnalysisInputs::SetMCSF] => MCSF = 0.978495, MCSF_err = 0.0795031
[AnalysisInputs::SetMCSF] sample : ggZZto4e
[AnalysisInputs::SetMCSF] => MCSF = 0.978495, MCSF_err = 0.0795031
[AnalysisInputs::SetMCSF] sample : ggZZto4mu
[AnalysisInputs::SetMCSF] => MCSF = 0.978495, MCSF_err = 0.0795031
[AnalysisInputs::SetMCSF] sample : ggZZto4tau
[AnalysisInputs::SetMCSF] => MCSF = 0.978495, MCSF_err = 0.0795031
[AnalysisInputs::SetMCSF] sample : ggHtoZZ
[AnalysisInputs::SetMCSF] => MCSF = 0.978495, MCSF_err = 0.0795031
[AnalysisInputs::SetCalculatedSysts] Get Systematics from /data8/Users/jskim/HN_dilepton_plotter/data/v8-0-7.37_ForApproval/Syst.txt
[AnalysisInputs::SetCalculatedSysts] source : Luminosity
[AnalysisInputs::SetCalculatedSysts] => % sysematic = 0.025
[AnalysisInputs::SetCalculatedSysts] source : FakeLooseID
[AnalysisInputs::SetCalculatedSysts] => % sysematic = 0.3
[AnalysisInputs::SetCalculatedSysts] source : ChrageFlipSyst
[AnalysisInputs::SetCalculatedSysts] => % sysematic = 0.16
[CutRangeInfo::ReadCutCard] Get Cutcard from /data8/Users/jskim/HN_dilepton_plotter/data/v8-0-7.37_ForApproval/CutOpCard/RunDirectory/Nminus1/Cards_MuEl_Bin1/step5_HNMuEl_50.txt

##################################################
#### TOTAL # of Loop = 1
##################################################

[CutRangeInfo::PrintCutRangeInfo] DeltaRl1l2_<
[CutInfo::PrintCutInfo] DeltaRl1l2	<	3.2
[CutRangeInfo::PrintCutRangeInfo] Njets_<
[CutInfo::PrintCutInfo] Njets	<	4
[CutRangeInfo::PrintCutRangeInfo] PFMET_<
[CutInfo::PrintCutInfo] PFMET	<	40
[CutRangeInfo::PrintCutRangeInfo] leadingLepton_Pt_<
[CutInfo::PrintCutInfo] leadingLepton_Pt	<	60
[CutRangeInfo::PrintCutRangeInfo] m_Leadljj_lljjWclosest_<
[CutInfo::PrintCutInfo] m_Leadljj_lljjWclosest	<	135
[CutRangeInfo::PrintCutRangeInfo] m_SubLeadljj_lljjWclosest_<
[CutInfo::PrintCutInfo] m_SubLeadljj_lljjWclosest	<	135
[CutRangeInfo::PrintCutRangeInfo] m_ll_<
[CutInfo::PrintCutInfo] m_ll	<	60
[CutRangeInfo::PrintCutRangeInfo] m_ll_>
[CutInfo::PrintCutInfo] m_ll	>	20
[CutRangeInfo::PrintCutRangeInfo] secondLepton_Pt_<
[CutInfo::PrintCutInfo] secondLepton_Pt	<	40
[CutRangeInfo::PrintCutRangeInfo] secondLepton_Pt_>
[CutInfo::PrintCutInfo] secondLepton_Pt	>	15

##############################
#### OPTIMIZATION STARTED ####
##############################


!!!!!!!!!!!!!!!!!
!!!! UPDATED !!!!
!!!!!!!!!!!!!!!!!

[CutInfo::PrintCutInfo] DeltaRl1l2	<	3.2
[CutInfo::PrintCutInfo] Njets	<	4
[CutInfo::PrintCutInfo] PFMET	<	40
[CutInfo::PrintCutInfo] leadingLepton_Pt	<	60
[CutInfo::PrintCutInfo] m_Leadljj_lljjWclosest	<	135
[CutInfo::PrintCutInfo] m_SubLeadljj_lljjWclosest	<	135
[CutInfo::PrintCutInfo] m_ll	<	60
[CutInfo::PrintCutInfo] m_ll	>	20
[CutInfo::PrintCutInfo] secondLepton_Pt	<	40
[CutInfo::PrintCutInfo] secondLepton_Pt	>	15
CF	0 +- 0
Fake	12.2986 +- 3.99614
Prompt	21.9704 +- 3.93148
=> total bkg = 34.269
Signal	Yield	Efficiency	Efficiency@Presel	Punzi
HNMuEl_50	1401.72	0.00201	0.311009	0.000769733
=====================================================================


##################
#### FINISHED ####
##################

[CutInfo::PrintCutInfo] DeltaRl1l2	<	3.2
[CutInfo::PrintCutInfo] Njets	<	4
[CutInfo::PrintCutInfo] PFMET	<	40
[CutInfo::PrintCutInfo] leadingLepton_Pt	<	60
[CutInfo::PrintCutInfo] m_Leadljj_lljjWclosest	<	135
[CutInfo::PrintCutInfo] m_SubLeadljj_lljjWclosest	<	135
[CutInfo::PrintCutInfo] m_ll	<	60
[CutInfo::PrintCutInfo] m_ll	>	20
[CutInfo::PrintCutInfo] secondLepton_Pt	<	40
[CutInfo::PrintCutInfo] secondLepton_Pt	>	15
CF	0 +- 0
Fake	12.2986 +- 3.99614
Prompt	21.9704 +- 3.93148
=> total bkg = 34.269
Signal	Yield	Efficiency	Efficiency@Presel	Punzi
HNMuEl_50	1401.72	0.00201	0.311009	0.000769733
