
Processing Bin2_HNElEl_1300.C...
[AnalysisInputs::SetMCSF] Get MC SF from /home/jskim/Documents/trilepton_13TeV/DiLepton/data/v8-0-7.36/MCSF.txt
[AnalysisInputs::SetMCSF] sample : VVV
[AnalysisInputs::SetMCSF] => MCSF = 1, MCSF_err = 0.5
[AnalysisInputs::SetMCSF] sample : WWW
[AnalysisInputs::SetMCSF] => MCSF = 1, MCSF_err = 0.5
[AnalysisInputs::SetMCSF] sample : WWZ
[AnalysisInputs::SetMCSF] => MCSF = 1, MCSF_err = 0.5
[AnalysisInputs::SetMCSF] sample : WZZ
[AnalysisInputs::SetMCSF] => MCSF = 1, MCSF_err = 0.5
[AnalysisInputs::SetMCSF] sample : ZZZ
[AnalysisInputs::SetMCSF] => MCSF = 1, MCSF_err = 0.5
[AnalysisInputs::SetMCSF] sample : ttV
[AnalysisInputs::SetMCSF] => MCSF = 1, MCSF_err = 0.5
[AnalysisInputs::SetMCSF] sample : ttW
[AnalysisInputs::SetMCSF] => MCSF = 1, MCSF_err = 0.5
[AnalysisInputs::SetMCSF] sample : ttZ
[AnalysisInputs::SetMCSF] => MCSF = 1, MCSF_err = 0.5
[AnalysisInputs::SetMCSF] sample : ttH_nonbb
[AnalysisInputs::SetMCSF] => MCSF = 1, MCSF_err = 0.5
[AnalysisInputs::SetMCSF] sample : top
[AnalysisInputs::SetMCSF] => MCSF = 1, MCSF_err = 0.5
[AnalysisInputs::SetMCSF] sample : WZTo3LNu_powheg
[AnalysisInputs::SetMCSF] => MCSF = 1.00165, MCSF_err = 0.0888561
[AnalysisInputs::SetMCSF] sample : ZGto2LG
[AnalysisInputs::SetMCSF] => MCSF = 0.794861, MCSF_err = 0.155181
[AnalysisInputs::SetMCSF] sample : ZZTo4L_powheg
[AnalysisInputs::SetMCSF] => MCSF = 0.926685, MCSF_err = 0.102827
[AnalysisInputs::SetMCSF] sample : ggZZto2e2mu
[AnalysisInputs::SetMCSF] => MCSF = 0.926685, MCSF_err = 0.102827
[AnalysisInputs::SetMCSF] sample : ggZZto2e2nu
[AnalysisInputs::SetMCSF] => MCSF = 0.926685, MCSF_err = 0.102827
[AnalysisInputs::SetMCSF] sample : ggZZto2e2tau
[AnalysisInputs::SetMCSF] => MCSF = 0.926685, MCSF_err = 0.102827
[AnalysisInputs::SetMCSF] sample : ggZZto2mu2nu
[AnalysisInputs::SetMCSF] => MCSF = 0.926685, MCSF_err = 0.102827
[AnalysisInputs::SetMCSF] sample : ggZZto2mu2tau
[AnalysisInputs::SetMCSF] => MCSF = 0.926685, MCSF_err = 0.102827
[AnalysisInputs::SetMCSF] sample : ggZZto4e
[AnalysisInputs::SetMCSF] => MCSF = 0.926685, MCSF_err = 0.102827
[AnalysisInputs::SetMCSF] sample : ggZZto4mu
[AnalysisInputs::SetMCSF] => MCSF = 0.926685, MCSF_err = 0.102827
[AnalysisInputs::SetMCSF] sample : ggZZto4tau
[AnalysisInputs::SetMCSF] => MCSF = 0.926685, MCSF_err = 0.102827
[AnalysisInputs::SetCalculatedSysts] Get Systematics from /home/jskim/Documents/trilepton_13TeV/DiLepton/data/v8-0-7.36/Syst.txt
[AnalysisInputs::SetCalculatedSysts] source : Luminosity
[AnalysisInputs::SetCalculatedSysts] => % sysematic = 0.025
[AnalysisInputs::SetCalculatedSysts] source : FakeLooseID
[AnalysisInputs::SetCalculatedSysts] => % sysematic = 0.3
[AnalysisInputs::SetCalculatedSysts] source : ChrageFlipSyst
[AnalysisInputs::SetCalculatedSysts] => % sysematic = 0.21
[CutRangeInfo::ReadCutCard] Get Cutcard from /home/jskim/Documents/trilepton_13TeV/DiLepton/data/v8-0-7.36/CutOpCard/OPTIMIZED_171108_ElEl_HighMass_Bin2/HNElEl_1300.txt
prompt_tau21_syst = 0.00246041
signal_tau21_syst = 0.000608605
Central	0.0341381	0	0.00461473
_MuonEn_up	0.0341381	0	0.00461473
_MuonEn_down	0.0303591	0	0.00461473
_MuonIDSF_up	0.0340544	0	0.00461473
_MuonIDSF_down	0.0341381	0	0.00461473
_ElectronEn_up	0.0341381	0	0.00461473
_ElectronEn_down	0.0341381	0	0.00461473
_ElectronIDSF_up	0.0354654	0	0.00461473
_ElectronIDSF_down	0.032836	0	0.00461473
_TriggerSF_up	0.0341381	0	0.00461473
_TriggerSF_down	0.0341381	0	0.00461473
_PU_up	0.0349764	0	0.00461473
_PU_down	0.0329391	0	0.00461473
_JetEn_up	0.0341381	0	0.00461473
_JetEn_down	0.0341381	0	0.00461473
_JetRes_up	0.0341381	0	0.00461473
_JetRes_down	0.0341381	0	0.00461473
_Unclustered_up	0.0341381	0	0.00461473
_Unclustered_down	0.0306235	0	0.00461473
_BTagSFEff_up	0.0341381	0	0.00461473
_BTagSFEff_down	0.0341381	0	0.00461473
_BTagSFMiss_up	0.0341381	0	0.00461473
_BTagSFMiss_down	0.0372933	0	0.00461473
_JetMass_up	0.0341381	0	0.00461473
_JetMass_down	0.0408837	0	0.00461473
_JetMassRes_up	0.0341381	0	0.00461473
_JetMassRes_down	0.0408837	0	0.00461473

################ Sources ################
Source	SystTotal	SystPrompt	SystFake	Signal
Stat 29.77 33.79  -nan  50.32  1.21
Lumi 2.20  2.50 -  -  2.50
PDF  -  -  -  -  2.50
MuonPt  6.90 7.83  -  -  0.13
MuonID  0.15 0.17  -  -  0.13
ElectronE  0.00 0.00  -  -  0.22
ElectronID  3.39 3.85  -  -  4.28
Trigger  0.00 0.00  -  -  0.17
PU  2.67 3.03  -  -  1.57
JES  0.00 0.00  -  -  0.37
JER  0.00 0.00  -  -  0.19
Uncl  6.41 7.28  -  -  0.17
BEff  0.00 0.00  -  -  0.73
BMiss  5.76 6.54  -  -  0.41
JMS  12.31 13.97  -  -  0.10
JMR  12.31 13.97  -  -  0.22
Tau21 6.35  7.21 -  -  7.27
MCNorm 6.70  7.61 -  -  -
Fake 0.00  -  -nan - -
CF 2.50  -  -  21.00 -
Total Systematic 23.10 26.22  -nan  21.00  5.86

Total Background	0.039
- Prompt	0.034
- Fake	0.000
- CF	0.005

####### Result #######
Signal Eff	0.185895
0.038753 1.382332
0.008372 1.094156
