
Processing Bin2_HNElEl_90.C...
[AnalysisInputs::SetMCSF] Get MC SF from /home/jskim/Documents/trilepton_13TeV/DiLepton/data/v8-0-7.36/MCSF.txt
[AnalysisInputs::SetMCSF] sample : VVV
[AnalysisInputs::SetMCSF] => MCSF = 1, MCSF_err = 0.5
[AnalysisInputs::SetMCSF] sample : WWW
[AnalysisInputs::SetMCSF] => MCSF = 1, MCSF_err = 0.5
[AnalysisInputs::SetMCSF] sample : WWZ
[AnalysisInputs::SetMCSF] => MCSF = 1, MCSF_err = 0.5
[AnalysisInputs::SetMCSF] sample : WZZ
[AnalysisInputs::SetMCSF] => MCSF = 1, MCSF_err = 0.5
[AnalysisInputs::SetMCSF] sample : ZZZ
[AnalysisInputs::SetMCSF] => MCSF = 1, MCSF_err = 0.5
[AnalysisInputs::SetMCSF] sample : ttV
[AnalysisInputs::SetMCSF] => MCSF = 1, MCSF_err = 0.5
[AnalysisInputs::SetMCSF] sample : ttW
[AnalysisInputs::SetMCSF] => MCSF = 1, MCSF_err = 0.5
[AnalysisInputs::SetMCSF] sample : ttZ
[AnalysisInputs::SetMCSF] => MCSF = 1, MCSF_err = 0.5
[AnalysisInputs::SetMCSF] sample : ttH_nonbb
[AnalysisInputs::SetMCSF] => MCSF = 1, MCSF_err = 0.5
[AnalysisInputs::SetMCSF] sample : top
[AnalysisInputs::SetMCSF] => MCSF = 1, MCSF_err = 0.5
[AnalysisInputs::SetMCSF] sample : WZTo3LNu_powheg
[AnalysisInputs::SetMCSF] => MCSF = 1.00165, MCSF_err = 0.0888561
[AnalysisInputs::SetMCSF] sample : ZGto2LG
[AnalysisInputs::SetMCSF] => MCSF = 0.794861, MCSF_err = 0.155181
[AnalysisInputs::SetMCSF] sample : ZZTo4L_powheg
[AnalysisInputs::SetMCSF] => MCSF = 0.926685, MCSF_err = 0.102827
[AnalysisInputs::SetMCSF] sample : ggZZto2e2mu
[AnalysisInputs::SetMCSF] => MCSF = 0.926685, MCSF_err = 0.102827
[AnalysisInputs::SetMCSF] sample : ggZZto2e2nu
[AnalysisInputs::SetMCSF] => MCSF = 0.926685, MCSF_err = 0.102827
[AnalysisInputs::SetMCSF] sample : ggZZto2e2tau
[AnalysisInputs::SetMCSF] => MCSF = 0.926685, MCSF_err = 0.102827
[AnalysisInputs::SetMCSF] sample : ggZZto2mu2nu
[AnalysisInputs::SetMCSF] => MCSF = 0.926685, MCSF_err = 0.102827
[AnalysisInputs::SetMCSF] sample : ggZZto2mu2tau
[AnalysisInputs::SetMCSF] => MCSF = 0.926685, MCSF_err = 0.102827
[AnalysisInputs::SetMCSF] sample : ggZZto4e
[AnalysisInputs::SetMCSF] => MCSF = 0.926685, MCSF_err = 0.102827
[AnalysisInputs::SetMCSF] sample : ggZZto4mu
[AnalysisInputs::SetMCSF] => MCSF = 0.926685, MCSF_err = 0.102827
[AnalysisInputs::SetMCSF] sample : ggZZto4tau
[AnalysisInputs::SetMCSF] => MCSF = 0.926685, MCSF_err = 0.102827
[AnalysisInputs::SetCalculatedSysts] Get Systematics from /home/jskim/Documents/trilepton_13TeV/DiLepton/data/v8-0-7.36/Syst.txt
[AnalysisInputs::SetCalculatedSysts] source : Luminosity
[AnalysisInputs::SetCalculatedSysts] => % sysematic = 0.025
[AnalysisInputs::SetCalculatedSysts] source : FakeLooseID
[AnalysisInputs::SetCalculatedSysts] => % sysematic = 0.3
[AnalysisInputs::SetCalculatedSysts] source : ChrageFlipSyst
[AnalysisInputs::SetCalculatedSysts] => % sysematic = 0.21
[CutRangeInfo::ReadCutCard] Get Cutcard from /home/jskim/Documents/trilepton_13TeV/DiLepton/data/v8-0-7.36/CutOpCard/OPTIMIZED_171108_ElEl_HighMass_Bin2/HNElEl_90.txt
prompt_tau21_syst = 0.00622597
signal_tau21_syst = 0
Central	0.0846616	0.136048	0.00639036
_MuonEn_up	0.0846616	0.136048	0.00639036
_MuonEn_down	0.0846616	0.136048	0.00639036
_MuonIDSF_up	0.0830304	0.136048	0.00639036
_MuonIDSF_down	0.0846616	0.136048	0.00639036
_ElectronEn_up	0.0846842	0.136048	0.00639036
_ElectronEn_down	0.0846616	0.136048	0.00639036
_ElectronIDSF_up	0.087599	0.136048	0.00639036
_ElectronIDSF_down	0.0817733	0.136048	0.00639036
_TriggerSF_up	0.0864584	0.136048	0.00639036
_TriggerSF_down	0.0846616	0.136048	0.00639036
_PU_up	0.0814544	0.136048	0.00639036
_PU_down	0.0878917	0.136048	0.00639036
_JetEn_up	0.0135895	0.136048	0.00639036
_JetEn_down	0.0841318	0.136048	0.00639036
_JetRes_up	0.0846616	0.136048	0.00639036
_JetRes_down	0.0846616	0.136048	0.00639036
_Unclustered_up	0.0846616	0.136048	0.00639036
_Unclustered_down	0.0846616	0.136048	0.00639036
_BTagSFEff_up	0.0846616	0.136048	0.00639036
_BTagSFEff_down	0.0846616	0.136048	0.00639036
_BTagSFMiss_up	0.0846616	0.136048	0.00639036
_BTagSFMiss_down	0.0846616	0.136048	0.00639036
_JetMass_up	0.0846616	0.136048	0.00639036
_JetMass_down	0.086981	0.136048	0.00639036
_JetMassRes_up	0.0846616	0.136048	0.00639036
_JetMassRes_down	0.0846616	0.136048	0.00639036

################ Sources ################
Source	SystTotal	SystPrompt	SystFake	Signal
Stat 68.14 87.08  100.00  56.64  -nan
Lumi 0.93  2.50 -  -  2.50
PDF  -  -  -  -  -nan
MuonPt  0.00 0.00  -  -  -nan
MuonID  0.51 1.36  -  -  -nan
ElectronE  0.01 0.02  -  -  -nan
ElectronID  1.28 3.44  -  -  -nan
Trigger  0.56 1.50  -  -  -nan
PU  1.42 3.80  -  -  -nan
JES  22.13 59.36  -  -  -nan
JER  0.00 0.00  -  -  -nan
Uncl  0.00 0.00  -  -  -nan
BEff  0.00 0.00  -  -  -nan
BMiss  0.00 0.00  -  -  -nan
JMS  0.72 1.94  -  -  -nan
JMR  0.00 0.00  -  -  -nan
Tau21 2.74  7.35 -  -  -nan
MCNorm 4.37  11.72 -  -  -
Fake 17.97  -  30.00 - -
CF 0.59  -  -  21.00 -
Total Systematic 29.07 61.28  30.00  21.00  -nan

Total Background	0.227
- Prompt	0.085
- Fake	0.136
- CF	0.006

####### Result #######
Signal Eff	0.000000
0.227100 1.740972
0.000000 -nan
