
Processing Bin2_HNElEl_1200_VBF.C...
[AnalysisInputs::SetMCSF] Get MC SF from /home/jskim/Documents/trilepton_13TeV/DiLepton/data/v8-0-7.36/MCSF.txt
[AnalysisInputs::SetMCSF] sample : VVV
[AnalysisInputs::SetMCSF] => MCSF = 1, MCSF_err = 0.5
[AnalysisInputs::SetMCSF] sample : WWW
[AnalysisInputs::SetMCSF] => MCSF = 1, MCSF_err = 0.5
[AnalysisInputs::SetMCSF] sample : WWZ
[AnalysisInputs::SetMCSF] => MCSF = 1, MCSF_err = 0.5
[AnalysisInputs::SetMCSF] sample : WZZ
[AnalysisInputs::SetMCSF] => MCSF = 1, MCSF_err = 0.5
[AnalysisInputs::SetMCSF] sample : ZZZ
[AnalysisInputs::SetMCSF] => MCSF = 1, MCSF_err = 0.5
[AnalysisInputs::SetMCSF] sample : ttV
[AnalysisInputs::SetMCSF] => MCSF = 1, MCSF_err = 0.5
[AnalysisInputs::SetMCSF] sample : ttW
[AnalysisInputs::SetMCSF] => MCSF = 1, MCSF_err = 0.5
[AnalysisInputs::SetMCSF] sample : ttZ
[AnalysisInputs::SetMCSF] => MCSF = 1, MCSF_err = 0.5
[AnalysisInputs::SetMCSF] sample : ttH_nonbb
[AnalysisInputs::SetMCSF] => MCSF = 1, MCSF_err = 0.5
[AnalysisInputs::SetMCSF] sample : top
[AnalysisInputs::SetMCSF] => MCSF = 1, MCSF_err = 0.5
[AnalysisInputs::SetMCSF] sample : WZTo3LNu_powheg
[AnalysisInputs::SetMCSF] => MCSF = 1.00165, MCSF_err = 0.0888561
[AnalysisInputs::SetMCSF] sample : ZGto2LG
[AnalysisInputs::SetMCSF] => MCSF = 0.794861, MCSF_err = 0.155181
[AnalysisInputs::SetMCSF] sample : ZZTo4L_powheg
[AnalysisInputs::SetMCSF] => MCSF = 0.926685, MCSF_err = 0.102827
[AnalysisInputs::SetMCSF] sample : ggZZto2e2mu
[AnalysisInputs::SetMCSF] => MCSF = 0.926685, MCSF_err = 0.102827
[AnalysisInputs::SetMCSF] sample : ggZZto2e2nu
[AnalysisInputs::SetMCSF] => MCSF = 0.926685, MCSF_err = 0.102827
[AnalysisInputs::SetMCSF] sample : ggZZto2e2tau
[AnalysisInputs::SetMCSF] => MCSF = 0.926685, MCSF_err = 0.102827
[AnalysisInputs::SetMCSF] sample : ggZZto2mu2nu
[AnalysisInputs::SetMCSF] => MCSF = 0.926685, MCSF_err = 0.102827
[AnalysisInputs::SetMCSF] sample : ggZZto2mu2tau
[AnalysisInputs::SetMCSF] => MCSF = 0.926685, MCSF_err = 0.102827
[AnalysisInputs::SetMCSF] sample : ggZZto4e
[AnalysisInputs::SetMCSF] => MCSF = 0.926685, MCSF_err = 0.102827
[AnalysisInputs::SetMCSF] sample : ggZZto4mu
[AnalysisInputs::SetMCSF] => MCSF = 0.926685, MCSF_err = 0.102827
[AnalysisInputs::SetMCSF] sample : ggZZto4tau
[AnalysisInputs::SetMCSF] => MCSF = 0.926685, MCSF_err = 0.102827
[AnalysisInputs::SetCalculatedSysts] Get Systematics from /home/jskim/Documents/trilepton_13TeV/DiLepton/data/v8-0-7.36/Syst.txt
[AnalysisInputs::SetCalculatedSysts] source : Luminosity
[AnalysisInputs::SetCalculatedSysts] => % sysematic = 0.025
[AnalysisInputs::SetCalculatedSysts] source : FakeLooseID
[AnalysisInputs::SetCalculatedSysts] => % sysematic = 0.3
[AnalysisInputs::SetCalculatedSysts] source : ChrageFlipSyst
[AnalysisInputs::SetCalculatedSysts] => % sysematic = 0.21
[CutRangeInfo::ReadCutCard] Get Cutcard from /home/jskim/Documents/trilepton_13TeV/DiLepton/data/v8-0-7.36/CutOpCard/OPTIMIZED_171108_ElEl_HighMass_Bin2/HNElEl_1200.txt
prompt_tau21_syst = 0.00927551
signal_tau21_syst = 0.00233485
Central	0.128698	0	0.0131723
_MuonEn_up	0.12621	0	0.0131723
_MuonEn_down	0.129365	0	0.0131723
_MuonIDSF_up	0.12621	0	0.0131723
_MuonIDSF_down	0.128839	0	0.0131723
_ElectronEn_up	0.129246	0	0.0131723
_ElectronEn_down	0.123182	0	0.0131723
_ElectronIDSF_up	0.130919	0	0.0131723
_ElectronIDSF_down	0.121586	0	0.0131723
_TriggerSF_up	0.129171	0	0.0131723
_TriggerSF_down	0.12621	0	0.0131723
_PU_up	0.141568	0	0.0131723
_PU_down	0.110123	0	0.0131723
_JetEn_up	0.129171	0	0.0131723
_JetEn_down	0.162255	0	0.0131723
_JetRes_up	0.12621	0	0.0131723
_JetRes_down	0.12621	0	0.0131723
_Unclustered_up	0.12814	0	0.0131723
_Unclustered_down	0.129778	0	0.0131723
_BTagSFEff_up	0.129171	0	0.0131723
_BTagSFEff_down	0.129778	0	0.0131723
_BTagSFMiss_up	0.126126	0	0.0131723
_BTagSFMiss_down	0.12621	0	0.0131723
_JetMass_up	0.12256	0	0.0131723
_JetMass_down	0.132956	0	0.0131723
_JetMassRes_up	0.12621	0	0.0131723
_JetMassRes_down	0.135834	0	0.0131723

################ Sources ################
Source	SystTotal	SystPrompt	SystFake	Signal
Stat 53.10 58.54  -nan  37.40  1.99
Lumi 2.27  2.50 -  -  2.50
PDF  -  -  -  -  2.50
MuonPt  1.28 1.42  -  -  0.10
MuonID  1.24 1.37  -  -  0.05
ElectronE  2.76 3.05  -  -  0.38
ElectronID  3.71 4.09  -  -  4.13
Trigger  1.26 1.39  -  -  0.05
PU  11.26 12.42  -  -  1.65
JES  16.73 18.44  -  -  0.35
JER  1.75 1.93  -  -  0.28
Uncl  0.61 0.67  -  -  0.18
BEff  0.59 0.65  -  -  0.46
BMiss  1.78 1.97  -  -  0.56
JMS  3.72 4.10  -  -  0.09
JMR  3.77 4.15  -  -  0.06
Tau21 6.54  7.21 -  -  7.25
MCNorm 8.62  9.51 -  -  -
Fake 0.00  -  -nan - -
CF 1.95  -  -  21.00 -
Total Systematic 24.29 26.78  -nan  21.00  5.77

Total Background	0.142
- Prompt	0.129
- Fake	0.000
- CF	0.013

####### Result #######
Signal Eff	0.116527
0.141870 1.585296
0.032186 1.094780
