
Processing Bin2_HNElEl_250.C...
[AnalysisInputs::SetMCSF] Get MC SF from /home/jskim/Documents/trilepton_13TeV/DiLepton/data/v8-0-7.36/MCSF.txt
[AnalysisInputs::SetMCSF] sample : VVV
[AnalysisInputs::SetMCSF] => MCSF = 1, MCSF_err = 0.5
[AnalysisInputs::SetMCSF] sample : WWW
[AnalysisInputs::SetMCSF] => MCSF = 1, MCSF_err = 0.5
[AnalysisInputs::SetMCSF] sample : WWZ
[AnalysisInputs::SetMCSF] => MCSF = 1, MCSF_err = 0.5
[AnalysisInputs::SetMCSF] sample : WZZ
[AnalysisInputs::SetMCSF] => MCSF = 1, MCSF_err = 0.5
[AnalysisInputs::SetMCSF] sample : ZZZ
[AnalysisInputs::SetMCSF] => MCSF = 1, MCSF_err = 0.5
[AnalysisInputs::SetMCSF] sample : ttV
[AnalysisInputs::SetMCSF] => MCSF = 1, MCSF_err = 0.5
[AnalysisInputs::SetMCSF] sample : ttW
[AnalysisInputs::SetMCSF] => MCSF = 1, MCSF_err = 0.5
[AnalysisInputs::SetMCSF] sample : ttZ
[AnalysisInputs::SetMCSF] => MCSF = 1, MCSF_err = 0.5
[AnalysisInputs::SetMCSF] sample : ttH_nonbb
[AnalysisInputs::SetMCSF] => MCSF = 1, MCSF_err = 0.5
[AnalysisInputs::SetMCSF] sample : top
[AnalysisInputs::SetMCSF] => MCSF = 1, MCSF_err = 0.5
[AnalysisInputs::SetMCSF] sample : WZTo3LNu_powheg
[AnalysisInputs::SetMCSF] => MCSF = 1.00165, MCSF_err = 0.0888561
[AnalysisInputs::SetMCSF] sample : ZGto2LG
[AnalysisInputs::SetMCSF] => MCSF = 0.794861, MCSF_err = 0.155181
[AnalysisInputs::SetMCSF] sample : ZZTo4L_powheg
[AnalysisInputs::SetMCSF] => MCSF = 0.926685, MCSF_err = 0.102827
[AnalysisInputs::SetMCSF] sample : ggZZto2e2mu
[AnalysisInputs::SetMCSF] => MCSF = 0.926685, MCSF_err = 0.102827
[AnalysisInputs::SetMCSF] sample : ggZZto2e2nu
[AnalysisInputs::SetMCSF] => MCSF = 0.926685, MCSF_err = 0.102827
[AnalysisInputs::SetMCSF] sample : ggZZto2e2tau
[AnalysisInputs::SetMCSF] => MCSF = 0.926685, MCSF_err = 0.102827
[AnalysisInputs::SetMCSF] sample : ggZZto2mu2nu
[AnalysisInputs::SetMCSF] => MCSF = 0.926685, MCSF_err = 0.102827
[AnalysisInputs::SetMCSF] sample : ggZZto2mu2tau
[AnalysisInputs::SetMCSF] => MCSF = 0.926685, MCSF_err = 0.102827
[AnalysisInputs::SetMCSF] sample : ggZZto4e
[AnalysisInputs::SetMCSF] => MCSF = 0.926685, MCSF_err = 0.102827
[AnalysisInputs::SetMCSF] sample : ggZZto4mu
[AnalysisInputs::SetMCSF] => MCSF = 0.926685, MCSF_err = 0.102827
[AnalysisInputs::SetMCSF] sample : ggZZto4tau
[AnalysisInputs::SetMCSF] => MCSF = 0.926685, MCSF_err = 0.102827
[AnalysisInputs::SetCalculatedSysts] Get Systematics from /home/jskim/Documents/trilepton_13TeV/DiLepton/data/v8-0-7.36/Syst.txt
[AnalysisInputs::SetCalculatedSysts] source : Luminosity
[AnalysisInputs::SetCalculatedSysts] => % sysematic = 0.025
[AnalysisInputs::SetCalculatedSysts] source : FakeLooseID
[AnalysisInputs::SetCalculatedSysts] => % sysematic = 0.3
[AnalysisInputs::SetCalculatedSysts] source : ChrageFlipSyst
[AnalysisInputs::SetCalculatedSysts] => % sysematic = 0.21
[CutRangeInfo::ReadCutCard] Get Cutcard from /home/jskim/Documents/trilepton_13TeV/DiLepton/data/v8-0-7.36/CutOpCard/OPTIMIZED_171108_ElEl_HighMass_Bin2/HNElEl_250.txt
prompt_tau21_syst = 0.0178825
signal_tau21_syst = 0.064102
Central	0.248119	0.187047	0.065945
_MuonEn_up	0.249189	0.187047	0.065945
_MuonEn_down	0.244177	0.187047	0.065945
_MuonIDSF_up	0.246261	0.187047	0.065945
_MuonIDSF_down	0.242711	0.187047	0.065945
_ElectronEn_up	0.275394	0.187047	0.065945
_ElectronEn_down	0.251764	0.187047	0.065945
_ElectronIDSF_up	0.260755	0.187047	0.065945
_ElectronIDSF_down	0.238317	0.187047	0.065945
_TriggerSF_up	0.240627	0.187047	0.065945
_TriggerSF_down	0.249477	0.187047	0.065945
_PU_up	0.246108	0.187047	0.065945
_PU_down	0.241333	0.187047	0.065945
_JetEn_up	0.250704	0.187047	0.065945
_JetEn_down	0.394768	0.187047	0.065945
_JetRes_up	0.240915	0.187047	0.065945
_JetRes_down	0.238753	0.187047	0.065945
_Unclustered_up	0.335013	0.187047	0.065945
_Unclustered_down	0.242589	0.187047	0.065945
_BTagSFEff_up	0.243524	0.187047	0.065945
_BTagSFEff_down	0.248088	0.187047	0.065945
_BTagSFMiss_up	0.247414	0.187047	0.065945
_BTagSFMiss_down	0.289493	0.187047	0.065945
_JetMass_up	0.239647	0.187047	0.065945
_JetMass_down	0.248383	0.187047	0.065945
_JetMassRes_up	0.248772	0.187047	0.065945
_JetMassRes_down	0.242866	0.187047	0.065945

################ Sources ################
Source	SystTotal	SystPrompt	SystFake	Signal
Stat 27.42 33.06  58.95  16.86  3.42
Lumi 1.24  2.50 -  -  2.50
PDF  -  -  -  -  2.50
MuonPt  0.58 1.16  -  -  0.57
MuonID  0.81 1.63  -  -  0.27
ElectronE  3.88 7.84  -  -  0.52
ElectronID  2.26 4.56  -  -  4.08
Trigger  1.07 2.17  -  -  0.50
PU  1.00 2.02  -  -  1.95
JES  20.70 41.80  -  -  0.35
JER  1.67 3.37  -  -  0.88
Uncl  12.29 24.81  -  -  0.44
BEff  0.65 1.31  -  -  0.57
BMiss  5.84 11.79  -  -  0.31
JMS  1.20 2.42  -  -  0.38
JMR  0.75 1.51  -  -  0.48
Tau21 3.57  7.21 -  -  7.25
MCNorm 12.89  26.04 -  -  -
Fake 11.20  -  30.00 - -
CF 2.76  -  -  21.00 -
Total Systematic 30.79 57.92  30.00  21.00  5.98

Total Background	0.501
- Prompt	0.248
- Fake	0.187
- CF	0.066

####### Result #######
Signal Eff	0.019533
0.501111 1.413800
0.883927 1.100016
