
Processing Bin2_HNElEl_800.C...
[AnalysisInputs::SetMCSF] Get MC SF from /home/jskim/Documents/trilepton_13TeV/DiLepton/data/v8-0-7.36/MCSF.txt
[AnalysisInputs::SetMCSF] sample : VVV
[AnalysisInputs::SetMCSF] => MCSF = 1, MCSF_err = 0.5
[AnalysisInputs::SetMCSF] sample : WWW
[AnalysisInputs::SetMCSF] => MCSF = 1, MCSF_err = 0.5
[AnalysisInputs::SetMCSF] sample : WWZ
[AnalysisInputs::SetMCSF] => MCSF = 1, MCSF_err = 0.5
[AnalysisInputs::SetMCSF] sample : WZZ
[AnalysisInputs::SetMCSF] => MCSF = 1, MCSF_err = 0.5
[AnalysisInputs::SetMCSF] sample : ZZZ
[AnalysisInputs::SetMCSF] => MCSF = 1, MCSF_err = 0.5
[AnalysisInputs::SetMCSF] sample : ttV
[AnalysisInputs::SetMCSF] => MCSF = 1, MCSF_err = 0.5
[AnalysisInputs::SetMCSF] sample : ttW
[AnalysisInputs::SetMCSF] => MCSF = 1, MCSF_err = 0.5
[AnalysisInputs::SetMCSF] sample : ttZ
[AnalysisInputs::SetMCSF] => MCSF = 1, MCSF_err = 0.5
[AnalysisInputs::SetMCSF] sample : ttH_nonbb
[AnalysisInputs::SetMCSF] => MCSF = 1, MCSF_err = 0.5
[AnalysisInputs::SetMCSF] sample : top
[AnalysisInputs::SetMCSF] => MCSF = 1, MCSF_err = 0.5
[AnalysisInputs::SetMCSF] sample : WZTo3LNu_powheg
[AnalysisInputs::SetMCSF] => MCSF = 1.00165, MCSF_err = 0.0888561
[AnalysisInputs::SetMCSF] sample : ZGto2LG
[AnalysisInputs::SetMCSF] => MCSF = 0.794861, MCSF_err = 0.155181
[AnalysisInputs::SetMCSF] sample : ZZTo4L_powheg
[AnalysisInputs::SetMCSF] => MCSF = 0.926685, MCSF_err = 0.102827
[AnalysisInputs::SetMCSF] sample : ggZZto2e2mu
[AnalysisInputs::SetMCSF] => MCSF = 0.926685, MCSF_err = 0.102827
[AnalysisInputs::SetMCSF] sample : ggZZto2e2nu
[AnalysisInputs::SetMCSF] => MCSF = 0.926685, MCSF_err = 0.102827
[AnalysisInputs::SetMCSF] sample : ggZZto2e2tau
[AnalysisInputs::SetMCSF] => MCSF = 0.926685, MCSF_err = 0.102827
[AnalysisInputs::SetMCSF] sample : ggZZto2mu2nu
[AnalysisInputs::SetMCSF] => MCSF = 0.926685, MCSF_err = 0.102827
[AnalysisInputs::SetMCSF] sample : ggZZto2mu2tau
[AnalysisInputs::SetMCSF] => MCSF = 0.926685, MCSF_err = 0.102827
[AnalysisInputs::SetMCSF] sample : ggZZto4e
[AnalysisInputs::SetMCSF] => MCSF = 0.926685, MCSF_err = 0.102827
[AnalysisInputs::SetMCSF] sample : ggZZto4mu
[AnalysisInputs::SetMCSF] => MCSF = 0.926685, MCSF_err = 0.102827
[AnalysisInputs::SetMCSF] sample : ggZZto4tau
[AnalysisInputs::SetMCSF] => MCSF = 0.926685, MCSF_err = 0.102827
[AnalysisInputs::SetCalculatedSysts] Get Systematics from /home/jskim/Documents/trilepton_13TeV/DiLepton/data/v8-0-7.36/Syst.txt
[AnalysisInputs::SetCalculatedSysts] source : Luminosity
[AnalysisInputs::SetCalculatedSysts] => % sysematic = 0.025
[AnalysisInputs::SetCalculatedSysts] source : FakeLooseID
[AnalysisInputs::SetCalculatedSysts] => % sysematic = 0.3
[AnalysisInputs::SetCalculatedSysts] source : ChrageFlipSyst
[AnalysisInputs::SetCalculatedSysts] => % sysematic = 0.21
[CutRangeInfo::ReadCutCard] Get Cutcard from /home/jskim/Documents/trilepton_13TeV/DiLepton/data/v8-0-7.36/CutOpCard/OPTIMIZED_171108_ElEl_HighMass_Bin2/HNElEl_800.txt
prompt_tau21_syst = 0.0209236
signal_tau21_syst = 0.00654094
Central	0.290315	0.0451028	0.0656637
_MuonEn_up	0.282696	0.0451028	0.0656637
_MuonEn_down	0.290456	0.0451028	0.0656637
_MuonIDSF_up	0.290456	0.0451028	0.0656637
_MuonIDSF_down	0.299135	0.0451028	0.0656637
_ElectronEn_up	0.294915	0.0451028	0.0656637
_ElectronEn_down	0.289974	0.0451028	0.0656637
_ElectronIDSF_up	0.304462	0.0451028	0.0656637
_ElectronIDSF_down	0.279914	0.0451028	0.0656637
_TriggerSF_up	0.292963	0.0451028	0.0656637
_TriggerSF_down	0.295253	0.0451028	0.0656637
_PU_up	0.259362	0.0451028	0.0656637
_PU_down	0.327255	0.0451028	0.0656637
_JetEn_up	0.290843	0.0451028	0.0656637
_JetEn_down	0.286547	0.0451028	0.0656637
_JetRes_up	0.290372	0.0451028	0.0656637
_JetRes_down	0.285621	0.0451028	0.0656637
_Unclustered_up	0.290281	0.0451028	0.0656637
_Unclustered_down	0.294857	0.0451028	0.0656637
_BTagSFEff_up	0.290367	0.0451028	0.0656637
_BTagSFEff_down	0.295017	0.0451028	0.0656637
_BTagSFMiss_up	0.289274	0.0451028	0.0656637
_BTagSFMiss_down	0.290456	0.0451028	0.0656637
_JetMass_up	0.33121	0.0451028	0.0656637
_JetMass_down	0.301082	0.0451028	0.0656637
_JetMassRes_up	0.293664	0.0451028	0.0656637
_JetMassRes_down	0.310526	0.0451028	0.0656637

################ Sources ################
Source	SystTotal	SystPrompt	SystFake	Signal
Stat 30.22 38.10  109.91  21.21  1.10
Lumi 1.81  2.50 -  -  2.50
PDF  -  -  -  -  2.50
MuonPt  1.34 1.86  -  -  0.10
MuonID  1.56 2.15  -  -  0.06
ElectronE  0.81 1.12  -  -  0.13
ElectronID  3.10 4.28  -  -  4.23
Trigger  0.99 1.36  -  -  0.04
PU  8.50 11.74  -  -  1.82
JES  0.67 0.93  -  -  0.08
JER  0.83 1.14  -  -  0.22
Uncl  0.80 1.11  -  -  0.06
BEff  0.83 1.15  -  -  0.49
BMiss  0.19 0.26  -  -  0.52
JMS  7.46 10.30  -  -  0.13
JMR  3.61 4.99  -  -  0.15
Tau21 5.22  7.21 -  -  7.26
MCNorm 11.34  15.67 -  -  -
Fake 3.37  -  30.00 - -
CF 3.44  -  -  21.00 -
Total Systematic 18.14 24.63  30.00  21.00  5.86

Total Background	0.401
- Prompt	0.290
- Fake	0.045
- CF	0.066

####### Result #######
Signal Eff	0.194783
0.401081 1.355857
0.090076 1.093952
