
Processing Bin2_HNElEl_1400.C...
[AnalysisInputs::SetMCSF] Get MC SF from /home/jskim/Documents/trilepton_13TeV/DiLepton/data/v8-0-7.36/MCSF.txt
[AnalysisInputs::SetMCSF] sample : VVV
[AnalysisInputs::SetMCSF] => MCSF = 1, MCSF_err = 0.5
[AnalysisInputs::SetMCSF] sample : WWW
[AnalysisInputs::SetMCSF] => MCSF = 1, MCSF_err = 0.5
[AnalysisInputs::SetMCSF] sample : WWZ
[AnalysisInputs::SetMCSF] => MCSF = 1, MCSF_err = 0.5
[AnalysisInputs::SetMCSF] sample : WZZ
[AnalysisInputs::SetMCSF] => MCSF = 1, MCSF_err = 0.5
[AnalysisInputs::SetMCSF] sample : ZZZ
[AnalysisInputs::SetMCSF] => MCSF = 1, MCSF_err = 0.5
[AnalysisInputs::SetMCSF] sample : ttV
[AnalysisInputs::SetMCSF] => MCSF = 1, MCSF_err = 0.5
[AnalysisInputs::SetMCSF] sample : ttW
[AnalysisInputs::SetMCSF] => MCSF = 1, MCSF_err = 0.5
[AnalysisInputs::SetMCSF] sample : ttZ
[AnalysisInputs::SetMCSF] => MCSF = 1, MCSF_err = 0.5
[AnalysisInputs::SetMCSF] sample : ttH_nonbb
[AnalysisInputs::SetMCSF] => MCSF = 1, MCSF_err = 0.5
[AnalysisInputs::SetMCSF] sample : top
[AnalysisInputs::SetMCSF] => MCSF = 1, MCSF_err = 0.5
[AnalysisInputs::SetMCSF] sample : WZTo3LNu_powheg
[AnalysisInputs::SetMCSF] => MCSF = 1.00165, MCSF_err = 0.0888561
[AnalysisInputs::SetMCSF] sample : ZGto2LG
[AnalysisInputs::SetMCSF] => MCSF = 0.794861, MCSF_err = 0.155181
[AnalysisInputs::SetMCSF] sample : ZZTo4L_powheg
[AnalysisInputs::SetMCSF] => MCSF = 0.926685, MCSF_err = 0.102827
[AnalysisInputs::SetMCSF] sample : ggZZto2e2mu
[AnalysisInputs::SetMCSF] => MCSF = 0.926685, MCSF_err = 0.102827
[AnalysisInputs::SetMCSF] sample : ggZZto2e2nu
[AnalysisInputs::SetMCSF] => MCSF = 0.926685, MCSF_err = 0.102827
[AnalysisInputs::SetMCSF] sample : ggZZto2e2tau
[AnalysisInputs::SetMCSF] => MCSF = 0.926685, MCSF_err = 0.102827
[AnalysisInputs::SetMCSF] sample : ggZZto2mu2nu
[AnalysisInputs::SetMCSF] => MCSF = 0.926685, MCSF_err = 0.102827
[AnalysisInputs::SetMCSF] sample : ggZZto2mu2tau
[AnalysisInputs::SetMCSF] => MCSF = 0.926685, MCSF_err = 0.102827
[AnalysisInputs::SetMCSF] sample : ggZZto4e
[AnalysisInputs::SetMCSF] => MCSF = 0.926685, MCSF_err = 0.102827
[AnalysisInputs::SetMCSF] sample : ggZZto4mu
[AnalysisInputs::SetMCSF] => MCSF = 0.926685, MCSF_err = 0.102827
[AnalysisInputs::SetMCSF] sample : ggZZto4tau
[AnalysisInputs::SetMCSF] => MCSF = 0.926685, MCSF_err = 0.102827
[AnalysisInputs::SetCalculatedSysts] Get Systematics from /home/jskim/Documents/trilepton_13TeV/DiLepton/data/v8-0-7.36/Syst.txt
[AnalysisInputs::SetCalculatedSysts] source : Luminosity
[AnalysisInputs::SetCalculatedSysts] => % sysematic = 0.025
[AnalysisInputs::SetCalculatedSysts] source : FakeLooseID
[AnalysisInputs::SetCalculatedSysts] => % sysematic = 0.3
[AnalysisInputs::SetCalculatedSysts] source : ChrageFlipSyst
[AnalysisInputs::SetCalculatedSysts] => % sysematic = 0.21
[CutRangeInfo::ReadCutCard] Get Cutcard from /home/jskim/Documents/trilepton_13TeV/DiLepton/data/v8-0-7.36/CutOpCard/OPTIMIZED_171108_ElEl_HighMass_Bin2/HNElEl_1400.txt
prompt_tau21_syst = 0.00179327
signal_tau21_syst = 0.000386149
Central	0.0248816	0	0.0034105
_MuonEn_up	0.0222529	0	0.0034105
_MuonEn_down	0.0222529	0	0.0034105
_MuonIDSF_up	0.0222529	0	0.0034105
_MuonIDSF_down	0.0248816	0	0.0034105
_ElectronEn_up	0.0222529	0	0.0034105
_ElectronEn_down	0.0222529	0	0.0034105
_ElectronIDSF_up	0.0231519	0	0.0034105
_ElectronIDSF_down	0.0213715	0	0.0034105
_TriggerSF_up	0.0222529	0	0.0034105
_TriggerSF_down	0.0222529	0	0.0034105
_PU_up	0.0232265	0	0.0034105
_PU_down	0.0209676	0	0.0034105
_JetEn_up	0.0222529	0	0.0034105
_JetEn_down	0.0222529	0	0.0034105
_JetRes_up	0.0222529	0	0.0034105
_JetRes_down	0.0222529	0	0.0034105
_Unclustered_up	0.0222529	0	0.0034105
_Unclustered_down	0.0222529	0	0.0034105
_BTagSFEff_up	0.0222529	0	0.0034105
_BTagSFEff_down	0.0222529	0	0.0034105
_BTagSFMiss_up	0.0221692	0	0.0034105
_BTagSFMiss_down	0.0222529	0	0.0034105
_JetMass_up	0.0222529	0	0.0034105
_JetMass_down	0.0289985	0	0.0034105
_JetMassRes_up	0.0222529	0	0.0034105
_JetMassRes_down	0.0289985	0	0.0034105

################ Sources ################
Source	SystTotal	SystPrompt	SystFake	Signal
Stat 34.18 38.87  -nan  64.50  1.30
Lumi 2.20  2.50 -  -  2.50
PDF  -  -  -  -  2.50
MuonPt  9.29 10.56  -  -  0.09
MuonID  6.57 7.47  -  -  0.17
ElectronE  9.29 10.56  -  -  0.21
ElectronID  9.78 11.12  -  -  4.26
Trigger  9.29 10.56  -  -  0.02
PU  10.62 12.08  -  -  1.60
JES  9.29 10.56  -  -  0.12
JER  9.29 10.56  -  -  0.13
Uncl  9.29 10.56  -  -  0.16
BEff  9.29 10.56  -  -  0.58
BMiss  9.44 10.73  -  -  0.29
JMS  12.21 13.88  -  -  0.09
JMR  12.21 13.88  -  -  0.09
Tau21 6.34  7.21 -  -  7.25
MCNorm 13.82  15.72 -  -  -
Fake 0.00  -  -nan - -
CF 2.53  -  -  21.00 -
Total Systematic 38.46 43.73  -nan  21.00  5.81

Total Background	0.028
- Prompt	0.025
- Fake	0.000
- CF	0.003

####### Result #######
Signal Eff	0.176922
0.028292 1.521002
0.005324 1.093844
