
Processing Bin2_HNElEl_1300.C...
[AnalysisInputs::SetMCSF] Get MC SF from /home/jskim/Documents/trilepton_13TeV/DiLepton/data/v8-0-7.36/MCSF.txt
[AnalysisInputs::SetMCSF] sample : VVV
[AnalysisInputs::SetMCSF] => MCSF = 1, MCSF_err = 0.5
[AnalysisInputs::SetMCSF] sample : WWW
[AnalysisInputs::SetMCSF] => MCSF = 1, MCSF_err = 0.5
[AnalysisInputs::SetMCSF] sample : WWZ
[AnalysisInputs::SetMCSF] => MCSF = 1, MCSF_err = 0.5
[AnalysisInputs::SetMCSF] sample : WZZ
[AnalysisInputs::SetMCSF] => MCSF = 1, MCSF_err = 0.5
[AnalysisInputs::SetMCSF] sample : ZZZ
[AnalysisInputs::SetMCSF] => MCSF = 1, MCSF_err = 0.5
[AnalysisInputs::SetMCSF] sample : ttV
[AnalysisInputs::SetMCSF] => MCSF = 1, MCSF_err = 0.5
[AnalysisInputs::SetMCSF] sample : ttW
[AnalysisInputs::SetMCSF] => MCSF = 1, MCSF_err = 0.5
[AnalysisInputs::SetMCSF] sample : ttZ
[AnalysisInputs::SetMCSF] => MCSF = 1, MCSF_err = 0.5
[AnalysisInputs::SetMCSF] sample : ttH_nonbb
[AnalysisInputs::SetMCSF] => MCSF = 1, MCSF_err = 0.5
[AnalysisInputs::SetMCSF] sample : top
[AnalysisInputs::SetMCSF] => MCSF = 1, MCSF_err = 0.5
[AnalysisInputs::SetMCSF] sample : WZTo3LNu_powheg
[AnalysisInputs::SetMCSF] => MCSF = 1.00165, MCSF_err = 0.0888561
[AnalysisInputs::SetMCSF] sample : ZGto2LG
[AnalysisInputs::SetMCSF] => MCSF = 0.794861, MCSF_err = 0.155181
[AnalysisInputs::SetMCSF] sample : ZZTo4L_powheg
[AnalysisInputs::SetMCSF] => MCSF = 0.926685, MCSF_err = 0.102827
[AnalysisInputs::SetMCSF] sample : ggZZto2e2mu
[AnalysisInputs::SetMCSF] => MCSF = 0.926685, MCSF_err = 0.102827
[AnalysisInputs::SetMCSF] sample : ggZZto2e2nu
[AnalysisInputs::SetMCSF] => MCSF = 0.926685, MCSF_err = 0.102827
[AnalysisInputs::SetMCSF] sample : ggZZto2e2tau
[AnalysisInputs::SetMCSF] => MCSF = 0.926685, MCSF_err = 0.102827
[AnalysisInputs::SetMCSF] sample : ggZZto2mu2nu
[AnalysisInputs::SetMCSF] => MCSF = 0.926685, MCSF_err = 0.102827
[AnalysisInputs::SetMCSF] sample : ggZZto2mu2tau
[AnalysisInputs::SetMCSF] => MCSF = 0.926685, MCSF_err = 0.102827
[AnalysisInputs::SetMCSF] sample : ggZZto4e
[AnalysisInputs::SetMCSF] => MCSF = 0.926685, MCSF_err = 0.102827
[AnalysisInputs::SetMCSF] sample : ggZZto4mu
[AnalysisInputs::SetMCSF] => MCSF = 0.926685, MCSF_err = 0.102827
[AnalysisInputs::SetMCSF] sample : ggZZto4tau
[AnalysisInputs::SetMCSF] => MCSF = 0.926685, MCSF_err = 0.102827
[AnalysisInputs::SetCalculatedSysts] Get Systematics from /home/jskim/Documents/trilepton_13TeV/DiLepton/data/v8-0-7.36/Syst.txt
[AnalysisInputs::SetCalculatedSysts] source : Luminosity
[AnalysisInputs::SetCalculatedSysts] => % sysematic = 0.025
[AnalysisInputs::SetCalculatedSysts] source : FakeLooseID
[AnalysisInputs::SetCalculatedSysts] => % sysematic = 0.3
[AnalysisInputs::SetCalculatedSysts] source : ChrageFlipSyst
[AnalysisInputs::SetCalculatedSysts] => % sysematic = 0.21
[CutRangeInfo::ReadCutCard] Get Cutcard from /home/jskim/Documents/trilepton_13TeV/DiLepton/data/v8-0-7.36/CutOpCard/OPTIMIZED_171108_ElEl_HighMass_Bin2/HNElEl_1300.txt
prompt_tau21_syst = 0.0026397
signal_tau21_syst = 0.000608169
Central	0.0366258	0	0.00461473
_MuonEn_up	0.0341381	0	0.00461473
_MuonEn_down	0.0372933	0	0.00461473
_MuonIDSF_up	0.0341381	0	0.00461473
_MuonIDSF_down	0.0367669	0	0.00461473
_ElectronEn_up	0.0341381	0	0.00461473
_ElectronEn_down	0.0341381	0	0.00461473
_ElectronIDSF_up	0.0354654	0	0.00461473
_ElectronIDSF_down	0.032836	0	0.00461473
_TriggerSF_up	0.0341381	0	0.00461473
_TriggerSF_down	0.0341381	0	0.00461473
_PU_up	0.0349764	0	0.00461473
_PU_down	0.0329391	0	0.00461473
_JetEn_up	0.0341381	0	0.00461473
_JetEn_down	0.0341381	0	0.00461473
_JetRes_up	0.0341381	0	0.00461473
_JetRes_down	0.0341381	0	0.00461473
_Unclustered_up	0.0341381	0	0.00461473
_Unclustered_down	0.0341381	0	0.00461473
_BTagSFEff_up	0.0341381	0	0.00461473
_BTagSFEff_down	0.0341381	0	0.00461473
_BTagSFMiss_up	0.0340544	0	0.00461473
_BTagSFMiss_down	0.0341381	0	0.00461473
_JetMass_up	0.0341381	0	0.00461473
_JetMass_down	0.0408837	0	0.00461473
_JetMassRes_up	0.0341381	0	0.00461473
_JetMassRes_down	0.0408837	0	0.00461473

################ Sources ################
Source	SystTotal	SystPrompt	SystFake	Signal
Stat 28.69 32.30  -nan  50.32  1.21
Lumi 2.22  2.50 -  -  2.50
PDF  -  -  -  -  2.50
MuonPt  4.42 4.97  -  -  0.18
MuonID  4.27 4.81  -  -  0.10
ElectronE  6.03 6.79  -  -  0.22
ElectronID  6.80 7.65  -  -  4.22
Trigger  6.03 6.79  -  -  0.06
PU  6.92 7.80  -  -  1.58
JES  6.03 6.79  -  -  0.26
JER  6.03 6.79  -  -  0.16
Uncl  6.03 6.79  -  -  0.06
BEff  6.03 6.79  -  -  0.57
BMiss  6.13 6.91  -  -  0.37
JMS  8.46 9.52  -  -  0.10
JMR  8.46 9.52  -  -  0.04
Tau21 6.40  7.21 -  -  7.27
MCNorm 9.48  10.68 -  -  -
Fake 0.00  -  -nan - -
CF 2.35  -  -  21.00 -
Total Systematic 25.82 29.07  -nan  21.00  5.78

Total Background	0.041
- Prompt	0.037
- Fake	0.000
- CF	0.005

####### Result #######
Signal Eff	0.186158
0.041241 1.390744
0.008368 1.093668
