
Processing Bin2_HNElEl_1000.C...
[AnalysisInputs::SetMCSF] Get MC SF from /home/jskim/Documents/trilepton_13TeV/DiLepton/data/v8-0-7.36/MCSF.txt
[AnalysisInputs::SetMCSF] sample : VVV
[AnalysisInputs::SetMCSF] => MCSF = 1, MCSF_err = 0.5
[AnalysisInputs::SetMCSF] sample : WWW
[AnalysisInputs::SetMCSF] => MCSF = 1, MCSF_err = 0.5
[AnalysisInputs::SetMCSF] sample : WWZ
[AnalysisInputs::SetMCSF] => MCSF = 1, MCSF_err = 0.5
[AnalysisInputs::SetMCSF] sample : WZZ
[AnalysisInputs::SetMCSF] => MCSF = 1, MCSF_err = 0.5
[AnalysisInputs::SetMCSF] sample : ZZZ
[AnalysisInputs::SetMCSF] => MCSF = 1, MCSF_err = 0.5
[AnalysisInputs::SetMCSF] sample : ttV
[AnalysisInputs::SetMCSF] => MCSF = 1, MCSF_err = 0.5
[AnalysisInputs::SetMCSF] sample : ttW
[AnalysisInputs::SetMCSF] => MCSF = 1, MCSF_err = 0.5
[AnalysisInputs::SetMCSF] sample : ttZ
[AnalysisInputs::SetMCSF] => MCSF = 1, MCSF_err = 0.5
[AnalysisInputs::SetMCSF] sample : ttH_nonbb
[AnalysisInputs::SetMCSF] => MCSF = 1, MCSF_err = 0.5
[AnalysisInputs::SetMCSF] sample : top
[AnalysisInputs::SetMCSF] => MCSF = 1, MCSF_err = 0.5
[AnalysisInputs::SetMCSF] sample : WZTo3LNu_powheg
[AnalysisInputs::SetMCSF] => MCSF = 1.00165, MCSF_err = 0.0888561
[AnalysisInputs::SetMCSF] sample : ZGto2LG
[AnalysisInputs::SetMCSF] => MCSF = 0.794861, MCSF_err = 0.155181
[AnalysisInputs::SetMCSF] sample : ZZTo4L_powheg
[AnalysisInputs::SetMCSF] => MCSF = 0.926685, MCSF_err = 0.102827
[AnalysisInputs::SetMCSF] sample : ggZZto2e2mu
[AnalysisInputs::SetMCSF] => MCSF = 0.926685, MCSF_err = 0.102827
[AnalysisInputs::SetMCSF] sample : ggZZto2e2nu
[AnalysisInputs::SetMCSF] => MCSF = 0.926685, MCSF_err = 0.102827
[AnalysisInputs::SetMCSF] sample : ggZZto2e2tau
[AnalysisInputs::SetMCSF] => MCSF = 0.926685, MCSF_err = 0.102827
[AnalysisInputs::SetMCSF] sample : ggZZto2mu2nu
[AnalysisInputs::SetMCSF] => MCSF = 0.926685, MCSF_err = 0.102827
[AnalysisInputs::SetMCSF] sample : ggZZto2mu2tau
[AnalysisInputs::SetMCSF] => MCSF = 0.926685, MCSF_err = 0.102827
[AnalysisInputs::SetMCSF] sample : ggZZto4e
[AnalysisInputs::SetMCSF] => MCSF = 0.926685, MCSF_err = 0.102827
[AnalysisInputs::SetMCSF] sample : ggZZto4mu
[AnalysisInputs::SetMCSF] => MCSF = 0.926685, MCSF_err = 0.102827
[AnalysisInputs::SetMCSF] sample : ggZZto4tau
[AnalysisInputs::SetMCSF] => MCSF = 0.926685, MCSF_err = 0.102827
[AnalysisInputs::SetCalculatedSysts] Get Systematics from /home/jskim/Documents/trilepton_13TeV/DiLepton/data/v8-0-7.36/Syst.txt
[AnalysisInputs::SetCalculatedSysts] source : Luminosity
[AnalysisInputs::SetCalculatedSysts] => % sysematic = 0.025
[AnalysisInputs::SetCalculatedSysts] source : FakeLooseID
[AnalysisInputs::SetCalculatedSysts] => % sysematic = 0.3
[AnalysisInputs::SetCalculatedSysts] source : ChrageFlipSyst
[AnalysisInputs::SetCalculatedSysts] => % sysematic = 0.21
[CutRangeInfo::ReadCutCard] Get Cutcard from /home/jskim/Documents/trilepton_13TeV/DiLepton/data/v8-0-7.36/CutOpCard/OPTIMIZED_171108_ElEl_HighMass_Bin2/HNElEl_1000.txt
prompt_tau21_syst = 0.0263919
signal_tau21_syst = 0.00243672
Central	0.366188	0.0493753	0.0531171
_MuonEn_up	0.35594	0.0493753	0.0531171
_MuonEn_down	0.366855	0.0493753	0.0531171
_MuonIDSF_up	0.36072	0.0493753	0.0531171
_MuonIDSF_down	0.369187	0.0493753	0.0531171
_ElectronEn_up	0.377078	0.0493753	0.0531171
_ElectronEn_down	0.3637	0.0493753	0.0531171
_ElectronIDSF_up	0.380289	0.0493753	0.0531171
_ElectronIDSF_down	0.350656	0.0493753	0.0531171
_TriggerSF_up	0.369169	0.0493753	0.0531171
_TriggerSF_down	0.36831	0.0493753	0.0531171
_PU_up	0.348572	0.0493753	0.0531171
_PU_down	0.381557	0.0493753	0.0531171
_JetEn_up	0.376781	0.0493753	0.0531171
_JetEn_down	0.402773	0.0493753	0.0531171
_JetRes_up	0.3637	0.0493753	0.0531171
_JetRes_down	0.363066	0.0493753	0.0531171
_Unclustered_up	0.362408	0.0493753	0.0531171
_Unclustered_down	0.367268	0.0493753	0.0531171
_BTagSFEff_up	0.366573	0.0493753	0.0531171
_BTagSFEff_down	0.371829	0.0493753	0.0531171
_BTagSFMiss_up	0.365214	0.0493753	0.0531171
_BTagSFMiss_down	0.3637	0.0493753	0.0531171
_JetMass_up	0.364359	0.0493753	0.0531171
_JetMass_down	0.371406	0.0493753	0.0531171
_JetMassRes_up	0.366908	0.0493753	0.0531171
_JetMassRes_down	0.382063	0.0493753	0.0531171

################ Sources ################
Source	SystTotal	SystPrompt	SystFake	Signal
Stat 30.26 36.31  100.02  24.15  1.13
Lumi 1.95  2.50 -  -  2.50
PDF  -  -  -  -  2.50
MuonPt  1.55 1.98  -  -  0.15
MuonID  0.94 1.20  -  -  0.21
ElectronE  1.69 2.16  -  -  0.32
ElectronID  3.16 4.05  -  -  4.21
Trigger  0.55 0.71  -  -  0.23
PU  3.53 4.51  -  -  1.50
JES  5.75 7.35  -  -  0.11
JER  0.60 0.77  -  -  0.37
Uncl  0.59 0.76  -  -  0.35
BEff  0.85 1.09  -  -  0.47
BMiss  0.40 0.52  -  -  0.52
JMS  0.83 1.07  -  -  0.31
JMR  2.40 3.07  -  -  0.14
Tau21 5.63  7.21 -  -  7.28
MCNorm 11.74  15.03 -  -  -
Fake 3.16  -  30.00 - -
CF 2.38  -  -  21.00 -
Total Systematic 15.91 19.96  30.00  21.00  5.80

Total Background	0.469
- Prompt	0.366
- Fake	0.049
- CF	0.053

####### Result #######
Signal Eff	0.201569
0.468680 1.343821
0.033475 1.093749
