
Processing Bin2_HNElEl_1000_VBF.C...
[AnalysisInputs::SetMCSF] Get MC SF from /home/jskim/Documents/trilepton_13TeV/DiLepton/data/v8-0-7.36/MCSF.txt
[AnalysisInputs::SetMCSF] sample : VVV
[AnalysisInputs::SetMCSF] => MCSF = 1, MCSF_err = 0.5
[AnalysisInputs::SetMCSF] sample : WWW
[AnalysisInputs::SetMCSF] => MCSF = 1, MCSF_err = 0.5
[AnalysisInputs::SetMCSF] sample : WWZ
[AnalysisInputs::SetMCSF] => MCSF = 1, MCSF_err = 0.5
[AnalysisInputs::SetMCSF] sample : WZZ
[AnalysisInputs::SetMCSF] => MCSF = 1, MCSF_err = 0.5
[AnalysisInputs::SetMCSF] sample : ZZZ
[AnalysisInputs::SetMCSF] => MCSF = 1, MCSF_err = 0.5
[AnalysisInputs::SetMCSF] sample : ttV
[AnalysisInputs::SetMCSF] => MCSF = 1, MCSF_err = 0.5
[AnalysisInputs::SetMCSF] sample : ttW
[AnalysisInputs::SetMCSF] => MCSF = 1, MCSF_err = 0.5
[AnalysisInputs::SetMCSF] sample : ttZ
[AnalysisInputs::SetMCSF] => MCSF = 1, MCSF_err = 0.5
[AnalysisInputs::SetMCSF] sample : ttH_nonbb
[AnalysisInputs::SetMCSF] => MCSF = 1, MCSF_err = 0.5
[AnalysisInputs::SetMCSF] sample : top
[AnalysisInputs::SetMCSF] => MCSF = 1, MCSF_err = 0.5
[AnalysisInputs::SetMCSF] sample : WZTo3LNu_powheg
[AnalysisInputs::SetMCSF] => MCSF = 1.00165, MCSF_err = 0.0888561
[AnalysisInputs::SetMCSF] sample : ZGto2LG
[AnalysisInputs::SetMCSF] => MCSF = 0.794861, MCSF_err = 0.155181
[AnalysisInputs::SetMCSF] sample : ZZTo4L_powheg
[AnalysisInputs::SetMCSF] => MCSF = 0.926685, MCSF_err = 0.102827
[AnalysisInputs::SetMCSF] sample : ggZZto2e2mu
[AnalysisInputs::SetMCSF] => MCSF = 0.926685, MCSF_err = 0.102827
[AnalysisInputs::SetMCSF] sample : ggZZto2e2nu
[AnalysisInputs::SetMCSF] => MCSF = 0.926685, MCSF_err = 0.102827
[AnalysisInputs::SetMCSF] sample : ggZZto2e2tau
[AnalysisInputs::SetMCSF] => MCSF = 0.926685, MCSF_err = 0.102827
[AnalysisInputs::SetMCSF] sample : ggZZto2mu2nu
[AnalysisInputs::SetMCSF] => MCSF = 0.926685, MCSF_err = 0.102827
[AnalysisInputs::SetMCSF] sample : ggZZto2mu2tau
[AnalysisInputs::SetMCSF] => MCSF = 0.926685, MCSF_err = 0.102827
[AnalysisInputs::SetMCSF] sample : ggZZto4e
[AnalysisInputs::SetMCSF] => MCSF = 0.926685, MCSF_err = 0.102827
[AnalysisInputs::SetMCSF] sample : ggZZto4mu
[AnalysisInputs::SetMCSF] => MCSF = 0.926685, MCSF_err = 0.102827
[AnalysisInputs::SetMCSF] sample : ggZZto4tau
[AnalysisInputs::SetMCSF] => MCSF = 0.926685, MCSF_err = 0.102827
[AnalysisInputs::SetCalculatedSysts] Get Systematics from /home/jskim/Documents/trilepton_13TeV/DiLepton/data/v8-0-7.36/Syst.txt
[AnalysisInputs::SetCalculatedSysts] source : Luminosity
[AnalysisInputs::SetCalculatedSysts] => % sysematic = 0.025
[AnalysisInputs::SetCalculatedSysts] source : FakeLooseID
[AnalysisInputs::SetCalculatedSysts] => % sysematic = 0.3
[AnalysisInputs::SetCalculatedSysts] source : ChrageFlipSyst
[AnalysisInputs::SetCalculatedSysts] => % sysematic = 0.21
[CutRangeInfo::ReadCutCard] Get Cutcard from /home/jskim/Documents/trilepton_13TeV/DiLepton/data/v8-0-7.36/CutOpCard/OPTIMIZED_171108_ElEl_HighMass_Bin2/HNElEl_1000.txt
prompt_tau21_syst = 0.0262376
signal_tau21_syst = 0.00465131
Central	0.364047	0.0748338	0.0531171
_MuonEn_up	0.3637	0.0748338	0.0531171
_MuonEn_down	0.364708	0.0748338	0.0531171
_MuonIDSF_up	0.366256	0.0748338	0.0531171
_MuonIDSF_down	0.3637	0.0748338	0.0531171
_ElectronEn_up	0.372336	0.0748338	0.0531171
_ElectronEn_down	0.3637	0.0748338	0.0531171
_ElectronIDSF_up	0.379313	0.0748338	0.0531171
_ElectronIDSF_down	0.355689	0.0748338	0.0531171
_TriggerSF_up	0.3637	0.0748338	0.0531171
_TriggerSF_down	0.365502	0.0748338	0.0531171
_PU_up	0.354915	0.0748338	0.0531171
_PU_down	0.381557	0.0748338	0.0531171
_JetEn_up	0.373239	0.0748338	0.0531171
_JetEn_down	0.359025	0.0748338	0.0531171
_JetRes_up	0.366212	0.0748338	0.0531171
_JetRes_down	0.359891	0.0748338	0.0531171
_Unclustered_up	0.3637	0.0748338	0.0531171
_Unclustered_down	0.35736	0.0748338	0.0531171
_BTagSFEff_up	0.366479	0.0748338	0.0531171
_BTagSFEff_down	0.373905	0.0748338	0.0531171
_BTagSFMiss_up	0.371713	0.0748338	0.0531171
_BTagSFMiss_down	0.366855	0.0748338	0.0531171
_JetMass_up	0.359079	0.0748338	0.0531171
_JetMass_down	0.373884	0.0748338	0.0531171
_JetMassRes_up	0.36667	0.0748338	0.0531171
_JetMassRes_down	0.373191	0.0748338	0.0531171

################ Sources ################
Source	SystTotal	SystPrompt	SystFake	Signal
Stat 31.01 36.51  100.00  24.15  1.60
Lumi 1.85  2.50 -  -  2.50
PDF  -  -  -  -  2.50
MuonPt  0.11 0.15  -  -  0.25
MuonID  0.32 0.43  -  -  0.25
ElectronE  1.19 1.61  -  -  0.41
ElectronID  2.50 3.38  -  -  4.25
Trigger  0.22 0.29  -  -  0.23
PU  2.84 3.84  -  -  1.57
JES  1.51 2.03  -  -  0.37
JER  0.67 0.91  -  -  0.25
Uncl  0.96 1.30  -  -  0.36
BEff  1.46 1.97  -  -  0.66
BMiss  1.17 1.59  -  -  0.62
JMS  1.58 2.14  -  -  0.38
JMR  1.37 1.85  -  -  0.20
Tau21 5.33  7.21 -  -  7.25
MCNorm 10.59  14.31 -  -  -
Fake 4.56  -  30.00 - -
CF 2.27  -  -  21.00 -
Total Systematic 13.86 17.69  30.00  21.00  5.89

Total Background	0.492
- Prompt	0.364
- Fake	0.075
- CF	0.053

####### Result #######
Signal Eff	0.127107
0.491998 1.341397
0.064168 1.094750
