
Processing Bin2_HNElEl_150.C...
[AnalysisInputs::SetMCSF] Get MC SF from /home/jskim/Documents/trilepton_13TeV/DiLepton/data/v8-0-7.36/MCSF.txt
[AnalysisInputs::SetMCSF] sample : VVV
[AnalysisInputs::SetMCSF] => MCSF = 1, MCSF_err = 0.5
[AnalysisInputs::SetMCSF] sample : WWW
[AnalysisInputs::SetMCSF] => MCSF = 1, MCSF_err = 0.5
[AnalysisInputs::SetMCSF] sample : WWZ
[AnalysisInputs::SetMCSF] => MCSF = 1, MCSF_err = 0.5
[AnalysisInputs::SetMCSF] sample : WZZ
[AnalysisInputs::SetMCSF] => MCSF = 1, MCSF_err = 0.5
[AnalysisInputs::SetMCSF] sample : ZZZ
[AnalysisInputs::SetMCSF] => MCSF = 1, MCSF_err = 0.5
[AnalysisInputs::SetMCSF] sample : ttV
[AnalysisInputs::SetMCSF] => MCSF = 1, MCSF_err = 0.5
[AnalysisInputs::SetMCSF] sample : ttW
[AnalysisInputs::SetMCSF] => MCSF = 1, MCSF_err = 0.5
[AnalysisInputs::SetMCSF] sample : ttZ
[AnalysisInputs::SetMCSF] => MCSF = 1, MCSF_err = 0.5
[AnalysisInputs::SetMCSF] sample : ttH_nonbb
[AnalysisInputs::SetMCSF] => MCSF = 1, MCSF_err = 0.5
[AnalysisInputs::SetMCSF] sample : top
[AnalysisInputs::SetMCSF] => MCSF = 1, MCSF_err = 0.5
[AnalysisInputs::SetMCSF] sample : WZTo3LNu_powheg
[AnalysisInputs::SetMCSF] => MCSF = 1.00165, MCSF_err = 0.0888561
[AnalysisInputs::SetMCSF] sample : ZGto2LG
[AnalysisInputs::SetMCSF] => MCSF = 0.794861, MCSF_err = 0.155181
[AnalysisInputs::SetMCSF] sample : ZZTo4L_powheg
[AnalysisInputs::SetMCSF] => MCSF = 0.926685, MCSF_err = 0.102827
[AnalysisInputs::SetMCSF] sample : ggZZto2e2mu
[AnalysisInputs::SetMCSF] => MCSF = 0.926685, MCSF_err = 0.102827
[AnalysisInputs::SetMCSF] sample : ggZZto2e2nu
[AnalysisInputs::SetMCSF] => MCSF = 0.926685, MCSF_err = 0.102827
[AnalysisInputs::SetMCSF] sample : ggZZto2e2tau
[AnalysisInputs::SetMCSF] => MCSF = 0.926685, MCSF_err = 0.102827
[AnalysisInputs::SetMCSF] sample : ggZZto2mu2nu
[AnalysisInputs::SetMCSF] => MCSF = 0.926685, MCSF_err = 0.102827
[AnalysisInputs::SetMCSF] sample : ggZZto2mu2tau
[AnalysisInputs::SetMCSF] => MCSF = 0.926685, MCSF_err = 0.102827
[AnalysisInputs::SetMCSF] sample : ggZZto4e
[AnalysisInputs::SetMCSF] => MCSF = 0.926685, MCSF_err = 0.102827
[AnalysisInputs::SetMCSF] sample : ggZZto4mu
[AnalysisInputs::SetMCSF] => MCSF = 0.926685, MCSF_err = 0.102827
[AnalysisInputs::SetMCSF] sample : ggZZto4tau
[AnalysisInputs::SetMCSF] => MCSF = 0.926685, MCSF_err = 0.102827
[AnalysisInputs::SetCalculatedSysts] Get Systematics from /home/jskim/Documents/trilepton_13TeV/DiLepton/data/v8-0-7.36/Syst.txt
[AnalysisInputs::SetCalculatedSysts] source : Luminosity
[AnalysisInputs::SetCalculatedSysts] => % sysematic = 0.025
[AnalysisInputs::SetCalculatedSysts] source : FakeLooseID
[AnalysisInputs::SetCalculatedSysts] => % sysematic = 0.3
[AnalysisInputs::SetCalculatedSysts] source : ChrageFlipSyst
[AnalysisInputs::SetCalculatedSysts] => % sysematic = 0.21
[CutRangeInfo::ReadCutCard] Get Cutcard from /home/jskim/Documents/trilepton_13TeV/DiLepton/data/v8-0-7.36/CutOpCard/OPTIMIZED_171108_ElEl_HighMass_Bin2/HNElEl_150.txt
prompt_tau21_syst = 0.0312889
signal_tau21_syst = 0.0441771
Central	0.42883	0.181317	0.059361
_MuonEn_up	0.43666	0.181317	0.059361
_MuonEn_down	0.430274	0.181317	0.059361
_MuonIDSF_up	0.433323	0.181317	0.059361
_MuonIDSF_down	0.431579	0.181317	0.059361
_ElectronEn_up	0.433612	0.181317	0.059361
_ElectronEn_down	0.491775	0.181317	0.059361
_ElectronIDSF_up	0.446154	0.181317	0.059361
_ElectronIDSF_down	0.416018	0.181317	0.059361
_TriggerSF_up	0.399762	0.181317	0.059361
_TriggerSF_down	0.432689	0.181317	0.059361
_PU_up	0.436621	0.181317	0.059361
_PU_down	0.454338	0.181317	0.059361
_JetEn_up	0.463088	0.181317	0.059361
_JetEn_down	0.529503	0.181317	0.059361
_JetRes_up	0.497815	0.181317	0.059361
_JetRes_down	0.366771	0.181317	0.059361
_Unclustered_up	0.453799	0.181317	0.059361
_Unclustered_down	0.39237	0.181317	0.059361
_BTagSFEff_up	0.426084	0.181317	0.059361
_BTagSFEff_down	0.432816	0.181317	0.059361
_BTagSFMiss_up	0.429911	0.181317	0.059361
_BTagSFMiss_down	0.43594	0.181317	0.059361
_JetMass_up	0.43215	0.181317	0.059361
_JetMass_down	0.427526	0.181317	0.059361
_JetMassRes_up	0.426084	0.181317	0.059361
_JetMassRes_down	0.430171	0.181317	0.059361

################ Sources ################
Source	SystTotal	SystPrompt	SystFake	Signal
Stat 31.31 32.76  85.80  18.49  11.51
Lumi 1.60  2.50 -  -  2.50
PDF  -  -  -  -  2.50
MuonPt  0.84 1.31  -  -  0.03
MuonID  0.56 0.87  -  -  0.64
ElectronE  6.67 10.41  -  -  0.21
ElectronID  2.28 3.55  -  -  3.46
Trigger  3.10 4.84  -  -  1.94
PU  2.82 4.40  -  -  3.68
JES  11.23 17.53  -  -  1.98
JER  9.80 15.30  -  -  0.49
Uncl  4.67 7.29  -  -  0.64
BEff  0.51 0.80  -  -  0.16
BMiss  0.76 1.19  -  -  0.91
JMS  0.38 0.59  -  -  0.02
JMR  0.32 0.50  -  -  0.42
Tau21 4.67  7.30 -  -  7.21
MCNorm 9.11  14.22 -  -  -
Fake 8.12  -  30.00 - -
CF 1.86  -  -  21.00 -
Total Systematic 22.06 32.02  30.00  21.00  6.91

Total Background	0.670
- Prompt	0.429
- Fake	0.181
- CF	0.059

####### Result #######
Signal Eff	0.001867
0.669508 1.383784
0.612957 1.152378
