
Processing Bin2_HNElEl_600.C...
[AnalysisInputs::SetMCSF] Get MC SF from /home/jskim/Documents/trilepton_13TeV/DiLepton/data/v8-0-7.36/MCSF.txt
[AnalysisInputs::SetMCSF] sample : VVV
[AnalysisInputs::SetMCSF] => MCSF = 1, MCSF_err = 0.5
[AnalysisInputs::SetMCSF] sample : WWW
[AnalysisInputs::SetMCSF] => MCSF = 1, MCSF_err = 0.5
[AnalysisInputs::SetMCSF] sample : WWZ
[AnalysisInputs::SetMCSF] => MCSF = 1, MCSF_err = 0.5
[AnalysisInputs::SetMCSF] sample : WZZ
[AnalysisInputs::SetMCSF] => MCSF = 1, MCSF_err = 0.5
[AnalysisInputs::SetMCSF] sample : ZZZ
[AnalysisInputs::SetMCSF] => MCSF = 1, MCSF_err = 0.5
[AnalysisInputs::SetMCSF] sample : ttV
[AnalysisInputs::SetMCSF] => MCSF = 1, MCSF_err = 0.5
[AnalysisInputs::SetMCSF] sample : ttW
[AnalysisInputs::SetMCSF] => MCSF = 1, MCSF_err = 0.5
[AnalysisInputs::SetMCSF] sample : ttZ
[AnalysisInputs::SetMCSF] => MCSF = 1, MCSF_err = 0.5
[AnalysisInputs::SetMCSF] sample : ttH_nonbb
[AnalysisInputs::SetMCSF] => MCSF = 1, MCSF_err = 0.5
[AnalysisInputs::SetMCSF] sample : top
[AnalysisInputs::SetMCSF] => MCSF = 1, MCSF_err = 0.5
[AnalysisInputs::SetMCSF] sample : WZTo3LNu_powheg
[AnalysisInputs::SetMCSF] => MCSF = 1.00165, MCSF_err = 0.0888561
[AnalysisInputs::SetMCSF] sample : ZGto2LG
[AnalysisInputs::SetMCSF] => MCSF = 0.794861, MCSF_err = 0.155181
[AnalysisInputs::SetMCSF] sample : ZZTo4L_powheg
[AnalysisInputs::SetMCSF] => MCSF = 0.926685, MCSF_err = 0.102827
[AnalysisInputs::SetMCSF] sample : ggZZto2e2mu
[AnalysisInputs::SetMCSF] => MCSF = 0.926685, MCSF_err = 0.102827
[AnalysisInputs::SetMCSF] sample : ggZZto2e2nu
[AnalysisInputs::SetMCSF] => MCSF = 0.926685, MCSF_err = 0.102827
[AnalysisInputs::SetMCSF] sample : ggZZto2e2tau
[AnalysisInputs::SetMCSF] => MCSF = 0.926685, MCSF_err = 0.102827
[AnalysisInputs::SetMCSF] sample : ggZZto2mu2nu
[AnalysisInputs::SetMCSF] => MCSF = 0.926685, MCSF_err = 0.102827
[AnalysisInputs::SetMCSF] sample : ggZZto2mu2tau
[AnalysisInputs::SetMCSF] => MCSF = 0.926685, MCSF_err = 0.102827
[AnalysisInputs::SetMCSF] sample : ggZZto4e
[AnalysisInputs::SetMCSF] => MCSF = 0.926685, MCSF_err = 0.102827
[AnalysisInputs::SetMCSF] sample : ggZZto4mu
[AnalysisInputs::SetMCSF] => MCSF = 0.926685, MCSF_err = 0.102827
[AnalysisInputs::SetMCSF] sample : ggZZto4tau
[AnalysisInputs::SetMCSF] => MCSF = 0.926685, MCSF_err = 0.102827
[AnalysisInputs::SetCalculatedSysts] Get Systematics from /home/jskim/Documents/trilepton_13TeV/DiLepton/data/v8-0-7.36/Syst.txt
[AnalysisInputs::SetCalculatedSysts] source : Luminosity
[AnalysisInputs::SetCalculatedSysts] => % sysematic = 0.025
[AnalysisInputs::SetCalculatedSysts] source : FakeLooseID
[AnalysisInputs::SetCalculatedSysts] => % sysematic = 0.3
[AnalysisInputs::SetCalculatedSysts] source : ChrageFlipSyst
[AnalysisInputs::SetCalculatedSysts] => % sysematic = 0.21
[CutRangeInfo::ReadCutCard] Get Cutcard from /home/jskim/Documents/trilepton_13TeV/DiLepton/data/v8-0-7.36/CutOpCard/OPTIMIZED_171108_ElEl_HighMass_Bin2/HNElEl_600.txt
prompt_tau21_syst = 0.0167934
signal_tau21_syst = 0.0171272
Central	0.233008	0	0.0452357
_MuonEn_up	0.236135	0	0.0452357
_MuonEn_down	0.235375	0	0.0452357
_MuonIDSF_up	0.233008	0	0.0452357
_MuonIDSF_down	0.235342	0	0.0452357
_ElectronEn_up	0.233819	0	0.0452357
_ElectronEn_down	0.224464	0	0.0452357
_ElectronIDSF_up	0.241352	0	0.0452357
_ElectronIDSF_down	0.224805	0	0.0452357
_TriggerSF_up	0.235634	0	0.0452357
_TriggerSF_down	0.233008	0	0.0452357
_PU_up	0.248507	0	0.0452357
_PU_down	0.21835	0	0.0452357
_JetEn_up	0.224492	0	0.0452357
_JetEn_down	0.225771	0	0.0452357
_JetRes_up	0.233008	0	0.0452357
_JetRes_down	0.226892	0	0.0452357
_Unclustered_up	0.232085	0	0.0452357
_Unclustered_down	0.297071	0	0.0452357
_BTagSFEff_up	0.233008	0	0.0452357
_BTagSFEff_down	0.228642	0	0.0452357
_BTagSFMiss_up	0.235504	0	0.0452357
_BTagSFMiss_down	0.235504	0	0.0452357
_JetMass_up	0.233079	0	0.0452357
_JetMass_down	0.230872	0	0.0452357
_JetMassRes_up	0.305686	0	0.0452357
_JetMassRes_down	0.264096	0	0.0452357

################ Sources ################
Source	SystTotal	SystPrompt	SystFake	Signal
Stat 35.09 41.90  -nan  20.77  1.23
Lumi 2.09  2.50 -  -  2.50
PDF  -  -  -  -  2.50
MuonPt  1.00 1.19  -  -  0.09
MuonID  0.59 0.71  -  -  0.07
ElectronE  2.18 2.60  -  -  0.19
ElectronID  2.97 3.55  -  -  4.11
Trigger  0.67 0.80  -  -  0.05
PU  5.42 6.47  -  -  1.80
JES  2.84 3.39  -  -  0.46
JER  1.55 1.86  -  -  0.88
Uncl  16.28 19.44  -  -  0.06
BEff  1.11 1.32  -  -  0.30
BMiss  0.90 1.07  -  -  0.57
JMS  0.54 0.65  -  -  0.11
JMR  20.09 23.99  -  -  0.10
Tau21 6.04  7.21 -  -  7.25
MCNorm 9.81  11.72 -  -  -
Fake 0.00  -  -nan - -
CF 3.41  -  -  21.00 -
Total Systematic 29.38 35.09  -nan  21.00  5.84

Total Background	0.278
- Prompt	0.233
- Fake	0.000
- CF	0.045

####### Result #######
Signal Eff	0.149517
0.278244 1.460183
0.236108 1.093947
