
Processing CyclesForMixingLimit_ElEl_Bin2/HNElEl_1300.C...
[AnalysisInputs::SetMCSF] Get MC SF from /data8/Users/jskim/HN_dilepton_plotter/data/v8-0-7.37/MCSF.txt
[AnalysisInputs::SetMCSF] sample : VVV
[AnalysisInputs::SetMCSF] => MCSF = 1, MCSF_err = 0.5
[AnalysisInputs::SetMCSF] sample : WWW
[AnalysisInputs::SetMCSF] => MCSF = 1, MCSF_err = 0.5
[AnalysisInputs::SetMCSF] sample : WWZ
[AnalysisInputs::SetMCSF] => MCSF = 1, MCSF_err = 0.5
[AnalysisInputs::SetMCSF] sample : WZZ
[AnalysisInputs::SetMCSF] => MCSF = 1, MCSF_err = 0.5
[AnalysisInputs::SetMCSF] sample : ZZZ
[AnalysisInputs::SetMCSF] => MCSF = 1, MCSF_err = 0.5
[AnalysisInputs::SetMCSF] sample : ttV
[AnalysisInputs::SetMCSF] => MCSF = 1, MCSF_err = 0.5
[AnalysisInputs::SetMCSF] sample : ttW
[AnalysisInputs::SetMCSF] => MCSF = 1, MCSF_err = 0.5
[AnalysisInputs::SetMCSF] sample : ttZ
[AnalysisInputs::SetMCSF] => MCSF = 1, MCSF_err = 0.5
[AnalysisInputs::SetMCSF] sample : ttH_nonbb
[AnalysisInputs::SetMCSF] => MCSF = 1, MCSF_err = 0.5
[AnalysisInputs::SetMCSF] sample : top
[AnalysisInputs::SetMCSF] => MCSF = 1, MCSF_err = 0.5
[AnalysisInputs::SetMCSF] sample : WWTo2L2Nu_DS
[AnalysisInputs::SetMCSF] => MCSF = 1, MCSF_err = 0.5
[AnalysisInputs::SetMCSF] sample : WpWpEWK
[AnalysisInputs::SetMCSF] => MCSF = 1, MCSF_err = 0.5
[AnalysisInputs::SetMCSF] sample : WpWpQCD
[AnalysisInputs::SetMCSF] => MCSF = 1, MCSF_err = 0.5
[AnalysisInputs::SetMCSF] sample : WZTo3LNu_mllmin01
[AnalysisInputs::SetMCSF] => MCSF = 0.65, MCSF_err = 0.06
[AnalysisInputs::SetMCSF] sample : WZTo3LNu_powheg
[AnalysisInputs::SetMCSF] => MCSF = 1.05246, MCSF_err = 0.0646733
[AnalysisInputs::SetMCSF] sample : ZGto2LG
[AnalysisInputs::SetMCSF] => MCSF = 1.09801, MCSF_err = 0.0750731
[AnalysisInputs::SetMCSF] sample : ZZTo4L_powheg
[AnalysisInputs::SetMCSF] => MCSF = 0.978683, MCSF_err = 0.0790547
[AnalysisInputs::SetMCSF] sample : ggZZto2e2mu
[AnalysisInputs::SetMCSF] => MCSF = 0.978683, MCSF_err = 0.0790547
[AnalysisInputs::SetMCSF] sample : ggZZto2e2nu
[AnalysisInputs::SetMCSF] => MCSF = 0.978683, MCSF_err = 0.0790547
[AnalysisInputs::SetMCSF] sample : ggZZto2e2tau
[AnalysisInputs::SetMCSF] => MCSF = 0.978683, MCSF_err = 0.0790547
[AnalysisInputs::SetMCSF] sample : ggZZto2mu2nu
[AnalysisInputs::SetMCSF] => MCSF = 0.978683, MCSF_err = 0.0790547
[AnalysisInputs::SetMCSF] sample : ggZZto2mu2tau
[AnalysisInputs::SetMCSF] => MCSF = 0.978683, MCSF_err = 0.0790547
[AnalysisInputs::SetMCSF] sample : ggZZto4e
[AnalysisInputs::SetMCSF] => MCSF = 0.978683, MCSF_err = 0.0790547
[AnalysisInputs::SetMCSF] sample : ggZZto4mu
[AnalysisInputs::SetMCSF] => MCSF = 0.978683, MCSF_err = 0.0790547
[AnalysisInputs::SetMCSF] sample : ggZZto4tau
[AnalysisInputs::SetMCSF] => MCSF = 0.978683, MCSF_err = 0.0790547
[AnalysisInputs::SetMCSF] sample : ggHtoZZ
[AnalysisInputs::SetMCSF] => MCSF = 0.978683, MCSF_err = 0.0790547
[AnalysisInputs::SetCalculatedSysts] Get Systematics from /data8/Users/jskim/HN_dilepton_plotter/data/v8-0-7.37/Syst.txt
[AnalysisInputs::SetCalculatedSysts] source : Luminosity
[AnalysisInputs::SetCalculatedSysts] => % sysematic = 0.025
[AnalysisInputs::SetCalculatedSysts] source : FakeLooseID
[AnalysisInputs::SetCalculatedSysts] => % sysematic = 0.3
[AnalysisInputs::SetCalculatedSysts] source : ChrageFlipSyst
[AnalysisInputs::SetCalculatedSysts] => % sysematic = 0.23
[CutRangeInfo::ReadCutCard] Get Cutcard from /data8/Users/jskim/HN_dilepton_plotter/data/v8-0-7.37/CutOpCard/RunDirectory/Cards_ElEl_Bin2/HNElEl_1300.txt
Central	0.0543441	0	0.0251784
_MuonEn_up	0.0543441	0	0.0251784
_MuonEn_down	0.0543441	0	0.0251784
_MuonIDSF_up	0.0543441	0	0.0251784
_MuonIDSF_down	0.0572397	0	0.0251784
_ElectronEn_up	0.0543441	0	0.0251784
_ElectronEn_down	0.0543441	0	0.0251784
_ElectronIDSF_up	0.0570972	0	0.0251784
_ElectronIDSF_down	0.0514763	0	0.0251784
_TriggerSF_up	0.0554986	0	0.0251784
_TriggerSF_down	0.0543441	0	0.0251784
_PU_up	0.0586019	0	0.0251784
_PU_down	0.0475274	0	0.0251784
_JetEn_up	0.0543441	0	0.0251784
_JetEn_down	0.0541844	0	0.0251784
_JetRes_up	0.0489055	0	0.0251784
_JetRes_down	0.0543441	0	0.0251784
_Unclustered_up	0.0543441	0	0.0251784
_Unclustered_down	0.0543441	0	0.0251784
_BTagSFEff_up	0.0543441	0	0.0251784
_BTagSFEff_down	0.0541844	0	0.0251784
_BTagSFMiss_up	0.0543441	0	0.0251784
_BTagSFMiss_down	0.0543441	0	0.0251784
_JetMass_up	0.0543441	0	0.0251784
_JetMass_down	0.0625335	0	0.0251784
_JetMassRes_up	0.0625335	0	0.0251784
_JetMassRes_down	0.0543441	0	0.0251784
_Tau21_up	0.058635	0	0.0251784
_Tau21_down	0.0500531	0	0.0251784

################ Sources ################
Source	SystTotal	SystPrompt	SystFake	Signal
Stat 21.63 31.65  -nan  35.05  1.17
Lumi 1.71  2.50 -  -  2.50
PDF  -  -  -  -  2.36
MuonPt  0.00 0.00  -  -  0.12
MuonID  2.57 3.77  -  -  0.12
ElectronE  0.00 0.00  -  -  0.07
ElectronID  3.53 5.17  -  -  3.83
Trigger  1.03 1.50  -  -  1.76
PU  7.15 10.46  -  -  1.39
JES  0.14 0.21  -  -  0.29
JER  4.84 7.08  -  -  0.19
Uncl  0.00 0.00  -  -  0.08
BEff  0.14 0.21  -  -  0.67
BMiss  0.00 0.00  -  -  0.39
JMS  7.28 10.66  -  -  0.19
JMR  7.28 10.66  -  -  0.19
Tau21  5.40 7.90  -  -  8.42
MCNorm 25.80  37.75 -  -  -
Fake 0.00  -  -nan - -
CF 7.28  -  -  23.00 -
Total Systematic 29.97 43.86  -nan  23.00  10.16

Total Background	0.080
- Prompt	0.054
- Fake	0.000
- CF	0.025

####### Result #######
Signal Eff	0.202544
0.079522 1.392697
0.010142 1.102268
