
Processing CyclesForMixingLimit_ElEl_Bin2/HNElEl_100.C...
[AnalysisInputs::SetMCSF] Get MC SF from /data8/Users/jskim/HN_dilepton_plotter/data/v8-0-7.37/MCSF.txt
[AnalysisInputs::SetMCSF] sample : VVV
[AnalysisInputs::SetMCSF] => MCSF = 1, MCSF_err = 0.5
[AnalysisInputs::SetMCSF] sample : WWW
[AnalysisInputs::SetMCSF] => MCSF = 1, MCSF_err = 0.5
[AnalysisInputs::SetMCSF] sample : WWZ
[AnalysisInputs::SetMCSF] => MCSF = 1, MCSF_err = 0.5
[AnalysisInputs::SetMCSF] sample : WZZ
[AnalysisInputs::SetMCSF] => MCSF = 1, MCSF_err = 0.5
[AnalysisInputs::SetMCSF] sample : ZZZ
[AnalysisInputs::SetMCSF] => MCSF = 1, MCSF_err = 0.5
[AnalysisInputs::SetMCSF] sample : ttV
[AnalysisInputs::SetMCSF] => MCSF = 1, MCSF_err = 0.5
[AnalysisInputs::SetMCSF] sample : ttW
[AnalysisInputs::SetMCSF] => MCSF = 1, MCSF_err = 0.5
[AnalysisInputs::SetMCSF] sample : ttZ
[AnalysisInputs::SetMCSF] => MCSF = 1, MCSF_err = 0.5
[AnalysisInputs::SetMCSF] sample : ttH_nonbb
[AnalysisInputs::SetMCSF] => MCSF = 1, MCSF_err = 0.5
[AnalysisInputs::SetMCSF] sample : top
[AnalysisInputs::SetMCSF] => MCSF = 1, MCSF_err = 0.5
[AnalysisInputs::SetMCSF] sample : WWTo2L2Nu_DS
[AnalysisInputs::SetMCSF] => MCSF = 1, MCSF_err = 0.5
[AnalysisInputs::SetMCSF] sample : WpWpEWK
[AnalysisInputs::SetMCSF] => MCSF = 1, MCSF_err = 0.5
[AnalysisInputs::SetMCSF] sample : WpWpQCD
[AnalysisInputs::SetMCSF] => MCSF = 1, MCSF_err = 0.5
[AnalysisInputs::SetMCSF] sample : WZTo3LNu_mllmin01
[AnalysisInputs::SetMCSF] => MCSF = 0.65, MCSF_err = 0.06
[AnalysisInputs::SetMCSF] sample : WZTo3LNu_powheg
[AnalysisInputs::SetMCSF] => MCSF = 1.05246, MCSF_err = 0.0646733
[AnalysisInputs::SetMCSF] sample : ZGto2LG
[AnalysisInputs::SetMCSF] => MCSF = 1.09801, MCSF_err = 0.0750731
[AnalysisInputs::SetMCSF] sample : ZZTo4L_powheg
[AnalysisInputs::SetMCSF] => MCSF = 0.978683, MCSF_err = 0.0790547
[AnalysisInputs::SetMCSF] sample : ggZZto2e2mu
[AnalysisInputs::SetMCSF] => MCSF = 0.978683, MCSF_err = 0.0790547
[AnalysisInputs::SetMCSF] sample : ggZZto2e2nu
[AnalysisInputs::SetMCSF] => MCSF = 0.978683, MCSF_err = 0.0790547
[AnalysisInputs::SetMCSF] sample : ggZZto2e2tau
[AnalysisInputs::SetMCSF] => MCSF = 0.978683, MCSF_err = 0.0790547
[AnalysisInputs::SetMCSF] sample : ggZZto2mu2nu
[AnalysisInputs::SetMCSF] => MCSF = 0.978683, MCSF_err = 0.0790547
[AnalysisInputs::SetMCSF] sample : ggZZto2mu2tau
[AnalysisInputs::SetMCSF] => MCSF = 0.978683, MCSF_err = 0.0790547
[AnalysisInputs::SetMCSF] sample : ggZZto4e
[AnalysisInputs::SetMCSF] => MCSF = 0.978683, MCSF_err = 0.0790547
[AnalysisInputs::SetMCSF] sample : ggZZto4mu
[AnalysisInputs::SetMCSF] => MCSF = 0.978683, MCSF_err = 0.0790547
[AnalysisInputs::SetMCSF] sample : ggZZto4tau
[AnalysisInputs::SetMCSF] => MCSF = 0.978683, MCSF_err = 0.0790547
[AnalysisInputs::SetMCSF] sample : ggHtoZZ
[AnalysisInputs::SetMCSF] => MCSF = 0.978683, MCSF_err = 0.0790547
[AnalysisInputs::SetCalculatedSysts] Get Systematics from /data8/Users/jskim/HN_dilepton_plotter/data/v8-0-7.37/Syst.txt
[AnalysisInputs::SetCalculatedSysts] source : Luminosity
[AnalysisInputs::SetCalculatedSysts] => % sysematic = 0.025
[AnalysisInputs::SetCalculatedSysts] source : FakeLooseID
[AnalysisInputs::SetCalculatedSysts] => % sysematic = 0.3
[AnalysisInputs::SetCalculatedSysts] source : ChrageFlipSyst
[AnalysisInputs::SetCalculatedSysts] => % sysematic = 0.23
[CutRangeInfo::ReadCutCard] Get Cutcard from /data8/Users/jskim/HN_dilepton_plotter/data/v8-0-7.37/CutOpCard/RunDirectory/Cards_ElEl_Bin2/HNElEl_100.txt
Central	0.0111016	0	0.000975133
_MuonEn_up	0.0111016	0	0.000975133
_MuonEn_down	0.0111016	0	0.000975133
_MuonIDSF_up	0.0111016	0	0.000975133
_MuonIDSF_down	0.0111016	0	0.000975133
_ElectronEn_up	0.00923074	0	0.000975133
_ElectronEn_down	0.0111016	0	0.000975133
_ElectronIDSF_up	0.0112793	0	0.000975133
_ElectronIDSF_down	0.0109249	0	0.000975133
_TriggerSF_up	0.011361	0	0.000975133
_TriggerSF_down	0.0111016	0	0.000975133
_PU_up	0.0117168	0	0.000975133
_PU_down	0.0103411	0	0.000975133
_JetEn_up	0.00809684	0	0.000975133
_JetEn_down	0.00822411	0	0.000975133
_JetRes_up	0.0111016	0	0.000975133
_JetRes_down	0.00923074	0	0.000975133
_Unclustered_up	0.0111016	0	0.000975133
_Unclustered_down	0.00822411	0	0.000975133
_BTagSFEff_up	0.0111016	0	0.000975133
_BTagSFEff_down	0.0135899	0	0.000975133
_BTagSFMiss_up	0.0111016	0	0.000975133
_BTagSFMiss_down	0.0111016	0	0.000975133
_JetMass_up	0.0111016	0	0.000975133
_JetMass_down	0.0111016	0	0.000975133
_JetMassRes_up	0.0111016	0	0.000975133
_JetMassRes_down	0.0111016	0	0.000975133
_Tau21_up	0.0120719	0	0.000975133
_Tau21_down	0.0101529	0	0.000975133

################ Sources ################
Source	SystTotal	SystPrompt	SystFake	Signal
Stat 45.39 49.37  -nan  41.22  100.00
Lumi 2.30  2.50 -  -  2.50
PDF  -  -  -  -  2.36
MuonPt  0.00 0.00  -  -  0.00
MuonID  0.00 0.00  -  -  0.00
ElectronE  10.95 11.92  -  -  1.38
ElectronID  1.47 1.60  -  -  1.57
Trigger  1.52 1.65  -  -  1.47
PU  5.73 6.23  -  -  15.20
JES  24.36 26.50  -  -  0.00
JER  10.95 11.92  -  -  0.00
Uncl  16.85 18.33  -  -  0.00
BEff  14.57 15.85  -  -  0.00
BMiss  0.00 0.00  -  -  0.00
JMS  0.00 0.00  -  -  0.00
JMR  0.00 0.00  -  -  0.00
Tau21  7.95 8.64  -  -  7.21
MCNorm 45.96  50.00 -  -  -
Fake 0.00  -  -nan - -
CF 1.86  -  -  23.00 -
Total Systematic 59.56 64.79  -nan  23.00  17.36

Total Background	0.012
- Prompt	0.011
- Fake	0.000
- CF	0.001

####### Result #######
Signal Eff	0.000015
0.012077 1.749812
0.058329 2.014963
