
Processing CyclesForMixingLimit_ElEl_Bin2/HNElEl_900.C...
[AnalysisInputs::SetMCSF] Get MC SF from /data8/Users/jskim/HN_dilepton_plotter/data/v8-0-7.37/MCSF.txt
[AnalysisInputs::SetMCSF] sample : VVV
[AnalysisInputs::SetMCSF] => MCSF = 1, MCSF_err = 0.5
[AnalysisInputs::SetMCSF] sample : WWW
[AnalysisInputs::SetMCSF] => MCSF = 1, MCSF_err = 0.5
[AnalysisInputs::SetMCSF] sample : WWZ
[AnalysisInputs::SetMCSF] => MCSF = 1, MCSF_err = 0.5
[AnalysisInputs::SetMCSF] sample : WZZ
[AnalysisInputs::SetMCSF] => MCSF = 1, MCSF_err = 0.5
[AnalysisInputs::SetMCSF] sample : ZZZ
[AnalysisInputs::SetMCSF] => MCSF = 1, MCSF_err = 0.5
[AnalysisInputs::SetMCSF] sample : ttV
[AnalysisInputs::SetMCSF] => MCSF = 1, MCSF_err = 0.5
[AnalysisInputs::SetMCSF] sample : ttW
[AnalysisInputs::SetMCSF] => MCSF = 1, MCSF_err = 0.5
[AnalysisInputs::SetMCSF] sample : ttZ
[AnalysisInputs::SetMCSF] => MCSF = 1, MCSF_err = 0.5
[AnalysisInputs::SetMCSF] sample : ttH_nonbb
[AnalysisInputs::SetMCSF] => MCSF = 1, MCSF_err = 0.5
[AnalysisInputs::SetMCSF] sample : top
[AnalysisInputs::SetMCSF] => MCSF = 1, MCSF_err = 0.5
[AnalysisInputs::SetMCSF] sample : WWTo2L2Nu_DS
[AnalysisInputs::SetMCSF] => MCSF = 1, MCSF_err = 0.5
[AnalysisInputs::SetMCSF] sample : WpWpEWK
[AnalysisInputs::SetMCSF] => MCSF = 1, MCSF_err = 0.5
[AnalysisInputs::SetMCSF] sample : WpWpQCD
[AnalysisInputs::SetMCSF] => MCSF = 1, MCSF_err = 0.5
[AnalysisInputs::SetMCSF] sample : WZTo3LNu_mllmin01
[AnalysisInputs::SetMCSF] => MCSF = 0.65, MCSF_err = 0.06
[AnalysisInputs::SetMCSF] sample : WZTo3LNu_powheg
[AnalysisInputs::SetMCSF] => MCSF = 1.05246, MCSF_err = 0.0646733
[AnalysisInputs::SetMCSF] sample : ZGto2LG
[AnalysisInputs::SetMCSF] => MCSF = 1.09801, MCSF_err = 0.0750731
[AnalysisInputs::SetMCSF] sample : ZZTo4L_powheg
[AnalysisInputs::SetMCSF] => MCSF = 0.978683, MCSF_err = 0.0790547
[AnalysisInputs::SetMCSF] sample : ggZZto2e2mu
[AnalysisInputs::SetMCSF] => MCSF = 0.978683, MCSF_err = 0.0790547
[AnalysisInputs::SetMCSF] sample : ggZZto2e2nu
[AnalysisInputs::SetMCSF] => MCSF = 0.978683, MCSF_err = 0.0790547
[AnalysisInputs::SetMCSF] sample : ggZZto2e2tau
[AnalysisInputs::SetMCSF] => MCSF = 0.978683, MCSF_err = 0.0790547
[AnalysisInputs::SetMCSF] sample : ggZZto2mu2nu
[AnalysisInputs::SetMCSF] => MCSF = 0.978683, MCSF_err = 0.0790547
[AnalysisInputs::SetMCSF] sample : ggZZto2mu2tau
[AnalysisInputs::SetMCSF] => MCSF = 0.978683, MCSF_err = 0.0790547
[AnalysisInputs::SetMCSF] sample : ggZZto4e
[AnalysisInputs::SetMCSF] => MCSF = 0.978683, MCSF_err = 0.0790547
[AnalysisInputs::SetMCSF] sample : ggZZto4mu
[AnalysisInputs::SetMCSF] => MCSF = 0.978683, MCSF_err = 0.0790547
[AnalysisInputs::SetMCSF] sample : ggZZto4tau
[AnalysisInputs::SetMCSF] => MCSF = 0.978683, MCSF_err = 0.0790547
[AnalysisInputs::SetMCSF] sample : ggHtoZZ
[AnalysisInputs::SetMCSF] => MCSF = 0.978683, MCSF_err = 0.0790547
[AnalysisInputs::SetCalculatedSysts] Get Systematics from /data8/Users/jskim/HN_dilepton_plotter/data/v8-0-7.37/Syst.txt
[AnalysisInputs::SetCalculatedSysts] source : Luminosity
[AnalysisInputs::SetCalculatedSysts] => % sysematic = 0.025
[AnalysisInputs::SetCalculatedSysts] source : FakeLooseID
[AnalysisInputs::SetCalculatedSysts] => % sysematic = 0.3
[AnalysisInputs::SetCalculatedSysts] source : ChrageFlipSyst
[AnalysisInputs::SetCalculatedSysts] => % sysematic = 0.23
[CutRangeInfo::ReadCutCard] Get Cutcard from /data8/Users/jskim/HN_dilepton_plotter/data/v8-0-7.37/CutOpCard/RunDirectory/Cards_ElEl_Bin2/HNElEl_900.txt
Central	0.927199	0.227931	0.165805
_MuonEn_up	0.963916	0.227931	0.165805
_MuonEn_down	0.928536	0.227931	0.165805
_MuonIDSF_up	0.938135	0.227931	0.165805
_MuonIDSF_down	0.925984	0.227931	0.165805
_ElectronEn_up	0.941422	0.227931	0.165805
_ElectronEn_down	0.791693	0.227931	0.165805
_ElectronIDSF_up	0.965073	0.227931	0.165805
_ElectronIDSF_down	0.897982	0.227931	0.165805
_TriggerSF_up	1.00431	0.227931	0.165805
_TriggerSF_down	0.932084	0.227931	0.165805
_PU_up	0.881209	0.227931	0.165805
_PU_down	0.996764	0.227931	0.165805
_JetEn_up	0.796375	0.227931	0.165805
_JetEn_down	0.856853	0.227931	0.165805
_JetRes_up	0.793293	0.227931	0.165805
_JetRes_down	0.827918	0.227931	0.165805
_Unclustered_up	0.882548	0.227931	0.165805
_Unclustered_down	0.832241	0.227931	0.165805
_BTagSFEff_up	0.919519	0.227931	0.165805
_BTagSFEff_down	0.932328	0.227931	0.165805
_BTagSFMiss_up	0.937122	0.227931	0.165805
_BTagSFMiss_down	0.934971	0.227931	0.165805
_JetMass_up	0.766876	0.227931	0.165805
_JetMass_down	0.860008	0.227931	0.165805
_JetMassRes_up	0.857175	0.227931	0.165805
_JetMassRes_down	0.756814	0.227931	0.165805
_Tau21_up	1.00819	0.227931	0.165805
_Tau21_down	0.864321	0.227931	0.165805

################ Sources ################
Source	SystTotal	SystPrompt	SystFake	Signal
Stat 21.92 24.77  77.31  14.60  1.06
Lumi 1.75  2.50 -  -  2.50
PDF  -  -  -  -  2.36
MuonPt  1.97 2.80  -  -  0.18
MuonID  0.59 0.84  -  -  0.19
ElectronE  7.29 10.39  -  -  0.18
ElectronID  2.56 3.65  -  -  3.75
Trigger  4.14 5.89  -  -  1.32
PU  4.46 6.36  -  -  1.15
JES  7.95 11.33  -  -  0.40
JER  8.92 12.71  -  -  0.30
Uncl  5.62 8.00  -  -  0.15
BEff  0.49 0.70  -  -  0.40
BMiss  0.67 0.96  -  -  0.44
JMS  9.31 13.26  -  -  0.19
JMR  9.86 14.05  -  -  0.18
Tau21  5.49 7.82  -  -  7.85
MCNorm 16.63  23.69 -  -  -
Fake 5.18  -  30.00 - -
CF 2.89  -  -  23.00 -
Total Systematic 28.22 39.52  30.00  23.00  9.56

Total Background	1.321
- Prompt	0.927
- Fake	0.228
- CF	0.166

####### Result #######
Signal Eff	0.223241
1.320936 1.358959
0.068609 1.096195
