
Processing CyclesForMixingLimit_ElEl_Bin2/HNElEl_250.C...
[AnalysisInputs::SetMCSF] Get MC SF from /data8/Users/jskim/HN_dilepton_plotter/data/v8-0-7.37/MCSF.txt
[AnalysisInputs::SetMCSF] sample : VVV
[AnalysisInputs::SetMCSF] => MCSF = 1, MCSF_err = 0.5
[AnalysisInputs::SetMCSF] sample : WWW
[AnalysisInputs::SetMCSF] => MCSF = 1, MCSF_err = 0.5
[AnalysisInputs::SetMCSF] sample : WWZ
[AnalysisInputs::SetMCSF] => MCSF = 1, MCSF_err = 0.5
[AnalysisInputs::SetMCSF] sample : WZZ
[AnalysisInputs::SetMCSF] => MCSF = 1, MCSF_err = 0.5
[AnalysisInputs::SetMCSF] sample : ZZZ
[AnalysisInputs::SetMCSF] => MCSF = 1, MCSF_err = 0.5
[AnalysisInputs::SetMCSF] sample : ttV
[AnalysisInputs::SetMCSF] => MCSF = 1, MCSF_err = 0.5
[AnalysisInputs::SetMCSF] sample : ttW
[AnalysisInputs::SetMCSF] => MCSF = 1, MCSF_err = 0.5
[AnalysisInputs::SetMCSF] sample : ttZ
[AnalysisInputs::SetMCSF] => MCSF = 1, MCSF_err = 0.5
[AnalysisInputs::SetMCSF] sample : ttH_nonbb
[AnalysisInputs::SetMCSF] => MCSF = 1, MCSF_err = 0.5
[AnalysisInputs::SetMCSF] sample : top
[AnalysisInputs::SetMCSF] => MCSF = 1, MCSF_err = 0.5
[AnalysisInputs::SetMCSF] sample : WWTo2L2Nu_DS
[AnalysisInputs::SetMCSF] => MCSF = 1, MCSF_err = 0.5
[AnalysisInputs::SetMCSF] sample : WpWpEWK
[AnalysisInputs::SetMCSF] => MCSF = 1, MCSF_err = 0.5
[AnalysisInputs::SetMCSF] sample : WpWpQCD
[AnalysisInputs::SetMCSF] => MCSF = 1, MCSF_err = 0.5
[AnalysisInputs::SetMCSF] sample : WZTo3LNu_mllmin01
[AnalysisInputs::SetMCSF] => MCSF = 0.65, MCSF_err = 0.06
[AnalysisInputs::SetMCSF] sample : WZTo3LNu_powheg
[AnalysisInputs::SetMCSF] => MCSF = 1.05246, MCSF_err = 0.0646733
[AnalysisInputs::SetMCSF] sample : ZGto2LG
[AnalysisInputs::SetMCSF] => MCSF = 1.09801, MCSF_err = 0.0750731
[AnalysisInputs::SetMCSF] sample : ZZTo4L_powheg
[AnalysisInputs::SetMCSF] => MCSF = 0.978683, MCSF_err = 0.0790547
[AnalysisInputs::SetMCSF] sample : ggZZto2e2mu
[AnalysisInputs::SetMCSF] => MCSF = 0.978683, MCSF_err = 0.0790547
[AnalysisInputs::SetMCSF] sample : ggZZto2e2nu
[AnalysisInputs::SetMCSF] => MCSF = 0.978683, MCSF_err = 0.0790547
[AnalysisInputs::SetMCSF] sample : ggZZto2e2tau
[AnalysisInputs::SetMCSF] => MCSF = 0.978683, MCSF_err = 0.0790547
[AnalysisInputs::SetMCSF] sample : ggZZto2mu2nu
[AnalysisInputs::SetMCSF] => MCSF = 0.978683, MCSF_err = 0.0790547
[AnalysisInputs::SetMCSF] sample : ggZZto2mu2tau
[AnalysisInputs::SetMCSF] => MCSF = 0.978683, MCSF_err = 0.0790547
[AnalysisInputs::SetMCSF] sample : ggZZto4e
[AnalysisInputs::SetMCSF] => MCSF = 0.978683, MCSF_err = 0.0790547
[AnalysisInputs::SetMCSF] sample : ggZZto4mu
[AnalysisInputs::SetMCSF] => MCSF = 0.978683, MCSF_err = 0.0790547
[AnalysisInputs::SetMCSF] sample : ggZZto4tau
[AnalysisInputs::SetMCSF] => MCSF = 0.978683, MCSF_err = 0.0790547
[AnalysisInputs::SetMCSF] sample : ggHtoZZ
[AnalysisInputs::SetMCSF] => MCSF = 0.978683, MCSF_err = 0.0790547
[AnalysisInputs::SetCalculatedSysts] Get Systematics from /data8/Users/jskim/HN_dilepton_plotter/data/v8-0-7.37/Syst.txt
[AnalysisInputs::SetCalculatedSysts] source : Luminosity
[AnalysisInputs::SetCalculatedSysts] => % sysematic = 0.025
[AnalysisInputs::SetCalculatedSysts] source : FakeLooseID
[AnalysisInputs::SetCalculatedSysts] => % sysematic = 0.3
[AnalysisInputs::SetCalculatedSysts] source : ChrageFlipSyst
[AnalysisInputs::SetCalculatedSysts] => % sysematic = 0.23
[CutRangeInfo::ReadCutCard] Get Cutcard from /data8/Users/jskim/HN_dilepton_plotter/data/v8-0-7.37/CutOpCard/RunDirectory/Cards_ElEl_Bin2/HNElEl_250.txt
Central	0.927977	0.0867555	0.0870878
_MuonEn_up	0.930021	0.0867555	0.0870878
_MuonEn_down	0.930678	0.0867555	0.0870878
_MuonIDSF_up	0.928963	0.0867555	0.0870878
_MuonIDSF_down	0.926356	0.0867555	0.0870878
_ElectronEn_up	0.931942	0.0867555	0.0870878
_ElectronEn_down	0.762465	0.0867555	0.0870878
_ElectronIDSF_up	0.994463	0.0867555	0.0870878
_ElectronIDSF_down	0.859246	0.0867555	0.0870878
_TriggerSF_up	0.944466	0.0867555	0.0870878
_TriggerSF_down	0.92914	0.0867555	0.0870878
_PU_up	0.949924	0.0867555	0.0870878
_PU_down	0.896727	0.0867555	0.0870878
_JetEn_up	0.809238	0.0867555	0.0870878
_JetEn_down	0.933897	0.0867555	0.0870878
_JetRes_up	0.890395	0.0867555	0.0870878
_JetRes_down	0.830235	0.0867555	0.0870878
_Unclustered_up	0.978607	0.0867555	0.0870878
_Unclustered_down	0.832036	0.0867555	0.0870878
_BTagSFEff_up	0.922127	0.0867555	0.0870878
_BTagSFEff_down	0.931842	0.0867555	0.0870878
_BTagSFMiss_up	0.924622	0.0867555	0.0870878
_BTagSFMiss_down	0.927026	0.0867555	0.0870878
_JetMass_up	0.937426	0.0867555	0.0870878
_JetMass_down	0.927401	0.0867555	0.0870878
_JetMassRes_up	0.924909	0.0867555	0.0870878
_JetMassRes_down	0.918176	0.0867555	0.0870878
_Tau21_up	0.998826	0.0867555	0.0870878
_Tau21_down	0.855765	0.0867555	0.0870878

################ Sources ################
Source	SystTotal	SystPrompt	SystFake	Signal
Stat 46.13 52.21  177.26  16.19  3.25
Lumi 2.11  2.50 -  -  2.50
PDF  -  -  -  -  2.36
MuonPt  0.22 0.26  -  -  0.24
MuonID  0.12 0.14  -  -  0.43
ElectronE  10.63 12.62  -  -  0.28
ElectronID  6.14 7.29  -  -  2.50
Trigger  1.06 1.26  -  -  1.18
PU  2.45 2.91  -  -  2.33
JES  7.63 9.06  -  -  0.56
JER  6.72 7.98  -  -  1.05
Uncl  6.96 8.27  -  -  0.16
BEff  0.45 0.53  -  -  0.29
BMiss  0.22 0.27  -  -  0.67
JMS  0.61 0.72  -  -  0.06
JMR  0.66 0.78  -  -  0.24
Tau21  6.49 7.71  -  -  7.35
MCNorm 14.17  16.82 -  -  -
Fake 2.36  -  30.00 - -
CF 1.82  -  -  23.00 -
Total Systematic 23.74 28.05  30.00  23.00  9.02

Total Background	1.102
- Prompt	0.928
- Fake	0.087
- CF	0.087

####### Result #######
Signal Eff	0.021650
1.101821 1.519299
1.097842 1.095855
