
Processing CyclesForMixingLimit_ElEl_Bin2/HNElEl_1000_VBF.C...
[AnalysisInputs::SetMCSF] Get MC SF from /data8/Users/jskim/HN_dilepton_plotter/data/v8-0-7.37/MCSF.txt
[AnalysisInputs::SetMCSF] sample : VVV
[AnalysisInputs::SetMCSF] => MCSF = 1, MCSF_err = 0.5
[AnalysisInputs::SetMCSF] sample : WWW
[AnalysisInputs::SetMCSF] => MCSF = 1, MCSF_err = 0.5
[AnalysisInputs::SetMCSF] sample : WWZ
[AnalysisInputs::SetMCSF] => MCSF = 1, MCSF_err = 0.5
[AnalysisInputs::SetMCSF] sample : WZZ
[AnalysisInputs::SetMCSF] => MCSF = 1, MCSF_err = 0.5
[AnalysisInputs::SetMCSF] sample : ZZZ
[AnalysisInputs::SetMCSF] => MCSF = 1, MCSF_err = 0.5
[AnalysisInputs::SetMCSF] sample : ttV
[AnalysisInputs::SetMCSF] => MCSF = 1, MCSF_err = 0.5
[AnalysisInputs::SetMCSF] sample : ttW
[AnalysisInputs::SetMCSF] => MCSF = 1, MCSF_err = 0.5
[AnalysisInputs::SetMCSF] sample : ttZ
[AnalysisInputs::SetMCSF] => MCSF = 1, MCSF_err = 0.5
[AnalysisInputs::SetMCSF] sample : ttH_nonbb
[AnalysisInputs::SetMCSF] => MCSF = 1, MCSF_err = 0.5
[AnalysisInputs::SetMCSF] sample : top
[AnalysisInputs::SetMCSF] => MCSF = 1, MCSF_err = 0.5
[AnalysisInputs::SetMCSF] sample : WWTo2L2Nu_DS
[AnalysisInputs::SetMCSF] => MCSF = 1, MCSF_err = 0.5
[AnalysisInputs::SetMCSF] sample : WpWpEWK
[AnalysisInputs::SetMCSF] => MCSF = 1, MCSF_err = 0.5
[AnalysisInputs::SetMCSF] sample : WpWpQCD
[AnalysisInputs::SetMCSF] => MCSF = 1, MCSF_err = 0.5
[AnalysisInputs::SetMCSF] sample : WZTo3LNu_mllmin01
[AnalysisInputs::SetMCSF] => MCSF = 0.65, MCSF_err = 0.06
[AnalysisInputs::SetMCSF] sample : WZTo3LNu_powheg
[AnalysisInputs::SetMCSF] => MCSF = 1.05246, MCSF_err = 0.0646733
[AnalysisInputs::SetMCSF] sample : ZGto2LG
[AnalysisInputs::SetMCSF] => MCSF = 1.09801, MCSF_err = 0.0750731
[AnalysisInputs::SetMCSF] sample : ZZTo4L_powheg
[AnalysisInputs::SetMCSF] => MCSF = 0.978683, MCSF_err = 0.0790547
[AnalysisInputs::SetMCSF] sample : ggZZto2e2mu
[AnalysisInputs::SetMCSF] => MCSF = 0.978683, MCSF_err = 0.0790547
[AnalysisInputs::SetMCSF] sample : ggZZto2e2nu
[AnalysisInputs::SetMCSF] => MCSF = 0.978683, MCSF_err = 0.0790547
[AnalysisInputs::SetMCSF] sample : ggZZto2e2tau
[AnalysisInputs::SetMCSF] => MCSF = 0.978683, MCSF_err = 0.0790547
[AnalysisInputs::SetMCSF] sample : ggZZto2mu2nu
[AnalysisInputs::SetMCSF] => MCSF = 0.978683, MCSF_err = 0.0790547
[AnalysisInputs::SetMCSF] sample : ggZZto2mu2tau
[AnalysisInputs::SetMCSF] => MCSF = 0.978683, MCSF_err = 0.0790547
[AnalysisInputs::SetMCSF] sample : ggZZto4e
[AnalysisInputs::SetMCSF] => MCSF = 0.978683, MCSF_err = 0.0790547
[AnalysisInputs::SetMCSF] sample : ggZZto4mu
[AnalysisInputs::SetMCSF] => MCSF = 0.978683, MCSF_err = 0.0790547
[AnalysisInputs::SetMCSF] sample : ggZZto4tau
[AnalysisInputs::SetMCSF] => MCSF = 0.978683, MCSF_err = 0.0790547
[AnalysisInputs::SetMCSF] sample : ggHtoZZ
[AnalysisInputs::SetMCSF] => MCSF = 0.978683, MCSF_err = 0.0790547
[AnalysisInputs::SetCalculatedSysts] Get Systematics from /data8/Users/jskim/HN_dilepton_plotter/data/v8-0-7.37/Syst.txt
[AnalysisInputs::SetCalculatedSysts] source : Luminosity
[AnalysisInputs::SetCalculatedSysts] => % sysematic = 0.025
[AnalysisInputs::SetCalculatedSysts] source : FakeLooseID
[AnalysisInputs::SetCalculatedSysts] => % sysematic = 0.3
[AnalysisInputs::SetCalculatedSysts] source : ChrageFlipSyst
[AnalysisInputs::SetCalculatedSysts] => % sysematic = 0.23
[CutRangeInfo::ReadCutCard] Get Cutcard from /data8/Users/jskim/HN_dilepton_plotter/data/v8-0-7.37/CutOpCard/RunDirectory/Cards_ElEl_Bin2/HNElEl_1000.txt
Central	0.639834	0.245096	0.100506
_MuonEn_up	0.645967	0.245096	0.100506
_MuonEn_down	0.647519	0.245096	0.100506
_MuonIDSF_up	0.647037	0.245096	0.100506
_MuonIDSF_down	0.647482	0.245096	0.100506
_ElectronEn_up	0.653848	0.245096	0.100506
_ElectronEn_down	0.640662	0.245096	0.100506
_ElectronIDSF_up	0.675348	0.245096	0.100506
_ElectronIDSF_down	0.6251	0.245096	0.100506
_TriggerSF_up	0.676687	0.245096	0.100506
_TriggerSF_down	0.647731	0.245096	0.100506
_PU_up	0.633952	0.245096	0.100506
_PU_down	0.674817	0.245096	0.100506
_JetEn_up	0.646711	0.245096	0.100506
_JetEn_down	0.659578	0.245096	0.100506
_JetRes_up	0.638849	0.245096	0.100506
_JetRes_down	0.641722	0.245096	0.100506
_Unclustered_up	0.649362	0.245096	0.100506
_Unclustered_down	0.644136	0.245096	0.100506
_BTagSFEff_up	0.643837	0.245096	0.100506
_BTagSFEff_down	0.647068	0.245096	0.100506
_BTagSFMiss_up	0.64616	0.245096	0.100506
_BTagSFMiss_down	0.653519	0.245096	0.100506
_JetMass_up	0.482255	0.245096	0.100506
_JetMass_down	0.57417	0.245096	0.100506
_JetMassRes_up	0.571914	0.245096	0.100506
_JetMassRes_down	0.475362	0.245096	0.100506
_Tau21_up	0.702309	0.245096	0.100506
_Tau21_down	0.602988	0.245096	0.100506

################ Sources ################
Source	SystTotal	SystPrompt	SystFake	Signal
Stat 26.08 29.30  71.71  18.70  1.48
Lumi 1.62  2.50 -  -  2.50
PDF  -  -  -  -  2.36
MuonPt  0.71 1.09  -  -  0.15
MuonID  0.75 1.16  -  -  0.20
ElectronE  1.01 1.55  -  -  0.22
ElectronID  2.76 4.25  -  -  3.67
Trigger  2.70 4.17  -  -  1.45
PU  2.55 3.92  -  -  1.44
JES  1.50 2.31  -  -  0.24
JER  0.15 0.24  -  -  0.26
Uncl  0.75 1.16  -  -  0.26
BEff  0.59 0.91  -  -  0.45
BMiss  1.08 1.67  -  -  0.44
JMS  12.25 18.87  -  -  0.47
JMR  12.77 19.67  -  -  0.08
Tau21  5.20 8.02  -  -  7.93
MCNorm 15.13  23.30 -  -  -
Fake 7.46  -  30.00 - -
CF 2.35  -  -  23.00 -
Total Systematic 25.60 37.71  30.00  23.00  9.66

Total Background	0.985
- Prompt	0.640
- Fake	0.245
- CF	0.101

####### Result #######
Signal Eff	0.268863
0.985436 1.366667
0.088499 1.097708
