
Processing CyclesForMixingLimit_ElEl_Bin2/HNElEl_1100.C...
[AnalysisInputs::SetMCSF] Get MC SF from /data8/Users/jskim/HN_dilepton_plotter/data/v8-0-7.37/MCSF.txt
[AnalysisInputs::SetMCSF] sample : VVV
[AnalysisInputs::SetMCSF] => MCSF = 1, MCSF_err = 0.5
[AnalysisInputs::SetMCSF] sample : WWW
[AnalysisInputs::SetMCSF] => MCSF = 1, MCSF_err = 0.5
[AnalysisInputs::SetMCSF] sample : WWZ
[AnalysisInputs::SetMCSF] => MCSF = 1, MCSF_err = 0.5
[AnalysisInputs::SetMCSF] sample : WZZ
[AnalysisInputs::SetMCSF] => MCSF = 1, MCSF_err = 0.5
[AnalysisInputs::SetMCSF] sample : ZZZ
[AnalysisInputs::SetMCSF] => MCSF = 1, MCSF_err = 0.5
[AnalysisInputs::SetMCSF] sample : ttV
[AnalysisInputs::SetMCSF] => MCSF = 1, MCSF_err = 0.5
[AnalysisInputs::SetMCSF] sample : ttW
[AnalysisInputs::SetMCSF] => MCSF = 1, MCSF_err = 0.5
[AnalysisInputs::SetMCSF] sample : ttZ
[AnalysisInputs::SetMCSF] => MCSF = 1, MCSF_err = 0.5
[AnalysisInputs::SetMCSF] sample : ttH_nonbb
[AnalysisInputs::SetMCSF] => MCSF = 1, MCSF_err = 0.5
[AnalysisInputs::SetMCSF] sample : top
[AnalysisInputs::SetMCSF] => MCSF = 1, MCSF_err = 0.5
[AnalysisInputs::SetMCSF] sample : WWTo2L2Nu_DS
[AnalysisInputs::SetMCSF] => MCSF = 1, MCSF_err = 0.5
[AnalysisInputs::SetMCSF] sample : WpWpEWK
[AnalysisInputs::SetMCSF] => MCSF = 1, MCSF_err = 0.5
[AnalysisInputs::SetMCSF] sample : WpWpQCD
[AnalysisInputs::SetMCSF] => MCSF = 1, MCSF_err = 0.5
[AnalysisInputs::SetMCSF] sample : WZTo3LNu_mllmin01
[AnalysisInputs::SetMCSF] => MCSF = 0.65, MCSF_err = 0.06
[AnalysisInputs::SetMCSF] sample : WZTo3LNu_powheg
[AnalysisInputs::SetMCSF] => MCSF = 1.05246, MCSF_err = 0.0646733
[AnalysisInputs::SetMCSF] sample : ZGto2LG
[AnalysisInputs::SetMCSF] => MCSF = 1.09801, MCSF_err = 0.0750731
[AnalysisInputs::SetMCSF] sample : ZZTo4L_powheg
[AnalysisInputs::SetMCSF] => MCSF = 0.978683, MCSF_err = 0.0790547
[AnalysisInputs::SetMCSF] sample : ggZZto2e2mu
[AnalysisInputs::SetMCSF] => MCSF = 0.978683, MCSF_err = 0.0790547
[AnalysisInputs::SetMCSF] sample : ggZZto2e2nu
[AnalysisInputs::SetMCSF] => MCSF = 0.978683, MCSF_err = 0.0790547
[AnalysisInputs::SetMCSF] sample : ggZZto2e2tau
[AnalysisInputs::SetMCSF] => MCSF = 0.978683, MCSF_err = 0.0790547
[AnalysisInputs::SetMCSF] sample : ggZZto2mu2nu
[AnalysisInputs::SetMCSF] => MCSF = 0.978683, MCSF_err = 0.0790547
[AnalysisInputs::SetMCSF] sample : ggZZto2mu2tau
[AnalysisInputs::SetMCSF] => MCSF = 0.978683, MCSF_err = 0.0790547
[AnalysisInputs::SetMCSF] sample : ggZZto4e
[AnalysisInputs::SetMCSF] => MCSF = 0.978683, MCSF_err = 0.0790547
[AnalysisInputs::SetMCSF] sample : ggZZto4mu
[AnalysisInputs::SetMCSF] => MCSF = 0.978683, MCSF_err = 0.0790547
[AnalysisInputs::SetMCSF] sample : ggZZto4tau
[AnalysisInputs::SetMCSF] => MCSF = 0.978683, MCSF_err = 0.0790547
[AnalysisInputs::SetMCSF] sample : ggHtoZZ
[AnalysisInputs::SetMCSF] => MCSF = 0.978683, MCSF_err = 0.0790547
[AnalysisInputs::SetCalculatedSysts] Get Systematics from /data8/Users/jskim/HN_dilepton_plotter/data/v8-0-7.37/Syst.txt
[AnalysisInputs::SetCalculatedSysts] source : Luminosity
[AnalysisInputs::SetCalculatedSysts] => % sysematic = 0.025
[AnalysisInputs::SetCalculatedSysts] source : FakeLooseID
[AnalysisInputs::SetCalculatedSysts] => % sysematic = 0.3
[AnalysisInputs::SetCalculatedSysts] source : ChrageFlipSyst
[AnalysisInputs::SetCalculatedSysts] => % sysematic = 0.23
[CutRangeInfo::ReadCutCard] Get Cutcard from /data8/Users/jskim/HN_dilepton_plotter/data/v8-0-7.37/CutOpCard/RunDirectory/Cards_ElEl_Bin2/HNElEl_1100.txt
Central	0.199265	0.127831	0.0673107
_MuonEn_up	0.249927	0.127831	0.0673107
_MuonEn_down	0.206881	0.127831	0.0673107
_MuonIDSF_up	0.209782	0.127831	0.0673107
_MuonIDSF_down	0.210227	0.127831	0.0673107
_ElectronEn_up	0.210714	0.127831	0.0673107
_ElectronEn_down	0.2001	0.127831	0.0673107
_ElectronIDSF_up	0.215616	0.127831	0.0673107
_ElectronIDSF_down	0.204362	0.127831	0.0673107
_TriggerSF_up	0.271057	0.127831	0.0673107
_TriggerSF_down	0.206881	0.127831	0.0673107
_PU_up	0.224618	0.127831	0.0673107
_PU_down	0.196418	0.127831	0.0673107
_JetEn_up	0.203577	0.127831	0.0673107
_JetEn_down	0.211974	0.127831	0.0673107
_JetRes_up	0.201594	0.127831	0.0673107
_JetRes_down	0.204467	0.127831	0.0673107
_Unclustered_up	0.212107	0.127831	0.0673107
_Unclustered_down	0.206881	0.127831	0.0673107
_BTagSFEff_up	0.206582	0.127831	0.0673107
_BTagSFEff_down	0.206721	0.127831	0.0673107
_BTagSFMiss_up	0.208905	0.127831	0.0673107
_BTagSFMiss_down	0.216264	0.127831	0.0673107
_JetMass_up	0.210195	0.127831	0.0673107
_JetMass_down	0.222559	0.127831	0.0673107
_JetMassRes_up	0.221902	0.127831	0.0673107
_JetMassRes_down	0.209861	0.127831	0.0673107
_Tau21_up	0.225771	0.127831	0.0673107
_Tau21_down	0.192889	0.127831	0.0673107

################ Sources ################
Source	SystTotal	SystPrompt	SystFake	Signal
Stat 38.79 42.70  99.46  22.78  0.98
Lumi 1.26  2.50 -  -  2.50
PDF  -  -  -  -  2.36
MuonPt  9.18 18.18  -  -  0.12
MuonID  2.72 5.39  -  -  0.10
ElectronE  2.06 4.07  -  -  0.04
ElectronID  3.07 6.08  -  -  3.63
Trigger  12.94 25.62  -  -  1.46
PU  4.57 9.05  -  -  1.56
JES  2.41 4.76  -  -  0.07
JER  1.02 2.02  -  -  0.21
Uncl  2.68 5.30  -  -  0.11
BEff  1.87 3.71  -  -  0.52
BMiss  3.50 6.93  -  -  0.49
JMS  4.61 9.13  -  -  0.14
JMR  4.48 8.87  -  -  0.18
Tau21  4.89 9.67  -  -  8.15
MCNorm 15.97  31.60 -  -  -
Fake 9.72  -  30.00 - -
CF 3.93  -  -  23.00 -
Total Systematic 27.20 50.29  30.00  23.00  9.83

Total Background	0.394
- Prompt	0.199
- Fake	0.128
- CF	0.067

####### Result #######
Signal Eff	0.217101
0.394407 1.476993
0.025428 1.098772
