
Processing CyclesForMixingLimit_ElEl_Bin2/HNElEl_125.C...
[AnalysisInputs::SetMCSF] Get MC SF from /data8/Users/jskim/HN_dilepton_plotter/data/v8-0-7.37/MCSF.txt
[AnalysisInputs::SetMCSF] sample : VVV
[AnalysisInputs::SetMCSF] => MCSF = 1, MCSF_err = 0.5
[AnalysisInputs::SetMCSF] sample : WWW
[AnalysisInputs::SetMCSF] => MCSF = 1, MCSF_err = 0.5
[AnalysisInputs::SetMCSF] sample : WWZ
[AnalysisInputs::SetMCSF] => MCSF = 1, MCSF_err = 0.5
[AnalysisInputs::SetMCSF] sample : WZZ
[AnalysisInputs::SetMCSF] => MCSF = 1, MCSF_err = 0.5
[AnalysisInputs::SetMCSF] sample : ZZZ
[AnalysisInputs::SetMCSF] => MCSF = 1, MCSF_err = 0.5
[AnalysisInputs::SetMCSF] sample : ttV
[AnalysisInputs::SetMCSF] => MCSF = 1, MCSF_err = 0.5
[AnalysisInputs::SetMCSF] sample : ttW
[AnalysisInputs::SetMCSF] => MCSF = 1, MCSF_err = 0.5
[AnalysisInputs::SetMCSF] sample : ttZ
[AnalysisInputs::SetMCSF] => MCSF = 1, MCSF_err = 0.5
[AnalysisInputs::SetMCSF] sample : ttH_nonbb
[AnalysisInputs::SetMCSF] => MCSF = 1, MCSF_err = 0.5
[AnalysisInputs::SetMCSF] sample : top
[AnalysisInputs::SetMCSF] => MCSF = 1, MCSF_err = 0.5
[AnalysisInputs::SetMCSF] sample : WWTo2L2Nu_DS
[AnalysisInputs::SetMCSF] => MCSF = 1, MCSF_err = 0.5
[AnalysisInputs::SetMCSF] sample : WpWpEWK
[AnalysisInputs::SetMCSF] => MCSF = 1, MCSF_err = 0.5
[AnalysisInputs::SetMCSF] sample : WpWpQCD
[AnalysisInputs::SetMCSF] => MCSF = 1, MCSF_err = 0.5
[AnalysisInputs::SetMCSF] sample : WZTo3LNu_mllmin01
[AnalysisInputs::SetMCSF] => MCSF = 0.65, MCSF_err = 0.06
[AnalysisInputs::SetMCSF] sample : WZTo3LNu_powheg
[AnalysisInputs::SetMCSF] => MCSF = 1.05246, MCSF_err = 0.0646733
[AnalysisInputs::SetMCSF] sample : ZGto2LG
[AnalysisInputs::SetMCSF] => MCSF = 1.09801, MCSF_err = 0.0750731
[AnalysisInputs::SetMCSF] sample : ZZTo4L_powheg
[AnalysisInputs::SetMCSF] => MCSF = 0.978683, MCSF_err = 0.0790547
[AnalysisInputs::SetMCSF] sample : ggZZto2e2mu
[AnalysisInputs::SetMCSF] => MCSF = 0.978683, MCSF_err = 0.0790547
[AnalysisInputs::SetMCSF] sample : ggZZto2e2nu
[AnalysisInputs::SetMCSF] => MCSF = 0.978683, MCSF_err = 0.0790547
[AnalysisInputs::SetMCSF] sample : ggZZto2e2tau
[AnalysisInputs::SetMCSF] => MCSF = 0.978683, MCSF_err = 0.0790547
[AnalysisInputs::SetMCSF] sample : ggZZto2mu2nu
[AnalysisInputs::SetMCSF] => MCSF = 0.978683, MCSF_err = 0.0790547
[AnalysisInputs::SetMCSF] sample : ggZZto2mu2tau
[AnalysisInputs::SetMCSF] => MCSF = 0.978683, MCSF_err = 0.0790547
[AnalysisInputs::SetMCSF] sample : ggZZto4e
[AnalysisInputs::SetMCSF] => MCSF = 0.978683, MCSF_err = 0.0790547
[AnalysisInputs::SetMCSF] sample : ggZZto4mu
[AnalysisInputs::SetMCSF] => MCSF = 0.978683, MCSF_err = 0.0790547
[AnalysisInputs::SetMCSF] sample : ggZZto4tau
[AnalysisInputs::SetMCSF] => MCSF = 0.978683, MCSF_err = 0.0790547
[AnalysisInputs::SetMCSF] sample : ggHtoZZ
[AnalysisInputs::SetMCSF] => MCSF = 0.978683, MCSF_err = 0.0790547
[AnalysisInputs::SetCalculatedSysts] Get Systematics from /data8/Users/jskim/HN_dilepton_plotter/data/v8-0-7.37/Syst.txt
[AnalysisInputs::SetCalculatedSysts] source : Luminosity
[AnalysisInputs::SetCalculatedSysts] => % sysematic = 0.025
[AnalysisInputs::SetCalculatedSysts] source : FakeLooseID
[AnalysisInputs::SetCalculatedSysts] => % sysematic = 0.3
[AnalysisInputs::SetCalculatedSysts] source : ChrageFlipSyst
[AnalysisInputs::SetCalculatedSysts] => % sysematic = 0.23
[CutRangeInfo::ReadCutCard] Get Cutcard from /data8/Users/jskim/HN_dilepton_plotter/data/v8-0-7.37/CutOpCard/RunDirectory/Cards_ElEl_Bin2/HNElEl_125.txt
Central	0.268162	0.089417	0.0351889
_MuonEn_up	0.265347	0.089417	0.0351889
_MuonEn_down	0.265347	0.089417	0.0351889
_MuonIDSF_up	0.265347	0.089417	0.0351889
_MuonIDSF_down	0.262563	0.089417	0.0351889
_ElectronEn_up	0.261075	0.089417	0.0351889
_ElectronEn_down	0.272602	0.089417	0.0351889
_ElectronIDSF_up	0.271147	0.089417	0.0351889
_ElectronIDSF_down	0.26231	0.089417	0.0351889
_TriggerSF_up	0.269319	0.089417	0.0351889
_TriggerSF_down	0.265347	0.089417	0.0351889
_PU_up	0.247097	0.089417	0.0351889
_PU_down	0.288304	0.089417	0.0351889
_JetEn_up	0.253249	0.089417	0.0351889
_JetEn_down	0.176514	0.089417	0.0351889
_JetRes_up	0.269124	0.089417	0.0351889
_JetRes_down	0.268344	0.089417	0.0351889
_Unclustered_up	0.261981	0.089417	0.0351889
_Unclustered_down	0.256685	0.089417	0.0351889
_BTagSFEff_up	0.298215	0.089417	0.0351889
_BTagSFEff_down	0.267859	0.089417	0.0351889
_BTagSFMiss_up	0.268162	0.089417	0.0351889
_BTagSFMiss_down	0.306266	0.089417	0.0351889
_JetMass_up	0.26899	0.089417	0.0351889
_JetMass_down	0.267298	0.089417	0.0351889
_JetMassRes_up	0.265347	0.089417	0.0351889
_JetMassRes_down	0.272266	0.089417	0.0351889
_Tau21_up	0.285418	0.089417	0.0351889
_Tau21_down	0.24537	0.089417	0.0351889

################ Sources ################
Source	SystTotal	SystPrompt	SystFake	Signal
Stat 54.11 47.08  191.23  27.23  23.19
Lumi 1.71  2.50 -  -  2.50
PDF  -  -  -  -  2.36
MuonPt  0.72 1.05  -  -  0.00
MuonID  1.13 1.65  -  -  0.00
ElectronE  1.51 2.21  -  -  0.38
ElectronID  1.18 1.73  -  -  3.58
Trigger  0.55 0.80  -  -  2.03
PU  5.25 7.69  -  -  2.58
JES  16.72 24.48  -  -  5.94
JER  0.18 0.26  -  -  0.00
Uncl  2.35 3.44  -  -  0.00
BEff  5.41 7.92  -  -  0.00
BMiss  6.86 10.05  -  -  0.00
JMS  0.22 0.32  -  -  0.00
JMR  0.90 1.31  -  -  0.00
Tau21  5.15 7.54  -  -  7.61
MCNorm 10.68  15.65 -  -  -
Fake 6.83  -  30.00 - -
CF 2.06  -  -  23.00 -
Total Systematic 24.20 34.00  30.00  23.00  11.35

Total Background	0.393
- Prompt	0.268
- Fake	0.089
- CF	0.035

####### Result #######
Signal Eff	0.000417
0.392768 1.593652
0.369193 1.258161
