
Processing CyclesForMixingLimit_ElEl_Bin2/HNElEl_1200.C...
[AnalysisInputs::SetMCSF] Get MC SF from /data8/Users/jskim/HN_dilepton_plotter/data/v8-0-7.37/MCSF.txt
[AnalysisInputs::SetMCSF] sample : VVV
[AnalysisInputs::SetMCSF] => MCSF = 1, MCSF_err = 0.5
[AnalysisInputs::SetMCSF] sample : WWW
[AnalysisInputs::SetMCSF] => MCSF = 1, MCSF_err = 0.5
[AnalysisInputs::SetMCSF] sample : WWZ
[AnalysisInputs::SetMCSF] => MCSF = 1, MCSF_err = 0.5
[AnalysisInputs::SetMCSF] sample : WZZ
[AnalysisInputs::SetMCSF] => MCSF = 1, MCSF_err = 0.5
[AnalysisInputs::SetMCSF] sample : ZZZ
[AnalysisInputs::SetMCSF] => MCSF = 1, MCSF_err = 0.5
[AnalysisInputs::SetMCSF] sample : ttV
[AnalysisInputs::SetMCSF] => MCSF = 1, MCSF_err = 0.5
[AnalysisInputs::SetMCSF] sample : ttW
[AnalysisInputs::SetMCSF] => MCSF = 1, MCSF_err = 0.5
[AnalysisInputs::SetMCSF] sample : ttZ
[AnalysisInputs::SetMCSF] => MCSF = 1, MCSF_err = 0.5
[AnalysisInputs::SetMCSF] sample : ttH_nonbb
[AnalysisInputs::SetMCSF] => MCSF = 1, MCSF_err = 0.5
[AnalysisInputs::SetMCSF] sample : top
[AnalysisInputs::SetMCSF] => MCSF = 1, MCSF_err = 0.5
[AnalysisInputs::SetMCSF] sample : WWTo2L2Nu_DS
[AnalysisInputs::SetMCSF] => MCSF = 1, MCSF_err = 0.5
[AnalysisInputs::SetMCSF] sample : WpWpEWK
[AnalysisInputs::SetMCSF] => MCSF = 1, MCSF_err = 0.5
[AnalysisInputs::SetMCSF] sample : WpWpQCD
[AnalysisInputs::SetMCSF] => MCSF = 1, MCSF_err = 0.5
[AnalysisInputs::SetMCSF] sample : WZTo3LNu_mllmin01
[AnalysisInputs::SetMCSF] => MCSF = 0.65, MCSF_err = 0.06
[AnalysisInputs::SetMCSF] sample : WZTo3LNu_powheg
[AnalysisInputs::SetMCSF] => MCSF = 1.05246, MCSF_err = 0.0646733
[AnalysisInputs::SetMCSF] sample : ZGto2LG
[AnalysisInputs::SetMCSF] => MCSF = 1.09801, MCSF_err = 0.0750731
[AnalysisInputs::SetMCSF] sample : ZZTo4L_powheg
[AnalysisInputs::SetMCSF] => MCSF = 0.978683, MCSF_err = 0.0790547
[AnalysisInputs::SetMCSF] sample : ggZZto2e2mu
[AnalysisInputs::SetMCSF] => MCSF = 0.978683, MCSF_err = 0.0790547
[AnalysisInputs::SetMCSF] sample : ggZZto2e2nu
[AnalysisInputs::SetMCSF] => MCSF = 0.978683, MCSF_err = 0.0790547
[AnalysisInputs::SetMCSF] sample : ggZZto2e2tau
[AnalysisInputs::SetMCSF] => MCSF = 0.978683, MCSF_err = 0.0790547
[AnalysisInputs::SetMCSF] sample : ggZZto2mu2nu
[AnalysisInputs::SetMCSF] => MCSF = 0.978683, MCSF_err = 0.0790547
[AnalysisInputs::SetMCSF] sample : ggZZto2mu2tau
[AnalysisInputs::SetMCSF] => MCSF = 0.978683, MCSF_err = 0.0790547
[AnalysisInputs::SetMCSF] sample : ggZZto4e
[AnalysisInputs::SetMCSF] => MCSF = 0.978683, MCSF_err = 0.0790547
[AnalysisInputs::SetMCSF] sample : ggZZto4mu
[AnalysisInputs::SetMCSF] => MCSF = 0.978683, MCSF_err = 0.0790547
[AnalysisInputs::SetMCSF] sample : ggZZto4tau
[AnalysisInputs::SetMCSF] => MCSF = 0.978683, MCSF_err = 0.0790547
[AnalysisInputs::SetMCSF] sample : ggHtoZZ
[AnalysisInputs::SetMCSF] => MCSF = 0.978683, MCSF_err = 0.0790547
[AnalysisInputs::SetCalculatedSysts] Get Systematics from /data8/Users/jskim/HN_dilepton_plotter/data/v8-0-7.37/Syst.txt
[AnalysisInputs::SetCalculatedSysts] source : Luminosity
[AnalysisInputs::SetCalculatedSysts] => % sysematic = 0.025
[AnalysisInputs::SetCalculatedSysts] source : FakeLooseID
[AnalysisInputs::SetCalculatedSysts] => % sysematic = 0.3
[AnalysisInputs::SetCalculatedSysts] source : ChrageFlipSyst
[AnalysisInputs::SetCalculatedSysts] => % sysematic = 0.23
[CutRangeInfo::ReadCutCard] Get Cutcard from /data8/Users/jskim/HN_dilepton_plotter/data/v8-0-7.37/CutOpCard/RunDirectory/Cards_ElEl_Bin2/HNElEl_1200.txt
Central	0.152505	0.00748978	0.0336989
_MuonEn_up	0.152563	0.00748978	0.0336989
_MuonEn_down	0.156791	0.00748978	0.0336989
_MuonIDSF_up	0.156791	0.00748978	0.0336989
_MuonIDSF_down	0.159686	0.00748978	0.0336989
_ElectronEn_up	0.156791	0.00748978	0.0336989
_ElectronEn_down	0.156791	0.00748978	0.0336989
_ElectronIDSF_up	0.164519	0.00748978	0.0336989
_ElectronIDSF_down	0.149192	0.00748978	0.0336989
_TriggerSF_up	0.163175	0.00748978	0.0336989
_TriggerSF_down	0.156791	0.00748978	0.0336989
_PU_up	0.176197	0.00748978	0.0336989
_PU_down	0.13367	0.00748978	0.0336989
_JetEn_up	0.151517	0.00748978	0.0336989
_JetEn_down	0.161884	0.00748978	0.0336989
_JetRes_up	0.151504	0.00748978	0.0336989
_JetRes_down	0.158945	0.00748978	0.0336989
_Unclustered_up	0.156791	0.00748978	0.0336989
_Unclustered_down	0.156791	0.00748978	0.0336989
_BTagSFEff_up	0.156791	0.00748978	0.0336989
_BTagSFEff_down	0.156631	0.00748978	0.0336989
_BTagSFMiss_up	0.156791	0.00748978	0.0336989
_BTagSFMiss_down	0.160084	0.00748978	0.0336989
_JetMass_up	0.156942	0.00748978	0.0336989
_JetMass_down	0.169489	0.00748978	0.0336989
_JetMassRes_up	0.169338	0.00748978	0.0336989
_JetMassRes_down	0.156791	0.00748978	0.0336989
_Tau21_up	0.168691	0.00748978	0.0336989
_Tau21_down	0.144805	0.00748978	0.0336989

################ Sources ################
Source	SystTotal	SystPrompt	SystFake	Signal
Stat 43.54 55.11  90.97  29.53  1.11
Lumi 1.97  2.50 -  -  2.50
PDF  -  -  -  -  2.36
MuonPt  1.56 1.99  -  -  0.06
MuonID  3.05 3.88  -  -  0.13
ElectronE  2.21 2.81  -  -  0.10
ElectronID  4.55 5.78  -  -  3.68
Trigger  4.20 5.33  -  -  1.38
PU  11.05 14.03  -  -  1.68
JES  3.44 4.37  -  -  0.07
JER  2.38 3.02  -  -  0.18
Uncl  2.21 2.81  -  -  0.16
BEff  2.17 2.76  -  -  0.42
BMiss  3.18 4.04  -  -  0.45
JMS  6.41 8.14  -  -  0.09
JMR  6.34 8.05  -  -  0.09
Tau21  6.54 8.31  -  -  8.29
MCNorm 20.46  25.99 -  -  -
Fake 1.16  -  30.00 - -
CF 4.00  -  -  23.00 -
Total Systematic 27.61 35.03  30.00  23.00  9.97

Total Background	0.194
- Prompt	0.153
- Fake	0.007
- CF	0.034

####### Result #######
Signal Eff	0.211569
0.193693 1.519612
0.015982 1.100278
