
Processing CyclesForMixingLimit_ElEl_Bin2/HNElEl_90.C...
[AnalysisInputs::SetMCSF] Get MC SF from /data8/Users/jskim/HN_dilepton_plotter/data/v8-0-7.37/MCSF.txt
[AnalysisInputs::SetMCSF] sample : VVV
[AnalysisInputs::SetMCSF] => MCSF = 1, MCSF_err = 0.5
[AnalysisInputs::SetMCSF] sample : WWW
[AnalysisInputs::SetMCSF] => MCSF = 1, MCSF_err = 0.5
[AnalysisInputs::SetMCSF] sample : WWZ
[AnalysisInputs::SetMCSF] => MCSF = 1, MCSF_err = 0.5
[AnalysisInputs::SetMCSF] sample : WZZ
[AnalysisInputs::SetMCSF] => MCSF = 1, MCSF_err = 0.5
[AnalysisInputs::SetMCSF] sample : ZZZ
[AnalysisInputs::SetMCSF] => MCSF = 1, MCSF_err = 0.5
[AnalysisInputs::SetMCSF] sample : ttV
[AnalysisInputs::SetMCSF] => MCSF = 1, MCSF_err = 0.5
[AnalysisInputs::SetMCSF] sample : ttW
[AnalysisInputs::SetMCSF] => MCSF = 1, MCSF_err = 0.5
[AnalysisInputs::SetMCSF] sample : ttZ
[AnalysisInputs::SetMCSF] => MCSF = 1, MCSF_err = 0.5
[AnalysisInputs::SetMCSF] sample : ttH_nonbb
[AnalysisInputs::SetMCSF] => MCSF = 1, MCSF_err = 0.5
[AnalysisInputs::SetMCSF] sample : top
[AnalysisInputs::SetMCSF] => MCSF = 1, MCSF_err = 0.5
[AnalysisInputs::SetMCSF] sample : WWTo2L2Nu_DS
[AnalysisInputs::SetMCSF] => MCSF = 1, MCSF_err = 0.5
[AnalysisInputs::SetMCSF] sample : WpWpEWK
[AnalysisInputs::SetMCSF] => MCSF = 1, MCSF_err = 0.5
[AnalysisInputs::SetMCSF] sample : WpWpQCD
[AnalysisInputs::SetMCSF] => MCSF = 1, MCSF_err = 0.5
[AnalysisInputs::SetMCSF] sample : WZTo3LNu_mllmin01
[AnalysisInputs::SetMCSF] => MCSF = 0.65, MCSF_err = 0.06
[AnalysisInputs::SetMCSF] sample : WZTo3LNu_powheg
[AnalysisInputs::SetMCSF] => MCSF = 1.05246, MCSF_err = 0.0646733
[AnalysisInputs::SetMCSF] sample : ZGto2LG
[AnalysisInputs::SetMCSF] => MCSF = 1.09801, MCSF_err = 0.0750731
[AnalysisInputs::SetMCSF] sample : ZZTo4L_powheg
[AnalysisInputs::SetMCSF] => MCSF = 0.978683, MCSF_err = 0.0790547
[AnalysisInputs::SetMCSF] sample : ggZZto2e2mu
[AnalysisInputs::SetMCSF] => MCSF = 0.978683, MCSF_err = 0.0790547
[AnalysisInputs::SetMCSF] sample : ggZZto2e2nu
[AnalysisInputs::SetMCSF] => MCSF = 0.978683, MCSF_err = 0.0790547
[AnalysisInputs::SetMCSF] sample : ggZZto2e2tau
[AnalysisInputs::SetMCSF] => MCSF = 0.978683, MCSF_err = 0.0790547
[AnalysisInputs::SetMCSF] sample : ggZZto2mu2nu
[AnalysisInputs::SetMCSF] => MCSF = 0.978683, MCSF_err = 0.0790547
[AnalysisInputs::SetMCSF] sample : ggZZto2mu2tau
[AnalysisInputs::SetMCSF] => MCSF = 0.978683, MCSF_err = 0.0790547
[AnalysisInputs::SetMCSF] sample : ggZZto4e
[AnalysisInputs::SetMCSF] => MCSF = 0.978683, MCSF_err = 0.0790547
[AnalysisInputs::SetMCSF] sample : ggZZto4mu
[AnalysisInputs::SetMCSF] => MCSF = 0.978683, MCSF_err = 0.0790547
[AnalysisInputs::SetMCSF] sample : ggZZto4tau
[AnalysisInputs::SetMCSF] => MCSF = 0.978683, MCSF_err = 0.0790547
[AnalysisInputs::SetMCSF] sample : ggHtoZZ
[AnalysisInputs::SetMCSF] => MCSF = 0.978683, MCSF_err = 0.0790547
[AnalysisInputs::SetCalculatedSysts] Get Systematics from /data8/Users/jskim/HN_dilepton_plotter/data/v8-0-7.37/Syst.txt
[AnalysisInputs::SetCalculatedSysts] source : Luminosity
[AnalysisInputs::SetCalculatedSysts] => % sysematic = 0.025
[AnalysisInputs::SetCalculatedSysts] source : FakeLooseID
[AnalysisInputs::SetCalculatedSysts] => % sysematic = 0.3
[AnalysisInputs::SetCalculatedSysts] source : ChrageFlipSyst
[AnalysisInputs::SetCalculatedSysts] => % sysematic = 0.23
[CutRangeInfo::ReadCutCard] Get Cutcard from /data8/Users/jskim/HN_dilepton_plotter/data/v8-0-7.37/CutOpCard/RunDirectory/Cards_ElEl_Bin2/HNElEl_90.txt
Central	0.0161209	0	0.00628652
_MuonEn_up	0.0161209	0	0.00628652
_MuonEn_down	0.0161209	0	0.00628652
_MuonIDSF_up	0.0161209	0	0.00628652
_MuonIDSF_down	0.0161209	0	0.00628652
_ElectronEn_up	0.0161209	0	0.00628652
_ElectronEn_down	0.0161209	0	0.00628652
_ElectronIDSF_up	0.0163667	0	0.00628652
_ElectronIDSF_down	0.0158764	0	0.00628652
_TriggerSF_up	0.0167056	0	0.00628652
_TriggerSF_down	0.0161209	0	0.00628652
_PU_up	0.0168658	0	0.00628652
_PU_down	0.0151288	0	0.00628652
_JetEn_up	0.0100691	0	0.00628652
_JetEn_down	0.0989244	0	0.00628652
_JetRes_up	0.0161209	0	0.00628652
_JetRes_down	0.0161209	0	0.00628652
_Unclustered_up	0.0161209	0	0.00628652
_Unclustered_down	0.0132434	0	0.00628652
_BTagSFEff_up	0.0161209	0	0.00628652
_BTagSFEff_down	0.0186092	0	0.00628652
_BTagSFMiss_up	0.0161209	0	0.00628652
_BTagSFMiss_down	0.0161209	0	0.00628652
_JetMass_up	0.0178096	0	0.00628652
_JetMass_down	0.0161209	0	0.00628652
_JetMassRes_up	0.0161209	0	0.00628652
_JetMassRes_down	0.0161209	0	0.00628652
_Tau21_up	0.0196644	0	0.00628652
_Tau21_down	0.0148104	0	0.00628652

################ Sources ################
Source	SystTotal	SystPrompt	SystFake	Signal
Stat 29.54 41.06  -nan  62.40  -nan
Lumi 1.80  2.50 -  -  2.50
PDF  -  -  -  -  -nan
MuonPt  0.00 0.00  -  -  -nan
MuonID  0.00 0.00  -  -  -nan
ElectronE  0.00 0.00  -  -  -nan
ElectronID  1.09 1.52  -  -  -nan
Trigger  1.84 2.56  -  -  -nan
PU  3.92 5.44  -  -  -nan
JES  262.00 364.17  -  -  -nan
JER  0.00 0.00  -  -  -nan
Uncl  9.08 12.62  -  -  -nan
BEff  7.85 10.91  -  -  -nan
BMiss  0.00 0.00  -  -  -nan
JMS  5.33 7.41  -  -  -nan
JMR  0.00 0.00  -  -  -nan
Tau21  11.92 16.57  -  -  -nan
MCNorm 35.97  50.00 -  -  -
Fake 0.00  -  -nan - -
CF 6.45  -  -  23.00 -
Total Systematic 265.09 368.47  -nan  23.00  -nan

Total Background	0.022
- Prompt	0.016
- Fake	0.000
- CF	0.006

####### Result #######
Signal Eff	0.000000
0.022407 3.673865
0.000000 -nan
