
Processing CyclesForMixingLimit_ElEl_Bin2/HNElEl_150.C...
[AnalysisInputs::SetMCSF] Get MC SF from /data8/Users/jskim/HN_dilepton_plotter/data/v8-0-7.37/MCSF.txt
[AnalysisInputs::SetMCSF] sample : VVV
[AnalysisInputs::SetMCSF] => MCSF = 1, MCSF_err = 0.5
[AnalysisInputs::SetMCSF] sample : WWW
[AnalysisInputs::SetMCSF] => MCSF = 1, MCSF_err = 0.5
[AnalysisInputs::SetMCSF] sample : WWZ
[AnalysisInputs::SetMCSF] => MCSF = 1, MCSF_err = 0.5
[AnalysisInputs::SetMCSF] sample : WZZ
[AnalysisInputs::SetMCSF] => MCSF = 1, MCSF_err = 0.5
[AnalysisInputs::SetMCSF] sample : ZZZ
[AnalysisInputs::SetMCSF] => MCSF = 1, MCSF_err = 0.5
[AnalysisInputs::SetMCSF] sample : ttV
[AnalysisInputs::SetMCSF] => MCSF = 1, MCSF_err = 0.5
[AnalysisInputs::SetMCSF] sample : ttW
[AnalysisInputs::SetMCSF] => MCSF = 1, MCSF_err = 0.5
[AnalysisInputs::SetMCSF] sample : ttZ
[AnalysisInputs::SetMCSF] => MCSF = 1, MCSF_err = 0.5
[AnalysisInputs::SetMCSF] sample : ttH_nonbb
[AnalysisInputs::SetMCSF] => MCSF = 1, MCSF_err = 0.5
[AnalysisInputs::SetMCSF] sample : top
[AnalysisInputs::SetMCSF] => MCSF = 1, MCSF_err = 0.5
[AnalysisInputs::SetMCSF] sample : WWTo2L2Nu_DS
[AnalysisInputs::SetMCSF] => MCSF = 1, MCSF_err = 0.5
[AnalysisInputs::SetMCSF] sample : WpWpEWK
[AnalysisInputs::SetMCSF] => MCSF = 1, MCSF_err = 0.5
[AnalysisInputs::SetMCSF] sample : WpWpQCD
[AnalysisInputs::SetMCSF] => MCSF = 1, MCSF_err = 0.5
[AnalysisInputs::SetMCSF] sample : WZTo3LNu_mllmin01
[AnalysisInputs::SetMCSF] => MCSF = 0.65, MCSF_err = 0.06
[AnalysisInputs::SetMCSF] sample : WZTo3LNu_powheg
[AnalysisInputs::SetMCSF] => MCSF = 1.05246, MCSF_err = 0.0646733
[AnalysisInputs::SetMCSF] sample : ZGto2LG
[AnalysisInputs::SetMCSF] => MCSF = 1.09801, MCSF_err = 0.0750731
[AnalysisInputs::SetMCSF] sample : ZZTo4L_powheg
[AnalysisInputs::SetMCSF] => MCSF = 0.978683, MCSF_err = 0.0790547
[AnalysisInputs::SetMCSF] sample : ggZZto2e2mu
[AnalysisInputs::SetMCSF] => MCSF = 0.978683, MCSF_err = 0.0790547
[AnalysisInputs::SetMCSF] sample : ggZZto2e2nu
[AnalysisInputs::SetMCSF] => MCSF = 0.978683, MCSF_err = 0.0790547
[AnalysisInputs::SetMCSF] sample : ggZZto2e2tau
[AnalysisInputs::SetMCSF] => MCSF = 0.978683, MCSF_err = 0.0790547
[AnalysisInputs::SetMCSF] sample : ggZZto2mu2nu
[AnalysisInputs::SetMCSF] => MCSF = 0.978683, MCSF_err = 0.0790547
[AnalysisInputs::SetMCSF] sample : ggZZto2mu2tau
[AnalysisInputs::SetMCSF] => MCSF = 0.978683, MCSF_err = 0.0790547
[AnalysisInputs::SetMCSF] sample : ggZZto4e
[AnalysisInputs::SetMCSF] => MCSF = 0.978683, MCSF_err = 0.0790547
[AnalysisInputs::SetMCSF] sample : ggZZto4mu
[AnalysisInputs::SetMCSF] => MCSF = 0.978683, MCSF_err = 0.0790547
[AnalysisInputs::SetMCSF] sample : ggZZto4tau
[AnalysisInputs::SetMCSF] => MCSF = 0.978683, MCSF_err = 0.0790547
[AnalysisInputs::SetMCSF] sample : ggHtoZZ
[AnalysisInputs::SetMCSF] => MCSF = 0.978683, MCSF_err = 0.0790547
[AnalysisInputs::SetCalculatedSysts] Get Systematics from /data8/Users/jskim/HN_dilepton_plotter/data/v8-0-7.37/Syst.txt
[AnalysisInputs::SetCalculatedSysts] source : Luminosity
[AnalysisInputs::SetCalculatedSysts] => % sysematic = 0.025
[AnalysisInputs::SetCalculatedSysts] source : FakeLooseID
[AnalysisInputs::SetCalculatedSysts] => % sysematic = 0.3
[AnalysisInputs::SetCalculatedSysts] source : ChrageFlipSyst
[AnalysisInputs::SetCalculatedSysts] => % sysematic = 0.23
[CutRangeInfo::ReadCutCard] Get Cutcard from /data8/Users/jskim/HN_dilepton_plotter/data/v8-0-7.37/CutOpCard/RunDirectory/Cards_ElEl_Bin2/HNElEl_150.txt
Central	1.40563	0.144829	0.0813599
_MuonEn_up	1.40108	0.144829	0.0813599
_MuonEn_down	1.40721	0.144829	0.0813599
_MuonIDSF_up	1.41015	0.144829	0.0813599
_MuonIDSF_down	1.40234	0.144829	0.0813599
_ElectronEn_up	1.40618	0.144829	0.0813599
_ElectronEn_down	0.912786	0.144829	0.0813599
_ElectronIDSF_up	1.46048	0.144829	0.0813599
_ElectronIDSF_down	1.34842	0.144829	0.0813599
_TriggerSF_up	1.44464	0.144829	0.0813599
_TriggerSF_down	1.31631	0.144829	0.0813599
_PU_up	1.4507	0.144829	0.0813599
_PU_down	1.3606	0.144829	0.0813599
_JetEn_up	0.952364	0.144829	0.0813599
_JetEn_down	1.10227	0.144829	0.0813599
_JetRes_up	1.40109	0.144829	0.0813599
_JetRes_down	1.26404	0.144829	0.0813599
_Unclustered_up	1.25877	0.144829	0.0813599
_Unclustered_down	0.947508	0.144829	0.0813599
_BTagSFEff_up	0.982977	0.144829	0.0813599
_BTagSFEff_down	1.40168	0.144829	0.0813599
_BTagSFMiss_up	1.40234	0.144829	0.0813599
_BTagSFMiss_down	1.404	0.144829	0.0813599
_JetMass_up	1.41629	0.144829	0.0813599
_JetMass_down	1.39965	0.144829	0.0813599
_JetMassRes_up	1.40787	0.144829	0.0813599
_JetMassRes_down	1.41317	0.144829	0.0813599
_Tau21_up	1.50707	0.144829	0.0813599
_Tau21_down	1.29394	0.144829	0.0813599

################ Sources ################
Source	SystTotal	SystPrompt	SystFake	Signal
Stat 32.02 33.99  145.99  17.14  10.67
Lumi 2.15  2.50 -  -  2.50
PDF  -  -  -  -  2.36
MuonPt  0.21 0.24  -  -  0.30
MuonID  0.24 0.28  -  -  0.00
ElectronE  21.36 24.79  -  -  1.81
ElectronID  3.43 3.99  -  -  2.00
Trigger  4.22 4.90  -  -  2.21
PU  2.76 3.20  -  -  3.64
JES  23.63 27.44  -  -  1.44
JER  6.14 7.13  -  -  1.72
Uncl  20.85 24.20  -  -  0.28
BEff  18.32 21.26  -  -  1.23
BMiss  0.16 0.18  -  -  0.00
JMS  0.53 0.61  -  -  0.00
JMR  0.34 0.40  -  -  1.30
Tau21  6.54 7.59  -  -  8.31
MCNorm 9.21  10.69 -  -  -
Fake 2.66  -  30.00 - -
CF 1.15  -  -  23.00 -
Total Systematic 44.72 51.82  30.00  23.00  10.71

Total Background	1.632
- Prompt	1.406
- Fake	0.145
- CF	0.081

####### Result #######
Signal Eff	0.002083
1.631816 1.550152
0.784028 1.151189
