
Processing HNMuMu_80.C...
[AnalysisInputs::SetMCSF] Get MC SF from /home/jskim/Documents/trilepton_13TeV/DiLepton/data/v8-0-7.31/MCSF.txt
[AnalysisInputs::SetMCSF] sample : VVV
[AnalysisInputs::SetMCSF] => MCSF = 1, MCSF_err = 0.5
[AnalysisInputs::SetMCSF] sample : WWW
[AnalysisInputs::SetMCSF] => MCSF = 1, MCSF_err = 0.5
[AnalysisInputs::SetMCSF] sample : WWZ
[AnalysisInputs::SetMCSF] => MCSF = 1, MCSF_err = 0.5
[AnalysisInputs::SetMCSF] sample : WZZ
[AnalysisInputs::SetMCSF] => MCSF = 1, MCSF_err = 0.5
[AnalysisInputs::SetMCSF] sample : ZZZ
[AnalysisInputs::SetMCSF] => MCSF = 1, MCSF_err = 0.5
[AnalysisInputs::SetMCSF] sample : ttV
[AnalysisInputs::SetMCSF] => MCSF = 1, MCSF_err = 0.5
[AnalysisInputs::SetMCSF] sample : ttW
[AnalysisInputs::SetMCSF] => MCSF = 1, MCSF_err = 0.5
[AnalysisInputs::SetMCSF] sample : ttZ
[AnalysisInputs::SetMCSF] => MCSF = 1, MCSF_err = 0.5
[AnalysisInputs::SetMCSF] sample : ttH_nonbb
[AnalysisInputs::SetMCSF] => MCSF = 1, MCSF_err = 0.5
[AnalysisInputs::SetMCSF] sample : top
[AnalysisInputs::SetMCSF] => MCSF = 1, MCSF_err = 0.5
[AnalysisInputs::SetMCSF] sample : WZTo3LNu_powheg
[AnalysisInputs::SetMCSF] => MCSF = 0.976142, MCSF_err = 0.0636323
[AnalysisInputs::SetMCSF] sample : ZGto2LG
[AnalysisInputs::SetMCSF] => MCSF = 0.825569, MCSF_err = 0.161879
[AnalysisInputs::SetMCSF] sample : ZZTo4L_powheg
[AnalysisInputs::SetMCSF] => MCSF = 0.922493, MCSF_err = 0.0870635
[AnalysisInputs::SetMCSF] sample : ggZZto2e2mu
[AnalysisInputs::SetMCSF] => MCSF = 0.922493, MCSF_err = 0.0870635
[AnalysisInputs::SetMCSF] sample : ggZZto2e2nu
[AnalysisInputs::SetMCSF] => MCSF = 0.922493, MCSF_err = 0.0870635
[AnalysisInputs::SetMCSF] sample : ggZZto2e2tau
[AnalysisInputs::SetMCSF] => MCSF = 0.922493, MCSF_err = 0.0870635
[AnalysisInputs::SetMCSF] sample : ggZZto2mu2nu
[AnalysisInputs::SetMCSF] => MCSF = 0.922493, MCSF_err = 0.0870635
[AnalysisInputs::SetMCSF] sample : ggZZto2mu2tau
[AnalysisInputs::SetMCSF] => MCSF = 0.922493, MCSF_err = 0.0870635
[AnalysisInputs::SetMCSF] sample : ggZZto4e
[AnalysisInputs::SetMCSF] => MCSF = 0.922493, MCSF_err = 0.0870635
[AnalysisInputs::SetMCSF] sample : ggZZto4mu
[AnalysisInputs::SetMCSF] => MCSF = 0.922493, MCSF_err = 0.0870635
[AnalysisInputs::SetMCSF] sample : ggZZto4tau
[AnalysisInputs::SetMCSF] => MCSF = 0.922493, MCSF_err = 0.0870635
[AnalysisInputs::SetCalculatedSysts] Get Systematics from /home/jskim/Documents/trilepton_13TeV/DiLepton/data/v8-0-7.31/Syst.txt
[AnalysisInputs::SetCalculatedSysts] source : Luminosity
[AnalysisInputs::SetCalculatedSysts] => % sysematic = 0.025
[AnalysisInputs::SetCalculatedSysts] source : FakeLooseID
[AnalysisInputs::SetCalculatedSysts] => % sysematic = 0.3
[AnalysisInputs::SetCalculatedSysts] source : ChrageFlipSyst
[AnalysisInputs::SetCalculatedSysts] => % sysematic = 0.21
[CutRangeInfo::ReadCutCard] Get Cutcard from /home/jskim/Documents/trilepton_13TeV/DiLepton/data/v8-0-7.31/CutOpCard/OPTIMIZED_171017_MuMu_LowMass_MinSecondPtAdded/HNMuMu_80.txt
Central	9.93842	12.6865	0
_MuonEn_up	10.1298	12.6865	0
_MuonEn_down	10.0819	12.6865	0
_MuonIDSF_up	9.92628	12.6865	0
_MuonIDSF_down	9.94524	12.6865	0
_ElectronEn_up	10.073	12.6865	0
_ElectronEn_down	9.84779	12.6865	0
_ElectronIDSF_up	9.88664	12.6865	0
_ElectronIDSF_down	9.92615	12.6865	0
_TriggerSF_up	9.94249	12.6865	0
_TriggerSF_down	9.91327	12.6865	0
_PU_up	10.0078	12.6865	0
_PU_down	9.93986	12.6865	0
_JetEn_up	10.2002	12.6865	0
_JetEn_down	10.4106	12.6865	0
_JetRes_up	10.5109	12.6865	0
_JetRes_down	11.9521	12.6865	0
_Unclustered_up	9.52335	12.6865	0
_Unclustered_down	8.92812	12.6865	0
_BTagSFEff_up	9.7612	12.6865	0
_BTagSFEff_down	9.92283	12.6865	0
_BTagSFMiss_up	10.0961	12.6865	0
_BTagSFMiss_down	10.0156	12.6865	0

################ Sources ################
Source	SystTotal	SystPrompt	SystFake	Signal
Lumi	1.10	2.50	0.00	2.50
PDF	0.00	0.00	0.00	7.98
Muon Energy Scale	0.75	1.70	0.00	0.06
Muon ID	0.04	0.10	0.00	0.31
Electron Energy Scale	0.51	1.15	0.00	0.11
Electron ID	0.17	0.38	0.00	0.70
Trigger SF	0.08	0.18	0.00	0.60
PU	0.22	0.49	0.00	0.21
Jet Energy Scale	1.69	3.84	0.00	4.72
Jet Energy Resolution	6.54	14.90	0.00	3.89
Unclustered Energy	3.41	7.77	0.00	2.79
B-tagging Eff	0.56	1.27	0.00	0.76
B-taggin Miss	0.55	1.25	0.00	0.19
MCNorm	1.16	2.63	0.00	0.00
Fake	16.82	0.00	30.00	0.00
Total Systematic	18.56	17.83	30.00	10.80

Total Background	22.62
- Prompt	9.94
- Fake	12.69
- CF	0.00

####### Result #######
22.62 1.230
440.581 1.116
