
Processing HNMuMu_60.C...
[AnalysisInputs::SetMCSF] Get MC SF from /home/jskim/Documents/trilepton_13TeV/DiLepton/data/v8-0-7.31/MCSF.txt
[AnalysisInputs::SetMCSF] sample : VVV
[AnalysisInputs::SetMCSF] => MCSF = 1, MCSF_err = 0.5
[AnalysisInputs::SetMCSF] sample : WWW
[AnalysisInputs::SetMCSF] => MCSF = 1, MCSF_err = 0.5
[AnalysisInputs::SetMCSF] sample : WWZ
[AnalysisInputs::SetMCSF] => MCSF = 1, MCSF_err = 0.5
[AnalysisInputs::SetMCSF] sample : WZZ
[AnalysisInputs::SetMCSF] => MCSF = 1, MCSF_err = 0.5
[AnalysisInputs::SetMCSF] sample : ZZZ
[AnalysisInputs::SetMCSF] => MCSF = 1, MCSF_err = 0.5
[AnalysisInputs::SetMCSF] sample : ttV
[AnalysisInputs::SetMCSF] => MCSF = 1, MCSF_err = 0.5
[AnalysisInputs::SetMCSF] sample : ttW
[AnalysisInputs::SetMCSF] => MCSF = 1, MCSF_err = 0.5
[AnalysisInputs::SetMCSF] sample : ttZ
[AnalysisInputs::SetMCSF] => MCSF = 1, MCSF_err = 0.5
[AnalysisInputs::SetMCSF] sample : ttH_nonbb
[AnalysisInputs::SetMCSF] => MCSF = 1, MCSF_err = 0.5
[AnalysisInputs::SetMCSF] sample : top
[AnalysisInputs::SetMCSF] => MCSF = 1, MCSF_err = 0.5
[AnalysisInputs::SetMCSF] sample : WZTo3LNu_powheg
[AnalysisInputs::SetMCSF] => MCSF = 0.976142, MCSF_err = 0.0636323
[AnalysisInputs::SetMCSF] sample : ZGto2LG
[AnalysisInputs::SetMCSF] => MCSF = 0.825569, MCSF_err = 0.161879
[AnalysisInputs::SetMCSF] sample : ZZTo4L_powheg
[AnalysisInputs::SetMCSF] => MCSF = 0.922493, MCSF_err = 0.0870635
[AnalysisInputs::SetMCSF] sample : ggZZto2e2mu
[AnalysisInputs::SetMCSF] => MCSF = 0.922493, MCSF_err = 0.0870635
[AnalysisInputs::SetMCSF] sample : ggZZto2e2nu
[AnalysisInputs::SetMCSF] => MCSF = 0.922493, MCSF_err = 0.0870635
[AnalysisInputs::SetMCSF] sample : ggZZto2e2tau
[AnalysisInputs::SetMCSF] => MCSF = 0.922493, MCSF_err = 0.0870635
[AnalysisInputs::SetMCSF] sample : ggZZto2mu2nu
[AnalysisInputs::SetMCSF] => MCSF = 0.922493, MCSF_err = 0.0870635
[AnalysisInputs::SetMCSF] sample : ggZZto2mu2tau
[AnalysisInputs::SetMCSF] => MCSF = 0.922493, MCSF_err = 0.0870635
[AnalysisInputs::SetMCSF] sample : ggZZto4e
[AnalysisInputs::SetMCSF] => MCSF = 0.922493, MCSF_err = 0.0870635
[AnalysisInputs::SetMCSF] sample : ggZZto4mu
[AnalysisInputs::SetMCSF] => MCSF = 0.922493, MCSF_err = 0.0870635
[AnalysisInputs::SetMCSF] sample : ggZZto4tau
[AnalysisInputs::SetMCSF] => MCSF = 0.922493, MCSF_err = 0.0870635
[AnalysisInputs::SetCalculatedSysts] Get Systematics from /home/jskim/Documents/trilepton_13TeV/DiLepton/data/v8-0-7.31/Syst.txt
[AnalysisInputs::SetCalculatedSysts] source : Luminosity
[AnalysisInputs::SetCalculatedSysts] => % sysematic = 0.025
[AnalysisInputs::SetCalculatedSysts] source : FakeLooseID
[AnalysisInputs::SetCalculatedSysts] => % sysematic = 0.3
[AnalysisInputs::SetCalculatedSysts] source : ChrageFlipSyst
[AnalysisInputs::SetCalculatedSysts] => % sysematic = 0.21
[CutRangeInfo::ReadCutCard] Get Cutcard from /home/jskim/Documents/trilepton_13TeV/DiLepton/data/v8-0-7.31/CutOpCard/OPTIMIZED_171017_MuMu_LowMass_MinSecondPtAdded/HNMuMu_60.txt
Central	2.68555	8.16461	0
_MuonEn_up	2.74893	8.16461	0
_MuonEn_down	2.7598	8.16461	0
_MuonIDSF_up	2.60537	8.16461	0
_MuonIDSF_down	2.75611	8.16461	0
_ElectronEn_up	2.83429	8.16461	0
_ElectronEn_down	2.67628	8.16461	0
_ElectronIDSF_up	2.67715	8.16461	0
_ElectronIDSF_down	2.67427	8.16461	0
_TriggerSF_up	2.68279	8.16461	0
_TriggerSF_down	2.67255	8.16461	0
_PU_up	2.7548	8.16461	0
_PU_down	2.67625	8.16461	0
_JetEn_up	2.70422	8.16461	0
_JetEn_down	2.64388	8.16461	0
_JetRes_up	3.24532	8.16461	0
_JetRes_down	3.35104	8.16461	0
_Unclustered_up	2.95177	8.16461	0
_Unclustered_down	2.66314	8.16461	0
_BTagSFEff_up	2.52307	8.16461	0
_BTagSFEff_down	2.67967	8.16461	0
_BTagSFMiss_up	2.75813	8.16461	0
_BTagSFMiss_down	2.75668	8.16461	0

################ Sources ################
Source	SystTotal	SystPrompt	SystFake	Signal
Lumi	0.62	2.50	0.00	2.50
PDF	0.00	0.00	0.00	7.98
Muon Energy Scale	0.64	2.57	0.00	0.36
Muon ID	0.70	2.81	0.00	0.76
Electron Energy Scale	0.97	3.92	0.00	0.70
Electron ID	0.09	0.37	0.00	1.30
Trigger SF	0.09	0.35	0.00	0.64
PU	0.46	1.84	0.00	0.58
Jet Energy Scale	0.30	1.20	0.00	11.19
Jet Energy Resolution	5.67	22.90	0.00	16.30
Unclustered Energy	1.74	7.03	0.00	4.02
B-tagging Eff	1.06	4.28	0.00	0.92
B-taggin Miss	0.66	2.68	0.00	1.46
MCNorm	0.80	3.22	0.00	0.00
Fake	22.57	0.00	30.00	0.00
Total Systematic	23.44	25.51	30.00	21.99

Total Background	10.85
- Prompt	2.69
- Fake	8.16
- CF	0.00

####### Result #######
10.85 1.266
1329.788 1.228
