
Processing HNMuMu_40.C...
[AnalysisInputs::SetMCSF] Get MC SF from /home/jskim/Documents/trilepton_13TeV/DiLepton/data/v8-0-7.31/MCSF.txt
[AnalysisInputs::SetMCSF] sample : VVV
[AnalysisInputs::SetMCSF] => MCSF = 1, MCSF_err = 0.5
[AnalysisInputs::SetMCSF] sample : WWW
[AnalysisInputs::SetMCSF] => MCSF = 1, MCSF_err = 0.5
[AnalysisInputs::SetMCSF] sample : WWZ
[AnalysisInputs::SetMCSF] => MCSF = 1, MCSF_err = 0.5
[AnalysisInputs::SetMCSF] sample : WZZ
[AnalysisInputs::SetMCSF] => MCSF = 1, MCSF_err = 0.5
[AnalysisInputs::SetMCSF] sample : ZZZ
[AnalysisInputs::SetMCSF] => MCSF = 1, MCSF_err = 0.5
[AnalysisInputs::SetMCSF] sample : ttV
[AnalysisInputs::SetMCSF] => MCSF = 1, MCSF_err = 0.5
[AnalysisInputs::SetMCSF] sample : ttW
[AnalysisInputs::SetMCSF] => MCSF = 1, MCSF_err = 0.5
[AnalysisInputs::SetMCSF] sample : ttZ
[AnalysisInputs::SetMCSF] => MCSF = 1, MCSF_err = 0.5
[AnalysisInputs::SetMCSF] sample : ttH_nonbb
[AnalysisInputs::SetMCSF] => MCSF = 1, MCSF_err = 0.5
[AnalysisInputs::SetMCSF] sample : top
[AnalysisInputs::SetMCSF] => MCSF = 1, MCSF_err = 0.5
[AnalysisInputs::SetMCSF] sample : WZTo3LNu_powheg
[AnalysisInputs::SetMCSF] => MCSF = 0.976142, MCSF_err = 0.0636323
[AnalysisInputs::SetMCSF] sample : ZGto2LG
[AnalysisInputs::SetMCSF] => MCSF = 0.825569, MCSF_err = 0.161879
[AnalysisInputs::SetMCSF] sample : ZZTo4L_powheg
[AnalysisInputs::SetMCSF] => MCSF = 0.922493, MCSF_err = 0.0870635
[AnalysisInputs::SetMCSF] sample : ggZZto2e2mu
[AnalysisInputs::SetMCSF] => MCSF = 0.922493, MCSF_err = 0.0870635
[AnalysisInputs::SetMCSF] sample : ggZZto2e2nu
[AnalysisInputs::SetMCSF] => MCSF = 0.922493, MCSF_err = 0.0870635
[AnalysisInputs::SetMCSF] sample : ggZZto2e2tau
[AnalysisInputs::SetMCSF] => MCSF = 0.922493, MCSF_err = 0.0870635
[AnalysisInputs::SetMCSF] sample : ggZZto2mu2nu
[AnalysisInputs::SetMCSF] => MCSF = 0.922493, MCSF_err = 0.0870635
[AnalysisInputs::SetMCSF] sample : ggZZto2mu2tau
[AnalysisInputs::SetMCSF] => MCSF = 0.922493, MCSF_err = 0.0870635
[AnalysisInputs::SetMCSF] sample : ggZZto4e
[AnalysisInputs::SetMCSF] => MCSF = 0.922493, MCSF_err = 0.0870635
[AnalysisInputs::SetMCSF] sample : ggZZto4mu
[AnalysisInputs::SetMCSF] => MCSF = 0.922493, MCSF_err = 0.0870635
[AnalysisInputs::SetMCSF] sample : ggZZto4tau
[AnalysisInputs::SetMCSF] => MCSF = 0.922493, MCSF_err = 0.0870635
[AnalysisInputs::SetCalculatedSysts] Get Systematics from /home/jskim/Documents/trilepton_13TeV/DiLepton/data/v8-0-7.31/Syst.txt
[AnalysisInputs::SetCalculatedSysts] source : Luminosity
[AnalysisInputs::SetCalculatedSysts] => % sysematic = 0.025
[AnalysisInputs::SetCalculatedSysts] source : FakeLooseID
[AnalysisInputs::SetCalculatedSysts] => % sysematic = 0.3
[AnalysisInputs::SetCalculatedSysts] source : ChrageFlipSyst
[AnalysisInputs::SetCalculatedSysts] => % sysematic = 0.21
[CutRangeInfo::ReadCutCard] Get Cutcard from /home/jskim/Documents/trilepton_13TeV/DiLepton/data/v8-0-7.31/CutOpCard/OPTIMIZED_171017_MuMu_LowMass_MinSecondPtAdded/HNMuMu_40.txt
Central	4.94878	5.28252	0
_MuonEn_up	4.94226	5.28252	0
_MuonEn_down	4.97029	5.28252	0
_MuonIDSF_up	4.87849	5.28252	0
_MuonIDSF_down	5.02867	5.28252	0
_ElectronEn_up	4.95516	5.28252	0
_ElectronEn_down	4.95551	5.28252	0
_ElectronIDSF_up	4.9489	5.28252	0
_ElectronIDSF_down	4.94571	5.28252	0
_TriggerSF_up	4.94804	5.28252	0
_TriggerSF_down	4.93916	5.28252	0
_PU_up	4.96228	5.28252	0
_PU_down	4.9627	5.28252	0
_JetEn_up	4.54067	5.28252	0
_JetEn_down	5.10979	5.28252	0
_JetRes_up	5.54415	5.28252	0
_JetRes_down	5.42829	5.28252	0
_Unclustered_up	4.10354	5.28252	0
_Unclustered_down	5.69086	5.28252	0
_BTagSFEff_up	4.9477	5.28252	0
_BTagSFEff_down	4.95516	5.28252	0
_BTagSFMiss_up	4.94892	5.28252	0
_BTagSFMiss_down	4.95901	5.28252	0

################ Sources ################
Source	SystTotal	SystPrompt	SystFake	Signal
Lumi	1.21	2.50	0.00	2.50
PDF	0.00	0.00	0.00	7.98
Muon Energy Scale	0.16	0.32	0.00	0.62
Muon ID	0.74	1.52	0.00	0.40
Electron Energy Scale	0.06	0.13	0.00	0.04
Electron ID	0.02	0.04	0.00	0.95
Trigger SF	0.07	0.14	0.00	0.79
PU	0.13	0.28	0.00	0.57
Jet Energy Scale	3.03	6.27	0.00	13.92
Jet Energy Resolution	5.28	10.92	0.00	19.87
Unclustered Energy	7.77	16.07	0.00	1.95
B-tagging Eff	0.04	0.09	0.00	0.22
B-taggin Miss	0.07	0.15	0.00	0.93
MCNorm	1.10	2.27	0.00	0.00
Fake	15.49	0.00	30.00	0.00
Total Systematic	18.46	20.76	30.00	25.80

Total Background	10.23
- Prompt	4.95
- Fake	5.28
- CF	0.00

####### Result #######
10.23 1.255
2930.401 1.266
