
Processing HNMuMu_70.C...
[AnalysisInputs::SetMCSF] Get MC SF from /home/jskim/Documents/trilepton_13TeV/DiLepton/data/v8-0-7.31/MCSF.txt
[AnalysisInputs::SetMCSF] sample : VVV
[AnalysisInputs::SetMCSF] => MCSF = 1, MCSF_err = 0.5
[AnalysisInputs::SetMCSF] sample : WWW
[AnalysisInputs::SetMCSF] => MCSF = 1, MCSF_err = 0.5
[AnalysisInputs::SetMCSF] sample : WWZ
[AnalysisInputs::SetMCSF] => MCSF = 1, MCSF_err = 0.5
[AnalysisInputs::SetMCSF] sample : WZZ
[AnalysisInputs::SetMCSF] => MCSF = 1, MCSF_err = 0.5
[AnalysisInputs::SetMCSF] sample : ZZZ
[AnalysisInputs::SetMCSF] => MCSF = 1, MCSF_err = 0.5
[AnalysisInputs::SetMCSF] sample : ttV
[AnalysisInputs::SetMCSF] => MCSF = 1, MCSF_err = 0.5
[AnalysisInputs::SetMCSF] sample : ttW
[AnalysisInputs::SetMCSF] => MCSF = 1, MCSF_err = 0.5
[AnalysisInputs::SetMCSF] sample : ttZ
[AnalysisInputs::SetMCSF] => MCSF = 1, MCSF_err = 0.5
[AnalysisInputs::SetMCSF] sample : ttH_nonbb
[AnalysisInputs::SetMCSF] => MCSF = 1, MCSF_err = 0.5
[AnalysisInputs::SetMCSF] sample : top
[AnalysisInputs::SetMCSF] => MCSF = 1, MCSF_err = 0.5
[AnalysisInputs::SetMCSF] sample : WZTo3LNu_powheg
[AnalysisInputs::SetMCSF] => MCSF = 0.976142, MCSF_err = 0.0636323
[AnalysisInputs::SetMCSF] sample : ZGto2LG
[AnalysisInputs::SetMCSF] => MCSF = 0.825569, MCSF_err = 0.161879
[AnalysisInputs::SetMCSF] sample : ZZTo4L_powheg
[AnalysisInputs::SetMCSF] => MCSF = 0.922493, MCSF_err = 0.0870635
[AnalysisInputs::SetMCSF] sample : ggZZto2e2mu
[AnalysisInputs::SetMCSF] => MCSF = 0.922493, MCSF_err = 0.0870635
[AnalysisInputs::SetMCSF] sample : ggZZto2e2nu
[AnalysisInputs::SetMCSF] => MCSF = 0.922493, MCSF_err = 0.0870635
[AnalysisInputs::SetMCSF] sample : ggZZto2e2tau
[AnalysisInputs::SetMCSF] => MCSF = 0.922493, MCSF_err = 0.0870635
[AnalysisInputs::SetMCSF] sample : ggZZto2mu2nu
[AnalysisInputs::SetMCSF] => MCSF = 0.922493, MCSF_err = 0.0870635
[AnalysisInputs::SetMCSF] sample : ggZZto2mu2tau
[AnalysisInputs::SetMCSF] => MCSF = 0.922493, MCSF_err = 0.0870635
[AnalysisInputs::SetMCSF] sample : ggZZto4e
[AnalysisInputs::SetMCSF] => MCSF = 0.922493, MCSF_err = 0.0870635
[AnalysisInputs::SetMCSF] sample : ggZZto4mu
[AnalysisInputs::SetMCSF] => MCSF = 0.922493, MCSF_err = 0.0870635
[AnalysisInputs::SetMCSF] sample : ggZZto4tau
[AnalysisInputs::SetMCSF] => MCSF = 0.922493, MCSF_err = 0.0870635
[AnalysisInputs::SetCalculatedSysts] Get Systematics from /home/jskim/Documents/trilepton_13TeV/DiLepton/data/v8-0-7.31/Syst.txt
[AnalysisInputs::SetCalculatedSysts] source : Luminosity
[AnalysisInputs::SetCalculatedSysts] => % sysematic = 0.025
[AnalysisInputs::SetCalculatedSysts] source : FakeLooseID
[AnalysisInputs::SetCalculatedSysts] => % sysematic = 0.3
[AnalysisInputs::SetCalculatedSysts] source : ChrageFlipSyst
[AnalysisInputs::SetCalculatedSysts] => % sysematic = 0.21
[CutRangeInfo::ReadCutCard] Get Cutcard from /home/jskim/Documents/trilepton_13TeV/DiLepton/data/v8-0-7.31/CutOpCard/OPTIMIZED_171017_MuMu_LowMass_MinSecondPtAdded/HNMuMu_70.txt
Central	1.98043	11.8806	0
_MuonEn_up	2.04691	11.8806	0
_MuonEn_down	2.04822	11.8806	0
_MuonIDSF_up	1.90335	11.8806	0
_MuonIDSF_down	1.9774	11.8806	0
_ElectronEn_up	2.12875	11.8806	0
_ElectronEn_down	1.97073	11.8806	0
_ElectronIDSF_up	1.97513	11.8806	0
_ElectronIDSF_down	1.98067	11.8806	0
_TriggerSF_up	1.98022	11.8806	0
_TriggerSF_down	1.97053	11.8806	0
_PU_up	2.04977	11.8806	0
_PU_down	1.97423	11.8806	0
_JetEn_up	2.89042	11.8806	0
_JetEn_down	2.56972	11.8806	0
_JetRes_up	3.03349	11.8806	0
_JetRes_down	3.55467	11.8806	0
_Unclustered_up	2.47027	11.8806	0
_Unclustered_down	2.18941	11.8806	0
_BTagSFEff_up	1.89846	11.8806	0
_BTagSFEff_down	1.97717	11.8806	0
_BTagSFMiss_up	2.05611	11.8806	0
_BTagSFMiss_down	2.05466	11.8806	0

################ Sources ################
Source	SystTotal	SystPrompt	SystFake	Signal
Lumi	0.36	2.50	0.00	2.50
PDF	0.00	0.00	0.00	7.98
Muon Energy Scale	0.48	3.39	0.00	0.53
Muon ID	0.39	2.75	0.00	0.35
Electron Energy Scale	0.76	5.31	0.00	0.54
Electron ID	0.03	0.19	0.00	0.85
Trigger SF	0.05	0.35	0.00	0.42
PU	0.36	2.49	0.00	0.13
Jet Energy Scale	5.53	38.71	0.00	3.16
Jet Energy Resolution	9.66	67.62	0.00	12.43
Unclustered Energy	2.72	19.01	0.00	3.86
B-tagging Eff	0.42	2.93	0.00	0.36
B-taggin Miss	0.54	3.79	0.00	0.35
MCNorm	0.44	3.10	0.00	0.00
Fake	25.71	0.00	30.00	0.00
Total Systematic	28.19	80.78	30.00	15.85

Total Background	13.86
- Prompt	1.98
- Fake	11.88
- CF	0.00

####### Result #######
13.86 1.303
208.360 1.179
