
Processing Bin2_HNElEl_1100.C...
[AnalysisInputs::SetMCSF] Get MC SF from /home/jskim/Documents/trilepton_13TeV/DiLepton/data/v8-0-7.36/MCSF.txt
[AnalysisInputs::SetMCSF] sample : VVV
[AnalysisInputs::SetMCSF] => MCSF = 1, MCSF_err = 0.5
[AnalysisInputs::SetMCSF] sample : WWW
[AnalysisInputs::SetMCSF] => MCSF = 1, MCSF_err = 0.5
[AnalysisInputs::SetMCSF] sample : WWZ
[AnalysisInputs::SetMCSF] => MCSF = 1, MCSF_err = 0.5
[AnalysisInputs::SetMCSF] sample : WZZ
[AnalysisInputs::SetMCSF] => MCSF = 1, MCSF_err = 0.5
[AnalysisInputs::SetMCSF] sample : ZZZ
[AnalysisInputs::SetMCSF] => MCSF = 1, MCSF_err = 0.5
[AnalysisInputs::SetMCSF] sample : ttV
[AnalysisInputs::SetMCSF] => MCSF = 1, MCSF_err = 0.5
[AnalysisInputs::SetMCSF] sample : ttW
[AnalysisInputs::SetMCSF] => MCSF = 1, MCSF_err = 0.5
[AnalysisInputs::SetMCSF] sample : ttZ
[AnalysisInputs::SetMCSF] => MCSF = 1, MCSF_err = 0.5
[AnalysisInputs::SetMCSF] sample : ttH_nonbb
[AnalysisInputs::SetMCSF] => MCSF = 1, MCSF_err = 0.5
[AnalysisInputs::SetMCSF] sample : top
[AnalysisInputs::SetMCSF] => MCSF = 1, MCSF_err = 0.5
[AnalysisInputs::SetMCSF] sample : WZTo3LNu_powheg
[AnalysisInputs::SetMCSF] => MCSF = 1.00165, MCSF_err = 0.0888561
[AnalysisInputs::SetMCSF] sample : ZGto2LG
[AnalysisInputs::SetMCSF] => MCSF = 0.794861, MCSF_err = 0.155181
[AnalysisInputs::SetMCSF] sample : ZZTo4L_powheg
[AnalysisInputs::SetMCSF] => MCSF = 0.926685, MCSF_err = 0.102827
[AnalysisInputs::SetMCSF] sample : ggZZto2e2mu
[AnalysisInputs::SetMCSF] => MCSF = 0.926685, MCSF_err = 0.102827
[AnalysisInputs::SetMCSF] sample : ggZZto2e2nu
[AnalysisInputs::SetMCSF] => MCSF = 0.926685, MCSF_err = 0.102827
[AnalysisInputs::SetMCSF] sample : ggZZto2e2tau
[AnalysisInputs::SetMCSF] => MCSF = 0.926685, MCSF_err = 0.102827
[AnalysisInputs::SetMCSF] sample : ggZZto2mu2nu
[AnalysisInputs::SetMCSF] => MCSF = 0.926685, MCSF_err = 0.102827
[AnalysisInputs::SetMCSF] sample : ggZZto2mu2tau
[AnalysisInputs::SetMCSF] => MCSF = 0.926685, MCSF_err = 0.102827
[AnalysisInputs::SetMCSF] sample : ggZZto4e
[AnalysisInputs::SetMCSF] => MCSF = 0.926685, MCSF_err = 0.102827
[AnalysisInputs::SetMCSF] sample : ggZZto4mu
[AnalysisInputs::SetMCSF] => MCSF = 0.926685, MCSF_err = 0.102827
[AnalysisInputs::SetMCSF] sample : ggZZto4tau
[AnalysisInputs::SetMCSF] => MCSF = 0.926685, MCSF_err = 0.102827
[AnalysisInputs::SetCalculatedSysts] Get Systematics from /home/jskim/Documents/trilepton_13TeV/DiLepton/data/v8-0-7.36/Syst.txt
[AnalysisInputs::SetCalculatedSysts] source : Luminosity
[AnalysisInputs::SetCalculatedSysts] => % sysematic = 0.025
[AnalysisInputs::SetCalculatedSysts] source : FakeLooseID
[AnalysisInputs::SetCalculatedSysts] => % sysematic = 0.3
[AnalysisInputs::SetCalculatedSysts] source : ChrageFlipSyst
[AnalysisInputs::SetCalculatedSysts] => % sysematic = 0.21
[CutRangeInfo::ReadCutCard] Get Cutcard from /home/jskim/Documents/trilepton_13TeV/DiLepton/data/v8-0-7.36/CutOpCard/OPTIMIZED_171108_ElEl_HighMass_Bin2/HNElEl_1100.txt
prompt_tau21_syst = 0.0116824
signal_tau21_syst = 0.00151793
Central	0.162094	0.0748338	0.038456
_MuonEn_up	0.161747	0.0748338	0.038456
_MuonEn_down	0.162755	0.0748338	0.038456
_MuonIDSF_up	0.164503	0.0748338	0.038456
_MuonIDSF_down	0.161747	0.0748338	0.038456
_ElectronEn_up	0.157314	0.0748338	0.038456
_ElectronEn_down	0.158403	0.0748338	0.038456
_ElectronIDSF_up	0.167805	0.0748338	0.038456
_ElectronIDSF_down	0.161233	0.0748338	0.038456
_TriggerSF_up	0.161747	0.0748338	0.038456
_TriggerSF_down	0.163676	0.0748338	0.038456
_PU_up	0.175337	0.0748338	0.038456
_PU_down	0.146932	0.0748338	0.038456
_JetEn_up	0.161239	0.0748338	0.038456
_JetEn_down	0.157072	0.0748338	0.038456
_JetRes_up	0.164526	0.0748338	0.038456
_JetRes_down	0.1594	0.0748338	0.038456
_Unclustered_up	0.161747	0.0748338	0.038456
_Unclustered_down	0.158232	0.0748338	0.038456
_BTagSFEff_up	0.164526	0.0748338	0.038456
_BTagSFEff_down	0.169223	0.0748338	0.038456
_BTagSFMiss_up	0.167384	0.0748338	0.038456
_BTagSFMiss_down	0.164902	0.0748338	0.038456
_JetMass_up	0.158096	0.0748338	0.038456
_JetMass_down	0.168492	0.0748338	0.038456
_JetMassRes_up	0.163578	0.0748338	0.038456
_JetMassRes_down	0.1625	0.0748338	0.038456

################ Sources ################
Source	SystTotal	SystPrompt	SystFake	Signal
Stat 38.76 46.95  100.00  27.85  1.02
Lumi 1.47  2.50 -  -  2.50
PDF  -  -  -  -  2.50
MuonPt  0.19 0.33  -  -  0.02
MuonID  0.63 1.06  -  -  0.14
ElectronE  1.55 2.63  -  -  0.06
ElectronID  1.48 2.52  -  -  4.32
Trigger  0.42 0.71  -  -  0.03
PU  5.17 8.78  -  -  1.68
JES  1.31 2.22  -  -  0.07
JER  0.93 1.58  -  -  0.06
Uncl  1.00 1.69  -  -  0.01
BEff  1.93 3.29  -  -  0.42
BMiss  1.54 2.61  -  -  0.39
JMS  1.94 3.29  -  -  0.07
JMR  0.40 0.67  -  -  0.14
Tau21 4.24  7.21 -  -  7.27
MCNorm 7.45  12.66 -  -  -
Fake 8.15  -  30.00 - -
CF 2.93  -  -  21.00 -
Total Systematic 13.70 18.71  30.00  21.00  5.86

Total Background	0.275
- Prompt	0.162
- Fake	0.075
- CF	0.038

####### Result #######
Signal Eff	0.199275
0.275384 1.413972
0.020882 1.093945
