
Processing HNMuEl_150.C...
[AnalysisInputs::SetMCSF] Get MC SF from /home/jskim/Documents/trilepton_13TeV/DiLepton/data/v8-0-7.36/MCSF.txt
[AnalysisInputs::SetMCSF] sample : VVV
[AnalysisInputs::SetMCSF] => MCSF = 1, MCSF_err = 0.5
[AnalysisInputs::SetMCSF] sample : WWW
[AnalysisInputs::SetMCSF] => MCSF = 1, MCSF_err = 0.5
[AnalysisInputs::SetMCSF] sample : WWZ
[AnalysisInputs::SetMCSF] => MCSF = 1, MCSF_err = 0.5
[AnalysisInputs::SetMCSF] sample : WZZ
[AnalysisInputs::SetMCSF] => MCSF = 1, MCSF_err = 0.5
[AnalysisInputs::SetMCSF] sample : ZZZ
[AnalysisInputs::SetMCSF] => MCSF = 1, MCSF_err = 0.5
[AnalysisInputs::SetMCSF] sample : ttV
[AnalysisInputs::SetMCSF] => MCSF = 1, MCSF_err = 0.5
[AnalysisInputs::SetMCSF] sample : ttW
[AnalysisInputs::SetMCSF] => MCSF = 1, MCSF_err = 0.5
[AnalysisInputs::SetMCSF] sample : ttZ
[AnalysisInputs::SetMCSF] => MCSF = 1, MCSF_err = 0.5
[AnalysisInputs::SetMCSF] sample : ttH_nonbb
[AnalysisInputs::SetMCSF] => MCSF = 1, MCSF_err = 0.5
[AnalysisInputs::SetMCSF] sample : top
[AnalysisInputs::SetMCSF] => MCSF = 1, MCSF_err = 0.5
[AnalysisInputs::SetMCSF] sample : WZTo3LNu_powheg
[AnalysisInputs::SetMCSF] => MCSF = 1.00165, MCSF_err = 0.0888561
[AnalysisInputs::SetMCSF] sample : ZGto2LG
[AnalysisInputs::SetMCSF] => MCSF = 0.794861, MCSF_err = 0.155181
[AnalysisInputs::SetMCSF] sample : ZZTo4L_powheg
[AnalysisInputs::SetMCSF] => MCSF = 0.926685, MCSF_err = 0.102827
[AnalysisInputs::SetMCSF] sample : ggZZto2e2mu
[AnalysisInputs::SetMCSF] => MCSF = 0.926685, MCSF_err = 0.102827
[AnalysisInputs::SetMCSF] sample : ggZZto2e2nu
[AnalysisInputs::SetMCSF] => MCSF = 0.926685, MCSF_err = 0.102827
[AnalysisInputs::SetMCSF] sample : ggZZto2e2tau
[AnalysisInputs::SetMCSF] => MCSF = 0.926685, MCSF_err = 0.102827
[AnalysisInputs::SetMCSF] sample : ggZZto2mu2nu
[AnalysisInputs::SetMCSF] => MCSF = 0.926685, MCSF_err = 0.102827
[AnalysisInputs::SetMCSF] sample : ggZZto2mu2tau
[AnalysisInputs::SetMCSF] => MCSF = 0.926685, MCSF_err = 0.102827
[AnalysisInputs::SetMCSF] sample : ggZZto4e
[AnalysisInputs::SetMCSF] => MCSF = 0.926685, MCSF_err = 0.102827
[AnalysisInputs::SetMCSF] sample : ggZZto4mu
[AnalysisInputs::SetMCSF] => MCSF = 0.926685, MCSF_err = 0.102827
[AnalysisInputs::SetMCSF] sample : ggZZto4tau
[AnalysisInputs::SetMCSF] => MCSF = 0.926685, MCSF_err = 0.102827
[AnalysisInputs::SetCalculatedSysts] Get Systematics from /home/jskim/Documents/trilepton_13TeV/DiLepton/data/v8-0-7.36/Syst.txt
[AnalysisInputs::SetCalculatedSysts] source : Luminosity
[AnalysisInputs::SetCalculatedSysts] => % sysematic = 0.025
[AnalysisInputs::SetCalculatedSysts] source : FakeLooseID
[AnalysisInputs::SetCalculatedSysts] => % sysematic = 0.3
[AnalysisInputs::SetCalculatedSysts] source : ChrageFlipSyst
[AnalysisInputs::SetCalculatedSysts] => % sysematic = 0.21
[CutRangeInfo::ReadCutCard] Get Cutcard from /home/jskim/Documents/trilepton_13TeV/DiLepton/data/v8-0-7.36/CutOpCard/OPTIMIZED_171107_MuEl_HighMass/HNMuEl_150.txt
prompt_tau21_syst = 0
signal_tau21_syst = 0
Central	52.2072	21.9407	0
_MuonEn_up	54.0299	21.9407	0
_MuonEn_down	52.5756	21.9407	0
_MuonIDSF_up	53.1791	21.9407	0
_MuonIDSF_down	51.5951	21.9407	0
_ElectronEn_up	52.4729	21.9407	0
_ElectronEn_down	52.3878	21.9407	0
_ElectronIDSF_up	53.5655	21.9407	0
_ElectronIDSF_down	51.7321	21.9407	0
_TriggerSF_up	52.4129	21.9407	0
_TriggerSF_down	52.2375	21.9407	0
_PU_up	52.6174	21.9407	0
_PU_down	51.7336	21.9407	0
_JetEn_up	53.1466	21.9407	0
_JetEn_down	49.4369	21.9407	0
_JetRes_up	51.5027	21.9407	0
_JetRes_down	52.4133	21.9407	0
_Unclustered_up	51.4167	21.9407	0
_Unclustered_down	55.6554	21.9407	0
_BTagSFEff_up	51.2094	21.9407	0
_BTagSFEff_down	53.1647	21.9407	0
_BTagSFMiss_up	51.7322	21.9407	0
_BTagSFMiss_down	53.2722	21.9407	0
_JetMass_up	52.421	21.9407	0
_JetMass_down	52.2789	21.9407	0
_JetMassRes_up	52.1018	21.9407	0
_JetMassRes_down	53.1547	21.9407	0

################ Sources ################
Source	SystTotal	SystPrompt	SystFake	Signal
Stat 6.20 8.42  6.13  -nan  1.22
Lumi 1.76  2.50 -  -  2.50
PDF  -  -  -  -  8.53
MuonPt  1.77 2.52  -  -  0.42
MuonID  1.10 1.56  -  -  1.43
ElectronE  0.31 0.44  -  -  0.65
ElectronID  1.37 1.95  -  -  1.61
Trigger  0.20 0.28  -  -  0.11
PU  0.60 0.85  -  -  1.81
JES  2.79 3.96  -  -  1.70
JER  0.70 0.99  -  -  1.25
Uncl  3.37 4.79  -  -  2.44
BEff  1.32 1.87  -  -  0.31
BMiss  1.11 1.58  -  -  0.47
JMS  0.21 0.31  -  -  0.27
JMR  0.91 1.29  -  -  0.08
Tau21 0.00  0.00 -  -  0.00
MCNorm 6.62  9.40 -  -  -
Fake 8.88  -  30.00 - -
CF 0.00  -  -  -nan -
Total Systematic 12.49 12.48  30.00  -nan  9.92

Total Background	74.148
- Prompt	52.207
- Fake	21.941
- CF	0.000

####### Result #######
Signal Eff	0.073800
74.147875 1.139419
27.464480 1.099911
