
Processing Bin2_HNMuEl_1000_VBF.C...
[AnalysisInputs::SetMCSF] Get MC SF from /home/jskim/Documents/trilepton_13TeV/DiLepton/data/v8-0-7.36/MCSF.txt
[AnalysisInputs::SetMCSF] sample : VVV
[AnalysisInputs::SetMCSF] => MCSF = 1, MCSF_err = 0.5
[AnalysisInputs::SetMCSF] sample : WWW
[AnalysisInputs::SetMCSF] => MCSF = 1, MCSF_err = 0.5
[AnalysisInputs::SetMCSF] sample : WWZ
[AnalysisInputs::SetMCSF] => MCSF = 1, MCSF_err = 0.5
[AnalysisInputs::SetMCSF] sample : WZZ
[AnalysisInputs::SetMCSF] => MCSF = 1, MCSF_err = 0.5
[AnalysisInputs::SetMCSF] sample : ZZZ
[AnalysisInputs::SetMCSF] => MCSF = 1, MCSF_err = 0.5
[AnalysisInputs::SetMCSF] sample : ttV
[AnalysisInputs::SetMCSF] => MCSF = 1, MCSF_err = 0.5
[AnalysisInputs::SetMCSF] sample : ttW
[AnalysisInputs::SetMCSF] => MCSF = 1, MCSF_err = 0.5
[AnalysisInputs::SetMCSF] sample : ttZ
[AnalysisInputs::SetMCSF] => MCSF = 1, MCSF_err = 0.5
[AnalysisInputs::SetMCSF] sample : ttH_nonbb
[AnalysisInputs::SetMCSF] => MCSF = 1, MCSF_err = 0.5
[AnalysisInputs::SetMCSF] sample : top
[AnalysisInputs::SetMCSF] => MCSF = 1, MCSF_err = 0.5
[AnalysisInputs::SetMCSF] sample : WZTo3LNu_powheg
[AnalysisInputs::SetMCSF] => MCSF = 1.00165, MCSF_err = 0.0888561
[AnalysisInputs::SetMCSF] sample : ZGto2LG
[AnalysisInputs::SetMCSF] => MCSF = 0.794861, MCSF_err = 0.155181
[AnalysisInputs::SetMCSF] sample : ZZTo4L_powheg
[AnalysisInputs::SetMCSF] => MCSF = 0.926685, MCSF_err = 0.102827
[AnalysisInputs::SetMCSF] sample : ggZZto2e2mu
[AnalysisInputs::SetMCSF] => MCSF = 0.926685, MCSF_err = 0.102827
[AnalysisInputs::SetMCSF] sample : ggZZto2e2nu
[AnalysisInputs::SetMCSF] => MCSF = 0.926685, MCSF_err = 0.102827
[AnalysisInputs::SetMCSF] sample : ggZZto2e2tau
[AnalysisInputs::SetMCSF] => MCSF = 0.926685, MCSF_err = 0.102827
[AnalysisInputs::SetMCSF] sample : ggZZto2mu2nu
[AnalysisInputs::SetMCSF] => MCSF = 0.926685, MCSF_err = 0.102827
[AnalysisInputs::SetMCSF] sample : ggZZto2mu2tau
[AnalysisInputs::SetMCSF] => MCSF = 0.926685, MCSF_err = 0.102827
[AnalysisInputs::SetMCSF] sample : ggZZto4e
[AnalysisInputs::SetMCSF] => MCSF = 0.926685, MCSF_err = 0.102827
[AnalysisInputs::SetMCSF] sample : ggZZto4mu
[AnalysisInputs::SetMCSF] => MCSF = 0.926685, MCSF_err = 0.102827
[AnalysisInputs::SetMCSF] sample : ggZZto4tau
[AnalysisInputs::SetMCSF] => MCSF = 0.926685, MCSF_err = 0.102827
[AnalysisInputs::SetCalculatedSysts] Get Systematics from /home/jskim/Documents/trilepton_13TeV/DiLepton/data/v8-0-7.36/Syst.txt
[AnalysisInputs::SetCalculatedSysts] source : Luminosity
[AnalysisInputs::SetCalculatedSysts] => % sysematic = 0.025
[AnalysisInputs::SetCalculatedSysts] source : FakeLooseID
[AnalysisInputs::SetCalculatedSysts] => % sysematic = 0.3
[AnalysisInputs::SetCalculatedSysts] source : ChrageFlipSyst
[AnalysisInputs::SetCalculatedSysts] => % sysematic = 0.21
[CutRangeInfo::ReadCutCard] Get Cutcard from /home/jskim/Documents/trilepton_13TeV/DiLepton/data/v8-0-7.36/CutOpCard/OPTIMIZED_171108_MuEl_HighMass_Bin2/HNMuEl_1000.txt
prompt_tau21_syst = 0.0245239
signal_tau21_syst = 0.00560735
Central	0.329723	0	0
_MuonEn_up	0.486935	0	0
_MuonEn_down	0.332857	0	0
_MuonIDSF_up	0.297247	0	0
_MuonIDSF_down	0.321926	0	0
_ElectronEn_up	0.409754	0	0
_ElectronEn_down	0.339085	0	0
_ElectronIDSF_up	0.33633	0	0
_ElectronIDSF_down	0.322475	0	0
_TriggerSF_up	0.331785	0	0
_TriggerSF_down	0.330522	0	0
_PU_up	0.315093	0	0
_PU_down	0.338836	0	0
_JetEn_up	0.43355	0	0
_JetEn_down	0.411337	0	0
_JetRes_up	0.360794	0	0
_JetRes_down	0.321881	0	0
_Unclustered_up	0.297922	0	0
_Unclustered_down	0.303771	0	0
_BTagSFEff_up	0.336008	0	0
_BTagSFEff_down	0.33265	0	0
_BTagSFMiss_up	0.327306	0	0
_BTagSFMiss_down	0.335025	0	0
_JetMass_up	0.333441	0	0
_JetMass_down	0.335764	0	0
_JetMassRes_up	0.33265	0	0
_JetMassRes_down	0.330942	0	0

################ Sources ################
Source	SystTotal	SystPrompt	SystFake	Signal
Stat 33.56 33.56  -nan  -nan  0.96
Lumi 2.50  2.50 -  -  2.50
PDF  -  -  -  -  8.53
MuonPt  33.72 33.72  -  -  0.41
MuonID  7.16 7.16  -  -  1.80
ElectronE  17.28 17.28  -  -  0.08
ElectronID  2.10 2.10  -  -  2.02
Trigger  0.47 0.47  -  -  0.07
PU  3.70 3.70  -  -  1.17
JES  28.32 28.32  -  -  0.06
JER  6.87 6.87  -  -  0.19
Uncl  8.80 8.80  -  -  0.11
BEff  1.49 1.49  -  -  0.44
BMiss  1.25 1.25  -  -  0.51
JMS  1.52 1.52  -  -  0.15
JMR  0.68 0.68  -  -  0.12
Tau21 7.44  7.44 -  -  7.25
MCNorm 24.54  24.54 -  -  -
Fake 0.00  -  -nan - -
CF 0.00  -  -  -nan -
Total Systematic 55.70 55.70  -nan  -nan  9.40

Total Background	0.330
- Prompt	0.330
- Fake	0.000
- CF	0.000

####### Result #######
Signal Eff	0.316580
0.329723 1.650316
0.077317 1.119134
