
Processing Bin2_HNMuEl_1400.C...
[AnalysisInputs::SetMCSF] Get MC SF from /home/jskim/Documents/trilepton_13TeV/DiLepton/data/v8-0-7.36/MCSF.txt
[AnalysisInputs::SetMCSF] sample : VVV
[AnalysisInputs::SetMCSF] => MCSF = 1, MCSF_err = 0.5
[AnalysisInputs::SetMCSF] sample : WWW
[AnalysisInputs::SetMCSF] => MCSF = 1, MCSF_err = 0.5
[AnalysisInputs::SetMCSF] sample : WWZ
[AnalysisInputs::SetMCSF] => MCSF = 1, MCSF_err = 0.5
[AnalysisInputs::SetMCSF] sample : WZZ
[AnalysisInputs::SetMCSF] => MCSF = 1, MCSF_err = 0.5
[AnalysisInputs::SetMCSF] sample : ZZZ
[AnalysisInputs::SetMCSF] => MCSF = 1, MCSF_err = 0.5
[AnalysisInputs::SetMCSF] sample : ttV
[AnalysisInputs::SetMCSF] => MCSF = 1, MCSF_err = 0.5
[AnalysisInputs::SetMCSF] sample : ttW
[AnalysisInputs::SetMCSF] => MCSF = 1, MCSF_err = 0.5
[AnalysisInputs::SetMCSF] sample : ttZ
[AnalysisInputs::SetMCSF] => MCSF = 1, MCSF_err = 0.5
[AnalysisInputs::SetMCSF] sample : ttH_nonbb
[AnalysisInputs::SetMCSF] => MCSF = 1, MCSF_err = 0.5
[AnalysisInputs::SetMCSF] sample : top
[AnalysisInputs::SetMCSF] => MCSF = 1, MCSF_err = 0.5
[AnalysisInputs::SetMCSF] sample : WZTo3LNu_powheg
[AnalysisInputs::SetMCSF] => MCSF = 1.00165, MCSF_err = 0.0888561
[AnalysisInputs::SetMCSF] sample : ZGto2LG
[AnalysisInputs::SetMCSF] => MCSF = 0.794861, MCSF_err = 0.155181
[AnalysisInputs::SetMCSF] sample : ZZTo4L_powheg
[AnalysisInputs::SetMCSF] => MCSF = 0.926685, MCSF_err = 0.102827
[AnalysisInputs::SetMCSF] sample : ggZZto2e2mu
[AnalysisInputs::SetMCSF] => MCSF = 0.926685, MCSF_err = 0.102827
[AnalysisInputs::SetMCSF] sample : ggZZto2e2nu
[AnalysisInputs::SetMCSF] => MCSF = 0.926685, MCSF_err = 0.102827
[AnalysisInputs::SetMCSF] sample : ggZZto2e2tau
[AnalysisInputs::SetMCSF] => MCSF = 0.926685, MCSF_err = 0.102827
[AnalysisInputs::SetMCSF] sample : ggZZto2mu2nu
[AnalysisInputs::SetMCSF] => MCSF = 0.926685, MCSF_err = 0.102827
[AnalysisInputs::SetMCSF] sample : ggZZto2mu2tau
[AnalysisInputs::SetMCSF] => MCSF = 0.926685, MCSF_err = 0.102827
[AnalysisInputs::SetMCSF] sample : ggZZto4e
[AnalysisInputs::SetMCSF] => MCSF = 0.926685, MCSF_err = 0.102827
[AnalysisInputs::SetMCSF] sample : ggZZto4mu
[AnalysisInputs::SetMCSF] => MCSF = 0.926685, MCSF_err = 0.102827
[AnalysisInputs::SetMCSF] sample : ggZZto4tau
[AnalysisInputs::SetMCSF] => MCSF = 0.926685, MCSF_err = 0.102827
[AnalysisInputs::SetCalculatedSysts] Get Systematics from /home/jskim/Documents/trilepton_13TeV/DiLepton/data/v8-0-7.36/Syst.txt
[AnalysisInputs::SetCalculatedSysts] source : Luminosity
[AnalysisInputs::SetCalculatedSysts] => % sysematic = 0.025
[AnalysisInputs::SetCalculatedSysts] source : FakeLooseID
[AnalysisInputs::SetCalculatedSysts] => % sysematic = 0.3
[AnalysisInputs::SetCalculatedSysts] source : ChrageFlipSyst
[AnalysisInputs::SetCalculatedSysts] => % sysematic = 0.21
[CutRangeInfo::ReadCutCard] Get Cutcard from /home/jskim/Documents/trilepton_13TeV/DiLepton/data/v8-0-7.36/CutOpCard/OPTIMIZED_171108_MuEl_HighMass_Bin2/HNMuEl_1400.txt
prompt_tau21_syst = 0.00209552
signal_tau21_syst = 0.000545288
Central	0.0290753	0	0
_MuonEn_up	0.113631	0	0
_MuonEn_down	0.0266601	0	0
_MuonIDSF_up	0.0295731	0	0
_MuonIDSF_down	0.0285775	0	0
_ElectronEn_up	0.0315627	0	0
_ElectronEn_down	0.0237525	0	0
_ElectronIDSF_up	0.0297181	0	0
_ElectronIDSF_down	0.0284325	0	0
_TriggerSF_up	0.0315264	0	0
_TriggerSF_down	0.0290389	0	0
_PU_up	0.0272605	0	0
_PU_down	0.0304384	0	0
_JetEn_up	0.110886	0	0
_JetEn_down	0.10607	0	0
_JetRes_up	0.0318582	0	0
_JetRes_down	0.0290753	0	0
_Unclustered_up	0.106122	0	0
_Unclustered_down	0.109365	0	0
_BTagSFEff_up	0.0315627	0	0
_BTagSFEff_down	0.0290753	0	0
_BTagSFMiss_up	0.0290753	0	0
_BTagSFMiss_down	0.0290753	0	0
_JetMass_up	0.0290753	0	0
_JetMass_down	0.0290753	0	0
_JetMassRes_up	0.0290753	0	0
_JetMassRes_down	0.0240607	0	0

################ Sources ################
Source	SystTotal	SystPrompt	SystFake	Signal
Stat 40.56 40.56  -nan  -nan  0.73
Lumi 2.50  2.50 -  -  2.50
PDF  -  -  -  -  8.53
MuonPt  205.72 205.72  -  -  0.88
MuonID  1.71 1.71  -  -  1.78
ElectronE  14.29 14.29  -  -  0.15
ElectronID  2.21 2.21  -  -  2.06
Trigger  5.96 5.96  -  -  0.09
PU  5.52 5.52  -  -  1.35
JES  273.22 273.22  -  -  0.38
JER  6.77 6.77  -  -  0.17
Uncl  270.63 270.63  -  -  0.07
BEff  6.05 6.05  -  -  0.52
BMiss  0.00 0.00  -  -  0.36
JMS  0.00 0.00  -  -  0.08
JMR  12.20 12.20  -  -  0.17
Tau21 7.21  7.21 -  -  7.25
MCNorm 5.72  5.72 -  -  -
Fake 0.00  -  -nan - -
CF 0.00  -  -  -nan -
Total Systematic 436.82 436.82  -nan  -nan  9.47

Total Background	0.029
- Prompt	0.029
- Fake	0.000
- CF	0.000

####### Result #######
Signal Eff	0.245457
0.029075 5.386954
0.007520 1.119497
