
Processing CyclesForOptimization_MuEl_Bin2/HNMuEl_250.C...
[AnalysisInputs::SetMCSF] Get MC SF from /data8/Users/jskim/HN_dilepton_plotter/data/v8-0-7.37_PreApproval/MCSF.txt
[AnalysisInputs::SetMCSF] sample : VVV
[AnalysisInputs::SetMCSF] => MCSF = 1, MCSF_err = 0.5
[AnalysisInputs::SetMCSF] sample : WWW
[AnalysisInputs::SetMCSF] => MCSF = 1, MCSF_err = 0.5
[AnalysisInputs::SetMCSF] sample : WWZ
[AnalysisInputs::SetMCSF] => MCSF = 1, MCSF_err = 0.5
[AnalysisInputs::SetMCSF] sample : WZZ
[AnalysisInputs::SetMCSF] => MCSF = 1, MCSF_err = 0.5
[AnalysisInputs::SetMCSF] sample : ZZZ
[AnalysisInputs::SetMCSF] => MCSF = 1, MCSF_err = 0.5
[AnalysisInputs::SetMCSF] sample : ttV
[AnalysisInputs::SetMCSF] => MCSF = 1, MCSF_err = 0.5
[AnalysisInputs::SetMCSF] sample : ttW
[AnalysisInputs::SetMCSF] => MCSF = 1, MCSF_err = 0.5
[AnalysisInputs::SetMCSF] sample : ttZ
[AnalysisInputs::SetMCSF] => MCSF = 1, MCSF_err = 0.5
[AnalysisInputs::SetMCSF] sample : ttH_nonbb
[AnalysisInputs::SetMCSF] => MCSF = 1, MCSF_err = 0.5
[AnalysisInputs::SetMCSF] sample : top
[AnalysisInputs::SetMCSF] => MCSF = 1, MCSF_err = 0.5
[AnalysisInputs::SetMCSF] sample : WWTo2L2Nu_DS
[AnalysisInputs::SetMCSF] => MCSF = 1, MCSF_err = 0.5
[AnalysisInputs::SetMCSF] sample : WpWpEWK
[AnalysisInputs::SetMCSF] => MCSF = 1, MCSF_err = 0.5
[AnalysisInputs::SetMCSF] sample : WpWpQCD
[AnalysisInputs::SetMCSF] => MCSF = 1, MCSF_err = 0.5
[AnalysisInputs::SetMCSF] sample : WZTo3LNu_mllmin01
[AnalysisInputs::SetMCSF] => MCSF = 0.65, MCSF_err = 0.06
[AnalysisInputs::SetMCSF] sample : WZTo3LNu_powheg
[AnalysisInputs::SetMCSF] => MCSF = 1.05044, MCSF_err = 0.0648798
[AnalysisInputs::SetMCSF] sample : ZGto2LG
[AnalysisInputs::SetMCSF] => MCSF = 1.09954, MCSF_err = 0.076377
[AnalysisInputs::SetMCSF] sample : WGtoLNuG
[AnalysisInputs::SetMCSF] => MCSF = 1, MCSF_err = 0.076377
[AnalysisInputs::SetMCSF] sample : WGtoLNuG_weighted
[AnalysisInputs::SetMCSF] => MCSF = 1, MCSF_err = 0.076377
[AnalysisInputs::SetMCSF] sample : ZZTo4L_powheg
[AnalysisInputs::SetMCSF] => MCSF = 0.978852, MCSF_err = 0.0792882
[AnalysisInputs::SetMCSF] sample : ggZZto2e2mu
[AnalysisInputs::SetMCSF] => MCSF = 0.978852, MCSF_err = 0.0792882
[AnalysisInputs::SetMCSF] sample : ggZZto2e2nu
[AnalysisInputs::SetMCSF] => MCSF = 0.978852, MCSF_err = 0.0792882
[AnalysisInputs::SetMCSF] sample : ggZZto2e2tau
[AnalysisInputs::SetMCSF] => MCSF = 0.978852, MCSF_err = 0.0792882
[AnalysisInputs::SetMCSF] sample : ggZZto2mu2nu
[AnalysisInputs::SetMCSF] => MCSF = 0.978852, MCSF_err = 0.0792882
[AnalysisInputs::SetMCSF] sample : ggZZto2mu2tau
[AnalysisInputs::SetMCSF] => MCSF = 0.978852, MCSF_err = 0.0792882
[AnalysisInputs::SetMCSF] sample : ggZZto4e
[AnalysisInputs::SetMCSF] => MCSF = 0.978852, MCSF_err = 0.0792882
[AnalysisInputs::SetMCSF] sample : ggZZto4mu
[AnalysisInputs::SetMCSF] => MCSF = 0.978852, MCSF_err = 0.0792882
[AnalysisInputs::SetMCSF] sample : ggZZto4tau
[AnalysisInputs::SetMCSF] => MCSF = 0.978852, MCSF_err = 0.0792882
[AnalysisInputs::SetMCSF] sample : ggHtoZZ
[AnalysisInputs::SetMCSF] => MCSF = 0.978852, MCSF_err = 0.0792882
[AnalysisInputs::SetCalculatedSysts] Get Systematics from /data8/Users/jskim/HN_dilepton_plotter/data/v8-0-7.37_PreApproval/Syst.txt
[AnalysisInputs::SetCalculatedSysts] source : Luminosity
[AnalysisInputs::SetCalculatedSysts] => % sysematic = 0.025
[AnalysisInputs::SetCalculatedSysts] source : FakeLooseID
[AnalysisInputs::SetCalculatedSysts] => % sysematic = 0.3
[AnalysisInputs::SetCalculatedSysts] source : ChrageFlipSyst
[AnalysisInputs::SetCalculatedSysts] => % sysematic = 0.16
[CutRangeInfo::ReadCutCard] Get Cutcard from /data8/Users/jskim/HN_dilepton_plotter/data/v8-0-7.37_PreApproval/CutOpCard/RunDirectory/CyclesForOptimization_MuEl_Bin2/Cards//HNMuEl_250.txt

##################################################
#### TOTAL # of Loop = 3721
##################################################

[CutRangeInfo::PrintCutRangeInfo] leadingLepton_Pt_>
[CutInfo::PrintCutInfo] leadingLepton_Pt	>	75
[CutRangeInfo::PrintCutRangeInfo] ljj_|<
[CutInfo::PrintCutInfo] ljj	|<	550
[CutInfo::PrintCutInfo] ljj	|<	545
[CutInfo::PrintCutInfo] ljj	|<	540
[CutInfo::PrintCutInfo] ljj	|<	535
[CutInfo::PrintCutInfo] ljj	|<	530
[CutInfo::PrintCutInfo] ljj	|<	525
[CutInfo::PrintCutInfo] ljj	|<	520
[CutInfo::PrintCutInfo] ljj	|<	515
[CutInfo::PrintCutInfo] ljj	|<	510
[CutInfo::PrintCutInfo] ljj	|<	505
[CutInfo::PrintCutInfo] ljj	|<	500
[CutInfo::PrintCutInfo] ljj	|<	495
[CutInfo::PrintCutInfo] ljj	|<	490
[CutInfo::PrintCutInfo] ljj	|<	485
[CutInfo::PrintCutInfo] ljj	|<	480
[CutInfo::PrintCutInfo] ljj	|<	475
[CutInfo::PrintCutInfo] ljj	|<	470
[CutInfo::PrintCutInfo] ljj	|<	465
[CutInfo::PrintCutInfo] ljj	|<	460
[CutInfo::PrintCutInfo] ljj	|<	455
[CutInfo::PrintCutInfo] ljj	|<	450
[CutInfo::PrintCutInfo] ljj	|<	445
[CutInfo::PrintCutInfo] ljj	|<	440
[CutInfo::PrintCutInfo] ljj	|<	435
[CutInfo::PrintCutInfo] ljj	|<	430
[CutInfo::PrintCutInfo] ljj	|<	425
[CutInfo::PrintCutInfo] ljj	|<	420
[CutInfo::PrintCutInfo] ljj	|<	415
[CutInfo::PrintCutInfo] ljj	|<	410
[CutInfo::PrintCutInfo] ljj	|<	405
[CutInfo::PrintCutInfo] ljj	|<	400
[CutInfo::PrintCutInfo] ljj	|<	395
[CutInfo::PrintCutInfo] ljj	|<	390
[CutInfo::PrintCutInfo] ljj	|<	385
[CutInfo::PrintCutInfo] ljj	|<	380
[CutInfo::PrintCutInfo] ljj	|<	375
[CutInfo::PrintCutInfo] ljj	|<	370
[CutInfo::PrintCutInfo] ljj	|<	365
[CutInfo::PrintCutInfo] ljj	|<	360
[CutInfo::PrintCutInfo] ljj	|<	355
[CutInfo::PrintCutInfo] ljj	|<	350
[CutInfo::PrintCutInfo] ljj	|<	345
[CutInfo::PrintCutInfo] ljj	|<	340
[CutInfo::PrintCutInfo] ljj	|<	335
[CutInfo::PrintCutInfo] ljj	|<	330
[CutInfo::PrintCutInfo] ljj	|<	325
[CutInfo::PrintCutInfo] ljj	|<	320
[CutInfo::PrintCutInfo] ljj	|<	315
[CutInfo::PrintCutInfo] ljj	|<	310
[CutInfo::PrintCutInfo] ljj	|<	305
[CutInfo::PrintCutInfo] ljj	|<	300
[CutInfo::PrintCutInfo] ljj	|<	295
[CutInfo::PrintCutInfo] ljj	|<	290
[CutInfo::PrintCutInfo] ljj	|<	285
[CutInfo::PrintCutInfo] ljj	|<	280
[CutInfo::PrintCutInfo] ljj	|<	275
[CutInfo::PrintCutInfo] ljj	|<	270
[CutInfo::PrintCutInfo] ljj	|<	265
[CutInfo::PrintCutInfo] ljj	|<	260
[CutInfo::PrintCutInfo] ljj	|<	255
[CutInfo::PrintCutInfo] ljj	|<	250
[CutRangeInfo::PrintCutRangeInfo] ljj_|>
[CutInfo::PrintCutInfo] ljj	|>	50
[CutInfo::PrintCutInfo] ljj	|>	53.3333
[CutInfo::PrintCutInfo] ljj	|>	56.6667
[CutInfo::PrintCutInfo] ljj	|>	60
[CutInfo::PrintCutInfo] ljj	|>	63.3333
[CutInfo::PrintCutInfo] ljj	|>	66.6667
[CutInfo::PrintCutInfo] ljj	|>	70
[CutInfo::PrintCutInfo] ljj	|>	73.3333
[CutInfo::PrintCutInfo] ljj	|>	76.6667
[CutInfo::PrintCutInfo] ljj	|>	80
[CutInfo::PrintCutInfo] ljj	|>	83.3333
[CutInfo::PrintCutInfo] ljj	|>	86.6667
[CutInfo::PrintCutInfo] ljj	|>	90
[CutInfo::PrintCutInfo] ljj	|>	93.3333
[CutInfo::PrintCutInfo] ljj	|>	96.6667
[CutInfo::PrintCutInfo] ljj	|>	100
[CutInfo::PrintCutInfo] ljj	|>	103.333
[CutInfo::PrintCutInfo] ljj	|>	106.667
[CutInfo::PrintCutInfo] ljj	|>	110
[CutInfo::PrintCutInfo] ljj	|>	113.333
[CutInfo::PrintCutInfo] ljj	|>	116.667
[CutInfo::PrintCutInfo] ljj	|>	120
[CutInfo::PrintCutInfo] ljj	|>	123.333
[CutInfo::PrintCutInfo] ljj	|>	126.667
[CutInfo::PrintCutInfo] ljj	|>	130
[CutInfo::PrintCutInfo] ljj	|>	133.333
[CutInfo::PrintCutInfo] ljj	|>	136.667
[CutInfo::PrintCutInfo] ljj	|>	140
[CutInfo::PrintCutInfo] ljj	|>	143.333
[CutInfo::PrintCutInfo] ljj	|>	146.667
[CutInfo::PrintCutInfo] ljj	|>	150
[CutInfo::PrintCutInfo] ljj	|>	153.333
[CutInfo::PrintCutInfo] ljj	|>	156.667
[CutInfo::PrintCutInfo] ljj	|>	160
[CutInfo::PrintCutInfo] ljj	|>	163.333
[CutInfo::PrintCutInfo] ljj	|>	166.667
[CutInfo::PrintCutInfo] ljj	|>	170
[CutInfo::PrintCutInfo] ljj	|>	173.333
[CutInfo::PrintCutInfo] ljj	|>	176.667
[CutInfo::PrintCutInfo] ljj	|>	180
[CutInfo::PrintCutInfo] ljj	|>	183.333
[CutInfo::PrintCutInfo] ljj	|>	186.667
[CutInfo::PrintCutInfo] ljj	|>	190
[CutInfo::PrintCutInfo] ljj	|>	193.333
[CutInfo::PrintCutInfo] ljj	|>	196.667
[CutInfo::PrintCutInfo] ljj	|>	200
[CutInfo::PrintCutInfo] ljj	|>	203.333
[CutInfo::PrintCutInfo] ljj	|>	206.667
[CutInfo::PrintCutInfo] ljj	|>	210
[CutInfo::PrintCutInfo] ljj	|>	213.333
[CutInfo::PrintCutInfo] ljj	|>	216.667
[CutInfo::PrintCutInfo] ljj	|>	220
[CutInfo::PrintCutInfo] ljj	|>	223.333
[CutInfo::PrintCutInfo] ljj	|>	226.667
[CutInfo::PrintCutInfo] ljj	|>	230
[CutInfo::PrintCutInfo] ljj	|>	233.333
[CutInfo::PrintCutInfo] ljj	|>	236.667
[CutInfo::PrintCutInfo] ljj	|>	240
[CutInfo::PrintCutInfo] ljj	|>	243.333
[CutInfo::PrintCutInfo] ljj	|>	246.667
[CutInfo::PrintCutInfo] ljj	|>	250
[CutRangeInfo::PrintCutRangeInfo] secondLepton_Pt_>
[CutInfo::PrintCutInfo] secondLepton_Pt	>	55

##############################
#### OPTIMIZATION STARTED ####
##############################


!!!!!!!!!!!!!!!!!
!!!! UPDATED !!!!
!!!!!!!!!!!!!!!!!

[CutInfo::PrintCutInfo] leadingLepton_Pt	>	75
[CutInfo::PrintCutInfo] ljj	|<	550
[CutInfo::PrintCutInfo] ljj	|>	50
[CutInfo::PrintCutInfo] secondLepton_Pt	>	55
CF	0 +- 0
Fake	0.169468 +- 0.210245
Prompt	5.24634 +- 1.81248
=> total bkg = 5.41581
Signal	Yield	Efficiency	Efficiency@Presel	Punzi
HNMuEl_250	1.10872	0.020775	2.89421e-05	2.3348e-06
=====================================================================


!!!!!!!!!!!!!!!!!
!!!! UPDATED !!!!
!!!!!!!!!!!!!!!!!

[CutInfo::PrintCutInfo] leadingLepton_Pt	>	75
[CutInfo::PrintCutInfo] ljj	|<	540
[CutInfo::PrintCutInfo] ljj	|>	50
[CutInfo::PrintCutInfo] secondLepton_Pt	>	55
CF	0 +- 0
Fake	0.169795 +- 0.210268
Prompt	5.23689 +- 1.8089
=> total bkg = 5.40669
Signal	Yield	Efficiency	Efficiency@Presel	Punzi
HNMuEl_250	1.10805	0.0207583	2.89246e-05	2.33559e-06
=====================================================================


!!!!!!!!!!!!!!!!!
!!!! UPDATED !!!!
!!!!!!!!!!!!!!!!!

[CutInfo::PrintCutInfo] leadingLepton_Pt	>	75
[CutInfo::PrintCutInfo] ljj	|<	530
[CutInfo::PrintCutInfo] ljj	|>	50
[CutInfo::PrintCutInfo] secondLepton_Pt	>	55
CF	0 +- 0
Fake	0.17014 +- 0.210293
Prompt	5.21851 +- 1.80196
=> total bkg = 5.38865
Signal	Yield	Efficiency	Efficiency@Presel	Punzi
HNMuEl_250	1.10734	0.02075	2.89062e-05	2.33842e-06
=====================================================================


!!!!!!!!!!!!!!!!!
!!!! UPDATED !!!!
!!!!!!!!!!!!!!!!!

[CutInfo::PrintCutInfo] leadingLepton_Pt	>	75
[CutInfo::PrintCutInfo] ljj	|<	525
[CutInfo::PrintCutInfo] ljj	|>	50
[CutInfo::PrintCutInfo] secondLepton_Pt	>	55
CF	0 +- 0
Fake	0.170885 +- 0.210347
Prompt	5.11729 +- 1.78814
=> total bkg = 5.28817
Signal	Yield	Efficiency	Efficiency@Presel	Punzi
HNMuEl_250	1.10671	0.0207167	2.88899e-05	2.35235e-06
=====================================================================


!!!!!!!!!!!!!!!!!
!!!! UPDATED !!!!
!!!!!!!!!!!!!!!!!

[CutInfo::PrintCutInfo] leadingLepton_Pt	>	75
[CutInfo::PrintCutInfo] ljj	|<	520
[CutInfo::PrintCutInfo] ljj	|>	50
[CutInfo::PrintCutInfo] secondLepton_Pt	>	55
CF	0 +- 0
Fake	0.170885 +- 0.210347
Prompt	5.10587 +- 1.78385
=> total bkg = 5.27676
Signal	Yield	Efficiency	Efficiency@Presel	Punzi
HNMuEl_250	1.10595	0.0207	2.887e-05	2.35349e-06
=====================================================================


!!!!!!!!!!!!!!!!!
!!!! UPDATED !!!!
!!!!!!!!!!!!!!!!!

[CutInfo::PrintCutInfo] leadingLepton_Pt	>	75
[CutInfo::PrintCutInfo] ljj	|<	465
[CutInfo::PrintCutInfo] ljj	|>	50
[CutInfo::PrintCutInfo] secondLepton_Pt	>	55
CF	0 +- 0
Fake	0.250281 +- 0.205643
Prompt	5.0323 +- 1.75669
=> total bkg = 5.28258
Signal	Yield	Efficiency	Efficiency@Presel	Punzi
HNMuEl_250	1.10165	0.0206	2.87578e-05	2.35387e-06
=====================================================================


!!!!!!!!!!!!!!!!!
!!!! UPDATED !!!!
!!!!!!!!!!!!!!!!!

[CutInfo::PrintCutInfo] leadingLepton_Pt	>	75
[CutInfo::PrintCutInfo] ljj	|<	460
[CutInfo::PrintCutInfo] ljj	|>	50
[CutInfo::PrintCutInfo] secondLepton_Pt	>	55
CF	0 +- 0
Fake	0.251444 +- 0.205769
Prompt	5.02448 +- 1.75379
=> total bkg = 5.27592
Signal	Yield	Efficiency	Efficiency@Presel	Punzi
HNMuEl_250	1.10089	0.0205917	2.87377e-05	2.35398e-06
=====================================================================


!!!!!!!!!!!!!!!!!
!!!! UPDATED !!!!
!!!!!!!!!!!!!!!!!

[CutInfo::PrintCutInfo] leadingLepton_Pt	>	75
[CutInfo::PrintCutInfo] ljj	|<	455
[CutInfo::PrintCutInfo] ljj	|>	50
[CutInfo::PrintCutInfo] secondLepton_Pt	>	55
CF	0 +- 0
Fake	0.251535 +- 0.205779
Prompt	5.00977 +- 1.74836
=> total bkg = 5.26131
Signal	Yield	Efficiency	Efficiency@Presel	Punzi
HNMuEl_250	1.09946	0.0205667	2.87005e-05	2.35444e-06
=====================================================================


!!!!!!!!!!!!!!!!!
!!!! UPDATED !!!!
!!!!!!!!!!!!!!!!!

[CutInfo::PrintCutInfo] leadingLepton_Pt	>	75
[CutInfo::PrintCutInfo] ljj	|<	450
[CutInfo::PrintCutInfo] ljj	|>	50
[CutInfo::PrintCutInfo] secondLepton_Pt	>	55
CF	0 +- 0
Fake	0.249288 +- 0.205514
Prompt	5.00129 +- 1.74523
=> total bkg = 5.25058
Signal	Yield	Efficiency	Efficiency@Presel	Punzi
HNMuEl_250	1.0991	0.02055	2.86912e-05	2.35596e-06
=====================================================================


!!!!!!!!!!!!!!!!!
!!!! UPDATED !!!!
!!!!!!!!!!!!!!!!!

[CutInfo::PrintCutInfo] leadingLepton_Pt	>	75
[CutInfo::PrintCutInfo] ljj	|<	445
[CutInfo::PrintCutInfo] ljj	|>	50
[CutInfo::PrintCutInfo] secondLepton_Pt	>	55
CF	0 +- 0
Fake	0.255989 +- 0.206164
Prompt	4.9882 +- 1.74042
=> total bkg = 5.24419
Signal	Yield	Efficiency	Efficiency@Presel	Punzi
HNMuEl_250	1.09844	0.0205417	2.8674e-05	2.35695e-06
=====================================================================


!!!!!!!!!!!!!!!!!
!!!! UPDATED !!!!
!!!!!!!!!!!!!!!!!

[CutInfo::PrintCutInfo] leadingLepton_Pt	>	75
[CutInfo::PrintCutInfo] ljj	|<	440
[CutInfo::PrintCutInfo] ljj	|>	50
[CutInfo::PrintCutInfo] secondLepton_Pt	>	55
CF	0 +- 0
Fake	0.165165 +- 0.175207
Prompt	4.96095 +- 1.73043
=> total bkg = 5.12612
Signal	Yield	Efficiency	Efficiency@Presel	Punzi
HNMuEl_250	1.09614	0.0205083	2.86138e-05	2.3695e-06
=====================================================================


!!!!!!!!!!!!!!!!!
!!!! UPDATED !!!!
!!!!!!!!!!!!!!!!!

[CutInfo::PrintCutInfo] leadingLepton_Pt	>	75
[CutInfo::PrintCutInfo] ljj	|<	435
[CutInfo::PrintCutInfo] ljj	|>	50
[CutInfo::PrintCutInfo] secondLepton_Pt	>	55
CF	0 +- 0
Fake	0.165299 +- 0.175218
Prompt	4.91954 +- 1.71498
=> total bkg = 5.08484
Signal	Yield	Efficiency	Efficiency@Presel	Punzi
HNMuEl_250	1.09593	0.0205	2.86083e-05	2.37929e-06
=====================================================================


!!!!!!!!!!!!!!!!!
!!!! UPDATED !!!!
!!!!!!!!!!!!!!!!!

[CutInfo::PrintCutInfo] leadingLepton_Pt	>	75
[CutInfo::PrintCutInfo] ljj	|<	430
[CutInfo::PrintCutInfo] ljj	|>	50
[CutInfo::PrintCutInfo] secondLepton_Pt	>	55
CF	0 +- 0
Fake	0.169568 +- 0.175544
Prompt	4.89465 +- 1.70596
=> total bkg = 5.06422
Signal	Yield	Efficiency	Efficiency@Presel	Punzi
HNMuEl_250	1.09478	0.020475	2.85783e-05	2.38241e-06
=====================================================================


!!!!!!!!!!!!!!!!!
!!!! UPDATED !!!!
!!!!!!!!!!!!!!!!!

[CutInfo::PrintCutInfo] leadingLepton_Pt	>	75
[CutInfo::PrintCutInfo] ljj	|<	425
[CutInfo::PrintCutInfo] ljj	|>	50
[CutInfo::PrintCutInfo] secondLepton_Pt	>	55
CF	0 +- 0
Fake	0.169568 +- 0.175544
Prompt	4.88382 +- 1.70206
=> total bkg = 5.05339
Signal	Yield	Efficiency	Efficiency@Presel	Punzi
HNMuEl_250	1.09478	0.020475	2.85783e-05	2.38507e-06
=====================================================================


!!!!!!!!!!!!!!!!!
!!!! UPDATED !!!!
!!!!!!!!!!!!!!!!!

[CutInfo::PrintCutInfo] leadingLepton_Pt	>	75
[CutInfo::PrintCutInfo] ljj	|<	415
[CutInfo::PrintCutInfo] ljj	|>	50
[CutInfo::PrintCutInfo] secondLepton_Pt	>	55
CF	0 +- 0
Fake	0.175545 +- 0.176001
Prompt	4.72798 +- 1.68522
=> total bkg = 4.90352
Signal	Yield	Efficiency	Efficiency@Presel	Punzi
HNMuEl_250	1.09262	0.0204333	2.8522e-05	2.40351e-06
=====================================================================


!!!!!!!!!!!!!!!!!
!!!! UPDATED !!!!
!!!!!!!!!!!!!!!!!

[CutInfo::PrintCutInfo] leadingLepton_Pt	>	75
[CutInfo::PrintCutInfo] ljj	|<	410
[CutInfo::PrintCutInfo] ljj	|>	50
[CutInfo::PrintCutInfo] secondLepton_Pt	>	55
CF	0 +- 0
Fake	0.175723 +- 0.176017
Prompt	4.68312 +- 1.66923
=> total bkg = 4.85885
Signal	Yield	Efficiency	Efficiency@Presel	Punzi
HNMuEl_250	1.09177	0.0204083	2.84997e-05	2.4129e-06
=====================================================================


!!!!!!!!!!!!!!!!!
!!!! UPDATED !!!!
!!!!!!!!!!!!!!!!!

[CutInfo::PrintCutInfo] leadingLepton_Pt	>	75
[CutInfo::PrintCutInfo] ljj	|<	400
[CutInfo::PrintCutInfo] ljj	|>	50
[CutInfo::PrintCutInfo] secondLepton_Pt	>	55
CF	0 +- 0
Fake	0.182222 +- 0.176518
Prompt	4.54106 +- 1.64746
=> total bkg = 4.72328
Signal	Yield	Efficiency	Efficiency@Presel	Punzi
HNMuEl_250	1.08914	0.02035	2.84312e-05	2.43143e-06
=====================================================================


!!!!!!!!!!!!!!!!!
!!!! UPDATED !!!!
!!!!!!!!!!!!!!!!!

[CutInfo::PrintCutInfo] leadingLepton_Pt	>	75
[CutInfo::PrintCutInfo] ljj	|<	395
[CutInfo::PrintCutInfo] ljj	|>	50
[CutInfo::PrintCutInfo] secondLepton_Pt	>	55
CF	0 +- 0
Fake	0.182506 +- 0.176544
Prompt	4.49395 +- 1.63079
=> total bkg = 4.67645
Signal	Yield	Efficiency	Efficiency@Presel	Punzi
HNMuEl_250	1.08749	0.0203083	2.8388e-05	2.43991e-06
=====================================================================


!!!!!!!!!!!!!!!!!
!!!! UPDATED !!!!
!!!!!!!!!!!!!!!!!

[CutInfo::PrintCutInfo] leadingLepton_Pt	>	75
[CutInfo::PrintCutInfo] ljj	|<	390
[CutInfo::PrintCutInfo] ljj	|>	50
[CutInfo::PrintCutInfo] secondLepton_Pt	>	55
CF	0 +- 0
Fake	0.188172 +- 0.176988
Prompt	4.40701 +- 1.60033
=> total bkg = 4.59518
Signal	Yield	Efficiency	Efficiency@Presel	Punzi
HNMuEl_250	1.08329	0.02025	2.82784e-05	2.45246e-06
=====================================================================


!!!!!!!!!!!!!!!!!
!!!! UPDATED !!!!
!!!!!!!!!!!!!!!!!

[CutInfo::PrintCutInfo] leadingLepton_Pt	>	75
[CutInfo::PrintCutInfo] ljj	|<	385
[CutInfo::PrintCutInfo] ljj	|>	50
[CutInfo::PrintCutInfo] secondLepton_Pt	>	55
CF	0 +- 0
Fake	0.188571 +- 0.177026
Prompt	4.35747 +- 1.58594
=> total bkg = 4.54604
Signal	Yield	Efficiency	Efficiency@Presel	Punzi
HNMuEl_250	1.08106	0.0202167	2.82202e-05	2.45928e-06
=====================================================================


!!!!!!!!!!!!!!!!!
!!!! UPDATED !!!!
!!!!!!!!!!!!!!!!!

[CutInfo::PrintCutInfo] leadingLepton_Pt	>	75
[CutInfo::PrintCutInfo] ljj	|<	380
[CutInfo::PrintCutInfo] ljj	|>	50
[CutInfo::PrintCutInfo] secondLepton_Pt	>	55
CF	0 +- 0
Fake	0.188732 +- 0.177042
Prompt	4.22244 +- 1.35514
=> total bkg = 4.41117
Signal	Yield	Efficiency	Efficiency@Presel	Punzi
HNMuEl_250	1.07959	0.0201917	2.81819e-05	2.56622e-06
=====================================================================


!!!!!!!!!!!!!!!!!
!!!! UPDATED !!!!
!!!!!!!!!!!!!!!!!

[CutInfo::PrintCutInfo] leadingLepton_Pt	>	75
[CutInfo::PrintCutInfo] ljj	|<	375
[CutInfo::PrintCutInfo] ljj	|>	50
[CutInfo::PrintCutInfo] secondLepton_Pt	>	55
CF	0 +- 0
Fake	0.18886 +- 0.177054
Prompt	4.17679 +- 1.33767
=> total bkg = 4.36565
Signal	Yield	Efficiency	Efficiency@Presel	Punzi
HNMuEl_250	1.07655	0.0201167	2.81024e-05	2.57259e-06
=====================================================================


!!!!!!!!!!!!!!!!!
!!!! UPDATED !!!!
!!!!!!!!!!!!!!!!!

[CutInfo::PrintCutInfo] leadingLepton_Pt	>	75
[CutInfo::PrintCutInfo] ljj	|<	370
[CutInfo::PrintCutInfo] ljj	|>	50
[CutInfo::PrintCutInfo] secondLepton_Pt	>	55
CF	0 +- 0
Fake	0.190428 +- 0.177204
Prompt	4.09222 +- 1.31999
=> total bkg = 4.28265
Signal	Yield	Efficiency	Efficiency@Presel	Punzi
HNMuEl_250	1.07371	0.020075	2.80284e-05	2.58528e-06
=====================================================================


!!!!!!!!!!!!!!!!!
!!!! UPDATED !!!!
!!!!!!!!!!!!!!!!!

[CutInfo::PrintCutInfo] leadingLepton_Pt	>	75
[CutInfo::PrintCutInfo] ljj	|<	365
[CutInfo::PrintCutInfo] ljj	|>	50
[CutInfo::PrintCutInfo] secondLepton_Pt	>	55
CF	0 +- 0
Fake	0.190731 +- 0.177233
Prompt	3.49831 +- 1.14562
=> total bkg = 3.68904
Signal	Yield	Efficiency	Efficiency@Presel	Punzi
HNMuEl_250	1.07162	0.0200417	2.79739e-05	2.75333e-06
=====================================================================


!!!!!!!!!!!!!!!!!
!!!! UPDATED !!!!
!!!!!!!!!!!!!!!!!

[CutInfo::PrintCutInfo] leadingLepton_Pt	>	75
[CutInfo::PrintCutInfo] ljj	|<	360
[CutInfo::PrintCutInfo] ljj	|>	50
[CutInfo::PrintCutInfo] secondLepton_Pt	>	55
CF	0 +- 0
Fake	0.191663 +- 0.177323
Prompt	3.446 +- 1.12436
=> total bkg = 3.63766
Signal	Yield	Efficiency	Efficiency@Presel	Punzi
HNMuEl_250	1.07015	0.0200167	2.79355e-05	2.7686e-06
=====================================================================


!!!!!!!!!!!!!!!!!
!!!! UPDATED !!!!
!!!!!!!!!!!!!!!!!

[CutInfo::PrintCutInfo] leadingLepton_Pt	>	75
[CutInfo::PrintCutInfo] ljj	|<	355
[CutInfo::PrintCutInfo] ljj	|>	50
[CutInfo::PrintCutInfo] secondLepton_Pt	>	55
CF	0 +- 0
Fake	0.249284 +- 0.176757
Prompt	2.85217 +- 0.918885
=> total bkg = 3.10146
Signal	Yield	Efficiency	Efficiency@Presel	Punzi
HNMuEl_250	1.06877	0.0199917	2.78995e-05	2.97451e-06
=====================================================================


!!!!!!!!!!!!!!!!!
!!!! UPDATED !!!!
!!!!!!!!!!!!!!!!!

[CutInfo::PrintCutInfo] leadingLepton_Pt	>	75
[CutInfo::PrintCutInfo] ljj	|<	350
[CutInfo::PrintCutInfo] ljj	|>	50
[CutInfo::PrintCutInfo] secondLepton_Pt	>	55
CF	0 +- 0
Fake	0.249336 +- 0.176764
Prompt	2.73189 +- 0.891806
=> total bkg = 2.98122
Signal	Yield	Efficiency	Efficiency@Presel	Punzi
HNMuEl_250	1.06635	0.01995	2.78362e-05	3.0109e-06
=====================================================================


!!!!!!!!!!!!!!!!!
!!!! UPDATED !!!!
!!!!!!!!!!!!!!!!!

[CutInfo::PrintCutInfo] leadingLepton_Pt	>	75
[CutInfo::PrintCutInfo] ljj	|<	345
[CutInfo::PrintCutInfo] ljj	|>	50
[CutInfo::PrintCutInfo] secondLepton_Pt	>	55
CF	0 +- 0
Fake	0.251309 +- 0.17701
Prompt	2.60678 +- 0.862681
=> total bkg = 2.85809
Signal	Yield	Efficiency	Efficiency@Presel	Punzi
HNMuEl_250	1.06203	0.0198833	2.77235e-05	3.04529e-06
=====================================================================


!!!!!!!!!!!!!!!!!
!!!! UPDATED !!!!
!!!!!!!!!!!!!!!!!

[CutInfo::PrintCutInfo] leadingLepton_Pt	>	75
[CutInfo::PrintCutInfo] ljj	|<	340
[CutInfo::PrintCutInfo] ljj	|>	50
[CutInfo::PrintCutInfo] secondLepton_Pt	>	55
CF	0 +- 0
Fake	0.263269 +- 0.178397
Prompt	2.45428 +- 0.825021
=> total bkg = 2.71755
Signal	Yield	Efficiency	Efficiency@Presel	Punzi
HNMuEl_250	1.0581	0.0198167	2.76208e-05	3.09164e-06
=====================================================================


!!!!!!!!!!!!!!!!!
!!!! UPDATED !!!!
!!!!!!!!!!!!!!!!!

[CutInfo::PrintCutInfo] leadingLepton_Pt	>	75
[CutInfo::PrintCutInfo] ljj	|<	335
[CutInfo::PrintCutInfo] ljj	|>	50
[CutInfo::PrintCutInfo] secondLepton_Pt	>	55
CF	0 +- 0
Fake	0.263269 +- 0.178397
Prompt	2.38467 +- 0.79213
=> total bkg = 2.64794
Signal	Yield	Efficiency	Efficiency@Presel	Punzi
HNMuEl_250	1.05564	0.0197583	2.75568e-05	3.12109e-06
=====================================================================


!!!!!!!!!!!!!!!!!
!!!! UPDATED !!!!
!!!!!!!!!!!!!!!!!

[CutInfo::PrintCutInfo] leadingLepton_Pt	>	75
[CutInfo::PrintCutInfo] ljj	|<	330
[CutInfo::PrintCutInfo] ljj	|>	50
[CutInfo::PrintCutInfo] secondLepton_Pt	>	55
CF	0 +- 0
Fake	0.263803 +- 0.178467
Prompt	2.3315 +- 0.767762
=> total bkg = 2.59531
Signal	Yield	Efficiency	Efficiency@Presel	Punzi
HNMuEl_250	1.05097	0.0196833	2.74347e-05	3.13517e-06
=====================================================================


!!!!!!!!!!!!!!!!!
!!!! UPDATED !!!!
!!!!!!!!!!!!!!!!!

[CutInfo::PrintCutInfo] leadingLepton_Pt	>	75
[CutInfo::PrintCutInfo] ljj	|<	325
[CutInfo::PrintCutInfo] ljj	|>	50
[CutInfo::PrintCutInfo] secondLepton_Pt	>	55
CF	0 +- 0
Fake	0.264369 +- 0.178542
Prompt	2.19951 +- 0.735638
=> total bkg = 2.46388
Signal	Yield	Efficiency	Efficiency@Presel	Punzi
HNMuEl_250	1.04844	0.0196083	2.73687e-05	3.18557e-06
=====================================================================


!!!!!!!!!!!!!!!!!
!!!! UPDATED !!!!
!!!!!!!!!!!!!!!!!

[CutInfo::PrintCutInfo] leadingLepton_Pt	>	75
[CutInfo::PrintCutInfo] ljj	|<	320
[CutInfo::PrintCutInfo] ljj	|>	50
[CutInfo::PrintCutInfo] secondLepton_Pt	>	55
CF	0 +- 0
Fake	0.268567 +- 0.179069
Prompt	2.11224 +- 0.694372
=> total bkg = 2.38081
Signal	Yield	Efficiency	Efficiency@Presel	Punzi
HNMuEl_250	1.04663	0.0195583	2.73215e-05	3.22858e-06
=====================================================================


!!!!!!!!!!!!!!!!!
!!!! UPDATED !!!!
!!!!!!!!!!!!!!!!!

[CutInfo::PrintCutInfo] leadingLepton_Pt	>	75
[CutInfo::PrintCutInfo] ljj	|<	315
[CutInfo::PrintCutInfo] ljj	|>	50
[CutInfo::PrintCutInfo] secondLepton_Pt	>	55
CF	0 +- 0
Fake	0.271612 +- 0.179472
Prompt	2.06746 +- 0.67729
=> total bkg = 2.33907
Signal	Yield	Efficiency	Efficiency@Presel	Punzi
HNMuEl_250	1.04462	0.0195333	2.72691e-05	3.24547e-06
=====================================================================


!!!!!!!!!!!!!!!!!
!!!! UPDATED !!!!
!!!!!!!!!!!!!!!!!

[CutInfo::PrintCutInfo] leadingLepton_Pt	>	75
[CutInfo::PrintCutInfo] ljj	|<	310
[CutInfo::PrintCutInfo] ljj	|>	50
[CutInfo::PrintCutInfo] secondLepton_Pt	>	55
CF	0 +- 0
Fake	0.27185 +- 0.179505
Prompt	1.98266 +- 0.641594
=> total bkg = 2.25451
Signal	Yield	Efficiency	Efficiency@Presel	Punzi
HNMuEl_250	1.03874	0.01945	2.71154e-05	3.27553e-06
=====================================================================


!!!!!!!!!!!!!!!!!
!!!! UPDATED !!!!
!!!!!!!!!!!!!!!!!

[CutInfo::PrintCutInfo] leadingLepton_Pt	>	75
[CutInfo::PrintCutInfo] ljj	|<	290
[CutInfo::PrintCutInfo] ljj	|>	50
[CutInfo::PrintCutInfo] secondLepton_Pt	>	55
CF	0 +- 0
Fake	0.298199 +- 0.182802
Prompt	1.7026 +- 0.549686
=> total bkg = 2.0008
Signal	Yield	Efficiency	Efficiency@Presel	Punzi
HNMuEl_250	0.99945	0.0186833	2.60899e-05	3.29392e-06
=====================================================================


!!!!!!!!!!!!!!!!!
!!!! UPDATED !!!!
!!!!!!!!!!!!!!!!!

[CutInfo::PrintCutInfo] leadingLepton_Pt	>	75
[CutInfo::PrintCutInfo] ljj	|<	285
[CutInfo::PrintCutInfo] ljj	|>	50
[CutInfo::PrintCutInfo] secondLepton_Pt	>	55
CF	0 +- 0
Fake	0.242515 +- 0.165417
Prompt	1.51952 +- 0.490732
=> total bkg = 1.76203
Signal	Yield	Efficiency	Efficiency@Presel	Punzi
HNMuEl_250	0.979696	0.0183083	2.55742e-05	3.36685e-06
=====================================================================

####################################################
TIME STAMP : [2018/1/16 21:4:41] 100 / 3721 (2.68745 %)
####################################################
[CutInfo::PrintCutInfo] leadingLepton_Pt	>	75
[CutInfo::PrintCutInfo] ljj	|<	285
[CutInfo::PrintCutInfo] ljj	|>	50
[CutInfo::PrintCutInfo] secondLepton_Pt	>	55

!!!!!!!!!!!!!!!!!
!!!! UPDATED !!!!
!!!!!!!!!!!!!!!!!

[CutInfo::PrintCutInfo] leadingLepton_Pt	>	75
[CutInfo::PrintCutInfo] ljj	|<	285
[CutInfo::PrintCutInfo] ljj	|>	53.3333
[CutInfo::PrintCutInfo] secondLepton_Pt	>	55
CF	0 +- 0
Fake	0.242515 +- 0.165417
Prompt	1.51952 +- 0.490732
=> total bkg = 1.76203
Signal	Yield	Efficiency	Efficiency@Presel	Punzi
HNMuEl_250	0.979696	0.0183083	2.55742e-05	3.36685e-06
=====================================================================


!!!!!!!!!!!!!!!!!
!!!! UPDATED !!!!
!!!!!!!!!!!!!!!!!

[CutInfo::PrintCutInfo] leadingLepton_Pt	>	75
[CutInfo::PrintCutInfo] ljj	|<	285
[CutInfo::PrintCutInfo] ljj	|>	56.6667
[CutInfo::PrintCutInfo] secondLepton_Pt	>	55
CF	0 +- 0
Fake	0.242515 +- 0.165417
Prompt	1.51952 +- 0.490732
=> total bkg = 1.76203
Signal	Yield	Efficiency	Efficiency@Presel	Punzi
HNMuEl_250	0.979696	0.0183083	2.55742e-05	3.36685e-06
=====================================================================

####################################################
TIME STAMP : [2018/1/16 21:4:53] 200 / 3721 (5.3749 %)
####################################################
[CutInfo::PrintCutInfo] leadingLepton_Pt	>	75
[CutInfo::PrintCutInfo] ljj	|<	285
[CutInfo::PrintCutInfo] ljj	|>	56.6667
[CutInfo::PrintCutInfo] secondLepton_Pt	>	55

!!!!!!!!!!!!!!!!!
!!!! UPDATED !!!!
!!!!!!!!!!!!!!!!!

[CutInfo::PrintCutInfo] leadingLepton_Pt	>	75
[CutInfo::PrintCutInfo] ljj	|<	285
[CutInfo::PrintCutInfo] ljj	|>	60
[CutInfo::PrintCutInfo] secondLepton_Pt	>	55
CF	0 +- 0
Fake	0.242515 +- 0.165417
Prompt	1.51952 +- 0.490732
=> total bkg = 1.76203
Signal	Yield	Efficiency	Efficiency@Presel	Punzi
HNMuEl_250	0.979696	0.0183083	2.55742e-05	3.36685e-06
=====================================================================


!!!!!!!!!!!!!!!!!
!!!! UPDATED !!!!
!!!!!!!!!!!!!!!!!

[CutInfo::PrintCutInfo] leadingLepton_Pt	>	75
[CutInfo::PrintCutInfo] ljj	|<	285
[CutInfo::PrintCutInfo] ljj	|>	63.3333
[CutInfo::PrintCutInfo] secondLepton_Pt	>	55
CF	0 +- 0
Fake	0.242515 +- 0.165417
Prompt	1.51952 +- 0.490732
=> total bkg = 1.76203
Signal	Yield	Efficiency	Efficiency@Presel	Punzi
HNMuEl_250	0.979696	0.0183083	2.55742e-05	3.36685e-06
=====================================================================

####################################################
TIME STAMP : [2018/1/16 21:5:5] 300 / 3721 (8.06235 %)
####################################################
[CutInfo::PrintCutInfo] leadingLepton_Pt	>	75
[CutInfo::PrintCutInfo] ljj	|<	285
[CutInfo::PrintCutInfo] ljj	|>	63.3333
[CutInfo::PrintCutInfo] secondLepton_Pt	>	55

!!!!!!!!!!!!!!!!!
!!!! UPDATED !!!!
!!!!!!!!!!!!!!!!!

[CutInfo::PrintCutInfo] leadingLepton_Pt	>	75
[CutInfo::PrintCutInfo] ljj	|<	285
[CutInfo::PrintCutInfo] ljj	|>	66.6667
[CutInfo::PrintCutInfo] secondLepton_Pt	>	55
CF	0 +- 0
Fake	0.242515 +- 0.165417
Prompt	1.51952 +- 0.490732
=> total bkg = 1.76203
Signal	Yield	Efficiency	Efficiency@Presel	Punzi
HNMuEl_250	0.979696	0.0183083	2.55742e-05	3.36685e-06
=====================================================================

####################################################
TIME STAMP : [2018/1/16 21:5:18] 400 / 3721 (10.7498 %)
####################################################
[CutInfo::PrintCutInfo] leadingLepton_Pt	>	75
[CutInfo::PrintCutInfo] ljj	|<	285
[CutInfo::PrintCutInfo] ljj	|>	66.6667
[CutInfo::PrintCutInfo] secondLepton_Pt	>	55

!!!!!!!!!!!!!!!!!
!!!! UPDATED !!!!
!!!!!!!!!!!!!!!!!

[CutInfo::PrintCutInfo] leadingLepton_Pt	>	75
[CutInfo::PrintCutInfo] ljj	|<	285
[CutInfo::PrintCutInfo] ljj	|>	70
[CutInfo::PrintCutInfo] secondLepton_Pt	>	55
CF	0 +- 0
Fake	0.242515 +- 0.165417
Prompt	1.51952 +- 0.490732
=> total bkg = 1.76203
Signal	Yield	Efficiency	Efficiency@Presel	Punzi
HNMuEl_250	0.979696	0.0183083	2.55742e-05	3.36685e-06
=====================================================================


!!!!!!!!!!!!!!!!!
!!!! UPDATED !!!!
!!!!!!!!!!!!!!!!!

[CutInfo::PrintCutInfo] leadingLepton_Pt	>	75
[CutInfo::PrintCutInfo] ljj	|<	285
[CutInfo::PrintCutInfo] ljj	|>	73.3333
[CutInfo::PrintCutInfo] secondLepton_Pt	>	55
CF	0 +- 0
Fake	0.242515 +- 0.165417
Prompt	1.51952 +- 0.490732
=> total bkg = 1.76203
Signal	Yield	Efficiency	Efficiency@Presel	Punzi
HNMuEl_250	0.979696	0.0183083	2.55742e-05	3.36685e-06
=====================================================================

####################################################
TIME STAMP : [2018/1/16 21:5:30] 500 / 3721 (13.4372 %)
####################################################
[CutInfo::PrintCutInfo] leadingLepton_Pt	>	75
[CutInfo::PrintCutInfo] ljj	|<	285
[CutInfo::PrintCutInfo] ljj	|>	73.3333
[CutInfo::PrintCutInfo] secondLepton_Pt	>	55

!!!!!!!!!!!!!!!!!
!!!! UPDATED !!!!
!!!!!!!!!!!!!!!!!

[CutInfo::PrintCutInfo] leadingLepton_Pt	>	75
[CutInfo::PrintCutInfo] ljj	|<	285
[CutInfo::PrintCutInfo] ljj	|>	76.6667
[CutInfo::PrintCutInfo] secondLepton_Pt	>	55
CF	0 +- 0
Fake	0.242515 +- 0.165417
Prompt	1.51952 +- 0.490732
=> total bkg = 1.76203
Signal	Yield	Efficiency	Efficiency@Presel	Punzi
HNMuEl_250	0.979696	0.0183083	2.55742e-05	3.36685e-06
=====================================================================

####################################################
TIME STAMP : [2018/1/16 21:5:43] 600 / 3721 (16.1247 %)
####################################################
[CutInfo::PrintCutInfo] leadingLepton_Pt	>	75
[CutInfo::PrintCutInfo] ljj	|<	285
[CutInfo::PrintCutInfo] ljj	|>	76.6667
[CutInfo::PrintCutInfo] secondLepton_Pt	>	55

!!!!!!!!!!!!!!!!!
!!!! UPDATED !!!!
!!!!!!!!!!!!!!!!!

[CutInfo::PrintCutInfo] leadingLepton_Pt	>	75
[CutInfo::PrintCutInfo] ljj	|<	285
[CutInfo::PrintCutInfo] ljj	|>	80
[CutInfo::PrintCutInfo] secondLepton_Pt	>	55
CF	0 +- 0
Fake	0.242515 +- 0.165417
Prompt	1.51952 +- 0.490732
=> total bkg = 1.76203
Signal	Yield	Efficiency	Efficiency@Presel	Punzi
HNMuEl_250	0.979696	0.0183083	2.55742e-05	3.36685e-06
=====================================================================


!!!!!!!!!!!!!!!!!
!!!! UPDATED !!!!
!!!!!!!!!!!!!!!!!

[CutInfo::PrintCutInfo] leadingLepton_Pt	>	75
[CutInfo::PrintCutInfo] ljj	|<	285
[CutInfo::PrintCutInfo] ljj	|>	83.3333
[CutInfo::PrintCutInfo] secondLepton_Pt	>	55
CF	0 +- 0
Fake	0.242515 +- 0.165417
Prompt	1.51952 +- 0.490732
=> total bkg = 1.76203
Signal	Yield	Efficiency	Efficiency@Presel	Punzi
HNMuEl_250	0.979696	0.0183083	2.55742e-05	3.36685e-06
=====================================================================

####################################################
TIME STAMP : [2018/1/16 21:5:55] 700 / 3721 (18.8121 %)
####################################################
[CutInfo::PrintCutInfo] leadingLepton_Pt	>	75
[CutInfo::PrintCutInfo] ljj	|<	285
[CutInfo::PrintCutInfo] ljj	|>	83.3333
[CutInfo::PrintCutInfo] secondLepton_Pt	>	55

!!!!!!!!!!!!!!!!!
!!!! UPDATED !!!!
!!!!!!!!!!!!!!!!!

[CutInfo::PrintCutInfo] leadingLepton_Pt	>	75
[CutInfo::PrintCutInfo] ljj	|<	285
[CutInfo::PrintCutInfo] ljj	|>	86.6667
[CutInfo::PrintCutInfo] secondLepton_Pt	>	55
CF	0 +- 0
Fake	0.242515 +- 0.165417
Prompt	1.51952 +- 0.490732
=> total bkg = 1.76203
Signal	Yield	Efficiency	Efficiency@Presel	Punzi
HNMuEl_250	0.979696	0.0183083	2.55742e-05	3.36685e-06
=====================================================================


!!!!!!!!!!!!!!!!!
!!!! UPDATED !!!!
!!!!!!!!!!!!!!!!!

[CutInfo::PrintCutInfo] leadingLepton_Pt	>	75
[CutInfo::PrintCutInfo] ljj	|<	285
[CutInfo::PrintCutInfo] ljj	|>	90
[CutInfo::PrintCutInfo] secondLepton_Pt	>	55
CF	0 +- 0
Fake	0.242515 +- 0.165417
Prompt	1.51952 +- 0.490732
=> total bkg = 1.76203
Signal	Yield	Efficiency	Efficiency@Presel	Punzi
HNMuEl_250	0.979696	0.0183083	2.55742e-05	3.36685e-06
=====================================================================

####################################################
TIME STAMP : [2018/1/16 21:6:8] 800 / 3721 (21.4996 %)
####################################################
[CutInfo::PrintCutInfo] leadingLepton_Pt	>	75
[CutInfo::PrintCutInfo] ljj	|<	285
[CutInfo::PrintCutInfo] ljj	|>	90
[CutInfo::PrintCutInfo] secondLepton_Pt	>	55

!!!!!!!!!!!!!!!!!
!!!! UPDATED !!!!
!!!!!!!!!!!!!!!!!

[CutInfo::PrintCutInfo] leadingLepton_Pt	>	75
[CutInfo::PrintCutInfo] ljj	|<	285
[CutInfo::PrintCutInfo] ljj	|>	93.3333
[CutInfo::PrintCutInfo] secondLepton_Pt	>	55
CF	0 +- 0
Fake	0.242515 +- 0.165417
Prompt	1.51952 +- 0.490732
=> total bkg = 1.76203
Signal	Yield	Efficiency	Efficiency@Presel	Punzi
HNMuEl_250	0.979696	0.0183083	2.55742e-05	3.36685e-06
=====================================================================

####################################################
TIME STAMP : [2018/1/16 21:6:20] 900 / 3721 (24.187 %)
####################################################
[CutInfo::PrintCutInfo] leadingLepton_Pt	>	75
[CutInfo::PrintCutInfo] ljj	|<	285
[CutInfo::PrintCutInfo] ljj	|>	93.3333
[CutInfo::PrintCutInfo] secondLepton_Pt	>	55

!!!!!!!!!!!!!!!!!
!!!! UPDATED !!!!
!!!!!!!!!!!!!!!!!

[CutInfo::PrintCutInfo] leadingLepton_Pt	>	75
[CutInfo::PrintCutInfo] ljj	|<	285
[CutInfo::PrintCutInfo] ljj	|>	96.6667
[CutInfo::PrintCutInfo] secondLepton_Pt	>	55
CF	0 +- 0
Fake	0.242515 +- 0.165417
Prompt	1.51952 +- 0.490732
=> total bkg = 1.76203
Signal	Yield	Efficiency	Efficiency@Presel	Punzi
HNMuEl_250	0.979696	0.0183083	2.55742e-05	3.36685e-06
=====================================================================


!!!!!!!!!!!!!!!!!
!!!! UPDATED !!!!
!!!!!!!!!!!!!!!!!

[CutInfo::PrintCutInfo] leadingLepton_Pt	>	75
[CutInfo::PrintCutInfo] ljj	|<	285
[CutInfo::PrintCutInfo] ljj	|>	100
[CutInfo::PrintCutInfo] secondLepton_Pt	>	55
CF	0 +- 0
Fake	0.242515 +- 0.165417
Prompt	1.51952 +- 0.490732
=> total bkg = 1.76203
Signal	Yield	Efficiency	Efficiency@Presel	Punzi
HNMuEl_250	0.979696	0.0183083	2.55742e-05	3.36685e-06
=====================================================================

####################################################
TIME STAMP : [2018/1/16 21:6:32] 1000 / 3721 (26.8745 %)
####################################################
[CutInfo::PrintCutInfo] leadingLepton_Pt	>	75
[CutInfo::PrintCutInfo] ljj	|<	285
[CutInfo::PrintCutInfo] ljj	|>	100
[CutInfo::PrintCutInfo] secondLepton_Pt	>	55

!!!!!!!!!!!!!!!!!
!!!! UPDATED !!!!
!!!!!!!!!!!!!!!!!

[CutInfo::PrintCutInfo] leadingLepton_Pt	>	75
[CutInfo::PrintCutInfo] ljj	|<	285
[CutInfo::PrintCutInfo] ljj	|>	103.333
[CutInfo::PrintCutInfo] secondLepton_Pt	>	55
CF	0 +- 0
Fake	0.242515 +- 0.165417
Prompt	1.51952 +- 0.490732
=> total bkg = 1.76203
Signal	Yield	Efficiency	Efficiency@Presel	Punzi
HNMuEl_250	0.979696	0.0183083	2.55742e-05	3.36685e-06
=====================================================================


!!!!!!!!!!!!!!!!!
!!!! UPDATED !!!!
!!!!!!!!!!!!!!!!!

[CutInfo::PrintCutInfo] leadingLepton_Pt	>	75
[CutInfo::PrintCutInfo] ljj	|<	285
[CutInfo::PrintCutInfo] ljj	|>	106.667
[CutInfo::PrintCutInfo] secondLepton_Pt	>	55
CF	0 +- 0
Fake	0.242515 +- 0.165417
Prompt	1.51952 +- 0.490732
=> total bkg = 1.76203
Signal	Yield	Efficiency	Efficiency@Presel	Punzi
HNMuEl_250	0.979696	0.0183083	2.55742e-05	3.36685e-06
=====================================================================

####################################################
TIME STAMP : [2018/1/16 21:6:45] 1100 / 3721 (29.5619 %)
####################################################
[CutInfo::PrintCutInfo] leadingLepton_Pt	>	75
[CutInfo::PrintCutInfo] ljj	|<	285
[CutInfo::PrintCutInfo] ljj	|>	106.667
[CutInfo::PrintCutInfo] secondLepton_Pt	>	55

!!!!!!!!!!!!!!!!!
!!!! UPDATED !!!!
!!!!!!!!!!!!!!!!!

[CutInfo::PrintCutInfo] leadingLepton_Pt	>	75
[CutInfo::PrintCutInfo] ljj	|<	285
[CutInfo::PrintCutInfo] ljj	|>	110
[CutInfo::PrintCutInfo] secondLepton_Pt	>	55
CF	0 +- 0
Fake	0.242515 +- 0.165417
Prompt	1.51952 +- 0.490732
=> total bkg = 1.76203
Signal	Yield	Efficiency	Efficiency@Presel	Punzi
HNMuEl_250	0.979696	0.0183083	2.55742e-05	3.36685e-06
=====================================================================

####################################################
TIME STAMP : [2018/1/16 21:6:57] 1200 / 3721 (32.2494 %)
####################################################
[CutInfo::PrintCutInfo] leadingLepton_Pt	>	75
[CutInfo::PrintCutInfo] ljj	|<	285
[CutInfo::PrintCutInfo] ljj	|>	110
[CutInfo::PrintCutInfo] secondLepton_Pt	>	55

!!!!!!!!!!!!!!!!!
!!!! UPDATED !!!!
!!!!!!!!!!!!!!!!!

[CutInfo::PrintCutInfo] leadingLepton_Pt	>	75
[CutInfo::PrintCutInfo] ljj	|<	285
[CutInfo::PrintCutInfo] ljj	|>	113.333
[CutInfo::PrintCutInfo] secondLepton_Pt	>	55
CF	0 +- 0
Fake	0.242515 +- 0.165417
Prompt	1.51952 +- 0.490732
=> total bkg = 1.76203
Signal	Yield	Efficiency	Efficiency@Presel	Punzi
HNMuEl_250	0.979696	0.0183083	2.55742e-05	3.36685e-06
=====================================================================


!!!!!!!!!!!!!!!!!
!!!! UPDATED !!!!
!!!!!!!!!!!!!!!!!

[CutInfo::PrintCutInfo] leadingLepton_Pt	>	75
[CutInfo::PrintCutInfo] ljj	|<	285
[CutInfo::PrintCutInfo] ljj	|>	116.667
[CutInfo::PrintCutInfo] secondLepton_Pt	>	55
CF	0 +- 0
Fake	0.242515 +- 0.165417
Prompt	1.51952 +- 0.490732
=> total bkg = 1.76203
Signal	Yield	Efficiency	Efficiency@Presel	Punzi
HNMuEl_250	0.979696	0.0183083	2.55742e-05	3.36685e-06
=====================================================================

####################################################
TIME STAMP : [2018/1/16 21:7:10] 1300 / 3721 (34.9368 %)
####################################################
[CutInfo::PrintCutInfo] leadingLepton_Pt	>	75
[CutInfo::PrintCutInfo] ljj	|<	285
[CutInfo::PrintCutInfo] ljj	|>	116.667
[CutInfo::PrintCutInfo] secondLepton_Pt	>	55

!!!!!!!!!!!!!!!!!
!!!! UPDATED !!!!
!!!!!!!!!!!!!!!!!

[CutInfo::PrintCutInfo] leadingLepton_Pt	>	75
[CutInfo::PrintCutInfo] ljj	|<	285
[CutInfo::PrintCutInfo] ljj	|>	120
[CutInfo::PrintCutInfo] secondLepton_Pt	>	55
CF	0 +- 0
Fake	0.242515 +- 0.165417
Prompt	1.51952 +- 0.490732
=> total bkg = 1.76203
Signal	Yield	Efficiency	Efficiency@Presel	Punzi
HNMuEl_250	0.979696	0.0183083	2.55742e-05	3.36685e-06
=====================================================================


!!!!!!!!!!!!!!!!!
!!!! UPDATED !!!!
!!!!!!!!!!!!!!!!!

[CutInfo::PrintCutInfo] leadingLepton_Pt	>	75
[CutInfo::PrintCutInfo] ljj	|<	285
[CutInfo::PrintCutInfo] ljj	|>	123.333
[CutInfo::PrintCutInfo] secondLepton_Pt	>	55
CF	0 +- 0
Fake	0.242515 +- 0.165417
Prompt	1.51952 +- 0.490732
=> total bkg = 1.76203
Signal	Yield	Efficiency	Efficiency@Presel	Punzi
HNMuEl_250	0.979696	0.0183083	2.55742e-05	3.36685e-06
=====================================================================

####################################################
TIME STAMP : [2018/1/16 21:7:22] 1400 / 3721 (37.6243 %)
####################################################
[CutInfo::PrintCutInfo] leadingLepton_Pt	>	75
[CutInfo::PrintCutInfo] ljj	|<	285
[CutInfo::PrintCutInfo] ljj	|>	123.333
[CutInfo::PrintCutInfo] secondLepton_Pt	>	55

!!!!!!!!!!!!!!!!!
!!!! UPDATED !!!!
!!!!!!!!!!!!!!!!!

[CutInfo::PrintCutInfo] leadingLepton_Pt	>	75
[CutInfo::PrintCutInfo] ljj	|<	285
[CutInfo::PrintCutInfo] ljj	|>	126.667
[CutInfo::PrintCutInfo] secondLepton_Pt	>	55
CF	0 +- 0
Fake	0.242515 +- 0.165417
Prompt	1.51952 +- 0.490732
=> total bkg = 1.76203
Signal	Yield	Efficiency	Efficiency@Presel	Punzi
HNMuEl_250	0.979696	0.0183083	2.55742e-05	3.36685e-06
=====================================================================

####################################################
TIME STAMP : [2018/1/16 21:7:35] 1500 / 3721 (40.3117 %)
####################################################
[CutInfo::PrintCutInfo] leadingLepton_Pt	>	75
[CutInfo::PrintCutInfo] ljj	|<	285
[CutInfo::PrintCutInfo] ljj	|>	126.667
[CutInfo::PrintCutInfo] secondLepton_Pt	>	55

!!!!!!!!!!!!!!!!!
!!!! UPDATED !!!!
!!!!!!!!!!!!!!!!!

[CutInfo::PrintCutInfo] leadingLepton_Pt	>	75
[CutInfo::PrintCutInfo] ljj	|<	285
[CutInfo::PrintCutInfo] ljj	|>	130
[CutInfo::PrintCutInfo] secondLepton_Pt	>	55
CF	0 +- 0
Fake	0.242515 +- 0.165417
Prompt	1.51952 +- 0.490732
=> total bkg = 1.76203
Signal	Yield	Efficiency	Efficiency@Presel	Punzi
HNMuEl_250	0.979696	0.0183083	2.55742e-05	3.36685e-06
=====================================================================


!!!!!!!!!!!!!!!!!
!!!! UPDATED !!!!
!!!!!!!!!!!!!!!!!

[CutInfo::PrintCutInfo] leadingLepton_Pt	>	75
[CutInfo::PrintCutInfo] ljj	|<	285
[CutInfo::PrintCutInfo] ljj	|>	133.333
[CutInfo::PrintCutInfo] secondLepton_Pt	>	55
CF	0 +- 0
Fake	0.242515 +- 0.165417
Prompt	1.51952 +- 0.490732
=> total bkg = 1.76203
Signal	Yield	Efficiency	Efficiency@Presel	Punzi
HNMuEl_250	0.979696	0.0183083	2.55742e-05	3.36685e-06
=====================================================================

####################################################
TIME STAMP : [2018/1/16 21:7:47] 1600 / 3721 (42.9992 %)
####################################################
[CutInfo::PrintCutInfo] leadingLepton_Pt	>	75
[CutInfo::PrintCutInfo] ljj	|<	285
[CutInfo::PrintCutInfo] ljj	|>	133.333
[CutInfo::PrintCutInfo] secondLepton_Pt	>	55

!!!!!!!!!!!!!!!!!
!!!! UPDATED !!!!
!!!!!!!!!!!!!!!!!

[CutInfo::PrintCutInfo] leadingLepton_Pt	>	75
[CutInfo::PrintCutInfo] ljj	|<	285
[CutInfo::PrintCutInfo] ljj	|>	136.667
[CutInfo::PrintCutInfo] secondLepton_Pt	>	55
CF	0 +- 0
Fake	0.242515 +- 0.165417
Prompt	1.51952 +- 0.490732
=> total bkg = 1.76203
Signal	Yield	Efficiency	Efficiency@Presel	Punzi
HNMuEl_250	0.979696	0.0183083	2.55742e-05	3.36685e-06
=====================================================================

####################################################
TIME STAMP : [2018/1/16 21:7:59] 1700 / 3721 (45.6866 %)
####################################################
[CutInfo::PrintCutInfo] leadingLepton_Pt	>	75
[CutInfo::PrintCutInfo] ljj	|<	285
[CutInfo::PrintCutInfo] ljj	|>	136.667
[CutInfo::PrintCutInfo] secondLepton_Pt	>	55

!!!!!!!!!!!!!!!!!
!!!! UPDATED !!!!
!!!!!!!!!!!!!!!!!

[CutInfo::PrintCutInfo] leadingLepton_Pt	>	75
[CutInfo::PrintCutInfo] ljj	|<	285
[CutInfo::PrintCutInfo] ljj	|>	140
[CutInfo::PrintCutInfo] secondLepton_Pt	>	55
CF	0 +- 0
Fake	0.242515 +- 0.165417
Prompt	1.51952 +- 0.490732
=> total bkg = 1.76203
Signal	Yield	Efficiency	Efficiency@Presel	Punzi
HNMuEl_250	0.979696	0.0183083	2.55742e-05	3.36685e-06
=====================================================================


!!!!!!!!!!!!!!!!!
!!!! UPDATED !!!!
!!!!!!!!!!!!!!!!!

[CutInfo::PrintCutInfo] leadingLepton_Pt	>	75
[CutInfo::PrintCutInfo] ljj	|<	285
[CutInfo::PrintCutInfo] ljj	|>	143.333
[CutInfo::PrintCutInfo] secondLepton_Pt	>	55
CF	0 +- 0
Fake	0.242515 +- 0.165417
Prompt	1.51952 +- 0.490732
=> total bkg = 1.76203
Signal	Yield	Efficiency	Efficiency@Presel	Punzi
HNMuEl_250	0.979696	0.0183083	2.55742e-05	3.36685e-06
=====================================================================

####################################################
TIME STAMP : [2018/1/16 21:8:12] 1800 / 3721 (48.3741 %)
####################################################
[CutInfo::PrintCutInfo] leadingLepton_Pt	>	75
[CutInfo::PrintCutInfo] ljj	|<	285
[CutInfo::PrintCutInfo] ljj	|>	143.333
[CutInfo::PrintCutInfo] secondLepton_Pt	>	55

!!!!!!!!!!!!!!!!!
!!!! UPDATED !!!!
!!!!!!!!!!!!!!!!!

[CutInfo::PrintCutInfo] leadingLepton_Pt	>	75
[CutInfo::PrintCutInfo] ljj	|<	285
[CutInfo::PrintCutInfo] ljj	|>	146.667
[CutInfo::PrintCutInfo] secondLepton_Pt	>	55
CF	0 +- 0
Fake	0.242515 +- 0.165417
Prompt	1.51952 +- 0.490732
=> total bkg = 1.76203
Signal	Yield	Efficiency	Efficiency@Presel	Punzi
HNMuEl_250	0.979696	0.0183083	2.55742e-05	3.36685e-06
=====================================================================


!!!!!!!!!!!!!!!!!
!!!! UPDATED !!!!
!!!!!!!!!!!!!!!!!

[CutInfo::PrintCutInfo] leadingLepton_Pt	>	75
[CutInfo::PrintCutInfo] ljj	|<	285
[CutInfo::PrintCutInfo] ljj	|>	150
[CutInfo::PrintCutInfo] secondLepton_Pt	>	55
CF	0 +- 0
Fake	0.242515 +- 0.165417
Prompt	1.51952 +- 0.490732
=> total bkg = 1.76203
Signal	Yield	Efficiency	Efficiency@Presel	Punzi
HNMuEl_250	0.979696	0.0183083	2.55742e-05	3.36685e-06
=====================================================================

####################################################
TIME STAMP : [2018/1/16 21:8:24] 1900 / 3721 (51.0615 %)
####################################################
[CutInfo::PrintCutInfo] leadingLepton_Pt	>	75
[CutInfo::PrintCutInfo] ljj	|<	285
[CutInfo::PrintCutInfo] ljj	|>	150
[CutInfo::PrintCutInfo] secondLepton_Pt	>	55

!!!!!!!!!!!!!!!!!
!!!! UPDATED !!!!
!!!!!!!!!!!!!!!!!

[CutInfo::PrintCutInfo] leadingLepton_Pt	>	75
[CutInfo::PrintCutInfo] ljj	|<	285
[CutInfo::PrintCutInfo] ljj	|>	153.333
[CutInfo::PrintCutInfo] secondLepton_Pt	>	55
CF	0 +- 0
Fake	0.242515 +- 0.165417
Prompt	1.51952 +- 0.490732
=> total bkg = 1.76203
Signal	Yield	Efficiency	Efficiency@Presel	Punzi
HNMuEl_250	0.979696	0.0183083	2.55742e-05	3.36685e-06
=====================================================================

####################################################
TIME STAMP : [2018/1/16 21:8:37] 2000 / 3721 (53.749 %)
####################################################
[CutInfo::PrintCutInfo] leadingLepton_Pt	>	75
[CutInfo::PrintCutInfo] ljj	|<	285
[CutInfo::PrintCutInfo] ljj	|>	153.333
[CutInfo::PrintCutInfo] secondLepton_Pt	>	55

!!!!!!!!!!!!!!!!!
!!!! UPDATED !!!!
!!!!!!!!!!!!!!!!!

[CutInfo::PrintCutInfo] leadingLepton_Pt	>	75
[CutInfo::PrintCutInfo] ljj	|<	285
[CutInfo::PrintCutInfo] ljj	|>	156.667
[CutInfo::PrintCutInfo] secondLepton_Pt	>	55
CF	0 +- 0
Fake	0.242515 +- 0.165417
Prompt	1.51952 +- 0.490732
=> total bkg = 1.76203
Signal	Yield	Efficiency	Efficiency@Presel	Punzi
HNMuEl_250	0.979696	0.0183083	2.55742e-05	3.36685e-06
=====================================================================


!!!!!!!!!!!!!!!!!
!!!! UPDATED !!!!
!!!!!!!!!!!!!!!!!

[CutInfo::PrintCutInfo] leadingLepton_Pt	>	75
[CutInfo::PrintCutInfo] ljj	|<	285
[CutInfo::PrintCutInfo] ljj	|>	160
[CutInfo::PrintCutInfo] secondLepton_Pt	>	55
CF	0 +- 0
Fake	0.242515 +- 0.165417
Prompt	1.51607 +- 0.489277
=> total bkg = 1.75859
Signal	Yield	Efficiency	Efficiency@Presel	Punzi
HNMuEl_250	0.979696	0.0183083	2.55742e-05	3.36923e-06
=====================================================================

####################################################
TIME STAMP : [2018/1/16 21:8:49] 2100 / 3721 (56.4364 %)
####################################################
[CutInfo::PrintCutInfo] leadingLepton_Pt	>	75
[CutInfo::PrintCutInfo] ljj	|<	285
[CutInfo::PrintCutInfo] ljj	|>	160
[CutInfo::PrintCutInfo] secondLepton_Pt	>	55

!!!!!!!!!!!!!!!!!
!!!! UPDATED !!!!
!!!!!!!!!!!!!!!!!

[CutInfo::PrintCutInfo] leadingLepton_Pt	>	75
[CutInfo::PrintCutInfo] ljj	|<	285
[CutInfo::PrintCutInfo] ljj	|>	166.667
[CutInfo::PrintCutInfo] secondLepton_Pt	>	55
CF	0 +- 0
Fake	0.242883 +- 0.165466
Prompt	1.5071 +- 0.488729
=> total bkg = 1.74998
Signal	Yield	Efficiency	Efficiency@Presel	Punzi
HNMuEl_250	0.979696	0.0183083	2.55742e-05	3.3737e-06
=====================================================================

####################################################
TIME STAMP : [2018/1/16 21:9:2] 2200 / 3721 (59.1239 %)
####################################################
[CutInfo::PrintCutInfo] leadingLepton_Pt	>	75
[CutInfo::PrintCutInfo] ljj	|<	285
[CutInfo::PrintCutInfo] ljj	|>	166.667
[CutInfo::PrintCutInfo] secondLepton_Pt	>	55
####################################################
TIME STAMP : [2018/1/16 21:9:14] 2300 / 3721 (61.8113 %)
####################################################
[CutInfo::PrintCutInfo] leadingLepton_Pt	>	75
[CutInfo::PrintCutInfo] ljj	|<	285
[CutInfo::PrintCutInfo] ljj	|>	166.667
[CutInfo::PrintCutInfo] secondLepton_Pt	>	55
####################################################
TIME STAMP : [2018/1/16 21:9:26] 2400 / 3721 (64.4988 %)
####################################################
[CutInfo::PrintCutInfo] leadingLepton_Pt	>	75
[CutInfo::PrintCutInfo] ljj	|<	285
[CutInfo::PrintCutInfo] ljj	|>	166.667
[CutInfo::PrintCutInfo] secondLepton_Pt	>	55

!!!!!!!!!!!!!!!!!
!!!! UPDATED !!!!
!!!!!!!!!!!!!!!!!

[CutInfo::PrintCutInfo] leadingLepton_Pt	>	75
[CutInfo::PrintCutInfo] ljj	|<	285
[CutInfo::PrintCutInfo] ljj	|>	180
[CutInfo::PrintCutInfo] secondLepton_Pt	>	55
CF	0 +- 0
Fake	0.191588 +- 0.148345
Prompt	1.50023 +- 0.485883
=> total bkg = 1.69182
Signal	Yield	Efficiency	Efficiency@Presel	Punzi
HNMuEl_250	0.978968	0.0182917	2.55552e-05	3.40431e-06
=====================================================================


!!!!!!!!!!!!!!!!!
!!!! UPDATED !!!!
!!!!!!!!!!!!!!!!!

[CutInfo::PrintCutInfo] leadingLepton_Pt	>	75
[CutInfo::PrintCutInfo] ljj	|<	285
[CutInfo::PrintCutInfo] ljj	|>	183.333
[CutInfo::PrintCutInfo] secondLepton_Pt	>	55
CF	0 +- 0
Fake	0.191699 +- 0.148358
Prompt	1.49744 +- 0.484709
=> total bkg = 1.68913
Signal	Yield	Efficiency	Efficiency@Presel	Punzi
HNMuEl_250	0.978968	0.0182917	2.55552e-05	3.40626e-06
=====================================================================

####################################################
TIME STAMP : [2018/1/16 21:9:38] 2500 / 3721 (67.1862 %)
####################################################
[CutInfo::PrintCutInfo] leadingLepton_Pt	>	75
[CutInfo::PrintCutInfo] ljj	|<	285
[CutInfo::PrintCutInfo] ljj	|>	183.333
[CutInfo::PrintCutInfo] secondLepton_Pt	>	55

!!!!!!!!!!!!!!!!!
!!!! UPDATED !!!!
!!!!!!!!!!!!!!!!!

[CutInfo::PrintCutInfo] leadingLepton_Pt	>	75
[CutInfo::PrintCutInfo] ljj	|<	285
[CutInfo::PrintCutInfo] ljj	|>	186.667
[CutInfo::PrintCutInfo] secondLepton_Pt	>	55
CF	0 +- 0
Fake	0.191907 +- 0.148382
Prompt	1.49118 +- 0.48208
=> total bkg = 1.68308
Signal	Yield	Efficiency	Efficiency@Presel	Punzi
HNMuEl_250	0.978968	0.0182917	2.55552e-05	3.41064e-06
=====================================================================

####################################################
TIME STAMP : [2018/1/16 21:9:51] 2600 / 3721 (69.8737 %)
####################################################
[CutInfo::PrintCutInfo] leadingLepton_Pt	>	75
[CutInfo::PrintCutInfo] ljj	|<	285
[CutInfo::PrintCutInfo] ljj	|>	186.667
[CutInfo::PrintCutInfo] secondLepton_Pt	>	55

!!!!!!!!!!!!!!!!!
!!!! UPDATED !!!!
!!!!!!!!!!!!!!!!!

[CutInfo::PrintCutInfo] leadingLepton_Pt	>	75
[CutInfo::PrintCutInfo] ljj	|<	285
[CutInfo::PrintCutInfo] ljj	|>	190
[CutInfo::PrintCutInfo] secondLepton_Pt	>	55
CF	0 +- 0
Fake	0.191911 +- 0.148382
Prompt	1.4823 +- 0.478347
=> total bkg = 1.67421
Signal	Yield	Efficiency	Efficiency@Presel	Punzi
HNMuEl_250	0.977979	0.018275	2.55294e-05	3.4136e-06
=====================================================================

####################################################
TIME STAMP : [2018/1/16 21:10:3] 2700 / 3721 (72.5611 %)
####################################################
[CutInfo::PrintCutInfo] leadingLepton_Pt	>	75
[CutInfo::PrintCutInfo] ljj	|<	285
[CutInfo::PrintCutInfo] ljj	|>	190
[CutInfo::PrintCutInfo] secondLepton_Pt	>	55

!!!!!!!!!!!!!!!!!
!!!! UPDATED !!!!
!!!!!!!!!!!!!!!!!

[CutInfo::PrintCutInfo] leadingLepton_Pt	>	75
[CutInfo::PrintCutInfo] ljj	|<	285
[CutInfo::PrintCutInfo] ljj	|>	196.667
[CutInfo::PrintCutInfo] secondLepton_Pt	>	55
CF	0 +- 0
Fake	0.192209 +- 0.148416
Prompt	1.42789 +- 0.471529
=> total bkg = 1.6201
Signal	Yield	Efficiency	Efficiency@Presel	Punzi
HNMuEl_250	0.976098	0.0182417	2.54803e-05	3.43873e-06
=====================================================================


!!!!!!!!!!!!!!!!!
!!!! UPDATED !!!!
!!!!!!!!!!!!!!!!!

[CutInfo::PrintCutInfo] leadingLepton_Pt	>	75
[CutInfo::PrintCutInfo] ljj	|<	285
[CutInfo::PrintCutInfo] ljj	|>	200
[CutInfo::PrintCutInfo] secondLepton_Pt	>	55
CF	0 +- 0
Fake	0.193131 +- 0.148523
Prompt	1.41752 +- 0.467194
=> total bkg = 1.61065
Signal	Yield	Efficiency	Efficiency@Presel	Punzi
HNMuEl_250	0.976059	0.0182333	2.54793e-05	3.4458e-06
=====================================================================

####################################################
TIME STAMP : [2018/1/16 21:10:15] 2800 / 3721 (75.2486 %)
####################################################
[CutInfo::PrintCutInfo] leadingLepton_Pt	>	75
[CutInfo::PrintCutInfo] ljj	|<	285
[CutInfo::PrintCutInfo] ljj	|>	200
[CutInfo::PrintCutInfo] secondLepton_Pt	>	55
####################################################
TIME STAMP : [2018/1/16 21:10:24] 2900 / 3721 (77.936 %)
####################################################
[CutInfo::PrintCutInfo] leadingLepton_Pt	>	75
[CutInfo::PrintCutInfo] ljj	|<	285
[CutInfo::PrintCutInfo] ljj	|>	200
[CutInfo::PrintCutInfo] secondLepton_Pt	>	55

!!!!!!!!!!!!!!!!!
!!!! UPDATED !!!!
!!!!!!!!!!!!!!!!!

[CutInfo::PrintCutInfo] leadingLepton_Pt	>	75
[CutInfo::PrintCutInfo] ljj	|<	285
[CutInfo::PrintCutInfo] ljj	|>	206.667
[CutInfo::PrintCutInfo] secondLepton_Pt	>	55
CF	0 +- 0
Fake	0.194294 +- 0.148658
Prompt	1.39495 +- 0.460777
=> total bkg = 1.58924
Signal	Yield	Efficiency	Efficiency@Presel	Punzi
HNMuEl_250	0.975017	0.0182167	2.5452e-05	3.45688e-06
=====================================================================

####################################################
TIME STAMP : [2018/1/16 21:10:31] 3000 / 3721 (80.6235 %)
####################################################
[CutInfo::PrintCutInfo] leadingLepton_Pt	>	75
[CutInfo::PrintCutInfo] ljj	|<	285
[CutInfo::PrintCutInfo] ljj	|>	206.667
[CutInfo::PrintCutInfo] secondLepton_Pt	>	55

!!!!!!!!!!!!!!!!!
!!!! UPDATED !!!!
!!!!!!!!!!!!!!!!!

[CutInfo::PrintCutInfo] leadingLepton_Pt	>	75
[CutInfo::PrintCutInfo] ljj	|<	285
[CutInfo::PrintCutInfo] ljj	|>	213.333
[CutInfo::PrintCutInfo] secondLepton_Pt	>	55
CF	0 +- 0
Fake	0.194847 +- 0.148723
Prompt	1.37866 +- 0.45404
=> total bkg = 1.57351
Signal	Yield	Efficiency	Efficiency@Presel	Punzi
HNMuEl_250	0.974023	0.0181917	2.54261e-05	3.46533e-06
=====================================================================

####################################################
TIME STAMP : [2018/1/16 21:10:39] 3100 / 3721 (83.3109 %)
####################################################
[CutInfo::PrintCutInfo] leadingLepton_Pt	>	75
[CutInfo::PrintCutInfo] ljj	|<	285
[CutInfo::PrintCutInfo] ljj	|>	213.333
[CutInfo::PrintCutInfo] secondLepton_Pt	>	55

!!!!!!!!!!!!!!!!!
!!!! UPDATED !!!!
!!!!!!!!!!!!!!!!!

[CutInfo::PrintCutInfo] leadingLepton_Pt	>	75
[CutInfo::PrintCutInfo] ljj	|<	285
[CutInfo::PrintCutInfo] ljj	|>	216.667
[CutInfo::PrintCutInfo] secondLepton_Pt	>	55
CF	0 +- 0
Fake	0.195128 +- 0.148756
Prompt	1.24922 +- 0.419746
=> total bkg = 1.44435
Signal	Yield	Efficiency	Efficiency@Presel	Punzi
HNMuEl_250	0.973954	0.0181833	2.54243e-05	3.55718e-06
=====================================================================

####################################################
TIME STAMP : [2018/1/16 21:10:46] 3200 / 3721 (85.9984 %)
####################################################
[CutInfo::PrintCutInfo] leadingLepton_Pt	>	75
[CutInfo::PrintCutInfo] ljj	|<	285
[CutInfo::PrintCutInfo] ljj	|>	216.667
[CutInfo::PrintCutInfo] secondLepton_Pt	>	55

!!!!!!!!!!!!!!!!!
!!!! UPDATED !!!!
!!!!!!!!!!!!!!!!!

[CutInfo::PrintCutInfo] leadingLepton_Pt	>	75
[CutInfo::PrintCutInfo] ljj	|<	285
[CutInfo::PrintCutInfo] ljj	|>	223.333
[CutInfo::PrintCutInfo] secondLepton_Pt	>	55
CF	0 +- 0
Fake	0.201361 +- 0.149396
Prompt	1.19461 +- 0.395602
=> total bkg = 1.39597
Signal	Yield	Efficiency	Efficiency@Presel	Punzi
HNMuEl_250	0.971248	0.0180917	2.53537e-05	3.58939e-06
=====================================================================

####################################################
TIME STAMP : [2018/1/16 21:10:54] 3300 / 3721 (88.6858 %)
####################################################
[CutInfo::PrintCutInfo] leadingLepton_Pt	>	75
[CutInfo::PrintCutInfo] ljj	|<	285
[CutInfo::PrintCutInfo] ljj	|>	223.333
[CutInfo::PrintCutInfo] secondLepton_Pt	>	55

!!!!!!!!!!!!!!!!!
!!!! UPDATED !!!!
!!!!!!!!!!!!!!!!!

[CutInfo::PrintCutInfo] leadingLepton_Pt	>	75
[CutInfo::PrintCutInfo] ljj	|<	285
[CutInfo::PrintCutInfo] ljj	|>	230
[CutInfo::PrintCutInfo] secondLepton_Pt	>	55
CF	0 +- 0
Fake	0.211853 +- 0.15059
Prompt	1.12423 +- 0.384542
=> total bkg = 1.33609
Signal	Yield	Efficiency	Efficiency@Presel	Punzi
HNMuEl_250	0.962126	0.017925	2.51155e-05	3.5995e-06
=====================================================================

####################################################
TIME STAMP : [2018/1/16 21:11:1] 3400 / 3721 (91.3733 %)
####################################################
[CutInfo::PrintCutInfo] leadingLepton_Pt	>	75
[CutInfo::PrintCutInfo] ljj	|<	285
[CutInfo::PrintCutInfo] ljj	|>	230
[CutInfo::PrintCutInfo] secondLepton_Pt	>	55

!!!!!!!!!!!!!!!!!
!!!! UPDATED !!!!
!!!!!!!!!!!!!!!!!

[CutInfo::PrintCutInfo] leadingLepton_Pt	>	75
[CutInfo::PrintCutInfo] ljj	|<	285
[CutInfo::PrintCutInfo] ljj	|>	233.333
[CutInfo::PrintCutInfo] secondLepton_Pt	>	55
CF	0 +- 0
Fake	0.211853 +- 0.15059
Prompt	1.05873 +- 0.372755
=> total bkg = 1.27059
Signal	Yield	Efficiency	Efficiency@Presel	Punzi
HNMuEl_250	0.953294	0.01775	2.4885e-05	3.61631e-06
=====================================================================


!!!!!!!!!!!!!!!!!
!!!! UPDATED !!!!
!!!!!!!!!!!!!!!!!

[CutInfo::PrintCutInfo] leadingLepton_Pt	>	75
[CutInfo::PrintCutInfo] ljj	|<	280
[CutInfo::PrintCutInfo] ljj	|>	233.333
[CutInfo::PrintCutInfo] secondLepton_Pt	>	55
CF	0 +- 0
Fake	0.212479 +- 0.150669
Prompt	0.846571 +- 0.319735
=> total bkg = 1.05905
Signal	Yield	Efficiency	Efficiency@Presel	Punzi
HNMuEl_250	0.906326	0.0168917	2.36589e-05	3.61701e-06
=====================================================================

####################################################
TIME STAMP : [2018/1/16 21:11:9] 3500 / 3721 (94.0607 %)
####################################################
[CutInfo::PrintCutInfo] leadingLepton_Pt	>	75
[CutInfo::PrintCutInfo] ljj	|<	280
[CutInfo::PrintCutInfo] ljj	|>	233.333
[CutInfo::PrintCutInfo] secondLepton_Pt	>	55
####################################################
TIME STAMP : [2018/1/16 21:11:16] 3600 / 3721 (96.7482 %)
####################################################
[CutInfo::PrintCutInfo] leadingLepton_Pt	>	75
[CutInfo::PrintCutInfo] ljj	|<	280
[CutInfo::PrintCutInfo] ljj	|>	233.333
[CutInfo::PrintCutInfo] secondLepton_Pt	>	55
####################################################
TIME STAMP : [2018/1/16 21:11:24] 3700 / 3721 (99.4356 %)
####################################################
[CutInfo::PrintCutInfo] leadingLepton_Pt	>	75
[CutInfo::PrintCutInfo] ljj	|<	280
[CutInfo::PrintCutInfo] ljj	|>	233.333
[CutInfo::PrintCutInfo] secondLepton_Pt	>	55

##################
#### FINISHED ####
##################

[CutInfo::PrintCutInfo] leadingLepton_Pt	>	75
[CutInfo::PrintCutInfo] ljj	|<	280
[CutInfo::PrintCutInfo] ljj	|>	233.333
[CutInfo::PrintCutInfo] secondLepton_Pt	>	55
CF	0 +- 0
Fake	0.212479 +- 0.150669
Prompt	0.846571 +- 0.319735
=> total bkg = 1.05905
Signal	Yield	Efficiency	Efficiency@Presel	Punzi
HNMuEl_250	0.906326	0.0168917	2.36589e-05	3.61701e-06
