
Processing HNMuEl_250.C...
[AnalysisInputs::SetMCSF] Get MC SF from /home/jskim/Documents/trilepton_13TeV/DiLepton/data/v8-0-7.36/MCSF.txt
[AnalysisInputs::SetMCSF] sample : VVV
[AnalysisInputs::SetMCSF] => MCSF = 1, MCSF_err = 0.5
[AnalysisInputs::SetMCSF] sample : WWW
[AnalysisInputs::SetMCSF] => MCSF = 1, MCSF_err = 0.5
[AnalysisInputs::SetMCSF] sample : WWZ
[AnalysisInputs::SetMCSF] => MCSF = 1, MCSF_err = 0.5
[AnalysisInputs::SetMCSF] sample : WZZ
[AnalysisInputs::SetMCSF] => MCSF = 1, MCSF_err = 0.5
[AnalysisInputs::SetMCSF] sample : ZZZ
[AnalysisInputs::SetMCSF] => MCSF = 1, MCSF_err = 0.5
[AnalysisInputs::SetMCSF] sample : ttV
[AnalysisInputs::SetMCSF] => MCSF = 1, MCSF_err = 0.5
[AnalysisInputs::SetMCSF] sample : ttW
[AnalysisInputs::SetMCSF] => MCSF = 1, MCSF_err = 0.5
[AnalysisInputs::SetMCSF] sample : ttZ
[AnalysisInputs::SetMCSF] => MCSF = 1, MCSF_err = 0.5
[AnalysisInputs::SetMCSF] sample : ttH_nonbb
[AnalysisInputs::SetMCSF] => MCSF = 1, MCSF_err = 0.5
[AnalysisInputs::SetMCSF] sample : top
[AnalysisInputs::SetMCSF] => MCSF = 1, MCSF_err = 0.5
[AnalysisInputs::SetMCSF] sample : WZTo3LNu_powheg
[AnalysisInputs::SetMCSF] => MCSF = 1.00165, MCSF_err = 0.0888561
[AnalysisInputs::SetMCSF] sample : ZGto2LG
[AnalysisInputs::SetMCSF] => MCSF = 0.794861, MCSF_err = 0.155181
[AnalysisInputs::SetMCSF] sample : ZZTo4L_powheg
[AnalysisInputs::SetMCSF] => MCSF = 0.926685, MCSF_err = 0.102827
[AnalysisInputs::SetMCSF] sample : ggZZto2e2mu
[AnalysisInputs::SetMCSF] => MCSF = 0.926685, MCSF_err = 0.102827
[AnalysisInputs::SetMCSF] sample : ggZZto2e2nu
[AnalysisInputs::SetMCSF] => MCSF = 0.926685, MCSF_err = 0.102827
[AnalysisInputs::SetMCSF] sample : ggZZto2e2tau
[AnalysisInputs::SetMCSF] => MCSF = 0.926685, MCSF_err = 0.102827
[AnalysisInputs::SetMCSF] sample : ggZZto2mu2nu
[AnalysisInputs::SetMCSF] => MCSF = 0.926685, MCSF_err = 0.102827
[AnalysisInputs::SetMCSF] sample : ggZZto2mu2tau
[AnalysisInputs::SetMCSF] => MCSF = 0.926685, MCSF_err = 0.102827
[AnalysisInputs::SetMCSF] sample : ggZZto4e
[AnalysisInputs::SetMCSF] => MCSF = 0.926685, MCSF_err = 0.102827
[AnalysisInputs::SetMCSF] sample : ggZZto4mu
[AnalysisInputs::SetMCSF] => MCSF = 0.926685, MCSF_err = 0.102827
[AnalysisInputs::SetMCSF] sample : ggZZto4tau
[AnalysisInputs::SetMCSF] => MCSF = 0.926685, MCSF_err = 0.102827
[AnalysisInputs::SetCalculatedSysts] Get Systematics from /home/jskim/Documents/trilepton_13TeV/DiLepton/data/v8-0-7.36/Syst.txt
[AnalysisInputs::SetCalculatedSysts] source : Luminosity
[AnalysisInputs::SetCalculatedSysts] => % sysematic = 0.025
[AnalysisInputs::SetCalculatedSysts] source : FakeLooseID
[AnalysisInputs::SetCalculatedSysts] => % sysematic = 0.3
[AnalysisInputs::SetCalculatedSysts] source : ChrageFlipSyst
[AnalysisInputs::SetCalculatedSysts] => % sysematic = 0.21
[CutRangeInfo::ReadCutCard] Get Cutcard from /home/jskim/Documents/trilepton_13TeV/DiLepton/data/v8-0-7.36/CutOpCard/OPTIMIZED_171107_MuEl_HighMass/HNMuEl_250.txt
prompt_tau21_syst = 0
signal_tau21_syst = 0
Central	12.8789	2.61815	0
_MuonEn_up	14.4405	2.61815	0
_MuonEn_down	12.2475	2.61815	0
_MuonIDSF_up	13.0245	2.61815	0
_MuonIDSF_down	12.4877	2.61815	0
_ElectronEn_up	13.1524	2.61815	0
_ElectronEn_down	12.7312	2.61815	0
_ElectronIDSF_up	13.1701	2.61815	0
_ElectronIDSF_down	12.7188	2.61815	0
_TriggerSF_up	12.8441	2.61815	0
_TriggerSF_down	12.8806	2.61815	0
_PU_up	12.6223	2.61815	0
_PU_down	13.3274	2.61815	0
_JetEn_up	13.1023	2.61815	0
_JetEn_down	13.2058	2.61815	0
_JetRes_up	12.6409	2.61815	0
_JetRes_down	13.0547	2.61815	0
_Unclustered_up	12.7021	2.61815	0
_Unclustered_down	12.9017	2.61815	0
_BTagSFEff_up	12.7143	2.61815	0
_BTagSFEff_down	12.9844	2.61815	0
_BTagSFMiss_up	12.9239	2.61815	0
_BTagSFMiss_down	12.9523	2.61815	0
_JetMass_up	12.8823	2.61815	0
_JetMass_down	12.975	2.61815	0
_JetMassRes_up	12.9771	2.61815	0
_JetMassRes_down	12.8072	2.61815	0

################ Sources ################
Source	SystTotal	SystPrompt	SystFake	Signal
Stat 6.98 7.76  15.79  -nan  0.98
Lumi 2.08  2.50 -  -  2.50
PDF  -  -  -  -  8.53
MuonPt  7.69 9.25  -  -  0.66
MuonID  1.90 2.29  -  -  2.19
ElectronE  1.42 1.71  -  -  0.40
ElectronID  1.52 1.82  -  -  2.09
Trigger  0.16 0.19  -  -  0.06
PU  2.36 2.84  -  -  1.61
JES  1.81 2.17  -  -  0.53
JER  1.35 1.62  -  -  0.94
Uncl  0.81 0.98  -  -  1.23
BEff  0.89 1.07  -  -  0.27
BMiss  0.39 0.47  -  -  0.37
JMS  0.44 0.53  -  -  0.13
JMR  0.55 0.67  -  -  0.09
Tau21 0.00  0.00 -  -  0.00
MCNorm 10.65  12.81 -  -  -
Fake 5.07  -  30.00 - -
CF 0.00  -  -  -nan -
Total Systematic 14.94 16.91  30.00  -nan  9.71

Total Background	15.497
- Prompt	12.879
- Fake	2.618
- CF	0.000

####### Result #######
Signal Eff	0.114941
15.496998 1.164867
5.454211 1.097597
