
Processing HNMuEl_500.C...
[AnalysisInputs::SetMCSF] Get MC SF from /home/jskim/Documents/trilepton_13TeV/DiLepton/data/v8-0-7.36/MCSF.txt
[AnalysisInputs::SetMCSF] sample : VVV
[AnalysisInputs::SetMCSF] => MCSF = 1, MCSF_err = 0.5
[AnalysisInputs::SetMCSF] sample : WWW
[AnalysisInputs::SetMCSF] => MCSF = 1, MCSF_err = 0.5
[AnalysisInputs::SetMCSF] sample : WWZ
[AnalysisInputs::SetMCSF] => MCSF = 1, MCSF_err = 0.5
[AnalysisInputs::SetMCSF] sample : WZZ
[AnalysisInputs::SetMCSF] => MCSF = 1, MCSF_err = 0.5
[AnalysisInputs::SetMCSF] sample : ZZZ
[AnalysisInputs::SetMCSF] => MCSF = 1, MCSF_err = 0.5
[AnalysisInputs::SetMCSF] sample : ttV
[AnalysisInputs::SetMCSF] => MCSF = 1, MCSF_err = 0.5
[AnalysisInputs::SetMCSF] sample : ttW
[AnalysisInputs::SetMCSF] => MCSF = 1, MCSF_err = 0.5
[AnalysisInputs::SetMCSF] sample : ttZ
[AnalysisInputs::SetMCSF] => MCSF = 1, MCSF_err = 0.5
[AnalysisInputs::SetMCSF] sample : ttH_nonbb
[AnalysisInputs::SetMCSF] => MCSF = 1, MCSF_err = 0.5
[AnalysisInputs::SetMCSF] sample : top
[AnalysisInputs::SetMCSF] => MCSF = 1, MCSF_err = 0.5
[AnalysisInputs::SetMCSF] sample : WZTo3LNu_powheg
[AnalysisInputs::SetMCSF] => MCSF = 1.00165, MCSF_err = 0.0888561
[AnalysisInputs::SetMCSF] sample : ZGto2LG
[AnalysisInputs::SetMCSF] => MCSF = 0.794861, MCSF_err = 0.155181
[AnalysisInputs::SetMCSF] sample : ZZTo4L_powheg
[AnalysisInputs::SetMCSF] => MCSF = 0.926685, MCSF_err = 0.102827
[AnalysisInputs::SetMCSF] sample : ggZZto2e2mu
[AnalysisInputs::SetMCSF] => MCSF = 0.926685, MCSF_err = 0.102827
[AnalysisInputs::SetMCSF] sample : ggZZto2e2nu
[AnalysisInputs::SetMCSF] => MCSF = 0.926685, MCSF_err = 0.102827
[AnalysisInputs::SetMCSF] sample : ggZZto2e2tau
[AnalysisInputs::SetMCSF] => MCSF = 0.926685, MCSF_err = 0.102827
[AnalysisInputs::SetMCSF] sample : ggZZto2mu2nu
[AnalysisInputs::SetMCSF] => MCSF = 0.926685, MCSF_err = 0.102827
[AnalysisInputs::SetMCSF] sample : ggZZto2mu2tau
[AnalysisInputs::SetMCSF] => MCSF = 0.926685, MCSF_err = 0.102827
[AnalysisInputs::SetMCSF] sample : ggZZto4e
[AnalysisInputs::SetMCSF] => MCSF = 0.926685, MCSF_err = 0.102827
[AnalysisInputs::SetMCSF] sample : ggZZto4mu
[AnalysisInputs::SetMCSF] => MCSF = 0.926685, MCSF_err = 0.102827
[AnalysisInputs::SetMCSF] sample : ggZZto4tau
[AnalysisInputs::SetMCSF] => MCSF = 0.926685, MCSF_err = 0.102827
[AnalysisInputs::SetCalculatedSysts] Get Systematics from /home/jskim/Documents/trilepton_13TeV/DiLepton/data/v8-0-7.36/Syst.txt
[AnalysisInputs::SetCalculatedSysts] source : Luminosity
[AnalysisInputs::SetCalculatedSysts] => % sysematic = 0.025
[AnalysisInputs::SetCalculatedSysts] source : FakeLooseID
[AnalysisInputs::SetCalculatedSysts] => % sysematic = 0.3
[AnalysisInputs::SetCalculatedSysts] source : ChrageFlipSyst
[AnalysisInputs::SetCalculatedSysts] => % sysematic = 0.21
[CutRangeInfo::ReadCutCard] Get Cutcard from /home/jskim/Documents/trilepton_13TeV/DiLepton/data/v8-0-7.36/CutOpCard/OPTIMIZED_171107_MuEl_HighMass/HNMuEl_500.txt
prompt_tau21_syst = 0
signal_tau21_syst = 0
Central	1.94679	0.245246	0
_MuonEn_up	2.36614	0.245246	0
_MuonEn_down	1.94824	0.245246	0
_MuonIDSF_up	1.99155	0.245246	0
_MuonIDSF_down	1.90238	0.245246	0
_ElectronEn_up	2.0855	0.245246	0
_ElectronEn_down	1.87935	0.245246	0
_ElectronIDSF_up	1.99005	0.245246	0
_ElectronIDSF_down	1.82567	0.245246	0
_TriggerSF_up	1.95264	0.245246	0
_TriggerSF_down	1.96799	0.245246	0
_PU_up	1.90754	0.245246	0
_PU_down	1.90878	0.245246	0
_JetEn_up	2.08638	0.245246	0
_JetEn_down	3.02138	0.245246	0
_JetRes_up	2.05942	0.245246	0
_JetRes_down	1.92855	0.245246	0
_Unclustered_up	1.99281	0.245246	0
_Unclustered_down	1.90453	0.245246	0
_BTagSFEff_up	1.9462	0.245246	0
_BTagSFEff_down	1.95979	0.245246	0
_BTagSFMiss_up	1.93915	0.245246	0
_BTagSFMiss_down	1.9654	0.245246	0
_JetMass_up	1.91099	0.245246	0
_JetMass_down	1.94831	0.245246	0
_JetMassRes_up	1.94067	0.245246	0
_JetMassRes_down	1.95976	0.245246	0

################ Sources ################
Source	SystTotal	SystPrompt	SystFake	Signal
Stat 14.34 14.84  50.46  -nan  1.15
Lumi 2.22  2.50 -  -  2.50
PDF  -  -  -  -  8.53
MuonPt  13.53 15.23  -  -  1.61
MuonID  2.03 2.29  -  -  2.05
ElectronE  4.98 5.60  -  -  0.15
ElectronID  4.15 4.67  -  -  2.06
Trigger  0.71 0.80  -  -  0.03
PU  1.76 1.98  -  -  1.03
JES  34.96 39.36  -  -  1.23
JER  3.68 4.14  -  -  0.84
Uncl  2.02 2.27  -  -  0.59
BEff  0.42 0.47  -  -  0.26
BMiss  0.65 0.73  -  -  0.45
JMS  1.16 1.30  -  -  0.16
JMR  0.46 0.52  -  -  0.28
Tau21 0.00  0.00 -  -  0.00
MCNorm 13.04  14.68 -  -  -
Fake 3.36  -  30.00 - -
CF 0.00  -  -  -nan -
Total Systematic 40.75 45.73  30.00  -nan  9.70

Total Background	2.192
- Prompt	1.947
- Fake	0.245
- CF	0.000

####### Result #######
Signal Eff	0.089492
2.192037 1.431983
0.294740 1.097653
