
Processing HNMuEl_1400.C...
[AnalysisInputs::SetMCSF] Get MC SF from /home/jskim/Documents/trilepton_13TeV/DiLepton/data/v8-0-7.36/MCSF.txt
[AnalysisInputs::SetMCSF] sample : VVV
[AnalysisInputs::SetMCSF] => MCSF = 1, MCSF_err = 0.5
[AnalysisInputs::SetMCSF] sample : WWW
[AnalysisInputs::SetMCSF] => MCSF = 1, MCSF_err = 0.5
[AnalysisInputs::SetMCSF] sample : WWZ
[AnalysisInputs::SetMCSF] => MCSF = 1, MCSF_err = 0.5
[AnalysisInputs::SetMCSF] sample : WZZ
[AnalysisInputs::SetMCSF] => MCSF = 1, MCSF_err = 0.5
[AnalysisInputs::SetMCSF] sample : ZZZ
[AnalysisInputs::SetMCSF] => MCSF = 1, MCSF_err = 0.5
[AnalysisInputs::SetMCSF] sample : ttV
[AnalysisInputs::SetMCSF] => MCSF = 1, MCSF_err = 0.5
[AnalysisInputs::SetMCSF] sample : ttW
[AnalysisInputs::SetMCSF] => MCSF = 1, MCSF_err = 0.5
[AnalysisInputs::SetMCSF] sample : ttZ
[AnalysisInputs::SetMCSF] => MCSF = 1, MCSF_err = 0.5
[AnalysisInputs::SetMCSF] sample : ttH_nonbb
[AnalysisInputs::SetMCSF] => MCSF = 1, MCSF_err = 0.5
[AnalysisInputs::SetMCSF] sample : top
[AnalysisInputs::SetMCSF] => MCSF = 1, MCSF_err = 0.5
[AnalysisInputs::SetMCSF] sample : WZTo3LNu_powheg
[AnalysisInputs::SetMCSF] => MCSF = 1.00165, MCSF_err = 0.0888561
[AnalysisInputs::SetMCSF] sample : ZGto2LG
[AnalysisInputs::SetMCSF] => MCSF = 0.794861, MCSF_err = 0.155181
[AnalysisInputs::SetMCSF] sample : ZZTo4L_powheg
[AnalysisInputs::SetMCSF] => MCSF = 0.926685, MCSF_err = 0.102827
[AnalysisInputs::SetMCSF] sample : ggZZto2e2mu
[AnalysisInputs::SetMCSF] => MCSF = 0.926685, MCSF_err = 0.102827
[AnalysisInputs::SetMCSF] sample : ggZZto2e2nu
[AnalysisInputs::SetMCSF] => MCSF = 0.926685, MCSF_err = 0.102827
[AnalysisInputs::SetMCSF] sample : ggZZto2e2tau
[AnalysisInputs::SetMCSF] => MCSF = 0.926685, MCSF_err = 0.102827
[AnalysisInputs::SetMCSF] sample : ggZZto2mu2nu
[AnalysisInputs::SetMCSF] => MCSF = 0.926685, MCSF_err = 0.102827
[AnalysisInputs::SetMCSF] sample : ggZZto2mu2tau
[AnalysisInputs::SetMCSF] => MCSF = 0.926685, MCSF_err = 0.102827
[AnalysisInputs::SetMCSF] sample : ggZZto4e
[AnalysisInputs::SetMCSF] => MCSF = 0.926685, MCSF_err = 0.102827
[AnalysisInputs::SetMCSF] sample : ggZZto4mu
[AnalysisInputs::SetMCSF] => MCSF = 0.926685, MCSF_err = 0.102827
[AnalysisInputs::SetMCSF] sample : ggZZto4tau
[AnalysisInputs::SetMCSF] => MCSF = 0.926685, MCSF_err = 0.102827
[AnalysisInputs::SetCalculatedSysts] Get Systematics from /home/jskim/Documents/trilepton_13TeV/DiLepton/data/v8-0-7.36/Syst.txt
[AnalysisInputs::SetCalculatedSysts] source : Luminosity
[AnalysisInputs::SetCalculatedSysts] => % sysematic = 0.025
[AnalysisInputs::SetCalculatedSysts] source : FakeLooseID
[AnalysisInputs::SetCalculatedSysts] => % sysematic = 0.3
[AnalysisInputs::SetCalculatedSysts] source : ChrageFlipSyst
[AnalysisInputs::SetCalculatedSysts] => % sysematic = 0.21
[CutRangeInfo::ReadCutCard] Get Cutcard from /home/jskim/Documents/trilepton_13TeV/DiLepton/data/v8-0-7.36/CutOpCard/OPTIMIZED_171107_MuEl_HighMass/HNMuEl_1400.txt
prompt_tau21_syst = 0
signal_tau21_syst = 0
Central	1.42954	0.18634	0
_MuonEn_up	1.39644	0.18634	0
_MuonEn_down	1.3782	0.18634	0
_MuonIDSF_up	1.46092	0.18634	0
_MuonIDSF_down	1.39396	0.18634	0
_ElectronEn_up	1.42641	0.18634	0
_ElectronEn_down	1.42376	0.18634	0
_ElectronIDSF_up	1.46766	0.18634	0
_ElectronIDSF_down	1.40188	0.18634	0
_TriggerSF_up	1.42954	0.18634	0
_TriggerSF_down	1.42954	0.18634	0
_PU_up	1.49505	0.18634	0
_PU_down	1.3404	0.18634	0
_JetEn_up	1.33041	0.18634	0
_JetEn_down	1.44199	0.18634	0
_JetRes_up	1.43298	0.18634	0
_JetRes_down	1.40865	0.18634	0
_Unclustered_up	1.43513	0.18634	0
_Unclustered_down	1.35693	0.18634	0
_BTagSFEff_up	1.42943	0.18634	0
_BTagSFEff_down	1.43564	0.18634	0
_BTagSFMiss_up	1.42945	0.18634	0
_BTagSFMiss_down	1.43269	0.18634	0
_JetMass_up	1.42662	0.18634	0
_JetMass_down	1.42213	0.18634	0
_JetMassRes_up	1.43103	0.18634	0
_JetMassRes_down	1.4342	0.18634	0

################ Sources ################
Source	SystTotal	SystPrompt	SystFake	Signal
Stat 60.81 68.31  58.37  -nan  2.02
Lumi 2.21  2.50 -  -  2.50
PDF  -  -  -  -  8.53
MuonPt  2.67 3.02  -  -  3.37
MuonID  2.08 2.35  -  -  1.97
ElectronE  0.29 0.32  -  -  0.26
ElectronID  2.06 2.33  -  -  2.12
Trigger  0.00 0.00  -  -  0.13
PU  4.84 5.47  -  -  0.56
JES  4.37 4.94  -  -  1.17
JER  0.93 1.05  -  -  0.99
Uncl  3.19 3.60  -  -  0.06
BEff  0.27 0.30  -  -  0.31
BMiss  0.14 0.16  -  -  0.69
JMS  0.35 0.39  -  -  0.21
JMR  0.21 0.24  -  -  0.06
Tau21 0.00  0.00 -  -  0.00
MCNorm 5.26  5.94 -  -  -
Fake 3.46  -  30.00 - -
CF 0.00  -  -  -nan -
Total Systematic 10.68 11.42  30.00  -nan  10.10

Total Background	1.616
- Prompt	1.430
- Fake	0.186
- CF	0.000

####### Result #######
Signal Eff	0.032328
1.615876 1.617367
0.000954 1.103045
