
Processing HNMuEl_100.C...
[AnalysisInputs::SetMCSF] Get MC SF from /home/jskim/Documents/trilepton_13TeV/DiLepton/data/v8-0-7.36/MCSF.txt
[AnalysisInputs::SetMCSF] sample : VVV
[AnalysisInputs::SetMCSF] => MCSF = 1, MCSF_err = 0.5
[AnalysisInputs::SetMCSF] sample : WWW
[AnalysisInputs::SetMCSF] => MCSF = 1, MCSF_err = 0.5
[AnalysisInputs::SetMCSF] sample : WWZ
[AnalysisInputs::SetMCSF] => MCSF = 1, MCSF_err = 0.5
[AnalysisInputs::SetMCSF] sample : WZZ
[AnalysisInputs::SetMCSF] => MCSF = 1, MCSF_err = 0.5
[AnalysisInputs::SetMCSF] sample : ZZZ
[AnalysisInputs::SetMCSF] => MCSF = 1, MCSF_err = 0.5
[AnalysisInputs::SetMCSF] sample : ttV
[AnalysisInputs::SetMCSF] => MCSF = 1, MCSF_err = 0.5
[AnalysisInputs::SetMCSF] sample : ttW
[AnalysisInputs::SetMCSF] => MCSF = 1, MCSF_err = 0.5
[AnalysisInputs::SetMCSF] sample : ttZ
[AnalysisInputs::SetMCSF] => MCSF = 1, MCSF_err = 0.5
[AnalysisInputs::SetMCSF] sample : ttH_nonbb
[AnalysisInputs::SetMCSF] => MCSF = 1, MCSF_err = 0.5
[AnalysisInputs::SetMCSF] sample : top
[AnalysisInputs::SetMCSF] => MCSF = 1, MCSF_err = 0.5
[AnalysisInputs::SetMCSF] sample : WZTo3LNu_powheg
[AnalysisInputs::SetMCSF] => MCSF = 1.00165, MCSF_err = 0.0888561
[AnalysisInputs::SetMCSF] sample : ZGto2LG
[AnalysisInputs::SetMCSF] => MCSF = 0.794861, MCSF_err = 0.155181
[AnalysisInputs::SetMCSF] sample : ZZTo4L_powheg
[AnalysisInputs::SetMCSF] => MCSF = 0.926685, MCSF_err = 0.102827
[AnalysisInputs::SetMCSF] sample : ggZZto2e2mu
[AnalysisInputs::SetMCSF] => MCSF = 0.926685, MCSF_err = 0.102827
[AnalysisInputs::SetMCSF] sample : ggZZto2e2nu
[AnalysisInputs::SetMCSF] => MCSF = 0.926685, MCSF_err = 0.102827
[AnalysisInputs::SetMCSF] sample : ggZZto2e2tau
[AnalysisInputs::SetMCSF] => MCSF = 0.926685, MCSF_err = 0.102827
[AnalysisInputs::SetMCSF] sample : ggZZto2mu2nu
[AnalysisInputs::SetMCSF] => MCSF = 0.926685, MCSF_err = 0.102827
[AnalysisInputs::SetMCSF] sample : ggZZto2mu2tau
[AnalysisInputs::SetMCSF] => MCSF = 0.926685, MCSF_err = 0.102827
[AnalysisInputs::SetMCSF] sample : ggZZto4e
[AnalysisInputs::SetMCSF] => MCSF = 0.926685, MCSF_err = 0.102827
[AnalysisInputs::SetMCSF] sample : ggZZto4mu
[AnalysisInputs::SetMCSF] => MCSF = 0.926685, MCSF_err = 0.102827
[AnalysisInputs::SetMCSF] sample : ggZZto4tau
[AnalysisInputs::SetMCSF] => MCSF = 0.926685, MCSF_err = 0.102827
[AnalysisInputs::SetCalculatedSysts] Get Systematics from /home/jskim/Documents/trilepton_13TeV/DiLepton/data/v8-0-7.36/Syst.txt
[AnalysisInputs::SetCalculatedSysts] source : Luminosity
[AnalysisInputs::SetCalculatedSysts] => % sysematic = 0.025
[AnalysisInputs::SetCalculatedSysts] source : FakeLooseID
[AnalysisInputs::SetCalculatedSysts] => % sysematic = 0.3
[AnalysisInputs::SetCalculatedSysts] source : ChrageFlipSyst
[AnalysisInputs::SetCalculatedSysts] => % sysematic = 0.21
[CutRangeInfo::ReadCutCard] Get Cutcard from /home/jskim/Documents/trilepton_13TeV/DiLepton/data/v8-0-7.36/CutOpCard/OPTIMIZED_171107_MuEl_HighMass/HNMuEl_100.txt
prompt_tau21_syst = 0
signal_tau21_syst = 0
Central	36.4358	21.8512	0
_MuonEn_up	36.4913	21.8512	0
_MuonEn_down	36.3985	21.8512	0
_MuonIDSF_up	37.7212	21.8512	0
_MuonIDSF_down	35.4709	21.8512	0
_ElectronEn_up	37.1076	21.8512	0
_ElectronEn_down	35.5456	21.8512	0
_ElectronIDSF_up	37.0002	21.8512	0
_ElectronIDSF_down	36.1408	21.8512	0
_TriggerSF_up	36.8241	21.8512	0
_TriggerSF_down	36.4524	21.8512	0
_PU_up	36.4384	21.8512	0
_PU_down	36.4529	21.8512	0
_JetEn_up	36.6337	21.8512	0
_JetEn_down	29.1668	21.8512	0
_JetRes_up	31.7903	21.8512	0
_JetRes_down	35.9948	21.8512	0
_Unclustered_up	34.7325	21.8512	0
_Unclustered_down	35.446	21.8512	0
_BTagSFEff_up	36.7109	21.8512	0
_BTagSFEff_down	36.2992	21.8512	0
_BTagSFMiss_up	38.0782	21.8512	0
_BTagSFMiss_down	36.9269	21.8512	0
_JetMass_up	36.5418	21.8512	0
_JetMass_down	36.6224	21.8512	0
_JetMassRes_up	36.4957	21.8512	0
_JetMassRes_down	36.4257	21.8512	0

################ Sources ################
Source	SystTotal	SystPrompt	SystFake	Signal
Stat 8.89 13.69  6.40  -nan  2.49
Lumi 1.56  2.50 -  -  2.50
PDF  -  -  -  -  8.53
MuonPt  0.08 0.13  -  -  0.70
MuonID  1.95 3.12  -  -  3.81
ElectronE  1.35 2.16  -  -  0.89
ElectronID  0.77 1.24  -  -  1.07
Trigger  0.47 0.75  -  -  0.13
PU  0.02 0.03  -  -  2.36
JES  8.82 14.11  -  -  0.71
JER  5.66 9.06  -  -  2.08
Uncl  2.39 3.82  -  -  3.80
BEff  0.37 0.60  -  -  0.59
BMiss  2.08 3.33  -  -  0.43
JMS  0.26 0.42  -  -  0.36
JMR  0.07 0.12  -  -  0.20
Tau21 0.00  0.00 -  -  0.00
MCNorm 3.99  6.39 -  -  -
Fake 11.25  -  30.00 - -
CF 0.00  -  -  -nan -
Total Systematic 16.48 19.26  30.00  -nan  11.02

Total Background	58.287
- Prompt	36.436
- Fake	21.851
- CF	0.000

####### Result #######
Signal Eff	0.015543
58.286956 1.187215
42.825537 1.113012
