
Processing HNMuEl_700.C...
[AnalysisInputs::SetMCSF] Get MC SF from /home/jskim/Documents/trilepton_13TeV/DiLepton/data/v8-0-7.36/MCSF.txt
[AnalysisInputs::SetMCSF] sample : VVV
[AnalysisInputs::SetMCSF] => MCSF = 1, MCSF_err = 0.5
[AnalysisInputs::SetMCSF] sample : WWW
[AnalysisInputs::SetMCSF] => MCSF = 1, MCSF_err = 0.5
[AnalysisInputs::SetMCSF] sample : WWZ
[AnalysisInputs::SetMCSF] => MCSF = 1, MCSF_err = 0.5
[AnalysisInputs::SetMCSF] sample : WZZ
[AnalysisInputs::SetMCSF] => MCSF = 1, MCSF_err = 0.5
[AnalysisInputs::SetMCSF] sample : ZZZ
[AnalysisInputs::SetMCSF] => MCSF = 1, MCSF_err = 0.5
[AnalysisInputs::SetMCSF] sample : ttV
[AnalysisInputs::SetMCSF] => MCSF = 1, MCSF_err = 0.5
[AnalysisInputs::SetMCSF] sample : ttW
[AnalysisInputs::SetMCSF] => MCSF = 1, MCSF_err = 0.5
[AnalysisInputs::SetMCSF] sample : ttZ
[AnalysisInputs::SetMCSF] => MCSF = 1, MCSF_err = 0.5
[AnalysisInputs::SetMCSF] sample : ttH_nonbb
[AnalysisInputs::SetMCSF] => MCSF = 1, MCSF_err = 0.5
[AnalysisInputs::SetMCSF] sample : top
[AnalysisInputs::SetMCSF] => MCSF = 1, MCSF_err = 0.5
[AnalysisInputs::SetMCSF] sample : WZTo3LNu_powheg
[AnalysisInputs::SetMCSF] => MCSF = 1.00165, MCSF_err = 0.0888561
[AnalysisInputs::SetMCSF] sample : ZGto2LG
[AnalysisInputs::SetMCSF] => MCSF = 0.794861, MCSF_err = 0.155181
[AnalysisInputs::SetMCSF] sample : ZZTo4L_powheg
[AnalysisInputs::SetMCSF] => MCSF = 0.926685, MCSF_err = 0.102827
[AnalysisInputs::SetMCSF] sample : ggZZto2e2mu
[AnalysisInputs::SetMCSF] => MCSF = 0.926685, MCSF_err = 0.102827
[AnalysisInputs::SetMCSF] sample : ggZZto2e2nu
[AnalysisInputs::SetMCSF] => MCSF = 0.926685, MCSF_err = 0.102827
[AnalysisInputs::SetMCSF] sample : ggZZto2e2tau
[AnalysisInputs::SetMCSF] => MCSF = 0.926685, MCSF_err = 0.102827
[AnalysisInputs::SetMCSF] sample : ggZZto2mu2nu
[AnalysisInputs::SetMCSF] => MCSF = 0.926685, MCSF_err = 0.102827
[AnalysisInputs::SetMCSF] sample : ggZZto2mu2tau
[AnalysisInputs::SetMCSF] => MCSF = 0.926685, MCSF_err = 0.102827
[AnalysisInputs::SetMCSF] sample : ggZZto4e
[AnalysisInputs::SetMCSF] => MCSF = 0.926685, MCSF_err = 0.102827
[AnalysisInputs::SetMCSF] sample : ggZZto4mu
[AnalysisInputs::SetMCSF] => MCSF = 0.926685, MCSF_err = 0.102827
[AnalysisInputs::SetMCSF] sample : ggZZto4tau
[AnalysisInputs::SetMCSF] => MCSF = 0.926685, MCSF_err = 0.102827
[AnalysisInputs::SetCalculatedSysts] Get Systematics from /home/jskim/Documents/trilepton_13TeV/DiLepton/data/v8-0-7.36/Syst.txt
[AnalysisInputs::SetCalculatedSysts] source : Luminosity
[AnalysisInputs::SetCalculatedSysts] => % sysematic = 0.025
[AnalysisInputs::SetCalculatedSysts] source : FakeLooseID
[AnalysisInputs::SetCalculatedSysts] => % sysematic = 0.3
[AnalysisInputs::SetCalculatedSysts] source : ChrageFlipSyst
[AnalysisInputs::SetCalculatedSysts] => % sysematic = 0.21
[CutRangeInfo::ReadCutCard] Get Cutcard from /home/jskim/Documents/trilepton_13TeV/DiLepton/data/v8-0-7.36/CutOpCard/OPTIMIZED_171107_MuEl_HighMass/HNMuEl_700.txt
prompt_tau21_syst = 0
signal_tau21_syst = 0
Central	1.82246	0.245246	0
_MuonEn_up	2.11097	0.245246	0
_MuonEn_down	1.72694	0.245246	0
_MuonIDSF_up	1.86354	0.245246	0
_MuonIDSF_down	1.77754	0.245246	0
_ElectronEn_up	1.81043	0.245246	0
_ElectronEn_down	1.82108	0.245246	0
_ElectronIDSF_up	1.86987	0.245246	0
_ElectronIDSF_down	1.77459	0.245246	0
_TriggerSF_up	1.82892	0.245246	0
_TriggerSF_down	1.81451	0.245246	0
_PU_up	1.92692	0.245246	0
_PU_down	1.70331	0.245246	0
_JetEn_up	1.80542	0.245246	0
_JetEn_down	1.9288	0.245246	0
_JetRes_up	1.83331	0.245246	0
_JetRes_down	1.80743	0.245246	0
_Unclustered_up	1.91915	0.245246	0
_Unclustered_down	1.90168	0.245246	0
_BTagSFEff_up	1.818	0.245246	0
_BTagSFEff_down	1.83141	0.245246	0
_BTagSFMiss_up	1.811	0.245246	0
_BTagSFMiss_down	1.82287	0.245246	0
_JetMass_up	1.81395	0.245246	0
_JetMass_down	1.81263	0.245246	0
_JetMassRes_up	1.82029	0.245246	0
_JetMassRes_down	1.82003	0.245246	0

################ Sources ################
Source	SystTotal	SystPrompt	SystFake	Signal
Stat 47.69 53.68  50.46  -nan  1.29
Lumi 2.20  2.50 -  -  2.50
PDF  -  -  -  -  8.53
MuonPt  10.39 11.79  -  -  1.83
MuonID  2.08 2.36  -  -  2.16
ElectronE  0.41 0.47  -  -  0.16
ElectronID  2.30 2.61  -  -  2.22
Trigger  0.35 0.40  -  -  0.10
PU  5.42 6.15  -  -  0.81
JES  3.68 4.18  -  -  0.85
JER  0.63 0.72  -  -  0.32
Uncl  4.27 4.85  -  -  0.71
BEff  0.34 0.39  -  -  0.26
BMiss  0.39 0.44  -  -  0.53
JMS  0.44 0.50  -  -  0.21
JMR  0.11 0.13  -  -  0.17
Tau21 0.00  0.00 -  -  0.00
MCNorm 6.15  6.98 -  -  -
Fake 3.56  -  30.00 - -
CF 0.00  -  -  -nan -
Total Systematic 15.34 16.93  30.00  -nan  9.72

Total Background	2.068
- Prompt	1.822
- Fake	0.245
- CF	0.000

####### Result #######
Signal Eff	0.073160
2.067703 1.500988
0.059866 1.098004
