
Processing HNMuEl_300_VBF.C...
[AnalysisInputs::SetMCSF] Get MC SF from /home/jskim/Documents/trilepton_13TeV/DiLepton/data/v8-0-7.36/MCSF.txt
[AnalysisInputs::SetMCSF] sample : VVV
[AnalysisInputs::SetMCSF] => MCSF = 1, MCSF_err = 0.5
[AnalysisInputs::SetMCSF] sample : WWW
[AnalysisInputs::SetMCSF] => MCSF = 1, MCSF_err = 0.5
[AnalysisInputs::SetMCSF] sample : WWZ
[AnalysisInputs::SetMCSF] => MCSF = 1, MCSF_err = 0.5
[AnalysisInputs::SetMCSF] sample : WZZ
[AnalysisInputs::SetMCSF] => MCSF = 1, MCSF_err = 0.5
[AnalysisInputs::SetMCSF] sample : ZZZ
[AnalysisInputs::SetMCSF] => MCSF = 1, MCSF_err = 0.5
[AnalysisInputs::SetMCSF] sample : ttV
[AnalysisInputs::SetMCSF] => MCSF = 1, MCSF_err = 0.5
[AnalysisInputs::SetMCSF] sample : ttW
[AnalysisInputs::SetMCSF] => MCSF = 1, MCSF_err = 0.5
[AnalysisInputs::SetMCSF] sample : ttZ
[AnalysisInputs::SetMCSF] => MCSF = 1, MCSF_err = 0.5
[AnalysisInputs::SetMCSF] sample : ttH_nonbb
[AnalysisInputs::SetMCSF] => MCSF = 1, MCSF_err = 0.5
[AnalysisInputs::SetMCSF] sample : top
[AnalysisInputs::SetMCSF] => MCSF = 1, MCSF_err = 0.5
[AnalysisInputs::SetMCSF] sample : WZTo3LNu_powheg
[AnalysisInputs::SetMCSF] => MCSF = 1.00165, MCSF_err = 0.0888561
[AnalysisInputs::SetMCSF] sample : ZGto2LG
[AnalysisInputs::SetMCSF] => MCSF = 0.794861, MCSF_err = 0.155181
[AnalysisInputs::SetMCSF] sample : ZZTo4L_powheg
[AnalysisInputs::SetMCSF] => MCSF = 0.926685, MCSF_err = 0.102827
[AnalysisInputs::SetMCSF] sample : ggZZto2e2mu
[AnalysisInputs::SetMCSF] => MCSF = 0.926685, MCSF_err = 0.102827
[AnalysisInputs::SetMCSF] sample : ggZZto2e2nu
[AnalysisInputs::SetMCSF] => MCSF = 0.926685, MCSF_err = 0.102827
[AnalysisInputs::SetMCSF] sample : ggZZto2e2tau
[AnalysisInputs::SetMCSF] => MCSF = 0.926685, MCSF_err = 0.102827
[AnalysisInputs::SetMCSF] sample : ggZZto2mu2nu
[AnalysisInputs::SetMCSF] => MCSF = 0.926685, MCSF_err = 0.102827
[AnalysisInputs::SetMCSF] sample : ggZZto2mu2tau
[AnalysisInputs::SetMCSF] => MCSF = 0.926685, MCSF_err = 0.102827
[AnalysisInputs::SetMCSF] sample : ggZZto4e
[AnalysisInputs::SetMCSF] => MCSF = 0.926685, MCSF_err = 0.102827
[AnalysisInputs::SetMCSF] sample : ggZZto4mu
[AnalysisInputs::SetMCSF] => MCSF = 0.926685, MCSF_err = 0.102827
[AnalysisInputs::SetMCSF] sample : ggZZto4tau
[AnalysisInputs::SetMCSF] => MCSF = 0.926685, MCSF_err = 0.102827
[AnalysisInputs::SetCalculatedSysts] Get Systematics from /home/jskim/Documents/trilepton_13TeV/DiLepton/data/v8-0-7.36/Syst.txt
[AnalysisInputs::SetCalculatedSysts] source : Luminosity
[AnalysisInputs::SetCalculatedSysts] => % sysematic = 0.025
[AnalysisInputs::SetCalculatedSysts] source : FakeLooseID
[AnalysisInputs::SetCalculatedSysts] => % sysematic = 0.3
[AnalysisInputs::SetCalculatedSysts] source : ChrageFlipSyst
[AnalysisInputs::SetCalculatedSysts] => % sysematic = 0.21
[CutRangeInfo::ReadCutCard] Get Cutcard from /home/jskim/Documents/trilepton_13TeV/DiLepton/data/v8-0-7.36/CutOpCard/OPTIMIZED_171107_MuEl_HighMass/HNMuEl_300.txt
prompt_tau21_syst = 0
signal_tau21_syst = 0
Central	6.58394	1.76715	0
_MuonEn_up	7.08269	1.76715	0
_MuonEn_down	6.10536	1.76715	0
_MuonIDSF_up	6.6319	1.76715	0
_MuonIDSF_down	6.35125	1.76715	0
_ElectronEn_up	6.92242	1.76715	0
_ElectronEn_down	6.52268	1.76715	0
_ElectronIDSF_up	6.72997	1.76715	0
_ElectronIDSF_down	6.53322	1.76715	0
_TriggerSF_up	6.58818	1.76715	0
_TriggerSF_down	6.54736	1.76715	0
_PU_up	6.35842	1.76715	0
_PU_down	6.88914	1.76715	0
_JetEn_up	6.3215	1.76715	0
_JetEn_down	6.52123	1.76715	0
_JetRes_up	6.4786	1.76715	0
_JetRes_down	6.5087	1.76715	0
_Unclustered_up	6.36453	1.76715	0
_Unclustered_down	6.47507	1.76715	0
_BTagSFEff_up	6.45603	1.76715	0
_BTagSFEff_down	6.5735	1.76715	0
_BTagSFMiss_up	6.60031	1.76715	0
_BTagSFMiss_down	6.64046	1.76715	0
_JetMass_up	6.58377	1.76715	0
_JetMass_down	6.61722	1.76715	0
_JetMassRes_up	6.63007	1.76715	0
_JetMassRes_down	6.51338	1.76715	0

################ Sources ################
Source	SystTotal	SystPrompt	SystFake	Signal
Stat 8.27 9.19  18.85  -nan  0.96
Lumi 1.97  2.50 -  -  2.50
PDF  -  -  -  -  8.53
MuonPt  5.85 7.42  -  -  1.22
MuonID  2.01 2.55  -  -  2.04
ElectronE  2.91 3.69  -  -  0.26
ElectronID  1.31 1.66  -  -  1.98
Trigger  0.31 0.40  -  -  0.10
PU  3.21 4.08  -  -  1.27
JES  2.28 2.90  -  -  0.72
JER  1.10 1.39  -  -  1.26
Uncl  2.07 2.63  -  -  1.15
BEff  1.09 1.38  -  -  0.27
BMiss  0.50 0.63  -  -  0.41
JMS  0.28 0.36  -  -  0.15
JMR  0.71 0.91  -  -  0.04
Tau21 0.00  0.00 -  -  0.00
MCNorm 11.68  14.81 -  -  -
Fake 6.35  -  30.00 - -
CF 0.00  -  -  -nan -
Total Systematic 15.88 18.46  30.00  -nan  9.69

Total Background	8.351
- Prompt	6.584
- Fake	1.767
- CF	0.000

####### Result #######
Signal Eff	0.134832
8.351088 1.179057
2.922978 1.097408
