
Processing Bin2_HNMuEl_1000.C...
[AnalysisInputs::SetMCSF] Get MC SF from /home/jskim/Documents/trilepton_13TeV/DiLepton/data/v8-0-7.32/MCSF.txt
[AnalysisInputs::SetMCSF] sample : VVV
[AnalysisInputs::SetMCSF] => MCSF = 1, MCSF_err = 0.5
[AnalysisInputs::SetMCSF] sample : WWW
[AnalysisInputs::SetMCSF] => MCSF = 1, MCSF_err = 0.5
[AnalysisInputs::SetMCSF] sample : WWZ
[AnalysisInputs::SetMCSF] => MCSF = 1, MCSF_err = 0.5
[AnalysisInputs::SetMCSF] sample : WZZ
[AnalysisInputs::SetMCSF] => MCSF = 1, MCSF_err = 0.5
[AnalysisInputs::SetMCSF] sample : ZZZ
[AnalysisInputs::SetMCSF] => MCSF = 1, MCSF_err = 0.5
[AnalysisInputs::SetMCSF] sample : ttV
[AnalysisInputs::SetMCSF] => MCSF = 1, MCSF_err = 0.5
[AnalysisInputs::SetMCSF] sample : ttW
[AnalysisInputs::SetMCSF] => MCSF = 1, MCSF_err = 0.5
[AnalysisInputs::SetMCSF] sample : ttZ
[AnalysisInputs::SetMCSF] => MCSF = 1, MCSF_err = 0.5
[AnalysisInputs::SetMCSF] sample : ttH_nonbb
[AnalysisInputs::SetMCSF] => MCSF = 1, MCSF_err = 0.5
[AnalysisInputs::SetMCSF] sample : top
[AnalysisInputs::SetMCSF] => MCSF = 1, MCSF_err = 0.5
[AnalysisInputs::SetMCSF] sample : WZTo3LNu_powheg
[AnalysisInputs::SetMCSF] => MCSF = 0.990529, MCSF_err = 0.0659614
[AnalysisInputs::SetMCSF] sample : ZGto2LG
[AnalysisInputs::SetMCSF] => MCSF = 0.779045, MCSF_err = 0.182441
[AnalysisInputs::SetMCSF] sample : ZZTo4L_powheg
[AnalysisInputs::SetMCSF] => MCSF = 0.93079, MCSF_err = 0.110885
[AnalysisInputs::SetMCSF] sample : ggZZto2e2mu
[AnalysisInputs::SetMCSF] => MCSF = 0.93079, MCSF_err = 0.110885
[AnalysisInputs::SetMCSF] sample : ggZZto2e2nu
[AnalysisInputs::SetMCSF] => MCSF = 0.93079, MCSF_err = 0.110885
[AnalysisInputs::SetMCSF] sample : ggZZto2e2tau
[AnalysisInputs::SetMCSF] => MCSF = 0.93079, MCSF_err = 0.110885
[AnalysisInputs::SetMCSF] sample : ggZZto2mu2nu
[AnalysisInputs::SetMCSF] => MCSF = 0.93079, MCSF_err = 0.110885
[AnalysisInputs::SetMCSF] sample : ggZZto2mu2tau
[AnalysisInputs::SetMCSF] => MCSF = 0.93079, MCSF_err = 0.110885
[AnalysisInputs::SetMCSF] sample : ggZZto4e
[AnalysisInputs::SetMCSF] => MCSF = 0.93079, MCSF_err = 0.110885
[AnalysisInputs::SetMCSF] sample : ggZZto4mu
[AnalysisInputs::SetMCSF] => MCSF = 0.93079, MCSF_err = 0.110885
[AnalysisInputs::SetMCSF] sample : ggZZto4tau
[AnalysisInputs::SetMCSF] => MCSF = 0.93079, MCSF_err = 0.110885
[AnalysisInputs::SetCalculatedSysts] Get Systematics from /home/jskim/Documents/trilepton_13TeV/DiLepton/data/v8-0-7.32/Syst.txt
[AnalysisInputs::SetCalculatedSysts] source : Luminosity
[AnalysisInputs::SetCalculatedSysts] => % sysematic = 0.025
[AnalysisInputs::SetCalculatedSysts] source : FakeLooseID
[AnalysisInputs::SetCalculatedSysts] => % sysematic = 0.3
[AnalysisInputs::SetCalculatedSysts] source : ChrageFlipSyst
[AnalysisInputs::SetCalculatedSysts] => % sysematic = 0.21
[CutRangeInfo::ReadCutCard] Get Cutcard from /home/jskim/Documents/trilepton_13TeV/DiLepton/data/v8-0-7.32/CutOpCard/OPTIMIZED_171030_MuEl_Bin2/HNMuEl_1000.txt
prompt_tau21_syst = 0.0604044
signal_tau21_syst = 0.00330954
Central	0.827735	0	0
_MuonEn_up	0.893576	0	0
_MuonEn_down	0.76074	0	0
_MuonIDSF_up	0.819607	0	0
_MuonIDSF_down	0.829255	0	0
_ElectronEn_up	0.82447	0	0
_ElectronEn_down	0.838902	0	0
_ElectronIDSF_up	0.838475	0	0
_ElectronIDSF_down	0.815881	0	0
_TriggerSF_up	0.796681	0	0
_TriggerSF_down	0.830444	0	0
_PU_up	0.804602	0	0
_PU_down	0.869842	0	0
_JetEn_up	0.866212	0	0
_JetEn_down	0.994498	0	0
_JetRes_up	0.839814	0	0
_JetRes_down	0.828534	0	0
_Unclustered_up	0.879638	0	0
_Unclustered_down	0.878933	0	0
_BTagSFEff_up	0.830179	0	0
_BTagSFEff_down	0.836043	0	0
_BTagSFMiss_up	0.824617	0	0
_BTagSFMiss_down	0.832658	0	0
_JetMass_up	0.833895	0	0
_JetMass_down	0.827763	0	0
_JetMassRes_up	0.82611	0	0
_JetMassRes_down	0.825747	0	0

################ Sources ################
Source	SystTotal	SystPrompt	SystFake	Signal
Stat 21.99 21.99  -nan  -nan  0.68
Lumi 2.50  2.50 -  -  2.50
PDF  -  -  -  -  8.53
MuonPt  8.02 8.02  -  -  0.40
MuonID  0.71 0.71  -  -  2.08
ElectronE  0.99 0.99  -  -  0.11
ElectronID  1.37 1.37  -  -  2.02
Trigger  2.66 2.66  -  -  0.10
PU  4.10 4.10  -  -  1.13
JES  14.62 14.62  -  -  0.22
JER  1.03 1.03  -  -  0.16
Uncl  6.23 6.23  -  -  0.18
BEff  0.74 0.74  -  -  0.39
BMiss  0.50 0.50  -  -  0.55
JMS  0.53 0.53  -  -  0.18
JMR  0.22 0.22  -  -  0.14
Tau21 7.30  7.30 -  -  7.31
MCNorm 20.23  20.23 -  -  -
Fake 0.00  -  -nan - -
CF 0.00  -  -  -nan -
Total Systematic 28.55 28.55  -nan  -nan  9.46

Total Background	0.828
- Prompt	0.828
- Fake	0.000
- CF	0.000

####### Result #######
Signal Eff	0.273233
0.827735 1.360402
0.045261 1.119755
