
Processing Bin2_HNMuEl_500.C...
[AnalysisInputs::SetMCSF] Get MC SF from /home/jskim/Documents/trilepton_13TeV/DiLepton/data/v8-0-7.32/MCSF.txt
[AnalysisInputs::SetMCSF] sample : VVV
[AnalysisInputs::SetMCSF] => MCSF = 1, MCSF_err = 0.5
[AnalysisInputs::SetMCSF] sample : WWW
[AnalysisInputs::SetMCSF] => MCSF = 1, MCSF_err = 0.5
[AnalysisInputs::SetMCSF] sample : WWZ
[AnalysisInputs::SetMCSF] => MCSF = 1, MCSF_err = 0.5
[AnalysisInputs::SetMCSF] sample : WZZ
[AnalysisInputs::SetMCSF] => MCSF = 1, MCSF_err = 0.5
[AnalysisInputs::SetMCSF] sample : ZZZ
[AnalysisInputs::SetMCSF] => MCSF = 1, MCSF_err = 0.5
[AnalysisInputs::SetMCSF] sample : ttV
[AnalysisInputs::SetMCSF] => MCSF = 1, MCSF_err = 0.5
[AnalysisInputs::SetMCSF] sample : ttW
[AnalysisInputs::SetMCSF] => MCSF = 1, MCSF_err = 0.5
[AnalysisInputs::SetMCSF] sample : ttZ
[AnalysisInputs::SetMCSF] => MCSF = 1, MCSF_err = 0.5
[AnalysisInputs::SetMCSF] sample : ttH_nonbb
[AnalysisInputs::SetMCSF] => MCSF = 1, MCSF_err = 0.5
[AnalysisInputs::SetMCSF] sample : top
[AnalysisInputs::SetMCSF] => MCSF = 1, MCSF_err = 0.5
[AnalysisInputs::SetMCSF] sample : WZTo3LNu_powheg
[AnalysisInputs::SetMCSF] => MCSF = 0.990529, MCSF_err = 0.0659614
[AnalysisInputs::SetMCSF] sample : ZGto2LG
[AnalysisInputs::SetMCSF] => MCSF = 0.779045, MCSF_err = 0.182441
[AnalysisInputs::SetMCSF] sample : ZZTo4L_powheg
[AnalysisInputs::SetMCSF] => MCSF = 0.93079, MCSF_err = 0.110885
[AnalysisInputs::SetMCSF] sample : ggZZto2e2mu
[AnalysisInputs::SetMCSF] => MCSF = 0.93079, MCSF_err = 0.110885
[AnalysisInputs::SetMCSF] sample : ggZZto2e2nu
[AnalysisInputs::SetMCSF] => MCSF = 0.93079, MCSF_err = 0.110885
[AnalysisInputs::SetMCSF] sample : ggZZto2e2tau
[AnalysisInputs::SetMCSF] => MCSF = 0.93079, MCSF_err = 0.110885
[AnalysisInputs::SetMCSF] sample : ggZZto2mu2nu
[AnalysisInputs::SetMCSF] => MCSF = 0.93079, MCSF_err = 0.110885
[AnalysisInputs::SetMCSF] sample : ggZZto2mu2tau
[AnalysisInputs::SetMCSF] => MCSF = 0.93079, MCSF_err = 0.110885
[AnalysisInputs::SetMCSF] sample : ggZZto4e
[AnalysisInputs::SetMCSF] => MCSF = 0.93079, MCSF_err = 0.110885
[AnalysisInputs::SetMCSF] sample : ggZZto4mu
[AnalysisInputs::SetMCSF] => MCSF = 0.93079, MCSF_err = 0.110885
[AnalysisInputs::SetMCSF] sample : ggZZto4tau
[AnalysisInputs::SetMCSF] => MCSF = 0.93079, MCSF_err = 0.110885
[AnalysisInputs::SetCalculatedSysts] Get Systematics from /home/jskim/Documents/trilepton_13TeV/DiLepton/data/v8-0-7.32/Syst.txt
[AnalysisInputs::SetCalculatedSysts] source : Luminosity
[AnalysisInputs::SetCalculatedSysts] => % sysematic = 0.025
[AnalysisInputs::SetCalculatedSysts] source : FakeLooseID
[AnalysisInputs::SetCalculatedSysts] => % sysematic = 0.3
[AnalysisInputs::SetCalculatedSysts] source : ChrageFlipSyst
[AnalysisInputs::SetCalculatedSysts] => % sysematic = 0.21
[CutRangeInfo::ReadCutCard] Get Cutcard from /home/jskim/Documents/trilepton_13TeV/DiLepton/data/v8-0-7.32/CutOpCard/OPTIMIZED_171030_MuEl_Bin2/HNMuEl_500.txt
prompt_tau21_syst = 0.219635
signal_tau21_syst = 0.0432829
Central	3.01788	0.0470729	0
_MuonEn_up	4.15181	0.0470729	0
_MuonEn_down	2.70002	0.0470729	0
_MuonIDSF_up	3.03155	0.0470729	0
_MuonIDSF_down	3.00026	0.0470729	0
_ElectronEn_up	2.98636	0.0470729	0
_ElectronEn_down	2.98907	0.0470729	0
_ElectronIDSF_up	3.04279	0.0470729	0
_ElectronIDSF_down	2.94605	0.0470729	0
_TriggerSF_up	2.96398	0.0470729	0
_TriggerSF_down	3.00376	0.0470729	0
_PU_up	2.56801	0.0470729	0
_PU_down	3.46434	0.0470729	0
_JetEn_up	2.90113	0.0470729	0
_JetEn_down	3.086	0.0470729	0
_JetRes_up	3.01203	0.0470729	0
_JetRes_down	2.98151	0.0470729	0
_Unclustered_up	2.9753	0.0470729	0
_Unclustered_down	2.95411	0.0470729	0
_BTagSFEff_up	2.98439	0.0470729	0
_BTagSFEff_down	3.00836	0.0470729	0
_BTagSFMiss_up	2.90875	0.0470729	0
_BTagSFMiss_down	2.99464	0.0470729	0
_JetMass_up	3.0619	0.0470729	0
_JetMass_down	3.01585	0.0470729	0
_JetMassRes_up	2.98307	0.0470729	0
_JetMassRes_down	2.99892	0.0470729	0

################ Sources ################
Source	SystTotal	SystPrompt	SystFake	Signal
Stat 33.75 34.24  108.43  -nan  0.81
Lumi 2.46  2.50 -  -  2.50
PDF  -  -  -  -  8.53
MuonPt  27.17 27.59  -  -  0.94
MuonID  0.51 0.52  -  -  2.08
ElectronE  0.99 1.00  -  -  0.32
ElectronID  1.75 1.78  -  -  2.09
Trigger  1.29 1.31  -  -  0.09
PU  14.62 14.85  -  -  1.24
JES  3.12 3.17  -  -  0.24
JER  0.85 0.86  -  -  0.11
Uncl  1.77 1.80  -  -  0.14
BEff  0.80 0.82  -  -  0.36
BMiss  2.57 2.61  -  -  0.46
JMS  1.02 1.03  -  -  0.07
JMR  0.91 0.93  -  -  0.07
Tau21 7.17  7.28 -  -  7.29
MCNorm 13.71  13.92 -  -  -
Fake 0.46  -  30.00 - -
CF 0.00  -  -  -nan -
Total Systematic 35.02 35.56  30.00  -nan  9.52

Total Background	3.065
- Prompt	3.018
- Fake	0.047
- CF	0.000

####### Result #######
Signal Eff	0.179908
3.064949 1.486341
0.594130 1.120174
