
Processing Bin2_HNMuEl_300_VBF.C...
[AnalysisInputs::SetMCSF] Get MC SF from /home/jskim/Documents/trilepton_13TeV/DiLepton/data/v8-0-7.32/MCSF.txt
[AnalysisInputs::SetMCSF] sample : VVV
[AnalysisInputs::SetMCSF] => MCSF = 1, MCSF_err = 0.5
[AnalysisInputs::SetMCSF] sample : WWW
[AnalysisInputs::SetMCSF] => MCSF = 1, MCSF_err = 0.5
[AnalysisInputs::SetMCSF] sample : WWZ
[AnalysisInputs::SetMCSF] => MCSF = 1, MCSF_err = 0.5
[AnalysisInputs::SetMCSF] sample : WZZ
[AnalysisInputs::SetMCSF] => MCSF = 1, MCSF_err = 0.5
[AnalysisInputs::SetMCSF] sample : ZZZ
[AnalysisInputs::SetMCSF] => MCSF = 1, MCSF_err = 0.5
[AnalysisInputs::SetMCSF] sample : ttV
[AnalysisInputs::SetMCSF] => MCSF = 1, MCSF_err = 0.5
[AnalysisInputs::SetMCSF] sample : ttW
[AnalysisInputs::SetMCSF] => MCSF = 1, MCSF_err = 0.5
[AnalysisInputs::SetMCSF] sample : ttZ
[AnalysisInputs::SetMCSF] => MCSF = 1, MCSF_err = 0.5
[AnalysisInputs::SetMCSF] sample : ttH_nonbb
[AnalysisInputs::SetMCSF] => MCSF = 1, MCSF_err = 0.5
[AnalysisInputs::SetMCSF] sample : top
[AnalysisInputs::SetMCSF] => MCSF = 1, MCSF_err = 0.5
[AnalysisInputs::SetMCSF] sample : WZTo3LNu_powheg
[AnalysisInputs::SetMCSF] => MCSF = 0.990529, MCSF_err = 0.0659614
[AnalysisInputs::SetMCSF] sample : ZGto2LG
[AnalysisInputs::SetMCSF] => MCSF = 0.779045, MCSF_err = 0.182441
[AnalysisInputs::SetMCSF] sample : ZZTo4L_powheg
[AnalysisInputs::SetMCSF] => MCSF = 0.93079, MCSF_err = 0.110885
[AnalysisInputs::SetMCSF] sample : ggZZto2e2mu
[AnalysisInputs::SetMCSF] => MCSF = 0.93079, MCSF_err = 0.110885
[AnalysisInputs::SetMCSF] sample : ggZZto2e2nu
[AnalysisInputs::SetMCSF] => MCSF = 0.93079, MCSF_err = 0.110885
[AnalysisInputs::SetMCSF] sample : ggZZto2e2tau
[AnalysisInputs::SetMCSF] => MCSF = 0.93079, MCSF_err = 0.110885
[AnalysisInputs::SetMCSF] sample : ggZZto2mu2nu
[AnalysisInputs::SetMCSF] => MCSF = 0.93079, MCSF_err = 0.110885
[AnalysisInputs::SetMCSF] sample : ggZZto2mu2tau
[AnalysisInputs::SetMCSF] => MCSF = 0.93079, MCSF_err = 0.110885
[AnalysisInputs::SetMCSF] sample : ggZZto4e
[AnalysisInputs::SetMCSF] => MCSF = 0.93079, MCSF_err = 0.110885
[AnalysisInputs::SetMCSF] sample : ggZZto4mu
[AnalysisInputs::SetMCSF] => MCSF = 0.93079, MCSF_err = 0.110885
[AnalysisInputs::SetMCSF] sample : ggZZto4tau
[AnalysisInputs::SetMCSF] => MCSF = 0.93079, MCSF_err = 0.110885
[AnalysisInputs::SetCalculatedSysts] Get Systematics from /home/jskim/Documents/trilepton_13TeV/DiLepton/data/v8-0-7.32/Syst.txt
[AnalysisInputs::SetCalculatedSysts] source : Luminosity
[AnalysisInputs::SetCalculatedSysts] => % sysematic = 0.025
[AnalysisInputs::SetCalculatedSysts] source : FakeLooseID
[AnalysisInputs::SetCalculatedSysts] => % sysematic = 0.3
[AnalysisInputs::SetCalculatedSysts] source : ChrageFlipSyst
[AnalysisInputs::SetCalculatedSysts] => % sysematic = 0.21
[CutRangeInfo::ReadCutCard] Get Cutcard from /home/jskim/Documents/trilepton_13TeV/DiLepton/data/v8-0-7.32/CutOpCard/OPTIMIZED_171030_MuEl_Bin2/HNMuEl_300.txt
prompt_tau21_syst = 0.425694
signal_tau21_syst = 0.102425
Central	5.8474	0.417277	0
_MuonEn_up	6.01563	0.417277	0
_MuonEn_down	5.63035	0.417277	0
_MuonIDSF_up	5.9217	0.417277	0
_MuonIDSF_down	5.77434	0.417277	0
_ElectronEn_up	5.76632	0.417277	0
_ElectronEn_down	5.84973	0.417277	0
_ElectronIDSF_up	5.92328	0.417277	0
_ElectronIDSF_down	5.66256	0.417277	0
_TriggerSF_up	5.79097	0.417277	0
_TriggerSF_down	5.84873	0.417277	0
_PU_up	5.41717	0.417277	0
_PU_down	6.27085	0.417277	0
_JetEn_up	5.69892	0.417277	0
_JetEn_down	5.81794	0.417277	0
_JetRes_up	5.83676	0.417277	0
_JetRes_down	4.82903	0.417277	0
_Unclustered_up	5.72005	0.417277	0
_Unclustered_down	5.73126	0.417277	0
_BTagSFEff_up	5.78985	0.417277	0
_BTagSFEff_down	5.87899	0.417277	0
_BTagSFMiss_up	5.6521	0.417277	0
_BTagSFMiss_down	5.82014	0.417277	0
_JetMass_up	5.90646	0.417277	0
_JetMass_down	5.83098	0.417277	0
_JetMassRes_up	5.72534	0.417277	0
_JetMassRes_down	5.78799	0.417277	0

################ Sources ################
Source	SystTotal	SystPrompt	SystFake	Signal
Stat 23.41 24.91  41.95  -nan  1.39
Lumi 2.33  2.50 -  -  2.50
PDF  -  -  -  -  8.53
MuonPt  3.10 3.32  -  -  0.46
MuonID  1.18 1.26  -  -  1.95
ElectronE  0.92 0.98  -  -  0.28
ElectronID  2.26 2.42  -  -  2.11
Trigger  0.64 0.68  -  -  0.08
PU  6.81 7.30  -  -  1.21
JES  1.71 1.83  -  -  0.31
JER  11.50 12.32  -  -  0.16
Uncl  1.95 2.08  -  -  0.16
BEff  0.74 0.79  -  -  0.35
BMiss  2.23 2.38  -  -  0.70
JMS  0.69 0.74  -  -  0.05
JMR  1.53 1.64  -  -  0.03
Tau21 6.80  7.28 -  -  7.29
MCNorm 12.51  13.40 -  -  -
Fake 2.00  -  30.00 - -
CF 0.00  -  -  -nan -
Total Systematic 20.57 21.93  30.00  -nan  9.48

Total Background	6.265
- Prompt	5.847
- Fake	0.417
- CF	0.000

####### Result #######
Signal Eff	0.059031
6.264680 1.311659
1.404996 1.120356
