
Processing Bin2_HNMuEl_700.C...
[AnalysisInputs::SetMCSF] Get MC SF from /home/jskim/Documents/trilepton_13TeV/DiLepton/data/v8-0-7.32/MCSF.txt
[AnalysisInputs::SetMCSF] sample : VVV
[AnalysisInputs::SetMCSF] => MCSF = 1, MCSF_err = 0.5
[AnalysisInputs::SetMCSF] sample : WWW
[AnalysisInputs::SetMCSF] => MCSF = 1, MCSF_err = 0.5
[AnalysisInputs::SetMCSF] sample : WWZ
[AnalysisInputs::SetMCSF] => MCSF = 1, MCSF_err = 0.5
[AnalysisInputs::SetMCSF] sample : WZZ
[AnalysisInputs::SetMCSF] => MCSF = 1, MCSF_err = 0.5
[AnalysisInputs::SetMCSF] sample : ZZZ
[AnalysisInputs::SetMCSF] => MCSF = 1, MCSF_err = 0.5
[AnalysisInputs::SetMCSF] sample : ttV
[AnalysisInputs::SetMCSF] => MCSF = 1, MCSF_err = 0.5
[AnalysisInputs::SetMCSF] sample : ttW
[AnalysisInputs::SetMCSF] => MCSF = 1, MCSF_err = 0.5
[AnalysisInputs::SetMCSF] sample : ttZ
[AnalysisInputs::SetMCSF] => MCSF = 1, MCSF_err = 0.5
[AnalysisInputs::SetMCSF] sample : ttH_nonbb
[AnalysisInputs::SetMCSF] => MCSF = 1, MCSF_err = 0.5
[AnalysisInputs::SetMCSF] sample : top
[AnalysisInputs::SetMCSF] => MCSF = 1, MCSF_err = 0.5
[AnalysisInputs::SetMCSF] sample : WZTo3LNu_powheg
[AnalysisInputs::SetMCSF] => MCSF = 0.990529, MCSF_err = 0.0659614
[AnalysisInputs::SetMCSF] sample : ZGto2LG
[AnalysisInputs::SetMCSF] => MCSF = 0.779045, MCSF_err = 0.182441
[AnalysisInputs::SetMCSF] sample : ZZTo4L_powheg
[AnalysisInputs::SetMCSF] => MCSF = 0.93079, MCSF_err = 0.110885
[AnalysisInputs::SetMCSF] sample : ggZZto2e2mu
[AnalysisInputs::SetMCSF] => MCSF = 0.93079, MCSF_err = 0.110885
[AnalysisInputs::SetMCSF] sample : ggZZto2e2nu
[AnalysisInputs::SetMCSF] => MCSF = 0.93079, MCSF_err = 0.110885
[AnalysisInputs::SetMCSF] sample : ggZZto2e2tau
[AnalysisInputs::SetMCSF] => MCSF = 0.93079, MCSF_err = 0.110885
[AnalysisInputs::SetMCSF] sample : ggZZto2mu2nu
[AnalysisInputs::SetMCSF] => MCSF = 0.93079, MCSF_err = 0.110885
[AnalysisInputs::SetMCSF] sample : ggZZto2mu2tau
[AnalysisInputs::SetMCSF] => MCSF = 0.93079, MCSF_err = 0.110885
[AnalysisInputs::SetMCSF] sample : ggZZto4e
[AnalysisInputs::SetMCSF] => MCSF = 0.93079, MCSF_err = 0.110885
[AnalysisInputs::SetMCSF] sample : ggZZto4mu
[AnalysisInputs::SetMCSF] => MCSF = 0.93079, MCSF_err = 0.110885
[AnalysisInputs::SetMCSF] sample : ggZZto4tau
[AnalysisInputs::SetMCSF] => MCSF = 0.93079, MCSF_err = 0.110885
[AnalysisInputs::SetCalculatedSysts] Get Systematics from /home/jskim/Documents/trilepton_13TeV/DiLepton/data/v8-0-7.32/Syst.txt
[AnalysisInputs::SetCalculatedSysts] source : Luminosity
[AnalysisInputs::SetCalculatedSysts] => % sysematic = 0.025
[AnalysisInputs::SetCalculatedSysts] source : FakeLooseID
[AnalysisInputs::SetCalculatedSysts] => % sysematic = 0.3
[AnalysisInputs::SetCalculatedSysts] source : ChrageFlipSyst
[AnalysisInputs::SetCalculatedSysts] => % sysematic = 0.21
[CutRangeInfo::ReadCutCard] Get Cutcard from /home/jskim/Documents/trilepton_13TeV/DiLepton/data/v8-0-7.32/CutOpCard/OPTIMIZED_171030_MuEl_Bin2/HNMuEl_700.txt
prompt_tau21_syst = 0.0642181
signal_tau21_syst = 0.0139447
Central	0.881677	0	0
_MuonEn_up	0.966242	0	0
_MuonEn_down	0.835779	0	0
_MuonIDSF_up	0.871977	0	0
_MuonIDSF_down	0.879476	0	0
_ElectronEn_up	0.955543	0	0
_ElectronEn_down	0.882737	0	0
_ElectronIDSF_up	0.893674	0	0
_ElectronIDSF_down	0.872575	0	0
_TriggerSF_up	0.847813	0	0
_TriggerSF_down	0.881504	0	0
_PU_up	0.851395	0	0
_PU_down	0.931894	0	0
_JetEn_up	0.918641	0	0
_JetEn_down	1.04324	0	0
_JetRes_up	0.890967	0	0
_JetRes_down	0.887083	0	0
_Unclustered_up	0.930771	0	0
_Unclustered_down	0.927088	0	0
_BTagSFEff_up	0.879495	0	0
_BTagSFEff_down	0.88379	0	0
_BTagSFMiss_up	0.875749	0	0
_BTagSFMiss_down	0.88379	0	0
_JetMass_up	0.894931	0	0
_JetMass_down	0.932087	0	0
_JetMassRes_up	0.877242	0	0
_JetMassRes_down	0.873695	0	0

################ Sources ################
Source	SystTotal	SystPrompt	SystFake	Signal
Stat 21.99 21.99  -nan  -nan  0.72
Lumi 2.50  2.50 -  -  2.50
PDF  -  -  -  -  8.53
MuonPt  7.72 7.72  -  -  0.56
MuonID  0.80 0.80  -  -  2.06
ElectronE  5.92 5.92  -  -  0.16
ElectronID  1.21 1.21  -  -  1.99
Trigger  2.72 2.72  -  -  0.13
PU  4.70 4.70  -  -  1.17
JES  13.29 13.29  -  -  0.10
JER  0.86 0.86  -  -  0.05
Uncl  5.36 5.36  -  -  0.11
BEff  0.24 0.24  -  -  0.39
BMiss  0.50 0.50  -  -  0.44
JMS  4.18 4.18  -  -  0.10
JMR  0.73 0.73  -  -  0.03
Tau21 7.28  7.28 -  -  7.30
MCNorm 23.12  23.12 -  -  -
Fake 0.00  -  -nan - -
CF 0.00  -  -  -nan -
Total Systematic 30.73 30.73  -nan  -nan  9.45

Total Background	0.882
- Prompt	0.882
- Fake	0.000
- CF	0.000

####### Result #######
Signal Eff	0.230454
0.881677 1.377887
0.191063 1.119609
