
Processing Bin2_HNMuEl_800.C...
[AnalysisInputs::SetMCSF] Get MC SF from /home/jskim/Documents/trilepton_13TeV/DiLepton/data/v8-0-7.32/MCSF.txt
[AnalysisInputs::SetMCSF] sample : VVV
[AnalysisInputs::SetMCSF] => MCSF = 1, MCSF_err = 0.5
[AnalysisInputs::SetMCSF] sample : WWW
[AnalysisInputs::SetMCSF] => MCSF = 1, MCSF_err = 0.5
[AnalysisInputs::SetMCSF] sample : WWZ
[AnalysisInputs::SetMCSF] => MCSF = 1, MCSF_err = 0.5
[AnalysisInputs::SetMCSF] sample : WZZ
[AnalysisInputs::SetMCSF] => MCSF = 1, MCSF_err = 0.5
[AnalysisInputs::SetMCSF] sample : ZZZ
[AnalysisInputs::SetMCSF] => MCSF = 1, MCSF_err = 0.5
[AnalysisInputs::SetMCSF] sample : ttV
[AnalysisInputs::SetMCSF] => MCSF = 1, MCSF_err = 0.5
[AnalysisInputs::SetMCSF] sample : ttW
[AnalysisInputs::SetMCSF] => MCSF = 1, MCSF_err = 0.5
[AnalysisInputs::SetMCSF] sample : ttZ
[AnalysisInputs::SetMCSF] => MCSF = 1, MCSF_err = 0.5
[AnalysisInputs::SetMCSF] sample : ttH_nonbb
[AnalysisInputs::SetMCSF] => MCSF = 1, MCSF_err = 0.5
[AnalysisInputs::SetMCSF] sample : top
[AnalysisInputs::SetMCSF] => MCSF = 1, MCSF_err = 0.5
[AnalysisInputs::SetMCSF] sample : WZTo3LNu_powheg
[AnalysisInputs::SetMCSF] => MCSF = 0.990529, MCSF_err = 0.0659614
[AnalysisInputs::SetMCSF] sample : ZGto2LG
[AnalysisInputs::SetMCSF] => MCSF = 0.779045, MCSF_err = 0.182441
[AnalysisInputs::SetMCSF] sample : ZZTo4L_powheg
[AnalysisInputs::SetMCSF] => MCSF = 0.93079, MCSF_err = 0.110885
[AnalysisInputs::SetMCSF] sample : ggZZto2e2mu
[AnalysisInputs::SetMCSF] => MCSF = 0.93079, MCSF_err = 0.110885
[AnalysisInputs::SetMCSF] sample : ggZZto2e2nu
[AnalysisInputs::SetMCSF] => MCSF = 0.93079, MCSF_err = 0.110885
[AnalysisInputs::SetMCSF] sample : ggZZto2e2tau
[AnalysisInputs::SetMCSF] => MCSF = 0.93079, MCSF_err = 0.110885
[AnalysisInputs::SetMCSF] sample : ggZZto2mu2nu
[AnalysisInputs::SetMCSF] => MCSF = 0.93079, MCSF_err = 0.110885
[AnalysisInputs::SetMCSF] sample : ggZZto2mu2tau
[AnalysisInputs::SetMCSF] => MCSF = 0.93079, MCSF_err = 0.110885
[AnalysisInputs::SetMCSF] sample : ggZZto4e
[AnalysisInputs::SetMCSF] => MCSF = 0.93079, MCSF_err = 0.110885
[AnalysisInputs::SetMCSF] sample : ggZZto4mu
[AnalysisInputs::SetMCSF] => MCSF = 0.93079, MCSF_err = 0.110885
[AnalysisInputs::SetMCSF] sample : ggZZto4tau
[AnalysisInputs::SetMCSF] => MCSF = 0.93079, MCSF_err = 0.110885
[AnalysisInputs::SetCalculatedSysts] Get Systematics from /home/jskim/Documents/trilepton_13TeV/DiLepton/data/v8-0-7.32/Syst.txt
[AnalysisInputs::SetCalculatedSysts] source : Luminosity
[AnalysisInputs::SetCalculatedSysts] => % sysematic = 0.025
[AnalysisInputs::SetCalculatedSysts] source : FakeLooseID
[AnalysisInputs::SetCalculatedSysts] => % sysematic = 0.3
[AnalysisInputs::SetCalculatedSysts] source : ChrageFlipSyst
[AnalysisInputs::SetCalculatedSysts] => % sysematic = 0.21
[CutRangeInfo::ReadCutCard] Get Cutcard from /home/jskim/Documents/trilepton_13TeV/DiLepton/data/v8-0-7.32/CutOpCard/OPTIMIZED_171030_MuEl_Bin2/HNMuEl_800.txt
prompt_tau21_syst = 0.0611969
signal_tau21_syst = 0.00869111
Central	0.83873	0	0
_MuonEn_up	0.909208	0	0
_MuonEn_down	0.771735	0	0
_MuonIDSF_up	0.831024	0	0
_MuonIDSF_down	0.83983	0	0
_ElectronEn_up	0.835466	0	0
_ElectronEn_down	0.849918	0	0
_ElectronIDSF_up	0.849691	0	0
_ElectronIDSF_down	0.826656	0	0
_TriggerSF_up	0.807676	0	0
_TriggerSF_down	0.84144	0	0
_PU_up	0.814798	0	0
_PU_down	0.881531	0	0
_JetEn_up	0.879149	0	0
_JetEn_down	1.00268	0	0
_JetRes_up	0.85083	0	0
_JetRes_down	0.836362	0	0
_Unclustered_up	0.890634	0	0
_Unclustered_down	0.889929	0	0
_BTagSFEff_up	0.841174	0	0
_BTagSFEff_down	0.847039	0	0
_BTagSFMiss_up	0.835612	0	0
_BTagSFMiss_down	0.843653	0	0
_JetMass_up	0.847284	0	0
_JetMass_down	0.843446	0	0
_JetMassRes_up	0.837105	0	0
_JetMassRes_down	0.836743	0	0

################ Sources ################
Source	SystTotal	SystPrompt	SystFake	Signal
Stat 21.72 21.72  -nan  -nan  0.68
Lumi 2.50  2.50 -  -  2.50
PDF  -  -  -  -  8.53
MuonPt  8.20 8.20  -  -  0.54
MuonID  0.66 0.66  -  -  1.96
ElectronE  0.98 0.98  -  -  0.17
ElectronID  1.37 1.37  -  -  2.04
Trigger  2.63 2.63  -  -  0.10
PU  4.13 4.13  -  -  1.00
JES  14.24 14.24  -  -  0.19
JER  1.04 1.04  -  -  0.12
Uncl  6.15 6.15  -  -  0.13
BEff  0.73 0.73  -  -  0.40
BMiss  0.49 0.49  -  -  0.50
JMS  0.82 0.82  -  -  0.13
JMR  0.22 0.22  -  -  0.06
Tau21 7.30  7.30 -  -  7.31
MCNorm 20.34  20.34 -  -  -
Fake 0.00  -  -nan - -
CF 0.00  -  -  -nan -
Total Systematic 28.47 28.47  -nan  -nan  9.42

Total Background	0.839
- Prompt	0.839
- Fake	0.000
- CF	0.000

####### Result #######
Signal Eff	0.257889
0.838730 1.358091
0.118942 1.119448
