
Processing CyclesForOptimization_ElEl_Bin2/HNElEl_1500.C...
[AnalysisInputs::SetMCSF] Get MC SF from /data8/Users/jskim/HN_dilepton_plotter/data/v8-0-7.37_PreApproval/MCSF.txt
[AnalysisInputs::SetMCSF] sample : VVV
[AnalysisInputs::SetMCSF] => MCSF = 1, MCSF_err = 0.5
[AnalysisInputs::SetMCSF] sample : WWW
[AnalysisInputs::SetMCSF] => MCSF = 1, MCSF_err = 0.5
[AnalysisInputs::SetMCSF] sample : WWZ
[AnalysisInputs::SetMCSF] => MCSF = 1, MCSF_err = 0.5
[AnalysisInputs::SetMCSF] sample : WZZ
[AnalysisInputs::SetMCSF] => MCSF = 1, MCSF_err = 0.5
[AnalysisInputs::SetMCSF] sample : ZZZ
[AnalysisInputs::SetMCSF] => MCSF = 1, MCSF_err = 0.5
[AnalysisInputs::SetMCSF] sample : ttV
[AnalysisInputs::SetMCSF] => MCSF = 1, MCSF_err = 0.5
[AnalysisInputs::SetMCSF] sample : ttW
[AnalysisInputs::SetMCSF] => MCSF = 1, MCSF_err = 0.5
[AnalysisInputs::SetMCSF] sample : ttZ
[AnalysisInputs::SetMCSF] => MCSF = 1, MCSF_err = 0.5
[AnalysisInputs::SetMCSF] sample : ttH_nonbb
[AnalysisInputs::SetMCSF] => MCSF = 1, MCSF_err = 0.5
[AnalysisInputs::SetMCSF] sample : top
[AnalysisInputs::SetMCSF] => MCSF = 1, MCSF_err = 0.5
[AnalysisInputs::SetMCSF] sample : WWTo2L2Nu_DS
[AnalysisInputs::SetMCSF] => MCSF = 1, MCSF_err = 0.5
[AnalysisInputs::SetMCSF] sample : WpWpEWK
[AnalysisInputs::SetMCSF] => MCSF = 1, MCSF_err = 0.5
[AnalysisInputs::SetMCSF] sample : WpWpQCD
[AnalysisInputs::SetMCSF] => MCSF = 1, MCSF_err = 0.5
[AnalysisInputs::SetMCSF] sample : WZTo3LNu_mllmin01
[AnalysisInputs::SetMCSF] => MCSF = 0.65, MCSF_err = 0.06
[AnalysisInputs::SetMCSF] sample : WZTo3LNu_powheg
[AnalysisInputs::SetMCSF] => MCSF = 1.05044, MCSF_err = 0.0648798
[AnalysisInputs::SetMCSF] sample : ZGto2LG
[AnalysisInputs::SetMCSF] => MCSF = 1.09954, MCSF_err = 0.076377
[AnalysisInputs::SetMCSF] sample : WGtoLNuG
[AnalysisInputs::SetMCSF] => MCSF = 1, MCSF_err = 0.076377
[AnalysisInputs::SetMCSF] sample : WGtoLNuG_weighted
[AnalysisInputs::SetMCSF] => MCSF = 1, MCSF_err = 0.076377
[AnalysisInputs::SetMCSF] sample : ZZTo4L_powheg
[AnalysisInputs::SetMCSF] => MCSF = 0.978852, MCSF_err = 0.0792882
[AnalysisInputs::SetMCSF] sample : ggZZto2e2mu
[AnalysisInputs::SetMCSF] => MCSF = 0.978852, MCSF_err = 0.0792882
[AnalysisInputs::SetMCSF] sample : ggZZto2e2nu
[AnalysisInputs::SetMCSF] => MCSF = 0.978852, MCSF_err = 0.0792882
[AnalysisInputs::SetMCSF] sample : ggZZto2e2tau
[AnalysisInputs::SetMCSF] => MCSF = 0.978852, MCSF_err = 0.0792882
[AnalysisInputs::SetMCSF] sample : ggZZto2mu2nu
[AnalysisInputs::SetMCSF] => MCSF = 0.978852, MCSF_err = 0.0792882
[AnalysisInputs::SetMCSF] sample : ggZZto2mu2tau
[AnalysisInputs::SetMCSF] => MCSF = 0.978852, MCSF_err = 0.0792882
[AnalysisInputs::SetMCSF] sample : ggZZto4e
[AnalysisInputs::SetMCSF] => MCSF = 0.978852, MCSF_err = 0.0792882
[AnalysisInputs::SetMCSF] sample : ggZZto4mu
[AnalysisInputs::SetMCSF] => MCSF = 0.978852, MCSF_err = 0.0792882
[AnalysisInputs::SetMCSF] sample : ggZZto4tau
[AnalysisInputs::SetMCSF] => MCSF = 0.978852, MCSF_err = 0.0792882
[AnalysisInputs::SetMCSF] sample : ggHtoZZ
[AnalysisInputs::SetMCSF] => MCSF = 0.978852, MCSF_err = 0.0792882
[AnalysisInputs::SetCalculatedSysts] Get Systematics from /data8/Users/jskim/HN_dilepton_plotter/data/v8-0-7.37_PreApproval/Syst.txt
[AnalysisInputs::SetCalculatedSysts] source : Luminosity
[AnalysisInputs::SetCalculatedSysts] => % sysematic = 0.025
[AnalysisInputs::SetCalculatedSysts] source : FakeLooseID
[AnalysisInputs::SetCalculatedSysts] => % sysematic = 0.3
[AnalysisInputs::SetCalculatedSysts] source : ChrageFlipSyst
[AnalysisInputs::SetCalculatedSysts] => % sysematic = 0.16
[CutRangeInfo::ReadCutCard] Get Cutcard from /data8/Users/jskim/HN_dilepton_plotter/data/v8-0-7.37_PreApproval/CutOpCard/RunDirectory/CyclesForOptimization_ElEl_Bin2/Cards//HNElEl_1500.txt

##################################################
#### TOTAL # of Loop = 3721
##################################################

[CutRangeInfo::PrintCutRangeInfo] leadingLepton_Pt_>
[CutInfo::PrintCutInfo] leadingLepton_Pt	>	140
[CutRangeInfo::PrintCutRangeInfo] ljj_|<
[CutInfo::PrintCutInfo] ljj	|<	1800
[CutInfo::PrintCutInfo] ljj	|<	1795
[CutInfo::PrintCutInfo] ljj	|<	1790
[CutInfo::PrintCutInfo] ljj	|<	1785
[CutInfo::PrintCutInfo] ljj	|<	1780
[CutInfo::PrintCutInfo] ljj	|<	1775
[CutInfo::PrintCutInfo] ljj	|<	1770
[CutInfo::PrintCutInfo] ljj	|<	1765
[CutInfo::PrintCutInfo] ljj	|<	1760
[CutInfo::PrintCutInfo] ljj	|<	1755
[CutInfo::PrintCutInfo] ljj	|<	1750
[CutInfo::PrintCutInfo] ljj	|<	1745
[CutInfo::PrintCutInfo] ljj	|<	1740
[CutInfo::PrintCutInfo] ljj	|<	1735
[CutInfo::PrintCutInfo] ljj	|<	1730
[CutInfo::PrintCutInfo] ljj	|<	1725
[CutInfo::PrintCutInfo] ljj	|<	1720
[CutInfo::PrintCutInfo] ljj	|<	1715
[CutInfo::PrintCutInfo] ljj	|<	1710
[CutInfo::PrintCutInfo] ljj	|<	1705
[CutInfo::PrintCutInfo] ljj	|<	1700
[CutInfo::PrintCutInfo] ljj	|<	1695
[CutInfo::PrintCutInfo] ljj	|<	1690
[CutInfo::PrintCutInfo] ljj	|<	1685
[CutInfo::PrintCutInfo] ljj	|<	1680
[CutInfo::PrintCutInfo] ljj	|<	1675
[CutInfo::PrintCutInfo] ljj	|<	1670
[CutInfo::PrintCutInfo] ljj	|<	1665
[CutInfo::PrintCutInfo] ljj	|<	1660
[CutInfo::PrintCutInfo] ljj	|<	1655
[CutInfo::PrintCutInfo] ljj	|<	1650
[CutInfo::PrintCutInfo] ljj	|<	1645
[CutInfo::PrintCutInfo] ljj	|<	1640
[CutInfo::PrintCutInfo] ljj	|<	1635
[CutInfo::PrintCutInfo] ljj	|<	1630
[CutInfo::PrintCutInfo] ljj	|<	1625
[CutInfo::PrintCutInfo] ljj	|<	1620
[CutInfo::PrintCutInfo] ljj	|<	1615
[CutInfo::PrintCutInfo] ljj	|<	1610
[CutInfo::PrintCutInfo] ljj	|<	1605
[CutInfo::PrintCutInfo] ljj	|<	1600
[CutInfo::PrintCutInfo] ljj	|<	1595
[CutInfo::PrintCutInfo] ljj	|<	1590
[CutInfo::PrintCutInfo] ljj	|<	1585
[CutInfo::PrintCutInfo] ljj	|<	1580
[CutInfo::PrintCutInfo] ljj	|<	1575
[CutInfo::PrintCutInfo] ljj	|<	1570
[CutInfo::PrintCutInfo] ljj	|<	1565
[CutInfo::PrintCutInfo] ljj	|<	1560
[CutInfo::PrintCutInfo] ljj	|<	1555
[CutInfo::PrintCutInfo] ljj	|<	1550
[CutInfo::PrintCutInfo] ljj	|<	1545
[CutInfo::PrintCutInfo] ljj	|<	1540
[CutInfo::PrintCutInfo] ljj	|<	1535
[CutInfo::PrintCutInfo] ljj	|<	1530
[CutInfo::PrintCutInfo] ljj	|<	1525
[CutInfo::PrintCutInfo] ljj	|<	1520
[CutInfo::PrintCutInfo] ljj	|<	1515
[CutInfo::PrintCutInfo] ljj	|<	1510
[CutInfo::PrintCutInfo] ljj	|<	1505
[CutInfo::PrintCutInfo] ljj	|<	1500
[CutRangeInfo::PrintCutRangeInfo] ljj_|>
[CutInfo::PrintCutInfo] ljj	|>	1200
[CutInfo::PrintCutInfo] ljj	|>	1205
[CutInfo::PrintCutInfo] ljj	|>	1210
[CutInfo::PrintCutInfo] ljj	|>	1215
[CutInfo::PrintCutInfo] ljj	|>	1220
[CutInfo::PrintCutInfo] ljj	|>	1225
[CutInfo::PrintCutInfo] ljj	|>	1230
[CutInfo::PrintCutInfo] ljj	|>	1235
[CutInfo::PrintCutInfo] ljj	|>	1240
[CutInfo::PrintCutInfo] ljj	|>	1245
[CutInfo::PrintCutInfo] ljj	|>	1250
[CutInfo::PrintCutInfo] ljj	|>	1255
[CutInfo::PrintCutInfo] ljj	|>	1260
[CutInfo::PrintCutInfo] ljj	|>	1265
[CutInfo::PrintCutInfo] ljj	|>	1270
[CutInfo::PrintCutInfo] ljj	|>	1275
[CutInfo::PrintCutInfo] ljj	|>	1280
[CutInfo::PrintCutInfo] ljj	|>	1285
[CutInfo::PrintCutInfo] ljj	|>	1290
[CutInfo::PrintCutInfo] ljj	|>	1295
[CutInfo::PrintCutInfo] ljj	|>	1300
[CutInfo::PrintCutInfo] ljj	|>	1305
[CutInfo::PrintCutInfo] ljj	|>	1310
[CutInfo::PrintCutInfo] ljj	|>	1315
[CutInfo::PrintCutInfo] ljj	|>	1320
[CutInfo::PrintCutInfo] ljj	|>	1325
[CutInfo::PrintCutInfo] ljj	|>	1330
[CutInfo::PrintCutInfo] ljj	|>	1335
[CutInfo::PrintCutInfo] ljj	|>	1340
[CutInfo::PrintCutInfo] ljj	|>	1345
[CutInfo::PrintCutInfo] ljj	|>	1350
[CutInfo::PrintCutInfo] ljj	|>	1355
[CutInfo::PrintCutInfo] ljj	|>	1360
[CutInfo::PrintCutInfo] ljj	|>	1365
[CutInfo::PrintCutInfo] ljj	|>	1370
[CutInfo::PrintCutInfo] ljj	|>	1375
[CutInfo::PrintCutInfo] ljj	|>	1380
[CutInfo::PrintCutInfo] ljj	|>	1385
[CutInfo::PrintCutInfo] ljj	|>	1390
[CutInfo::PrintCutInfo] ljj	|>	1395
[CutInfo::PrintCutInfo] ljj	|>	1400
[CutInfo::PrintCutInfo] ljj	|>	1405
[CutInfo::PrintCutInfo] ljj	|>	1410
[CutInfo::PrintCutInfo] ljj	|>	1415
[CutInfo::PrintCutInfo] ljj	|>	1420
[CutInfo::PrintCutInfo] ljj	|>	1425
[CutInfo::PrintCutInfo] ljj	|>	1430
[CutInfo::PrintCutInfo] ljj	|>	1435
[CutInfo::PrintCutInfo] ljj	|>	1440
[CutInfo::PrintCutInfo] ljj	|>	1445
[CutInfo::PrintCutInfo] ljj	|>	1450
[CutInfo::PrintCutInfo] ljj	|>	1455
[CutInfo::PrintCutInfo] ljj	|>	1460
[CutInfo::PrintCutInfo] ljj	|>	1465
[CutInfo::PrintCutInfo] ljj	|>	1470
[CutInfo::PrintCutInfo] ljj	|>	1475
[CutInfo::PrintCutInfo] ljj	|>	1480
[CutInfo::PrintCutInfo] ljj	|>	1485
[CutInfo::PrintCutInfo] ljj	|>	1490
[CutInfo::PrintCutInfo] ljj	|>	1495
[CutInfo::PrintCutInfo] ljj	|>	1500

##############################
#### OPTIMIZATION STARTED ####
##############################


!!!!!!!!!!!!!!!!!
!!!! UPDATED !!!!
!!!!!!!!!!!!!!!!!

[CutInfo::PrintCutInfo] leadingLepton_Pt	>	140
[CutInfo::PrintCutInfo] ljj	|<	1800
[CutInfo::PrintCutInfo] ljj	|>	1200
CF	0.0193297 +- 0.00860971
Fake	0.00408918 +- 0.00466484
Prompt	0.0411715 +- 0.0223278
=> total bkg = 0.0645905
Signal	Yield	Efficiency	Efficiency@Presel	Punzi
HNElEl_1500	0.00450719	0.199448	2.48111e-07	6.1905e-08
=====================================================================


!!!!!!!!!!!!!!!!!
!!!! UPDATED !!!!
!!!!!!!!!!!!!!!!!

[CutInfo::PrintCutInfo] leadingLepton_Pt	>	140
[CutInfo::PrintCutInfo] ljj	|<	1800
[CutInfo::PrintCutInfo] ljj	|>	1205
CF	0.0151151 +- 0.00725584
Fake	0.00408918 +- 0.00466484
Prompt	0.0411715 +- 0.0223278
=> total bkg = 0.0603758
Signal	Yield	Efficiency	Efficiency@Presel	Punzi
HNElEl_1500	0.00450384	0.199293	2.47927e-07	6.22774e-08
=====================================================================

####################################################
TIME STAMP : [2018/1/16 21:4:45] 100 / 3721 (2.68745 %)
####################################################
[CutInfo::PrintCutInfo] leadingLepton_Pt	>	140
[CutInfo::PrintCutInfo] ljj	|<	1800
[CutInfo::PrintCutInfo] ljj	|>	1205

!!!!!!!!!!!!!!!!!
!!!! UPDATED !!!!
!!!!!!!!!!!!!!!!!

[CutInfo::PrintCutInfo] leadingLepton_Pt	>	140
[CutInfo::PrintCutInfo] ljj	|<	1800
[CutInfo::PrintCutInfo] ljj	|>	1210
CF	0.0150764 +- 0.00725368
Fake	0.00408918 +- 0.00466484
Prompt	0.0379999 +- 0.0209112
=> total bkg = 0.0571655
Signal	Yield	Efficiency	Efficiency@Presel	Punzi
HNElEl_1500	0.00450152	0.19919	2.47799e-07	6.25825e-08
=====================================================================

####################################################
TIME STAMP : [2018/1/16 21:5:3] 200 / 3721 (5.3749 %)
####################################################
[CutInfo::PrintCutInfo] leadingLepton_Pt	>	140
[CutInfo::PrintCutInfo] ljj	|<	1800
[CutInfo::PrintCutInfo] ljj	|>	1210
####################################################
TIME STAMP : [2018/1/16 21:5:20] 300 / 3721 (8.06235 %)
####################################################
[CutInfo::PrintCutInfo] leadingLepton_Pt	>	140
[CutInfo::PrintCutInfo] ljj	|<	1800
[CutInfo::PrintCutInfo] ljj	|>	1210
####################################################
TIME STAMP : [2018/1/16 21:5:37] 400 / 3721 (10.7498 %)
####################################################
[CutInfo::PrintCutInfo] leadingLepton_Pt	>	140
[CutInfo::PrintCutInfo] ljj	|<	1800
[CutInfo::PrintCutInfo] ljj	|>	1210
####################################################
TIME STAMP : [2018/1/16 21:5:54] 500 / 3721 (13.4372 %)
####################################################
[CutInfo::PrintCutInfo] leadingLepton_Pt	>	140
[CutInfo::PrintCutInfo] ljj	|<	1800
[CutInfo::PrintCutInfo] ljj	|>	1210

!!!!!!!!!!!!!!!!!
!!!! UPDATED !!!!
!!!!!!!!!!!!!!!!!

[CutInfo::PrintCutInfo] leadingLepton_Pt	>	140
[CutInfo::PrintCutInfo] ljj	|<	1800
[CutInfo::PrintCutInfo] ljj	|>	1245
CF	0.00904161 +- 0.00547188
Fake	0.00431145 +- 0.00467754
Prompt	0.0353165 +- 0.0197662
=> total bkg = 0.0486695
Signal	Yield	Efficiency	Efficiency@Presel	Punzi
HNElEl_1500	0.00447555	0.197931	2.4637e-07	6.31663e-08
=====================================================================

####################################################
TIME STAMP : [2018/1/16 21:6:12] 600 / 3721 (16.1247 %)
####################################################
[CutInfo::PrintCutInfo] leadingLepton_Pt	>	140
[CutInfo::PrintCutInfo] ljj	|<	1800
[CutInfo::PrintCutInfo] ljj	|>	1245
####################################################
TIME STAMP : [2018/1/16 21:6:29] 700 / 3721 (18.8121 %)
####################################################
[CutInfo::PrintCutInfo] leadingLepton_Pt	>	140
[CutInfo::PrintCutInfo] ljj	|<	1800
[CutInfo::PrintCutInfo] ljj	|>	1245
####################################################
TIME STAMP : [2018/1/16 21:6:46] 800 / 3721 (21.4996 %)
####################################################
[CutInfo::PrintCutInfo] leadingLepton_Pt	>	140
[CutInfo::PrintCutInfo] ljj	|<	1800
[CutInfo::PrintCutInfo] ljj	|>	1245
####################################################
TIME STAMP : [2018/1/16 21:7:4] 900 / 3721 (24.187 %)
####################################################
[CutInfo::PrintCutInfo] leadingLepton_Pt	>	140
[CutInfo::PrintCutInfo] ljj	|<	1800
[CutInfo::PrintCutInfo] ljj	|>	1245
####################################################
TIME STAMP : [2018/1/16 21:7:21] 1000 / 3721 (26.8745 %)
####################################################
[CutInfo::PrintCutInfo] leadingLepton_Pt	>	140
[CutInfo::PrintCutInfo] ljj	|<	1800
[CutInfo::PrintCutInfo] ljj	|>	1245
####################################################
TIME STAMP : [2018/1/16 21:7:39] 1100 / 3721 (29.5619 %)
####################################################
[CutInfo::PrintCutInfo] leadingLepton_Pt	>	140
[CutInfo::PrintCutInfo] ljj	|<	1800
[CutInfo::PrintCutInfo] ljj	|>	1245
####################################################
TIME STAMP : [2018/1/16 21:7:56] 1200 / 3721 (32.2494 %)
####################################################
[CutInfo::PrintCutInfo] leadingLepton_Pt	>	140
[CutInfo::PrintCutInfo] ljj	|<	1800
[CutInfo::PrintCutInfo] ljj	|>	1245

!!!!!!!!!!!!!!!!!
!!!! UPDATED !!!!
!!!!!!!!!!!!!!!!!

[CutInfo::PrintCutInfo] leadingLepton_Pt	>	140
[CutInfo::PrintCutInfo] ljj	|<	1800
[CutInfo::PrintCutInfo] ljj	|>	1300
CF	0.00847668 +- 0.00542818
Fake	0.00452122 +- 0.00468818
Prompt	0.0268898 +- 0.0159688
=> total bkg = 0.0398877
Signal	Yield	Efficiency	Efficiency@Presel	Punzi
HNElEl_1500	0.00440746	0.195069	2.42621e-07	6.33e-08
=====================================================================

####################################################
TIME STAMP : [2018/1/16 21:8:13] 1300 / 3721 (34.9368 %)
####################################################
[CutInfo::PrintCutInfo] leadingLepton_Pt	>	140
[CutInfo::PrintCutInfo] ljj	|<	1800
[CutInfo::PrintCutInfo] ljj	|>	1300
####################################################
TIME STAMP : [2018/1/16 21:8:30] 1400 / 3721 (37.6243 %)
####################################################
[CutInfo::PrintCutInfo] leadingLepton_Pt	>	140
[CutInfo::PrintCutInfo] ljj	|<	1800
[CutInfo::PrintCutInfo] ljj	|>	1300
####################################################
TIME STAMP : [2018/1/16 21:8:47] 1500 / 3721 (40.3117 %)
####################################################
[CutInfo::PrintCutInfo] leadingLepton_Pt	>	140
[CutInfo::PrintCutInfo] ljj	|<	1800
[CutInfo::PrintCutInfo] ljj	|>	1300
####################################################
TIME STAMP : [2018/1/16 21:9:4] 1600 / 3721 (42.9992 %)
####################################################
[CutInfo::PrintCutInfo] leadingLepton_Pt	>	140
[CutInfo::PrintCutInfo] ljj	|<	1800
[CutInfo::PrintCutInfo] ljj	|>	1300
####################################################
TIME STAMP : [2018/1/16 21:9:21] 1700 / 3721 (45.6866 %)
####################################################
[CutInfo::PrintCutInfo] leadingLepton_Pt	>	140
[CutInfo::PrintCutInfo] ljj	|<	1800
[CutInfo::PrintCutInfo] ljj	|>	1300
####################################################
TIME STAMP : [2018/1/16 21:9:38] 1800 / 3721 (48.3741 %)
####################################################
[CutInfo::PrintCutInfo] leadingLepton_Pt	>	140
[CutInfo::PrintCutInfo] ljj	|<	1800
[CutInfo::PrintCutInfo] ljj	|>	1300
####################################################
TIME STAMP : [2018/1/16 21:9:55] 1900 / 3721 (51.0615 %)
####################################################
[CutInfo::PrintCutInfo] leadingLepton_Pt	>	140
[CutInfo::PrintCutInfo] ljj	|<	1800
[CutInfo::PrintCutInfo] ljj	|>	1300
####################################################
TIME STAMP : [2018/1/16 21:10:12] 2000 / 3721 (53.749 %)
####################################################
[CutInfo::PrintCutInfo] leadingLepton_Pt	>	140
[CutInfo::PrintCutInfo] ljj	|<	1800
[CutInfo::PrintCutInfo] ljj	|>	1300
####################################################
TIME STAMP : [2018/1/16 21:10:29] 2100 / 3721 (56.4364 %)
####################################################
[CutInfo::PrintCutInfo] leadingLepton_Pt	>	140
[CutInfo::PrintCutInfo] ljj	|<	1800
[CutInfo::PrintCutInfo] ljj	|>	1300
####################################################
TIME STAMP : [2018/1/16 21:10:46] 2200 / 3721 (59.1239 %)
####################################################
[CutInfo::PrintCutInfo] leadingLepton_Pt	>	140
[CutInfo::PrintCutInfo] ljj	|<	1800
[CutInfo::PrintCutInfo] ljj	|>	1300
####################################################
TIME STAMP : [2018/1/16 21:11:2] 2300 / 3721 (61.8113 %)
####################################################
[CutInfo::PrintCutInfo] leadingLepton_Pt	>	140
[CutInfo::PrintCutInfo] ljj	|<	1800
[CutInfo::PrintCutInfo] ljj	|>	1300
####################################################
TIME STAMP : [2018/1/16 21:11:19] 2400 / 3721 (64.4988 %)
####################################################
[CutInfo::PrintCutInfo] leadingLepton_Pt	>	140
[CutInfo::PrintCutInfo] ljj	|<	1800
[CutInfo::PrintCutInfo] ljj	|>	1300
####################################################
TIME STAMP : [2018/1/16 21:11:31] 2500 / 3721 (67.1862 %)
####################################################
[CutInfo::PrintCutInfo] leadingLepton_Pt	>	140
[CutInfo::PrintCutInfo] ljj	|<	1800
[CutInfo::PrintCutInfo] ljj	|>	1300
####################################################
TIME STAMP : [2018/1/16 21:11:41] 2600 / 3721 (69.8737 %)
####################################################
[CutInfo::PrintCutInfo] leadingLepton_Pt	>	140
[CutInfo::PrintCutInfo] ljj	|<	1800
[CutInfo::PrintCutInfo] ljj	|>	1300
####################################################
TIME STAMP : [2018/1/16 21:11:51] 2700 / 3721 (72.5611 %)
####################################################
[CutInfo::PrintCutInfo] leadingLepton_Pt	>	140
[CutInfo::PrintCutInfo] ljj	|<	1800
[CutInfo::PrintCutInfo] ljj	|>	1300
####################################################
TIME STAMP : [2018/1/16 21:12:1] 2800 / 3721 (75.2486 %)
####################################################
[CutInfo::PrintCutInfo] leadingLepton_Pt	>	140
[CutInfo::PrintCutInfo] ljj	|<	1800
[CutInfo::PrintCutInfo] ljj	|>	1300
####################################################
TIME STAMP : [2018/1/16 21:12:10] 2900 / 3721 (77.936 %)
####################################################
[CutInfo::PrintCutInfo] leadingLepton_Pt	>	140
[CutInfo::PrintCutInfo] ljj	|<	1800
[CutInfo::PrintCutInfo] ljj	|>	1300
####################################################
TIME STAMP : [2018/1/16 21:12:20] 3000 / 3721 (80.6235 %)
####################################################
[CutInfo::PrintCutInfo] leadingLepton_Pt	>	140
[CutInfo::PrintCutInfo] ljj	|<	1800
[CutInfo::PrintCutInfo] ljj	|>	1300
####################################################
TIME STAMP : [2018/1/16 21:12:29] 3100 / 3721 (83.3109 %)
####################################################
[CutInfo::PrintCutInfo] leadingLepton_Pt	>	140
[CutInfo::PrintCutInfo] ljj	|<	1800
[CutInfo::PrintCutInfo] ljj	|>	1300
####################################################
TIME STAMP : [2018/1/16 21:12:39] 3200 / 3721 (85.9984 %)
####################################################
[CutInfo::PrintCutInfo] leadingLepton_Pt	>	140
[CutInfo::PrintCutInfo] ljj	|<	1800
[CutInfo::PrintCutInfo] ljj	|>	1300
####################################################
TIME STAMP : [2018/1/16 21:12:48] 3300 / 3721 (88.6858 %)
####################################################
[CutInfo::PrintCutInfo] leadingLepton_Pt	>	140
[CutInfo::PrintCutInfo] ljj	|<	1800
[CutInfo::PrintCutInfo] ljj	|>	1300
####################################################
TIME STAMP : [2018/1/16 21:12:57] 3400 / 3721 (91.3733 %)
####################################################
[CutInfo::PrintCutInfo] leadingLepton_Pt	>	140
[CutInfo::PrintCutInfo] ljj	|<	1800
[CutInfo::PrintCutInfo] ljj	|>	1300
####################################################
TIME STAMP : [2018/1/16 21:13:7] 3500 / 3721 (94.0607 %)
####################################################
[CutInfo::PrintCutInfo] leadingLepton_Pt	>	140
[CutInfo::PrintCutInfo] ljj	|<	1800
[CutInfo::PrintCutInfo] ljj	|>	1300
####################################################
TIME STAMP : [2018/1/16 21:13:17] 3600 / 3721 (96.7482 %)
####################################################
[CutInfo::PrintCutInfo] leadingLepton_Pt	>	140
[CutInfo::PrintCutInfo] ljj	|<	1800
[CutInfo::PrintCutInfo] ljj	|>	1300
####################################################
TIME STAMP : [2018/1/16 21:13:26] 3700 / 3721 (99.4356 %)
####################################################
[CutInfo::PrintCutInfo] leadingLepton_Pt	>	140
[CutInfo::PrintCutInfo] ljj	|<	1800
[CutInfo::PrintCutInfo] ljj	|>	1300

##################
#### FINISHED ####
##################

[CutInfo::PrintCutInfo] leadingLepton_Pt	>	140
[CutInfo::PrintCutInfo] ljj	|<	1800
[CutInfo::PrintCutInfo] ljj	|>	1300
CF	0.00847668 +- 0.00542818
Fake	0.00452122 +- 0.00468818
Prompt	0.0268898 +- 0.0159688
=> total bkg = 0.0398877
Signal	Yield	Efficiency	Efficiency@Presel	Punzi
HNElEl_1500	0.00440746	0.195069	2.42621e-07	6.33e-08
