
Processing CyclesForOptimization_ElEl_Bin2/HNElEl_300.C...
[AnalysisInputs::SetMCSF] Get MC SF from /data8/Users/jskim/HN_dilepton_plotter/data/v8-0-7.37_PreApproval/MCSF.txt
[AnalysisInputs::SetMCSF] sample : VVV
[AnalysisInputs::SetMCSF] => MCSF = 1, MCSF_err = 0.5
[AnalysisInputs::SetMCSF] sample : WWW
[AnalysisInputs::SetMCSF] => MCSF = 1, MCSF_err = 0.5
[AnalysisInputs::SetMCSF] sample : WWZ
[AnalysisInputs::SetMCSF] => MCSF = 1, MCSF_err = 0.5
[AnalysisInputs::SetMCSF] sample : WZZ
[AnalysisInputs::SetMCSF] => MCSF = 1, MCSF_err = 0.5
[AnalysisInputs::SetMCSF] sample : ZZZ
[AnalysisInputs::SetMCSF] => MCSF = 1, MCSF_err = 0.5
[AnalysisInputs::SetMCSF] sample : ttV
[AnalysisInputs::SetMCSF] => MCSF = 1, MCSF_err = 0.5
[AnalysisInputs::SetMCSF] sample : ttW
[AnalysisInputs::SetMCSF] => MCSF = 1, MCSF_err = 0.5
[AnalysisInputs::SetMCSF] sample : ttZ
[AnalysisInputs::SetMCSF] => MCSF = 1, MCSF_err = 0.5
[AnalysisInputs::SetMCSF] sample : ttH_nonbb
[AnalysisInputs::SetMCSF] => MCSF = 1, MCSF_err = 0.5
[AnalysisInputs::SetMCSF] sample : top
[AnalysisInputs::SetMCSF] => MCSF = 1, MCSF_err = 0.5
[AnalysisInputs::SetMCSF] sample : WWTo2L2Nu_DS
[AnalysisInputs::SetMCSF] => MCSF = 1, MCSF_err = 0.5
[AnalysisInputs::SetMCSF] sample : WpWpEWK
[AnalysisInputs::SetMCSF] => MCSF = 1, MCSF_err = 0.5
[AnalysisInputs::SetMCSF] sample : WpWpQCD
[AnalysisInputs::SetMCSF] => MCSF = 1, MCSF_err = 0.5
[AnalysisInputs::SetMCSF] sample : WZTo3LNu_mllmin01
[AnalysisInputs::SetMCSF] => MCSF = 0.65, MCSF_err = 0.06
[AnalysisInputs::SetMCSF] sample : WZTo3LNu_powheg
[AnalysisInputs::SetMCSF] => MCSF = 1.05044, MCSF_err = 0.0648798
[AnalysisInputs::SetMCSF] sample : ZGto2LG
[AnalysisInputs::SetMCSF] => MCSF = 1.09954, MCSF_err = 0.076377
[AnalysisInputs::SetMCSF] sample : WGtoLNuG
[AnalysisInputs::SetMCSF] => MCSF = 1, MCSF_err = 0.076377
[AnalysisInputs::SetMCSF] sample : WGtoLNuG_weighted
[AnalysisInputs::SetMCSF] => MCSF = 1, MCSF_err = 0.076377
[AnalysisInputs::SetMCSF] sample : ZZTo4L_powheg
[AnalysisInputs::SetMCSF] => MCSF = 0.978852, MCSF_err = 0.0792882
[AnalysisInputs::SetMCSF] sample : ggZZto2e2mu
[AnalysisInputs::SetMCSF] => MCSF = 0.978852, MCSF_err = 0.0792882
[AnalysisInputs::SetMCSF] sample : ggZZto2e2nu
[AnalysisInputs::SetMCSF] => MCSF = 0.978852, MCSF_err = 0.0792882
[AnalysisInputs::SetMCSF] sample : ggZZto2e2tau
[AnalysisInputs::SetMCSF] => MCSF = 0.978852, MCSF_err = 0.0792882
[AnalysisInputs::SetMCSF] sample : ggZZto2mu2nu
[AnalysisInputs::SetMCSF] => MCSF = 0.978852, MCSF_err = 0.0792882
[AnalysisInputs::SetMCSF] sample : ggZZto2mu2tau
[AnalysisInputs::SetMCSF] => MCSF = 0.978852, MCSF_err = 0.0792882
[AnalysisInputs::SetMCSF] sample : ggZZto4e
[AnalysisInputs::SetMCSF] => MCSF = 0.978852, MCSF_err = 0.0792882
[AnalysisInputs::SetMCSF] sample : ggZZto4mu
[AnalysisInputs::SetMCSF] => MCSF = 0.978852, MCSF_err = 0.0792882
[AnalysisInputs::SetMCSF] sample : ggZZto4tau
[AnalysisInputs::SetMCSF] => MCSF = 0.978852, MCSF_err = 0.0792882
[AnalysisInputs::SetMCSF] sample : ggHtoZZ
[AnalysisInputs::SetMCSF] => MCSF = 0.978852, MCSF_err = 0.0792882
[AnalysisInputs::SetCalculatedSysts] Get Systematics from /data8/Users/jskim/HN_dilepton_plotter/data/v8-0-7.37_PreApproval/Syst.txt
[AnalysisInputs::SetCalculatedSysts] source : Luminosity
[AnalysisInputs::SetCalculatedSysts] => % sysematic = 0.025
[AnalysisInputs::SetCalculatedSysts] source : FakeLooseID
[AnalysisInputs::SetCalculatedSysts] => % sysematic = 0.3
[AnalysisInputs::SetCalculatedSysts] source : ChrageFlipSyst
[AnalysisInputs::SetCalculatedSysts] => % sysematic = 0.16
[CutRangeInfo::ReadCutCard] Get Cutcard from /data8/Users/jskim/HN_dilepton_plotter/data/v8-0-7.37_PreApproval/CutOpCard/RunDirectory/CyclesForOptimization_ElEl_Bin2/Cards//HNElEl_300.txt

##################################################
#### TOTAL # of Loop = 3721
##################################################

[CutRangeInfo::PrintCutRangeInfo] leadingLepton_Pt_>
[CutInfo::PrintCutInfo] leadingLepton_Pt	>	100
[CutRangeInfo::PrintCutRangeInfo] ljj_|<
[CutInfo::PrintCutInfo] ljj	|<	600
[CutInfo::PrintCutInfo] ljj	|<	595
[CutInfo::PrintCutInfo] ljj	|<	590
[CutInfo::PrintCutInfo] ljj	|<	585
[CutInfo::PrintCutInfo] ljj	|<	580
[CutInfo::PrintCutInfo] ljj	|<	575
[CutInfo::PrintCutInfo] ljj	|<	570
[CutInfo::PrintCutInfo] ljj	|<	565
[CutInfo::PrintCutInfo] ljj	|<	560
[CutInfo::PrintCutInfo] ljj	|<	555
[CutInfo::PrintCutInfo] ljj	|<	550
[CutInfo::PrintCutInfo] ljj	|<	545
[CutInfo::PrintCutInfo] ljj	|<	540
[CutInfo::PrintCutInfo] ljj	|<	535
[CutInfo::PrintCutInfo] ljj	|<	530
[CutInfo::PrintCutInfo] ljj	|<	525
[CutInfo::PrintCutInfo] ljj	|<	520
[CutInfo::PrintCutInfo] ljj	|<	515
[CutInfo::PrintCutInfo] ljj	|<	510
[CutInfo::PrintCutInfo] ljj	|<	505
[CutInfo::PrintCutInfo] ljj	|<	500
[CutInfo::PrintCutInfo] ljj	|<	495
[CutInfo::PrintCutInfo] ljj	|<	490
[CutInfo::PrintCutInfo] ljj	|<	485
[CutInfo::PrintCutInfo] ljj	|<	480
[CutInfo::PrintCutInfo] ljj	|<	475
[CutInfo::PrintCutInfo] ljj	|<	470
[CutInfo::PrintCutInfo] ljj	|<	465
[CutInfo::PrintCutInfo] ljj	|<	460
[CutInfo::PrintCutInfo] ljj	|<	455
[CutInfo::PrintCutInfo] ljj	|<	450
[CutInfo::PrintCutInfo] ljj	|<	445
[CutInfo::PrintCutInfo] ljj	|<	440
[CutInfo::PrintCutInfo] ljj	|<	435
[CutInfo::PrintCutInfo] ljj	|<	430
[CutInfo::PrintCutInfo] ljj	|<	425
[CutInfo::PrintCutInfo] ljj	|<	420
[CutInfo::PrintCutInfo] ljj	|<	415
[CutInfo::PrintCutInfo] ljj	|<	410
[CutInfo::PrintCutInfo] ljj	|<	405
[CutInfo::PrintCutInfo] ljj	|<	400
[CutInfo::PrintCutInfo] ljj	|<	395
[CutInfo::PrintCutInfo] ljj	|<	390
[CutInfo::PrintCutInfo] ljj	|<	385
[CutInfo::PrintCutInfo] ljj	|<	380
[CutInfo::PrintCutInfo] ljj	|<	375
[CutInfo::PrintCutInfo] ljj	|<	370
[CutInfo::PrintCutInfo] ljj	|<	365
[CutInfo::PrintCutInfo] ljj	|<	360
[CutInfo::PrintCutInfo] ljj	|<	355
[CutInfo::PrintCutInfo] ljj	|<	350
[CutInfo::PrintCutInfo] ljj	|<	345
[CutInfo::PrintCutInfo] ljj	|<	340
[CutInfo::PrintCutInfo] ljj	|<	335
[CutInfo::PrintCutInfo] ljj	|<	330
[CutInfo::PrintCutInfo] ljj	|<	325
[CutInfo::PrintCutInfo] ljj	|<	320
[CutInfo::PrintCutInfo] ljj	|<	315
[CutInfo::PrintCutInfo] ljj	|<	310
[CutInfo::PrintCutInfo] ljj	|<	305
[CutInfo::PrintCutInfo] ljj	|<	300
[CutRangeInfo::PrintCutRangeInfo] ljj_|>
[CutInfo::PrintCutInfo] ljj	|>	0
[CutInfo::PrintCutInfo] ljj	|>	5
[CutInfo::PrintCutInfo] ljj	|>	10
[CutInfo::PrintCutInfo] ljj	|>	15
[CutInfo::PrintCutInfo] ljj	|>	20
[CutInfo::PrintCutInfo] ljj	|>	25
[CutInfo::PrintCutInfo] ljj	|>	30
[CutInfo::PrintCutInfo] ljj	|>	35
[CutInfo::PrintCutInfo] ljj	|>	40
[CutInfo::PrintCutInfo] ljj	|>	45
[CutInfo::PrintCutInfo] ljj	|>	50
[CutInfo::PrintCutInfo] ljj	|>	55
[CutInfo::PrintCutInfo] ljj	|>	60
[CutInfo::PrintCutInfo] ljj	|>	65
[CutInfo::PrintCutInfo] ljj	|>	70
[CutInfo::PrintCutInfo] ljj	|>	75
[CutInfo::PrintCutInfo] ljj	|>	80
[CutInfo::PrintCutInfo] ljj	|>	85
[CutInfo::PrintCutInfo] ljj	|>	90
[CutInfo::PrintCutInfo] ljj	|>	95
[CutInfo::PrintCutInfo] ljj	|>	100
[CutInfo::PrintCutInfo] ljj	|>	105
[CutInfo::PrintCutInfo] ljj	|>	110
[CutInfo::PrintCutInfo] ljj	|>	115
[CutInfo::PrintCutInfo] ljj	|>	120
[CutInfo::PrintCutInfo] ljj	|>	125
[CutInfo::PrintCutInfo] ljj	|>	130
[CutInfo::PrintCutInfo] ljj	|>	135
[CutInfo::PrintCutInfo] ljj	|>	140
[CutInfo::PrintCutInfo] ljj	|>	145
[CutInfo::PrintCutInfo] ljj	|>	150
[CutInfo::PrintCutInfo] ljj	|>	155
[CutInfo::PrintCutInfo] ljj	|>	160
[CutInfo::PrintCutInfo] ljj	|>	165
[CutInfo::PrintCutInfo] ljj	|>	170
[CutInfo::PrintCutInfo] ljj	|>	175
[CutInfo::PrintCutInfo] ljj	|>	180
[CutInfo::PrintCutInfo] ljj	|>	185
[CutInfo::PrintCutInfo] ljj	|>	190
[CutInfo::PrintCutInfo] ljj	|>	195
[CutInfo::PrintCutInfo] ljj	|>	200
[CutInfo::PrintCutInfo] ljj	|>	205
[CutInfo::PrintCutInfo] ljj	|>	210
[CutInfo::PrintCutInfo] ljj	|>	215
[CutInfo::PrintCutInfo] ljj	|>	220
[CutInfo::PrintCutInfo] ljj	|>	225
[CutInfo::PrintCutInfo] ljj	|>	230
[CutInfo::PrintCutInfo] ljj	|>	235
[CutInfo::PrintCutInfo] ljj	|>	240
[CutInfo::PrintCutInfo] ljj	|>	245
[CutInfo::PrintCutInfo] ljj	|>	250
[CutInfo::PrintCutInfo] ljj	|>	255
[CutInfo::PrintCutInfo] ljj	|>	260
[CutInfo::PrintCutInfo] ljj	|>	265
[CutInfo::PrintCutInfo] ljj	|>	270
[CutInfo::PrintCutInfo] ljj	|>	275
[CutInfo::PrintCutInfo] ljj	|>	280
[CutInfo::PrintCutInfo] ljj	|>	285
[CutInfo::PrintCutInfo] ljj	|>	290
[CutInfo::PrintCutInfo] ljj	|>	295
[CutInfo::PrintCutInfo] ljj	|>	300
[CutRangeInfo::PrintCutRangeInfo] secondLepton_Pt_>
[CutInfo::PrintCutInfo] secondLepton_Pt	>	30

##############################
#### OPTIMIZATION STARTED ####
##############################


!!!!!!!!!!!!!!!!!
!!!! UPDATED !!!!
!!!!!!!!!!!!!!!!!

[CutInfo::PrintCutInfo] leadingLepton_Pt	>	100
[CutInfo::PrintCutInfo] ljj	|<	600
[CutInfo::PrintCutInfo] ljj	|>	0
[CutInfo::PrintCutInfo] secondLepton_Pt	>	30
CF	0.449079 +- 0.0802178
Fake	0.263272 +- 0.294537
Prompt	5.73369 +- 1.58499
=> total bkg = 6.44604
Signal	Yield	Efficiency	Efficiency@Presel	Punzi
HNElEl_300	1.08413	0.0415833	6.73624e-05	4.50757e-06
=====================================================================


!!!!!!!!!!!!!!!!!
!!!! UPDATED !!!!
!!!!!!!!!!!!!!!!!

[CutInfo::PrintCutInfo] leadingLepton_Pt	>	100
[CutInfo::PrintCutInfo] ljj	|<	595
[CutInfo::PrintCutInfo] ljj	|>	0
[CutInfo::PrintCutInfo] secondLepton_Pt	>	30
CF	0.449079 +- 0.0802178
Fake	0.263272 +- 0.294537
Prompt	5.72259 +- 1.58118
=> total bkg = 6.43494
Signal	Yield	Efficiency	Efficiency@Presel	Punzi
HNElEl_300	1.0835	0.0415667	6.73232e-05	4.50927e-06
=====================================================================


!!!!!!!!!!!!!!!!!
!!!! UPDATED !!!!
!!!!!!!!!!!!!!!!!

[CutInfo::PrintCutInfo] leadingLepton_Pt	>	100
[CutInfo::PrintCutInfo] ljj	|<	590
[CutInfo::PrintCutInfo] ljj	|>	0
[CutInfo::PrintCutInfo] secondLepton_Pt	>	30
CF	0.449079 +- 0.0802178
Fake	0.263728 +- 0.294573
Prompt	5.71388 +- 1.5782
=> total bkg = 6.42668
Signal	Yield	Efficiency	Efficiency@Presel	Punzi
HNElEl_300	1.0835	0.0415667	6.73232e-05	4.51259e-06
=====================================================================


!!!!!!!!!!!!!!!!!
!!!! UPDATED !!!!
!!!!!!!!!!!!!!!!!

[CutInfo::PrintCutInfo] leadingLepton_Pt	>	100
[CutInfo::PrintCutInfo] ljj	|<	565
[CutInfo::PrintCutInfo] ljj	|>	0
[CutInfo::PrintCutInfo] secondLepton_Pt	>	30
CF	0.442468 +- 0.079154
Fake	0.260899 +- 0.294331
Prompt	5.62583 +- 1.56775
=> total bkg = 6.32919
Signal	Yield	Efficiency	Efficiency@Presel	Punzi
HNElEl_300	1.08116	0.0414833	6.7178e-05	4.52757e-06
=====================================================================


!!!!!!!!!!!!!!!!!
!!!! UPDATED !!!!
!!!!!!!!!!!!!!!!!

[CutInfo::PrintCutInfo] leadingLepton_Pt	>	100
[CutInfo::PrintCutInfo] ljj	|<	550
[CutInfo::PrintCutInfo] ljj	|>	0
[CutInfo::PrintCutInfo] secondLepton_Pt	>	30
CF	0.438395 +- 0.0784748
Fake	0.261103 +- 0.294348
Prompt	5.617 +- 1.56475
=> total bkg = 6.3165
Signal	Yield	Efficiency	Efficiency@Presel	Punzi
HNElEl_300	1.08089	0.0414667	6.71612e-05	4.53068e-06
=====================================================================


!!!!!!!!!!!!!!!!!
!!!! UPDATED !!!!
!!!!!!!!!!!!!!!!!

[CutInfo::PrintCutInfo] leadingLepton_Pt	>	100
[CutInfo::PrintCutInfo] ljj	|<	535
[CutInfo::PrintCutInfo] ljj	|>	0
[CutInfo::PrintCutInfo] secondLepton_Pt	>	30
CF	0.430477 +- 0.0771919
Fake	0.25676 +- 0.293971
Prompt	5.57535 +- 1.55048
=> total bkg = 6.26258
Signal	Yield	Efficiency	Efficiency@Presel	Punzi
HNElEl_300	1.07919	0.0414167	6.70553e-05	4.54256e-06
=====================================================================


!!!!!!!!!!!!!!!!!
!!!! UPDATED !!!!
!!!!!!!!!!!!!!!!!

[CutInfo::PrintCutInfo] leadingLepton_Pt	>	100
[CutInfo::PrintCutInfo] ljj	|<	530
[CutInfo::PrintCutInfo] ljj	|>	0
[CutInfo::PrintCutInfo] secondLepton_Pt	>	30
CF	0.42684 +- 0.0765868
Fake	0.25676 +- 0.293971
Prompt	5.56861 +- 1.54821
=> total bkg = 6.2522
Signal	Yield	Efficiency	Efficiency@Presel	Punzi
HNElEl_300	1.07919	0.0414167	6.70553e-05	4.54595e-06
=====================================================================


!!!!!!!!!!!!!!!!!
!!!! UPDATED !!!!
!!!!!!!!!!!!!!!!!

[CutInfo::PrintCutInfo] leadingLepton_Pt	>	100
[CutInfo::PrintCutInfo] ljj	|<	480
[CutInfo::PrintCutInfo] ljj	|>	0
[CutInfo::PrintCutInfo] secondLepton_Pt	>	30
CF	0.413828 +- 0.0745461
Fake	0.258204 +- 0.294084
Prompt	5.4313 +- 1.52515
=> total bkg = 6.10333
Signal	Yield	Efficiency	Efficiency@Presel	Punzi
HNElEl_300	1.07305	0.0412	6.66737e-05	4.56325e-06
=====================================================================


!!!!!!!!!!!!!!!!!
!!!! UPDATED !!!!
!!!!!!!!!!!!!!!!!

[CutInfo::PrintCutInfo] leadingLepton_Pt	>	100
[CutInfo::PrintCutInfo] ljj	|<	475
[CutInfo::PrintCutInfo] ljj	|>	0
[CutInfo::PrintCutInfo] secondLepton_Pt	>	30
CF	0.412919 +- 0.0744153
Fake	0.259259 +- 0.294166
Prompt	5.38901 +- 1.51088
=> total bkg = 6.06119
Signal	Yield	Efficiency	Efficiency@Presel	Punzi
HNElEl_300	1.07243	0.0411833	6.66357e-05	4.57779e-06
=====================================================================


!!!!!!!!!!!!!!!!!
!!!! UPDATED !!!!
!!!!!!!!!!!!!!!!!

[CutInfo::PrintCutInfo] leadingLepton_Pt	>	100
[CutInfo::PrintCutInfo] ljj	|<	470
[CutInfo::PrintCutInfo] ljj	|>	0
[CutInfo::PrintCutInfo] secondLepton_Pt	>	30
CF	0.411763 +- 0.0742466
Fake	0.259349 +- 0.294173
Prompt	5.28864 +- 1.49793
=> total bkg = 5.95975
Signal	Yield	Efficiency	Efficiency@Presel	Punzi
HNElEl_300	1.07142	0.04115	6.65726e-05	4.60207e-06
=====================================================================


!!!!!!!!!!!!!!!!!
!!!! UPDATED !!!!
!!!!!!!!!!!!!!!!!

[CutInfo::PrintCutInfo] leadingLepton_Pt	>	100
[CutInfo::PrintCutInfo] ljj	|<	465
[CutInfo::PrintCutInfo] ljj	|>	0
[CutInfo::PrintCutInfo] secondLepton_Pt	>	30
CF	0.410244 +- 0.0740154
Fake	0.191122 +- 0.281277
Prompt	5.28141 +- 1.4956
=> total bkg = 5.88278
Signal	Yield	Efficiency	Efficiency@Presel	Punzi
HNElEl_300	1.07076	0.0411333	6.65315e-05	4.61817e-06
=====================================================================


!!!!!!!!!!!!!!!!!
!!!! UPDATED !!!!
!!!!!!!!!!!!!!!!!

[CutInfo::PrintCutInfo] leadingLepton_Pt	>	100
[CutInfo::PrintCutInfo] ljj	|<	460
[CutInfo::PrintCutInfo] ljj	|>	0
[CutInfo::PrintCutInfo] secondLepton_Pt	>	30
CF	0.41017 +- 0.074005
Fake	0.191577 +- 0.281305
Prompt	5.26503 +- 1.49032
=> total bkg = 5.86678
Signal	Yield	Efficiency	Efficiency@Presel	Punzi
HNElEl_300	1.07016	0.0411167	6.64943e-05	4.62222e-06
=====================================================================


!!!!!!!!!!!!!!!!!
!!!! UPDATED !!!!
!!!!!!!!!!!!!!!!!

[CutInfo::PrintCutInfo] leadingLepton_Pt	>	100
[CutInfo::PrintCutInfo] ljj	|<	455
[CutInfo::PrintCutInfo] ljj	|>	0
[CutInfo::PrintCutInfo] secondLepton_Pt	>	30
CF	0.39584 +- 0.0716106
Fake	0.191577 +- 0.281305
Prompt	5.0896 +- 1.473
=> total bkg = 5.67702
Signal	Yield	Efficiency	Efficiency@Presel	Punzi
HNElEl_300	1.06979	0.0410833	6.64714e-05	4.67214e-06
=====================================================================


!!!!!!!!!!!!!!!!!
!!!! UPDATED !!!!
!!!!!!!!!!!!!!!!!

[CutInfo::PrintCutInfo] leadingLepton_Pt	>	100
[CutInfo::PrintCutInfo] ljj	|<	450
[CutInfo::PrintCutInfo] ljj	|>	0
[CutInfo::PrintCutInfo] secondLepton_Pt	>	30
CF	0.391604 +- 0.0709175
Fake	0.191577 +- 0.281305
Prompt	5.07274 +- 1.46764
=> total bkg = 5.65592
Signal	Yield	Efficiency	Efficiency@Presel	Punzi
HNElEl_300	1.06979	0.0410833	6.64714e-05	4.6802e-06
=====================================================================


!!!!!!!!!!!!!!!!!
!!!! UPDATED !!!!
!!!!!!!!!!!!!!!!!

[CutInfo::PrintCutInfo] leadingLepton_Pt	>	100
[CutInfo::PrintCutInfo] ljj	|<	445
[CutInfo::PrintCutInfo] ljj	|>	0
[CutInfo::PrintCutInfo] secondLepton_Pt	>	30
CF	0.38681 +- 0.0701446
Fake	0.191577 +- 0.281305
Prompt	5.0618 +- 1.46439
=> total bkg = 5.64019
Signal	Yield	Efficiency	Efficiency@Presel	Punzi
HNElEl_300	1.06979	0.0410833	6.64714e-05	4.68576e-06
=====================================================================


!!!!!!!!!!!!!!!!!
!!!! UPDATED !!!!
!!!!!!!!!!!!!!!!!

[CutInfo::PrintCutInfo] leadingLepton_Pt	>	100
[CutInfo::PrintCutInfo] ljj	|<	435
[CutInfo::PrintCutInfo] ljj	|>	0
[CutInfo::PrintCutInfo] secondLepton_Pt	>	30
CF	0.376576 +- 0.0684471
Fake	0.19226 +- 0.281346
Prompt	5.04946 +- 1.46051
=> total bkg = 5.61829
Signal	Yield	Efficiency	Efficiency@Presel	Punzi
HNElEl_300	1.06895	0.04105	6.64191e-05	4.68943e-06
=====================================================================


!!!!!!!!!!!!!!!!!
!!!! UPDATED !!!!
!!!!!!!!!!!!!!!!!

[CutInfo::PrintCutInfo] leadingLepton_Pt	>	100
[CutInfo::PrintCutInfo] ljj	|<	420
[CutInfo::PrintCutInfo] ljj	|>	0
[CutInfo::PrintCutInfo] secondLepton_Pt	>	30
CF	0.354986 +- 0.0650053
Fake	0.194858 +- 0.281499
Prompt	4.95735 +- 1.44965
=> total bkg = 5.50719
Signal	Yield	Efficiency	Efficiency@Presel	Punzi
HNElEl_300	1.06599	0.0409333	6.62352e-05	4.70826e-06
=====================================================================


!!!!!!!!!!!!!!!!!
!!!! UPDATED !!!!
!!!!!!!!!!!!!!!!!

[CutInfo::PrintCutInfo] leadingLepton_Pt	>	100
[CutInfo::PrintCutInfo] ljj	|<	410
[CutInfo::PrintCutInfo] ljj	|>	0
[CutInfo::PrintCutInfo] secondLepton_Pt	>	30
CF	0.351458 +- 0.0644628
Fake	0.194858 +- 0.281499
Prompt	4.93952 +- 1.44411
=> total bkg = 5.48583
Signal	Yield	Efficiency	Efficiency@Presel	Punzi
HNElEl_300	1.06465	0.0409	6.61523e-05	4.71081e-06
=====================================================================


!!!!!!!!!!!!!!!!!
!!!! UPDATED !!!!
!!!!!!!!!!!!!!!!!

[CutInfo::PrintCutInfo] leadingLepton_Pt	>	100
[CutInfo::PrintCutInfo] ljj	|<	395
[CutInfo::PrintCutInfo] ljj	|>	0
[CutInfo::PrintCutInfo] secondLepton_Pt	>	30
CF	0.33126 +- 0.0612703
Fake	0.0686528 +- 0.245245
Prompt	4.92409 +- 1.43935
=> total bkg = 5.324
Signal	Yield	Efficiency	Efficiency@Presel	Punzi
HNElEl_300	1.06168	0.0407833	6.59672e-05	4.74229e-06
=====================================================================


!!!!!!!!!!!!!!!!!
!!!! UPDATED !!!!
!!!!!!!!!!!!!!!!!

[CutInfo::PrintCutInfo] leadingLepton_Pt	>	100
[CutInfo::PrintCutInfo] ljj	|<	390
[CutInfo::PrintCutInfo] ljj	|>	0
[CutInfo::PrintCutInfo] secondLepton_Pt	>	30
CF	0.330115 +- 0.061108
Fake	0.0693091 +- 0.245261
Prompt	4.91105 +- 1.43534
=> total bkg = 5.31047
Signal	Yield	Efficiency	Efficiency@Presel	Punzi
HNElEl_300	1.06066	0.0407333	6.59041e-05	4.7436e-06
=====================================================================


!!!!!!!!!!!!!!!!!
!!!! UPDATED !!!!
!!!!!!!!!!!!!!!!!

[CutInfo::PrintCutInfo] leadingLepton_Pt	>	100
[CutInfo::PrintCutInfo] ljj	|<	375
[CutInfo::PrintCutInfo] ljj	|>	0
[CutInfo::PrintCutInfo] secondLepton_Pt	>	30
CF	0.294279 +- 0.0550543
Fake	0.0200299 +- 0.237393
Prompt	4.89495 +- 1.43042
=> total bkg = 5.20926
Signal	Yield	Efficiency	Efficiency@Presel	Punzi
HNElEl_300	1.0579	0.04055	6.57327e-05	4.75943e-06
=====================================================================


!!!!!!!!!!!!!!!!!
!!!! UPDATED !!!!
!!!!!!!!!!!!!!!!!

[CutInfo::PrintCutInfo] leadingLepton_Pt	>	100
[CutInfo::PrintCutInfo] ljj	|<	370
[CutInfo::PrintCutInfo] ljj	|>	0
[CutInfo::PrintCutInfo] secondLepton_Pt	>	30
CF	0.293907 +- 0.0550026
Fake	0.0200299 +- 0.237393
Prompt	4.7902 +- 1.41824
=> total bkg = 5.10413
Signal	Yield	Efficiency	Efficiency@Presel	Punzi
HNElEl_300	1.05533	0.0404	6.55726e-05	4.78137e-06
=====================================================================


!!!!!!!!!!!!!!!!!
!!!! UPDATED !!!!
!!!!!!!!!!!!!!!!!

[CutInfo::PrintCutInfo] leadingLepton_Pt	>	100
[CutInfo::PrintCutInfo] ljj	|<	365
[CutInfo::PrintCutInfo] ljj	|>	0
[CutInfo::PrintCutInfo] secondLepton_Pt	>	30
CF	0.27707 +- 0.0519318
Fake	0 +- 0
Prompt	4.77871 +- 1.41478
=> total bkg = 5.05578
Signal	Yield	Efficiency	Efficiency@Presel	Punzi
HNElEl_300	1.05325	0.0403	6.54435e-05	4.80004e-06
=====================================================================


!!!!!!!!!!!!!!!!!
!!!! UPDATED !!!!
!!!!!!!!!!!!!!!!!

[CutInfo::PrintCutInfo] leadingLepton_Pt	>	100
[CutInfo::PrintCutInfo] ljj	|<	360
[CutInfo::PrintCutInfo] ljj	|>	0
[CutInfo::PrintCutInfo] secondLepton_Pt	>	30
CF	0.267111 +- 0.0502764
Fake	0 +- 0
Prompt	4.68977 +- 1.40493
=> total bkg = 4.95688
Signal	Yield	Efficiency	Efficiency@Presel	Punzi
HNElEl_300	1.05049	0.0401833	6.52723e-05	4.81908e-06
=====================================================================


!!!!!!!!!!!!!!!!!
!!!! UPDATED !!!!
!!!!!!!!!!!!!!!!!

[CutInfo::PrintCutInfo] leadingLepton_Pt	>	100
[CutInfo::PrintCutInfo] ljj	|<	355
[CutInfo::PrintCutInfo] ljj	|>	0
[CutInfo::PrintCutInfo] secondLepton_Pt	>	30
CF	0.260067 +- 0.0492072
Fake	0 +- 0
Prompt	4.17074 +- 1.27386
=> total bkg = 4.4308
Signal	Yield	Efficiency	Efficiency@Presel	Punzi
HNElEl_300	1.04711	0.0400167	6.50622e-05	5.0426e-06
=====================================================================


!!!!!!!!!!!!!!!!!
!!!! UPDATED !!!!
!!!!!!!!!!!!!!!!!

[CutInfo::PrintCutInfo] leadingLepton_Pt	>	100
[CutInfo::PrintCutInfo] ljj	|<	350
[CutInfo::PrintCutInfo] ljj	|>	0
[CutInfo::PrintCutInfo] secondLepton_Pt	>	30
CF	0.258004 +- 0.0489116
Fake	0 +- 0
Prompt	4.05865 +- 1.25781
=> total bkg = 4.31665
Signal	Yield	Efficiency	Efficiency@Presel	Punzi
HNElEl_300	1.04299	0.0398333	6.48063e-05	5.06914e-06
=====================================================================

####################################################
TIME STAMP : [2018/1/16 21:4:14] 100 / 3721 (2.68745 %)
####################################################
[CutInfo::PrintCutInfo] leadingLepton_Pt	>	100
[CutInfo::PrintCutInfo] ljj	|<	350
[CutInfo::PrintCutInfo] ljj	|>	0
[CutInfo::PrintCutInfo] secondLepton_Pt	>	30

!!!!!!!!!!!!!!!!!
!!!! UPDATED !!!!
!!!!!!!!!!!!!!!!!

[CutInfo::PrintCutInfo] leadingLepton_Pt	>	100
[CutInfo::PrintCutInfo] ljj	|<	350
[CutInfo::PrintCutInfo] ljj	|>	5
[CutInfo::PrintCutInfo] secondLepton_Pt	>	30
CF	0.258004 +- 0.0489116
Fake	0 +- 0
Prompt	4.05865 +- 1.25781
=> total bkg = 4.31665
Signal	Yield	Efficiency	Efficiency@Presel	Punzi
HNElEl_300	1.04299	0.0398333	6.48063e-05	5.06914e-06
=====================================================================


!!!!!!!!!!!!!!!!!
!!!! UPDATED !!!!
!!!!!!!!!!!!!!!!!

[CutInfo::PrintCutInfo] leadingLepton_Pt	>	100
[CutInfo::PrintCutInfo] ljj	|<	350
[CutInfo::PrintCutInfo] ljj	|>	10
[CutInfo::PrintCutInfo] secondLepton_Pt	>	30
CF	0.258004 +- 0.0489116
Fake	0 +- 0
Prompt	4.05865 +- 1.25781
=> total bkg = 4.31665
Signal	Yield	Efficiency	Efficiency@Presel	Punzi
HNElEl_300	1.04299	0.0398333	6.48063e-05	5.06914e-06
=====================================================================

####################################################
TIME STAMP : [2018/1/16 21:4:20] 200 / 3721 (5.3749 %)
####################################################
[CutInfo::PrintCutInfo] leadingLepton_Pt	>	100
[CutInfo::PrintCutInfo] ljj	|<	350
[CutInfo::PrintCutInfo] ljj	|>	10
[CutInfo::PrintCutInfo] secondLepton_Pt	>	30

!!!!!!!!!!!!!!!!!
!!!! UPDATED !!!!
!!!!!!!!!!!!!!!!!

[CutInfo::PrintCutInfo] leadingLepton_Pt	>	100
[CutInfo::PrintCutInfo] ljj	|<	350
[CutInfo::PrintCutInfo] ljj	|>	15
[CutInfo::PrintCutInfo] secondLepton_Pt	>	30
CF	0.258004 +- 0.0489116
Fake	0 +- 0
Prompt	4.05865 +- 1.25781
=> total bkg = 4.31665
Signal	Yield	Efficiency	Efficiency@Presel	Punzi
HNElEl_300	1.04299	0.0398333	6.48063e-05	5.06914e-06
=====================================================================


!!!!!!!!!!!!!!!!!
!!!! UPDATED !!!!
!!!!!!!!!!!!!!!!!

[CutInfo::PrintCutInfo] leadingLepton_Pt	>	100
[CutInfo::PrintCutInfo] ljj	|<	350
[CutInfo::PrintCutInfo] ljj	|>	20
[CutInfo::PrintCutInfo] secondLepton_Pt	>	30
CF	0.258004 +- 0.0489116
Fake	0 +- 0
Prompt	4.05865 +- 1.25781
=> total bkg = 4.31665
Signal	Yield	Efficiency	Efficiency@Presel	Punzi
HNElEl_300	1.04299	0.0398333	6.48063e-05	5.06914e-06
=====================================================================

####################################################
TIME STAMP : [2018/1/16 21:4:27] 300 / 3721 (8.06235 %)
####################################################
[CutInfo::PrintCutInfo] leadingLepton_Pt	>	100
[CutInfo::PrintCutInfo] ljj	|<	350
[CutInfo::PrintCutInfo] ljj	|>	20
[CutInfo::PrintCutInfo] secondLepton_Pt	>	30

!!!!!!!!!!!!!!!!!
!!!! UPDATED !!!!
!!!!!!!!!!!!!!!!!

[CutInfo::PrintCutInfo] leadingLepton_Pt	>	100
[CutInfo::PrintCutInfo] ljj	|<	350
[CutInfo::PrintCutInfo] ljj	|>	25
[CutInfo::PrintCutInfo] secondLepton_Pt	>	30
CF	0.258004 +- 0.0489116
Fake	0 +- 0
Prompt	4.05865 +- 1.25781
=> total bkg = 4.31665
Signal	Yield	Efficiency	Efficiency@Presel	Punzi
HNElEl_300	1.04299	0.0398333	6.48063e-05	5.06914e-06
=====================================================================

####################################################
TIME STAMP : [2018/1/16 21:4:37] 400 / 3721 (10.7498 %)
####################################################
[CutInfo::PrintCutInfo] leadingLepton_Pt	>	100
[CutInfo::PrintCutInfo] ljj	|<	350
[CutInfo::PrintCutInfo] ljj	|>	25
[CutInfo::PrintCutInfo] secondLepton_Pt	>	30

!!!!!!!!!!!!!!!!!
!!!! UPDATED !!!!
!!!!!!!!!!!!!!!!!

[CutInfo::PrintCutInfo] leadingLepton_Pt	>	100
[CutInfo::PrintCutInfo] ljj	|<	350
[CutInfo::PrintCutInfo] ljj	|>	30
[CutInfo::PrintCutInfo] secondLepton_Pt	>	30
CF	0.258004 +- 0.0489116
Fake	0 +- 0
Prompt	4.05865 +- 1.25781
=> total bkg = 4.31665
Signal	Yield	Efficiency	Efficiency@Presel	Punzi
HNElEl_300	1.04299	0.0398333	6.48063e-05	5.06914e-06
=====================================================================


!!!!!!!!!!!!!!!!!
!!!! UPDATED !!!!
!!!!!!!!!!!!!!!!!

[CutInfo::PrintCutInfo] leadingLepton_Pt	>	100
[CutInfo::PrintCutInfo] ljj	|<	350
[CutInfo::PrintCutInfo] ljj	|>	35
[CutInfo::PrintCutInfo] secondLepton_Pt	>	30
CF	0.258004 +- 0.0489116
Fake	0 +- 0
Prompt	4.05865 +- 1.25781
=> total bkg = 4.31665
Signal	Yield	Efficiency	Efficiency@Presel	Punzi
HNElEl_300	1.04299	0.0398333	6.48063e-05	5.06914e-06
=====================================================================

####################################################
TIME STAMP : [2018/1/16 21:4:48] 500 / 3721 (13.4372 %)
####################################################
[CutInfo::PrintCutInfo] leadingLepton_Pt	>	100
[CutInfo::PrintCutInfo] ljj	|<	350
[CutInfo::PrintCutInfo] ljj	|>	35
[CutInfo::PrintCutInfo] secondLepton_Pt	>	30

!!!!!!!!!!!!!!!!!
!!!! UPDATED !!!!
!!!!!!!!!!!!!!!!!

[CutInfo::PrintCutInfo] leadingLepton_Pt	>	100
[CutInfo::PrintCutInfo] ljj	|<	350
[CutInfo::PrintCutInfo] ljj	|>	40
[CutInfo::PrintCutInfo] secondLepton_Pt	>	30
CF	0.258004 +- 0.0489116
Fake	0 +- 0
Prompt	4.05865 +- 1.25781
=> total bkg = 4.31665
Signal	Yield	Efficiency	Efficiency@Presel	Punzi
HNElEl_300	1.04299	0.0398333	6.48063e-05	5.06914e-06
=====================================================================

####################################################
TIME STAMP : [2018/1/16 21:4:59] 600 / 3721 (16.1247 %)
####################################################
[CutInfo::PrintCutInfo] leadingLepton_Pt	>	100
[CutInfo::PrintCutInfo] ljj	|<	350
[CutInfo::PrintCutInfo] ljj	|>	40
[CutInfo::PrintCutInfo] secondLepton_Pt	>	30

!!!!!!!!!!!!!!!!!
!!!! UPDATED !!!!
!!!!!!!!!!!!!!!!!

[CutInfo::PrintCutInfo] leadingLepton_Pt	>	100
[CutInfo::PrintCutInfo] ljj	|<	350
[CutInfo::PrintCutInfo] ljj	|>	45
[CutInfo::PrintCutInfo] secondLepton_Pt	>	30
CF	0.258004 +- 0.0489116
Fake	0 +- 0
Prompt	4.05865 +- 1.25781
=> total bkg = 4.31665
Signal	Yield	Efficiency	Efficiency@Presel	Punzi
HNElEl_300	1.04299	0.0398333	6.48063e-05	5.06914e-06
=====================================================================


!!!!!!!!!!!!!!!!!
!!!! UPDATED !!!!
!!!!!!!!!!!!!!!!!

[CutInfo::PrintCutInfo] leadingLepton_Pt	>	100
[CutInfo::PrintCutInfo] ljj	|<	350
[CutInfo::PrintCutInfo] ljj	|>	50
[CutInfo::PrintCutInfo] secondLepton_Pt	>	30
CF	0.258004 +- 0.0489116
Fake	0 +- 0
Prompt	4.05865 +- 1.25781
=> total bkg = 4.31665
Signal	Yield	Efficiency	Efficiency@Presel	Punzi
HNElEl_300	1.04299	0.0398333	6.48063e-05	5.06914e-06
=====================================================================

####################################################
TIME STAMP : [2018/1/16 21:5:9] 700 / 3721 (18.8121 %)
####################################################
[CutInfo::PrintCutInfo] leadingLepton_Pt	>	100
[CutInfo::PrintCutInfo] ljj	|<	350
[CutInfo::PrintCutInfo] ljj	|>	50
[CutInfo::PrintCutInfo] secondLepton_Pt	>	30

!!!!!!!!!!!!!!!!!
!!!! UPDATED !!!!
!!!!!!!!!!!!!!!!!

[CutInfo::PrintCutInfo] leadingLepton_Pt	>	100
[CutInfo::PrintCutInfo] ljj	|<	350
[CutInfo::PrintCutInfo] ljj	|>	55
[CutInfo::PrintCutInfo] secondLepton_Pt	>	30
CF	0.258004 +- 0.0489116
Fake	0 +- 0
Prompt	4.05865 +- 1.25781
=> total bkg = 4.31665
Signal	Yield	Efficiency	Efficiency@Presel	Punzi
HNElEl_300	1.04299	0.0398333	6.48063e-05	5.06914e-06
=====================================================================


!!!!!!!!!!!!!!!!!
!!!! UPDATED !!!!
!!!!!!!!!!!!!!!!!

[CutInfo::PrintCutInfo] leadingLepton_Pt	>	100
[CutInfo::PrintCutInfo] ljj	|<	350
[CutInfo::PrintCutInfo] ljj	|>	60
[CutInfo::PrintCutInfo] secondLepton_Pt	>	30
CF	0.258004 +- 0.0489116
Fake	0 +- 0
Prompt	4.05865 +- 1.25781
=> total bkg = 4.31665
Signal	Yield	Efficiency	Efficiency@Presel	Punzi
HNElEl_300	1.04299	0.0398333	6.48063e-05	5.06914e-06
=====================================================================

####################################################
TIME STAMP : [2018/1/16 21:5:20] 800 / 3721 (21.4996 %)
####################################################
[CutInfo::PrintCutInfo] leadingLepton_Pt	>	100
[CutInfo::PrintCutInfo] ljj	|<	350
[CutInfo::PrintCutInfo] ljj	|>	60
[CutInfo::PrintCutInfo] secondLepton_Pt	>	30

!!!!!!!!!!!!!!!!!
!!!! UPDATED !!!!
!!!!!!!!!!!!!!!!!

[CutInfo::PrintCutInfo] leadingLepton_Pt	>	100
[CutInfo::PrintCutInfo] ljj	|<	350
[CutInfo::PrintCutInfo] ljj	|>	65
[CutInfo::PrintCutInfo] secondLepton_Pt	>	30
CF	0.258004 +- 0.0489116
Fake	0 +- 0
Prompt	4.05865 +- 1.25781
=> total bkg = 4.31665
Signal	Yield	Efficiency	Efficiency@Presel	Punzi
HNElEl_300	1.04299	0.0398333	6.48063e-05	5.06914e-06
=====================================================================

####################################################
TIME STAMP : [2018/1/16 21:5:31] 900 / 3721 (24.187 %)
####################################################
[CutInfo::PrintCutInfo] leadingLepton_Pt	>	100
[CutInfo::PrintCutInfo] ljj	|<	350
[CutInfo::PrintCutInfo] ljj	|>	65
[CutInfo::PrintCutInfo] secondLepton_Pt	>	30

!!!!!!!!!!!!!!!!!
!!!! UPDATED !!!!
!!!!!!!!!!!!!!!!!

[CutInfo::PrintCutInfo] leadingLepton_Pt	>	100
[CutInfo::PrintCutInfo] ljj	|<	350
[CutInfo::PrintCutInfo] ljj	|>	70
[CutInfo::PrintCutInfo] secondLepton_Pt	>	30
CF	0.258004 +- 0.0489116
Fake	0 +- 0
Prompt	4.05865 +- 1.25781
=> total bkg = 4.31665
Signal	Yield	Efficiency	Efficiency@Presel	Punzi
HNElEl_300	1.04299	0.0398333	6.48063e-05	5.06914e-06
=====================================================================


!!!!!!!!!!!!!!!!!
!!!! UPDATED !!!!
!!!!!!!!!!!!!!!!!

[CutInfo::PrintCutInfo] leadingLepton_Pt	>	100
[CutInfo::PrintCutInfo] ljj	|<	350
[CutInfo::PrintCutInfo] ljj	|>	75
[CutInfo::PrintCutInfo] secondLepton_Pt	>	30
CF	0.258004 +- 0.0489116
Fake	0 +- 0
Prompt	4.05865 +- 1.25781
=> total bkg = 4.31665
Signal	Yield	Efficiency	Efficiency@Presel	Punzi
HNElEl_300	1.04299	0.0398333	6.48063e-05	5.06914e-06
=====================================================================

####################################################
TIME STAMP : [2018/1/16 21:5:41] 1000 / 3721 (26.8745 %)
####################################################
[CutInfo::PrintCutInfo] leadingLepton_Pt	>	100
[CutInfo::PrintCutInfo] ljj	|<	350
[CutInfo::PrintCutInfo] ljj	|>	75
[CutInfo::PrintCutInfo] secondLepton_Pt	>	30

!!!!!!!!!!!!!!!!!
!!!! UPDATED !!!!
!!!!!!!!!!!!!!!!!

[CutInfo::PrintCutInfo] leadingLepton_Pt	>	100
[CutInfo::PrintCutInfo] ljj	|<	350
[CutInfo::PrintCutInfo] ljj	|>	80
[CutInfo::PrintCutInfo] secondLepton_Pt	>	30
CF	0.258004 +- 0.0489116
Fake	0 +- 0
Prompt	4.05865 +- 1.25781
=> total bkg = 4.31665
Signal	Yield	Efficiency	Efficiency@Presel	Punzi
HNElEl_300	1.04299	0.0398333	6.48063e-05	5.06914e-06
=====================================================================


!!!!!!!!!!!!!!!!!
!!!! UPDATED !!!!
!!!!!!!!!!!!!!!!!

[CutInfo::PrintCutInfo] leadingLepton_Pt	>	100
[CutInfo::PrintCutInfo] ljj	|<	350
[CutInfo::PrintCutInfo] ljj	|>	85
[CutInfo::PrintCutInfo] secondLepton_Pt	>	30
CF	0.258004 +- 0.0489116
Fake	0 +- 0
Prompt	4.05865 +- 1.25781
=> total bkg = 4.31665
Signal	Yield	Efficiency	Efficiency@Presel	Punzi
HNElEl_300	1.04299	0.0398333	6.48063e-05	5.06914e-06
=====================================================================

####################################################
TIME STAMP : [2018/1/16 21:5:52] 1100 / 3721 (29.5619 %)
####################################################
[CutInfo::PrintCutInfo] leadingLepton_Pt	>	100
[CutInfo::PrintCutInfo] ljj	|<	350
[CutInfo::PrintCutInfo] ljj	|>	85
[CutInfo::PrintCutInfo] secondLepton_Pt	>	30

!!!!!!!!!!!!!!!!!
!!!! UPDATED !!!!
!!!!!!!!!!!!!!!!!

[CutInfo::PrintCutInfo] leadingLepton_Pt	>	100
[CutInfo::PrintCutInfo] ljj	|<	350
[CutInfo::PrintCutInfo] ljj	|>	90
[CutInfo::PrintCutInfo] secondLepton_Pt	>	30
CF	0.258004 +- 0.0489116
Fake	0 +- 0
Prompt	4.05865 +- 1.25781
=> total bkg = 4.31665
Signal	Yield	Efficiency	Efficiency@Presel	Punzi
HNElEl_300	1.04299	0.0398333	6.48063e-05	5.06914e-06
=====================================================================

####################################################
TIME STAMP : [2018/1/16 21:6:3] 1200 / 3721 (32.2494 %)
####################################################
[CutInfo::PrintCutInfo] leadingLepton_Pt	>	100
[CutInfo::PrintCutInfo] ljj	|<	350
[CutInfo::PrintCutInfo] ljj	|>	90
[CutInfo::PrintCutInfo] secondLepton_Pt	>	30

!!!!!!!!!!!!!!!!!
!!!! UPDATED !!!!
!!!!!!!!!!!!!!!!!

[CutInfo::PrintCutInfo] leadingLepton_Pt	>	100
[CutInfo::PrintCutInfo] ljj	|<	350
[CutInfo::PrintCutInfo] ljj	|>	95
[CutInfo::PrintCutInfo] secondLepton_Pt	>	30
CF	0.258004 +- 0.0489116
Fake	0 +- 0
Prompt	4.05865 +- 1.25781
=> total bkg = 4.31665
Signal	Yield	Efficiency	Efficiency@Presel	Punzi
HNElEl_300	1.04299	0.0398333	6.48063e-05	5.06914e-06
=====================================================================


!!!!!!!!!!!!!!!!!
!!!! UPDATED !!!!
!!!!!!!!!!!!!!!!!

[CutInfo::PrintCutInfo] leadingLepton_Pt	>	100
[CutInfo::PrintCutInfo] ljj	|<	350
[CutInfo::PrintCutInfo] ljj	|>	100
[CutInfo::PrintCutInfo] secondLepton_Pt	>	30
CF	0.258004 +- 0.0489116
Fake	0 +- 0
Prompt	4.05865 +- 1.25781
=> total bkg = 4.31665
Signal	Yield	Efficiency	Efficiency@Presel	Punzi
HNElEl_300	1.04299	0.0398333	6.48063e-05	5.06914e-06
=====================================================================

####################################################
TIME STAMP : [2018/1/16 21:6:14] 1300 / 3721 (34.9368 %)
####################################################
[CutInfo::PrintCutInfo] leadingLepton_Pt	>	100
[CutInfo::PrintCutInfo] ljj	|<	350
[CutInfo::PrintCutInfo] ljj	|>	100
[CutInfo::PrintCutInfo] secondLepton_Pt	>	30

!!!!!!!!!!!!!!!!!
!!!! UPDATED !!!!
!!!!!!!!!!!!!!!!!

[CutInfo::PrintCutInfo] leadingLepton_Pt	>	100
[CutInfo::PrintCutInfo] ljj	|<	350
[CutInfo::PrintCutInfo] ljj	|>	105
[CutInfo::PrintCutInfo] secondLepton_Pt	>	30
CF	0.258004 +- 0.0489116
Fake	0 +- 0
Prompt	4.05865 +- 1.25781
=> total bkg = 4.31665
Signal	Yield	Efficiency	Efficiency@Presel	Punzi
HNElEl_300	1.04299	0.0398333	6.48063e-05	5.06914e-06
=====================================================================


!!!!!!!!!!!!!!!!!
!!!! UPDATED !!!!
!!!!!!!!!!!!!!!!!

[CutInfo::PrintCutInfo] leadingLepton_Pt	>	100
[CutInfo::PrintCutInfo] ljj	|<	350
[CutInfo::PrintCutInfo] ljj	|>	110
[CutInfo::PrintCutInfo] secondLepton_Pt	>	30
CF	0.258004 +- 0.0489116
Fake	0 +- 0
Prompt	4.05865 +- 1.25781
=> total bkg = 4.31665
Signal	Yield	Efficiency	Efficiency@Presel	Punzi
HNElEl_300	1.04299	0.0398333	6.48063e-05	5.06914e-06
=====================================================================

####################################################
TIME STAMP : [2018/1/16 21:6:24] 1400 / 3721 (37.6243 %)
####################################################
[CutInfo::PrintCutInfo] leadingLepton_Pt	>	100
[CutInfo::PrintCutInfo] ljj	|<	350
[CutInfo::PrintCutInfo] ljj	|>	110
[CutInfo::PrintCutInfo] secondLepton_Pt	>	30

!!!!!!!!!!!!!!!!!
!!!! UPDATED !!!!
!!!!!!!!!!!!!!!!!

[CutInfo::PrintCutInfo] leadingLepton_Pt	>	100
[CutInfo::PrintCutInfo] ljj	|<	350
[CutInfo::PrintCutInfo] ljj	|>	115
[CutInfo::PrintCutInfo] secondLepton_Pt	>	30
CF	0.258004 +- 0.0489116
Fake	0 +- 0
Prompt	4.05865 +- 1.25781
=> total bkg = 4.31665
Signal	Yield	Efficiency	Efficiency@Presel	Punzi
HNElEl_300	1.04299	0.0398333	6.48063e-05	5.06914e-06
=====================================================================

####################################################
TIME STAMP : [2018/1/16 21:6:35] 1500 / 3721 (40.3117 %)
####################################################
[CutInfo::PrintCutInfo] leadingLepton_Pt	>	100
[CutInfo::PrintCutInfo] ljj	|<	350
[CutInfo::PrintCutInfo] ljj	|>	115
[CutInfo::PrintCutInfo] secondLepton_Pt	>	30

!!!!!!!!!!!!!!!!!
!!!! UPDATED !!!!
!!!!!!!!!!!!!!!!!

[CutInfo::PrintCutInfo] leadingLepton_Pt	>	100
[CutInfo::PrintCutInfo] ljj	|<	350
[CutInfo::PrintCutInfo] ljj	|>	120
[CutInfo::PrintCutInfo] secondLepton_Pt	>	30
CF	0.258004 +- 0.0489116
Fake	0 +- 0
Prompt	4.05865 +- 1.25781
=> total bkg = 4.31665
Signal	Yield	Efficiency	Efficiency@Presel	Punzi
HNElEl_300	1.04299	0.0398333	6.48063e-05	5.06914e-06
=====================================================================


!!!!!!!!!!!!!!!!!
!!!! UPDATED !!!!
!!!!!!!!!!!!!!!!!

[CutInfo::PrintCutInfo] leadingLepton_Pt	>	100
[CutInfo::PrintCutInfo] ljj	|<	350
[CutInfo::PrintCutInfo] ljj	|>	125
[CutInfo::PrintCutInfo] secondLepton_Pt	>	30
CF	0.258004 +- 0.0489116
Fake	0 +- 0
Prompt	4.05865 +- 1.25781
=> total bkg = 4.31665
Signal	Yield	Efficiency	Efficiency@Presel	Punzi
HNElEl_300	1.04299	0.0398333	6.48063e-05	5.06914e-06
=====================================================================

####################################################
TIME STAMP : [2018/1/16 21:6:46] 1600 / 3721 (42.9992 %)
####################################################
[CutInfo::PrintCutInfo] leadingLepton_Pt	>	100
[CutInfo::PrintCutInfo] ljj	|<	350
[CutInfo::PrintCutInfo] ljj	|>	125
[CutInfo::PrintCutInfo] secondLepton_Pt	>	30
####################################################
TIME STAMP : [2018/1/16 21:6:56] 1700 / 3721 (45.6866 %)
####################################################
[CutInfo::PrintCutInfo] leadingLepton_Pt	>	100
[CutInfo::PrintCutInfo] ljj	|<	350
[CutInfo::PrintCutInfo] ljj	|>	125
[CutInfo::PrintCutInfo] secondLepton_Pt	>	30
####################################################
TIME STAMP : [2018/1/16 21:7:7] 1800 / 3721 (48.3741 %)
####################################################
[CutInfo::PrintCutInfo] leadingLepton_Pt	>	100
[CutInfo::PrintCutInfo] ljj	|<	350
[CutInfo::PrintCutInfo] ljj	|>	125
[CutInfo::PrintCutInfo] secondLepton_Pt	>	30

!!!!!!!!!!!!!!!!!
!!!! UPDATED !!!!
!!!!!!!!!!!!!!!!!

[CutInfo::PrintCutInfo] leadingLepton_Pt	>	100
[CutInfo::PrintCutInfo] ljj	|<	350
[CutInfo::PrintCutInfo] ljj	|>	145
[CutInfo::PrintCutInfo] secondLepton_Pt	>	30
CF	0.253455 +- 0.0481891
Fake	0 +- 0
Prompt	4.05378 +- 1.25643
=> total bkg = 4.30723
Signal	Yield	Efficiency	Efficiency@Presel	Punzi
HNElEl_300	1.04237	0.0398167	6.47674e-05	5.07004e-06
=====================================================================


!!!!!!!!!!!!!!!!!
!!!! UPDATED !!!!
!!!!!!!!!!!!!!!!!

[CutInfo::PrintCutInfo] leadingLepton_Pt	>	100
[CutInfo::PrintCutInfo] ljj	|<	350
[CutInfo::PrintCutInfo] ljj	|>	150
[CutInfo::PrintCutInfo] secondLepton_Pt	>	30
CF	0.253132 +- 0.0481446
Fake	0 +- 0
Prompt	4.05378 +- 1.25643
=> total bkg = 4.30691
Signal	Yield	Efficiency	Efficiency@Presel	Punzi
HNElEl_300	1.04237	0.0398167	6.47674e-05	5.07014e-06
=====================================================================

####################################################
TIME STAMP : [2018/1/16 21:7:18] 1900 / 3721 (51.0615 %)
####################################################
[CutInfo::PrintCutInfo] leadingLepton_Pt	>	100
[CutInfo::PrintCutInfo] ljj	|<	350
[CutInfo::PrintCutInfo] ljj	|>	150
[CutInfo::PrintCutInfo] secondLepton_Pt	>	30

!!!!!!!!!!!!!!!!!
!!!! UPDATED !!!!
!!!!!!!!!!!!!!!!!

[CutInfo::PrintCutInfo] leadingLepton_Pt	>	100
[CutInfo::PrintCutInfo] ljj	|<	355
[CutInfo::PrintCutInfo] ljj	|>	155
[CutInfo::PrintCutInfo] secondLepton_Pt	>	30
CF	0.251498 +- 0.0478241
Fake	0 +- 0
Prompt	3.98905 +- 1.2547
=> total bkg = 4.24054
Signal	Yield	Efficiency	Efficiency@Presel	Punzi
HNElEl_300	1.04648	0.04	6.50233e-05	5.11199e-06
=====================================================================


!!!!!!!!!!!!!!!!!
!!!! UPDATED !!!!
!!!!!!!!!!!!!!!!!

[CutInfo::PrintCutInfo] leadingLepton_Pt	>	100
[CutInfo::PrintCutInfo] ljj	|<	350
[CutInfo::PrintCutInfo] ljj	|>	155
[CutInfo::PrintCutInfo] secondLepton_Pt	>	30
CF	0.249435 +- 0.0475294
Fake	0 +- 0
Prompt	3.87695 +- 1.23884
=> total bkg = 4.12639
Signal	Yield	Efficiency	Efficiency@Presel	Punzi
HNElEl_300	1.04237	0.0398167	6.47674e-05	5.1402e-06
=====================================================================

####################################################
TIME STAMP : [2018/1/16 21:7:28] 2000 / 3721 (53.749 %)
####################################################
[CutInfo::PrintCutInfo] leadingLepton_Pt	>	100
[CutInfo::PrintCutInfo] ljj	|<	350
[CutInfo::PrintCutInfo] ljj	|>	155
[CutInfo::PrintCutInfo] secondLepton_Pt	>	30

!!!!!!!!!!!!!!!!!
!!!! UPDATED !!!!
!!!!!!!!!!!!!!!!!

[CutInfo::PrintCutInfo] leadingLepton_Pt	>	100
[CutInfo::PrintCutInfo] ljj	|<	350
[CutInfo::PrintCutInfo] ljj	|>	160
[CutInfo::PrintCutInfo] secondLepton_Pt	>	30
CF	0.249411 +- 0.0475262
Fake	0 +- 0
Prompt	3.87695 +- 1.23884
=> total bkg = 4.12637
Signal	Yield	Efficiency	Efficiency@Presel	Punzi
HNElEl_300	1.04237	0.0398167	6.47674e-05	5.14021e-06
=====================================================================


!!!!!!!!!!!!!!!!!
!!!! UPDATED !!!!
!!!!!!!!!!!!!!!!!

[CutInfo::PrintCutInfo] leadingLepton_Pt	>	100
[CutInfo::PrintCutInfo] ljj	|<	355
[CutInfo::PrintCutInfo] ljj	|>	165
[CutInfo::PrintCutInfo] secondLepton_Pt	>	30
CF	0.250787 +- 0.0477261
Fake	0 +- 0
Prompt	3.57703 +- 1.16586
=> total bkg = 3.82782
Signal	Yield	Efficiency	Efficiency@Presel	Punzi
HNElEl_300	1.04648	0.04	6.50233e-05	5.32073e-06
=====================================================================


!!!!!!!!!!!!!!!!!
!!!! UPDATED !!!!
!!!!!!!!!!!!!!!!!

[CutInfo::PrintCutInfo] leadingLepton_Pt	>	100
[CutInfo::PrintCutInfo] ljj	|<	350
[CutInfo::PrintCutInfo] ljj	|>	165
[CutInfo::PrintCutInfo] secondLepton_Pt	>	30
CF	0.248724 +- 0.0474315
Fake	0 +- 0
Prompt	3.46494 +- 1.14946
=> total bkg = 3.71366
Signal	Yield	Efficiency	Efficiency@Presel	Punzi
HNElEl_300	1.04237	0.0398167	6.47674e-05	5.35475e-06
=====================================================================


!!!!!!!!!!!!!!!!!
!!!! UPDATED !!!!
!!!!!!!!!!!!!!!!!

[CutInfo::PrintCutInfo] leadingLepton_Pt	>	100
[CutInfo::PrintCutInfo] ljj	|<	340
[CutInfo::PrintCutInfo] ljj	|>	165
[CutInfo::PrintCutInfo] secondLepton_Pt	>	30
CF	0.230927 +- 0.0444268
Fake	0 +- 0
Prompt	3.27047 +- 1.12527
=> total bkg = 3.50139
Signal	Yield	Efficiency	Efficiency@Presel	Punzi
HNElEl_300	1.02296	0.039	6.35614e-05	5.35478e-06
=====================================================================

####################################################
TIME STAMP : [2018/1/16 21:7:39] 2100 / 3721 (56.4364 %)
####################################################
[CutInfo::PrintCutInfo] leadingLepton_Pt	>	100
[CutInfo::PrintCutInfo] ljj	|<	340
[CutInfo::PrintCutInfo] ljj	|>	165
[CutInfo::PrintCutInfo] secondLepton_Pt	>	30

!!!!!!!!!!!!!!!!!
!!!! UPDATED !!!!
!!!!!!!!!!!!!!!!!

[CutInfo::PrintCutInfo] leadingLepton_Pt	>	100
[CutInfo::PrintCutInfo] ljj	|<	350
[CutInfo::PrintCutInfo] ljj	|>	170
[CutInfo::PrintCutInfo] secondLepton_Pt	>	30
CF	0.248643 +- 0.0474206
Fake	0 +- 0
Prompt	3.41871 +- 1.1356
=> total bkg = 3.66735
Signal	Yield	Efficiency	Efficiency@Presel	Punzi
HNElEl_300	1.04237	0.0398167	6.47674e-05	5.3837e-06
=====================================================================


!!!!!!!!!!!!!!!!!
!!!! UPDATED !!!!
!!!!!!!!!!!!!!!!!

[CutInfo::PrintCutInfo] leadingLepton_Pt	>	100
[CutInfo::PrintCutInfo] ljj	|<	340
[CutInfo::PrintCutInfo] ljj	|>	170
[CutInfo::PrintCutInfo] secondLepton_Pt	>	30
CF	0.230846 +- 0.0444159
Fake	0 +- 0
Prompt	3.22423 +- 1.11178
=> total bkg = 3.45508
Signal	Yield	Efficiency	Efficiency@Presel	Punzi
HNElEl_300	1.02296	0.039	6.35614e-05	5.38451e-06
=====================================================================


!!!!!!!!!!!!!!!!!
!!!! UPDATED !!!!
!!!!!!!!!!!!!!!!!

[CutInfo::PrintCutInfo] leadingLepton_Pt	>	100
[CutInfo::PrintCutInfo] ljj	|<	350
[CutInfo::PrintCutInfo] ljj	|>	175
[CutInfo::PrintCutInfo] secondLepton_Pt	>	30
CF	0.247103 +- 0.0471972
Fake	0 +- 0
Prompt	3.41292 +- 1.13396
=> total bkg = 3.66002
Signal	Yield	Efficiency	Efficiency@Presel	Punzi
HNElEl_300	1.04203	0.0398	6.47467e-05	5.38613e-06
=====================================================================


!!!!!!!!!!!!!!!!!
!!!! UPDATED !!!!
!!!!!!!!!!!!!!!!!

[CutInfo::PrintCutInfo] leadingLepton_Pt	>	100
[CutInfo::PrintCutInfo] ljj	|<	340
[CutInfo::PrintCutInfo] ljj	|>	175
[CutInfo::PrintCutInfo] secondLepton_Pt	>	30
CF	0.229306 +- 0.0441932
Fake	0 +- 0
Prompt	3.21845 +- 1.11019
=> total bkg = 3.44775
Signal	Yield	Efficiency	Efficiency@Presel	Punzi
HNElEl_300	1.02263	0.0389833	6.35408e-05	5.38703e-06
=====================================================================

####################################################
TIME STAMP : [2018/1/16 21:7:50] 2200 / 3721 (59.1239 %)
####################################################
[CutInfo::PrintCutInfo] leadingLepton_Pt	>	100
[CutInfo::PrintCutInfo] ljj	|<	340
[CutInfo::PrintCutInfo] ljj	|>	175
[CutInfo::PrintCutInfo] secondLepton_Pt	>	30

!!!!!!!!!!!!!!!!!
!!!! UPDATED !!!!
!!!!!!!!!!!!!!!!!

[CutInfo::PrintCutInfo] leadingLepton_Pt	>	100
[CutInfo::PrintCutInfo] ljj	|<	350
[CutInfo::PrintCutInfo] ljj	|>	180
[CutInfo::PrintCutInfo] secondLepton_Pt	>	30
CF	0.24017 +- 0.0460436
Fake	0 +- 0
Prompt	3.40863 +- 1.13274
=> total bkg = 3.6488
Signal	Yield	Efficiency	Efficiency@Presel	Punzi
HNElEl_300	1.04203	0.0398	6.47467e-05	5.39143e-06
=====================================================================


!!!!!!!!!!!!!!!!!
!!!! UPDATED !!!!
!!!!!!!!!!!!!!!!!

[CutInfo::PrintCutInfo] leadingLepton_Pt	>	100
[CutInfo::PrintCutInfo] ljj	|<	340
[CutInfo::PrintCutInfo] ljj	|>	180
[CutInfo::PrintCutInfo] secondLepton_Pt	>	30
CF	0.222073 +- 0.0429917
Fake	0 +- 0
Prompt	3.21416 +- 1.10901
=> total bkg = 3.43623
Signal	Yield	Efficiency	Efficiency@Presel	Punzi
HNElEl_300	1.02263	0.0389833	6.35408e-05	5.39265e-06
=====================================================================

####################################################
TIME STAMP : [2018/1/16 21:8:1] 2300 / 3721 (61.8113 %)
####################################################
[CutInfo::PrintCutInfo] leadingLepton_Pt	>	100
[CutInfo::PrintCutInfo] ljj	|<	340
[CutInfo::PrintCutInfo] ljj	|>	180
[CutInfo::PrintCutInfo] secondLepton_Pt	>	30
####################################################
TIME STAMP : [2018/1/16 21:8:11] 2400 / 3721 (64.4988 %)
####################################################
[CutInfo::PrintCutInfo] leadingLepton_Pt	>	100
[CutInfo::PrintCutInfo] ljj	|<	340
[CutInfo::PrintCutInfo] ljj	|>	180
[CutInfo::PrintCutInfo] secondLepton_Pt	>	30

!!!!!!!!!!!!!!!!!
!!!! UPDATED !!!!
!!!!!!!!!!!!!!!!!

[CutInfo::PrintCutInfo] leadingLepton_Pt	>	100
[CutInfo::PrintCutInfo] ljj	|<	350
[CutInfo::PrintCutInfo] ljj	|>	195
[CutInfo::PrintCutInfo] secondLepton_Pt	>	30
CF	0.234145 +- 0.045049
Fake	0.0182347 +- 0.229074
Prompt	3.34219 +- 1.12082
=> total bkg = 3.59457
Signal	Yield	Efficiency	Efficiency@Presel	Punzi
HNElEl_300	1.04067	0.03975	6.46619e-05	5.39521e-06
=====================================================================


!!!!!!!!!!!!!!!!!
!!!! UPDATED !!!!
!!!!!!!!!!!!!!!!!

[CutInfo::PrintCutInfo] leadingLepton_Pt	>	100
[CutInfo::PrintCutInfo] ljj	|<	340
[CutInfo::PrintCutInfo] ljj	|>	195
[CutInfo::PrintCutInfo] secondLepton_Pt	>	30
CF	0.215743 +- 0.0419503
Fake	0.0188391 +- 0.229078
Prompt	3.14223 +- 1.09597
=> total bkg = 3.37682
Signal	Yield	Efficiency	Efficiency@Presel	Punzi
HNElEl_300	1.02126	0.0389333	6.3456e-05	5.39963e-06
=====================================================================


!!!!!!!!!!!!!!!!!
!!!! UPDATED !!!!
!!!!!!!!!!!!!!!!!

[CutInfo::PrintCutInfo] leadingLepton_Pt	>	100
[CutInfo::PrintCutInfo] ljj	|<	350
[CutInfo::PrintCutInfo] ljj	|>	200
[CutInfo::PrintCutInfo] secondLepton_Pt	>	30
CF	0.230965 +- 0.044518
Fake	0.0228098 +- 0.229068
Prompt	3.30549 +- 1.11028
=> total bkg = 3.55927
Signal	Yield	Efficiency	Efficiency@Presel	Punzi
HNElEl_300	1.04067	0.03975	6.46619e-05	5.41767e-06
=====================================================================


!!!!!!!!!!!!!!!!!
!!!! UPDATED !!!!
!!!!!!!!!!!!!!!!!

[CutInfo::PrintCutInfo] leadingLepton_Pt	>	100
[CutInfo::PrintCutInfo] ljj	|<	340
[CutInfo::PrintCutInfo] ljj	|>	200
[CutInfo::PrintCutInfo] secondLepton_Pt	>	30
CF	0.212564 +- 0.0414157
Fake	0.0234142 +- 0.229073
Prompt	3.10553 +- 1.08579
=> total bkg = 3.34151
Signal	Yield	Efficiency	Efficiency@Presel	Punzi
HNElEl_300	1.02126	0.0389333	6.3456e-05	5.4227e-06
=====================================================================

####################################################
TIME STAMP : [2018/1/16 21:8:22] 2500 / 3721 (67.1862 %)
####################################################
[CutInfo::PrintCutInfo] leadingLepton_Pt	>	100
[CutInfo::PrintCutInfo] ljj	|<	340
[CutInfo::PrintCutInfo] ljj	|>	200
[CutInfo::PrintCutInfo] secondLepton_Pt	>	30

!!!!!!!!!!!!!!!!!
!!!! UPDATED !!!!
!!!!!!!!!!!!!!!!!

[CutInfo::PrintCutInfo] leadingLepton_Pt	>	100
[CutInfo::PrintCutInfo] ljj	|<	355
[CutInfo::PrintCutInfo] ljj	|>	205
[CutInfo::PrintCutInfo] secondLepton_Pt	>	30
CF	0.225208 +- 0.0435003
Fake	0.0226155 +- 0.229067
Prompt	3.32117 +- 1.11579
=> total bkg = 3.56899
Signal	Yield	Efficiency	Efficiency@Presel	Punzi
HNElEl_300	1.04418	0.0399167	6.48801e-05	5.42753e-06
=====================================================================


!!!!!!!!!!!!!!!!!
!!!! UPDATED !!!!
!!!!!!!!!!!!!!!!!

[CutInfo::PrintCutInfo] leadingLepton_Pt	>	100
[CutInfo::PrintCutInfo] ljj	|<	350
[CutInfo::PrintCutInfo] ljj	|>	205
[CutInfo::PrintCutInfo] secondLepton_Pt	>	30
CF	0.223146 +- 0.0432082
Fake	0.0233663 +- 0.229073
Prompt	3.20897 +- 1.10031
=> total bkg = 3.45548
Signal	Yield	Efficiency	Efficiency@Presel	Punzi
HNElEl_300	1.04006	0.0397333	6.46242e-05	5.46364e-06
=====================================================================


!!!!!!!!!!!!!!!!!
!!!! UPDATED !!!!
!!!!!!!!!!!!!!!!!

[CutInfo::PrintCutInfo] leadingLepton_Pt	>	100
[CutInfo::PrintCutInfo] ljj	|<	340
[CutInfo::PrintCutInfo] ljj	|>	205
[CutInfo::PrintCutInfo] secondLepton_Pt	>	30
CF	0.204721 +- 0.0400933
Fake	0.0239707 +- 0.229078
Prompt	3.00901 +- 1.07602
=> total bkg = 3.2377
Signal	Yield	Efficiency	Efficiency@Presel	Punzi
HNElEl_300	1.02065	0.0389167	6.34183e-05	5.47078e-06
=====================================================================

####################################################
TIME STAMP : [2018/1/16 21:8:33] 2600 / 3721 (69.8737 %)
####################################################
[CutInfo::PrintCutInfo] leadingLepton_Pt	>	100
[CutInfo::PrintCutInfo] ljj	|<	340
[CutInfo::PrintCutInfo] ljj	|>	205
[CutInfo::PrintCutInfo] secondLepton_Pt	>	30

!!!!!!!!!!!!!!!!!
!!!! UPDATED !!!!
!!!!!!!!!!!!!!!!!

[CutInfo::PrintCutInfo] leadingLepton_Pt	>	100
[CutInfo::PrintCutInfo] ljj	|<	350
[CutInfo::PrintCutInfo] ljj	|>	210
[CutInfo::PrintCutInfo] secondLepton_Pt	>	30
CF	0.221036 +- 0.0429178
Fake	0.0242473 +- 0.22908
Prompt	3.18469 +- 1.09575
=> total bkg = 3.42998
Signal	Yield	Efficiency	Efficiency@Presel	Punzi
HNElEl_300	1.03968	0.0397167	6.46007e-05	5.4758e-06
=====================================================================


!!!!!!!!!!!!!!!!!
!!!! UPDATED !!!!
!!!!!!!!!!!!!!!!!

[CutInfo::PrintCutInfo] leadingLepton_Pt	>	100
[CutInfo::PrintCutInfo] ljj	|<	340
[CutInfo::PrintCutInfo] ljj	|>	210
[CutInfo::PrintCutInfo] secondLepton_Pt	>	30
CF	0.202611 +- 0.0398051
Fake	0.0248517 +- 0.229085
Prompt	2.98473 +- 1.07163
=> total bkg = 3.21219
Signal	Yield	Efficiency	Efficiency@Presel	Punzi
HNElEl_300	1.02015	0.0388833	6.3387e-05	5.48272e-06
=====================================================================


!!!!!!!!!!!!!!!!!
!!!! UPDATED !!!!
!!!!!!!!!!!!!!!!!

[CutInfo::PrintCutInfo] leadingLepton_Pt	>	100
[CutInfo::PrintCutInfo] ljj	|<	350
[CutInfo::PrintCutInfo] ljj	|>	215
[CutInfo::PrintCutInfo] secondLepton_Pt	>	30
CF	0.213299 +- 0.0416069
Fake	0.0245441 +- 0.229082
Prompt	3.15721 +- 1.08854
=> total bkg = 3.39506
Signal	Yield	Efficiency	Efficiency@Presel	Punzi
HNElEl_300	1.03968	0.0397167	6.46007e-05	5.49623e-06
=====================================================================


!!!!!!!!!!!!!!!!!
!!!! UPDATED !!!!
!!!!!!!!!!!!!!!!!

[CutInfo::PrintCutInfo] leadingLepton_Pt	>	100
[CutInfo::PrintCutInfo] ljj	|<	340
[CutInfo::PrintCutInfo] ljj	|>	215
[CutInfo::PrintCutInfo] secondLepton_Pt	>	30
CF	0.194532 +- 0.0384372
Fake	0.0251486 +- 0.229088
Prompt	2.95725 +- 1.06471
=> total bkg = 3.17693
Signal	Yield	Efficiency	Efficiency@Presel	Punzi
HNElEl_300	1.02015	0.0388833	6.3387e-05	5.50397e-06
=====================================================================

####################################################
TIME STAMP : [2018/1/16 21:8:43] 2700 / 3721 (72.5611 %)
####################################################
[CutInfo::PrintCutInfo] leadingLepton_Pt	>	100
[CutInfo::PrintCutInfo] ljj	|<	340
[CutInfo::PrintCutInfo] ljj	|>	215
[CutInfo::PrintCutInfo] secondLepton_Pt	>	30

!!!!!!!!!!!!!!!!!
!!!! UPDATED !!!!
!!!!!!!!!!!!!!!!!

[CutInfo::PrintCutInfo] leadingLepton_Pt	>	100
[CutInfo::PrintCutInfo] ljj	|<	355
[CutInfo::PrintCutInfo] ljj	|>	220
[CutInfo::PrintCutInfo] secondLepton_Pt	>	30
CF	0.208229 +- 0.0407272
Fake	0.0285908 +- 0.229077
Prompt	3.16564 +- 1.0906
=> total bkg = 3.40246
Signal	Yield	Efficiency	Efficiency@Presel	Punzi
HNElEl_300	1.04281	0.0398667	6.47952e-05	5.50798e-06
=====================================================================


!!!!!!!!!!!!!!!!!
!!!! UPDATED !!!!
!!!!!!!!!!!!!!!!!

[CutInfo::PrintCutInfo] leadingLepton_Pt	>	100
[CutInfo::PrintCutInfo] ljj	|<	350
[CutInfo::PrintCutInfo] ljj	|>	220
[CutInfo::PrintCutInfo] secondLepton_Pt	>	30
CF	0.206167 +- 0.0404373
Fake	0.0293417 +- 0.229085
Prompt	2.96059 +- 1.06676
=> total bkg = 3.1961
Signal	Yield	Efficiency	Efficiency@Presel	Punzi
HNElEl_300	1.03869	0.0396833	6.45393e-05	5.59376e-06
=====================================================================


!!!!!!!!!!!!!!!!!
!!!! UPDATED !!!!
!!!!!!!!!!!!!!!!!

[CutInfo::PrintCutInfo] leadingLepton_Pt	>	100
[CutInfo::PrintCutInfo] ljj	|<	340
[CutInfo::PrintCutInfo] ljj	|>	220
[CutInfo::PrintCutInfo] secondLepton_Pt	>	30
CF	0.187399 +- 0.03726
Fake	0.0299461 +- 0.229092
Prompt	2.76063 +- 1.04344
=> total bkg = 2.97797
Signal	Yield	Efficiency	Efficiency@Presel	Punzi
HNElEl_300	1.01916	0.03885	6.33256e-05	5.60608e-06
=====================================================================


!!!!!!!!!!!!!!!!!
!!!! UPDATED !!!!
!!!!!!!!!!!!!!!!!

[CutInfo::PrintCutInfo] leadingLepton_Pt	>	100
[CutInfo::PrintCutInfo] ljj	|<	345
[CutInfo::PrintCutInfo] ljj	|>	225
[CutInfo::PrintCutInfo] secondLepton_Pt	>	30
CF	0.185467 +- 0.0369026
Fake	0 +- 0
Prompt	2.90483 +- 1.05634
=> total bkg = 3.0903
Signal	Yield	Efficiency	Efficiency@Presel	Punzi
HNElEl_300	1.03011	0.03935	6.40056e-05	5.62674e-06
=====================================================================


!!!!!!!!!!!!!!!!!
!!!! UPDATED !!!!
!!!!!!!!!!!!!!!!!

[CutInfo::PrintCutInfo] leadingLepton_Pt	>	100
[CutInfo::PrintCutInfo] ljj	|<	340
[CutInfo::PrintCutInfo] ljj	|>	225
[CutInfo::PrintCutInfo] secondLepton_Pt	>	30
CF	0.171047 +- 0.0344838
Fake	0 +- 0
Prompt	2.72364 +- 1.03791
=> total bkg = 2.89469
Signal	Yield	Efficiency	Efficiency@Presel	Punzi
HNElEl_300	1.01637	0.0387667	6.31523e-05	5.65921e-06
=====================================================================

####################################################
TIME STAMP : [2018/1/16 21:8:54] 2800 / 3721 (75.2486 %)
####################################################
[CutInfo::PrintCutInfo] leadingLepton_Pt	>	100
[CutInfo::PrintCutInfo] ljj	|<	340
[CutInfo::PrintCutInfo] ljj	|>	225
[CutInfo::PrintCutInfo] secondLepton_Pt	>	30

!!!!!!!!!!!!!!!!!
!!!! UPDATED !!!!
!!!!!!!!!!!!!!!!!

[CutInfo::PrintCutInfo] leadingLepton_Pt	>	100
[CutInfo::PrintCutInfo] ljj	|<	330
[CutInfo::PrintCutInfo] ljj	|>	225
[CutInfo::PrintCutInfo] secondLepton_Pt	>	30
CF	0.158623 +- 0.032536
Fake	0 +- 0
Prompt	2.02561 +- 0.826842
=> total bkg = 2.18424
Signal	Yield	Efficiency	Efficiency@Presel	Punzi
HNElEl_300	0.957306	0.0362667	5.94821e-05	5.92289e-06
=====================================================================


!!!!!!!!!!!!!!!!!
!!!! UPDATED !!!!
!!!!!!!!!!!!!!!!!

[CutInfo::PrintCutInfo] leadingLepton_Pt	>	100
[CutInfo::PrintCutInfo] ljj	|<	330
[CutInfo::PrintCutInfo] ljj	|>	230
[CutInfo::PrintCutInfo] secondLepton_Pt	>	30
CF	0.152072 +- 0.0313736
Fake	0.0232516 +- 0.16294
Prompt	1.96828 +- 0.812402
=> total bkg = 2.14361
Signal	Yield	Efficiency	Efficiency@Presel	Punzi
HNElEl_300	0.956801	0.0362333	5.94508e-05	5.94449e-06
=====================================================================

####################################################
TIME STAMP : [2018/1/16 21:9:5] 2900 / 3721 (77.936 %)
####################################################
[CutInfo::PrintCutInfo] leadingLepton_Pt	>	100
[CutInfo::PrintCutInfo] ljj	|<	330
[CutInfo::PrintCutInfo] ljj	|>	230
[CutInfo::PrintCutInfo] secondLepton_Pt	>	30

!!!!!!!!!!!!!!!!!
!!!! UPDATED !!!!
!!!!!!!!!!!!!!!!!

[CutInfo::PrintCutInfo] leadingLepton_Pt	>	100
[CutInfo::PrintCutInfo] ljj	|<	330
[CutInfo::PrintCutInfo] ljj	|>	235
[CutInfo::PrintCutInfo] secondLepton_Pt	>	30
CF	0.140556 +- 0.0293575
Fake	0 +- 0
Prompt	1.9559 +- 0.809472
=> total bkg = 2.09645
Signal	Yield	Efficiency	Efficiency@Presel	Punzi
HNElEl_300	0.956116	0.0362	5.94082e-05	5.99276e-06
=====================================================================


!!!!!!!!!!!!!!!!!
!!!! UPDATED !!!!
!!!!!!!!!!!!!!!!!

[CutInfo::PrintCutInfo] leadingLepton_Pt	>	100
[CutInfo::PrintCutInfo] ljj	|<	330
[CutInfo::PrintCutInfo] ljj	|>	240
[CutInfo::PrintCutInfo] secondLepton_Pt	>	30
CF	0.135541 +- 0.0285318
Fake	0 +- 0
Prompt	1.93082 +- 0.803662
=> total bkg = 2.06636
Signal	Yield	Efficiency	Efficiency@Presel	Punzi
HNElEl_300	0.955377	0.03615	5.93623e-05	6.01517e-06
=====================================================================

####################################################
TIME STAMP : [2018/1/16 21:9:11] 3000 / 3721 (80.6235 %)
####################################################
[CutInfo::PrintCutInfo] leadingLepton_Pt	>	100
[CutInfo::PrintCutInfo] ljj	|<	330
[CutInfo::PrintCutInfo] ljj	|>	240
[CutInfo::PrintCutInfo] secondLepton_Pt	>	30

!!!!!!!!!!!!!!!!!
!!!! UPDATED !!!!
!!!!!!!!!!!!!!!!!

[CutInfo::PrintCutInfo] leadingLepton_Pt	>	100
[CutInfo::PrintCutInfo] ljj	|<	330
[CutInfo::PrintCutInfo] ljj	|>	245
[CutInfo::PrintCutInfo] secondLepton_Pt	>	30
CF	0.134572 +- 0.0284085
Fake	0 +- 0
Prompt	1.82997 +- 0.791587
=> total bkg = 1.96454
Signal	Yield	Efficiency	Efficiency@Presel	Punzi
HNElEl_300	0.952641	0.03605	5.91923e-05	6.08338e-06
=====================================================================

####################################################
TIME STAMP : [2018/1/16 21:9:18] 3100 / 3721 (83.3109 %)
####################################################
[CutInfo::PrintCutInfo] leadingLepton_Pt	>	100
[CutInfo::PrintCutInfo] ljj	|<	330
[CutInfo::PrintCutInfo] ljj	|>	245
[CutInfo::PrintCutInfo] secondLepton_Pt	>	30

!!!!!!!!!!!!!!!!!
!!!! UPDATED !!!!
!!!!!!!!!!!!!!!!!

[CutInfo::PrintCutInfo] leadingLepton_Pt	>	100
[CutInfo::PrintCutInfo] ljj	|<	330
[CutInfo::PrintCutInfo] ljj	|>	250
[CutInfo::PrintCutInfo] secondLepton_Pt	>	30
CF	0.125086 +- 0.0268404
Fake	0 +- 0
Prompt	1.77616 +- 0.779252
=> total bkg = 1.90125
Signal	Yield	Efficiency	Efficiency@Presel	Punzi
HNElEl_300	0.951112	0.0359833	5.90973e-05	6.13451e-06
=====================================================================


!!!!!!!!!!!!!!!!!
!!!! UPDATED !!!!
!!!!!!!!!!!!!!!!!

[CutInfo::PrintCutInfo] leadingLepton_Pt	>	100
[CutInfo::PrintCutInfo] ljj	|<	330
[CutInfo::PrintCutInfo] ljj	|>	255
[CutInfo::PrintCutInfo] secondLepton_Pt	>	30
CF	0.111108 +- 0.0245241
Fake	0 +- 0
Prompt	1.72795 +- 0.76867
=> total bkg = 1.83906
Signal	Yield	Efficiency	Efficiency@Presel	Punzi
HNElEl_300	0.947254	0.03585	5.88576e-05	6.1694e-06
=====================================================================

####################################################
TIME STAMP : [2018/1/16 21:9:24] 3200 / 3721 (85.9984 %)
####################################################
[CutInfo::PrintCutInfo] leadingLepton_Pt	>	100
[CutInfo::PrintCutInfo] ljj	|<	330
[CutInfo::PrintCutInfo] ljj	|>	255
[CutInfo::PrintCutInfo] secondLepton_Pt	>	30

!!!!!!!!!!!!!!!!!
!!!! UPDATED !!!!
!!!!!!!!!!!!!!!!!

[CutInfo::PrintCutInfo] leadingLepton_Pt	>	100
[CutInfo::PrintCutInfo] ljj	|<	330
[CutInfo::PrintCutInfo] ljj	|>	260
[CutInfo::PrintCutInfo] secondLepton_Pt	>	30
CF	0.107626 +- 0.0239356
Fake	0 +- 0
Prompt	1.67772 +- 0.758416
=> total bkg = 1.78535
Signal	Yield	Efficiency	Efficiency@Presel	Punzi
HNElEl_300	0.944043	0.03575	5.8658e-05	6.20283e-06
=====================================================================


!!!!!!!!!!!!!!!!!
!!!! UPDATED !!!!
!!!!!!!!!!!!!!!!!

[CutInfo::PrintCutInfo] leadingLepton_Pt	>	100
[CutInfo::PrintCutInfo] ljj	|<	350
[CutInfo::PrintCutInfo] ljj	|>	265
[CutInfo::PrintCutInfo] secondLepton_Pt	>	30
CF	0.135821 +- 0.0287683
Fake	0 +- 0
Prompt	2.11368 +- 0.861193
=> total bkg = 2.2495
Signal	Yield	Efficiency	Efficiency@Presel	Punzi
HNElEl_300	1.0197	0.0389667	6.33588e-05	6.22586e-06
=====================================================================


!!!!!!!!!!!!!!!!!
!!!! UPDATED !!!!
!!!!!!!!!!!!!!!!!

[CutInfo::PrintCutInfo] leadingLepton_Pt	>	100
[CutInfo::PrintCutInfo] ljj	|<	340
[CutInfo::PrintCutInfo] ljj	|>	265
[CutInfo::PrintCutInfo] secondLepton_Pt	>	30
CF	0.114292 +- 0.0249902
Fake	0 +- 0
Prompt	1.90592 +- 0.840032
=> total bkg = 2.02021
Signal	Yield	Efficiency	Efficiency@Presel	Punzi
HNElEl_300	0.999805	0.0381167	6.21229e-05	6.28522e-06
=====================================================================


!!!!!!!!!!!!!!!!!
!!!! UPDATED !!!!
!!!!!!!!!!!!!!!!!

[CutInfo::PrintCutInfo] leadingLepton_Pt	>	100
[CutInfo::PrintCutInfo] ljj	|<	330
[CutInfo::PrintCutInfo] ljj	|>	265
[CutInfo::PrintCutInfo] secondLepton_Pt	>	30
CF	0.101607 +- 0.0229924
Fake	0 +- 0
Prompt	1.20349 +- 0.581528
=> total bkg = 1.3051
Signal	Yield	Efficiency	Efficiency@Presel	Punzi
HNElEl_300	0.940401	0.0356	5.84318e-05	6.86793e-06
=====================================================================

####################################################
TIME STAMP : [2018/1/16 21:9:31] 3300 / 3721 (88.6858 %)
####################################################
[CutInfo::PrintCutInfo] leadingLepton_Pt	>	100
[CutInfo::PrintCutInfo] ljj	|<	330
[CutInfo::PrintCutInfo] ljj	|>	265
[CutInfo::PrintCutInfo] secondLepton_Pt	>	30

!!!!!!!!!!!!!!!!!
!!!! UPDATED !!!!
!!!!!!!!!!!!!!!!!

[CutInfo::PrintCutInfo] leadingLepton_Pt	>	100
[CutInfo::PrintCutInfo] ljj	|<	330
[CutInfo::PrintCutInfo] ljj	|>	270
[CutInfo::PrintCutInfo] secondLepton_Pt	>	30
CF	0.099843 +- 0.0227799
Fake	0 +- 0
Prompt	1.08886 +- 0.567708
=> total bkg = 1.18871
Signal	Yield	Efficiency	Efficiency@Presel	Punzi
HNElEl_300	0.934705	0.0354167	5.80779e-05	6.9876e-06
=====================================================================

####################################################
TIME STAMP : [2018/1/16 21:9:37] 3400 / 3721 (91.3733 %)
####################################################
[CutInfo::PrintCutInfo] leadingLepton_Pt	>	100
[CutInfo::PrintCutInfo] ljj	|<	330
[CutInfo::PrintCutInfo] ljj	|>	270
[CutInfo::PrintCutInfo] secondLepton_Pt	>	30
####################################################
TIME STAMP : [2018/1/16 21:9:44] 3500 / 3721 (94.0607 %)
####################################################
[CutInfo::PrintCutInfo] leadingLepton_Pt	>	100
[CutInfo::PrintCutInfo] ljj	|<	330
[CutInfo::PrintCutInfo] ljj	|>	270
[CutInfo::PrintCutInfo] secondLepton_Pt	>	30
####################################################
TIME STAMP : [2018/1/16 21:9:50] 3600 / 3721 (96.7482 %)
####################################################
[CutInfo::PrintCutInfo] leadingLepton_Pt	>	100
[CutInfo::PrintCutInfo] ljj	|<	330
[CutInfo::PrintCutInfo] ljj	|>	270
[CutInfo::PrintCutInfo] secondLepton_Pt	>	30
####################################################
TIME STAMP : [2018/1/16 21:9:56] 3700 / 3721 (99.4356 %)
####################################################
[CutInfo::PrintCutInfo] leadingLepton_Pt	>	100
[CutInfo::PrintCutInfo] ljj	|<	330
[CutInfo::PrintCutInfo] ljj	|>	270
[CutInfo::PrintCutInfo] secondLepton_Pt	>	30

##################
#### FINISHED ####
##################

[CutInfo::PrintCutInfo] leadingLepton_Pt	>	100
[CutInfo::PrintCutInfo] ljj	|<	330
[CutInfo::PrintCutInfo] ljj	|>	270
[CutInfo::PrintCutInfo] secondLepton_Pt	>	30
CF	0.099843 +- 0.0227799
Fake	0 +- 0
Prompt	1.08886 +- 0.567708
=> total bkg = 1.18871
Signal	Yield	Efficiency	Efficiency@Presel	Punzi
HNElEl_300	0.934705	0.0354167	5.80779e-05	6.9876e-06
