
Processing CyclesForMixingLimit_MuMu_Bin2/HNMuMu_200.C...
[AnalysisInputs::SetMCSF] Get MC SF from /data8/Users/jskim/HN_dilepton_plotter/data/v8-0-7.37_ForApproval_NoFatJetIDCut/MCSF.txt
[AnalysisInputs::SetMCSF] sample : VVV
[AnalysisInputs::SetMCSF] => MCSF = 1, MCSF_err = 0.5
[AnalysisInputs::SetMCSF] sample : WWW
[AnalysisInputs::SetMCSF] => MCSF = 1, MCSF_err = 0.5
[AnalysisInputs::SetMCSF] sample : WWZ
[AnalysisInputs::SetMCSF] => MCSF = 1, MCSF_err = 0.5
[AnalysisInputs::SetMCSF] sample : WZZ
[AnalysisInputs::SetMCSF] => MCSF = 1, MCSF_err = 0.5
[AnalysisInputs::SetMCSF] sample : ZZZ
[AnalysisInputs::SetMCSF] => MCSF = 1, MCSF_err = 0.5
[AnalysisInputs::SetMCSF] sample : ttV
[AnalysisInputs::SetMCSF] => MCSF = 1, MCSF_err = 0.5
[AnalysisInputs::SetMCSF] sample : ttW
[AnalysisInputs::SetMCSF] => MCSF = 1, MCSF_err = 0.5
[AnalysisInputs::SetMCSF] sample : ttZ
[AnalysisInputs::SetMCSF] => MCSF = 1, MCSF_err = 0.5
[AnalysisInputs::SetMCSF] sample : ttH_nonbb
[AnalysisInputs::SetMCSF] => MCSF = 1, MCSF_err = 0.5
[AnalysisInputs::SetMCSF] sample : top
[AnalysisInputs::SetMCSF] => MCSF = 1, MCSF_err = 0.5
[AnalysisInputs::SetMCSF] sample : WWTo2L2Nu_DS
[AnalysisInputs::SetMCSF] => MCSF = 1, MCSF_err = 0.5
[AnalysisInputs::SetMCSF] sample : WpWpEWK
[AnalysisInputs::SetMCSF] => MCSF = 1.3062, MCSF_err = 0.5
[AnalysisInputs::SetMCSF] sample : WpWpQCD
[AnalysisInputs::SetMCSF] => MCSF = 1.70026, MCSF_err = 0.5
[AnalysisInputs::SetMCSF] sample : WZTo3LNu_mllmin01
[AnalysisInputs::SetMCSF] => MCSF = 0.65, MCSF_err = 0.06
[AnalysisInputs::SetMCSF] sample : WZTo3LNu_powheg
[AnalysisInputs::SetMCSF] => MCSF = 1.05212, MCSF_err = 0.066085
[AnalysisInputs::SetMCSF] sample : ZGto2LG
[AnalysisInputs::SetMCSF] => MCSF = 1.09608, MCSF_err = 0.0747672
[AnalysisInputs::SetMCSF] sample : WGtoLNuG
[AnalysisInputs::SetMCSF] => MCSF = 1, MCSF_err = 0.0747672
[AnalysisInputs::SetMCSF] sample : WGtoLNuG_weighted
[AnalysisInputs::SetMCSF] => MCSF = 1, MCSF_err = 0.0747672
[AnalysisInputs::SetMCSF] sample : ZZTo4L_powheg
[AnalysisInputs::SetMCSF] => MCSF = 0.978495, MCSF_err = 0.0795031
[AnalysisInputs::SetMCSF] sample : ggZZto2e2mu
[AnalysisInputs::SetMCSF] => MCSF = 0.978495, MCSF_err = 0.0795031
[AnalysisInputs::SetMCSF] sample : ggZZto2e2nu
[AnalysisInputs::SetMCSF] => MCSF = 0.978495, MCSF_err = 0.0795031
[AnalysisInputs::SetMCSF] sample : ggZZto2e2tau
[AnalysisInputs::SetMCSF] => MCSF = 0.978495, MCSF_err = 0.0795031
[AnalysisInputs::SetMCSF] sample : ggZZto2mu2nu
[AnalysisInputs::SetMCSF] => MCSF = 0.978495, MCSF_err = 0.0795031
[AnalysisInputs::SetMCSF] sample : ggZZto2mu2tau
[AnalysisInputs::SetMCSF] => MCSF = 0.978495, MCSF_err = 0.0795031
[AnalysisInputs::SetMCSF] sample : ggZZto4e
[AnalysisInputs::SetMCSF] => MCSF = 0.978495, MCSF_err = 0.0795031
[AnalysisInputs::SetMCSF] sample : ggZZto4mu
[AnalysisInputs::SetMCSF] => MCSF = 0.978495, MCSF_err = 0.0795031
[AnalysisInputs::SetMCSF] sample : ggZZto4tau
[AnalysisInputs::SetMCSF] => MCSF = 0.978495, MCSF_err = 0.0795031
[AnalysisInputs::SetMCSF] sample : ggHtoZZ
[AnalysisInputs::SetMCSF] => MCSF = 0.978495, MCSF_err = 0.0795031
[AnalysisInputs::SetCalculatedSysts] Get Systematics from /data8/Users/jskim/HN_dilepton_plotter/data/v8-0-7.37_ForApproval_NoFatJetIDCut/Syst.txt
[AnalysisInputs::SetCalculatedSysts] source : Luminosity
[AnalysisInputs::SetCalculatedSysts] => % sysematic = 0.025
[AnalysisInputs::SetCalculatedSysts] source : FakeLooseID
[AnalysisInputs::SetCalculatedSysts] => % sysematic = 0.3
[AnalysisInputs::SetCalculatedSysts] source : ChrageFlipSyst
[AnalysisInputs::SetCalculatedSysts] => % sysematic = 0.16
[CutRangeInfo::ReadCutCard] Get Cutcard from /data8/Users/jskim/HN_dilepton_plotter/data/v8-0-7.37_ForApproval_NoFatJetIDCut/CutOpCard/RunDirectory/Cards_MuMu_Bin2/HNMuMu_200.txt
Central	2.18663	0.00848635	0
_MuonEn_up	2.34947	0.00848635	0
_MuonEn_down	2.11536	0.00848635	0
_MuonIDSF_up	2.29478	0.00848635	0
_MuonIDSF_down	2.22146	0.00848635	0
_Rocc_up	2.32624	0.00848635	0
_Rocc_down	2.26155	0.00848635	0
_ElectronEn_up	2.30297	0.00848635	0
_ElectronEn_down	2.29311	0.00848635	0
_ElectronIDSF_up	2.28973	0.00848635	0
_ElectronIDSF_down	2.25239	0.00848635	0
_TriggerSF_up	2.31305	0.00848635	0
_TriggerSF_down	2.29142	0.00848635	0
_PU_up	2.29063	0.00848635	0
_PU_down	2.30655	0.00848635	0
_JetEn_up	2.43556	0.00848635	0
_JetEn_down	2.32906	0.00848635	0
_JetRes_up	2.30876	0.00848635	0
_JetRes_down	2.27926	0.00848635	0
_Unclustered_up	2.31796	0.00848635	0
_Unclustered_down	2.33622	0.00848635	0
_BTagSFEff_up	2.28388	0.00848635	0
_BTagSFEff_down	2.30031	0.00848635	0
_BTagSFMiss_up	2.2864	0.00848635	0
_BTagSFMiss_down	2.30175	0.00848635	0
_JetMass_up	2.28793	0.00848635	0
_JetMass_down	2.29069	0.00848635	0
_JetMassRes_up	2.31288	0.00848635	0
_JetMassRes_down	2.29799	0.00848635	0
_Tau21_up	2.2356	0.00848635	0
_Tau21_down	2.28396	0.00848635	0

################ Sources ################
Source	SystTotal	SystPrompt	SystFake	Signal
Stat 13.77 13.32  948.23  -nan  4.02
Lumi 2.49  2.50 -  -  2.50
PDF  -  -  -  -  5.00
MuonPt  5.73 5.75  -  -  1.79
MuonID  3.66 3.67  -  -  3.27
MuonRocc  5.10 5.12  -  -  0.38
ElectronE  5.08 5.10  -  -  0.22
ElectronID  3.94 3.95  -  -  0.55
Trigger  5.29 5.31  -  -  0.58
PU  5.11 5.13  -  -  1.91
JES  9.24 9.27  -  -  1.99
JER  4.94 4.96  -  -  0.45
Uncl  6.41 6.44  -  -  0.28
BEff  4.82 4.84  -  -  0.57
BMiss  4.91 4.93  -  -  0.46
JMS  4.68 4.70  -  -  0.25
JMR  5.42 5.44  -  -  0.18
Tau21  3.51 3.52  -  -  0.69
MCNorm 37.42  37.57 -  -  -
Fake 0.12  -  30.00 - -
CF 0.00  -  -  -nan -
Total Systematic 42.85 43.01  30.00  -nan  7.41

Total Background	2.195
- Prompt	2.187
- Fake	0.008
- CF	0.000
- Obs	4.000

####### Result #######
Signal Eff	0.015250
2.195118 1.450045
1.782742 1.084303
