
Processing CyclesForMixingLimit_MuMu_Bin2/HNMuMu_150.C...
[AnalysisInputs::SetMCSF] Get MC SF from /data8/Users/jskim/HN_dilepton_plotter/data/v8-0-7.37_ForApproval_NoFatJetIDCut/MCSF.txt
[AnalysisInputs::SetMCSF] sample : VVV
[AnalysisInputs::SetMCSF] => MCSF = 1, MCSF_err = 0.5
[AnalysisInputs::SetMCSF] sample : WWW
[AnalysisInputs::SetMCSF] => MCSF = 1, MCSF_err = 0.5
[AnalysisInputs::SetMCSF] sample : WWZ
[AnalysisInputs::SetMCSF] => MCSF = 1, MCSF_err = 0.5
[AnalysisInputs::SetMCSF] sample : WZZ
[AnalysisInputs::SetMCSF] => MCSF = 1, MCSF_err = 0.5
[AnalysisInputs::SetMCSF] sample : ZZZ
[AnalysisInputs::SetMCSF] => MCSF = 1, MCSF_err = 0.5
[AnalysisInputs::SetMCSF] sample : ttV
[AnalysisInputs::SetMCSF] => MCSF = 1, MCSF_err = 0.5
[AnalysisInputs::SetMCSF] sample : ttW
[AnalysisInputs::SetMCSF] => MCSF = 1, MCSF_err = 0.5
[AnalysisInputs::SetMCSF] sample : ttZ
[AnalysisInputs::SetMCSF] => MCSF = 1, MCSF_err = 0.5
[AnalysisInputs::SetMCSF] sample : ttH_nonbb
[AnalysisInputs::SetMCSF] => MCSF = 1, MCSF_err = 0.5
[AnalysisInputs::SetMCSF] sample : top
[AnalysisInputs::SetMCSF] => MCSF = 1, MCSF_err = 0.5
[AnalysisInputs::SetMCSF] sample : WWTo2L2Nu_DS
[AnalysisInputs::SetMCSF] => MCSF = 1, MCSF_err = 0.5
[AnalysisInputs::SetMCSF] sample : WpWpEWK
[AnalysisInputs::SetMCSF] => MCSF = 1.3062, MCSF_err = 0.5
[AnalysisInputs::SetMCSF] sample : WpWpQCD
[AnalysisInputs::SetMCSF] => MCSF = 1.70026, MCSF_err = 0.5
[AnalysisInputs::SetMCSF] sample : WZTo3LNu_mllmin01
[AnalysisInputs::SetMCSF] => MCSF = 0.65, MCSF_err = 0.06
[AnalysisInputs::SetMCSF] sample : WZTo3LNu_powheg
[AnalysisInputs::SetMCSF] => MCSF = 1.05212, MCSF_err = 0.066085
[AnalysisInputs::SetMCSF] sample : ZGto2LG
[AnalysisInputs::SetMCSF] => MCSF = 1.09608, MCSF_err = 0.0747672
[AnalysisInputs::SetMCSF] sample : WGtoLNuG
[AnalysisInputs::SetMCSF] => MCSF = 1, MCSF_err = 0.0747672
[AnalysisInputs::SetMCSF] sample : WGtoLNuG_weighted
[AnalysisInputs::SetMCSF] => MCSF = 1, MCSF_err = 0.0747672
[AnalysisInputs::SetMCSF] sample : ZZTo4L_powheg
[AnalysisInputs::SetMCSF] => MCSF = 0.978495, MCSF_err = 0.0795031
[AnalysisInputs::SetMCSF] sample : ggZZto2e2mu
[AnalysisInputs::SetMCSF] => MCSF = 0.978495, MCSF_err = 0.0795031
[AnalysisInputs::SetMCSF] sample : ggZZto2e2nu
[AnalysisInputs::SetMCSF] => MCSF = 0.978495, MCSF_err = 0.0795031
[AnalysisInputs::SetMCSF] sample : ggZZto2e2tau
[AnalysisInputs::SetMCSF] => MCSF = 0.978495, MCSF_err = 0.0795031
[AnalysisInputs::SetMCSF] sample : ggZZto2mu2nu
[AnalysisInputs::SetMCSF] => MCSF = 0.978495, MCSF_err = 0.0795031
[AnalysisInputs::SetMCSF] sample : ggZZto2mu2tau
[AnalysisInputs::SetMCSF] => MCSF = 0.978495, MCSF_err = 0.0795031
[AnalysisInputs::SetMCSF] sample : ggZZto4e
[AnalysisInputs::SetMCSF] => MCSF = 0.978495, MCSF_err = 0.0795031
[AnalysisInputs::SetMCSF] sample : ggZZto4mu
[AnalysisInputs::SetMCSF] => MCSF = 0.978495, MCSF_err = 0.0795031
[AnalysisInputs::SetMCSF] sample : ggZZto4tau
[AnalysisInputs::SetMCSF] => MCSF = 0.978495, MCSF_err = 0.0795031
[AnalysisInputs::SetMCSF] sample : ggHtoZZ
[AnalysisInputs::SetMCSF] => MCSF = 0.978495, MCSF_err = 0.0795031
[AnalysisInputs::SetCalculatedSysts] Get Systematics from /data8/Users/jskim/HN_dilepton_plotter/data/v8-0-7.37_ForApproval_NoFatJetIDCut/Syst.txt
[AnalysisInputs::SetCalculatedSysts] source : Luminosity
[AnalysisInputs::SetCalculatedSysts] => % sysematic = 0.025
[AnalysisInputs::SetCalculatedSysts] source : FakeLooseID
[AnalysisInputs::SetCalculatedSysts] => % sysematic = 0.3
[AnalysisInputs::SetCalculatedSysts] source : ChrageFlipSyst
[AnalysisInputs::SetCalculatedSysts] => % sysematic = 0.16
[CutRangeInfo::ReadCutCard] Get Cutcard from /data8/Users/jskim/HN_dilepton_plotter/data/v8-0-7.37_ForApproval_NoFatJetIDCut/CutOpCard/RunDirectory/Cards_MuMu_Bin2/HNMuMu_150.txt
Central	2.3501	0.96643	0
_MuonEn_up	2.31661	0.96643	0
_MuonEn_down	2.12208	0.96643	0
_MuonIDSF_up	2.39093	0.96643	0
_MuonIDSF_down	2.26102	0.96643	0
_Rocc_up	2.4675	0.96643	0
_Rocc_down	2.26727	0.96643	0
_ElectronEn_up	2.34061	0.96643	0
_ElectronEn_down	2.32597	0.96643	0
_ElectronIDSF_up	2.33858	0.96643	0
_ElectronIDSF_down	2.38668	0.96643	0
_TriggerSF_up	2.40223	0.96643	0
_TriggerSF_down	2.33954	0.96643	0
_PU_up	2.17611	0.96643	0
_PU_down	2.48359	0.96643	0
_JetEn_up	2.35036	0.96643	0
_JetEn_down	2.44471	0.96643	0
_JetRes_up	2.45344	0.96643	0
_JetRes_down	2.31696	0.96643	0
_Unclustered_up	2.1788	0.96643	0
_Unclustered_down	2.24769	0.96643	0
_BTagSFEff_up	2.32821	0.96643	0
_BTagSFEff_down	2.33939	0.96643	0
_BTagSFMiss_up	2.34502	0.96643	0
_BTagSFMiss_down	2.34539	0.96643	0
_JetMass_up	2.33932	0.96643	0
_JetMass_down	2.34032	0.96643	0
_JetMassRes_up	2.42627	0.96643	0
_JetMassRes_down	2.42152	0.96643	0
_Tau21_up	2.33132	0.96643	0
_Tau21_down	2.33094	0.96643	0

################ Sources ################
Source	SystTotal	SystPrompt	SystFake	Signal
Stat 20.60 26.20  30.69  -nan  7.77
Lumi 1.77  2.50 -  -  2.50
PDF  -  -  -  -  5.00
MuonPt  4.91 6.93  -  -  1.84
MuonID  2.09 2.95  -  -  3.28
MuonRocc  3.06 4.32  -  -  2.30
ElectronE  0.55 0.78  -  -  0.29
ElectronID  0.82 1.15  -  -  0.70
Trigger  1.13 1.60  -  -  0.48
PU  4.68 6.60  -  -  1.07
JES  2.02 2.85  -  -  2.92
JER  2.31 3.27  -  -  1.62
Uncl  4.26 6.01  -  -  0.83
BEff  0.52 0.73  -  -  0.33
BMiss  0.15 0.21  -  -  1.17
JMS  0.31 0.44  -  -  0.18
JMR  2.23 3.14  -  -  0.76
Tau21  0.57 0.81  -  -  0.41
MCNorm 22.31  31.48 -  -  -
Fake 8.74  -  30.00 - -
CF 0.00  -  -  -nan -
Total Systematic 25.93 34.45  30.00  -nan  8.16

Total Background	3.317
- Prompt	2.350
- Fake	0.966
- CF	0.000
- Obs	5.000

####### Result #######
Signal Eff	0.003400
3.316531 1.331204
1.369127 1.112686
