
Processing CyclesForMixingLimit_MuMu_Bin2/HNMuMu_1000_VBF.C...
[AnalysisInputs::SetMCSF] Get MC SF from /data8/Users/jskim/HN_dilepton_plotter/data/v8-0-7.37_ForApproval_NoFatJetIDCut/MCSF.txt
[AnalysisInputs::SetMCSF] sample : VVV
[AnalysisInputs::SetMCSF] => MCSF = 1, MCSF_err = 0.5
[AnalysisInputs::SetMCSF] sample : WWW
[AnalysisInputs::SetMCSF] => MCSF = 1, MCSF_err = 0.5
[AnalysisInputs::SetMCSF] sample : WWZ
[AnalysisInputs::SetMCSF] => MCSF = 1, MCSF_err = 0.5
[AnalysisInputs::SetMCSF] sample : WZZ
[AnalysisInputs::SetMCSF] => MCSF = 1, MCSF_err = 0.5
[AnalysisInputs::SetMCSF] sample : ZZZ
[AnalysisInputs::SetMCSF] => MCSF = 1, MCSF_err = 0.5
[AnalysisInputs::SetMCSF] sample : ttV
[AnalysisInputs::SetMCSF] => MCSF = 1, MCSF_err = 0.5
[AnalysisInputs::SetMCSF] sample : ttW
[AnalysisInputs::SetMCSF] => MCSF = 1, MCSF_err = 0.5
[AnalysisInputs::SetMCSF] sample : ttZ
[AnalysisInputs::SetMCSF] => MCSF = 1, MCSF_err = 0.5
[AnalysisInputs::SetMCSF] sample : ttH_nonbb
[AnalysisInputs::SetMCSF] => MCSF = 1, MCSF_err = 0.5
[AnalysisInputs::SetMCSF] sample : top
[AnalysisInputs::SetMCSF] => MCSF = 1, MCSF_err = 0.5
[AnalysisInputs::SetMCSF] sample : WWTo2L2Nu_DS
[AnalysisInputs::SetMCSF] => MCSF = 1, MCSF_err = 0.5
[AnalysisInputs::SetMCSF] sample : WpWpEWK
[AnalysisInputs::SetMCSF] => MCSF = 1.3062, MCSF_err = 0.5
[AnalysisInputs::SetMCSF] sample : WpWpQCD
[AnalysisInputs::SetMCSF] => MCSF = 1.70026, MCSF_err = 0.5
[AnalysisInputs::SetMCSF] sample : WZTo3LNu_mllmin01
[AnalysisInputs::SetMCSF] => MCSF = 0.65, MCSF_err = 0.06
[AnalysisInputs::SetMCSF] sample : WZTo3LNu_powheg
[AnalysisInputs::SetMCSF] => MCSF = 1.05212, MCSF_err = 0.066085
[AnalysisInputs::SetMCSF] sample : ZGto2LG
[AnalysisInputs::SetMCSF] => MCSF = 1.09608, MCSF_err = 0.0747672
[AnalysisInputs::SetMCSF] sample : WGtoLNuG
[AnalysisInputs::SetMCSF] => MCSF = 1, MCSF_err = 0.0747672
[AnalysisInputs::SetMCSF] sample : WGtoLNuG_weighted
[AnalysisInputs::SetMCSF] => MCSF = 1, MCSF_err = 0.0747672
[AnalysisInputs::SetMCSF] sample : ZZTo4L_powheg
[AnalysisInputs::SetMCSF] => MCSF = 0.978495, MCSF_err = 0.0795031
[AnalysisInputs::SetMCSF] sample : ggZZto2e2mu
[AnalysisInputs::SetMCSF] => MCSF = 0.978495, MCSF_err = 0.0795031
[AnalysisInputs::SetMCSF] sample : ggZZto2e2nu
[AnalysisInputs::SetMCSF] => MCSF = 0.978495, MCSF_err = 0.0795031
[AnalysisInputs::SetMCSF] sample : ggZZto2e2tau
[AnalysisInputs::SetMCSF] => MCSF = 0.978495, MCSF_err = 0.0795031
[AnalysisInputs::SetMCSF] sample : ggZZto2mu2nu
[AnalysisInputs::SetMCSF] => MCSF = 0.978495, MCSF_err = 0.0795031
[AnalysisInputs::SetMCSF] sample : ggZZto2mu2tau
[AnalysisInputs::SetMCSF] => MCSF = 0.978495, MCSF_err = 0.0795031
[AnalysisInputs::SetMCSF] sample : ggZZto4e
[AnalysisInputs::SetMCSF] => MCSF = 0.978495, MCSF_err = 0.0795031
[AnalysisInputs::SetMCSF] sample : ggZZto4mu
[AnalysisInputs::SetMCSF] => MCSF = 0.978495, MCSF_err = 0.0795031
[AnalysisInputs::SetMCSF] sample : ggZZto4tau
[AnalysisInputs::SetMCSF] => MCSF = 0.978495, MCSF_err = 0.0795031
[AnalysisInputs::SetMCSF] sample : ggHtoZZ
[AnalysisInputs::SetMCSF] => MCSF = 0.978495, MCSF_err = 0.0795031
[AnalysisInputs::SetCalculatedSysts] Get Systematics from /data8/Users/jskim/HN_dilepton_plotter/data/v8-0-7.37_ForApproval_NoFatJetIDCut/Syst.txt
[AnalysisInputs::SetCalculatedSysts] source : Luminosity
[AnalysisInputs::SetCalculatedSysts] => % sysematic = 0.025
[AnalysisInputs::SetCalculatedSysts] source : FakeLooseID
[AnalysisInputs::SetCalculatedSysts] => % sysematic = 0.3
[AnalysisInputs::SetCalculatedSysts] source : ChrageFlipSyst
[AnalysisInputs::SetCalculatedSysts] => % sysematic = 0.16
[CutRangeInfo::ReadCutCard] Get Cutcard from /data8/Users/jskim/HN_dilepton_plotter/data/v8-0-7.37_ForApproval_NoFatJetIDCut/CutOpCard/RunDirectory/Cards_MuMu_Bin2/HNMuMu_1000.txt
Central	1.22835	0.22442	0
_MuonEn_up	1.38892	0.22442	0
_MuonEn_down	1.18365	0.22442	0
_MuonIDSF_up	1.26459	0.22442	0
_MuonIDSF_down	1.18973	0.22442	0
_Rocc_up	1.33355	0.22442	0
_Rocc_down	1.27744	0.22442	0
_ElectronEn_up	1.22733	0.22442	0
_ElectronEn_down	1.22184	0.22442	0
_ElectronIDSF_up	1.21307	0.22442	0
_ElectronIDSF_down	1.22866	0.22442	0
_TriggerSF_up	1.23847	0.22442	0
_TriggerSF_down	1.22803	0.22442	0
_PU_up	1.20611	0.22442	0
_PU_down	1.21324	0.22442	0
_JetEn_up	1.20953	0.22442	0
_JetEn_down	1.29411	0.22442	0
_JetRes_up	1.35388	0.22442	0
_JetRes_down	1.21651	0.22442	0
_Unclustered_up	1.20441	0.22442	0
_Unclustered_down	1.23533	0.22442	0
_BTagSFEff_up	1.17442	0.22442	0
_BTagSFEff_down	1.21868	0.22442	0
_BTagSFMiss_up	1.20414	0.22442	0
_BTagSFMiss_down	1.22964	0.22442	0
_JetMass_up	1.2312	0.22442	0
_JetMass_down	1.22337	0.22442	0
_JetMassRes_up	1.22358	0.22442	0
_JetMassRes_down	1.20602	0.22442	0
_Tau21_up	1.20804	0.22442	0
_Tau21_down	1.22489	0.22442	0

################ Sources ################
Source	SystTotal	SystPrompt	SystFake	Signal
Stat 15.05 9.25  83.25  -nan  0.91
Lumi 2.11  2.50 -  -  2.50
PDF  -  -  -  -  3.00
MuonPt  8.11 9.59  -  -  2.29
MuonID  2.58 3.05  -  -  3.46
MuonRocc  5.65 6.68  -  -  1.29
ElectronE  0.32 0.38  -  -  0.10
ElectronID  0.74 0.88  -  -  0.02
Trigger  0.49 0.58  -  -  0.40
PU  1.31 1.55  -  -  0.66
JES  3.33 3.94  -  -  0.19
JER  6.14 7.26  -  -  0.22
Uncl  1.21 1.44  -  -  0.07
BEff  2.67 3.15  -  -  0.47
BMiss  1.18 1.40  -  -  0.52
JMS  0.28 0.33  -  -  0.11
JMR  1.11 1.31  -  -  0.11
Tau21  1.00 1.19  -  -  0.02
MCNorm 49.18  58.17 -  -  -
Fake 4.63  -  30.00 - -
CF 0.00  -  -  -nan -
Total Systematic 51.12 60.21  30.00  -nan  5.95

Total Background	1.453
- Prompt	1.228
- Fake	0.224
- CF	0.000
- Obs	3.000

####### Result #######
Signal Eff	0.780750
1.452772 1.532891
0.184211 1.060162
