
Processing CyclesForMixingLimit_MuMu_Bin2/HNMuMu_100.C...
[AnalysisInputs::SetMCSF] Get MC SF from /data8/Users/jskim/HN_dilepton_plotter/data/v8-0-7.37_ForApproval_NoFatJetIDCut/MCSF.txt
[AnalysisInputs::SetMCSF] sample : VVV
[AnalysisInputs::SetMCSF] => MCSF = 1, MCSF_err = 0.5
[AnalysisInputs::SetMCSF] sample : WWW
[AnalysisInputs::SetMCSF] => MCSF = 1, MCSF_err = 0.5
[AnalysisInputs::SetMCSF] sample : WWZ
[AnalysisInputs::SetMCSF] => MCSF = 1, MCSF_err = 0.5
[AnalysisInputs::SetMCSF] sample : WZZ
[AnalysisInputs::SetMCSF] => MCSF = 1, MCSF_err = 0.5
[AnalysisInputs::SetMCSF] sample : ZZZ
[AnalysisInputs::SetMCSF] => MCSF = 1, MCSF_err = 0.5
[AnalysisInputs::SetMCSF] sample : ttV
[AnalysisInputs::SetMCSF] => MCSF = 1, MCSF_err = 0.5
[AnalysisInputs::SetMCSF] sample : ttW
[AnalysisInputs::SetMCSF] => MCSF = 1, MCSF_err = 0.5
[AnalysisInputs::SetMCSF] sample : ttZ
[AnalysisInputs::SetMCSF] => MCSF = 1, MCSF_err = 0.5
[AnalysisInputs::SetMCSF] sample : ttH_nonbb
[AnalysisInputs::SetMCSF] => MCSF = 1, MCSF_err = 0.5
[AnalysisInputs::SetMCSF] sample : top
[AnalysisInputs::SetMCSF] => MCSF = 1, MCSF_err = 0.5
[AnalysisInputs::SetMCSF] sample : WWTo2L2Nu_DS
[AnalysisInputs::SetMCSF] => MCSF = 1, MCSF_err = 0.5
[AnalysisInputs::SetMCSF] sample : WpWpEWK
[AnalysisInputs::SetMCSF] => MCSF = 1.3062, MCSF_err = 0.5
[AnalysisInputs::SetMCSF] sample : WpWpQCD
[AnalysisInputs::SetMCSF] => MCSF = 1.70026, MCSF_err = 0.5
[AnalysisInputs::SetMCSF] sample : WZTo3LNu_mllmin01
[AnalysisInputs::SetMCSF] => MCSF = 0.65, MCSF_err = 0.06
[AnalysisInputs::SetMCSF] sample : WZTo3LNu_powheg
[AnalysisInputs::SetMCSF] => MCSF = 1.05212, MCSF_err = 0.066085
[AnalysisInputs::SetMCSF] sample : ZGto2LG
[AnalysisInputs::SetMCSF] => MCSF = 1.09608, MCSF_err = 0.0747672
[AnalysisInputs::SetMCSF] sample : WGtoLNuG
[AnalysisInputs::SetMCSF] => MCSF = 1, MCSF_err = 0.0747672
[AnalysisInputs::SetMCSF] sample : WGtoLNuG_weighted
[AnalysisInputs::SetMCSF] => MCSF = 1, MCSF_err = 0.0747672
[AnalysisInputs::SetMCSF] sample : ZZTo4L_powheg
[AnalysisInputs::SetMCSF] => MCSF = 0.978495, MCSF_err = 0.0795031
[AnalysisInputs::SetMCSF] sample : ggZZto2e2mu
[AnalysisInputs::SetMCSF] => MCSF = 0.978495, MCSF_err = 0.0795031
[AnalysisInputs::SetMCSF] sample : ggZZto2e2nu
[AnalysisInputs::SetMCSF] => MCSF = 0.978495, MCSF_err = 0.0795031
[AnalysisInputs::SetMCSF] sample : ggZZto2e2tau
[AnalysisInputs::SetMCSF] => MCSF = 0.978495, MCSF_err = 0.0795031
[AnalysisInputs::SetMCSF] sample : ggZZto2mu2nu
[AnalysisInputs::SetMCSF] => MCSF = 0.978495, MCSF_err = 0.0795031
[AnalysisInputs::SetMCSF] sample : ggZZto2mu2tau
[AnalysisInputs::SetMCSF] => MCSF = 0.978495, MCSF_err = 0.0795031
[AnalysisInputs::SetMCSF] sample : ggZZto4e
[AnalysisInputs::SetMCSF] => MCSF = 0.978495, MCSF_err = 0.0795031
[AnalysisInputs::SetMCSF] sample : ggZZto4mu
[AnalysisInputs::SetMCSF] => MCSF = 0.978495, MCSF_err = 0.0795031
[AnalysisInputs::SetMCSF] sample : ggZZto4tau
[AnalysisInputs::SetMCSF] => MCSF = 0.978495, MCSF_err = 0.0795031
[AnalysisInputs::SetMCSF] sample : ggHtoZZ
[AnalysisInputs::SetMCSF] => MCSF = 0.978495, MCSF_err = 0.0795031
[AnalysisInputs::SetCalculatedSysts] Get Systematics from /data8/Users/jskim/HN_dilepton_plotter/data/v8-0-7.37_ForApproval_NoFatJetIDCut/Syst.txt
[AnalysisInputs::SetCalculatedSysts] source : Luminosity
[AnalysisInputs::SetCalculatedSysts] => % sysematic = 0.025
[AnalysisInputs::SetCalculatedSysts] source : FakeLooseID
[AnalysisInputs::SetCalculatedSysts] => % sysematic = 0.3
[AnalysisInputs::SetCalculatedSysts] source : ChrageFlipSyst
[AnalysisInputs::SetCalculatedSysts] => % sysematic = 0.16
[CutRangeInfo::ReadCutCard] Get Cutcard from /data8/Users/jskim/HN_dilepton_plotter/data/v8-0-7.37_ForApproval_NoFatJetIDCut/CutOpCard/RunDirectory/Cards_MuMu_Bin2/HNMuMu_100.txt
Central	1.99247	0.960464	0
_MuonEn_up	1.97508	0.960464	0
_MuonEn_down	1.93955	0.960464	0
_MuonIDSF_up	2.04121	0.960464	0
_MuonIDSF_down	1.9042	0.960464	0
_Rocc_up	1.86712	0.960464	0
_Rocc_down	1.97876	0.960464	0
_ElectronEn_up	1.96961	0.960464	0
_ElectronEn_down	1.98705	0.960464	0
_ElectronIDSF_up	1.97821	0.960464	0
_ElectronIDSF_down	1.88232	0.960464	0
_TriggerSF_up	1.97805	0.960464	0
_TriggerSF_down	1.97183	0.960464	0
_PU_up	1.885	0.960464	0
_PU_down	2.22346	0.960464	0
_JetEn_up	1.99587	0.960464	0
_JetEn_down	2.46487	0.960464	0
_JetRes_up	1.95018	0.960464	0
_JetRes_down	1.99063	0.960464	0
_Unclustered_up	2.52167	0.960464	0
_Unclustered_down	2.51859	0.960464	0
_BTagSFEff_up	1.94941	0.960464	0
_BTagSFEff_down	2.07902	0.960464	0
_BTagSFMiss_up	2.01882	0.960464	0
_BTagSFMiss_down	1.98548	0.960464	0
_JetMass_up	1.98675	0.960464	0
_JetMass_down	1.98546	0.960464	0
_JetMassRes_up	1.97758	0.960464	0
_JetMassRes_down	1.96852	0.960464	0
_Tau21_up	1.96827	0.960464	0
_Tau21_down	1.98072	0.960464	0

################ Sources ################
Source	SystTotal	SystPrompt	SystFake	Signal
Stat 19.24 25.03  28.33  -nan  32.27
Lumi 1.69  2.50 -  -  2.50
PDF  -  -  -  -  5.00
MuonPt  1.33 1.98  -  -  0.00
MuonID  2.41 3.58  -  -  3.30
MuonRocc  3.02 4.47  -  -  0.00
ElectronE  0.56 0.83  -  -  0.00
ElectronID  2.66 3.94  -  -  0.00
Trigger  0.60 0.89  -  -  0.55
PU  6.10 9.04  -  -  1.36
JES  11.31 16.77  -  -  7.24
JER  1.01 1.50  -  -  7.24
Uncl  17.87 26.48  -  -  0.00
BEff  2.31 3.43  -  -  0.00
BMiss  0.65 0.97  -  -  0.00
JMS  0.22 0.32  -  -  0.00
JMR  0.68 1.00  -  -  0.00
Tau21  0.64 0.95  -  -  0.00
MCNorm 25.22  37.38 -  -  -
Fake 9.76  -  30.00 - -
CF 0.00  -  -  -nan -
Total Systematic 35.37 50.38  30.00  -nan  12.22

Total Background	2.953
- Prompt	1.992
- Fake	0.960
- CF	0.000
- Obs	3.000

####### Result #######
Signal Eff	0.000152
2.952932 1.402615
0.402085 1.345068
