
Processing CyclesForMixingLimit_MuMu_Bin2/HNMuMu_90.C...
[AnalysisInputs::SetMCSF] Get MC SF from /data8/Users/jskim/HN_dilepton_plotter/data/v8-0-7.37_ForApproval_NoFatJetIDCut/MCSF.txt
[AnalysisInputs::SetMCSF] sample : VVV
[AnalysisInputs::SetMCSF] => MCSF = 1, MCSF_err = 0.5
[AnalysisInputs::SetMCSF] sample : WWW
[AnalysisInputs::SetMCSF] => MCSF = 1, MCSF_err = 0.5
[AnalysisInputs::SetMCSF] sample : WWZ
[AnalysisInputs::SetMCSF] => MCSF = 1, MCSF_err = 0.5
[AnalysisInputs::SetMCSF] sample : WZZ
[AnalysisInputs::SetMCSF] => MCSF = 1, MCSF_err = 0.5
[AnalysisInputs::SetMCSF] sample : ZZZ
[AnalysisInputs::SetMCSF] => MCSF = 1, MCSF_err = 0.5
[AnalysisInputs::SetMCSF] sample : ttV
[AnalysisInputs::SetMCSF] => MCSF = 1, MCSF_err = 0.5
[AnalysisInputs::SetMCSF] sample : ttW
[AnalysisInputs::SetMCSF] => MCSF = 1, MCSF_err = 0.5
[AnalysisInputs::SetMCSF] sample : ttZ
[AnalysisInputs::SetMCSF] => MCSF = 1, MCSF_err = 0.5
[AnalysisInputs::SetMCSF] sample : ttH_nonbb
[AnalysisInputs::SetMCSF] => MCSF = 1, MCSF_err = 0.5
[AnalysisInputs::SetMCSF] sample : top
[AnalysisInputs::SetMCSF] => MCSF = 1, MCSF_err = 0.5
[AnalysisInputs::SetMCSF] sample : WWTo2L2Nu_DS
[AnalysisInputs::SetMCSF] => MCSF = 1, MCSF_err = 0.5
[AnalysisInputs::SetMCSF] sample : WpWpEWK
[AnalysisInputs::SetMCSF] => MCSF = 1.3062, MCSF_err = 0.5
[AnalysisInputs::SetMCSF] sample : WpWpQCD
[AnalysisInputs::SetMCSF] => MCSF = 1.70026, MCSF_err = 0.5
[AnalysisInputs::SetMCSF] sample : WZTo3LNu_mllmin01
[AnalysisInputs::SetMCSF] => MCSF = 0.65, MCSF_err = 0.06
[AnalysisInputs::SetMCSF] sample : WZTo3LNu_powheg
[AnalysisInputs::SetMCSF] => MCSF = 1.05212, MCSF_err = 0.066085
[AnalysisInputs::SetMCSF] sample : ZGto2LG
[AnalysisInputs::SetMCSF] => MCSF = 1.09608, MCSF_err = 0.0747672
[AnalysisInputs::SetMCSF] sample : WGtoLNuG
[AnalysisInputs::SetMCSF] => MCSF = 1, MCSF_err = 0.0747672
[AnalysisInputs::SetMCSF] sample : WGtoLNuG_weighted
[AnalysisInputs::SetMCSF] => MCSF = 1, MCSF_err = 0.0747672
[AnalysisInputs::SetMCSF] sample : ZZTo4L_powheg
[AnalysisInputs::SetMCSF] => MCSF = 0.978495, MCSF_err = 0.0795031
[AnalysisInputs::SetMCSF] sample : ggZZto2e2mu
[AnalysisInputs::SetMCSF] => MCSF = 0.978495, MCSF_err = 0.0795031
[AnalysisInputs::SetMCSF] sample : ggZZto2e2nu
[AnalysisInputs::SetMCSF] => MCSF = 0.978495, MCSF_err = 0.0795031
[AnalysisInputs::SetMCSF] sample : ggZZto2e2tau
[AnalysisInputs::SetMCSF] => MCSF = 0.978495, MCSF_err = 0.0795031
[AnalysisInputs::SetMCSF] sample : ggZZto2mu2nu
[AnalysisInputs::SetMCSF] => MCSF = 0.978495, MCSF_err = 0.0795031
[AnalysisInputs::SetMCSF] sample : ggZZto2mu2tau
[AnalysisInputs::SetMCSF] => MCSF = 0.978495, MCSF_err = 0.0795031
[AnalysisInputs::SetMCSF] sample : ggZZto4e
[AnalysisInputs::SetMCSF] => MCSF = 0.978495, MCSF_err = 0.0795031
[AnalysisInputs::SetMCSF] sample : ggZZto4mu
[AnalysisInputs::SetMCSF] => MCSF = 0.978495, MCSF_err = 0.0795031
[AnalysisInputs::SetMCSF] sample : ggZZto4tau
[AnalysisInputs::SetMCSF] => MCSF = 0.978495, MCSF_err = 0.0795031
[AnalysisInputs::SetMCSF] sample : ggHtoZZ
[AnalysisInputs::SetMCSF] => MCSF = 0.978495, MCSF_err = 0.0795031
[AnalysisInputs::SetCalculatedSysts] Get Systematics from /data8/Users/jskim/HN_dilepton_plotter/data/v8-0-7.37_ForApproval_NoFatJetIDCut/Syst.txt
[AnalysisInputs::SetCalculatedSysts] source : Luminosity
[AnalysisInputs::SetCalculatedSysts] => % sysematic = 0.025
[AnalysisInputs::SetCalculatedSysts] source : FakeLooseID
[AnalysisInputs::SetCalculatedSysts] => % sysematic = 0.3
[AnalysisInputs::SetCalculatedSysts] source : ChrageFlipSyst
[AnalysisInputs::SetCalculatedSysts] => % sysematic = 0.16
[CutRangeInfo::ReadCutCard] Get Cutcard from /data8/Users/jskim/HN_dilepton_plotter/data/v8-0-7.37_ForApproval_NoFatJetIDCut/CutOpCard/RunDirectory/Cards_MuMu_Bin2/HNMuMu_90.txt
Central	5.3505	6.33586	0
_MuonEn_up	5.34357	6.33586	0
_MuonEn_down	5.09429	6.33586	0
_MuonIDSF_up	5.48202	6.33586	0
_MuonIDSF_down	5.15049	6.33586	0
_Rocc_up	5.35374	6.33586	0
_Rocc_down	5.16671	6.33586	0
_ElectronEn_up	5.32265	6.33586	0
_ElectronEn_down	5.33343	6.33586	0
_ElectronIDSF_up	5.35091	6.33586	0
_ElectronIDSF_down	5.24721	6.33586	0
_TriggerSF_up	5.35984	6.33586	0
_TriggerSF_down	5.32752	6.33586	0
_PU_up	5.13017	6.33586	0
_PU_down	5.6846	6.33586	0
_JetEn_up	5.41002	6.33586	0
_JetEn_down	5.78624	6.33586	0
_JetRes_up	5.42298	6.33586	0
_JetRes_down	5.22873	6.33586	0
_Unclustered_up	5.80891	6.33586	0
_Unclustered_down	5.74974	6.33586	0
_BTagSFEff_up	5.282	6.33586	0
_BTagSFEff_down	5.43097	6.33586	0
_BTagSFMiss_up	5.36702	6.33586	0
_BTagSFMiss_down	5.34745	6.33586	0
_JetMass_up	5.34729	6.33586	0
_JetMass_down	5.33697	6.33586	0
_JetMassRes_up	5.41744	6.33586	0
_JetMassRes_down	5.38173	6.33586	0
_Tau21_up	5.31964	6.33586	0
_Tau21_down	5.3406	6.33586	0

################ Sources ################
Source	SystTotal	SystPrompt	SystFake	Signal
Stat 12.30 19.11  15.95  -nan  29.81
Lumi 1.14  2.50 -  -  2.50
PDF  -  -  -  -  5.00
MuonPt  1.55 3.39  -  -  0.00
MuonID  1.45 3.16  -  -  3.35
MuonRocc  1.11 2.43  -  -  0.00
ElectronE  0.20 0.43  -  -  0.00
ElectronID  0.62 1.37  -  -  0.00
Trigger  0.15 0.33  -  -  0.91
PU  2.42 5.29  -  -  5.29
JES  2.66 5.81  -  -  5.25
JER  0.86 1.87  -  -  5.25
Uncl  3.68 8.03  -  -  0.00
BEff  0.64 1.40  -  -  0.00
BMiss  0.10 0.22  -  -  0.00
JMS  0.08 0.18  -  -  0.00
JMR  0.45 0.98  -  -  0.00
Tau21  0.20 0.43  -  -  0.00
MCNorm 16.16  35.29 -  -  -
Fake 16.26  -  30.00 - -
CF 0.00  -  -  -nan -
Total Systematic 23.68 37.60  30.00  -nan  11.24

Total Background	11.686
- Prompt	5.350
- Fake	6.336
- CF	0.000
- Obs	12.000

####### Result #######
Signal Eff	0.000200
11.686356 1.266897
1.108256 1.318610
