
Processing CyclesForMixingLimit_MuMu_Bin2/HNMuMu_2000_VBF.C...
[AnalysisInputs::SetMCSF] Get MC SF from /data8/Users/jskim/HN_dilepton_plotter/data/v8-0-7.37_ForApproval_NoFatJetIDCut/MCSF.txt
[AnalysisInputs::SetMCSF] sample : VVV
[AnalysisInputs::SetMCSF] => MCSF = 1, MCSF_err = 0.5
[AnalysisInputs::SetMCSF] sample : WWW
[AnalysisInputs::SetMCSF] => MCSF = 1, MCSF_err = 0.5
[AnalysisInputs::SetMCSF] sample : WWZ
[AnalysisInputs::SetMCSF] => MCSF = 1, MCSF_err = 0.5
[AnalysisInputs::SetMCSF] sample : WZZ
[AnalysisInputs::SetMCSF] => MCSF = 1, MCSF_err = 0.5
[AnalysisInputs::SetMCSF] sample : ZZZ
[AnalysisInputs::SetMCSF] => MCSF = 1, MCSF_err = 0.5
[AnalysisInputs::SetMCSF] sample : ttV
[AnalysisInputs::SetMCSF] => MCSF = 1, MCSF_err = 0.5
[AnalysisInputs::SetMCSF] sample : ttW
[AnalysisInputs::SetMCSF] => MCSF = 1, MCSF_err = 0.5
[AnalysisInputs::SetMCSF] sample : ttZ
[AnalysisInputs::SetMCSF] => MCSF = 1, MCSF_err = 0.5
[AnalysisInputs::SetMCSF] sample : ttH_nonbb
[AnalysisInputs::SetMCSF] => MCSF = 1, MCSF_err = 0.5
[AnalysisInputs::SetMCSF] sample : top
[AnalysisInputs::SetMCSF] => MCSF = 1, MCSF_err = 0.5
[AnalysisInputs::SetMCSF] sample : WWTo2L2Nu_DS
[AnalysisInputs::SetMCSF] => MCSF = 1, MCSF_err = 0.5
[AnalysisInputs::SetMCSF] sample : WpWpEWK
[AnalysisInputs::SetMCSF] => MCSF = 1.3062, MCSF_err = 0.5
[AnalysisInputs::SetMCSF] sample : WpWpQCD
[AnalysisInputs::SetMCSF] => MCSF = 1.70026, MCSF_err = 0.5
[AnalysisInputs::SetMCSF] sample : WZTo3LNu_mllmin01
[AnalysisInputs::SetMCSF] => MCSF = 0.65, MCSF_err = 0.06
[AnalysisInputs::SetMCSF] sample : WZTo3LNu_powheg
[AnalysisInputs::SetMCSF] => MCSF = 1.05212, MCSF_err = 0.066085
[AnalysisInputs::SetMCSF] sample : ZGto2LG
[AnalysisInputs::SetMCSF] => MCSF = 1.09608, MCSF_err = 0.0747672
[AnalysisInputs::SetMCSF] sample : WGtoLNuG
[AnalysisInputs::SetMCSF] => MCSF = 1, MCSF_err = 0.0747672
[AnalysisInputs::SetMCSF] sample : WGtoLNuG_weighted
[AnalysisInputs::SetMCSF] => MCSF = 1, MCSF_err = 0.0747672
[AnalysisInputs::SetMCSF] sample : ZZTo4L_powheg
[AnalysisInputs::SetMCSF] => MCSF = 0.978495, MCSF_err = 0.0795031
[AnalysisInputs::SetMCSF] sample : ggZZto2e2mu
[AnalysisInputs::SetMCSF] => MCSF = 0.978495, MCSF_err = 0.0795031
[AnalysisInputs::SetMCSF] sample : ggZZto2e2nu
[AnalysisInputs::SetMCSF] => MCSF = 0.978495, MCSF_err = 0.0795031
[AnalysisInputs::SetMCSF] sample : ggZZto2e2tau
[AnalysisInputs::SetMCSF] => MCSF = 0.978495, MCSF_err = 0.0795031
[AnalysisInputs::SetMCSF] sample : ggZZto2mu2nu
[AnalysisInputs::SetMCSF] => MCSF = 0.978495, MCSF_err = 0.0795031
[AnalysisInputs::SetMCSF] sample : ggZZto2mu2tau
[AnalysisInputs::SetMCSF] => MCSF = 0.978495, MCSF_err = 0.0795031
[AnalysisInputs::SetMCSF] sample : ggZZto4e
[AnalysisInputs::SetMCSF] => MCSF = 0.978495, MCSF_err = 0.0795031
[AnalysisInputs::SetMCSF] sample : ggZZto4mu
[AnalysisInputs::SetMCSF] => MCSF = 0.978495, MCSF_err = 0.0795031
[AnalysisInputs::SetMCSF] sample : ggZZto4tau
[AnalysisInputs::SetMCSF] => MCSF = 0.978495, MCSF_err = 0.0795031
[AnalysisInputs::SetMCSF] sample : ggHtoZZ
[AnalysisInputs::SetMCSF] => MCSF = 0.978495, MCSF_err = 0.0795031
[AnalysisInputs::SetCalculatedSysts] Get Systematics from /data8/Users/jskim/HN_dilepton_plotter/data/v8-0-7.37_ForApproval_NoFatJetIDCut/Syst.txt
[AnalysisInputs::SetCalculatedSysts] source : Luminosity
[AnalysisInputs::SetCalculatedSysts] => % sysematic = 0.025
[AnalysisInputs::SetCalculatedSysts] source : FakeLooseID
[AnalysisInputs::SetCalculatedSysts] => % sysematic = 0.3
[AnalysisInputs::SetCalculatedSysts] source : ChrageFlipSyst
[AnalysisInputs::SetCalculatedSysts] => % sysematic = 0.16
[CutRangeInfo::ReadCutCard] Get Cutcard from /data8/Users/jskim/HN_dilepton_plotter/data/v8-0-7.37_ForApproval_NoFatJetIDCut/CutOpCard/RunDirectory/Cards_MuMu_Bin2/HNMuMu_2000.txt
Central	0.113217	0	0
_MuonEn_up	0.105218	0	0
_MuonEn_down	0.100106	0	0
_MuonIDSF_up	0.123761	0	0
_MuonIDSF_down	0.115566	0	0
_Rocc_up	0.111701	0	0
_Rocc_down	0.0996593	0	0
_ElectronEn_up	0.119626	0	0
_ElectronEn_down	0.119626	0	0
_ElectronIDSF_up	0.119626	0	0
_ElectronIDSF_down	0.119626	0	0
_TriggerSF_up	0.120341	0	0
_TriggerSF_down	0.119626	0	0
_PU_up	0.115491	0	0
_PU_down	0.124269	0	0
_JetEn_up	0.113096	0	0
_JetEn_down	0.113572	0	0
_JetRes_up	0.106827	0	0
_JetRes_down	0.119626	0	0
_Unclustered_up	0.113143	0	0
_Unclustered_down	0.112267	0	0
_BTagSFEff_up	0.119626	0	0
_BTagSFEff_down	0.119626	0	0
_BTagSFMiss_up	0.119626	0	0
_BTagSFMiss_down	0.119626	0	0
_JetMass_up	0.119626	0	0
_JetMass_down	0.119626	0	0
_JetMassRes_up	0.119626	0	0
_JetMassRes_down	0.119626	0	0
_Tau21_up	0.113143	0	0
_Tau21_down	0.119626	0	0

################ Sources ################
Source	SystTotal	SystPrompt	SystFake	Signal
Stat 17.66 17.66  -nan  -nan  1.69
Lumi 2.50  2.50 -  -  2.50
PDF  -  -  -  -  1.90
MuonPt  9.59 9.59  -  -  6.36
MuonID  6.75 6.75  -  -  3.37
MuonRocc  8.52 8.52  -  -  12.98
ElectronE  5.66 5.66  -  -  0.16
ElectronID  5.66 5.66  -  -  0.50
Trigger  5.98 5.98  -  -  0.48
PU  7.05 7.05  -  -  0.99
JES  0.23 0.23  -  -  0.34
JER  5.65 5.65  -  -  0.42
Uncl  0.60 0.60  -  -  0.18
BEff  5.66 5.66  -  -  0.74
BMiss  5.66 5.66  -  -  0.48
JMS  5.66 5.66  -  -  0.24
JMR  5.66 5.66  -  -  0.26
Tau21  4.00 4.00  -  -  0.10
MCNorm 62.95  62.95 -  -  -
Fake 0.00  -  -nan - -
CF 0.00  -  -  -nan -
Total Systematic 67.12 67.12  -nan  -nan  15.26

Total Background	0.113
- Prompt	0.113
- Fake	0.000
- CF	0.000
- Obs	0.000

####### Result #######
Signal Eff	0.269703
0.113217 1.694034
0.009843 1.153536
