
Processing CyclesForMixingLimit_MuMu_Bin2/HNMuMu_800.C...
[AnalysisInputs::SetMCSF] Get MC SF from /data8/Users/jskim/HN_dilepton_plotter/data/v8-0-7.37_ForApproval_NoFatJetIDCut/MCSF.txt
[AnalysisInputs::SetMCSF] sample : VVV
[AnalysisInputs::SetMCSF] => MCSF = 1, MCSF_err = 0.5
[AnalysisInputs::SetMCSF] sample : WWW
[AnalysisInputs::SetMCSF] => MCSF = 1, MCSF_err = 0.5
[AnalysisInputs::SetMCSF] sample : WWZ
[AnalysisInputs::SetMCSF] => MCSF = 1, MCSF_err = 0.5
[AnalysisInputs::SetMCSF] sample : WZZ
[AnalysisInputs::SetMCSF] => MCSF = 1, MCSF_err = 0.5
[AnalysisInputs::SetMCSF] sample : ZZZ
[AnalysisInputs::SetMCSF] => MCSF = 1, MCSF_err = 0.5
[AnalysisInputs::SetMCSF] sample : ttV
[AnalysisInputs::SetMCSF] => MCSF = 1, MCSF_err = 0.5
[AnalysisInputs::SetMCSF] sample : ttW
[AnalysisInputs::SetMCSF] => MCSF = 1, MCSF_err = 0.5
[AnalysisInputs::SetMCSF] sample : ttZ
[AnalysisInputs::SetMCSF] => MCSF = 1, MCSF_err = 0.5
[AnalysisInputs::SetMCSF] sample : ttH_nonbb
[AnalysisInputs::SetMCSF] => MCSF = 1, MCSF_err = 0.5
[AnalysisInputs::SetMCSF] sample : top
[AnalysisInputs::SetMCSF] => MCSF = 1, MCSF_err = 0.5
[AnalysisInputs::SetMCSF] sample : WWTo2L2Nu_DS
[AnalysisInputs::SetMCSF] => MCSF = 1, MCSF_err = 0.5
[AnalysisInputs::SetMCSF] sample : WpWpEWK
[AnalysisInputs::SetMCSF] => MCSF = 1.3062, MCSF_err = 0.5
[AnalysisInputs::SetMCSF] sample : WpWpQCD
[AnalysisInputs::SetMCSF] => MCSF = 1.70026, MCSF_err = 0.5
[AnalysisInputs::SetMCSF] sample : WZTo3LNu_mllmin01
[AnalysisInputs::SetMCSF] => MCSF = 0.65, MCSF_err = 0.06
[AnalysisInputs::SetMCSF] sample : WZTo3LNu_powheg
[AnalysisInputs::SetMCSF] => MCSF = 1.05212, MCSF_err = 0.066085
[AnalysisInputs::SetMCSF] sample : ZGto2LG
[AnalysisInputs::SetMCSF] => MCSF = 1.09608, MCSF_err = 0.0747672
[AnalysisInputs::SetMCSF] sample : WGtoLNuG
[AnalysisInputs::SetMCSF] => MCSF = 1, MCSF_err = 0.0747672
[AnalysisInputs::SetMCSF] sample : WGtoLNuG_weighted
[AnalysisInputs::SetMCSF] => MCSF = 1, MCSF_err = 0.0747672
[AnalysisInputs::SetMCSF] sample : ZZTo4L_powheg
[AnalysisInputs::SetMCSF] => MCSF = 0.978495, MCSF_err = 0.0795031
[AnalysisInputs::SetMCSF] sample : ggZZto2e2mu
[AnalysisInputs::SetMCSF] => MCSF = 0.978495, MCSF_err = 0.0795031
[AnalysisInputs::SetMCSF] sample : ggZZto2e2nu
[AnalysisInputs::SetMCSF] => MCSF = 0.978495, MCSF_err = 0.0795031
[AnalysisInputs::SetMCSF] sample : ggZZto2e2tau
[AnalysisInputs::SetMCSF] => MCSF = 0.978495, MCSF_err = 0.0795031
[AnalysisInputs::SetMCSF] sample : ggZZto2mu2nu
[AnalysisInputs::SetMCSF] => MCSF = 0.978495, MCSF_err = 0.0795031
[AnalysisInputs::SetMCSF] sample : ggZZto2mu2tau
[AnalysisInputs::SetMCSF] => MCSF = 0.978495, MCSF_err = 0.0795031
[AnalysisInputs::SetMCSF] sample : ggZZto4e
[AnalysisInputs::SetMCSF] => MCSF = 0.978495, MCSF_err = 0.0795031
[AnalysisInputs::SetMCSF] sample : ggZZto4mu
[AnalysisInputs::SetMCSF] => MCSF = 0.978495, MCSF_err = 0.0795031
[AnalysisInputs::SetMCSF] sample : ggZZto4tau
[AnalysisInputs::SetMCSF] => MCSF = 0.978495, MCSF_err = 0.0795031
[AnalysisInputs::SetMCSF] sample : ggHtoZZ
[AnalysisInputs::SetMCSF] => MCSF = 0.978495, MCSF_err = 0.0795031
[AnalysisInputs::SetCalculatedSysts] Get Systematics from /data8/Users/jskim/HN_dilepton_plotter/data/v8-0-7.37_ForApproval_NoFatJetIDCut/Syst.txt
[AnalysisInputs::SetCalculatedSysts] source : Luminosity
[AnalysisInputs::SetCalculatedSysts] => % sysematic = 0.025
[AnalysisInputs::SetCalculatedSysts] source : FakeLooseID
[AnalysisInputs::SetCalculatedSysts] => % sysematic = 0.3
[AnalysisInputs::SetCalculatedSysts] source : ChrageFlipSyst
[AnalysisInputs::SetCalculatedSysts] => % sysematic = 0.16
[CutRangeInfo::ReadCutCard] Get Cutcard from /data8/Users/jskim/HN_dilepton_plotter/data/v8-0-7.37_ForApproval_NoFatJetIDCut/CutOpCard/RunDirectory/Cards_MuMu_Bin2/HNMuMu_800.txt
Central	2.02945	0.434382	0
_MuonEn_up	2.56903	0.434382	0
_MuonEn_down	1.7907	0.434382	0
_MuonIDSF_up	2.20094	0.434382	0
_MuonIDSF_down	2.07905	0.434382	0
_Rocc_up	2.18575	0.434382	0
_Rocc_down	2.0505	0.434382	0
_ElectronEn_up	2.12524	0.434382	0
_ElectronEn_down	2.10848	0.434382	0
_ElectronIDSF_up	2.11805	0.434382	0
_ElectronIDSF_down	2.1266	0.434382	0
_TriggerSF_up	2.15283	0.434382	0
_TriggerSF_down	2.14554	0.434382	0
_PU_up	2.14071	0.434382	0
_PU_down	2.11746	0.434382	0
_JetEn_up	2.10625	0.434382	0
_JetEn_down	2.09537	0.434382	0
_JetRes_up	2.09491	0.434382	0
_JetRes_down	2.10599	0.434382	0
_Unclustered_up	2.06465	0.434382	0
_Unclustered_down	2.09176	0.434382	0
_BTagSFEff_up	2.10801	0.434382	0
_BTagSFEff_down	2.14123	0.434382	0
_BTagSFMiss_up	2.11442	0.434382	0
_BTagSFMiss_down	2.13348	0.434382	0
_JetMass_up	2.13296	0.434382	0
_JetMass_down	2.11354	0.434382	0
_JetMassRes_up	2.09508	0.434382	0
_JetMassRes_down	2.12431	0.434382	0
_Tau21_up	2.13439	0.434382	0
_Tau21_down	2.12704	0.434382	0

################ Sources ################
Source	SystTotal	SystPrompt	SystFake	Signal
Stat 23.60 26.14  54.74  -nan  0.78
Lumi 2.06  2.50 -  -  2.50
PDF  -  -  -  -  5.00
MuonPt  16.93 20.56  -  -  6.14
MuonID  5.12 6.22  -  -  3.55
MuonRocc  4.53 5.49  -  -  2.51
ElectronE  3.56 4.33  -  -  0.04
ElectronID  3.77 4.58  -  -  0.09
Trigger  4.86 5.90  -  -  0.52
PU  4.07 4.94  -  -  0.61
JES  2.90 3.53  -  -  0.87
JER  2.89 3.51  -  -  0.30
Uncl  2.05 2.49  -  -  0.24
BEff  3.92 4.76  -  -  0.36
BMiss  3.85 4.68  -  -  0.53
JMS  3.83 4.65  -  -  0.08
JMR  3.31 4.02  -  -  0.05
Tau21  4.11 4.99  -  -  0.09
MCNorm 32.29  39.21 -  -  -
Fake 5.29  -  30.00 - -
CF 0.00  -  -  -nan -
Total Systematic 39.62 47.67  30.00  -nan  9.48

Total Background	2.464
- Prompt	2.029
- Fake	0.434
- CF	0.000
- Obs	1.000

####### Result #######
Signal Eff	0.411695
2.463832 1.461124
0.198191 1.095089
