
Processing CyclesForMixingLimit_MuMu_Bin2/HNMuMu_1100.C...
[AnalysisInputs::SetMCSF] Get MC SF from /data8/Users/jskim/HN_dilepton_plotter/data/v8-0-7.37_ForApproval_NoFatJetIDCut/MCSF.txt
[AnalysisInputs::SetMCSF] sample : VVV
[AnalysisInputs::SetMCSF] => MCSF = 1, MCSF_err = 0.5
[AnalysisInputs::SetMCSF] sample : WWW
[AnalysisInputs::SetMCSF] => MCSF = 1, MCSF_err = 0.5
[AnalysisInputs::SetMCSF] sample : WWZ
[AnalysisInputs::SetMCSF] => MCSF = 1, MCSF_err = 0.5
[AnalysisInputs::SetMCSF] sample : WZZ
[AnalysisInputs::SetMCSF] => MCSF = 1, MCSF_err = 0.5
[AnalysisInputs::SetMCSF] sample : ZZZ
[AnalysisInputs::SetMCSF] => MCSF = 1, MCSF_err = 0.5
[AnalysisInputs::SetMCSF] sample : ttV
[AnalysisInputs::SetMCSF] => MCSF = 1, MCSF_err = 0.5
[AnalysisInputs::SetMCSF] sample : ttW
[AnalysisInputs::SetMCSF] => MCSF = 1, MCSF_err = 0.5
[AnalysisInputs::SetMCSF] sample : ttZ
[AnalysisInputs::SetMCSF] => MCSF = 1, MCSF_err = 0.5
[AnalysisInputs::SetMCSF] sample : ttH_nonbb
[AnalysisInputs::SetMCSF] => MCSF = 1, MCSF_err = 0.5
[AnalysisInputs::SetMCSF] sample : top
[AnalysisInputs::SetMCSF] => MCSF = 1, MCSF_err = 0.5
[AnalysisInputs::SetMCSF] sample : WWTo2L2Nu_DS
[AnalysisInputs::SetMCSF] => MCSF = 1, MCSF_err = 0.5
[AnalysisInputs::SetMCSF] sample : WpWpEWK
[AnalysisInputs::SetMCSF] => MCSF = 1.3062, MCSF_err = 0.5
[AnalysisInputs::SetMCSF] sample : WpWpQCD
[AnalysisInputs::SetMCSF] => MCSF = 1.70026, MCSF_err = 0.5
[AnalysisInputs::SetMCSF] sample : WZTo3LNu_mllmin01
[AnalysisInputs::SetMCSF] => MCSF = 0.65, MCSF_err = 0.06
[AnalysisInputs::SetMCSF] sample : WZTo3LNu_powheg
[AnalysisInputs::SetMCSF] => MCSF = 1.05212, MCSF_err = 0.066085
[AnalysisInputs::SetMCSF] sample : ZGto2LG
[AnalysisInputs::SetMCSF] => MCSF = 1.09608, MCSF_err = 0.0747672
[AnalysisInputs::SetMCSF] sample : WGtoLNuG
[AnalysisInputs::SetMCSF] => MCSF = 1, MCSF_err = 0.0747672
[AnalysisInputs::SetMCSF] sample : WGtoLNuG_weighted
[AnalysisInputs::SetMCSF] => MCSF = 1, MCSF_err = 0.0747672
[AnalysisInputs::SetMCSF] sample : ZZTo4L_powheg
[AnalysisInputs::SetMCSF] => MCSF = 0.978495, MCSF_err = 0.0795031
[AnalysisInputs::SetMCSF] sample : ggZZto2e2mu
[AnalysisInputs::SetMCSF] => MCSF = 0.978495, MCSF_err = 0.0795031
[AnalysisInputs::SetMCSF] sample : ggZZto2e2nu
[AnalysisInputs::SetMCSF] => MCSF = 0.978495, MCSF_err = 0.0795031
[AnalysisInputs::SetMCSF] sample : ggZZto2e2tau
[AnalysisInputs::SetMCSF] => MCSF = 0.978495, MCSF_err = 0.0795031
[AnalysisInputs::SetMCSF] sample : ggZZto2mu2nu
[AnalysisInputs::SetMCSF] => MCSF = 0.978495, MCSF_err = 0.0795031
[AnalysisInputs::SetMCSF] sample : ggZZto2mu2tau
[AnalysisInputs::SetMCSF] => MCSF = 0.978495, MCSF_err = 0.0795031
[AnalysisInputs::SetMCSF] sample : ggZZto4e
[AnalysisInputs::SetMCSF] => MCSF = 0.978495, MCSF_err = 0.0795031
[AnalysisInputs::SetMCSF] sample : ggZZto4mu
[AnalysisInputs::SetMCSF] => MCSF = 0.978495, MCSF_err = 0.0795031
[AnalysisInputs::SetMCSF] sample : ggZZto4tau
[AnalysisInputs::SetMCSF] => MCSF = 0.978495, MCSF_err = 0.0795031
[AnalysisInputs::SetMCSF] sample : ggHtoZZ
[AnalysisInputs::SetMCSF] => MCSF = 0.978495, MCSF_err = 0.0795031
[AnalysisInputs::SetCalculatedSysts] Get Systematics from /data8/Users/jskim/HN_dilepton_plotter/data/v8-0-7.37_ForApproval_NoFatJetIDCut/Syst.txt
[AnalysisInputs::SetCalculatedSysts] source : Luminosity
[AnalysisInputs::SetCalculatedSysts] => % sysematic = 0.025
[AnalysisInputs::SetCalculatedSysts] source : FakeLooseID
[AnalysisInputs::SetCalculatedSysts] => % sysematic = 0.3
[AnalysisInputs::SetCalculatedSysts] source : ChrageFlipSyst
[AnalysisInputs::SetCalculatedSysts] => % sysematic = 0.16
[CutRangeInfo::ReadCutCard] Get Cutcard from /data8/Users/jskim/HN_dilepton_plotter/data/v8-0-7.37_ForApproval_NoFatJetIDCut/CutOpCard/RunDirectory/Cards_MuMu_Bin2/HNMuMu_1100.txt
Central	1.05031	0	0
_MuonEn_up	1.21368	0	0
_MuonEn_down	0.928202	0	0
_MuonIDSF_up	1.08824	0	0
_MuonIDSF_down	1.01785	0	0
_Rocc_up	1.1404	0	0
_Rocc_down	1.01914	0	0
_ElectronEn_up	1.04693	0	0
_ElectronEn_down	1.04747	0	0
_ElectronIDSF_up	1.04176	0	0
_ElectronIDSF_down	1.04747	0	0
_TriggerSF_up	1.06402	0	0
_TriggerSF_down	1.05043	0	0
_PU_up	1.03823	0	0
_PU_down	1.02366	0	0
_JetEn_up	1.0954	0	0
_JetEn_down	1.03956	0	0
_JetRes_up	1.08906	0	0
_JetRes_down	1.0593	0	0
_Unclustered_up	1.04013	0	0
_Unclustered_down	1.07168	0	0
_BTagSFEff_up	0.999919	0	0
_BTagSFEff_down	1.04089	0	0
_BTagSFMiss_up	1.02948	0	0
_BTagSFMiss_down	1.05513	0	0
_JetMass_up	1.0566	0	0
_JetMass_down	1.04567	0	0
_JetMassRes_up	1.04788	0	0
_JetMassRes_down	1.04044	0	0
_Tau21_up	1.03488	0	0
_Tau21_down	1.04693	0	0

################ Sources ################
Source	SystTotal	SystPrompt	SystFake	Signal
Stat 12.96 12.96  -nan  -nan  0.71
Lumi 2.50  2.50 -  -  2.50
PDF  -  -  -  -  5.00
MuonPt  13.73 13.73  -  -  1.68
MuonID  3.36 3.36  -  -  3.56
MuonRocc  6.42 6.42  -  -  1.89
ElectronE  0.30 0.30  -  -  0.07
ElectronID  0.61 0.61  -  -  0.07
Trigger  0.92 0.92  -  -  0.46
PU  1.97 1.97  -  -  0.55
JES  3.12 3.12  -  -  0.14
JER  2.68 2.68  -  -  0.16
Uncl  1.59 1.59  -  -  0.04
BEff  3.45 3.45  -  -  0.36
BMiss  1.44 1.44  -  -  0.48
JMS  0.53 0.53  -  -  0.15
JMR  0.68 0.68  -  -  0.06
Tau21  1.06 1.06  -  -  0.03
MCNorm 53.46  53.46 -  -  -
Fake 0.00  -  -nan - -
CF 0.00  -  -  -nan -
Total Systematic 56.08 56.08  -nan  -nan  7.16

Total Background	1.050
- Prompt	1.050
- Fake	0.000
- CF	0.000
- Obs	2.000

####### Result #######
Signal Eff	0.434239
1.050306 1.575606
0.047526 1.071951
