
Processing CyclesForMixingLimit_MuMu_Bin2/HNMuMu_900_VBF.C...
[AnalysisInputs::SetMCSF] Get MC SF from /data8/Users/jskim/HN_dilepton_plotter/data/v8-0-7.37_ForApproval_NoFatJetIDCut/MCSF.txt
[AnalysisInputs::SetMCSF] sample : VVV
[AnalysisInputs::SetMCSF] => MCSF = 1, MCSF_err = 0.5
[AnalysisInputs::SetMCSF] sample : WWW
[AnalysisInputs::SetMCSF] => MCSF = 1, MCSF_err = 0.5
[AnalysisInputs::SetMCSF] sample : WWZ
[AnalysisInputs::SetMCSF] => MCSF = 1, MCSF_err = 0.5
[AnalysisInputs::SetMCSF] sample : WZZ
[AnalysisInputs::SetMCSF] => MCSF = 1, MCSF_err = 0.5
[AnalysisInputs::SetMCSF] sample : ZZZ
[AnalysisInputs::SetMCSF] => MCSF = 1, MCSF_err = 0.5
[AnalysisInputs::SetMCSF] sample : ttV
[AnalysisInputs::SetMCSF] => MCSF = 1, MCSF_err = 0.5
[AnalysisInputs::SetMCSF] sample : ttW
[AnalysisInputs::SetMCSF] => MCSF = 1, MCSF_err = 0.5
[AnalysisInputs::SetMCSF] sample : ttZ
[AnalysisInputs::SetMCSF] => MCSF = 1, MCSF_err = 0.5
[AnalysisInputs::SetMCSF] sample : ttH_nonbb
[AnalysisInputs::SetMCSF] => MCSF = 1, MCSF_err = 0.5
[AnalysisInputs::SetMCSF] sample : top
[AnalysisInputs::SetMCSF] => MCSF = 1, MCSF_err = 0.5
[AnalysisInputs::SetMCSF] sample : WWTo2L2Nu_DS
[AnalysisInputs::SetMCSF] => MCSF = 1, MCSF_err = 0.5
[AnalysisInputs::SetMCSF] sample : WpWpEWK
[AnalysisInputs::SetMCSF] => MCSF = 1.3062, MCSF_err = 0.5
[AnalysisInputs::SetMCSF] sample : WpWpQCD
[AnalysisInputs::SetMCSF] => MCSF = 1.70026, MCSF_err = 0.5
[AnalysisInputs::SetMCSF] sample : WZTo3LNu_mllmin01
[AnalysisInputs::SetMCSF] => MCSF = 0.65, MCSF_err = 0.06
[AnalysisInputs::SetMCSF] sample : WZTo3LNu_powheg
[AnalysisInputs::SetMCSF] => MCSF = 1.05212, MCSF_err = 0.066085
[AnalysisInputs::SetMCSF] sample : ZGto2LG
[AnalysisInputs::SetMCSF] => MCSF = 1.09608, MCSF_err = 0.0747672
[AnalysisInputs::SetMCSF] sample : WGtoLNuG
[AnalysisInputs::SetMCSF] => MCSF = 1, MCSF_err = 0.0747672
[AnalysisInputs::SetMCSF] sample : WGtoLNuG_weighted
[AnalysisInputs::SetMCSF] => MCSF = 1, MCSF_err = 0.0747672
[AnalysisInputs::SetMCSF] sample : ZZTo4L_powheg
[AnalysisInputs::SetMCSF] => MCSF = 0.978495, MCSF_err = 0.0795031
[AnalysisInputs::SetMCSF] sample : ggZZto2e2mu
[AnalysisInputs::SetMCSF] => MCSF = 0.978495, MCSF_err = 0.0795031
[AnalysisInputs::SetMCSF] sample : ggZZto2e2nu
[AnalysisInputs::SetMCSF] => MCSF = 0.978495, MCSF_err = 0.0795031
[AnalysisInputs::SetMCSF] sample : ggZZto2e2tau
[AnalysisInputs::SetMCSF] => MCSF = 0.978495, MCSF_err = 0.0795031
[AnalysisInputs::SetMCSF] sample : ggZZto2mu2nu
[AnalysisInputs::SetMCSF] => MCSF = 0.978495, MCSF_err = 0.0795031
[AnalysisInputs::SetMCSF] sample : ggZZto2mu2tau
[AnalysisInputs::SetMCSF] => MCSF = 0.978495, MCSF_err = 0.0795031
[AnalysisInputs::SetMCSF] sample : ggZZto4e
[AnalysisInputs::SetMCSF] => MCSF = 0.978495, MCSF_err = 0.0795031
[AnalysisInputs::SetMCSF] sample : ggZZto4mu
[AnalysisInputs::SetMCSF] => MCSF = 0.978495, MCSF_err = 0.0795031
[AnalysisInputs::SetMCSF] sample : ggZZto4tau
[AnalysisInputs::SetMCSF] => MCSF = 0.978495, MCSF_err = 0.0795031
[AnalysisInputs::SetMCSF] sample : ggHtoZZ
[AnalysisInputs::SetMCSF] => MCSF = 0.978495, MCSF_err = 0.0795031
[AnalysisInputs::SetCalculatedSysts] Get Systematics from /data8/Users/jskim/HN_dilepton_plotter/data/v8-0-7.37_ForApproval_NoFatJetIDCut/Syst.txt
[AnalysisInputs::SetCalculatedSysts] source : Luminosity
[AnalysisInputs::SetCalculatedSysts] => % sysematic = 0.025
[AnalysisInputs::SetCalculatedSysts] source : FakeLooseID
[AnalysisInputs::SetCalculatedSysts] => % sysematic = 0.3
[AnalysisInputs::SetCalculatedSysts] source : ChrageFlipSyst
[AnalysisInputs::SetCalculatedSysts] => % sysematic = 0.16
[CutRangeInfo::ReadCutCard] Get Cutcard from /data8/Users/jskim/HN_dilepton_plotter/data/v8-0-7.37_ForApproval_NoFatJetIDCut/CutOpCard/RunDirectory/Cards_MuMu_Bin2/HNMuMu_900.txt
Central	1.49548	0.210487	0
_MuonEn_up	1.79101	0.210487	0
_MuonEn_down	0.988469	0.210487	0
_MuonIDSF_up	1.63817	0.210487	0
_MuonIDSF_down	1.55173	0.210487	0
_Rocc_up	1.74185	0.210487	0
_Rocc_down	0.988002	0.210487	0
_ElectronEn_up	1.57993	0.210487	0
_ElectronEn_down	1.59007	0.210487	0
_ElectronIDSF_up	1.5845	0.210487	0
_ElectronIDSF_down	1.59416	0.210487	0
_TriggerSF_up	1.60144	0.210487	0
_TriggerSF_down	1.59058	0.210487	0
_PU_up	1.56495	0.210487	0
_PU_down	1.59539	0.210487	0
_JetEn_up	1.56099	0.210487	0
_JetEn_down	1.1107	0.210487	0
_JetRes_up	1.15086	0.210487	0
_JetRes_down	1.64181	0.210487	0
_Unclustered_up	1.55326	0.210487	0
_Unclustered_down	1.59057	0.210487	0
_BTagSFEff_up	1.57791	0.210487	0
_BTagSFEff_down	1.60008	0.210487	0
_BTagSFMiss_up	1.57018	0.210487	0
_BTagSFMiss_down	1.59308	0.210487	0
_JetMass_up	1.59045	0.210487	0
_JetMass_down	1.57932	0.210487	0
_JetMassRes_up	1.59511	0.210487	0
_JetMassRes_down	1.57518	0.210487	0
_Tau21_up	1.58167	0.210487	0
_Tau21_down	1.58453	0.210487	0

################ Sources ################
Source	SystTotal	SystPrompt	SystFake	Signal
Stat 31.36 33.52  88.96  -nan  0.93
Lumi 2.19  2.50 -  -  2.50
PDF  -  -  -  -  3.10
MuonPt  24.32 27.75  -  -  5.45
MuonID  6.36 7.25  -  -  3.42
MuonRocc  23.38 26.67  -  -  2.44
ElectronE  5.26 6.00  -  -  0.08
ElectronID  5.51 6.28  -  -  0.05
Trigger  5.90 6.73  -  -  0.50
PU  5.04 5.75  -  -  0.50
JES  16.18 18.46  -  -  0.63
JER  15.52 17.70  -  -  0.31
Uncl  4.61 5.26  -  -  0.15
BEff  5.52 6.30  -  -  0.40
BMiss  5.09 5.81  -  -  0.51
JMS  5.25 5.99  -  -  0.10
JMR  5.29 6.03  -  -  0.01
Tau21  5.14 5.86  -  -  0.07
MCNorm 37.80  43.12 -  -  -
Fake 3.70  -  30.00 - -
CF 0.00  -  -  -nan -
Total Systematic 58.37 66.45  30.00  -nan  8.04

Total Background	1.706
- Prompt	1.495
- Fake	0.210
- CF	0.000
- Obs	2.000

####### Result #######
Signal Eff	0.677047
1.705970 1.662594
0.244528 1.080929
