
Processing CyclesForMixingLimit_MuMu_Bin2/HNMuMu_1500_VBF.C...
[AnalysisInputs::SetMCSF] Get MC SF from /data8/Users/jskim/HN_dilepton_plotter/data/v8-0-7.37_ForApproval_NoFatJetIDCut/MCSF.txt
[AnalysisInputs::SetMCSF] sample : VVV
[AnalysisInputs::SetMCSF] => MCSF = 1, MCSF_err = 0.5
[AnalysisInputs::SetMCSF] sample : WWW
[AnalysisInputs::SetMCSF] => MCSF = 1, MCSF_err = 0.5
[AnalysisInputs::SetMCSF] sample : WWZ
[AnalysisInputs::SetMCSF] => MCSF = 1, MCSF_err = 0.5
[AnalysisInputs::SetMCSF] sample : WZZ
[AnalysisInputs::SetMCSF] => MCSF = 1, MCSF_err = 0.5
[AnalysisInputs::SetMCSF] sample : ZZZ
[AnalysisInputs::SetMCSF] => MCSF = 1, MCSF_err = 0.5
[AnalysisInputs::SetMCSF] sample : ttV
[AnalysisInputs::SetMCSF] => MCSF = 1, MCSF_err = 0.5
[AnalysisInputs::SetMCSF] sample : ttW
[AnalysisInputs::SetMCSF] => MCSF = 1, MCSF_err = 0.5
[AnalysisInputs::SetMCSF] sample : ttZ
[AnalysisInputs::SetMCSF] => MCSF = 1, MCSF_err = 0.5
[AnalysisInputs::SetMCSF] sample : ttH_nonbb
[AnalysisInputs::SetMCSF] => MCSF = 1, MCSF_err = 0.5
[AnalysisInputs::SetMCSF] sample : top
[AnalysisInputs::SetMCSF] => MCSF = 1, MCSF_err = 0.5
[AnalysisInputs::SetMCSF] sample : WWTo2L2Nu_DS
[AnalysisInputs::SetMCSF] => MCSF = 1, MCSF_err = 0.5
[AnalysisInputs::SetMCSF] sample : WpWpEWK
[AnalysisInputs::SetMCSF] => MCSF = 1.3062, MCSF_err = 0.5
[AnalysisInputs::SetMCSF] sample : WpWpQCD
[AnalysisInputs::SetMCSF] => MCSF = 1.70026, MCSF_err = 0.5
[AnalysisInputs::SetMCSF] sample : WZTo3LNu_mllmin01
[AnalysisInputs::SetMCSF] => MCSF = 0.65, MCSF_err = 0.06
[AnalysisInputs::SetMCSF] sample : WZTo3LNu_powheg
[AnalysisInputs::SetMCSF] => MCSF = 1.05212, MCSF_err = 0.066085
[AnalysisInputs::SetMCSF] sample : ZGto2LG
[AnalysisInputs::SetMCSF] => MCSF = 1.09608, MCSF_err = 0.0747672
[AnalysisInputs::SetMCSF] sample : WGtoLNuG
[AnalysisInputs::SetMCSF] => MCSF = 1, MCSF_err = 0.0747672
[AnalysisInputs::SetMCSF] sample : WGtoLNuG_weighted
[AnalysisInputs::SetMCSF] => MCSF = 1, MCSF_err = 0.0747672
[AnalysisInputs::SetMCSF] sample : ZZTo4L_powheg
[AnalysisInputs::SetMCSF] => MCSF = 0.978495, MCSF_err = 0.0795031
[AnalysisInputs::SetMCSF] sample : ggZZto2e2mu
[AnalysisInputs::SetMCSF] => MCSF = 0.978495, MCSF_err = 0.0795031
[AnalysisInputs::SetMCSF] sample : ggZZto2e2nu
[AnalysisInputs::SetMCSF] => MCSF = 0.978495, MCSF_err = 0.0795031
[AnalysisInputs::SetMCSF] sample : ggZZto2e2tau
[AnalysisInputs::SetMCSF] => MCSF = 0.978495, MCSF_err = 0.0795031
[AnalysisInputs::SetMCSF] sample : ggZZto2mu2nu
[AnalysisInputs::SetMCSF] => MCSF = 0.978495, MCSF_err = 0.0795031
[AnalysisInputs::SetMCSF] sample : ggZZto2mu2tau
[AnalysisInputs::SetMCSF] => MCSF = 0.978495, MCSF_err = 0.0795031
[AnalysisInputs::SetMCSF] sample : ggZZto4e
[AnalysisInputs::SetMCSF] => MCSF = 0.978495, MCSF_err = 0.0795031
[AnalysisInputs::SetMCSF] sample : ggZZto4mu
[AnalysisInputs::SetMCSF] => MCSF = 0.978495, MCSF_err = 0.0795031
[AnalysisInputs::SetMCSF] sample : ggZZto4tau
[AnalysisInputs::SetMCSF] => MCSF = 0.978495, MCSF_err = 0.0795031
[AnalysisInputs::SetMCSF] sample : ggHtoZZ
[AnalysisInputs::SetMCSF] => MCSF = 0.978495, MCSF_err = 0.0795031
[AnalysisInputs::SetCalculatedSysts] Get Systematics from /data8/Users/jskim/HN_dilepton_plotter/data/v8-0-7.37_ForApproval_NoFatJetIDCut/Syst.txt
[AnalysisInputs::SetCalculatedSysts] source : Luminosity
[AnalysisInputs::SetCalculatedSysts] => % sysematic = 0.025
[AnalysisInputs::SetCalculatedSysts] source : FakeLooseID
[AnalysisInputs::SetCalculatedSysts] => % sysematic = 0.3
[AnalysisInputs::SetCalculatedSysts] source : ChrageFlipSyst
[AnalysisInputs::SetCalculatedSysts] => % sysematic = 0.16
[CutRangeInfo::ReadCutCard] Get Cutcard from /data8/Users/jskim/HN_dilepton_plotter/data/v8-0-7.37_ForApproval_NoFatJetIDCut/CutOpCard/RunDirectory/Cards_MuMu_Bin2/HNMuMu_1500.txt
Central	0.479027	0	0
_MuonEn_up	0.559322	0	0
_MuonEn_down	0.40605	0	0
_MuonIDSF_up	0.488066	0	0
_MuonIDSF_down	0.456419	0	0
_Rocc_up	0.53065	0	0
_Rocc_down	0.425142	0	0
_ElectronEn_up	0.479027	0	0
_ElectronEn_down	0.47263	0	0
_ElectronIDSF_up	0.47174	0	0
_ElectronIDSF_down	0.479027	0	0
_TriggerSF_up	0.484796	0	0
_TriggerSF_down	0.479027	0	0
_PU_up	0.505472	0	0
_PU_down	0.458578	0	0
_JetEn_up	0.376835	0	0
_JetEn_down	0.495731	0	0
_JetRes_up	0.4709	0	0
_JetRes_down	0.488671	0	0
_Unclustered_up	0.476487	0	0
_Unclustered_down	0.471505	0	0
_BTagSFEff_up	0.475978	0	0
_BTagSFEff_down	0.478555	0	0
_BTagSFMiss_up	0.479027	0	0
_BTagSFMiss_down	0.479027	0	0
_JetMass_up	0.471601	0	0
_JetMass_down	0.479214	0	0
_JetMassRes_up	0.479027	0	0
_JetMassRes_down	0.482263	0	0
_Tau21_up	0.479027	0	0
_Tau21_down	0.482485	0	0

################ Sources ################
Source	SystTotal	SystPrompt	SystFake	Signal
Stat 26.20 26.20  -nan  -nan  1.15
Lumi 2.50  2.50 -  -  2.50
PDF  -  -  -  -  2.60
MuonPt  16.02 16.02  -  -  2.30
MuonID  3.59 3.59  -  -  3.40
MuonRocc  11.02 11.02  -  -  2.68
ElectronE  0.94 0.94  -  -  0.11
ElectronID  1.08 1.08  -  -  0.10
Trigger  0.85 0.85  -  -  0.47
PU  4.93 4.93  -  -  0.45
JES  15.28 15.28  -  -  0.27
JER  1.86 1.86  -  -  0.30
Uncl  1.17 1.17  -  -  0.34
BEff  0.46 0.46  -  -  0.54
BMiss  0.00 0.00  -  -  0.46
JMS  1.10 1.10  -  -  0.18
JMR  0.48 0.48  -  -  0.05
Tau21  0.51 0.51  -  -  0.12
MCNorm 43.29  43.29 -  -  -
Fake 0.00  -  -nan - -
CF 0.00  -  -  -nan -
Total Systematic 50.39 50.39  -nan  -nan  6.19

Total Background	0.479
- Prompt	0.479
- Fake	0.000
- CF	0.000
- Obs	1.000

####### Result #######
Signal Eff	0.832922
0.479027 1.567884
0.041204 1.062985
