
Processing Bin2_HNMuMu_125.C...
[AnalysisInputs::SetMCSF] Get MC SF from /home/jskim/Documents/trilepton_13TeV/DiLepton/data/v8-0-7.36/MCSF.txt
[AnalysisInputs::SetMCSF] sample : VVV
[AnalysisInputs::SetMCSF] => MCSF = 1, MCSF_err = 0.5
[AnalysisInputs::SetMCSF] sample : WWW
[AnalysisInputs::SetMCSF] => MCSF = 1, MCSF_err = 0.5
[AnalysisInputs::SetMCSF] sample : WWZ
[AnalysisInputs::SetMCSF] => MCSF = 1, MCSF_err = 0.5
[AnalysisInputs::SetMCSF] sample : WZZ
[AnalysisInputs::SetMCSF] => MCSF = 1, MCSF_err = 0.5
[AnalysisInputs::SetMCSF] sample : ZZZ
[AnalysisInputs::SetMCSF] => MCSF = 1, MCSF_err = 0.5
[AnalysisInputs::SetMCSF] sample : ttV
[AnalysisInputs::SetMCSF] => MCSF = 1, MCSF_err = 0.5
[AnalysisInputs::SetMCSF] sample : ttW
[AnalysisInputs::SetMCSF] => MCSF = 1, MCSF_err = 0.5
[AnalysisInputs::SetMCSF] sample : ttZ
[AnalysisInputs::SetMCSF] => MCSF = 1, MCSF_err = 0.5
[AnalysisInputs::SetMCSF] sample : ttH_nonbb
[AnalysisInputs::SetMCSF] => MCSF = 1, MCSF_err = 0.5
[AnalysisInputs::SetMCSF] sample : top
[AnalysisInputs::SetMCSF] => MCSF = 1, MCSF_err = 0.5
[AnalysisInputs::SetMCSF] sample : WZTo3LNu_powheg
[AnalysisInputs::SetMCSF] => MCSF = 1.00165, MCSF_err = 0.0888561
[AnalysisInputs::SetMCSF] sample : ZGto2LG
[AnalysisInputs::SetMCSF] => MCSF = 0.794861, MCSF_err = 0.155181
[AnalysisInputs::SetMCSF] sample : ZZTo4L_powheg
[AnalysisInputs::SetMCSF] => MCSF = 0.926685, MCSF_err = 0.102827
[AnalysisInputs::SetMCSF] sample : ggZZto2e2mu
[AnalysisInputs::SetMCSF] => MCSF = 0.926685, MCSF_err = 0.102827
[AnalysisInputs::SetMCSF] sample : ggZZto2e2nu
[AnalysisInputs::SetMCSF] => MCSF = 0.926685, MCSF_err = 0.102827
[AnalysisInputs::SetMCSF] sample : ggZZto2e2tau
[AnalysisInputs::SetMCSF] => MCSF = 0.926685, MCSF_err = 0.102827
[AnalysisInputs::SetMCSF] sample : ggZZto2mu2nu
[AnalysisInputs::SetMCSF] => MCSF = 0.926685, MCSF_err = 0.102827
[AnalysisInputs::SetMCSF] sample : ggZZto2mu2tau
[AnalysisInputs::SetMCSF] => MCSF = 0.926685, MCSF_err = 0.102827
[AnalysisInputs::SetMCSF] sample : ggZZto4e
[AnalysisInputs::SetMCSF] => MCSF = 0.926685, MCSF_err = 0.102827
[AnalysisInputs::SetMCSF] sample : ggZZto4mu
[AnalysisInputs::SetMCSF] => MCSF = 0.926685, MCSF_err = 0.102827
[AnalysisInputs::SetMCSF] sample : ggZZto4tau
[AnalysisInputs::SetMCSF] => MCSF = 0.926685, MCSF_err = 0.102827
[AnalysisInputs::SetCalculatedSysts] Get Systematics from /home/jskim/Documents/trilepton_13TeV/DiLepton/data/v8-0-7.36/Syst.txt
[AnalysisInputs::SetCalculatedSysts] source : Luminosity
[AnalysisInputs::SetCalculatedSysts] => % sysematic = 0.025
[AnalysisInputs::SetCalculatedSysts] source : FakeLooseID
[AnalysisInputs::SetCalculatedSysts] => % sysematic = 0.3
[AnalysisInputs::SetCalculatedSysts] source : ChrageFlipSyst
[AnalysisInputs::SetCalculatedSysts] => % sysematic = 0.21
[CutRangeInfo::ReadCutCard] Get Cutcard from /home/jskim/Documents/trilepton_13TeV/DiLepton/data/v8-0-7.36/CutOpCard/OPTIMIZED_171108_MuMu_HighMass_Bin2/HNMuMu_125.txt
prompt_tau21_syst = 0.0263872
signal_tau21_syst = 0.0498127
Central	0.353269	0.654455	0
_MuonEn_up	0.371837	0.654455	0
_MuonEn_down	0.359623	0.654455	0
_MuonIDSF_up	0.367915	0.654455	0
_MuonIDSF_down	0.33984	0.654455	0
_ElectronEn_up	0.362148	0.654455	0
_ElectronEn_down	0.356884	0.654455	0
_ElectronIDSF_up	0.356806	0.654455	0
_ElectronIDSF_down	0.360495	0.654455	0
_TriggerSF_up	0.355214	0.654455	0
_TriggerSF_down	0.355285	0.654455	0
_PU_up	0.364853	0.654455	0
_PU_down	0.343008	0.654455	0
_JetEn_up	0.366593	0.654455	0
_JetEn_down	0.271684	0.654455	0
_JetRes_up	0.356602	0.654455	0
_JetRes_down	0.353291	0.654455	0
_Unclustered_up	0.353661	0.654455	0
_Unclustered_down	0.354697	0.654455	0
_BTagSFEff_up	0.353291	0.654455	0
_BTagSFEff_down	0.356487	0.654455	0
_BTagSFMiss_up	0.34705	0.654455	0
_BTagSFMiss_down	0.355422	0.654455	0
_JetMass_up	0.362377	0.654455	0
_JetMass_down	0.355254	0.654455	0
_JetMassRes_up	0.355183	0.654455	0
_JetMassRes_down	0.356561	0.654455	0

################ Sources ################
Source	SystTotal	SystPrompt	SystFake	Signal
Stat 26.89 35.46  36.72  -nan  15.61
Lumi 0.88  2.50 -  -  2.50
PDF  -  -  -  -  8.53
MuonPt  1.38 3.93  -  -  2.15
MuonID  1.39 3.98  -  -  3.55
ElectronE  0.67 1.92  -  -  0.00
ElectronID  0.56 1.61  -  -  0.00
Trigger  0.20 0.56  -  -  0.00
PU  1.09 3.10  -  -  2.73
JES  5.80 16.55  -  -  2.51
JER  0.23 0.67  -  -  1.56
Uncl  0.10 0.30  -  -  2.27
BEff  0.23 0.64  -  -  2.58
BMiss  0.46 1.32  -  -  1.42
JMS  0.65 1.87  -  -  2.02
JMR  0.27 0.76  -  -  0.00
Tau21 2.62  7.47 -  -  7.21
MCNorm 7.54  21.51 -  -  -
Fake 19.48  -  30.00 - -
CF 0.00  -  -  -nan -
Total Systematic 22.01 29.20  30.00  -nan  11.42

Total Background	1.008
- Prompt	0.353
- Fake	0.654
- CF	0.000

####### Result #######
Signal Eff	0.000793
1.007724 1.347514
0.691151 1.206423
