
Processing CyclesForMixingLimit_MuEl_Bin2/HNMuEl_70.C...
[AnalysisInputs::SetMCSF] Get MC SF from /data8/Users/jskim/HN_dilepton_plotter/data/v8-0-7.37_Approved/MCSF.txt
[AnalysisInputs::SetMCSF] sample : VVV
[AnalysisInputs::SetMCSF] => MCSF = 1, MCSF_err = 0.5
[AnalysisInputs::SetMCSF] sample : WWW
[AnalysisInputs::SetMCSF] => MCSF = 1, MCSF_err = 0.5
[AnalysisInputs::SetMCSF] sample : WWZ
[AnalysisInputs::SetMCSF] => MCSF = 1, MCSF_err = 0.5
[AnalysisInputs::SetMCSF] sample : WZZ
[AnalysisInputs::SetMCSF] => MCSF = 1, MCSF_err = 0.5
[AnalysisInputs::SetMCSF] sample : ZZZ
[AnalysisInputs::SetMCSF] => MCSF = 1, MCSF_err = 0.5
[AnalysisInputs::SetMCSF] sample : ttV
[AnalysisInputs::SetMCSF] => MCSF = 1, MCSF_err = 0.5
[AnalysisInputs::SetMCSF] sample : ttW
[AnalysisInputs::SetMCSF] => MCSF = 1, MCSF_err = 0.5
[AnalysisInputs::SetMCSF] sample : ttZ
[AnalysisInputs::SetMCSF] => MCSF = 1, MCSF_err = 0.5
[AnalysisInputs::SetMCSF] sample : ttH_nonbb
[AnalysisInputs::SetMCSF] => MCSF = 1, MCSF_err = 0.5
[AnalysisInputs::SetMCSF] sample : top
[AnalysisInputs::SetMCSF] => MCSF = 1, MCSF_err = 0.5
[AnalysisInputs::SetMCSF] sample : WWTo2L2Nu_DS
[AnalysisInputs::SetMCSF] => MCSF = 1, MCSF_err = 0.5
[AnalysisInputs::SetMCSF] sample : WpWpEWK
[AnalysisInputs::SetMCSF] => MCSF = 1.3062, MCSF_err = 0.5
[AnalysisInputs::SetMCSF] sample : WpWpQCD
[AnalysisInputs::SetMCSF] => MCSF = 1.70026, MCSF_err = 0.5
[AnalysisInputs::SetMCSF] sample : WZTo3LNu_mllmin01
[AnalysisInputs::SetMCSF] => MCSF = 0.65, MCSF_err = 0.06
[AnalysisInputs::SetMCSF] sample : WZTo3LNu_powheg
[AnalysisInputs::SetMCSF] => MCSF = 1.05149, MCSF_err = 0.064601
[AnalysisInputs::SetMCSF] sample : ZGto2LG
[AnalysisInputs::SetMCSF] => MCSF = 1.09319, MCSF_err = 0.0752381
[AnalysisInputs::SetMCSF] sample : ZZTo4L_powheg
[AnalysisInputs::SetMCSF] => MCSF = 0.97851, MCSF_err = 0.25
[AnalysisInputs::SetMCSF] sample : ggZZto2e2mu
[AnalysisInputs::SetMCSF] => MCSF = 0.97851, MCSF_err = 0.25
[AnalysisInputs::SetMCSF] sample : ggZZto2e2nu
[AnalysisInputs::SetMCSF] => MCSF = 0.97851, MCSF_err = 0.25
[AnalysisInputs::SetMCSF] sample : ggZZto2e2tau
[AnalysisInputs::SetMCSF] => MCSF = 0.97851, MCSF_err = 0.25
[AnalysisInputs::SetMCSF] sample : ggZZto2mu2nu
[AnalysisInputs::SetMCSF] => MCSF = 0.97851, MCSF_err = 0.25
[AnalysisInputs::SetMCSF] sample : ggZZto2mu2tau
[AnalysisInputs::SetMCSF] => MCSF = 0.97851, MCSF_err = 0.25
[AnalysisInputs::SetMCSF] sample : ggZZto4e
[AnalysisInputs::SetMCSF] => MCSF = 0.97851, MCSF_err = 0.25
[AnalysisInputs::SetMCSF] sample : ggZZto4mu
[AnalysisInputs::SetMCSF] => MCSF = 0.97851, MCSF_err = 0.25
[AnalysisInputs::SetMCSF] sample : ggZZto4tau
[AnalysisInputs::SetMCSF] => MCSF = 0.97851, MCSF_err = 0.25
[AnalysisInputs::SetMCSF] sample : ggHtoZZ
[AnalysisInputs::SetMCSF] => MCSF = 0.97851, MCSF_err = 0.25
[AnalysisInputs::SetMCSF] sample : WGtoLNuG
[AnalysisInputs::SetMCSF] => MCSF = 1, MCSF_err = 0.0752381
[AnalysisInputs::SetMCSF] sample : WGtoLNuG_weighted
[AnalysisInputs::SetMCSF] => MCSF = 1, MCSF_err = 0.0752381
[AnalysisInputs::SetCalculatedSysts] Get Systematics from /data8/Users/jskim/HN_dilepton_plotter/data/v8-0-7.37_Approved/Syst.txt
[AnalysisInputs::SetCalculatedSysts] source : Luminosity
[AnalysisInputs::SetCalculatedSysts] => % sysematic = 0.025
[AnalysisInputs::SetCalculatedSysts] source : FakeLooseID
[AnalysisInputs::SetCalculatedSysts] => % sysematic = 0.3
[AnalysisInputs::SetCalculatedSysts] source : ChrageFlipSyst
[AnalysisInputs::SetCalculatedSysts] => % sysematic = 0.16
[CutRangeInfo::ReadCutCard] Get Cutcard from /data8/Users/jskim/HN_dilepton_plotter/data/v8-0-7.37_Approved/CutOpCard/RunDirectory/Cards_MuEl_Bin2/HNMuEl_70.txt
Central	47.6384	28.172	0
_MuonEn_up	47.2409	28.172	0
_MuonEn_down	47.7793	28.172	0
_MuonIDSF_up	48.4488	28.172	0
_MuonIDSF_down	46.9543	28.172	0
_ElectronEn_up	47.2197	28.172	0
_ElectronEn_down	45.2488	28.172	0
_ElectronIDSF_up	47.7383	28.172	0
_ElectronIDSF_down	47.2841	28.172	0
_TriggerSF_up	48.8643	28.172	0
_TriggerSF_down	47.4468	28.172	0
_PU_up	45.912	28.172	0
_PU_down	49.9507	28.172	0
_JetEn_up	43.9334	28.172	0
_JetEn_down	44.517	28.172	0
_JetRes_up	47.2704	28.172	0
_JetRes_down	48.7288	28.172	0
_Unclustered_up	46.4951	28.172	0
_Unclustered_down	46.6024	28.172	0
_BTagSFEff_up	47.6883	28.172	0
_BTagSFEff_down	47.689	28.172	0
_BTagSFMiss_up	47.1227	28.172	0
_BTagSFMiss_down	47.7073	28.172	0
_JetMass_up	47.625	28.172	0
_JetMass_down	47.6292	28.172	0
_JetMassRes_up	47.6321	28.172	0
_JetMassRes_down	47.6451	28.172	0
_Tau21_up	47.1863	28.172	0
_Tau21_down	47.6985	28.172	0

################ Sources ################
Source	SystTotal	SystPrompt	SystFake	Signal
Stat 7.10 10.13  8.47  -nan  7.69
Lumi 1.57  2.50 -  -  2.50
PDF  -  -  -  -  9.00
MuonPt  0.39 0.63  -  -  0.69
MuonID  0.99 1.57  -  -  1.20
ElectronE  2.26 3.60  -  -  1.92
ElectronID  0.34 0.55  -  -  1.02
Trigger  1.16 1.84  -  -  2.76
PU  2.69 4.28  -  -  2.54
JES  4.52 7.19  -  -  9.39
JER  1.07 1.71  -  -  3.86
Uncl  1.44 2.29  -  -  2.24
BEff  0.07 0.11  -  -  0.94
BMiss  0.49 0.77  -  -  0.99
JMS  0.02 0.02  -  -  0.72
JMR  0.01 0.01  -  -  1.04
Tau21  0.43 0.68  -  -  0.51
MCNorm 7.23  11.50 -  -  -
Fake 11.15  -  30.00 - -
CF 0.00  -  -  -nan -
Total Systematic 14.77 15.41  30.00  -nan  14.83

Total Background	75.810
- Prompt	47.638
- Fake	28.172
- CF	0.000
- Obs	65.000

####### Result #######
Signal Eff	0.000858
75.810366 1.163855
111.891017 1.167000
