
Processing CyclesForMixingLimit_MuEl_Bin2/HNMuEl_150.C...
[AnalysisInputs::SetMCSF] Get MC SF from /data8/Users/jskim/HN_dilepton_plotter/data/v8-0-7.37_Approved/MCSF.txt
[AnalysisInputs::SetMCSF] sample : VVV
[AnalysisInputs::SetMCSF] => MCSF = 1, MCSF_err = 0.5
[AnalysisInputs::SetMCSF] sample : WWW
[AnalysisInputs::SetMCSF] => MCSF = 1, MCSF_err = 0.5
[AnalysisInputs::SetMCSF] sample : WWZ
[AnalysisInputs::SetMCSF] => MCSF = 1, MCSF_err = 0.5
[AnalysisInputs::SetMCSF] sample : WZZ
[AnalysisInputs::SetMCSF] => MCSF = 1, MCSF_err = 0.5
[AnalysisInputs::SetMCSF] sample : ZZZ
[AnalysisInputs::SetMCSF] => MCSF = 1, MCSF_err = 0.5
[AnalysisInputs::SetMCSF] sample : ttV
[AnalysisInputs::SetMCSF] => MCSF = 1, MCSF_err = 0.5
[AnalysisInputs::SetMCSF] sample : ttW
[AnalysisInputs::SetMCSF] => MCSF = 1, MCSF_err = 0.5
[AnalysisInputs::SetMCSF] sample : ttZ
[AnalysisInputs::SetMCSF] => MCSF = 1, MCSF_err = 0.5
[AnalysisInputs::SetMCSF] sample : ttH_nonbb
[AnalysisInputs::SetMCSF] => MCSF = 1, MCSF_err = 0.5
[AnalysisInputs::SetMCSF] sample : top
[AnalysisInputs::SetMCSF] => MCSF = 1, MCSF_err = 0.5
[AnalysisInputs::SetMCSF] sample : WWTo2L2Nu_DS
[AnalysisInputs::SetMCSF] => MCSF = 1, MCSF_err = 0.5
[AnalysisInputs::SetMCSF] sample : WpWpEWK
[AnalysisInputs::SetMCSF] => MCSF = 1.3062, MCSF_err = 0.5
[AnalysisInputs::SetMCSF] sample : WpWpQCD
[AnalysisInputs::SetMCSF] => MCSF = 1.70026, MCSF_err = 0.5
[AnalysisInputs::SetMCSF] sample : WZTo3LNu_mllmin01
[AnalysisInputs::SetMCSF] => MCSF = 0.65, MCSF_err = 0.06
[AnalysisInputs::SetMCSF] sample : WZTo3LNu_powheg
[AnalysisInputs::SetMCSF] => MCSF = 1.05149, MCSF_err = 0.064601
[AnalysisInputs::SetMCSF] sample : ZGto2LG
[AnalysisInputs::SetMCSF] => MCSF = 1.09319, MCSF_err = 0.0752381
[AnalysisInputs::SetMCSF] sample : ZZTo4L_powheg
[AnalysisInputs::SetMCSF] => MCSF = 0.97851, MCSF_err = 0.25
[AnalysisInputs::SetMCSF] sample : ggZZto2e2mu
[AnalysisInputs::SetMCSF] => MCSF = 0.97851, MCSF_err = 0.25
[AnalysisInputs::SetMCSF] sample : ggZZto2e2nu
[AnalysisInputs::SetMCSF] => MCSF = 0.97851, MCSF_err = 0.25
[AnalysisInputs::SetMCSF] sample : ggZZto2e2tau
[AnalysisInputs::SetMCSF] => MCSF = 0.97851, MCSF_err = 0.25
[AnalysisInputs::SetMCSF] sample : ggZZto2mu2nu
[AnalysisInputs::SetMCSF] => MCSF = 0.97851, MCSF_err = 0.25
[AnalysisInputs::SetMCSF] sample : ggZZto2mu2tau
[AnalysisInputs::SetMCSF] => MCSF = 0.97851, MCSF_err = 0.25
[AnalysisInputs::SetMCSF] sample : ggZZto4e
[AnalysisInputs::SetMCSF] => MCSF = 0.97851, MCSF_err = 0.25
[AnalysisInputs::SetMCSF] sample : ggZZto4mu
[AnalysisInputs::SetMCSF] => MCSF = 0.97851, MCSF_err = 0.25
[AnalysisInputs::SetMCSF] sample : ggZZto4tau
[AnalysisInputs::SetMCSF] => MCSF = 0.97851, MCSF_err = 0.25
[AnalysisInputs::SetMCSF] sample : ggHtoZZ
[AnalysisInputs::SetMCSF] => MCSF = 0.97851, MCSF_err = 0.25
[AnalysisInputs::SetMCSF] sample : WGtoLNuG
[AnalysisInputs::SetMCSF] => MCSF = 1, MCSF_err = 0.0752381
[AnalysisInputs::SetMCSF] sample : WGtoLNuG_weighted
[AnalysisInputs::SetMCSF] => MCSF = 1, MCSF_err = 0.0752381
[AnalysisInputs::SetCalculatedSysts] Get Systematics from /data8/Users/jskim/HN_dilepton_plotter/data/v8-0-7.37_Approved/Syst.txt
[AnalysisInputs::SetCalculatedSysts] source : Luminosity
[AnalysisInputs::SetCalculatedSysts] => % sysematic = 0.025
[AnalysisInputs::SetCalculatedSysts] source : FakeLooseID
[AnalysisInputs::SetCalculatedSysts] => % sysematic = 0.3
[AnalysisInputs::SetCalculatedSysts] source : ChrageFlipSyst
[AnalysisInputs::SetCalculatedSysts] => % sysematic = 0.16
[CutRangeInfo::ReadCutCard] Get Cutcard from /data8/Users/jskim/HN_dilepton_plotter/data/v8-0-7.37_Approved/CutOpCard/RunDirectory/Cards_MuEl_Bin2/HNMuEl_150.txt
Central	0.575494	0.782491	0
_MuonEn_up	0.587177	0.782491	0
_MuonEn_down	0.587677	0.782491	0
_MuonIDSF_up	0.594194	0.782491	0
_MuonIDSF_down	0.567848	0.782491	0
_ElectronEn_up	0.582253	0.782491	0
_ElectronEn_down	0.574233	0.782491	0
_ElectronIDSF_up	0.588546	0.782491	0
_ElectronIDSF_down	0.580457	0.782491	0
_TriggerSF_up	0.573613	0.782491	0
_TriggerSF_down	0.577766	0.782491	0
_PU_up	0.570839	0.782491	0
_PU_down	0.611824	0.782491	0
_JetEn_up	0.603656	0.782491	0
_JetEn_down	0.604349	0.782491	0
_JetRes_up	0.588838	0.782491	0
_JetRes_down	0.559622	0.782491	0
_Unclustered_up	0.569256	0.782491	0
_Unclustered_down	0.593137	0.782491	0
_BTagSFEff_up	0.579535	0.782491	0
_BTagSFEff_down	0.604616	0.782491	0
_BTagSFMiss_up	0.581541	0.782491	0
_BTagSFMiss_down	0.575931	0.782491	0
_JetMass_up	0.583526	0.782491	0
_JetMass_down	0.536298	0.782491	0
_JetMassRes_up	0.564611	0.782491	0
_JetMassRes_down	0.601641	0.782491	0
_Tau21_up	0.631637	0.782491	0
_Tau21_down	0.525955	0.782491	0

################ Sources ################
Source	SystTotal	SystPrompt	SystFake	Signal
Stat 23.40 21.21  37.50  -nan  8.93
Lumi 1.06  2.50 -  -  2.50
PDF  -  -  -  -  5.00
MuonPt  0.88 2.07  -  -  1.26
MuonID  1.05 2.48  -  -  1.36
ElectronE  0.36 0.84  -  -  0.44
ElectronID  0.73 1.72  -  -  1.82
Trigger  0.15 0.36  -  -  0.91
PU  1.91 4.50  -  -  3.25
JES  2.10 4.95  -  -  3.34
JER  1.08 2.55  -  -  0.81
Uncl  0.97 2.30  -  -  0.48
BEff  1.53 3.61  -  -  0.36
BMiss  0.32 0.74  -  -  0.36
JMS  2.08 4.92  -  -  0.34
JMR  1.47 3.48  -  -  1.05
Tau21  3.90 9.20  -  -  7.52
MCNorm 19.27  45.47 -  -  -
Fake 17.29  -  30.00 - -
CF 0.00  -  -  -nan -
Total Systematic 26.61 47.74  30.00  -nan  10.94

Total Background	1.358
- Prompt	0.575
- Fake	0.782
- CF	0.000
- Obs	2.000

####### Result #######
Signal Eff	0.001378
1.357986 1.354373
0.572203 1.141208
