
Processing CyclesForMixingLimit_MuEl_Bin2/HNMuEl_1200.C...
[AnalysisInputs::SetMCSF] Get MC SF from /data8/Users/jskim/HN_dilepton_plotter/data/v8-0-7.37_Approved/MCSF.txt
[AnalysisInputs::SetMCSF] sample : VVV
[AnalysisInputs::SetMCSF] => MCSF = 1, MCSF_err = 0.5
[AnalysisInputs::SetMCSF] sample : WWW
[AnalysisInputs::SetMCSF] => MCSF = 1, MCSF_err = 0.5
[AnalysisInputs::SetMCSF] sample : WWZ
[AnalysisInputs::SetMCSF] => MCSF = 1, MCSF_err = 0.5
[AnalysisInputs::SetMCSF] sample : WZZ
[AnalysisInputs::SetMCSF] => MCSF = 1, MCSF_err = 0.5
[AnalysisInputs::SetMCSF] sample : ZZZ
[AnalysisInputs::SetMCSF] => MCSF = 1, MCSF_err = 0.5
[AnalysisInputs::SetMCSF] sample : ttV
[AnalysisInputs::SetMCSF] => MCSF = 1, MCSF_err = 0.5
[AnalysisInputs::SetMCSF] sample : ttW
[AnalysisInputs::SetMCSF] => MCSF = 1, MCSF_err = 0.5
[AnalysisInputs::SetMCSF] sample : ttZ
[AnalysisInputs::SetMCSF] => MCSF = 1, MCSF_err = 0.5
[AnalysisInputs::SetMCSF] sample : ttH_nonbb
[AnalysisInputs::SetMCSF] => MCSF = 1, MCSF_err = 0.5
[AnalysisInputs::SetMCSF] sample : top
[AnalysisInputs::SetMCSF] => MCSF = 1, MCSF_err = 0.5
[AnalysisInputs::SetMCSF] sample : WWTo2L2Nu_DS
[AnalysisInputs::SetMCSF] => MCSF = 1, MCSF_err = 0.5
[AnalysisInputs::SetMCSF] sample : WpWpEWK
[AnalysisInputs::SetMCSF] => MCSF = 1.3062, MCSF_err = 0.5
[AnalysisInputs::SetMCSF] sample : WpWpQCD
[AnalysisInputs::SetMCSF] => MCSF = 1.70026, MCSF_err = 0.5
[AnalysisInputs::SetMCSF] sample : WZTo3LNu_mllmin01
[AnalysisInputs::SetMCSF] => MCSF = 0.65, MCSF_err = 0.06
[AnalysisInputs::SetMCSF] sample : WZTo3LNu_powheg
[AnalysisInputs::SetMCSF] => MCSF = 1.05149, MCSF_err = 0.064601
[AnalysisInputs::SetMCSF] sample : ZGto2LG
[AnalysisInputs::SetMCSF] => MCSF = 1.09319, MCSF_err = 0.0752381
[AnalysisInputs::SetMCSF] sample : ZZTo4L_powheg
[AnalysisInputs::SetMCSF] => MCSF = 0.97851, MCSF_err = 0.25
[AnalysisInputs::SetMCSF] sample : ggZZto2e2mu
[AnalysisInputs::SetMCSF] => MCSF = 0.97851, MCSF_err = 0.25
[AnalysisInputs::SetMCSF] sample : ggZZto2e2nu
[AnalysisInputs::SetMCSF] => MCSF = 0.97851, MCSF_err = 0.25
[AnalysisInputs::SetMCSF] sample : ggZZto2e2tau
[AnalysisInputs::SetMCSF] => MCSF = 0.97851, MCSF_err = 0.25
[AnalysisInputs::SetMCSF] sample : ggZZto2mu2nu
[AnalysisInputs::SetMCSF] => MCSF = 0.97851, MCSF_err = 0.25
[AnalysisInputs::SetMCSF] sample : ggZZto2mu2tau
[AnalysisInputs::SetMCSF] => MCSF = 0.97851, MCSF_err = 0.25
[AnalysisInputs::SetMCSF] sample : ggZZto4e
[AnalysisInputs::SetMCSF] => MCSF = 0.97851, MCSF_err = 0.25
[AnalysisInputs::SetMCSF] sample : ggZZto4mu
[AnalysisInputs::SetMCSF] => MCSF = 0.97851, MCSF_err = 0.25
[AnalysisInputs::SetMCSF] sample : ggZZto4tau
[AnalysisInputs::SetMCSF] => MCSF = 0.97851, MCSF_err = 0.25
[AnalysisInputs::SetMCSF] sample : ggHtoZZ
[AnalysisInputs::SetMCSF] => MCSF = 0.97851, MCSF_err = 0.25
[AnalysisInputs::SetMCSF] sample : WGtoLNuG
[AnalysisInputs::SetMCSF] => MCSF = 1, MCSF_err = 0.0752381
[AnalysisInputs::SetMCSF] sample : WGtoLNuG_weighted
[AnalysisInputs::SetMCSF] => MCSF = 1, MCSF_err = 0.0752381
[AnalysisInputs::SetCalculatedSysts] Get Systematics from /data8/Users/jskim/HN_dilepton_plotter/data/v8-0-7.37_Approved/Syst.txt
[AnalysisInputs::SetCalculatedSysts] source : Luminosity
[AnalysisInputs::SetCalculatedSysts] => % sysematic = 0.025
[AnalysisInputs::SetCalculatedSysts] source : FakeLooseID
[AnalysisInputs::SetCalculatedSysts] => % sysematic = 0.3
[AnalysisInputs::SetCalculatedSysts] source : ChrageFlipSyst
[AnalysisInputs::SetCalculatedSysts] => % sysematic = 0.16
[CutRangeInfo::ReadCutCard] Get Cutcard from /data8/Users/jskim/HN_dilepton_plotter/data/v8-0-7.37_Approved/CutOpCard/RunDirectory/Cards_MuEl_Bin2/HNMuEl_1200.txt
Central	0.150125	0	0
_MuonEn_up	0.250147	0	0
_MuonEn_down	0.237749	0	0
_MuonIDSF_up	0.151909	0	0
_MuonIDSF_down	0.148179	0	0
_ElectronEn_up	0.157367	0	0
_ElectronEn_down	0.159579	0	0
_ElectronIDSF_up	0.152788	0	0
_ElectronIDSF_down	0.147422	0	0
_TriggerSF_up	0.150924	0	0
_TriggerSF_down	0.15021	0	0
_PU_up	0.143306	0	0
_PU_down	0.149854	0	0
_JetEn_up	0.155663	0	0
_JetEn_down	0.363543	0	0
_JetRes_up	0.157005	0	0
_JetRes_down	0.239752	0	0
_Unclustered_up	0.155535	0	0
_Unclustered_down	0.263405	0	0
_BTagSFEff_up	0.150125	0	0
_BTagSFEff_down	0.150125	0	0
_BTagSFMiss_up	0.147873	0	0
_BTagSFMiss_down	0.150125	0	0
_JetMass_up	0.111927	0	0
_JetMass_down	0.157683	0	0
_JetMassRes_up	0.149433	0	0
_JetMassRes_down	0.147202	0	0
_Tau21_up	0.161778	0	0
_Tau21_down	0.138512	0	0

################ Sources ################
Source	SystTotal	SystPrompt	SystFake	Signal
Stat 28.73 28.73  -nan  -nan  0.71
Lumi 2.50  2.50 -  -  2.50
PDF  -  -  -  -  5.00
MuonPt  62.63 62.63  -  -  0.27
MuonID  1.24 1.24  -  -  1.72
ElectronE  5.61 5.61  -  -  0.15
ElectronID  1.79 1.79  -  -  1.85
Trigger  0.38 0.38  -  -  0.17
PU  3.21 3.21  -  -  0.97
JES  100.56 100.56  -  -  0.05
JER  42.34 42.34  -  -  0.26
Uncl  53.42 53.42  -  -  0.14
BEff  0.00 0.00  -  -  0.54
BMiss  1.06 1.06  -  -  0.45
JMS  18.34 18.34  -  -  0.04
JMR  1.41 1.41  -  -  0.02
Tau21  7.75 7.75  -  -  8.21
MCNorm 56.33  56.33 -  -  -
Fake 0.00  -  -nan - -
CF 0.00  -  -  -nan -
Total Systematic 149.35 149.35  -nan  -nan  10.33

Total Background	0.150
- Prompt	0.150
- Fake	0.000
- CF	0.000
- Obs	0.000

####### Result #######
Signal Eff	0.259410
0.150125 2.520889
0.020075 1.103559
