
Processing CyclesForMixingLimit_MuEl_Bin2/HNMuEl_900.C...
[AnalysisInputs::SetMCSF] Get MC SF from /data8/Users/jskim/HN_dilepton_plotter/data/v8-0-7.37_ForApproval/MCSF.txt
[AnalysisInputs::SetMCSF] sample : VVV
[AnalysisInputs::SetMCSF] => MCSF = 1, MCSF_err = 0.5
[AnalysisInputs::SetMCSF] sample : WWW
[AnalysisInputs::SetMCSF] => MCSF = 1, MCSF_err = 0.5
[AnalysisInputs::SetMCSF] sample : WWZ
[AnalysisInputs::SetMCSF] => MCSF = 1, MCSF_err = 0.5
[AnalysisInputs::SetMCSF] sample : WZZ
[AnalysisInputs::SetMCSF] => MCSF = 1, MCSF_err = 0.5
[AnalysisInputs::SetMCSF] sample : ZZZ
[AnalysisInputs::SetMCSF] => MCSF = 1, MCSF_err = 0.5
[AnalysisInputs::SetMCSF] sample : ttV
[AnalysisInputs::SetMCSF] => MCSF = 1, MCSF_err = 0.5
[AnalysisInputs::SetMCSF] sample : ttW
[AnalysisInputs::SetMCSF] => MCSF = 1, MCSF_err = 0.5
[AnalysisInputs::SetMCSF] sample : ttZ
[AnalysisInputs::SetMCSF] => MCSF = 1, MCSF_err = 0.5
[AnalysisInputs::SetMCSF] sample : ttH_nonbb
[AnalysisInputs::SetMCSF] => MCSF = 1, MCSF_err = 0.5
[AnalysisInputs::SetMCSF] sample : top
[AnalysisInputs::SetMCSF] => MCSF = 1, MCSF_err = 0.5
[AnalysisInputs::SetMCSF] sample : WWTo2L2Nu_DS
[AnalysisInputs::SetMCSF] => MCSF = 1, MCSF_err = 0.5
[AnalysisInputs::SetMCSF] sample : WpWpEWK
[AnalysisInputs::SetMCSF] => MCSF = 1.3062, MCSF_err = 0.5
[AnalysisInputs::SetMCSF] sample : WpWpQCD
[AnalysisInputs::SetMCSF] => MCSF = 1.70026, MCSF_err = 0.5
[AnalysisInputs::SetMCSF] sample : WZTo3LNu_mllmin01
[AnalysisInputs::SetMCSF] => MCSF = 0.65, MCSF_err = 0.06
[AnalysisInputs::SetMCSF] sample : WZTo3LNu_powheg
[AnalysisInputs::SetMCSF] => MCSF = 1.05149, MCSF_err = 0.064601
[AnalysisInputs::SetMCSF] sample : ZGto2LG
[AnalysisInputs::SetMCSF] => MCSF = 1.09319, MCSF_err = 0.0752381
[AnalysisInputs::SetMCSF] sample : ZZTo4L_powheg
[AnalysisInputs::SetMCSF] => MCSF = 0.97851, MCSF_err = 0.25
[AnalysisInputs::SetMCSF] sample : ggZZto2e2mu
[AnalysisInputs::SetMCSF] => MCSF = 0.97851, MCSF_err = 0.25
[AnalysisInputs::SetMCSF] sample : ggZZto2e2nu
[AnalysisInputs::SetMCSF] => MCSF = 0.97851, MCSF_err = 0.25
[AnalysisInputs::SetMCSF] sample : ggZZto2e2tau
[AnalysisInputs::SetMCSF] => MCSF = 0.97851, MCSF_err = 0.25
[AnalysisInputs::SetMCSF] sample : ggZZto2mu2nu
[AnalysisInputs::SetMCSF] => MCSF = 0.97851, MCSF_err = 0.25
[AnalysisInputs::SetMCSF] sample : ggZZto2mu2tau
[AnalysisInputs::SetMCSF] => MCSF = 0.97851, MCSF_err = 0.25
[AnalysisInputs::SetMCSF] sample : ggZZto4e
[AnalysisInputs::SetMCSF] => MCSF = 0.97851, MCSF_err = 0.25
[AnalysisInputs::SetMCSF] sample : ggZZto4mu
[AnalysisInputs::SetMCSF] => MCSF = 0.97851, MCSF_err = 0.25
[AnalysisInputs::SetMCSF] sample : ggZZto4tau
[AnalysisInputs::SetMCSF] => MCSF = 0.97851, MCSF_err = 0.25
[AnalysisInputs::SetMCSF] sample : ggHtoZZ
[AnalysisInputs::SetMCSF] => MCSF = 0.97851, MCSF_err = 0.25
[AnalysisInputs::SetMCSF] sample : WGtoLNuG
[AnalysisInputs::SetMCSF] => MCSF = 1, MCSF_err = 0.0752381
[AnalysisInputs::SetMCSF] sample : WGtoLNuG_weighted
[AnalysisInputs::SetMCSF] => MCSF = 1, MCSF_err = 0.0752381
[AnalysisInputs::SetCalculatedSysts] Get Systematics from /data8/Users/jskim/HN_dilepton_plotter/data/v8-0-7.37_ForApproval/Syst.txt
[AnalysisInputs::SetCalculatedSysts] source : Luminosity
[AnalysisInputs::SetCalculatedSysts] => % sysematic = 0.025
[AnalysisInputs::SetCalculatedSysts] source : FakeLooseID
[AnalysisInputs::SetCalculatedSysts] => % sysematic = 0.3
[AnalysisInputs::SetCalculatedSysts] source : ChrageFlipSyst
[AnalysisInputs::SetCalculatedSysts] => % sysematic = 0.16
[CutRangeInfo::ReadCutCard] Get Cutcard from /data8/Users/jskim/HN_dilepton_plotter/data/v8-0-7.37_ForApproval/CutOpCard/RunDirectory/Cards_MuEl_Bin2/HNMuEl_900.txt
Central	0.33333	0.116647	0
_MuonEn_up	0.331148	0.116647	0
_MuonEn_down	0.32364	0.116647	0
_MuonIDSF_up	0.331225	0.116647	0
_MuonIDSF_down	0.316976	0.116647	0
_ElectronEn_up	0.342982	0.116647	0
_ElectronEn_down	0.326065	0.116647	0
_ElectronIDSF_up	0.344949	0.116647	0
_ElectronIDSF_down	0.311648	0.116647	0
_TriggerSF_up	0.327581	0.116647	0
_TriggerSF_down	0.320204	0.116647	0
_PU_up	0.303916	0.116647	0
_PU_down	0.349966	0.116647	0
_JetEn_up	0.342553	0.116647	0
_JetEn_down	0.371006	0.116647	0
_JetRes_up	0.326481	0.116647	0
_JetRes_down	0.314976	0.116647	0
_Unclustered_up	0.33442	0.116647	0
_Unclustered_down	0.332444	0.116647	0
_BTagSFEff_up	0.32364	0.116647	0
_BTagSFEff_down	0.327401	0.116647	0
_BTagSFMiss_up	0.319472	0.116647	0
_BTagSFMiss_down	0.327252	0.116647	0
_JetMass_up	0.319768	0.116647	0
_JetMass_down	0.327245	0.116647	0
_JetMassRes_up	0.32364	0.116647	0
_JetMassRes_down	0.322149	0.116647	0
_Tau21_up	0.352169	0.116647	0
_Tau21_down	0.291015	0.116647	0

################ Sources ################
Source	SystTotal	SystPrompt	SystFake	Signal
Stat 35.20 31.50  101.69  -nan  0.69
Lumi 1.85  2.50 -  -  2.50
PDF  -  -  -  -  5.00
MuonPt  1.56 2.11  -  -  0.33
MuonID  2.59 3.50  -  -  1.79
ElectronE  1.90 2.56  -  -  0.34
ElectronID  3.87 5.22  -  -  1.97
Trigger  2.25 3.04  -  -  0.16
PU  5.31 7.17  -  -  1.24
JES  6.10 8.23  -  -  0.43
JER  3.08 4.16  -  -  0.40
Uncl  0.22 0.30  -  -  0.12
BEff  1.79 2.41  -  -  0.50
BMiss  2.38 3.21  -  -  0.42
JMS  2.34 3.15  -  -  0.15
JMR  2.33 3.14  -  -  0.17
Tau21  7.28 9.83  -  -  7.96
MCNorm 32.35  43.67 -  -  -
Fake 7.78  -  30.00 - -
CF 0.00  -  -  -nan -
Total Systematic 35.93 47.35  30.00  -nan  10.21

Total Background	0.450
- Prompt	0.333
- Fake	0.117
- CF	0.000
- Obs	0.000

####### Result #######
Signal Eff	0.256417
0.449977 1.503003
0.079200 1.102339
