
Processing CyclesForMixingLimit_MuEl_Bin2/HNMuEl_600_VBF.C...
[AnalysisInputs::SetMCSF] Get MC SF from /data8/Users/jskim/HN_dilepton_plotter/data/v8-0-7.37_Approved/MCSF.txt
[AnalysisInputs::SetMCSF] sample : VVV
[AnalysisInputs::SetMCSF] => MCSF = 1, MCSF_err = 0.5
[AnalysisInputs::SetMCSF] sample : WWW
[AnalysisInputs::SetMCSF] => MCSF = 1, MCSF_err = 0.5
[AnalysisInputs::SetMCSF] sample : WWZ
[AnalysisInputs::SetMCSF] => MCSF = 1, MCSF_err = 0.5
[AnalysisInputs::SetMCSF] sample : WZZ
[AnalysisInputs::SetMCSF] => MCSF = 1, MCSF_err = 0.5
[AnalysisInputs::SetMCSF] sample : ZZZ
[AnalysisInputs::SetMCSF] => MCSF = 1, MCSF_err = 0.5
[AnalysisInputs::SetMCSF] sample : ttV
[AnalysisInputs::SetMCSF] => MCSF = 1, MCSF_err = 0.5
[AnalysisInputs::SetMCSF] sample : ttW
[AnalysisInputs::SetMCSF] => MCSF = 1, MCSF_err = 0.5
[AnalysisInputs::SetMCSF] sample : ttZ
[AnalysisInputs::SetMCSF] => MCSF = 1, MCSF_err = 0.5
[AnalysisInputs::SetMCSF] sample : ttH_nonbb
[AnalysisInputs::SetMCSF] => MCSF = 1, MCSF_err = 0.5
[AnalysisInputs::SetMCSF] sample : top
[AnalysisInputs::SetMCSF] => MCSF = 1, MCSF_err = 0.5
[AnalysisInputs::SetMCSF] sample : WWTo2L2Nu_DS
[AnalysisInputs::SetMCSF] => MCSF = 1, MCSF_err = 0.5
[AnalysisInputs::SetMCSF] sample : WpWpEWK
[AnalysisInputs::SetMCSF] => MCSF = 1.3062, MCSF_err = 0.5
[AnalysisInputs::SetMCSF] sample : WpWpQCD
[AnalysisInputs::SetMCSF] => MCSF = 1.70026, MCSF_err = 0.5
[AnalysisInputs::SetMCSF] sample : WZTo3LNu_mllmin01
[AnalysisInputs::SetMCSF] => MCSF = 0.65, MCSF_err = 0.06
[AnalysisInputs::SetMCSF] sample : WZTo3LNu_powheg
[AnalysisInputs::SetMCSF] => MCSF = 1.05149, MCSF_err = 0.064601
[AnalysisInputs::SetMCSF] sample : ZGto2LG
[AnalysisInputs::SetMCSF] => MCSF = 1.09319, MCSF_err = 0.0752381
[AnalysisInputs::SetMCSF] sample : ZZTo4L_powheg
[AnalysisInputs::SetMCSF] => MCSF = 0.97851, MCSF_err = 0.25
[AnalysisInputs::SetMCSF] sample : ggZZto2e2mu
[AnalysisInputs::SetMCSF] => MCSF = 0.97851, MCSF_err = 0.25
[AnalysisInputs::SetMCSF] sample : ggZZto2e2nu
[AnalysisInputs::SetMCSF] => MCSF = 0.97851, MCSF_err = 0.25
[AnalysisInputs::SetMCSF] sample : ggZZto2e2tau
[AnalysisInputs::SetMCSF] => MCSF = 0.97851, MCSF_err = 0.25
[AnalysisInputs::SetMCSF] sample : ggZZto2mu2nu
[AnalysisInputs::SetMCSF] => MCSF = 0.97851, MCSF_err = 0.25
[AnalysisInputs::SetMCSF] sample : ggZZto2mu2tau
[AnalysisInputs::SetMCSF] => MCSF = 0.97851, MCSF_err = 0.25
[AnalysisInputs::SetMCSF] sample : ggZZto4e
[AnalysisInputs::SetMCSF] => MCSF = 0.97851, MCSF_err = 0.25
[AnalysisInputs::SetMCSF] sample : ggZZto4mu
[AnalysisInputs::SetMCSF] => MCSF = 0.97851, MCSF_err = 0.25
[AnalysisInputs::SetMCSF] sample : ggZZto4tau
[AnalysisInputs::SetMCSF] => MCSF = 0.97851, MCSF_err = 0.25
[AnalysisInputs::SetMCSF] sample : ggHtoZZ
[AnalysisInputs::SetMCSF] => MCSF = 0.97851, MCSF_err = 0.25
[AnalysisInputs::SetMCSF] sample : WGtoLNuG
[AnalysisInputs::SetMCSF] => MCSF = 1, MCSF_err = 0.0752381
[AnalysisInputs::SetMCSF] sample : WGtoLNuG_weighted
[AnalysisInputs::SetMCSF] => MCSF = 1, MCSF_err = 0.0752381
[AnalysisInputs::SetCalculatedSysts] Get Systematics from /data8/Users/jskim/HN_dilepton_plotter/data/v8-0-7.37_Approved/Syst.txt
[AnalysisInputs::SetCalculatedSysts] source : Luminosity
[AnalysisInputs::SetCalculatedSysts] => % sysematic = 0.025
[AnalysisInputs::SetCalculatedSysts] source : FakeLooseID
[AnalysisInputs::SetCalculatedSysts] => % sysematic = 0.3
[AnalysisInputs::SetCalculatedSysts] source : ChrageFlipSyst
[AnalysisInputs::SetCalculatedSysts] => % sysematic = 0.16
[CutRangeInfo::ReadCutCard] Get Cutcard from /data8/Users/jskim/HN_dilepton_plotter/data/v8-0-7.37_Approved/CutOpCard/RunDirectory/Cards_MuEl_Bin2/HNMuEl_600.txt
Central	1.38629	0	0
_MuonEn_up	1.50803	0	0
_MuonEn_down	1.49575	0	0
_MuonIDSF_up	1.53288	0	0
_MuonIDSF_down	1.47876	0	0
_ElectronEn_up	1.49158	0	0
_ElectronEn_down	1.48107	0	0
_ElectronIDSF_up	1.52885	0	0
_ElectronIDSF_down	1.47376	0	0
_TriggerSF_up	1.51591	0	0
_TriggerSF_down	1.50178	0	0
_PU_up	1.49276	0	0
_PU_down	1.4962	0	0
_JetEn_up	1.48178	0	0
_JetEn_down	1.54379	0	0
_JetRes_up	1.57885	0	0
_JetRes_down	1.50111	0	0
_Unclustered_up	1.91067	0	0
_Unclustered_down	1.53462	0	0
_BTagSFEff_up	1.49847	0	0
_BTagSFEff_down	1.52204	0	0
_BTagSFMiss_up	1.49865	0	0
_BTagSFMiss_down	1.54068	0	0
_JetMass_up	1.50437	0	0
_JetMass_down	1.49789	0	0
_JetMassRes_up	1.49453	0	0
_JetMassRes_down	1.47137	0	0
_Tau21_up	1.61174	0	0
_Tau21_down	1.39407	0	0

################ Sources ################
Source	SystTotal	SystPrompt	SystFake	Signal
Stat 38.57 38.57  -nan  -nan  0.84
Lumi 2.50  2.50 -  -  2.50
PDF  -  -  -  -  3.90
MuonPt  8.35 8.35  -  -  0.33
MuonID  8.84 8.84  -  -  1.71
ElectronE  7.23 7.23  -  -  0.41
ElectronID  8.53 8.53  -  -  1.93
Trigger  8.85 8.85  -  -  0.32
PU  7.81 7.81  -  -  1.17
JES  9.39 9.39  -  -  0.80
JER  11.44 11.44  -  -  0.94
Uncl  27.80 27.80  -  -  0.06
BEff  8.98 8.98  -  -  0.38
BMiss  9.74 9.74  -  -  0.43
JMS  8.29 8.29  -  -  0.01
JMR  7.02 7.02  -  -  0.24
Tau21  11.51 11.51  -  -  7.55
MCNorm 22.19  22.19 -  -  -
Fake 0.00  -  -nan - -
CF 0.00  -  -  -nan -
Total Systematic 48.25 48.25  -nan  -nan  9.42

Total Background	1.386
- Prompt	1.386
- Fake	0.000
- CF	0.000
- Obs	1.000

####### Result #######
Signal Eff	0.502485
1.386292 1.617696
0.502606 1.094614
