
Processing CyclesForMixingLimit_MuEl_Bin2/HNMuEl_1000.C...
[AnalysisInputs::SetMCSF] Get MC SF from /data8/Users/jskim/HN_dilepton_plotter/data/v8-0-7.37_ForApproval/MCSF.txt
[AnalysisInputs::SetMCSF] sample : VVV
[AnalysisInputs::SetMCSF] => MCSF = 1, MCSF_err = 0.5
[AnalysisInputs::SetMCSF] sample : WWW
[AnalysisInputs::SetMCSF] => MCSF = 1, MCSF_err = 0.5
[AnalysisInputs::SetMCSF] sample : WWZ
[AnalysisInputs::SetMCSF] => MCSF = 1, MCSF_err = 0.5
[AnalysisInputs::SetMCSF] sample : WZZ
[AnalysisInputs::SetMCSF] => MCSF = 1, MCSF_err = 0.5
[AnalysisInputs::SetMCSF] sample : ZZZ
[AnalysisInputs::SetMCSF] => MCSF = 1, MCSF_err = 0.5
[AnalysisInputs::SetMCSF] sample : ttV
[AnalysisInputs::SetMCSF] => MCSF = 1, MCSF_err = 0.5
[AnalysisInputs::SetMCSF] sample : ttW
[AnalysisInputs::SetMCSF] => MCSF = 1, MCSF_err = 0.5
[AnalysisInputs::SetMCSF] sample : ttZ
[AnalysisInputs::SetMCSF] => MCSF = 1, MCSF_err = 0.5
[AnalysisInputs::SetMCSF] sample : ttH_nonbb
[AnalysisInputs::SetMCSF] => MCSF = 1, MCSF_err = 0.5
[AnalysisInputs::SetMCSF] sample : top
[AnalysisInputs::SetMCSF] => MCSF = 1, MCSF_err = 0.5
[AnalysisInputs::SetMCSF] sample : WWTo2L2Nu_DS
[AnalysisInputs::SetMCSF] => MCSF = 1, MCSF_err = 0.5
[AnalysisInputs::SetMCSF] sample : WpWpEWK
[AnalysisInputs::SetMCSF] => MCSF = 1.3062, MCSF_err = 0.5
[AnalysisInputs::SetMCSF] sample : WpWpQCD
[AnalysisInputs::SetMCSF] => MCSF = 1.70026, MCSF_err = 0.5
[AnalysisInputs::SetMCSF] sample : WZTo3LNu_mllmin01
[AnalysisInputs::SetMCSF] => MCSF = 0.65, MCSF_err = 0.06
[AnalysisInputs::SetMCSF] sample : WZTo3LNu_powheg
[AnalysisInputs::SetMCSF] => MCSF = 1.05149, MCSF_err = 0.064601
[AnalysisInputs::SetMCSF] sample : ZGto2LG
[AnalysisInputs::SetMCSF] => MCSF = 1.09319, MCSF_err = 0.0752381
[AnalysisInputs::SetMCSF] sample : ZZTo4L_powheg
[AnalysisInputs::SetMCSF] => MCSF = 0.97851, MCSF_err = 0.25
[AnalysisInputs::SetMCSF] sample : ggZZto2e2mu
[AnalysisInputs::SetMCSF] => MCSF = 0.97851, MCSF_err = 0.25
[AnalysisInputs::SetMCSF] sample : ggZZto2e2nu
[AnalysisInputs::SetMCSF] => MCSF = 0.97851, MCSF_err = 0.25
[AnalysisInputs::SetMCSF] sample : ggZZto2e2tau
[AnalysisInputs::SetMCSF] => MCSF = 0.97851, MCSF_err = 0.25
[AnalysisInputs::SetMCSF] sample : ggZZto2mu2nu
[AnalysisInputs::SetMCSF] => MCSF = 0.97851, MCSF_err = 0.25
[AnalysisInputs::SetMCSF] sample : ggZZto2mu2tau
[AnalysisInputs::SetMCSF] => MCSF = 0.97851, MCSF_err = 0.25
[AnalysisInputs::SetMCSF] sample : ggZZto4e
[AnalysisInputs::SetMCSF] => MCSF = 0.97851, MCSF_err = 0.25
[AnalysisInputs::SetMCSF] sample : ggZZto4mu
[AnalysisInputs::SetMCSF] => MCSF = 0.97851, MCSF_err = 0.25
[AnalysisInputs::SetMCSF] sample : ggZZto4tau
[AnalysisInputs::SetMCSF] => MCSF = 0.97851, MCSF_err = 0.25
[AnalysisInputs::SetMCSF] sample : ggHtoZZ
[AnalysisInputs::SetMCSF] => MCSF = 0.97851, MCSF_err = 0.25
[AnalysisInputs::SetMCSF] sample : WGtoLNuG
[AnalysisInputs::SetMCSF] => MCSF = 1, MCSF_err = 0.0752381
[AnalysisInputs::SetMCSF] sample : WGtoLNuG_weighted
[AnalysisInputs::SetMCSF] => MCSF = 1, MCSF_err = 0.0752381
[AnalysisInputs::SetCalculatedSysts] Get Systematics from /data8/Users/jskim/HN_dilepton_plotter/data/v8-0-7.37_ForApproval/Syst.txt
[AnalysisInputs::SetCalculatedSysts] source : Luminosity
[AnalysisInputs::SetCalculatedSysts] => % sysematic = 0.025
[AnalysisInputs::SetCalculatedSysts] source : FakeLooseID
[AnalysisInputs::SetCalculatedSysts] => % sysematic = 0.3
[AnalysisInputs::SetCalculatedSysts] source : ChrageFlipSyst
[AnalysisInputs::SetCalculatedSysts] => % sysematic = 0.16
[CutRangeInfo::ReadCutCard] Get Cutcard from /data8/Users/jskim/HN_dilepton_plotter/data/v8-0-7.37_ForApproval/CutOpCard/RunDirectory/Cards_MuEl_Bin2/HNMuEl_1000.txt
Central	0.190825	0	0
_MuonEn_up	0.278013	0	0
_MuonEn_down	0.198901	0	0
_MuonIDSF_up	0.191237	0	0
_MuonIDSF_down	0.183119	0	0
_ElectronEn_up	0.195398	0	0
_ElectronEn_down	0.289999	0	0
_ElectronIDSF_up	0.187962	0	0
_ElectronIDSF_down	0.176795	0	0
_TriggerSF_up	0.188022	0	0
_TriggerSF_down	0.184655	0	0
_PU_up	0.180542	0	0
_PU_down	0.192	0	0
_JetEn_up	0.198264	0	0
_JetEn_down	0.303466	0	0
_JetRes_up	0.290037	0	0
_JetRes_down	0.19007	0	0
_Unclustered_up	0.193153	0	0
_Unclustered_down	0.183293	0	0
_BTagSFEff_up	0.188091	0	0
_BTagSFEff_down	0.194964	0	0
_BTagSFMiss_up	0.177895	0	0
_BTagSFMiss_down	0.188091	0	0
_JetMass_up	0.184219	0	0
_JetMass_down	0.188091	0	0
_JetMassRes_up	0.188091	0	0
_JetMassRes_down	0.179199	0	0
_Tau21_up	0.206132	0	0
_Tau21_down	0.165878	0	0

################ Sources ################
Source	SystTotal	SystPrompt	SystFake	Signal
Stat 24.38 24.38  -nan  -nan  0.72
Lumi 2.50  2.50 -  -  2.50
PDF  -  -  -  -  5.00
MuonPt  32.45 32.45  -  -  0.52
MuonID  2.86 2.86  -  -  1.82
ElectronE  36.79 36.79  -  -  0.28
ElectronID  5.31 5.31  -  -  1.87
Trigger  2.51 2.51  -  -  0.15
PU  3.84 3.84  -  -  1.15
JES  41.83 41.83  -  -  0.62
JER  36.76 36.76  -  -  0.66
Uncl  2.92 2.92  -  -  0.03
BEff  1.84 1.84  -  -  0.48
BMiss  4.90 4.90  -  -  0.43
JMS  2.65 2.65  -  -  0.09
JMR  4.43 4.43  -  -  0.04
Tau21  10.85 10.85  -  -  8.05
MCNorm 57.49  57.49 -  -  -
Fake 0.00  -  -nan - -
CF 0.00  -  -  -nan -
Total Systematic 95.17 95.17  -nan  -nan  10.29

Total Background	0.191
- Prompt	0.191
- Fake	0.000
- CF	0.000
- Obs	0.000

####### Result #######
Signal Eff	0.235042
0.190825 1.982400
0.045094 1.103146
