
Processing CyclesForMixingLimit_MuEl_Bin2/HNMuEl_250.C...
[AnalysisInputs::SetMCSF] Get MC SF from /data8/Users/jskim/HN_dilepton_plotter/data/v8-0-7.37_Approved/MCSF.txt
[AnalysisInputs::SetMCSF] sample : VVV
[AnalysisInputs::SetMCSF] => MCSF = 1, MCSF_err = 0.5
[AnalysisInputs::SetMCSF] sample : WWW
[AnalysisInputs::SetMCSF] => MCSF = 1, MCSF_err = 0.5
[AnalysisInputs::SetMCSF] sample : WWZ
[AnalysisInputs::SetMCSF] => MCSF = 1, MCSF_err = 0.5
[AnalysisInputs::SetMCSF] sample : WZZ
[AnalysisInputs::SetMCSF] => MCSF = 1, MCSF_err = 0.5
[AnalysisInputs::SetMCSF] sample : ZZZ
[AnalysisInputs::SetMCSF] => MCSF = 1, MCSF_err = 0.5
[AnalysisInputs::SetMCSF] sample : ttV
[AnalysisInputs::SetMCSF] => MCSF = 1, MCSF_err = 0.5
[AnalysisInputs::SetMCSF] sample : ttW
[AnalysisInputs::SetMCSF] => MCSF = 1, MCSF_err = 0.5
[AnalysisInputs::SetMCSF] sample : ttZ
[AnalysisInputs::SetMCSF] => MCSF = 1, MCSF_err = 0.5
[AnalysisInputs::SetMCSF] sample : ttH_nonbb
[AnalysisInputs::SetMCSF] => MCSF = 1, MCSF_err = 0.5
[AnalysisInputs::SetMCSF] sample : top
[AnalysisInputs::SetMCSF] => MCSF = 1, MCSF_err = 0.5
[AnalysisInputs::SetMCSF] sample : WWTo2L2Nu_DS
[AnalysisInputs::SetMCSF] => MCSF = 1, MCSF_err = 0.5
[AnalysisInputs::SetMCSF] sample : WpWpEWK
[AnalysisInputs::SetMCSF] => MCSF = 1.3062, MCSF_err = 0.5
[AnalysisInputs::SetMCSF] sample : WpWpQCD
[AnalysisInputs::SetMCSF] => MCSF = 1.70026, MCSF_err = 0.5
[AnalysisInputs::SetMCSF] sample : WZTo3LNu_mllmin01
[AnalysisInputs::SetMCSF] => MCSF = 0.65, MCSF_err = 0.06
[AnalysisInputs::SetMCSF] sample : WZTo3LNu_powheg
[AnalysisInputs::SetMCSF] => MCSF = 1.05149, MCSF_err = 0.064601
[AnalysisInputs::SetMCSF] sample : ZGto2LG
[AnalysisInputs::SetMCSF] => MCSF = 1.09319, MCSF_err = 0.0752381
[AnalysisInputs::SetMCSF] sample : ZZTo4L_powheg
[AnalysisInputs::SetMCSF] => MCSF = 0.97851, MCSF_err = 0.25
[AnalysisInputs::SetMCSF] sample : ggZZto2e2mu
[AnalysisInputs::SetMCSF] => MCSF = 0.97851, MCSF_err = 0.25
[AnalysisInputs::SetMCSF] sample : ggZZto2e2nu
[AnalysisInputs::SetMCSF] => MCSF = 0.97851, MCSF_err = 0.25
[AnalysisInputs::SetMCSF] sample : ggZZto2e2tau
[AnalysisInputs::SetMCSF] => MCSF = 0.97851, MCSF_err = 0.25
[AnalysisInputs::SetMCSF] sample : ggZZto2mu2nu
[AnalysisInputs::SetMCSF] => MCSF = 0.97851, MCSF_err = 0.25
[AnalysisInputs::SetMCSF] sample : ggZZto2mu2tau
[AnalysisInputs::SetMCSF] => MCSF = 0.97851, MCSF_err = 0.25
[AnalysisInputs::SetMCSF] sample : ggZZto4e
[AnalysisInputs::SetMCSF] => MCSF = 0.97851, MCSF_err = 0.25
[AnalysisInputs::SetMCSF] sample : ggZZto4mu
[AnalysisInputs::SetMCSF] => MCSF = 0.97851, MCSF_err = 0.25
[AnalysisInputs::SetMCSF] sample : ggZZto4tau
[AnalysisInputs::SetMCSF] => MCSF = 0.97851, MCSF_err = 0.25
[AnalysisInputs::SetMCSF] sample : ggHtoZZ
[AnalysisInputs::SetMCSF] => MCSF = 0.97851, MCSF_err = 0.25
[AnalysisInputs::SetMCSF] sample : WGtoLNuG
[AnalysisInputs::SetMCSF] => MCSF = 1, MCSF_err = 0.0752381
[AnalysisInputs::SetMCSF] sample : WGtoLNuG_weighted
[AnalysisInputs::SetMCSF] => MCSF = 1, MCSF_err = 0.0752381
[AnalysisInputs::SetCalculatedSysts] Get Systematics from /data8/Users/jskim/HN_dilepton_plotter/data/v8-0-7.37_Approved/Syst.txt
[AnalysisInputs::SetCalculatedSysts] source : Luminosity
[AnalysisInputs::SetCalculatedSysts] => % sysematic = 0.025
[AnalysisInputs::SetCalculatedSysts] source : FakeLooseID
[AnalysisInputs::SetCalculatedSysts] => % sysematic = 0.3
[AnalysisInputs::SetCalculatedSysts] source : ChrageFlipSyst
[AnalysisInputs::SetCalculatedSysts] => % sysematic = 0.16
[CutRangeInfo::ReadCutCard] Get Cutcard from /data8/Users/jskim/HN_dilepton_plotter/data/v8-0-7.37_Approved/CutOpCard/RunDirectory/Cards_MuEl_Bin2/HNMuEl_250.txt
Central	1.02695	0.202332	0
_MuonEn_up	0.997275	0.202332	0
_MuonEn_down	1.0401	0.202332	0
_MuonIDSF_up	1.05687	0.202332	0
_MuonIDSF_down	1.02399	0.202332	0
_ElectronEn_up	1.0253	0.202332	0
_ElectronEn_down	1.02787	0.202332	0
_ElectronIDSF_up	1.04996	0.202332	0
_ElectronIDSF_down	0.978211	0.202332	0
_TriggerSF_up	1.04692	0.202332	0
_TriggerSF_down	1.03609	0.202332	0
_PU_up	1.0534	0.202332	0
_PU_down	1.02177	0.202332	0
_JetEn_up	0.987821	0.202332	0
_JetEn_down	1.11168	0.202332	0
_JetRes_up	1.05019	0.202332	0
_JetRes_down	0.948093	0.202332	0
_Unclustered_up	1.03221	0.202332	0
_Unclustered_down	1.04176	0.202332	0
_BTagSFEff_up	1.02816	0.202332	0
_BTagSFEff_down	1.04147	0.202332	0
_BTagSFMiss_up	1.02609	0.202332	0
_BTagSFMiss_down	1.03809	0.202332	0
_JetMass_up	1.02919	0.202332	0
_JetMass_down	1.04271	0.202332	0
_JetMassRes_up	1.03334	0.202332	0
_JetMassRes_down	1.03796	0.202332	0
_Tau21_up	1.1163	0.202332	0
_Tau21_down	0.9598	0.202332	0

################ Sources ################
Source	SystTotal	SystPrompt	SystFake	Signal
Stat 20.77 21.01  67.44  -nan  2.59
Lumi 2.09  2.50 -  -  2.50
PDF  -  -  -  -  5.00
MuonPt  1.87 2.23  -  -  0.58
MuonID  1.73 2.07  -  -  2.00
ElectronE  0.11 0.13  -  -  0.24
ElectronID  3.10 3.71  -  -  1.49
Trigger  1.26 1.51  -  -  0.34
PU  1.55 1.86  -  -  1.53
JES  5.37 6.43  -  -  0.53
JER  4.73 5.66  -  -  0.84
Uncl  0.90 1.08  -  -  0.09
BEff  0.84 1.00  -  -  0.34
BMiss  0.64 0.77  -  -  0.68
JMS  0.92 1.10  -  -  0.16
JMR  0.73 0.88  -  -  0.44
Tau21  6.43 7.70  -  -  7.24
MCNorm 25.75  30.82 -  -  -
Fake 4.94  -  30.00 - -
CF 0.00  -  -  -nan -
Total Systematic 28.42 33.50  30.00  -nan  9.72

Total Background	1.229
- Prompt	1.027
- Fake	0.202
- CF	0.000
- Obs	2.000

####### Result #######
Signal Eff	0.017353
1.229284 1.351984
0.924163 1.100638
