
Processing CyclesForMixingLimit_MuEl_Bin2/HNMuEl_1100_VBF.C...
[AnalysisInputs::SetMCSF] Get MC SF from /data8/Users/jskim/HN_dilepton_plotter/data/v8-0-7.37_ForApproval/MCSF.txt
[AnalysisInputs::SetMCSF] sample : VVV
[AnalysisInputs::SetMCSF] => MCSF = 1, MCSF_err = 0.5
[AnalysisInputs::SetMCSF] sample : WWW
[AnalysisInputs::SetMCSF] => MCSF = 1, MCSF_err = 0.5
[AnalysisInputs::SetMCSF] sample : WWZ
[AnalysisInputs::SetMCSF] => MCSF = 1, MCSF_err = 0.5
[AnalysisInputs::SetMCSF] sample : WZZ
[AnalysisInputs::SetMCSF] => MCSF = 1, MCSF_err = 0.5
[AnalysisInputs::SetMCSF] sample : ZZZ
[AnalysisInputs::SetMCSF] => MCSF = 1, MCSF_err = 0.5
[AnalysisInputs::SetMCSF] sample : ttV
[AnalysisInputs::SetMCSF] => MCSF = 1, MCSF_err = 0.5
[AnalysisInputs::SetMCSF] sample : ttW
[AnalysisInputs::SetMCSF] => MCSF = 1, MCSF_err = 0.5
[AnalysisInputs::SetMCSF] sample : ttZ
[AnalysisInputs::SetMCSF] => MCSF = 1, MCSF_err = 0.5
[AnalysisInputs::SetMCSF] sample : ttH_nonbb
[AnalysisInputs::SetMCSF] => MCSF = 1, MCSF_err = 0.5
[AnalysisInputs::SetMCSF] sample : top
[AnalysisInputs::SetMCSF] => MCSF = 1, MCSF_err = 0.5
[AnalysisInputs::SetMCSF] sample : WWTo2L2Nu_DS
[AnalysisInputs::SetMCSF] => MCSF = 1, MCSF_err = 0.5
[AnalysisInputs::SetMCSF] sample : WpWpEWK
[AnalysisInputs::SetMCSF] => MCSF = 1.3062, MCSF_err = 0.5
[AnalysisInputs::SetMCSF] sample : WpWpQCD
[AnalysisInputs::SetMCSF] => MCSF = 1.70026, MCSF_err = 0.5
[AnalysisInputs::SetMCSF] sample : WZTo3LNu_mllmin01
[AnalysisInputs::SetMCSF] => MCSF = 0.65, MCSF_err = 0.06
[AnalysisInputs::SetMCSF] sample : WZTo3LNu_powheg
[AnalysisInputs::SetMCSF] => MCSF = 1.05149, MCSF_err = 0.064601
[AnalysisInputs::SetMCSF] sample : ZGto2LG
[AnalysisInputs::SetMCSF] => MCSF = 1.09319, MCSF_err = 0.0752381
[AnalysisInputs::SetMCSF] sample : ZZTo4L_powheg
[AnalysisInputs::SetMCSF] => MCSF = 0.97851, MCSF_err = 0.25
[AnalysisInputs::SetMCSF] sample : ggZZto2e2mu
[AnalysisInputs::SetMCSF] => MCSF = 0.97851, MCSF_err = 0.25
[AnalysisInputs::SetMCSF] sample : ggZZto2e2nu
[AnalysisInputs::SetMCSF] => MCSF = 0.97851, MCSF_err = 0.25
[AnalysisInputs::SetMCSF] sample : ggZZto2e2tau
[AnalysisInputs::SetMCSF] => MCSF = 0.97851, MCSF_err = 0.25
[AnalysisInputs::SetMCSF] sample : ggZZto2mu2nu
[AnalysisInputs::SetMCSF] => MCSF = 0.97851, MCSF_err = 0.25
[AnalysisInputs::SetMCSF] sample : ggZZto2mu2tau
[AnalysisInputs::SetMCSF] => MCSF = 0.97851, MCSF_err = 0.25
[AnalysisInputs::SetMCSF] sample : ggZZto4e
[AnalysisInputs::SetMCSF] => MCSF = 0.97851, MCSF_err = 0.25
[AnalysisInputs::SetMCSF] sample : ggZZto4mu
[AnalysisInputs::SetMCSF] => MCSF = 0.97851, MCSF_err = 0.25
[AnalysisInputs::SetMCSF] sample : ggZZto4tau
[AnalysisInputs::SetMCSF] => MCSF = 0.97851, MCSF_err = 0.25
[AnalysisInputs::SetMCSF] sample : ggHtoZZ
[AnalysisInputs::SetMCSF] => MCSF = 0.97851, MCSF_err = 0.25
[AnalysisInputs::SetMCSF] sample : WGtoLNuG
[AnalysisInputs::SetMCSF] => MCSF = 1, MCSF_err = 0.0752381
[AnalysisInputs::SetMCSF] sample : WGtoLNuG_weighted
[AnalysisInputs::SetMCSF] => MCSF = 1, MCSF_err = 0.0752381
[AnalysisInputs::SetCalculatedSysts] Get Systematics from /data8/Users/jskim/HN_dilepton_plotter/data/v8-0-7.37_ForApproval/Syst.txt
[AnalysisInputs::SetCalculatedSysts] source : Luminosity
[AnalysisInputs::SetCalculatedSysts] => % sysematic = 0.025
[AnalysisInputs::SetCalculatedSysts] source : FakeLooseID
[AnalysisInputs::SetCalculatedSysts] => % sysematic = 0.3
[AnalysisInputs::SetCalculatedSysts] source : ChrageFlipSyst
[AnalysisInputs::SetCalculatedSysts] => % sysematic = 0.16
[CutRangeInfo::ReadCutCard] Get Cutcard from /data8/Users/jskim/HN_dilepton_plotter/data/v8-0-7.37_ForApproval/CutOpCard/RunDirectory/Cards_MuEl_Bin2/HNMuEl_1100.txt
Central	0.307861	0	0
_MuonEn_up	0.308622	0	0
_MuonEn_down	0.402635	0	0
_MuonIDSF_up	0.315636	0	0
_MuonIDSF_down	0.306658	0	0
_ElectronEn_up	0.358423	0	0
_ElectronEn_down	0.323923	0	0
_ElectronIDSF_up	0.31696	0	0
_ElectronIDSF_down	0.298584	0	0
_TriggerSF_up	0.305253	0	0
_TriggerSF_down	0.307878	0	0
_PU_up	0.30131	0	0
_PU_down	0.302985	0	0
_JetEn_up	0.356902	0	0
_JetEn_down	0.531812	0	0
_JetRes_up	0.329093	0	0
_JetRes_down	0.404638	0	0
_Unclustered_up	0.316638	0	0
_Unclustered_down	0.414239	0	0
_BTagSFEff_up	0.311228	0	0
_BTagSFEff_down	0.318101	0	0
_BTagSFMiss_up	0.301949	0	0
_BTagSFMiss_down	0.307861	0	0
_JetMass_up	0.273031	0	0
_JetMass_down	0.318786	0	0
_JetMassRes_up	0.310537	0	0
_JetMassRes_down	0.293721	0	0
_Tau21_up	0.236619	0	0
_Tau21_down	0.285764	0	0

################ Sources ################
Source	SystTotal	SystPrompt	SystFake	Signal
Stat 32.23 32.23  -nan  -nan  1.15
Lumi 2.50  2.50 -  -  2.50
PDF  -  -  -  -  2.80
MuonPt  21.77 21.77  -  -  0.18
MuonID  1.81 1.81  -  -  1.70
ElectronE  12.19 12.19  -  -  0.14
ElectronID  2.98 2.98  -  -  1.86
Trigger  0.60 0.60  -  -  0.33
PU  1.88 1.88  -  -  0.92
JES  52.66 52.66  -  -  0.37
JER  22.76 22.76  -  -  0.24
Uncl  24.52 24.52  -  -  0.07
BEff  2.48 2.48  -  -  0.53
BMiss  1.36 1.36  -  -  0.49
JMS  8.38 8.38  -  -  0.10
JMR  3.31 3.31  -  -  0.03
Tau21  17.13 17.13  -  -  7.96
MCNorm 43.49  43.49 -  -  -
Fake 0.00  -  -nan - -
CF 0.00  -  -  -nan -
Total Systematic 82.52 82.52  -nan  -nan  9.25

Total Background	0.308
- Prompt	0.308
- Fake	0.000
- CF	0.000
- Obs	0.000

####### Result #######
Signal Eff	0.463713
0.307861 1.885946
0.080921 1.093185
