
Processing Bin2_HNMuEl_600_VBF.C...
[AnalysisInputs::SetMCSF] Get MC SF from /home/jskim/Documents/trilepton_13TeV/DiLepton/data/v8-0-7.32/MCSF.txt
[AnalysisInputs::SetMCSF] sample : VVV
[AnalysisInputs::SetMCSF] => MCSF = 1, MCSF_err = 0.5
[AnalysisInputs::SetMCSF] sample : WWW
[AnalysisInputs::SetMCSF] => MCSF = 1, MCSF_err = 0.5
[AnalysisInputs::SetMCSF] sample : WWZ
[AnalysisInputs::SetMCSF] => MCSF = 1, MCSF_err = 0.5
[AnalysisInputs::SetMCSF] sample : WZZ
[AnalysisInputs::SetMCSF] => MCSF = 1, MCSF_err = 0.5
[AnalysisInputs::SetMCSF] sample : ZZZ
[AnalysisInputs::SetMCSF] => MCSF = 1, MCSF_err = 0.5
[AnalysisInputs::SetMCSF] sample : ttV
[AnalysisInputs::SetMCSF] => MCSF = 1, MCSF_err = 0.5
[AnalysisInputs::SetMCSF] sample : ttW
[AnalysisInputs::SetMCSF] => MCSF = 1, MCSF_err = 0.5
[AnalysisInputs::SetMCSF] sample : ttZ
[AnalysisInputs::SetMCSF] => MCSF = 1, MCSF_err = 0.5
[AnalysisInputs::SetMCSF] sample : ttH_nonbb
[AnalysisInputs::SetMCSF] => MCSF = 1, MCSF_err = 0.5
[AnalysisInputs::SetMCSF] sample : top
[AnalysisInputs::SetMCSF] => MCSF = 1, MCSF_err = 0.5
[AnalysisInputs::SetMCSF] sample : WZTo3LNu_powheg
[AnalysisInputs::SetMCSF] => MCSF = 0.990529, MCSF_err = 0.0659614
[AnalysisInputs::SetMCSF] sample : ZGto2LG
[AnalysisInputs::SetMCSF] => MCSF = 0.779045, MCSF_err = 0.182441
[AnalysisInputs::SetMCSF] sample : ZZTo4L_powheg
[AnalysisInputs::SetMCSF] => MCSF = 0.93079, MCSF_err = 0.110885
[AnalysisInputs::SetMCSF] sample : ggZZto2e2mu
[AnalysisInputs::SetMCSF] => MCSF = 0.93079, MCSF_err = 0.110885
[AnalysisInputs::SetMCSF] sample : ggZZto2e2nu
[AnalysisInputs::SetMCSF] => MCSF = 0.93079, MCSF_err = 0.110885
[AnalysisInputs::SetMCSF] sample : ggZZto2e2tau
[AnalysisInputs::SetMCSF] => MCSF = 0.93079, MCSF_err = 0.110885
[AnalysisInputs::SetMCSF] sample : ggZZto2mu2nu
[AnalysisInputs::SetMCSF] => MCSF = 0.93079, MCSF_err = 0.110885
[AnalysisInputs::SetMCSF] sample : ggZZto2mu2tau
[AnalysisInputs::SetMCSF] => MCSF = 0.93079, MCSF_err = 0.110885
[AnalysisInputs::SetMCSF] sample : ggZZto4e
[AnalysisInputs::SetMCSF] => MCSF = 0.93079, MCSF_err = 0.110885
[AnalysisInputs::SetMCSF] sample : ggZZto4mu
[AnalysisInputs::SetMCSF] => MCSF = 0.93079, MCSF_err = 0.110885
[AnalysisInputs::SetMCSF] sample : ggZZto4tau
[AnalysisInputs::SetMCSF] => MCSF = 0.93079, MCSF_err = 0.110885
[AnalysisInputs::SetCalculatedSysts] Get Systematics from /home/jskim/Documents/trilepton_13TeV/DiLepton/data/v8-0-7.32/Syst.txt
[AnalysisInputs::SetCalculatedSysts] source : Luminosity
[AnalysisInputs::SetCalculatedSysts] => % sysematic = 0.025
[AnalysisInputs::SetCalculatedSysts] source : FakeLooseID
[AnalysisInputs::SetCalculatedSysts] => % sysematic = 0.3
[AnalysisInputs::SetCalculatedSysts] source : ChrageFlipSyst
[AnalysisInputs::SetCalculatedSysts] => % sysematic = 0.21
[CutRangeInfo::ReadCutCard] Get Cutcard from /home/jskim/Documents/trilepton_13TeV/DiLepton/data/v8-0-7.32/CutOpCard/OPTIMIZED_171030_MuEl_Bin2/HNMuEl_600.txt
prompt_tau21_syst = 0.0993638
signal_tau21_syst = 0.029854
Central	1.3653	0	0
_MuonEn_up	1.52098	0	0
_MuonEn_down	1.12554	0	0
_MuonIDSF_up	1.36517	0	0
_MuonIDSF_down	1.35835	0	0
_ElectronEn_up	1.36447	0	0
_ElectronEn_down	1.36424	0	0
_ElectronIDSF_up	1.38029	0	0
_ElectronIDSF_down	1.34028	0	0
_TriggerSF_up	1.32811	0	0
_TriggerSF_down	1.36652	0	0
_PU_up	1.35679	0	0
_PU_down	1.38726	0	0
_JetEn_up	1.28695	0	0
_JetEn_down	1.44207	0	0
_JetRes_up	1.38044	0	0
_JetRes_down	1.35935	0	0
_Unclustered_up	1.33905	0	0
_Unclustered_down	1.32764	0	0
_BTagSFEff_up	1.35974	0	0
_BTagSFEff_down	1.37366	0	0
_BTagSFMiss_up	1.36233	0	0
_BTagSFMiss_down	1.36671	0	0
_JetMass_up	1.38071	0	0
_JetMass_down	1.36387	0	0
_JetMassRes_up	1.36051	0	0
_JetMassRes_down	1.3662	0	0

################ Sources ################
Source	SystTotal	SystPrompt	SystFake	Signal
Stat 17.12 17.12  -nan  -nan  0.76
Lumi 2.50  2.50 -  -  2.50
PDF  -  -  -  -  8.53
MuonPt  14.81 14.81  -  -  1.06
MuonID  0.36 0.36  -  -  2.11
ElectronE  0.07 0.07  -  -  0.28
ElectronID  1.51 1.51  -  -  2.04
Trigger  1.93 1.93  -  -  0.13
PU  1.22 1.22  -  -  1.02
JES  5.68 5.68  -  -  0.13
JER  0.84 0.84  -  -  0.11
Uncl  2.38 2.38  -  -  0.04
BEff  0.52 0.52  -  -  0.45
BMiss  0.17 0.17  -  -  0.42
JMS  0.80 0.80  -  -  0.01
JMR  0.25 0.25  -  -  0.02
Tau21 7.28  7.28 -  -  7.28
MCNorm 21.04  21.04 -  -  -
Fake 0.00  -  -nan - -
CF 0.00  -  -  -nan -
Total Systematic 27.72 27.72  -nan  -nan  9.50

Total Background	1.365
- Prompt	1.365
- Fake	0.000
- CF	0.000

####### Result #######
Signal Eff	0.246611
1.365295 1.325808
0.409961 1.119950
