
Processing Bin2_HNMuEl_400.C...
[AnalysisInputs::SetMCSF] Get MC SF from /home/jskim/Documents/trilepton_13TeV/DiLepton/data/v8-0-7.32/MCSF.txt
[AnalysisInputs::SetMCSF] sample : VVV
[AnalysisInputs::SetMCSF] => MCSF = 1, MCSF_err = 0.5
[AnalysisInputs::SetMCSF] sample : WWW
[AnalysisInputs::SetMCSF] => MCSF = 1, MCSF_err = 0.5
[AnalysisInputs::SetMCSF] sample : WWZ
[AnalysisInputs::SetMCSF] => MCSF = 1, MCSF_err = 0.5
[AnalysisInputs::SetMCSF] sample : WZZ
[AnalysisInputs::SetMCSF] => MCSF = 1, MCSF_err = 0.5
[AnalysisInputs::SetMCSF] sample : ZZZ
[AnalysisInputs::SetMCSF] => MCSF = 1, MCSF_err = 0.5
[AnalysisInputs::SetMCSF] sample : ttV
[AnalysisInputs::SetMCSF] => MCSF = 1, MCSF_err = 0.5
[AnalysisInputs::SetMCSF] sample : ttW
[AnalysisInputs::SetMCSF] => MCSF = 1, MCSF_err = 0.5
[AnalysisInputs::SetMCSF] sample : ttZ
[AnalysisInputs::SetMCSF] => MCSF = 1, MCSF_err = 0.5
[AnalysisInputs::SetMCSF] sample : ttH_nonbb
[AnalysisInputs::SetMCSF] => MCSF = 1, MCSF_err = 0.5
[AnalysisInputs::SetMCSF] sample : top
[AnalysisInputs::SetMCSF] => MCSF = 1, MCSF_err = 0.5
[AnalysisInputs::SetMCSF] sample : WZTo3LNu_powheg
[AnalysisInputs::SetMCSF] => MCSF = 0.990529, MCSF_err = 0.0659614
[AnalysisInputs::SetMCSF] sample : ZGto2LG
[AnalysisInputs::SetMCSF] => MCSF = 0.779045, MCSF_err = 0.182441
[AnalysisInputs::SetMCSF] sample : ZZTo4L_powheg
[AnalysisInputs::SetMCSF] => MCSF = 0.93079, MCSF_err = 0.110885
[AnalysisInputs::SetMCSF] sample : ggZZto2e2mu
[AnalysisInputs::SetMCSF] => MCSF = 0.93079, MCSF_err = 0.110885
[AnalysisInputs::SetMCSF] sample : ggZZto2e2nu
[AnalysisInputs::SetMCSF] => MCSF = 0.93079, MCSF_err = 0.110885
[AnalysisInputs::SetMCSF] sample : ggZZto2e2tau
[AnalysisInputs::SetMCSF] => MCSF = 0.93079, MCSF_err = 0.110885
[AnalysisInputs::SetMCSF] sample : ggZZto2mu2nu
[AnalysisInputs::SetMCSF] => MCSF = 0.93079, MCSF_err = 0.110885
[AnalysisInputs::SetMCSF] sample : ggZZto2mu2tau
[AnalysisInputs::SetMCSF] => MCSF = 0.93079, MCSF_err = 0.110885
[AnalysisInputs::SetMCSF] sample : ggZZto4e
[AnalysisInputs::SetMCSF] => MCSF = 0.93079, MCSF_err = 0.110885
[AnalysisInputs::SetMCSF] sample : ggZZto4mu
[AnalysisInputs::SetMCSF] => MCSF = 0.93079, MCSF_err = 0.110885
[AnalysisInputs::SetMCSF] sample : ggZZto4tau
[AnalysisInputs::SetMCSF] => MCSF = 0.93079, MCSF_err = 0.110885
[AnalysisInputs::SetCalculatedSysts] Get Systematics from /home/jskim/Documents/trilepton_13TeV/DiLepton/data/v8-0-7.32/Syst.txt
[AnalysisInputs::SetCalculatedSysts] source : Luminosity
[AnalysisInputs::SetCalculatedSysts] => % sysematic = 0.025
[AnalysisInputs::SetCalculatedSysts] source : FakeLooseID
[AnalysisInputs::SetCalculatedSysts] => % sysematic = 0.3
[AnalysisInputs::SetCalculatedSysts] source : ChrageFlipSyst
[AnalysisInputs::SetCalculatedSysts] => % sysematic = 0.21
[CutRangeInfo::ReadCutCard] Get Cutcard from /home/jskim/Documents/trilepton_13TeV/DiLepton/data/v8-0-7.32/CutOpCard/OPTIMIZED_171030_MuEl_Bin2/HNMuEl_400.txt
prompt_tau21_syst = 0.339128
signal_tau21_syst = 0.0724177
Central	4.67297	0.118234	0
_MuonEn_up	5.00831	0.118234	0
_MuonEn_down	4.4201	0.118234	0
_MuonIDSF_up	4.71854	0.118234	0
_MuonIDSF_down	4.58482	0.118234	0
_ElectronEn_up	4.64816	0.118234	0
_ElectronEn_down	4.65411	0.118234	0
_ElectronIDSF_up	4.72352	0.118234	0
_ElectronIDSF_down	4.51748	0.118234	0
_TriggerSF_up	4.61746	0.118234	0
_TriggerSF_down	4.65378	0.118234	0
_PU_up	4.25191	0.118234	0
_PU_down	5.06034	0.118234	0
_JetEn_up	4.54595	0.118234	0
_JetEn_down	4.76919	0.118234	0
_JetRes_up	4.6699	0.118234	0
_JetRes_down	3.63237	0.118234	0
_Unclustered_up	4.62328	0.118234	0
_Unclustered_down	4.63901	0.118234	0
_BTagSFEff_up	4.63009	0.118234	0
_BTagSFEff_down	4.65948	0.118234	0
_BTagSFMiss_up	4.56628	0.118234	0
_BTagSFMiss_down	4.64005	0.118234	0
_JetMass_up	4.68374	0.118234	0
_JetMass_down	4.62475	0.118234	0
_JetMassRes_up	4.62983	0.118234	0
_JetMassRes_down	4.59768	0.118234	0

################ Sources ################
Source	SystTotal	SystPrompt	SystFake	Signal
Stat 29.98 30.68  76.80  -nan  0.96
Lumi 2.44  2.50 -  -  2.50
PDF  -  -  -  -  8.53
MuonPt  6.20 6.36  -  -  1.33
MuonID  1.46 1.50  -  -  2.20
ElectronE  0.46 0.47  -  -  0.31
ElectronID  2.41 2.47  -  -  2.15
Trigger  0.87 0.89  -  -  0.14
PU  8.44 8.66  -  -  1.22
JES  2.35 2.41  -  -  0.18
JER  15.36 15.75  -  -  0.28
Uncl  0.89 0.91  -  -  0.11
BEff  0.66 0.68  -  -  0.36
BMiss  1.65 1.69  -  -  0.55
JMS  0.73 0.75  -  -  0.25
JMR  1.28 1.31  -  -  0.27
Tau21 7.08  7.26 -  -  7.27
MCNorm 12.44  12.75 -  -  -
Fake 0.74  -  30.00 - -
CF 0.00  -  -  -nan -
Total Systematic 24.03 24.63  30.00  -nan  9.62

Total Background	4.791
- Prompt	4.673
- Fake	0.118
- CF	0.000

####### Result #######
Signal Eff	0.123283
4.791204 1.384243
0.995697 1.120981
