
Processing Bin2_HNMuEl_50.C...
[AnalysisInputs::SetMCSF] Get MC SF from /home/jskim/Documents/trilepton_13TeV/DiLepton/data/v8-0-7.36/MCSF.txt
[AnalysisInputs::SetMCSF] sample : VVV
[AnalysisInputs::SetMCSF] => MCSF = 1, MCSF_err = 0.5
[AnalysisInputs::SetMCSF] sample : WWW
[AnalysisInputs::SetMCSF] => MCSF = 1, MCSF_err = 0.5
[AnalysisInputs::SetMCSF] sample : WWZ
[AnalysisInputs::SetMCSF] => MCSF = 1, MCSF_err = 0.5
[AnalysisInputs::SetMCSF] sample : WZZ
[AnalysisInputs::SetMCSF] => MCSF = 1, MCSF_err = 0.5
[AnalysisInputs::SetMCSF] sample : ZZZ
[AnalysisInputs::SetMCSF] => MCSF = 1, MCSF_err = 0.5
[AnalysisInputs::SetMCSF] sample : ttV
[AnalysisInputs::SetMCSF] => MCSF = 1, MCSF_err = 0.5
[AnalysisInputs::SetMCSF] sample : ttW
[AnalysisInputs::SetMCSF] => MCSF = 1, MCSF_err = 0.5
[AnalysisInputs::SetMCSF] sample : ttZ
[AnalysisInputs::SetMCSF] => MCSF = 1, MCSF_err = 0.5
[AnalysisInputs::SetMCSF] sample : ttH_nonbb
[AnalysisInputs::SetMCSF] => MCSF = 1, MCSF_err = 0.5
[AnalysisInputs::SetMCSF] sample : top
[AnalysisInputs::SetMCSF] => MCSF = 1, MCSF_err = 0.5
[AnalysisInputs::SetMCSF] sample : WZTo3LNu_powheg
[AnalysisInputs::SetMCSF] => MCSF = 1.00165, MCSF_err = 0.0888561
[AnalysisInputs::SetMCSF] sample : ZGto2LG
[AnalysisInputs::SetMCSF] => MCSF = 0.794861, MCSF_err = 0.155181
[AnalysisInputs::SetMCSF] sample : ZZTo4L_powheg
[AnalysisInputs::SetMCSF] => MCSF = 0.926685, MCSF_err = 0.102827
[AnalysisInputs::SetMCSF] sample : ggZZto2e2mu
[AnalysisInputs::SetMCSF] => MCSF = 0.926685, MCSF_err = 0.102827
[AnalysisInputs::SetMCSF] sample : ggZZto2e2nu
[AnalysisInputs::SetMCSF] => MCSF = 0.926685, MCSF_err = 0.102827
[AnalysisInputs::SetMCSF] sample : ggZZto2e2tau
[AnalysisInputs::SetMCSF] => MCSF = 0.926685, MCSF_err = 0.102827
[AnalysisInputs::SetMCSF] sample : ggZZto2mu2nu
[AnalysisInputs::SetMCSF] => MCSF = 0.926685, MCSF_err = 0.102827
[AnalysisInputs::SetMCSF] sample : ggZZto2mu2tau
[AnalysisInputs::SetMCSF] => MCSF = 0.926685, MCSF_err = 0.102827
[AnalysisInputs::SetMCSF] sample : ggZZto4e
[AnalysisInputs::SetMCSF] => MCSF = 0.926685, MCSF_err = 0.102827
[AnalysisInputs::SetMCSF] sample : ggZZto4mu
[AnalysisInputs::SetMCSF] => MCSF = 0.926685, MCSF_err = 0.102827
[AnalysisInputs::SetMCSF] sample : ggZZto4tau
[AnalysisInputs::SetMCSF] => MCSF = 0.926685, MCSF_err = 0.102827
[AnalysisInputs::SetCalculatedSysts] Get Systematics from /home/jskim/Documents/trilepton_13TeV/DiLepton/data/v8-0-7.36/Syst.txt
[AnalysisInputs::SetCalculatedSysts] source : Luminosity
[AnalysisInputs::SetCalculatedSysts] => % sysematic = 0.025
[AnalysisInputs::SetCalculatedSysts] source : FakeLooseID
[AnalysisInputs::SetCalculatedSysts] => % sysematic = 0.3
[AnalysisInputs::SetCalculatedSysts] source : ChrageFlipSyst
[AnalysisInputs::SetCalculatedSysts] => % sysematic = 0.21
[CutRangeInfo::ReadCutCard] Get Cutcard from /home/jskim/Documents/trilepton_13TeV/DiLepton/data/v8-0-7.36/CutOpCard/OPTIMIZED_171030_MuEl_Bin2/HNMuEl_50.txt
prompt_tau21_syst = 0
signal_tau21_syst = 0
Central	19.0134	17.0275	0
_MuonEn_up	18.9999	17.0275	0
_MuonEn_down	18.8798	17.0275	0
_MuonIDSF_up	20.0188	17.0275	0
_MuonIDSF_down	17.9117	17.0275	0
_ElectronEn_up	20.8553	17.0275	0
_ElectronEn_down	17.2331	17.0275	0
_ElectronIDSF_up	19.2594	17.0275	0
_ElectronIDSF_down	18.7561	17.0275	0
_TriggerSF_up	19.0327	17.0275	0
_TriggerSF_down	19.014	17.0275	0
_PU_up	17.8787	17.0275	0
_PU_down	20.1997	17.0275	0
_JetEn_up	16.9612	17.0275	0
_JetEn_down	19.9926	17.0275	0
_JetRes_up	19.3281	17.0275	0
_JetRes_down	19.6216	17.0275	0
_Unclustered_up	19.1294	17.0275	0
_Unclustered_down	17.9525	17.0275	0
_BTagSFEff_up	19.001	17.0275	0
_BTagSFEff_down	19.0146	17.0275	0
_BTagSFMiss_up	19.0195	17.0275	0
_BTagSFMiss_down	19.0965	17.0275	0
_JetMass_up	19.0134	17.0275	0
_JetMass_down	19.0196	17.0275	0
_JetMassRes_up	18.9175	17.0275	0
_JetMassRes_down	19.0212	17.0275	0

################ Sources ################
Source	SystTotal	SystPrompt	SystFake	Signal
Stat 10.44 18.36  8.28  -nan  4.33
Lumi 1.32  2.50 -  -  2.50
PDF  -  -  -  -  8.53
MuonPt  0.26 0.50  -  -  0.54
MuonID  2.93 5.55  -  -  5.51
ElectronE  5.03 9.53  -  -  2.23
ElectronID  0.70 1.32  -  -  1.57
Trigger  0.04 0.07  -  -  0.34
PU  3.22 6.11  -  -  3.00
JES  4.46 8.46  -  -  2.08
JER  1.34 2.55  -  -  1.00
Uncl  2.09 3.97  -  -  2.84
BEff  0.02 0.05  -  -  0.98
BMiss  0.16 0.31  -  -  0.59
JMS  0.01 0.02  -  -  0.39
JMR  0.19 0.36  -  -  0.19
Tau21 0.00  0.00 -  -  0.00
MCNorm 1.22  2.31 -  -  -
Fake 14.17  -  30.00 - -
CF 0.00  -  -  -nan -
Total Systematic 16.58 16.32  30.00  -nan  11.88

Total Background	36.041
- Prompt	19.013
- Fake	17.027
- CF	0.000

####### Result #######
Signal Eff	0.003765
36.040858 1.195985
2365.505865 1.126436
