
Processing Bin2_HNMuEl_40.C...
[AnalysisInputs::SetMCSF] Get MC SF from /home/jskim/Documents/trilepton_13TeV/DiLepton/data/v8-0-7.36/MCSF.txt
[AnalysisInputs::SetMCSF] sample : VVV
[AnalysisInputs::SetMCSF] => MCSF = 1, MCSF_err = 0.5
[AnalysisInputs::SetMCSF] sample : WWW
[AnalysisInputs::SetMCSF] => MCSF = 1, MCSF_err = 0.5
[AnalysisInputs::SetMCSF] sample : WWZ
[AnalysisInputs::SetMCSF] => MCSF = 1, MCSF_err = 0.5
[AnalysisInputs::SetMCSF] sample : WZZ
[AnalysisInputs::SetMCSF] => MCSF = 1, MCSF_err = 0.5
[AnalysisInputs::SetMCSF] sample : ZZZ
[AnalysisInputs::SetMCSF] => MCSF = 1, MCSF_err = 0.5
[AnalysisInputs::SetMCSF] sample : ttV
[AnalysisInputs::SetMCSF] => MCSF = 1, MCSF_err = 0.5
[AnalysisInputs::SetMCSF] sample : ttW
[AnalysisInputs::SetMCSF] => MCSF = 1, MCSF_err = 0.5
[AnalysisInputs::SetMCSF] sample : ttZ
[AnalysisInputs::SetMCSF] => MCSF = 1, MCSF_err = 0.5
[AnalysisInputs::SetMCSF] sample : ttH_nonbb
[AnalysisInputs::SetMCSF] => MCSF = 1, MCSF_err = 0.5
[AnalysisInputs::SetMCSF] sample : top
[AnalysisInputs::SetMCSF] => MCSF = 1, MCSF_err = 0.5
[AnalysisInputs::SetMCSF] sample : WZTo3LNu_powheg
[AnalysisInputs::SetMCSF] => MCSF = 1.00165, MCSF_err = 0.0888561
[AnalysisInputs::SetMCSF] sample : ZGto2LG
[AnalysisInputs::SetMCSF] => MCSF = 0.794861, MCSF_err = 0.155181
[AnalysisInputs::SetMCSF] sample : ZZTo4L_powheg
[AnalysisInputs::SetMCSF] => MCSF = 0.926685, MCSF_err = 0.102827
[AnalysisInputs::SetMCSF] sample : ggZZto2e2mu
[AnalysisInputs::SetMCSF] => MCSF = 0.926685, MCSF_err = 0.102827
[AnalysisInputs::SetMCSF] sample : ggZZto2e2nu
[AnalysisInputs::SetMCSF] => MCSF = 0.926685, MCSF_err = 0.102827
[AnalysisInputs::SetMCSF] sample : ggZZto2e2tau
[AnalysisInputs::SetMCSF] => MCSF = 0.926685, MCSF_err = 0.102827
[AnalysisInputs::SetMCSF] sample : ggZZto2mu2nu
[AnalysisInputs::SetMCSF] => MCSF = 0.926685, MCSF_err = 0.102827
[AnalysisInputs::SetMCSF] sample : ggZZto2mu2tau
[AnalysisInputs::SetMCSF] => MCSF = 0.926685, MCSF_err = 0.102827
[AnalysisInputs::SetMCSF] sample : ggZZto4e
[AnalysisInputs::SetMCSF] => MCSF = 0.926685, MCSF_err = 0.102827
[AnalysisInputs::SetMCSF] sample : ggZZto4mu
[AnalysisInputs::SetMCSF] => MCSF = 0.926685, MCSF_err = 0.102827
[AnalysisInputs::SetMCSF] sample : ggZZto4tau
[AnalysisInputs::SetMCSF] => MCSF = 0.926685, MCSF_err = 0.102827
[AnalysisInputs::SetCalculatedSysts] Get Systematics from /home/jskim/Documents/trilepton_13TeV/DiLepton/data/v8-0-7.36/Syst.txt
[AnalysisInputs::SetCalculatedSysts] source : Luminosity
[AnalysisInputs::SetCalculatedSysts] => % sysematic = 0.025
[AnalysisInputs::SetCalculatedSysts] source : FakeLooseID
[AnalysisInputs::SetCalculatedSysts] => % sysematic = 0.3
[AnalysisInputs::SetCalculatedSysts] source : ChrageFlipSyst
[AnalysisInputs::SetCalculatedSysts] => % sysematic = 0.21
[CutRangeInfo::ReadCutCard] Get Cutcard from /home/jskim/Documents/trilepton_13TeV/DiLepton/data/v8-0-7.36/CutOpCard/OPTIMIZED_171030_MuEl_Bin2/HNMuEl_40.txt
prompt_tau21_syst = 0
signal_tau21_syst = 0
Central	19.1445	18.969	0
_MuonEn_up	19.141	18.969	0
_MuonEn_down	19.0253	18.969	0
_MuonIDSF_up	19.4522	18.969	0
_MuonIDSF_down	18.827	18.969	0
_ElectronEn_up	21.0329	18.969	0
_ElectronEn_down	17.3471	18.969	0
_ElectronIDSF_up	19.4912	18.969	0
_ElectronIDSF_down	18.8879	18.969	0
_TriggerSF_up	19.1578	18.969	0
_TriggerSF_down	19.1502	18.969	0
_PU_up	18.0102	18.969	0
_PU_down	20.3405	18.969	0
_JetEn_up	17.0981	18.969	0
_JetEn_down	20.1605	18.969	0
_JetRes_up	19.3943	18.969	0
_JetRes_down	19.7546	18.969	0
_Unclustered_up	19.2995	18.969	0
_Unclustered_down	18.0792	18.969	0
_BTagSFEff_up	19.1439	18.969	0
_BTagSFEff_down	19.1506	18.969	0
_BTagSFMiss_up	19.1503	18.969	0
_BTagSFMiss_down	19.1504	18.969	0
_JetMass_up	19.1435	18.969	0
_JetMass_down	19.2222	18.969	0
_JetMassRes_up	19.1463	18.969	0
_JetMassRes_down	19.1498	18.969	0

################ Sources ################
Source	SystTotal	SystPrompt	SystFake	Signal
Stat 10.07 18.42  7.97  -nan  3.92
Lumi 1.26  2.50 -  -  2.50
PDF  -  -  -  -  8.53
MuonPt  0.22 0.44  -  -  0.59
MuonID  0.82 1.63  -  -  1.67
ElectronE  4.84 9.63  -  -  0.84
ElectronID  0.80 1.59  -  -  1.45
Trigger  0.03 0.05  -  -  0.48
PU  3.06 6.09  -  -  2.91
JES  4.24 8.44  -  -  2.90
JER  1.22 2.43  -  -  1.09
Uncl  2.00 3.98  -  -  4.06
BEff  0.01 0.02  -  -  0.12
BMiss  0.02 0.03  -  -  0.29
JMS  0.14 0.29  -  -  0.14
JMR  0.01 0.02  -  -  0.21
Tau21 0.00  0.00 -  -  0.00
MCNorm 1.16  2.30 -  -  -
Fake 14.93  -  30.00 - -
CF 0.00  -  -  -nan -
Total Systematic 16.84 15.48  30.00  -nan  10.95

Total Background	38.114
- Prompt	19.145
- Fake	18.969
- CF	0.000

####### Result #######
Signal Eff	0.004455
38.113532 1.196169
4059.466709 1.116328
