
Processing Bin2_HNMuEl_100.C...
[AnalysisInputs::SetMCSF] Get MC SF from /home/jskim/Documents/trilepton_13TeV/DiLepton/data/v8-0-7.32/MCSF.txt
[AnalysisInputs::SetMCSF] sample : VVV
[AnalysisInputs::SetMCSF] => MCSF = 1, MCSF_err = 0.5
[AnalysisInputs::SetMCSF] sample : WWW
[AnalysisInputs::SetMCSF] => MCSF = 1, MCSF_err = 0.5
[AnalysisInputs::SetMCSF] sample : WWZ
[AnalysisInputs::SetMCSF] => MCSF = 1, MCSF_err = 0.5
[AnalysisInputs::SetMCSF] sample : WZZ
[AnalysisInputs::SetMCSF] => MCSF = 1, MCSF_err = 0.5
[AnalysisInputs::SetMCSF] sample : ZZZ
[AnalysisInputs::SetMCSF] => MCSF = 1, MCSF_err = 0.5
[AnalysisInputs::SetMCSF] sample : ttV
[AnalysisInputs::SetMCSF] => MCSF = 1, MCSF_err = 0.5
[AnalysisInputs::SetMCSF] sample : ttW
[AnalysisInputs::SetMCSF] => MCSF = 1, MCSF_err = 0.5
[AnalysisInputs::SetMCSF] sample : ttZ
[AnalysisInputs::SetMCSF] => MCSF = 1, MCSF_err = 0.5
[AnalysisInputs::SetMCSF] sample : ttH_nonbb
[AnalysisInputs::SetMCSF] => MCSF = 1, MCSF_err = 0.5
[AnalysisInputs::SetMCSF] sample : top
[AnalysisInputs::SetMCSF] => MCSF = 1, MCSF_err = 0.5
[AnalysisInputs::SetMCSF] sample : WZTo3LNu_powheg
[AnalysisInputs::SetMCSF] => MCSF = 0.990529, MCSF_err = 0.0659614
[AnalysisInputs::SetMCSF] sample : ZGto2LG
[AnalysisInputs::SetMCSF] => MCSF = 0.779045, MCSF_err = 0.182441
[AnalysisInputs::SetMCSF] sample : ZZTo4L_powheg
[AnalysisInputs::SetMCSF] => MCSF = 0.93079, MCSF_err = 0.110885
[AnalysisInputs::SetMCSF] sample : ggZZto2e2mu
[AnalysisInputs::SetMCSF] => MCSF = 0.93079, MCSF_err = 0.110885
[AnalysisInputs::SetMCSF] sample : ggZZto2e2nu
[AnalysisInputs::SetMCSF] => MCSF = 0.93079, MCSF_err = 0.110885
[AnalysisInputs::SetMCSF] sample : ggZZto2e2tau
[AnalysisInputs::SetMCSF] => MCSF = 0.93079, MCSF_err = 0.110885
[AnalysisInputs::SetMCSF] sample : ggZZto2mu2nu
[AnalysisInputs::SetMCSF] => MCSF = 0.93079, MCSF_err = 0.110885
[AnalysisInputs::SetMCSF] sample : ggZZto2mu2tau
[AnalysisInputs::SetMCSF] => MCSF = 0.93079, MCSF_err = 0.110885
[AnalysisInputs::SetMCSF] sample : ggZZto4e
[AnalysisInputs::SetMCSF] => MCSF = 0.93079, MCSF_err = 0.110885
[AnalysisInputs::SetMCSF] sample : ggZZto4mu
[AnalysisInputs::SetMCSF] => MCSF = 0.93079, MCSF_err = 0.110885
[AnalysisInputs::SetMCSF] sample : ggZZto4tau
[AnalysisInputs::SetMCSF] => MCSF = 0.93079, MCSF_err = 0.110885
[AnalysisInputs::SetCalculatedSysts] Get Systematics from /home/jskim/Documents/trilepton_13TeV/DiLepton/data/v8-0-7.32/Syst.txt
[AnalysisInputs::SetCalculatedSysts] source : Luminosity
[AnalysisInputs::SetCalculatedSysts] => % sysematic = 0.025
[AnalysisInputs::SetCalculatedSysts] source : FakeLooseID
[AnalysisInputs::SetCalculatedSysts] => % sysematic = 0.3
[AnalysisInputs::SetCalculatedSysts] source : ChrageFlipSyst
[AnalysisInputs::SetCalculatedSysts] => % sysematic = 0.21
[CutRangeInfo::ReadCutCard] Get Cutcard from /home/jskim/Documents/trilepton_13TeV/DiLepton/data/v8-0-7.32/CutOpCard/OPTIMIZED_171030_MuEl_Bin2/HNMuEl_100.txt
prompt_tau21_syst = 1.07081
signal_tau21_syst = 0.0375716
Central	14.4595	4.20145	0
_MuonEn_up	14.7396	4.20145	0
_MuonEn_down	14.2377	4.20145	0
_MuonIDSF_up	14.8396	4.20145	0
_MuonIDSF_down	14.3188	4.20145	0
_ElectronEn_up	14.3967	4.20145	0
_ElectronEn_down	14.5429	4.20145	0
_ElectronIDSF_up	14.7759	4.20145	0
_ElectronIDSF_down	14.1297	4.20145	0
_TriggerSF_up	14.4351	4.20145	0
_TriggerSF_down	14.4857	4.20145	0
_PU_up	14.05	4.20145	0
_PU_down	14.9579	4.20145	0
_JetEn_up	14.2067	4.20145	0
_JetEn_down	14.6308	4.20145	0
_JetRes_up	14.4826	4.20145	0
_JetRes_down	13.4783	4.20145	0
_Unclustered_up	14.3684	4.20145	0
_Unclustered_down	14.4655	4.20145	0
_BTagSFEff_up	14.2604	4.20145	0
_BTagSFEff_down	14.603	4.20145	0
_BTagSFMiss_up	14.2364	4.20145	0
_BTagSFMiss_down	14.6147	4.20145	0
_JetMass_up	14.7566	4.20145	0
_JetMass_down	14.4229	4.20145	0
_JetMassRes_up	14.2406	4.20145	0
_JetMassRes_down	14.7089	4.20145	0

################ Sources ################
Source	SystTotal	SystPrompt	SystFake	Signal
Stat 10.97 13.54  14.29  -nan  22.47
Lumi 1.94  2.50 -  -  2.50
PDF  -  -  -  -  8.53
MuonPt  1.35 1.75  -  -  0.00
MuonID  1.54 1.98  -  -  6.56
ElectronE  0.40 0.51  -  -  5.52
ElectronID  1.73 2.24  -  -  2.57
Trigger  0.14 0.18  -  -  0.00
PU  2.44 3.15  -  -  0.08
JES  1.16 1.49  -  -  0.00
JER  3.72 4.80  -  -  0.00
Uncl  0.35 0.45  -  -  2.54
BEff  0.93 1.20  -  -  0.34
BMiss  1.03 1.33  -  -  0.00
JMS  1.13 1.46  -  -  0.00
JMR  1.26 1.62  -  -  0.00
Tau21 5.74  7.41 -  -  7.21
MCNorm 11.11  14.34 -  -  -
Fake 6.75  -  30.00 - -
CF 0.00  -  -  -nan -
Total Systematic 15.46 17.95  30.00  -nan  12.87

Total Background	18.661
- Prompt	14.460
- Fake	4.201
- CF	0.000

####### Result #######
Signal Eff	0.000174
18.660952 1.189612
0.521306 1.268763
