
Processing CyclesForOptimization_MuMu_Bin2/HNMuMu_1200.C...
[AnalysisInputs::SetMCSF] Get MC SF from /data8/Users/jskim/HN_dilepton_plotter/data/v8-0-7.37_PreApproval/MCSF.txt
[AnalysisInputs::SetMCSF] sample : VVV
[AnalysisInputs::SetMCSF] => MCSF = 1, MCSF_err = 0.5
[AnalysisInputs::SetMCSF] sample : WWW
[AnalysisInputs::SetMCSF] => MCSF = 1, MCSF_err = 0.5
[AnalysisInputs::SetMCSF] sample : WWZ
[AnalysisInputs::SetMCSF] => MCSF = 1, MCSF_err = 0.5
[AnalysisInputs::SetMCSF] sample : WZZ
[AnalysisInputs::SetMCSF] => MCSF = 1, MCSF_err = 0.5
[AnalysisInputs::SetMCSF] sample : ZZZ
[AnalysisInputs::SetMCSF] => MCSF = 1, MCSF_err = 0.5
[AnalysisInputs::SetMCSF] sample : ttV
[AnalysisInputs::SetMCSF] => MCSF = 1, MCSF_err = 0.5
[AnalysisInputs::SetMCSF] sample : ttW
[AnalysisInputs::SetMCSF] => MCSF = 1, MCSF_err = 0.5
[AnalysisInputs::SetMCSF] sample : ttZ
[AnalysisInputs::SetMCSF] => MCSF = 1, MCSF_err = 0.5
[AnalysisInputs::SetMCSF] sample : ttH_nonbb
[AnalysisInputs::SetMCSF] => MCSF = 1, MCSF_err = 0.5
[AnalysisInputs::SetMCSF] sample : top
[AnalysisInputs::SetMCSF] => MCSF = 1, MCSF_err = 0.5
[AnalysisInputs::SetMCSF] sample : WWTo2L2Nu_DS
[AnalysisInputs::SetMCSF] => MCSF = 1, MCSF_err = 0.5
[AnalysisInputs::SetMCSF] sample : WpWpEWK
[AnalysisInputs::SetMCSF] => MCSF = 1, MCSF_err = 0.5
[AnalysisInputs::SetMCSF] sample : WpWpQCD
[AnalysisInputs::SetMCSF] => MCSF = 1, MCSF_err = 0.5
[AnalysisInputs::SetMCSF] sample : WZTo3LNu_mllmin01
[AnalysisInputs::SetMCSF] => MCSF = 0.65, MCSF_err = 0.06
[AnalysisInputs::SetMCSF] sample : WZTo3LNu_powheg
[AnalysisInputs::SetMCSF] => MCSF = 1.05044, MCSF_err = 0.0648798
[AnalysisInputs::SetMCSF] sample : ZGto2LG
[AnalysisInputs::SetMCSF] => MCSF = 1.09954, MCSF_err = 0.076377
[AnalysisInputs::SetMCSF] sample : WGtoLNuG
[AnalysisInputs::SetMCSF] => MCSF = 1, MCSF_err = 0.076377
[AnalysisInputs::SetMCSF] sample : WGtoLNuG_weighted
[AnalysisInputs::SetMCSF] => MCSF = 1, MCSF_err = 0.076377
[AnalysisInputs::SetMCSF] sample : ZZTo4L_powheg
[AnalysisInputs::SetMCSF] => MCSF = 0.978852, MCSF_err = 0.0792882
[AnalysisInputs::SetMCSF] sample : ggZZto2e2mu
[AnalysisInputs::SetMCSF] => MCSF = 0.978852, MCSF_err = 0.0792882
[AnalysisInputs::SetMCSF] sample : ggZZto2e2nu
[AnalysisInputs::SetMCSF] => MCSF = 0.978852, MCSF_err = 0.0792882
[AnalysisInputs::SetMCSF] sample : ggZZto2e2tau
[AnalysisInputs::SetMCSF] => MCSF = 0.978852, MCSF_err = 0.0792882
[AnalysisInputs::SetMCSF] sample : ggZZto2mu2nu
[AnalysisInputs::SetMCSF] => MCSF = 0.978852, MCSF_err = 0.0792882
[AnalysisInputs::SetMCSF] sample : ggZZto2mu2tau
[AnalysisInputs::SetMCSF] => MCSF = 0.978852, MCSF_err = 0.0792882
[AnalysisInputs::SetMCSF] sample : ggZZto4e
[AnalysisInputs::SetMCSF] => MCSF = 0.978852, MCSF_err = 0.0792882
[AnalysisInputs::SetMCSF] sample : ggZZto4mu
[AnalysisInputs::SetMCSF] => MCSF = 0.978852, MCSF_err = 0.0792882
[AnalysisInputs::SetMCSF] sample : ggZZto4tau
[AnalysisInputs::SetMCSF] => MCSF = 0.978852, MCSF_err = 0.0792882
[AnalysisInputs::SetMCSF] sample : ggHtoZZ
[AnalysisInputs::SetMCSF] => MCSF = 0.978852, MCSF_err = 0.0792882
[AnalysisInputs::SetCalculatedSysts] Get Systematics from /data8/Users/jskim/HN_dilepton_plotter/data/v8-0-7.37_PreApproval/Syst.txt
[AnalysisInputs::SetCalculatedSysts] source : Luminosity
[AnalysisInputs::SetCalculatedSysts] => % sysematic = 0.025
[AnalysisInputs::SetCalculatedSysts] source : FakeLooseID
[AnalysisInputs::SetCalculatedSysts] => % sysematic = 0.3
[AnalysisInputs::SetCalculatedSysts] source : ChrageFlipSyst
[AnalysisInputs::SetCalculatedSysts] => % sysematic = 0.16
[CutRangeInfo::ReadCutCard] Get Cutcard from /data8/Users/jskim/HN_dilepton_plotter/data/v8-0-7.37_PreApproval/CutOpCard/RunDirectory/CyclesForOptimization_MuMu_Bin2/Cards//HNMuMu_1200.txt

##################################################
#### TOTAL # of Loop = 3721
##################################################

[CutRangeInfo::PrintCutRangeInfo] leadingLepton_Pt_>
[CutInfo::PrintCutInfo] leadingLepton_Pt	>	140
[CutRangeInfo::PrintCutRangeInfo] ljj_|<
[CutInfo::PrintCutInfo] ljj	|<	1500
[CutInfo::PrintCutInfo] ljj	|<	1495
[CutInfo::PrintCutInfo] ljj	|<	1490
[CutInfo::PrintCutInfo] ljj	|<	1485
[CutInfo::PrintCutInfo] ljj	|<	1480
[CutInfo::PrintCutInfo] ljj	|<	1475
[CutInfo::PrintCutInfo] ljj	|<	1470
[CutInfo::PrintCutInfo] ljj	|<	1465
[CutInfo::PrintCutInfo] ljj	|<	1460
[CutInfo::PrintCutInfo] ljj	|<	1455
[CutInfo::PrintCutInfo] ljj	|<	1450
[CutInfo::PrintCutInfo] ljj	|<	1445
[CutInfo::PrintCutInfo] ljj	|<	1440
[CutInfo::PrintCutInfo] ljj	|<	1435
[CutInfo::PrintCutInfo] ljj	|<	1430
[CutInfo::PrintCutInfo] ljj	|<	1425
[CutInfo::PrintCutInfo] ljj	|<	1420
[CutInfo::PrintCutInfo] ljj	|<	1415
[CutInfo::PrintCutInfo] ljj	|<	1410
[CutInfo::PrintCutInfo] ljj	|<	1405
[CutInfo::PrintCutInfo] ljj	|<	1400
[CutInfo::PrintCutInfo] ljj	|<	1395
[CutInfo::PrintCutInfo] ljj	|<	1390
[CutInfo::PrintCutInfo] ljj	|<	1385
[CutInfo::PrintCutInfo] ljj	|<	1380
[CutInfo::PrintCutInfo] ljj	|<	1375
[CutInfo::PrintCutInfo] ljj	|<	1370
[CutInfo::PrintCutInfo] ljj	|<	1365
[CutInfo::PrintCutInfo] ljj	|<	1360
[CutInfo::PrintCutInfo] ljj	|<	1355
[CutInfo::PrintCutInfo] ljj	|<	1350
[CutInfo::PrintCutInfo] ljj	|<	1345
[CutInfo::PrintCutInfo] ljj	|<	1340
[CutInfo::PrintCutInfo] ljj	|<	1335
[CutInfo::PrintCutInfo] ljj	|<	1330
[CutInfo::PrintCutInfo] ljj	|<	1325
[CutInfo::PrintCutInfo] ljj	|<	1320
[CutInfo::PrintCutInfo] ljj	|<	1315
[CutInfo::PrintCutInfo] ljj	|<	1310
[CutInfo::PrintCutInfo] ljj	|<	1305
[CutInfo::PrintCutInfo] ljj	|<	1300
[CutInfo::PrintCutInfo] ljj	|<	1295
[CutInfo::PrintCutInfo] ljj	|<	1290
[CutInfo::PrintCutInfo] ljj	|<	1285
[CutInfo::PrintCutInfo] ljj	|<	1280
[CutInfo::PrintCutInfo] ljj	|<	1275
[CutInfo::PrintCutInfo] ljj	|<	1270
[CutInfo::PrintCutInfo] ljj	|<	1265
[CutInfo::PrintCutInfo] ljj	|<	1260
[CutInfo::PrintCutInfo] ljj	|<	1255
[CutInfo::PrintCutInfo] ljj	|<	1250
[CutInfo::PrintCutInfo] ljj	|<	1245
[CutInfo::PrintCutInfo] ljj	|<	1240
[CutInfo::PrintCutInfo] ljj	|<	1235
[CutInfo::PrintCutInfo] ljj	|<	1230
[CutInfo::PrintCutInfo] ljj	|<	1225
[CutInfo::PrintCutInfo] ljj	|<	1220
[CutInfo::PrintCutInfo] ljj	|<	1215
[CutInfo::PrintCutInfo] ljj	|<	1210
[CutInfo::PrintCutInfo] ljj	|<	1205
[CutInfo::PrintCutInfo] ljj	|<	1200
[CutRangeInfo::PrintCutRangeInfo] ljj_|>
[CutInfo::PrintCutInfo] ljj	|>	900
[CutInfo::PrintCutInfo] ljj	|>	905
[CutInfo::PrintCutInfo] ljj	|>	910
[CutInfo::PrintCutInfo] ljj	|>	915
[CutInfo::PrintCutInfo] ljj	|>	920
[CutInfo::PrintCutInfo] ljj	|>	925
[CutInfo::PrintCutInfo] ljj	|>	930
[CutInfo::PrintCutInfo] ljj	|>	935
[CutInfo::PrintCutInfo] ljj	|>	940
[CutInfo::PrintCutInfo] ljj	|>	945
[CutInfo::PrintCutInfo] ljj	|>	950
[CutInfo::PrintCutInfo] ljj	|>	955
[CutInfo::PrintCutInfo] ljj	|>	960
[CutInfo::PrintCutInfo] ljj	|>	965
[CutInfo::PrintCutInfo] ljj	|>	970
[CutInfo::PrintCutInfo] ljj	|>	975
[CutInfo::PrintCutInfo] ljj	|>	980
[CutInfo::PrintCutInfo] ljj	|>	985
[CutInfo::PrintCutInfo] ljj	|>	990
[CutInfo::PrintCutInfo] ljj	|>	995
[CutInfo::PrintCutInfo] ljj	|>	1000
[CutInfo::PrintCutInfo] ljj	|>	1005
[CutInfo::PrintCutInfo] ljj	|>	1010
[CutInfo::PrintCutInfo] ljj	|>	1015
[CutInfo::PrintCutInfo] ljj	|>	1020
[CutInfo::PrintCutInfo] ljj	|>	1025
[CutInfo::PrintCutInfo] ljj	|>	1030
[CutInfo::PrintCutInfo] ljj	|>	1035
[CutInfo::PrintCutInfo] ljj	|>	1040
[CutInfo::PrintCutInfo] ljj	|>	1045
[CutInfo::PrintCutInfo] ljj	|>	1050
[CutInfo::PrintCutInfo] ljj	|>	1055
[CutInfo::PrintCutInfo] ljj	|>	1060
[CutInfo::PrintCutInfo] ljj	|>	1065
[CutInfo::PrintCutInfo] ljj	|>	1070
[CutInfo::PrintCutInfo] ljj	|>	1075
[CutInfo::PrintCutInfo] ljj	|>	1080
[CutInfo::PrintCutInfo] ljj	|>	1085
[CutInfo::PrintCutInfo] ljj	|>	1090
[CutInfo::PrintCutInfo] ljj	|>	1095
[CutInfo::PrintCutInfo] ljj	|>	1100
[CutInfo::PrintCutInfo] ljj	|>	1105
[CutInfo::PrintCutInfo] ljj	|>	1110
[CutInfo::PrintCutInfo] ljj	|>	1115
[CutInfo::PrintCutInfo] ljj	|>	1120
[CutInfo::PrintCutInfo] ljj	|>	1125
[CutInfo::PrintCutInfo] ljj	|>	1130
[CutInfo::PrintCutInfo] ljj	|>	1135
[CutInfo::PrintCutInfo] ljj	|>	1140
[CutInfo::PrintCutInfo] ljj	|>	1145
[CutInfo::PrintCutInfo] ljj	|>	1150
[CutInfo::PrintCutInfo] ljj	|>	1155
[CutInfo::PrintCutInfo] ljj	|>	1160
[CutInfo::PrintCutInfo] ljj	|>	1165
[CutInfo::PrintCutInfo] ljj	|>	1170
[CutInfo::PrintCutInfo] ljj	|>	1175
[CutInfo::PrintCutInfo] ljj	|>	1180
[CutInfo::PrintCutInfo] ljj	|>	1185
[CutInfo::PrintCutInfo] ljj	|>	1190
[CutInfo::PrintCutInfo] ljj	|>	1195
[CutInfo::PrintCutInfo] ljj	|>	1200

##############################
#### OPTIMIZATION STARTED ####
##############################


!!!!!!!!!!!!!!!!!
!!!! UPDATED !!!!
!!!!!!!!!!!!!!!!!

[CutInfo::PrintCutInfo] leadingLepton_Pt	>	140
[CutInfo::PrintCutInfo] ljj	|<	1500
[CutInfo::PrintCutInfo] ljj	|>	900
CF	0 +- 0
Fake	0 +- 0
Prompt	0.322207 +- 0.159453
=> total bkg = 0.322207
Signal	Yield	Efficiency	Efficiency@Presel	Punzi
HNMuMu_1200	0.0312542	0.398883	8.41638e-07	3.27694e-07
=====================================================================


!!!!!!!!!!!!!!!!!
!!!! UPDATED !!!!
!!!!!!!!!!!!!!!!!

[CutInfo::PrintCutInfo] leadingLepton_Pt	>	140
[CutInfo::PrintCutInfo] ljj	|<	1440
[CutInfo::PrintCutInfo] ljj	|>	900
CF	0 +- 0
Fake	0 +- 0
Prompt	0.30632 +- 0.153236
=> total bkg = 0.30632
Signal	Yield	Efficiency	Efficiency@Presel	Punzi
HNMuMu_1200	0.030967	0.395383	8.33904e-07	3.27843e-07
=====================================================================


!!!!!!!!!!!!!!!!!
!!!! UPDATED !!!!
!!!!!!!!!!!!!!!!!

[CutInfo::PrintCutInfo] leadingLepton_Pt	>	140
[CutInfo::PrintCutInfo] ljj	|<	1435
[CutInfo::PrintCutInfo] ljj	|>	900
CF	0 +- 0
Fake	0 +- 0
Prompt	0.300135 +- 0.150845
=> total bkg = 0.300135
Signal	Yield	Efficiency	Efficiency@Presel	Punzi
HNMuMu_1200	0.0309319	0.394983	8.32957e-07	3.28733e-07
=====================================================================


!!!!!!!!!!!!!!!!!
!!!! UPDATED !!!!
!!!!!!!!!!!!!!!!!

[CutInfo::PrintCutInfo] leadingLepton_Pt	>	140
[CutInfo::PrintCutInfo] ljj	|<	1430
[CutInfo::PrintCutInfo] ljj	|>	900
CF	0 +- 0
Fake	0 +- 0
Prompt	0.2889 +- 0.146589
=> total bkg = 0.2889
Signal	Yield	Efficiency	Efficiency@Presel	Punzi
HNMuMu_1200	0.0309048	0.394667	8.32228e-07	3.30789e-07
=====================================================================

####################################################
TIME STAMP : [2018/1/16 21:4:23] 100 / 3721 (2.68745 %)
####################################################
[CutInfo::PrintCutInfo] leadingLepton_Pt	>	140
[CutInfo::PrintCutInfo] ljj	|<	1430
[CutInfo::PrintCutInfo] ljj	|>	900

!!!!!!!!!!!!!!!!!
!!!! UPDATED !!!!
!!!!!!!!!!!!!!!!!

[CutInfo::PrintCutInfo] leadingLepton_Pt	>	140
[CutInfo::PrintCutInfo] ljj	|<	1430
[CutInfo::PrintCutInfo] ljj	|>	910
CF	0 +- 0
Fake	0 +- 0
Prompt	0.285295 +- 0.145268
=> total bkg = 0.285295
Signal	Yield	Efficiency	Efficiency@Presel	Punzi
HNMuMu_1200	0.0308779	0.3943	8.31503e-07	3.31265e-07
=====================================================================


!!!!!!!!!!!!!!!!!
!!!! UPDATED !!!!
!!!!!!!!!!!!!!!!!

[CutInfo::PrintCutInfo] leadingLepton_Pt	>	140
[CutInfo::PrintCutInfo] ljj	|<	1430
[CutInfo::PrintCutInfo] ljj	|>	915
CF	0 +- 0
Fake	0 +- 0
Prompt	0.277319 +- 0.142351
=> total bkg = 0.277319
Signal	Yield	Efficiency	Efficiency@Presel	Punzi
HNMuMu_1200	0.0308547	0.394	8.3088e-07	3.32735e-07
=====================================================================

####################################################
TIME STAMP : [2018/1/16 21:4:38] 200 / 3721 (5.3749 %)
####################################################
[CutInfo::PrintCutInfo] leadingLepton_Pt	>	140
[CutInfo::PrintCutInfo] ljj	|<	1430
[CutInfo::PrintCutInfo] ljj	|>	915
####################################################
TIME STAMP : [2018/1/16 21:4:53] 300 / 3721 (8.06235 %)
####################################################
[CutInfo::PrintCutInfo] leadingLepton_Pt	>	140
[CutInfo::PrintCutInfo] ljj	|<	1430
[CutInfo::PrintCutInfo] ljj	|>	915

!!!!!!!!!!!!!!!!!
!!!! UPDATED !!!!
!!!!!!!!!!!!!!!!!

[CutInfo::PrintCutInfo] leadingLepton_Pt	>	140
[CutInfo::PrintCutInfo] ljj	|<	1430
[CutInfo::PrintCutInfo] ljj	|>	930
CF	0 +- 0
Fake	0 +- 0
Prompt	0.27302 +- 0.140808
=> total bkg = 0.27302
Signal	Yield	Efficiency	Efficiency@Presel	Punzi
HNMuMu_1200	0.0307854	0.39305	8.29014e-07	3.32926e-07
=====================================================================

####################################################
TIME STAMP : [2018/1/16 21:5:8] 400 / 3721 (10.7498 %)
####################################################
[CutInfo::PrintCutInfo] leadingLepton_Pt	>	140
[CutInfo::PrintCutInfo] ljj	|<	1430
[CutInfo::PrintCutInfo] ljj	|>	930
####################################################
TIME STAMP : [2018/1/16 21:5:24] 500 / 3721 (13.4372 %)
####################################################
[CutInfo::PrintCutInfo] leadingLepton_Pt	>	140
[CutInfo::PrintCutInfo] ljj	|<	1430
[CutInfo::PrintCutInfo] ljj	|>	930

!!!!!!!!!!!!!!!!!
!!!! UPDATED !!!!
!!!!!!!!!!!!!!!!!

[CutInfo::PrintCutInfo] leadingLepton_Pt	>	140
[CutInfo::PrintCutInfo] ljj	|<	1430
[CutInfo::PrintCutInfo] ljj	|>	945
CF	0 +- 0
Fake	0 +- 0
Prompt	0.269389 +- 0.139538
=> total bkg = 0.269389
Signal	Yield	Efficiency	Efficiency@Presel	Punzi
HNMuMu_1200	0.0307281	0.392283	8.27469e-07	3.33105e-07
=====================================================================

####################################################
TIME STAMP : [2018/1/16 21:5:39] 600 / 3721 (16.1247 %)
####################################################
[CutInfo::PrintCutInfo] leadingLepton_Pt	>	140
[CutInfo::PrintCutInfo] ljj	|<	1430
[CutInfo::PrintCutInfo] ljj	|>	945

!!!!!!!!!!!!!!!!!
!!!! UPDATED !!!!
!!!!!!!!!!!!!!!!!

[CutInfo::PrintCutInfo] leadingLepton_Pt	>	140
[CutInfo::PrintCutInfo] ljj	|<	1430
[CutInfo::PrintCutInfo] ljj	|>	950
CF	0 +- 0
Fake	0 +- 0
Prompt	0.264658 +- 0.137867
=> total bkg = 0.264658
Signal	Yield	Efficiency	Efficiency@Presel	Punzi
HNMuMu_1200	0.0307115	0.39205	8.27023e-07	3.3398e-07
=====================================================================

####################################################
TIME STAMP : [2018/1/16 21:5:54] 700 / 3721 (18.8121 %)
####################################################
[CutInfo::PrintCutInfo] leadingLepton_Pt	>	140
[CutInfo::PrintCutInfo] ljj	|<	1430
[CutInfo::PrintCutInfo] ljj	|>	950
####################################################
TIME STAMP : [2018/1/16 21:6:10] 800 / 3721 (21.4996 %)
####################################################
[CutInfo::PrintCutInfo] leadingLepton_Pt	>	140
[CutInfo::PrintCutInfo] ljj	|<	1430
[CutInfo::PrintCutInfo] ljj	|>	950

!!!!!!!!!!!!!!!!!
!!!! UPDATED !!!!
!!!!!!!!!!!!!!!!!

[CutInfo::PrintCutInfo] leadingLepton_Pt	>	140
[CutInfo::PrintCutInfo] ljj	|<	1430
[CutInfo::PrintCutInfo] ljj	|>	965
CF	0 +- 0
Fake	0 +- 0
Prompt	0.260086 +- 0.136274
=> total bkg = 0.260086
Signal	Yield	Efficiency	Efficiency@Presel	Punzi
HNMuMu_1200	0.0306442	0.391183	8.2521e-07	3.34278e-07
=====================================================================


!!!!!!!!!!!!!!!!!
!!!! UPDATED !!!!
!!!!!!!!!!!!!!!!!

[CutInfo::PrintCutInfo] leadingLepton_Pt	>	140
[CutInfo::PrintCutInfo] ljj	|<	1430
[CutInfo::PrintCutInfo] ljj	|>	970
CF	0 +- 0
Fake	0 +- 0
Prompt	0.249433 +- 0.13261
=> total bkg = 0.249433
Signal	Yield	Efficiency	Efficiency@Presel	Punzi
HNMuMu_1200	0.0306238	0.39095	8.24662e-07	3.3651e-07
=====================================================================

####################################################
TIME STAMP : [2018/1/16 21:6:25] 900 / 3721 (24.187 %)
####################################################
[CutInfo::PrintCutInfo] leadingLepton_Pt	>	140
[CutInfo::PrintCutInfo] ljj	|<	1430
[CutInfo::PrintCutInfo] ljj	|>	970

!!!!!!!!!!!!!!!!!
!!!! UPDATED !!!!
!!!!!!!!!!!!!!!!!

[CutInfo::PrintCutInfo] leadingLepton_Pt	>	140
[CutInfo::PrintCutInfo] ljj	|<	1430
[CutInfo::PrintCutInfo] ljj	|>	975
CF	0 +- 0
Fake	0 +- 0
Prompt	0.245486 +- 0.131303
=> total bkg = 0.245486
Signal	Yield	Efficiency	Efficiency@Presel	Punzi
HNMuMu_1200	0.0306102	0.390717	8.24296e-07	3.37288e-07
=====================================================================

####################################################
TIME STAMP : [2018/1/16 21:6:41] 1000 / 3721 (26.8745 %)
####################################################
[CutInfo::PrintCutInfo] leadingLepton_Pt	>	140
[CutInfo::PrintCutInfo] ljj	|<	1430
[CutInfo::PrintCutInfo] ljj	|>	975
####################################################
TIME STAMP : [2018/1/16 21:6:56] 1100 / 3721 (29.5619 %)
####################################################
[CutInfo::PrintCutInfo] leadingLepton_Pt	>	140
[CutInfo::PrintCutInfo] ljj	|<	1430
[CutInfo::PrintCutInfo] ljj	|>	975

!!!!!!!!!!!!!!!!!
!!!! UPDATED !!!!
!!!!!!!!!!!!!!!!!

[CutInfo::PrintCutInfo] leadingLepton_Pt	>	140
[CutInfo::PrintCutInfo] ljj	|<	1430
[CutInfo::PrintCutInfo] ljj	|>	990
CF	0 +- 0
Fake	0 +- 0
Prompt	0.236496 +- 0.12835
=> total bkg = 0.236496
Signal	Yield	Efficiency	Efficiency@Presel	Punzi
HNMuMu_1200	0.0304778	0.389233	8.20729e-07	3.37975e-07
=====================================================================

####################################################
TIME STAMP : [2018/1/16 21:7:11] 1200 / 3721 (32.2494 %)
####################################################
[CutInfo::PrintCutInfo] leadingLepton_Pt	>	140
[CutInfo::PrintCutInfo] ljj	|<	1430
[CutInfo::PrintCutInfo] ljj	|>	990

!!!!!!!!!!!!!!!!!
!!!! UPDATED !!!!
!!!!!!!!!!!!!!!!!

[CutInfo::PrintCutInfo] leadingLepton_Pt	>	140
[CutInfo::PrintCutInfo] ljj	|<	1430
[CutInfo::PrintCutInfo] ljj	|>	1000
CF	0 +- 0
Fake	0 +- 0
Prompt	0.232634 +- 0.127127
=> total bkg = 0.232634
Signal	Yield	Efficiency	Efficiency@Presel	Punzi
HNMuMu_1200	0.030417	0.38835	8.19093e-07	3.38239e-07
=====================================================================

####################################################
TIME STAMP : [2018/1/16 21:7:27] 1300 / 3721 (34.9368 %)
####################################################
[CutInfo::PrintCutInfo] leadingLepton_Pt	>	140
[CutInfo::PrintCutInfo] ljj	|<	1430
[CutInfo::PrintCutInfo] ljj	|>	1000
####################################################
TIME STAMP : [2018/1/16 21:7:42] 1400 / 3721 (37.6243 %)
####################################################
[CutInfo::PrintCutInfo] leadingLepton_Pt	>	140
[CutInfo::PrintCutInfo] ljj	|<	1430
[CutInfo::PrintCutInfo] ljj	|>	1000
####################################################
TIME STAMP : [2018/1/16 21:7:57] 1500 / 3721 (40.3117 %)
####################################################
[CutInfo::PrintCutInfo] leadingLepton_Pt	>	140
[CutInfo::PrintCutInfo] ljj	|<	1430
[CutInfo::PrintCutInfo] ljj	|>	1000
####################################################
TIME STAMP : [2018/1/16 21:8:13] 1600 / 3721 (42.9992 %)
####################################################
[CutInfo::PrintCutInfo] leadingLepton_Pt	>	140
[CutInfo::PrintCutInfo] ljj	|<	1430
[CutInfo::PrintCutInfo] ljj	|>	1000

!!!!!!!!!!!!!!!!!
!!!! UPDATED !!!!
!!!!!!!!!!!!!!!!!

[CutInfo::PrintCutInfo] leadingLepton_Pt	>	140
[CutInfo::PrintCutInfo] ljj	|<	1430
[CutInfo::PrintCutInfo] ljj	|>	1030
CF	0 +- 0
Fake	0 +- 0
Prompt	0.22084 +- 0.123407
=> total bkg = 0.22084
Signal	Yield	Efficiency	Efficiency@Presel	Punzi
HNMuMu_1200	0.0302008	0.385517	8.1327e-07	3.38755e-07
=====================================================================


!!!!!!!!!!!!!!!!!
!!!! UPDATED !!!!
!!!!!!!!!!!!!!!!!

[CutInfo::PrintCutInfo] leadingLepton_Pt	>	140
[CutInfo::PrintCutInfo] ljj	|<	1430
[CutInfo::PrintCutInfo] ljj	|>	1035
CF	0 +- 0
Fake	0 +- 0
Prompt	0.2166 +- 0.122141
=> total bkg = 0.2166
Signal	Yield	Efficiency	Efficiency@Presel	Punzi
HNMuMu_1200	0.0301371	0.38475	8.11555e-07	3.39115e-07
=====================================================================

####################################################
TIME STAMP : [2018/1/16 21:8:28] 1700 / 3721 (45.6866 %)
####################################################
[CutInfo::PrintCutInfo] leadingLepton_Pt	>	140
[CutInfo::PrintCutInfo] ljj	|<	1430
[CutInfo::PrintCutInfo] ljj	|>	1035
####################################################
TIME STAMP : [2018/1/16 21:8:43] 1800 / 3721 (48.3741 %)
####################################################
[CutInfo::PrintCutInfo] leadingLepton_Pt	>	140
[CutInfo::PrintCutInfo] ljj	|<	1430
[CutInfo::PrintCutInfo] ljj	|>	1035
####################################################
TIME STAMP : [2018/1/16 21:8:58] 1900 / 3721 (51.0615 %)
####################################################
[CutInfo::PrintCutInfo] leadingLepton_Pt	>	140
[CutInfo::PrintCutInfo] ljj	|<	1430
[CutInfo::PrintCutInfo] ljj	|>	1035
####################################################
TIME STAMP : [2018/1/16 21:9:14] 2000 / 3721 (53.749 %)
####################################################
[CutInfo::PrintCutInfo] leadingLepton_Pt	>	140
[CutInfo::PrintCutInfo] ljj	|<	1430
[CutInfo::PrintCutInfo] ljj	|>	1035
####################################################
TIME STAMP : [2018/1/16 21:9:29] 2100 / 3721 (56.4364 %)
####################################################
[CutInfo::PrintCutInfo] leadingLepton_Pt	>	140
[CutInfo::PrintCutInfo] ljj	|<	1430
[CutInfo::PrintCutInfo] ljj	|>	1035
####################################################
TIME STAMP : [2018/1/16 21:9:44] 2200 / 3721 (59.1239 %)
####################################################
[CutInfo::PrintCutInfo] leadingLepton_Pt	>	140
[CutInfo::PrintCutInfo] ljj	|<	1430
[CutInfo::PrintCutInfo] ljj	|>	1035
####################################################
TIME STAMP : [2018/1/16 21:9:59] 2300 / 3721 (61.8113 %)
####################################################
[CutInfo::PrintCutInfo] leadingLepton_Pt	>	140
[CutInfo::PrintCutInfo] ljj	|<	1430
[CutInfo::PrintCutInfo] ljj	|>	1035
####################################################
TIME STAMP : [2018/1/16 21:10:13] 2400 / 3721 (64.4988 %)
####################################################
[CutInfo::PrintCutInfo] leadingLepton_Pt	>	140
[CutInfo::PrintCutInfo] ljj	|<	1430
[CutInfo::PrintCutInfo] ljj	|>	1035
####################################################
TIME STAMP : [2018/1/16 21:10:27] 2500 / 3721 (67.1862 %)
####################################################
[CutInfo::PrintCutInfo] leadingLepton_Pt	>	140
[CutInfo::PrintCutInfo] ljj	|<	1430
[CutInfo::PrintCutInfo] ljj	|>	1035
####################################################
TIME STAMP : [2018/1/16 21:10:41] 2600 / 3721 (69.8737 %)
####################################################
[CutInfo::PrintCutInfo] leadingLepton_Pt	>	140
[CutInfo::PrintCutInfo] ljj	|<	1430
[CutInfo::PrintCutInfo] ljj	|>	1035
####################################################
TIME STAMP : [2018/1/16 21:10:55] 2700 / 3721 (72.5611 %)
####################################################
[CutInfo::PrintCutInfo] leadingLepton_Pt	>	140
[CutInfo::PrintCutInfo] ljj	|<	1430
[CutInfo::PrintCutInfo] ljj	|>	1035
####################################################
TIME STAMP : [2018/1/16 21:11:9] 2800 / 3721 (75.2486 %)
####################################################
[CutInfo::PrintCutInfo] leadingLepton_Pt	>	140
[CutInfo::PrintCutInfo] ljj	|<	1430
[CutInfo::PrintCutInfo] ljj	|>	1035
####################################################
TIME STAMP : [2018/1/16 21:11:23] 2900 / 3721 (77.936 %)
####################################################
[CutInfo::PrintCutInfo] leadingLepton_Pt	>	140
[CutInfo::PrintCutInfo] ljj	|<	1430
[CutInfo::PrintCutInfo] ljj	|>	1035
####################################################
TIME STAMP : [2018/1/16 21:11:37] 3000 / 3721 (80.6235 %)
####################################################
[CutInfo::PrintCutInfo] leadingLepton_Pt	>	140
[CutInfo::PrintCutInfo] ljj	|<	1430
[CutInfo::PrintCutInfo] ljj	|>	1035
####################################################
TIME STAMP : [2018/1/16 21:11:51] 3100 / 3721 (83.3109 %)
####################################################
[CutInfo::PrintCutInfo] leadingLepton_Pt	>	140
[CutInfo::PrintCutInfo] ljj	|<	1430
[CutInfo::PrintCutInfo] ljj	|>	1035
####################################################
TIME STAMP : [2018/1/16 21:12:4] 3200 / 3721 (85.9984 %)
####################################################
[CutInfo::PrintCutInfo] leadingLepton_Pt	>	140
[CutInfo::PrintCutInfo] ljj	|<	1430
[CutInfo::PrintCutInfo] ljj	|>	1035
####################################################
TIME STAMP : [2018/1/16 21:12:18] 3300 / 3721 (88.6858 %)
####################################################
[CutInfo::PrintCutInfo] leadingLepton_Pt	>	140
[CutInfo::PrintCutInfo] ljj	|<	1430
[CutInfo::PrintCutInfo] ljj	|>	1035
####################################################
TIME STAMP : [2018/1/16 21:12:32] 3400 / 3721 (91.3733 %)
####################################################
[CutInfo::PrintCutInfo] leadingLepton_Pt	>	140
[CutInfo::PrintCutInfo] ljj	|<	1430
[CutInfo::PrintCutInfo] ljj	|>	1035
####################################################
TIME STAMP : [2018/1/16 21:12:46] 3500 / 3721 (94.0607 %)
####################################################
[CutInfo::PrintCutInfo] leadingLepton_Pt	>	140
[CutInfo::PrintCutInfo] ljj	|<	1430
[CutInfo::PrintCutInfo] ljj	|>	1035
####################################################
TIME STAMP : [2018/1/16 21:13:0] 3600 / 3721 (96.7482 %)
####################################################
[CutInfo::PrintCutInfo] leadingLepton_Pt	>	140
[CutInfo::PrintCutInfo] ljj	|<	1430
[CutInfo::PrintCutInfo] ljj	|>	1035
####################################################
TIME STAMP : [2018/1/16 21:13:14] 3700 / 3721 (99.4356 %)
####################################################
[CutInfo::PrintCutInfo] leadingLepton_Pt	>	140
[CutInfo::PrintCutInfo] ljj	|<	1430
[CutInfo::PrintCutInfo] ljj	|>	1035

##################
#### FINISHED ####
##################

[CutInfo::PrintCutInfo] leadingLepton_Pt	>	140
[CutInfo::PrintCutInfo] ljj	|<	1430
[CutInfo::PrintCutInfo] ljj	|>	1035
CF	0 +- 0
Fake	0 +- 0
Prompt	0.2166 +- 0.122141
=> total bkg = 0.2166
Signal	Yield	Efficiency	Efficiency@Presel	Punzi
HNMuMu_1200	0.0301371	0.38475	8.11555e-07	3.39115e-07
